HTAR: a   DC2_ImSim/Run2.1i/instCat/01418337to01476730/01457476.tar.gz
HTAR: a   DC2_ImSim/Run2.1i/instCat/01418337to01476730/01457493.tar.gz
HTAR: a   DC2_ImSim/Run2.1i/instCat/01418337to01476730/01457494.tar.gz
HTAR: a   DC2_ImSim/Run2.1i/instCat/01418337to01476730/01457495.tar.gz
HTAR: a   DC2_ImSim/Run2.1i/instCat/01418337to01476730/01457496.tar.gz
HTAR: a   DC2_ImSim/Run2.1i/instCat/01418337to01476730/01457498.tar.gz
HTAR: a   DC2_ImSim/Run2.1i/instCat/01418337to01476730/01457503.tar.gz
HTAR: a   DC2_ImSim/Run2.1i/instCat/01418337to01476730/01457504.tar.gz
HTAR: a   DC2_ImSim/Run2.1i/instCat/01418337to01476730/01457505.tar.gz
HTAR: a   DC2_ImSim/Run2.1i/instCat/01418337to01476730/01457506.tar.gz
HTAR: a   DC2_ImSim/Run2.1i/instCat/01418337to01476730/01457507.tar.gz
HTAR: a   DC2_ImSim/Run2.1i/instCat/01418337to01476730/01457508.tar.gz
HTAR: a   DC2_ImSim/Run2.1i/instCat/01418337to01476730/01457509.tar.gz
HTAR: a   DC2_ImSim/Run2.1i/instCat/01418337to01476730/01457510.tar.gz
HTAR: a   DC2_ImSim/Run2.1i/instCat/01418337to01476730/01457511.tar.gz
HTAR: a   DC2_ImSim/Run2.1i/instCat/01418337to01476730/01457512.tar.gz
HTAR: a   DC2_ImSim/Run2.1i/instCat/01418337to01476730/01457513.tar.gz
HTAR: a   DC2_ImSim/Run2.1i/instCat/01418337to01476730/01457514.tar.gz
HTAR: a   DC2_ImSim/Run2.1i/instCat/01418337to01476730/01457515.tar.gz
HTAR: a   DC2_ImSim/Run2.1i/instCat/01418337to01476730/01457516.tar.gz
HTAR: a   DC2_ImSim/Run2.1i/instCat/01418337to01476730/01457560.tar.gz
HTAR: a   DC2_ImSim/Run2.1i/instCat/01418337to01476730/01457561.tar.gz
HTAR: a   DC2_ImSim/Run2.1i/instCat/01418337to01476730/01457562.tar.gz
HTAR: a   DC2_ImSim/Run2.1i/instCat/01418337to01476730/01457563.tar.gz
HTAR: a   DC2_ImSim/Run2.1i/instCat/01418337to01476730/01457564.tar.gz
HTAR: a   DC2_ImSim/Run2.1i/instCat/01418337to01476730/01457565.tar.gz
HTAR: a   DC2_ImSim/Run2.1i/instCat/01418337to01476730/01457612.tar.gz
HTAR: a   DC2_ImSim/Run2.1i/instCat/01418337to01476730/01457614.tar.gz
HTAR: a   DC2_ImSim/Run2.1i/instCat/01418337to01476730/01457615.tar.gz
HTAR: a   DC2_ImSim/Run2.1i/instCat/01418337to01476730/01457832.tar.gz
HTAR: a   DC2_ImSim/Run2.1i/instCat/01418337to01476730/01457883.tar.gz
HTAR: a   DC2_ImSim/Run2.1i/instCat/01418337to01476730/01457919.tar.gz
HTAR: a   DC2_ImSim/Run2.1i/instCat/01418337to01476730/01457942.tar.gz
HTAR: a   DC2_ImSim/Run2.1i/instCat/01418337to01476730/01458080.tar.gz
HTAR: a   DC2_ImSim/Run2.1i/instCat/01418337to01476730/01458084.tar.gz
HTAR: a   DC2_ImSim/Run2.1i/instCat/01418337to01476730/01458210.tar.gz
HTAR: a   DC2_ImSim/Run2.1i/instCat/01418337to01476730/01458211.tar.gz
HTAR: a   DC2_ImSim/Run2.1i/instCat/01418337to01476730/01458212.tar.gz
HTAR: a   DC2_ImSim/Run2.1i/instCat/01418337to01476730/01458213.tar.gz
HTAR: a   DC2_ImSim/Run2.1i/instCat/01418337to01476730/01458214.tar.gz
HTAR: a   DC2_ImSim/Run2.1i/instCat/01418337to01476730/01458215.tar.gz
HTAR: a   DC2_ImSim/Run2.1i/instCat/01418337to01476730/01458241.tar.gz
HTAR: a   DC2_ImSim/Run2.1i/instCat/01418337to01476730/01458242.tar.gz
HTAR: a   DC2_ImSim/Run2.1i/instCat/01418337to01476730/01458243.tar.gz
HTAR: a   DC2_ImSim/Run2.1i/instCat/01418337to01476730/01458244.tar.gz
HTAR: a   DC2_ImSim/Run2.1i/instCat/01418337to01476730/01458245.tar.gz
HTAR: a   DC2_ImSim/Run2.1i/instCat/01418337to01476730/01458246.tar.gz
HTAR: a   DC2_ImSim/Run2.1i/instCat/01418337to01476730/01458262.tar.gz
HTAR: a   DC2_ImSim/Run2.1i/instCat/01418337to01476730/01458296.tar.gz
HTAR: a   DC2_ImSim/Run2.1i/instCat/01418337to01476730/01458455.tar.gz
HTAR: a   DC2_ImSim/Run2.1i/instCat/01418337to01476730/01458501.tar.gz
HTAR: a   DC2_ImSim/Run2.1i/instCat/01418337to01476730/01458721.tar.gz
HTAR: a   DC2_ImSim/Run2.1i/instCat/01418337to01476730/01459049.tar.gz
HTAR: a   DC2_ImSim/Run2.1i/instCat/01418337to01476730/01459050.tar.gz
HTAR: a   DC2_ImSim/Run2.1i/instCat/01418337to01476730/01459077.tar.gz
HTAR: a   DC2_ImSim/Run2.1i/instCat/01418337to01476730/01459105.tar.gz
HTAR: a   DC2_ImSim/Run2.1i/instCat/01418337to01476730/01459106.tar.gz
HTAR: a   DC2_ImSim/Run2.1i/instCat/01418337to01476730/01459107.tar.gz
HTAR: a   DC2_ImSim/Run2.1i/instCat/01418337to01476730/01459108.tar.gz
HTAR: a   DC2_ImSim/Run2.1i/instCat/01418337to01476730/01459147.tar.gz
HTAR: a   DC2_ImSim/Run2.1i/instCat/01418337to01476730/01459148.tar.gz
HTAR: a   DC2_ImSim/Run2.1i/instCat/01418337to01476730/01459150.tar.gz
HTAR: a   DC2_ImSim/Run2.1i/instCat/01418337to01476730/01459170.tar.gz
HTAR: a   DC2_ImSim/Run2.1i/instCat/01418337to01476730/01459171.tar.gz
HTAR: a   DC2_ImSim/Run2.1i/instCat/01418337to01476730/01459172.tar.gz
HTAR: a   DC2_ImSim/Run2.1i/instCat/01418337to01476730/01459173.tar.gz
HTAR: a   DC2_ImSim/Run2.1i/instCat/01418337to01476730/01459203.tar.gz
HTAR: a   DC2_ImSim/Run2.1i/instCat/01418337to01476730/01459204.tar.gz
HTAR: a   DC2_ImSim/Run2.1i/instCat/01418337to01476730/01459205.tar.gz
HTAR: a   DC2_ImSim/Run2.1i/instCat/01418337to01476730/01459206.tar.gz
HTAR: a   DC2_ImSim/Run2.1i/instCat/01418337to01476730/01459207.tar.gz
HTAR: a   DC2_ImSim/Run2.1i/instCat/01418337to01476730/01459217.tar.gz
HTAR: a   DC2_ImSim/Run2.1i/instCat/01418337to01476730/01459218.tar.gz
HTAR: a   DC2_ImSim/Run2.1i/instCat/01418337to01476730/01459219.tar.gz
HTAR: a   DC2_ImSim/Run2.1i/instCat/01418337to01476730/01459220.tar.gz
HTAR: a   DC2_ImSim/Run2.1i/instCat/01418337to01476730/01459221.tar.gz
HTAR: a   DC2_ImSim/Run2.1i/instCat/01418337to01476730/01459253.tar.gz
HTAR: a   DC2_ImSim/Run2.1i/instCat/01418337to01476730/01459254.tar.gz
HTAR: a   DC2_ImSim/Run2.1i/instCat/01418337to01476730/01459255.tar.gz
HTAR: a   DC2_ImSim/Run2.1i/instCat/01418337to01476730/01459256.tar.gz
HTAR: a   DC2_ImSim/Run2.1i/instCat/01418337to01476730/01459257.tar.gz
HTAR: a   DC2_ImSim/Run2.1i/instCat/01418337to01476730/01459509.tar.gz
HTAR: a   DC2_ImSim/Run2.1i/instCat/01418337to01476730/01459511.tar.gz
HTAR: a   DC2_ImSim/Run2.1i/instCat/01418337to01476730/01459512.tar.gz
HTAR: a   DC2_ImSim/Run2.1i/instCat/01418337to01476730/01459524.tar.gz
HTAR: a   DC2_ImSim/Run2.1i/instCat/01418337to01476730/01459750.tar.gz
HTAR: a   DC2_ImSim/Run2.1i/instCat/01418337to01476730/01459779.tar.gz
HTAR: a   DC2_ImSim/Run2.1i/instCat/01418337to01476730/01460186.tar.gz
HTAR: a   DC2_ImSim/Run2.1i/instCat/01418337to01476730/01460454.tar.gz
HTAR: a   DC2_ImSim/Run2.1i/instCat/01418337to01476730/01460503.tar.gz
HTAR: a   DC2_ImSim/Run2.1i/instCat/01418337to01476730/01460542.tar.gz
HTAR: a   DC2_ImSim/Run2.1i/instCat/01418337to01476730/01460543.tar.gz
HTAR: a   DC2_ImSim/Run2.1i/instCat/01418337to01476730/01460544.tar.gz
HTAR: a   DC2_ImSim/Run2.1i/instCat/01418337to01476730/01460545.tar.gz
HTAR: a   DC2_ImSim/Run2.1i/instCat/01418337to01476730/01460546.tar.gz
HTAR: a   DC2_ImSim/Run2.1i/instCat/01418337to01476730/01460547.tar.gz
HTAR: a   DC2_ImSim/Run2.1i/instCat/01418337to01476730/01460548.tar.gz
HTAR: a   DC2_ImSim/Run2.1i/instCat/01418337to01476730/01460549.tar.gz
HTAR: a   DC2_ImSim/Run2.1i/instCat/01418337to01476730/01460550.tar.gz
HTAR: a   DC2_ImSim/Run2.1i/instCat/01418337to01476730/01460551.tar.gz
HTAR: a   DC2_ImSim/Run2.1i/instCat/01418337to01476730/01460587.tar.gz
HTAR: a   DC2_ImSim/Run2.1i/instCat/01418337to01476730/01460588.tar.gz
HTAR: a   DC2_ImSim/Run2.1i/instCat/01418337to01476730/01460589.tar.gz
HTAR: a   DC2_ImSim/Run2.1i/instCat/01418337to01476730/01460591.tar.gz
HTAR: a   DC2_ImSim/Run2.1i/instCat/01418337to01476730/01460595.tar.gz
HTAR: a   DC2_ImSim/Run2.1i/instCat/01418337to01476730/01460596.tar.gz
HTAR: a   DC2_ImSim/Run2.1i/instCat/01418337to01476730/01460603.tar.gz
HTAR: a   DC2_ImSim/Run2.1i/instCat/01418337to01476730/01460604.tar.gz
HTAR: a   DC2_ImSim/Run2.1i/instCat/01418337to01476730/01460827.tar.gz
HTAR: a   DC2_ImSim/Run2.1i/instCat/01418337to01476730/01460838.tar.gz
HTAR: a   DC2_ImSim/Run2.1i/instCat/01418337to01476730/01460839.tar.gz
HTAR: a   DC2_ImSim/Run2.1i/instCat/01418337to01476730/01460857.tar.gz
HTAR: a   DC2_ImSim/Run2.1i/instCat/01418337to01476730/01460865.tar.gz
HTAR: a   DC2_ImSim/Run2.1i/instCat/01418337to01476730/01460866.tar.gz
HTAR: a   DC2_ImSim/Run2.1i/instCat/01418337to01476730/01460867.tar.gz
HTAR: a   DC2_ImSim/Run2.1i/instCat/01418337to01476730/01460868.tar.gz
HTAR: a   DC2_ImSim/Run2.1i/instCat/01418337to01476730/01460869.tar.gz
HTAR: a   DC2_ImSim/Run2.1i/instCat/01418337to01476730/01461071.tar.gz
HTAR: a   DC2_ImSim/Run2.1i/instCat/01418337to01476730/01461097.tar.gz
HTAR: a   DC2_ImSim/Run2.1i/instCat/01418337to01476730/01461585.tar.gz
HTAR: a   DC2_ImSim/Run2.1i/instCat/01418337to01476730/01461595.tar.gz
HTAR: a   DC2_ImSim/Run2.1i/instCat/01418337to01476730/01461596.tar.gz
HTAR: a   DC2_ImSim/Run2.1i/instCat/01418337to01476730/01461597.tar.gz
HTAR: a   /tmp/HTAR_CF_CHK_51956_1561585297
HTAR Create complete for /home/projects/desc/DC2_ImSim/Run2.1i/instCat/01418337to01476730/01457476to01461597.tar. 548,433,827,840 bytes written for 123 member files, max threads: 2 Transfer time: 4292.515 seconds (127.765 MB/s) wallclock/user/sys: 4292.899 4507.338 2204.703 seconds
HTAR: HTAR SUCCESSFUL
HTAR: a   DC2_ImSim/Run2.1i/instCat/01418337to01476730/01461599.tar.gz
HTAR: a   DC2_ImSim/Run2.1i/instCat/01418337to01476730/01461600.tar.gz
HTAR: a   DC2_ImSim/Run2.1i/instCat/01418337to01476730/01461601.tar.gz
HTAR: a   DC2_ImSim/Run2.1i/instCat/01418337to01476730/01461608.tar.gz
HTAR: a   DC2_ImSim/Run2.1i/instCat/01418337to01476730/01461623.tar.gz
HTAR: a   DC2_ImSim/Run2.1i/instCat/01418337to01476730/01461631.tar.gz
HTAR: a   DC2_ImSim/Run2.1i/instCat/01418337to01476730/01461632.tar.gz
HTAR: a   DC2_ImSim/Run2.1i/instCat/01418337to01476730/01461633.tar.gz
HTAR: a   DC2_ImSim/Run2.1i/instCat/01418337to01476730/01461634.tar.gz
HTAR: a   DC2_ImSim/Run2.1i/instCat/01418337to01476730/01461635.tar.gz
HTAR: a   DC2_ImSim/Run2.1i/instCat/01418337to01476730/01461636.tar.gz
HTAR: a   DC2_ImSim/Run2.1i/instCat/01418337to01476730/01461738.tar.gz
HTAR: a   DC2_ImSim/Run2.1i/instCat/01418337to01476730/01461739.tar.gz
HTAR: a   DC2_ImSim/Run2.1i/instCat/01418337to01476730/01461740.tar.gz
HTAR: a   DC2_ImSim/Run2.1i/instCat/01418337to01476730/01461741.tar.gz
HTAR: a   DC2_ImSim/Run2.1i/instCat/01418337to01476730/01461742.tar.gz
HTAR: a   DC2_ImSim/Run2.1i/instCat/01418337to01476730/01461743.tar.gz
HTAR: a   DC2_ImSim/Run2.1i/instCat/01418337to01476730/01461781.tar.gz
HTAR: a   DC2_ImSim/Run2.1i/instCat/01418337to01476730/01461782.tar.gz
HTAR: a   DC2_ImSim/Run2.1i/instCat/01418337to01476730/01461783.tar.gz
HTAR: a   DC2_ImSim/Run2.1i/instCat/01418337to01476730/01461784.tar.gz
HTAR: a   DC2_ImSim/Run2.1i/instCat/01418337to01476730/01461785.tar.gz
HTAR: a   DC2_ImSim/Run2.1i/instCat/01418337to01476730/01461805.tar.gz
HTAR: a   DC2_ImSim/Run2.1i/instCat/01418337to01476730/01461806.tar.gz
HTAR: a   DC2_ImSim/Run2.1i/instCat/01418337to01476730/01461807.tar.gz
HTAR: a   DC2_ImSim/Run2.1i/instCat/01418337to01476730/01461808.tar.gz
HTAR: a   DC2_ImSim/Run2.1i/instCat/01418337to01476730/01461820.tar.gz
HTAR: a   DC2_ImSim/Run2.1i/instCat/01418337to01476730/01461832.tar.gz
HTAR: a   DC2_ImSim/Run2.1i/instCat/01418337to01476730/01461833.tar.gz
HTAR: a   DC2_ImSim/Run2.1i/instCat/01418337to01476730/01461835.tar.gz
HTAR: a   DC2_ImSim/Run2.1i/instCat/01418337to01476730/01461836.tar.gz
HTAR: a   DC2_ImSim/Run2.1i/instCat/01418337to01476730/01461837.tar.gz
HTAR: a   DC2_ImSim/Run2.1i/instCat/01418337to01476730/01461853.tar.gz
HTAR: a   DC2_ImSim/Run2.1i/instCat/01418337to01476730/01461854.tar.gz
HTAR: a   DC2_ImSim/Run2.1i/instCat/01418337to01476730/01461856.tar.gz
HTAR: a   DC2_ImSim/Run2.1i/instCat/01418337to01476730/01461866.tar.gz
HTAR: a   DC2_ImSim/Run2.1i/instCat/01418337to01476730/01461867.tar.gz
HTAR: a   DC2_ImSim/Run2.1i/instCat/01418337to01476730/01461868.tar.gz
HTAR: a   DC2_ImSim/Run2.1i/instCat/01418337to01476730/01461869.tar.gz
HTAR: a   DC2_ImSim/Run2.1i/instCat/01418337to01476730/01461870.tar.gz
HTAR: a   DC2_ImSim/Run2.1i/instCat/01418337to01476730/01461871.tar.gz
HTAR: a   DC2_ImSim/Run2.1i/instCat/01418337to01476730/01461872.tar.gz
HTAR: a   DC2_ImSim/Run2.1i/instCat/01418337to01476730/01461874.tar.gz
HTAR: a   DC2_ImSim/Run2.1i/instCat/01418337to01476730/01461889.tar.gz
HTAR: a   DC2_ImSim/Run2.1i/instCat/01418337to01476730/01461890.tar.gz
HTAR: a   DC2_ImSim/Run2.1i/instCat/01418337to01476730/01461891.tar.gz
HTAR: a   DC2_ImSim/Run2.1i/instCat/01418337to01476730/01461892.tar.gz
HTAR: a   DC2_ImSim/Run2.1i/instCat/01418337to01476730/01461893.tar.gz
HTAR: a   DC2_ImSim/Run2.1i/instCat/01418337to01476730/01461894.tar.gz
HTAR: a   DC2_ImSim/Run2.1i/instCat/01418337to01476730/01461904.tar.gz
HTAR: a   DC2_ImSim/Run2.1i/instCat/01418337to01476730/01461905.tar.gz
HTAR: a   DC2_ImSim/Run2.1i/instCat/01418337to01476730/01461906.tar.gz
HTAR: a   DC2_ImSim/Run2.1i/instCat/01418337to01476730/01461907.tar.gz
HTAR: a   DC2_ImSim/Run2.1i/instCat/01418337to01476730/01461908.tar.gz
HTAR: a   DC2_ImSim/Run2.1i/instCat/01418337to01476730/01461909.tar.gz
HTAR: a   DC2_ImSim/Run2.1i/instCat/01418337to01476730/01461925.tar.gz
HTAR: a   DC2_ImSim/Run2.1i/instCat/01418337to01476730/01461926.tar.gz
HTAR: a   DC2_ImSim/Run2.1i/instCat/01418337to01476730/01461927.tar.gz
HTAR: a   DC2_ImSim/Run2.1i/instCat/01418337to01476730/01461928.tar.gz
HTAR: a   DC2_ImSim/Run2.1i/instCat/01418337to01476730/01461929.tar.gz
HTAR: a   DC2_ImSim/Run2.1i/instCat/01418337to01476730/01462308.tar.gz
HTAR: a   DC2_ImSim/Run2.1i/instCat/01418337to01476730/01462309.tar.gz
HTAR: a   DC2_ImSim/Run2.1i/instCat/01418337to01476730/01462310.tar.gz
HTAR: a   DC2_ImSim/Run2.1i/instCat/01418337to01476730/01462311.tar.gz
HTAR: a   DC2_ImSim/Run2.1i/instCat/01418337to01476730/01462312.tar.gz
HTAR: a   DC2_ImSim/Run2.1i/instCat/01418337to01476730/01462313.tar.gz
HTAR: a   DC2_ImSim/Run2.1i/instCat/01418337to01476730/01462314.tar.gz
HTAR: a   DC2_ImSim/Run2.1i/instCat/01418337to01476730/01462377.tar.gz
HTAR: a   DC2_ImSim/Run2.1i/instCat/01418337to01476730/01462378.tar.gz
HTAR: a   DC2_ImSim/Run2.1i/instCat/01418337to01476730/01462379.tar.gz
HTAR: a   DC2_ImSim/Run2.1i/instCat/01418337to01476730/01462580.tar.gz
HTAR: a   DC2_ImSim/Run2.1i/instCat/01418337to01476730/01462581.tar.gz
HTAR: a   DC2_ImSim/Run2.1i/instCat/01418337to01476730/01462582.tar.gz
HTAR: a   DC2_ImSim/Run2.1i/instCat/01418337to01476730/01462584.tar.gz
HTAR: a   DC2_ImSim/Run2.1i/instCat/01418337to01476730/01462585.tar.gz
HTAR: a   DC2_ImSim/Run2.1i/instCat/01418337to01476730/01462586.tar.gz
HTAR: a   DC2_ImSim/Run2.1i/instCat/01418337to01476730/01462591.tar.gz
HTAR: a   DC2_ImSim/Run2.1i/instCat/01418337to01476730/01462592.tar.gz
HTAR: a   DC2_ImSim/Run2.1i/instCat/01418337to01476730/01462610.tar.gz
HTAR: a   DC2_ImSim/Run2.1i/instCat/01418337to01476730/01462611.tar.gz
HTAR: a   DC2_ImSim/Run2.1i/instCat/01418337to01476730/01462612.tar.gz
HTAR: a   DC2_ImSim/Run2.1i/instCat/01418337to01476730/01462613.tar.gz
HTAR: a   DC2_ImSim/Run2.1i/instCat/01418337to01476730/01462616.tar.gz
HTAR: a   DC2_ImSim/Run2.1i/instCat/01418337to01476730/01462618.tar.gz
HTAR: a   DC2_ImSim/Run2.1i/instCat/01418337to01476730/01462622.tar.gz
HTAR: a   DC2_ImSim/Run2.1i/instCat/01418337to01476730/01462692.tar.gz
HTAR: a   DC2_ImSim/Run2.1i/instCat/01418337to01476730/01462693.tar.gz
HTAR: a   DC2_ImSim/Run2.1i/instCat/01418337to01476730/01462694.tar.gz
HTAR: a   DC2_ImSim/Run2.1i/instCat/01418337to01476730/01462696.tar.gz
HTAR: a   DC2_ImSim/Run2.1i/instCat/01418337to01476730/01462743.tar.gz
HTAR: a   DC2_ImSim/Run2.1i/instCat/01418337to01476730/01462875.tar.gz
HTAR: a   DC2_ImSim/Run2.1i/instCat/01418337to01476730/01462894.tar.gz
HTAR: a   DC2_ImSim/Run2.1i/instCat/01418337to01476730/01462900.tar.gz
HTAR: a   DC2_ImSim/Run2.1i/instCat/01418337to01476730/01462905.tar.gz
HTAR: a   DC2_ImSim/Run2.1i/instCat/01418337to01476730/01462924.tar.gz
HTAR: a   DC2_ImSim/Run2.1i/instCat/01418337to01476730/01462925.tar.gz
HTAR: a   DC2_ImSim/Run2.1i/instCat/01418337to01476730/01462926.tar.gz
HTAR: a   DC2_ImSim/Run2.1i/instCat/01418337to01476730/01462927.tar.gz
HTAR: a   DC2_ImSim/Run2.1i/instCat/01418337to01476730/01462928.tar.gz
HTAR: a   DC2_ImSim/Run2.1i/instCat/01418337to01476730/01462929.tar.gz
HTAR: a   DC2_ImSim/Run2.1i/instCat/01418337to01476730/01462934.tar.gz
HTAR: a   DC2_ImSim/Run2.1i/instCat/01418337to01476730/01462935.tar.gz
HTAR: a   DC2_ImSim/Run2.1i/instCat/01418337to01476730/01462940.tar.gz
HTAR: a   DC2_ImSim/Run2.1i/instCat/01418337to01476730/01462941.tar.gz
HTAR: a   DC2_ImSim/Run2.1i/instCat/01418337to01476730/01463123.tar.gz
HTAR: a   DC2_ImSim/Run2.1i/instCat/01418337to01476730/01463718.tar.gz
HTAR: a   DC2_ImSim/Run2.1i/instCat/01418337to01476730/01463722.tar.gz
HTAR: a   DC2_ImSim/Run2.1i/instCat/01418337to01476730/01463723.tar.gz
HTAR: a   DC2_ImSim/Run2.1i/instCat/01418337to01476730/01463724.tar.gz
HTAR: a   DC2_ImSim/Run2.1i/instCat/01418337to01476730/01463799.tar.gz
HTAR: a   DC2_ImSim/Run2.1i/instCat/01418337to01476730/01463858.tar.gz
HTAR: a   DC2_ImSim/Run2.1i/instCat/01418337to01476730/01463870.tar.gz
HTAR: a   DC2_ImSim/Run2.1i/instCat/01418337to01476730/01463871.tar.gz
HTAR: a   DC2_ImSim/Run2.1i/instCat/01418337to01476730/01463872.tar.gz
HTAR: a   DC2_ImSim/Run2.1i/instCat/01418337to01476730/01463873.tar.gz
HTAR: a   DC2_ImSim/Run2.1i/instCat/01418337to01476730/01463879.tar.gz
HTAR: a   DC2_ImSim/Run2.1i/instCat/01418337to01476730/01463890.tar.gz
HTAR: a   DC2_ImSim/Run2.1i/instCat/01418337to01476730/01463891.tar.gz
HTAR: a   DC2_ImSim/Run2.1i/instCat/01418337to01476730/01463892.tar.gz
HTAR: a   DC2_ImSim/Run2.1i/instCat/01418337to01476730/01463893.tar.gz
HTAR: a   DC2_ImSim/Run2.1i/instCat/01418337to01476730/01463894.tar.gz
HTAR: a   DC2_ImSim/Run2.1i/instCat/01418337to01476730/01463895.tar.gz
HTAR: a   DC2_ImSim/Run2.1i/instCat/01418337to01476730/01463896.tar.gz
HTAR: a   /tmp/HTAR_CF_CHK_38102_1561589593
HTAR Create complete for /home/projects/desc/DC2_ImSim/Run2.1i/instCat/01418337to01476730/01461599to01463896.tar. 535,926,735,872 bytes written for 123 member files, max threads: 3 Transfer time: 3693.449 seconds (145.102 MB/s) wallclock/user/sys: 3694.519 4341.445 1993.735 seconds
HTAR: HTAR SUCCESSFUL
HTAR: a   DC2_ImSim/Run2.1i/instCat/01418337to01476730/01463897.tar.gz
HTAR: a   DC2_ImSim/Run2.1i/instCat/01418337to01476730/01463903.tar.gz
HTAR: a   DC2_ImSim/Run2.1i/instCat/01418337to01476730/01463904.tar.gz
HTAR: a   DC2_ImSim/Run2.1i/instCat/01418337to01476730/01463905.tar.gz
HTAR: a   DC2_ImSim/Run2.1i/instCat/01418337to01476730/01463906.tar.gz
HTAR: a   DC2_ImSim/Run2.1i/instCat/01418337to01476730/01463907.tar.gz
HTAR: a   DC2_ImSim/Run2.1i/instCat/01418337to01476730/01463908.tar.gz
HTAR: a   DC2_ImSim/Run2.1i/instCat/01418337to01476730/01463909.tar.gz
HTAR: a   DC2_ImSim/Run2.1i/instCat/01418337to01476730/01463910.tar.gz
HTAR: a   DC2_ImSim/Run2.1i/instCat/01418337to01476730/01463956.tar.gz
HTAR: a   DC2_ImSim/Run2.1i/instCat/01418337to01476730/01464307.tar.gz
HTAR: a   DC2_ImSim/Run2.1i/instCat/01418337to01476730/01464372.tar.gz
HTAR: a   DC2_ImSim/Run2.1i/instCat/01418337to01476730/01464506.tar.gz
HTAR: a   DC2_ImSim/Run2.1i/instCat/01418337to01476730/01464507.tar.gz
HTAR: a   DC2_ImSim/Run2.1i/instCat/01418337to01476730/01464509.tar.gz
HTAR: a   DC2_ImSim/Run2.1i/instCat/01418337to01476730/01464513.tar.gz
HTAR: a   DC2_ImSim/Run2.1i/instCat/01418337to01476730/01465042.tar.gz
HTAR: a   DC2_ImSim/Run2.1i/instCat/01418337to01476730/01465043.tar.gz
HTAR: a   DC2_ImSim/Run2.1i/instCat/01418337to01476730/01465044.tar.gz
HTAR: a   DC2_ImSim/Run2.1i/instCat/01418337to01476730/01465089.tar.gz
HTAR: a   DC2_ImSim/Run2.1i/instCat/01418337to01476730/01465092.tar.gz
HTAR: a   DC2_ImSim/Run2.1i/instCat/01418337to01476730/01465093.tar.gz
HTAR: a   DC2_ImSim/Run2.1i/instCat/01418337to01476730/01465094.tar.gz
HTAR: a   DC2_ImSim/Run2.1i/instCat/01418337to01476730/01465095.tar.gz
HTAR: a   DC2_ImSim/Run2.1i/instCat/01418337to01476730/01465096.tar.gz
HTAR: a   DC2_ImSim/Run2.1i/instCat/01418337to01476730/01465097.tar.gz
HTAR: a   DC2_ImSim/Run2.1i/instCat/01418337to01476730/01465098.tar.gz
HTAR: a   DC2_ImSim/Run2.1i/instCat/01418337to01476730/01465099.tar.gz
HTAR: a   DC2_ImSim/Run2.1i/instCat/01418337to01476730/01465100.tar.gz
HTAR: a   DC2_ImSim/Run2.1i/instCat/01418337to01476730/01465154.tar.gz
HTAR: a   DC2_ImSim/Run2.1i/instCat/01418337to01476730/01465155.tar.gz
HTAR: a   DC2_ImSim/Run2.1i/instCat/01418337to01476730/01465227.tar.gz
HTAR: a   DC2_ImSim/Run2.1i/instCat/01418337to01476730/01465228.tar.gz
HTAR: a   DC2_ImSim/Run2.1i/instCat/01418337to01476730/01465264.tar.gz
HTAR: a   DC2_ImSim/Run2.1i/instCat/01418337to01476730/01465265.tar.gz
HTAR: a   DC2_ImSim/Run2.1i/instCat/01418337to01476730/01466386.tar.gz
HTAR: a   DC2_ImSim/Run2.1i/instCat/01418337to01476730/01466419.tar.gz
HTAR: a   DC2_ImSim/Run2.1i/instCat/01418337to01476730/01466420.tar.gz
HTAR: a   DC2_ImSim/Run2.1i/instCat/01418337to01476730/01466421.tar.gz
HTAR: a   DC2_ImSim/Run2.1i/instCat/01418337to01476730/01466422.tar.gz
HTAR: a   DC2_ImSim/Run2.1i/instCat/01418337to01476730/01466423.tar.gz
HTAR: a   DC2_ImSim/Run2.1i/instCat/01418337to01476730/01466424.tar.gz
HTAR: a   DC2_ImSim/Run2.1i/instCat/01418337to01476730/01466425.tar.gz
HTAR: a   DC2_ImSim/Run2.1i/instCat/01418337to01476730/01466426.tar.gz
HTAR: a   DC2_ImSim/Run2.1i/instCat/01418337to01476730/01466427.tar.gz
HTAR: a   DC2_ImSim/Run2.1i/instCat/01418337to01476730/01466428.tar.gz
HTAR: a   DC2_ImSim/Run2.1i/instCat/01418337to01476730/01466429.tar.gz
HTAR: a   DC2_ImSim/Run2.1i/instCat/01418337to01476730/01466431.tar.gz
HTAR: a   DC2_ImSim/Run2.1i/instCat/01418337to01476730/01466624.tar.gz
HTAR: a   DC2_ImSim/Run2.1i/instCat/01418337to01476730/01466733.tar.gz
HTAR: a   DC2_ImSim/Run2.1i/instCat/01418337to01476730/01466734.tar.gz
HTAR: a   DC2_ImSim/Run2.1i/instCat/01418337to01476730/01466735.tar.gz
HTAR: a   DC2_ImSim/Run2.1i/instCat/01418337to01476730/01466736.tar.gz
HTAR: a   DC2_ImSim/Run2.1i/instCat/01418337to01476730/01466738.tar.gz
HTAR: a   DC2_ImSim/Run2.1i/instCat/01418337to01476730/01466740.tar.gz
HTAR: a   DC2_ImSim/Run2.1i/instCat/01418337to01476730/01466741.tar.gz
HTAR: a   DC2_ImSim/Run2.1i/instCat/01418337to01476730/01466742.tar.gz
HTAR: a   DC2_ImSim/Run2.1i/instCat/01418337to01476730/01466743.tar.gz
HTAR: a   DC2_ImSim/Run2.1i/instCat/01418337to01476730/01466744.tar.gz
HTAR: a   DC2_ImSim/Run2.1i/instCat/01418337to01476730/01466745.tar.gz
HTAR: a   DC2_ImSim/Run2.1i/instCat/01418337to01476730/01466746.tar.gz
HTAR: a   DC2_ImSim/Run2.1i/instCat/01418337to01476730/01466747.tar.gz
HTAR: a   DC2_ImSim/Run2.1i/instCat/01418337to01476730/01466768.tar.gz
HTAR: a   DC2_ImSim/Run2.1i/instCat/01418337to01476730/01466769.tar.gz
HTAR: a   DC2_ImSim/Run2.1i/instCat/01418337to01476730/01466770.tar.gz
HTAR: a   DC2_ImSim/Run2.1i/instCat/01418337to01476730/01466771.tar.gz
HTAR: a   DC2_ImSim/Run2.1i/instCat/01418337to01476730/01466772.tar.gz
HTAR: a   DC2_ImSim/Run2.1i/instCat/01418337to01476730/01466778.tar.gz
HTAR: a   DC2_ImSim/Run2.1i/instCat/01418337to01476730/01466779.tar.gz
HTAR: a   DC2_ImSim/Run2.1i/instCat/01418337to01476730/01466780.tar.gz
HTAR: a   DC2_ImSim/Run2.1i/instCat/01418337to01476730/01466781.tar.gz
HTAR: a   DC2_ImSim/Run2.1i/instCat/01418337to01476730/01466782.tar.gz
HTAR: a   DC2_ImSim/Run2.1i/instCat/01418337to01476730/01466785.tar.gz
HTAR: a   DC2_ImSim/Run2.1i/instCat/01418337to01476730/01466873.tar.gz
HTAR: a   DC2_ImSim/Run2.1i/instCat/01418337to01476730/01466874.tar.gz
HTAR: a   DC2_ImSim/Run2.1i/instCat/01418337to01476730/01467255.tar.gz
HTAR: a   DC2_ImSim/Run2.1i/instCat/01418337to01476730/01467268.tar.gz
HTAR: a   DC2_ImSim/Run2.1i/instCat/01418337to01476730/01467284.tar.gz
HTAR: a   DC2_ImSim/Run2.1i/instCat/01418337to01476730/01467293.tar.gz
HTAR: a   DC2_ImSim/Run2.1i/instCat/01418337to01476730/01467294.tar.gz
HTAR: a   DC2_ImSim/Run2.1i/instCat/01418337to01476730/01467295.tar.gz
HTAR: a   DC2_ImSim/Run2.1i/instCat/01418337to01476730/01467296.tar.gz
HTAR: a   DC2_ImSim/Run2.1i/instCat/01418337to01476730/01467297.tar.gz
HTAR: a   DC2_ImSim/Run2.1i/instCat/01418337to01476730/01467299.tar.gz
HTAR: a   DC2_ImSim/Run2.1i/instCat/01418337to01476730/01467300.tar.gz
HTAR: a   DC2_ImSim/Run2.1i/instCat/01418337to01476730/01467301.tar.gz
HTAR: a   DC2_ImSim/Run2.1i/instCat/01418337to01476730/01467302.tar.gz
HTAR: a   DC2_ImSim/Run2.1i/instCat/01418337to01476730/01467303.tar.gz
HTAR: a   DC2_ImSim/Run2.1i/instCat/01418337to01476730/01467304.tar.gz
HTAR: a   DC2_ImSim/Run2.1i/instCat/01418337to01476730/01467305.tar.gz
HTAR: a   DC2_ImSim/Run2.1i/instCat/01418337to01476730/01467306.tar.gz
HTAR: a   DC2_ImSim/Run2.1i/instCat/01418337to01476730/01467307.tar.gz
HTAR: a   DC2_ImSim/Run2.1i/instCat/01418337to01476730/01467308.tar.gz
HTAR: a   DC2_ImSim/Run2.1i/instCat/01418337to01476730/01467309.tar.gz
HTAR: a   DC2_ImSim/Run2.1i/instCat/01418337to01476730/01467310.tar.gz
HTAR: a   DC2_ImSim/Run2.1i/instCat/01418337to01476730/01467781.tar.gz
HTAR: a   DC2_ImSim/Run2.1i/instCat/01418337to01476730/01468056.tar.gz
HTAR: a   DC2_ImSim/Run2.1i/instCat/01418337to01476730/01468057.tar.gz
HTAR: a   DC2_ImSim/Run2.1i/instCat/01418337to01476730/01468058.tar.gz
HTAR: a   DC2_ImSim/Run2.1i/instCat/01418337to01476730/01468059.tar.gz
HTAR: a   DC2_ImSim/Run2.1i/instCat/01418337to01476730/01468061.tar.gz
HTAR: a   DC2_ImSim/Run2.1i/instCat/01418337to01476730/01468096.tar.gz
HTAR: a   DC2_ImSim/Run2.1i/instCat/01418337to01476730/01468098.tar.gz
HTAR: a   DC2_ImSim/Run2.1i/instCat/01418337to01476730/01468099.tar.gz
HTAR: a   DC2_ImSim/Run2.1i/instCat/01418337to01476730/01468104.tar.gz
HTAR: a   DC2_ImSim/Run2.1i/instCat/01418337to01476730/01468142.tar.gz
HTAR: a   DC2_ImSim/Run2.1i/instCat/01418337to01476730/01468190.tar.gz
HTAR: a   DC2_ImSim/Run2.1i/instCat/01418337to01476730/01468191.tar.gz
HTAR: a   DC2_ImSim/Run2.1i/instCat/01418337to01476730/01468741.tar.gz
HTAR: a   DC2_ImSim/Run2.1i/instCat/01418337to01476730/01468770.tar.gz
HTAR: a   DC2_ImSim/Run2.1i/instCat/01418337to01476730/01468772.tar.gz
HTAR: a   DC2_ImSim/Run2.1i/instCat/01418337to01476730/01468773.tar.gz
HTAR: a   DC2_ImSim/Run2.1i/instCat/01418337to01476730/01468774.tar.gz
HTAR: a   DC2_ImSim/Run2.1i/instCat/01418337to01476730/01468836.tar.gz
HTAR: a   DC2_ImSim/Run2.1i/instCat/01418337to01476730/01468837.tar.gz
HTAR: a   DC2_ImSim/Run2.1i/instCat/01418337to01476730/01468838.tar.gz
HTAR: a   DC2_ImSim/Run2.1i/instCat/01418337to01476730/01468839.tar.gz
HTAR: a   DC2_ImSim/Run2.1i/instCat/01418337to01476730/01468845.tar.gz
HTAR: a   DC2_ImSim/Run2.1i/instCat/01418337to01476730/01468846.tar.gz
HTAR: a   DC2_ImSim/Run2.1i/instCat/01418337to01476730/01468847.tar.gz
HTAR: a   DC2_ImSim/Run2.1i/instCat/01418337to01476730/01468848.tar.gz
HTAR: a   DC2_ImSim/Run2.1i/instCat/01418337to01476730/01468849.tar.gz
HTAR: a   DC2_ImSim/Run2.1i/instCat/01418337to01476730/01468850.tar.gz
HTAR: a   /tmp/HTAR_CF_CHK_15251_1561593291
HTAR Create complete for /home/projects/desc/DC2_ImSim/Run2.1i/instCat/01418337to01476730/01463897to01468850.tar. 538,667,472,384 bytes written for 123 member files, max threads: 2 Transfer time: 3755.013 seconds (143.453 MB/s) wallclock/user/sys: 3756.023 4405.665 2065.830 seconds
HTAR: HTAR SUCCESSFUL
HTAR: a   DC2_ImSim/Run2.1i/instCat/01418337to01476730/01468851.tar.gz
HTAR: a   DC2_ImSim/Run2.1i/instCat/01418337to01476730/01468858.tar.gz
HTAR: a   DC2_ImSim/Run2.1i/instCat/01418337to01476730/01468859.tar.gz
HTAR: a   DC2_ImSim/Run2.1i/instCat/01418337to01476730/01468860.tar.gz
HTAR: a   DC2_ImSim/Run2.1i/instCat/01418337to01476730/01468861.tar.gz
HTAR: a   DC2_ImSim/Run2.1i/instCat/01418337to01476730/01468862.tar.gz
HTAR: a   DC2_ImSim/Run2.1i/instCat/01418337to01476730/01468864.tar.gz
HTAR: a   DC2_ImSim/Run2.1i/instCat/01418337to01476730/01468865.tar.gz
HTAR: a   DC2_ImSim/Run2.1i/instCat/01418337to01476730/01468866.tar.gz
HTAR: a   DC2_ImSim/Run2.1i/instCat/01418337to01476730/01468867.tar.gz
HTAR: a   DC2_ImSim/Run2.1i/instCat/01418337to01476730/01468875.tar.gz
HTAR: a   DC2_ImSim/Run2.1i/instCat/01418337to01476730/01468876.tar.gz
HTAR: a   DC2_ImSim/Run2.1i/instCat/01418337to01476730/01468879.tar.gz
HTAR: a   DC2_ImSim/Run2.1i/instCat/01418337to01476730/01468880.tar.gz
HTAR: a   DC2_ImSim/Run2.1i/instCat/01418337to01476730/01468881.tar.gz
HTAR: a   DC2_ImSim/Run2.1i/instCat/01418337to01476730/01468882.tar.gz
HTAR: a   DC2_ImSim/Run2.1i/instCat/01418337to01476730/01468886.tar.gz
HTAR: a   DC2_ImSim/Run2.1i/instCat/01418337to01476730/01468887.tar.gz
HTAR: a   DC2_ImSim/Run2.1i/instCat/01418337to01476730/01468888.tar.gz
HTAR: a   DC2_ImSim/Run2.1i/instCat/01418337to01476730/01468889.tar.gz
HTAR: a   DC2_ImSim/Run2.1i/instCat/01418337to01476730/01468890.tar.gz
HTAR: a   DC2_ImSim/Run2.1i/instCat/01418337to01476730/01468891.tar.gz
HTAR: a   DC2_ImSim/Run2.1i/instCat/01418337to01476730/01468892.tar.gz
HTAR: a   DC2_ImSim/Run2.1i/instCat/01418337to01476730/01468893.tar.gz
HTAR: a   DC2_ImSim/Run2.1i/instCat/01418337to01476730/01468894.tar.gz
HTAR: a   DC2_ImSim/Run2.1i/instCat/01418337to01476730/01468895.tar.gz
HTAR: a   DC2_ImSim/Run2.1i/instCat/01418337to01476730/01468896.tar.gz
HTAR: a   DC2_ImSim/Run2.1i/instCat/01418337to01476730/01468897.tar.gz
HTAR: a   DC2_ImSim/Run2.1i/instCat/01418337to01476730/01468921.tar.gz
HTAR: a   DC2_ImSim/Run2.1i/instCat/01418337to01476730/01468922.tar.gz
HTAR: a   DC2_ImSim/Run2.1i/instCat/01418337to01476730/01468923.tar.gz
HTAR: a   DC2_ImSim/Run2.1i/instCat/01418337to01476730/01468924.tar.gz
HTAR: a   DC2_ImSim/Run2.1i/instCat/01418337to01476730/01468925.tar.gz
HTAR: a   DC2_ImSim/Run2.1i/instCat/01418337to01476730/01468926.tar.gz
HTAR: a   DC2_ImSim/Run2.1i/instCat/01418337to01476730/01468927.tar.gz
HTAR: a   DC2_ImSim/Run2.1i/instCat/01418337to01476730/01468928.tar.gz
HTAR: a   DC2_ImSim/Run2.1i/instCat/01418337to01476730/01469385.tar.gz
HTAR: a   DC2_ImSim/Run2.1i/instCat/01418337to01476730/01469386.tar.gz
HTAR: a   DC2_ImSim/Run2.1i/instCat/01418337to01476730/01469387.tar.gz
HTAR: a   DC2_ImSim/Run2.1i/instCat/01418337to01476730/01469388.tar.gz
HTAR: a   DC2_ImSim/Run2.1i/instCat/01418337to01476730/01469389.tar.gz
HTAR: a   DC2_ImSim/Run2.1i/instCat/01418337to01476730/01469390.tar.gz
HTAR: a   DC2_ImSim/Run2.1i/instCat/01418337to01476730/01469391.tar.gz
HTAR: a   DC2_ImSim/Run2.1i/instCat/01418337to01476730/01469392.tar.gz
HTAR: a   DC2_ImSim/Run2.1i/instCat/01418337to01476730/01469395.tar.gz
HTAR: a   DC2_ImSim/Run2.1i/instCat/01418337to01476730/01469396.tar.gz
HTAR: a   DC2_ImSim/Run2.1i/instCat/01418337to01476730/01469425.tar.gz
HTAR: a   DC2_ImSim/Run2.1i/instCat/01418337to01476730/01469426.tar.gz
HTAR: a   DC2_ImSim/Run2.1i/instCat/01418337to01476730/01469427.tar.gz
HTAR: a   DC2_ImSim/Run2.1i/instCat/01418337to01476730/01469428.tar.gz
HTAR: a   DC2_ImSim/Run2.1i/instCat/01418337to01476730/01469429.tar.gz
HTAR: a   DC2_ImSim/Run2.1i/instCat/01418337to01476730/01469430.tar.gz
HTAR: a   DC2_ImSim/Run2.1i/instCat/01418337to01476730/01469431.tar.gz
HTAR: a   DC2_ImSim/Run2.1i/instCat/01418337to01476730/01469433.tar.gz
HTAR: a   DC2_ImSim/Run2.1i/instCat/01418337to01476730/01469434.tar.gz
HTAR: a   DC2_ImSim/Run2.1i/instCat/01418337to01476730/01469435.tar.gz
HTAR: a   DC2_ImSim/Run2.1i/instCat/01418337to01476730/01469472.tar.gz
HTAR: a   DC2_ImSim/Run2.1i/instCat/01418337to01476730/01469594.tar.gz
HTAR: a   DC2_ImSim/Run2.1i/instCat/01418337to01476730/01469595.tar.gz
HTAR: a   DC2_ImSim/Run2.1i/instCat/01418337to01476730/01469596.tar.gz
HTAR: a   DC2_ImSim/Run2.1i/instCat/01418337to01476730/01469597.tar.gz
HTAR: a   DC2_ImSim/Run2.1i/instCat/01418337to01476730/01469600.tar.gz
HTAR: a   DC2_ImSim/Run2.1i/instCat/01418337to01476730/01469601.tar.gz
HTAR: a   DC2_ImSim/Run2.1i/instCat/01418337to01476730/01469602.tar.gz
HTAR: a   DC2_ImSim/Run2.1i/instCat/01418337to01476730/01469642.tar.gz
HTAR: a   DC2_ImSim/Run2.1i/instCat/01418337to01476730/01469650.tar.gz
HTAR: a   DC2_ImSim/Run2.1i/instCat/01418337to01476730/01469651.tar.gz
HTAR: a   DC2_ImSim/Run2.1i/instCat/01418337to01476730/01469652.tar.gz
HTAR: a   DC2_ImSim/Run2.1i/instCat/01418337to01476730/01469653.tar.gz
HTAR: a   DC2_ImSim/Run2.1i/instCat/01418337to01476730/01469654.tar.gz
HTAR: a   DC2_ImSim/Run2.1i/instCat/01418337to01476730/01469655.tar.gz
HTAR: a   DC2_ImSim/Run2.1i/instCat/01418337to01476730/01469860.tar.gz
HTAR: a   DC2_ImSim/Run2.1i/instCat/01418337to01476730/01469874.tar.gz
HTAR: a   DC2_ImSim/Run2.1i/instCat/01418337to01476730/01469879.tar.gz
HTAR: a   DC2_ImSim/Run2.1i/instCat/01418337to01476730/01469880.tar.gz
HTAR: a   DC2_ImSim/Run2.1i/instCat/01418337to01476730/01469881.tar.gz
HTAR: a   DC2_ImSim/Run2.1i/instCat/01418337to01476730/01469882.tar.gz
HTAR: a   DC2_ImSim/Run2.1i/instCat/01418337to01476730/01470020.tar.gz
HTAR: a   DC2_ImSim/Run2.1i/instCat/01418337to01476730/01470035.tar.gz
HTAR: a   DC2_ImSim/Run2.1i/instCat/01418337to01476730/01470036.tar.gz
HTAR: a   DC2_ImSim/Run2.1i/instCat/01418337to01476730/01470037.tar.gz
HTAR: a   DC2_ImSim/Run2.1i/instCat/01418337to01476730/01470038.tar.gz
HTAR: a   DC2_ImSim/Run2.1i/instCat/01418337to01476730/01470039.tar.gz
HTAR: a   DC2_ImSim/Run2.1i/instCat/01418337to01476730/01470067.tar.gz
HTAR: a   DC2_ImSim/Run2.1i/instCat/01418337to01476730/01470068.tar.gz
HTAR: a   DC2_ImSim/Run2.1i/instCat/01418337to01476730/01470069.tar.gz
HTAR: a   DC2_ImSim/Run2.1i/instCat/01418337to01476730/01470070.tar.gz
HTAR: a   DC2_ImSim/Run2.1i/instCat/01418337to01476730/01470071.tar.gz
HTAR: a   DC2_ImSim/Run2.1i/instCat/01418337to01476730/01470172.tar.gz
HTAR: a   DC2_ImSim/Run2.1i/instCat/01418337to01476730/01470173.tar.gz
HTAR: a   DC2_ImSim/Run2.1i/instCat/01418337to01476730/01470174.tar.gz
HTAR: a   DC2_ImSim/Run2.1i/instCat/01418337to01476730/01470175.tar.gz
HTAR: a   DC2_ImSim/Run2.1i/instCat/01418337to01476730/01470176.tar.gz
HTAR: a   DC2_ImSim/Run2.1i/instCat/01418337to01476730/01470177.tar.gz
HTAR: a   DC2_ImSim/Run2.1i/instCat/01418337to01476730/01470223.tar.gz
HTAR: a   DC2_ImSim/Run2.1i/instCat/01418337to01476730/01470224.tar.gz
HTAR: a   DC2_ImSim/Run2.1i/instCat/01418337to01476730/01470225.tar.gz
HTAR: a   DC2_ImSim/Run2.1i/instCat/01418337to01476730/01470226.tar.gz
HTAR: a   DC2_ImSim/Run2.1i/instCat/01418337to01476730/01470227.tar.gz
HTAR: a   DC2_ImSim/Run2.1i/instCat/01418337to01476730/01470911.tar.gz
HTAR: a   DC2_ImSim/Run2.1i/instCat/01418337to01476730/01470912.tar.gz
HTAR: a   DC2_ImSim/Run2.1i/instCat/01418337to01476730/01470915.tar.gz
HTAR: a   DC2_ImSim/Run2.1i/instCat/01418337to01476730/01470916.tar.gz
HTAR: a   DC2_ImSim/Run2.1i/instCat/01418337to01476730/01470917.tar.gz
HTAR: a   DC2_ImSim/Run2.1i/instCat/01418337to01476730/01470918.tar.gz
HTAR: a   DC2_ImSim/Run2.1i/instCat/01418337to01476730/01470919.tar.gz
HTAR: a   DC2_ImSim/Run2.1i/instCat/01418337to01476730/01470920.tar.gz
HTAR: a   DC2_ImSim/Run2.1i/instCat/01418337to01476730/01470921.tar.gz
HTAR: a   DC2_ImSim/Run2.1i/instCat/01418337to01476730/01470922.tar.gz
HTAR: a   DC2_ImSim/Run2.1i/instCat/01418337to01476730/01470923.tar.gz
HTAR: a   DC2_ImSim/Run2.1i/instCat/01418337to01476730/01470924.tar.gz
HTAR: a   DC2_ImSim/Run2.1i/instCat/01418337to01476730/01470959.tar.gz
HTAR: a   DC2_ImSim/Run2.1i/instCat/01418337to01476730/01470961.tar.gz
HTAR: a   DC2_ImSim/Run2.1i/instCat/01418337to01476730/01470964.tar.gz
HTAR: a   DC2_ImSim/Run2.1i/instCat/01418337to01476730/01470965.tar.gz
HTAR: a   DC2_ImSim/Run2.1i/instCat/01418337to01476730/01470966.tar.gz
HTAR: a   DC2_ImSim/Run2.1i/instCat/01418337to01476730/01470967.tar.gz
HTAR: a   DC2_ImSim/Run2.1i/instCat/01418337to01476730/01470968.tar.gz
HTAR: a   DC2_ImSim/Run2.1i/instCat/01418337to01476730/01471418.tar.gz
HTAR: a   DC2_ImSim/Run2.1i/instCat/01418337to01476730/01471419.tar.gz
HTAR: a   DC2_ImSim/Run2.1i/instCat/01418337to01476730/01471420.tar.gz
HTAR: a   DC2_ImSim/Run2.1i/instCat/01418337to01476730/01471423.tar.gz
HTAR: a   DC2_ImSim/Run2.1i/instCat/01418337to01476730/01471424.tar.gz
HTAR: a   /tmp/HTAR_CF_CHK_64586_1561597049
HTAR Create complete for /home/projects/desc/DC2_ImSim/Run2.1i/instCat/01418337to01476730/01468851to01471424.tar. 546,987,639,808 bytes written for 123 member files, max threads: 3 Transfer time: 3770.323 seconds (145.077 MB/s) wallclock/user/sys: 3771.437 4456.184 2064.230 seconds
HTAR: HTAR SUCCESSFUL
HTAR: a   DC2_ImSim/Run2.1i/instCat/01418337to01476730/01471425.tar.gz
HTAR: a   DC2_ImSim/Run2.1i/instCat/01418337to01476730/01471426.tar.gz
HTAR: a   DC2_ImSim/Run2.1i/instCat/01418337to01476730/01471464.tar.gz
HTAR: a   DC2_ImSim/Run2.1i/instCat/01418337to01476730/01471465.tar.gz
HTAR: a   DC2_ImSim/Run2.1i/instCat/01418337to01476730/01471466.tar.gz
HTAR: a   DC2_ImSim/Run2.1i/instCat/01418337to01476730/01471467.tar.gz
HTAR: a   DC2_ImSim/Run2.1i/instCat/01418337to01476730/01471471.tar.gz
HTAR: a   DC2_ImSim/Run2.1i/instCat/01418337to01476730/01471472.tar.gz
HTAR: a   DC2_ImSim/Run2.1i/instCat/01418337to01476730/01471705.tar.gz
HTAR: a   DC2_ImSim/Run2.1i/instCat/01418337to01476730/01471706.tar.gz
HTAR: a   DC2_ImSim/Run2.1i/instCat/01418337to01476730/01471712.tar.gz
HTAR: a   DC2_ImSim/Run2.1i/instCat/01418337to01476730/01471713.tar.gz
HTAR: a   DC2_ImSim/Run2.1i/instCat/01418337to01476730/01471714.tar.gz
HTAR: a   DC2_ImSim/Run2.1i/instCat/01418337to01476730/01471715.tar.gz
HTAR: a   DC2_ImSim/Run2.1i/instCat/01418337to01476730/01471716.tar.gz
HTAR: a   DC2_ImSim/Run2.1i/instCat/01418337to01476730/01471717.tar.gz
HTAR: a   DC2_ImSim/Run2.1i/instCat/01418337to01476730/01471727.tar.gz
HTAR: a   DC2_ImSim/Run2.1i/instCat/01418337to01476730/01471728.tar.gz
HTAR: a   DC2_ImSim/Run2.1i/instCat/01418337to01476730/01471735.tar.gz
HTAR: a   DC2_ImSim/Run2.1i/instCat/01418337to01476730/01472158.tar.gz
HTAR: a   DC2_ImSim/Run2.1i/instCat/01418337to01476730/01472164.tar.gz
HTAR: a   DC2_ImSim/Run2.1i/instCat/01418337to01476730/01472173.tar.gz
HTAR: a   DC2_ImSim/Run2.1i/instCat/01418337to01476730/01472174.tar.gz
HTAR: a   DC2_ImSim/Run2.1i/instCat/01418337to01476730/01472175.tar.gz
HTAR: a   DC2_ImSim/Run2.1i/instCat/01418337to01476730/01472176.tar.gz
HTAR: a   DC2_ImSim/Run2.1i/instCat/01418337to01476730/01472178.tar.gz
HTAR: a   DC2_ImSim/Run2.1i/instCat/01418337to01476730/01472224.tar.gz
HTAR: a   DC2_ImSim/Run2.1i/instCat/01418337to01476730/01472225.tar.gz
HTAR: a   DC2_ImSim/Run2.1i/instCat/01418337to01476730/01472326.tar.gz
HTAR: a   DC2_ImSim/Run2.1i/instCat/01418337to01476730/01472927.tar.gz
HTAR: a   DC2_ImSim/Run2.1i/instCat/01418337to01476730/01472948.tar.gz
HTAR: a   DC2_ImSim/Run2.1i/instCat/01418337to01476730/01472949.tar.gz
HTAR: a   DC2_ImSim/Run2.1i/instCat/01418337to01476730/01473613.tar.gz
HTAR: a   DC2_ImSim/Run2.1i/instCat/01418337to01476730/01473643.tar.gz
HTAR: a   DC2_ImSim/Run2.1i/instCat/01418337to01476730/01473645.tar.gz
HTAR: a   DC2_ImSim/Run2.1i/instCat/01418337to01476730/01473647.tar.gz
HTAR: a   DC2_ImSim/Run2.1i/instCat/01418337to01476730/01473648.tar.gz
HTAR: a   DC2_ImSim/Run2.1i/instCat/01418337to01476730/01473664.tar.gz
HTAR: a   DC2_ImSim/Run2.1i/instCat/01418337to01476730/01473665.tar.gz
HTAR: a   DC2_ImSim/Run2.1i/instCat/01418337to01476730/01473679.tar.gz
HTAR: a   DC2_ImSim/Run2.1i/instCat/01418337to01476730/01473680.tar.gz
HTAR: a   DC2_ImSim/Run2.1i/instCat/01418337to01476730/01473685.tar.gz
HTAR: a   DC2_ImSim/Run2.1i/instCat/01418337to01476730/01473703.tar.gz
HTAR: a   DC2_ImSim/Run2.1i/instCat/01418337to01476730/01473704.tar.gz
HTAR: a   DC2_ImSim/Run2.1i/instCat/01418337to01476730/01474165.tar.gz
HTAR: a   DC2_ImSim/Run2.1i/instCat/01418337to01476730/01474214.tar.gz
HTAR: a   DC2_ImSim/Run2.1i/instCat/01418337to01476730/01474215.tar.gz
HTAR: a   DC2_ImSim/Run2.1i/instCat/01418337to01476730/01474936.tar.gz
HTAR: a   DC2_ImSim/Run2.1i/instCat/01418337to01476730/01474938.tar.gz
HTAR: a   DC2_ImSim/Run2.1i/instCat/01418337to01476730/01474939.tar.gz
HTAR: a   DC2_ImSim/Run2.1i/instCat/01418337to01476730/01474978.tar.gz
HTAR: a   DC2_ImSim/Run2.1i/instCat/01418337to01476730/01474979.tar.gz
HTAR: a   DC2_ImSim/Run2.1i/instCat/01418337to01476730/01474980.tar.gz
HTAR: a   DC2_ImSim/Run2.1i/instCat/01418337to01476730/01474981.tar.gz
HTAR: a   DC2_ImSim/Run2.1i/instCat/01418337to01476730/01474982.tar.gz
HTAR: a   DC2_ImSim/Run2.1i/instCat/01418337to01476730/01474983.tar.gz
HTAR: a   DC2_ImSim/Run2.1i/instCat/01418337to01476730/01474984.tar.gz
HTAR: a   DC2_ImSim/Run2.1i/instCat/01418337to01476730/01475006.tar.gz
HTAR: a   DC2_ImSim/Run2.1i/instCat/01418337to01476730/01475007.tar.gz
HTAR: a   DC2_ImSim/Run2.1i/instCat/01418337to01476730/01475008.tar.gz
HTAR: a   DC2_ImSim/Run2.1i/instCat/01418337to01476730/01475009.tar.gz
HTAR: a   DC2_ImSim/Run2.1i/instCat/01418337to01476730/01475010.tar.gz
HTAR: a   DC2_ImSim/Run2.1i/instCat/01418337to01476730/01475014.tar.gz
HTAR: a   DC2_ImSim/Run2.1i/instCat/01418337to01476730/01475015.tar.gz
HTAR: a   DC2_ImSim/Run2.1i/instCat/01418337to01476730/01475016.tar.gz
HTAR: a   DC2_ImSim/Run2.1i/instCat/01418337to01476730/01475017.tar.gz
HTAR: a   DC2_ImSim/Run2.1i/instCat/01418337to01476730/01475018.tar.gz
HTAR: a   DC2_ImSim/Run2.1i/instCat/01418337to01476730/01475019.tar.gz
HTAR: a   DC2_ImSim/Run2.1i/instCat/01418337to01476730/01475021.tar.gz
HTAR: a   DC2_ImSim/Run2.1i/instCat/01418337to01476730/01475022.tar.gz
HTAR: a   DC2_ImSim/Run2.1i/instCat/01418337to01476730/01475023.tar.gz
HTAR: a   DC2_ImSim/Run2.1i/instCat/01418337to01476730/01475024.tar.gz
HTAR: a   DC2_ImSim/Run2.1i/instCat/01418337to01476730/01475025.tar.gz
HTAR: a   DC2_ImSim/Run2.1i/instCat/01418337to01476730/01475026.tar.gz
HTAR: a   DC2_ImSim/Run2.1i/instCat/01418337to01476730/01475027.tar.gz
HTAR: a   DC2_ImSim/Run2.1i/instCat/01418337to01476730/01475028.tar.gz
HTAR: a   DC2_ImSim/Run2.1i/instCat/01418337to01476730/01475030.tar.gz
HTAR: a   DC2_ImSim/Run2.1i/instCat/01418337to01476730/01475034.tar.gz
HTAR: a   DC2_ImSim/Run2.1i/instCat/01418337to01476730/01475065.tar.gz
HTAR: a   DC2_ImSim/Run2.1i/instCat/01418337to01476730/01475066.tar.gz
HTAR: a   DC2_ImSim/Run2.1i/instCat/01418337to01476730/01475067.tar.gz
HTAR: a   DC2_ImSim/Run2.1i/instCat/01418337to01476730/01475068.tar.gz
HTAR: a   DC2_ImSim/Run2.1i/instCat/01418337to01476730/01475069.tar.gz
HTAR: a   DC2_ImSim/Run2.1i/instCat/01418337to01476730/01475070.tar.gz
HTAR: a   DC2_ImSim/Run2.1i/instCat/01418337to01476730/01475071.tar.gz
HTAR: a   DC2_ImSim/Run2.1i/instCat/01418337to01476730/01475072.tar.gz
HTAR: a   DC2_ImSim/Run2.1i/instCat/01418337to01476730/01475073.tar.gz
HTAR: a   DC2_ImSim/Run2.1i/instCat/01418337to01476730/01475074.tar.gz
HTAR: a   DC2_ImSim/Run2.1i/instCat/01418337to01476730/01475075.tar.gz
HTAR: a   DC2_ImSim/Run2.1i/instCat/01418337to01476730/01475076.tar.gz
HTAR: a   DC2_ImSim/Run2.1i/instCat/01418337to01476730/01475077.tar.gz
HTAR: a   DC2_ImSim/Run2.1i/instCat/01418337to01476730/01475078.tar.gz
HTAR: a   DC2_ImSim/Run2.1i/instCat/01418337to01476730/01475079.tar.gz
HTAR: a   DC2_ImSim/Run2.1i/instCat/01418337to01476730/01476252.tar.gz
HTAR: a   DC2_ImSim/Run2.1i/instCat/01418337to01476730/01476317.tar.gz
HTAR: a   DC2_ImSim/Run2.1i/instCat/01418337to01476730/01476319.tar.gz
HTAR: a   DC2_ImSim/Run2.1i/instCat/01418337to01476730/01476320.tar.gz
HTAR: a   DC2_ImSim/Run2.1i/instCat/01418337to01476730/01476321.tar.gz
HTAR: a   DC2_ImSim/Run2.1i/instCat/01418337to01476730/01476322.tar.gz
HTAR: a   DC2_ImSim/Run2.1i/instCat/01418337to01476730/01476323.tar.gz
HTAR: a   DC2_ImSim/Run2.1i/instCat/01418337to01476730/01476330.tar.gz
HTAR: a   DC2_ImSim/Run2.1i/instCat/01418337to01476730/01476331.tar.gz
HTAR: a   DC2_ImSim/Run2.1i/instCat/01418337to01476730/01476332.tar.gz
HTAR: a   DC2_ImSim/Run2.1i/instCat/01418337to01476730/01476343.tar.gz
HTAR: a   DC2_ImSim/Run2.1i/instCat/01418337to01476730/01476345.tar.gz
HTAR: a   DC2_ImSim/Run2.1i/instCat/01418337to01476730/01476346.tar.gz
HTAR: a   DC2_ImSim/Run2.1i/instCat/01418337to01476730/01476347.tar.gz
HTAR: a   DC2_ImSim/Run2.1i/instCat/01418337to01476730/01476348.tar.gz
HTAR: a   DC2_ImSim/Run2.1i/instCat/01418337to01476730/01476349.tar.gz
HTAR: a   DC2_ImSim/Run2.1i/instCat/01418337to01476730/01476366.tar.gz
HTAR: a   DC2_ImSim/Run2.1i/instCat/01418337to01476730/01476367.tar.gz
HTAR: a   DC2_ImSim/Run2.1i/instCat/01418337to01476730/01476368.tar.gz
HTAR: a   DC2_ImSim/Run2.1i/instCat/01418337to01476730/01476424.tar.gz
HTAR: a   /tmp/HTAR_CF_CHK_52513_1561600823
HTAR Create complete for /home/projects/desc/DC2_ImSim/Run2.1i/instCat/01418337to01476730/01471425to01476424.tar. 493,926,879,744 bytes written for 113 member files, max threads: 3 Transfer time: 3405.854 seconds (145.023 MB/s) wallclock/user/sys: 3406.724 4019.489 1867.701 seconds
HTAR: HTAR SUCCESSFUL
