HTAR: a   DC2_ImSim/Run2.1i/instCat/01418337to01476730/01418643.tar.gz
HTAR: a   DC2_ImSim/Run2.1i/instCat/01418337to01476730/01418644.tar.gz
HTAR: a   DC2_ImSim/Run2.1i/instCat/01418337to01476730/01418693.tar.gz
HTAR: a   DC2_ImSim/Run2.1i/instCat/01418337to01476730/01418694.tar.gz
HTAR: a   DC2_ImSim/Run2.1i/instCat/01418337to01476730/01418703.tar.gz
HTAR: a   DC2_ImSim/Run2.1i/instCat/01418337to01476730/01419298.tar.gz
HTAR: a   DC2_ImSim/Run2.1i/instCat/01418337to01476730/01419299.tar.gz
HTAR: a   DC2_ImSim/Run2.1i/instCat/01418337to01476730/01419339.tar.gz
HTAR: a   DC2_ImSim/Run2.1i/instCat/01418337to01476730/01419340.tar.gz
HTAR: a   DC2_ImSim/Run2.1i/instCat/01418337to01476730/01419351.tar.gz
HTAR: a   DC2_ImSim/Run2.1i/instCat/01418337to01476730/01419352.tar.gz
HTAR: a   DC2_ImSim/Run2.1i/instCat/01418337to01476730/01419353.tar.gz
HTAR: a   DC2_ImSim/Run2.1i/instCat/01418337to01476730/01419354.tar.gz
HTAR: a   DC2_ImSim/Run2.1i/instCat/01418337to01476730/01419355.tar.gz
HTAR: a   DC2_ImSim/Run2.1i/instCat/01418337to01476730/01419356.tar.gz
HTAR: a   DC2_ImSim/Run2.1i/instCat/01418337to01476730/01419373.tar.gz
HTAR: a   DC2_ImSim/Run2.1i/instCat/01418337to01476730/01419374.tar.gz
HTAR: a   DC2_ImSim/Run2.1i/instCat/01418337to01476730/01419386.tar.gz
HTAR: a   DC2_ImSim/Run2.1i/instCat/01418337to01476730/01419387.tar.gz
HTAR: a   DC2_ImSim/Run2.1i/instCat/01418337to01476730/01419388.tar.gz
HTAR: a   DC2_ImSim/Run2.1i/instCat/01418337to01476730/01419389.tar.gz
HTAR: a   DC2_ImSim/Run2.1i/instCat/01418337to01476730/01419390.tar.gz
HTAR: a   DC2_ImSim/Run2.1i/instCat/01418337to01476730/01419391.tar.gz
HTAR: a   DC2_ImSim/Run2.1i/instCat/01418337to01476730/01419392.tar.gz
HTAR: a   DC2_ImSim/Run2.1i/instCat/01418337to01476730/01419393.tar.gz
HTAR: a   DC2_ImSim/Run2.1i/instCat/01418337to01476730/01419394.tar.gz
HTAR: a   DC2_ImSim/Run2.1i/instCat/01418337to01476730/01419412.tar.gz
HTAR: a   DC2_ImSim/Run2.1i/instCat/01418337to01476730/01419413.tar.gz
HTAR: a   DC2_ImSim/Run2.1i/instCat/01418337to01476730/01419414.tar.gz
HTAR: a   DC2_ImSim/Run2.1i/instCat/01418337to01476730/01419415.tar.gz
HTAR: a   DC2_ImSim/Run2.1i/instCat/01418337to01476730/01419416.tar.gz
HTAR: a   DC2_ImSim/Run2.1i/instCat/01418337to01476730/01419417.tar.gz
HTAR: a   DC2_ImSim/Run2.1i/instCat/01418337to01476730/01419418.tar.gz
HTAR: a   DC2_ImSim/Run2.1i/instCat/01418337to01476730/01419419.tar.gz
HTAR: a   DC2_ImSim/Run2.1i/instCat/01418337to01476730/01419429.tar.gz
HTAR: a   DC2_ImSim/Run2.1i/instCat/01418337to01476730/01419430.tar.gz
HTAR: a   DC2_ImSim/Run2.1i/instCat/01418337to01476730/01419431.tar.gz
HTAR: a   DC2_ImSim/Run2.1i/instCat/01418337to01476730/01419432.tar.gz
HTAR: a   DC2_ImSim/Run2.1i/instCat/01418337to01476730/01419433.tar.gz
HTAR: a   DC2_ImSim/Run2.1i/instCat/01418337to01476730/01419434.tar.gz
HTAR: a   DC2_ImSim/Run2.1i/instCat/01418337to01476730/01419435.tar.gz
HTAR: a   DC2_ImSim/Run2.1i/instCat/01418337to01476730/01419436.tar.gz
HTAR: a   DC2_ImSim/Run2.1i/instCat/01418337to01476730/01419452.tar.gz
HTAR: a   DC2_ImSim/Run2.1i/instCat/01418337to01476730/01419453.tar.gz
HTAR: a   DC2_ImSim/Run2.1i/instCat/01418337to01476730/01419454.tar.gz
HTAR: a   DC2_ImSim/Run2.1i/instCat/01418337to01476730/01419455.tar.gz
HTAR: a   DC2_ImSim/Run2.1i/instCat/01418337to01476730/01419456.tar.gz
HTAR: a   DC2_ImSim/Run2.1i/instCat/01418337to01476730/01419458.tar.gz
HTAR: a   DC2_ImSim/Run2.1i/instCat/01418337to01476730/01419465.tar.gz
HTAR: a   DC2_ImSim/Run2.1i/instCat/01418337to01476730/01419466.tar.gz
HTAR: a   DC2_ImSim/Run2.1i/instCat/01418337to01476730/01419467.tar.gz
HTAR: a   DC2_ImSim/Run2.1i/instCat/01418337to01476730/01419468.tar.gz
HTAR: a   DC2_ImSim/Run2.1i/instCat/01418337to01476730/01419469.tar.gz
HTAR: a   DC2_ImSim/Run2.1i/instCat/01418337to01476730/01419470.tar.gz
HTAR: a   DC2_ImSim/Run2.1i/instCat/01418337to01476730/01419473.tar.gz
HTAR: a   DC2_ImSim/Run2.1i/instCat/01418337to01476730/01419474.tar.gz
HTAR: a   DC2_ImSim/Run2.1i/instCat/01418337to01476730/01419475.tar.gz
HTAR: a   DC2_ImSim/Run2.1i/instCat/01418337to01476730/01419476.tar.gz
HTAR: a   DC2_ImSim/Run2.1i/instCat/01418337to01476730/01419477.tar.gz
HTAR: a   DC2_ImSim/Run2.1i/instCat/01418337to01476730/01419478.tar.gz
HTAR: a   DC2_ImSim/Run2.1i/instCat/01418337to01476730/01419479.tar.gz
HTAR: a   DC2_ImSim/Run2.1i/instCat/01418337to01476730/01419490.tar.gz
HTAR: a   DC2_ImSim/Run2.1i/instCat/01418337to01476730/01419507.tar.gz
HTAR: a   DC2_ImSim/Run2.1i/instCat/01418337to01476730/01419508.tar.gz
HTAR: a   DC2_ImSim/Run2.1i/instCat/01418337to01476730/01419509.tar.gz
HTAR: a   DC2_ImSim/Run2.1i/instCat/01418337to01476730/01419510.tar.gz
HTAR: a   DC2_ImSim/Run2.1i/instCat/01418337to01476730/01419511.tar.gz
HTAR: a   DC2_ImSim/Run2.1i/instCat/01418337to01476730/01419523.tar.gz
HTAR: a   DC2_ImSim/Run2.1i/instCat/01418337to01476730/01419524.tar.gz
HTAR: a   DC2_ImSim/Run2.1i/instCat/01418337to01476730/01419531.tar.gz
HTAR: a   DC2_ImSim/Run2.1i/instCat/01418337to01476730/01419548.tar.gz
HTAR: a   DC2_ImSim/Run2.1i/instCat/01418337to01476730/01419549.tar.gz
HTAR: a   DC2_ImSim/Run2.1i/instCat/01418337to01476730/01419550.tar.gz
HTAR: a   DC2_ImSim/Run2.1i/instCat/01418337to01476730/01419551.tar.gz
HTAR: a   DC2_ImSim/Run2.1i/instCat/01418337to01476730/01419552.tar.gz
HTAR: a   DC2_ImSim/Run2.1i/instCat/01418337to01476730/01419561.tar.gz
HTAR: a   DC2_ImSim/Run2.1i/instCat/01418337to01476730/01419568.tar.gz
HTAR: a   DC2_ImSim/Run2.1i/instCat/01418337to01476730/01419569.tar.gz
HTAR: a   DC2_ImSim/Run2.1i/instCat/01418337to01476730/01419570.tar.gz
HTAR: a   DC2_ImSim/Run2.1i/instCat/01418337to01476730/01419571.tar.gz
HTAR: a   DC2_ImSim/Run2.1i/instCat/01418337to01476730/01419572.tar.gz
HTAR: a   DC2_ImSim/Run2.1i/instCat/01418337to01476730/01419573.tar.gz
HTAR: a   DC2_ImSim/Run2.1i/instCat/01418337to01476730/01419574.tar.gz
HTAR: a   DC2_ImSim/Run2.1i/instCat/01418337to01476730/01419578.tar.gz
HTAR: a   DC2_ImSim/Run2.1i/instCat/01418337to01476730/01419937.tar.gz
HTAR: a   DC2_ImSim/Run2.1i/instCat/01418337to01476730/01419938.tar.gz
HTAR: a   DC2_ImSim/Run2.1i/instCat/01418337to01476730/01419939.tar.gz
HTAR: a   DC2_ImSim/Run2.1i/instCat/01418337to01476730/01419970.tar.gz
HTAR: a   DC2_ImSim/Run2.1i/instCat/01418337to01476730/01420037.tar.gz
HTAR: a   DC2_ImSim/Run2.1i/instCat/01418337to01476730/01420038.tar.gz
HTAR: a   DC2_ImSim/Run2.1i/instCat/01418337to01476730/01420039.tar.gz
HTAR: a   DC2_ImSim/Run2.1i/instCat/01418337to01476730/01420040.tar.gz
HTAR: a   DC2_ImSim/Run2.1i/instCat/01418337to01476730/01420041.tar.gz
HTAR: a   DC2_ImSim/Run2.1i/instCat/01418337to01476730/01420042.tar.gz
HTAR: a   DC2_ImSim/Run2.1i/instCat/01418337to01476730/01420043.tar.gz
HTAR: a   DC2_ImSim/Run2.1i/instCat/01418337to01476730/01420044.tar.gz
HTAR: a   DC2_ImSim/Run2.1i/instCat/01418337to01476730/01420045.tar.gz
HTAR: a   DC2_ImSim/Run2.1i/instCat/01418337to01476730/01420046.tar.gz
HTAR: a   DC2_ImSim/Run2.1i/instCat/01418337to01476730/01420047.tar.gz
HTAR: a   DC2_ImSim/Run2.1i/instCat/01418337to01476730/01420048.tar.gz
HTAR: a   DC2_ImSim/Run2.1i/instCat/01418337to01476730/01420050.tar.gz
HTAR: a   DC2_ImSim/Run2.1i/instCat/01418337to01476730/01420051.tar.gz
HTAR: a   DC2_ImSim/Run2.1i/instCat/01418337to01476730/01420075.tar.gz
HTAR: a   DC2_ImSim/Run2.1i/instCat/01418337to01476730/01420076.tar.gz
HTAR: a   DC2_ImSim/Run2.1i/instCat/01418337to01476730/01420077.tar.gz
HTAR: a   DC2_ImSim/Run2.1i/instCat/01418337to01476730/01420078.tar.gz
HTAR: a   DC2_ImSim/Run2.1i/instCat/01418337to01476730/01420079.tar.gz
HTAR: a   DC2_ImSim/Run2.1i/instCat/01418337to01476730/01420080.tar.gz
HTAR: a   DC2_ImSim/Run2.1i/instCat/01418337to01476730/01420081.tar.gz
HTAR: a   DC2_ImSim/Run2.1i/instCat/01418337to01476730/01420083.tar.gz
HTAR: a   DC2_ImSim/Run2.1i/instCat/01418337to01476730/01420084.tar.gz
HTAR: a   DC2_ImSim/Run2.1i/instCat/01418337to01476730/01420085.tar.gz
HTAR: a   DC2_ImSim/Run2.1i/instCat/01418337to01476730/01420086.tar.gz
HTAR: a   DC2_ImSim/Run2.1i/instCat/01418337to01476730/01420090.tar.gz
HTAR: a   DC2_ImSim/Run2.1i/instCat/01418337to01476730/01420121.tar.gz
HTAR: a   DC2_ImSim/Run2.1i/instCat/01418337to01476730/01420122.tar.gz
HTAR: a   DC2_ImSim/Run2.1i/instCat/01418337to01476730/01420123.tar.gz
HTAR: a   DC2_ImSim/Run2.1i/instCat/01418337to01476730/01420124.tar.gz
HTAR: a   DC2_ImSim/Run2.1i/instCat/01418337to01476730/01420125.tar.gz
HTAR: a   DC2_ImSim/Run2.1i/instCat/01418337to01476730/01420132.tar.gz
HTAR: a   DC2_ImSim/Run2.1i/instCat/01418337to01476730/01420164.tar.gz
HTAR: a   DC2_ImSim/Run2.1i/instCat/01418337to01476730/01420173.tar.gz
HTAR: a   DC2_ImSim/Run2.1i/instCat/01418337to01476730/01420174.tar.gz
HTAR: a   /tmp/HTAR_CF_CHK_51399_1561585288
HTAR Create complete for /home/projects/desc/DC2_ImSim/Run2.1i/instCat/01418337to01476730/01418643to01420174.tar. 553,970,306,560 bytes written for 123 member files, max threads: 3 Transfer time: 3724.742 seconds (148.727 MB/s) wallclock/user/sys: 3725.224 4396.652 2002.912 seconds
HTAR: HTAR SUCCESSFUL
HTAR: a   DC2_ImSim/Run2.1i/instCat/01418337to01476730/01420175.tar.gz
HTAR: a   DC2_ImSim/Run2.1i/instCat/01418337to01476730/01420176.tar.gz
HTAR: a   DC2_ImSim/Run2.1i/instCat/01418337to01476730/01420178.tar.gz
HTAR: a   DC2_ImSim/Run2.1i/instCat/01418337to01476730/01420179.tar.gz
HTAR: a   DC2_ImSim/Run2.1i/instCat/01418337to01476730/01420206.tar.gz
HTAR: a   DC2_ImSim/Run2.1i/instCat/01418337to01476730/01420239.tar.gz
HTAR: a   DC2_ImSim/Run2.1i/instCat/01418337to01476730/01420242.tar.gz
HTAR: a   DC2_ImSim/Run2.1i/instCat/01418337to01476730/01420281.tar.gz
HTAR: a   DC2_ImSim/Run2.1i/instCat/01418337to01476730/01420282.tar.gz
HTAR: a   DC2_ImSim/Run2.1i/instCat/01418337to01476730/01420283.tar.gz
HTAR: a   DC2_ImSim/Run2.1i/instCat/01418337to01476730/01420301.tar.gz
HTAR: a   DC2_ImSim/Run2.1i/instCat/01418337to01476730/01420302.tar.gz
HTAR: a   DC2_ImSim/Run2.1i/instCat/01418337to01476730/01420303.tar.gz
HTAR: a   DC2_ImSim/Run2.1i/instCat/01418337to01476730/01420304.tar.gz
HTAR: a   DC2_ImSim/Run2.1i/instCat/01418337to01476730/01420320.tar.gz
HTAR: a   DC2_ImSim/Run2.1i/instCat/01418337to01476730/01420331.tar.gz
HTAR: a   DC2_ImSim/Run2.1i/instCat/01418337to01476730/01420332.tar.gz
HTAR: a   DC2_ImSim/Run2.1i/instCat/01418337to01476730/01420333.tar.gz
HTAR: a   DC2_ImSim/Run2.1i/instCat/01418337to01476730/01420341.tar.gz
HTAR: a   DC2_ImSim/Run2.1i/instCat/01418337to01476730/01420387.tar.gz
HTAR: a   DC2_ImSim/Run2.1i/instCat/01418337to01476730/01420389.tar.gz
HTAR: a   DC2_ImSim/Run2.1i/instCat/01418337to01476730/01421005.tar.gz
HTAR: a   DC2_ImSim/Run2.1i/instCat/01418337to01476730/01421006.tar.gz
HTAR: a   DC2_ImSim/Run2.1i/instCat/01418337to01476730/01421030.tar.gz
HTAR: a   DC2_ImSim/Run2.1i/instCat/01418337to01476730/01421043.tar.gz
HTAR: a   DC2_ImSim/Run2.1i/instCat/01418337to01476730/01421044.tar.gz
HTAR: a   DC2_ImSim/Run2.1i/instCat/01418337to01476730/01421095.tar.gz
HTAR: a   DC2_ImSim/Run2.1i/instCat/01418337to01476730/01421096.tar.gz
HTAR: a   DC2_ImSim/Run2.1i/instCat/01418337to01476730/01421133.tar.gz
HTAR: a   DC2_ImSim/Run2.1i/instCat/01418337to01476730/01421134.tar.gz
HTAR: a   DC2_ImSim/Run2.1i/instCat/01418337to01476730/01421135.tar.gz
HTAR: a   DC2_ImSim/Run2.1i/instCat/01418337to01476730/01421136.tar.gz
HTAR: a   DC2_ImSim/Run2.1i/instCat/01418337to01476730/01421187.tar.gz
HTAR: a   DC2_ImSim/Run2.1i/instCat/01418337to01476730/01421188.tar.gz
HTAR: a   DC2_ImSim/Run2.1i/instCat/01418337to01476730/01421656.tar.gz
HTAR: a   DC2_ImSim/Run2.1i/instCat/01418337to01476730/01421685.tar.gz
HTAR: a   DC2_ImSim/Run2.1i/instCat/01418337to01476730/01421731.tar.gz
HTAR: a   DC2_ImSim/Run2.1i/instCat/01418337to01476730/01421732.tar.gz
HTAR: a   DC2_ImSim/Run2.1i/instCat/01418337to01476730/01421733.tar.gz
HTAR: a   DC2_ImSim/Run2.1i/instCat/01418337to01476730/01421737.tar.gz
HTAR: a   DC2_ImSim/Run2.1i/instCat/01418337to01476730/01421738.tar.gz
HTAR: a   DC2_ImSim/Run2.1i/instCat/01418337to01476730/01421739.tar.gz
HTAR: a   DC2_ImSim/Run2.1i/instCat/01418337to01476730/01421740.tar.gz
HTAR: a   DC2_ImSim/Run2.1i/instCat/01418337to01476730/01421741.tar.gz
HTAR: a   DC2_ImSim/Run2.1i/instCat/01418337to01476730/01421742.tar.gz
HTAR: a   DC2_ImSim/Run2.1i/instCat/01418337to01476730/01421766.tar.gz
HTAR: a   DC2_ImSim/Run2.1i/instCat/01418337to01476730/01421767.tar.gz
HTAR: a   DC2_ImSim/Run2.1i/instCat/01418337to01476730/01421768.tar.gz
HTAR: a   DC2_ImSim/Run2.1i/instCat/01418337to01476730/01421772.tar.gz
HTAR: a   DC2_ImSim/Run2.1i/instCat/01418337to01476730/01421773.tar.gz
HTAR: a   DC2_ImSim/Run2.1i/instCat/01418337to01476730/01421774.tar.gz
HTAR: a   DC2_ImSim/Run2.1i/instCat/01418337to01476730/01421775.tar.gz
HTAR: a   DC2_ImSim/Run2.1i/instCat/01418337to01476730/01421776.tar.gz
HTAR: a   DC2_ImSim/Run2.1i/instCat/01418337to01476730/01421777.tar.gz
HTAR: a   DC2_ImSim/Run2.1i/instCat/01418337to01476730/01421778.tar.gz
HTAR: a   DC2_ImSim/Run2.1i/instCat/01418337to01476730/01421779.tar.gz
HTAR: a   DC2_ImSim/Run2.1i/instCat/01418337to01476730/01421785.tar.gz
HTAR: a   DC2_ImSim/Run2.1i/instCat/01418337to01476730/01421786.tar.gz
HTAR: a   DC2_ImSim/Run2.1i/instCat/01418337to01476730/01421787.tar.gz
HTAR: a   DC2_ImSim/Run2.1i/instCat/01418337to01476730/01421788.tar.gz
HTAR: a   DC2_ImSim/Run2.1i/instCat/01418337to01476730/01421789.tar.gz
HTAR: a   DC2_ImSim/Run2.1i/instCat/01418337to01476730/01421790.tar.gz
HTAR: a   DC2_ImSim/Run2.1i/instCat/01418337to01476730/01421791.tar.gz
HTAR: a   DC2_ImSim/Run2.1i/instCat/01418337to01476730/01421792.tar.gz
HTAR: a   DC2_ImSim/Run2.1i/instCat/01418337to01476730/01421793.tar.gz
HTAR: a   DC2_ImSim/Run2.1i/instCat/01418337to01476730/01421794.tar.gz
HTAR: a   DC2_ImSim/Run2.1i/instCat/01418337to01476730/01421795.tar.gz
HTAR: a   DC2_ImSim/Run2.1i/instCat/01418337to01476730/01421798.tar.gz
HTAR: a   DC2_ImSim/Run2.1i/instCat/01418337to01476730/01421799.tar.gz
HTAR: a   DC2_ImSim/Run2.1i/instCat/01418337to01476730/01421800.tar.gz
HTAR: a   DC2_ImSim/Run2.1i/instCat/01418337to01476730/01421801.tar.gz
HTAR: a   DC2_ImSim/Run2.1i/instCat/01418337to01476730/01421806.tar.gz
HTAR: a   DC2_ImSim/Run2.1i/instCat/01418337to01476730/01421807.tar.gz
HTAR: a   DC2_ImSim/Run2.1i/instCat/01418337to01476730/01421812.tar.gz
HTAR: a   DC2_ImSim/Run2.1i/instCat/01418337to01476730/01421813.tar.gz
HTAR: a   DC2_ImSim/Run2.1i/instCat/01418337to01476730/01421814.tar.gz
HTAR: a   DC2_ImSim/Run2.1i/instCat/01418337to01476730/01421815.tar.gz
HTAR: a   DC2_ImSim/Run2.1i/instCat/01418337to01476730/01421819.tar.gz
HTAR: a   DC2_ImSim/Run2.1i/instCat/01418337to01476730/01421820.tar.gz
HTAR: a   DC2_ImSim/Run2.1i/instCat/01418337to01476730/01421821.tar.gz
HTAR: a   DC2_ImSim/Run2.1i/instCat/01418337to01476730/01421822.tar.gz
HTAR: a   DC2_ImSim/Run2.1i/instCat/01418337to01476730/01421823.tar.gz
HTAR: a   DC2_ImSim/Run2.1i/instCat/01418337to01476730/01421824.tar.gz
HTAR: a   DC2_ImSim/Run2.1i/instCat/01418337to01476730/01421825.tar.gz
HTAR: a   DC2_ImSim/Run2.1i/instCat/01418337to01476730/01421826.tar.gz
HTAR: a   DC2_ImSim/Run2.1i/instCat/01418337to01476730/01421827.tar.gz
HTAR: a   DC2_ImSim/Run2.1i/instCat/01418337to01476730/01421829.tar.gz
HTAR: a   DC2_ImSim/Run2.1i/instCat/01418337to01476730/01421832.tar.gz
HTAR: a   DC2_ImSim/Run2.1i/instCat/01418337to01476730/01421833.tar.gz
HTAR: a   DC2_ImSim/Run2.1i/instCat/01418337to01476730/01421834.tar.gz
HTAR: a   DC2_ImSim/Run2.1i/instCat/01418337to01476730/01421835.tar.gz
HTAR: a   DC2_ImSim/Run2.1i/instCat/01418337to01476730/01421836.tar.gz
HTAR: a   DC2_ImSim/Run2.1i/instCat/01418337to01476730/01421843.tar.gz
HTAR: a   DC2_ImSim/Run2.1i/instCat/01418337to01476730/01421844.tar.gz
HTAR: a   DC2_ImSim/Run2.1i/instCat/01418337to01476730/01421849.tar.gz
HTAR: a   DC2_ImSim/Run2.1i/instCat/01418337to01476730/01421850.tar.gz
HTAR: a   DC2_ImSim/Run2.1i/instCat/01418337to01476730/01421870.tar.gz
HTAR: a   DC2_ImSim/Run2.1i/instCat/01418337to01476730/01421871.tar.gz
HTAR: a   DC2_ImSim/Run2.1i/instCat/01418337to01476730/01421882.tar.gz
HTAR: a   DC2_ImSim/Run2.1i/instCat/01418337to01476730/01421883.tar.gz
HTAR: a   DC2_ImSim/Run2.1i/instCat/01418337to01476730/01421884.tar.gz
HTAR: a   DC2_ImSim/Run2.1i/instCat/01418337to01476730/01421885.tar.gz
HTAR: a   DC2_ImSim/Run2.1i/instCat/01418337to01476730/01421886.tar.gz
HTAR: a   DC2_ImSim/Run2.1i/instCat/01418337to01476730/01421888.tar.gz
HTAR: a   DC2_ImSim/Run2.1i/instCat/01418337to01476730/01421889.tar.gz
HTAR: a   DC2_ImSim/Run2.1i/instCat/01418337to01476730/01421902.tar.gz
HTAR: a   DC2_ImSim/Run2.1i/instCat/01418337to01476730/01421903.tar.gz
HTAR: a   DC2_ImSim/Run2.1i/instCat/01418337to01476730/01421904.tar.gz
HTAR: a   DC2_ImSim/Run2.1i/instCat/01418337to01476730/01421923.tar.gz
HTAR: a   DC2_ImSim/Run2.1i/instCat/01418337to01476730/01421929.tar.gz
HTAR: a   DC2_ImSim/Run2.1i/instCat/01418337to01476730/01421930.tar.gz
HTAR: a   DC2_ImSim/Run2.1i/instCat/01418337to01476730/01421931.tar.gz
HTAR: a   DC2_ImSim/Run2.1i/instCat/01418337to01476730/01421932.tar.gz
HTAR: a   DC2_ImSim/Run2.1i/instCat/01418337to01476730/01421933.tar.gz
HTAR: a   DC2_ImSim/Run2.1i/instCat/01418337to01476730/01421934.tar.gz
HTAR: a   DC2_ImSim/Run2.1i/instCat/01418337to01476730/01421935.tar.gz
HTAR: a   DC2_ImSim/Run2.1i/instCat/01418337to01476730/01421936.tar.gz
HTAR: a   DC2_ImSim/Run2.1i/instCat/01418337to01476730/01421937.tar.gz
HTAR: a   DC2_ImSim/Run2.1i/instCat/01418337to01476730/01421974.tar.gz
HTAR: a   DC2_ImSim/Run2.1i/instCat/01418337to01476730/01421975.tar.gz
HTAR: a   DC2_ImSim/Run2.1i/instCat/01418337to01476730/01421976.tar.gz
HTAR: a   DC2_ImSim/Run2.1i/instCat/01418337to01476730/01421977.tar.gz
HTAR: a   DC2_ImSim/Run2.1i/instCat/01418337to01476730/01421978.tar.gz
HTAR: a   /tmp/HTAR_CF_CHK_14235_1561589016
HTAR Create complete for /home/projects/desc/DC2_ImSim/Run2.1i/instCat/01418337to01476730/01420175to01421978.tar. 549,553,517,056 bytes written for 123 member files, max threads: 2 Transfer time: 3766.446 seconds (145.908 MB/s) wallclock/user/sys: 3767.334 4431.760 2024.020 seconds
HTAR: HTAR SUCCESSFUL
HTAR: a   DC2_ImSim/Run2.1i/instCat/01418337to01476730/01421979.tar.gz
HTAR: a   DC2_ImSim/Run2.1i/instCat/01418337to01476730/01421980.tar.gz
HTAR: a   DC2_ImSim/Run2.1i/instCat/01418337to01476730/01421981.tar.gz
HTAR: a   DC2_ImSim/Run2.1i/instCat/01418337to01476730/01422023.tar.gz
HTAR: a   DC2_ImSim/Run2.1i/instCat/01418337to01476730/01422024.tar.gz
HTAR: a   DC2_ImSim/Run2.1i/instCat/01418337to01476730/01422025.tar.gz
HTAR: a   DC2_ImSim/Run2.1i/instCat/01418337to01476730/01422026.tar.gz
HTAR: a   DC2_ImSim/Run2.1i/instCat/01418337to01476730/01422027.tar.gz
HTAR: a   DC2_ImSim/Run2.1i/instCat/01418337to01476730/01422040.tar.gz
HTAR: a   DC2_ImSim/Run2.1i/instCat/01418337to01476730/01422070.tar.gz
HTAR: a   DC2_ImSim/Run2.1i/instCat/01418337to01476730/01422081.tar.gz
HTAR: a   DC2_ImSim/Run2.1i/instCat/01418337to01476730/01422487.tar.gz
HTAR: a   DC2_ImSim/Run2.1i/instCat/01418337to01476730/01422488.tar.gz
HTAR: a   DC2_ImSim/Run2.1i/instCat/01418337to01476730/01422489.tar.gz
HTAR: a   DC2_ImSim/Run2.1i/instCat/01418337to01476730/01422490.tar.gz
HTAR: a   DC2_ImSim/Run2.1i/instCat/01418337to01476730/01422491.tar.gz
HTAR: a   DC2_ImSim/Run2.1i/instCat/01418337to01476730/01422607.tar.gz
HTAR: a   DC2_ImSim/Run2.1i/instCat/01418337to01476730/01422608.tar.gz
HTAR: a   DC2_ImSim/Run2.1i/instCat/01418337to01476730/01422609.tar.gz
HTAR: a   DC2_ImSim/Run2.1i/instCat/01418337to01476730/01422610.tar.gz
HTAR: a   DC2_ImSim/Run2.1i/instCat/01418337to01476730/01422611.tar.gz
HTAR: a   DC2_ImSim/Run2.1i/instCat/01418337to01476730/01422612.tar.gz
HTAR: a   DC2_ImSim/Run2.1i/instCat/01418337to01476730/01422614.tar.gz
HTAR: a   DC2_ImSim/Run2.1i/instCat/01418337to01476730/01422615.tar.gz
HTAR: a   DC2_ImSim/Run2.1i/instCat/01418337to01476730/01422616.tar.gz
HTAR: a   DC2_ImSim/Run2.1i/instCat/01418337to01476730/01422619.tar.gz
HTAR: a   DC2_ImSim/Run2.1i/instCat/01418337to01476730/01422620.tar.gz
HTAR: a   DC2_ImSim/Run2.1i/instCat/01418337to01476730/01422621.tar.gz
HTAR: a   DC2_ImSim/Run2.1i/instCat/01418337to01476730/01422623.tar.gz
HTAR: a   DC2_ImSim/Run2.1i/instCat/01418337to01476730/01422635.tar.gz
HTAR: a   DC2_ImSim/Run2.1i/instCat/01418337to01476730/01422637.tar.gz
HTAR: a   DC2_ImSim/Run2.1i/instCat/01418337to01476730/01422738.tar.gz
HTAR: a   DC2_ImSim/Run2.1i/instCat/01418337to01476730/01422739.tar.gz
HTAR: a   DC2_ImSim/Run2.1i/instCat/01418337to01476730/01422740.tar.gz
HTAR: a   DC2_ImSim/Run2.1i/instCat/01418337to01476730/01422741.tar.gz
HTAR: a   DC2_ImSim/Run2.1i/instCat/01418337to01476730/01422742.tar.gz
HTAR: a   DC2_ImSim/Run2.1i/instCat/01418337to01476730/01422743.tar.gz
HTAR: a   DC2_ImSim/Run2.1i/instCat/01418337to01476730/01422778.tar.gz
HTAR: a   DC2_ImSim/Run2.1i/instCat/01418337to01476730/01422779.tar.gz
HTAR: a   DC2_ImSim/Run2.1i/instCat/01418337to01476730/01422780.tar.gz
HTAR: a   DC2_ImSim/Run2.1i/instCat/01418337to01476730/01422781.tar.gz
HTAR: a   DC2_ImSim/Run2.1i/instCat/01418337to01476730/01422782.tar.gz
HTAR: a   DC2_ImSim/Run2.1i/instCat/01418337to01476730/01423286.tar.gz
HTAR: a   DC2_ImSim/Run2.1i/instCat/01418337to01476730/01423339.tar.gz
HTAR: a   DC2_ImSim/Run2.1i/instCat/01418337to01476730/01423340.tar.gz
HTAR: a   DC2_ImSim/Run2.1i/instCat/01418337to01476730/01423341.tar.gz
HTAR: a   DC2_ImSim/Run2.1i/instCat/01418337to01476730/01423342.tar.gz
HTAR: a   DC2_ImSim/Run2.1i/instCat/01418337to01476730/01423343.tar.gz
HTAR: a   DC2_ImSim/Run2.1i/instCat/01418337to01476730/01423374.tar.gz
HTAR: a   DC2_ImSim/Run2.1i/instCat/01418337to01476730/01423387.tar.gz
HTAR: a   DC2_ImSim/Run2.1i/instCat/01418337to01476730/01423388.tar.gz
HTAR: a   DC2_ImSim/Run2.1i/instCat/01418337to01476730/01423389.tar.gz
HTAR: a   DC2_ImSim/Run2.1i/instCat/01418337to01476730/01423390.tar.gz
HTAR: a   DC2_ImSim/Run2.1i/instCat/01418337to01476730/01423391.tar.gz
HTAR: a   DC2_ImSim/Run2.1i/instCat/01418337to01476730/01423392.tar.gz
HTAR: a   DC2_ImSim/Run2.1i/instCat/01418337to01476730/01423393.tar.gz
HTAR: a   DC2_ImSim/Run2.1i/instCat/01418337to01476730/01423394.tar.gz
HTAR: a   DC2_ImSim/Run2.1i/instCat/01418337to01476730/01423395.tar.gz
HTAR: a   DC2_ImSim/Run2.1i/instCat/01418337to01476730/01423396.tar.gz
HTAR: a   DC2_ImSim/Run2.1i/instCat/01418337to01476730/01423397.tar.gz
HTAR: a   DC2_ImSim/Run2.1i/instCat/01418337to01476730/01423400.tar.gz
HTAR: a   DC2_ImSim/Run2.1i/instCat/01418337to01476730/01423405.tar.gz
HTAR: a   DC2_ImSim/Run2.1i/instCat/01418337to01476730/01423406.tar.gz
HTAR: a   DC2_ImSim/Run2.1i/instCat/01418337to01476730/01423407.tar.gz
HTAR: a   DC2_ImSim/Run2.1i/instCat/01418337to01476730/01423408.tar.gz
HTAR: a   DC2_ImSim/Run2.1i/instCat/01418337to01476730/01423409.tar.gz
HTAR: a   DC2_ImSim/Run2.1i/instCat/01418337to01476730/01423410.tar.gz
HTAR: a   DC2_ImSim/Run2.1i/instCat/01418337to01476730/01423411.tar.gz
HTAR: a   DC2_ImSim/Run2.1i/instCat/01418337to01476730/01423412.tar.gz
HTAR: a   DC2_ImSim/Run2.1i/instCat/01418337to01476730/01423413.tar.gz
HTAR: a   DC2_ImSim/Run2.1i/instCat/01418337to01476730/01423414.tar.gz
HTAR: a   DC2_ImSim/Run2.1i/instCat/01418337to01476730/01423415.tar.gz
HTAR: a   DC2_ImSim/Run2.1i/instCat/01418337to01476730/01423426.tar.gz
HTAR: a   DC2_ImSim/Run2.1i/instCat/01418337to01476730/01423439.tar.gz
HTAR: a   DC2_ImSim/Run2.1i/instCat/01418337to01476730/01423440.tar.gz
HTAR: a   DC2_ImSim/Run2.1i/instCat/01418337to01476730/01423441.tar.gz
HTAR: a   DC2_ImSim/Run2.1i/instCat/01418337to01476730/01423442.tar.gz
HTAR: a   DC2_ImSim/Run2.1i/instCat/01418337to01476730/01423443.tar.gz
HTAR: a   DC2_ImSim/Run2.1i/instCat/01418337to01476730/01423444.tar.gz
HTAR: a   DC2_ImSim/Run2.1i/instCat/01418337to01476730/01423445.tar.gz
HTAR: a   DC2_ImSim/Run2.1i/instCat/01418337to01476730/01423454.tar.gz
HTAR: a   DC2_ImSim/Run2.1i/instCat/01418337to01476730/01423455.tar.gz
HTAR: a   DC2_ImSim/Run2.1i/instCat/01418337to01476730/01423456.tar.gz
HTAR: a   DC2_ImSim/Run2.1i/instCat/01418337to01476730/01423457.tar.gz
HTAR: a   DC2_ImSim/Run2.1i/instCat/01418337to01476730/01423458.tar.gz
HTAR: a   DC2_ImSim/Run2.1i/instCat/01418337to01476730/01423459.tar.gz
HTAR: a   DC2_ImSim/Run2.1i/instCat/01418337to01476730/01423460.tar.gz
HTAR: a   DC2_ImSim/Run2.1i/instCat/01418337to01476730/01423461.tar.gz
HTAR: a   DC2_ImSim/Run2.1i/instCat/01418337to01476730/01423462.tar.gz
HTAR: a   DC2_ImSim/Run2.1i/instCat/01418337to01476730/01423463.tar.gz
HTAR: a   DC2_ImSim/Run2.1i/instCat/01418337to01476730/01423464.tar.gz
HTAR: a   DC2_ImSim/Run2.1i/instCat/01418337to01476730/01423467.tar.gz
HTAR: a   DC2_ImSim/Run2.1i/instCat/01418337to01476730/01423468.tar.gz
HTAR: a   DC2_ImSim/Run2.1i/instCat/01418337to01476730/01423469.tar.gz
HTAR: a   DC2_ImSim/Run2.1i/instCat/01418337to01476730/01423470.tar.gz
HTAR: a   DC2_ImSim/Run2.1i/instCat/01418337to01476730/01423471.tar.gz
HTAR: a   DC2_ImSim/Run2.1i/instCat/01418337to01476730/01423494.tar.gz
HTAR: a   DC2_ImSim/Run2.1i/instCat/01418337to01476730/01423495.tar.gz
HTAR: a   DC2_ImSim/Run2.1i/instCat/01418337to01476730/01423509.tar.gz
HTAR: a   DC2_ImSim/Run2.1i/instCat/01418337to01476730/01423510.tar.gz
HTAR: a   DC2_ImSim/Run2.1i/instCat/01418337to01476730/01423511.tar.gz
HTAR: a   DC2_ImSim/Run2.1i/instCat/01418337to01476730/01423512.tar.gz
HTAR: a   DC2_ImSim/Run2.1i/instCat/01418337to01476730/01423513.tar.gz
HTAR: a   DC2_ImSim/Run2.1i/instCat/01418337to01476730/01423514.tar.gz
HTAR: a   DC2_ImSim/Run2.1i/instCat/01418337to01476730/01423515.tar.gz
HTAR: a   DC2_ImSim/Run2.1i/instCat/01418337to01476730/01423532.tar.gz
HTAR: a   DC2_ImSim/Run2.1i/instCat/01418337to01476730/01423533.tar.gz
HTAR: a   DC2_ImSim/Run2.1i/instCat/01418337to01476730/01424160.tar.gz
HTAR: a   DC2_ImSim/Run2.1i/instCat/01418337to01476730/01424162.tar.gz
HTAR: a   DC2_ImSim/Run2.1i/instCat/01418337to01476730/01424163.tar.gz
HTAR: a   DC2_ImSim/Run2.1i/instCat/01418337to01476730/01424174.tar.gz
HTAR: a   DC2_ImSim/Run2.1i/instCat/01418337to01476730/01424183.tar.gz
HTAR: a   DC2_ImSim/Run2.1i/instCat/01418337to01476730/01424184.tar.gz
HTAR: a   DC2_ImSim/Run2.1i/instCat/01418337to01476730/01424185.tar.gz
HTAR: a   DC2_ImSim/Run2.1i/instCat/01418337to01476730/01424186.tar.gz
HTAR: a   DC2_ImSim/Run2.1i/instCat/01418337to01476730/01424187.tar.gz
HTAR: a   DC2_ImSim/Run2.1i/instCat/01418337to01476730/01424188.tar.gz
HTAR: a   DC2_ImSim/Run2.1i/instCat/01418337to01476730/01424189.tar.gz
HTAR: a   DC2_ImSim/Run2.1i/instCat/01418337to01476730/01424193.tar.gz
HTAR: a   DC2_ImSim/Run2.1i/instCat/01418337to01476730/01424194.tar.gz
HTAR: a   DC2_ImSim/Run2.1i/instCat/01418337to01476730/01424195.tar.gz
HTAR: a   DC2_ImSim/Run2.1i/instCat/01418337to01476730/01424199.tar.gz
HTAR: a   DC2_ImSim/Run2.1i/instCat/01418337to01476730/01424200.tar.gz
HTAR: a   /tmp/HTAR_CF_CHK_22959_1561592786
HTAR Create complete for /home/projects/desc/DC2_ImSim/Run2.1i/instCat/01418337to01476730/01421979to01424200.tar. 563,875,316,736 bytes written for 123 member files, max threads: 2 Transfer time: 3935.132 seconds (143.293 MB/s) wallclock/user/sys: 3936.209 4606.258 2165.531 seconds
HTAR: HTAR SUCCESSFUL
HTAR: a   DC2_ImSim/Run2.1i/instCat/01418337to01476730/01424201.tar.gz
HTAR: a   DC2_ImSim/Run2.1i/instCat/01418337to01476730/01424202.tar.gz
HTAR: a   DC2_ImSim/Run2.1i/instCat/01418337to01476730/01424203.tar.gz
HTAR: a   DC2_ImSim/Run2.1i/instCat/01418337to01476730/01424204.tar.gz
HTAR: a   DC2_ImSim/Run2.1i/instCat/01418337to01476730/01424205.tar.gz
HTAR: a   DC2_ImSim/Run2.1i/instCat/01418337to01476730/01424206.tar.gz
HTAR: a   DC2_ImSim/Run2.1i/instCat/01418337to01476730/01424207.tar.gz
HTAR: a   DC2_ImSim/Run2.1i/instCat/01418337to01476730/01424208.tar.gz
HTAR: a   DC2_ImSim/Run2.1i/instCat/01418337to01476730/01424226.tar.gz
HTAR: a   DC2_ImSim/Run2.1i/instCat/01418337to01476730/01424227.tar.gz
HTAR: a   DC2_ImSim/Run2.1i/instCat/01418337to01476730/01424228.tar.gz
HTAR: a   DC2_ImSim/Run2.1i/instCat/01418337to01476730/01424229.tar.gz
HTAR: a   DC2_ImSim/Run2.1i/instCat/01418337to01476730/01424232.tar.gz
HTAR: a   DC2_ImSim/Run2.1i/instCat/01418337to01476730/01424233.tar.gz
HTAR: a   DC2_ImSim/Run2.1i/instCat/01418337to01476730/01424234.tar.gz
HTAR: a   DC2_ImSim/Run2.1i/instCat/01418337to01476730/01424235.tar.gz
HTAR: a   DC2_ImSim/Run2.1i/instCat/01418337to01476730/01424236.tar.gz
HTAR: a   DC2_ImSim/Run2.1i/instCat/01418337to01476730/01424237.tar.gz
HTAR: a   DC2_ImSim/Run2.1i/instCat/01418337to01476730/01424238.tar.gz
HTAR: a   DC2_ImSim/Run2.1i/instCat/01418337to01476730/01424240.tar.gz
HTAR: a   DC2_ImSim/Run2.1i/instCat/01418337to01476730/01424241.tar.gz
HTAR: a   DC2_ImSim/Run2.1i/instCat/01418337to01476730/01424256.tar.gz
HTAR: a   DC2_ImSim/Run2.1i/instCat/01418337to01476730/01424258.tar.gz
HTAR: a   DC2_ImSim/Run2.1i/instCat/01418337to01476730/01424259.tar.gz
HTAR: a   DC2_ImSim/Run2.1i/instCat/01418337to01476730/01424260.tar.gz
HTAR: a   DC2_ImSim/Run2.1i/instCat/01418337to01476730/01424261.tar.gz
HTAR: a   DC2_ImSim/Run2.1i/instCat/01418337to01476730/01424262.tar.gz
HTAR: a   DC2_ImSim/Run2.1i/instCat/01418337to01476730/01424263.tar.gz
HTAR: a   DC2_ImSim/Run2.1i/instCat/01418337to01476730/01424264.tar.gz
HTAR: a   DC2_ImSim/Run2.1i/instCat/01418337to01476730/01424265.tar.gz
HTAR: a   DC2_ImSim/Run2.1i/instCat/01418337to01476730/01424266.tar.gz
HTAR: a   DC2_ImSim/Run2.1i/instCat/01418337to01476730/01424267.tar.gz
HTAR: a   DC2_ImSim/Run2.1i/instCat/01418337to01476730/01424268.tar.gz
HTAR: a   DC2_ImSim/Run2.1i/instCat/01418337to01476730/01424269.tar.gz
HTAR: a   DC2_ImSim/Run2.1i/instCat/01418337to01476730/01424270.tar.gz
HTAR: a   DC2_ImSim/Run2.1i/instCat/01418337to01476730/01424271.tar.gz
HTAR: a   DC2_ImSim/Run2.1i/instCat/01418337to01476730/01424272.tar.gz
HTAR: a   DC2_ImSim/Run2.1i/instCat/01418337to01476730/01424276.tar.gz
HTAR: a   DC2_ImSim/Run2.1i/instCat/01418337to01476730/01424277.tar.gz
HTAR: a   DC2_ImSim/Run2.1i/instCat/01418337to01476730/01424302.tar.gz
HTAR: a   DC2_ImSim/Run2.1i/instCat/01418337to01476730/01424303.tar.gz
HTAR: a   DC2_ImSim/Run2.1i/instCat/01418337to01476730/01424304.tar.gz
HTAR: a   DC2_ImSim/Run2.1i/instCat/01418337to01476730/01424305.tar.gz
HTAR: a   DC2_ImSim/Run2.1i/instCat/01418337to01476730/01424306.tar.gz
HTAR: a   DC2_ImSim/Run2.1i/instCat/01418337to01476730/01424307.tar.gz
HTAR: a   DC2_ImSim/Run2.1i/instCat/01418337to01476730/01424308.tar.gz
HTAR: a   DC2_ImSim/Run2.1i/instCat/01418337to01476730/01424309.tar.gz
HTAR: a   DC2_ImSim/Run2.1i/instCat/01418337to01476730/01424310.tar.gz
HTAR: a   DC2_ImSim/Run2.1i/instCat/01418337to01476730/01424311.tar.gz
HTAR: a   DC2_ImSim/Run2.1i/instCat/01418337to01476730/01424312.tar.gz
HTAR: a   DC2_ImSim/Run2.1i/instCat/01418337to01476730/01424313.tar.gz
HTAR: a   DC2_ImSim/Run2.1i/instCat/01418337to01476730/01424314.tar.gz
HTAR: a   DC2_ImSim/Run2.1i/instCat/01418337to01476730/01424315.tar.gz
HTAR: a   DC2_ImSim/Run2.1i/instCat/01418337to01476730/01424316.tar.gz
HTAR: a   DC2_ImSim/Run2.1i/instCat/01418337to01476730/01424317.tar.gz
HTAR: a   DC2_ImSim/Run2.1i/instCat/01418337to01476730/01425178.tar.gz
HTAR: a   DC2_ImSim/Run2.1i/instCat/01418337to01476730/01425179.tar.gz
HTAR: a   DC2_ImSim/Run2.1i/instCat/01418337to01476730/01425187.tar.gz
HTAR: a   DC2_ImSim/Run2.1i/instCat/01418337to01476730/01425188.tar.gz
HTAR: a   DC2_ImSim/Run2.1i/instCat/01418337to01476730/01425192.tar.gz
HTAR: a   DC2_ImSim/Run2.1i/instCat/01418337to01476730/01425195.tar.gz
HTAR: a   DC2_ImSim/Run2.1i/instCat/01418337to01476730/01425208.tar.gz
HTAR: a   DC2_ImSim/Run2.1i/instCat/01418337to01476730/01425209.tar.gz
HTAR: a   DC2_ImSim/Run2.1i/instCat/01418337to01476730/01425210.tar.gz
HTAR: a   DC2_ImSim/Run2.1i/instCat/01418337to01476730/01425211.tar.gz
HTAR: a   DC2_ImSim/Run2.1i/instCat/01418337to01476730/01425233.tar.gz
HTAR: a   DC2_ImSim/Run2.1i/instCat/01418337to01476730/01425235.tar.gz
HTAR: a   DC2_ImSim/Run2.1i/instCat/01418337to01476730/01425236.tar.gz
HTAR: a   DC2_ImSim/Run2.1i/instCat/01418337to01476730/01425239.tar.gz
HTAR: a   DC2_ImSim/Run2.1i/instCat/01418337to01476730/01425240.tar.gz
HTAR: a   DC2_ImSim/Run2.1i/instCat/01418337to01476730/01425241.tar.gz
HTAR: a   DC2_ImSim/Run2.1i/instCat/01418337to01476730/01425242.tar.gz
HTAR: a   DC2_ImSim/Run2.1i/instCat/01418337to01476730/01425243.tar.gz
HTAR: a   DC2_ImSim/Run2.1i/instCat/01418337to01476730/01425244.tar.gz
HTAR: a   DC2_ImSim/Run2.1i/instCat/01418337to01476730/01425262.tar.gz
HTAR: a   DC2_ImSim/Run2.1i/instCat/01418337to01476730/01425264.tar.gz
HTAR: a   DC2_ImSim/Run2.1i/instCat/01418337to01476730/01425265.tar.gz
HTAR: a   DC2_ImSim/Run2.1i/instCat/01418337to01476730/01425266.tar.gz
HTAR: a   DC2_ImSim/Run2.1i/instCat/01418337to01476730/01425267.tar.gz
HTAR: a   DC2_ImSim/Run2.1i/instCat/01418337to01476730/01425269.tar.gz
HTAR: a   DC2_ImSim/Run2.1i/instCat/01418337to01476730/01425271.tar.gz
HTAR: a   DC2_ImSim/Run2.1i/instCat/01418337to01476730/01425272.tar.gz
HTAR: a   DC2_ImSim/Run2.1i/instCat/01418337to01476730/01425273.tar.gz
HTAR: a   DC2_ImSim/Run2.1i/instCat/01418337to01476730/01425274.tar.gz
HTAR: a   DC2_ImSim/Run2.1i/instCat/01418337to01476730/01425295.tar.gz
HTAR: a   DC2_ImSim/Run2.1i/instCat/01418337to01476730/01425296.tar.gz
HTAR: a   DC2_ImSim/Run2.1i/instCat/01418337to01476730/01425297.tar.gz
HTAR: a   DC2_ImSim/Run2.1i/instCat/01418337to01476730/01425298.tar.gz
HTAR: a   DC2_ImSim/Run2.1i/instCat/01418337to01476730/01425299.tar.gz
HTAR: a   DC2_ImSim/Run2.1i/instCat/01418337to01476730/01425300.tar.gz
HTAR: a   DC2_ImSim/Run2.1i/instCat/01418337to01476730/01425301.tar.gz
HTAR: a   DC2_ImSim/Run2.1i/instCat/01418337to01476730/01425343.tar.gz
HTAR: a   DC2_ImSim/Run2.1i/instCat/01418337to01476730/01425347.tar.gz
HTAR: a   DC2_ImSim/Run2.1i/instCat/01418337to01476730/01425348.tar.gz
HTAR: a   DC2_ImSim/Run2.1i/instCat/01418337to01476730/01425349.tar.gz
HTAR: a   DC2_ImSim/Run2.1i/instCat/01418337to01476730/01425350.tar.gz
HTAR: a   DC2_ImSim/Run2.1i/instCat/01418337to01476730/01425351.tar.gz
HTAR: a   DC2_ImSim/Run2.1i/instCat/01418337to01476730/01425352.tar.gz
HTAR: a   DC2_ImSim/Run2.1i/instCat/01418337to01476730/01425848.tar.gz
HTAR: a   DC2_ImSim/Run2.1i/instCat/01418337to01476730/01425849.tar.gz
HTAR: a   DC2_ImSim/Run2.1i/instCat/01418337to01476730/01425850.tar.gz
HTAR: a   DC2_ImSim/Run2.1i/instCat/01418337to01476730/01425851.tar.gz
HTAR: a   DC2_ImSim/Run2.1i/instCat/01418337to01476730/01425852.tar.gz
HTAR: a   DC2_ImSim/Run2.1i/instCat/01418337to01476730/01425853.tar.gz
HTAR: a   DC2_ImSim/Run2.1i/instCat/01418337to01476730/01425854.tar.gz
HTAR: a   DC2_ImSim/Run2.1i/instCat/01418337to01476730/01425855.tar.gz
HTAR: a   DC2_ImSim/Run2.1i/instCat/01418337to01476730/01425856.tar.gz
HTAR: a   DC2_ImSim/Run2.1i/instCat/01418337to01476730/01425857.tar.gz
HTAR: a   DC2_ImSim/Run2.1i/instCat/01418337to01476730/01425888.tar.gz
HTAR: a   DC2_ImSim/Run2.1i/instCat/01418337to01476730/01425889.tar.gz
HTAR: a   DC2_ImSim/Run2.1i/instCat/01418337to01476730/01425890.tar.gz
HTAR: a   DC2_ImSim/Run2.1i/instCat/01418337to01476730/01425891.tar.gz
HTAR: a   DC2_ImSim/Run2.1i/instCat/01418337to01476730/01425892.tar.gz
HTAR: a   DC2_ImSim/Run2.1i/instCat/01418337to01476730/01425893.tar.gz
HTAR: a   DC2_ImSim/Run2.1i/instCat/01418337to01476730/01425894.tar.gz
HTAR: a   DC2_ImSim/Run2.1i/instCat/01418337to01476730/01425895.tar.gz
HTAR: a   DC2_ImSim/Run2.1i/instCat/01418337to01476730/01425896.tar.gz
HTAR: a   DC2_ImSim/Run2.1i/instCat/01418337to01476730/01425897.tar.gz
HTAR: a   DC2_ImSim/Run2.1i/instCat/01418337to01476730/01425898.tar.gz
HTAR: a   DC2_ImSim/Run2.1i/instCat/01418337to01476730/01425899.tar.gz
HTAR: a   DC2_ImSim/Run2.1i/instCat/01418337to01476730/01425900.tar.gz
HTAR: a   DC2_ImSim/Run2.1i/instCat/01418337to01476730/01425901.tar.gz
HTAR: a   DC2_ImSim/Run2.1i/instCat/01418337to01476730/01425902.tar.gz
HTAR: a   /tmp/HTAR_CF_CHK_29309_1561596726
HTAR Create complete for /home/projects/desc/DC2_ImSim/Run2.1i/instCat/01418337to01476730/01424201to01425902.tar. 571,924,361,216 bytes written for 123 member files, max threads: 2 Transfer time: 3927.551 seconds (145.619 MB/s) wallclock/user/sys: 3929.588 4638.813 2151.556 seconds
HTAR: HTAR SUCCESSFUL
HTAR: a   DC2_ImSim/Run2.1i/instCat/01418337to01476730/01425903.tar.gz
HTAR: a   DC2_ImSim/Run2.1i/instCat/01418337to01476730/01425904.tar.gz
HTAR: a   DC2_ImSim/Run2.1i/instCat/01418337to01476730/01425905.tar.gz
HTAR: a   DC2_ImSim/Run2.1i/instCat/01418337to01476730/01425906.tar.gz
HTAR: a   DC2_ImSim/Run2.1i/instCat/01418337to01476730/01425907.tar.gz
HTAR: a   DC2_ImSim/Run2.1i/instCat/01418337to01476730/01425908.tar.gz
HTAR: a   DC2_ImSim/Run2.1i/instCat/01418337to01476730/01425909.tar.gz
HTAR: a   DC2_ImSim/Run2.1i/instCat/01418337to01476730/01425910.tar.gz
HTAR: a   DC2_ImSim/Run2.1i/instCat/01418337to01476730/01425938.tar.gz
HTAR: a   DC2_ImSim/Run2.1i/instCat/01418337to01476730/01425939.tar.gz
HTAR: a   DC2_ImSim/Run2.1i/instCat/01418337to01476730/01425940.tar.gz
HTAR: a   DC2_ImSim/Run2.1i/instCat/01418337to01476730/01425941.tar.gz
HTAR: a   DC2_ImSim/Run2.1i/instCat/01418337to01476730/01425942.tar.gz
HTAR: a   DC2_ImSim/Run2.1i/instCat/01418337to01476730/01425943.tar.gz
HTAR: a   DC2_ImSim/Run2.1i/instCat/01418337to01476730/01425944.tar.gz
HTAR: a   DC2_ImSim/Run2.1i/instCat/01418337to01476730/01425945.tar.gz
HTAR: a   DC2_ImSim/Run2.1i/instCat/01418337to01476730/01425946.tar.gz
HTAR: a   DC2_ImSim/Run2.1i/instCat/01418337to01476730/01425947.tar.gz
HTAR: a   DC2_ImSim/Run2.1i/instCat/01418337to01476730/01425948.tar.gz
HTAR: a   DC2_ImSim/Run2.1i/instCat/01418337to01476730/01425956.tar.gz
HTAR: a   DC2_ImSim/Run2.1i/instCat/01418337to01476730/01425957.tar.gz
HTAR: a   DC2_ImSim/Run2.1i/instCat/01418337to01476730/01425958.tar.gz
HTAR: a   DC2_ImSim/Run2.1i/instCat/01418337to01476730/01425959.tar.gz
HTAR: a   DC2_ImSim/Run2.1i/instCat/01418337to01476730/01425960.tar.gz
HTAR: a   DC2_ImSim/Run2.1i/instCat/01418337to01476730/01425961.tar.gz
HTAR: a   DC2_ImSim/Run2.1i/instCat/01418337to01476730/01425964.tar.gz
HTAR: a   DC2_ImSim/Run2.1i/instCat/01418337to01476730/01425965.tar.gz
HTAR: a   DC2_ImSim/Run2.1i/instCat/01418337to01476730/01425993.tar.gz
HTAR: a   DC2_ImSim/Run2.1i/instCat/01418337to01476730/01425994.tar.gz
HTAR: a   DC2_ImSim/Run2.1i/instCat/01418337to01476730/01425998.tar.gz
HTAR: a   DC2_ImSim/Run2.1i/instCat/01418337to01476730/01425999.tar.gz
HTAR: a   DC2_ImSim/Run2.1i/instCat/01418337to01476730/01426000.tar.gz
HTAR: a   DC2_ImSim/Run2.1i/instCat/01418337to01476730/01426004.tar.gz
HTAR: a   DC2_ImSim/Run2.1i/instCat/01418337to01476730/01426005.tar.gz
HTAR: a   DC2_ImSim/Run2.1i/instCat/01418337to01476730/01426016.tar.gz
HTAR: a   DC2_ImSim/Run2.1i/instCat/01418337to01476730/01426027.tar.gz
HTAR: a   DC2_ImSim/Run2.1i/instCat/01418337to01476730/01426028.tar.gz
HTAR: a   DC2_ImSim/Run2.1i/instCat/01418337to01476730/01426037.tar.gz
HTAR: a   DC2_ImSim/Run2.1i/instCat/01418337to01476730/01426038.tar.gz
HTAR: a   DC2_ImSim/Run2.1i/instCat/01418337to01476730/01426039.tar.gz
HTAR: a   DC2_ImSim/Run2.1i/instCat/01418337to01476730/01426040.tar.gz
HTAR: a   DC2_ImSim/Run2.1i/instCat/01418337to01476730/01426041.tar.gz
HTAR: a   DC2_ImSim/Run2.1i/instCat/01418337to01476730/01426046.tar.gz
HTAR: a   DC2_ImSim/Run2.1i/instCat/01418337to01476730/01426059.tar.gz
HTAR: a   DC2_ImSim/Run2.1i/instCat/01418337to01476730/01426062.tar.gz
HTAR: a   DC2_ImSim/Run2.1i/instCat/01418337to01476730/01426089.tar.gz
HTAR: a   DC2_ImSim/Run2.1i/instCat/01418337to01476730/01426090.tar.gz
HTAR: a   DC2_ImSim/Run2.1i/instCat/01418337to01476730/01426091.tar.gz
HTAR: a   DC2_ImSim/Run2.1i/instCat/01418337to01476730/01426092.tar.gz
HTAR: a   DC2_ImSim/Run2.1i/instCat/01418337to01476730/01426093.tar.gz
HTAR: a   DC2_ImSim/Run2.1i/instCat/01418337to01476730/01426111.tar.gz
HTAR: a   DC2_ImSim/Run2.1i/instCat/01418337to01476730/01426301.tar.gz
HTAR: a   DC2_ImSim/Run2.1i/instCat/01418337to01476730/01426302.tar.gz
HTAR: a   DC2_ImSim/Run2.1i/instCat/01418337to01476730/01426307.tar.gz
HTAR: a   DC2_ImSim/Run2.1i/instCat/01418337to01476730/01426332.tar.gz
HTAR: a   DC2_ImSim/Run2.1i/instCat/01418337to01476730/01426656.tar.gz
HTAR: a   DC2_ImSim/Run2.1i/instCat/01418337to01476730/01426657.tar.gz
HTAR: a   DC2_ImSim/Run2.1i/instCat/01418337to01476730/01426658.tar.gz
HTAR: a   DC2_ImSim/Run2.1i/instCat/01418337to01476730/01426659.tar.gz
HTAR: a   DC2_ImSim/Run2.1i/instCat/01418337to01476730/01426660.tar.gz
HTAR: a   DC2_ImSim/Run2.1i/instCat/01418337to01476730/01426662.tar.gz
HTAR: a   DC2_ImSim/Run2.1i/instCat/01418337to01476730/01426675.tar.gz
HTAR: a   DC2_ImSim/Run2.1i/instCat/01418337to01476730/01426700.tar.gz
HTAR: a   DC2_ImSim/Run2.1i/instCat/01418337to01476730/01426701.tar.gz
HTAR: a   DC2_ImSim/Run2.1i/instCat/01418337to01476730/01426702.tar.gz
HTAR: a   DC2_ImSim/Run2.1i/instCat/01418337to01476730/01426703.tar.gz
HTAR: a   DC2_ImSim/Run2.1i/instCat/01418337to01476730/01426704.tar.gz
HTAR: a   DC2_ImSim/Run2.1i/instCat/01418337to01476730/01426705.tar.gz
HTAR: a   DC2_ImSim/Run2.1i/instCat/01418337to01476730/01426726.tar.gz
HTAR: a   DC2_ImSim/Run2.1i/instCat/01418337to01476730/01426727.tar.gz
HTAR: a   DC2_ImSim/Run2.1i/instCat/01418337to01476730/01426728.tar.gz
HTAR: a   DC2_ImSim/Run2.1i/instCat/01418337to01476730/01426729.tar.gz
HTAR: a   DC2_ImSim/Run2.1i/instCat/01418337to01476730/01426730.tar.gz
HTAR: a   DC2_ImSim/Run2.1i/instCat/01418337to01476730/01426732.tar.gz
HTAR: a   DC2_ImSim/Run2.1i/instCat/01418337to01476730/01426733.tar.gz
HTAR: a   DC2_ImSim/Run2.1i/instCat/01418337to01476730/01426734.tar.gz
HTAR: a   DC2_ImSim/Run2.1i/instCat/01418337to01476730/01426735.tar.gz
HTAR: a   DC2_ImSim/Run2.1i/instCat/01418337to01476730/01426736.tar.gz
HTAR: a   DC2_ImSim/Run2.1i/instCat/01418337to01476730/01426737.tar.gz
HTAR: a   DC2_ImSim/Run2.1i/instCat/01418337to01476730/01426738.tar.gz
HTAR: a   DC2_ImSim/Run2.1i/instCat/01418337to01476730/01426739.tar.gz
HTAR: a   DC2_ImSim/Run2.1i/instCat/01418337to01476730/01426740.tar.gz
HTAR: a   DC2_ImSim/Run2.1i/instCat/01418337to01476730/01426741.tar.gz
HTAR: a   DC2_ImSim/Run2.1i/instCat/01418337to01476730/01426742.tar.gz
HTAR: a   DC2_ImSim/Run2.1i/instCat/01418337to01476730/01426743.tar.gz
HTAR: a   DC2_ImSim/Run2.1i/instCat/01418337to01476730/01426744.tar.gz
HTAR: a   DC2_ImSim/Run2.1i/instCat/01418337to01476730/01426745.tar.gz
HTAR: a   DC2_ImSim/Run2.1i/instCat/01418337to01476730/01426746.tar.gz
HTAR: a   DC2_ImSim/Run2.1i/instCat/01418337to01476730/01426747.tar.gz
HTAR: a   DC2_ImSim/Run2.1i/instCat/01418337to01476730/01426759.tar.gz
HTAR: a   DC2_ImSim/Run2.1i/instCat/01418337to01476730/01426760.tar.gz
HTAR: a   DC2_ImSim/Run2.1i/instCat/01418337to01476730/01426762.tar.gz
HTAR: a   DC2_ImSim/Run2.1i/instCat/01418337to01476730/01426763.tar.gz
HTAR: a   DC2_ImSim/Run2.1i/instCat/01418337to01476730/01426764.tar.gz
HTAR: a   DC2_ImSim/Run2.1i/instCat/01418337to01476730/01426765.tar.gz
HTAR: a   DC2_ImSim/Run2.1i/instCat/01418337to01476730/01426766.tar.gz
HTAR: a   DC2_ImSim/Run2.1i/instCat/01418337to01476730/01426767.tar.gz
HTAR: a   DC2_ImSim/Run2.1i/instCat/01418337to01476730/01426768.tar.gz
HTAR: a   DC2_ImSim/Run2.1i/instCat/01418337to01476730/01426769.tar.gz
HTAR: a   DC2_ImSim/Run2.1i/instCat/01418337to01476730/01426770.tar.gz
HTAR: a   DC2_ImSim/Run2.1i/instCat/01418337to01476730/01426771.tar.gz
HTAR: a   DC2_ImSim/Run2.1i/instCat/01418337to01476730/01426772.tar.gz
HTAR: a   DC2_ImSim/Run2.1i/instCat/01418337to01476730/01426773.tar.gz
HTAR: a   DC2_ImSim/Run2.1i/instCat/01418337to01476730/01426774.tar.gz
HTAR: a   DC2_ImSim/Run2.1i/instCat/01418337to01476730/01426775.tar.gz
HTAR: a   DC2_ImSim/Run2.1i/instCat/01418337to01476730/01426776.tar.gz
HTAR: a   DC2_ImSim/Run2.1i/instCat/01418337to01476730/01426777.tar.gz
HTAR: a   DC2_ImSim/Run2.1i/instCat/01418337to01476730/01426778.tar.gz
HTAR: a   DC2_ImSim/Run2.1i/instCat/01418337to01476730/01426779.tar.gz
HTAR: a   DC2_ImSim/Run2.1i/instCat/01418337to01476730/01426780.tar.gz
HTAR: a   DC2_ImSim/Run2.1i/instCat/01418337to01476730/01426783.tar.gz
HTAR: a   DC2_ImSim/Run2.1i/instCat/01418337to01476730/01426799.tar.gz
HTAR: a   DC2_ImSim/Run2.1i/instCat/01418337to01476730/01426800.tar.gz
HTAR: a   DC2_ImSim/Run2.1i/instCat/01418337to01476730/01426801.tar.gz
HTAR: a   DC2_ImSim/Run2.1i/instCat/01418337to01476730/01426842.tar.gz
HTAR: a   DC2_ImSim/Run2.1i/instCat/01418337to01476730/01426843.tar.gz
HTAR: a   DC2_ImSim/Run2.1i/instCat/01418337to01476730/01426844.tar.gz
HTAR: a   DC2_ImSim/Run2.1i/instCat/01418337to01476730/01426903.tar.gz
HTAR: a   DC2_ImSim/Run2.1i/instCat/01418337to01476730/01427219.tar.gz
HTAR: a   DC2_ImSim/Run2.1i/instCat/01418337to01476730/01427232.tar.gz
HTAR: a   DC2_ImSim/Run2.1i/instCat/01418337to01476730/01427233.tar.gz
HTAR: a   DC2_ImSim/Run2.1i/instCat/01418337to01476730/01427234.tar.gz
HTAR: a   DC2_ImSim/Run2.1i/instCat/01418337to01476730/01427235.tar.gz
HTAR: a   /tmp/HTAR_CF_CHK_26856_1561600658
HTAR Create complete for /home/projects/desc/DC2_ImSim/Run2.1i/instCat/01418337to01476730/01425903to01427235.tar. 534,337,655,296 bytes written for 123 member files, max threads: 2 Transfer time: 3675.083 seconds (145.395 MB/s) wallclock/user/sys: 3676.021 4337.566 2013.081 seconds
HTAR: HTAR SUCCESSFUL
