HTAR: a   DC2_ImSim/Run2.1i/instCat/00000000to00071840/00001472.tar.gz
HTAR: a   DC2_ImSim/Run2.1i/instCat/00000000to00071840/00001474.tar.gz
HTAR: a   DC2_ImSim/Run2.1i/instCat/00000000to00071840/00001500.tar.gz
HTAR: a   DC2_ImSim/Run2.1i/instCat/00000000to00071840/00001502.tar.gz
HTAR: a   DC2_ImSim/Run2.1i/instCat/00000000to00071840/00002166.tar.gz
HTAR: a   DC2_ImSim/Run2.1i/instCat/00000000to00071840/00002168.tar.gz
HTAR: a   DC2_ImSim/Run2.1i/instCat/00000000to00071840/00002181.tar.gz
HTAR: a   DC2_ImSim/Run2.1i/instCat/00000000to00071840/00002184.tar.gz
HTAR: a   DC2_ImSim/Run2.1i/instCat/00000000to00071840/00002188.tar.gz
HTAR: a   DC2_ImSim/Run2.1i/instCat/00000000to00071840/00002205.tar.gz
HTAR: a   DC2_ImSim/Run2.1i/instCat/00000000to00071840/00002208.tar.gz
HTAR: a   DC2_ImSim/Run2.1i/instCat/00000000to00071840/00002278.tar.gz
HTAR: a   DC2_ImSim/Run2.1i/instCat/00000000to00071840/00002330.tar.gz
HTAR: a   DC2_ImSim/Run2.1i/instCat/00000000to00071840/00002331.tar.gz
HTAR: a   DC2_ImSim/Run2.1i/instCat/00000000to00071840/00002332.tar.gz
HTAR: a   DC2_ImSim/Run2.1i/instCat/00000000to00071840/00002333.tar.gz
HTAR: a   DC2_ImSim/Run2.1i/instCat/00000000to00071840/00002334.tar.gz
HTAR: a   DC2_ImSim/Run2.1i/instCat/00000000to00071840/00002335.tar.gz
HTAR: a   DC2_ImSim/Run2.1i/instCat/00000000to00071840/00002336.tar.gz
HTAR: a   DC2_ImSim/Run2.1i/instCat/00000000to00071840/00002337.tar.gz
HTAR: a   DC2_ImSim/Run2.1i/instCat/00000000to00071840/00002338.tar.gz
HTAR: a   DC2_ImSim/Run2.1i/instCat/00000000to00071840/00002339.tar.gz
HTAR: a   DC2_ImSim/Run2.1i/instCat/00000000to00071840/00002340.tar.gz
HTAR: a   DC2_ImSim/Run2.1i/instCat/00000000to00071840/00002341.tar.gz
HTAR: a   DC2_ImSim/Run2.1i/instCat/00000000to00071840/00002342.tar.gz
HTAR: a   DC2_ImSim/Run2.1i/instCat/00000000to00071840/00002343.tar.gz
HTAR: a   DC2_ImSim/Run2.1i/instCat/00000000to00071840/00002344.tar.gz
HTAR: a   DC2_ImSim/Run2.1i/instCat/00000000to00071840/00002345.tar.gz
HTAR: a   DC2_ImSim/Run2.1i/instCat/00000000to00071840/00002346.tar.gz
HTAR: a   DC2_ImSim/Run2.1i/instCat/00000000to00071840/00002347.tar.gz
HTAR: a   DC2_ImSim/Run2.1i/instCat/00000000to00071840/00002348.tar.gz
HTAR: a   DC2_ImSim/Run2.1i/instCat/00000000to00071840/00002349.tar.gz
HTAR: a   DC2_ImSim/Run2.1i/instCat/00000000to00071840/00003026.tar.gz
HTAR: a   DC2_ImSim/Run2.1i/instCat/00000000to00071840/00003029.tar.gz
HTAR: a   DC2_ImSim/Run2.1i/instCat/00000000to00071840/00003030.tar.gz
HTAR: a   DC2_ImSim/Run2.1i/instCat/00000000to00071840/00003031.tar.gz
HTAR: a   DC2_ImSim/Run2.1i/instCat/00000000to00071840/00003032.tar.gz
HTAR: a   DC2_ImSim/Run2.1i/instCat/00000000to00071840/00003033.tar.gz
HTAR: a   DC2_ImSim/Run2.1i/instCat/00000000to00071840/00003034.tar.gz
HTAR: a   DC2_ImSim/Run2.1i/instCat/00000000to00071840/00003040.tar.gz
HTAR: a   DC2_ImSim/Run2.1i/instCat/00000000to00071840/00003041.tar.gz
HTAR: a   DC2_ImSim/Run2.1i/instCat/00000000to00071840/00003114.tar.gz
HTAR: a   DC2_ImSim/Run2.1i/instCat/00000000to00071840/00003116.tar.gz
HTAR: a   DC2_ImSim/Run2.1i/instCat/00000000to00071840/00003117.tar.gz
HTAR: a   DC2_ImSim/Run2.1i/instCat/00000000to00071840/00003118.tar.gz
HTAR: a   DC2_ImSim/Run2.1i/instCat/00000000to00071840/00003119.tar.gz
HTAR: a   DC2_ImSim/Run2.1i/instCat/00000000to00071840/00003120.tar.gz
HTAR: a   DC2_ImSim/Run2.1i/instCat/00000000to00071840/00004325.tar.gz
HTAR: a   DC2_ImSim/Run2.1i/instCat/00000000to00071840/00004355.tar.gz
HTAR: a   DC2_ImSim/Run2.1i/instCat/00000000to00071840/00004356.tar.gz
HTAR: a   DC2_ImSim/Run2.1i/instCat/00000000to00071840/00004357.tar.gz
HTAR: a   DC2_ImSim/Run2.1i/instCat/00000000to00071840/00005763.tar.gz
HTAR: a   DC2_ImSim/Run2.1i/instCat/00000000to00071840/00005770.tar.gz
HTAR: a   DC2_ImSim/Run2.1i/instCat/00000000to00071840/00005863.tar.gz
HTAR: a   DC2_ImSim/Run2.1i/instCat/00000000to00071840/00005871.tar.gz
HTAR: a   DC2_ImSim/Run2.1i/instCat/00000000to00071840/00005874.tar.gz
HTAR: a   DC2_ImSim/Run2.1i/instCat/00000000to00071840/00005875.tar.gz
HTAR: a   DC2_ImSim/Run2.1i/instCat/00000000to00071840/00005877.tar.gz
HTAR: a   DC2_ImSim/Run2.1i/instCat/00000000to00071840/00005878.tar.gz
HTAR: a   DC2_ImSim/Run2.1i/instCat/00000000to00071840/00005879.tar.gz
HTAR: a   DC2_ImSim/Run2.1i/instCat/00000000to00071840/00005880.tar.gz
HTAR: a   DC2_ImSim/Run2.1i/instCat/00000000to00071840/00005881.tar.gz
HTAR: a   DC2_ImSim/Run2.1i/instCat/00000000to00071840/00005882.tar.gz
HTAR: a   DC2_ImSim/Run2.1i/instCat/00000000to00071840/00005883.tar.gz
HTAR: a   DC2_ImSim/Run2.1i/instCat/00000000to00071840/00005884.tar.gz
HTAR: a   DC2_ImSim/Run2.1i/instCat/00000000to00071840/00005885.tar.gz
HTAR: a   DC2_ImSim/Run2.1i/instCat/00000000to00071840/00005886.tar.gz
HTAR: a   DC2_ImSim/Run2.1i/instCat/00000000to00071840/00005887.tar.gz
HTAR: a   DC2_ImSim/Run2.1i/instCat/00000000to00071840/00005888.tar.gz
HTAR: a   DC2_ImSim/Run2.1i/instCat/00000000to00071840/00005889.tar.gz
HTAR: a   DC2_ImSim/Run2.1i/instCat/00000000to00071840/00005890.tar.gz
HTAR: a   DC2_ImSim/Run2.1i/instCat/00000000to00071840/00005891.tar.gz
HTAR: a   DC2_ImSim/Run2.1i/instCat/00000000to00071840/00005895.tar.gz
HTAR: a   DC2_ImSim/Run2.1i/instCat/00000000to00071840/00005897.tar.gz
HTAR: a   DC2_ImSim/Run2.1i/instCat/00000000to00071840/00006476.tar.gz
HTAR: a   DC2_ImSim/Run2.1i/instCat/00000000to00071840/00006797.tar.gz
HTAR: a   DC2_ImSim/Run2.1i/instCat/00000000to00071840/00006822.tar.gz
HTAR: a   DC2_ImSim/Run2.1i/instCat/00000000to00071840/00006823.tar.gz
HTAR: a   DC2_ImSim/Run2.1i/instCat/00000000to00071840/00006824.tar.gz
HTAR: a   DC2_ImSim/Run2.1i/instCat/00000000to00071840/00006825.tar.gz
HTAR: a   DC2_ImSim/Run2.1i/instCat/00000000to00071840/00006826.tar.gz
HTAR: a   DC2_ImSim/Run2.1i/instCat/00000000to00071840/00006827.tar.gz
HTAR: a   DC2_ImSim/Run2.1i/instCat/00000000to00071840/00006830.tar.gz
HTAR: a   DC2_ImSim/Run2.1i/instCat/00000000to00071840/00006852.tar.gz
HTAR: a   DC2_ImSim/Run2.1i/instCat/00000000to00071840/00006853.tar.gz
HTAR: a   DC2_ImSim/Run2.1i/instCat/00000000to00071840/00006854.tar.gz
HTAR: a   DC2_ImSim/Run2.1i/instCat/00000000to00071840/00006855.tar.gz
HTAR: a   /tmp/HTAR_CF_CHK_40508_1559229256
HTAR Create complete for /home/projects/desc/DC2_ImSim/Run2.1i/instCat/00000000to00071840/00001472to00006855.tar. 385,616,979,968 bytes written for 87 member files, max threads: 2 Transfer time: 2117.917 seconds (182.074 MB/s) wallclock/user/sys: 2118.381 2358.895 1235.066 seconds
HTAR: HTAR SUCCESSFUL
HTAR: a   DC2_ImSim/Run2.1i/instCat/00000000to00071840/00006856.tar.gz
HTAR: a   DC2_ImSim/Run2.1i/instCat/00000000to00071840/00007231.tar.gz
HTAR: a   DC2_ImSim/Run2.1i/instCat/00000000to00071840/00007234.tar.gz
HTAR: a   DC2_ImSim/Run2.1i/instCat/00000000to00071840/00007235.tar.gz
HTAR: a   DC2_ImSim/Run2.1i/instCat/00000000to00071840/00007236.tar.gz
HTAR: a   DC2_ImSim/Run2.1i/instCat/00000000to00071840/00007248.tar.gz
HTAR: a   DC2_ImSim/Run2.1i/instCat/00000000to00071840/00007249.tar.gz
HTAR: a   DC2_ImSim/Run2.1i/instCat/00000000to00071840/00007371.tar.gz
HTAR: a   DC2_ImSim/Run2.1i/instCat/00000000to00071840/00007372.tar.gz
HTAR: a   DC2_ImSim/Run2.1i/instCat/00000000to00071840/00007906.tar.gz
HTAR: a   DC2_ImSim/Run2.1i/instCat/00000000to00071840/00007910.tar.gz
HTAR: a   DC2_ImSim/Run2.1i/instCat/00000000to00071840/00007916.tar.gz
HTAR: a   DC2_ImSim/Run2.1i/instCat/00000000to00071840/00007917.tar.gz
HTAR: a   DC2_ImSim/Run2.1i/instCat/00000000to00071840/00007940.tar.gz
HTAR: a   DC2_ImSim/Run2.1i/instCat/00000000to00071840/00007946.tar.gz
HTAR: a   DC2_ImSim/Run2.1i/instCat/00000000to00071840/00007955.tar.gz
HTAR: a   DC2_ImSim/Run2.1i/instCat/00000000to00071840/00007975.tar.gz
HTAR: a   DC2_ImSim/Run2.1i/instCat/00000000to00071840/00007976.tar.gz
HTAR: a   DC2_ImSim/Run2.1i/instCat/00000000to00071840/00007977.tar.gz
HTAR: a   DC2_ImSim/Run2.1i/instCat/00000000to00071840/00007978.tar.gz
HTAR: a   DC2_ImSim/Run2.1i/instCat/00000000to00071840/00007979.tar.gz
HTAR: a   DC2_ImSim/Run2.1i/instCat/00000000to00071840/00007991.tar.gz
HTAR: a   DC2_ImSim/Run2.1i/instCat/00000000to00071840/00007992.tar.gz
HTAR: a   DC2_ImSim/Run2.1i/instCat/00000000to00071840/00007993.tar.gz
HTAR: a   DC2_ImSim/Run2.1i/instCat/00000000to00071840/00007994.tar.gz
HTAR: a   DC2_ImSim/Run2.1i/instCat/00000000to00071840/00007995.tar.gz
HTAR: a   DC2_ImSim/Run2.1i/instCat/00000000to00071840/00007996.tar.gz
HTAR: a   DC2_ImSim/Run2.1i/instCat/00000000to00071840/00007997.tar.gz
HTAR: a   DC2_ImSim/Run2.1i/instCat/00000000to00071840/00007998.tar.gz
HTAR: a   DC2_ImSim/Run2.1i/instCat/00000000to00071840/00007999.tar.gz
HTAR: a   DC2_ImSim/Run2.1i/instCat/00000000to00071840/00008000.tar.gz
HTAR: a   DC2_ImSim/Run2.1i/instCat/00000000to00071840/00008001.tar.gz
HTAR: a   DC2_ImSim/Run2.1i/instCat/00000000to00071840/00008002.tar.gz
HTAR: a   DC2_ImSim/Run2.1i/instCat/00000000to00071840/00008003.tar.gz
HTAR: a   DC2_ImSim/Run2.1i/instCat/00000000to00071840/00008004.tar.gz
HTAR: a   DC2_ImSim/Run2.1i/instCat/00000000to00071840/00008005.tar.gz
HTAR: a   DC2_ImSim/Run2.1i/instCat/00000000to00071840/00008006.tar.gz
HTAR: a   DC2_ImSim/Run2.1i/instCat/00000000to00071840/00008007.tar.gz
HTAR: a   DC2_ImSim/Run2.1i/instCat/00000000to00071840/00008008.tar.gz
HTAR: a   DC2_ImSim/Run2.1i/instCat/00000000to00071840/00008025.tar.gz
HTAR: a   DC2_ImSim/Run2.1i/instCat/00000000to00071840/00008026.tar.gz
HTAR: a   DC2_ImSim/Run2.1i/instCat/00000000to00071840/00008027.tar.gz
HTAR: a   DC2_ImSim/Run2.1i/instCat/00000000to00071840/00008028.tar.gz
HTAR: a   DC2_ImSim/Run2.1i/instCat/00000000to00071840/00008029.tar.gz
HTAR: a   DC2_ImSim/Run2.1i/instCat/00000000to00071840/00008030.tar.gz
HTAR: a   DC2_ImSim/Run2.1i/instCat/00000000to00071840/00008031.tar.gz
HTAR: a   DC2_ImSim/Run2.1i/instCat/00000000to00071840/00008032.tar.gz
HTAR: a   DC2_ImSim/Run2.1i/instCat/00000000to00071840/00008034.tar.gz
HTAR: a   DC2_ImSim/Run2.1i/instCat/00000000to00071840/00008042.tar.gz
HTAR: a   DC2_ImSim/Run2.1i/instCat/00000000to00071840/00008043.tar.gz
HTAR: a   DC2_ImSim/Run2.1i/instCat/00000000to00071840/00008044.tar.gz
HTAR: a   DC2_ImSim/Run2.1i/instCat/00000000to00071840/00008045.tar.gz
HTAR: a   DC2_ImSim/Run2.1i/instCat/00000000to00071840/00008046.tar.gz
HTAR: a   DC2_ImSim/Run2.1i/instCat/00000000to00071840/00008047.tar.gz
HTAR: a   DC2_ImSim/Run2.1i/instCat/00000000to00071840/00008048.tar.gz
HTAR: a   DC2_ImSim/Run2.1i/instCat/00000000to00071840/00008049.tar.gz
HTAR: a   DC2_ImSim/Run2.1i/instCat/00000000to00071840/00008050.tar.gz
HTAR: a   DC2_ImSim/Run2.1i/instCat/00000000to00071840/00008068.tar.gz
HTAR: a   DC2_ImSim/Run2.1i/instCat/00000000to00071840/00008069.tar.gz
HTAR: a   DC2_ImSim/Run2.1i/instCat/00000000to00071840/00008763.tar.gz
HTAR: a   DC2_ImSim/Run2.1i/instCat/00000000to00071840/00008764.tar.gz
HTAR: a   DC2_ImSim/Run2.1i/instCat/00000000to00071840/00008765.tar.gz
HTAR: a   DC2_ImSim/Run2.1i/instCat/00000000to00071840/00008806.tar.gz
HTAR: a   DC2_ImSim/Run2.1i/instCat/00000000to00071840/00008807.tar.gz
HTAR: a   DC2_ImSim/Run2.1i/instCat/00000000to00071840/00008808.tar.gz
HTAR: a   DC2_ImSim/Run2.1i/instCat/00000000to00071840/00010819.tar.gz
HTAR: a   DC2_ImSim/Run2.1i/instCat/00000000to00071840/00010842.tar.gz
HTAR: a   DC2_ImSim/Run2.1i/instCat/00000000to00071840/00010843.tar.gz
HTAR: a   DC2_ImSim/Run2.1i/instCat/00000000to00071840/00010853.tar.gz
HTAR: a   DC2_ImSim/Run2.1i/instCat/00000000to00071840/00010854.tar.gz
HTAR: a   DC2_ImSim/Run2.1i/instCat/00000000to00071840/00010871.tar.gz
HTAR: a   DC2_ImSim/Run2.1i/instCat/00000000to00071840/00010873.tar.gz
HTAR: a   DC2_ImSim/Run2.1i/instCat/00000000to00071840/00010874.tar.gz
HTAR: a   DC2_ImSim/Run2.1i/instCat/00000000to00071840/00010875.tar.gz
HTAR: a   DC2_ImSim/Run2.1i/instCat/00000000to00071840/00010897.tar.gz
HTAR: a   DC2_ImSim/Run2.1i/instCat/00000000to00071840/00012365.tar.gz
HTAR: a   DC2_ImSim/Run2.1i/instCat/00000000to00071840/00012444.tar.gz
HTAR: a   DC2_ImSim/Run2.1i/instCat/00000000to00071840/00012445.tar.gz
HTAR: a   DC2_ImSim/Run2.1i/instCat/00000000to00071840/00012446.tar.gz
HTAR: a   DC2_ImSim/Run2.1i/instCat/00000000to00071840/00012448.tar.gz
HTAR: a   DC2_ImSim/Run2.1i/instCat/00000000to00071840/00012449.tar.gz
HTAR: a   DC2_ImSim/Run2.1i/instCat/00000000to00071840/00012450.tar.gz
HTAR: a   DC2_ImSim/Run2.1i/instCat/00000000to00071840/00012451.tar.gz
HTAR: a   DC2_ImSim/Run2.1i/instCat/00000000to00071840/00012452.tar.gz
HTAR: a   DC2_ImSim/Run2.1i/instCat/00000000to00071840/00012453.tar.gz
HTAR: a   DC2_ImSim/Run2.1i/instCat/00000000to00071840/00012454.tar.gz
HTAR: a   DC2_ImSim/Run2.1i/instCat/00000000to00071840/00012455.tar.gz
HTAR: a   /tmp/HTAR_CF_CHK_47220_1559231377
HTAR Create complete for /home/projects/desc/DC2_ImSim/Run2.1i/instCat/00000000to00071840/00006856to00012455.tar. 379,462,771,712 bytes written for 87 member files, max threads: 2 Transfer time: 2086.432 seconds (181.872 MB/s) wallclock/user/sys: 2086.791 2304.953 1164.275 seconds
HTAR: HTAR SUCCESSFUL
HTAR: a   DC2_ImSim/Run2.1i/instCat/00000000to00071840/00012456.tar.gz
HTAR: a   DC2_ImSim/Run2.1i/instCat/00000000to00071840/00012457.tar.gz
HTAR: a   DC2_ImSim/Run2.1i/instCat/00000000to00071840/00012458.tar.gz
HTAR: a   DC2_ImSim/Run2.1i/instCat/00000000to00071840/00012459.tar.gz
HTAR: a   DC2_ImSim/Run2.1i/instCat/00000000to00071840/00012460.tar.gz
HTAR: a   DC2_ImSim/Run2.1i/instCat/00000000to00071840/00012461.tar.gz
HTAR: a   DC2_ImSim/Run2.1i/instCat/00000000to00071840/00012462.tar.gz
HTAR: a   DC2_ImSim/Run2.1i/instCat/00000000to00071840/00012464.tar.gz
HTAR: a   DC2_ImSim/Run2.1i/instCat/00000000to00071840/00012465.tar.gz
HTAR: a   DC2_ImSim/Run2.1i/instCat/00000000to00071840/00012466.tar.gz
HTAR: a   DC2_ImSim/Run2.1i/instCat/00000000to00071840/00012467.tar.gz
HTAR: a   DC2_ImSim/Run2.1i/instCat/00000000to00071840/00012468.tar.gz
HTAR: a   DC2_ImSim/Run2.1i/instCat/00000000to00071840/00012469.tar.gz
HTAR: a   DC2_ImSim/Run2.1i/instCat/00000000to00071840/00012470.tar.gz
HTAR: a   DC2_ImSim/Run2.1i/instCat/00000000to00071840/00012471.tar.gz
HTAR: a   DC2_ImSim/Run2.1i/instCat/00000000to00071840/00012472.tar.gz
HTAR: a   DC2_ImSim/Run2.1i/instCat/00000000to00071840/00012473.tar.gz
HTAR: a   DC2_ImSim/Run2.1i/instCat/00000000to00071840/00012474.tar.gz
HTAR: a   DC2_ImSim/Run2.1i/instCat/00000000to00071840/00012475.tar.gz
HTAR: a   DC2_ImSim/Run2.1i/instCat/00000000to00071840/00012476.tar.gz
HTAR: a   DC2_ImSim/Run2.1i/instCat/00000000to00071840/00012477.tar.gz
HTAR: a   DC2_ImSim/Run2.1i/instCat/00000000to00071840/00012478.tar.gz
HTAR: a   DC2_ImSim/Run2.1i/instCat/00000000to00071840/00012479.tar.gz
HTAR: a   DC2_ImSim/Run2.1i/instCat/00000000to00071840/00012480.tar.gz
HTAR: a   DC2_ImSim/Run2.1i/instCat/00000000to00071840/00012481.tar.gz
HTAR: a   DC2_ImSim/Run2.1i/instCat/00000000to00071840/00012482.tar.gz
HTAR: a   DC2_ImSim/Run2.1i/instCat/00000000to00071840/00012483.tar.gz
HTAR: a   DC2_ImSim/Run2.1i/instCat/00000000to00071840/00012484.tar.gz
HTAR: a   DC2_ImSim/Run2.1i/instCat/00000000to00071840/00013171.tar.gz
HTAR: a   DC2_ImSim/Run2.1i/instCat/00000000to00071840/00013172.tar.gz
HTAR: a   DC2_ImSim/Run2.1i/instCat/00000000to00071840/00013173.tar.gz
HTAR: a   DC2_ImSim/Run2.1i/instCat/00000000to00071840/00013213.tar.gz
HTAR: a   DC2_ImSim/Run2.1i/instCat/00000000to00071840/00013214.tar.gz
HTAR: a   DC2_ImSim/Run2.1i/instCat/00000000to00071840/00013215.tar.gz
HTAR: a   DC2_ImSim/Run2.1i/instCat/00000000to00071840/00013216.tar.gz
HTAR: a   DC2_ImSim/Run2.1i/instCat/00000000to00071840/00013217.tar.gz
HTAR: a   DC2_ImSim/Run2.1i/instCat/00000000to00071840/00013262.tar.gz
HTAR: a   DC2_ImSim/Run2.1i/instCat/00000000to00071840/00013263.tar.gz
HTAR: a   DC2_ImSim/Run2.1i/instCat/00000000to00071840/00013267.tar.gz
HTAR: a   DC2_ImSim/Run2.1i/instCat/00000000to00071840/00013268.tar.gz
HTAR: a   DC2_ImSim/Run2.1i/instCat/00000000to00071840/00013272.tar.gz
HTAR: a   DC2_ImSim/Run2.1i/instCat/00000000to00071840/00013273.tar.gz
HTAR: a   DC2_ImSim/Run2.1i/instCat/00000000to00071840/00013274.tar.gz
HTAR: a   DC2_ImSim/Run2.1i/instCat/00000000to00071840/00013275.tar.gz
HTAR: a   DC2_ImSim/Run2.1i/instCat/00000000to00071840/00013276.tar.gz
HTAR: a   DC2_ImSim/Run2.1i/instCat/00000000to00071840/00013277.tar.gz
HTAR: a   DC2_ImSim/Run2.1i/instCat/00000000to00071840/00013278.tar.gz
HTAR: a   DC2_ImSim/Run2.1i/instCat/00000000to00071840/00013279.tar.gz
HTAR: a   DC2_ImSim/Run2.1i/instCat/00000000to00071840/00013280.tar.gz
HTAR: a   DC2_ImSim/Run2.1i/instCat/00000000to00071840/00013283.tar.gz
HTAR: a   DC2_ImSim/Run2.1i/instCat/00000000to00071840/00013284.tar.gz
HTAR: a   DC2_ImSim/Run2.1i/instCat/00000000to00071840/00013285.tar.gz
HTAR: a   DC2_ImSim/Run2.1i/instCat/00000000to00071840/00013286.tar.gz
HTAR: a   DC2_ImSim/Run2.1i/instCat/00000000to00071840/00013287.tar.gz
HTAR: a   DC2_ImSim/Run2.1i/instCat/00000000to00071840/00013288.tar.gz
HTAR: a   DC2_ImSim/Run2.1i/instCat/00000000to00071840/00013289.tar.gz
HTAR: a   DC2_ImSim/Run2.1i/instCat/00000000to00071840/00013290.tar.gz
HTAR: a   DC2_ImSim/Run2.1i/instCat/00000000to00071840/00013291.tar.gz
HTAR: a   DC2_ImSim/Run2.1i/instCat/00000000to00071840/00013315.tar.gz
HTAR: a   DC2_ImSim/Run2.1i/instCat/00000000to00071840/00013316.tar.gz
HTAR: a   DC2_ImSim/Run2.1i/instCat/00000000to00071840/00013319.tar.gz
HTAR: a   DC2_ImSim/Run2.1i/instCat/00000000to00071840/00013321.tar.gz
HTAR: a   DC2_ImSim/Run2.1i/instCat/00000000to00071840/00013322.tar.gz
HTAR: a   DC2_ImSim/Run2.1i/instCat/00000000to00071840/00013323.tar.gz
HTAR: a   DC2_ImSim/Run2.1i/instCat/00000000to00071840/00013326.tar.gz
HTAR: a   DC2_ImSim/Run2.1i/instCat/00000000to00071840/00013327.tar.gz
HTAR: a   DC2_ImSim/Run2.1i/instCat/00000000to00071840/00013328.tar.gz
HTAR: a   DC2_ImSim/Run2.1i/instCat/00000000to00071840/00013329.tar.gz
HTAR: a   DC2_ImSim/Run2.1i/instCat/00000000to00071840/00013330.tar.gz
HTAR: a   DC2_ImSim/Run2.1i/instCat/00000000to00071840/00013331.tar.gz
HTAR: a   DC2_ImSim/Run2.1i/instCat/00000000to00071840/00013332.tar.gz
HTAR: a   DC2_ImSim/Run2.1i/instCat/00000000to00071840/00013333.tar.gz
HTAR: a   DC2_ImSim/Run2.1i/instCat/00000000to00071840/00013334.tar.gz
HTAR: a   DC2_ImSim/Run2.1i/instCat/00000000to00071840/00013335.tar.gz
HTAR: a   DC2_ImSim/Run2.1i/instCat/00000000to00071840/00013337.tar.gz
HTAR: a   DC2_ImSim/Run2.1i/instCat/00000000to00071840/00013338.tar.gz
HTAR: a   DC2_ImSim/Run2.1i/instCat/00000000to00071840/00013339.tar.gz
HTAR: a   DC2_ImSim/Run2.1i/instCat/00000000to00071840/00013340.tar.gz
HTAR: a   DC2_ImSim/Run2.1i/instCat/00000000to00071840/00013341.tar.gz
HTAR: a   DC2_ImSim/Run2.1i/instCat/00000000to00071840/00013342.tar.gz
HTAR: a   DC2_ImSim/Run2.1i/instCat/00000000to00071840/00013343.tar.gz
HTAR: a   DC2_ImSim/Run2.1i/instCat/00000000to00071840/00013344.tar.gz
HTAR: a   DC2_ImSim/Run2.1i/instCat/00000000to00071840/00013345.tar.gz
HTAR: a   DC2_ImSim/Run2.1i/instCat/00000000to00071840/00013405.tar.gz
HTAR: a   DC2_ImSim/Run2.1i/instCat/00000000to00071840/00013406.tar.gz
HTAR: a   DC2_ImSim/Run2.1i/instCat/00000000to00071840/00013407.tar.gz
HTAR: a   DC2_ImSim/Run2.1i/instCat/00000000to00071840/00013408.tar.gz
HTAR: a   /tmp/HTAR_CF_CHK_40840_1559233467
HTAR Create complete for /home/projects/desc/DC2_ImSim/Run2.1i/instCat/00000000to00071840/00012456to00013408.tar. 410,609,161,216 bytes written for 87 member files, max threads: 3 Transfer time: 2376.191 seconds (172.801 MB/s) wallclock/user/sys: 2376.396 2566.012 1357.292 seconds
HTAR: HTAR SUCCESSFUL
HTAR: a   DC2_ImSim/Run2.1i/instCat/00000000to00071840/00013847.tar.gz
HTAR: a   DC2_ImSim/Run2.1i/instCat/00000000to00071840/00013876.tar.gz
HTAR: a   DC2_ImSim/Run2.1i/instCat/00000000to00071840/00013877.tar.gz
HTAR: a   DC2_ImSim/Run2.1i/instCat/00000000to00071840/00015764.tar.gz
HTAR: a   DC2_ImSim/Run2.1i/instCat/00000000to00071840/00015765.tar.gz
HTAR: a   DC2_ImSim/Run2.1i/instCat/00000000to00071840/00016865.tar.gz
HTAR: a   DC2_ImSim/Run2.1i/instCat/00000000to00071840/00016868.tar.gz
HTAR: a   DC2_ImSim/Run2.1i/instCat/00000000to00071840/00016894.tar.gz
HTAR: a   DC2_ImSim/Run2.1i/instCat/00000000to00071840/00016912.tar.gz
HTAR: a   DC2_ImSim/Run2.1i/instCat/00000000to00071840/00016921.tar.gz
HTAR: a   DC2_ImSim/Run2.1i/instCat/00000000to00071840/00016922.tar.gz
HTAR: a   DC2_ImSim/Run2.1i/instCat/00000000to00071840/00016923.tar.gz
HTAR: a   DC2_ImSim/Run2.1i/instCat/00000000to00071840/00016924.tar.gz
HTAR: a   DC2_ImSim/Run2.1i/instCat/00000000to00071840/00024144.tar.gz
HTAR: a   DC2_ImSim/Run2.1i/instCat/00000000to00071840/00024174.tar.gz
HTAR: a   DC2_ImSim/Run2.1i/instCat/00000000to00071840/00027746.tar.gz
HTAR: a   DC2_ImSim/Run2.1i/instCat/00000000to00071840/00027747.tar.gz
HTAR: a   DC2_ImSim/Run2.1i/instCat/00000000to00071840/00030982.tar.gz
HTAR: a   DC2_ImSim/Run2.1i/instCat/00000000to00071840/00032061.tar.gz
HTAR: a   DC2_ImSim/Run2.1i/instCat/00000000to00071840/00032062.tar.gz
HTAR: a   DC2_ImSim/Run2.1i/instCat/00000000to00071840/00032101.tar.gz
HTAR: a   DC2_ImSim/Run2.1i/instCat/00000000to00071840/00032645.tar.gz
HTAR: a   DC2_ImSim/Run2.1i/instCat/00000000to00071840/00032648.tar.gz
HTAR: a   DC2_ImSim/Run2.1i/instCat/00000000to00071840/00032652.tar.gz
HTAR: a   DC2_ImSim/Run2.1i/instCat/00000000to00071840/00032664.tar.gz
HTAR: a   DC2_ImSim/Run2.1i/instCat/00000000to00071840/00032677.tar.gz
HTAR: a   DC2_ImSim/Run2.1i/instCat/00000000to00071840/00032678.tar.gz
HTAR: a   DC2_ImSim/Run2.1i/instCat/00000000to00071840/00032679.tar.gz
HTAR: a   DC2_ImSim/Run2.1i/instCat/00000000to00071840/00032680.tar.gz
HTAR: a   DC2_ImSim/Run2.1i/instCat/00000000to00071840/00032681.tar.gz
HTAR: a   DC2_ImSim/Run2.1i/instCat/00000000to00071840/00032682.tar.gz
HTAR: a   DC2_ImSim/Run2.1i/instCat/00000000to00071840/00032683.tar.gz
HTAR: a   DC2_ImSim/Run2.1i/instCat/00000000to00071840/00032684.tar.gz
HTAR: a   DC2_ImSim/Run2.1i/instCat/00000000to00071840/00032685.tar.gz
HTAR: a   DC2_ImSim/Run2.1i/instCat/00000000to00071840/00032686.tar.gz
HTAR: a   DC2_ImSim/Run2.1i/instCat/00000000to00071840/00032687.tar.gz
HTAR: a   DC2_ImSim/Run2.1i/instCat/00000000to00071840/00032691.tar.gz
HTAR: a   DC2_ImSim/Run2.1i/instCat/00000000to00071840/00032692.tar.gz
HTAR: a   DC2_ImSim/Run2.1i/instCat/00000000to00071840/00032693.tar.gz
HTAR: a   DC2_ImSim/Run2.1i/instCat/00000000to00071840/00032705.tar.gz
HTAR: a   DC2_ImSim/Run2.1i/instCat/00000000to00071840/00033678.tar.gz
HTAR: a   DC2_ImSim/Run2.1i/instCat/00000000to00071840/00033679.tar.gz
HTAR: a   DC2_ImSim/Run2.1i/instCat/00000000to00071840/00033714.tar.gz
HTAR: a   DC2_ImSim/Run2.1i/instCat/00000000to00071840/00033715.tar.gz
HTAR: a   DC2_ImSim/Run2.1i/instCat/00000000to00071840/00033716.tar.gz
HTAR: a   DC2_ImSim/Run2.1i/instCat/00000000to00071840/00033717.tar.gz
HTAR: a   DC2_ImSim/Run2.1i/instCat/00000000to00071840/00033719.tar.gz
HTAR: a   DC2_ImSim/Run2.1i/instCat/00000000to00071840/00033720.tar.gz
HTAR: a   DC2_ImSim/Run2.1i/instCat/00000000to00071840/00033721.tar.gz
HTAR: a   DC2_ImSim/Run2.1i/instCat/00000000to00071840/00033722.tar.gz
HTAR: a   DC2_ImSim/Run2.1i/instCat/00000000to00071840/00033723.tar.gz
HTAR: a   DC2_ImSim/Run2.1i/instCat/00000000to00071840/00033724.tar.gz
HTAR: a   DC2_ImSim/Run2.1i/instCat/00000000to00071840/00033725.tar.gz
HTAR: a   DC2_ImSim/Run2.1i/instCat/00000000to00071840/00035135.tar.gz
HTAR: a   DC2_ImSim/Run2.1i/instCat/00000000to00071840/00035171.tar.gz
HTAR: a   DC2_ImSim/Run2.1i/instCat/00000000to00071840/00035172.tar.gz
HTAR: a   DC2_ImSim/Run2.1i/instCat/00000000to00071840/00035173.tar.gz
HTAR: a   DC2_ImSim/Run2.1i/instCat/00000000to00071840/00037609.tar.gz
HTAR: a   DC2_ImSim/Run2.1i/instCat/00000000to00071840/00037610.tar.gz
HTAR: a   DC2_ImSim/Run2.1i/instCat/00000000to00071840/00037656.tar.gz
HTAR: a   DC2_ImSim/Run2.1i/instCat/00000000to00071840/00037657.tar.gz
HTAR: a   DC2_ImSim/Run2.1i/instCat/00000000to00071840/00037658.tar.gz
HTAR: a   DC2_ImSim/Run2.1i/instCat/00000000to00071840/00039425.tar.gz
HTAR: a   DC2_ImSim/Run2.1i/instCat/00000000to00071840/00039426.tar.gz
HTAR: a   DC2_ImSim/Run2.1i/instCat/00000000to00071840/00039427.tar.gz
HTAR: a   DC2_ImSim/Run2.1i/instCat/00000000to00071840/00039428.tar.gz
HTAR: a   DC2_ImSim/Run2.1i/instCat/00000000to00071840/00039466.tar.gz
HTAR: a   DC2_ImSim/Run2.1i/instCat/00000000to00071840/00039478.tar.gz
HTAR: a   DC2_ImSim/Run2.1i/instCat/00000000to00071840/00039479.tar.gz
HTAR: a   DC2_ImSim/Run2.1i/instCat/00000000to00071840/00039480.tar.gz
HTAR: a   DC2_ImSim/Run2.1i/instCat/00000000to00071840/00040243.tar.gz
HTAR: a   DC2_ImSim/Run2.1i/instCat/00000000to00071840/00040246.tar.gz
HTAR: a   DC2_ImSim/Run2.1i/instCat/00000000to00071840/00040247.tar.gz
HTAR: a   DC2_ImSim/Run2.1i/instCat/00000000to00071840/00040248.tar.gz
HTAR: a   DC2_ImSim/Run2.1i/instCat/00000000to00071840/00040266.tar.gz
HTAR: a   DC2_ImSim/Run2.1i/instCat/00000000to00071840/00040267.tar.gz
HTAR: a   DC2_ImSim/Run2.1i/instCat/00000000to00071840/00040275.tar.gz
HTAR: a   DC2_ImSim/Run2.1i/instCat/00000000to00071840/00040276.tar.gz
HTAR: a   DC2_ImSim/Run2.1i/instCat/00000000to00071840/00040277.tar.gz
HTAR: a   DC2_ImSim/Run2.1i/instCat/00000000to00071840/00040282.tar.gz
HTAR: a   DC2_ImSim/Run2.1i/instCat/00000000to00071840/00040283.tar.gz
HTAR: a   DC2_ImSim/Run2.1i/instCat/00000000to00071840/00040316.tar.gz
HTAR: a   DC2_ImSim/Run2.1i/instCat/00000000to00071840/00040317.tar.gz
HTAR: a   DC2_ImSim/Run2.1i/instCat/00000000to00071840/00040318.tar.gz
HTAR: a   DC2_ImSim/Run2.1i/instCat/00000000to00071840/00040319.tar.gz
HTAR: a   DC2_ImSim/Run2.1i/instCat/00000000to00071840/00040320.tar.gz
HTAR: a   DC2_ImSim/Run2.1i/instCat/00000000to00071840/00040321.tar.gz
HTAR: a   /tmp/HTAR_CF_CHK_2119_1559235846
HTAR Create complete for /home/projects/desc/DC2_ImSim/Run2.1i/instCat/00000000to00071840/00013847to00040321.tar. 358,504,069,120 bytes written for 87 member files, max threads: 2 Transfer time: 2098.566 seconds (170.833 MB/s) wallclock/user/sys: 2098.906 2309.478 1258.534 seconds
HTAR: HTAR SUCCESSFUL
HTAR: a   DC2_ImSim/Run2.1i/instCat/00000000to00071840/00040322.tar.gz
HTAR: a   DC2_ImSim/Run2.1i/instCat/00000000to00071840/00040323.tar.gz
HTAR: a   DC2_ImSim/Run2.1i/instCat/00000000to00071840/00040324.tar.gz
HTAR: a   DC2_ImSim/Run2.1i/instCat/00000000to00071840/00040325.tar.gz
HTAR: a   DC2_ImSim/Run2.1i/instCat/00000000to00071840/00040326.tar.gz
HTAR: a   DC2_ImSim/Run2.1i/instCat/00000000to00071840/00040327.tar.gz
HTAR: a   DC2_ImSim/Run2.1i/instCat/00000000to00071840/00040328.tar.gz
HTAR: a   DC2_ImSim/Run2.1i/instCat/00000000to00071840/00040329.tar.gz
HTAR: a   DC2_ImSim/Run2.1i/instCat/00000000to00071840/00040330.tar.gz
HTAR: a   DC2_ImSim/Run2.1i/instCat/00000000to00071840/00040331.tar.gz
HTAR: a   DC2_ImSim/Run2.1i/instCat/00000000to00071840/00040349.tar.gz
HTAR: a   DC2_ImSim/Run2.1i/instCat/00000000to00071840/00040350.tar.gz
HTAR: a   DC2_ImSim/Run2.1i/instCat/00000000to00071840/00040351.tar.gz
HTAR: a   DC2_ImSim/Run2.1i/instCat/00000000to00071840/00040352.tar.gz
HTAR: a   DC2_ImSim/Run2.1i/instCat/00000000to00071840/00040353.tar.gz
HTAR: a   DC2_ImSim/Run2.1i/instCat/00000000to00071840/00040354.tar.gz
HTAR: a   DC2_ImSim/Run2.1i/instCat/00000000to00071840/00040355.tar.gz
HTAR: a   DC2_ImSim/Run2.1i/instCat/00000000to00071840/00040356.tar.gz
HTAR: a   DC2_ImSim/Run2.1i/instCat/00000000to00071840/00040357.tar.gz
HTAR: a   DC2_ImSim/Run2.1i/instCat/00000000to00071840/00040358.tar.gz
HTAR: a   DC2_ImSim/Run2.1i/instCat/00000000to00071840/00040359.tar.gz
HTAR: a   DC2_ImSim/Run2.1i/instCat/00000000to00071840/00040360.tar.gz
HTAR: a   DC2_ImSim/Run2.1i/instCat/00000000to00071840/00040382.tar.gz
HTAR: a   DC2_ImSim/Run2.1i/instCat/00000000to00071840/00040383.tar.gz
HTAR: a   DC2_ImSim/Run2.1i/instCat/00000000to00071840/00040385.tar.gz
HTAR: a   DC2_ImSim/Run2.1i/instCat/00000000to00071840/00040386.tar.gz
HTAR: a   DC2_ImSim/Run2.1i/instCat/00000000to00071840/00040428.tar.gz
HTAR: a   DC2_ImSim/Run2.1i/instCat/00000000to00071840/00046289.tar.gz
HTAR: a   DC2_ImSim/Run2.1i/instCat/00000000to00071840/00046291.tar.gz
HTAR: a   DC2_ImSim/Run2.1i/instCat/00000000to00071840/00046292.tar.gz
HTAR: a   DC2_ImSim/Run2.1i/instCat/00000000to00071840/00046319.tar.gz
HTAR: a   DC2_ImSim/Run2.1i/instCat/00000000to00071840/00046322.tar.gz
HTAR: a   DC2_ImSim/Run2.1i/instCat/00000000to00071840/00048971.tar.gz
HTAR: a   DC2_ImSim/Run2.1i/instCat/00000000to00071840/00051618.tar.gz
HTAR: a   DC2_ImSim/Run2.1i/instCat/00000000to00071840/00051621.tar.gz
HTAR: a   DC2_ImSim/Run2.1i/instCat/00000000to00071840/00051622.tar.gz
HTAR: a   DC2_ImSim/Run2.1i/instCat/00000000to00071840/00051625.tar.gz
HTAR: a   DC2_ImSim/Run2.1i/instCat/00000000to00071840/00051626.tar.gz
HTAR: a   DC2_ImSim/Run2.1i/instCat/00000000to00071840/00052527.tar.gz
HTAR: a   DC2_ImSim/Run2.1i/instCat/00000000to00071840/00052529.tar.gz
HTAR: a   DC2_ImSim/Run2.1i/instCat/00000000to00071840/00052541.tar.gz
HTAR: a   DC2_ImSim/Run2.1i/instCat/00000000to00071840/00052542.tar.gz
HTAR: a   DC2_ImSim/Run2.1i/instCat/00000000to00071840/00052543.tar.gz
HTAR: a   DC2_ImSim/Run2.1i/instCat/00000000to00071840/00052544.tar.gz
HTAR: a   DC2_ImSim/Run2.1i/instCat/00000000to00071840/00053397.tar.gz
HTAR: a   DC2_ImSim/Run2.1i/instCat/00000000to00071840/00053398.tar.gz
HTAR: a   DC2_ImSim/Run2.1i/instCat/00000000to00071840/00053402.tar.gz
HTAR: a   DC2_ImSim/Run2.1i/instCat/00000000to00071840/00053411.tar.gz
HTAR: a   DC2_ImSim/Run2.1i/instCat/00000000to00071840/00054300.tar.gz
HTAR: a   DC2_ImSim/Run2.1i/instCat/00000000to00071840/00055224.tar.gz
HTAR: a   DC2_ImSim/Run2.1i/instCat/00000000to00071840/00055244.tar.gz
HTAR: a   DC2_ImSim/Run2.1i/instCat/00000000to00071840/00057155.tar.gz
HTAR: a   DC2_ImSim/Run2.1i/instCat/00000000to00071840/00057156.tar.gz
HTAR: a   DC2_ImSim/Run2.1i/instCat/00000000to00071840/00057157.tar.gz
HTAR: a   DC2_ImSim/Run2.1i/instCat/00000000to00071840/00057158.tar.gz
HTAR: a   DC2_ImSim/Run2.1i/instCat/00000000to00071840/00057159.tar.gz
HTAR: a   DC2_ImSim/Run2.1i/instCat/00000000to00071840/00057160.tar.gz
HTAR: a   DC2_ImSim/Run2.1i/instCat/00000000to00071840/00057161.tar.gz
HTAR: a   DC2_ImSim/Run2.1i/instCat/00000000to00071840/00057162.tar.gz
HTAR: a   DC2_ImSim/Run2.1i/instCat/00000000to00071840/00057202.tar.gz
HTAR: a   DC2_ImSim/Run2.1i/instCat/00000000to00071840/00060783.tar.gz
HTAR: a   DC2_ImSim/Run2.1i/instCat/00000000to00071840/00060888.tar.gz
HTAR: a   DC2_ImSim/Run2.1i/instCat/00000000to00071840/00060889.tar.gz
HTAR: a   DC2_ImSim/Run2.1i/instCat/00000000to00071840/00060890.tar.gz
HTAR: a   DC2_ImSim/Run2.1i/instCat/00000000to00071840/00060891.tar.gz
HTAR: a   DC2_ImSim/Run2.1i/instCat/00000000to00071840/00060892.tar.gz
HTAR: a   DC2_ImSim/Run2.1i/instCat/00000000to00071840/00060897.tar.gz
HTAR: a   DC2_ImSim/Run2.1i/instCat/00000000to00071840/00060898.tar.gz
HTAR: a   DC2_ImSim/Run2.1i/instCat/00000000to00071840/00060902.tar.gz
HTAR: a   DC2_ImSim/Run2.1i/instCat/00000000to00071840/00060918.tar.gz
HTAR: a   DC2_ImSim/Run2.1i/instCat/00000000to00071840/00060919.tar.gz
HTAR: a   DC2_ImSim/Run2.1i/instCat/00000000to00071840/00062621.tar.gz
HTAR: a   DC2_ImSim/Run2.1i/instCat/00000000to00071840/00062622.tar.gz
HTAR: a   DC2_ImSim/Run2.1i/instCat/00000000to00071840/00064483.tar.gz
HTAR: a   DC2_ImSim/Run2.1i/instCat/00000000to00071840/00064486.tar.gz
HTAR: a   DC2_ImSim/Run2.1i/instCat/00000000to00071840/00064487.tar.gz
HTAR: a   DC2_ImSim/Run2.1i/instCat/00000000to00071840/00064497.tar.gz
HTAR: a   DC2_ImSim/Run2.1i/instCat/00000000to00071840/00064498.tar.gz
HTAR: a   DC2_ImSim/Run2.1i/instCat/00000000to00071840/00064516.tar.gz
HTAR: a   DC2_ImSim/Run2.1i/instCat/00000000to00071840/00064519.tar.gz
HTAR: a   DC2_ImSim/Run2.1i/instCat/00000000to00071840/00064520.tar.gz
HTAR: a   DC2_ImSim/Run2.1i/instCat/00000000to00071840/00067992.tar.gz
HTAR: a   DC2_ImSim/Run2.1i/instCat/00000000to00071840/00068003.tar.gz
HTAR: a   DC2_ImSim/Run2.1i/instCat/00000000to00071840/00068021.tar.gz
HTAR: a   DC2_ImSim/Run2.1i/instCat/00000000to00071840/00068022.tar.gz
HTAR: a   DC2_ImSim/Run2.1i/instCat/00000000to00071840/z
HTAR: a   /tmp/HTAR_CF_CHK_53853_1559237948
HTAR Create complete for /home/projects/desc/DC2_ImSim/Run2.1i/instCat/00000000to00071840/00040322toz.tar. 352,220,520,448 bytes written for 86 member files, max threads: 2 Transfer time: 2131.967 seconds (165.209 MB/s) wallclock/user/sys: 2132.757 2352.925 1284.969 seconds
HTAR: HTAR SUCCESSFUL
