HTAR: a   instcat_y04_191109/00956851.tar.gz
HTAR: a   instcat_y04_191109/00956852.tar.gz
HTAR: a   instcat_y04_191109/00956853.tar.gz
HTAR: a   instcat_y04_191109/00956854.tar.gz
HTAR: a   instcat_y04_191109/00956855.tar.gz
HTAR: a   instcat_y04_191109/00956856.tar.gz
HTAR: a   instcat_y04_191109/00956857.tar.gz
HTAR: a   instcat_y04_191109/00956858.tar.gz
HTAR: a   instcat_y04_191109/00956859.tar.gz
HTAR: a   instcat_y04_191109/00956860.tar.gz
HTAR: a   instcat_y04_191109/00956861.tar.gz
HTAR: a   instcat_y04_191109/00956862.tar.gz
HTAR: a   instcat_y04_191109/00956863.tar.gz
HTAR: a   instcat_y04_191109/00956864.tar.gz
HTAR: a   instcat_y04_191109/00956865.tar.gz
HTAR: a   instcat_y04_191109/00956866.tar.gz
HTAR: a   instcat_y04_191109/00956867.tar.gz
HTAR: a   instcat_y04_191109/00956868.tar.gz
HTAR: a   instcat_y04_191109/00956869.tar.gz
HTAR: a   instcat_y04_191109/00956870.tar.gz
HTAR: a   instcat_y04_191109/00956871.tar.gz
HTAR: a   instcat_y04_191109/00956872.tar.gz
HTAR: a   instcat_y04_191109/00956873.tar.gz
HTAR: a   instcat_y04_191109/00956874.tar.gz
HTAR: a   instcat_y04_191109/00956875.tar.gz
HTAR: a   instcat_y04_191109/00956876.tar.gz
HTAR: a   instcat_y04_191109/00956877.tar.gz
HTAR: a   instcat_y04_191109/00956878.tar.gz
HTAR: a   instcat_y04_191109/00956879.tar.gz
HTAR: a   instcat_y04_191109/00956880.tar.gz
HTAR: a   instcat_y04_191109/00956881.tar.gz
HTAR: a   instcat_y04_191109/00956882.tar.gz
HTAR: a   instcat_y04_191109/00956883.tar.gz
HTAR: a   instcat_y04_191109/00956884.tar.gz
HTAR: a   instcat_y04_191109/00956885.tar.gz
HTAR: a   instcat_y04_191109/00956886.tar.gz
HTAR: a   instcat_y04_191109/00956887.tar.gz
HTAR: a   instcat_y04_191109/00956888.tar.gz
HTAR: a   instcat_y04_191109/00956889.tar.gz
HTAR: a   instcat_y04_191109/00956890.tar.gz
HTAR: a   instcat_y04_191109/00956891.tar.gz
HTAR: a   instcat_y04_191109/00956892.tar.gz
HTAR: a   instcat_y04_191109/00956893.tar.gz
HTAR: a   instcat_y04_191109/00956894.tar.gz
HTAR: a   instcat_y04_191109/00956895.tar.gz
HTAR: a   instcat_y04_191109/00956896.tar.gz
HTAR: a   instcat_y04_191109/00956897.tar.gz
HTAR: a   instcat_y04_191109/00956898.tar.gz
HTAR: a   instcat_y04_191109/00956899.tar.gz
HTAR: a   instcat_y04_191109/00956900.tar.gz
HTAR: a   instcat_y04_191109/00956901.tar.gz
HTAR: a   instcat_y04_191109/00956902.tar.gz
HTAR: a   instcat_y04_191109/00956903.tar.gz
HTAR: a   instcat_y04_191109/00956904.tar.gz
HTAR: a   instcat_y04_191109/00956905.tar.gz
HTAR: a   instcat_y04_191109/00956906.tar.gz
HTAR: a   instcat_y04_191109/00956907.tar.gz
HTAR: a   instcat_y04_191109/00956908.tar.gz
HTAR: a   instcat_y04_191109/00956909.tar.gz
HTAR: a   instcat_y04_191109/00956910.tar.gz
HTAR: a   instcat_y04_191109/00956911.tar.gz
HTAR: a   instcat_y04_191109/00956912.tar.gz
HTAR: a   instcat_y04_191109/00956913.tar.gz
HTAR: a   instcat_y04_191109/00956914.tar.gz
HTAR: a   instcat_y04_191109/00956915.tar.gz
HTAR: a   instcat_y04_191109/00956916.tar.gz
HTAR: a   instcat_y04_191109/00956917.tar.gz
HTAR: a   instcat_y04_191109/00956918.tar.gz
HTAR: a   instcat_y04_191109/00956919.tar.gz
HTAR: a   instcat_y04_191109/00956920.tar.gz
HTAR: a   instcat_y04_191109/00956921.tar.gz
HTAR: a   instcat_y04_191109/00956922.tar.gz
HTAR: a   instcat_y04_191109/00956923.tar.gz
HTAR: a   instcat_y04_191109/00956924.tar.gz
HTAR: a   instcat_y04_191109/00956953.tar.gz
HTAR: a   instcat_y04_191109/00956954.tar.gz
HTAR: a   instcat_y04_191109/00957586.tar.gz
HTAR: a   instcat_y04_191109/00957626.tar.gz
HTAR: a   instcat_y04_191109/00957632.tar.gz
HTAR: a   instcat_y04_191109/00958154.tar.gz
HTAR: a   instcat_y04_191109/00958199.tar.gz
HTAR: a   instcat_y04_191109/00958360.tar.gz
HTAR: a   instcat_y04_191109/00958361.tar.gz
HTAR: a   instcat_y04_191109/00958362.tar.gz
HTAR: a   instcat_y04_191109/00958368.tar.gz
HTAR: a   instcat_y04_191109/00958369.tar.gz
HTAR: a   instcat_y04_191109/00958370.tar.gz
HTAR: a   instcat_y04_191109/00958371.tar.gz
HTAR: a   instcat_y04_191109/00958372.tar.gz
HTAR: a   instcat_y04_191109/00958373.tar.gz
HTAR: a   instcat_y04_191109/00958374.tar.gz
HTAR: a   instcat_y04_191109/00958375.tar.gz
HTAR: a   instcat_y04_191109/00958376.tar.gz
HTAR: a   instcat_y04_191109/00958416.tar.gz
HTAR: a   instcat_y04_191109/00958422.tar.gz
HTAR: a   instcat_y04_191109/00958423.tar.gz
HTAR: a   instcat_y04_191109/00958424.tar.gz
HTAR: a   instcat_y04_191109/00958425.tar.gz
HTAR: a   instcat_y04_191109/00958426.tar.gz
HTAR: a   instcat_y04_191109/00958527.tar.gz
HTAR: a   instcat_y04_191109/00958563.tar.gz
HTAR: a   instcat_y04_191109/00958565.tar.gz
HTAR: a   instcat_y04_191109/00958566.tar.gz
HTAR: a   instcat_y04_191109/00958567.tar.gz
HTAR: a   instcat_y04_191109/00958568.tar.gz
HTAR: a   instcat_y04_191109/00958569.tar.gz
HTAR: a   instcat_y04_191109/00958570.tar.gz
HTAR: a   instcat_y04_191109/00958571.tar.gz
HTAR: a   instcat_y04_191109/00958574.tar.gz
HTAR: a   instcat_y04_191109/00958607.tar.gz
HTAR: a   instcat_y04_191109/00958611.tar.gz
HTAR: a   instcat_y04_191109/00958612.tar.gz
HTAR: a   instcat_y04_191109/00958613.tar.gz
HTAR: a   instcat_y04_191109/00958614.tar.gz
HTAR: a   instcat_y04_191109/00958617.tar.gz
HTAR: a   instcat_y04_191109/00958618.tar.gz
HTAR: a   instcat_y04_191109/00958619.tar.gz
HTAR: a   instcat_y04_191109/00958620.tar.gz
HTAR: a   instcat_y04_191109/00958621.tar.gz
HTAR: a   instcat_y04_191109/00958623.tar.gz
HTAR: a   instcat_y04_191109/job_log_00956851.txt
HTAR: a   instcat_y04_191109/job_log_00956852.txt
HTAR: a   instcat_y04_191109/job_log_00956853.txt
HTAR: a   instcat_y04_191109/job_log_00956854.txt
HTAR: a   instcat_y04_191109/job_log_00956855.txt
HTAR: a   instcat_y04_191109/job_log_00956856.txt
HTAR: a   instcat_y04_191109/job_log_00956857.txt
HTAR: a   instcat_y04_191109/job_log_00956858.txt
HTAR: a   instcat_y04_191109/job_log_00956859.txt
HTAR: a   instcat_y04_191109/job_log_00956860.txt
HTAR: a   instcat_y04_191109/job_log_00956861.txt
HTAR: a   instcat_y04_191109/job_log_00956862.txt
HTAR: a   instcat_y04_191109/job_log_00956863.txt
HTAR: a   instcat_y04_191109/job_log_00956864.txt
HTAR: a   instcat_y04_191109/job_log_00956865.txt
HTAR: a   instcat_y04_191109/job_log_00956866.txt
HTAR: a   instcat_y04_191109/job_log_00956867.txt
HTAR: a   instcat_y04_191109/job_log_00956868.txt
HTAR: a   instcat_y04_191109/job_log_00956869.txt
HTAR: a   instcat_y04_191109/job_log_00956870.txt
HTAR: a   instcat_y04_191109/job_log_00956871.txt
HTAR: a   instcat_y04_191109/job_log_00956872.txt
HTAR: a   instcat_y04_191109/job_log_00956873.txt
HTAR: a   instcat_y04_191109/job_log_00956874.txt
HTAR: a   instcat_y04_191109/job_log_00956875.txt
HTAR: a   instcat_y04_191109/job_log_00956876.txt
HTAR: a   instcat_y04_191109/job_log_00956877.txt
HTAR: a   instcat_y04_191109/job_log_00956878.txt
HTAR: a   instcat_y04_191109/job_log_00956879.txt
HTAR: a   instcat_y04_191109/job_log_00956880.txt
HTAR: a   instcat_y04_191109/job_log_00956881.txt
HTAR: a   instcat_y04_191109/job_log_00956882.txt
HTAR: a   instcat_y04_191109/job_log_00956883.txt
HTAR: a   instcat_y04_191109/job_log_00956884.txt
HTAR: a   instcat_y04_191109/job_log_00956885.txt
HTAR: a   instcat_y04_191109/job_log_00956886.txt
HTAR: a   instcat_y04_191109/job_log_00956887.txt
HTAR: a   instcat_y04_191109/job_log_00956888.txt
HTAR: a   instcat_y04_191109/job_log_00956889.txt
HTAR: a   instcat_y04_191109/job_log_00956890.txt
HTAR: a   instcat_y04_191109/job_log_00956891.txt
HTAR: a   instcat_y04_191109/job_log_00956892.txt
HTAR: a   instcat_y04_191109/job_log_00956893.txt
HTAR: a   instcat_y04_191109/job_log_00956894.txt
HTAR: a   instcat_y04_191109/job_log_00956895.txt
HTAR: a   instcat_y04_191109/job_log_00956896.txt
HTAR: a   instcat_y04_191109/job_log_00956897.txt
HTAR: a   instcat_y04_191109/job_log_00956898.txt
HTAR: a   instcat_y04_191109/job_log_00956899.txt
HTAR: a   instcat_y04_191109/job_log_00956900.txt
HTAR: a   instcat_y04_191109/job_log_00956901.txt
HTAR: a   instcat_y04_191109/job_log_00956902.txt
HTAR: a   instcat_y04_191109/job_log_00956903.txt
HTAR: a   instcat_y04_191109/job_log_00956904.txt
HTAR: a   instcat_y04_191109/job_log_00956905.txt
HTAR: a   instcat_y04_191109/job_log_00956906.txt
HTAR: a   instcat_y04_191109/job_log_00956907.txt
HTAR: a   instcat_y04_191109/job_log_00956908.txt
HTAR: a   instcat_y04_191109/job_log_00956909.txt
HTAR: a   instcat_y04_191109/job_log_00956910.txt
HTAR: a   instcat_y04_191109/job_log_00956911.txt
HTAR: a   instcat_y04_191109/job_log_00956912.txt
HTAR: a   instcat_y04_191109/job_log_00956913.txt
HTAR: a   instcat_y04_191109/job_log_00956914.txt
HTAR: a   instcat_y04_191109/job_log_00956915.txt
HTAR: a   instcat_y04_191109/job_log_00956916.txt
HTAR: a   instcat_y04_191109/job_log_00956917.txt
HTAR: a   instcat_y04_191109/job_log_00956918.txt
HTAR: a   instcat_y04_191109/job_log_00956919.txt
HTAR: a   instcat_y04_191109/job_log_00956920.txt
HTAR: a   instcat_y04_191109/job_log_00956921.txt
HTAR: a   instcat_y04_191109/job_log_00956922.txt
HTAR: a   instcat_y04_191109/job_log_00956923.txt
HTAR: a   instcat_y04_191109/job_log_00956924.txt
HTAR: a   instcat_y04_191109/job_log_00956953.txt
HTAR: a   instcat_y04_191109/job_log_00956954.txt
HTAR: a   instcat_y04_191109/job_log_00957586.txt
HTAR: a   instcat_y04_191109/job_log_00957626.txt
HTAR: a   instcat_y04_191109/job_log_00957632.txt
HTAR: a   instcat_y04_191109/job_log_00958154.txt
HTAR: a   instcat_y04_191109/job_log_00958199.txt
HTAR: a   instcat_y04_191109/job_log_00958360.txt
HTAR: a   instcat_y04_191109/job_log_00958361.txt
HTAR: a   instcat_y04_191109/job_log_00958362.txt
HTAR: a   instcat_y04_191109/job_log_00958368.txt
HTAR: a   instcat_y04_191109/job_log_00958369.txt
HTAR: a   instcat_y04_191109/job_log_00958370.txt
HTAR: a   instcat_y04_191109/job_log_00958371.txt
HTAR: a   instcat_y04_191109/job_log_00958372.txt
HTAR: a   instcat_y04_191109/job_log_00958373.txt
HTAR: a   instcat_y04_191109/job_log_00958374.txt
HTAR: a   instcat_y04_191109/job_log_00958375.txt
HTAR: a   instcat_y04_191109/job_log_00958376.txt
HTAR: a   instcat_y04_191109/job_log_00958416.txt
HTAR: a   instcat_y04_191109/job_log_00958422.txt
HTAR: a   instcat_y04_191109/job_log_00958423.txt
HTAR: a   instcat_y04_191109/job_log_00958424.txt
HTAR: a   instcat_y04_191109/job_log_00958425.txt
HTAR: a   instcat_y04_191109/job_log_00958426.txt
HTAR: a   instcat_y04_191109/job_log_00958527.txt
HTAR: a   instcat_y04_191109/job_log_00958563.txt
HTAR: a   instcat_y04_191109/job_log_00958565.txt
HTAR: a   instcat_y04_191109/job_log_00958566.txt
HTAR: a   instcat_y04_191109/job_log_00958567.txt
HTAR: a   instcat_y04_191109/job_log_00958568.txt
HTAR: a   instcat_y04_191109/job_log_00958569.txt
HTAR: a   instcat_y04_191109/job_log_00958570.txt
HTAR: a   instcat_y04_191109/job_log_00958571.txt
HTAR: a   instcat_y04_191109/job_log_00958574.txt
HTAR: a   instcat_y04_191109/job_log_00958607.txt
HTAR: a   instcat_y04_191109/job_log_00958611.txt
HTAR: a   instcat_y04_191109/job_log_00958612.txt
HTAR: a   instcat_y04_191109/job_log_00958613.txt
HTAR: a   instcat_y04_191109/job_log_00958614.txt
HTAR: a   instcat_y04_191109/job_log_00958617.txt
HTAR: a   instcat_y04_191109/job_log_00958618.txt
HTAR: a   instcat_y04_191109/job_log_00958619.txt
HTAR: a   instcat_y04_191109/job_log_00958620.txt
HTAR: a   instcat_y04_191109/job_log_00958621.txt
HTAR: a   instcat_y04_191109/job_log_00958623.txt
HTAR: a   /tmp/HTAR_CF_CHK_61413_1575999229
HTAR Create complete for /home/projects/desc/DC2_ImSim/Run2.2i/instCat/y04_191109/00956851to00958623.tar. 559,804,608,000 bytes written for 240 member files, max threads: 50 Transfer time: 4573.879 seconds (122.392 MB/s) wallclock/user/sys: 4575.925 5143.903 1660.341 seconds
HTAR: HTAR SUCCESSFUL
HTAR: a   instcat_y04_191109/00958650.tar.gz
HTAR: a   instcat_y04_191109/00958651.tar.gz
HTAR: a   instcat_y04_191109/00958652.tar.gz
HTAR: a   instcat_y04_191109/00958653.tar.gz
HTAR: a   instcat_y04_191109/00958654.tar.gz
HTAR: a   instcat_y04_191109/00958655.tar.gz
HTAR: a   instcat_y04_191109/00958656.tar.gz
HTAR: a   instcat_y04_191109/00958657.tar.gz
HTAR: a   instcat_y04_191109/00958658.tar.gz
HTAR: a   instcat_y04_191109/00958659.tar.gz
HTAR: a   instcat_y04_191109/00958660.tar.gz
HTAR: a   instcat_y04_191109/00958661.tar.gz
HTAR: a   instcat_y04_191109/00958662.tar.gz
HTAR: a   instcat_y04_191109/00958663.tar.gz
HTAR: a   instcat_y04_191109/00958697.tar.gz
HTAR: a   instcat_y04_191109/00958698.tar.gz
HTAR: a   instcat_y04_191109/00958699.tar.gz
HTAR: a   instcat_y04_191109/00958700.tar.gz
HTAR: a   instcat_y04_191109/00958701.tar.gz
HTAR: a   instcat_y04_191109/00958702.tar.gz
HTAR: a   instcat_y04_191109/00958703.tar.gz
HTAR: a   instcat_y04_191109/00958704.tar.gz
HTAR: a   instcat_y04_191109/00958705.tar.gz
HTAR: a   instcat_y04_191109/00958706.tar.gz
HTAR: a   instcat_y04_191109/00958707.tar.gz
HTAR: a   instcat_y04_191109/00958708.tar.gz
HTAR: a   instcat_y04_191109/00958713.tar.gz
HTAR: a   instcat_y04_191109/00958714.tar.gz
HTAR: a   instcat_y04_191109/00958715.tar.gz
HTAR: a   instcat_y04_191109/00958716.tar.gz
HTAR: a   instcat_y04_191109/00958747.tar.gz
HTAR: a   instcat_y04_191109/00958748.tar.gz
HTAR: a   instcat_y04_191109/00958749.tar.gz
HTAR: a   instcat_y04_191109/00958750.tar.gz
HTAR: a   instcat_y04_191109/00958751.tar.gz
HTAR: a   instcat_y04_191109/00958752.tar.gz
HTAR: a   instcat_y04_191109/00958753.tar.gz
HTAR: a   instcat_y04_191109/00958754.tar.gz
HTAR: a   instcat_y04_191109/00958759.tar.gz
HTAR: a   instcat_y04_191109/00958760.tar.gz
HTAR: a   instcat_y04_191109/00958770.tar.gz
HTAR: a   instcat_y04_191109/00958771.tar.gz
HTAR: a   instcat_y04_191109/00958812.tar.gz
HTAR: a   instcat_y04_191109/00958813.tar.gz
HTAR: a   instcat_y04_191109/00958814.tar.gz
HTAR: a   instcat_y04_191109/00958815.tar.gz
HTAR: a   instcat_y04_191109/00959399.tar.gz
HTAR: a   instcat_y04_191109/00959400.tar.gz
HTAR: a   instcat_y04_191109/00959401.tar.gz
HTAR: a   instcat_y04_191109/00959402.tar.gz
HTAR: a   instcat_y04_191109/00959403.tar.gz
HTAR: a   instcat_y04_191109/00959404.tar.gz
HTAR: a   instcat_y04_191109/00959405.tar.gz
HTAR: a   instcat_y04_191109/00959406.tar.gz
HTAR: a   instcat_y04_191109/00959407.tar.gz
HTAR: a   instcat_y04_191109/00959408.tar.gz
HTAR: a   instcat_y04_191109/00959409.tar.gz
HTAR: a   instcat_y04_191109/00959410.tar.gz
HTAR: a   instcat_y04_191109/00959411.tar.gz
HTAR: a   instcat_y04_191109/00959412.tar.gz
HTAR: a   instcat_y04_191109/00959413.tar.gz
HTAR: a   instcat_y04_191109/00959414.tar.gz
HTAR: a   instcat_y04_191109/00959415.tar.gz
HTAR: a   instcat_y04_191109/00959416.tar.gz
HTAR: a   instcat_y04_191109/00959417.tar.gz
HTAR: a   instcat_y04_191109/00959418.tar.gz
HTAR: a   instcat_y04_191109/00959419.tar.gz
HTAR: a   instcat_y04_191109/00959420.tar.gz
HTAR: a   instcat_y04_191109/00959421.tar.gz
HTAR: a   instcat_y04_191109/00959422.tar.gz
HTAR: a   instcat_y04_191109/00959423.tar.gz
HTAR: a   instcat_y04_191109/00959424.tar.gz
HTAR: a   instcat_y04_191109/00959425.tar.gz
HTAR: a   instcat_y04_191109/00959426.tar.gz
HTAR: a   instcat_y04_191109/00959427.tar.gz
HTAR: a   instcat_y04_191109/00959428.tar.gz
HTAR: a   instcat_y04_191109/00959429.tar.gz
HTAR: a   instcat_y04_191109/00959430.tar.gz
HTAR: a   instcat_y04_191109/00959431.tar.gz
HTAR: a   instcat_y04_191109/00959432.tar.gz
HTAR: a   instcat_y04_191109/00959433.tar.gz
HTAR: a   instcat_y04_191109/00959434.tar.gz
HTAR: a   instcat_y04_191109/00959435.tar.gz
HTAR: a   instcat_y04_191109/00959436.tar.gz
HTAR: a   instcat_y04_191109/00959437.tar.gz
HTAR: a   instcat_y04_191109/00959438.tar.gz
HTAR: a   instcat_y04_191109/00959439.tar.gz
HTAR: a   instcat_y04_191109/00959440.tar.gz
HTAR: a   instcat_y04_191109/00959441.tar.gz
HTAR: a   instcat_y04_191109/00959442.tar.gz
HTAR: a   instcat_y04_191109/00959443.tar.gz
HTAR: a   instcat_y04_191109/00959444.tar.gz
HTAR: a   instcat_y04_191109/00959445.tar.gz
HTAR: a   instcat_y04_191109/00959446.tar.gz
HTAR: a   instcat_y04_191109/00959447.tar.gz
HTAR: a   instcat_y04_191109/00959448.tar.gz
HTAR: a   instcat_y04_191109/00959449.tar.gz
HTAR: a   instcat_y04_191109/00959450.tar.gz
HTAR: a   instcat_y04_191109/00959451.tar.gz
HTAR: a   instcat_y04_191109/00959452.tar.gz
HTAR: a   instcat_y04_191109/00959453.tar.gz
HTAR: a   instcat_y04_191109/00959454.tar.gz
HTAR: a   instcat_y04_191109/00959455.tar.gz
HTAR: a   instcat_y04_191109/00959456.tar.gz
HTAR: a   instcat_y04_191109/00959457.tar.gz
HTAR: a   instcat_y04_191109/00959458.tar.gz
HTAR: a   instcat_y04_191109/00959459.tar.gz
HTAR: a   instcat_y04_191109/00959460.tar.gz
HTAR: a   instcat_y04_191109/00959461.tar.gz
HTAR: a   instcat_y04_191109/00959462.tar.gz
HTAR: a   instcat_y04_191109/00959463.tar.gz
HTAR: a   instcat_y04_191109/00959464.tar.gz
HTAR: a   instcat_y04_191109/00959465.tar.gz
HTAR: a   instcat_y04_191109/00959466.tar.gz
HTAR: a   instcat_y04_191109/00959467.tar.gz
HTAR: a   instcat_y04_191109/00959468.tar.gz
HTAR: a   instcat_y04_191109/00959469.tar.gz
HTAR: a   instcat_y04_191109/00959470.tar.gz
HTAR: a   instcat_y04_191109/00959471.tar.gz
HTAR: a   instcat_y04_191109/00959472.tar.gz
HTAR: a   instcat_y04_191109/job_log_00958650.txt
HTAR: a   instcat_y04_191109/job_log_00958651.txt
HTAR: a   instcat_y04_191109/job_log_00958652.txt
HTAR: a   instcat_y04_191109/job_log_00958653.txt
HTAR: a   instcat_y04_191109/job_log_00958654.txt
HTAR: a   instcat_y04_191109/job_log_00958655.txt
HTAR: a   instcat_y04_191109/job_log_00958656.txt
HTAR: a   instcat_y04_191109/job_log_00958657.txt
HTAR: a   instcat_y04_191109/job_log_00958658.txt
HTAR: a   instcat_y04_191109/job_log_00958659.txt
HTAR: a   instcat_y04_191109/job_log_00958660.txt
HTAR: a   instcat_y04_191109/job_log_00958661.txt
HTAR: a   instcat_y04_191109/job_log_00958662.txt
HTAR: a   instcat_y04_191109/job_log_00958663.txt
HTAR: a   instcat_y04_191109/job_log_00958697.txt
HTAR: a   instcat_y04_191109/job_log_00958698.txt
HTAR: a   instcat_y04_191109/job_log_00958699.txt
HTAR: a   instcat_y04_191109/job_log_00958700.txt
HTAR: a   instcat_y04_191109/job_log_00958701.txt
HTAR: a   instcat_y04_191109/job_log_00958702.txt
HTAR: a   instcat_y04_191109/job_log_00958703.txt
HTAR: a   instcat_y04_191109/job_log_00958704.txt
HTAR: a   instcat_y04_191109/job_log_00958705.txt
HTAR: a   instcat_y04_191109/job_log_00958706.txt
HTAR: a   instcat_y04_191109/job_log_00958707.txt
HTAR: a   instcat_y04_191109/job_log_00958708.txt
HTAR: a   instcat_y04_191109/job_log_00958713.txt
HTAR: a   instcat_y04_191109/job_log_00958714.txt
HTAR: a   instcat_y04_191109/job_log_00958715.txt
HTAR: a   instcat_y04_191109/job_log_00958716.txt
HTAR: a   instcat_y04_191109/job_log_00958747.txt
HTAR: a   instcat_y04_191109/job_log_00958748.txt
HTAR: a   instcat_y04_191109/job_log_00958749.txt
HTAR: a   instcat_y04_191109/job_log_00958750.txt
HTAR: a   instcat_y04_191109/job_log_00958751.txt
HTAR: a   instcat_y04_191109/job_log_00958752.txt
HTAR: a   instcat_y04_191109/job_log_00958753.txt
HTAR: a   instcat_y04_191109/job_log_00958754.txt
HTAR: a   instcat_y04_191109/job_log_00958759.txt
HTAR: a   instcat_y04_191109/job_log_00958760.txt
HTAR: a   instcat_y04_191109/job_log_00958770.txt
HTAR: a   instcat_y04_191109/job_log_00958771.txt
HTAR: a   instcat_y04_191109/job_log_00958812.txt
HTAR: a   instcat_y04_191109/job_log_00958813.txt
HTAR: a   instcat_y04_191109/job_log_00958814.txt
HTAR: a   instcat_y04_191109/job_log_00958815.txt
HTAR: a   instcat_y04_191109/job_log_00959399.txt
HTAR: a   instcat_y04_191109/job_log_00959400.txt
HTAR: a   instcat_y04_191109/job_log_00959401.txt
HTAR: a   instcat_y04_191109/job_log_00959402.txt
HTAR: a   instcat_y04_191109/job_log_00959403.txt
HTAR: a   instcat_y04_191109/job_log_00959404.txt
HTAR: a   instcat_y04_191109/job_log_00959405.txt
HTAR: a   instcat_y04_191109/job_log_00959406.txt
HTAR: a   instcat_y04_191109/job_log_00959407.txt
HTAR: a   instcat_y04_191109/job_log_00959408.txt
HTAR: a   instcat_y04_191109/job_log_00959409.txt
HTAR: a   instcat_y04_191109/job_log_00959410.txt
HTAR: a   instcat_y04_191109/job_log_00959411.txt
HTAR: a   instcat_y04_191109/job_log_00959412.txt
HTAR: a   instcat_y04_191109/job_log_00959413.txt
HTAR: a   instcat_y04_191109/job_log_00959414.txt
HTAR: a   instcat_y04_191109/job_log_00959415.txt
HTAR: a   instcat_y04_191109/job_log_00959416.txt
HTAR: a   instcat_y04_191109/job_log_00959417.txt
HTAR: a   instcat_y04_191109/job_log_00959418.txt
HTAR: a   instcat_y04_191109/job_log_00959419.txt
HTAR: a   instcat_y04_191109/job_log_00959420.txt
HTAR: a   instcat_y04_191109/job_log_00959421.txt
HTAR: a   instcat_y04_191109/job_log_00959422.txt
HTAR: a   instcat_y04_191109/job_log_00959423.txt
HTAR: a   instcat_y04_191109/job_log_00959424.txt
HTAR: a   instcat_y04_191109/job_log_00959425.txt
HTAR: a   instcat_y04_191109/job_log_00959426.txt
HTAR: a   instcat_y04_191109/job_log_00959427.txt
HTAR: a   instcat_y04_191109/job_log_00959428.txt
HTAR: a   instcat_y04_191109/job_log_00959429.txt
HTAR: a   instcat_y04_191109/job_log_00959430.txt
HTAR: a   instcat_y04_191109/job_log_00959431.txt
HTAR: a   instcat_y04_191109/job_log_00959432.txt
HTAR: a   instcat_y04_191109/job_log_00959433.txt
HTAR: a   instcat_y04_191109/job_log_00959434.txt
HTAR: a   instcat_y04_191109/job_log_00959435.txt
HTAR: a   instcat_y04_191109/job_log_00959436.txt
HTAR: a   instcat_y04_191109/job_log_00959437.txt
HTAR: a   instcat_y04_191109/job_log_00959438.txt
HTAR: a   instcat_y04_191109/job_log_00959439.txt
HTAR: a   instcat_y04_191109/job_log_00959440.txt
HTAR: a   instcat_y04_191109/job_log_00959441.txt
HTAR: a   instcat_y04_191109/job_log_00959442.txt
HTAR: a   instcat_y04_191109/job_log_00959443.txt
HTAR: a   instcat_y04_191109/job_log_00959444.txt
HTAR: a   instcat_y04_191109/job_log_00959445.txt
HTAR: a   instcat_y04_191109/job_log_00959446.txt
HTAR: a   instcat_y04_191109/job_log_00959447.txt
HTAR: a   instcat_y04_191109/job_log_00959448.txt
HTAR: a   instcat_y04_191109/job_log_00959449.txt
HTAR: a   instcat_y04_191109/job_log_00959450.txt
HTAR: a   instcat_y04_191109/job_log_00959451.txt
HTAR: a   instcat_y04_191109/job_log_00959452.txt
HTAR: a   instcat_y04_191109/job_log_00959453.txt
HTAR: a   instcat_y04_191109/job_log_00959454.txt
HTAR: a   instcat_y04_191109/job_log_00959455.txt
HTAR: a   instcat_y04_191109/job_log_00959456.txt
HTAR: a   instcat_y04_191109/job_log_00959457.txt
HTAR: a   instcat_y04_191109/job_log_00959458.txt
HTAR: a   instcat_y04_191109/job_log_00959459.txt
HTAR: a   instcat_y04_191109/job_log_00959460.txt
HTAR: a   instcat_y04_191109/job_log_00959461.txt
HTAR: a   instcat_y04_191109/job_log_00959462.txt
HTAR: a   instcat_y04_191109/job_log_00959463.txt
HTAR: a   instcat_y04_191109/job_log_00959464.txt
HTAR: a   instcat_y04_191109/job_log_00959465.txt
HTAR: a   instcat_y04_191109/job_log_00959466.txt
HTAR: a   instcat_y04_191109/job_log_00959467.txt
HTAR: a   instcat_y04_191109/job_log_00959468.txt
HTAR: a   instcat_y04_191109/job_log_00959469.txt
HTAR: a   instcat_y04_191109/job_log_00959470.txt
HTAR: a   instcat_y04_191109/job_log_00959471.txt
HTAR: a   instcat_y04_191109/job_log_00959472.txt
HTAR: a   /tmp/HTAR_CF_CHK_26316_1576003806
HTAR Create complete for /home/projects/desc/DC2_ImSim/Run2.2i/instCat/y04_191109/00958650to00959472.tar. 562,306,309,632 bytes written for 240 member files, max threads: 50 Transfer time: 3988.242 seconds (140.991 MB/s) wallclock/user/sys: 3988.455 4594.326 2194.905 seconds
HTAR: HTAR SUCCESSFUL
HTAR: a   instcat_y04_191109/00959473.tar.gz
HTAR: a   instcat_y04_191109/00959474.tar.gz
HTAR: a   instcat_y04_191109/00959475.tar.gz
HTAR: a   instcat_y04_191109/00959476.tar.gz
HTAR: a   instcat_y04_191109/00959477.tar.gz
HTAR: a   instcat_y04_191109/00959478.tar.gz
HTAR: a   instcat_y04_191109/00959479.tar.gz
HTAR: a   instcat_y04_191109/00959480.tar.gz
HTAR: a   instcat_y04_191109/00959481.tar.gz
HTAR: a   instcat_y04_191109/00959482.tar.gz
HTAR: a   instcat_y04_191109/00959483.tar.gz
HTAR: a   instcat_y04_191109/00959484.tar.gz
HTAR: a   instcat_y04_191109/00959485.tar.gz
HTAR: a   instcat_y04_191109/00959486.tar.gz
HTAR: a   instcat_y04_191109/00959487.tar.gz
HTAR: a   instcat_y04_191109/00959488.tar.gz
HTAR: a   instcat_y04_191109/00959489.tar.gz
HTAR: a   instcat_y04_191109/00959490.tar.gz
HTAR: a   instcat_y04_191109/00959491.tar.gz
HTAR: a   instcat_y04_191109/00959492.tar.gz
HTAR: a   instcat_y04_191109/00959493.tar.gz
HTAR: a   instcat_y04_191109/00959494.tar.gz
HTAR: a   instcat_y04_191109/00959676.tar.gz
HTAR: a   instcat_y04_191109/00959678.tar.gz
HTAR: a   instcat_y04_191109/00959679.tar.gz
HTAR: a   instcat_y04_191109/00959690.tar.gz
HTAR: a   instcat_y04_191109/00959711.tar.gz
HTAR: a   instcat_y04_191109/00959717.tar.gz
HTAR: a   instcat_y04_191109/00959729.tar.gz
HTAR: a   instcat_y04_191109/00959803.tar.gz
HTAR: a   instcat_y04_191109/00960046.tar.gz
HTAR: a   instcat_y04_191109/00960051.tar.gz
HTAR: a   instcat_y04_191109/00960052.tar.gz
HTAR: a   instcat_y04_191109/00960053.tar.gz
HTAR: a   instcat_y04_191109/00960054.tar.gz
HTAR: a   instcat_y04_191109/00960055.tar.gz
HTAR: a   instcat_y04_191109/00960073.tar.gz
HTAR: a   instcat_y04_191109/00960075.tar.gz
HTAR: a   instcat_y04_191109/00960077.tar.gz
HTAR: a   instcat_y04_191109/00960083.tar.gz
HTAR: a   instcat_y04_191109/00960084.tar.gz
HTAR: a   instcat_y04_191109/00960085.tar.gz
HTAR: a   instcat_y04_191109/00960086.tar.gz
HTAR: a   instcat_y04_191109/00960102.tar.gz
HTAR: a   instcat_y04_191109/00960104.tar.gz
HTAR: a   instcat_y04_191109/00960106.tar.gz
HTAR: a   instcat_y04_191109/00960107.tar.gz
HTAR: a   instcat_y04_191109/00960108.tar.gz
HTAR: a   instcat_y04_191109/00960109.tar.gz
HTAR: a   instcat_y04_191109/00960110.tar.gz
HTAR: a   instcat_y04_191109/00960114.tar.gz
HTAR: a   instcat_y04_191109/00960129.tar.gz
HTAR: a   instcat_y04_191109/00960130.tar.gz
HTAR: a   instcat_y04_191109/00960131.tar.gz
HTAR: a   instcat_y04_191109/00960132.tar.gz
HTAR: a   instcat_y04_191109/00960133.tar.gz
HTAR: a   instcat_y04_191109/00960134.tar.gz
HTAR: a   instcat_y04_191109/00960135.tar.gz
HTAR: a   instcat_y04_191109/00960136.tar.gz
HTAR: a   instcat_y04_191109/00960137.tar.gz
HTAR: a   instcat_y04_191109/00960138.tar.gz
HTAR: a   instcat_y04_191109/00960139.tar.gz
HTAR: a   instcat_y04_191109/00960163.tar.gz
HTAR: a   instcat_y04_191109/00960179.tar.gz
HTAR: a   instcat_y04_191109/00960180.tar.gz
HTAR: a   instcat_y04_191109/00960181.tar.gz
HTAR: a   instcat_y04_191109/00960182.tar.gz
HTAR: a   instcat_y04_191109/00960203.tar.gz
HTAR: a   instcat_y04_191109/00960204.tar.gz
HTAR: a   instcat_y04_191109/00960205.tar.gz
HTAR: a   instcat_y04_191109/00960206.tar.gz
HTAR: a   instcat_y04_191109/00960207.tar.gz
HTAR: a   instcat_y04_191109/00960208.tar.gz
HTAR: a   instcat_y04_191109/00960209.tar.gz
HTAR: a   instcat_y04_191109/00960210.tar.gz
HTAR: a   instcat_y04_191109/00960215.tar.gz
HTAR: a   instcat_y04_191109/00960216.tar.gz
HTAR: a   instcat_y04_191109/00960217.tar.gz
HTAR: a   instcat_y04_191109/00960218.tar.gz
HTAR: a   instcat_y04_191109/00960219.tar.gz
HTAR: a   instcat_y04_191109/00960220.tar.gz
HTAR: a   instcat_y04_191109/00960222.tar.gz
HTAR: a   instcat_y04_191109/00960223.tar.gz
HTAR: a   instcat_y04_191109/00960224.tar.gz
HTAR: a   instcat_y04_191109/00960225.tar.gz
HTAR: a   instcat_y04_191109/00960241.tar.gz
HTAR: a   instcat_y04_191109/00960242.tar.gz
HTAR: a   instcat_y04_191109/00960243.tar.gz
HTAR: a   instcat_y04_191109/00960244.tar.gz
HTAR: a   instcat_y04_191109/00960245.tar.gz
HTAR: a   instcat_y04_191109/00960246.tar.gz
HTAR: a   instcat_y04_191109/00960247.tar.gz
HTAR: a   instcat_y04_191109/00960248.tar.gz
HTAR: a   instcat_y04_191109/00960249.tar.gz
HTAR: a   instcat_y04_191109/00960250.tar.gz
HTAR: a   instcat_y04_191109/00960251.tar.gz
HTAR: a   instcat_y04_191109/00960252.tar.gz
HTAR: a   instcat_y04_191109/00960253.tar.gz
HTAR: a   instcat_y04_191109/00960257.tar.gz
HTAR: a   instcat_y04_191109/00960258.tar.gz
HTAR: a   instcat_y04_191109/00960259.tar.gz
HTAR: a   instcat_y04_191109/00960260.tar.gz
HTAR: a   instcat_y04_191109/00961602.tar.gz
HTAR: a   instcat_y04_191109/00961603.tar.gz
HTAR: a   instcat_y04_191109/00961604.tar.gz
HTAR: a   instcat_y04_191109/00961609.tar.gz
HTAR: a   instcat_y04_191109/00961630.tar.gz
HTAR: a   instcat_y04_191109/00961631.tar.gz
HTAR: a   instcat_y04_191109/00961632.tar.gz
HTAR: a   instcat_y04_191109/00961633.tar.gz
HTAR: a   instcat_y04_191109/00961634.tar.gz
HTAR: a   instcat_y04_191109/00961635.tar.gz
HTAR: a   instcat_y04_191109/00961636.tar.gz
HTAR: a   instcat_y04_191109/00961637.tar.gz
HTAR: a   instcat_y04_191109/00961638.tar.gz
HTAR: a   instcat_y04_191109/00961639.tar.gz
HTAR: a   instcat_y04_191109/00961640.tar.gz
HTAR: a   instcat_y04_191109/00961641.tar.gz
HTAR: a   instcat_y04_191109/00961642.tar.gz
HTAR: a   instcat_y04_191109/00961643.tar.gz
HTAR: a   instcat_y04_191109/job_log_00959473.txt
HTAR: a   instcat_y04_191109/job_log_00959474.txt
HTAR: a   instcat_y04_191109/job_log_00959475.txt
HTAR: a   instcat_y04_191109/job_log_00959476.txt
HTAR: a   instcat_y04_191109/job_log_00959477.txt
HTAR: a   instcat_y04_191109/job_log_00959478.txt
HTAR: a   instcat_y04_191109/job_log_00959479.txt
HTAR: a   instcat_y04_191109/job_log_00959480.txt
HTAR: a   instcat_y04_191109/job_log_00959481.txt
HTAR: a   instcat_y04_191109/job_log_00959482.txt
HTAR: a   instcat_y04_191109/job_log_00959483.txt
HTAR: a   instcat_y04_191109/job_log_00959484.txt
HTAR: a   instcat_y04_191109/job_log_00959485.txt
HTAR: a   instcat_y04_191109/job_log_00959486.txt
HTAR: a   instcat_y04_191109/job_log_00959487.txt
HTAR: a   instcat_y04_191109/job_log_00959488.txt
HTAR: a   instcat_y04_191109/job_log_00959489.txt
HTAR: a   instcat_y04_191109/job_log_00959490.txt
HTAR: a   instcat_y04_191109/job_log_00959491.txt
HTAR: a   instcat_y04_191109/job_log_00959492.txt
HTAR: a   instcat_y04_191109/job_log_00959493.txt
HTAR: a   instcat_y04_191109/job_log_00959494.txt
HTAR: a   instcat_y04_191109/job_log_00959676.txt
HTAR: a   instcat_y04_191109/job_log_00959678.txt
HTAR: a   instcat_y04_191109/job_log_00959679.txt
HTAR: a   instcat_y04_191109/job_log_00959690.txt
HTAR: a   instcat_y04_191109/job_log_00959711.txt
HTAR: a   instcat_y04_191109/job_log_00959717.txt
HTAR: a   instcat_y04_191109/job_log_00959729.txt
HTAR: a   instcat_y04_191109/job_log_00959803.txt
HTAR: a   instcat_y04_191109/job_log_00960046.txt
HTAR: a   instcat_y04_191109/job_log_00960051.txt
HTAR: a   instcat_y04_191109/job_log_00960052.txt
HTAR: a   instcat_y04_191109/job_log_00960053.txt
HTAR: a   instcat_y04_191109/job_log_00960054.txt
HTAR: a   instcat_y04_191109/job_log_00960055.txt
HTAR: a   instcat_y04_191109/job_log_00960073.txt
HTAR: a   instcat_y04_191109/job_log_00960075.txt
HTAR: a   instcat_y04_191109/job_log_00960077.txt
HTAR: a   instcat_y04_191109/job_log_00960083.txt
HTAR: a   instcat_y04_191109/job_log_00960084.txt
HTAR: a   instcat_y04_191109/job_log_00960085.txt
HTAR: a   instcat_y04_191109/job_log_00960086.txt
HTAR: a   instcat_y04_191109/job_log_00960102.txt
HTAR: a   instcat_y04_191109/job_log_00960104.txt
HTAR: a   instcat_y04_191109/job_log_00960106.txt
HTAR: a   instcat_y04_191109/job_log_00960107.txt
HTAR: a   instcat_y04_191109/job_log_00960108.txt
HTAR: a   instcat_y04_191109/job_log_00960109.txt
HTAR: a   instcat_y04_191109/job_log_00960110.txt
HTAR: a   instcat_y04_191109/job_log_00960114.txt
HTAR: a   instcat_y04_191109/job_log_00960129.txt
HTAR: a   instcat_y04_191109/job_log_00960130.txt
HTAR: a   instcat_y04_191109/job_log_00960131.txt
HTAR: a   instcat_y04_191109/job_log_00960132.txt
HTAR: a   instcat_y04_191109/job_log_00960133.txt
HTAR: a   instcat_y04_191109/job_log_00960134.txt
HTAR: a   instcat_y04_191109/job_log_00960135.txt
HTAR: a   instcat_y04_191109/job_log_00960136.txt
HTAR: a   instcat_y04_191109/job_log_00960137.txt
HTAR: a   instcat_y04_191109/job_log_00960138.txt
HTAR: a   instcat_y04_191109/job_log_00960139.txt
HTAR: a   instcat_y04_191109/job_log_00960163.txt
HTAR: a   instcat_y04_191109/job_log_00960179.txt
HTAR: a   instcat_y04_191109/job_log_00960180.txt
HTAR: a   instcat_y04_191109/job_log_00960181.txt
HTAR: a   instcat_y04_191109/job_log_00960182.txt
HTAR: a   instcat_y04_191109/job_log_00960203.txt
HTAR: a   instcat_y04_191109/job_log_00960204.txt
HTAR: a   instcat_y04_191109/job_log_00960205.txt
HTAR: a   instcat_y04_191109/job_log_00960206.txt
HTAR: a   instcat_y04_191109/job_log_00960207.txt
HTAR: a   instcat_y04_191109/job_log_00960208.txt
HTAR: a   instcat_y04_191109/job_log_00960209.txt
HTAR: a   instcat_y04_191109/job_log_00960210.txt
HTAR: a   instcat_y04_191109/job_log_00960215.txt
HTAR: a   instcat_y04_191109/job_log_00960216.txt
HTAR: a   instcat_y04_191109/job_log_00960217.txt
HTAR: a   instcat_y04_191109/job_log_00960218.txt
HTAR: a   instcat_y04_191109/job_log_00960219.txt
HTAR: a   instcat_y04_191109/job_log_00960220.txt
HTAR: a   instcat_y04_191109/job_log_00960222.txt
HTAR: a   instcat_y04_191109/job_log_00960223.txt
HTAR: a   instcat_y04_191109/job_log_00960224.txt
HTAR: a   instcat_y04_191109/job_log_00960225.txt
HTAR: a   instcat_y04_191109/job_log_00960241.txt
HTAR: a   instcat_y04_191109/job_log_00960242.txt
HTAR: a   instcat_y04_191109/job_log_00960243.txt
HTAR: a   instcat_y04_191109/job_log_00960244.txt
HTAR: a   instcat_y04_191109/job_log_00960245.txt
HTAR: a   instcat_y04_191109/job_log_00960246.txt
HTAR: a   instcat_y04_191109/job_log_00960247.txt
HTAR: a   instcat_y04_191109/job_log_00960248.txt
HTAR: a   instcat_y04_191109/job_log_00960249.txt
HTAR: a   instcat_y04_191109/job_log_00960250.txt
HTAR: a   instcat_y04_191109/job_log_00960251.txt
HTAR: a   instcat_y04_191109/job_log_00960252.txt
HTAR: a   instcat_y04_191109/job_log_00960253.txt
HTAR: a   instcat_y04_191109/job_log_00960257.txt
HTAR: a   instcat_y04_191109/job_log_00960258.txt
HTAR: a   instcat_y04_191109/job_log_00960259.txt
HTAR: a   instcat_y04_191109/job_log_00960260.txt
HTAR: a   instcat_y04_191109/job_log_00961602.txt
HTAR: a   instcat_y04_191109/job_log_00961603.txt
HTAR: a   instcat_y04_191109/job_log_00961604.txt
HTAR: a   instcat_y04_191109/job_log_00961609.txt
HTAR: a   instcat_y04_191109/job_log_00961630.txt
HTAR: a   instcat_y04_191109/job_log_00961631.txt
HTAR: a   instcat_y04_191109/job_log_00961632.txt
HTAR: a   instcat_y04_191109/job_log_00961633.txt
HTAR: a   instcat_y04_191109/job_log_00961634.txt
HTAR: a   instcat_y04_191109/job_log_00961635.txt
HTAR: a   instcat_y04_191109/job_log_00961636.txt
HTAR: a   instcat_y04_191109/job_log_00961637.txt
HTAR: a   instcat_y04_191109/job_log_00961638.txt
HTAR: a   instcat_y04_191109/job_log_00961639.txt
HTAR: a   instcat_y04_191109/job_log_00961640.txt
HTAR: a   instcat_y04_191109/job_log_00961641.txt
HTAR: a   instcat_y04_191109/job_log_00961642.txt
HTAR: a   instcat_y04_191109/job_log_00961643.txt
HTAR: a   /tmp/HTAR_CF_CHK_54635_1576007797
HTAR Create complete for /home/projects/desc/DC2_ImSim/Run2.2i/instCat/y04_191109/00959473to00961643.tar. 526,785,260,544 bytes written for 240 member files, max threads: 50 Transfer time: 4214.262 seconds (125.001 MB/s) wallclock/user/sys: 4214.753 4985.093 2056.428 seconds
HTAR: HTAR SUCCESSFUL
HTAR: a   instcat_y04_191109/00961644.tar.gz
HTAR: a   instcat_y04_191109/00961645.tar.gz
HTAR: a   instcat_y04_191109/00961646.tar.gz
HTAR: a   instcat_y04_191109/00961647.tar.gz
HTAR: a   instcat_y04_191109/00961648.tar.gz
HTAR: a   instcat_y04_191109/00961649.tar.gz
HTAR: a   instcat_y04_191109/00961650.tar.gz
HTAR: a   instcat_y04_191109/00961651.tar.gz
HTAR: a   instcat_y04_191109/00961652.tar.gz
HTAR: a   instcat_y04_191109/00961653.tar.gz
HTAR: a   instcat_y04_191109/00961654.tar.gz
HTAR: a   instcat_y04_191109/00961655.tar.gz
HTAR: a   instcat_y04_191109/00961656.tar.gz
HTAR: a   instcat_y04_191109/00961657.tar.gz
HTAR: a   instcat_y04_191109/00961658.tar.gz
HTAR: a   instcat_y04_191109/00961659.tar.gz
HTAR: a   instcat_y04_191109/00961660.tar.gz
HTAR: a   instcat_y04_191109/00961661.tar.gz
HTAR: a   instcat_y04_191109/00961662.tar.gz
HTAR: a   instcat_y04_191109/00961797.tar.gz
HTAR: a   instcat_y04_191109/00961877.tar.gz
HTAR: a   instcat_y04_191109/00961879.tar.gz
HTAR: a   instcat_y04_191109/00961881.tar.gz
HTAR: a   instcat_y04_191109/00961882.tar.gz
HTAR: a   instcat_y04_191109/00961883.tar.gz
HTAR: a   instcat_y04_191109/00962370.tar.gz
HTAR: a   instcat_y04_191109/00962371.tar.gz
HTAR: a   instcat_y04_191109/00962372.tar.gz
HTAR: a   instcat_y04_191109/00962373.tar.gz
HTAR: a   instcat_y04_191109/00962374.tar.gz
HTAR: a   instcat_y04_191109/00962375.tar.gz
HTAR: a   instcat_y04_191109/00962376.tar.gz
HTAR: a   instcat_y04_191109/00962377.tar.gz
HTAR: a   instcat_y04_191109/00962378.tar.gz
HTAR: a   instcat_y04_191109/00962379.tar.gz
HTAR: a   instcat_y04_191109/00962380.tar.gz
HTAR: a   instcat_y04_191109/00962381.tar.gz
HTAR: a   instcat_y04_191109/00962382.tar.gz
HTAR: a   instcat_y04_191109/00962383.tar.gz
HTAR: a   instcat_y04_191109/00962384.tar.gz
HTAR: a   instcat_y04_191109/00962385.tar.gz
HTAR: a   instcat_y04_191109/00962386.tar.gz
HTAR: a   instcat_y04_191109/00962387.tar.gz
HTAR: a   instcat_y04_191109/00962388.tar.gz
HTAR: a   instcat_y04_191109/00962389.tar.gz
HTAR: a   instcat_y04_191109/00962390.tar.gz
HTAR: a   instcat_y04_191109/00962394.tar.gz
HTAR: a   instcat_y04_191109/00962395.tar.gz
HTAR: a   instcat_y04_191109/00962396.tar.gz
HTAR: a   instcat_y04_191109/00962397.tar.gz
HTAR: a   instcat_y04_191109/00962398.tar.gz
HTAR: a   instcat_y04_191109/00962399.tar.gz
HTAR: a   instcat_y04_191109/00962451.tar.gz
HTAR: a   instcat_y04_191109/00962453.tar.gz
HTAR: a   instcat_y04_191109/00962454.tar.gz
HTAR: a   instcat_y04_191109/00962455.tar.gz
HTAR: a   instcat_y04_191109/00962456.tar.gz
HTAR: a   instcat_y04_191109/00962457.tar.gz
HTAR: a   instcat_y04_191109/00962458.tar.gz
HTAR: a   instcat_y04_191109/00962459.tar.gz
HTAR: a   instcat_y04_191109/00962460.tar.gz
HTAR: a   instcat_y04_191109/00962461.tar.gz
HTAR: a   instcat_y04_191109/00962474.tar.gz
HTAR: a   instcat_y04_191109/00962475.tar.gz
HTAR: a   instcat_y04_191109/00962476.tar.gz
HTAR: a   instcat_y04_191109/00962477.tar.gz
HTAR: a   instcat_y04_191109/00962478.tar.gz
HTAR: a   instcat_y04_191109/00962480.tar.gz
HTAR: a   instcat_y04_191109/00962481.tar.gz
HTAR: a   instcat_y04_191109/00962482.tar.gz
HTAR: a   instcat_y04_191109/00962483.tar.gz
HTAR: a   instcat_y04_191109/00962484.tar.gz
HTAR: a   instcat_y04_191109/00962485.tar.gz
HTAR: a   instcat_y04_191109/00962486.tar.gz
HTAR: a   instcat_y04_191109/00962487.tar.gz
HTAR: a   instcat_y04_191109/00962488.tar.gz
HTAR: a   instcat_y04_191109/00962489.tar.gz
HTAR: a   instcat_y04_191109/00962490.tar.gz
HTAR: a   instcat_y04_191109/00962535.tar.gz
HTAR: a   instcat_y04_191109/00962536.tar.gz
HTAR: a   instcat_y04_191109/00962537.tar.gz
HTAR: a   instcat_y04_191109/00962538.tar.gz
HTAR: a   instcat_y04_191109/00962539.tar.gz
HTAR: a   instcat_y04_191109/00962551.tar.gz
HTAR: a   instcat_y04_191109/00962587.tar.gz
HTAR: a   instcat_y04_191109/00962588.tar.gz
HTAR: a   instcat_y04_191109/00962589.tar.gz
HTAR: a   instcat_y04_191109/00962590.tar.gz
HTAR: a   instcat_y04_191109/00962591.tar.gz
HTAR: a   instcat_y04_191109/00962617.tar.gz
HTAR: a   instcat_y04_191109/00962618.tar.gz
HTAR: a   instcat_y04_191109/00962619.tar.gz
HTAR: a   instcat_y04_191109/00962620.tar.gz
HTAR: a   instcat_y04_191109/00962621.tar.gz
HTAR: a   instcat_y04_191109/00963195.tar.gz
HTAR: a   instcat_y04_191109/00963196.tar.gz
HTAR: a   instcat_y04_191109/00963197.tar.gz
HTAR: a   instcat_y04_191109/00963198.tar.gz
HTAR: a   instcat_y04_191109/00963199.tar.gz
HTAR: a   instcat_y04_191109/00963200.tar.gz
HTAR: a   instcat_y04_191109/00963201.tar.gz
HTAR: a   instcat_y04_191109/00963202.tar.gz
HTAR: a   instcat_y04_191109/00963203.tar.gz
HTAR: a   instcat_y04_191109/00963204.tar.gz
HTAR: a   instcat_y04_191109/00963205.tar.gz
HTAR: a   instcat_y04_191109/00963206.tar.gz
HTAR: a   instcat_y04_191109/00963207.tar.gz
HTAR: a   instcat_y04_191109/00963208.tar.gz
HTAR: a   instcat_y04_191109/00963209.tar.gz
HTAR: a   instcat_y04_191109/00963210.tar.gz
HTAR: a   instcat_y04_191109/00963211.tar.gz
HTAR: a   instcat_y04_191109/00963212.tar.gz
HTAR: a   instcat_y04_191109/00963213.tar.gz
HTAR: a   instcat_y04_191109/00963214.tar.gz
HTAR: a   instcat_y04_191109/00963215.tar.gz
HTAR: a   instcat_y04_191109/00963216.tar.gz
HTAR: a   instcat_y04_191109/00963219.tar.gz
HTAR: a   instcat_y04_191109/00963223.tar.gz
HTAR: a   instcat_y04_191109/00963224.tar.gz
HTAR: a   instcat_y04_191109/00963255.tar.gz
HTAR: a   instcat_y04_191109/job_log_00961644.txt
HTAR: a   instcat_y04_191109/job_log_00961645.txt
HTAR: a   instcat_y04_191109/job_log_00961646.txt
HTAR: a   instcat_y04_191109/job_log_00961647.txt
HTAR: a   instcat_y04_191109/job_log_00961648.txt
HTAR: a   instcat_y04_191109/job_log_00961649.txt
HTAR: a   instcat_y04_191109/job_log_00961650.txt
HTAR: a   instcat_y04_191109/job_log_00961651.txt
HTAR: a   instcat_y04_191109/job_log_00961652.txt
HTAR: a   instcat_y04_191109/job_log_00961653.txt
HTAR: a   instcat_y04_191109/job_log_00961654.txt
HTAR: a   instcat_y04_191109/job_log_00961655.txt
HTAR: a   instcat_y04_191109/job_log_00961656.txt
HTAR: a   instcat_y04_191109/job_log_00961657.txt
HTAR: a   instcat_y04_191109/job_log_00961658.txt
HTAR: a   instcat_y04_191109/job_log_00961659.txt
HTAR: a   instcat_y04_191109/job_log_00961660.txt
HTAR: a   instcat_y04_191109/job_log_00961661.txt
HTAR: a   instcat_y04_191109/job_log_00961662.txt
HTAR: a   instcat_y04_191109/job_log_00961797.txt
HTAR: a   instcat_y04_191109/job_log_00961877.txt
HTAR: a   instcat_y04_191109/job_log_00961879.txt
HTAR: a   instcat_y04_191109/job_log_00961881.txt
HTAR: a   instcat_y04_191109/job_log_00961882.txt
HTAR: a   instcat_y04_191109/job_log_00961883.txt
HTAR: a   instcat_y04_191109/job_log_00962370.txt
HTAR: a   instcat_y04_191109/job_log_00962371.txt
HTAR: a   instcat_y04_191109/job_log_00962372.txt
HTAR: a   instcat_y04_191109/job_log_00962373.txt
HTAR: a   instcat_y04_191109/job_log_00962374.txt
HTAR: a   instcat_y04_191109/job_log_00962375.txt
HTAR: a   instcat_y04_191109/job_log_00962376.txt
HTAR: a   instcat_y04_191109/job_log_00962377.txt
HTAR: a   instcat_y04_191109/job_log_00962378.txt
HTAR: a   instcat_y04_191109/job_log_00962379.txt
HTAR: a   instcat_y04_191109/job_log_00962380.txt
HTAR: a   instcat_y04_191109/job_log_00962381.txt
HTAR: a   instcat_y04_191109/job_log_00962382.txt
HTAR: a   instcat_y04_191109/job_log_00962383.txt
HTAR: a   instcat_y04_191109/job_log_00962384.txt
HTAR: a   instcat_y04_191109/job_log_00962385.txt
HTAR: a   instcat_y04_191109/job_log_00962386.txt
HTAR: a   instcat_y04_191109/job_log_00962387.txt
HTAR: a   instcat_y04_191109/job_log_00962388.txt
HTAR: a   instcat_y04_191109/job_log_00962389.txt
HTAR: a   instcat_y04_191109/job_log_00962390.txt
HTAR: a   instcat_y04_191109/job_log_00962394.txt
HTAR: a   instcat_y04_191109/job_log_00962395.txt
HTAR: a   instcat_y04_191109/job_log_00962396.txt
HTAR: a   instcat_y04_191109/job_log_00962397.txt
HTAR: a   instcat_y04_191109/job_log_00962398.txt
HTAR: a   instcat_y04_191109/job_log_00962399.txt
HTAR: a   instcat_y04_191109/job_log_00962451.txt
HTAR: a   instcat_y04_191109/job_log_00962453.txt
HTAR: a   instcat_y04_191109/job_log_00962454.txt
HTAR: a   instcat_y04_191109/job_log_00962455.txt
HTAR: a   instcat_y04_191109/job_log_00962456.txt
HTAR: a   instcat_y04_191109/job_log_00962457.txt
HTAR: a   instcat_y04_191109/job_log_00962458.txt
HTAR: a   instcat_y04_191109/job_log_00962459.txt
HTAR: a   instcat_y04_191109/job_log_00962460.txt
HTAR: a   instcat_y04_191109/job_log_00962461.txt
HTAR: a   instcat_y04_191109/job_log_00962474.txt
HTAR: a   instcat_y04_191109/job_log_00962475.txt
HTAR: a   instcat_y04_191109/job_log_00962476.txt
HTAR: a   instcat_y04_191109/job_log_00962477.txt
HTAR: a   instcat_y04_191109/job_log_00962478.txt
HTAR: a   instcat_y04_191109/job_log_00962480.txt
HTAR: a   instcat_y04_191109/job_log_00962481.txt
HTAR: a   instcat_y04_191109/job_log_00962482.txt
HTAR: a   instcat_y04_191109/job_log_00962483.txt
HTAR: a   instcat_y04_191109/job_log_00962484.txt
HTAR: a   instcat_y04_191109/job_log_00962485.txt
HTAR: a   instcat_y04_191109/job_log_00962486.txt
HTAR: a   instcat_y04_191109/job_log_00962487.txt
HTAR: a   instcat_y04_191109/job_log_00962488.txt
HTAR: a   instcat_y04_191109/job_log_00962489.txt
HTAR: a   instcat_y04_191109/job_log_00962490.txt
HTAR: a   instcat_y04_191109/job_log_00962535.txt
HTAR: a   instcat_y04_191109/job_log_00962536.txt
HTAR: a   instcat_y04_191109/job_log_00962537.txt
HTAR: a   instcat_y04_191109/job_log_00962538.txt
HTAR: a   instcat_y04_191109/job_log_00962539.txt
HTAR: a   instcat_y04_191109/job_log_00962551.txt
HTAR: a   instcat_y04_191109/job_log_00962587.txt
HTAR: a   instcat_y04_191109/job_log_00962588.txt
HTAR: a   instcat_y04_191109/job_log_00962589.txt
HTAR: a   instcat_y04_191109/job_log_00962590.txt
HTAR: a   instcat_y04_191109/job_log_00962591.txt
HTAR: a   instcat_y04_191109/job_log_00962617.txt
HTAR: a   instcat_y04_191109/job_log_00962618.txt
HTAR: a   instcat_y04_191109/job_log_00962619.txt
HTAR: a   instcat_y04_191109/job_log_00962620.txt
HTAR: a   instcat_y04_191109/job_log_00962621.txt
HTAR: a   instcat_y04_191109/job_log_00963195.txt
HTAR: a   instcat_y04_191109/job_log_00963196.txt
HTAR: a   instcat_y04_191109/job_log_00963197.txt
HTAR: a   instcat_y04_191109/job_log_00963198.txt
HTAR: a   instcat_y04_191109/job_log_00963199.txt
HTAR: a   instcat_y04_191109/job_log_00963200.txt
HTAR: a   instcat_y04_191109/job_log_00963201.txt
HTAR: a   instcat_y04_191109/job_log_00963202.txt
HTAR: a   instcat_y04_191109/job_log_00963203.txt
HTAR: a   instcat_y04_191109/job_log_00963204.txt
HTAR: a   instcat_y04_191109/job_log_00963205.txt
HTAR: a   instcat_y04_191109/job_log_00963206.txt
HTAR: a   instcat_y04_191109/job_log_00963207.txt
HTAR: a   instcat_y04_191109/job_log_00963208.txt
HTAR: a   instcat_y04_191109/job_log_00963209.txt
HTAR: a   instcat_y04_191109/job_log_00963210.txt
HTAR: a   instcat_y04_191109/job_log_00963211.txt
HTAR: a   instcat_y04_191109/job_log_00963212.txt
HTAR: a   instcat_y04_191109/job_log_00963213.txt
HTAR: a   instcat_y04_191109/job_log_00963214.txt
HTAR: a   instcat_y04_191109/job_log_00963215.txt
HTAR: a   instcat_y04_191109/job_log_00963216.txt
HTAR: a   instcat_y04_191109/job_log_00963219.txt
HTAR: a   instcat_y04_191109/job_log_00963223.txt
HTAR: a   instcat_y04_191109/job_log_00963224.txt
HTAR: a   instcat_y04_191109/job_log_00963255.txt
HTAR: a   /tmp/HTAR_CF_CHK_39856_1576012017
HTAR Create complete for /home/projects/desc/DC2_ImSim/Run2.2i/instCat/y04_191109/00961644to00963255.tar. 558,649,503,232 bytes written for 240 member files, max threads: 50 Transfer time: 4784.437 seconds (116.764 MB/s) wallclock/user/sys: 4786.475 5626.237 1707.486 seconds
HTAR: HTAR SUCCESSFUL
HTAR: a   instcat_y04_191109/00963256.tar.gz
HTAR: a   instcat_y04_191109/00963859.tar.gz
HTAR: a   instcat_y04_191109/00963860.tar.gz
HTAR: a   instcat_y04_191109/00963861.tar.gz
HTAR: a   instcat_y04_191109/00963862.tar.gz
HTAR: a   instcat_y04_191109/00963863.tar.gz
HTAR: a   instcat_y04_191109/00963864.tar.gz
HTAR: a   instcat_y04_191109/00963865.tar.gz
HTAR: a   instcat_y04_191109/00963866.tar.gz
HTAR: a   instcat_y04_191109/00963867.tar.gz
HTAR: a   instcat_y04_191109/00963868.tar.gz
HTAR: a   instcat_y04_191109/00963869.tar.gz
HTAR: a   instcat_y04_191109/00963870.tar.gz
HTAR: a   instcat_y04_191109/00963871.tar.gz
HTAR: a   instcat_y04_191109/00963872.tar.gz
HTAR: a   instcat_y04_191109/00963873.tar.gz
HTAR: a   instcat_y04_191109/00963874.tar.gz
HTAR: a   instcat_y04_191109/00963875.tar.gz
HTAR: a   instcat_y04_191109/00963876.tar.gz
HTAR: a   instcat_y04_191109/00963877.tar.gz
HTAR: a   instcat_y04_191109/00963878.tar.gz
HTAR: a   instcat_y04_191109/00963900.tar.gz
HTAR: a   instcat_y04_191109/00963901.tar.gz
HTAR: a   instcat_y04_191109/00963902.tar.gz
HTAR: a   instcat_y04_191109/00963903.tar.gz
HTAR: a   instcat_y04_191109/00963912.tar.gz
HTAR: a   instcat_y04_191109/00963942.tar.gz
HTAR: a   instcat_y04_191109/00963952.tar.gz
HTAR: a   instcat_y04_191109/00963953.tar.gz
HTAR: a   instcat_y04_191109/00963954.tar.gz
HTAR: a   instcat_y04_191109/00963955.tar.gz
HTAR: a   instcat_y04_191109/00963961.tar.gz
HTAR: a   instcat_y04_191109/00963977.tar.gz
HTAR: a   instcat_y04_191109/00963985.tar.gz
HTAR: a   instcat_y04_191109/00963986.tar.gz
HTAR: a   instcat_y04_191109/00963987.tar.gz
HTAR: a   instcat_y04_191109/00963988.tar.gz
HTAR: a   instcat_y04_191109/00963989.tar.gz
HTAR: a   instcat_y04_191109/00963996.tar.gz
HTAR: a   instcat_y04_191109/00963997.tar.gz
HTAR: a   instcat_y04_191109/00963998.tar.gz
HTAR: a   instcat_y04_191109/00963999.tar.gz
HTAR: a   instcat_y04_191109/00964000.tar.gz
HTAR: a   instcat_y04_191109/00964026.tar.gz
HTAR: a   instcat_y04_191109/00964027.tar.gz
HTAR: a   instcat_y04_191109/00964028.tar.gz
HTAR: a   instcat_y04_191109/00964029.tar.gz
HTAR: a   instcat_y04_191109/00964030.tar.gz
HTAR: a   instcat_y04_191109/00964031.tar.gz
HTAR: a   instcat_y04_191109/00964032.tar.gz
HTAR: a   instcat_y04_191109/00964073.tar.gz
HTAR: a   instcat_y04_191109/00964074.tar.gz
HTAR: a   instcat_y04_191109/00964075.tar.gz
HTAR: a   instcat_y04_191109/00964076.tar.gz
HTAR: a   instcat_y04_191109/00964077.tar.gz
HTAR: a   instcat_y04_191109/00964078.tar.gz
HTAR: a   instcat_y04_191109/00964109.tar.gz
HTAR: a   instcat_y04_191109/00964110.tar.gz
HTAR: a   instcat_y04_191109/00964111.tar.gz
HTAR: a   instcat_y04_191109/00964112.tar.gz
HTAR: a   instcat_y04_191109/00964113.tar.gz
HTAR: a   instcat_y04_191109/00964114.tar.gz
HTAR: a   instcat_y04_191109/00964115.tar.gz
HTAR: a   instcat_y04_191109/00964116.tar.gz
HTAR: a   instcat_y04_191109/00964117.tar.gz
HTAR: a   instcat_y04_191109/00964150.tar.gz
HTAR: a   instcat_y04_191109/00964151.tar.gz
HTAR: a   instcat_y04_191109/00964152.tar.gz
HTAR: a   instcat_y04_191109/00964153.tar.gz
HTAR: a   instcat_y04_191109/00964154.tar.gz
HTAR: a   instcat_y04_191109/00964155.tar.gz
HTAR: a   instcat_y04_191109/00964156.tar.gz
HTAR: a   instcat_y04_191109/00964157.tar.gz
HTAR: a   instcat_y04_191109/00964209.tar.gz
HTAR: a   instcat_y04_191109/00964565.tar.gz
HTAR: a   instcat_y04_191109/00964566.tar.gz
HTAR: a   instcat_y04_191109/00964567.tar.gz
HTAR: a   instcat_y04_191109/00964568.tar.gz
HTAR: a   instcat_y04_191109/00964569.tar.gz
HTAR: a   instcat_y04_191109/00964570.tar.gz
HTAR: a   instcat_y04_191109/00964571.tar.gz
HTAR: a   instcat_y04_191109/00964572.tar.gz
HTAR: a   instcat_y04_191109/00964573.tar.gz
HTAR: a   instcat_y04_191109/00964574.tar.gz
HTAR: a   instcat_y04_191109/00964575.tar.gz
HTAR: a   instcat_y04_191109/00964576.tar.gz
HTAR: a   instcat_y04_191109/00964577.tar.gz
HTAR: a   instcat_y04_191109/00964578.tar.gz
HTAR: a   instcat_y04_191109/00964579.tar.gz
HTAR: a   instcat_y04_191109/00964580.tar.gz
HTAR: a   instcat_y04_191109/00964581.tar.gz
HTAR: a   instcat_y04_191109/00964582.tar.gz
HTAR: a   instcat_y04_191109/00964583.tar.gz
HTAR: a   instcat_y04_191109/00964584.tar.gz
HTAR: a   instcat_y04_191109/00965301.tar.gz
HTAR: a   instcat_y04_191109/00965302.tar.gz
HTAR: a   instcat_y04_191109/00965303.tar.gz
HTAR: a   instcat_y04_191109/00965304.tar.gz
HTAR: a   instcat_y04_191109/00965305.tar.gz
HTAR: a   instcat_y04_191109/00965306.tar.gz
HTAR: a   instcat_y04_191109/00965307.tar.gz
HTAR: a   instcat_y04_191109/00965308.tar.gz
HTAR: a   instcat_y04_191109/00965309.tar.gz
HTAR: a   instcat_y04_191109/00965310.tar.gz
HTAR: a   instcat_y04_191109/00965311.tar.gz
HTAR: a   instcat_y04_191109/00965312.tar.gz
HTAR: a   instcat_y04_191109/00965313.tar.gz
HTAR: a   instcat_y04_191109/00965314.tar.gz
HTAR: a   instcat_y04_191109/00965315.tar.gz
HTAR: a   instcat_y04_191109/00965316.tar.gz
HTAR: a   instcat_y04_191109/00965317.tar.gz
HTAR: a   instcat_y04_191109/00965318.tar.gz
HTAR: a   instcat_y04_191109/00965319.tar.gz
HTAR: a   instcat_y04_191109/00965320.tar.gz
HTAR: a   instcat_y04_191109/00965370.tar.gz
HTAR: a   instcat_y04_191109/00965371.tar.gz
HTAR: a   instcat_y04_191109/00965374.tar.gz
HTAR: a   instcat_y04_191109/00965375.tar.gz
HTAR: a   instcat_y04_191109/00965376.tar.gz
HTAR: a   instcat_y04_191109/00965377.tar.gz
HTAR: a   instcat_y04_191109/job_log_00963256.txt
HTAR: a   instcat_y04_191109/job_log_00963859.txt
HTAR: a   instcat_y04_191109/job_log_00963860.txt
HTAR: a   instcat_y04_191109/job_log_00963861.txt
HTAR: a   instcat_y04_191109/job_log_00963862.txt
HTAR: a   instcat_y04_191109/job_log_00963863.txt
HTAR: a   instcat_y04_191109/job_log_00963864.txt
HTAR: a   instcat_y04_191109/job_log_00963865.txt
HTAR: a   instcat_y04_191109/job_log_00963866.txt
HTAR: a   instcat_y04_191109/job_log_00963867.txt
HTAR: a   instcat_y04_191109/job_log_00963868.txt
HTAR: a   instcat_y04_191109/job_log_00963869.txt
HTAR: a   instcat_y04_191109/job_log_00963870.txt
HTAR: a   instcat_y04_191109/job_log_00963871.txt
HTAR: a   instcat_y04_191109/job_log_00963872.txt
HTAR: a   instcat_y04_191109/job_log_00963873.txt
HTAR: a   instcat_y04_191109/job_log_00963874.txt
HTAR: a   instcat_y04_191109/job_log_00963875.txt
HTAR: a   instcat_y04_191109/job_log_00963876.txt
HTAR: a   instcat_y04_191109/job_log_00963877.txt
HTAR: a   instcat_y04_191109/job_log_00963878.txt
HTAR: a   instcat_y04_191109/job_log_00963900.txt
HTAR: a   instcat_y04_191109/job_log_00963901.txt
HTAR: a   instcat_y04_191109/job_log_00963902.txt
HTAR: a   instcat_y04_191109/job_log_00963903.txt
HTAR: a   instcat_y04_191109/job_log_00963912.txt
HTAR: a   instcat_y04_191109/job_log_00963942.txt
HTAR: a   instcat_y04_191109/job_log_00963952.txt
HTAR: a   instcat_y04_191109/job_log_00963953.txt
HTAR: a   instcat_y04_191109/job_log_00963954.txt
HTAR: a   instcat_y04_191109/job_log_00963955.txt
HTAR: a   instcat_y04_191109/job_log_00963961.txt
HTAR: a   instcat_y04_191109/job_log_00963977.txt
HTAR: a   instcat_y04_191109/job_log_00963985.txt
HTAR: a   instcat_y04_191109/job_log_00963986.txt
HTAR: a   instcat_y04_191109/job_log_00963987.txt
HTAR: a   instcat_y04_191109/job_log_00963988.txt
HTAR: a   instcat_y04_191109/job_log_00963989.txt
HTAR: a   instcat_y04_191109/job_log_00963996.txt
HTAR: a   instcat_y04_191109/job_log_00963997.txt
HTAR: a   instcat_y04_191109/job_log_00963998.txt
HTAR: a   instcat_y04_191109/job_log_00963999.txt
HTAR: a   instcat_y04_191109/job_log_00964000.txt
HTAR: a   instcat_y04_191109/job_log_00964026.txt
HTAR: a   instcat_y04_191109/job_log_00964027.txt
HTAR: a   instcat_y04_191109/job_log_00964028.txt
HTAR: a   instcat_y04_191109/job_log_00964029.txt
HTAR: a   instcat_y04_191109/job_log_00964030.txt
HTAR: a   instcat_y04_191109/job_log_00964031.txt
HTAR: a   instcat_y04_191109/job_log_00964032.txt
HTAR: a   instcat_y04_191109/job_log_00964073.txt
HTAR: a   instcat_y04_191109/job_log_00964074.txt
HTAR: a   instcat_y04_191109/job_log_00964075.txt
HTAR: a   instcat_y04_191109/job_log_00964076.txt
HTAR: a   instcat_y04_191109/job_log_00964077.txt
HTAR: a   instcat_y04_191109/job_log_00964078.txt
HTAR: a   instcat_y04_191109/job_log_00964109.txt
HTAR: a   instcat_y04_191109/job_log_00964110.txt
HTAR: a   instcat_y04_191109/job_log_00964111.txt
HTAR: a   instcat_y04_191109/job_log_00964112.txt
HTAR: a   instcat_y04_191109/job_log_00964113.txt
HTAR: a   instcat_y04_191109/job_log_00964114.txt
HTAR: a   instcat_y04_191109/job_log_00964115.txt
HTAR: a   instcat_y04_191109/job_log_00964116.txt
HTAR: a   instcat_y04_191109/job_log_00964117.txt
HTAR: a   instcat_y04_191109/job_log_00964150.txt
HTAR: a   instcat_y04_191109/job_log_00964151.txt
HTAR: a   instcat_y04_191109/job_log_00964152.txt
HTAR: a   instcat_y04_191109/job_log_00964153.txt
HTAR: a   instcat_y04_191109/job_log_00964154.txt
HTAR: a   instcat_y04_191109/job_log_00964155.txt
HTAR: a   instcat_y04_191109/job_log_00964156.txt
HTAR: a   instcat_y04_191109/job_log_00964157.txt
HTAR: a   instcat_y04_191109/job_log_00964209.txt
HTAR: a   instcat_y04_191109/job_log_00964565.txt
HTAR: a   instcat_y04_191109/job_log_00964566.txt
HTAR: a   instcat_y04_191109/job_log_00964567.txt
HTAR: a   instcat_y04_191109/job_log_00964568.txt
HTAR: a   instcat_y04_191109/job_log_00964569.txt
HTAR: a   instcat_y04_191109/job_log_00964570.txt
HTAR: a   instcat_y04_191109/job_log_00964571.txt
HTAR: a   instcat_y04_191109/job_log_00964572.txt
HTAR: a   instcat_y04_191109/job_log_00964573.txt
HTAR: a   instcat_y04_191109/job_log_00964574.txt
HTAR: a   instcat_y04_191109/job_log_00964575.txt
HTAR: a   instcat_y04_191109/job_log_00964576.txt
HTAR: a   instcat_y04_191109/job_log_00964577.txt
HTAR: a   instcat_y04_191109/job_log_00964578.txt
HTAR: a   instcat_y04_191109/job_log_00964579.txt
HTAR: a   instcat_y04_191109/job_log_00964580.txt
HTAR: a   instcat_y04_191109/job_log_00964581.txt
HTAR: a   instcat_y04_191109/job_log_00964582.txt
HTAR: a   instcat_y04_191109/job_log_00964583.txt
HTAR: a   instcat_y04_191109/job_log_00964584.txt
HTAR: a   instcat_y04_191109/job_log_00965301.txt
HTAR: a   instcat_y04_191109/job_log_00965302.txt
HTAR: a   instcat_y04_191109/job_log_00965303.txt
HTAR: a   instcat_y04_191109/job_log_00965304.txt
HTAR: a   instcat_y04_191109/job_log_00965305.txt
HTAR: a   instcat_y04_191109/job_log_00965306.txt
HTAR: a   instcat_y04_191109/job_log_00965307.txt
HTAR: a   instcat_y04_191109/job_log_00965308.txt
HTAR: a   instcat_y04_191109/job_log_00965309.txt
HTAR: a   instcat_y04_191109/job_log_00965310.txt
HTAR: a   instcat_y04_191109/job_log_00965311.txt
HTAR: a   instcat_y04_191109/job_log_00965312.txt
HTAR: a   instcat_y04_191109/job_log_00965313.txt
HTAR: a   instcat_y04_191109/job_log_00965314.txt
HTAR: a   instcat_y04_191109/job_log_00965315.txt
HTAR: a   instcat_y04_191109/job_log_00965316.txt
HTAR: a   instcat_y04_191109/job_log_00965317.txt
HTAR: a   instcat_y04_191109/job_log_00965318.txt
HTAR: a   instcat_y04_191109/job_log_00965319.txt
HTAR: a   instcat_y04_191109/job_log_00965320.txt
HTAR: a   instcat_y04_191109/job_log_00965370.txt
HTAR: a   instcat_y04_191109/job_log_00965371.txt
HTAR: a   instcat_y04_191109/job_log_00965374.txt
HTAR: a   instcat_y04_191109/job_log_00965375.txt
HTAR: a   instcat_y04_191109/job_log_00965376.txt
HTAR: a   instcat_y04_191109/job_log_00965377.txt
HTAR: a   /tmp/HTAR_CF_CHK_36904_1576016807
HTAR Create complete for /home/projects/desc/DC2_ImSim/Run2.2i/instCat/y04_191109/00963256to00965377.tar. 539,831,554,048 bytes written for 240 member files, max threads: 50 Transfer time: 3939.784 seconds (137.021 MB/s) wallclock/user/sys: 3942.341 5185.565 1444.812 seconds
HTAR: HTAR SUCCESSFUL
HTAR: a   instcat_y04_191109/00965383.tar.gz
HTAR: a   instcat_y04_191109/00965384.tar.gz
HTAR: a   instcat_y04_191109/00965385.tar.gz
HTAR: a   instcat_y04_191109/00965386.tar.gz
HTAR: a   instcat_y04_191109/00965387.tar.gz
HTAR: a   instcat_y04_191109/00965388.tar.gz
HTAR: a   instcat_y04_191109/00965389.tar.gz
HTAR: a   instcat_y04_191109/00965390.tar.gz
HTAR: a   instcat_y04_191109/00965392.tar.gz
HTAR: a   instcat_y04_191109/00965393.tar.gz
HTAR: a   instcat_y04_191109/00965394.tar.gz
HTAR: a   instcat_y04_191109/00965395.tar.gz
HTAR: a   instcat_y04_191109/00965396.tar.gz
HTAR: a   instcat_y04_191109/00965397.tar.gz
HTAR: a   instcat_y04_191109/00965398.tar.gz
HTAR: a   instcat_y04_191109/00965399.tar.gz
HTAR: a   instcat_y04_191109/00965400.tar.gz
HTAR: a   instcat_y04_191109/00965401.tar.gz
HTAR: a   instcat_y04_191109/00965402.tar.gz
HTAR: a   instcat_y04_191109/00965403.tar.gz
HTAR: a   instcat_y04_191109/00965404.tar.gz
HTAR: a   instcat_y04_191109/00965405.tar.gz
HTAR: a   instcat_y04_191109/00965407.tar.gz
HTAR: a   instcat_y04_191109/00965408.tar.gz
HTAR: a   instcat_y04_191109/00965409.tar.gz
HTAR: a   instcat_y04_191109/00965410.tar.gz
HTAR: a   instcat_y04_191109/00965411.tar.gz
HTAR: a   instcat_y04_191109/00965417.tar.gz
HTAR: a   instcat_y04_191109/00965418.tar.gz
HTAR: a   instcat_y04_191109/00965419.tar.gz
HTAR: a   instcat_y04_191109/00965420.tar.gz
HTAR: a   instcat_y04_191109/00965421.tar.gz
HTAR: a   instcat_y04_191109/00965422.tar.gz
HTAR: a   instcat_y04_191109/00965423.tar.gz
HTAR: a   instcat_y04_191109/00965425.tar.gz
HTAR: a   instcat_y04_191109/00965426.tar.gz
HTAR: a   instcat_y04_191109/00965427.tar.gz
HTAR: a   instcat_y04_191109/00965428.tar.gz
HTAR: a   instcat_y04_191109/00965429.tar.gz
HTAR: a   instcat_y04_191109/00965430.tar.gz
HTAR: a   instcat_y04_191109/00965431.tar.gz
HTAR: a   instcat_y04_191109/00965432.tar.gz
HTAR: a   instcat_y04_191109/00965433.tar.gz
HTAR: a   instcat_y04_191109/00965434.tar.gz
HTAR: a   instcat_y04_191109/00965435.tar.gz
HTAR: a   instcat_y04_191109/00965436.tar.gz
HTAR: a   instcat_y04_191109/00965437.tar.gz
HTAR: a   instcat_y04_191109/00965449.tar.gz
HTAR: a   instcat_y04_191109/00965450.tar.gz
HTAR: a   instcat_y04_191109/00965451.tar.gz
HTAR: a   instcat_y04_191109/00965474.tar.gz
HTAR: a   instcat_y04_191109/00965475.tar.gz
HTAR: a   instcat_y04_191109/00965476.tar.gz
HTAR: a   instcat_y04_191109/00965521.tar.gz
HTAR: a   instcat_y04_191109/00966044.tar.gz
HTAR: a   instcat_y04_191109/00966045.tar.gz
HTAR: a   instcat_y04_191109/00966046.tar.gz
HTAR: a   instcat_y04_191109/00966047.tar.gz
HTAR: a   instcat_y04_191109/00966048.tar.gz
HTAR: a   instcat_y04_191109/00966049.tar.gz
HTAR: a   instcat_y04_191109/00966050.tar.gz
HTAR: a   instcat_y04_191109/00966051.tar.gz
HTAR: a   instcat_y04_191109/00966052.tar.gz
HTAR: a   instcat_y04_191109/00966053.tar.gz
HTAR: a   instcat_y04_191109/00966054.tar.gz
HTAR: a   instcat_y04_191109/00966055.tar.gz
HTAR: a   instcat_y04_191109/00966056.tar.gz
HTAR: a   instcat_y04_191109/00966057.tar.gz
HTAR: a   instcat_y04_191109/00966058.tar.gz
HTAR: a   instcat_y04_191109/00966059.tar.gz
HTAR: a   instcat_y04_191109/00966060.tar.gz
HTAR: a   instcat_y04_191109/00966061.tar.gz
HTAR: a   instcat_y04_191109/00966062.tar.gz
HTAR: a   instcat_y04_191109/00966063.tar.gz
HTAR: a   instcat_y04_191109/00966134.tar.gz
HTAR: a   instcat_y04_191109/00966135.tar.gz
HTAR: a   instcat_y04_191109/00966136.tar.gz
HTAR: a   instcat_y04_191109/00966137.tar.gz
HTAR: a   instcat_y04_191109/00966138.tar.gz
HTAR: a   instcat_y04_191109/00966139.tar.gz
HTAR: a   instcat_y04_191109/00966140.tar.gz
HTAR: a   instcat_y04_191109/00966141.tar.gz
HTAR: a   instcat_y04_191109/00966142.tar.gz
HTAR: a   instcat_y04_191109/00966172.tar.gz
HTAR: a   instcat_y04_191109/00966173.tar.gz
HTAR: a   instcat_y04_191109/00966174.tar.gz
HTAR: a   instcat_y04_191109/00966175.tar.gz
HTAR: a   instcat_y04_191109/00966176.tar.gz
HTAR: a   instcat_y04_191109/00966177.tar.gz
HTAR: a   instcat_y04_191109/00966178.tar.gz
HTAR: a   instcat_y04_191109/00966179.tar.gz
HTAR: a   instcat_y04_191109/00966214.tar.gz
HTAR: a   instcat_y04_191109/00966777.tar.gz
HTAR: a   instcat_y04_191109/00966778.tar.gz
HTAR: a   instcat_y04_191109/00966779.tar.gz
HTAR: a   instcat_y04_191109/00966780.tar.gz
HTAR: a   instcat_y04_191109/00966781.tar.gz
HTAR: a   instcat_y04_191109/00966782.tar.gz
HTAR: a   instcat_y04_191109/00966783.tar.gz
HTAR: a   instcat_y04_191109/00966784.tar.gz
HTAR: a   instcat_y04_191109/00966785.tar.gz
HTAR: a   instcat_y04_191109/00966786.tar.gz
HTAR: a   instcat_y04_191109/00966787.tar.gz
HTAR: a   instcat_y04_191109/00966788.tar.gz
HTAR: a   instcat_y04_191109/00966789.tar.gz
HTAR: a   instcat_y04_191109/00966790.tar.gz
HTAR: a   instcat_y04_191109/00966791.tar.gz
HTAR: a   instcat_y04_191109/00966792.tar.gz
HTAR: a   instcat_y04_191109/00966793.tar.gz
HTAR: a   instcat_y04_191109/00966794.tar.gz
HTAR: a   instcat_y04_191109/00966806.tar.gz
HTAR: a   instcat_y04_191109/00966807.tar.gz
HTAR: a   instcat_y04_191109/00966808.tar.gz
HTAR: a   instcat_y04_191109/00966809.tar.gz
HTAR: a   instcat_y04_191109/00966810.tar.gz
HTAR: a   instcat_y04_191109/00966811.tar.gz
HTAR: a   instcat_y04_191109/00966812.tar.gz
HTAR: a   instcat_y04_191109/00966813.tar.gz
HTAR: a   instcat_y04_191109/00966814.tar.gz
HTAR: a   instcat_y04_191109/00966815.tar.gz
HTAR: a   instcat_y04_191109/job_log_00965383.txt
HTAR: a   instcat_y04_191109/job_log_00965384.txt
HTAR: a   instcat_y04_191109/job_log_00965385.txt
HTAR: a   instcat_y04_191109/job_log_00965386.txt
HTAR: a   instcat_y04_191109/job_log_00965387.txt
HTAR: a   instcat_y04_191109/job_log_00965388.txt
HTAR: a   instcat_y04_191109/job_log_00965389.txt
HTAR: a   instcat_y04_191109/job_log_00965390.txt
HTAR: a   instcat_y04_191109/job_log_00965392.txt
HTAR: a   instcat_y04_191109/job_log_00965393.txt
HTAR: a   instcat_y04_191109/job_log_00965394.txt
HTAR: a   instcat_y04_191109/job_log_00965395.txt
HTAR: a   instcat_y04_191109/job_log_00965396.txt
HTAR: a   instcat_y04_191109/job_log_00965397.txt
HTAR: a   instcat_y04_191109/job_log_00965398.txt
HTAR: a   instcat_y04_191109/job_log_00965399.txt
HTAR: a   instcat_y04_191109/job_log_00965400.txt
HTAR: a   instcat_y04_191109/job_log_00965401.txt
HTAR: a   instcat_y04_191109/job_log_00965402.txt
HTAR: a   instcat_y04_191109/job_log_00965403.txt
HTAR: a   instcat_y04_191109/job_log_00965404.txt
HTAR: a   instcat_y04_191109/job_log_00965405.txt
HTAR: a   instcat_y04_191109/job_log_00965407.txt
HTAR: a   instcat_y04_191109/job_log_00965408.txt
HTAR: a   instcat_y04_191109/job_log_00965409.txt
HTAR: a   instcat_y04_191109/job_log_00965410.txt
HTAR: a   instcat_y04_191109/job_log_00965411.txt
HTAR: a   instcat_y04_191109/job_log_00965417.txt
HTAR: a   instcat_y04_191109/job_log_00965418.txt
HTAR: a   instcat_y04_191109/job_log_00965419.txt
HTAR: a   instcat_y04_191109/job_log_00965420.txt
HTAR: a   instcat_y04_191109/job_log_00965421.txt
HTAR: a   instcat_y04_191109/job_log_00965422.txt
HTAR: a   instcat_y04_191109/job_log_00965423.txt
HTAR: a   instcat_y04_191109/job_log_00965425.txt
HTAR: a   instcat_y04_191109/job_log_00965426.txt
HTAR: a   instcat_y04_191109/job_log_00965427.txt
HTAR: a   instcat_y04_191109/job_log_00965428.txt
HTAR: a   instcat_y04_191109/job_log_00965429.txt
HTAR: a   instcat_y04_191109/job_log_00965430.txt
HTAR: a   instcat_y04_191109/job_log_00965431.txt
HTAR: a   instcat_y04_191109/job_log_00965432.txt
HTAR: a   instcat_y04_191109/job_log_00965433.txt
HTAR: a   instcat_y04_191109/job_log_00965434.txt
HTAR: a   instcat_y04_191109/job_log_00965435.txt
HTAR: a   instcat_y04_191109/job_log_00965436.txt
HTAR: a   instcat_y04_191109/job_log_00965437.txt
HTAR: a   instcat_y04_191109/job_log_00965449.txt
HTAR: a   instcat_y04_191109/job_log_00965450.txt
HTAR: a   instcat_y04_191109/job_log_00965451.txt
HTAR: a   instcat_y04_191109/job_log_00965474.txt
HTAR: a   instcat_y04_191109/job_log_00965475.txt
HTAR: a   instcat_y04_191109/job_log_00965476.txt
HTAR: a   instcat_y04_191109/job_log_00965521.txt
HTAR: a   instcat_y04_191109/job_log_00966044.txt
HTAR: a   instcat_y04_191109/job_log_00966045.txt
HTAR: a   instcat_y04_191109/job_log_00966046.txt
HTAR: a   instcat_y04_191109/job_log_00966047.txt
HTAR: a   instcat_y04_191109/job_log_00966048.txt
HTAR: a   instcat_y04_191109/job_log_00966049.txt
HTAR: a   instcat_y04_191109/job_log_00966050.txt
HTAR: a   instcat_y04_191109/job_log_00966051.txt
HTAR: a   instcat_y04_191109/job_log_00966052.txt
HTAR: a   instcat_y04_191109/job_log_00966053.txt
HTAR: a   instcat_y04_191109/job_log_00966054.txt
HTAR: a   instcat_y04_191109/job_log_00966055.txt
HTAR: a   instcat_y04_191109/job_log_00966056.txt
HTAR: a   instcat_y04_191109/job_log_00966057.txt
HTAR: a   instcat_y04_191109/job_log_00966058.txt
HTAR: a   instcat_y04_191109/job_log_00966059.txt
HTAR: a   instcat_y04_191109/job_log_00966060.txt
HTAR: a   instcat_y04_191109/job_log_00966061.txt
HTAR: a   instcat_y04_191109/job_log_00966062.txt
HTAR: a   instcat_y04_191109/job_log_00966063.txt
HTAR: a   instcat_y04_191109/job_log_00966134.txt
HTAR: a   instcat_y04_191109/job_log_00966135.txt
HTAR: a   instcat_y04_191109/job_log_00966136.txt
HTAR: a   instcat_y04_191109/job_log_00966137.txt
HTAR: a   instcat_y04_191109/job_log_00966138.txt
HTAR: a   instcat_y04_191109/job_log_00966139.txt
HTAR: a   instcat_y04_191109/job_log_00966140.txt
HTAR: a   instcat_y04_191109/job_log_00966141.txt
HTAR: a   instcat_y04_191109/job_log_00966142.txt
HTAR: a   instcat_y04_191109/job_log_00966172.txt
HTAR: a   instcat_y04_191109/job_log_00966173.txt
HTAR: a   instcat_y04_191109/job_log_00966174.txt
HTAR: a   instcat_y04_191109/job_log_00966175.txt
HTAR: a   instcat_y04_191109/job_log_00966176.txt
HTAR: a   instcat_y04_191109/job_log_00966177.txt
HTAR: a   instcat_y04_191109/job_log_00966178.txt
HTAR: a   instcat_y04_191109/job_log_00966179.txt
HTAR: a   instcat_y04_191109/job_log_00966214.txt
HTAR: a   instcat_y04_191109/job_log_00966777.txt
HTAR: a   instcat_y04_191109/job_log_00966778.txt
HTAR: a   instcat_y04_191109/job_log_00966779.txt
HTAR: a   instcat_y04_191109/job_log_00966780.txt
HTAR: a   instcat_y04_191109/job_log_00966781.txt
HTAR: a   instcat_y04_191109/job_log_00966782.txt
HTAR: a   instcat_y04_191109/job_log_00966783.txt
HTAR: a   instcat_y04_191109/job_log_00966784.txt
HTAR: a   instcat_y04_191109/job_log_00966785.txt
HTAR: a   instcat_y04_191109/job_log_00966786.txt
HTAR: a   instcat_y04_191109/job_log_00966787.txt
HTAR: a   instcat_y04_191109/job_log_00966788.txt
HTAR: a   instcat_y04_191109/job_log_00966789.txt
HTAR: a   instcat_y04_191109/job_log_00966790.txt
HTAR: a   instcat_y04_191109/job_log_00966791.txt
HTAR: a   instcat_y04_191109/job_log_00966792.txt
HTAR: a   instcat_y04_191109/job_log_00966793.txt
HTAR: a   instcat_y04_191109/job_log_00966794.txt
HTAR: a   instcat_y04_191109/job_log_00966806.txt
HTAR: a   instcat_y04_191109/job_log_00966807.txt
HTAR: a   instcat_y04_191109/job_log_00966808.txt
HTAR: a   instcat_y04_191109/job_log_00966809.txt
HTAR: a   instcat_y04_191109/job_log_00966810.txt
HTAR: a   instcat_y04_191109/job_log_00966811.txt
HTAR: a   instcat_y04_191109/job_log_00966812.txt
HTAR: a   instcat_y04_191109/job_log_00966813.txt
HTAR: a   instcat_y04_191109/job_log_00966814.txt
HTAR: a   instcat_y04_191109/job_log_00966815.txt
HTAR: a   /tmp/HTAR_CF_CHK_19034_1576020751
HTAR Create complete for /home/projects/desc/DC2_ImSim/Run2.2i/instCat/y04_191109/00965383to00966815.tar. 549,358,085,120 bytes written for 240 member files, max threads: 50 Transfer time: 4021.823 seconds (136.594 MB/s) wallclock/user/sys: 4023.469 5253.744 1509.657 seconds
HTAR: HTAR SUCCESSFUL
