HTAR: a   instcat_y04_191109/00786208.tar.gz
HTAR: a   instcat_y04_191109/00786209.tar.gz
HTAR: a   instcat_y04_191109/00786210.tar.gz
HTAR: a   instcat_y04_191109/00787923.tar.gz
HTAR: a   instcat_y04_191109/00787957.tar.gz
HTAR: a   instcat_y04_191109/00787958.tar.gz
HTAR: a   instcat_y04_191109/00787959.tar.gz
HTAR: a   instcat_y04_191109/00787960.tar.gz
HTAR: a   instcat_y04_191109/00787961.tar.gz
HTAR: a   instcat_y04_191109/00787962.tar.gz
HTAR: a   instcat_y04_191109/00788001.tar.gz
HTAR: a   instcat_y04_191109/00788002.tar.gz
HTAR: a   instcat_y04_191109/00788003.tar.gz
HTAR: a   instcat_y04_191109/00788004.tar.gz
HTAR: a   instcat_y04_191109/00788005.tar.gz
HTAR: a   instcat_y04_191109/00788006.tar.gz
HTAR: a   instcat_y04_191109/00788007.tar.gz
HTAR: a   instcat_y04_191109/00788008.tar.gz
HTAR: a   instcat_y04_191109/00788034.tar.gz
HTAR: a   instcat_y04_191109/00788035.tar.gz
HTAR: a   instcat_y04_191109/00788037.tar.gz
HTAR: a   instcat_y04_191109/00788038.tar.gz
HTAR: a   instcat_y04_191109/00788067.tar.gz
HTAR: a   instcat_y04_191109/00788068.tar.gz
HTAR: a   instcat_y04_191109/00788069.tar.gz
HTAR: a   instcat_y04_191109/00788122.tar.gz
HTAR: a   instcat_y04_191109/00788728.tar.gz
HTAR: a   instcat_y04_191109/00788762.tar.gz
HTAR: a   instcat_y04_191109/00788765.tar.gz
HTAR: a   instcat_y04_191109/00788766.tar.gz
HTAR: a   instcat_y04_191109/00788768.tar.gz
HTAR: a   instcat_y04_191109/00788771.tar.gz
HTAR: a   instcat_y04_191109/00788777.tar.gz
HTAR: a   instcat_y04_191109/00788796.tar.gz
HTAR: a   instcat_y04_191109/00788800.tar.gz
HTAR: a   instcat_y04_191109/00788801.tar.gz
HTAR: a   instcat_y04_191109/00788802.tar.gz
HTAR: a   instcat_y04_191109/00788803.tar.gz
HTAR: a   instcat_y04_191109/00788804.tar.gz
HTAR: a   instcat_y04_191109/00788805.tar.gz
HTAR: a   instcat_y04_191109/00788806.tar.gz
HTAR: a   instcat_y04_191109/00788807.tar.gz
HTAR: a   instcat_y04_191109/00788808.tar.gz
HTAR: a   instcat_y04_191109/00788830.tar.gz
HTAR: a   instcat_y04_191109/00788831.tar.gz
HTAR: a   instcat_y04_191109/00788832.tar.gz
HTAR: a   instcat_y04_191109/00788833.tar.gz
HTAR: a   instcat_y04_191109/00788835.tar.gz
HTAR: a   instcat_y04_191109/00788840.tar.gz
HTAR: a   instcat_y04_191109/00788841.tar.gz
HTAR: a   instcat_y04_191109/00788842.tar.gz
HTAR: a   instcat_y04_191109/00788843.tar.gz
HTAR: a   instcat_y04_191109/00788844.tar.gz
HTAR: a   instcat_y04_191109/00788845.tar.gz
HTAR: a   instcat_y04_191109/00788846.tar.gz
HTAR: a   instcat_y04_191109/00788851.tar.gz
HTAR: a   instcat_y04_191109/00788852.tar.gz
HTAR: a   instcat_y04_191109/00788853.tar.gz
HTAR: a   instcat_y04_191109/00788854.tar.gz
HTAR: a   instcat_y04_191109/00788855.tar.gz
HTAR: a   instcat_y04_191109/00788856.tar.gz
HTAR: a   instcat_y04_191109/00788857.tar.gz
HTAR: a   instcat_y04_191109/00788858.tar.gz
HTAR: a   instcat_y04_191109/00788859.tar.gz
HTAR: a   instcat_y04_191109/00788860.tar.gz
HTAR: a   instcat_y04_191109/00788861.tar.gz
HTAR: a   instcat_y04_191109/00788862.tar.gz
HTAR: a   instcat_y04_191109/00788863.tar.gz
HTAR: a   instcat_y04_191109/00788866.tar.gz
HTAR: a   instcat_y04_191109/00788867.tar.gz
HTAR: a   instcat_y04_191109/00788868.tar.gz
HTAR: a   instcat_y04_191109/00788870.tar.gz
HTAR: a   instcat_y04_191109/00788886.tar.gz
HTAR: a   instcat_y04_191109/00788887.tar.gz
HTAR: a   instcat_y04_191109/00788888.tar.gz
HTAR: a   instcat_y04_191109/00788889.tar.gz
HTAR: a   instcat_y04_191109/00788890.tar.gz
HTAR: a   instcat_y04_191109/00788891.tar.gz
HTAR: a   instcat_y04_191109/00788892.tar.gz
HTAR: a   instcat_y04_191109/00788893.tar.gz
HTAR: a   instcat_y04_191109/00788894.tar.gz
HTAR: a   instcat_y04_191109/00788895.tar.gz
HTAR: a   instcat_y04_191109/00788899.tar.gz
HTAR: a   instcat_y04_191109/00788900.tar.gz
HTAR: a   instcat_y04_191109/00788921.tar.gz
HTAR: a   instcat_y04_191109/00791341.tar.gz
HTAR: a   instcat_y04_191109/00791345.tar.gz
HTAR: a   instcat_y04_191109/00791357.tar.gz
HTAR: a   instcat_y04_191109/00791361.tar.gz
HTAR: a   instcat_y04_191109/00791368.tar.gz
HTAR: a   instcat_y04_191109/00792242.tar.gz
HTAR: a   instcat_y04_191109/00792324.tar.gz
HTAR: a   instcat_y04_191109/00792767.tar.gz
HTAR: a   instcat_y04_191109/00792777.tar.gz
HTAR: a   instcat_y04_191109/00792778.tar.gz
HTAR: a   instcat_y04_191109/00792808.tar.gz
HTAR: a   instcat_y04_191109/00792809.tar.gz
HTAR: a   instcat_y04_191109/00792810.tar.gz
HTAR: a   instcat_y04_191109/00792811.tar.gz
HTAR: a   instcat_y04_191109/00792812.tar.gz
HTAR: a   instcat_y04_191109/00792813.tar.gz
HTAR: a   instcat_y04_191109/00792814.tar.gz
HTAR: a   instcat_y04_191109/00792815.tar.gz
HTAR: a   instcat_y04_191109/00792816.tar.gz
HTAR: a   instcat_y04_191109/00792817.tar.gz
HTAR: a   instcat_y04_191109/00792818.tar.gz
HTAR: a   instcat_y04_191109/00792820.tar.gz
HTAR: a   instcat_y04_191109/00792821.tar.gz
HTAR: a   instcat_y04_191109/00792824.tar.gz
HTAR: a   instcat_y04_191109/00792924.tar.gz
HTAR: a   instcat_y04_191109/00796365.tar.gz
HTAR: a   instcat_y04_191109/00796370.tar.gz
HTAR: a   instcat_y04_191109/00796371.tar.gz
HTAR: a   instcat_y04_191109/00796372.tar.gz
HTAR: a   instcat_y04_191109/00796373.tar.gz
HTAR: a   instcat_y04_191109/00796374.tar.gz
HTAR: a   instcat_y04_191109/00796397.tar.gz
HTAR: a   instcat_y04_191109/00796398.tar.gz
HTAR: a   instcat_y04_191109/00796399.tar.gz
HTAR: a   instcat_y04_191109/00796400.tar.gz
HTAR: a   instcat_y04_191109/job_log_00786208.txt
HTAR: a   instcat_y04_191109/job_log_00786209.txt
HTAR: a   instcat_y04_191109/job_log_00786210.txt
HTAR: a   instcat_y04_191109/job_log_00787923.txt
HTAR: a   instcat_y04_191109/job_log_00787957.txt
HTAR: a   instcat_y04_191109/job_log_00787958.txt
HTAR: a   instcat_y04_191109/job_log_00787959.txt
HTAR: a   instcat_y04_191109/job_log_00787960.txt
HTAR: a   instcat_y04_191109/job_log_00787961.txt
HTAR: a   instcat_y04_191109/job_log_00787962.txt
HTAR: a   instcat_y04_191109/job_log_00788001.txt
HTAR: a   instcat_y04_191109/job_log_00788002.txt
HTAR: a   instcat_y04_191109/job_log_00788003.txt
HTAR: a   instcat_y04_191109/job_log_00788004.txt
HTAR: a   instcat_y04_191109/job_log_00788005.txt
HTAR: a   instcat_y04_191109/job_log_00788006.txt
HTAR: a   instcat_y04_191109/job_log_00788007.txt
HTAR: a   instcat_y04_191109/job_log_00788008.txt
HTAR: a   instcat_y04_191109/job_log_00788034.txt
HTAR: a   instcat_y04_191109/job_log_00788035.txt
HTAR: a   instcat_y04_191109/job_log_00788037.txt
HTAR: a   instcat_y04_191109/job_log_00788038.txt
HTAR: a   instcat_y04_191109/job_log_00788067.txt
HTAR: a   instcat_y04_191109/job_log_00788068.txt
HTAR: a   instcat_y04_191109/job_log_00788069.txt
HTAR: a   instcat_y04_191109/job_log_00788122.txt
HTAR: a   instcat_y04_191109/job_log_00788728.txt
HTAR: a   instcat_y04_191109/job_log_00788762.txt
HTAR: a   instcat_y04_191109/job_log_00788765.txt
HTAR: a   instcat_y04_191109/job_log_00788766.txt
HTAR: a   instcat_y04_191109/job_log_00788768.txt
HTAR: a   instcat_y04_191109/job_log_00788771.txt
HTAR: a   instcat_y04_191109/job_log_00788777.txt
HTAR: a   instcat_y04_191109/job_log_00788796.txt
HTAR: a   instcat_y04_191109/job_log_00788800.txt
HTAR: a   instcat_y04_191109/job_log_00788801.txt
HTAR: a   instcat_y04_191109/job_log_00788802.txt
HTAR: a   instcat_y04_191109/job_log_00788803.txt
HTAR: a   instcat_y04_191109/job_log_00788804.txt
HTAR: a   instcat_y04_191109/job_log_00788805.txt
HTAR: a   instcat_y04_191109/job_log_00788806.txt
HTAR: a   instcat_y04_191109/job_log_00788807.txt
HTAR: a   instcat_y04_191109/job_log_00788808.txt
HTAR: a   instcat_y04_191109/job_log_00788830.txt
HTAR: a   instcat_y04_191109/job_log_00788831.txt
HTAR: a   instcat_y04_191109/job_log_00788832.txt
HTAR: a   instcat_y04_191109/job_log_00788833.txt
HTAR: a   instcat_y04_191109/job_log_00788835.txt
HTAR: a   instcat_y04_191109/job_log_00788840.txt
HTAR: a   instcat_y04_191109/job_log_00788841.txt
HTAR: a   instcat_y04_191109/job_log_00788842.txt
HTAR: a   instcat_y04_191109/job_log_00788843.txt
HTAR: a   instcat_y04_191109/job_log_00788844.txt
HTAR: a   instcat_y04_191109/job_log_00788845.txt
HTAR: a   instcat_y04_191109/job_log_00788846.txt
HTAR: a   instcat_y04_191109/job_log_00788851.txt
HTAR: a   instcat_y04_191109/job_log_00788852.txt
HTAR: a   instcat_y04_191109/job_log_00788853.txt
HTAR: a   instcat_y04_191109/job_log_00788854.txt
HTAR: a   instcat_y04_191109/job_log_00788855.txt
HTAR: a   instcat_y04_191109/job_log_00788856.txt
HTAR: a   instcat_y04_191109/job_log_00788857.txt
HTAR: a   instcat_y04_191109/job_log_00788858.txt
HTAR: a   instcat_y04_191109/job_log_00788859.txt
HTAR: a   instcat_y04_191109/job_log_00788860.txt
HTAR: a   instcat_y04_191109/job_log_00788861.txt
HTAR: a   instcat_y04_191109/job_log_00788862.txt
HTAR: a   instcat_y04_191109/job_log_00788863.txt
HTAR: a   instcat_y04_191109/job_log_00788866.txt
HTAR: a   instcat_y04_191109/job_log_00788867.txt
HTAR: a   instcat_y04_191109/job_log_00788868.txt
HTAR: a   instcat_y04_191109/job_log_00788870.txt
HTAR: a   instcat_y04_191109/job_log_00788886.txt
HTAR: a   instcat_y04_191109/job_log_00788887.txt
HTAR: a   instcat_y04_191109/job_log_00788888.txt
HTAR: a   instcat_y04_191109/job_log_00788889.txt
HTAR: a   instcat_y04_191109/job_log_00788890.txt
HTAR: a   instcat_y04_191109/job_log_00788891.txt
HTAR: a   instcat_y04_191109/job_log_00788892.txt
HTAR: a   instcat_y04_191109/job_log_00788893.txt
HTAR: a   instcat_y04_191109/job_log_00788894.txt
HTAR: a   instcat_y04_191109/job_log_00788895.txt
HTAR: a   instcat_y04_191109/job_log_00788899.txt
HTAR: a   instcat_y04_191109/job_log_00788900.txt
HTAR: a   instcat_y04_191109/job_log_00788921.txt
HTAR: a   instcat_y04_191109/job_log_00791341.txt
HTAR: a   instcat_y04_191109/job_log_00791345.txt
HTAR: a   instcat_y04_191109/job_log_00791357.txt
HTAR: a   instcat_y04_191109/job_log_00791361.txt
HTAR: a   instcat_y04_191109/job_log_00791368.txt
HTAR: a   instcat_y04_191109/job_log_00792242.txt
HTAR: a   instcat_y04_191109/job_log_00792324.txt
HTAR: a   instcat_y04_191109/job_log_00792767.txt
HTAR: a   instcat_y04_191109/job_log_00792777.txt
HTAR: a   instcat_y04_191109/job_log_00792778.txt
HTAR: a   instcat_y04_191109/job_log_00792808.txt
HTAR: a   instcat_y04_191109/job_log_00792809.txt
HTAR: a   instcat_y04_191109/job_log_00792810.txt
HTAR: a   instcat_y04_191109/job_log_00792811.txt
HTAR: a   instcat_y04_191109/job_log_00792812.txt
HTAR: a   instcat_y04_191109/job_log_00792813.txt
HTAR: a   instcat_y04_191109/job_log_00792814.txt
HTAR: a   instcat_y04_191109/job_log_00792815.txt
HTAR: a   instcat_y04_191109/job_log_00792816.txt
HTAR: a   instcat_y04_191109/job_log_00792817.txt
HTAR: a   instcat_y04_191109/job_log_00792818.txt
HTAR: a   instcat_y04_191109/job_log_00792820.txt
HTAR: a   instcat_y04_191109/job_log_00792821.txt
HTAR: a   instcat_y04_191109/job_log_00792824.txt
HTAR: a   instcat_y04_191109/job_log_00792924.txt
HTAR: a   instcat_y04_191109/job_log_00796365.txt
HTAR: a   instcat_y04_191109/job_log_00796370.txt
HTAR: a   instcat_y04_191109/job_log_00796371.txt
HTAR: a   instcat_y04_191109/job_log_00796372.txt
HTAR: a   instcat_y04_191109/job_log_00796373.txt
HTAR: a   instcat_y04_191109/job_log_00796374.txt
HTAR: a   instcat_y04_191109/job_log_00796397.txt
HTAR: a   instcat_y04_191109/job_log_00796398.txt
HTAR: a   instcat_y04_191109/job_log_00796399.txt
HTAR: a   instcat_y04_191109/job_log_00796400.txt
HTAR: a   /tmp/HTAR_CF_CHK_30865_1575999213
HTAR Create complete for /home/projects/desc/DC2_ImSim/Run2.2i/instCat/y04_191109/00786208to00796400.tar. 517,563,483,136 bytes written for 240 member files, max threads: 50 Transfer time: 3733.588 seconds (138.624 MB/s) wallclock/user/sys: 3733.944 4465.337 1578.775 seconds
HTAR: HTAR SUCCESSFUL
HTAR: a   instcat_y04_191109/00796418.tar.gz
HTAR: a   instcat_y04_191109/00796419.tar.gz
HTAR: a   instcat_y04_191109/00796420.tar.gz
HTAR: a   instcat_y04_191109/00796421.tar.gz
HTAR: a   instcat_y04_191109/00796422.tar.gz
HTAR: a   instcat_y04_191109/00796423.tar.gz
HTAR: a   instcat_y04_191109/00797311.tar.gz
HTAR: a   instcat_y04_191109/00797319.tar.gz
HTAR: a   instcat_y04_191109/00797320.tar.gz
HTAR: a   instcat_y04_191109/00797321.tar.gz
HTAR: a   instcat_y04_191109/00797322.tar.gz
HTAR: a   instcat_y04_191109/00797323.tar.gz
HTAR: a   instcat_y04_191109/00797324.tar.gz
HTAR: a   instcat_y04_191109/00797325.tar.gz
HTAR: a   instcat_y04_191109/00797326.tar.gz
HTAR: a   instcat_y04_191109/00797363.tar.gz
HTAR: a   instcat_y04_191109/00797364.tar.gz
HTAR: a   instcat_y04_191109/00797365.tar.gz
HTAR: a   instcat_y04_191109/00797366.tar.gz
HTAR: a   instcat_y04_191109/00799044.tar.gz
HTAR: a   instcat_y04_191109/00799045.tar.gz
HTAR: a   instcat_y04_191109/00799046.tar.gz
HTAR: a   instcat_y04_191109/00799047.tar.gz
HTAR: a   instcat_y04_191109/00799054.tar.gz
HTAR: a   instcat_y04_191109/00799059.tar.gz
HTAR: a   instcat_y04_191109/00799065.tar.gz
HTAR: a   instcat_y04_191109/00799068.tar.gz
HTAR: a   instcat_y04_191109/00799079.tar.gz
HTAR: a   instcat_y04_191109/00800827.tar.gz
HTAR: a   instcat_y04_191109/00802649.tar.gz
HTAR: a   instcat_y04_191109/00806350.tar.gz
HTAR: a   instcat_y04_191109/00806352.tar.gz
HTAR: a   instcat_y04_191109/00806358.tar.gz
HTAR: a   instcat_y04_191109/00806385.tar.gz
HTAR: a   instcat_y04_191109/00806386.tar.gz
HTAR: a   instcat_y04_191109/00806387.tar.gz
HTAR: a   instcat_y04_191109/00807271.tar.gz
HTAR: a   instcat_y04_191109/00807301.tar.gz
HTAR: a   instcat_y04_191109/00808205.tar.gz
HTAR: a   instcat_y04_191109/00808220.tar.gz
HTAR: a   instcat_y04_191109/00808248.tar.gz
HTAR: a   instcat_y04_191109/00808249.tar.gz
HTAR: a   instcat_y04_191109/00808250.tar.gz
HTAR: a   instcat_y04_191109/00808278.tar.gz
HTAR: a   instcat_y04_191109/00808279.tar.gz
HTAR: a   instcat_y04_191109/00809075.tar.gz
HTAR: a   instcat_y04_191109/00809092.tar.gz
HTAR: a   instcat_y04_191109/00809100.tar.gz
HTAR: a   instcat_y04_191109/00809104.tar.gz
HTAR: a   instcat_y04_191109/00809112.tar.gz
HTAR: a   instcat_y04_191109/00809113.tar.gz
HTAR: a   instcat_y04_191109/00812821.tar.gz
HTAR: a   instcat_y04_191109/00812824.tar.gz
HTAR: a   instcat_y04_191109/00812828.tar.gz
HTAR: a   instcat_y04_191109/00813811.tar.gz
HTAR: a   instcat_y04_191109/00813812.tar.gz
HTAR: a   instcat_y04_191109/00814663.tar.gz
HTAR: a   instcat_y04_191109/00814664.tar.gz
HTAR: a   instcat_y04_191109/00814665.tar.gz
HTAR: a   instcat_y04_191109/00814666.tar.gz
HTAR: a   instcat_y04_191109/00814667.tar.gz
HTAR: a   instcat_y04_191109/00814668.tar.gz
HTAR: a   instcat_y04_191109/00814670.tar.gz
HTAR: a   instcat_y04_191109/00817535.tar.gz
HTAR: a   instcat_y04_191109/00817538.tar.gz
HTAR: a   instcat_y04_191109/00817561.tar.gz
HTAR: a   instcat_y04_191109/00817610.tar.gz
HTAR: a   instcat_y04_191109/00819432.tar.gz
HTAR: a   instcat_y04_191109/00819433.tar.gz
HTAR: a   instcat_y04_191109/00819470.tar.gz
HTAR: a   instcat_y04_191109/00819471.tar.gz
HTAR: a   instcat_y04_191109/00819474.tar.gz
HTAR: a   instcat_y04_191109/00819477.tar.gz
HTAR: a   instcat_y04_191109/00872172.tar.gz
HTAR: a   instcat_y04_191109/00873209.tar.gz
HTAR: a   instcat_y04_191109/00873210.tar.gz
HTAR: a   instcat_y04_191109/00873211.tar.gz
HTAR: a   instcat_y04_191109/00873213.tar.gz
HTAR: a   instcat_y04_191109/00873214.tar.gz
HTAR: a   instcat_y04_191109/00873247.tar.gz
HTAR: a   instcat_y04_191109/00873254.tar.gz
HTAR: a   instcat_y04_191109/00873256.tar.gz
HTAR: a   instcat_y04_191109/00873257.tar.gz
HTAR: a   instcat_y04_191109/00876962.tar.gz
HTAR: a   instcat_y04_191109/00876978.tar.gz
HTAR: a   instcat_y04_191109/00876981.tar.gz
HTAR: a   instcat_y04_191109/00877991.tar.gz
HTAR: a   instcat_y04_191109/00877992.tar.gz
HTAR: a   instcat_y04_191109/00877993.tar.gz
HTAR: a   instcat_y04_191109/00877997.tar.gz
HTAR: a   instcat_y04_191109/00877998.tar.gz
HTAR: a   instcat_y04_191109/00878094.tar.gz
HTAR: a   instcat_y04_191109/00879049.tar.gz
HTAR: a   instcat_y04_191109/00879051.tar.gz
HTAR: a   instcat_y04_191109/00879052.tar.gz
HTAR: a   instcat_y04_191109/00879101.tar.gz
HTAR: a   instcat_y04_191109/00879102.tar.gz
HTAR: a   instcat_y04_191109/00879103.tar.gz
HTAR: a   instcat_y04_191109/00879104.tar.gz
HTAR: a   instcat_y04_191109/00879105.tar.gz
HTAR: a   instcat_y04_191109/00879106.tar.gz
HTAR: a   instcat_y04_191109/00879107.tar.gz
HTAR: a   instcat_y04_191109/00879108.tar.gz
HTAR: a   instcat_y04_191109/00879109.tar.gz
HTAR: a   instcat_y04_191109/00879110.tar.gz
HTAR: a   instcat_y04_191109/00879111.tar.gz
HTAR: a   instcat_y04_191109/00879112.tar.gz
HTAR: a   instcat_y04_191109/00879113.tar.gz
HTAR: a   instcat_y04_191109/00879114.tar.gz
HTAR: a   instcat_y04_191109/00879117.tar.gz
HTAR: a   instcat_y04_191109/00879125.tar.gz
HTAR: a   instcat_y04_191109/00879126.tar.gz
HTAR: a   instcat_y04_191109/00879127.tar.gz
HTAR: a   instcat_y04_191109/00879128.tar.gz
HTAR: a   instcat_y04_191109/00879129.tar.gz
HTAR: a   instcat_y04_191109/00879130.tar.gz
HTAR: a   instcat_y04_191109/00879131.tar.gz
HTAR: a   instcat_y04_191109/00879132.tar.gz
HTAR: a   instcat_y04_191109/00879133.tar.gz
HTAR: a   instcat_y04_191109/00879135.tar.gz
HTAR: a   instcat_y04_191109/job_log_00796418.txt
HTAR: a   instcat_y04_191109/job_log_00796419.txt
HTAR: a   instcat_y04_191109/job_log_00796420.txt
HTAR: a   instcat_y04_191109/job_log_00796421.txt
HTAR: a   instcat_y04_191109/job_log_00796422.txt
HTAR: a   instcat_y04_191109/job_log_00796423.txt
HTAR: a   instcat_y04_191109/job_log_00797311.txt
HTAR: a   instcat_y04_191109/job_log_00797319.txt
HTAR: a   instcat_y04_191109/job_log_00797320.txt
HTAR: a   instcat_y04_191109/job_log_00797321.txt
HTAR: a   instcat_y04_191109/job_log_00797322.txt
HTAR: a   instcat_y04_191109/job_log_00797323.txt
HTAR: a   instcat_y04_191109/job_log_00797324.txt
HTAR: a   instcat_y04_191109/job_log_00797325.txt
HTAR: a   instcat_y04_191109/job_log_00797326.txt
HTAR: a   instcat_y04_191109/job_log_00797363.txt
HTAR: a   instcat_y04_191109/job_log_00797364.txt
HTAR: a   instcat_y04_191109/job_log_00797365.txt
HTAR: a   instcat_y04_191109/job_log_00797366.txt
HTAR: a   instcat_y04_191109/job_log_00799044.txt
HTAR: a   instcat_y04_191109/job_log_00799045.txt
HTAR: a   instcat_y04_191109/job_log_00799046.txt
HTAR: a   instcat_y04_191109/job_log_00799047.txt
HTAR: a   instcat_y04_191109/job_log_00799054.txt
HTAR: a   instcat_y04_191109/job_log_00799059.txt
HTAR: a   instcat_y04_191109/job_log_00799065.txt
HTAR: a   instcat_y04_191109/job_log_00799068.txt
HTAR: a   instcat_y04_191109/job_log_00799079.txt
HTAR: a   instcat_y04_191109/job_log_00800827.txt
HTAR: a   instcat_y04_191109/job_log_00802649.txt
HTAR: a   instcat_y04_191109/job_log_00806350.txt
HTAR: a   instcat_y04_191109/job_log_00806352.txt
HTAR: a   instcat_y04_191109/job_log_00806358.txt
HTAR: a   instcat_y04_191109/job_log_00806385.txt
HTAR: a   instcat_y04_191109/job_log_00806386.txt
HTAR: a   instcat_y04_191109/job_log_00806387.txt
HTAR: a   instcat_y04_191109/job_log_00807271.txt
HTAR: a   instcat_y04_191109/job_log_00807301.txt
HTAR: a   instcat_y04_191109/job_log_00808205.txt
HTAR: a   instcat_y04_191109/job_log_00808220.txt
HTAR: a   instcat_y04_191109/job_log_00808248.txt
HTAR: a   instcat_y04_191109/job_log_00808249.txt
HTAR: a   instcat_y04_191109/job_log_00808250.txt
HTAR: a   instcat_y04_191109/job_log_00808278.txt
HTAR: a   instcat_y04_191109/job_log_00808279.txt
HTAR: a   instcat_y04_191109/job_log_00809075.txt
HTAR: a   instcat_y04_191109/job_log_00809092.txt
HTAR: a   instcat_y04_191109/job_log_00809100.txt
HTAR: a   instcat_y04_191109/job_log_00809104.txt
HTAR: a   instcat_y04_191109/job_log_00809112.txt
HTAR: a   instcat_y04_191109/job_log_00809113.txt
HTAR: a   instcat_y04_191109/job_log_00812821.txt
HTAR: a   instcat_y04_191109/job_log_00812824.txt
HTAR: a   instcat_y04_191109/job_log_00812828.txt
HTAR: a   instcat_y04_191109/job_log_00813811.txt
HTAR: a   instcat_y04_191109/job_log_00813812.txt
HTAR: a   instcat_y04_191109/job_log_00814663.txt
HTAR: a   instcat_y04_191109/job_log_00814664.txt
HTAR: a   instcat_y04_191109/job_log_00814665.txt
HTAR: a   instcat_y04_191109/job_log_00814666.txt
HTAR: a   instcat_y04_191109/job_log_00814667.txt
HTAR: a   instcat_y04_191109/job_log_00814668.txt
HTAR: a   instcat_y04_191109/job_log_00814670.txt
HTAR: a   instcat_y04_191109/job_log_00817535.txt
HTAR: a   instcat_y04_191109/job_log_00817538.txt
HTAR: a   instcat_y04_191109/job_log_00817561.txt
HTAR: a   instcat_y04_191109/job_log_00817610.txt
HTAR: a   instcat_y04_191109/job_log_00819432.txt
HTAR: a   instcat_y04_191109/job_log_00819433.txt
HTAR: a   instcat_y04_191109/job_log_00819470.txt
HTAR: a   instcat_y04_191109/job_log_00819471.txt
HTAR: a   instcat_y04_191109/job_log_00819474.txt
HTAR: a   instcat_y04_191109/job_log_00819477.txt
HTAR: a   instcat_y04_191109/job_log_00872172.txt
HTAR: a   instcat_y04_191109/job_log_00873209.txt
HTAR: a   instcat_y04_191109/job_log_00873210.txt
HTAR: a   instcat_y04_191109/job_log_00873211.txt
HTAR: a   instcat_y04_191109/job_log_00873213.txt
HTAR: a   instcat_y04_191109/job_log_00873214.txt
HTAR: a   instcat_y04_191109/job_log_00873247.txt
HTAR: a   instcat_y04_191109/job_log_00873254.txt
HTAR: a   instcat_y04_191109/job_log_00873256.txt
HTAR: a   instcat_y04_191109/job_log_00873257.txt
HTAR: a   instcat_y04_191109/job_log_00876962.txt
HTAR: a   instcat_y04_191109/job_log_00876978.txt
HTAR: a   instcat_y04_191109/job_log_00876981.txt
HTAR: a   instcat_y04_191109/job_log_00877991.txt
HTAR: a   instcat_y04_191109/job_log_00877992.txt
HTAR: a   instcat_y04_191109/job_log_00877993.txt
HTAR: a   instcat_y04_191109/job_log_00877997.txt
HTAR: a   instcat_y04_191109/job_log_00877998.txt
HTAR: a   instcat_y04_191109/job_log_00878094.txt
HTAR: a   instcat_y04_191109/job_log_00879049.txt
HTAR: a   instcat_y04_191109/job_log_00879051.txt
HTAR: a   instcat_y04_191109/job_log_00879052.txt
HTAR: a   instcat_y04_191109/job_log_00879101.txt
HTAR: a   instcat_y04_191109/job_log_00879102.txt
HTAR: a   instcat_y04_191109/job_log_00879103.txt
HTAR: a   instcat_y04_191109/job_log_00879104.txt
HTAR: a   instcat_y04_191109/job_log_00879105.txt
HTAR: a   instcat_y04_191109/job_log_00879106.txt
HTAR: a   instcat_y04_191109/job_log_00879107.txt
HTAR: a   instcat_y04_191109/job_log_00879108.txt
HTAR: a   instcat_y04_191109/job_log_00879109.txt
HTAR: a   instcat_y04_191109/job_log_00879110.txt
HTAR: a   instcat_y04_191109/job_log_00879111.txt
HTAR: a   instcat_y04_191109/job_log_00879112.txt
HTAR: a   instcat_y04_191109/job_log_00879113.txt
HTAR: a   instcat_y04_191109/job_log_00879114.txt
HTAR: a   instcat_y04_191109/job_log_00879117.txt
HTAR: a   instcat_y04_191109/job_log_00879125.txt
HTAR: a   instcat_y04_191109/job_log_00879126.txt
HTAR: a   instcat_y04_191109/job_log_00879127.txt
HTAR: a   instcat_y04_191109/job_log_00879128.txt
HTAR: a   instcat_y04_191109/job_log_00879129.txt
HTAR: a   instcat_y04_191109/job_log_00879130.txt
HTAR: a   instcat_y04_191109/job_log_00879131.txt
HTAR: a   instcat_y04_191109/job_log_00879132.txt
HTAR: a   instcat_y04_191109/job_log_00879133.txt
HTAR: a   instcat_y04_191109/job_log_00879135.txt
HTAR: a   /tmp/HTAR_CF_CHK_30494_1576002949
HTAR Create complete for /home/projects/desc/DC2_ImSim/Run2.2i/instCat/y04_191109/00796418to00879135.tar. 477,666,438,144 bytes written for 240 member files, max threads: 50 Transfer time: 3302.941 seconds (144.619 MB/s) wallclock/user/sys: 3303.275 4086.296 1413.986 seconds
HTAR: HTAR SUCCESSFUL
HTAR: a   instcat_y04_191109/00879136.tar.gz
HTAR: a   instcat_y04_191109/00879137.tar.gz
HTAR: a   instcat_y04_191109/00879138.tar.gz
HTAR: a   instcat_y04_191109/00879141.tar.gz
HTAR: a   instcat_y04_191109/00880151.tar.gz
HTAR: a   instcat_y04_191109/00880163.tar.gz
HTAR: a   instcat_y04_191109/00880164.tar.gz
HTAR: a   instcat_y04_191109/00880165.tar.gz
HTAR: a   instcat_y04_191109/00880166.tar.gz
HTAR: a   instcat_y04_191109/00880167.tar.gz
HTAR: a   instcat_y04_191109/00880168.tar.gz
HTAR: a   instcat_y04_191109/00880169.tar.gz
HTAR: a   instcat_y04_191109/00880170.tar.gz
HTAR: a   instcat_y04_191109/00880173.tar.gz
HTAR: a   instcat_y04_191109/00880174.tar.gz
HTAR: a   instcat_y04_191109/00880175.tar.gz
HTAR: a   instcat_y04_191109/00880192.tar.gz
HTAR: a   instcat_y04_191109/00880193.tar.gz
HTAR: a   instcat_y04_191109/00880194.tar.gz
HTAR: a   instcat_y04_191109/00880195.tar.gz
HTAR: a   instcat_y04_191109/00880198.tar.gz
HTAR: a   instcat_y04_191109/00880199.tar.gz
HTAR: a   instcat_y04_191109/00880200.tar.gz
HTAR: a   instcat_y04_191109/00880201.tar.gz
HTAR: a   instcat_y04_191109/00880202.tar.gz
HTAR: a   instcat_y04_191109/00880203.tar.gz
HTAR: a   instcat_y04_191109/00880204.tar.gz
HTAR: a   instcat_y04_191109/00880205.tar.gz
HTAR: a   instcat_y04_191109/00880206.tar.gz
HTAR: a   instcat_y04_191109/00880207.tar.gz
HTAR: a   instcat_y04_191109/00880208.tar.gz
HTAR: a   instcat_y04_191109/00880209.tar.gz
HTAR: a   instcat_y04_191109/00880210.tar.gz
HTAR: a   instcat_y04_191109/00880213.tar.gz
HTAR: a   instcat_y04_191109/00880214.tar.gz
HTAR: a   instcat_y04_191109/00880215.tar.gz
HTAR: a   instcat_y04_191109/00880220.tar.gz
HTAR: a   instcat_y04_191109/00885336.tar.gz
HTAR: a   instcat_y04_191109/00885337.tar.gz
HTAR: a   instcat_y04_191109/00885338.tar.gz
HTAR: a   instcat_y04_191109/00885339.tar.gz
HTAR: a   instcat_y04_191109/00885340.tar.gz
HTAR: a   instcat_y04_191109/00885345.tar.gz
HTAR: a   instcat_y04_191109/00885346.tar.gz
HTAR: a   instcat_y04_191109/00885349.tar.gz
HTAR: a   instcat_y04_191109/00885350.tar.gz
HTAR: a   instcat_y04_191109/00885351.tar.gz
HTAR: a   instcat_y04_191109/00885373.tar.gz
HTAR: a   instcat_y04_191109/00885374.tar.gz
HTAR: a   instcat_y04_191109/00885375.tar.gz
HTAR: a   instcat_y04_191109/00885376.tar.gz
HTAR: a   instcat_y04_191109/00885377.tar.gz
HTAR: a   instcat_y04_191109/00885378.tar.gz
HTAR: a   instcat_y04_191109/00885379.tar.gz
HTAR: a   instcat_y04_191109/00885380.tar.gz
HTAR: a   instcat_y04_191109/00886267.tar.gz
HTAR: a   instcat_y04_191109/00886316.tar.gz
HTAR: a   instcat_y04_191109/00887303.tar.gz
HTAR: a   instcat_y04_191109/00887304.tar.gz
HTAR: a   instcat_y04_191109/00887305.tar.gz
HTAR: a   instcat_y04_191109/00887306.tar.gz
HTAR: a   instcat_y04_191109/00887307.tar.gz
HTAR: a   instcat_y04_191109/00887349.tar.gz
HTAR: a   instcat_y04_191109/00887350.tar.gz
HTAR: a   instcat_y04_191109/00887351.tar.gz
HTAR: a   instcat_y04_191109/00887352.tar.gz
HTAR: a   instcat_y04_191109/00887353.tar.gz
HTAR: a   instcat_y04_191109/00887370.tar.gz
HTAR: a   instcat_y04_191109/00887371.tar.gz
HTAR: a   instcat_y04_191109/00887372.tar.gz
HTAR: a   instcat_y04_191109/00887403.tar.gz
HTAR: a   instcat_y04_191109/00887405.tar.gz
HTAR: a   instcat_y04_191109/00887406.tar.gz
HTAR: a   instcat_y04_191109/00887407.tar.gz
HTAR: a   instcat_y04_191109/00887408.tar.gz
HTAR: a   instcat_y04_191109/00887409.tar.gz
HTAR: a   instcat_y04_191109/00887416.tar.gz
HTAR: a   instcat_y04_191109/00887417.tar.gz
HTAR: a   instcat_y04_191109/00887418.tar.gz
HTAR: a   instcat_y04_191109/00888326.tar.gz
HTAR: a   instcat_y04_191109/00888327.tar.gz
HTAR: a   instcat_y04_191109/00888370.tar.gz
HTAR: a   instcat_y04_191109/00888373.tar.gz
HTAR: a   instcat_y04_191109/00888374.tar.gz
HTAR: a   instcat_y04_191109/00888375.tar.gz
HTAR: a   instcat_y04_191109/00888379.tar.gz
HTAR: a   instcat_y04_191109/00888380.tar.gz
HTAR: a   instcat_y04_191109/00888403.tar.gz
HTAR: a   instcat_y04_191109/00888404.tar.gz
HTAR: a   instcat_y04_191109/00888405.tar.gz
HTAR: a   instcat_y04_191109/00888406.tar.gz
HTAR: a   instcat_y04_191109/00888408.tar.gz
HTAR: a   instcat_y04_191109/00889405.tar.gz
HTAR: a   instcat_y04_191109/00889407.tar.gz
HTAR: a   instcat_y04_191109/00889408.tar.gz
HTAR: a   instcat_y04_191109/00889447.tar.gz
HTAR: a   instcat_y04_191109/00889449.tar.gz
HTAR: a   instcat_y04_191109/00889457.tar.gz
HTAR: a   instcat_y04_191109/00889458.tar.gz
HTAR: a   instcat_y04_191109/00893695.tar.gz
HTAR: a   instcat_y04_191109/00893710.tar.gz
HTAR: a   instcat_y04_191109/00893711.tar.gz
HTAR: a   instcat_y04_191109/00893733.tar.gz
HTAR: a   instcat_y04_191109/00893761.tar.gz
HTAR: a   instcat_y04_191109/00893762.tar.gz
HTAR: a   instcat_y04_191109/00893766.tar.gz
HTAR: a   instcat_y04_191109/00893767.tar.gz
HTAR: a   instcat_y04_191109/00893768.tar.gz
HTAR: a   instcat_y04_191109/00893769.tar.gz
HTAR: a   instcat_y04_191109/00893770.tar.gz
HTAR: a   instcat_y04_191109/00893771.tar.gz
HTAR: a   instcat_y04_191109/00893772.tar.gz
HTAR: a   instcat_y04_191109/00893796.tar.gz
HTAR: a   instcat_y04_191109/00893797.tar.gz
HTAR: a   instcat_y04_191109/00893798.tar.gz
HTAR: a   instcat_y04_191109/00893799.tar.gz
HTAR: a   instcat_y04_191109/00893800.tar.gz
HTAR: a   instcat_y04_191109/00893801.tar.gz
HTAR: a   instcat_y04_191109/00895870.tar.gz
HTAR: a   instcat_y04_191109/00895871.tar.gz
HTAR: a   instcat_y04_191109/job_log_00879136.txt
HTAR: a   instcat_y04_191109/job_log_00879137.txt
HTAR: a   instcat_y04_191109/job_log_00879138.txt
HTAR: a   instcat_y04_191109/job_log_00879141.txt
HTAR: a   instcat_y04_191109/job_log_00880151.txt
HTAR: a   instcat_y04_191109/job_log_00880163.txt
HTAR: a   instcat_y04_191109/job_log_00880164.txt
HTAR: a   instcat_y04_191109/job_log_00880165.txt
HTAR: a   instcat_y04_191109/job_log_00880166.txt
HTAR: a   instcat_y04_191109/job_log_00880167.txt
HTAR: a   instcat_y04_191109/job_log_00880168.txt
HTAR: a   instcat_y04_191109/job_log_00880169.txt
HTAR: a   instcat_y04_191109/job_log_00880170.txt
HTAR: a   instcat_y04_191109/job_log_00880173.txt
HTAR: a   instcat_y04_191109/job_log_00880174.txt
HTAR: a   instcat_y04_191109/job_log_00880175.txt
HTAR: a   instcat_y04_191109/job_log_00880192.txt
HTAR: a   instcat_y04_191109/job_log_00880193.txt
HTAR: a   instcat_y04_191109/job_log_00880194.txt
HTAR: a   instcat_y04_191109/job_log_00880195.txt
HTAR: a   instcat_y04_191109/job_log_00880198.txt
HTAR: a   instcat_y04_191109/job_log_00880199.txt
HTAR: a   instcat_y04_191109/job_log_00880200.txt
HTAR: a   instcat_y04_191109/job_log_00880201.txt
HTAR: a   instcat_y04_191109/job_log_00880202.txt
HTAR: a   instcat_y04_191109/job_log_00880203.txt
HTAR: a   instcat_y04_191109/job_log_00880204.txt
HTAR: a   instcat_y04_191109/job_log_00880205.txt
HTAR: a   instcat_y04_191109/job_log_00880206.txt
HTAR: a   instcat_y04_191109/job_log_00880207.txt
HTAR: a   instcat_y04_191109/job_log_00880208.txt
HTAR: a   instcat_y04_191109/job_log_00880209.txt
HTAR: a   instcat_y04_191109/job_log_00880210.txt
HTAR: a   instcat_y04_191109/job_log_00880213.txt
HTAR: a   instcat_y04_191109/job_log_00880214.txt
HTAR: a   instcat_y04_191109/job_log_00880215.txt
HTAR: a   instcat_y04_191109/job_log_00880220.txt
HTAR: a   instcat_y04_191109/job_log_00885336.txt
HTAR: a   instcat_y04_191109/job_log_00885337.txt
HTAR: a   instcat_y04_191109/job_log_00885338.txt
HTAR: a   instcat_y04_191109/job_log_00885339.txt
HTAR: a   instcat_y04_191109/job_log_00885340.txt
HTAR: a   instcat_y04_191109/job_log_00885345.txt
HTAR: a   instcat_y04_191109/job_log_00885346.txt
HTAR: a   instcat_y04_191109/job_log_00885349.txt
HTAR: a   instcat_y04_191109/job_log_00885350.txt
HTAR: a   instcat_y04_191109/job_log_00885351.txt
HTAR: a   instcat_y04_191109/job_log_00885373.txt
HTAR: a   instcat_y04_191109/job_log_00885374.txt
HTAR: a   instcat_y04_191109/job_log_00885375.txt
HTAR: a   instcat_y04_191109/job_log_00885376.txt
HTAR: a   instcat_y04_191109/job_log_00885377.txt
HTAR: a   instcat_y04_191109/job_log_00885378.txt
HTAR: a   instcat_y04_191109/job_log_00885379.txt
HTAR: a   instcat_y04_191109/job_log_00885380.txt
HTAR: a   instcat_y04_191109/job_log_00886267.txt
HTAR: a   instcat_y04_191109/job_log_00886316.txt
HTAR: a   instcat_y04_191109/job_log_00887303.txt
HTAR: a   instcat_y04_191109/job_log_00887304.txt
HTAR: a   instcat_y04_191109/job_log_00887305.txt
HTAR: a   instcat_y04_191109/job_log_00887306.txt
HTAR: a   instcat_y04_191109/job_log_00887307.txt
HTAR: a   instcat_y04_191109/job_log_00887349.txt
HTAR: a   instcat_y04_191109/job_log_00887350.txt
HTAR: a   instcat_y04_191109/job_log_00887351.txt
HTAR: a   instcat_y04_191109/job_log_00887352.txt
HTAR: a   instcat_y04_191109/job_log_00887353.txt
HTAR: a   instcat_y04_191109/job_log_00887370.txt
HTAR: a   instcat_y04_191109/job_log_00887371.txt
HTAR: a   instcat_y04_191109/job_log_00887372.txt
HTAR: a   instcat_y04_191109/job_log_00887403.txt
HTAR: a   instcat_y04_191109/job_log_00887405.txt
HTAR: a   instcat_y04_191109/job_log_00887406.txt
HTAR: a   instcat_y04_191109/job_log_00887407.txt
HTAR: a   instcat_y04_191109/job_log_00887408.txt
HTAR: a   instcat_y04_191109/job_log_00887409.txt
HTAR: a   instcat_y04_191109/job_log_00887416.txt
HTAR: a   instcat_y04_191109/job_log_00887417.txt
HTAR: a   instcat_y04_191109/job_log_00887418.txt
HTAR: a   instcat_y04_191109/job_log_00888326.txt
HTAR: a   instcat_y04_191109/job_log_00888327.txt
HTAR: a   instcat_y04_191109/job_log_00888370.txt
HTAR: a   instcat_y04_191109/job_log_00888373.txt
HTAR: a   instcat_y04_191109/job_log_00888374.txt
HTAR: a   instcat_y04_191109/job_log_00888375.txt
HTAR: a   instcat_y04_191109/job_log_00888379.txt
HTAR: a   instcat_y04_191109/job_log_00888380.txt
HTAR: a   instcat_y04_191109/job_log_00888403.txt
HTAR: a   instcat_y04_191109/job_log_00888404.txt
HTAR: a   instcat_y04_191109/job_log_00888405.txt
HTAR: a   instcat_y04_191109/job_log_00888406.txt
HTAR: a   instcat_y04_191109/job_log_00888408.txt
HTAR: a   instcat_y04_191109/job_log_00889405.txt
HTAR: a   instcat_y04_191109/job_log_00889407.txt
HTAR: a   instcat_y04_191109/job_log_00889408.txt
HTAR: a   instcat_y04_191109/job_log_00889447.txt
HTAR: a   instcat_y04_191109/job_log_00889449.txt
HTAR: a   instcat_y04_191109/job_log_00889457.txt
HTAR: a   instcat_y04_191109/job_log_00889458.txt
HTAR: a   instcat_y04_191109/job_log_00893695.txt
HTAR: a   instcat_y04_191109/job_log_00893710.txt
HTAR: a   instcat_y04_191109/job_log_00893711.txt
HTAR: a   instcat_y04_191109/job_log_00893733.txt
HTAR: a   instcat_y04_191109/job_log_00893761.txt
HTAR: a   instcat_y04_191109/job_log_00893762.txt
HTAR: a   instcat_y04_191109/job_log_00893766.txt
HTAR: a   instcat_y04_191109/job_log_00893767.txt
HTAR: a   instcat_y04_191109/job_log_00893768.txt
HTAR: a   instcat_y04_191109/job_log_00893769.txt
HTAR: a   instcat_y04_191109/job_log_00893770.txt
HTAR: a   instcat_y04_191109/job_log_00893771.txt
HTAR: a   instcat_y04_191109/job_log_00893772.txt
HTAR: a   instcat_y04_191109/job_log_00893796.txt
HTAR: a   instcat_y04_191109/job_log_00893797.txt
HTAR: a   instcat_y04_191109/job_log_00893798.txt
HTAR: a   instcat_y04_191109/job_log_00893799.txt
HTAR: a   instcat_y04_191109/job_log_00893800.txt
HTAR: a   instcat_y04_191109/job_log_00893801.txt
HTAR: a   instcat_y04_191109/job_log_00895870.txt
HTAR: a   instcat_y04_191109/job_log_00895871.txt
HTAR: a   /tmp/HTAR_CF_CHK_36950_1576006256
HTAR Create complete for /home/projects/desc/DC2_ImSim/Run2.2i/instCat/y04_191109/00879136to00895871.tar. 529,430,440,960 bytes written for 240 member files, max threads: 50 Transfer time: 3399.968 seconds (155.716 MB/s) wallclock/user/sys: 3400.209 4384.310 1271.349 seconds
HTAR: HTAR SUCCESSFUL
HTAR: a   instcat_y04_191109/00896672.tar.gz
HTAR: a   instcat_y04_191109/00896697.tar.gz
HTAR: a   instcat_y04_191109/00896712.tar.gz
HTAR: a   instcat_y04_191109/00896713.tar.gz
HTAR: a   instcat_y04_191109/00896739.tar.gz
HTAR: a   instcat_y04_191109/00896745.tar.gz
HTAR: a   instcat_y04_191109/00896746.tar.gz
HTAR: a   instcat_y04_191109/00896747.tar.gz
HTAR: a   instcat_y04_191109/00896748.tar.gz
HTAR: a   instcat_y04_191109/00896749.tar.gz
HTAR: a   instcat_y04_191109/00896750.tar.gz
HTAR: a   instcat_y04_191109/00896751.tar.gz
HTAR: a   instcat_y04_191109/00896752.tar.gz
HTAR: a   instcat_y04_191109/00896753.tar.gz
HTAR: a   instcat_y04_191109/00896754.tar.gz
HTAR: a   instcat_y04_191109/00896755.tar.gz
HTAR: a   instcat_y04_191109/00896756.tar.gz
HTAR: a   instcat_y04_191109/00896757.tar.gz
HTAR: a   instcat_y04_191109/00896758.tar.gz
HTAR: a   instcat_y04_191109/00896785.tar.gz
HTAR: a   instcat_y04_191109/00896786.tar.gz
HTAR: a   instcat_y04_191109/00896787.tar.gz
HTAR: a   instcat_y04_191109/00896788.tar.gz
HTAR: a   instcat_y04_191109/00896789.tar.gz
HTAR: a   instcat_y04_191109/00896790.tar.gz
HTAR: a   instcat_y04_191109/00896791.tar.gz
HTAR: a   instcat_y04_191109/00896792.tar.gz
HTAR: a   instcat_y04_191109/00896793.tar.gz
HTAR: a   instcat_y04_191109/00896795.tar.gz
HTAR: a   instcat_y04_191109/00896796.tar.gz
HTAR: a   instcat_y04_191109/00896797.tar.gz
HTAR: a   instcat_y04_191109/00896799.tar.gz
HTAR: a   instcat_y04_191109/00896807.tar.gz
HTAR: a   instcat_y04_191109/00896821.tar.gz
HTAR: a   instcat_y04_191109/00896822.tar.gz
HTAR: a   instcat_y04_191109/00896823.tar.gz
HTAR: a   instcat_y04_191109/00896824.tar.gz
HTAR: a   instcat_y04_191109/00896825.tar.gz
HTAR: a   instcat_y04_191109/00896842.tar.gz
HTAR: a   instcat_y04_191109/00896845.tar.gz
HTAR: a   instcat_y04_191109/00896846.tar.gz
HTAR: a   instcat_y04_191109/00896847.tar.gz
HTAR: a   instcat_y04_191109/00896848.tar.gz
HTAR: a   instcat_y04_191109/00896849.tar.gz
HTAR: a   instcat_y04_191109/00896850.tar.gz
HTAR: a   instcat_y04_191109/00896851.tar.gz
HTAR: a   instcat_y04_191109/00896859.tar.gz
HTAR: a   instcat_y04_191109/00898735.tar.gz
HTAR: a   instcat_y04_191109/00898736.tar.gz
HTAR: a   instcat_y04_191109/00898737.tar.gz
HTAR: a   instcat_y04_191109/00898738.tar.gz
HTAR: a   instcat_y04_191109/00898739.tar.gz
HTAR: a   instcat_y04_191109/00898766.tar.gz
HTAR: a   instcat_y04_191109/00898767.tar.gz
HTAR: a   instcat_y04_191109/00898768.tar.gz
HTAR: a   instcat_y04_191109/00898769.tar.gz
HTAR: a   instcat_y04_191109/00898770.tar.gz
HTAR: a   instcat_y04_191109/00898771.tar.gz
HTAR: a   instcat_y04_191109/00898787.tar.gz
HTAR: a   instcat_y04_191109/00898789.tar.gz
HTAR: a   instcat_y04_191109/00898790.tar.gz
HTAR: a   instcat_y04_191109/00898791.tar.gz
HTAR: a   instcat_y04_191109/00898792.tar.gz
HTAR: a   instcat_y04_191109/00898793.tar.gz
HTAR: a   instcat_y04_191109/00898794.tar.gz
HTAR: a   instcat_y04_191109/00898795.tar.gz
HTAR: a   instcat_y04_191109/00898796.tar.gz
HTAR: a   instcat_y04_191109/00898797.tar.gz
HTAR: a   instcat_y04_191109/00899720.tar.gz
HTAR: a   instcat_y04_191109/00899721.tar.gz
HTAR: a   instcat_y04_191109/00899722.tar.gz
HTAR: a   instcat_y04_191109/00899724.tar.gz
HTAR: a   instcat_y04_191109/00899725.tar.gz
HTAR: a   instcat_y04_191109/00899726.tar.gz
HTAR: a   instcat_y04_191109/00899727.tar.gz
HTAR: a   instcat_y04_191109/00899728.tar.gz
HTAR: a   instcat_y04_191109/00899729.tar.gz
HTAR: a   instcat_y04_191109/00899730.tar.gz
HTAR: a   instcat_y04_191109/00899731.tar.gz
HTAR: a   instcat_y04_191109/00899750.tar.gz
HTAR: a   instcat_y04_191109/00899751.tar.gz
HTAR: a   instcat_y04_191109/00899752.tar.gz
HTAR: a   instcat_y04_191109/00899753.tar.gz
HTAR: a   instcat_y04_191109/00899754.tar.gz
HTAR: a   instcat_y04_191109/00899755.tar.gz
HTAR: a   instcat_y04_191109/00899756.tar.gz
HTAR: a   instcat_y04_191109/00899757.tar.gz
HTAR: a   instcat_y04_191109/00899758.tar.gz
HTAR: a   instcat_y04_191109/00900759.tar.gz
HTAR: a   instcat_y04_191109/00900796.tar.gz
HTAR: a   instcat_y04_191109/00900801.tar.gz
HTAR: a   instcat_y04_191109/00901563.tar.gz
HTAR: a   instcat_y04_191109/00901564.tar.gz
HTAR: a   instcat_y04_191109/00901565.tar.gz
HTAR: a   instcat_y04_191109/00901592.tar.gz
HTAR: a   instcat_y04_191109/00901593.tar.gz
HTAR: a   instcat_y04_191109/00901594.tar.gz
HTAR: a   instcat_y04_191109/00901595.tar.gz
HTAR: a   instcat_y04_191109/00901596.tar.gz
HTAR: a   instcat_y04_191109/00901597.tar.gz
HTAR: a   instcat_y04_191109/00901598.tar.gz
HTAR: a   instcat_y04_191109/00901602.tar.gz
HTAR: a   instcat_y04_191109/00901603.tar.gz
HTAR: a   instcat_y04_191109/00901767.tar.gz
HTAR: a   instcat_y04_191109/00901768.tar.gz
HTAR: a   instcat_y04_191109/00901772.tar.gz
HTAR: a   instcat_y04_191109/00901773.tar.gz
HTAR: a   instcat_y04_191109/00901788.tar.gz
HTAR: a   instcat_y04_191109/00901789.tar.gz
HTAR: a   instcat_y04_191109/00901792.tar.gz
HTAR: a   instcat_y04_191109/00901801.tar.gz
HTAR: a   instcat_y04_191109/00902702.tar.gz
HTAR: a   instcat_y04_191109/00902703.tar.gz
HTAR: a   instcat_y04_191109/00902704.tar.gz
HTAR: a   instcat_y04_191109/00902705.tar.gz
HTAR: a   instcat_y04_191109/00902706.tar.gz
HTAR: a   instcat_y04_191109/00902707.tar.gz
HTAR: a   instcat_y04_191109/00902708.tar.gz
HTAR: a   instcat_y04_191109/00902709.tar.gz
HTAR: a   instcat_y04_191109/00902710.tar.gz
HTAR: a   instcat_y04_191109/job_log_00896672.txt
HTAR: a   instcat_y04_191109/job_log_00896697.txt
HTAR: a   instcat_y04_191109/job_log_00896712.txt
HTAR: a   instcat_y04_191109/job_log_00896713.txt
HTAR: a   instcat_y04_191109/job_log_00896739.txt
HTAR: a   instcat_y04_191109/job_log_00896745.txt
HTAR: a   instcat_y04_191109/job_log_00896746.txt
HTAR: a   instcat_y04_191109/job_log_00896747.txt
HTAR: a   instcat_y04_191109/job_log_00896748.txt
HTAR: a   instcat_y04_191109/job_log_00896749.txt
HTAR: a   instcat_y04_191109/job_log_00896750.txt
HTAR: a   instcat_y04_191109/job_log_00896751.txt
HTAR: a   instcat_y04_191109/job_log_00896752.txt
HTAR: a   instcat_y04_191109/job_log_00896753.txt
HTAR: a   instcat_y04_191109/job_log_00896754.txt
HTAR: a   instcat_y04_191109/job_log_00896755.txt
HTAR: a   instcat_y04_191109/job_log_00896756.txt
HTAR: a   instcat_y04_191109/job_log_00896757.txt
HTAR: a   instcat_y04_191109/job_log_00896758.txt
HTAR: a   instcat_y04_191109/job_log_00896785.txt
HTAR: a   instcat_y04_191109/job_log_00896786.txt
HTAR: a   instcat_y04_191109/job_log_00896787.txt
HTAR: a   instcat_y04_191109/job_log_00896788.txt
HTAR: a   instcat_y04_191109/job_log_00896789.txt
HTAR: a   instcat_y04_191109/job_log_00896790.txt
HTAR: a   instcat_y04_191109/job_log_00896791.txt
HTAR: a   instcat_y04_191109/job_log_00896792.txt
HTAR: a   instcat_y04_191109/job_log_00896793.txt
HTAR: a   instcat_y04_191109/job_log_00896795.txt
HTAR: a   instcat_y04_191109/job_log_00896796.txt
HTAR: a   instcat_y04_191109/job_log_00896797.txt
HTAR: a   instcat_y04_191109/job_log_00896799.txt
HTAR: a   instcat_y04_191109/job_log_00896807.txt
HTAR: a   instcat_y04_191109/job_log_00896821.txt
HTAR: a   instcat_y04_191109/job_log_00896822.txt
HTAR: a   instcat_y04_191109/job_log_00896823.txt
HTAR: a   instcat_y04_191109/job_log_00896824.txt
HTAR: a   instcat_y04_191109/job_log_00896825.txt
HTAR: a   instcat_y04_191109/job_log_00896842.txt
HTAR: a   instcat_y04_191109/job_log_00896845.txt
HTAR: a   instcat_y04_191109/job_log_00896846.txt
HTAR: a   instcat_y04_191109/job_log_00896847.txt
HTAR: a   instcat_y04_191109/job_log_00896848.txt
HTAR: a   instcat_y04_191109/job_log_00896849.txt
HTAR: a   instcat_y04_191109/job_log_00896850.txt
HTAR: a   instcat_y04_191109/job_log_00896851.txt
HTAR: a   instcat_y04_191109/job_log_00896859.txt
HTAR: a   instcat_y04_191109/job_log_00898735.txt
HTAR: a   instcat_y04_191109/job_log_00898736.txt
HTAR: a   instcat_y04_191109/job_log_00898737.txt
HTAR: a   instcat_y04_191109/job_log_00898738.txt
HTAR: a   instcat_y04_191109/job_log_00898739.txt
HTAR: a   instcat_y04_191109/job_log_00898766.txt
HTAR: a   instcat_y04_191109/job_log_00898767.txt
HTAR: a   instcat_y04_191109/job_log_00898768.txt
HTAR: a   instcat_y04_191109/job_log_00898769.txt
HTAR: a   instcat_y04_191109/job_log_00898770.txt
HTAR: a   instcat_y04_191109/job_log_00898771.txt
HTAR: a   instcat_y04_191109/job_log_00898787.txt
HTAR: a   instcat_y04_191109/job_log_00898789.txt
HTAR: a   instcat_y04_191109/job_log_00898790.txt
HTAR: a   instcat_y04_191109/job_log_00898791.txt
HTAR: a   instcat_y04_191109/job_log_00898792.txt
HTAR: a   instcat_y04_191109/job_log_00898793.txt
HTAR: a   instcat_y04_191109/job_log_00898794.txt
HTAR: a   instcat_y04_191109/job_log_00898795.txt
HTAR: a   instcat_y04_191109/job_log_00898796.txt
HTAR: a   instcat_y04_191109/job_log_00898797.txt
HTAR: a   instcat_y04_191109/job_log_00899720.txt
HTAR: a   instcat_y04_191109/job_log_00899721.txt
HTAR: a   instcat_y04_191109/job_log_00899722.txt
HTAR: a   instcat_y04_191109/job_log_00899724.txt
HTAR: a   instcat_y04_191109/job_log_00899725.txt
HTAR: a   instcat_y04_191109/job_log_00899726.txt
HTAR: a   instcat_y04_191109/job_log_00899727.txt
HTAR: a   instcat_y04_191109/job_log_00899728.txt
HTAR: a   instcat_y04_191109/job_log_00899729.txt
HTAR: a   instcat_y04_191109/job_log_00899730.txt
HTAR: a   instcat_y04_191109/job_log_00899731.txt
HTAR: a   instcat_y04_191109/job_log_00899750.txt
HTAR: a   instcat_y04_191109/job_log_00899751.txt
HTAR: a   instcat_y04_191109/job_log_00899752.txt
HTAR: a   instcat_y04_191109/job_log_00899753.txt
HTAR: a   instcat_y04_191109/job_log_00899754.txt
HTAR: a   instcat_y04_191109/job_log_00899755.txt
HTAR: a   instcat_y04_191109/job_log_00899756.txt
HTAR: a   instcat_y04_191109/job_log_00899757.txt
HTAR: a   instcat_y04_191109/job_log_00899758.txt
HTAR: a   instcat_y04_191109/job_log_00900759.txt
HTAR: a   instcat_y04_191109/job_log_00900796.txt
HTAR: a   instcat_y04_191109/job_log_00900801.txt
HTAR: a   instcat_y04_191109/job_log_00901563.txt
HTAR: a   instcat_y04_191109/job_log_00901564.txt
HTAR: a   instcat_y04_191109/job_log_00901565.txt
HTAR: a   instcat_y04_191109/job_log_00901592.txt
HTAR: a   instcat_y04_191109/job_log_00901593.txt
HTAR: a   instcat_y04_191109/job_log_00901594.txt
HTAR: a   instcat_y04_191109/job_log_00901595.txt
HTAR: a   instcat_y04_191109/job_log_00901596.txt
HTAR: a   instcat_y04_191109/job_log_00901597.txt
HTAR: a   instcat_y04_191109/job_log_00901598.txt
HTAR: a   instcat_y04_191109/job_log_00901602.txt
HTAR: a   instcat_y04_191109/job_log_00901603.txt
HTAR: a   instcat_y04_191109/job_log_00901767.txt
HTAR: a   instcat_y04_191109/job_log_00901768.txt
HTAR: a   instcat_y04_191109/job_log_00901772.txt
HTAR: a   instcat_y04_191109/job_log_00901773.txt
HTAR: a   instcat_y04_191109/job_log_00901788.txt
HTAR: a   instcat_y04_191109/job_log_00901789.txt
HTAR: a   instcat_y04_191109/job_log_00901792.txt
HTAR: a   instcat_y04_191109/job_log_00901801.txt
HTAR: a   instcat_y04_191109/job_log_00902702.txt
HTAR: a   instcat_y04_191109/job_log_00902703.txt
HTAR: a   instcat_y04_191109/job_log_00902704.txt
HTAR: a   instcat_y04_191109/job_log_00902705.txt
HTAR: a   instcat_y04_191109/job_log_00902706.txt
HTAR: a   instcat_y04_191109/job_log_00902707.txt
HTAR: a   instcat_y04_191109/job_log_00902708.txt
HTAR: a   instcat_y04_191109/job_log_00902709.txt
HTAR: a   instcat_y04_191109/job_log_00902710.txt
HTAR: a   /tmp/HTAR_CF_CHK_38540_1576009665
HTAR Create complete for /home/projects/desc/DC2_ImSim/Run2.2i/instCat/y04_191109/00896672to00902710.tar. 542,883,785,216 bytes written for 240 member files, max threads: 50 Transfer time: 3902.579 seconds (139.109 MB/s) wallclock/user/sys: 3908.432 4667.059 1821.187 seconds
HTAR: HTAR SUCCESSFUL
HTAR: a   instcat_y04_191109/00902711.tar.gz
HTAR: a   instcat_y04_191109/00902742.tar.gz
HTAR: a   instcat_y04_191109/00902743.tar.gz
HTAR: a   instcat_y04_191109/00902744.tar.gz
HTAR: a   instcat_y04_191109/00902745.tar.gz
HTAR: a   instcat_y04_191109/00902746.tar.gz
HTAR: a   instcat_y04_191109/00902747.tar.gz
HTAR: a   instcat_y04_191109/00902748.tar.gz
HTAR: a   instcat_y04_191109/00902749.tar.gz
HTAR: a   instcat_y04_191109/00902750.tar.gz
HTAR: a   instcat_y04_191109/00902751.tar.gz
HTAR: a   instcat_y04_191109/00902752.tar.gz
HTAR: a   instcat_y04_191109/00902753.tar.gz
HTAR: a   instcat_y04_191109/00902754.tar.gz
HTAR: a   instcat_y04_191109/00902755.tar.gz
HTAR: a   instcat_y04_191109/00902756.tar.gz
HTAR: a   instcat_y04_191109/00902790.tar.gz
HTAR: a   instcat_y04_191109/00902791.tar.gz
HTAR: a   instcat_y04_191109/00902792.tar.gz
HTAR: a   instcat_y04_191109/00902793.tar.gz
HTAR: a   instcat_y04_191109/00902794.tar.gz
HTAR: a   instcat_y04_191109/00902795.tar.gz
HTAR: a   instcat_y04_191109/00902796.tar.gz
HTAR: a   instcat_y04_191109/00902803.tar.gz
HTAR: a   instcat_y04_191109/00902804.tar.gz
HTAR: a   instcat_y04_191109/00902805.tar.gz
HTAR: a   instcat_y04_191109/00902806.tar.gz
HTAR: a   instcat_y04_191109/00902807.tar.gz
HTAR: a   instcat_y04_191109/00902808.tar.gz
HTAR: a   instcat_y04_191109/00902809.tar.gz
HTAR: a   instcat_y04_191109/00902810.tar.gz
HTAR: a   instcat_y04_191109/00902811.tar.gz
HTAR: a   instcat_y04_191109/00902812.tar.gz
HTAR: a   instcat_y04_191109/00902813.tar.gz
HTAR: a   instcat_y04_191109/00902814.tar.gz
HTAR: a   instcat_y04_191109/00902815.tar.gz
HTAR: a   instcat_y04_191109/00902816.tar.gz
HTAR: a   instcat_y04_191109/00902817.tar.gz
HTAR: a   instcat_y04_191109/00902818.tar.gz
HTAR: a   instcat_y04_191109/00902819.tar.gz
HTAR: a   instcat_y04_191109/00902820.tar.gz
HTAR: a   instcat_y04_191109/00902834.tar.gz
HTAR: a   instcat_y04_191109/00902839.tar.gz
HTAR: a   instcat_y04_191109/00902858.tar.gz
HTAR: a   instcat_y04_191109/00902862.tar.gz
HTAR: a   instcat_y04_191109/00902863.tar.gz
HTAR: a   instcat_y04_191109/00903617.tar.gz
HTAR: a   instcat_y04_191109/00903618.tar.gz
HTAR: a   instcat_y04_191109/00903619.tar.gz
HTAR: a   instcat_y04_191109/00903620.tar.gz
HTAR: a   instcat_y04_191109/00903621.tar.gz
HTAR: a   instcat_y04_191109/00903647.tar.gz
HTAR: a   instcat_y04_191109/00903649.tar.gz
HTAR: a   instcat_y04_191109/00903650.tar.gz
HTAR: a   instcat_y04_191109/00903651.tar.gz
HTAR: a   instcat_y04_191109/00903652.tar.gz
HTAR: a   instcat_y04_191109/00903653.tar.gz
HTAR: a   instcat_y04_191109/00903654.tar.gz
HTAR: a   instcat_y04_191109/00903673.tar.gz
HTAR: a   instcat_y04_191109/00903674.tar.gz
HTAR: a   instcat_y04_191109/00903675.tar.gz
HTAR: a   instcat_y04_191109/00903676.tar.gz
HTAR: a   instcat_y04_191109/00903677.tar.gz
HTAR: a   instcat_y04_191109/00903678.tar.gz
HTAR: a   instcat_y04_191109/00903679.tar.gz
HTAR: a   instcat_y04_191109/00903680.tar.gz
HTAR: a   instcat_y04_191109/00903681.tar.gz
HTAR: a   instcat_y04_191109/00903682.tar.gz
HTAR: a   instcat_y04_191109/00903683.tar.gz
HTAR: a   instcat_y04_191109/00903684.tar.gz
HTAR: a   instcat_y04_191109/00903685.tar.gz
HTAR: a   instcat_y04_191109/00903688.tar.gz
HTAR: a   instcat_y04_191109/00903689.tar.gz
HTAR: a   instcat_y04_191109/00903690.tar.gz
HTAR: a   instcat_y04_191109/00903692.tar.gz
HTAR: a   instcat_y04_191109/00903713.tar.gz
HTAR: a   instcat_y04_191109/00903714.tar.gz
HTAR: a   instcat_y04_191109/00903715.tar.gz
HTAR: a   instcat_y04_191109/00903716.tar.gz
HTAR: a   instcat_y04_191109/00903717.tar.gz
HTAR: a   instcat_y04_191109/00903718.tar.gz
HTAR: a   instcat_y04_191109/00903719.tar.gz
HTAR: a   instcat_y04_191109/00903720.tar.gz
HTAR: a   instcat_y04_191109/00903721.tar.gz
HTAR: a   instcat_y04_191109/00903722.tar.gz
HTAR: a   instcat_y04_191109/00903723.tar.gz
HTAR: a   instcat_y04_191109/00903724.tar.gz
HTAR: a   instcat_y04_191109/00903727.tar.gz
HTAR: a   instcat_y04_191109/00903728.tar.gz
HTAR: a   instcat_y04_191109/00903729.tar.gz
HTAR: a   instcat_y04_191109/00903742.tar.gz
HTAR: a   instcat_y04_191109/00903749.tar.gz
HTAR: a   instcat_y04_191109/00903750.tar.gz
HTAR: a   instcat_y04_191109/00903751.tar.gz
HTAR: a   instcat_y04_191109/00903752.tar.gz
HTAR: a   instcat_y04_191109/00903760.tar.gz
HTAR: a   instcat_y04_191109/00903761.tar.gz
HTAR: a   instcat_y04_191109/00903762.tar.gz
HTAR: a   instcat_y04_191109/00903764.tar.gz
HTAR: a   instcat_y04_191109/00903765.tar.gz
HTAR: a   instcat_y04_191109/00903788.tar.gz
HTAR: a   instcat_y04_191109/00903789.tar.gz
HTAR: a   instcat_y04_191109/00903791.tar.gz
HTAR: a   instcat_y04_191109/00903792.tar.gz
HTAR: a   instcat_y04_191109/00903793.tar.gz
HTAR: a   instcat_y04_191109/00903802.tar.gz
HTAR: a   instcat_y04_191109/00903803.tar.gz
HTAR: a   instcat_y04_191109/00903804.tar.gz
HTAR: a   instcat_y04_191109/00904692.tar.gz
HTAR: a   instcat_y04_191109/00904693.tar.gz
HTAR: a   instcat_y04_191109/00904703.tar.gz
HTAR: a   instcat_y04_191109/00904711.tar.gz
HTAR: a   instcat_y04_191109/00904712.tar.gz
HTAR: a   instcat_y04_191109/00904713.tar.gz
HTAR: a   instcat_y04_191109/00904714.tar.gz
HTAR: a   instcat_y04_191109/00904715.tar.gz
HTAR: a   instcat_y04_191109/00904716.tar.gz
HTAR: a   instcat_y04_191109/00904717.tar.gz
HTAR: a   instcat_y04_191109/00904724.tar.gz
HTAR: a   instcat_y04_191109/00904725.tar.gz
HTAR: a   instcat_y04_191109/job_log_00902711.txt
HTAR: a   instcat_y04_191109/job_log_00902742.txt
HTAR: a   instcat_y04_191109/job_log_00902743.txt
HTAR: a   instcat_y04_191109/job_log_00902744.txt
HTAR: a   instcat_y04_191109/job_log_00902745.txt
HTAR: a   instcat_y04_191109/job_log_00902746.txt
HTAR: a   instcat_y04_191109/job_log_00902747.txt
HTAR: a   instcat_y04_191109/job_log_00902748.txt
HTAR: a   instcat_y04_191109/job_log_00902749.txt
HTAR: a   instcat_y04_191109/job_log_00902750.txt
HTAR: a   instcat_y04_191109/job_log_00902751.txt
HTAR: a   instcat_y04_191109/job_log_00902752.txt
HTAR: a   instcat_y04_191109/job_log_00902753.txt
HTAR: a   instcat_y04_191109/job_log_00902754.txt
HTAR: a   instcat_y04_191109/job_log_00902755.txt
HTAR: a   instcat_y04_191109/job_log_00902756.txt
HTAR: a   instcat_y04_191109/job_log_00902790.txt
HTAR: a   instcat_y04_191109/job_log_00902791.txt
HTAR: a   instcat_y04_191109/job_log_00902792.txt
HTAR: a   instcat_y04_191109/job_log_00902793.txt
HTAR: a   instcat_y04_191109/job_log_00902794.txt
HTAR: a   instcat_y04_191109/job_log_00902795.txt
HTAR: a   instcat_y04_191109/job_log_00902796.txt
HTAR: a   instcat_y04_191109/job_log_00902803.txt
HTAR: a   instcat_y04_191109/job_log_00902804.txt
HTAR: a   instcat_y04_191109/job_log_00902805.txt
HTAR: a   instcat_y04_191109/job_log_00902806.txt
HTAR: a   instcat_y04_191109/job_log_00902807.txt
HTAR: a   instcat_y04_191109/job_log_00902808.txt
HTAR: a   instcat_y04_191109/job_log_00902809.txt
HTAR: a   instcat_y04_191109/job_log_00902810.txt
HTAR: a   instcat_y04_191109/job_log_00902811.txt
HTAR: a   instcat_y04_191109/job_log_00902812.txt
HTAR: a   instcat_y04_191109/job_log_00902813.txt
HTAR: a   instcat_y04_191109/job_log_00902814.txt
HTAR: a   instcat_y04_191109/job_log_00902815.txt
HTAR: a   instcat_y04_191109/job_log_00902816.txt
HTAR: a   instcat_y04_191109/job_log_00902817.txt
HTAR: a   instcat_y04_191109/job_log_00902818.txt
HTAR: a   instcat_y04_191109/job_log_00902819.txt
HTAR: a   instcat_y04_191109/job_log_00902820.txt
HTAR: a   instcat_y04_191109/job_log_00902834.txt
HTAR: a   instcat_y04_191109/job_log_00902839.txt
HTAR: a   instcat_y04_191109/job_log_00902858.txt
HTAR: a   instcat_y04_191109/job_log_00902862.txt
HTAR: a   instcat_y04_191109/job_log_00902863.txt
HTAR: a   instcat_y04_191109/job_log_00903617.txt
HTAR: a   instcat_y04_191109/job_log_00903618.txt
HTAR: a   instcat_y04_191109/job_log_00903619.txt
HTAR: a   instcat_y04_191109/job_log_00903620.txt
HTAR: a   instcat_y04_191109/job_log_00903621.txt
HTAR: a   instcat_y04_191109/job_log_00903647.txt
HTAR: a   instcat_y04_191109/job_log_00903649.txt
HTAR: a   instcat_y04_191109/job_log_00903650.txt
HTAR: a   instcat_y04_191109/job_log_00903651.txt
HTAR: a   instcat_y04_191109/job_log_00903652.txt
HTAR: a   instcat_y04_191109/job_log_00903653.txt
HTAR: a   instcat_y04_191109/job_log_00903654.txt
HTAR: a   instcat_y04_191109/job_log_00903673.txt
HTAR: a   instcat_y04_191109/job_log_00903674.txt
HTAR: a   instcat_y04_191109/job_log_00903675.txt
HTAR: a   instcat_y04_191109/job_log_00903676.txt
HTAR: a   instcat_y04_191109/job_log_00903677.txt
HTAR: a   instcat_y04_191109/job_log_00903678.txt
HTAR: a   instcat_y04_191109/job_log_00903679.txt
HTAR: a   instcat_y04_191109/job_log_00903680.txt
HTAR: a   instcat_y04_191109/job_log_00903681.txt
HTAR: a   instcat_y04_191109/job_log_00903682.txt
HTAR: a   instcat_y04_191109/job_log_00903683.txt
HTAR: a   instcat_y04_191109/job_log_00903684.txt
HTAR: a   instcat_y04_191109/job_log_00903685.txt
HTAR: a   instcat_y04_191109/job_log_00903688.txt
HTAR: a   instcat_y04_191109/job_log_00903689.txt
HTAR: a   instcat_y04_191109/job_log_00903690.txt
HTAR: a   instcat_y04_191109/job_log_00903692.txt
HTAR: a   instcat_y04_191109/job_log_00903713.txt
HTAR: a   instcat_y04_191109/job_log_00903714.txt
HTAR: a   instcat_y04_191109/job_log_00903715.txt
HTAR: a   instcat_y04_191109/job_log_00903716.txt
HTAR: a   instcat_y04_191109/job_log_00903717.txt
HTAR: a   instcat_y04_191109/job_log_00903718.txt
HTAR: a   instcat_y04_191109/job_log_00903719.txt
HTAR: a   instcat_y04_191109/job_log_00903720.txt
HTAR: a   instcat_y04_191109/job_log_00903721.txt
HTAR: a   instcat_y04_191109/job_log_00903722.txt
HTAR: a   instcat_y04_191109/job_log_00903723.txt
HTAR: a   instcat_y04_191109/job_log_00903724.txt
HTAR: a   instcat_y04_191109/job_log_00903727.txt
HTAR: a   instcat_y04_191109/job_log_00903728.txt
HTAR: a   instcat_y04_191109/job_log_00903729.txt
HTAR: a   instcat_y04_191109/job_log_00903742.txt
HTAR: a   instcat_y04_191109/job_log_00903749.txt
HTAR: a   instcat_y04_191109/job_log_00903750.txt
HTAR: a   instcat_y04_191109/job_log_00903751.txt
HTAR: a   instcat_y04_191109/job_log_00903752.txt
HTAR: a   instcat_y04_191109/job_log_00903760.txt
HTAR: a   instcat_y04_191109/job_log_00903761.txt
HTAR: a   instcat_y04_191109/job_log_00903762.txt
HTAR: a   instcat_y04_191109/job_log_00903764.txt
HTAR: a   instcat_y04_191109/job_log_00903765.txt
HTAR: a   instcat_y04_191109/job_log_00903788.txt
HTAR: a   instcat_y04_191109/job_log_00903789.txt
HTAR: a   instcat_y04_191109/job_log_00903791.txt
HTAR: a   instcat_y04_191109/job_log_00903792.txt
HTAR: a   instcat_y04_191109/job_log_00903793.txt
HTAR: a   instcat_y04_191109/job_log_00903802.txt
HTAR: a   instcat_y04_191109/job_log_00903803.txt
HTAR: a   instcat_y04_191109/job_log_00903804.txt
HTAR: a   instcat_y04_191109/job_log_00904692.txt
HTAR: a   instcat_y04_191109/job_log_00904693.txt
HTAR: a   instcat_y04_191109/job_log_00904703.txt
HTAR: a   instcat_y04_191109/job_log_00904711.txt
HTAR: a   instcat_y04_191109/job_log_00904712.txt
HTAR: a   instcat_y04_191109/job_log_00904713.txt
HTAR: a   instcat_y04_191109/job_log_00904714.txt
HTAR: a   instcat_y04_191109/job_log_00904715.txt
HTAR: a   instcat_y04_191109/job_log_00904716.txt
HTAR: a   instcat_y04_191109/job_log_00904717.txt
HTAR: a   instcat_y04_191109/job_log_00904724.txt
HTAR: a   instcat_y04_191109/job_log_00904725.txt
HTAR: a   /tmp/HTAR_CF_CHK_20460_1576013576
HTAR Create complete for /home/projects/desc/DC2_ImSim/Run2.2i/instCat/y04_191109/00902711to00904725.tar. 536,379,325,440 bytes written for 240 member files, max threads: 50 Transfer time: 3734.189 seconds (143.640 MB/s) wallclock/user/sys: 3739.910 4538.624 1670.456 seconds
HTAR: HTAR SUCCESSFUL
HTAR: a   instcat_y04_191109/00904726.tar.gz
HTAR: a   instcat_y04_191109/00904727.tar.gz
HTAR: a   instcat_y04_191109/00904728.tar.gz
HTAR: a   instcat_y04_191109/00904729.tar.gz
HTAR: a   instcat_y04_191109/00904730.tar.gz
HTAR: a   instcat_y04_191109/00904738.tar.gz
HTAR: a   instcat_y04_191109/00904739.tar.gz
HTAR: a   instcat_y04_191109/00904740.tar.gz
HTAR: a   instcat_y04_191109/00904741.tar.gz
HTAR: a   instcat_y04_191109/00904742.tar.gz
HTAR: a   instcat_y04_191109/00904743.tar.gz
HTAR: a   instcat_y04_191109/00904744.tar.gz
HTAR: a   instcat_y04_191109/00904745.tar.gz
HTAR: a   instcat_y04_191109/00904746.tar.gz
HTAR: a   instcat_y04_191109/00904747.tar.gz
HTAR: a   instcat_y04_191109/00904749.tar.gz
HTAR: a   instcat_y04_191109/00904750.tar.gz
HTAR: a   instcat_y04_191109/00904751.tar.gz
HTAR: a   instcat_y04_191109/00904752.tar.gz
HTAR: a   instcat_y04_191109/00904753.tar.gz
HTAR: a   instcat_y04_191109/00904754.tar.gz
HTAR: a   instcat_y04_191109/00904755.tar.gz
HTAR: a   instcat_y04_191109/00904756.tar.gz
HTAR: a   instcat_y04_191109/00904757.tar.gz
HTAR: a   instcat_y04_191109/00904758.tar.gz
HTAR: a   instcat_y04_191109/00904759.tar.gz
HTAR: a   instcat_y04_191109/00904760.tar.gz
HTAR: a   instcat_y04_191109/00904778.tar.gz
HTAR: a   instcat_y04_191109/00904779.tar.gz
HTAR: a   instcat_y04_191109/00904780.tar.gz
HTAR: a   instcat_y04_191109/00904781.tar.gz
HTAR: a   instcat_y04_191109/00904782.tar.gz
HTAR: a   instcat_y04_191109/00904783.tar.gz
HTAR: a   instcat_y04_191109/00904784.tar.gz
HTAR: a   instcat_y04_191109/00904785.tar.gz
HTAR: a   instcat_y04_191109/00904786.tar.gz
HTAR: a   instcat_y04_191109/00904787.tar.gz
HTAR: a   instcat_y04_191109/00904788.tar.gz
HTAR: a   instcat_y04_191109/00904789.tar.gz
HTAR: a   instcat_y04_191109/00904790.tar.gz
HTAR: a   instcat_y04_191109/00904791.tar.gz
HTAR: a   instcat_y04_191109/00904792.tar.gz
HTAR: a   instcat_y04_191109/00904812.tar.gz
HTAR: a   instcat_y04_191109/00904835.tar.gz
HTAR: a   instcat_y04_191109/00904839.tar.gz
HTAR: a   instcat_y04_191109/00906931.tar.gz
HTAR: a   instcat_y04_191109/00906932.tar.gz
HTAR: a   instcat_y04_191109/00906935.tar.gz
HTAR: a   instcat_y04_191109/00906936.tar.gz
HTAR: a   instcat_y04_191109/00906937.tar.gz
HTAR: a   instcat_y04_191109/00906938.tar.gz
HTAR: a   instcat_y04_191109/00906970.tar.gz
HTAR: a   instcat_y04_191109/00906980.tar.gz
HTAR: a   instcat_y04_191109/00906983.tar.gz
HTAR: a   instcat_y04_191109/00906984.tar.gz
HTAR: a   instcat_y04_191109/00906985.tar.gz
HTAR: a   instcat_y04_191109/00906986.tar.gz
HTAR: a   instcat_y04_191109/00908888.tar.gz
HTAR: a   instcat_y04_191109/00908953.tar.gz
HTAR: a   instcat_y04_191109/00908954.tar.gz
HTAR: a   instcat_y04_191109/00908957.tar.gz
HTAR: a   instcat_y04_191109/00908959.tar.gz
HTAR: a   instcat_y04_191109/00908960.tar.gz
HTAR: a   instcat_y04_191109/00908966.tar.gz
HTAR: a   instcat_y04_191109/00908967.tar.gz
HTAR: a   instcat_y04_191109/00908968.tar.gz
HTAR: a   instcat_y04_191109/00908969.tar.gz
HTAR: a   instcat_y04_191109/00908970.tar.gz
HTAR: a   instcat_y04_191109/00908971.tar.gz
HTAR: a   instcat_y04_191109/00908972.tar.gz
HTAR: a   instcat_y04_191109/00908973.tar.gz
HTAR: a   instcat_y04_191109/00908974.tar.gz
HTAR: a   instcat_y04_191109/00908975.tar.gz
HTAR: a   instcat_y04_191109/00908994.tar.gz
HTAR: a   instcat_y04_191109/00908996.tar.gz
HTAR: a   instcat_y04_191109/00908997.tar.gz
HTAR: a   instcat_y04_191109/00909001.tar.gz
HTAR: a   instcat_y04_191109/00909002.tar.gz
HTAR: a   instcat_y04_191109/00909003.tar.gz
HTAR: a   instcat_y04_191109/00909005.tar.gz
HTAR: a   instcat_y04_191109/00909006.tar.gz
HTAR: a   instcat_y04_191109/00909008.tar.gz
HTAR: a   instcat_y04_191109/00909010.tar.gz
HTAR: a   instcat_y04_191109/00909011.tar.gz
HTAR: a   instcat_y04_191109/00909012.tar.gz
HTAR: a   instcat_y04_191109/00909013.tar.gz
HTAR: a   instcat_y04_191109/00909014.tar.gz
HTAR: a   instcat_y04_191109/00909015.tar.gz
HTAR: a   instcat_y04_191109/00909016.tar.gz
HTAR: a   instcat_y04_191109/00909017.tar.gz
HTAR: a   instcat_y04_191109/00909725.tar.gz
HTAR: a   instcat_y04_191109/00909726.tar.gz
HTAR: a   instcat_y04_191109/00909727.tar.gz
HTAR: a   instcat_y04_191109/00909728.tar.gz
HTAR: a   instcat_y04_191109/00909737.tar.gz
HTAR: a   instcat_y04_191109/00909756.tar.gz
HTAR: a   instcat_y04_191109/00909757.tar.gz
HTAR: a   instcat_y04_191109/00909758.tar.gz
HTAR: a   instcat_y04_191109/00909766.tar.gz
HTAR: a   instcat_y04_191109/00909767.tar.gz
HTAR: a   instcat_y04_191109/00909768.tar.gz
HTAR: a   instcat_y04_191109/00909769.tar.gz
HTAR: a   instcat_y04_191109/00909770.tar.gz
HTAR: a   instcat_y04_191109/00909771.tar.gz
HTAR: a   instcat_y04_191109/00909772.tar.gz
HTAR: a   instcat_y04_191109/00909773.tar.gz
HTAR: a   instcat_y04_191109/00909774.tar.gz
HTAR: a   instcat_y04_191109/00909777.tar.gz
HTAR: a   instcat_y04_191109/00909779.tar.gz
HTAR: a   instcat_y04_191109/00909780.tar.gz
HTAR: a   instcat_y04_191109/00909781.tar.gz
HTAR: a   instcat_y04_191109/00909782.tar.gz
HTAR: a   instcat_y04_191109/00909783.tar.gz
HTAR: a   instcat_y04_191109/00909784.tar.gz
HTAR: a   instcat_y04_191109/00909785.tar.gz
HTAR: a   instcat_y04_191109/00909786.tar.gz
HTAR: a   instcat_y04_191109/00909787.tar.gz
HTAR: a   instcat_y04_191109/00909788.tar.gz
HTAR: a   instcat_y04_191109/00909789.tar.gz
HTAR: a   instcat_y04_191109/00909790.tar.gz
HTAR: a   instcat_y04_191109/job_log_00904726.txt
HTAR: a   instcat_y04_191109/job_log_00904727.txt
HTAR: a   instcat_y04_191109/job_log_00904728.txt
HTAR: a   instcat_y04_191109/job_log_00904729.txt
HTAR: a   instcat_y04_191109/job_log_00904730.txt
HTAR: a   instcat_y04_191109/job_log_00904738.txt
HTAR: a   instcat_y04_191109/job_log_00904739.txt
HTAR: a   instcat_y04_191109/job_log_00904740.txt
HTAR: a   instcat_y04_191109/job_log_00904741.txt
HTAR: a   instcat_y04_191109/job_log_00904742.txt
HTAR: a   instcat_y04_191109/job_log_00904743.txt
HTAR: a   instcat_y04_191109/job_log_00904744.txt
HTAR: a   instcat_y04_191109/job_log_00904745.txt
HTAR: a   instcat_y04_191109/job_log_00904746.txt
HTAR: a   instcat_y04_191109/job_log_00904747.txt
HTAR: a   instcat_y04_191109/job_log_00904749.txt
HTAR: a   instcat_y04_191109/job_log_00904750.txt
HTAR: a   instcat_y04_191109/job_log_00904751.txt
HTAR: a   instcat_y04_191109/job_log_00904752.txt
HTAR: a   instcat_y04_191109/job_log_00904753.txt
HTAR: a   instcat_y04_191109/job_log_00904754.txt
HTAR: a   instcat_y04_191109/job_log_00904755.txt
HTAR: a   instcat_y04_191109/job_log_00904756.txt
HTAR: a   instcat_y04_191109/job_log_00904757.txt
HTAR: a   instcat_y04_191109/job_log_00904758.txt
HTAR: a   instcat_y04_191109/job_log_00904759.txt
HTAR: a   instcat_y04_191109/job_log_00904760.txt
HTAR: a   instcat_y04_191109/job_log_00904778.txt
HTAR: a   instcat_y04_191109/job_log_00904779.txt
HTAR: a   instcat_y04_191109/job_log_00904780.txt
HTAR: a   instcat_y04_191109/job_log_00904781.txt
HTAR: a   instcat_y04_191109/job_log_00904782.txt
HTAR: a   instcat_y04_191109/job_log_00904783.txt
HTAR: a   instcat_y04_191109/job_log_00904784.txt
HTAR: a   instcat_y04_191109/job_log_00904785.txt
HTAR: a   instcat_y04_191109/job_log_00904786.txt
HTAR: a   instcat_y04_191109/job_log_00904787.txt
HTAR: a   instcat_y04_191109/job_log_00904788.txt
HTAR: a   instcat_y04_191109/job_log_00904789.txt
HTAR: a   instcat_y04_191109/job_log_00904790.txt
HTAR: a   instcat_y04_191109/job_log_00904791.txt
HTAR: a   instcat_y04_191109/job_log_00904792.txt
HTAR: a   instcat_y04_191109/job_log_00904812.txt
HTAR: a   instcat_y04_191109/job_log_00904835.txt
HTAR: a   instcat_y04_191109/job_log_00904839.txt
HTAR: a   instcat_y04_191109/job_log_00906931.txt
HTAR: a   instcat_y04_191109/job_log_00906932.txt
HTAR: a   instcat_y04_191109/job_log_00906935.txt
HTAR: a   instcat_y04_191109/job_log_00906936.txt
HTAR: a   instcat_y04_191109/job_log_00906937.txt
HTAR: a   instcat_y04_191109/job_log_00906938.txt
HTAR: a   instcat_y04_191109/job_log_00906970.txt
HTAR: a   instcat_y04_191109/job_log_00906980.txt
HTAR: a   instcat_y04_191109/job_log_00906983.txt
HTAR: a   instcat_y04_191109/job_log_00906984.txt
HTAR: a   instcat_y04_191109/job_log_00906985.txt
HTAR: a   instcat_y04_191109/job_log_00906986.txt
HTAR: a   instcat_y04_191109/job_log_00908888.txt
HTAR: a   instcat_y04_191109/job_log_00908953.txt
HTAR: a   instcat_y04_191109/job_log_00908954.txt
HTAR: a   instcat_y04_191109/job_log_00908957.txt
HTAR: a   instcat_y04_191109/job_log_00908959.txt
HTAR: a   instcat_y04_191109/job_log_00908960.txt
HTAR: a   instcat_y04_191109/job_log_00908966.txt
HTAR: a   instcat_y04_191109/job_log_00908967.txt
HTAR: a   instcat_y04_191109/job_log_00908968.txt
HTAR: a   instcat_y04_191109/job_log_00908969.txt
HTAR: a   instcat_y04_191109/job_log_00908970.txt
HTAR: a   instcat_y04_191109/job_log_00908971.txt
HTAR: a   instcat_y04_191109/job_log_00908972.txt
HTAR: a   instcat_y04_191109/job_log_00908973.txt
HTAR: a   instcat_y04_191109/job_log_00908974.txt
HTAR: a   instcat_y04_191109/job_log_00908975.txt
HTAR: a   instcat_y04_191109/job_log_00908994.txt
HTAR: a   instcat_y04_191109/job_log_00908996.txt
HTAR: a   instcat_y04_191109/job_log_00908997.txt
HTAR: a   instcat_y04_191109/job_log_00909001.txt
HTAR: a   instcat_y04_191109/job_log_00909002.txt
HTAR: a   instcat_y04_191109/job_log_00909003.txt
HTAR: a   instcat_y04_191109/job_log_00909005.txt
HTAR: a   instcat_y04_191109/job_log_00909006.txt
HTAR: a   instcat_y04_191109/job_log_00909008.txt
HTAR: a   instcat_y04_191109/job_log_00909010.txt
HTAR: a   instcat_y04_191109/job_log_00909011.txt
HTAR: a   instcat_y04_191109/job_log_00909012.txt
HTAR: a   instcat_y04_191109/job_log_00909013.txt
HTAR: a   instcat_y04_191109/job_log_00909014.txt
HTAR: a   instcat_y04_191109/job_log_00909015.txt
HTAR: a   instcat_y04_191109/job_log_00909016.txt
HTAR: a   instcat_y04_191109/job_log_00909017.txt
HTAR: a   instcat_y04_191109/job_log_00909725.txt
HTAR: a   instcat_y04_191109/job_log_00909726.txt
HTAR: a   instcat_y04_191109/job_log_00909727.txt
HTAR: a   instcat_y04_191109/job_log_00909728.txt
HTAR: a   instcat_y04_191109/job_log_00909737.txt
HTAR: a   instcat_y04_191109/job_log_00909756.txt
HTAR: a   instcat_y04_191109/job_log_00909757.txt
HTAR: a   instcat_y04_191109/job_log_00909758.txt
HTAR: a   instcat_y04_191109/job_log_00909766.txt
HTAR: a   instcat_y04_191109/job_log_00909767.txt
HTAR: a   instcat_y04_191109/job_log_00909768.txt
HTAR: a   instcat_y04_191109/job_log_00909769.txt
HTAR: a   instcat_y04_191109/job_log_00909770.txt
HTAR: a   instcat_y04_191109/job_log_00909771.txt
HTAR: a   instcat_y04_191109/job_log_00909772.txt
HTAR: a   instcat_y04_191109/job_log_00909773.txt
HTAR: a   instcat_y04_191109/job_log_00909774.txt
HTAR: a   instcat_y04_191109/job_log_00909777.txt
HTAR: a   instcat_y04_191109/job_log_00909779.txt
HTAR: a   instcat_y04_191109/job_log_00909780.txt
HTAR: a   instcat_y04_191109/job_log_00909781.txt
HTAR: a   instcat_y04_191109/job_log_00909782.txt
HTAR: a   instcat_y04_191109/job_log_00909783.txt
HTAR: a   instcat_y04_191109/job_log_00909784.txt
HTAR: a   instcat_y04_191109/job_log_00909785.txt
HTAR: a   instcat_y04_191109/job_log_00909786.txt
HTAR: a   instcat_y04_191109/job_log_00909787.txt
HTAR: a   instcat_y04_191109/job_log_00909788.txt
HTAR: a   instcat_y04_191109/job_log_00909789.txt
HTAR: a   instcat_y04_191109/job_log_00909790.txt
HTAR: a   /tmp/HTAR_CF_CHK_51756_1576017315
HTAR Create complete for /home/projects/desc/DC2_ImSim/Run2.2i/instCat/y04_191109/00904726to00909790.tar. 529,617,719,296 bytes written for 240 member files, max threads: 50 Transfer time: 3694.423 seconds (143.356 MB/s) wallclock/user/sys: 3696.689 4504.073 1649.830 seconds
HTAR: HTAR SUCCESSFUL
