HTAR: a   instcat_y04_191109/00976303.tar.gz
HTAR: a   instcat_y04_191109/00976304.tar.gz
HTAR: a   instcat_y04_191109/00976305.tar.gz
HTAR: a   instcat_y04_191109/00976306.tar.gz
HTAR: a   instcat_y04_191109/00976307.tar.gz
HTAR: a   instcat_y04_191109/00976313.tar.gz
HTAR: a   instcat_y04_191109/00976314.tar.gz
HTAR: a   instcat_y04_191109/00976315.tar.gz
HTAR: a   instcat_y04_191109/00976316.tar.gz
HTAR: a   instcat_y04_191109/00976317.tar.gz
HTAR: a   instcat_y04_191109/00976318.tar.gz
HTAR: a   instcat_y04_191109/00976319.tar.gz
HTAR: a   instcat_y04_191109/00976320.tar.gz
HTAR: a   instcat_y04_191109/00976322.tar.gz
HTAR: a   instcat_y04_191109/00976323.tar.gz
HTAR: a   instcat_y04_191109/00976326.tar.gz
HTAR: a   instcat_y04_191109/00976333.tar.gz
HTAR: a   instcat_y04_191109/00976334.tar.gz
HTAR: a   instcat_y04_191109/00976335.tar.gz
HTAR: a   instcat_y04_191109/00976336.tar.gz
HTAR: a   instcat_y04_191109/00976337.tar.gz
HTAR: a   instcat_y04_191109/00976338.tar.gz
HTAR: a   instcat_y04_191109/00976339.tar.gz
HTAR: a   instcat_y04_191109/00976340.tar.gz
HTAR: a   instcat_y04_191109/00976345.tar.gz
HTAR: a   instcat_y04_191109/00976346.tar.gz
HTAR: a   instcat_y04_191109/00976353.tar.gz
HTAR: a   instcat_y04_191109/00976354.tar.gz
HTAR: a   instcat_y04_191109/00976355.tar.gz
HTAR: a   instcat_y04_191109/00976356.tar.gz
HTAR: a   instcat_y04_191109/00976357.tar.gz
HTAR: a   instcat_y04_191109/00976362.tar.gz
HTAR: a   instcat_y04_191109/00976363.tar.gz
HTAR: a   instcat_y04_191109/00976364.tar.gz
HTAR: a   instcat_y04_191109/00976365.tar.gz
HTAR: a   instcat_y04_191109/00976370.tar.gz
HTAR: a   instcat_y04_191109/00976371.tar.gz
HTAR: a   instcat_y04_191109/00976375.tar.gz
HTAR: a   instcat_y04_191109/00976376.tar.gz
HTAR: a   instcat_y04_191109/00976377.tar.gz
HTAR: a   instcat_y04_191109/00976378.tar.gz
HTAR: a   instcat_y04_191109/00976379.tar.gz
HTAR: a   instcat_y04_191109/00976380.tar.gz
HTAR: a   instcat_y04_191109/00976381.tar.gz
HTAR: a   instcat_y04_191109/00976382.tar.gz
HTAR: a   instcat_y04_191109/00976401.tar.gz
HTAR: a   instcat_y04_191109/00976402.tar.gz
HTAR: a   instcat_y04_191109/00976403.tar.gz
HTAR: a   instcat_y04_191109/00976404.tar.gz
HTAR: a   instcat_y04_191109/00976408.tar.gz
HTAR: a   instcat_y04_191109/00976409.tar.gz
HTAR: a   instcat_y04_191109/00976410.tar.gz
HTAR: a   instcat_y04_191109/00976411.tar.gz
HTAR: a   instcat_y04_191109/00976412.tar.gz
HTAR: a   instcat_y04_191109/00976413.tar.gz
HTAR: a   instcat_y04_191109/00976414.tar.gz
HTAR: a   instcat_y04_191109/00976415.tar.gz
HTAR: a   instcat_y04_191109/00976416.tar.gz
HTAR: a   instcat_y04_191109/00976417.tar.gz
HTAR: a   instcat_y04_191109/00976432.tar.gz
HTAR: a   instcat_y04_191109/00976433.tar.gz
HTAR: a   instcat_y04_191109/00976451.tar.gz
HTAR: a   instcat_y04_191109/00976452.tar.gz
HTAR: a   instcat_y04_191109/00976453.tar.gz
HTAR: a   instcat_y04_191109/00976482.tar.gz
HTAR: a   instcat_y04_191109/00976549.tar.gz
HTAR: a   instcat_y04_191109/00976550.tar.gz
HTAR: a   instcat_y04_191109/00976566.tar.gz
HTAR: a   instcat_y04_191109/00976574.tar.gz
HTAR: a   instcat_y04_191109/00976602.tar.gz
HTAR: a   instcat_y04_191109/00976702.tar.gz
HTAR: a   instcat_y04_191109/00976703.tar.gz
HTAR: a   instcat_y04_191109/00976704.tar.gz
HTAR: a   instcat_y04_191109/00976705.tar.gz
HTAR: a   instcat_y04_191109/00976706.tar.gz
HTAR: a   instcat_y04_191109/00976707.tar.gz
HTAR: a   instcat_y04_191109/00976708.tar.gz
HTAR: a   instcat_y04_191109/00976709.tar.gz
HTAR: a   instcat_y04_191109/00976710.tar.gz
HTAR: a   instcat_y04_191109/00976711.tar.gz
HTAR: a   instcat_y04_191109/00976712.tar.gz
HTAR: a   instcat_y04_191109/00976713.tar.gz
HTAR: a   instcat_y04_191109/00976714.tar.gz
HTAR: a   instcat_y04_191109/00976715.tar.gz
HTAR: a   instcat_y04_191109/00976716.tar.gz
HTAR: a   instcat_y04_191109/00976717.tar.gz
HTAR: a   instcat_y04_191109/00976718.tar.gz
HTAR: a   instcat_y04_191109/00976719.tar.gz
HTAR: a   instcat_y04_191109/00976720.tar.gz
HTAR: a   instcat_y04_191109/00976721.tar.gz
HTAR: a   instcat_y04_191109/00976722.tar.gz
HTAR: a   instcat_y04_191109/00976723.tar.gz
HTAR: a   instcat_y04_191109/00976724.tar.gz
HTAR: a   instcat_y04_191109/00976725.tar.gz
HTAR: a   instcat_y04_191109/00976726.tar.gz
HTAR: a   instcat_y04_191109/00976727.tar.gz
HTAR: a   instcat_y04_191109/00976728.tar.gz
HTAR: a   instcat_y04_191109/00976729.tar.gz
HTAR: a   instcat_y04_191109/00976730.tar.gz
HTAR: a   instcat_y04_191109/00976731.tar.gz
HTAR: a   instcat_y04_191109/00976732.tar.gz
HTAR: a   instcat_y04_191109/00976733.tar.gz
HTAR: a   instcat_y04_191109/00976734.tar.gz
HTAR: a   instcat_y04_191109/00976735.tar.gz
HTAR: a   instcat_y04_191109/00976736.tar.gz
HTAR: a   instcat_y04_191109/00976737.tar.gz
HTAR: a   instcat_y04_191109/00976738.tar.gz
HTAR: a   instcat_y04_191109/00976739.tar.gz
HTAR: a   instcat_y04_191109/00976740.tar.gz
HTAR: a   instcat_y04_191109/00976741.tar.gz
HTAR: a   instcat_y04_191109/00976742.tar.gz
HTAR: a   instcat_y04_191109/00976743.tar.gz
HTAR: a   instcat_y04_191109/00976744.tar.gz
HTAR: a   instcat_y04_191109/00976745.tar.gz
HTAR: a   instcat_y04_191109/00976746.tar.gz
HTAR: a   instcat_y04_191109/00976747.tar.gz
HTAR: a   instcat_y04_191109/00976748.tar.gz
HTAR: a   instcat_y04_191109/00976749.tar.gz
HTAR: a   instcat_y04_191109/00976750.tar.gz
HTAR: a   instcat_y04_191109/00976751.tar.gz
HTAR: a   instcat_y04_191109/job_log_00976303.txt
HTAR: a   instcat_y04_191109/job_log_00976304.txt
HTAR: a   instcat_y04_191109/job_log_00976305.txt
HTAR: a   instcat_y04_191109/job_log_00976306.txt
HTAR: a   instcat_y04_191109/job_log_00976307.txt
HTAR: a   instcat_y04_191109/job_log_00976313.txt
HTAR: a   instcat_y04_191109/job_log_00976314.txt
HTAR: a   instcat_y04_191109/job_log_00976315.txt
HTAR: a   instcat_y04_191109/job_log_00976316.txt
HTAR: a   instcat_y04_191109/job_log_00976317.txt
HTAR: a   instcat_y04_191109/job_log_00976318.txt
HTAR: a   instcat_y04_191109/job_log_00976319.txt
HTAR: a   instcat_y04_191109/job_log_00976320.txt
HTAR: a   instcat_y04_191109/job_log_00976322.txt
HTAR: a   instcat_y04_191109/job_log_00976323.txt
HTAR: a   instcat_y04_191109/job_log_00976326.txt
HTAR: a   instcat_y04_191109/job_log_00976333.txt
HTAR: a   instcat_y04_191109/job_log_00976334.txt
HTAR: a   instcat_y04_191109/job_log_00976335.txt
HTAR: a   instcat_y04_191109/job_log_00976336.txt
HTAR: a   instcat_y04_191109/job_log_00976337.txt
HTAR: a   instcat_y04_191109/job_log_00976338.txt
HTAR: a   instcat_y04_191109/job_log_00976339.txt
HTAR: a   instcat_y04_191109/job_log_00976340.txt
HTAR: a   instcat_y04_191109/job_log_00976345.txt
HTAR: a   instcat_y04_191109/job_log_00976346.txt
HTAR: a   instcat_y04_191109/job_log_00976353.txt
HTAR: a   instcat_y04_191109/job_log_00976354.txt
HTAR: a   instcat_y04_191109/job_log_00976355.txt
HTAR: a   instcat_y04_191109/job_log_00976356.txt
HTAR: a   instcat_y04_191109/job_log_00976357.txt
HTAR: a   instcat_y04_191109/job_log_00976362.txt
HTAR: a   instcat_y04_191109/job_log_00976363.txt
HTAR: a   instcat_y04_191109/job_log_00976364.txt
HTAR: a   instcat_y04_191109/job_log_00976365.txt
HTAR: a   instcat_y04_191109/job_log_00976370.txt
HTAR: a   instcat_y04_191109/job_log_00976371.txt
HTAR: a   instcat_y04_191109/job_log_00976375.txt
HTAR: a   instcat_y04_191109/job_log_00976376.txt
HTAR: a   instcat_y04_191109/job_log_00976377.txt
HTAR: a   instcat_y04_191109/job_log_00976378.txt
HTAR: a   instcat_y04_191109/job_log_00976379.txt
HTAR: a   instcat_y04_191109/job_log_00976380.txt
HTAR: a   instcat_y04_191109/job_log_00976381.txt
HTAR: a   instcat_y04_191109/job_log_00976382.txt
HTAR: a   instcat_y04_191109/job_log_00976401.txt
HTAR: a   instcat_y04_191109/job_log_00976402.txt
HTAR: a   instcat_y04_191109/job_log_00976403.txt
HTAR: a   instcat_y04_191109/job_log_00976404.txt
HTAR: a   instcat_y04_191109/job_log_00976408.txt
HTAR: a   instcat_y04_191109/job_log_00976409.txt
HTAR: a   instcat_y04_191109/job_log_00976410.txt
HTAR: a   instcat_y04_191109/job_log_00976411.txt
HTAR: a   instcat_y04_191109/job_log_00976412.txt
HTAR: a   instcat_y04_191109/job_log_00976413.txt
HTAR: a   instcat_y04_191109/job_log_00976414.txt
HTAR: a   instcat_y04_191109/job_log_00976415.txt
HTAR: a   instcat_y04_191109/job_log_00976416.txt
HTAR: a   instcat_y04_191109/job_log_00976417.txt
HTAR: a   instcat_y04_191109/job_log_00976432.txt
HTAR: a   instcat_y04_191109/job_log_00976433.txt
HTAR: a   instcat_y04_191109/job_log_00976451.txt
HTAR: a   instcat_y04_191109/job_log_00976452.txt
HTAR: a   instcat_y04_191109/job_log_00976453.txt
HTAR: a   instcat_y04_191109/job_log_00976482.txt
HTAR: a   instcat_y04_191109/job_log_00976549.txt
HTAR: a   instcat_y04_191109/job_log_00976550.txt
HTAR: a   instcat_y04_191109/job_log_00976566.txt
HTAR: a   instcat_y04_191109/job_log_00976574.txt
HTAR: a   instcat_y04_191109/job_log_00976602.txt
HTAR: a   instcat_y04_191109/job_log_00976702.txt
HTAR: a   instcat_y04_191109/job_log_00976703.txt
HTAR: a   instcat_y04_191109/job_log_00976704.txt
HTAR: a   instcat_y04_191109/job_log_00976705.txt
HTAR: a   instcat_y04_191109/job_log_00976706.txt
HTAR: a   instcat_y04_191109/job_log_00976707.txt
HTAR: a   instcat_y04_191109/job_log_00976708.txt
HTAR: a   instcat_y04_191109/job_log_00976709.txt
HTAR: a   instcat_y04_191109/job_log_00976710.txt
HTAR: a   instcat_y04_191109/job_log_00976711.txt
HTAR: a   instcat_y04_191109/job_log_00976712.txt
HTAR: a   instcat_y04_191109/job_log_00976713.txt
HTAR: a   instcat_y04_191109/job_log_00976714.txt
HTAR: a   instcat_y04_191109/job_log_00976715.txt
HTAR: a   instcat_y04_191109/job_log_00976716.txt
HTAR: a   instcat_y04_191109/job_log_00976717.txt
HTAR: a   instcat_y04_191109/job_log_00976718.txt
HTAR: a   instcat_y04_191109/job_log_00976719.txt
HTAR: a   instcat_y04_191109/job_log_00976720.txt
HTAR: a   instcat_y04_191109/job_log_00976721.txt
HTAR: a   instcat_y04_191109/job_log_00976722.txt
HTAR: a   instcat_y04_191109/job_log_00976723.txt
HTAR: a   instcat_y04_191109/job_log_00976724.txt
HTAR: a   instcat_y04_191109/job_log_00976725.txt
HTAR: a   instcat_y04_191109/job_log_00976726.txt
HTAR: a   instcat_y04_191109/job_log_00976727.txt
HTAR: a   instcat_y04_191109/job_log_00976728.txt
HTAR: a   instcat_y04_191109/job_log_00976729.txt
HTAR: a   instcat_y04_191109/job_log_00976730.txt
HTAR: a   instcat_y04_191109/job_log_00976731.txt
HTAR: a   instcat_y04_191109/job_log_00976732.txt
HTAR: a   instcat_y04_191109/job_log_00976733.txt
HTAR: a   instcat_y04_191109/job_log_00976734.txt
HTAR: a   instcat_y04_191109/job_log_00976735.txt
HTAR: a   instcat_y04_191109/job_log_00976736.txt
HTAR: a   instcat_y04_191109/job_log_00976737.txt
HTAR: a   instcat_y04_191109/job_log_00976738.txt
HTAR: a   instcat_y04_191109/job_log_00976739.txt
HTAR: a   instcat_y04_191109/job_log_00976740.txt
HTAR: a   instcat_y04_191109/job_log_00976741.txt
HTAR: a   instcat_y04_191109/job_log_00976742.txt
HTAR: a   instcat_y04_191109/job_log_00976743.txt
HTAR: a   instcat_y04_191109/job_log_00976744.txt
HTAR: a   instcat_y04_191109/job_log_00976745.txt
HTAR: a   instcat_y04_191109/job_log_00976746.txt
HTAR: a   instcat_y04_191109/job_log_00976747.txt
HTAR: a   instcat_y04_191109/job_log_00976748.txt
HTAR: a   instcat_y04_191109/job_log_00976749.txt
HTAR: a   instcat_y04_191109/job_log_00976750.txt
HTAR: a   instcat_y04_191109/job_log_00976751.txt
HTAR: a   /tmp/HTAR_CF_CHK_34265_1575999231
HTAR Create complete for /home/projects/desc/DC2_ImSim/Run2.2i/instCat/y04_191109/00976303to00976751.tar. 545,842,835,968 bytes written for 240 member files, max threads: 50 Transfer time: 4840.742 seconds (112.760 MB/s) wallclock/user/sys: 4841.135 5696.305 2179.461 seconds
HTAR: HTAR SUCCESSFUL
HTAR: a   instcat_y04_191109/00976752.tar.gz
HTAR: a   instcat_y04_191109/00976753.tar.gz
HTAR: a   instcat_y04_191109/00976754.tar.gz
HTAR: a   instcat_y04_191109/00976755.tar.gz
HTAR: a   instcat_y04_191109/00976756.tar.gz
HTAR: a   instcat_y04_191109/00976757.tar.gz
HTAR: a   instcat_y04_191109/00976758.tar.gz
HTAR: a   instcat_y04_191109/00976759.tar.gz
HTAR: a   instcat_y04_191109/00976760.tar.gz
HTAR: a   instcat_y04_191109/00976761.tar.gz
HTAR: a   instcat_y04_191109/00976762.tar.gz
HTAR: a   instcat_y04_191109/00976763.tar.gz
HTAR: a   instcat_y04_191109/00976764.tar.gz
HTAR: a   instcat_y04_191109/00976765.tar.gz
HTAR: a   instcat_y04_191109/00976766.tar.gz
HTAR: a   instcat_y04_191109/00976767.tar.gz
HTAR: a   instcat_y04_191109/00976768.tar.gz
HTAR: a   instcat_y04_191109/00976769.tar.gz
HTAR: a   instcat_y04_191109/00976770.tar.gz
HTAR: a   instcat_y04_191109/00976771.tar.gz
HTAR: a   instcat_y04_191109/00976772.tar.gz
HTAR: a   instcat_y04_191109/00976773.tar.gz
HTAR: a   instcat_y04_191109/00976774.tar.gz
HTAR: a   instcat_y04_191109/00976775.tar.gz
HTAR: a   instcat_y04_191109/00976776.tar.gz
HTAR: a   instcat_y04_191109/00976777.tar.gz
HTAR: a   instcat_y04_191109/00976778.tar.gz
HTAR: a   instcat_y04_191109/00976779.tar.gz
HTAR: a   instcat_y04_191109/00976780.tar.gz
HTAR: a   instcat_y04_191109/00976781.tar.gz
HTAR: a   instcat_y04_191109/00976782.tar.gz
HTAR: a   instcat_y04_191109/00976783.tar.gz
HTAR: a   instcat_y04_191109/00976784.tar.gz
HTAR: a   instcat_y04_191109/00976785.tar.gz
HTAR: a   instcat_y04_191109/00976786.tar.gz
HTAR: a   instcat_y04_191109/00976787.tar.gz
HTAR: a   instcat_y04_191109/00976788.tar.gz
HTAR: a   instcat_y04_191109/00976789.tar.gz
HTAR: a   instcat_y04_191109/00976790.tar.gz
HTAR: a   instcat_y04_191109/00976791.tar.gz
HTAR: a   instcat_y04_191109/00976792.tar.gz
HTAR: a   instcat_y04_191109/00976793.tar.gz
HTAR: a   instcat_y04_191109/00976794.tar.gz
HTAR: a   instcat_y04_191109/00976795.tar.gz
HTAR: a   instcat_y04_191109/00976796.tar.gz
HTAR: a   instcat_y04_191109/00976797.tar.gz
HTAR: a   instcat_y04_191109/00977274.tar.gz
HTAR: a   instcat_y04_191109/00977275.tar.gz
HTAR: a   instcat_y04_191109/00977307.tar.gz
HTAR: a   instcat_y04_191109/00977330.tar.gz
HTAR: a   instcat_y04_191109/00977331.tar.gz
HTAR: a   instcat_y04_191109/00977332.tar.gz
HTAR: a   instcat_y04_191109/00977337.tar.gz
HTAR: a   instcat_y04_191109/00977368.tar.gz
HTAR: a   instcat_y04_191109/00978759.tar.gz
HTAR: a   instcat_y04_191109/00978760.tar.gz
HTAR: a   instcat_y04_191109/00978761.tar.gz
HTAR: a   instcat_y04_191109/00978762.tar.gz
HTAR: a   instcat_y04_191109/00978763.tar.gz
HTAR: a   instcat_y04_191109/00978764.tar.gz
HTAR: a   instcat_y04_191109/00978765.tar.gz
HTAR: a   instcat_y04_191109/00978766.tar.gz
HTAR: a   instcat_y04_191109/00978767.tar.gz
HTAR: a   instcat_y04_191109/00978768.tar.gz
HTAR: a   instcat_y04_191109/00978769.tar.gz
HTAR: a   instcat_y04_191109/00978770.tar.gz
HTAR: a   instcat_y04_191109/00978771.tar.gz
HTAR: a   instcat_y04_191109/00978772.tar.gz
HTAR: a   instcat_y04_191109/00978773.tar.gz
HTAR: a   instcat_y04_191109/00978774.tar.gz
HTAR: a   instcat_y04_191109/00978775.tar.gz
HTAR: a   instcat_y04_191109/00978776.tar.gz
HTAR: a   instcat_y04_191109/00978777.tar.gz
HTAR: a   instcat_y04_191109/00978778.tar.gz
HTAR: a   instcat_y04_191109/00978779.tar.gz
HTAR: a   instcat_y04_191109/00978780.tar.gz
HTAR: a   instcat_y04_191109/00978781.tar.gz
HTAR: a   instcat_y04_191109/00978782.tar.gz
HTAR: a   instcat_y04_191109/00978783.tar.gz
HTAR: a   instcat_y04_191109/00978784.tar.gz
HTAR: a   instcat_y04_191109/00978785.tar.gz
HTAR: a   instcat_y04_191109/00978786.tar.gz
HTAR: a   instcat_y04_191109/00978787.tar.gz
HTAR: a   instcat_y04_191109/00978788.tar.gz
HTAR: a   instcat_y04_191109/00978789.tar.gz
HTAR: a   instcat_y04_191109/00978790.tar.gz
HTAR: a   instcat_y04_191109/00978791.tar.gz
HTAR: a   instcat_y04_191109/00978792.tar.gz
HTAR: a   instcat_y04_191109/00978793.tar.gz
HTAR: a   instcat_y04_191109/00978794.tar.gz
HTAR: a   instcat_y04_191109/00978795.tar.gz
HTAR: a   instcat_y04_191109/00978796.tar.gz
HTAR: a   instcat_y04_191109/00978797.tar.gz
HTAR: a   instcat_y04_191109/00978798.tar.gz
HTAR: a   instcat_y04_191109/00978799.tar.gz
HTAR: a   instcat_y04_191109/00978800.tar.gz
HTAR: a   instcat_y04_191109/00978801.tar.gz
HTAR: a   instcat_y04_191109/00978802.tar.gz
HTAR: a   instcat_y04_191109/00978803.tar.gz
HTAR: a   instcat_y04_191109/00978804.tar.gz
HTAR: a   instcat_y04_191109/00978805.tar.gz
HTAR: a   instcat_y04_191109/00978806.tar.gz
HTAR: a   instcat_y04_191109/00978807.tar.gz
HTAR: a   instcat_y04_191109/00978808.tar.gz
HTAR: a   instcat_y04_191109/00978809.tar.gz
HTAR: a   instcat_y04_191109/00978810.tar.gz
HTAR: a   instcat_y04_191109/00978811.tar.gz
HTAR: a   instcat_y04_191109/00978812.tar.gz
HTAR: a   instcat_y04_191109/00978813.tar.gz
HTAR: a   instcat_y04_191109/00978814.tar.gz
HTAR: a   instcat_y04_191109/00978815.tar.gz
HTAR: a   instcat_y04_191109/00978816.tar.gz
HTAR: a   instcat_y04_191109/00978817.tar.gz
HTAR: a   instcat_y04_191109/00978818.tar.gz
HTAR: a   instcat_y04_191109/00978819.tar.gz
HTAR: a   instcat_y04_191109/00978820.tar.gz
HTAR: a   instcat_y04_191109/00978821.tar.gz
HTAR: a   instcat_y04_191109/00978822.tar.gz
HTAR: a   instcat_y04_191109/00978823.tar.gz
HTAR: a   instcat_y04_191109/00978824.tar.gz
HTAR: a   instcat_y04_191109/job_log_00976752.txt
HTAR: a   instcat_y04_191109/job_log_00976753.txt
HTAR: a   instcat_y04_191109/job_log_00976754.txt
HTAR: a   instcat_y04_191109/job_log_00976755.txt
HTAR: a   instcat_y04_191109/job_log_00976756.txt
HTAR: a   instcat_y04_191109/job_log_00976757.txt
HTAR: a   instcat_y04_191109/job_log_00976758.txt
HTAR: a   instcat_y04_191109/job_log_00976759.txt
HTAR: a   instcat_y04_191109/job_log_00976760.txt
HTAR: a   instcat_y04_191109/job_log_00976761.txt
HTAR: a   instcat_y04_191109/job_log_00976762.txt
HTAR: a   instcat_y04_191109/job_log_00976763.txt
HTAR: a   instcat_y04_191109/job_log_00976764.txt
HTAR: a   instcat_y04_191109/job_log_00976765.txt
HTAR: a   instcat_y04_191109/job_log_00976766.txt
HTAR: a   instcat_y04_191109/job_log_00976767.txt
HTAR: a   instcat_y04_191109/job_log_00976768.txt
HTAR: a   instcat_y04_191109/job_log_00976769.txt
HTAR: a   instcat_y04_191109/job_log_00976770.txt
HTAR: a   instcat_y04_191109/job_log_00976771.txt
HTAR: a   instcat_y04_191109/job_log_00976772.txt
HTAR: a   instcat_y04_191109/job_log_00976773.txt
HTAR: a   instcat_y04_191109/job_log_00976774.txt
HTAR: a   instcat_y04_191109/job_log_00976775.txt
HTAR: a   instcat_y04_191109/job_log_00976776.txt
HTAR: a   instcat_y04_191109/job_log_00976777.txt
HTAR: a   instcat_y04_191109/job_log_00976778.txt
HTAR: a   instcat_y04_191109/job_log_00976779.txt
HTAR: a   instcat_y04_191109/job_log_00976780.txt
HTAR: a   instcat_y04_191109/job_log_00976781.txt
HTAR: a   instcat_y04_191109/job_log_00976782.txt
HTAR: a   instcat_y04_191109/job_log_00976783.txt
HTAR: a   instcat_y04_191109/job_log_00976784.txt
HTAR: a   instcat_y04_191109/job_log_00976785.txt
HTAR: a   instcat_y04_191109/job_log_00976786.txt
HTAR: a   instcat_y04_191109/job_log_00976787.txt
HTAR: a   instcat_y04_191109/job_log_00976788.txt
HTAR: a   instcat_y04_191109/job_log_00976789.txt
HTAR: a   instcat_y04_191109/job_log_00976790.txt
HTAR: a   instcat_y04_191109/job_log_00976791.txt
HTAR: a   instcat_y04_191109/job_log_00976792.txt
HTAR: a   instcat_y04_191109/job_log_00976793.txt
HTAR: a   instcat_y04_191109/job_log_00976794.txt
HTAR: a   instcat_y04_191109/job_log_00976795.txt
HTAR: a   instcat_y04_191109/job_log_00976796.txt
HTAR: a   instcat_y04_191109/job_log_00976797.txt
HTAR: a   instcat_y04_191109/job_log_00977274.txt
HTAR: a   instcat_y04_191109/job_log_00977275.txt
HTAR: a   instcat_y04_191109/job_log_00977307.txt
HTAR: a   instcat_y04_191109/job_log_00977330.txt
HTAR: a   instcat_y04_191109/job_log_00977331.txt
HTAR: a   instcat_y04_191109/job_log_00977332.txt
HTAR: a   instcat_y04_191109/job_log_00977337.txt
HTAR: a   instcat_y04_191109/job_log_00977368.txt
HTAR: a   instcat_y04_191109/job_log_00978759.txt
HTAR: a   instcat_y04_191109/job_log_00978760.txt
HTAR: a   instcat_y04_191109/job_log_00978761.txt
HTAR: a   instcat_y04_191109/job_log_00978762.txt
HTAR: a   instcat_y04_191109/job_log_00978763.txt
HTAR: a   instcat_y04_191109/job_log_00978764.txt
HTAR: a   instcat_y04_191109/job_log_00978765.txt
HTAR: a   instcat_y04_191109/job_log_00978766.txt
HTAR: a   instcat_y04_191109/job_log_00978767.txt
HTAR: a   instcat_y04_191109/job_log_00978768.txt
HTAR: a   instcat_y04_191109/job_log_00978769.txt
HTAR: a   instcat_y04_191109/job_log_00978770.txt
HTAR: a   instcat_y04_191109/job_log_00978771.txt
HTAR: a   instcat_y04_191109/job_log_00978772.txt
HTAR: a   instcat_y04_191109/job_log_00978773.txt
HTAR: a   instcat_y04_191109/job_log_00978774.txt
HTAR: a   instcat_y04_191109/job_log_00978775.txt
HTAR: a   instcat_y04_191109/job_log_00978776.txt
HTAR: a   instcat_y04_191109/job_log_00978777.txt
HTAR: a   instcat_y04_191109/job_log_00978778.txt
HTAR: a   instcat_y04_191109/job_log_00978779.txt
HTAR: a   instcat_y04_191109/job_log_00978780.txt
HTAR: a   instcat_y04_191109/job_log_00978781.txt
HTAR: a   instcat_y04_191109/job_log_00978782.txt
HTAR: a   instcat_y04_191109/job_log_00978783.txt
HTAR: a   instcat_y04_191109/job_log_00978784.txt
HTAR: a   instcat_y04_191109/job_log_00978785.txt
HTAR: a   instcat_y04_191109/job_log_00978786.txt
HTAR: a   instcat_y04_191109/job_log_00978787.txt
HTAR: a   instcat_y04_191109/job_log_00978788.txt
HTAR: a   instcat_y04_191109/job_log_00978789.txt
HTAR: a   instcat_y04_191109/job_log_00978790.txt
HTAR: a   instcat_y04_191109/job_log_00978791.txt
HTAR: a   instcat_y04_191109/job_log_00978792.txt
HTAR: a   instcat_y04_191109/job_log_00978793.txt
HTAR: a   instcat_y04_191109/job_log_00978794.txt
HTAR: a   instcat_y04_191109/job_log_00978795.txt
HTAR: a   instcat_y04_191109/job_log_00978796.txt
HTAR: a   instcat_y04_191109/job_log_00978797.txt
HTAR: a   instcat_y04_191109/job_log_00978798.txt
HTAR: a   instcat_y04_191109/job_log_00978799.txt
HTAR: a   instcat_y04_191109/job_log_00978800.txt
HTAR: a   instcat_y04_191109/job_log_00978801.txt
HTAR: a   instcat_y04_191109/job_log_00978802.txt
HTAR: a   instcat_y04_191109/job_log_00978803.txt
HTAR: a   instcat_y04_191109/job_log_00978804.txt
HTAR: a   instcat_y04_191109/job_log_00978805.txt
HTAR: a   instcat_y04_191109/job_log_00978806.txt
HTAR: a   instcat_y04_191109/job_log_00978807.txt
HTAR: a   instcat_y04_191109/job_log_00978808.txt
HTAR: a   instcat_y04_191109/job_log_00978809.txt
HTAR: a   instcat_y04_191109/job_log_00978810.txt
HTAR: a   instcat_y04_191109/job_log_00978811.txt
HTAR: a   instcat_y04_191109/job_log_00978812.txt
HTAR: a   instcat_y04_191109/job_log_00978813.txt
HTAR: a   instcat_y04_191109/job_log_00978814.txt
HTAR: a   instcat_y04_191109/job_log_00978815.txt
HTAR: a   instcat_y04_191109/job_log_00978816.txt
HTAR: a   instcat_y04_191109/job_log_00978817.txt
HTAR: a   instcat_y04_191109/job_log_00978818.txt
HTAR: a   instcat_y04_191109/job_log_00978819.txt
HTAR: a   instcat_y04_191109/job_log_00978820.txt
HTAR: a   instcat_y04_191109/job_log_00978821.txt
HTAR: a   instcat_y04_191109/job_log_00978822.txt
HTAR: a   instcat_y04_191109/job_log_00978823.txt
HTAR: a   instcat_y04_191109/job_log_00978824.txt
HTAR: a   /tmp/HTAR_CF_CHK_10548_1576004075
HTAR Create complete for /home/projects/desc/DC2_ImSim/Run2.2i/instCat/y04_191109/00976752to00978824.tar. 567,644,732,928 bytes written for 240 member files, max threads: 50 Transfer time: 4851.644 seconds (117.000 MB/s) wallclock/user/sys: 4851.885 5904.373 2270.072 seconds
HTAR: HTAR SUCCESSFUL
HTAR: a   instcat_y04_191109/00978825.tar.gz
HTAR: a   instcat_y04_191109/00978826.tar.gz
HTAR: a   instcat_y04_191109/00978827.tar.gz
HTAR: a   instcat_y04_191109/00978828.tar.gz
HTAR: a   instcat_y04_191109/00978829.tar.gz
HTAR: a   instcat_y04_191109/00978830.tar.gz
HTAR: a   instcat_y04_191109/00978831.tar.gz
HTAR: a   instcat_y04_191109/00978832.tar.gz
HTAR: a   instcat_y04_191109/00978833.tar.gz
HTAR: a   instcat_y04_191109/00978834.tar.gz
HTAR: a   instcat_y04_191109/00978835.tar.gz
HTAR: a   instcat_y04_191109/00978836.tar.gz
HTAR: a   instcat_y04_191109/00978837.tar.gz
HTAR: a   instcat_y04_191109/00978838.tar.gz
HTAR: a   instcat_y04_191109/00978839.tar.gz
HTAR: a   instcat_y04_191109/00978840.tar.gz
HTAR: a   instcat_y04_191109/00978841.tar.gz
HTAR: a   instcat_y04_191109/00978842.tar.gz
HTAR: a   instcat_y04_191109/00978843.tar.gz
HTAR: a   instcat_y04_191109/00978844.tar.gz
HTAR: a   instcat_y04_191109/00978845.tar.gz
HTAR: a   instcat_y04_191109/00978846.tar.gz
HTAR: a   instcat_y04_191109/00978847.tar.gz
HTAR: a   instcat_y04_191109/00978848.tar.gz
HTAR: a   instcat_y04_191109/00978849.tar.gz
HTAR: a   instcat_y04_191109/00978850.tar.gz
HTAR: a   instcat_y04_191109/00978851.tar.gz
HTAR: a   instcat_y04_191109/00978852.tar.gz
HTAR: a   instcat_y04_191109/00978853.tar.gz
HTAR: a   instcat_y04_191109/00978854.tar.gz
HTAR: a   instcat_y04_191109/00980017.tar.gz
HTAR: a   instcat_y04_191109/00980018.tar.gz
HTAR: a   instcat_y04_191109/00980725.tar.gz
HTAR: a   instcat_y04_191109/00980726.tar.gz
HTAR: a   instcat_y04_191109/00980727.tar.gz
HTAR: a   instcat_y04_191109/00980728.tar.gz
HTAR: a   instcat_y04_191109/00980729.tar.gz
HTAR: a   instcat_y04_191109/00980730.tar.gz
HTAR: a   instcat_y04_191109/00980731.tar.gz
HTAR: a   instcat_y04_191109/00980732.tar.gz
HTAR: a   instcat_y04_191109/00980733.tar.gz
HTAR: a   instcat_y04_191109/00980734.tar.gz
HTAR: a   instcat_y04_191109/00980735.tar.gz
HTAR: a   instcat_y04_191109/00980736.tar.gz
HTAR: a   instcat_y04_191109/00980737.tar.gz
HTAR: a   instcat_y04_191109/00980738.tar.gz
HTAR: a   instcat_y04_191109/00980739.tar.gz
HTAR: a   instcat_y04_191109/00980740.tar.gz
HTAR: a   instcat_y04_191109/00980741.tar.gz
HTAR: a   instcat_y04_191109/00980742.tar.gz
HTAR: a   instcat_y04_191109/00980743.tar.gz
HTAR: a   instcat_y04_191109/00980744.tar.gz
HTAR: a   instcat_y04_191109/00980779.tar.gz
HTAR: a   instcat_y04_191109/00981442.tar.gz
HTAR: a   instcat_y04_191109/00981443.tar.gz
HTAR: a   instcat_y04_191109/00981444.tar.gz
HTAR: a   instcat_y04_191109/00981445.tar.gz
HTAR: a   instcat_y04_191109/00981446.tar.gz
HTAR: a   instcat_y04_191109/00981447.tar.gz
HTAR: a   instcat_y04_191109/00981448.tar.gz
HTAR: a   instcat_y04_191109/00981449.tar.gz
HTAR: a   instcat_y04_191109/00981450.tar.gz
HTAR: a   instcat_y04_191109/00981451.tar.gz
HTAR: a   instcat_y04_191109/00981452.tar.gz
HTAR: a   instcat_y04_191109/00981453.tar.gz
HTAR: a   instcat_y04_191109/00981454.tar.gz
HTAR: a   instcat_y04_191109/00981455.tar.gz
HTAR: a   instcat_y04_191109/00981456.tar.gz
HTAR: a   instcat_y04_191109/00981457.tar.gz
HTAR: a   instcat_y04_191109/00981458.tar.gz
HTAR: a   instcat_y04_191109/00981459.tar.gz
HTAR: a   instcat_y04_191109/00981460.tar.gz
HTAR: a   instcat_y04_191109/00981461.tar.gz
HTAR: a   instcat_y04_191109/00982149.tar.gz
HTAR: a   instcat_y04_191109/00982150.tar.gz
HTAR: a   instcat_y04_191109/00982151.tar.gz
HTAR: a   instcat_y04_191109/00982152.tar.gz
HTAR: a   instcat_y04_191109/00982153.tar.gz
HTAR: a   instcat_y04_191109/00982154.tar.gz
HTAR: a   instcat_y04_191109/00982155.tar.gz
HTAR: a   instcat_y04_191109/00982156.tar.gz
HTAR: a   instcat_y04_191109/00982157.tar.gz
HTAR: a   instcat_y04_191109/00982158.tar.gz
HTAR: a   instcat_y04_191109/00982159.tar.gz
HTAR: a   instcat_y04_191109/00982160.tar.gz
HTAR: a   instcat_y04_191109/00982161.tar.gz
HTAR: a   instcat_y04_191109/00982162.tar.gz
HTAR: a   instcat_y04_191109/00982163.tar.gz
HTAR: a   instcat_y04_191109/00982164.tar.gz
HTAR: a   instcat_y04_191109/00982165.tar.gz
HTAR: a   instcat_y04_191109/00982166.tar.gz
HTAR: a   instcat_y04_191109/00982167.tar.gz
HTAR: a   instcat_y04_191109/00982168.tar.gz
HTAR: a   instcat_y04_191109/00982853.tar.gz
HTAR: a   instcat_y04_191109/00982854.tar.gz
HTAR: a   instcat_y04_191109/00982855.tar.gz
HTAR: a   instcat_y04_191109/00982856.tar.gz
HTAR: a   instcat_y04_191109/00982857.tar.gz
HTAR: a   instcat_y04_191109/00982858.tar.gz
HTAR: a   instcat_y04_191109/00982859.tar.gz
HTAR: a   instcat_y04_191109/00982860.tar.gz
HTAR: a   instcat_y04_191109/00982861.tar.gz
HTAR: a   instcat_y04_191109/00982862.tar.gz
HTAR: a   instcat_y04_191109/00982863.tar.gz
HTAR: a   instcat_y04_191109/00982864.tar.gz
HTAR: a   instcat_y04_191109/00982865.tar.gz
HTAR: a   instcat_y04_191109/00982866.tar.gz
HTAR: a   instcat_y04_191109/00982867.tar.gz
HTAR: a   instcat_y04_191109/00982868.tar.gz
HTAR: a   instcat_y04_191109/00982869.tar.gz
HTAR: a   instcat_y04_191109/00982870.tar.gz
HTAR: a   instcat_y04_191109/00982871.tar.gz
HTAR: a   instcat_y04_191109/00982872.tar.gz
HTAR: a   instcat_y04_191109/00982900.tar.gz
HTAR: a   instcat_y04_191109/00982901.tar.gz
HTAR: a   instcat_y04_191109/00982902.tar.gz
HTAR: a   instcat_y04_191109/00982903.tar.gz
HTAR: a   instcat_y04_191109/00982904.tar.gz
HTAR: a   instcat_y04_191109/00982905.tar.gz
HTAR: a   instcat_y04_191109/00982906.tar.gz
HTAR: a   instcat_y04_191109/job_log_00978825.txt
HTAR: a   instcat_y04_191109/job_log_00978826.txt
HTAR: a   instcat_y04_191109/job_log_00978827.txt
HTAR: a   instcat_y04_191109/job_log_00978828.txt
HTAR: a   instcat_y04_191109/job_log_00978829.txt
HTAR: a   instcat_y04_191109/job_log_00978830.txt
HTAR: a   instcat_y04_191109/job_log_00978831.txt
HTAR: a   instcat_y04_191109/job_log_00978832.txt
HTAR: a   instcat_y04_191109/job_log_00978833.txt
HTAR: a   instcat_y04_191109/job_log_00978834.txt
HTAR: a   instcat_y04_191109/job_log_00978835.txt
HTAR: a   instcat_y04_191109/job_log_00978836.txt
HTAR: a   instcat_y04_191109/job_log_00978837.txt
HTAR: a   instcat_y04_191109/job_log_00978838.txt
HTAR: a   instcat_y04_191109/job_log_00978839.txt
HTAR: a   instcat_y04_191109/job_log_00978840.txt
HTAR: a   instcat_y04_191109/job_log_00978841.txt
HTAR: a   instcat_y04_191109/job_log_00978842.txt
HTAR: a   instcat_y04_191109/job_log_00978843.txt
HTAR: a   instcat_y04_191109/job_log_00978844.txt
HTAR: a   instcat_y04_191109/job_log_00978845.txt
HTAR: a   instcat_y04_191109/job_log_00978846.txt
HTAR: a   instcat_y04_191109/job_log_00978847.txt
HTAR: a   instcat_y04_191109/job_log_00978848.txt
HTAR: a   instcat_y04_191109/job_log_00978849.txt
HTAR: a   instcat_y04_191109/job_log_00978850.txt
HTAR: a   instcat_y04_191109/job_log_00978851.txt
HTAR: a   instcat_y04_191109/job_log_00978852.txt
HTAR: a   instcat_y04_191109/job_log_00978853.txt
HTAR: a   instcat_y04_191109/job_log_00978854.txt
HTAR: a   instcat_y04_191109/job_log_00980017.txt
HTAR: a   instcat_y04_191109/job_log_00980018.txt
HTAR: a   instcat_y04_191109/job_log_00980725.txt
HTAR: a   instcat_y04_191109/job_log_00980726.txt
HTAR: a   instcat_y04_191109/job_log_00980727.txt
HTAR: a   instcat_y04_191109/job_log_00980728.txt
HTAR: a   instcat_y04_191109/job_log_00980729.txt
HTAR: a   instcat_y04_191109/job_log_00980730.txt
HTAR: a   instcat_y04_191109/job_log_00980731.txt
HTAR: a   instcat_y04_191109/job_log_00980732.txt
HTAR: a   instcat_y04_191109/job_log_00980733.txt
HTAR: a   instcat_y04_191109/job_log_00980734.txt
HTAR: a   instcat_y04_191109/job_log_00980735.txt
HTAR: a   instcat_y04_191109/job_log_00980736.txt
HTAR: a   instcat_y04_191109/job_log_00980737.txt
HTAR: a   instcat_y04_191109/job_log_00980738.txt
HTAR: a   instcat_y04_191109/job_log_00980739.txt
HTAR: a   instcat_y04_191109/job_log_00980740.txt
HTAR: a   instcat_y04_191109/job_log_00980741.txt
HTAR: a   instcat_y04_191109/job_log_00980742.txt
HTAR: a   instcat_y04_191109/job_log_00980743.txt
HTAR: a   instcat_y04_191109/job_log_00980744.txt
HTAR: a   instcat_y04_191109/job_log_00980779.txt
HTAR: a   instcat_y04_191109/job_log_00981442.txt
HTAR: a   instcat_y04_191109/job_log_00981443.txt
HTAR: a   instcat_y04_191109/job_log_00981444.txt
HTAR: a   instcat_y04_191109/job_log_00981445.txt
HTAR: a   instcat_y04_191109/job_log_00981446.txt
HTAR: a   instcat_y04_191109/job_log_00981447.txt
HTAR: a   instcat_y04_191109/job_log_00981448.txt
HTAR: a   instcat_y04_191109/job_log_00981449.txt
HTAR: a   instcat_y04_191109/job_log_00981450.txt
HTAR: a   instcat_y04_191109/job_log_00981451.txt
HTAR: a   instcat_y04_191109/job_log_00981452.txt
HTAR: a   instcat_y04_191109/job_log_00981453.txt
HTAR: a   instcat_y04_191109/job_log_00981454.txt
HTAR: a   instcat_y04_191109/job_log_00981455.txt
HTAR: a   instcat_y04_191109/job_log_00981456.txt
HTAR: a   instcat_y04_191109/job_log_00981457.txt
HTAR: a   instcat_y04_191109/job_log_00981458.txt
HTAR: a   instcat_y04_191109/job_log_00981459.txt
HTAR: a   instcat_y04_191109/job_log_00981460.txt
HTAR: a   instcat_y04_191109/job_log_00981461.txt
HTAR: a   instcat_y04_191109/job_log_00982149.txt
HTAR: a   instcat_y04_191109/job_log_00982150.txt
HTAR: a   instcat_y04_191109/job_log_00982151.txt
HTAR: a   instcat_y04_191109/job_log_00982152.txt
HTAR: a   instcat_y04_191109/job_log_00982153.txt
HTAR: a   instcat_y04_191109/job_log_00982154.txt
HTAR: a   instcat_y04_191109/job_log_00982155.txt
HTAR: a   instcat_y04_191109/job_log_00982156.txt
HTAR: a   instcat_y04_191109/job_log_00982157.txt
HTAR: a   instcat_y04_191109/job_log_00982158.txt
HTAR: a   instcat_y04_191109/job_log_00982159.txt
HTAR: a   instcat_y04_191109/job_log_00982160.txt
HTAR: a   instcat_y04_191109/job_log_00982161.txt
HTAR: a   instcat_y04_191109/job_log_00982162.txt
HTAR: a   instcat_y04_191109/job_log_00982163.txt
HTAR: a   instcat_y04_191109/job_log_00982164.txt
HTAR: a   instcat_y04_191109/job_log_00982165.txt
HTAR: a   instcat_y04_191109/job_log_00982166.txt
HTAR: a   instcat_y04_191109/job_log_00982167.txt
HTAR: a   instcat_y04_191109/job_log_00982168.txt
HTAR: a   instcat_y04_191109/job_log_00982853.txt
HTAR: a   instcat_y04_191109/job_log_00982854.txt
HTAR: a   instcat_y04_191109/job_log_00982855.txt
HTAR: a   instcat_y04_191109/job_log_00982856.txt
HTAR: a   instcat_y04_191109/job_log_00982857.txt
HTAR: a   instcat_y04_191109/job_log_00982858.txt
HTAR: a   instcat_y04_191109/job_log_00982859.txt
HTAR: a   instcat_y04_191109/job_log_00982860.txt
HTAR: a   instcat_y04_191109/job_log_00982861.txt
HTAR: a   instcat_y04_191109/job_log_00982862.txt
HTAR: a   instcat_y04_191109/job_log_00982863.txt
HTAR: a   instcat_y04_191109/job_log_00982864.txt
HTAR: a   instcat_y04_191109/job_log_00982865.txt
HTAR: a   instcat_y04_191109/job_log_00982866.txt
HTAR: a   instcat_y04_191109/job_log_00982867.txt
HTAR: a   instcat_y04_191109/job_log_00982868.txt
HTAR: a   instcat_y04_191109/job_log_00982869.txt
HTAR: a   instcat_y04_191109/job_log_00982870.txt
HTAR: a   instcat_y04_191109/job_log_00982871.txt
HTAR: a   instcat_y04_191109/job_log_00982872.txt
HTAR: a   instcat_y04_191109/job_log_00982900.txt
HTAR: a   instcat_y04_191109/job_log_00982901.txt
HTAR: a   instcat_y04_191109/job_log_00982902.txt
HTAR: a   instcat_y04_191109/job_log_00982903.txt
HTAR: a   instcat_y04_191109/job_log_00982904.txt
HTAR: a   instcat_y04_191109/job_log_00982905.txt
HTAR: a   instcat_y04_191109/job_log_00982906.txt
HTAR: a   /tmp/HTAR_CF_CHK_51683_1576008930
HTAR Create complete for /home/projects/desc/DC2_ImSim/Run2.2i/instCat/y04_191109/00978825to00982906.tar. 568,589,968,384 bytes written for 240 member files, max threads: 50 Transfer time: 4546.534 seconds (125.060 MB/s) wallclock/user/sys: 4547.006 5681.347 1921.688 seconds
HTAR: HTAR SUCCESSFUL
HTAR: a   instcat_y04_191109/00982907.tar.gz
HTAR: a   instcat_y04_191109/00982908.tar.gz
HTAR: a   instcat_y04_191109/00982940.tar.gz
HTAR: a   instcat_y04_191109/00982941.tar.gz
HTAR: a   instcat_y04_191109/00982942.tar.gz
HTAR: a   instcat_y04_191109/00982943.tar.gz
HTAR: a   instcat_y04_191109/00982957.tar.gz
HTAR: a   instcat_y04_191109/00982958.tar.gz
HTAR: a   instcat_y04_191109/00982959.tar.gz
HTAR: a   instcat_y04_191109/00982973.tar.gz
HTAR: a   instcat_y04_191109/00982974.tar.gz
HTAR: a   instcat_y04_191109/00982985.tar.gz
HTAR: a   instcat_y04_191109/00982986.tar.gz
HTAR: a   instcat_y04_191109/00982987.tar.gz
HTAR: a   instcat_y04_191109/00982988.tar.gz
HTAR: a   instcat_y04_191109/00982989.tar.gz
HTAR: a   instcat_y04_191109/00983003.tar.gz
HTAR: a   instcat_y04_191109/00983010.tar.gz
HTAR: a   instcat_y04_191109/00983037.tar.gz
HTAR: a   instcat_y04_191109/00983038.tar.gz
HTAR: a   instcat_y04_191109/00983039.tar.gz
HTAR: a   instcat_y04_191109/00983547.tar.gz
HTAR: a   instcat_y04_191109/00983548.tar.gz
HTAR: a   instcat_y04_191109/00983549.tar.gz
HTAR: a   instcat_y04_191109/00983550.tar.gz
HTAR: a   instcat_y04_191109/00983551.tar.gz
HTAR: a   instcat_y04_191109/00983552.tar.gz
HTAR: a   instcat_y04_191109/00983553.tar.gz
HTAR: a   instcat_y04_191109/00983554.tar.gz
HTAR: a   instcat_y04_191109/00983555.tar.gz
HTAR: a   instcat_y04_191109/00983556.tar.gz
HTAR: a   instcat_y04_191109/00983557.tar.gz
HTAR: a   instcat_y04_191109/00983558.tar.gz
HTAR: a   instcat_y04_191109/00983559.tar.gz
HTAR: a   instcat_y04_191109/00983560.tar.gz
HTAR: a   instcat_y04_191109/00983561.tar.gz
HTAR: a   instcat_y04_191109/00983562.tar.gz
HTAR: a   instcat_y04_191109/00983563.tar.gz
HTAR: a   instcat_y04_191109/00983564.tar.gz
HTAR: a   instcat_y04_191109/00983565.tar.gz
HTAR: a   instcat_y04_191109/00983566.tar.gz
HTAR: a   instcat_y04_191109/00984267.tar.gz
HTAR: a   instcat_y04_191109/00984268.tar.gz
HTAR: a   instcat_y04_191109/00984269.tar.gz
HTAR: a   instcat_y04_191109/00984270.tar.gz
HTAR: a   instcat_y04_191109/00984271.tar.gz
HTAR: a   instcat_y04_191109/00984272.tar.gz
HTAR: a   instcat_y04_191109/00984273.tar.gz
HTAR: a   instcat_y04_191109/00984274.tar.gz
HTAR: a   instcat_y04_191109/00984275.tar.gz
HTAR: a   instcat_y04_191109/00984276.tar.gz
HTAR: a   instcat_y04_191109/00984277.tar.gz
HTAR: a   instcat_y04_191109/00984278.tar.gz
HTAR: a   instcat_y04_191109/00984279.tar.gz
HTAR: a   instcat_y04_191109/00984280.tar.gz
HTAR: a   instcat_y04_191109/00984281.tar.gz
HTAR: a   instcat_y04_191109/00984282.tar.gz
HTAR: a   instcat_y04_191109/00984283.tar.gz
HTAR: a   instcat_y04_191109/00984284.tar.gz
HTAR: a   instcat_y04_191109/00984285.tar.gz
HTAR: a   instcat_y04_191109/00984286.tar.gz
HTAR: a   instcat_y04_191109/00984995.tar.gz
HTAR: a   instcat_y04_191109/00984996.tar.gz
HTAR: a   instcat_y04_191109/00984997.tar.gz
HTAR: a   instcat_y04_191109/00984998.tar.gz
HTAR: a   instcat_y04_191109/00984999.tar.gz
HTAR: a   instcat_y04_191109/00985000.tar.gz
HTAR: a   instcat_y04_191109/00985001.tar.gz
HTAR: a   instcat_y04_191109/00985002.tar.gz
HTAR: a   instcat_y04_191109/00985003.tar.gz
HTAR: a   instcat_y04_191109/00985004.tar.gz
HTAR: a   instcat_y04_191109/00985005.tar.gz
HTAR: a   instcat_y04_191109/00985006.tar.gz
HTAR: a   instcat_y04_191109/00985007.tar.gz
HTAR: a   instcat_y04_191109/00985008.tar.gz
HTAR: a   instcat_y04_191109/00985009.tar.gz
HTAR: a   instcat_y04_191109/00985010.tar.gz
HTAR: a   instcat_y04_191109/00985011.tar.gz
HTAR: a   instcat_y04_191109/00985012.tar.gz
HTAR: a   instcat_y04_191109/00985013.tar.gz
HTAR: a   instcat_y04_191109/00985014.tar.gz
HTAR: a   instcat_y04_191109/00985648.tar.gz
HTAR: a   instcat_y04_191109/00985671.tar.gz
HTAR: a   instcat_y04_191109/00985674.tar.gz
HTAR: a   instcat_y04_191109/00985675.tar.gz
HTAR: a   instcat_y04_191109/00985676.tar.gz
HTAR: a   instcat_y04_191109/00985677.tar.gz
HTAR: a   instcat_y04_191109/00985682.tar.gz
HTAR: a   instcat_y04_191109/00985702.tar.gz
HTAR: a   instcat_y04_191109/00985703.tar.gz
HTAR: a   instcat_y04_191109/00985704.tar.gz
HTAR: a   instcat_y04_191109/00985705.tar.gz
HTAR: a   instcat_y04_191109/00985706.tar.gz
HTAR: a   instcat_y04_191109/00985707.tar.gz
HTAR: a   instcat_y04_191109/00985708.tar.gz
HTAR: a   instcat_y04_191109/00985709.tar.gz
HTAR: a   instcat_y04_191109/00985710.tar.gz
HTAR: a   instcat_y04_191109/00985731.tar.gz
HTAR: a   instcat_y04_191109/00985732.tar.gz
HTAR: a   instcat_y04_191109/00985733.tar.gz
HTAR: a   instcat_y04_191109/00985734.tar.gz
HTAR: a   instcat_y04_191109/00985749.tar.gz
HTAR: a   instcat_y04_191109/00985750.tar.gz
HTAR: a   instcat_y04_191109/00985751.tar.gz
HTAR: a   instcat_y04_191109/00985752.tar.gz
HTAR: a   instcat_y04_191109/00985753.tar.gz
HTAR: a   instcat_y04_191109/00985766.tar.gz
HTAR: a   instcat_y04_191109/00985767.tar.gz
HTAR: a   instcat_y04_191109/00985804.tar.gz
HTAR: a   instcat_y04_191109/00985931.tar.gz
HTAR: a   instcat_y04_191109/00985963.tar.gz
HTAR: a   instcat_y04_191109/00987776.tar.gz
HTAR: a   instcat_y04_191109/00987833.tar.gz
HTAR: a   instcat_y04_191109/00988528.tar.gz
HTAR: a   instcat_y04_191109/00988529.tar.gz
HTAR: a   instcat_y04_191109/00988530.tar.gz
HTAR: a   instcat_y04_191109/00988531.tar.gz
HTAR: a   instcat_y04_191109/00988532.tar.gz
HTAR: a   instcat_y04_191109/00988533.tar.gz
HTAR: a   instcat_y04_191109/00988534.tar.gz
HTAR: a   instcat_y04_191109/job_log_00982907.txt
HTAR: a   instcat_y04_191109/job_log_00982908.txt
HTAR: a   instcat_y04_191109/job_log_00982940.txt
HTAR: a   instcat_y04_191109/job_log_00982941.txt
HTAR: a   instcat_y04_191109/job_log_00982942.txt
HTAR: a   instcat_y04_191109/job_log_00982943.txt
HTAR: a   instcat_y04_191109/job_log_00982957.txt
HTAR: a   instcat_y04_191109/job_log_00982958.txt
HTAR: a   instcat_y04_191109/job_log_00982959.txt
HTAR: a   instcat_y04_191109/job_log_00982973.txt
HTAR: a   instcat_y04_191109/job_log_00982974.txt
HTAR: a   instcat_y04_191109/job_log_00982985.txt
HTAR: a   instcat_y04_191109/job_log_00982986.txt
HTAR: a   instcat_y04_191109/job_log_00982987.txt
HTAR: a   instcat_y04_191109/job_log_00982988.txt
HTAR: a   instcat_y04_191109/job_log_00982989.txt
HTAR: a   instcat_y04_191109/job_log_00983003.txt
HTAR: a   instcat_y04_191109/job_log_00983010.txt
HTAR: a   instcat_y04_191109/job_log_00983037.txt
HTAR: a   instcat_y04_191109/job_log_00983038.txt
HTAR: a   instcat_y04_191109/job_log_00983039.txt
HTAR: a   instcat_y04_191109/job_log_00983547.txt
HTAR: a   instcat_y04_191109/job_log_00983548.txt
HTAR: a   instcat_y04_191109/job_log_00983549.txt
HTAR: a   instcat_y04_191109/job_log_00983550.txt
HTAR: a   instcat_y04_191109/job_log_00983551.txt
HTAR: a   instcat_y04_191109/job_log_00983552.txt
HTAR: a   instcat_y04_191109/job_log_00983553.txt
HTAR: a   instcat_y04_191109/job_log_00983554.txt
HTAR: a   instcat_y04_191109/job_log_00983555.txt
HTAR: a   instcat_y04_191109/job_log_00983556.txt
HTAR: a   instcat_y04_191109/job_log_00983557.txt
HTAR: a   instcat_y04_191109/job_log_00983558.txt
HTAR: a   instcat_y04_191109/job_log_00983559.txt
HTAR: a   instcat_y04_191109/job_log_00983560.txt
HTAR: a   instcat_y04_191109/job_log_00983561.txt
HTAR: a   instcat_y04_191109/job_log_00983562.txt
HTAR: a   instcat_y04_191109/job_log_00983563.txt
HTAR: a   instcat_y04_191109/job_log_00983564.txt
HTAR: a   instcat_y04_191109/job_log_00983565.txt
HTAR: a   instcat_y04_191109/job_log_00983566.txt
HTAR: a   instcat_y04_191109/job_log_00984267.txt
HTAR: a   instcat_y04_191109/job_log_00984268.txt
HTAR: a   instcat_y04_191109/job_log_00984269.txt
HTAR: a   instcat_y04_191109/job_log_00984270.txt
HTAR: a   instcat_y04_191109/job_log_00984271.txt
HTAR: a   instcat_y04_191109/job_log_00984272.txt
HTAR: a   instcat_y04_191109/job_log_00984273.txt
HTAR: a   instcat_y04_191109/job_log_00984274.txt
HTAR: a   instcat_y04_191109/job_log_00984275.txt
HTAR: a   instcat_y04_191109/job_log_00984276.txt
HTAR: a   instcat_y04_191109/job_log_00984277.txt
HTAR: a   instcat_y04_191109/job_log_00984278.txt
HTAR: a   instcat_y04_191109/job_log_00984279.txt
HTAR: a   instcat_y04_191109/job_log_00984280.txt
HTAR: a   instcat_y04_191109/job_log_00984281.txt
HTAR: a   instcat_y04_191109/job_log_00984282.txt
HTAR: a   instcat_y04_191109/job_log_00984283.txt
HTAR: a   instcat_y04_191109/job_log_00984284.txt
HTAR: a   instcat_y04_191109/job_log_00984285.txt
HTAR: a   instcat_y04_191109/job_log_00984286.txt
HTAR: a   instcat_y04_191109/job_log_00984995.txt
HTAR: a   instcat_y04_191109/job_log_00984996.txt
HTAR: a   instcat_y04_191109/job_log_00984997.txt
HTAR: a   instcat_y04_191109/job_log_00984998.txt
HTAR: a   instcat_y04_191109/job_log_00984999.txt
HTAR: a   instcat_y04_191109/job_log_00985000.txt
HTAR: a   instcat_y04_191109/job_log_00985001.txt
HTAR: a   instcat_y04_191109/job_log_00985002.txt
HTAR: a   instcat_y04_191109/job_log_00985003.txt
HTAR: a   instcat_y04_191109/job_log_00985004.txt
HTAR: a   instcat_y04_191109/job_log_00985005.txt
HTAR: a   instcat_y04_191109/job_log_00985006.txt
HTAR: a   instcat_y04_191109/job_log_00985007.txt
HTAR: a   instcat_y04_191109/job_log_00985008.txt
HTAR: a   instcat_y04_191109/job_log_00985009.txt
HTAR: a   instcat_y04_191109/job_log_00985010.txt
HTAR: a   instcat_y04_191109/job_log_00985011.txt
HTAR: a   instcat_y04_191109/job_log_00985012.txt
HTAR: a   instcat_y04_191109/job_log_00985013.txt
HTAR: a   instcat_y04_191109/job_log_00985014.txt
HTAR: a   instcat_y04_191109/job_log_00985648.txt
HTAR: a   instcat_y04_191109/job_log_00985671.txt
HTAR: a   instcat_y04_191109/job_log_00985674.txt
HTAR: a   instcat_y04_191109/job_log_00985675.txt
HTAR: a   instcat_y04_191109/job_log_00985676.txt
HTAR: a   instcat_y04_191109/job_log_00985677.txt
HTAR: a   instcat_y04_191109/job_log_00985682.txt
HTAR: a   instcat_y04_191109/job_log_00985702.txt
HTAR: a   instcat_y04_191109/job_log_00985703.txt
HTAR: a   instcat_y04_191109/job_log_00985704.txt
HTAR: a   instcat_y04_191109/job_log_00985705.txt
HTAR: a   instcat_y04_191109/job_log_00985706.txt
HTAR: a   instcat_y04_191109/job_log_00985707.txt
HTAR: a   instcat_y04_191109/job_log_00985708.txt
HTAR: a   instcat_y04_191109/job_log_00985709.txt
HTAR: a   instcat_y04_191109/job_log_00985710.txt
HTAR: a   instcat_y04_191109/job_log_00985731.txt
HTAR: a   instcat_y04_191109/job_log_00985732.txt
HTAR: a   instcat_y04_191109/job_log_00985733.txt
HTAR: a   instcat_y04_191109/job_log_00985734.txt
HTAR: a   instcat_y04_191109/job_log_00985749.txt
HTAR: a   instcat_y04_191109/job_log_00985750.txt
HTAR: a   instcat_y04_191109/job_log_00985751.txt
HTAR: a   instcat_y04_191109/job_log_00985752.txt
HTAR: a   instcat_y04_191109/job_log_00985753.txt
HTAR: a   instcat_y04_191109/job_log_00985766.txt
HTAR: a   instcat_y04_191109/job_log_00985767.txt
HTAR: a   instcat_y04_191109/job_log_00985804.txt
HTAR: a   instcat_y04_191109/job_log_00985931.txt
HTAR: a   instcat_y04_191109/job_log_00985963.txt
HTAR: a   instcat_y04_191109/job_log_00987776.txt
HTAR: a   instcat_y04_191109/job_log_00987833.txt
HTAR: a   instcat_y04_191109/job_log_00988528.txt
HTAR: a   instcat_y04_191109/job_log_00988529.txt
HTAR: a   instcat_y04_191109/job_log_00988530.txt
HTAR: a   instcat_y04_191109/job_log_00988531.txt
HTAR: a   instcat_y04_191109/job_log_00988532.txt
HTAR: a   instcat_y04_191109/job_log_00988533.txt
HTAR: a   instcat_y04_191109/job_log_00988534.txt
HTAR: a   /tmp/HTAR_CF_CHK_14300_1576013481
HTAR Create complete for /home/projects/desc/DC2_ImSim/Run2.2i/instCat/y04_191109/00982907to00988534.tar. 550,350,153,728 bytes written for 240 member files, max threads: 50 Transfer time: 4015.950 seconds (137.041 MB/s) wallclock/user/sys: 4017.828 5071.699 1667.215 seconds
HTAR: HTAR SUCCESSFUL
HTAR: a   instcat_y04_191109/00988535.tar.gz
HTAR: a   instcat_y04_191109/00988536.tar.gz
HTAR: a   instcat_y04_191109/00988537.tar.gz
HTAR: a   instcat_y04_191109/00988538.tar.gz
HTAR: a   instcat_y04_191109/00988539.tar.gz
HTAR: a   instcat_y04_191109/00988540.tar.gz
HTAR: a   instcat_y04_191109/00988541.tar.gz
HTAR: a   instcat_y04_191109/00988542.tar.gz
HTAR: a   instcat_y04_191109/00988543.tar.gz
HTAR: a   instcat_y04_191109/00988544.tar.gz
HTAR: a   instcat_y04_191109/00988545.tar.gz
HTAR: a   instcat_y04_191109/00988546.tar.gz
HTAR: a   instcat_y04_191109/00988547.tar.gz
HTAR: a   instcat_y04_191109/00988548.tar.gz
HTAR: a   instcat_y04_191109/00988549.tar.gz
HTAR: a   instcat_y04_191109/00988550.tar.gz
HTAR: a   instcat_y04_191109/00988551.tar.gz
HTAR: a   instcat_y04_191109/00988552.tar.gz
HTAR: a   instcat_y04_191109/00988553.tar.gz
HTAR: a   instcat_y04_191109/00988554.tar.gz
HTAR: a   instcat_y04_191109/00988555.tar.gz
HTAR: a   instcat_y04_191109/00988556.tar.gz
HTAR: a   instcat_y04_191109/00988557.tar.gz
HTAR: a   instcat_y04_191109/00988558.tar.gz
HTAR: a   instcat_y04_191109/00988559.tar.gz
HTAR: a   instcat_y04_191109/00988560.tar.gz
HTAR: a   instcat_y04_191109/00988561.tar.gz
HTAR: a   instcat_y04_191109/00988562.tar.gz
HTAR: a   instcat_y04_191109/00988563.tar.gz
HTAR: a   instcat_y04_191109/00988564.tar.gz
HTAR: a   instcat_y04_191109/00988565.tar.gz
HTAR: a   instcat_y04_191109/00988566.tar.gz
HTAR: a   instcat_y04_191109/00988567.tar.gz
HTAR: a   instcat_y04_191109/00988568.tar.gz
HTAR: a   instcat_y04_191109/00988569.tar.gz
HTAR: a   instcat_y04_191109/00988570.tar.gz
HTAR: a   instcat_y04_191109/00988571.tar.gz
HTAR: a   instcat_y04_191109/00988572.tar.gz
HTAR: a   instcat_y04_191109/00988573.tar.gz
HTAR: a   instcat_y04_191109/00988574.tar.gz
HTAR: a   instcat_y04_191109/00988575.tar.gz
HTAR: a   instcat_y04_191109/00988576.tar.gz
HTAR: a   instcat_y04_191109/00988577.tar.gz
HTAR: a   instcat_y04_191109/00988578.tar.gz
HTAR: a   instcat_y04_191109/00988579.tar.gz
HTAR: a   instcat_y04_191109/00988580.tar.gz
HTAR: a   instcat_y04_191109/00988581.tar.gz
HTAR: a   instcat_y04_191109/00988582.tar.gz
HTAR: a   instcat_y04_191109/00988583.tar.gz
HTAR: a   instcat_y04_191109/00988584.tar.gz
HTAR: a   instcat_y04_191109/00988585.tar.gz
HTAR: a   instcat_y04_191109/00988586.tar.gz
HTAR: a   instcat_y04_191109/00988587.tar.gz
HTAR: a   instcat_y04_191109/00988588.tar.gz
HTAR: a   instcat_y04_191109/00988589.tar.gz
HTAR: a   instcat_y04_191109/00988590.tar.gz
HTAR: a   instcat_y04_191109/00988591.tar.gz
HTAR: a   instcat_y04_191109/00988592.tar.gz
HTAR: a   instcat_y04_191109/00988593.tar.gz
HTAR: a   instcat_y04_191109/00988594.tar.gz
HTAR: a   instcat_y04_191109/00988595.tar.gz
HTAR: a   instcat_y04_191109/00988596.tar.gz
HTAR: a   instcat_y04_191109/00988597.tar.gz
HTAR: a   instcat_y04_191109/00988598.tar.gz
HTAR: a   instcat_y04_191109/00988599.tar.gz
HTAR: a   instcat_y04_191109/00988600.tar.gz
HTAR: a   instcat_y04_191109/00988601.tar.gz
HTAR: a   instcat_y04_191109/00988602.tar.gz
HTAR: a   instcat_y04_191109/00988603.tar.gz
HTAR: a   instcat_y04_191109/00988604.tar.gz
HTAR: a   instcat_y04_191109/00988605.tar.gz
HTAR: a   instcat_y04_191109/00988606.tar.gz
HTAR: a   instcat_y04_191109/00988607.tar.gz
HTAR: a   instcat_y04_191109/00988608.tar.gz
HTAR: a   instcat_y04_191109/00988609.tar.gz
HTAR: a   instcat_y04_191109/00988610.tar.gz
HTAR: a   instcat_y04_191109/00988611.tar.gz
HTAR: a   instcat_y04_191109/00988612.tar.gz
HTAR: a   instcat_y04_191109/00988613.tar.gz
HTAR: a   instcat_y04_191109/00988614.tar.gz
HTAR: a   instcat_y04_191109/00988615.tar.gz
HTAR: a   instcat_y04_191109/00988616.tar.gz
HTAR: a   instcat_y04_191109/00988617.tar.gz
HTAR: a   instcat_y04_191109/00988618.tar.gz
HTAR: a   instcat_y04_191109/00988619.tar.gz
HTAR: a   instcat_y04_191109/00988620.tar.gz
HTAR: a   instcat_y04_191109/00988621.tar.gz
HTAR: a   instcat_y04_191109/00988622.tar.gz
HTAR: a   instcat_y04_191109/00988623.tar.gz
HTAR: a   instcat_y04_191109/00989173.tar.gz
HTAR: a   instcat_y04_191109/00989174.tar.gz
HTAR: a   instcat_y04_191109/00989176.tar.gz
HTAR: a   instcat_y04_191109/00989210.tar.gz
HTAR: a   instcat_y04_191109/00990040.tar.gz
HTAR: a   instcat_y04_191109/00990085.tar.gz
HTAR: a   instcat_y04_191109/00990566.tar.gz
HTAR: a   instcat_y04_191109/00990578.tar.gz
HTAR: a   instcat_y04_191109/00990601.tar.gz
HTAR: a   instcat_y04_191109/00990626.tar.gz
HTAR: a   instcat_y04_191109/00990627.tar.gz
HTAR: a   instcat_y04_191109/00990628.tar.gz
HTAR: a   instcat_y04_191109/00990629.tar.gz
HTAR: a   instcat_y04_191109/00990630.tar.gz
HTAR: a   instcat_y04_191109/00990631.tar.gz
HTAR: a   instcat_y04_191109/00990632.tar.gz
HTAR: a   instcat_y04_191109/00990633.tar.gz
HTAR: a   instcat_y04_191109/00990634.tar.gz
HTAR: a   instcat_y04_191109/00990635.tar.gz
HTAR: a   instcat_y04_191109/00990636.tar.gz
HTAR: a   instcat_y04_191109/00990637.tar.gz
HTAR: a   instcat_y04_191109/00990638.tar.gz
HTAR: a   instcat_y04_191109/00990639.tar.gz
HTAR: a   instcat_y04_191109/00990640.tar.gz
HTAR: a   instcat_y04_191109/00990641.tar.gz
HTAR: a   instcat_y04_191109/00990642.tar.gz
HTAR: a   instcat_y04_191109/00990643.tar.gz
HTAR: a   instcat_y04_191109/00990644.tar.gz
HTAR: a   instcat_y04_191109/00990645.tar.gz
HTAR: a   instcat_y04_191109/00990646.tar.gz
HTAR: a   instcat_y04_191109/00990647.tar.gz
HTAR: a   instcat_y04_191109/job_log_00988535.txt
HTAR: a   instcat_y04_191109/job_log_00988536.txt
HTAR: a   instcat_y04_191109/job_log_00988537.txt
HTAR: a   instcat_y04_191109/job_log_00988538.txt
HTAR: a   instcat_y04_191109/job_log_00988539.txt
HTAR: a   instcat_y04_191109/job_log_00988540.txt
HTAR: a   instcat_y04_191109/job_log_00988541.txt
HTAR: a   instcat_y04_191109/job_log_00988542.txt
HTAR: a   instcat_y04_191109/job_log_00988543.txt
HTAR: a   instcat_y04_191109/job_log_00988544.txt
HTAR: a   instcat_y04_191109/job_log_00988545.txt
HTAR: a   instcat_y04_191109/job_log_00988546.txt
HTAR: a   instcat_y04_191109/job_log_00988547.txt
HTAR: a   instcat_y04_191109/job_log_00988548.txt
HTAR: a   instcat_y04_191109/job_log_00988549.txt
HTAR: a   instcat_y04_191109/job_log_00988550.txt
HTAR: a   instcat_y04_191109/job_log_00988551.txt
HTAR: a   instcat_y04_191109/job_log_00988552.txt
HTAR: a   instcat_y04_191109/job_log_00988553.txt
HTAR: a   instcat_y04_191109/job_log_00988554.txt
HTAR: a   instcat_y04_191109/job_log_00988555.txt
HTAR: a   instcat_y04_191109/job_log_00988556.txt
HTAR: a   instcat_y04_191109/job_log_00988557.txt
HTAR: a   instcat_y04_191109/job_log_00988558.txt
HTAR: a   instcat_y04_191109/job_log_00988559.txt
HTAR: a   instcat_y04_191109/job_log_00988560.txt
HTAR: a   instcat_y04_191109/job_log_00988561.txt
HTAR: a   instcat_y04_191109/job_log_00988562.txt
HTAR: a   instcat_y04_191109/job_log_00988563.txt
HTAR: a   instcat_y04_191109/job_log_00988564.txt
HTAR: a   instcat_y04_191109/job_log_00988565.txt
HTAR: a   instcat_y04_191109/job_log_00988566.txt
HTAR: a   instcat_y04_191109/job_log_00988567.txt
HTAR: a   instcat_y04_191109/job_log_00988568.txt
HTAR: a   instcat_y04_191109/job_log_00988569.txt
HTAR: a   instcat_y04_191109/job_log_00988570.txt
HTAR: a   instcat_y04_191109/job_log_00988571.txt
HTAR: a   instcat_y04_191109/job_log_00988572.txt
HTAR: a   instcat_y04_191109/job_log_00988573.txt
HTAR: a   instcat_y04_191109/job_log_00988574.txt
HTAR: a   instcat_y04_191109/job_log_00988575.txt
HTAR: a   instcat_y04_191109/job_log_00988576.txt
HTAR: a   instcat_y04_191109/job_log_00988577.txt
HTAR: a   instcat_y04_191109/job_log_00988578.txt
HTAR: a   instcat_y04_191109/job_log_00988579.txt
HTAR: a   instcat_y04_191109/job_log_00988580.txt
HTAR: a   instcat_y04_191109/job_log_00988581.txt
HTAR: a   instcat_y04_191109/job_log_00988582.txt
HTAR: a   instcat_y04_191109/job_log_00988583.txt
HTAR: a   instcat_y04_191109/job_log_00988584.txt
HTAR: a   instcat_y04_191109/job_log_00988585.txt
HTAR: a   instcat_y04_191109/job_log_00988586.txt
HTAR: a   instcat_y04_191109/job_log_00988587.txt
HTAR: a   instcat_y04_191109/job_log_00988588.txt
HTAR: a   instcat_y04_191109/job_log_00988589.txt
HTAR: a   instcat_y04_191109/job_log_00988590.txt
HTAR: a   instcat_y04_191109/job_log_00988591.txt
HTAR: a   instcat_y04_191109/job_log_00988592.txt
HTAR: a   instcat_y04_191109/job_log_00988593.txt
HTAR: a   instcat_y04_191109/job_log_00988594.txt
HTAR: a   instcat_y04_191109/job_log_00988595.txt
HTAR: a   instcat_y04_191109/job_log_00988596.txt
HTAR: a   instcat_y04_191109/job_log_00988597.txt
HTAR: a   instcat_y04_191109/job_log_00988598.txt
HTAR: a   instcat_y04_191109/job_log_00988599.txt
HTAR: a   instcat_y04_191109/job_log_00988600.txt
HTAR: a   instcat_y04_191109/job_log_00988601.txt
HTAR: a   instcat_y04_191109/job_log_00988602.txt
HTAR: a   instcat_y04_191109/job_log_00988603.txt
HTAR: a   instcat_y04_191109/job_log_00988604.txt
HTAR: a   instcat_y04_191109/job_log_00988605.txt
HTAR: a   instcat_y04_191109/job_log_00988606.txt
HTAR: a   instcat_y04_191109/job_log_00988607.txt
HTAR: a   instcat_y04_191109/job_log_00988608.txt
HTAR: a   instcat_y04_191109/job_log_00988609.txt
HTAR: a   instcat_y04_191109/job_log_00988610.txt
HTAR: a   instcat_y04_191109/job_log_00988611.txt
HTAR: a   instcat_y04_191109/job_log_00988612.txt
HTAR: a   instcat_y04_191109/job_log_00988613.txt
HTAR: a   instcat_y04_191109/job_log_00988614.txt
HTAR: a   instcat_y04_191109/job_log_00988615.txt
HTAR: a   instcat_y04_191109/job_log_00988616.txt
HTAR: a   instcat_y04_191109/job_log_00988617.txt
HTAR: a   instcat_y04_191109/job_log_00988618.txt
HTAR: a   instcat_y04_191109/job_log_00988619.txt
HTAR: a   instcat_y04_191109/job_log_00988620.txt
HTAR: a   instcat_y04_191109/job_log_00988621.txt
HTAR: a   instcat_y04_191109/job_log_00988622.txt
HTAR: a   instcat_y04_191109/job_log_00988623.txt
HTAR: a   instcat_y04_191109/job_log_00989173.txt
HTAR: a   instcat_y04_191109/job_log_00989174.txt
HTAR: a   instcat_y04_191109/job_log_00989176.txt
HTAR: a   instcat_y04_191109/job_log_00989210.txt
HTAR: a   instcat_y04_191109/job_log_00990040.txt
HTAR: a   instcat_y04_191109/job_log_00990085.txt
HTAR: a   instcat_y04_191109/job_log_00990566.txt
HTAR: a   instcat_y04_191109/job_log_00990578.txt
HTAR: a   instcat_y04_191109/job_log_00990601.txt
HTAR: a   instcat_y04_191109/job_log_00990626.txt
HTAR: a   instcat_y04_191109/job_log_00990627.txt
HTAR: a   instcat_y04_191109/job_log_00990628.txt
HTAR: a   instcat_y04_191109/job_log_00990629.txt
HTAR: a   instcat_y04_191109/job_log_00990630.txt
HTAR: a   instcat_y04_191109/job_log_00990631.txt
HTAR: a   instcat_y04_191109/job_log_00990632.txt
HTAR: a   instcat_y04_191109/job_log_00990633.txt
HTAR: a   instcat_y04_191109/job_log_00990634.txt
HTAR: a   instcat_y04_191109/job_log_00990635.txt
HTAR: a   instcat_y04_191109/job_log_00990636.txt
HTAR: a   instcat_y04_191109/job_log_00990637.txt
HTAR: a   instcat_y04_191109/job_log_00990638.txt
HTAR: a   instcat_y04_191109/job_log_00990639.txt
HTAR: a   instcat_y04_191109/job_log_00990640.txt
HTAR: a   instcat_y04_191109/job_log_00990641.txt
HTAR: a   instcat_y04_191109/job_log_00990642.txt
HTAR: a   instcat_y04_191109/job_log_00990643.txt
HTAR: a   instcat_y04_191109/job_log_00990644.txt
HTAR: a   instcat_y04_191109/job_log_00990645.txt
HTAR: a   instcat_y04_191109/job_log_00990646.txt
HTAR: a   instcat_y04_191109/job_log_00990647.txt
HTAR: a   /tmp/HTAR_CF_CHK_30209_1576017501
HTAR Create complete for /home/projects/desc/DC2_ImSim/Run2.2i/instCat/y04_191109/00988535to00990647.tar. 563,060,204,032 bytes written for 240 member files, max threads: 50 Transfer time: 4195.074 seconds (134.219 MB/s) wallclock/user/sys: 4196.800 5005.945 1994.912 seconds
HTAR: HTAR SUCCESSFUL
HTAR: a   instcat_y04_191109/00990648.tar.gz
HTAR: a   instcat_y04_191109/00990649.tar.gz
HTAR: a   instcat_y04_191109/00990650.tar.gz
HTAR: a   instcat_y04_191109/00990651.tar.gz
HTAR: a   instcat_y04_191109/00990652.tar.gz
HTAR: a   instcat_y04_191109/00990653.tar.gz
HTAR: a   instcat_y04_191109/00990654.tar.gz
HTAR: a   instcat_y04_191109/00990655.tar.gz
HTAR: a   instcat_y04_191109/00990656.tar.gz
HTAR: a   instcat_y04_191109/00990657.tar.gz
HTAR: a   instcat_y04_191109/00990658.tar.gz
HTAR: a   instcat_y04_191109/00990659.tar.gz
HTAR: a   instcat_y04_191109/00990660.tar.gz
HTAR: a   instcat_y04_191109/00990661.tar.gz
HTAR: a   instcat_y04_191109/00990662.tar.gz
HTAR: a   instcat_y04_191109/00990663.tar.gz
HTAR: a   instcat_y04_191109/00990664.tar.gz
HTAR: a   instcat_y04_191109/00990665.tar.gz
HTAR: a   instcat_y04_191109/00990666.tar.gz
HTAR: a   instcat_y04_191109/00990667.tar.gz
HTAR: a   instcat_y04_191109/00990668.tar.gz
HTAR: a   instcat_y04_191109/00990669.tar.gz
HTAR: a   instcat_y04_191109/00990670.tar.gz
HTAR: a   instcat_y04_191109/00990671.tar.gz
HTAR: a   instcat_y04_191109/00990672.tar.gz
HTAR: a   instcat_y04_191109/00990673.tar.gz
HTAR: a   instcat_y04_191109/00990674.tar.gz
HTAR: a   instcat_y04_191109/00990675.tar.gz
HTAR: a   instcat_y04_191109/00990676.tar.gz
HTAR: a   instcat_y04_191109/00990677.tar.gz
HTAR: a   instcat_y04_191109/00990678.tar.gz
HTAR: a   instcat_y04_191109/00990679.tar.gz
HTAR: a   instcat_y04_191109/00990680.tar.gz
HTAR: a   instcat_y04_191109/00990681.tar.gz
HTAR: a   instcat_y04_191109/00990682.tar.gz
HTAR: a   instcat_y04_191109/00990683.tar.gz
HTAR: a   instcat_y04_191109/00990684.tar.gz
HTAR: a   instcat_y04_191109/00990685.tar.gz
HTAR: a   instcat_y04_191109/00990686.tar.gz
HTAR: a   instcat_y04_191109/00990687.tar.gz
HTAR: a   instcat_y04_191109/00990688.tar.gz
HTAR: a   instcat_y04_191109/00990689.tar.gz
HTAR: a   instcat_y04_191109/00990690.tar.gz
HTAR: a   instcat_y04_191109/00990691.tar.gz
HTAR: a   instcat_y04_191109/00990692.tar.gz
HTAR: a   instcat_y04_191109/00990693.tar.gz
HTAR: a   instcat_y04_191109/00990694.tar.gz
HTAR: a   instcat_y04_191109/00990695.tar.gz
HTAR: a   instcat_y04_191109/00990696.tar.gz
HTAR: a   instcat_y04_191109/00990697.tar.gz
HTAR: a   instcat_y04_191109/00990698.tar.gz
HTAR: a   instcat_y04_191109/00990699.tar.gz
HTAR: a   instcat_y04_191109/00990700.tar.gz
HTAR: a   instcat_y04_191109/00990701.tar.gz
HTAR: a   instcat_y04_191109/00990702.tar.gz
HTAR: a   instcat_y04_191109/00990703.tar.gz
HTAR: a   instcat_y04_191109/00990704.tar.gz
HTAR: a   instcat_y04_191109/00990705.tar.gz
HTAR: a   instcat_y04_191109/00990706.tar.gz
HTAR: a   instcat_y04_191109/00990707.tar.gz
HTAR: a   instcat_y04_191109/00990708.tar.gz
HTAR: a   instcat_y04_191109/00990709.tar.gz
HTAR: a   instcat_y04_191109/00990710.tar.gz
HTAR: a   instcat_y04_191109/00990711.tar.gz
HTAR: a   instcat_y04_191109/00990712.tar.gz
HTAR: a   instcat_y04_191109/00990713.tar.gz
HTAR: a   instcat_y04_191109/00990714.tar.gz
HTAR: a   instcat_y04_191109/00990715.tar.gz
HTAR: a   instcat_y04_191109/00990716.tar.gz
HTAR: a   instcat_y04_191109/00990717.tar.gz
HTAR: a   instcat_y04_191109/00990718.tar.gz
HTAR: a   instcat_y04_191109/00990719.tar.gz
HTAR: a   instcat_y04_191109/00990720.tar.gz
HTAR: a   instcat_y04_191109/00990721.tar.gz
HTAR: a   instcat_y04_191109/00991262.tar.gz
HTAR: a   instcat_y04_191109/00991360.tar.gz
HTAR: a   instcat_y04_191109/job_log_00990648.txt
HTAR: a   instcat_y04_191109/job_log_00990649.txt
HTAR: a   instcat_y04_191109/job_log_00990650.txt
HTAR: a   instcat_y04_191109/job_log_00990651.txt
HTAR: a   instcat_y04_191109/job_log_00990652.txt
HTAR: a   instcat_y04_191109/job_log_00990653.txt
HTAR: a   instcat_y04_191109/job_log_00990654.txt
HTAR: a   instcat_y04_191109/job_log_00990655.txt
HTAR: a   instcat_y04_191109/job_log_00990656.txt
HTAR: a   instcat_y04_191109/job_log_00990657.txt
HTAR: a   instcat_y04_191109/job_log_00990658.txt
HTAR: a   instcat_y04_191109/job_log_00990659.txt
HTAR: a   instcat_y04_191109/job_log_00990660.txt
HTAR: a   instcat_y04_191109/job_log_00990661.txt
HTAR: a   instcat_y04_191109/job_log_00990662.txt
HTAR: a   instcat_y04_191109/job_log_00990663.txt
HTAR: a   instcat_y04_191109/job_log_00990664.txt
HTAR: a   instcat_y04_191109/job_log_00990665.txt
HTAR: a   instcat_y04_191109/job_log_00990666.txt
HTAR: a   instcat_y04_191109/job_log_00990667.txt
HTAR: a   instcat_y04_191109/job_log_00990668.txt
HTAR: a   instcat_y04_191109/job_log_00990669.txt
HTAR: a   instcat_y04_191109/job_log_00990670.txt
HTAR: a   instcat_y04_191109/job_log_00990671.txt
HTAR: a   instcat_y04_191109/job_log_00990672.txt
HTAR: a   instcat_y04_191109/job_log_00990673.txt
HTAR: a   instcat_y04_191109/job_log_00990674.txt
HTAR: a   instcat_y04_191109/job_log_00990675.txt
HTAR: a   instcat_y04_191109/job_log_00990676.txt
HTAR: a   instcat_y04_191109/job_log_00990677.txt
HTAR: a   instcat_y04_191109/job_log_00990678.txt
HTAR: a   instcat_y04_191109/job_log_00990679.txt
HTAR: a   instcat_y04_191109/job_log_00990680.txt
HTAR: a   instcat_y04_191109/job_log_00990681.txt
HTAR: a   instcat_y04_191109/job_log_00990682.txt
HTAR: a   instcat_y04_191109/job_log_00990683.txt
HTAR: a   instcat_y04_191109/job_log_00990684.txt
HTAR: a   instcat_y04_191109/job_log_00990685.txt
HTAR: a   instcat_y04_191109/job_log_00990686.txt
HTAR: a   instcat_y04_191109/job_log_00990687.txt
HTAR: a   instcat_y04_191109/job_log_00990688.txt
HTAR: a   instcat_y04_191109/job_log_00990689.txt
HTAR: a   instcat_y04_191109/job_log_00990690.txt
HTAR: a   instcat_y04_191109/job_log_00990691.txt
HTAR: a   instcat_y04_191109/job_log_00990692.txt
HTAR: a   instcat_y04_191109/job_log_00990693.txt
HTAR: a   instcat_y04_191109/job_log_00990694.txt
HTAR: a   instcat_y04_191109/job_log_00990695.txt
HTAR: a   instcat_y04_191109/job_log_00990696.txt
HTAR: a   instcat_y04_191109/job_log_00990697.txt
HTAR: a   instcat_y04_191109/job_log_00990698.txt
HTAR: a   instcat_y04_191109/job_log_00990699.txt
HTAR: a   instcat_y04_191109/job_log_00990700.txt
HTAR: a   instcat_y04_191109/job_log_00990701.txt
HTAR: a   instcat_y04_191109/job_log_00990702.txt
HTAR: a   instcat_y04_191109/job_log_00990703.txt
HTAR: a   instcat_y04_191109/job_log_00990704.txt
HTAR: a   instcat_y04_191109/job_log_00990705.txt
HTAR: a   instcat_y04_191109/job_log_00990706.txt
HTAR: a   instcat_y04_191109/job_log_00990707.txt
HTAR: a   instcat_y04_191109/job_log_00990708.txt
HTAR: a   instcat_y04_191109/job_log_00990709.txt
HTAR: a   instcat_y04_191109/job_log_00990710.txt
HTAR: a   instcat_y04_191109/job_log_00990711.txt
HTAR: a   instcat_y04_191109/job_log_00990712.txt
HTAR: a   instcat_y04_191109/job_log_00990713.txt
HTAR: a   instcat_y04_191109/job_log_00990714.txt
HTAR: a   instcat_y04_191109/job_log_00990715.txt
HTAR: a   instcat_y04_191109/job_log_00990716.txt
HTAR: a   instcat_y04_191109/job_log_00990717.txt
HTAR: a   instcat_y04_191109/job_log_00990718.txt
HTAR: a   instcat_y04_191109/job_log_00990719.txt
HTAR: a   instcat_y04_191109/job_log_00990720.txt
HTAR: a   instcat_y04_191109/job_log_00990721.txt
HTAR: a   instcat_y04_191109/job_log_00991262.txt
HTAR: a   instcat_y04_191109/job_log_00991360.txt
HTAR: a   /tmp/HTAR_CF_CHK_5807_1576021700
HTAR Create complete for /home/projects/desc/DC2_ImSim/Run2.2i/instCat/y04_191109/00990648to00991360.tar. 360,981,685,248 bytes written for 152 member files, max threads: 46 Transfer time: 2488.202 seconds (145.077 MB/s) wallclock/user/sys: 2489.096 3044.074 1094.955 seconds
HTAR: HTAR SUCCESSFUL
