HTAR: a   instcat_y04_191109/00966816.tar.gz
HTAR: a   instcat_y04_191109/00966817.tar.gz
HTAR: a   instcat_y04_191109/00966818.tar.gz
HTAR: a   instcat_y04_191109/00966819.tar.gz
HTAR: a   instcat_y04_191109/00966820.tar.gz
HTAR: a   instcat_y04_191109/00966821.tar.gz
HTAR: a   instcat_y04_191109/00966822.tar.gz
HTAR: a   instcat_y04_191109/00966823.tar.gz
HTAR: a   instcat_y04_191109/00966824.tar.gz
HTAR: a   instcat_y04_191109/00966825.tar.gz
HTAR: a   instcat_y04_191109/00966837.tar.gz
HTAR: a   instcat_y04_191109/00966838.tar.gz
HTAR: a   instcat_y04_191109/00966839.tar.gz
HTAR: a   instcat_y04_191109/00966841.tar.gz
HTAR: a   instcat_y04_191109/00966842.tar.gz
HTAR: a   instcat_y04_191109/00966843.tar.gz
HTAR: a   instcat_y04_191109/00966844.tar.gz
HTAR: a   instcat_y04_191109/00966845.tar.gz
HTAR: a   instcat_y04_191109/00966846.tar.gz
HTAR: a   instcat_y04_191109/00966847.tar.gz
HTAR: a   instcat_y04_191109/00966848.tar.gz
HTAR: a   instcat_y04_191109/00966849.tar.gz
HTAR: a   instcat_y04_191109/00966852.tar.gz
HTAR: a   instcat_y04_191109/00966856.tar.gz
HTAR: a   instcat_y04_191109/00966857.tar.gz
HTAR: a   instcat_y04_191109/00966861.tar.gz
HTAR: a   instcat_y04_191109/00966865.tar.gz
HTAR: a   instcat_y04_191109/00966866.tar.gz
HTAR: a   instcat_y04_191109/00966867.tar.gz
HTAR: a   instcat_y04_191109/00966868.tar.gz
HTAR: a   instcat_y04_191109/00966874.tar.gz
HTAR: a   instcat_y04_191109/00966875.tar.gz
HTAR: a   instcat_y04_191109/00966876.tar.gz
HTAR: a   instcat_y04_191109/00966877.tar.gz
HTAR: a   instcat_y04_191109/00966878.tar.gz
HTAR: a   instcat_y04_191109/00966879.tar.gz
HTAR: a   instcat_y04_191109/00966880.tar.gz
HTAR: a   instcat_y04_191109/00966881.tar.gz
HTAR: a   instcat_y04_191109/00966884.tar.gz
HTAR: a   instcat_y04_191109/00966885.tar.gz
HTAR: a   instcat_y04_191109/00966888.tar.gz
HTAR: a   instcat_y04_191109/00966895.tar.gz
HTAR: a   instcat_y04_191109/00966896.tar.gz
HTAR: a   instcat_y04_191109/00966906.tar.gz
HTAR: a   instcat_y04_191109/00966923.tar.gz
HTAR: a   instcat_y04_191109/00966924.tar.gz
HTAR: a   instcat_y04_191109/00966936.tar.gz
HTAR: a   instcat_y04_191109/00966954.tar.gz
HTAR: a   instcat_y04_191109/00967469.tar.gz
HTAR: a   instcat_y04_191109/00967471.tar.gz
HTAR: a   instcat_y04_191109/00967493.tar.gz
HTAR: a   instcat_y04_191109/00967513.tar.gz
HTAR: a   instcat_y04_191109/00967538.tar.gz
HTAR: a   instcat_y04_191109/00967542.tar.gz
HTAR: a   instcat_y04_191109/00967543.tar.gz
HTAR: a   instcat_y04_191109/00967569.tar.gz
HTAR: a   instcat_y04_191109/00967570.tar.gz
HTAR: a   instcat_y04_191109/00967571.tar.gz
HTAR: a   instcat_y04_191109/00967572.tar.gz
HTAR: a   instcat_y04_191109/00967573.tar.gz
HTAR: a   instcat_y04_191109/00967574.tar.gz
HTAR: a   instcat_y04_191109/00967575.tar.gz
HTAR: a   instcat_y04_191109/00967576.tar.gz
HTAR: a   instcat_y04_191109/00967577.tar.gz
HTAR: a   instcat_y04_191109/00967581.tar.gz
HTAR: a   instcat_y04_191109/00967587.tar.gz
HTAR: a   instcat_y04_191109/00967588.tar.gz
HTAR: a   instcat_y04_191109/00967589.tar.gz
HTAR: a   instcat_y04_191109/00967591.tar.gz
HTAR: a   instcat_y04_191109/00967592.tar.gz
HTAR: a   instcat_y04_191109/00967593.tar.gz
HTAR: a   instcat_y04_191109/00967594.tar.gz
HTAR: a   instcat_y04_191109/00967595.tar.gz
HTAR: a   instcat_y04_191109/00967596.tar.gz
HTAR: a   instcat_y04_191109/00967604.tar.gz
HTAR: a   instcat_y04_191109/00967605.tar.gz
HTAR: a   instcat_y04_191109/00967607.tar.gz
HTAR: a   instcat_y04_191109/00967609.tar.gz
HTAR: a   instcat_y04_191109/00967610.tar.gz
HTAR: a   instcat_y04_191109/00967613.tar.gz
HTAR: a   instcat_y04_191109/00967614.tar.gz
HTAR: a   instcat_y04_191109/00967615.tar.gz
HTAR: a   instcat_y04_191109/00967616.tar.gz
HTAR: a   instcat_y04_191109/00967617.tar.gz
HTAR: a   instcat_y04_191109/00967618.tar.gz
HTAR: a   instcat_y04_191109/00967620.tar.gz
HTAR: a   instcat_y04_191109/00967621.tar.gz
HTAR: a   instcat_y04_191109/00967622.tar.gz
HTAR: a   instcat_y04_191109/00967634.tar.gz
HTAR: a   instcat_y04_191109/00967635.tar.gz
HTAR: a   instcat_y04_191109/00967636.tar.gz
HTAR: a   instcat_y04_191109/00967643.tar.gz
HTAR: a   instcat_y04_191109/00967644.tar.gz
HTAR: a   instcat_y04_191109/00967645.tar.gz
HTAR: a   instcat_y04_191109/00967646.tar.gz
HTAR: a   instcat_y04_191109/00967647.tar.gz
HTAR: a   instcat_y04_191109/00967691.tar.gz
HTAR: a   instcat_y04_191109/00967692.tar.gz
HTAR: a   instcat_y04_191109/00967751.tar.gz
HTAR: a   instcat_y04_191109/00967812.tar.gz
HTAR: a   instcat_y04_191109/00968184.tar.gz
HTAR: a   instcat_y04_191109/00968196.tar.gz
HTAR: a   instcat_y04_191109/00968226.tar.gz
HTAR: a   instcat_y04_191109/00968938.tar.gz
HTAR: a   instcat_y04_191109/00968940.tar.gz
HTAR: a   instcat_y04_191109/00968947.tar.gz
HTAR: a   instcat_y04_191109/00968978.tar.gz
HTAR: a   instcat_y04_191109/00968980.tar.gz
HTAR: a   instcat_y04_191109/00968991.tar.gz
HTAR: a   instcat_y04_191109/00968992.tar.gz
HTAR: a   instcat_y04_191109/00968993.tar.gz
HTAR: a   instcat_y04_191109/00968995.tar.gz
HTAR: a   instcat_y04_191109/00969018.tar.gz
HTAR: a   instcat_y04_191109/00969019.tar.gz
HTAR: a   instcat_y04_191109/00969020.tar.gz
HTAR: a   instcat_y04_191109/00969021.tar.gz
HTAR: a   instcat_y04_191109/00969022.tar.gz
HTAR: a   instcat_y04_191109/00969023.tar.gz
HTAR: a   instcat_y04_191109/00969024.tar.gz
HTAR: a   instcat_y04_191109/00969025.tar.gz
HTAR: a   instcat_y04_191109/job_log_00966816.txt
HTAR: a   instcat_y04_191109/job_log_00966817.txt
HTAR: a   instcat_y04_191109/job_log_00966818.txt
HTAR: a   instcat_y04_191109/job_log_00966819.txt
HTAR: a   instcat_y04_191109/job_log_00966820.txt
HTAR: a   instcat_y04_191109/job_log_00966821.txt
HTAR: a   instcat_y04_191109/job_log_00966822.txt
HTAR: a   instcat_y04_191109/job_log_00966823.txt
HTAR: a   instcat_y04_191109/job_log_00966824.txt
HTAR: a   instcat_y04_191109/job_log_00966825.txt
HTAR: a   instcat_y04_191109/job_log_00966837.txt
HTAR: a   instcat_y04_191109/job_log_00966838.txt
HTAR: a   instcat_y04_191109/job_log_00966839.txt
HTAR: a   instcat_y04_191109/job_log_00966841.txt
HTAR: a   instcat_y04_191109/job_log_00966842.txt
HTAR: a   instcat_y04_191109/job_log_00966843.txt
HTAR: a   instcat_y04_191109/job_log_00966844.txt
HTAR: a   instcat_y04_191109/job_log_00966845.txt
HTAR: a   instcat_y04_191109/job_log_00966846.txt
HTAR: a   instcat_y04_191109/job_log_00966847.txt
HTAR: a   instcat_y04_191109/job_log_00966848.txt
HTAR: a   instcat_y04_191109/job_log_00966849.txt
HTAR: a   instcat_y04_191109/job_log_00966852.txt
HTAR: a   instcat_y04_191109/job_log_00966856.txt
HTAR: a   instcat_y04_191109/job_log_00966857.txt
HTAR: a   instcat_y04_191109/job_log_00966861.txt
HTAR: a   instcat_y04_191109/job_log_00966865.txt
HTAR: a   instcat_y04_191109/job_log_00966866.txt
HTAR: a   instcat_y04_191109/job_log_00966867.txt
HTAR: a   instcat_y04_191109/job_log_00966868.txt
HTAR: a   instcat_y04_191109/job_log_00966874.txt
HTAR: a   instcat_y04_191109/job_log_00966875.txt
HTAR: a   instcat_y04_191109/job_log_00966876.txt
HTAR: a   instcat_y04_191109/job_log_00966877.txt
HTAR: a   instcat_y04_191109/job_log_00966878.txt
HTAR: a   instcat_y04_191109/job_log_00966879.txt
HTAR: a   instcat_y04_191109/job_log_00966880.txt
HTAR: a   instcat_y04_191109/job_log_00966881.txt
HTAR: a   instcat_y04_191109/job_log_00966884.txt
HTAR: a   instcat_y04_191109/job_log_00966885.txt
HTAR: a   instcat_y04_191109/job_log_00966888.txt
HTAR: a   instcat_y04_191109/job_log_00966895.txt
HTAR: a   instcat_y04_191109/job_log_00966896.txt
HTAR: a   instcat_y04_191109/job_log_00966906.txt
HTAR: a   instcat_y04_191109/job_log_00966923.txt
HTAR: a   instcat_y04_191109/job_log_00966924.txt
HTAR: a   instcat_y04_191109/job_log_00966936.txt
HTAR: a   instcat_y04_191109/job_log_00966954.txt
HTAR: a   instcat_y04_191109/job_log_00967469.txt
HTAR: a   instcat_y04_191109/job_log_00967471.txt
HTAR: a   instcat_y04_191109/job_log_00967493.txt
HTAR: a   instcat_y04_191109/job_log_00967513.txt
HTAR: a   instcat_y04_191109/job_log_00967538.txt
HTAR: a   instcat_y04_191109/job_log_00967542.txt
HTAR: a   instcat_y04_191109/job_log_00967543.txt
HTAR: a   instcat_y04_191109/job_log_00967569.txt
HTAR: a   instcat_y04_191109/job_log_00967570.txt
HTAR: a   instcat_y04_191109/job_log_00967571.txt
HTAR: a   instcat_y04_191109/job_log_00967572.txt
HTAR: a   instcat_y04_191109/job_log_00967573.txt
HTAR: a   instcat_y04_191109/job_log_00967574.txt
HTAR: a   instcat_y04_191109/job_log_00967575.txt
HTAR: a   instcat_y04_191109/job_log_00967576.txt
HTAR: a   instcat_y04_191109/job_log_00967577.txt
HTAR: a   instcat_y04_191109/job_log_00967581.txt
HTAR: a   instcat_y04_191109/job_log_00967587.txt
HTAR: a   instcat_y04_191109/job_log_00967588.txt
HTAR: a   instcat_y04_191109/job_log_00967589.txt
HTAR: a   instcat_y04_191109/job_log_00967591.txt
HTAR: a   instcat_y04_191109/job_log_00967592.txt
HTAR: a   instcat_y04_191109/job_log_00967593.txt
HTAR: a   instcat_y04_191109/job_log_00967594.txt
HTAR: a   instcat_y04_191109/job_log_00967595.txt
HTAR: a   instcat_y04_191109/job_log_00967596.txt
HTAR: a   instcat_y04_191109/job_log_00967604.txt
HTAR: a   instcat_y04_191109/job_log_00967605.txt
HTAR: a   instcat_y04_191109/job_log_00967607.txt
HTAR: a   instcat_y04_191109/job_log_00967609.txt
HTAR: a   instcat_y04_191109/job_log_00967610.txt
HTAR: a   instcat_y04_191109/job_log_00967613.txt
HTAR: a   instcat_y04_191109/job_log_00967614.txt
HTAR: a   instcat_y04_191109/job_log_00967615.txt
HTAR: a   instcat_y04_191109/job_log_00967616.txt
HTAR: a   instcat_y04_191109/job_log_00967617.txt
HTAR: a   instcat_y04_191109/job_log_00967618.txt
HTAR: a   instcat_y04_191109/job_log_00967620.txt
HTAR: a   instcat_y04_191109/job_log_00967621.txt
HTAR: a   instcat_y04_191109/job_log_00967622.txt
HTAR: a   instcat_y04_191109/job_log_00967634.txt
HTAR: a   instcat_y04_191109/job_log_00967635.txt
HTAR: a   instcat_y04_191109/job_log_00967636.txt
HTAR: a   instcat_y04_191109/job_log_00967643.txt
HTAR: a   instcat_y04_191109/job_log_00967644.txt
HTAR: a   instcat_y04_191109/job_log_00967645.txt
HTAR: a   instcat_y04_191109/job_log_00967646.txt
HTAR: a   instcat_y04_191109/job_log_00967647.txt
HTAR: a   instcat_y04_191109/job_log_00967691.txt
HTAR: a   instcat_y04_191109/job_log_00967692.txt
HTAR: a   instcat_y04_191109/job_log_00967751.txt
HTAR: a   instcat_y04_191109/job_log_00967812.txt
HTAR: a   instcat_y04_191109/job_log_00968184.txt
HTAR: a   instcat_y04_191109/job_log_00968196.txt
HTAR: a   instcat_y04_191109/job_log_00968226.txt
HTAR: a   instcat_y04_191109/job_log_00968938.txt
HTAR: a   instcat_y04_191109/job_log_00968940.txt
HTAR: a   instcat_y04_191109/job_log_00968947.txt
HTAR: a   instcat_y04_191109/job_log_00968978.txt
HTAR: a   instcat_y04_191109/job_log_00968980.txt
HTAR: a   instcat_y04_191109/job_log_00968991.txt
HTAR: a   instcat_y04_191109/job_log_00968992.txt
HTAR: a   instcat_y04_191109/job_log_00968993.txt
HTAR: a   instcat_y04_191109/job_log_00968995.txt
HTAR: a   instcat_y04_191109/job_log_00969018.txt
HTAR: a   instcat_y04_191109/job_log_00969019.txt
HTAR: a   instcat_y04_191109/job_log_00969020.txt
HTAR: a   instcat_y04_191109/job_log_00969021.txt
HTAR: a   instcat_y04_191109/job_log_00969022.txt
HTAR: a   instcat_y04_191109/job_log_00969023.txt
HTAR: a   instcat_y04_191109/job_log_00969024.txt
HTAR: a   instcat_y04_191109/job_log_00969025.txt
HTAR: a   /tmp/HTAR_CF_CHK_49932_1575999228
HTAR Create complete for /home/projects/desc/DC2_ImSim/Run2.2i/instCat/y04_191109/00966816to00969025.tar. 513,763,600,384 bytes written for 240 member files, max threads: 50 Transfer time: 3914.005 seconds (131.263 MB/s) wallclock/user/sys: 3914.374 4710.420 1654.388 seconds
HTAR: HTAR SUCCESSFUL
HTAR: a   instcat_y04_191109/00969026.tar.gz
HTAR: a   instcat_y04_191109/00969027.tar.gz
HTAR: a   instcat_y04_191109/00969028.tar.gz
HTAR: a   instcat_y04_191109/00969029.tar.gz
HTAR: a   instcat_y04_191109/00969030.tar.gz
HTAR: a   instcat_y04_191109/00969031.tar.gz
HTAR: a   instcat_y04_191109/00969032.tar.gz
HTAR: a   instcat_y04_191109/00969033.tar.gz
HTAR: a   instcat_y04_191109/00969034.tar.gz
HTAR: a   instcat_y04_191109/00969035.tar.gz
HTAR: a   instcat_y04_191109/00969036.tar.gz
HTAR: a   instcat_y04_191109/00969037.tar.gz
HTAR: a   instcat_y04_191109/00969038.tar.gz
HTAR: a   instcat_y04_191109/00969039.tar.gz
HTAR: a   instcat_y04_191109/00969040.tar.gz
HTAR: a   instcat_y04_191109/00969041.tar.gz
HTAR: a   instcat_y04_191109/00969042.tar.gz
HTAR: a   instcat_y04_191109/00969043.tar.gz
HTAR: a   instcat_y04_191109/00969044.tar.gz
HTAR: a   instcat_y04_191109/00969045.tar.gz
HTAR: a   instcat_y04_191109/00969046.tar.gz
HTAR: a   instcat_y04_191109/00969047.tar.gz
HTAR: a   instcat_y04_191109/00969048.tar.gz
HTAR: a   instcat_y04_191109/00969049.tar.gz
HTAR: a   instcat_y04_191109/00969050.tar.gz
HTAR: a   instcat_y04_191109/00969051.tar.gz
HTAR: a   instcat_y04_191109/00969052.tar.gz
HTAR: a   instcat_y04_191109/00969053.tar.gz
HTAR: a   instcat_y04_191109/00969054.tar.gz
HTAR: a   instcat_y04_191109/00969055.tar.gz
HTAR: a   instcat_y04_191109/00969056.tar.gz
HTAR: a   instcat_y04_191109/00969057.tar.gz
HTAR: a   instcat_y04_191109/00969058.tar.gz
HTAR: a   instcat_y04_191109/00969059.tar.gz
HTAR: a   instcat_y04_191109/00969060.tar.gz
HTAR: a   instcat_y04_191109/00969061.tar.gz
HTAR: a   instcat_y04_191109/00969062.tar.gz
HTAR: a   instcat_y04_191109/00969063.tar.gz
HTAR: a   instcat_y04_191109/00969064.tar.gz
HTAR: a   instcat_y04_191109/00969065.tar.gz
HTAR: a   instcat_y04_191109/00969066.tar.gz
HTAR: a   instcat_y04_191109/00969067.tar.gz
HTAR: a   instcat_y04_191109/00969068.tar.gz
HTAR: a   instcat_y04_191109/00969069.tar.gz
HTAR: a   instcat_y04_191109/00969070.tar.gz
HTAR: a   instcat_y04_191109/00969071.tar.gz
HTAR: a   instcat_y04_191109/00969072.tar.gz
HTAR: a   instcat_y04_191109/00969073.tar.gz
HTAR: a   instcat_y04_191109/00969074.tar.gz
HTAR: a   instcat_y04_191109/00969075.tar.gz
HTAR: a   instcat_y04_191109/00969076.tar.gz
HTAR: a   instcat_y04_191109/00969077.tar.gz
HTAR: a   instcat_y04_191109/00969078.tar.gz
HTAR: a   instcat_y04_191109/00969079.tar.gz
HTAR: a   instcat_y04_191109/00969080.tar.gz
HTAR: a   instcat_y04_191109/00969081.tar.gz
HTAR: a   instcat_y04_191109/00969082.tar.gz
HTAR: a   instcat_y04_191109/00969083.tar.gz
HTAR: a   instcat_y04_191109/00969084.tar.gz
HTAR: a   instcat_y04_191109/00969085.tar.gz
HTAR: a   instcat_y04_191109/00969086.tar.gz
HTAR: a   instcat_y04_191109/00969087.tar.gz
HTAR: a   instcat_y04_191109/00969088.tar.gz
HTAR: a   instcat_y04_191109/00969089.tar.gz
HTAR: a   instcat_y04_191109/00969090.tar.gz
HTAR: a   instcat_y04_191109/00969091.tar.gz
HTAR: a   instcat_y04_191109/00969092.tar.gz
HTAR: a   instcat_y04_191109/00969093.tar.gz
HTAR: a   instcat_y04_191109/00969094.tar.gz
HTAR: a   instcat_y04_191109/00969095.tar.gz
HTAR: a   instcat_y04_191109/00969096.tar.gz
HTAR: a   instcat_y04_191109/00969097.tar.gz
HTAR: a   instcat_y04_191109/00969098.tar.gz
HTAR: a   instcat_y04_191109/00969099.tar.gz
HTAR: a   instcat_y04_191109/00969100.tar.gz
HTAR: a   instcat_y04_191109/00969101.tar.gz
HTAR: a   instcat_y04_191109/00969102.tar.gz
HTAR: a   instcat_y04_191109/00969103.tar.gz
HTAR: a   instcat_y04_191109/00969104.tar.gz
HTAR: a   instcat_y04_191109/00969105.tar.gz
HTAR: a   instcat_y04_191109/00969106.tar.gz
HTAR: a   instcat_y04_191109/00969107.tar.gz
HTAR: a   instcat_y04_191109/00969108.tar.gz
HTAR: a   instcat_y04_191109/00969109.tar.gz
HTAR: a   instcat_y04_191109/00969110.tar.gz
HTAR: a   instcat_y04_191109/00969111.tar.gz
HTAR: a   instcat_y04_191109/00969112.tar.gz
HTAR: a   instcat_y04_191109/00969113.tar.gz
HTAR: a   instcat_y04_191109/00969216.tar.gz
HTAR: a   instcat_y04_191109/00969218.tar.gz
HTAR: a   instcat_y04_191109/00969219.tar.gz
HTAR: a   instcat_y04_191109/00969220.tar.gz
HTAR: a   instcat_y04_191109/00969221.tar.gz
HTAR: a   instcat_y04_191109/00969222.tar.gz
HTAR: a   instcat_y04_191109/00969223.tar.gz
HTAR: a   instcat_y04_191109/00969224.tar.gz
HTAR: a   instcat_y04_191109/00969246.tar.gz
HTAR: a   instcat_y04_191109/00969247.tar.gz
HTAR: a   instcat_y04_191109/00969249.tar.gz
HTAR: a   instcat_y04_191109/00969250.tar.gz
HTAR: a   instcat_y04_191109/00969251.tar.gz
HTAR: a   instcat_y04_191109/00969252.tar.gz
HTAR: a   instcat_y04_191109/00969253.tar.gz
HTAR: a   instcat_y04_191109/00969254.tar.gz
HTAR: a   instcat_y04_191109/00969272.tar.gz
HTAR: a   instcat_y04_191109/00969273.tar.gz
HTAR: a   instcat_y04_191109/00969312.tar.gz
HTAR: a   instcat_y04_191109/00969329.tar.gz
HTAR: a   instcat_y04_191109/00969330.tar.gz
HTAR: a   instcat_y04_191109/00969654.tar.gz
HTAR: a   instcat_y04_191109/00969658.tar.gz
HTAR: a   instcat_y04_191109/00969665.tar.gz
HTAR: a   instcat_y04_191109/00969666.tar.gz
HTAR: a   instcat_y04_191109/00969695.tar.gz
HTAR: a   instcat_y04_191109/00969967.tar.gz
HTAR: a   instcat_y04_191109/00969970.tar.gz
HTAR: a   instcat_y04_191109/00969971.tar.gz
HTAR: a   instcat_y04_191109/00969972.tar.gz
HTAR: a   instcat_y04_191109/00969973.tar.gz
HTAR: a   instcat_y04_191109/00969974.tar.gz
HTAR: a   instcat_y04_191109/job_log_00969026.txt
HTAR: a   instcat_y04_191109/job_log_00969027.txt
HTAR: a   instcat_y04_191109/job_log_00969028.txt
HTAR: a   instcat_y04_191109/job_log_00969029.txt
HTAR: a   instcat_y04_191109/job_log_00969030.txt
HTAR: a   instcat_y04_191109/job_log_00969031.txt
HTAR: a   instcat_y04_191109/job_log_00969032.txt
HTAR: a   instcat_y04_191109/job_log_00969033.txt
HTAR: a   instcat_y04_191109/job_log_00969034.txt
HTAR: a   instcat_y04_191109/job_log_00969035.txt
HTAR: a   instcat_y04_191109/job_log_00969036.txt
HTAR: a   instcat_y04_191109/job_log_00969037.txt
HTAR: a   instcat_y04_191109/job_log_00969038.txt
HTAR: a   instcat_y04_191109/job_log_00969039.txt
HTAR: a   instcat_y04_191109/job_log_00969040.txt
HTAR: a   instcat_y04_191109/job_log_00969041.txt
HTAR: a   instcat_y04_191109/job_log_00969042.txt
HTAR: a   instcat_y04_191109/job_log_00969043.txt
HTAR: a   instcat_y04_191109/job_log_00969044.txt
HTAR: a   instcat_y04_191109/job_log_00969045.txt
HTAR: a   instcat_y04_191109/job_log_00969046.txt
HTAR: a   instcat_y04_191109/job_log_00969047.txt
HTAR: a   instcat_y04_191109/job_log_00969048.txt
HTAR: a   instcat_y04_191109/job_log_00969049.txt
HTAR: a   instcat_y04_191109/job_log_00969050.txt
HTAR: a   instcat_y04_191109/job_log_00969051.txt
HTAR: a   instcat_y04_191109/job_log_00969052.txt
HTAR: a   instcat_y04_191109/job_log_00969053.txt
HTAR: a   instcat_y04_191109/job_log_00969054.txt
HTAR: a   instcat_y04_191109/job_log_00969055.txt
HTAR: a   instcat_y04_191109/job_log_00969056.txt
HTAR: a   instcat_y04_191109/job_log_00969057.txt
HTAR: a   instcat_y04_191109/job_log_00969058.txt
HTAR: a   instcat_y04_191109/job_log_00969059.txt
HTAR: a   instcat_y04_191109/job_log_00969060.txt
HTAR: a   instcat_y04_191109/job_log_00969061.txt
HTAR: a   instcat_y04_191109/job_log_00969062.txt
HTAR: a   instcat_y04_191109/job_log_00969063.txt
HTAR: a   instcat_y04_191109/job_log_00969064.txt
HTAR: a   instcat_y04_191109/job_log_00969065.txt
HTAR: a   instcat_y04_191109/job_log_00969066.txt
HTAR: a   instcat_y04_191109/job_log_00969067.txt
HTAR: a   instcat_y04_191109/job_log_00969068.txt
HTAR: a   instcat_y04_191109/job_log_00969069.txt
HTAR: a   instcat_y04_191109/job_log_00969070.txt
HTAR: a   instcat_y04_191109/job_log_00969071.txt
HTAR: a   instcat_y04_191109/job_log_00969072.txt
HTAR: a   instcat_y04_191109/job_log_00969073.txt
HTAR: a   instcat_y04_191109/job_log_00969074.txt
HTAR: a   instcat_y04_191109/job_log_00969075.txt
HTAR: a   instcat_y04_191109/job_log_00969076.txt
HTAR: a   instcat_y04_191109/job_log_00969077.txt
HTAR: a   instcat_y04_191109/job_log_00969078.txt
HTAR: a   instcat_y04_191109/job_log_00969079.txt
HTAR: a   instcat_y04_191109/job_log_00969080.txt
HTAR: a   instcat_y04_191109/job_log_00969081.txt
HTAR: a   instcat_y04_191109/job_log_00969082.txt
HTAR: a   instcat_y04_191109/job_log_00969083.txt
HTAR: a   instcat_y04_191109/job_log_00969084.txt
HTAR: a   instcat_y04_191109/job_log_00969085.txt
HTAR: a   instcat_y04_191109/job_log_00969086.txt
HTAR: a   instcat_y04_191109/job_log_00969087.txt
HTAR: a   instcat_y04_191109/job_log_00969088.txt
HTAR: a   instcat_y04_191109/job_log_00969089.txt
HTAR: a   instcat_y04_191109/job_log_00969090.txt
HTAR: a   instcat_y04_191109/job_log_00969091.txt
HTAR: a   instcat_y04_191109/job_log_00969092.txt
HTAR: a   instcat_y04_191109/job_log_00969093.txt
HTAR: a   instcat_y04_191109/job_log_00969094.txt
HTAR: a   instcat_y04_191109/job_log_00969095.txt
HTAR: a   instcat_y04_191109/job_log_00969096.txt
HTAR: a   instcat_y04_191109/job_log_00969097.txt
HTAR: a   instcat_y04_191109/job_log_00969098.txt
HTAR: a   instcat_y04_191109/job_log_00969099.txt
HTAR: a   instcat_y04_191109/job_log_00969100.txt
HTAR: a   instcat_y04_191109/job_log_00969101.txt
HTAR: a   instcat_y04_191109/job_log_00969102.txt
HTAR: a   instcat_y04_191109/job_log_00969103.txt
HTAR: a   instcat_y04_191109/job_log_00969104.txt
HTAR: a   instcat_y04_191109/job_log_00969105.txt
HTAR: a   instcat_y04_191109/job_log_00969106.txt
HTAR: a   instcat_y04_191109/job_log_00969107.txt
HTAR: a   instcat_y04_191109/job_log_00969108.txt
HTAR: a   instcat_y04_191109/job_log_00969109.txt
HTAR: a   instcat_y04_191109/job_log_00969110.txt
HTAR: a   instcat_y04_191109/job_log_00969111.txt
HTAR: a   instcat_y04_191109/job_log_00969112.txt
HTAR: a   instcat_y04_191109/job_log_00969113.txt
HTAR: a   instcat_y04_191109/job_log_00969216.txt
HTAR: a   instcat_y04_191109/job_log_00969218.txt
HTAR: a   instcat_y04_191109/job_log_00969219.txt
HTAR: a   instcat_y04_191109/job_log_00969220.txt
HTAR: a   instcat_y04_191109/job_log_00969221.txt
HTAR: a   instcat_y04_191109/job_log_00969222.txt
HTAR: a   instcat_y04_191109/job_log_00969223.txt
HTAR: a   instcat_y04_191109/job_log_00969224.txt
HTAR: a   instcat_y04_191109/job_log_00969246.txt
HTAR: a   instcat_y04_191109/job_log_00969247.txt
HTAR: a   instcat_y04_191109/job_log_00969249.txt
HTAR: a   instcat_y04_191109/job_log_00969250.txt
HTAR: a   instcat_y04_191109/job_log_00969251.txt
HTAR: a   instcat_y04_191109/job_log_00969252.txt
HTAR: a   instcat_y04_191109/job_log_00969253.txt
HTAR: a   instcat_y04_191109/job_log_00969254.txt
HTAR: a   instcat_y04_191109/job_log_00969272.txt
HTAR: a   instcat_y04_191109/job_log_00969273.txt
HTAR: a   instcat_y04_191109/job_log_00969312.txt
HTAR: a   instcat_y04_191109/job_log_00969329.txt
HTAR: a   instcat_y04_191109/job_log_00969330.txt
HTAR: a   instcat_y04_191109/job_log_00969654.txt
HTAR: a   instcat_y04_191109/job_log_00969658.txt
HTAR: a   instcat_y04_191109/job_log_00969665.txt
HTAR: a   instcat_y04_191109/job_log_00969666.txt
HTAR: a   instcat_y04_191109/job_log_00969695.txt
HTAR: a   instcat_y04_191109/job_log_00969967.txt
HTAR: a   instcat_y04_191109/job_log_00969970.txt
HTAR: a   instcat_y04_191109/job_log_00969971.txt
HTAR: a   instcat_y04_191109/job_log_00969972.txt
HTAR: a   instcat_y04_191109/job_log_00969973.txt
HTAR: a   instcat_y04_191109/job_log_00969974.txt
HTAR: a   /tmp/HTAR_CF_CHK_5057_1576003145
HTAR Create complete for /home/projects/desc/DC2_ImSim/Run2.2i/instCat/y04_191109/00969026to00969974.tar. 553,659,850,752 bytes written for 240 member files, max threads: 50 Transfer time: 4119.760 seconds (134.391 MB/s) wallclock/user/sys: 4119.996 5160.835 1747.012 seconds
HTAR: HTAR SUCCESSFUL
HTAR: a   instcat_y04_191109/00969975.tar.gz
HTAR: a   instcat_y04_191109/00969976.tar.gz
HTAR: a   instcat_y04_191109/00969977.tar.gz
HTAR: a   instcat_y04_191109/00969978.tar.gz
HTAR: a   instcat_y04_191109/00969979.tar.gz
HTAR: a   instcat_y04_191109/00969980.tar.gz
HTAR: a   instcat_y04_191109/00969981.tar.gz
HTAR: a   instcat_y04_191109/00969982.tar.gz
HTAR: a   instcat_y04_191109/00969983.tar.gz
HTAR: a   instcat_y04_191109/00969984.tar.gz
HTAR: a   instcat_y04_191109/00969985.tar.gz
HTAR: a   instcat_y04_191109/00969986.tar.gz
HTAR: a   instcat_y04_191109/00969987.tar.gz
HTAR: a   instcat_y04_191109/00969988.tar.gz
HTAR: a   instcat_y04_191109/00969989.tar.gz
HTAR: a   instcat_y04_191109/00969990.tar.gz
HTAR: a   instcat_y04_191109/00969996.tar.gz
HTAR: a   instcat_y04_191109/00970011.tar.gz
HTAR: a   instcat_y04_191109/00970012.tar.gz
HTAR: a   instcat_y04_191109/00970013.tar.gz
HTAR: a   instcat_y04_191109/00970014.tar.gz
HTAR: a   instcat_y04_191109/00970015.tar.gz
HTAR: a   instcat_y04_191109/00970016.tar.gz
HTAR: a   instcat_y04_191109/00970017.tar.gz
HTAR: a   instcat_y04_191109/00970018.tar.gz
HTAR: a   instcat_y04_191109/00970019.tar.gz
HTAR: a   instcat_y04_191109/00970020.tar.gz
HTAR: a   instcat_y04_191109/00970021.tar.gz
HTAR: a   instcat_y04_191109/00970022.tar.gz
HTAR: a   instcat_y04_191109/00970023.tar.gz
HTAR: a   instcat_y04_191109/00970024.tar.gz
HTAR: a   instcat_y04_191109/00970025.tar.gz
HTAR: a   instcat_y04_191109/00970026.tar.gz
HTAR: a   instcat_y04_191109/00970027.tar.gz
HTAR: a   instcat_y04_191109/00970028.tar.gz
HTAR: a   instcat_y04_191109/00970029.tar.gz
HTAR: a   instcat_y04_191109/00970048.tar.gz
HTAR: a   instcat_y04_191109/00970049.tar.gz
HTAR: a   instcat_y04_191109/00970050.tar.gz
HTAR: a   instcat_y04_191109/00970051.tar.gz
HTAR: a   instcat_y04_191109/00970052.tar.gz
HTAR: a   instcat_y04_191109/00970352.tar.gz
HTAR: a   instcat_y04_191109/00970356.tar.gz
HTAR: a   instcat_y04_191109/00970360.tar.gz
HTAR: a   instcat_y04_191109/00970394.tar.gz
HTAR: a   instcat_y04_191109/00970395.tar.gz
HTAR: a   instcat_y04_191109/00970396.tar.gz
HTAR: a   instcat_y04_191109/00970397.tar.gz
HTAR: a   instcat_y04_191109/00970398.tar.gz
HTAR: a   instcat_y04_191109/00970399.tar.gz
HTAR: a   instcat_y04_191109/00970401.tar.gz
HTAR: a   instcat_y04_191109/00970402.tar.gz
HTAR: a   instcat_y04_191109/00970403.tar.gz
HTAR: a   instcat_y04_191109/00970404.tar.gz
HTAR: a   instcat_y04_191109/00970405.tar.gz
HTAR: a   instcat_y04_191109/00970406.tar.gz
HTAR: a   instcat_y04_191109/00970407.tar.gz
HTAR: a   instcat_y04_191109/00970408.tar.gz
HTAR: a   instcat_y04_191109/00970409.tar.gz
HTAR: a   instcat_y04_191109/00970410.tar.gz
HTAR: a   instcat_y04_191109/00970411.tar.gz
HTAR: a   instcat_y04_191109/00970412.tar.gz
HTAR: a   instcat_y04_191109/00970413.tar.gz
HTAR: a   instcat_y04_191109/00970414.tar.gz
HTAR: a   instcat_y04_191109/00970415.tar.gz
HTAR: a   instcat_y04_191109/00970416.tar.gz
HTAR: a   instcat_y04_191109/00970417.tar.gz
HTAR: a   instcat_y04_191109/00970418.tar.gz
HTAR: a   instcat_y04_191109/00970419.tar.gz
HTAR: a   instcat_y04_191109/00970420.tar.gz
HTAR: a   instcat_y04_191109/00970421.tar.gz
HTAR: a   instcat_y04_191109/00970422.tar.gz
HTAR: a   instcat_y04_191109/00970423.tar.gz
HTAR: a   instcat_y04_191109/00970424.tar.gz
HTAR: a   instcat_y04_191109/00970425.tar.gz
HTAR: a   instcat_y04_191109/00970426.tar.gz
HTAR: a   instcat_y04_191109/00970427.tar.gz
HTAR: a   instcat_y04_191109/00970428.tar.gz
HTAR: a   instcat_y04_191109/00970429.tar.gz
HTAR: a   instcat_y04_191109/00970430.tar.gz
HTAR: a   instcat_y04_191109/00970431.tar.gz
HTAR: a   instcat_y04_191109/00970432.tar.gz
HTAR: a   instcat_y04_191109/00970433.tar.gz
HTAR: a   instcat_y04_191109/00970434.tar.gz
HTAR: a   instcat_y04_191109/00970435.tar.gz
HTAR: a   instcat_y04_191109/00970436.tar.gz
HTAR: a   instcat_y04_191109/00970437.tar.gz
HTAR: a   instcat_y04_191109/00970438.tar.gz
HTAR: a   instcat_y04_191109/00970439.tar.gz
HTAR: a   instcat_y04_191109/00970440.tar.gz
HTAR: a   instcat_y04_191109/00970441.tar.gz
HTAR: a   instcat_y04_191109/00970442.tar.gz
HTAR: a   instcat_y04_191109/00970443.tar.gz
HTAR: a   instcat_y04_191109/00970444.tar.gz
HTAR: a   instcat_y04_191109/00970445.tar.gz
HTAR: a   instcat_y04_191109/00970446.tar.gz
HTAR: a   instcat_y04_191109/00970447.tar.gz
HTAR: a   instcat_y04_191109/00970448.tar.gz
HTAR: a   instcat_y04_191109/00970449.tar.gz
HTAR: a   instcat_y04_191109/00970450.tar.gz
HTAR: a   instcat_y04_191109/00970451.tar.gz
HTAR: a   instcat_y04_191109/00970452.tar.gz
HTAR: a   instcat_y04_191109/00970453.tar.gz
HTAR: a   instcat_y04_191109/00970454.tar.gz
HTAR: a   instcat_y04_191109/00970455.tar.gz
HTAR: a   instcat_y04_191109/00970456.tar.gz
HTAR: a   instcat_y04_191109/00970457.tar.gz
HTAR: a   instcat_y04_191109/00970458.tar.gz
HTAR: a   instcat_y04_191109/00970459.tar.gz
HTAR: a   instcat_y04_191109/00970460.tar.gz
HTAR: a   instcat_y04_191109/00970461.tar.gz
HTAR: a   instcat_y04_191109/00970462.tar.gz
HTAR: a   instcat_y04_191109/00970463.tar.gz
HTAR: a   instcat_y04_191109/00970464.tar.gz
HTAR: a   instcat_y04_191109/00970465.tar.gz
HTAR: a   instcat_y04_191109/00970466.tar.gz
HTAR: a   instcat_y04_191109/00970467.tar.gz
HTAR: a   instcat_y04_191109/00970468.tar.gz
HTAR: a   instcat_y04_191109/00970469.tar.gz
HTAR: a   instcat_y04_191109/00970470.tar.gz
HTAR: a   instcat_y04_191109/job_log_00969975.txt
HTAR: a   instcat_y04_191109/job_log_00969976.txt
HTAR: a   instcat_y04_191109/job_log_00969977.txt
HTAR: a   instcat_y04_191109/job_log_00969978.txt
HTAR: a   instcat_y04_191109/job_log_00969979.txt
HTAR: a   instcat_y04_191109/job_log_00969980.txt
HTAR: a   instcat_y04_191109/job_log_00969981.txt
HTAR: a   instcat_y04_191109/job_log_00969982.txt
HTAR: a   instcat_y04_191109/job_log_00969983.txt
HTAR: a   instcat_y04_191109/job_log_00969984.txt
HTAR: a   instcat_y04_191109/job_log_00969985.txt
HTAR: a   instcat_y04_191109/job_log_00969986.txt
HTAR: a   instcat_y04_191109/job_log_00969987.txt
HTAR: a   instcat_y04_191109/job_log_00969988.txt
HTAR: a   instcat_y04_191109/job_log_00969989.txt
HTAR: a   instcat_y04_191109/job_log_00969990.txt
HTAR: a   instcat_y04_191109/job_log_00969996.txt
HTAR: a   instcat_y04_191109/job_log_00970011.txt
HTAR: a   instcat_y04_191109/job_log_00970012.txt
HTAR: a   instcat_y04_191109/job_log_00970013.txt
HTAR: a   instcat_y04_191109/job_log_00970014.txt
HTAR: a   instcat_y04_191109/job_log_00970015.txt
HTAR: a   instcat_y04_191109/job_log_00970016.txt
HTAR: a   instcat_y04_191109/job_log_00970017.txt
HTAR: a   instcat_y04_191109/job_log_00970018.txt
HTAR: a   instcat_y04_191109/job_log_00970019.txt
HTAR: a   instcat_y04_191109/job_log_00970020.txt
HTAR: a   instcat_y04_191109/job_log_00970021.txt
HTAR: a   instcat_y04_191109/job_log_00970022.txt
HTAR: a   instcat_y04_191109/job_log_00970023.txt
HTAR: a   instcat_y04_191109/job_log_00970024.txt
HTAR: a   instcat_y04_191109/job_log_00970025.txt
HTAR: a   instcat_y04_191109/job_log_00970026.txt
HTAR: a   instcat_y04_191109/job_log_00970027.txt
HTAR: a   instcat_y04_191109/job_log_00970028.txt
HTAR: a   instcat_y04_191109/job_log_00970029.txt
HTAR: a   instcat_y04_191109/job_log_00970048.txt
HTAR: a   instcat_y04_191109/job_log_00970049.txt
HTAR: a   instcat_y04_191109/job_log_00970050.txt
HTAR: a   instcat_y04_191109/job_log_00970051.txt
HTAR: a   instcat_y04_191109/job_log_00970052.txt
HTAR: a   instcat_y04_191109/job_log_00970352.txt
HTAR: a   instcat_y04_191109/job_log_00970356.txt
HTAR: a   instcat_y04_191109/job_log_00970360.txt
HTAR: a   instcat_y04_191109/job_log_00970394.txt
HTAR: a   instcat_y04_191109/job_log_00970395.txt
HTAR: a   instcat_y04_191109/job_log_00970396.txt
HTAR: a   instcat_y04_191109/job_log_00970397.txt
HTAR: a   instcat_y04_191109/job_log_00970398.txt
HTAR: a   instcat_y04_191109/job_log_00970399.txt
HTAR: a   instcat_y04_191109/job_log_00970401.txt
HTAR: a   instcat_y04_191109/job_log_00970402.txt
HTAR: a   instcat_y04_191109/job_log_00970403.txt
HTAR: a   instcat_y04_191109/job_log_00970404.txt
HTAR: a   instcat_y04_191109/job_log_00970405.txt
HTAR: a   instcat_y04_191109/job_log_00970406.txt
HTAR: a   instcat_y04_191109/job_log_00970407.txt
HTAR: a   instcat_y04_191109/job_log_00970408.txt
HTAR: a   instcat_y04_191109/job_log_00970409.txt
HTAR: a   instcat_y04_191109/job_log_00970410.txt
HTAR: a   instcat_y04_191109/job_log_00970411.txt
HTAR: a   instcat_y04_191109/job_log_00970412.txt
HTAR: a   instcat_y04_191109/job_log_00970413.txt
HTAR: a   instcat_y04_191109/job_log_00970414.txt
HTAR: a   instcat_y04_191109/job_log_00970415.txt
HTAR: a   instcat_y04_191109/job_log_00970416.txt
HTAR: a   instcat_y04_191109/job_log_00970417.txt
HTAR: a   instcat_y04_191109/job_log_00970418.txt
HTAR: a   instcat_y04_191109/job_log_00970419.txt
HTAR: a   instcat_y04_191109/job_log_00970420.txt
HTAR: a   instcat_y04_191109/job_log_00970421.txt
HTAR: a   instcat_y04_191109/job_log_00970422.txt
HTAR: a   instcat_y04_191109/job_log_00970423.txt
HTAR: a   instcat_y04_191109/job_log_00970424.txt
HTAR: a   instcat_y04_191109/job_log_00970425.txt
HTAR: a   instcat_y04_191109/job_log_00970426.txt
HTAR: a   instcat_y04_191109/job_log_00970427.txt
HTAR: a   instcat_y04_191109/job_log_00970428.txt
HTAR: a   instcat_y04_191109/job_log_00970429.txt
HTAR: a   instcat_y04_191109/job_log_00970430.txt
HTAR: a   instcat_y04_191109/job_log_00970431.txt
HTAR: a   instcat_y04_191109/job_log_00970432.txt
HTAR: a   instcat_y04_191109/job_log_00970433.txt
HTAR: a   instcat_y04_191109/job_log_00970434.txt
HTAR: a   instcat_y04_191109/job_log_00970435.txt
HTAR: a   instcat_y04_191109/job_log_00970436.txt
HTAR: a   instcat_y04_191109/job_log_00970437.txt
HTAR: a   instcat_y04_191109/job_log_00970438.txt
HTAR: a   instcat_y04_191109/job_log_00970439.txt
HTAR: a   instcat_y04_191109/job_log_00970440.txt
HTAR: a   instcat_y04_191109/job_log_00970441.txt
HTAR: a   instcat_y04_191109/job_log_00970442.txt
HTAR: a   instcat_y04_191109/job_log_00970443.txt
HTAR: a   instcat_y04_191109/job_log_00970444.txt
HTAR: a   instcat_y04_191109/job_log_00970445.txt
HTAR: a   instcat_y04_191109/job_log_00970446.txt
HTAR: a   instcat_y04_191109/job_log_00970447.txt
HTAR: a   instcat_y04_191109/job_log_00970448.txt
HTAR: a   instcat_y04_191109/job_log_00970449.txt
HTAR: a   instcat_y04_191109/job_log_00970450.txt
HTAR: a   instcat_y04_191109/job_log_00970451.txt
HTAR: a   instcat_y04_191109/job_log_00970452.txt
HTAR: a   instcat_y04_191109/job_log_00970453.txt
HTAR: a   instcat_y04_191109/job_log_00970454.txt
HTAR: a   instcat_y04_191109/job_log_00970455.txt
HTAR: a   instcat_y04_191109/job_log_00970456.txt
HTAR: a   instcat_y04_191109/job_log_00970457.txt
HTAR: a   instcat_y04_191109/job_log_00970458.txt
HTAR: a   instcat_y04_191109/job_log_00970459.txt
HTAR: a   instcat_y04_191109/job_log_00970460.txt
HTAR: a   instcat_y04_191109/job_log_00970461.txt
HTAR: a   instcat_y04_191109/job_log_00970462.txt
HTAR: a   instcat_y04_191109/job_log_00970463.txt
HTAR: a   instcat_y04_191109/job_log_00970464.txt
HTAR: a   instcat_y04_191109/job_log_00970465.txt
HTAR: a   instcat_y04_191109/job_log_00970466.txt
HTAR: a   instcat_y04_191109/job_log_00970467.txt
HTAR: a   instcat_y04_191109/job_log_00970468.txt
HTAR: a   instcat_y04_191109/job_log_00970469.txt
HTAR: a   instcat_y04_191109/job_log_00970470.txt
HTAR: a   /tmp/HTAR_CF_CHK_43720_1576007268
HTAR Create complete for /home/projects/desc/DC2_ImSim/Run2.2i/instCat/y04_191109/00969975to00970470.tar. 557,554,364,416 bytes written for 240 member files, max threads: 50 Transfer time: 3934.705 seconds (141.702 MB/s) wallclock/user/sys: 3935.254 5037.565 1518.355 seconds
HTAR: HTAR SUCCESSFUL
HTAR: a   instcat_y04_191109/00970471.tar.gz
HTAR: a   instcat_y04_191109/00970472.tar.gz
HTAR: a   instcat_y04_191109/00970473.tar.gz
HTAR: a   instcat_y04_191109/00970474.tar.gz
HTAR: a   instcat_y04_191109/00970475.tar.gz
HTAR: a   instcat_y04_191109/00970476.tar.gz
HTAR: a   instcat_y04_191109/00970477.tar.gz
HTAR: a   instcat_y04_191109/00970478.tar.gz
HTAR: a   instcat_y04_191109/00970479.tar.gz
HTAR: a   instcat_y04_191109/00970480.tar.gz
HTAR: a   instcat_y04_191109/00970481.tar.gz
HTAR: a   instcat_y04_191109/00970482.tar.gz
HTAR: a   instcat_y04_191109/00970483.tar.gz
HTAR: a   instcat_y04_191109/00970484.tar.gz
HTAR: a   instcat_y04_191109/00970485.tar.gz
HTAR: a   instcat_y04_191109/00970486.tar.gz
HTAR: a   instcat_y04_191109/00970487.tar.gz
HTAR: a   instcat_y04_191109/00970488.tar.gz
HTAR: a   instcat_y04_191109/00970489.tar.gz
HTAR: a   instcat_y04_191109/00970490.tar.gz
HTAR: a   instcat_y04_191109/00970491.tar.gz
HTAR: a   instcat_y04_191109/00970492.tar.gz
HTAR: a   instcat_y04_191109/00970493.tar.gz
HTAR: a   instcat_y04_191109/00970494.tar.gz
HTAR: a   instcat_y04_191109/00970495.tar.gz
HTAR: a   instcat_y04_191109/00970496.tar.gz
HTAR: a   instcat_y04_191109/00970596.tar.gz
HTAR: a   instcat_y04_191109/00970597.tar.gz
HTAR: a   instcat_y04_191109/00970598.tar.gz
HTAR: a   instcat_y04_191109/00970605.tar.gz
HTAR: a   instcat_y04_191109/00970606.tar.gz
HTAR: a   instcat_y04_191109/00970630.tar.gz
HTAR: a   instcat_y04_191109/00970631.tar.gz
HTAR: a   instcat_y04_191109/00970632.tar.gz
HTAR: a   instcat_y04_191109/00970633.tar.gz
HTAR: a   instcat_y04_191109/00970634.tar.gz
HTAR: a   instcat_y04_191109/00970635.tar.gz
HTAR: a   instcat_y04_191109/00970640.tar.gz
HTAR: a   instcat_y04_191109/00970651.tar.gz
HTAR: a   instcat_y04_191109/00970679.tar.gz
HTAR: a   instcat_y04_191109/00970680.tar.gz
HTAR: a   instcat_y04_191109/00970693.tar.gz
HTAR: a   instcat_y04_191109/00970694.tar.gz
HTAR: a   instcat_y04_191109/00970695.tar.gz
HTAR: a   instcat_y04_191109/00970696.tar.gz
HTAR: a   instcat_y04_191109/00970697.tar.gz
HTAR: a   instcat_y04_191109/00970698.tar.gz
HTAR: a   instcat_y04_191109/00970734.tar.gz
HTAR: a   instcat_y04_191109/00970735.tar.gz
HTAR: a   instcat_y04_191109/00970736.tar.gz
HTAR: a   instcat_y04_191109/00970737.tar.gz
HTAR: a   instcat_y04_191109/00970738.tar.gz
HTAR: a   instcat_y04_191109/00970777.tar.gz
HTAR: a   instcat_y04_191109/00970778.tar.gz
HTAR: a   instcat_y04_191109/00970813.tar.gz
HTAR: a   instcat_y04_191109/00971044.tar.gz
HTAR: a   instcat_y04_191109/00971045.tar.gz
HTAR: a   instcat_y04_191109/00971046.tar.gz
HTAR: a   instcat_y04_191109/00971048.tar.gz
HTAR: a   instcat_y04_191109/00971068.tar.gz
HTAR: a   instcat_y04_191109/00971086.tar.gz
HTAR: a   instcat_y04_191109/00971087.tar.gz
HTAR: a   instcat_y04_191109/00971088.tar.gz
HTAR: a   instcat_y04_191109/00971097.tar.gz
HTAR: a   instcat_y04_191109/00971098.tar.gz
HTAR: a   instcat_y04_191109/00971099.tar.gz
HTAR: a   instcat_y04_191109/00971101.tar.gz
HTAR: a   instcat_y04_191109/00971102.tar.gz
HTAR: a   instcat_y04_191109/00971103.tar.gz
HTAR: a   instcat_y04_191109/00971104.tar.gz
HTAR: a   instcat_y04_191109/00971105.tar.gz
HTAR: a   instcat_y04_191109/00971106.tar.gz
HTAR: a   instcat_y04_191109/00971107.tar.gz
HTAR: a   instcat_y04_191109/00971108.tar.gz
HTAR: a   instcat_y04_191109/00971131.tar.gz
HTAR: a   instcat_y04_191109/00971139.tar.gz
HTAR: a   instcat_y04_191109/00971144.tar.gz
HTAR: a   instcat_y04_191109/00971145.tar.gz
HTAR: a   instcat_y04_191109/00971167.tar.gz
HTAR: a   instcat_y04_191109/00971177.tar.gz
HTAR: a   instcat_y04_191109/00971183.tar.gz
HTAR: a   instcat_y04_191109/00971184.tar.gz
HTAR: a   instcat_y04_191109/00971188.tar.gz
HTAR: a   instcat_y04_191109/00971189.tar.gz
HTAR: a   instcat_y04_191109/00971858.tar.gz
HTAR: a   instcat_y04_191109/00971859.tar.gz
HTAR: a   instcat_y04_191109/00971860.tar.gz
HTAR: a   instcat_y04_191109/00971861.tar.gz
HTAR: a   instcat_y04_191109/00971862.tar.gz
HTAR: a   instcat_y04_191109/00971863.tar.gz
HTAR: a   instcat_y04_191109/00971873.tar.gz
HTAR: a   instcat_y04_191109/00971895.tar.gz
HTAR: a   instcat_y04_191109/00971908.tar.gz
HTAR: a   instcat_y04_191109/00971909.tar.gz
HTAR: a   instcat_y04_191109/00971910.tar.gz
HTAR: a   instcat_y04_191109/00971912.tar.gz
HTAR: a   instcat_y04_191109/00971913.tar.gz
HTAR: a   instcat_y04_191109/00971914.tar.gz
HTAR: a   instcat_y04_191109/00971922.tar.gz
HTAR: a   instcat_y04_191109/00971923.tar.gz
HTAR: a   instcat_y04_191109/00971937.tar.gz
HTAR: a   instcat_y04_191109/00971938.tar.gz
HTAR: a   instcat_y04_191109/00971939.tar.gz
HTAR: a   instcat_y04_191109/00971940.tar.gz
HTAR: a   instcat_y04_191109/00971987.tar.gz
HTAR: a   instcat_y04_191109/00971988.tar.gz
HTAR: a   instcat_y04_191109/00971989.tar.gz
HTAR: a   instcat_y04_191109/00971990.tar.gz
HTAR: a   instcat_y04_191109/00972808.tar.gz
HTAR: a   instcat_y04_191109/00972811.tar.gz
HTAR: a   instcat_y04_191109/00972849.tar.gz
HTAR: a   instcat_y04_191109/00972851.tar.gz
HTAR: a   instcat_y04_191109/00972852.tar.gz
HTAR: a   instcat_y04_191109/00973359.tar.gz
HTAR: a   instcat_y04_191109/00973360.tar.gz
HTAR: a   instcat_y04_191109/00973361.tar.gz
HTAR: a   instcat_y04_191109/00973400.tar.gz
HTAR: a   instcat_y04_191109/00973401.tar.gz
HTAR: a   instcat_y04_191109/00973430.tar.gz
HTAR: a   instcat_y04_191109/00973521.tar.gz
HTAR: a   instcat_y04_191109/job_log_00970471.txt
HTAR: a   instcat_y04_191109/job_log_00970472.txt
HTAR: a   instcat_y04_191109/job_log_00970473.txt
HTAR: a   instcat_y04_191109/job_log_00970474.txt
HTAR: a   instcat_y04_191109/job_log_00970475.txt
HTAR: a   instcat_y04_191109/job_log_00970476.txt
HTAR: a   instcat_y04_191109/job_log_00970477.txt
HTAR: a   instcat_y04_191109/job_log_00970478.txt
HTAR: a   instcat_y04_191109/job_log_00970479.txt
HTAR: a   instcat_y04_191109/job_log_00970480.txt
HTAR: a   instcat_y04_191109/job_log_00970481.txt
HTAR: a   instcat_y04_191109/job_log_00970482.txt
HTAR: a   instcat_y04_191109/job_log_00970483.txt
HTAR: a   instcat_y04_191109/job_log_00970484.txt
HTAR: a   instcat_y04_191109/job_log_00970485.txt
HTAR: a   instcat_y04_191109/job_log_00970486.txt
HTAR: a   instcat_y04_191109/job_log_00970487.txt
HTAR: a   instcat_y04_191109/job_log_00970488.txt
HTAR: a   instcat_y04_191109/job_log_00970489.txt
HTAR: a   instcat_y04_191109/job_log_00970490.txt
HTAR: a   instcat_y04_191109/job_log_00970491.txt
HTAR: a   instcat_y04_191109/job_log_00970492.txt
HTAR: a   instcat_y04_191109/job_log_00970493.txt
HTAR: a   instcat_y04_191109/job_log_00970494.txt
HTAR: a   instcat_y04_191109/job_log_00970495.txt
HTAR: a   instcat_y04_191109/job_log_00970496.txt
HTAR: a   instcat_y04_191109/job_log_00970596.txt
HTAR: a   instcat_y04_191109/job_log_00970597.txt
HTAR: a   instcat_y04_191109/job_log_00970598.txt
HTAR: a   instcat_y04_191109/job_log_00970605.txt
HTAR: a   instcat_y04_191109/job_log_00970606.txt
HTAR: a   instcat_y04_191109/job_log_00970630.txt
HTAR: a   instcat_y04_191109/job_log_00970631.txt
HTAR: a   instcat_y04_191109/job_log_00970632.txt
HTAR: a   instcat_y04_191109/job_log_00970633.txt
HTAR: a   instcat_y04_191109/job_log_00970634.txt
HTAR: a   instcat_y04_191109/job_log_00970635.txt
HTAR: a   instcat_y04_191109/job_log_00970640.txt
HTAR: a   instcat_y04_191109/job_log_00970651.txt
HTAR: a   instcat_y04_191109/job_log_00970679.txt
HTAR: a   instcat_y04_191109/job_log_00970680.txt
HTAR: a   instcat_y04_191109/job_log_00970693.txt
HTAR: a   instcat_y04_191109/job_log_00970694.txt
HTAR: a   instcat_y04_191109/job_log_00970695.txt
HTAR: a   instcat_y04_191109/job_log_00970696.txt
HTAR: a   instcat_y04_191109/job_log_00970697.txt
HTAR: a   instcat_y04_191109/job_log_00970698.txt
HTAR: a   instcat_y04_191109/job_log_00970734.txt
HTAR: a   instcat_y04_191109/job_log_00970735.txt
HTAR: a   instcat_y04_191109/job_log_00970736.txt
HTAR: a   instcat_y04_191109/job_log_00970737.txt
HTAR: a   instcat_y04_191109/job_log_00970738.txt
HTAR: a   instcat_y04_191109/job_log_00970777.txt
HTAR: a   instcat_y04_191109/job_log_00970778.txt
HTAR: a   instcat_y04_191109/job_log_00970813.txt
HTAR: a   instcat_y04_191109/job_log_00971044.txt
HTAR: a   instcat_y04_191109/job_log_00971045.txt
HTAR: a   instcat_y04_191109/job_log_00971046.txt
HTAR: a   instcat_y04_191109/job_log_00971048.txt
HTAR: a   instcat_y04_191109/job_log_00971068.txt
HTAR: a   instcat_y04_191109/job_log_00971086.txt
HTAR: a   instcat_y04_191109/job_log_00971087.txt
HTAR: a   instcat_y04_191109/job_log_00971088.txt
HTAR: a   instcat_y04_191109/job_log_00971097.txt
HTAR: a   instcat_y04_191109/job_log_00971098.txt
HTAR: a   instcat_y04_191109/job_log_00971099.txt
HTAR: a   instcat_y04_191109/job_log_00971101.txt
HTAR: a   instcat_y04_191109/job_log_00971102.txt
HTAR: a   instcat_y04_191109/job_log_00971103.txt
HTAR: a   instcat_y04_191109/job_log_00971104.txt
HTAR: a   instcat_y04_191109/job_log_00971105.txt
HTAR: a   instcat_y04_191109/job_log_00971106.txt
HTAR: a   instcat_y04_191109/job_log_00971107.txt
HTAR: a   instcat_y04_191109/job_log_00971108.txt
HTAR: a   instcat_y04_191109/job_log_00971131.txt
HTAR: a   instcat_y04_191109/job_log_00971139.txt
HTAR: a   instcat_y04_191109/job_log_00971144.txt
HTAR: a   instcat_y04_191109/job_log_00971145.txt
HTAR: a   instcat_y04_191109/job_log_00971167.txt
HTAR: a   instcat_y04_191109/job_log_00971177.txt
HTAR: a   instcat_y04_191109/job_log_00971183.txt
HTAR: a   instcat_y04_191109/job_log_00971184.txt
HTAR: a   instcat_y04_191109/job_log_00971188.txt
HTAR: a   instcat_y04_191109/job_log_00971189.txt
HTAR: a   instcat_y04_191109/job_log_00971858.txt
HTAR: a   instcat_y04_191109/job_log_00971859.txt
HTAR: a   instcat_y04_191109/job_log_00971860.txt
HTAR: a   instcat_y04_191109/job_log_00971861.txt
HTAR: a   instcat_y04_191109/job_log_00971862.txt
HTAR: a   instcat_y04_191109/job_log_00971863.txt
HTAR: a   instcat_y04_191109/job_log_00971873.txt
HTAR: a   instcat_y04_191109/job_log_00971895.txt
HTAR: a   instcat_y04_191109/job_log_00971908.txt
HTAR: a   instcat_y04_191109/job_log_00971909.txt
HTAR: a   instcat_y04_191109/job_log_00971910.txt
HTAR: a   instcat_y04_191109/job_log_00971912.txt
HTAR: a   instcat_y04_191109/job_log_00971913.txt
HTAR: a   instcat_y04_191109/job_log_00971914.txt
HTAR: a   instcat_y04_191109/job_log_00971922.txt
HTAR: a   instcat_y04_191109/job_log_00971923.txt
HTAR: a   instcat_y04_191109/job_log_00971937.txt
HTAR: a   instcat_y04_191109/job_log_00971938.txt
HTAR: a   instcat_y04_191109/job_log_00971939.txt
HTAR: a   instcat_y04_191109/job_log_00971940.txt
HTAR: a   instcat_y04_191109/job_log_00971987.txt
HTAR: a   instcat_y04_191109/job_log_00971988.txt
HTAR: a   instcat_y04_191109/job_log_00971989.txt
HTAR: a   instcat_y04_191109/job_log_00971990.txt
HTAR: a   instcat_y04_191109/job_log_00972808.txt
HTAR: a   instcat_y04_191109/job_log_00972811.txt
HTAR: a   instcat_y04_191109/job_log_00972849.txt
HTAR: a   instcat_y04_191109/job_log_00972851.txt
HTAR: a   instcat_y04_191109/job_log_00972852.txt
HTAR: a   instcat_y04_191109/job_log_00973359.txt
HTAR: a   instcat_y04_191109/job_log_00973360.txt
HTAR: a   instcat_y04_191109/job_log_00973361.txt
HTAR: a   instcat_y04_191109/job_log_00973400.txt
HTAR: a   instcat_y04_191109/job_log_00973401.txt
HTAR: a   instcat_y04_191109/job_log_00973430.txt
HTAR: a   instcat_y04_191109/job_log_00973521.txt
HTAR: a   /tmp/HTAR_CF_CHK_17370_1576011207
HTAR Create complete for /home/projects/desc/DC2_ImSim/Run2.2i/instCat/y04_191109/00970471to00973521.tar. 540,185,143,296 bytes written for 240 member files, max threads: 50 Transfer time: 3967.219 seconds (136.162 MB/s) wallclock/user/sys: 3969.056 4909.578 1715.359 seconds
HTAR: HTAR SUCCESSFUL
HTAR: a   instcat_y04_191109/00973964.tar.gz
HTAR: a   instcat_y04_191109/00973965.tar.gz
HTAR: a   instcat_y04_191109/00973978.tar.gz
HTAR: a   instcat_y04_191109/00973979.tar.gz
HTAR: a   instcat_y04_191109/00973980.tar.gz
HTAR: a   instcat_y04_191109/00974004.tar.gz
HTAR: a   instcat_y04_191109/00974005.tar.gz
HTAR: a   instcat_y04_191109/00974020.tar.gz
HTAR: a   instcat_y04_191109/00974021.tar.gz
HTAR: a   instcat_y04_191109/00974778.tar.gz
HTAR: a   instcat_y04_191109/00974779.tar.gz
HTAR: a   instcat_y04_191109/00974781.tar.gz
HTAR: a   instcat_y04_191109/00974782.tar.gz
HTAR: a   instcat_y04_191109/00974783.tar.gz
HTAR: a   instcat_y04_191109/00974814.tar.gz
HTAR: a   instcat_y04_191109/00974815.tar.gz
HTAR: a   instcat_y04_191109/00974817.tar.gz
HTAR: a   instcat_y04_191109/00974818.tar.gz
HTAR: a   instcat_y04_191109/00974819.tar.gz
HTAR: a   instcat_y04_191109/00975160.tar.gz
HTAR: a   instcat_y04_191109/00975161.tar.gz
HTAR: a   instcat_y04_191109/00975163.tar.gz
HTAR: a   instcat_y04_191109/00975168.tar.gz
HTAR: a   instcat_y04_191109/00975169.tar.gz
HTAR: a   instcat_y04_191109/00975170.tar.gz
HTAR: a   instcat_y04_191109/00975171.tar.gz
HTAR: a   instcat_y04_191109/00975200.tar.gz
HTAR: a   instcat_y04_191109/00975214.tar.gz
HTAR: a   instcat_y04_191109/00975215.tar.gz
HTAR: a   instcat_y04_191109/00975317.tar.gz
HTAR: a   instcat_y04_191109/00975318.tar.gz
HTAR: a   instcat_y04_191109/00975319.tar.gz
HTAR: a   instcat_y04_191109/00975320.tar.gz
HTAR: a   instcat_y04_191109/00975321.tar.gz
HTAR: a   instcat_y04_191109/00975322.tar.gz
HTAR: a   instcat_y04_191109/00975323.tar.gz
HTAR: a   instcat_y04_191109/00975324.tar.gz
HTAR: a   instcat_y04_191109/00975325.tar.gz
HTAR: a   instcat_y04_191109/00975326.tar.gz
HTAR: a   instcat_y04_191109/00975327.tar.gz
HTAR: a   instcat_y04_191109/00975328.tar.gz
HTAR: a   instcat_y04_191109/00975329.tar.gz
HTAR: a   instcat_y04_191109/00975330.tar.gz
HTAR: a   instcat_y04_191109/00975331.tar.gz
HTAR: a   instcat_y04_191109/00975332.tar.gz
HTAR: a   instcat_y04_191109/00975333.tar.gz
HTAR: a   instcat_y04_191109/00975334.tar.gz
HTAR: a   instcat_y04_191109/00975335.tar.gz
HTAR: a   instcat_y04_191109/00975336.tar.gz
HTAR: a   instcat_y04_191109/00975337.tar.gz
HTAR: a   instcat_y04_191109/00975338.tar.gz
HTAR: a   instcat_y04_191109/00975339.tar.gz
HTAR: a   instcat_y04_191109/00975340.tar.gz
HTAR: a   instcat_y04_191109/00975341.tar.gz
HTAR: a   instcat_y04_191109/00975342.tar.gz
HTAR: a   instcat_y04_191109/00975343.tar.gz
HTAR: a   instcat_y04_191109/00975344.tar.gz
HTAR: a   instcat_y04_191109/00975345.tar.gz
HTAR: a   instcat_y04_191109/00975346.tar.gz
HTAR: a   instcat_y04_191109/00975347.tar.gz
HTAR: a   instcat_y04_191109/00975348.tar.gz
HTAR: a   instcat_y04_191109/00975349.tar.gz
HTAR: a   instcat_y04_191109/00975350.tar.gz
HTAR: a   instcat_y04_191109/00975351.tar.gz
HTAR: a   instcat_y04_191109/00975352.tar.gz
HTAR: a   instcat_y04_191109/00975353.tar.gz
HTAR: a   instcat_y04_191109/00975354.tar.gz
HTAR: a   instcat_y04_191109/00975355.tar.gz
HTAR: a   instcat_y04_191109/00975356.tar.gz
HTAR: a   instcat_y04_191109/00975357.tar.gz
HTAR: a   instcat_y04_191109/00975358.tar.gz
HTAR: a   instcat_y04_191109/00975359.tar.gz
HTAR: a   instcat_y04_191109/00975360.tar.gz
HTAR: a   instcat_y04_191109/00975361.tar.gz
HTAR: a   instcat_y04_191109/00975362.tar.gz
HTAR: a   instcat_y04_191109/00975363.tar.gz
HTAR: a   instcat_y04_191109/00975364.tar.gz
HTAR: a   instcat_y04_191109/00975365.tar.gz
HTAR: a   instcat_y04_191109/00975366.tar.gz
HTAR: a   instcat_y04_191109/00975367.tar.gz
HTAR: a   instcat_y04_191109/00975368.tar.gz
HTAR: a   instcat_y04_191109/00975369.tar.gz
HTAR: a   instcat_y04_191109/00975370.tar.gz
HTAR: a   instcat_y04_191109/00975371.tar.gz
HTAR: a   instcat_y04_191109/00975372.tar.gz
HTAR: a   instcat_y04_191109/00975373.tar.gz
HTAR: a   instcat_y04_191109/00975374.tar.gz
HTAR: a   instcat_y04_191109/00975375.tar.gz
HTAR: a   instcat_y04_191109/00975376.tar.gz
HTAR: a   instcat_y04_191109/00975377.tar.gz
HTAR: a   instcat_y04_191109/00975378.tar.gz
HTAR: a   instcat_y04_191109/00975379.tar.gz
HTAR: a   instcat_y04_191109/00975380.tar.gz
HTAR: a   instcat_y04_191109/00975381.tar.gz
HTAR: a   instcat_y04_191109/00975382.tar.gz
HTAR: a   instcat_y04_191109/00975383.tar.gz
HTAR: a   instcat_y04_191109/00975384.tar.gz
HTAR: a   instcat_y04_191109/00975385.tar.gz
HTAR: a   instcat_y04_191109/00975386.tar.gz
HTAR: a   instcat_y04_191109/00975387.tar.gz
HTAR: a   instcat_y04_191109/00975388.tar.gz
HTAR: a   instcat_y04_191109/00975389.tar.gz
HTAR: a   instcat_y04_191109/00975390.tar.gz
HTAR: a   instcat_y04_191109/00975391.tar.gz
HTAR: a   instcat_y04_191109/00975392.tar.gz
HTAR: a   instcat_y04_191109/00975393.tar.gz
HTAR: a   instcat_y04_191109/00975394.tar.gz
HTAR: a   instcat_y04_191109/00975395.tar.gz
HTAR: a   instcat_y04_191109/00975396.tar.gz
HTAR: a   instcat_y04_191109/00975397.tar.gz
HTAR: a   instcat_y04_191109/00975398.tar.gz
HTAR: a   instcat_y04_191109/00975399.tar.gz
HTAR: a   instcat_y04_191109/00975400.tar.gz
HTAR: a   instcat_y04_191109/00975401.tar.gz
HTAR: a   instcat_y04_191109/00975402.tar.gz
HTAR: a   instcat_y04_191109/00975403.tar.gz
HTAR: a   instcat_y04_191109/00975404.tar.gz
HTAR: a   instcat_y04_191109/00975405.tar.gz
HTAR: a   instcat_y04_191109/00975406.tar.gz
HTAR: a   instcat_y04_191109/00975407.tar.gz
HTAR: a   instcat_y04_191109/job_log_00973964.txt
HTAR: a   instcat_y04_191109/job_log_00973965.txt
HTAR: a   instcat_y04_191109/job_log_00973978.txt
HTAR: a   instcat_y04_191109/job_log_00973979.txt
HTAR: a   instcat_y04_191109/job_log_00973980.txt
HTAR: a   instcat_y04_191109/job_log_00974004.txt
HTAR: a   instcat_y04_191109/job_log_00974005.txt
HTAR: a   instcat_y04_191109/job_log_00974020.txt
HTAR: a   instcat_y04_191109/job_log_00974021.txt
HTAR: a   instcat_y04_191109/job_log_00974778.txt
HTAR: a   instcat_y04_191109/job_log_00974779.txt
HTAR: a   instcat_y04_191109/job_log_00974781.txt
HTAR: a   instcat_y04_191109/job_log_00974782.txt
HTAR: a   instcat_y04_191109/job_log_00974783.txt
HTAR: a   instcat_y04_191109/job_log_00974814.txt
HTAR: a   instcat_y04_191109/job_log_00974815.txt
HTAR: a   instcat_y04_191109/job_log_00974817.txt
HTAR: a   instcat_y04_191109/job_log_00974818.txt
HTAR: a   instcat_y04_191109/job_log_00974819.txt
HTAR: a   instcat_y04_191109/job_log_00975160.txt
HTAR: a   instcat_y04_191109/job_log_00975161.txt
HTAR: a   instcat_y04_191109/job_log_00975163.txt
HTAR: a   instcat_y04_191109/job_log_00975168.txt
HTAR: a   instcat_y04_191109/job_log_00975169.txt
HTAR: a   instcat_y04_191109/job_log_00975170.txt
HTAR: a   instcat_y04_191109/job_log_00975171.txt
HTAR: a   instcat_y04_191109/job_log_00975200.txt
HTAR: a   instcat_y04_191109/job_log_00975214.txt
HTAR: a   instcat_y04_191109/job_log_00975215.txt
HTAR: a   instcat_y04_191109/job_log_00975317.txt
HTAR: a   instcat_y04_191109/job_log_00975318.txt
HTAR: a   instcat_y04_191109/job_log_00975319.txt
HTAR: a   instcat_y04_191109/job_log_00975320.txt
HTAR: a   instcat_y04_191109/job_log_00975321.txt
HTAR: a   instcat_y04_191109/job_log_00975322.txt
HTAR: a   instcat_y04_191109/job_log_00975323.txt
HTAR: a   instcat_y04_191109/job_log_00975324.txt
HTAR: a   instcat_y04_191109/job_log_00975325.txt
HTAR: a   instcat_y04_191109/job_log_00975326.txt
HTAR: a   instcat_y04_191109/job_log_00975327.txt
HTAR: a   instcat_y04_191109/job_log_00975328.txt
HTAR: a   instcat_y04_191109/job_log_00975329.txt
HTAR: a   instcat_y04_191109/job_log_00975330.txt
HTAR: a   instcat_y04_191109/job_log_00975331.txt
HTAR: a   instcat_y04_191109/job_log_00975332.txt
HTAR: a   instcat_y04_191109/job_log_00975333.txt
HTAR: a   instcat_y04_191109/job_log_00975334.txt
HTAR: a   instcat_y04_191109/job_log_00975335.txt
HTAR: a   instcat_y04_191109/job_log_00975336.txt
HTAR: a   instcat_y04_191109/job_log_00975337.txt
HTAR: a   instcat_y04_191109/job_log_00975338.txt
HTAR: a   instcat_y04_191109/job_log_00975339.txt
HTAR: a   instcat_y04_191109/job_log_00975340.txt
HTAR: a   instcat_y04_191109/job_log_00975341.txt
HTAR: a   instcat_y04_191109/job_log_00975342.txt
HTAR: a   instcat_y04_191109/job_log_00975343.txt
HTAR: a   instcat_y04_191109/job_log_00975344.txt
HTAR: a   instcat_y04_191109/job_log_00975345.txt
HTAR: a   instcat_y04_191109/job_log_00975346.txt
HTAR: a   instcat_y04_191109/job_log_00975347.txt
HTAR: a   instcat_y04_191109/job_log_00975348.txt
HTAR: a   instcat_y04_191109/job_log_00975349.txt
HTAR: a   instcat_y04_191109/job_log_00975350.txt
HTAR: a   instcat_y04_191109/job_log_00975351.txt
HTAR: a   instcat_y04_191109/job_log_00975352.txt
HTAR: a   instcat_y04_191109/job_log_00975353.txt
HTAR: a   instcat_y04_191109/job_log_00975354.txt
HTAR: a   instcat_y04_191109/job_log_00975355.txt
HTAR: a   instcat_y04_191109/job_log_00975356.txt
HTAR: a   instcat_y04_191109/job_log_00975357.txt
HTAR: a   instcat_y04_191109/job_log_00975358.txt
HTAR: a   instcat_y04_191109/job_log_00975359.txt
HTAR: a   instcat_y04_191109/job_log_00975360.txt
HTAR: a   instcat_y04_191109/job_log_00975361.txt
HTAR: a   instcat_y04_191109/job_log_00975362.txt
HTAR: a   instcat_y04_191109/job_log_00975363.txt
HTAR: a   instcat_y04_191109/job_log_00975364.txt
HTAR: a   instcat_y04_191109/job_log_00975365.txt
HTAR: a   instcat_y04_191109/job_log_00975366.txt
HTAR: a   instcat_y04_191109/job_log_00975367.txt
HTAR: a   instcat_y04_191109/job_log_00975368.txt
HTAR: a   instcat_y04_191109/job_log_00975369.txt
HTAR: a   instcat_y04_191109/job_log_00975370.txt
HTAR: a   instcat_y04_191109/job_log_00975371.txt
HTAR: a   instcat_y04_191109/job_log_00975372.txt
HTAR: a   instcat_y04_191109/job_log_00975373.txt
HTAR: a   instcat_y04_191109/job_log_00975374.txt
HTAR: a   instcat_y04_191109/job_log_00975375.txt
HTAR: a   instcat_y04_191109/job_log_00975376.txt
HTAR: a   instcat_y04_191109/job_log_00975377.txt
HTAR: a   instcat_y04_191109/job_log_00975378.txt
HTAR: a   instcat_y04_191109/job_log_00975379.txt
HTAR: a   instcat_y04_191109/job_log_00975380.txt
HTAR: a   instcat_y04_191109/job_log_00975381.txt
HTAR: a   instcat_y04_191109/job_log_00975382.txt
HTAR: a   instcat_y04_191109/job_log_00975383.txt
HTAR: a   instcat_y04_191109/job_log_00975384.txt
HTAR: a   instcat_y04_191109/job_log_00975385.txt
HTAR: a   instcat_y04_191109/job_log_00975386.txt
HTAR: a   instcat_y04_191109/job_log_00975387.txt
HTAR: a   instcat_y04_191109/job_log_00975388.txt
HTAR: a   instcat_y04_191109/job_log_00975389.txt
HTAR: a   instcat_y04_191109/job_log_00975390.txt
HTAR: a   instcat_y04_191109/job_log_00975391.txt
HTAR: a   instcat_y04_191109/job_log_00975392.txt
HTAR: a   instcat_y04_191109/job_log_00975393.txt
HTAR: a   instcat_y04_191109/job_log_00975394.txt
HTAR: a   instcat_y04_191109/job_log_00975395.txt
HTAR: a   instcat_y04_191109/job_log_00975396.txt
HTAR: a   instcat_y04_191109/job_log_00975397.txt
HTAR: a   instcat_y04_191109/job_log_00975398.txt
HTAR: a   instcat_y04_191109/job_log_00975399.txt
HTAR: a   instcat_y04_191109/job_log_00975400.txt
HTAR: a   instcat_y04_191109/job_log_00975401.txt
HTAR: a   instcat_y04_191109/job_log_00975402.txt
HTAR: a   instcat_y04_191109/job_log_00975403.txt
HTAR: a   instcat_y04_191109/job_log_00975404.txt
HTAR: a   instcat_y04_191109/job_log_00975405.txt
HTAR: a   instcat_y04_191109/job_log_00975406.txt
HTAR: a   instcat_y04_191109/job_log_00975407.txt
HTAR: a   /tmp/HTAR_CF_CHK_30640_1576015179
HTAR Create complete for /home/projects/desc/DC2_ImSim/Run2.2i/instCat/y04_191109/00973964to00975407.tar. 555,381,848,576 bytes written for 240 member files, max threads: 50 Transfer time: 4222.166 seconds (131.540 MB/s) wallclock/user/sys: 4224.093 5206.688 1875.351 seconds
HTAR: HTAR SUCCESSFUL
HTAR: a   instcat_y04_191109/00975408.tar.gz
HTAR: a   instcat_y04_191109/00975409.tar.gz
HTAR: a   instcat_y04_191109/00975410.tar.gz
HTAR: a   instcat_y04_191109/00975411.tar.gz
HTAR: a   instcat_y04_191109/00975412.tar.gz
HTAR: a   instcat_y04_191109/00975898.tar.gz
HTAR: a   instcat_y04_191109/00975911.tar.gz
HTAR: a   instcat_y04_191109/00975912.tar.gz
HTAR: a   instcat_y04_191109/00975913.tar.gz
HTAR: a   instcat_y04_191109/00975925.tar.gz
HTAR: a   instcat_y04_191109/00975926.tar.gz
HTAR: a   instcat_y04_191109/00975927.tar.gz
HTAR: a   instcat_y04_191109/00975928.tar.gz
HTAR: a   instcat_y04_191109/00975929.tar.gz
HTAR: a   instcat_y04_191109/00975930.tar.gz
HTAR: a   instcat_y04_191109/00975931.tar.gz
HTAR: a   instcat_y04_191109/00975932.tar.gz
HTAR: a   instcat_y04_191109/00975933.tar.gz
HTAR: a   instcat_y04_191109/00975934.tar.gz
HTAR: a   instcat_y04_191109/00975935.tar.gz
HTAR: a   instcat_y04_191109/00975943.tar.gz
HTAR: a   instcat_y04_191109/00975955.tar.gz
HTAR: a   instcat_y04_191109/00975956.tar.gz
HTAR: a   instcat_y04_191109/00975957.tar.gz
HTAR: a   instcat_y04_191109/00975958.tar.gz
HTAR: a   instcat_y04_191109/00975959.tar.gz
HTAR: a   instcat_y04_191109/00975960.tar.gz
HTAR: a   instcat_y04_191109/00975961.tar.gz
HTAR: a   instcat_y04_191109/00975962.tar.gz
HTAR: a   instcat_y04_191109/00975963.tar.gz
HTAR: a   instcat_y04_191109/00975964.tar.gz
HTAR: a   instcat_y04_191109/00975965.tar.gz
HTAR: a   instcat_y04_191109/00975966.tar.gz
HTAR: a   instcat_y04_191109/00975967.tar.gz
HTAR: a   instcat_y04_191109/00975987.tar.gz
HTAR: a   instcat_y04_191109/00975988.tar.gz
HTAR: a   instcat_y04_191109/00975989.tar.gz
HTAR: a   instcat_y04_191109/00975990.tar.gz
HTAR: a   instcat_y04_191109/00975991.tar.gz
HTAR: a   instcat_y04_191109/00975992.tar.gz
HTAR: a   instcat_y04_191109/00976044.tar.gz
HTAR: a   instcat_y04_191109/00976045.tar.gz
HTAR: a   instcat_y04_191109/00976046.tar.gz
HTAR: a   instcat_y04_191109/00976047.tar.gz
HTAR: a   instcat_y04_191109/00976077.tar.gz
HTAR: a   instcat_y04_191109/00976079.tar.gz
HTAR: a   instcat_y04_191109/00976080.tar.gz
HTAR: a   instcat_y04_191109/00976088.tar.gz
HTAR: a   instcat_y04_191109/00976089.tar.gz
HTAR: a   instcat_y04_191109/00976090.tar.gz
HTAR: a   instcat_y04_191109/00976103.tar.gz
HTAR: a   instcat_y04_191109/00976104.tar.gz
HTAR: a   instcat_y04_191109/00976105.tar.gz
HTAR: a   instcat_y04_191109/00976106.tar.gz
HTAR: a   instcat_y04_191109/00976107.tar.gz
HTAR: a   instcat_y04_191109/00976120.tar.gz
HTAR: a   instcat_y04_191109/00976121.tar.gz
HTAR: a   instcat_y04_191109/00976122.tar.gz
HTAR: a   instcat_y04_191109/00976123.tar.gz
HTAR: a   instcat_y04_191109/00976125.tar.gz
HTAR: a   instcat_y04_191109/00976126.tar.gz
HTAR: a   instcat_y04_191109/00976127.tar.gz
HTAR: a   instcat_y04_191109/00976136.tar.gz
HTAR: a   instcat_y04_191109/00976137.tar.gz
HTAR: a   instcat_y04_191109/00976138.tar.gz
HTAR: a   instcat_y04_191109/00976143.tar.gz
HTAR: a   instcat_y04_191109/00976144.tar.gz
HTAR: a   instcat_y04_191109/00976145.tar.gz
HTAR: a   instcat_y04_191109/00976146.tar.gz
HTAR: a   instcat_y04_191109/00976147.tar.gz
HTAR: a   instcat_y04_191109/00976151.tar.gz
HTAR: a   instcat_y04_191109/00976152.tar.gz
HTAR: a   instcat_y04_191109/00976163.tar.gz
HTAR: a   instcat_y04_191109/00976165.tar.gz
HTAR: a   instcat_y04_191109/00976166.tar.gz
HTAR: a   instcat_y04_191109/00976167.tar.gz
HTAR: a   instcat_y04_191109/00976168.tar.gz
HTAR: a   instcat_y04_191109/00976169.tar.gz
HTAR: a   instcat_y04_191109/00976190.tar.gz
HTAR: a   instcat_y04_191109/00976191.tar.gz
HTAR: a   instcat_y04_191109/00976210.tar.gz
HTAR: a   instcat_y04_191109/00976211.tar.gz
HTAR: a   instcat_y04_191109/00976215.tar.gz
HTAR: a   instcat_y04_191109/00976216.tar.gz
HTAR: a   instcat_y04_191109/00976217.tar.gz
HTAR: a   instcat_y04_191109/00976240.tar.gz
HTAR: a   instcat_y04_191109/00976241.tar.gz
HTAR: a   instcat_y04_191109/00976242.tar.gz
HTAR: a   instcat_y04_191109/00976244.tar.gz
HTAR: a   instcat_y04_191109/00976245.tar.gz
HTAR: a   instcat_y04_191109/00976246.tar.gz
HTAR: a   instcat_y04_191109/00976247.tar.gz
HTAR: a   instcat_y04_191109/00976248.tar.gz
HTAR: a   instcat_y04_191109/00976249.tar.gz
HTAR: a   instcat_y04_191109/00976250.tar.gz
HTAR: a   instcat_y04_191109/00976251.tar.gz
HTAR: a   instcat_y04_191109/00976252.tar.gz
HTAR: a   instcat_y04_191109/00976253.tar.gz
HTAR: a   instcat_y04_191109/00976254.tar.gz
HTAR: a   instcat_y04_191109/00976255.tar.gz
HTAR: a   instcat_y04_191109/00976269.tar.gz
HTAR: a   instcat_y04_191109/00976270.tar.gz
HTAR: a   instcat_y04_191109/00976271.tar.gz
HTAR: a   instcat_y04_191109/00976272.tar.gz
HTAR: a   instcat_y04_191109/00976273.tar.gz
HTAR: a   instcat_y04_191109/00976274.tar.gz
HTAR: a   instcat_y04_191109/00976275.tar.gz
HTAR: a   instcat_y04_191109/00976276.tar.gz
HTAR: a   instcat_y04_191109/00976278.tar.gz
HTAR: a   instcat_y04_191109/00976279.tar.gz
HTAR: a   instcat_y04_191109/00976280.tar.gz
HTAR: a   instcat_y04_191109/00976281.tar.gz
HTAR: a   instcat_y04_191109/00976289.tar.gz
HTAR: a   instcat_y04_191109/00976290.tar.gz
HTAR: a   instcat_y04_191109/00976291.tar.gz
HTAR: a   instcat_y04_191109/00976292.tar.gz
HTAR: a   instcat_y04_191109/00976299.tar.gz
HTAR: a   instcat_y04_191109/00976300.tar.gz
HTAR: a   instcat_y04_191109/00976301.tar.gz
HTAR: a   instcat_y04_191109/00976302.tar.gz
HTAR: a   instcat_y04_191109/job_log_00975408.txt
HTAR: a   instcat_y04_191109/job_log_00975409.txt
HTAR: a   instcat_y04_191109/job_log_00975410.txt
HTAR: a   instcat_y04_191109/job_log_00975411.txt
HTAR: a   instcat_y04_191109/job_log_00975412.txt
HTAR: a   instcat_y04_191109/job_log_00975898.txt
HTAR: a   instcat_y04_191109/job_log_00975911.txt
HTAR: a   instcat_y04_191109/job_log_00975912.txt
HTAR: a   instcat_y04_191109/job_log_00975913.txt
HTAR: a   instcat_y04_191109/job_log_00975925.txt
HTAR: a   instcat_y04_191109/job_log_00975926.txt
HTAR: a   instcat_y04_191109/job_log_00975927.txt
HTAR: a   instcat_y04_191109/job_log_00975928.txt
HTAR: a   instcat_y04_191109/job_log_00975929.txt
HTAR: a   instcat_y04_191109/job_log_00975930.txt
HTAR: a   instcat_y04_191109/job_log_00975931.txt
HTAR: a   instcat_y04_191109/job_log_00975932.txt
HTAR: a   instcat_y04_191109/job_log_00975933.txt
HTAR: a   instcat_y04_191109/job_log_00975934.txt
HTAR: a   instcat_y04_191109/job_log_00975935.txt
HTAR: a   instcat_y04_191109/job_log_00975943.txt
HTAR: a   instcat_y04_191109/job_log_00975955.txt
HTAR: a   instcat_y04_191109/job_log_00975956.txt
HTAR: a   instcat_y04_191109/job_log_00975957.txt
HTAR: a   instcat_y04_191109/job_log_00975958.txt
HTAR: a   instcat_y04_191109/job_log_00975959.txt
HTAR: a   instcat_y04_191109/job_log_00975960.txt
HTAR: a   instcat_y04_191109/job_log_00975961.txt
HTAR: a   instcat_y04_191109/job_log_00975962.txt
HTAR: a   instcat_y04_191109/job_log_00975963.txt
HTAR: a   instcat_y04_191109/job_log_00975964.txt
HTAR: a   instcat_y04_191109/job_log_00975965.txt
HTAR: a   instcat_y04_191109/job_log_00975966.txt
HTAR: a   instcat_y04_191109/job_log_00975967.txt
HTAR: a   instcat_y04_191109/job_log_00975987.txt
HTAR: a   instcat_y04_191109/job_log_00975988.txt
HTAR: a   instcat_y04_191109/job_log_00975989.txt
HTAR: a   instcat_y04_191109/job_log_00975990.txt
HTAR: a   instcat_y04_191109/job_log_00975991.txt
HTAR: a   instcat_y04_191109/job_log_00975992.txt
HTAR: a   instcat_y04_191109/job_log_00976044.txt
HTAR: a   instcat_y04_191109/job_log_00976045.txt
HTAR: a   instcat_y04_191109/job_log_00976046.txt
HTAR: a   instcat_y04_191109/job_log_00976047.txt
HTAR: a   instcat_y04_191109/job_log_00976077.txt
HTAR: a   instcat_y04_191109/job_log_00976079.txt
HTAR: a   instcat_y04_191109/job_log_00976080.txt
HTAR: a   instcat_y04_191109/job_log_00976088.txt
HTAR: a   instcat_y04_191109/job_log_00976089.txt
HTAR: a   instcat_y04_191109/job_log_00976090.txt
HTAR: a   instcat_y04_191109/job_log_00976103.txt
HTAR: a   instcat_y04_191109/job_log_00976104.txt
HTAR: a   instcat_y04_191109/job_log_00976105.txt
HTAR: a   instcat_y04_191109/job_log_00976106.txt
HTAR: a   instcat_y04_191109/job_log_00976107.txt
HTAR: a   instcat_y04_191109/job_log_00976120.txt
HTAR: a   instcat_y04_191109/job_log_00976121.txt
HTAR: a   instcat_y04_191109/job_log_00976122.txt
HTAR: a   instcat_y04_191109/job_log_00976123.txt
HTAR: a   instcat_y04_191109/job_log_00976125.txt
HTAR: a   instcat_y04_191109/job_log_00976126.txt
HTAR: a   instcat_y04_191109/job_log_00976127.txt
HTAR: a   instcat_y04_191109/job_log_00976136.txt
HTAR: a   instcat_y04_191109/job_log_00976137.txt
HTAR: a   instcat_y04_191109/job_log_00976138.txt
HTAR: a   instcat_y04_191109/job_log_00976143.txt
HTAR: a   instcat_y04_191109/job_log_00976144.txt
HTAR: a   instcat_y04_191109/job_log_00976145.txt
HTAR: a   instcat_y04_191109/job_log_00976146.txt
HTAR: a   instcat_y04_191109/job_log_00976147.txt
HTAR: a   instcat_y04_191109/job_log_00976151.txt
HTAR: a   instcat_y04_191109/job_log_00976152.txt
HTAR: a   instcat_y04_191109/job_log_00976163.txt
HTAR: a   instcat_y04_191109/job_log_00976165.txt
HTAR: a   instcat_y04_191109/job_log_00976166.txt
HTAR: a   instcat_y04_191109/job_log_00976167.txt
HTAR: a   instcat_y04_191109/job_log_00976168.txt
HTAR: a   instcat_y04_191109/job_log_00976169.txt
HTAR: a   instcat_y04_191109/job_log_00976190.txt
HTAR: a   instcat_y04_191109/job_log_00976191.txt
HTAR: a   instcat_y04_191109/job_log_00976210.txt
HTAR: a   instcat_y04_191109/job_log_00976211.txt
HTAR: a   instcat_y04_191109/job_log_00976215.txt
HTAR: a   instcat_y04_191109/job_log_00976216.txt
HTAR: a   instcat_y04_191109/job_log_00976217.txt
HTAR: a   instcat_y04_191109/job_log_00976240.txt
HTAR: a   instcat_y04_191109/job_log_00976241.txt
HTAR: a   instcat_y04_191109/job_log_00976242.txt
HTAR: a   instcat_y04_191109/job_log_00976244.txt
HTAR: a   instcat_y04_191109/job_log_00976245.txt
HTAR: a   instcat_y04_191109/job_log_00976246.txt
HTAR: a   instcat_y04_191109/job_log_00976247.txt
HTAR: a   instcat_y04_191109/job_log_00976248.txt
HTAR: a   instcat_y04_191109/job_log_00976249.txt
HTAR: a   instcat_y04_191109/job_log_00976250.txt
HTAR: a   instcat_y04_191109/job_log_00976251.txt
HTAR: a   instcat_y04_191109/job_log_00976252.txt
HTAR: a   instcat_y04_191109/job_log_00976253.txt
HTAR: a   instcat_y04_191109/job_log_00976254.txt
HTAR: a   instcat_y04_191109/job_log_00976255.txt
HTAR: a   instcat_y04_191109/job_log_00976269.txt
HTAR: a   instcat_y04_191109/job_log_00976270.txt
HTAR: a   instcat_y04_191109/job_log_00976271.txt
HTAR: a   instcat_y04_191109/job_log_00976272.txt
HTAR: a   instcat_y04_191109/job_log_00976273.txt
HTAR: a   instcat_y04_191109/job_log_00976274.txt
HTAR: a   instcat_y04_191109/job_log_00976275.txt
HTAR: a   instcat_y04_191109/job_log_00976276.txt
HTAR: a   instcat_y04_191109/job_log_00976278.txt
HTAR: a   instcat_y04_191109/job_log_00976279.txt
HTAR: a   instcat_y04_191109/job_log_00976280.txt
HTAR: a   instcat_y04_191109/job_log_00976281.txt
HTAR: a   instcat_y04_191109/job_log_00976289.txt
HTAR: a   instcat_y04_191109/job_log_00976290.txt
HTAR: a   instcat_y04_191109/job_log_00976291.txt
HTAR: a   instcat_y04_191109/job_log_00976292.txt
HTAR: a   instcat_y04_191109/job_log_00976299.txt
HTAR: a   instcat_y04_191109/job_log_00976300.txt
HTAR: a   instcat_y04_191109/job_log_00976301.txt
HTAR: a   instcat_y04_191109/job_log_00976302.txt
HTAR: a   /tmp/HTAR_CF_CHK_5564_1576019406
HTAR Create complete for /home/projects/desc/DC2_ImSim/Run2.2i/instCat/y04_191109/00975408to00976302.tar. 542,806,144,512 bytes written for 240 member files, max threads: 50 Transfer time: 4340.823 seconds (125.047 MB/s) wallclock/user/sys: 4342.614 5226.066 1737.697 seconds
HTAR: HTAR SUCCESSFUL
