HTAR: a   instcat_y04_191109/00924139.tar.gz
HTAR: a   instcat_y04_191109/00924140.tar.gz
HTAR: a   instcat_y04_191109/00924141.tar.gz
HTAR: a   instcat_y04_191109/00924143.tar.gz
HTAR: a   instcat_y04_191109/00924144.tar.gz
HTAR: a   instcat_y04_191109/00924145.tar.gz
HTAR: a   instcat_y04_191109/00924146.tar.gz
HTAR: a   instcat_y04_191109/00924147.tar.gz
HTAR: a   instcat_y04_191109/00924148.tar.gz
HTAR: a   instcat_y04_191109/00924149.tar.gz
HTAR: a   instcat_y04_191109/00924162.tar.gz
HTAR: a   instcat_y04_191109/00924163.tar.gz
HTAR: a   instcat_y04_191109/00924164.tar.gz
HTAR: a   instcat_y04_191109/00924165.tar.gz
HTAR: a   instcat_y04_191109/00924166.tar.gz
HTAR: a   instcat_y04_191109/00924168.tar.gz
HTAR: a   instcat_y04_191109/00924169.tar.gz
HTAR: a   instcat_y04_191109/00924170.tar.gz
HTAR: a   instcat_y04_191109/00924171.tar.gz
HTAR: a   instcat_y04_191109/00924172.tar.gz
HTAR: a   instcat_y04_191109/00924173.tar.gz
HTAR: a   instcat_y04_191109/00924174.tar.gz
HTAR: a   instcat_y04_191109/00924175.tar.gz
HTAR: a   instcat_y04_191109/00924176.tar.gz
HTAR: a   instcat_y04_191109/00924178.tar.gz
HTAR: a   instcat_y04_191109/00924179.tar.gz
HTAR: a   instcat_y04_191109/00924191.tar.gz
HTAR: a   instcat_y04_191109/00924192.tar.gz
HTAR: a   instcat_y04_191109/00924206.tar.gz
HTAR: a   instcat_y04_191109/00924207.tar.gz
HTAR: a   instcat_y04_191109/00924208.tar.gz
HTAR: a   instcat_y04_191109/00924209.tar.gz
HTAR: a   instcat_y04_191109/00924212.tar.gz
HTAR: a   instcat_y04_191109/00924822.tar.gz
HTAR: a   instcat_y04_191109/00924823.tar.gz
HTAR: a   instcat_y04_191109/00924824.tar.gz
HTAR: a   instcat_y04_191109/00924825.tar.gz
HTAR: a   instcat_y04_191109/00924826.tar.gz
HTAR: a   instcat_y04_191109/00924832.tar.gz
HTAR: a   instcat_y04_191109/00924854.tar.gz
HTAR: a   instcat_y04_191109/00924855.tar.gz
HTAR: a   instcat_y04_191109/00924856.tar.gz
HTAR: a   instcat_y04_191109/00924863.tar.gz
HTAR: a   instcat_y04_191109/00924879.tar.gz
HTAR: a   instcat_y04_191109/00924880.tar.gz
HTAR: a   instcat_y04_191109/00924881.tar.gz
HTAR: a   instcat_y04_191109/00924893.tar.gz
HTAR: a   instcat_y04_191109/00924894.tar.gz
HTAR: a   instcat_y04_191109/00924895.tar.gz
HTAR: a   instcat_y04_191109/00924902.tar.gz
HTAR: a   instcat_y04_191109/00924903.tar.gz
HTAR: a   instcat_y04_191109/00924904.tar.gz
HTAR: a   instcat_y04_191109/00924926.tar.gz
HTAR: a   instcat_y04_191109/00924928.tar.gz
HTAR: a   instcat_y04_191109/00924929.tar.gz
HTAR: a   instcat_y04_191109/00924930.tar.gz
HTAR: a   instcat_y04_191109/00924934.tar.gz
HTAR: a   instcat_y04_191109/00924963.tar.gz
HTAR: a   instcat_y04_191109/00924964.tar.gz
HTAR: a   instcat_y04_191109/00924965.tar.gz
HTAR: a   instcat_y04_191109/00924966.tar.gz
HTAR: a   instcat_y04_191109/00924967.tar.gz
HTAR: a   instcat_y04_191109/00924968.tar.gz
HTAR: a   instcat_y04_191109/00924969.tar.gz
HTAR: a   instcat_y04_191109/00924970.tar.gz
HTAR: a   instcat_y04_191109/00924971.tar.gz
HTAR: a   instcat_y04_191109/00924974.tar.gz
HTAR: a   instcat_y04_191109/00925006.tar.gz
HTAR: a   instcat_y04_191109/00925007.tar.gz
HTAR: a   instcat_y04_191109/00925008.tar.gz
HTAR: a   instcat_y04_191109/00925009.tar.gz
HTAR: a   instcat_y04_191109/00925010.tar.gz
HTAR: a   instcat_y04_191109/00925011.tar.gz
HTAR: a   instcat_y04_191109/00925012.tar.gz
HTAR: a   instcat_y04_191109/00925013.tar.gz
HTAR: a   instcat_y04_191109/00925014.tar.gz
HTAR: a   instcat_y04_191109/00925021.tar.gz
HTAR: a   instcat_y04_191109/00925052.tar.gz
HTAR: a   instcat_y04_191109/00925059.tar.gz
HTAR: a   instcat_y04_191109/00925060.tar.gz
HTAR: a   instcat_y04_191109/00925102.tar.gz
HTAR: a   instcat_y04_191109/00925103.tar.gz
HTAR: a   instcat_y04_191109/00927715.tar.gz
HTAR: a   instcat_y04_191109/00927716.tar.gz
HTAR: a   instcat_y04_191109/00927749.tar.gz
HTAR: a   instcat_y04_191109/00927750.tar.gz
HTAR: a   instcat_y04_191109/00928484.tar.gz
HTAR: a   instcat_y04_191109/00928485.tar.gz
HTAR: a   instcat_y04_191109/00928486.tar.gz
HTAR: a   instcat_y04_191109/00928516.tar.gz
HTAR: a   instcat_y04_191109/00928517.tar.gz
HTAR: a   instcat_y04_191109/00928519.tar.gz
HTAR: a   instcat_y04_191109/00928520.tar.gz
HTAR: a   instcat_y04_191109/00928521.tar.gz
HTAR: a   instcat_y04_191109/00928522.tar.gz
HTAR: a   instcat_y04_191109/00928523.tar.gz
HTAR: a   instcat_y04_191109/00928524.tar.gz
HTAR: a   instcat_y04_191109/00928525.tar.gz
HTAR: a   instcat_y04_191109/00928526.tar.gz
HTAR: a   instcat_y04_191109/00928549.tar.gz
HTAR: a   instcat_y04_191109/00928550.tar.gz
HTAR: a   instcat_y04_191109/00928551.tar.gz
HTAR: a   instcat_y04_191109/00928552.tar.gz
HTAR: a   instcat_y04_191109/00928553.tar.gz
HTAR: a   instcat_y04_191109/00928554.tar.gz
HTAR: a   instcat_y04_191109/00928555.tar.gz
HTAR: a   instcat_y04_191109/00928556.tar.gz
HTAR: a   instcat_y04_191109/00928557.tar.gz
HTAR: a   instcat_y04_191109/00928587.tar.gz
HTAR: a   instcat_y04_191109/00928588.tar.gz
HTAR: a   instcat_y04_191109/00928616.tar.gz
HTAR: a   instcat_y04_191109/00928617.tar.gz
HTAR: a   instcat_y04_191109/00928618.tar.gz
HTAR: a   instcat_y04_191109/00928635.tar.gz
HTAR: a   instcat_y04_191109/00928636.tar.gz
HTAR: a   instcat_y04_191109/00928637.tar.gz
HTAR: a   instcat_y04_191109/00928643.tar.gz
HTAR: a   instcat_y04_191109/00928645.tar.gz
HTAR: a   instcat_y04_191109/00928646.tar.gz
HTAR: a   instcat_y04_191109/00928647.tar.gz
HTAR: a   instcat_y04_191109/job_log_00924139.txt
HTAR: a   instcat_y04_191109/job_log_00924140.txt
HTAR: a   instcat_y04_191109/job_log_00924141.txt
HTAR: a   instcat_y04_191109/job_log_00924143.txt
HTAR: a   instcat_y04_191109/job_log_00924144.txt
HTAR: a   instcat_y04_191109/job_log_00924145.txt
HTAR: a   instcat_y04_191109/job_log_00924146.txt
HTAR: a   instcat_y04_191109/job_log_00924147.txt
HTAR: a   instcat_y04_191109/job_log_00924148.txt
HTAR: a   instcat_y04_191109/job_log_00924149.txt
HTAR: a   instcat_y04_191109/job_log_00924162.txt
HTAR: a   instcat_y04_191109/job_log_00924163.txt
HTAR: a   instcat_y04_191109/job_log_00924164.txt
HTAR: a   instcat_y04_191109/job_log_00924165.txt
HTAR: a   instcat_y04_191109/job_log_00924166.txt
HTAR: a   instcat_y04_191109/job_log_00924168.txt
HTAR: a   instcat_y04_191109/job_log_00924169.txt
HTAR: a   instcat_y04_191109/job_log_00924170.txt
HTAR: a   instcat_y04_191109/job_log_00924171.txt
HTAR: a   instcat_y04_191109/job_log_00924172.txt
HTAR: a   instcat_y04_191109/job_log_00924173.txt
HTAR: a   instcat_y04_191109/job_log_00924174.txt
HTAR: a   instcat_y04_191109/job_log_00924175.txt
HTAR: a   instcat_y04_191109/job_log_00924176.txt
HTAR: a   instcat_y04_191109/job_log_00924178.txt
HTAR: a   instcat_y04_191109/job_log_00924179.txt
HTAR: a   instcat_y04_191109/job_log_00924191.txt
HTAR: a   instcat_y04_191109/job_log_00924192.txt
HTAR: a   instcat_y04_191109/job_log_00924206.txt
HTAR: a   instcat_y04_191109/job_log_00924207.txt
HTAR: a   instcat_y04_191109/job_log_00924208.txt
HTAR: a   instcat_y04_191109/job_log_00924209.txt
HTAR: a   instcat_y04_191109/job_log_00924212.txt
HTAR: a   instcat_y04_191109/job_log_00924822.txt
HTAR: a   instcat_y04_191109/job_log_00924823.txt
HTAR: a   instcat_y04_191109/job_log_00924824.txt
HTAR: a   instcat_y04_191109/job_log_00924825.txt
HTAR: a   instcat_y04_191109/job_log_00924826.txt
HTAR: a   instcat_y04_191109/job_log_00924832.txt
HTAR: a   instcat_y04_191109/job_log_00924854.txt
HTAR: a   instcat_y04_191109/job_log_00924855.txt
HTAR: a   instcat_y04_191109/job_log_00924856.txt
HTAR: a   instcat_y04_191109/job_log_00924863.txt
HTAR: a   instcat_y04_191109/job_log_00924879.txt
HTAR: a   instcat_y04_191109/job_log_00924880.txt
HTAR: a   instcat_y04_191109/job_log_00924881.txt
HTAR: a   instcat_y04_191109/job_log_00924893.txt
HTAR: a   instcat_y04_191109/job_log_00924894.txt
HTAR: a   instcat_y04_191109/job_log_00924895.txt
HTAR: a   instcat_y04_191109/job_log_00924902.txt
HTAR: a   instcat_y04_191109/job_log_00924903.txt
HTAR: a   instcat_y04_191109/job_log_00924904.txt
HTAR: a   instcat_y04_191109/job_log_00924926.txt
HTAR: a   instcat_y04_191109/job_log_00924928.txt
HTAR: a   instcat_y04_191109/job_log_00924929.txt
HTAR: a   instcat_y04_191109/job_log_00924930.txt
HTAR: a   instcat_y04_191109/job_log_00924934.txt
HTAR: a   instcat_y04_191109/job_log_00924963.txt
HTAR: a   instcat_y04_191109/job_log_00924964.txt
HTAR: a   instcat_y04_191109/job_log_00924965.txt
HTAR: a   instcat_y04_191109/job_log_00924966.txt
HTAR: a   instcat_y04_191109/job_log_00924967.txt
HTAR: a   instcat_y04_191109/job_log_00924968.txt
HTAR: a   instcat_y04_191109/job_log_00924969.txt
HTAR: a   instcat_y04_191109/job_log_00924970.txt
HTAR: a   instcat_y04_191109/job_log_00924971.txt
HTAR: a   instcat_y04_191109/job_log_00924974.txt
HTAR: a   instcat_y04_191109/job_log_00925006.txt
HTAR: a   instcat_y04_191109/job_log_00925007.txt
HTAR: a   instcat_y04_191109/job_log_00925008.txt
HTAR: a   instcat_y04_191109/job_log_00925009.txt
HTAR: a   instcat_y04_191109/job_log_00925010.txt
HTAR: a   instcat_y04_191109/job_log_00925011.txt
HTAR: a   instcat_y04_191109/job_log_00925012.txt
HTAR: a   instcat_y04_191109/job_log_00925013.txt
HTAR: a   instcat_y04_191109/job_log_00925014.txt
HTAR: a   instcat_y04_191109/job_log_00925021.txt
HTAR: a   instcat_y04_191109/job_log_00925052.txt
HTAR: a   instcat_y04_191109/job_log_00925059.txt
HTAR: a   instcat_y04_191109/job_log_00925060.txt
HTAR: a   instcat_y04_191109/job_log_00925102.txt
HTAR: a   instcat_y04_191109/job_log_00925103.txt
HTAR: a   instcat_y04_191109/job_log_00927715.txt
HTAR: a   instcat_y04_191109/job_log_00927716.txt
HTAR: a   instcat_y04_191109/job_log_00927749.txt
HTAR: a   instcat_y04_191109/job_log_00927750.txt
HTAR: a   instcat_y04_191109/job_log_00928484.txt
HTAR: a   instcat_y04_191109/job_log_00928485.txt
HTAR: a   instcat_y04_191109/job_log_00928486.txt
HTAR: a   instcat_y04_191109/job_log_00928516.txt
HTAR: a   instcat_y04_191109/job_log_00928517.txt
HTAR: a   instcat_y04_191109/job_log_00928519.txt
HTAR: a   instcat_y04_191109/job_log_00928520.txt
HTAR: a   instcat_y04_191109/job_log_00928521.txt
HTAR: a   instcat_y04_191109/job_log_00928522.txt
HTAR: a   instcat_y04_191109/job_log_00928523.txt
HTAR: a   instcat_y04_191109/job_log_00928524.txt
HTAR: a   instcat_y04_191109/job_log_00928525.txt
HTAR: a   instcat_y04_191109/job_log_00928526.txt
HTAR: a   instcat_y04_191109/job_log_00928549.txt
HTAR: a   instcat_y04_191109/job_log_00928550.txt
HTAR: a   instcat_y04_191109/job_log_00928551.txt
HTAR: a   instcat_y04_191109/job_log_00928552.txt
HTAR: a   instcat_y04_191109/job_log_00928553.txt
HTAR: a   instcat_y04_191109/job_log_00928554.txt
HTAR: a   instcat_y04_191109/job_log_00928555.txt
HTAR: a   instcat_y04_191109/job_log_00928556.txt
HTAR: a   instcat_y04_191109/job_log_00928557.txt
HTAR: a   instcat_y04_191109/job_log_00928587.txt
HTAR: a   instcat_y04_191109/job_log_00928588.txt
HTAR: a   instcat_y04_191109/job_log_00928616.txt
HTAR: a   instcat_y04_191109/job_log_00928617.txt
HTAR: a   instcat_y04_191109/job_log_00928618.txt
HTAR: a   instcat_y04_191109/job_log_00928635.txt
HTAR: a   instcat_y04_191109/job_log_00928636.txt
HTAR: a   instcat_y04_191109/job_log_00928637.txt
HTAR: a   instcat_y04_191109/job_log_00928643.txt
HTAR: a   instcat_y04_191109/job_log_00928645.txt
HTAR: a   instcat_y04_191109/job_log_00928646.txt
HTAR: a   instcat_y04_191109/job_log_00928647.txt
HTAR: a   /tmp/HTAR_CF_CHK_52714_1575999220
HTAR Create complete for /home/projects/desc/DC2_ImSim/Run2.2i/instCat/y04_191109/00924139to00928647.tar. 529,628,529,152 bytes written for 240 member files, max threads: 50 Transfer time: 4141.157 seconds (127.894 MB/s) wallclock/user/sys: 4142.749 4353.732 1729.800 seconds
HTAR: HTAR SUCCESSFUL
HTAR: a   instcat_y04_191109/00928648.tar.gz
HTAR: a   instcat_y04_191109/00928649.tar.gz
HTAR: a   instcat_y04_191109/00928650.tar.gz
HTAR: a   instcat_y04_191109/00928651.tar.gz
HTAR: a   instcat_y04_191109/00928652.tar.gz
HTAR: a   instcat_y04_191109/00928668.tar.gz
HTAR: a   instcat_y04_191109/00928669.tar.gz
HTAR: a   instcat_y04_191109/00928677.tar.gz
HTAR: a   instcat_y04_191109/00928678.tar.gz
HTAR: a   instcat_y04_191109/00928679.tar.gz
HTAR: a   instcat_y04_191109/00928684.tar.gz
HTAR: a   instcat_y04_191109/00928685.tar.gz
HTAR: a   instcat_y04_191109/00928686.tar.gz
HTAR: a   instcat_y04_191109/00928687.tar.gz
HTAR: a   instcat_y04_191109/00928744.tar.gz
HTAR: a   instcat_y04_191109/00929366.tar.gz
HTAR: a   instcat_y04_191109/00929408.tar.gz
HTAR: a   instcat_y04_191109/00929430.tar.gz
HTAR: a   instcat_y04_191109/00929431.tar.gz
HTAR: a   instcat_y04_191109/00929433.tar.gz
HTAR: a   instcat_y04_191109/00929434.tar.gz
HTAR: a   instcat_y04_191109/00929435.tar.gz
HTAR: a   instcat_y04_191109/00929436.tar.gz
HTAR: a   instcat_y04_191109/00929437.tar.gz
HTAR: a   instcat_y04_191109/00929438.tar.gz
HTAR: a   instcat_y04_191109/00929439.tar.gz
HTAR: a   instcat_y04_191109/00929440.tar.gz
HTAR: a   instcat_y04_191109/00929441.tar.gz
HTAR: a   instcat_y04_191109/00929444.tar.gz
HTAR: a   instcat_y04_191109/00929445.tar.gz
HTAR: a   instcat_y04_191109/00929446.tar.gz
HTAR: a   instcat_y04_191109/00929447.tar.gz
HTAR: a   instcat_y04_191109/00929448.tar.gz
HTAR: a   instcat_y04_191109/00929449.tar.gz
HTAR: a   instcat_y04_191109/00929450.tar.gz
HTAR: a   instcat_y04_191109/00929467.tar.gz
HTAR: a   instcat_y04_191109/00929470.tar.gz
HTAR: a   instcat_y04_191109/00929471.tar.gz
HTAR: a   instcat_y04_191109/00929472.tar.gz
HTAR: a   instcat_y04_191109/00929473.tar.gz
HTAR: a   instcat_y04_191109/00929474.tar.gz
HTAR: a   instcat_y04_191109/00929475.tar.gz
HTAR: a   instcat_y04_191109/00929476.tar.gz
HTAR: a   instcat_y04_191109/00929477.tar.gz
HTAR: a   instcat_y04_191109/00929478.tar.gz
HTAR: a   instcat_y04_191109/00929479.tar.gz
HTAR: a   instcat_y04_191109/00929482.tar.gz
HTAR: a   instcat_y04_191109/00929483.tar.gz
HTAR: a   instcat_y04_191109/00929484.tar.gz
HTAR: a   instcat_y04_191109/00929485.tar.gz
HTAR: a   instcat_y04_191109/00929486.tar.gz
HTAR: a   instcat_y04_191109/00929487.tar.gz
HTAR: a   instcat_y04_191109/00929488.tar.gz
HTAR: a   instcat_y04_191109/00929489.tar.gz
HTAR: a   instcat_y04_191109/00929490.tar.gz
HTAR: a   instcat_y04_191109/00929496.tar.gz
HTAR: a   instcat_y04_191109/00929497.tar.gz
HTAR: a   instcat_y04_191109/00929527.tar.gz
HTAR: a   instcat_y04_191109/00929528.tar.gz
HTAR: a   instcat_y04_191109/00929534.tar.gz
HTAR: a   instcat_y04_191109/00929535.tar.gz
HTAR: a   instcat_y04_191109/00930320.tar.gz
HTAR: a   instcat_y04_191109/00930321.tar.gz
HTAR: a   instcat_y04_191109/00930322.tar.gz
HTAR: a   instcat_y04_191109/00930323.tar.gz
HTAR: a   instcat_y04_191109/00930324.tar.gz
HTAR: a   instcat_y04_191109/00930325.tar.gz
HTAR: a   instcat_y04_191109/00930326.tar.gz
HTAR: a   instcat_y04_191109/00930350.tar.gz
HTAR: a   instcat_y04_191109/00930351.tar.gz
HTAR: a   instcat_y04_191109/00930352.tar.gz
HTAR: a   instcat_y04_191109/00930353.tar.gz
HTAR: a   instcat_y04_191109/00930354.tar.gz
HTAR: a   instcat_y04_191109/00930372.tar.gz
HTAR: a   instcat_y04_191109/00930373.tar.gz
HTAR: a   instcat_y04_191109/00930374.tar.gz
HTAR: a   instcat_y04_191109/00930375.tar.gz
HTAR: a   instcat_y04_191109/00930376.tar.gz
HTAR: a   instcat_y04_191109/00930377.tar.gz
HTAR: a   instcat_y04_191109/00930378.tar.gz
HTAR: a   instcat_y04_191109/00930380.tar.gz
HTAR: a   instcat_y04_191109/00930381.tar.gz
HTAR: a   instcat_y04_191109/00930405.tar.gz
HTAR: a   instcat_y04_191109/00930406.tar.gz
HTAR: a   instcat_y04_191109/00930407.tar.gz
HTAR: a   instcat_y04_191109/00930408.tar.gz
HTAR: a   instcat_y04_191109/00930409.tar.gz
HTAR: a   instcat_y04_191109/00930410.tar.gz
HTAR: a   instcat_y04_191109/00930423.tar.gz
HTAR: a   instcat_y04_191109/00930424.tar.gz
HTAR: a   instcat_y04_191109/00930425.tar.gz
HTAR: a   instcat_y04_191109/00930426.tar.gz
HTAR: a   instcat_y04_191109/00930455.tar.gz
HTAR: a   instcat_y04_191109/00930456.tar.gz
HTAR: a   instcat_y04_191109/00930465.tar.gz
HTAR: a   instcat_y04_191109/00930466.tar.gz
HTAR: a   instcat_y04_191109/00930467.tar.gz
HTAR: a   instcat_y04_191109/00930468.tar.gz
HTAR: a   instcat_y04_191109/00930490.tar.gz
HTAR: a   instcat_y04_191109/00930491.tar.gz
HTAR: a   instcat_y04_191109/00930511.tar.gz
HTAR: a   instcat_y04_191109/00930512.tar.gz
HTAR: a   instcat_y04_191109/00930533.tar.gz
HTAR: a   instcat_y04_191109/00930534.tar.gz
HTAR: a   instcat_y04_191109/00931169.tar.gz
HTAR: a   instcat_y04_191109/00931170.tar.gz
HTAR: a   instcat_y04_191109/00931172.tar.gz
HTAR: a   instcat_y04_191109/00931173.tar.gz
HTAR: a   instcat_y04_191109/00931174.tar.gz
HTAR: a   instcat_y04_191109/00931175.tar.gz
HTAR: a   instcat_y04_191109/00931176.tar.gz
HTAR: a   instcat_y04_191109/00931180.tar.gz
HTAR: a   instcat_y04_191109/00931182.tar.gz
HTAR: a   instcat_y04_191109/00931183.tar.gz
HTAR: a   instcat_y04_191109/00931209.tar.gz
HTAR: a   instcat_y04_191109/00931210.tar.gz
HTAR: a   instcat_y04_191109/00931211.tar.gz
HTAR: a   instcat_y04_191109/00931212.tar.gz
HTAR: a   instcat_y04_191109/00931213.tar.gz
HTAR: a   instcat_y04_191109/00931214.tar.gz
HTAR: a   instcat_y04_191109/job_log_00928648.txt
HTAR: a   instcat_y04_191109/job_log_00928649.txt
HTAR: a   instcat_y04_191109/job_log_00928650.txt
HTAR: a   instcat_y04_191109/job_log_00928651.txt
HTAR: a   instcat_y04_191109/job_log_00928652.txt
HTAR: a   instcat_y04_191109/job_log_00928668.txt
HTAR: a   instcat_y04_191109/job_log_00928669.txt
HTAR: a   instcat_y04_191109/job_log_00928677.txt
HTAR: a   instcat_y04_191109/job_log_00928678.txt
HTAR: a   instcat_y04_191109/job_log_00928679.txt
HTAR: a   instcat_y04_191109/job_log_00928684.txt
HTAR: a   instcat_y04_191109/job_log_00928685.txt
HTAR: a   instcat_y04_191109/job_log_00928686.txt
HTAR: a   instcat_y04_191109/job_log_00928687.txt
HTAR: a   instcat_y04_191109/job_log_00928744.txt
HTAR: a   instcat_y04_191109/job_log_00929366.txt
HTAR: a   instcat_y04_191109/job_log_00929408.txt
HTAR: a   instcat_y04_191109/job_log_00929430.txt
HTAR: a   instcat_y04_191109/job_log_00929431.txt
HTAR: a   instcat_y04_191109/job_log_00929433.txt
HTAR: a   instcat_y04_191109/job_log_00929434.txt
HTAR: a   instcat_y04_191109/job_log_00929435.txt
HTAR: a   instcat_y04_191109/job_log_00929436.txt
HTAR: a   instcat_y04_191109/job_log_00929437.txt
HTAR: a   instcat_y04_191109/job_log_00929438.txt
HTAR: a   instcat_y04_191109/job_log_00929439.txt
HTAR: a   instcat_y04_191109/job_log_00929440.txt
HTAR: a   instcat_y04_191109/job_log_00929441.txt
HTAR: a   instcat_y04_191109/job_log_00929444.txt
HTAR: a   instcat_y04_191109/job_log_00929445.txt
HTAR: a   instcat_y04_191109/job_log_00929446.txt
HTAR: a   instcat_y04_191109/job_log_00929447.txt
HTAR: a   instcat_y04_191109/job_log_00929448.txt
HTAR: a   instcat_y04_191109/job_log_00929449.txt
HTAR: a   instcat_y04_191109/job_log_00929450.txt
HTAR: a   instcat_y04_191109/job_log_00929467.txt
HTAR: a   instcat_y04_191109/job_log_00929470.txt
HTAR: a   instcat_y04_191109/job_log_00929471.txt
HTAR: a   instcat_y04_191109/job_log_00929472.txt
HTAR: a   instcat_y04_191109/job_log_00929473.txt
HTAR: a   instcat_y04_191109/job_log_00929474.txt
HTAR: a   instcat_y04_191109/job_log_00929475.txt
HTAR: a   instcat_y04_191109/job_log_00929476.txt
HTAR: a   instcat_y04_191109/job_log_00929477.txt
HTAR: a   instcat_y04_191109/job_log_00929478.txt
HTAR: a   instcat_y04_191109/job_log_00929479.txt
HTAR: a   instcat_y04_191109/job_log_00929482.txt
HTAR: a   instcat_y04_191109/job_log_00929483.txt
HTAR: a   instcat_y04_191109/job_log_00929484.txt
HTAR: a   instcat_y04_191109/job_log_00929485.txt
HTAR: a   instcat_y04_191109/job_log_00929486.txt
HTAR: a   instcat_y04_191109/job_log_00929487.txt
HTAR: a   instcat_y04_191109/job_log_00929488.txt
HTAR: a   instcat_y04_191109/job_log_00929489.txt
HTAR: a   instcat_y04_191109/job_log_00929490.txt
HTAR: a   instcat_y04_191109/job_log_00929496.txt
HTAR: a   instcat_y04_191109/job_log_00929497.txt
HTAR: a   instcat_y04_191109/job_log_00929527.txt
HTAR: a   instcat_y04_191109/job_log_00929528.txt
HTAR: a   instcat_y04_191109/job_log_00929534.txt
HTAR: a   instcat_y04_191109/job_log_00929535.txt
HTAR: a   instcat_y04_191109/job_log_00930320.txt
HTAR: a   instcat_y04_191109/job_log_00930321.txt
HTAR: a   instcat_y04_191109/job_log_00930322.txt
HTAR: a   instcat_y04_191109/job_log_00930323.txt
HTAR: a   instcat_y04_191109/job_log_00930324.txt
HTAR: a   instcat_y04_191109/job_log_00930325.txt
HTAR: a   instcat_y04_191109/job_log_00930326.txt
HTAR: a   instcat_y04_191109/job_log_00930350.txt
HTAR: a   instcat_y04_191109/job_log_00930351.txt
HTAR: a   instcat_y04_191109/job_log_00930352.txt
HTAR: a   instcat_y04_191109/job_log_00930353.txt
HTAR: a   instcat_y04_191109/job_log_00930354.txt
HTAR: a   instcat_y04_191109/job_log_00930372.txt
HTAR: a   instcat_y04_191109/job_log_00930373.txt
HTAR: a   instcat_y04_191109/job_log_00930374.txt
HTAR: a   instcat_y04_191109/job_log_00930375.txt
HTAR: a   instcat_y04_191109/job_log_00930376.txt
HTAR: a   instcat_y04_191109/job_log_00930377.txt
HTAR: a   instcat_y04_191109/job_log_00930378.txt
HTAR: a   instcat_y04_191109/job_log_00930380.txt
HTAR: a   instcat_y04_191109/job_log_00930381.txt
HTAR: a   instcat_y04_191109/job_log_00930405.txt
HTAR: a   instcat_y04_191109/job_log_00930406.txt
HTAR: a   instcat_y04_191109/job_log_00930407.txt
HTAR: a   instcat_y04_191109/job_log_00930408.txt
HTAR: a   instcat_y04_191109/job_log_00930409.txt
HTAR: a   instcat_y04_191109/job_log_00930410.txt
HTAR: a   instcat_y04_191109/job_log_00930423.txt
HTAR: a   instcat_y04_191109/job_log_00930424.txt
HTAR: a   instcat_y04_191109/job_log_00930425.txt
HTAR: a   instcat_y04_191109/job_log_00930426.txt
HTAR: a   instcat_y04_191109/job_log_00930455.txt
HTAR: a   instcat_y04_191109/job_log_00930456.txt
HTAR: a   instcat_y04_191109/job_log_00930465.txt
HTAR: a   instcat_y04_191109/job_log_00930466.txt
HTAR: a   instcat_y04_191109/job_log_00930467.txt
HTAR: a   instcat_y04_191109/job_log_00930468.txt
HTAR: a   instcat_y04_191109/job_log_00930490.txt
HTAR: a   instcat_y04_191109/job_log_00930491.txt
HTAR: a   instcat_y04_191109/job_log_00930511.txt
HTAR: a   instcat_y04_191109/job_log_00930512.txt
HTAR: a   instcat_y04_191109/job_log_00930533.txt
HTAR: a   instcat_y04_191109/job_log_00930534.txt
HTAR: a   instcat_y04_191109/job_log_00931169.txt
HTAR: a   instcat_y04_191109/job_log_00931170.txt
HTAR: a   instcat_y04_191109/job_log_00931172.txt
HTAR: a   instcat_y04_191109/job_log_00931173.txt
HTAR: a   instcat_y04_191109/job_log_00931174.txt
HTAR: a   instcat_y04_191109/job_log_00931175.txt
HTAR: a   instcat_y04_191109/job_log_00931176.txt
HTAR: a   instcat_y04_191109/job_log_00931180.txt
HTAR: a   instcat_y04_191109/job_log_00931182.txt
HTAR: a   instcat_y04_191109/job_log_00931183.txt
HTAR: a   instcat_y04_191109/job_log_00931209.txt
HTAR: a   instcat_y04_191109/job_log_00931210.txt
HTAR: a   instcat_y04_191109/job_log_00931211.txt
HTAR: a   instcat_y04_191109/job_log_00931212.txt
HTAR: a   instcat_y04_191109/job_log_00931213.txt
HTAR: a   instcat_y04_191109/job_log_00931214.txt
HTAR: a   /tmp/HTAR_CF_CHK_56249_1576003364
HTAR Create complete for /home/projects/desc/DC2_ImSim/Run2.2i/instCat/y04_191109/00928648to00931214.tar. 530,513,574,400 bytes written for 240 member files, max threads: 50 Transfer time: 4082.852 seconds (129.937 MB/s) wallclock/user/sys: 4083.182 4939.812 1895.089 seconds
HTAR: HTAR SUCCESSFUL
HTAR: a   instcat_y04_191109/00931218.tar.gz
HTAR: a   instcat_y04_191109/00931220.tar.gz
HTAR: a   instcat_y04_191109/00931221.tar.gz
HTAR: a   instcat_y04_191109/00931222.tar.gz
HTAR: a   instcat_y04_191109/00932122.tar.gz
HTAR: a   instcat_y04_191109/00932123.tar.gz
HTAR: a   instcat_y04_191109/00932125.tar.gz
HTAR: a   instcat_y04_191109/00932130.tar.gz
HTAR: a   instcat_y04_191109/00932166.tar.gz
HTAR: a   instcat_y04_191109/00932167.tar.gz
HTAR: a   instcat_y04_191109/00932168.tar.gz
HTAR: a   instcat_y04_191109/00932170.tar.gz
HTAR: a   instcat_y04_191109/00932171.tar.gz
HTAR: a   instcat_y04_191109/00932199.tar.gz
HTAR: a   instcat_y04_191109/00932232.tar.gz
HTAR: a   instcat_y04_191109/00932239.tar.gz
HTAR: a   instcat_y04_191109/00932275.tar.gz
HTAR: a   instcat_y04_191109/00932276.tar.gz
HTAR: a   instcat_y04_191109/00932277.tar.gz
HTAR: a   instcat_y04_191109/00932323.tar.gz
HTAR: a   instcat_y04_191109/00932324.tar.gz
HTAR: a   instcat_y04_191109/00932325.tar.gz
HTAR: a   instcat_y04_191109/00932370.tar.gz
HTAR: a   instcat_y04_191109/00932371.tar.gz
HTAR: a   instcat_y04_191109/00932372.tar.gz
HTAR: a   instcat_y04_191109/00932373.tar.gz
HTAR: a   instcat_y04_191109/00932374.tar.gz
HTAR: a   instcat_y04_191109/00932375.tar.gz
HTAR: a   instcat_y04_191109/00932376.tar.gz
HTAR: a   instcat_y04_191109/00932410.tar.gz
HTAR: a   instcat_y04_191109/00932411.tar.gz
HTAR: a   instcat_y04_191109/00932412.tar.gz
HTAR: a   instcat_y04_191109/00932413.tar.gz
HTAR: a   instcat_y04_191109/00932414.tar.gz
HTAR: a   instcat_y04_191109/00932416.tar.gz
HTAR: a   instcat_y04_191109/00932974.tar.gz
HTAR: a   instcat_y04_191109/00932975.tar.gz
HTAR: a   instcat_y04_191109/00932976.tar.gz
HTAR: a   instcat_y04_191109/00932977.tar.gz
HTAR: a   instcat_y04_191109/00932978.tar.gz
HTAR: a   instcat_y04_191109/00932979.tar.gz
HTAR: a   instcat_y04_191109/00932980.tar.gz
HTAR: a   instcat_y04_191109/00932981.tar.gz
HTAR: a   instcat_y04_191109/00932982.tar.gz
HTAR: a   instcat_y04_191109/00932983.tar.gz
HTAR: a   instcat_y04_191109/00932984.tar.gz
HTAR: a   instcat_y04_191109/00932985.tar.gz
HTAR: a   instcat_y04_191109/00932986.tar.gz
HTAR: a   instcat_y04_191109/00932987.tar.gz
HTAR: a   instcat_y04_191109/00932988.tar.gz
HTAR: a   instcat_y04_191109/00932989.tar.gz
HTAR: a   instcat_y04_191109/00932990.tar.gz
HTAR: a   instcat_y04_191109/00932991.tar.gz
HTAR: a   instcat_y04_191109/00932992.tar.gz
HTAR: a   instcat_y04_191109/00932993.tar.gz
HTAR: a   instcat_y04_191109/00932994.tar.gz
HTAR: a   instcat_y04_191109/00932995.tar.gz
HTAR: a   instcat_y04_191109/00932996.tar.gz
HTAR: a   instcat_y04_191109/00932997.tar.gz
HTAR: a   instcat_y04_191109/00932998.tar.gz
HTAR: a   instcat_y04_191109/00932999.tar.gz
HTAR: a   instcat_y04_191109/00933000.tar.gz
HTAR: a   instcat_y04_191109/00933001.tar.gz
HTAR: a   instcat_y04_191109/00933002.tar.gz
HTAR: a   instcat_y04_191109/00933003.tar.gz
HTAR: a   instcat_y04_191109/00933004.tar.gz
HTAR: a   instcat_y04_191109/00933005.tar.gz
HTAR: a   instcat_y04_191109/00933006.tar.gz
HTAR: a   instcat_y04_191109/00933007.tar.gz
HTAR: a   instcat_y04_191109/00933008.tar.gz
HTAR: a   instcat_y04_191109/00933009.tar.gz
HTAR: a   instcat_y04_191109/00933010.tar.gz
HTAR: a   instcat_y04_191109/00933011.tar.gz
HTAR: a   instcat_y04_191109/00933012.tar.gz
HTAR: a   instcat_y04_191109/00933013.tar.gz
HTAR: a   instcat_y04_191109/00933014.tar.gz
HTAR: a   instcat_y04_191109/00933015.tar.gz
HTAR: a   instcat_y04_191109/00933016.tar.gz
HTAR: a   instcat_y04_191109/00933017.tar.gz
HTAR: a   instcat_y04_191109/00933018.tar.gz
HTAR: a   instcat_y04_191109/00933019.tar.gz
HTAR: a   instcat_y04_191109/00933020.tar.gz
HTAR: a   instcat_y04_191109/00933021.tar.gz
HTAR: a   instcat_y04_191109/00933022.tar.gz
HTAR: a   instcat_y04_191109/00933023.tar.gz
HTAR: a   instcat_y04_191109/00933024.tar.gz
HTAR: a   instcat_y04_191109/00933025.tar.gz
HTAR: a   instcat_y04_191109/00933026.tar.gz
HTAR: a   instcat_y04_191109/00933027.tar.gz
HTAR: a   instcat_y04_191109/00933028.tar.gz
HTAR: a   instcat_y04_191109/00933029.tar.gz
HTAR: a   instcat_y04_191109/00933030.tar.gz
HTAR: a   instcat_y04_191109/00933031.tar.gz
HTAR: a   instcat_y04_191109/00933032.tar.gz
HTAR: a   instcat_y04_191109/00933033.tar.gz
HTAR: a   instcat_y04_191109/00933034.tar.gz
HTAR: a   instcat_y04_191109/00933035.tar.gz
HTAR: a   instcat_y04_191109/00933036.tar.gz
HTAR: a   instcat_y04_191109/00933037.tar.gz
HTAR: a   instcat_y04_191109/00933038.tar.gz
HTAR: a   instcat_y04_191109/00933039.tar.gz
HTAR: a   instcat_y04_191109/00933040.tar.gz
HTAR: a   instcat_y04_191109/00933041.tar.gz
HTAR: a   instcat_y04_191109/00933042.tar.gz
HTAR: a   instcat_y04_191109/00933043.tar.gz
HTAR: a   instcat_y04_191109/00933044.tar.gz
HTAR: a   instcat_y04_191109/00933045.tar.gz
HTAR: a   instcat_y04_191109/00933046.tar.gz
HTAR: a   instcat_y04_191109/00933047.tar.gz
HTAR: a   instcat_y04_191109/00933048.tar.gz
HTAR: a   instcat_y04_191109/00933049.tar.gz
HTAR: a   instcat_y04_191109/00933050.tar.gz
HTAR: a   instcat_y04_191109/00933051.tar.gz
HTAR: a   instcat_y04_191109/00933052.tar.gz
HTAR: a   instcat_y04_191109/00933053.tar.gz
HTAR: a   instcat_y04_191109/00933054.tar.gz
HTAR: a   instcat_y04_191109/00933055.tar.gz
HTAR: a   instcat_y04_191109/00933056.tar.gz
HTAR: a   instcat_y04_191109/00933057.tar.gz
HTAR: a   instcat_y04_191109/00933058.tar.gz
HTAR: a   instcat_y04_191109/job_log_00931218.txt
HTAR: a   instcat_y04_191109/job_log_00931220.txt
HTAR: a   instcat_y04_191109/job_log_00931221.txt
HTAR: a   instcat_y04_191109/job_log_00931222.txt
HTAR: a   instcat_y04_191109/job_log_00932122.txt
HTAR: a   instcat_y04_191109/job_log_00932123.txt
HTAR: a   instcat_y04_191109/job_log_00932125.txt
HTAR: a   instcat_y04_191109/job_log_00932130.txt
HTAR: a   instcat_y04_191109/job_log_00932166.txt
HTAR: a   instcat_y04_191109/job_log_00932167.txt
HTAR: a   instcat_y04_191109/job_log_00932168.txt
HTAR: a   instcat_y04_191109/job_log_00932170.txt
HTAR: a   instcat_y04_191109/job_log_00932171.txt
HTAR: a   instcat_y04_191109/job_log_00932199.txt
HTAR: a   instcat_y04_191109/job_log_00932232.txt
HTAR: a   instcat_y04_191109/job_log_00932239.txt
HTAR: a   instcat_y04_191109/job_log_00932275.txt
HTAR: a   instcat_y04_191109/job_log_00932276.txt
HTAR: a   instcat_y04_191109/job_log_00932277.txt
HTAR: a   instcat_y04_191109/job_log_00932323.txt
HTAR: a   instcat_y04_191109/job_log_00932324.txt
HTAR: a   instcat_y04_191109/job_log_00932325.txt
HTAR: a   instcat_y04_191109/job_log_00932370.txt
HTAR: a   instcat_y04_191109/job_log_00932371.txt
HTAR: a   instcat_y04_191109/job_log_00932372.txt
HTAR: a   instcat_y04_191109/job_log_00932373.txt
HTAR: a   instcat_y04_191109/job_log_00932374.txt
HTAR: a   instcat_y04_191109/job_log_00932375.txt
HTAR: a   instcat_y04_191109/job_log_00932376.txt
HTAR: a   instcat_y04_191109/job_log_00932410.txt
HTAR: a   instcat_y04_191109/job_log_00932411.txt
HTAR: a   instcat_y04_191109/job_log_00932412.txt
HTAR: a   instcat_y04_191109/job_log_00932413.txt
HTAR: a   instcat_y04_191109/job_log_00932414.txt
HTAR: a   instcat_y04_191109/job_log_00932416.txt
HTAR: a   instcat_y04_191109/job_log_00932974.txt
HTAR: a   instcat_y04_191109/job_log_00932975.txt
HTAR: a   instcat_y04_191109/job_log_00932976.txt
HTAR: a   instcat_y04_191109/job_log_00932977.txt
HTAR: a   instcat_y04_191109/job_log_00932978.txt
HTAR: a   instcat_y04_191109/job_log_00932979.txt
HTAR: a   instcat_y04_191109/job_log_00932980.txt
HTAR: a   instcat_y04_191109/job_log_00932981.txt
HTAR: a   instcat_y04_191109/job_log_00932982.txt
HTAR: a   instcat_y04_191109/job_log_00932983.txt
HTAR: a   instcat_y04_191109/job_log_00932984.txt
HTAR: a   instcat_y04_191109/job_log_00932985.txt
HTAR: a   instcat_y04_191109/job_log_00932986.txt
HTAR: a   instcat_y04_191109/job_log_00932987.txt
HTAR: a   instcat_y04_191109/job_log_00932988.txt
HTAR: a   instcat_y04_191109/job_log_00932989.txt
HTAR: a   instcat_y04_191109/job_log_00932990.txt
HTAR: a   instcat_y04_191109/job_log_00932991.txt
HTAR: a   instcat_y04_191109/job_log_00932992.txt
HTAR: a   instcat_y04_191109/job_log_00932993.txt
HTAR: a   instcat_y04_191109/job_log_00932994.txt
HTAR: a   instcat_y04_191109/job_log_00932995.txt
HTAR: a   instcat_y04_191109/job_log_00932996.txt
HTAR: a   instcat_y04_191109/job_log_00932997.txt
HTAR: a   instcat_y04_191109/job_log_00932998.txt
HTAR: a   instcat_y04_191109/job_log_00932999.txt
HTAR: a   instcat_y04_191109/job_log_00933000.txt
HTAR: a   instcat_y04_191109/job_log_00933001.txt
HTAR: a   instcat_y04_191109/job_log_00933002.txt
HTAR: a   instcat_y04_191109/job_log_00933003.txt
HTAR: a   instcat_y04_191109/job_log_00933004.txt
HTAR: a   instcat_y04_191109/job_log_00933005.txt
HTAR: a   instcat_y04_191109/job_log_00933006.txt
HTAR: a   instcat_y04_191109/job_log_00933007.txt
HTAR: a   instcat_y04_191109/job_log_00933008.txt
HTAR: a   instcat_y04_191109/job_log_00933009.txt
HTAR: a   instcat_y04_191109/job_log_00933010.txt
HTAR: a   instcat_y04_191109/job_log_00933011.txt
HTAR: a   instcat_y04_191109/job_log_00933012.txt
HTAR: a   instcat_y04_191109/job_log_00933013.txt
HTAR: a   instcat_y04_191109/job_log_00933014.txt
HTAR: a   instcat_y04_191109/job_log_00933015.txt
HTAR: a   instcat_y04_191109/job_log_00933016.txt
HTAR: a   instcat_y04_191109/job_log_00933017.txt
HTAR: a   instcat_y04_191109/job_log_00933018.txt
HTAR: a   instcat_y04_191109/job_log_00933019.txt
HTAR: a   instcat_y04_191109/job_log_00933020.txt
HTAR: a   instcat_y04_191109/job_log_00933021.txt
HTAR: a   instcat_y04_191109/job_log_00933022.txt
HTAR: a   instcat_y04_191109/job_log_00933023.txt
HTAR: a   instcat_y04_191109/job_log_00933024.txt
HTAR: a   instcat_y04_191109/job_log_00933025.txt
HTAR: a   instcat_y04_191109/job_log_00933026.txt
HTAR: a   instcat_y04_191109/job_log_00933027.txt
HTAR: a   instcat_y04_191109/job_log_00933028.txt
HTAR: a   instcat_y04_191109/job_log_00933029.txt
HTAR: a   instcat_y04_191109/job_log_00933030.txt
HTAR: a   instcat_y04_191109/job_log_00933031.txt
HTAR: a   instcat_y04_191109/job_log_00933032.txt
HTAR: a   instcat_y04_191109/job_log_00933033.txt
HTAR: a   instcat_y04_191109/job_log_00933034.txt
HTAR: a   instcat_y04_191109/job_log_00933035.txt
HTAR: a   instcat_y04_191109/job_log_00933036.txt
HTAR: a   instcat_y04_191109/job_log_00933037.txt
HTAR: a   instcat_y04_191109/job_log_00933038.txt
HTAR: a   instcat_y04_191109/job_log_00933039.txt
HTAR: a   instcat_y04_191109/job_log_00933040.txt
HTAR: a   instcat_y04_191109/job_log_00933041.txt
HTAR: a   instcat_y04_191109/job_log_00933042.txt
HTAR: a   instcat_y04_191109/job_log_00933043.txt
HTAR: a   instcat_y04_191109/job_log_00933044.txt
HTAR: a   instcat_y04_191109/job_log_00933045.txt
HTAR: a   instcat_y04_191109/job_log_00933046.txt
HTAR: a   instcat_y04_191109/job_log_00933047.txt
HTAR: a   instcat_y04_191109/job_log_00933048.txt
HTAR: a   instcat_y04_191109/job_log_00933049.txt
HTAR: a   instcat_y04_191109/job_log_00933050.txt
HTAR: a   instcat_y04_191109/job_log_00933051.txt
HTAR: a   instcat_y04_191109/job_log_00933052.txt
HTAR: a   instcat_y04_191109/job_log_00933053.txt
HTAR: a   instcat_y04_191109/job_log_00933054.txt
HTAR: a   instcat_y04_191109/job_log_00933055.txt
HTAR: a   instcat_y04_191109/job_log_00933056.txt
HTAR: a   instcat_y04_191109/job_log_00933057.txt
HTAR: a   instcat_y04_191109/job_log_00933058.txt
HTAR: a   /tmp/HTAR_CF_CHK_35392_1576007450
HTAR Create complete for /home/projects/desc/DC2_ImSim/Run2.2i/instCat/y04_191109/00931218to00933058.tar. 552,673,144,832 bytes written for 240 member files, max threads: 50 Transfer time: 4283.629 seconds (129.020 MB/s) wallclock/user/sys: 4284.296 5184.244 1966.186 seconds
HTAR: HTAR SUCCESSFUL
HTAR: a   instcat_y04_191109/00933059.tar.gz
HTAR: a   instcat_y04_191109/00933060.tar.gz
HTAR: a   instcat_y04_191109/00933061.tar.gz
HTAR: a   instcat_y04_191109/00933062.tar.gz
HTAR: a   instcat_y04_191109/00933063.tar.gz
HTAR: a   instcat_y04_191109/00933064.tar.gz
HTAR: a   instcat_y04_191109/00933065.tar.gz
HTAR: a   instcat_y04_191109/00933066.tar.gz
HTAR: a   instcat_y04_191109/00933067.tar.gz
HTAR: a   instcat_y04_191109/00933068.tar.gz
HTAR: a   instcat_y04_191109/00933069.tar.gz
HTAR: a   instcat_y04_191109/00933252.tar.gz
HTAR: a   instcat_y04_191109/00933253.tar.gz
HTAR: a   instcat_y04_191109/00933254.tar.gz
HTAR: a   instcat_y04_191109/00933255.tar.gz
HTAR: a   instcat_y04_191109/00933286.tar.gz
HTAR: a   instcat_y04_191109/00933287.tar.gz
HTAR: a   instcat_y04_191109/00933288.tar.gz
HTAR: a   instcat_y04_191109/00933334.tar.gz
HTAR: a   instcat_y04_191109/00933335.tar.gz
HTAR: a   instcat_y04_191109/00933336.tar.gz
HTAR: a   instcat_y04_191109/00933337.tar.gz
HTAR: a   instcat_y04_191109/00933770.tar.gz
HTAR: a   instcat_y04_191109/00933818.tar.gz
HTAR: a   instcat_y04_191109/00933947.tar.gz
HTAR: a   instcat_y04_191109/00933948.tar.gz
HTAR: a   instcat_y04_191109/00933949.tar.gz
HTAR: a   instcat_y04_191109/00933950.tar.gz
HTAR: a   instcat_y04_191109/00933951.tar.gz
HTAR: a   instcat_y04_191109/00933952.tar.gz
HTAR: a   instcat_y04_191109/00933962.tar.gz
HTAR: a   instcat_y04_191109/00933963.tar.gz
HTAR: a   instcat_y04_191109/00933964.tar.gz
HTAR: a   instcat_y04_191109/00933965.tar.gz
HTAR: a   instcat_y04_191109/00933966.tar.gz
HTAR: a   instcat_y04_191109/00933967.tar.gz
HTAR: a   instcat_y04_191109/00933968.tar.gz
HTAR: a   instcat_y04_191109/00933969.tar.gz
HTAR: a   instcat_y04_191109/00933970.tar.gz
HTAR: a   instcat_y04_191109/00933973.tar.gz
HTAR: a   instcat_y04_191109/00933974.tar.gz
HTAR: a   instcat_y04_191109/00933989.tar.gz
HTAR: a   instcat_y04_191109/00933990.tar.gz
HTAR: a   instcat_y04_191109/00933991.tar.gz
HTAR: a   instcat_y04_191109/00933992.tar.gz
HTAR: a   instcat_y04_191109/00933993.tar.gz
HTAR: a   instcat_y04_191109/00934002.tar.gz
HTAR: a   instcat_y04_191109/00934003.tar.gz
HTAR: a   instcat_y04_191109/00934004.tar.gz
HTAR: a   instcat_y04_191109/00934005.tar.gz
HTAR: a   instcat_y04_191109/00934006.tar.gz
HTAR: a   instcat_y04_191109/00934007.tar.gz
HTAR: a   instcat_y04_191109/00934008.tar.gz
HTAR: a   instcat_y04_191109/00934009.tar.gz
HTAR: a   instcat_y04_191109/00934010.tar.gz
HTAR: a   instcat_y04_191109/00934011.tar.gz
HTAR: a   instcat_y04_191109/00934012.tar.gz
HTAR: a   instcat_y04_191109/00934013.tar.gz
HTAR: a   instcat_y04_191109/00934014.tar.gz
HTAR: a   instcat_y04_191109/00934015.tar.gz
HTAR: a   instcat_y04_191109/00934016.tar.gz
HTAR: a   instcat_y04_191109/00934017.tar.gz
HTAR: a   instcat_y04_191109/00934024.tar.gz
HTAR: a   instcat_y04_191109/00934025.tar.gz
HTAR: a   instcat_y04_191109/00934045.tar.gz
HTAR: a   instcat_y04_191109/00934046.tar.gz
HTAR: a   instcat_y04_191109/00934047.tar.gz
HTAR: a   instcat_y04_191109/00934048.tar.gz
HTAR: a   instcat_y04_191109/00934049.tar.gz
HTAR: a   instcat_y04_191109/00934052.tar.gz
HTAR: a   instcat_y04_191109/00934053.tar.gz
HTAR: a   instcat_y04_191109/00934056.tar.gz
HTAR: a   instcat_y04_191109/00934057.tar.gz
HTAR: a   instcat_y04_191109/00934093.tar.gz
HTAR: a   instcat_y04_191109/00934094.tar.gz
HTAR: a   instcat_y04_191109/00934095.tar.gz
HTAR: a   instcat_y04_191109/00934096.tar.gz
HTAR: a   instcat_y04_191109/00934097.tar.gz
HTAR: a   instcat_y04_191109/00934143.tar.gz
HTAR: a   instcat_y04_191109/00934144.tar.gz
HTAR: a   instcat_y04_191109/00934145.tar.gz
HTAR: a   instcat_y04_191109/00934146.tar.gz
HTAR: a   instcat_y04_191109/00934147.tar.gz
HTAR: a   instcat_y04_191109/00934695.tar.gz
HTAR: a   instcat_y04_191109/00934696.tar.gz
HTAR: a   instcat_y04_191109/00934697.tar.gz
HTAR: a   instcat_y04_191109/00934698.tar.gz
HTAR: a   instcat_y04_191109/00934699.tar.gz
HTAR: a   instcat_y04_191109/00934700.tar.gz
HTAR: a   instcat_y04_191109/00934701.tar.gz
HTAR: a   instcat_y04_191109/00934702.tar.gz
HTAR: a   instcat_y04_191109/00934703.tar.gz
HTAR: a   instcat_y04_191109/00934704.tar.gz
HTAR: a   instcat_y04_191109/00934705.tar.gz
HTAR: a   instcat_y04_191109/00934706.tar.gz
HTAR: a   instcat_y04_191109/00934707.tar.gz
HTAR: a   instcat_y04_191109/00934708.tar.gz
HTAR: a   instcat_y04_191109/00934709.tar.gz
HTAR: a   instcat_y04_191109/00934710.tar.gz
HTAR: a   instcat_y04_191109/00934711.tar.gz
HTAR: a   instcat_y04_191109/00934712.tar.gz
HTAR: a   instcat_y04_191109/00934713.tar.gz
HTAR: a   instcat_y04_191109/00934714.tar.gz
HTAR: a   instcat_y04_191109/00934715.tar.gz
HTAR: a   instcat_y04_191109/00934716.tar.gz
HTAR: a   instcat_y04_191109/00934717.tar.gz
HTAR: a   instcat_y04_191109/00934718.tar.gz
HTAR: a   instcat_y04_191109/00934719.tar.gz
HTAR: a   instcat_y04_191109/00934720.tar.gz
HTAR: a   instcat_y04_191109/00934721.tar.gz
HTAR: a   instcat_y04_191109/00934722.tar.gz
HTAR: a   instcat_y04_191109/00934723.tar.gz
HTAR: a   instcat_y04_191109/00934724.tar.gz
HTAR: a   instcat_y04_191109/00934725.tar.gz
HTAR: a   instcat_y04_191109/00934726.tar.gz
HTAR: a   instcat_y04_191109/00934727.tar.gz
HTAR: a   instcat_y04_191109/00934728.tar.gz
HTAR: a   instcat_y04_191109/00934729.tar.gz
HTAR: a   instcat_y04_191109/00934730.tar.gz
HTAR: a   instcat_y04_191109/00934731.tar.gz
HTAR: a   instcat_y04_191109/job_log_00933059.txt
HTAR: a   instcat_y04_191109/job_log_00933060.txt
HTAR: a   instcat_y04_191109/job_log_00933061.txt
HTAR: a   instcat_y04_191109/job_log_00933062.txt
HTAR: a   instcat_y04_191109/job_log_00933063.txt
HTAR: a   instcat_y04_191109/job_log_00933064.txt
HTAR: a   instcat_y04_191109/job_log_00933065.txt
HTAR: a   instcat_y04_191109/job_log_00933066.txt
HTAR: a   instcat_y04_191109/job_log_00933067.txt
HTAR: a   instcat_y04_191109/job_log_00933068.txt
HTAR: a   instcat_y04_191109/job_log_00933069.txt
HTAR: a   instcat_y04_191109/job_log_00933252.txt
HTAR: a   instcat_y04_191109/job_log_00933253.txt
HTAR: a   instcat_y04_191109/job_log_00933254.txt
HTAR: a   instcat_y04_191109/job_log_00933255.txt
HTAR: a   instcat_y04_191109/job_log_00933286.txt
HTAR: a   instcat_y04_191109/job_log_00933287.txt
HTAR: a   instcat_y04_191109/job_log_00933288.txt
HTAR: a   instcat_y04_191109/job_log_00933334.txt
HTAR: a   instcat_y04_191109/job_log_00933335.txt
HTAR: a   instcat_y04_191109/job_log_00933336.txt
HTAR: a   instcat_y04_191109/job_log_00933337.txt
HTAR: a   instcat_y04_191109/job_log_00933770.txt
HTAR: a   instcat_y04_191109/job_log_00933818.txt
HTAR: a   instcat_y04_191109/job_log_00933947.txt
HTAR: a   instcat_y04_191109/job_log_00933948.txt
HTAR: a   instcat_y04_191109/job_log_00933949.txt
HTAR: a   instcat_y04_191109/job_log_00933950.txt
HTAR: a   instcat_y04_191109/job_log_00933951.txt
HTAR: a   instcat_y04_191109/job_log_00933952.txt
HTAR: a   instcat_y04_191109/job_log_00933962.txt
HTAR: a   instcat_y04_191109/job_log_00933963.txt
HTAR: a   instcat_y04_191109/job_log_00933964.txt
HTAR: a   instcat_y04_191109/job_log_00933965.txt
HTAR: a   instcat_y04_191109/job_log_00933966.txt
HTAR: a   instcat_y04_191109/job_log_00933967.txt
HTAR: a   instcat_y04_191109/job_log_00933968.txt
HTAR: a   instcat_y04_191109/job_log_00933969.txt
HTAR: a   instcat_y04_191109/job_log_00933970.txt
HTAR: a   instcat_y04_191109/job_log_00933973.txt
HTAR: a   instcat_y04_191109/job_log_00933974.txt
HTAR: a   instcat_y04_191109/job_log_00933989.txt
HTAR: a   instcat_y04_191109/job_log_00933990.txt
HTAR: a   instcat_y04_191109/job_log_00933991.txt
HTAR: a   instcat_y04_191109/job_log_00933992.txt
HTAR: a   instcat_y04_191109/job_log_00933993.txt
HTAR: a   instcat_y04_191109/job_log_00934002.txt
HTAR: a   instcat_y04_191109/job_log_00934003.txt
HTAR: a   instcat_y04_191109/job_log_00934004.txt
HTAR: a   instcat_y04_191109/job_log_00934005.txt
HTAR: a   instcat_y04_191109/job_log_00934006.txt
HTAR: a   instcat_y04_191109/job_log_00934007.txt
HTAR: a   instcat_y04_191109/job_log_00934008.txt
HTAR: a   instcat_y04_191109/job_log_00934009.txt
HTAR: a   instcat_y04_191109/job_log_00934010.txt
HTAR: a   instcat_y04_191109/job_log_00934011.txt
HTAR: a   instcat_y04_191109/job_log_00934012.txt
HTAR: a   instcat_y04_191109/job_log_00934013.txt
HTAR: a   instcat_y04_191109/job_log_00934014.txt
HTAR: a   instcat_y04_191109/job_log_00934015.txt
HTAR: a   instcat_y04_191109/job_log_00934016.txt
HTAR: a   instcat_y04_191109/job_log_00934017.txt
HTAR: a   instcat_y04_191109/job_log_00934024.txt
HTAR: a   instcat_y04_191109/job_log_00934025.txt
HTAR: a   instcat_y04_191109/job_log_00934045.txt
HTAR: a   instcat_y04_191109/job_log_00934046.txt
HTAR: a   instcat_y04_191109/job_log_00934047.txt
HTAR: a   instcat_y04_191109/job_log_00934048.txt
HTAR: a   instcat_y04_191109/job_log_00934049.txt
HTAR: a   instcat_y04_191109/job_log_00934052.txt
HTAR: a   instcat_y04_191109/job_log_00934053.txt
HTAR: a   instcat_y04_191109/job_log_00934056.txt
HTAR: a   instcat_y04_191109/job_log_00934057.txt
HTAR: a   instcat_y04_191109/job_log_00934093.txt
HTAR: a   instcat_y04_191109/job_log_00934094.txt
HTAR: a   instcat_y04_191109/job_log_00934095.txt
HTAR: a   instcat_y04_191109/job_log_00934096.txt
HTAR: a   instcat_y04_191109/job_log_00934097.txt
HTAR: a   instcat_y04_191109/job_log_00934143.txt
HTAR: a   instcat_y04_191109/job_log_00934144.txt
HTAR: a   instcat_y04_191109/job_log_00934145.txt
HTAR: a   instcat_y04_191109/job_log_00934146.txt
HTAR: a   instcat_y04_191109/job_log_00934147.txt
HTAR: a   instcat_y04_191109/job_log_00934695.txt
HTAR: a   instcat_y04_191109/job_log_00934696.txt
HTAR: a   instcat_y04_191109/job_log_00934697.txt
HTAR: a   instcat_y04_191109/job_log_00934698.txt
HTAR: a   instcat_y04_191109/job_log_00934699.txt
HTAR: a   instcat_y04_191109/job_log_00934700.txt
HTAR: a   instcat_y04_191109/job_log_00934701.txt
HTAR: a   instcat_y04_191109/job_log_00934702.txt
HTAR: a   instcat_y04_191109/job_log_00934703.txt
HTAR: a   instcat_y04_191109/job_log_00934704.txt
HTAR: a   instcat_y04_191109/job_log_00934705.txt
HTAR: a   instcat_y04_191109/job_log_00934706.txt
HTAR: a   instcat_y04_191109/job_log_00934707.txt
HTAR: a   instcat_y04_191109/job_log_00934708.txt
HTAR: a   instcat_y04_191109/job_log_00934709.txt
HTAR: a   instcat_y04_191109/job_log_00934710.txt
HTAR: a   instcat_y04_191109/job_log_00934711.txt
HTAR: a   instcat_y04_191109/job_log_00934712.txt
HTAR: a   instcat_y04_191109/job_log_00934713.txt
HTAR: a   instcat_y04_191109/job_log_00934714.txt
HTAR: a   instcat_y04_191109/job_log_00934715.txt
HTAR: a   instcat_y04_191109/job_log_00934716.txt
HTAR: a   instcat_y04_191109/job_log_00934717.txt
HTAR: a   instcat_y04_191109/job_log_00934718.txt
HTAR: a   instcat_y04_191109/job_log_00934719.txt
HTAR: a   instcat_y04_191109/job_log_00934720.txt
HTAR: a   instcat_y04_191109/job_log_00934721.txt
HTAR: a   instcat_y04_191109/job_log_00934722.txt
HTAR: a   instcat_y04_191109/job_log_00934723.txt
HTAR: a   instcat_y04_191109/job_log_00934724.txt
HTAR: a   instcat_y04_191109/job_log_00934725.txt
HTAR: a   instcat_y04_191109/job_log_00934726.txt
HTAR: a   instcat_y04_191109/job_log_00934727.txt
HTAR: a   instcat_y04_191109/job_log_00934728.txt
HTAR: a   instcat_y04_191109/job_log_00934729.txt
HTAR: a   instcat_y04_191109/job_log_00934730.txt
HTAR: a   instcat_y04_191109/job_log_00934731.txt
HTAR: a   /tmp/HTAR_CF_CHK_53246_1576011739
HTAR Create complete for /home/projects/desc/DC2_ImSim/Run2.2i/instCat/y04_191109/00933059to00934731.tar. 545,345,038,336 bytes written for 240 member files, max threads: 50 Transfer time: 4274.838 seconds (127.571 MB/s) wallclock/user/sys: 4277.024 5184.779 1964.387 seconds
HTAR: HTAR SUCCESSFUL
HTAR: a   instcat_y04_191109/00934732.tar.gz
HTAR: a   instcat_y04_191109/00934733.tar.gz
HTAR: a   instcat_y04_191109/00934734.tar.gz
HTAR: a   instcat_y04_191109/00934735.tar.gz
HTAR: a   instcat_y04_191109/00934736.tar.gz
HTAR: a   instcat_y04_191109/00934737.tar.gz
HTAR: a   instcat_y04_191109/00934738.tar.gz
HTAR: a   instcat_y04_191109/00934739.tar.gz
HTAR: a   instcat_y04_191109/00934740.tar.gz
HTAR: a   instcat_y04_191109/00934741.tar.gz
HTAR: a   instcat_y04_191109/00934742.tar.gz
HTAR: a   instcat_y04_191109/00934743.tar.gz
HTAR: a   instcat_y04_191109/00934744.tar.gz
HTAR: a   instcat_y04_191109/00934745.tar.gz
HTAR: a   instcat_y04_191109/00934746.tar.gz
HTAR: a   instcat_y04_191109/00934747.tar.gz
HTAR: a   instcat_y04_191109/00934748.tar.gz
HTAR: a   instcat_y04_191109/00934749.tar.gz
HTAR: a   instcat_y04_191109/00934750.tar.gz
HTAR: a   instcat_y04_191109/00934751.tar.gz
HTAR: a   instcat_y04_191109/00934752.tar.gz
HTAR: a   instcat_y04_191109/00934753.tar.gz
HTAR: a   instcat_y04_191109/00934754.tar.gz
HTAR: a   instcat_y04_191109/00934755.tar.gz
HTAR: a   instcat_y04_191109/00934756.tar.gz
HTAR: a   instcat_y04_191109/00934757.tar.gz
HTAR: a   instcat_y04_191109/00934758.tar.gz
HTAR: a   instcat_y04_191109/00934759.tar.gz
HTAR: a   instcat_y04_191109/00934760.tar.gz
HTAR: a   instcat_y04_191109/00934761.tar.gz
HTAR: a   instcat_y04_191109/00934762.tar.gz
HTAR: a   instcat_y04_191109/00934763.tar.gz
HTAR: a   instcat_y04_191109/00934764.tar.gz
HTAR: a   instcat_y04_191109/00934765.tar.gz
HTAR: a   instcat_y04_191109/00934766.tar.gz
HTAR: a   instcat_y04_191109/00934767.tar.gz
HTAR: a   instcat_y04_191109/00934768.tar.gz
HTAR: a   instcat_y04_191109/00934769.tar.gz
HTAR: a   instcat_y04_191109/00934770.tar.gz
HTAR: a   instcat_y04_191109/00934771.tar.gz
HTAR: a   instcat_y04_191109/00934772.tar.gz
HTAR: a   instcat_y04_191109/00934773.tar.gz
HTAR: a   instcat_y04_191109/00934774.tar.gz
HTAR: a   instcat_y04_191109/00934775.tar.gz
HTAR: a   instcat_y04_191109/00934776.tar.gz
HTAR: a   instcat_y04_191109/00934777.tar.gz
HTAR: a   instcat_y04_191109/00934778.tar.gz
HTAR: a   instcat_y04_191109/00934779.tar.gz
HTAR: a   instcat_y04_191109/00934780.tar.gz
HTAR: a   instcat_y04_191109/00934781.tar.gz
HTAR: a   instcat_y04_191109/00934782.tar.gz
HTAR: a   instcat_y04_191109/00934783.tar.gz
HTAR: a   instcat_y04_191109/00934784.tar.gz
HTAR: a   instcat_y04_191109/00934785.tar.gz
HTAR: a   instcat_y04_191109/00934786.tar.gz
HTAR: a   instcat_y04_191109/00934787.tar.gz
HTAR: a   instcat_y04_191109/00934788.tar.gz
HTAR: a   instcat_y04_191109/00934789.tar.gz
HTAR: a   instcat_y04_191109/00934790.tar.gz
HTAR: a   instcat_y04_191109/00935636.tar.gz
HTAR: a   instcat_y04_191109/00935640.tar.gz
HTAR: a   instcat_y04_191109/00935641.tar.gz
HTAR: a   instcat_y04_191109/00935642.tar.gz
HTAR: a   instcat_y04_191109/00935660.tar.gz
HTAR: a   instcat_y04_191109/00935661.tar.gz
HTAR: a   instcat_y04_191109/00935663.tar.gz
HTAR: a   instcat_y04_191109/00935664.tar.gz
HTAR: a   instcat_y04_191109/00935665.tar.gz
HTAR: a   instcat_y04_191109/00935669.tar.gz
HTAR: a   instcat_y04_191109/00935686.tar.gz
HTAR: a   instcat_y04_191109/00935687.tar.gz
HTAR: a   instcat_y04_191109/00935849.tar.gz
HTAR: a   instcat_y04_191109/00935850.tar.gz
HTAR: a   instcat_y04_191109/00935851.tar.gz
HTAR: a   instcat_y04_191109/00935853.tar.gz
HTAR: a   instcat_y04_191109/00935854.tar.gz
HTAR: a   instcat_y04_191109/00935876.tar.gz
HTAR: a   instcat_y04_191109/00935892.tar.gz
HTAR: a   instcat_y04_191109/00935893.tar.gz
HTAR: a   instcat_y04_191109/00935894.tar.gz
HTAR: a   instcat_y04_191109/00935914.tar.gz
HTAR: a   instcat_y04_191109/00935929.tar.gz
HTAR: a   instcat_y04_191109/00936326.tar.gz
HTAR: a   instcat_y04_191109/00936327.tar.gz
HTAR: a   instcat_y04_191109/00936328.tar.gz
HTAR: a   instcat_y04_191109/00936329.tar.gz
HTAR: a   instcat_y04_191109/00936366.tar.gz
HTAR: a   instcat_y04_191109/00936367.tar.gz
HTAR: a   instcat_y04_191109/00936368.tar.gz
HTAR: a   instcat_y04_191109/00936406.tar.gz
HTAR: a   instcat_y04_191109/00936407.tar.gz
HTAR: a   instcat_y04_191109/00936408.tar.gz
HTAR: a   instcat_y04_191109/00936409.tar.gz
HTAR: a   instcat_y04_191109/00936410.tar.gz
HTAR: a   instcat_y04_191109/00936412.tar.gz
HTAR: a   instcat_y04_191109/00936413.tar.gz
HTAR: a   instcat_y04_191109/00936414.tar.gz
HTAR: a   instcat_y04_191109/00936415.tar.gz
HTAR: a   instcat_y04_191109/00936416.tar.gz
HTAR: a   instcat_y04_191109/00936417.tar.gz
HTAR: a   instcat_y04_191109/00936418.tar.gz
HTAR: a   instcat_y04_191109/00936419.tar.gz
HTAR: a   instcat_y04_191109/00936421.tar.gz
HTAR: a   instcat_y04_191109/00936422.tar.gz
HTAR: a   instcat_y04_191109/00936423.tar.gz
HTAR: a   instcat_y04_191109/00936424.tar.gz
HTAR: a   instcat_y04_191109/00936425.tar.gz
HTAR: a   instcat_y04_191109/00936426.tar.gz
HTAR: a   instcat_y04_191109/00936427.tar.gz
HTAR: a   instcat_y04_191109/00936428.tar.gz
HTAR: a   instcat_y04_191109/00936429.tar.gz
HTAR: a   instcat_y04_191109/00936430.tar.gz
HTAR: a   instcat_y04_191109/00936431.tar.gz
HTAR: a   instcat_y04_191109/00936432.tar.gz
HTAR: a   instcat_y04_191109/00936433.tar.gz
HTAR: a   instcat_y04_191109/00936434.tar.gz
HTAR: a   instcat_y04_191109/00936435.tar.gz
HTAR: a   instcat_y04_191109/00936436.tar.gz
HTAR: a   instcat_y04_191109/00936437.tar.gz
HTAR: a   instcat_y04_191109/00936438.tar.gz
HTAR: a   instcat_y04_191109/job_log_00934732.txt
HTAR: a   instcat_y04_191109/job_log_00934733.txt
HTAR: a   instcat_y04_191109/job_log_00934734.txt
HTAR: a   instcat_y04_191109/job_log_00934735.txt
HTAR: a   instcat_y04_191109/job_log_00934736.txt
HTAR: a   instcat_y04_191109/job_log_00934737.txt
HTAR: a   instcat_y04_191109/job_log_00934738.txt
HTAR: a   instcat_y04_191109/job_log_00934739.txt
HTAR: a   instcat_y04_191109/job_log_00934740.txt
HTAR: a   instcat_y04_191109/job_log_00934741.txt
HTAR: a   instcat_y04_191109/job_log_00934742.txt
HTAR: a   instcat_y04_191109/job_log_00934743.txt
HTAR: a   instcat_y04_191109/job_log_00934744.txt
HTAR: a   instcat_y04_191109/job_log_00934745.txt
HTAR: a   instcat_y04_191109/job_log_00934746.txt
HTAR: a   instcat_y04_191109/job_log_00934747.txt
HTAR: a   instcat_y04_191109/job_log_00934748.txt
HTAR: a   instcat_y04_191109/job_log_00934749.txt
HTAR: a   instcat_y04_191109/job_log_00934750.txt
HTAR: a   instcat_y04_191109/job_log_00934751.txt
HTAR: a   instcat_y04_191109/job_log_00934752.txt
HTAR: a   instcat_y04_191109/job_log_00934753.txt
HTAR: a   instcat_y04_191109/job_log_00934754.txt
HTAR: a   instcat_y04_191109/job_log_00934755.txt
HTAR: a   instcat_y04_191109/job_log_00934756.txt
HTAR: a   instcat_y04_191109/job_log_00934757.txt
HTAR: a   instcat_y04_191109/job_log_00934758.txt
HTAR: a   instcat_y04_191109/job_log_00934759.txt
HTAR: a   instcat_y04_191109/job_log_00934760.txt
HTAR: a   instcat_y04_191109/job_log_00934761.txt
HTAR: a   instcat_y04_191109/job_log_00934762.txt
HTAR: a   instcat_y04_191109/job_log_00934763.txt
HTAR: a   instcat_y04_191109/job_log_00934764.txt
HTAR: a   instcat_y04_191109/job_log_00934765.txt
HTAR: a   instcat_y04_191109/job_log_00934766.txt
HTAR: a   instcat_y04_191109/job_log_00934767.txt
HTAR: a   instcat_y04_191109/job_log_00934768.txt
HTAR: a   instcat_y04_191109/job_log_00934769.txt
HTAR: a   instcat_y04_191109/job_log_00934770.txt
HTAR: a   instcat_y04_191109/job_log_00934771.txt
HTAR: a   instcat_y04_191109/job_log_00934772.txt
HTAR: a   instcat_y04_191109/job_log_00934773.txt
HTAR: a   instcat_y04_191109/job_log_00934774.txt
HTAR: a   instcat_y04_191109/job_log_00934775.txt
HTAR: a   instcat_y04_191109/job_log_00934776.txt
HTAR: a   instcat_y04_191109/job_log_00934777.txt
HTAR: a   instcat_y04_191109/job_log_00934778.txt
HTAR: a   instcat_y04_191109/job_log_00934779.txt
HTAR: a   instcat_y04_191109/job_log_00934780.txt
HTAR: a   instcat_y04_191109/job_log_00934781.txt
HTAR: a   instcat_y04_191109/job_log_00934782.txt
HTAR: a   instcat_y04_191109/job_log_00934783.txt
HTAR: a   instcat_y04_191109/job_log_00934784.txt
HTAR: a   instcat_y04_191109/job_log_00934785.txt
HTAR: a   instcat_y04_191109/job_log_00934786.txt
HTAR: a   instcat_y04_191109/job_log_00934787.txt
HTAR: a   instcat_y04_191109/job_log_00934788.txt
HTAR: a   instcat_y04_191109/job_log_00934789.txt
HTAR: a   instcat_y04_191109/job_log_00934790.txt
HTAR: a   instcat_y04_191109/job_log_00935636.txt
HTAR: a   instcat_y04_191109/job_log_00935640.txt
HTAR: a   instcat_y04_191109/job_log_00935641.txt
HTAR: a   instcat_y04_191109/job_log_00935642.txt
HTAR: a   instcat_y04_191109/job_log_00935660.txt
HTAR: a   instcat_y04_191109/job_log_00935661.txt
HTAR: a   instcat_y04_191109/job_log_00935663.txt
HTAR: a   instcat_y04_191109/job_log_00935664.txt
HTAR: a   instcat_y04_191109/job_log_00935665.txt
HTAR: a   instcat_y04_191109/job_log_00935669.txt
HTAR: a   instcat_y04_191109/job_log_00935686.txt
HTAR: a   instcat_y04_191109/job_log_00935687.txt
HTAR: a   instcat_y04_191109/job_log_00935849.txt
HTAR: a   instcat_y04_191109/job_log_00935850.txt
HTAR: a   instcat_y04_191109/job_log_00935851.txt
HTAR: a   instcat_y04_191109/job_log_00935853.txt
HTAR: a   instcat_y04_191109/job_log_00935854.txt
HTAR: a   instcat_y04_191109/job_log_00935876.txt
HTAR: a   instcat_y04_191109/job_log_00935892.txt
HTAR: a   instcat_y04_191109/job_log_00935893.txt
HTAR: a   instcat_y04_191109/job_log_00935894.txt
HTAR: a   instcat_y04_191109/job_log_00935914.txt
HTAR: a   instcat_y04_191109/job_log_00935929.txt
HTAR: a   instcat_y04_191109/job_log_00936326.txt
HTAR: a   instcat_y04_191109/job_log_00936327.txt
HTAR: a   instcat_y04_191109/job_log_00936328.txt
HTAR: a   instcat_y04_191109/job_log_00936329.txt
HTAR: a   instcat_y04_191109/job_log_00936366.txt
HTAR: a   instcat_y04_191109/job_log_00936367.txt
HTAR: a   instcat_y04_191109/job_log_00936368.txt
HTAR: a   instcat_y04_191109/job_log_00936406.txt
HTAR: a   instcat_y04_191109/job_log_00936407.txt
HTAR: a   instcat_y04_191109/job_log_00936408.txt
HTAR: a   instcat_y04_191109/job_log_00936409.txt
HTAR: a   instcat_y04_191109/job_log_00936410.txt
HTAR: a   instcat_y04_191109/job_log_00936412.txt
HTAR: a   instcat_y04_191109/job_log_00936413.txt
HTAR: a   instcat_y04_191109/job_log_00936414.txt
HTAR: a   instcat_y04_191109/job_log_00936415.txt
HTAR: a   instcat_y04_191109/job_log_00936416.txt
HTAR: a   instcat_y04_191109/job_log_00936417.txt
HTAR: a   instcat_y04_191109/job_log_00936418.txt
HTAR: a   instcat_y04_191109/job_log_00936419.txt
HTAR: a   instcat_y04_191109/job_log_00936421.txt
HTAR: a   instcat_y04_191109/job_log_00936422.txt
HTAR: a   instcat_y04_191109/job_log_00936423.txt
HTAR: a   instcat_y04_191109/job_log_00936424.txt
HTAR: a   instcat_y04_191109/job_log_00936425.txt
HTAR: a   instcat_y04_191109/job_log_00936426.txt
HTAR: a   instcat_y04_191109/job_log_00936427.txt
HTAR: a   instcat_y04_191109/job_log_00936428.txt
HTAR: a   instcat_y04_191109/job_log_00936429.txt
HTAR: a   instcat_y04_191109/job_log_00936430.txt
HTAR: a   instcat_y04_191109/job_log_00936431.txt
HTAR: a   instcat_y04_191109/job_log_00936432.txt
HTAR: a   instcat_y04_191109/job_log_00936433.txt
HTAR: a   instcat_y04_191109/job_log_00936434.txt
HTAR: a   instcat_y04_191109/job_log_00936435.txt
HTAR: a   instcat_y04_191109/job_log_00936436.txt
HTAR: a   instcat_y04_191109/job_log_00936437.txt
HTAR: a   instcat_y04_191109/job_log_00936438.txt
HTAR: a   /tmp/HTAR_CF_CHK_47427_1576016018
HTAR Create complete for /home/projects/desc/DC2_ImSim/Run2.2i/instCat/y04_191109/00934732to00936438.tar. 544,383,140,352 bytes written for 240 member files, max threads: 50 Transfer time: 4127.915 seconds (131.878 MB/s) wallclock/user/sys: 4129.456 5045.273 1866.835 seconds
HTAR: HTAR SUCCESSFUL
HTAR: a   instcat_y04_191109/00936439.tar.gz
HTAR: a   instcat_y04_191109/00936440.tar.gz
HTAR: a   instcat_y04_191109/00936441.tar.gz
HTAR: a   instcat_y04_191109/00936442.tar.gz
HTAR: a   instcat_y04_191109/00936443.tar.gz
HTAR: a   instcat_y04_191109/00936444.tar.gz
HTAR: a   instcat_y04_191109/00936445.tar.gz
HTAR: a   instcat_y04_191109/00936446.tar.gz
HTAR: a   instcat_y04_191109/00936447.tar.gz
HTAR: a   instcat_y04_191109/00936448.tar.gz
HTAR: a   instcat_y04_191109/00936449.tar.gz
HTAR: a   instcat_y04_191109/00936458.tar.gz
HTAR: a   instcat_y04_191109/00936459.tar.gz
HTAR: a   instcat_y04_191109/00936492.tar.gz
HTAR: a   instcat_y04_191109/00936493.tar.gz
HTAR: a   instcat_y04_191109/00936494.tar.gz
HTAR: a   instcat_y04_191109/00936528.tar.gz
HTAR: a   instcat_y04_191109/00936529.tar.gz
HTAR: a   instcat_y04_191109/00936530.tar.gz
HTAR: a   instcat_y04_191109/00936531.tar.gz
HTAR: a   instcat_y04_191109/00936532.tar.gz
HTAR: a   instcat_y04_191109/00936533.tar.gz
HTAR: a   instcat_y04_191109/00936534.tar.gz
HTAR: a   instcat_y04_191109/00936535.tar.gz
HTAR: a   instcat_y04_191109/00936536.tar.gz
HTAR: a   instcat_y04_191109/00936545.tar.gz
HTAR: a   instcat_y04_191109/00936546.tar.gz
HTAR: a   instcat_y04_191109/00936547.tar.gz
HTAR: a   instcat_y04_191109/00936548.tar.gz
HTAR: a   instcat_y04_191109/00936555.tar.gz
HTAR: a   instcat_y04_191109/00936563.tar.gz
HTAR: a   instcat_y04_191109/00936564.tar.gz
HTAR: a   instcat_y04_191109/00936566.tar.gz
HTAR: a   instcat_y04_191109/00936568.tar.gz
HTAR: a   instcat_y04_191109/00936569.tar.gz
HTAR: a   instcat_y04_191109/00936570.tar.gz
HTAR: a   instcat_y04_191109/00936571.tar.gz
HTAR: a   instcat_y04_191109/00936572.tar.gz
HTAR: a   instcat_y04_191109/00936573.tar.gz
HTAR: a   instcat_y04_191109/00936575.tar.gz
HTAR: a   instcat_y04_191109/00936576.tar.gz
HTAR: a   instcat_y04_191109/00936577.tar.gz
HTAR: a   instcat_y04_191109/00936578.tar.gz
HTAR: a   instcat_y04_191109/00936579.tar.gz
HTAR: a   instcat_y04_191109/00936596.tar.gz
HTAR: a   instcat_y04_191109/00936610.tar.gz
HTAR: a   instcat_y04_191109/00936612.tar.gz
HTAR: a   instcat_y04_191109/00936614.tar.gz
HTAR: a   instcat_y04_191109/00936615.tar.gz
HTAR: a   instcat_y04_191109/00936616.tar.gz
HTAR: a   instcat_y04_191109/00936617.tar.gz
HTAR: a   instcat_y04_191109/00936735.tar.gz
HTAR: a   instcat_y04_191109/00936766.tar.gz
HTAR: a   instcat_y04_191109/00936811.tar.gz
HTAR: a   instcat_y04_191109/00936812.tar.gz
HTAR: a   instcat_y04_191109/00936813.tar.gz
HTAR: a   instcat_y04_191109/00936814.tar.gz
HTAR: a   instcat_y04_191109/00937290.tar.gz
HTAR: a   instcat_y04_191109/00937329.tar.gz
HTAR: a   instcat_y04_191109/00937330.tar.gz
HTAR: a   instcat_y04_191109/00937336.tar.gz
HTAR: a   instcat_y04_191109/00937337.tar.gz
HTAR: a   instcat_y04_191109/00937346.tar.gz
HTAR: a   instcat_y04_191109/00937347.tar.gz
HTAR: a   instcat_y04_191109/00937348.tar.gz
HTAR: a   instcat_y04_191109/00937349.tar.gz
HTAR: a   instcat_y04_191109/00937350.tar.gz
HTAR: a   instcat_y04_191109/00937358.tar.gz
HTAR: a   instcat_y04_191109/00937359.tar.gz
HTAR: a   instcat_y04_191109/00937360.tar.gz
HTAR: a   instcat_y04_191109/00937361.tar.gz
HTAR: a   instcat_y04_191109/00937362.tar.gz
HTAR: a   instcat_y04_191109/00937363.tar.gz
HTAR: a   instcat_y04_191109/00937364.tar.gz
HTAR: a   instcat_y04_191109/00937367.tar.gz
HTAR: a   instcat_y04_191109/00937369.tar.gz
HTAR: a   instcat_y04_191109/00937370.tar.gz
HTAR: a   instcat_y04_191109/00937371.tar.gz
HTAR: a   instcat_y04_191109/00937372.tar.gz
HTAR: a   instcat_y04_191109/00937373.tar.gz
HTAR: a   instcat_y04_191109/00937374.tar.gz
HTAR: a   instcat_y04_191109/00937375.tar.gz
HTAR: a   instcat_y04_191109/00937376.tar.gz
HTAR: a   instcat_y04_191109/00937382.tar.gz
HTAR: a   instcat_y04_191109/00937383.tar.gz
HTAR: a   instcat_y04_191109/00937384.tar.gz
HTAR: a   instcat_y04_191109/00937419.tar.gz
HTAR: a   instcat_y04_191109/00937420.tar.gz
HTAR: a   instcat_y04_191109/00937421.tar.gz
HTAR: a   instcat_y04_191109/00937422.tar.gz
HTAR: a   instcat_y04_191109/00937423.tar.gz
HTAR: a   instcat_y04_191109/00937424.tar.gz
HTAR: a   instcat_y04_191109/00937426.tar.gz
HTAR: a   instcat_y04_191109/00937427.tar.gz
HTAR: a   instcat_y04_191109/00937428.tar.gz
HTAR: a   instcat_y04_191109/00937429.tar.gz
HTAR: a   instcat_y04_191109/00937650.tar.gz
HTAR: a   instcat_y04_191109/00937651.tar.gz
HTAR: a   instcat_y04_191109/00937652.tar.gz
HTAR: a   instcat_y04_191109/00937653.tar.gz
HTAR: a   instcat_y04_191109/00937654.tar.gz
HTAR: a   instcat_y04_191109/00937655.tar.gz
HTAR: a   instcat_y04_191109/00937665.tar.gz
HTAR: a   instcat_y04_191109/00937668.tar.gz
HTAR: a   instcat_y04_191109/00937669.tar.gz
HTAR: a   instcat_y04_191109/00937670.tar.gz
HTAR: a   instcat_y04_191109/00937671.tar.gz
HTAR: a   instcat_y04_191109/00937672.tar.gz
HTAR: a   instcat_y04_191109/00937673.tar.gz
HTAR: a   instcat_y04_191109/00937674.tar.gz
HTAR: a   instcat_y04_191109/00937675.tar.gz
HTAR: a   instcat_y04_191109/00937703.tar.gz
HTAR: a   instcat_y04_191109/00937716.tar.gz
HTAR: a   instcat_y04_191109/00937732.tar.gz
HTAR: a   instcat_y04_191109/00938104.tar.gz
HTAR: a   instcat_y04_191109/00938105.tar.gz
HTAR: a   instcat_y04_191109/00938106.tar.gz
HTAR: a   instcat_y04_191109/00938107.tar.gz
HTAR: a   instcat_y04_191109/00938108.tar.gz
HTAR: a   instcat_y04_191109/00938153.tar.gz
HTAR: a   instcat_y04_191109/job_log_00936439.txt
HTAR: a   instcat_y04_191109/job_log_00936440.txt
HTAR: a   instcat_y04_191109/job_log_00936441.txt
HTAR: a   instcat_y04_191109/job_log_00936442.txt
HTAR: a   instcat_y04_191109/job_log_00936443.txt
HTAR: a   instcat_y04_191109/job_log_00936444.txt
HTAR: a   instcat_y04_191109/job_log_00936445.txt
HTAR: a   instcat_y04_191109/job_log_00936446.txt
HTAR: a   instcat_y04_191109/job_log_00936447.txt
HTAR: a   instcat_y04_191109/job_log_00936448.txt
HTAR: a   instcat_y04_191109/job_log_00936449.txt
HTAR: a   instcat_y04_191109/job_log_00936458.txt
HTAR: a   instcat_y04_191109/job_log_00936459.txt
HTAR: a   instcat_y04_191109/job_log_00936492.txt
HTAR: a   instcat_y04_191109/job_log_00936493.txt
HTAR: a   instcat_y04_191109/job_log_00936494.txt
HTAR: a   instcat_y04_191109/job_log_00936528.txt
HTAR: a   instcat_y04_191109/job_log_00936529.txt
HTAR: a   instcat_y04_191109/job_log_00936530.txt
HTAR: a   instcat_y04_191109/job_log_00936531.txt
HTAR: a   instcat_y04_191109/job_log_00936532.txt
HTAR: a   instcat_y04_191109/job_log_00936533.txt
HTAR: a   instcat_y04_191109/job_log_00936534.txt
HTAR: a   instcat_y04_191109/job_log_00936535.txt
HTAR: a   instcat_y04_191109/job_log_00936536.txt
HTAR: a   instcat_y04_191109/job_log_00936545.txt
HTAR: a   instcat_y04_191109/job_log_00936546.txt
HTAR: a   instcat_y04_191109/job_log_00936547.txt
HTAR: a   instcat_y04_191109/job_log_00936548.txt
HTAR: a   instcat_y04_191109/job_log_00936555.txt
HTAR: a   instcat_y04_191109/job_log_00936563.txt
HTAR: a   instcat_y04_191109/job_log_00936564.txt
HTAR: a   instcat_y04_191109/job_log_00936566.txt
HTAR: a   instcat_y04_191109/job_log_00936568.txt
HTAR: a   instcat_y04_191109/job_log_00936569.txt
HTAR: a   instcat_y04_191109/job_log_00936570.txt
HTAR: a   instcat_y04_191109/job_log_00936571.txt
HTAR: a   instcat_y04_191109/job_log_00936572.txt
HTAR: a   instcat_y04_191109/job_log_00936573.txt
HTAR: a   instcat_y04_191109/job_log_00936575.txt
HTAR: a   instcat_y04_191109/job_log_00936576.txt
HTAR: a   instcat_y04_191109/job_log_00936577.txt
HTAR: a   instcat_y04_191109/job_log_00936578.txt
HTAR: a   instcat_y04_191109/job_log_00936579.txt
HTAR: a   instcat_y04_191109/job_log_00936596.txt
HTAR: a   instcat_y04_191109/job_log_00936610.txt
HTAR: a   instcat_y04_191109/job_log_00936612.txt
HTAR: a   instcat_y04_191109/job_log_00936614.txt
HTAR: a   instcat_y04_191109/job_log_00936615.txt
HTAR: a   instcat_y04_191109/job_log_00936616.txt
HTAR: a   instcat_y04_191109/job_log_00936617.txt
HTAR: a   instcat_y04_191109/job_log_00936735.txt
HTAR: a   instcat_y04_191109/job_log_00936766.txt
HTAR: a   instcat_y04_191109/job_log_00936811.txt
HTAR: a   instcat_y04_191109/job_log_00936812.txt
HTAR: a   instcat_y04_191109/job_log_00936813.txt
HTAR: a   instcat_y04_191109/job_log_00936814.txt
HTAR: a   instcat_y04_191109/job_log_00937290.txt
HTAR: a   instcat_y04_191109/job_log_00937329.txt
HTAR: a   instcat_y04_191109/job_log_00937330.txt
HTAR: a   instcat_y04_191109/job_log_00937336.txt
HTAR: a   instcat_y04_191109/job_log_00937337.txt
HTAR: a   instcat_y04_191109/job_log_00937346.txt
HTAR: a   instcat_y04_191109/job_log_00937347.txt
HTAR: a   instcat_y04_191109/job_log_00937348.txt
HTAR: a   instcat_y04_191109/job_log_00937349.txt
HTAR: a   instcat_y04_191109/job_log_00937350.txt
HTAR: a   instcat_y04_191109/job_log_00937358.txt
HTAR: a   instcat_y04_191109/job_log_00937359.txt
HTAR: a   instcat_y04_191109/job_log_00937360.txt
HTAR: a   instcat_y04_191109/job_log_00937361.txt
HTAR: a   instcat_y04_191109/job_log_00937362.txt
HTAR: a   instcat_y04_191109/job_log_00937363.txt
HTAR: a   instcat_y04_191109/job_log_00937364.txt
HTAR: a   instcat_y04_191109/job_log_00937367.txt
HTAR: a   instcat_y04_191109/job_log_00937369.txt
HTAR: a   instcat_y04_191109/job_log_00937370.txt
HTAR: a   instcat_y04_191109/job_log_00937371.txt
HTAR: a   instcat_y04_191109/job_log_00937372.txt
HTAR: a   instcat_y04_191109/job_log_00937373.txt
HTAR: a   instcat_y04_191109/job_log_00937374.txt
HTAR: a   instcat_y04_191109/job_log_00937375.txt
HTAR: a   instcat_y04_191109/job_log_00937376.txt
HTAR: a   instcat_y04_191109/job_log_00937382.txt
HTAR: a   instcat_y04_191109/job_log_00937383.txt
HTAR: a   instcat_y04_191109/job_log_00937384.txt
HTAR: a   instcat_y04_191109/job_log_00937419.txt
HTAR: a   instcat_y04_191109/job_log_00937420.txt
HTAR: a   instcat_y04_191109/job_log_00937421.txt
HTAR: a   instcat_y04_191109/job_log_00937422.txt
HTAR: a   instcat_y04_191109/job_log_00937423.txt
HTAR: a   instcat_y04_191109/job_log_00937424.txt
HTAR: a   instcat_y04_191109/job_log_00937426.txt
HTAR: a   instcat_y04_191109/job_log_00937427.txt
HTAR: a   instcat_y04_191109/job_log_00937428.txt
HTAR: a   instcat_y04_191109/job_log_00937429.txt
HTAR: a   instcat_y04_191109/job_log_00937650.txt
HTAR: a   instcat_y04_191109/job_log_00937651.txt
HTAR: a   instcat_y04_191109/job_log_00937652.txt
HTAR: a   instcat_y04_191109/job_log_00937653.txt
HTAR: a   instcat_y04_191109/job_log_00937654.txt
HTAR: a   instcat_y04_191109/job_log_00937655.txt
HTAR: a   instcat_y04_191109/job_log_00937665.txt
HTAR: a   instcat_y04_191109/job_log_00937668.txt
HTAR: a   instcat_y04_191109/job_log_00937669.txt
HTAR: a   instcat_y04_191109/job_log_00937670.txt
HTAR: a   instcat_y04_191109/job_log_00937671.txt
HTAR: a   instcat_y04_191109/job_log_00937672.txt
HTAR: a   instcat_y04_191109/job_log_00937673.txt
HTAR: a   instcat_y04_191109/job_log_00937674.txt
HTAR: a   instcat_y04_191109/job_log_00937675.txt
HTAR: a   instcat_y04_191109/job_log_00937703.txt
HTAR: a   instcat_y04_191109/job_log_00937716.txt
HTAR: a   instcat_y04_191109/job_log_00937732.txt
HTAR: a   instcat_y04_191109/job_log_00938104.txt
HTAR: a   instcat_y04_191109/job_log_00938105.txt
HTAR: a   instcat_y04_191109/job_log_00938106.txt
HTAR: a   instcat_y04_191109/job_log_00938107.txt
HTAR: a   instcat_y04_191109/job_log_00938108.txt
HTAR: a   instcat_y04_191109/job_log_00938153.txt
HTAR: a   /tmp/HTAR_CF_CHK_25731_1576020150
HTAR Create complete for /home/projects/desc/DC2_ImSim/Run2.2i/instCat/y04_191109/00936439to00938153.tar. 534,551,358,976 bytes written for 240 member files, max threads: 50 Transfer time: 4171.616 seconds (128.140 MB/s) wallclock/user/sys: 4173.096 5091.885 1849.449 seconds
HTAR: HTAR SUCCESSFUL
