HTAR: a   instcat_y04_191109/00945674.tar.gz
HTAR: a   instcat_y04_191109/00945676.tar.gz
HTAR: a   instcat_y04_191109/00945677.tar.gz
HTAR: a   instcat_y04_191109/00945678.tar.gz
HTAR: a   instcat_y04_191109/00945686.tar.gz
HTAR: a   instcat_y04_191109/00945695.tar.gz
HTAR: a   instcat_y04_191109/00945696.tar.gz
HTAR: a   instcat_y04_191109/00945702.tar.gz
HTAR: a   instcat_y04_191109/00945703.tar.gz
HTAR: a   instcat_y04_191109/00945704.tar.gz
HTAR: a   instcat_y04_191109/00945705.tar.gz
HTAR: a   instcat_y04_191109/00945706.tar.gz
HTAR: a   instcat_y04_191109/00945707.tar.gz
HTAR: a   instcat_y04_191109/00945708.tar.gz
HTAR: a   instcat_y04_191109/00945709.tar.gz
HTAR: a   instcat_y04_191109/00945710.tar.gz
HTAR: a   instcat_y04_191109/00945711.tar.gz
HTAR: a   instcat_y04_191109/00945714.tar.gz
HTAR: a   instcat_y04_191109/00945715.tar.gz
HTAR: a   instcat_y04_191109/00945716.tar.gz
HTAR: a   instcat_y04_191109/00945718.tar.gz
HTAR: a   instcat_y04_191109/00945727.tar.gz
HTAR: a   instcat_y04_191109/00945729.tar.gz
HTAR: a   instcat_y04_191109/00945730.tar.gz
HTAR: a   instcat_y04_191109/00945745.tar.gz
HTAR: a   instcat_y04_191109/00945746.tar.gz
HTAR: a   instcat_y04_191109/00945748.tar.gz
HTAR: a   instcat_y04_191109/00945752.tar.gz
HTAR: a   instcat_y04_191109/00945765.tar.gz
HTAR: a   instcat_y04_191109/00945807.tar.gz
HTAR: a   instcat_y04_191109/00946343.tar.gz
HTAR: a   instcat_y04_191109/00946344.tar.gz
HTAR: a   instcat_y04_191109/00946375.tar.gz
HTAR: a   instcat_y04_191109/00946376.tar.gz
HTAR: a   instcat_y04_191109/00946377.tar.gz
HTAR: a   instcat_y04_191109/00946378.tar.gz
HTAR: a   instcat_y04_191109/00946379.tar.gz
HTAR: a   instcat_y04_191109/00946380.tar.gz
HTAR: a   instcat_y04_191109/00946381.tar.gz
HTAR: a   instcat_y04_191109/00946382.tar.gz
HTAR: a   instcat_y04_191109/00946383.tar.gz
HTAR: a   instcat_y04_191109/00946384.tar.gz
HTAR: a   instcat_y04_191109/00946385.tar.gz
HTAR: a   instcat_y04_191109/00946386.tar.gz
HTAR: a   instcat_y04_191109/00946387.tar.gz
HTAR: a   instcat_y04_191109/00946388.tar.gz
HTAR: a   instcat_y04_191109/00946389.tar.gz
HTAR: a   instcat_y04_191109/00946390.tar.gz
HTAR: a   instcat_y04_191109/00946391.tar.gz
HTAR: a   instcat_y04_191109/00946392.tar.gz
HTAR: a   instcat_y04_191109/00946393.tar.gz
HTAR: a   instcat_y04_191109/00946394.tar.gz
HTAR: a   instcat_y04_191109/00946395.tar.gz
HTAR: a   instcat_y04_191109/00946396.tar.gz
HTAR: a   instcat_y04_191109/00946397.tar.gz
HTAR: a   instcat_y04_191109/00946398.tar.gz
HTAR: a   instcat_y04_191109/00946399.tar.gz
HTAR: a   instcat_y04_191109/00946400.tar.gz
HTAR: a   instcat_y04_191109/00946401.tar.gz
HTAR: a   instcat_y04_191109/00946402.tar.gz
HTAR: a   instcat_y04_191109/00946403.tar.gz
HTAR: a   instcat_y04_191109/00946404.tar.gz
HTAR: a   instcat_y04_191109/00946405.tar.gz
HTAR: a   instcat_y04_191109/00946406.tar.gz
HTAR: a   instcat_y04_191109/00946407.tar.gz
HTAR: a   instcat_y04_191109/00946408.tar.gz
HTAR: a   instcat_y04_191109/00946409.tar.gz
HTAR: a   instcat_y04_191109/00946410.tar.gz
HTAR: a   instcat_y04_191109/00946411.tar.gz
HTAR: a   instcat_y04_191109/00946412.tar.gz
HTAR: a   instcat_y04_191109/00946413.tar.gz
HTAR: a   instcat_y04_191109/00946414.tar.gz
HTAR: a   instcat_y04_191109/00946415.tar.gz
HTAR: a   instcat_y04_191109/00946416.tar.gz
HTAR: a   instcat_y04_191109/00946417.tar.gz
HTAR: a   instcat_y04_191109/00946418.tar.gz
HTAR: a   instcat_y04_191109/00946419.tar.gz
HTAR: a   instcat_y04_191109/00946420.tar.gz
HTAR: a   instcat_y04_191109/00946421.tar.gz
HTAR: a   instcat_y04_191109/00946422.tar.gz
HTAR: a   instcat_y04_191109/00946423.tar.gz
HTAR: a   instcat_y04_191109/00946424.tar.gz
HTAR: a   instcat_y04_191109/00946425.tar.gz
HTAR: a   instcat_y04_191109/00946426.tar.gz
HTAR: a   instcat_y04_191109/00946427.tar.gz
HTAR: a   instcat_y04_191109/00946428.tar.gz
HTAR: a   instcat_y04_191109/00946429.tar.gz
HTAR: a   instcat_y04_191109/00946430.tar.gz
HTAR: a   instcat_y04_191109/00946431.tar.gz
HTAR: a   instcat_y04_191109/00946432.tar.gz
HTAR: a   instcat_y04_191109/00946433.tar.gz
HTAR: a   instcat_y04_191109/00946434.tar.gz
HTAR: a   instcat_y04_191109/00946435.tar.gz
HTAR: a   instcat_y04_191109/00946436.tar.gz
HTAR: a   instcat_y04_191109/00946437.tar.gz
HTAR: a   instcat_y04_191109/00946438.tar.gz
HTAR: a   instcat_y04_191109/00946439.tar.gz
HTAR: a   instcat_y04_191109/00946440.tar.gz
HTAR: a   instcat_y04_191109/00946441.tar.gz
HTAR: a   instcat_y04_191109/00946442.tar.gz
HTAR: a   instcat_y04_191109/00946443.tar.gz
HTAR: a   instcat_y04_191109/00946444.tar.gz
HTAR: a   instcat_y04_191109/00946445.tar.gz
HTAR: a   instcat_y04_191109/00946446.tar.gz
HTAR: a   instcat_y04_191109/00946447.tar.gz
HTAR: a   instcat_y04_191109/00946448.tar.gz
HTAR: a   instcat_y04_191109/00946449.tar.gz
HTAR: a   instcat_y04_191109/00946450.tar.gz
HTAR: a   instcat_y04_191109/00946451.tar.gz
HTAR: a   instcat_y04_191109/00946452.tar.gz
HTAR: a   instcat_y04_191109/00946453.tar.gz
HTAR: a   instcat_y04_191109/00946454.tar.gz
HTAR: a   instcat_y04_191109/00946455.tar.gz
HTAR: a   instcat_y04_191109/00946456.tar.gz
HTAR: a   instcat_y04_191109/00946457.tar.gz
HTAR: a   instcat_y04_191109/00946458.tar.gz
HTAR: a   instcat_y04_191109/00946459.tar.gz
HTAR: a   instcat_y04_191109/00946460.tar.gz
HTAR: a   instcat_y04_191109/00946461.tar.gz
HTAR: a   instcat_y04_191109/00946462.tar.gz
HTAR: a   instcat_y04_191109/job_log_00945674.txt
HTAR: a   instcat_y04_191109/job_log_00945676.txt
HTAR: a   instcat_y04_191109/job_log_00945677.txt
HTAR: a   instcat_y04_191109/job_log_00945678.txt
HTAR: a   instcat_y04_191109/job_log_00945686.txt
HTAR: a   instcat_y04_191109/job_log_00945695.txt
HTAR: a   instcat_y04_191109/job_log_00945696.txt
HTAR: a   instcat_y04_191109/job_log_00945702.txt
HTAR: a   instcat_y04_191109/job_log_00945703.txt
HTAR: a   instcat_y04_191109/job_log_00945704.txt
HTAR: a   instcat_y04_191109/job_log_00945705.txt
HTAR: a   instcat_y04_191109/job_log_00945706.txt
HTAR: a   instcat_y04_191109/job_log_00945707.txt
HTAR: a   instcat_y04_191109/job_log_00945708.txt
HTAR: a   instcat_y04_191109/job_log_00945709.txt
HTAR: a   instcat_y04_191109/job_log_00945710.txt
HTAR: a   instcat_y04_191109/job_log_00945711.txt
HTAR: a   instcat_y04_191109/job_log_00945714.txt
HTAR: a   instcat_y04_191109/job_log_00945715.txt
HTAR: a   instcat_y04_191109/job_log_00945716.txt
HTAR: a   instcat_y04_191109/job_log_00945718.txt
HTAR: a   instcat_y04_191109/job_log_00945727.txt
HTAR: a   instcat_y04_191109/job_log_00945729.txt
HTAR: a   instcat_y04_191109/job_log_00945730.txt
HTAR: a   instcat_y04_191109/job_log_00945745.txt
HTAR: a   instcat_y04_191109/job_log_00945746.txt
HTAR: a   instcat_y04_191109/job_log_00945748.txt
HTAR: a   instcat_y04_191109/job_log_00945752.txt
HTAR: a   instcat_y04_191109/job_log_00945765.txt
HTAR: a   instcat_y04_191109/job_log_00945807.txt
HTAR: a   instcat_y04_191109/job_log_00946343.txt
HTAR: a   instcat_y04_191109/job_log_00946344.txt
HTAR: a   instcat_y04_191109/job_log_00946375.txt
HTAR: a   instcat_y04_191109/job_log_00946376.txt
HTAR: a   instcat_y04_191109/job_log_00946377.txt
HTAR: a   instcat_y04_191109/job_log_00946378.txt
HTAR: a   instcat_y04_191109/job_log_00946379.txt
HTAR: a   instcat_y04_191109/job_log_00946380.txt
HTAR: a   instcat_y04_191109/job_log_00946381.txt
HTAR: a   instcat_y04_191109/job_log_00946382.txt
HTAR: a   instcat_y04_191109/job_log_00946383.txt
HTAR: a   instcat_y04_191109/job_log_00946384.txt
HTAR: a   instcat_y04_191109/job_log_00946385.txt
HTAR: a   instcat_y04_191109/job_log_00946386.txt
HTAR: a   instcat_y04_191109/job_log_00946387.txt
HTAR: a   instcat_y04_191109/job_log_00946388.txt
HTAR: a   instcat_y04_191109/job_log_00946389.txt
HTAR: a   instcat_y04_191109/job_log_00946390.txt
HTAR: a   instcat_y04_191109/job_log_00946391.txt
HTAR: a   instcat_y04_191109/job_log_00946392.txt
HTAR: a   instcat_y04_191109/job_log_00946393.txt
HTAR: a   instcat_y04_191109/job_log_00946394.txt
HTAR: a   instcat_y04_191109/job_log_00946395.txt
HTAR: a   instcat_y04_191109/job_log_00946396.txt
HTAR: a   instcat_y04_191109/job_log_00946397.txt
HTAR: a   instcat_y04_191109/job_log_00946398.txt
HTAR: a   instcat_y04_191109/job_log_00946399.txt
HTAR: a   instcat_y04_191109/job_log_00946400.txt
HTAR: a   instcat_y04_191109/job_log_00946401.txt
HTAR: a   instcat_y04_191109/job_log_00946402.txt
HTAR: a   instcat_y04_191109/job_log_00946403.txt
HTAR: a   instcat_y04_191109/job_log_00946404.txt
HTAR: a   instcat_y04_191109/job_log_00946405.txt
HTAR: a   instcat_y04_191109/job_log_00946406.txt
HTAR: a   instcat_y04_191109/job_log_00946407.txt
HTAR: a   instcat_y04_191109/job_log_00946408.txt
HTAR: a   instcat_y04_191109/job_log_00946409.txt
HTAR: a   instcat_y04_191109/job_log_00946410.txt
HTAR: a   instcat_y04_191109/job_log_00946411.txt
HTAR: a   instcat_y04_191109/job_log_00946412.txt
HTAR: a   instcat_y04_191109/job_log_00946413.txt
HTAR: a   instcat_y04_191109/job_log_00946414.txt
HTAR: a   instcat_y04_191109/job_log_00946415.txt
HTAR: a   instcat_y04_191109/job_log_00946416.txt
HTAR: a   instcat_y04_191109/job_log_00946417.txt
HTAR: a   instcat_y04_191109/job_log_00946418.txt
HTAR: a   instcat_y04_191109/job_log_00946419.txt
HTAR: a   instcat_y04_191109/job_log_00946420.txt
HTAR: a   instcat_y04_191109/job_log_00946421.txt
HTAR: a   instcat_y04_191109/job_log_00946422.txt
HTAR: a   instcat_y04_191109/job_log_00946423.txt
HTAR: a   instcat_y04_191109/job_log_00946424.txt
HTAR: a   instcat_y04_191109/job_log_00946425.txt
HTAR: a   instcat_y04_191109/job_log_00946426.txt
HTAR: a   instcat_y04_191109/job_log_00946427.txt
HTAR: a   instcat_y04_191109/job_log_00946428.txt
HTAR: a   instcat_y04_191109/job_log_00946429.txt
HTAR: a   instcat_y04_191109/job_log_00946430.txt
HTAR: a   instcat_y04_191109/job_log_00946431.txt
HTAR: a   instcat_y04_191109/job_log_00946432.txt
HTAR: a   instcat_y04_191109/job_log_00946433.txt
HTAR: a   instcat_y04_191109/job_log_00946434.txt
HTAR: a   instcat_y04_191109/job_log_00946435.txt
HTAR: a   instcat_y04_191109/job_log_00946436.txt
HTAR: a   instcat_y04_191109/job_log_00946437.txt
HTAR: a   instcat_y04_191109/job_log_00946438.txt
HTAR: a   instcat_y04_191109/job_log_00946439.txt
HTAR: a   instcat_y04_191109/job_log_00946440.txt
HTAR: a   instcat_y04_191109/job_log_00946441.txt
HTAR: a   instcat_y04_191109/job_log_00946442.txt
HTAR: a   instcat_y04_191109/job_log_00946443.txt
HTAR: a   instcat_y04_191109/job_log_00946444.txt
HTAR: a   instcat_y04_191109/job_log_00946445.txt
HTAR: a   instcat_y04_191109/job_log_00946446.txt
HTAR: a   instcat_y04_191109/job_log_00946447.txt
HTAR: a   instcat_y04_191109/job_log_00946448.txt
HTAR: a   instcat_y04_191109/job_log_00946449.txt
HTAR: a   instcat_y04_191109/job_log_00946450.txt
HTAR: a   instcat_y04_191109/job_log_00946451.txt
HTAR: a   instcat_y04_191109/job_log_00946452.txt
HTAR: a   instcat_y04_191109/job_log_00946453.txt
HTAR: a   instcat_y04_191109/job_log_00946454.txt
HTAR: a   instcat_y04_191109/job_log_00946455.txt
HTAR: a   instcat_y04_191109/job_log_00946456.txt
HTAR: a   instcat_y04_191109/job_log_00946457.txt
HTAR: a   instcat_y04_191109/job_log_00946458.txt
HTAR: a   instcat_y04_191109/job_log_00946459.txt
HTAR: a   instcat_y04_191109/job_log_00946460.txt
HTAR: a   instcat_y04_191109/job_log_00946461.txt
HTAR: a   instcat_y04_191109/job_log_00946462.txt
HTAR: a   /tmp/HTAR_CF_CHK_46366_1575999223
HTAR Create complete for /home/projects/desc/DC2_ImSim/Run2.2i/instCat/y04_191109/00945674to00946462.tar. 539,659,392,000 bytes written for 240 member files, max threads: 50 Transfer time: 4106.241 seconds (131.424 MB/s) wallclock/user/sys: 4106.529 4789.497 1776.577 seconds
HTAR: HTAR SUCCESSFUL
HTAR: a   instcat_y04_191109/00946463.tar.gz
HTAR: a   instcat_y04_191109/00946464.tar.gz
HTAR: a   instcat_y04_191109/00946465.tar.gz
HTAR: a   instcat_y04_191109/00946466.tar.gz
HTAR: a   instcat_y04_191109/00946467.tar.gz
HTAR: a   instcat_y04_191109/00946468.tar.gz
HTAR: a   instcat_y04_191109/00946469.tar.gz
HTAR: a   instcat_y04_191109/00946470.tar.gz
HTAR: a   instcat_y04_191109/00947264.tar.gz
HTAR: a   instcat_y04_191109/00947265.tar.gz
HTAR: a   instcat_y04_191109/00947266.tar.gz
HTAR: a   instcat_y04_191109/00947267.tar.gz
HTAR: a   instcat_y04_191109/00947268.tar.gz
HTAR: a   instcat_y04_191109/00947269.tar.gz
HTAR: a   instcat_y04_191109/00947270.tar.gz
HTAR: a   instcat_y04_191109/00947271.tar.gz
HTAR: a   instcat_y04_191109/00947272.tar.gz
HTAR: a   instcat_y04_191109/00947273.tar.gz
HTAR: a   instcat_y04_191109/00947274.tar.gz
HTAR: a   instcat_y04_191109/00947275.tar.gz
HTAR: a   instcat_y04_191109/00947276.tar.gz
HTAR: a   instcat_y04_191109/00947277.tar.gz
HTAR: a   instcat_y04_191109/00947278.tar.gz
HTAR: a   instcat_y04_191109/00947279.tar.gz
HTAR: a   instcat_y04_191109/00947280.tar.gz
HTAR: a   instcat_y04_191109/00947281.tar.gz
HTAR: a   instcat_y04_191109/00947282.tar.gz
HTAR: a   instcat_y04_191109/00947283.tar.gz
HTAR: a   instcat_y04_191109/00947284.tar.gz
HTAR: a   instcat_y04_191109/00947285.tar.gz
HTAR: a   instcat_y04_191109/00947286.tar.gz
HTAR: a   instcat_y04_191109/00947290.tar.gz
HTAR: a   instcat_y04_191109/00947316.tar.gz
HTAR: a   instcat_y04_191109/00947317.tar.gz
HTAR: a   instcat_y04_191109/00947319.tar.gz
HTAR: a   instcat_y04_191109/00947320.tar.gz
HTAR: a   instcat_y04_191109/00947329.tar.gz
HTAR: a   instcat_y04_191109/00947330.tar.gz
HTAR: a   instcat_y04_191109/00947331.tar.gz
HTAR: a   instcat_y04_191109/00947332.tar.gz
HTAR: a   instcat_y04_191109/00947333.tar.gz
HTAR: a   instcat_y04_191109/00947363.tar.gz
HTAR: a   instcat_y04_191109/00947364.tar.gz
HTAR: a   instcat_y04_191109/00947365.tar.gz
HTAR: a   instcat_y04_191109/00947366.tar.gz
HTAR: a   instcat_y04_191109/00947367.tar.gz
HTAR: a   instcat_y04_191109/00947546.tar.gz
HTAR: a   instcat_y04_191109/00947547.tar.gz
HTAR: a   instcat_y04_191109/00947548.tar.gz
HTAR: a   instcat_y04_191109/00947549.tar.gz
HTAR: a   instcat_y04_191109/00947550.tar.gz
HTAR: a   instcat_y04_191109/00947551.tar.gz
HTAR: a   instcat_y04_191109/00947554.tar.gz
HTAR: a   instcat_y04_191109/00947555.tar.gz
HTAR: a   instcat_y04_191109/00947556.tar.gz
HTAR: a   instcat_y04_191109/00947557.tar.gz
HTAR: a   instcat_y04_191109/00947558.tar.gz
HTAR: a   instcat_y04_191109/00947617.tar.gz
HTAR: a   instcat_y04_191109/00947618.tar.gz
HTAR: a   instcat_y04_191109/00948860.tar.gz
HTAR: a   instcat_y04_191109/00948876.tar.gz
HTAR: a   instcat_y04_191109/00948940.tar.gz
HTAR: a   instcat_y04_191109/00948941.tar.gz
HTAR: a   instcat_y04_191109/00948942.tar.gz
HTAR: a   instcat_y04_191109/00948957.tar.gz
HTAR: a   instcat_y04_191109/00948982.tar.gz
HTAR: a   instcat_y04_191109/00948983.tar.gz
HTAR: a   instcat_y04_191109/00948984.tar.gz
HTAR: a   instcat_y04_191109/00948985.tar.gz
HTAR: a   instcat_y04_191109/00948986.tar.gz
HTAR: a   instcat_y04_191109/00948992.tar.gz
HTAR: a   instcat_y04_191109/00948993.tar.gz
HTAR: a   instcat_y04_191109/00948999.tar.gz
HTAR: a   instcat_y04_191109/00949000.tar.gz
HTAR: a   instcat_y04_191109/00949001.tar.gz
HTAR: a   instcat_y04_191109/00949002.tar.gz
HTAR: a   instcat_y04_191109/00949003.tar.gz
HTAR: a   instcat_y04_191109/00949004.tar.gz
HTAR: a   instcat_y04_191109/00949005.tar.gz
HTAR: a   instcat_y04_191109/00949006.tar.gz
HTAR: a   instcat_y04_191109/00949007.tar.gz
HTAR: a   instcat_y04_191109/00949008.tar.gz
HTAR: a   instcat_y04_191109/00949010.tar.gz
HTAR: a   instcat_y04_191109/00949011.tar.gz
HTAR: a   instcat_y04_191109/00949012.tar.gz
HTAR: a   instcat_y04_191109/00949013.tar.gz
HTAR: a   instcat_y04_191109/00949014.tar.gz
HTAR: a   instcat_y04_191109/00949015.tar.gz
HTAR: a   instcat_y04_191109/00949016.tar.gz
HTAR: a   instcat_y04_191109/00949017.tar.gz
HTAR: a   instcat_y04_191109/00949024.tar.gz
HTAR: a   instcat_y04_191109/00949025.tar.gz
HTAR: a   instcat_y04_191109/00949026.tar.gz
HTAR: a   instcat_y04_191109/00949027.tar.gz
HTAR: a   instcat_y04_191109/00949028.tar.gz
HTAR: a   instcat_y04_191109/00949029.tar.gz
HTAR: a   instcat_y04_191109/00949030.tar.gz
HTAR: a   instcat_y04_191109/00949031.tar.gz
HTAR: a   instcat_y04_191109/00949032.tar.gz
HTAR: a   instcat_y04_191109/00949036.tar.gz
HTAR: a   instcat_y04_191109/00949037.tar.gz
HTAR: a   instcat_y04_191109/00949038.tar.gz
HTAR: a   instcat_y04_191109/00949039.tar.gz
HTAR: a   instcat_y04_191109/00949040.tar.gz
HTAR: a   instcat_y04_191109/00949041.tar.gz
HTAR: a   instcat_y04_191109/00949042.tar.gz
HTAR: a   instcat_y04_191109/00949045.tar.gz
HTAR: a   instcat_y04_191109/00949067.tar.gz
HTAR: a   instcat_y04_191109/00949068.tar.gz
HTAR: a   instcat_y04_191109/00949069.tar.gz
HTAR: a   instcat_y04_191109/00949070.tar.gz
HTAR: a   instcat_y04_191109/00949071.tar.gz
HTAR: a   instcat_y04_191109/00949072.tar.gz
HTAR: a   instcat_y04_191109/00949073.tar.gz
HTAR: a   instcat_y04_191109/00949074.tar.gz
HTAR: a   instcat_y04_191109/00949075.tar.gz
HTAR: a   instcat_y04_191109/00949076.tar.gz
HTAR: a   instcat_y04_191109/00949077.tar.gz
HTAR: a   instcat_y04_191109/00949078.tar.gz
HTAR: a   instcat_y04_191109/00949079.tar.gz
HTAR: a   instcat_y04_191109/job_log_00946463.txt
HTAR: a   instcat_y04_191109/job_log_00946464.txt
HTAR: a   instcat_y04_191109/job_log_00946465.txt
HTAR: a   instcat_y04_191109/job_log_00946466.txt
HTAR: a   instcat_y04_191109/job_log_00946467.txt
HTAR: a   instcat_y04_191109/job_log_00946468.txt
HTAR: a   instcat_y04_191109/job_log_00946469.txt
HTAR: a   instcat_y04_191109/job_log_00946470.txt
HTAR: a   instcat_y04_191109/job_log_00947264.txt
HTAR: a   instcat_y04_191109/job_log_00947265.txt
HTAR: a   instcat_y04_191109/job_log_00947266.txt
HTAR: a   instcat_y04_191109/job_log_00947267.txt
HTAR: a   instcat_y04_191109/job_log_00947268.txt
HTAR: a   instcat_y04_191109/job_log_00947269.txt
HTAR: a   instcat_y04_191109/job_log_00947270.txt
HTAR: a   instcat_y04_191109/job_log_00947271.txt
HTAR: a   instcat_y04_191109/job_log_00947272.txt
HTAR: a   instcat_y04_191109/job_log_00947273.txt
HTAR: a   instcat_y04_191109/job_log_00947274.txt
HTAR: a   instcat_y04_191109/job_log_00947275.txt
HTAR: a   instcat_y04_191109/job_log_00947276.txt
HTAR: a   instcat_y04_191109/job_log_00947277.txt
HTAR: a   instcat_y04_191109/job_log_00947278.txt
HTAR: a   instcat_y04_191109/job_log_00947279.txt
HTAR: a   instcat_y04_191109/job_log_00947280.txt
HTAR: a   instcat_y04_191109/job_log_00947281.txt
HTAR: a   instcat_y04_191109/job_log_00947282.txt
HTAR: a   instcat_y04_191109/job_log_00947283.txt
HTAR: a   instcat_y04_191109/job_log_00947284.txt
HTAR: a   instcat_y04_191109/job_log_00947285.txt
HTAR: a   instcat_y04_191109/job_log_00947286.txt
HTAR: a   instcat_y04_191109/job_log_00947290.txt
HTAR: a   instcat_y04_191109/job_log_00947316.txt
HTAR: a   instcat_y04_191109/job_log_00947317.txt
HTAR: a   instcat_y04_191109/job_log_00947319.txt
HTAR: a   instcat_y04_191109/job_log_00947320.txt
HTAR: a   instcat_y04_191109/job_log_00947329.txt
HTAR: a   instcat_y04_191109/job_log_00947330.txt
HTAR: a   instcat_y04_191109/job_log_00947331.txt
HTAR: a   instcat_y04_191109/job_log_00947332.txt
HTAR: a   instcat_y04_191109/job_log_00947333.txt
HTAR: a   instcat_y04_191109/job_log_00947363.txt
HTAR: a   instcat_y04_191109/job_log_00947364.txt
HTAR: a   instcat_y04_191109/job_log_00947365.txt
HTAR: a   instcat_y04_191109/job_log_00947366.txt
HTAR: a   instcat_y04_191109/job_log_00947367.txt
HTAR: a   instcat_y04_191109/job_log_00947546.txt
HTAR: a   instcat_y04_191109/job_log_00947547.txt
HTAR: a   instcat_y04_191109/job_log_00947548.txt
HTAR: a   instcat_y04_191109/job_log_00947549.txt
HTAR: a   instcat_y04_191109/job_log_00947550.txt
HTAR: a   instcat_y04_191109/job_log_00947551.txt
HTAR: a   instcat_y04_191109/job_log_00947554.txt
HTAR: a   instcat_y04_191109/job_log_00947555.txt
HTAR: a   instcat_y04_191109/job_log_00947556.txt
HTAR: a   instcat_y04_191109/job_log_00947557.txt
HTAR: a   instcat_y04_191109/job_log_00947558.txt
HTAR: a   instcat_y04_191109/job_log_00947617.txt
HTAR: a   instcat_y04_191109/job_log_00947618.txt
HTAR: a   instcat_y04_191109/job_log_00948860.txt
HTAR: a   instcat_y04_191109/job_log_00948876.txt
HTAR: a   instcat_y04_191109/job_log_00948940.txt
HTAR: a   instcat_y04_191109/job_log_00948941.txt
HTAR: a   instcat_y04_191109/job_log_00948942.txt
HTAR: a   instcat_y04_191109/job_log_00948957.txt
HTAR: a   instcat_y04_191109/job_log_00948982.txt
HTAR: a   instcat_y04_191109/job_log_00948983.txt
HTAR: a   instcat_y04_191109/job_log_00948984.txt
HTAR: a   instcat_y04_191109/job_log_00948985.txt
HTAR: a   instcat_y04_191109/job_log_00948986.txt
HTAR: a   instcat_y04_191109/job_log_00948992.txt
HTAR: a   instcat_y04_191109/job_log_00948993.txt
HTAR: a   instcat_y04_191109/job_log_00948999.txt
HTAR: a   instcat_y04_191109/job_log_00949000.txt
HTAR: a   instcat_y04_191109/job_log_00949001.txt
HTAR: a   instcat_y04_191109/job_log_00949002.txt
HTAR: a   instcat_y04_191109/job_log_00949003.txt
HTAR: a   instcat_y04_191109/job_log_00949004.txt
HTAR: a   instcat_y04_191109/job_log_00949005.txt
HTAR: a   instcat_y04_191109/job_log_00949006.txt
HTAR: a   instcat_y04_191109/job_log_00949007.txt
HTAR: a   instcat_y04_191109/job_log_00949008.txt
HTAR: a   instcat_y04_191109/job_log_00949010.txt
HTAR: a   instcat_y04_191109/job_log_00949011.txt
HTAR: a   instcat_y04_191109/job_log_00949012.txt
HTAR: a   instcat_y04_191109/job_log_00949013.txt
HTAR: a   instcat_y04_191109/job_log_00949014.txt
HTAR: a   instcat_y04_191109/job_log_00949015.txt
HTAR: a   instcat_y04_191109/job_log_00949016.txt
HTAR: a   instcat_y04_191109/job_log_00949017.txt
HTAR: a   instcat_y04_191109/job_log_00949024.txt
HTAR: a   instcat_y04_191109/job_log_00949025.txt
HTAR: a   instcat_y04_191109/job_log_00949026.txt
HTAR: a   instcat_y04_191109/job_log_00949027.txt
HTAR: a   instcat_y04_191109/job_log_00949028.txt
HTAR: a   instcat_y04_191109/job_log_00949029.txt
HTAR: a   instcat_y04_191109/job_log_00949030.txt
HTAR: a   instcat_y04_191109/job_log_00949031.txt
HTAR: a   instcat_y04_191109/job_log_00949032.txt
HTAR: a   instcat_y04_191109/job_log_00949036.txt
HTAR: a   instcat_y04_191109/job_log_00949037.txt
HTAR: a   instcat_y04_191109/job_log_00949038.txt
HTAR: a   instcat_y04_191109/job_log_00949039.txt
HTAR: a   instcat_y04_191109/job_log_00949040.txt
HTAR: a   instcat_y04_191109/job_log_00949041.txt
HTAR: a   instcat_y04_191109/job_log_00949042.txt
HTAR: a   instcat_y04_191109/job_log_00949045.txt
HTAR: a   instcat_y04_191109/job_log_00949067.txt
HTAR: a   instcat_y04_191109/job_log_00949068.txt
HTAR: a   instcat_y04_191109/job_log_00949069.txt
HTAR: a   instcat_y04_191109/job_log_00949070.txt
HTAR: a   instcat_y04_191109/job_log_00949071.txt
HTAR: a   instcat_y04_191109/job_log_00949072.txt
HTAR: a   instcat_y04_191109/job_log_00949073.txt
HTAR: a   instcat_y04_191109/job_log_00949074.txt
HTAR: a   instcat_y04_191109/job_log_00949075.txt
HTAR: a   instcat_y04_191109/job_log_00949076.txt
HTAR: a   instcat_y04_191109/job_log_00949077.txt
HTAR: a   instcat_y04_191109/job_log_00949078.txt
HTAR: a   instcat_y04_191109/job_log_00949079.txt
HTAR: a   /tmp/HTAR_CF_CHK_2051_1576003332
HTAR Create complete for /home/projects/desc/DC2_ImSim/Run2.2i/instCat/y04_191109/00946463to00949079.tar. 535,870,789,632 bytes written for 240 member files, max threads: 50 Transfer time: 3881.876 seconds (138.044 MB/s) wallclock/user/sys: 3882.310 4852.525 1819.643 seconds
HTAR: HTAR SUCCESSFUL
HTAR: a   instcat_y04_191109/00949080.tar.gz
HTAR: a   instcat_y04_191109/00949081.tar.gz
HTAR: a   instcat_y04_191109/00949082.tar.gz
HTAR: a   instcat_y04_191109/00949083.tar.gz
HTAR: a   instcat_y04_191109/00949084.tar.gz
HTAR: a   instcat_y04_191109/00949085.tar.gz
HTAR: a   instcat_y04_191109/00949086.tar.gz
HTAR: a   instcat_y04_191109/00949567.tar.gz
HTAR: a   instcat_y04_191109/00949568.tar.gz
HTAR: a   instcat_y04_191109/00949569.tar.gz
HTAR: a   instcat_y04_191109/00949570.tar.gz
HTAR: a   instcat_y04_191109/00949571.tar.gz
HTAR: a   instcat_y04_191109/00949572.tar.gz
HTAR: a   instcat_y04_191109/00949573.tar.gz
HTAR: a   instcat_y04_191109/00949574.tar.gz
HTAR: a   instcat_y04_191109/00949575.tar.gz
HTAR: a   instcat_y04_191109/00949576.tar.gz
HTAR: a   instcat_y04_191109/00949577.tar.gz
HTAR: a   instcat_y04_191109/00949578.tar.gz
HTAR: a   instcat_y04_191109/00949579.tar.gz
HTAR: a   instcat_y04_191109/00949580.tar.gz
HTAR: a   instcat_y04_191109/00949581.tar.gz
HTAR: a   instcat_y04_191109/00949582.tar.gz
HTAR: a   instcat_y04_191109/00949583.tar.gz
HTAR: a   instcat_y04_191109/00949584.tar.gz
HTAR: a   instcat_y04_191109/00949585.tar.gz
HTAR: a   instcat_y04_191109/00949586.tar.gz
HTAR: a   instcat_y04_191109/00949587.tar.gz
HTAR: a   instcat_y04_191109/00949588.tar.gz
HTAR: a   instcat_y04_191109/00949589.tar.gz
HTAR: a   instcat_y04_191109/00949590.tar.gz
HTAR: a   instcat_y04_191109/00949592.tar.gz
HTAR: a   instcat_y04_191109/00949593.tar.gz
HTAR: a   instcat_y04_191109/00949594.tar.gz
HTAR: a   instcat_y04_191109/00949595.tar.gz
HTAR: a   instcat_y04_191109/00949596.tar.gz
HTAR: a   instcat_y04_191109/00949597.tar.gz
HTAR: a   instcat_y04_191109/00949598.tar.gz
HTAR: a   instcat_y04_191109/00949599.tar.gz
HTAR: a   instcat_y04_191109/00949600.tar.gz
HTAR: a   instcat_y04_191109/00949601.tar.gz
HTAR: a   instcat_y04_191109/00949602.tar.gz
HTAR: a   instcat_y04_191109/00949603.tar.gz
HTAR: a   instcat_y04_191109/00949604.tar.gz
HTAR: a   instcat_y04_191109/00949605.tar.gz
HTAR: a   instcat_y04_191109/00949606.tar.gz
HTAR: a   instcat_y04_191109/00949608.tar.gz
HTAR: a   instcat_y04_191109/00949686.tar.gz
HTAR: a   instcat_y04_191109/00949687.tar.gz
HTAR: a   instcat_y04_191109/00949688.tar.gz
HTAR: a   instcat_y04_191109/00949689.tar.gz
HTAR: a   instcat_y04_191109/00949690.tar.gz
HTAR: a   instcat_y04_191109/00949691.tar.gz
HTAR: a   instcat_y04_191109/00949692.tar.gz
HTAR: a   instcat_y04_191109/00949693.tar.gz
HTAR: a   instcat_y04_191109/00949694.tar.gz
HTAR: a   instcat_y04_191109/00949695.tar.gz
HTAR: a   instcat_y04_191109/00949696.tar.gz
HTAR: a   instcat_y04_191109/00949697.tar.gz
HTAR: a   instcat_y04_191109/00949698.tar.gz
HTAR: a   instcat_y04_191109/00949699.tar.gz
HTAR: a   instcat_y04_191109/00949700.tar.gz
HTAR: a   instcat_y04_191109/00949701.tar.gz
HTAR: a   instcat_y04_191109/00949702.tar.gz
HTAR: a   instcat_y04_191109/00949703.tar.gz
HTAR: a   instcat_y04_191109/00949708.tar.gz
HTAR: a   instcat_y04_191109/00949709.tar.gz
HTAR: a   instcat_y04_191109/00949710.tar.gz
HTAR: a   instcat_y04_191109/00949711.tar.gz
HTAR: a   instcat_y04_191109/00949712.tar.gz
HTAR: a   instcat_y04_191109/00949713.tar.gz
HTAR: a   instcat_y04_191109/00949716.tar.gz
HTAR: a   instcat_y04_191109/00949720.tar.gz
HTAR: a   instcat_y04_191109/00949721.tar.gz
HTAR: a   instcat_y04_191109/00949722.tar.gz
HTAR: a   instcat_y04_191109/00949723.tar.gz
HTAR: a   instcat_y04_191109/00949724.tar.gz
HTAR: a   instcat_y04_191109/00949727.tar.gz
HTAR: a   instcat_y04_191109/00949728.tar.gz
HTAR: a   instcat_y04_191109/00950374.tar.gz
HTAR: a   instcat_y04_191109/00950375.tar.gz
HTAR: a   instcat_y04_191109/00950376.tar.gz
HTAR: a   instcat_y04_191109/00950377.tar.gz
HTAR: a   instcat_y04_191109/00950378.tar.gz
HTAR: a   instcat_y04_191109/00950379.tar.gz
HTAR: a   instcat_y04_191109/00950380.tar.gz
HTAR: a   instcat_y04_191109/00950381.tar.gz
HTAR: a   instcat_y04_191109/00950382.tar.gz
HTAR: a   instcat_y04_191109/00950383.tar.gz
HTAR: a   instcat_y04_191109/00950384.tar.gz
HTAR: a   instcat_y04_191109/00950385.tar.gz
HTAR: a   instcat_y04_191109/00950386.tar.gz
HTAR: a   instcat_y04_191109/00950387.tar.gz
HTAR: a   instcat_y04_191109/00950388.tar.gz
HTAR: a   instcat_y04_191109/00950389.tar.gz
HTAR: a   instcat_y04_191109/00950390.tar.gz
HTAR: a   instcat_y04_191109/00950391.tar.gz
HTAR: a   instcat_y04_191109/00950392.tar.gz
HTAR: a   instcat_y04_191109/00950393.tar.gz
HTAR: a   instcat_y04_191109/00951209.tar.gz
HTAR: a   instcat_y04_191109/00951210.tar.gz
HTAR: a   instcat_y04_191109/00951211.tar.gz
HTAR: a   instcat_y04_191109/00951212.tar.gz
HTAR: a   instcat_y04_191109/00951213.tar.gz
HTAR: a   instcat_y04_191109/00951214.tar.gz
HTAR: a   instcat_y04_191109/00951215.tar.gz
HTAR: a   instcat_y04_191109/00951216.tar.gz
HTAR: a   instcat_y04_191109/00951217.tar.gz
HTAR: a   instcat_y04_191109/00951218.tar.gz
HTAR: a   instcat_y04_191109/00951219.tar.gz
HTAR: a   instcat_y04_191109/00951220.tar.gz
HTAR: a   instcat_y04_191109/00951221.tar.gz
HTAR: a   instcat_y04_191109/00951222.tar.gz
HTAR: a   instcat_y04_191109/00951223.tar.gz
HTAR: a   instcat_y04_191109/00951224.tar.gz
HTAR: a   instcat_y04_191109/00951225.tar.gz
HTAR: a   instcat_y04_191109/00951226.tar.gz
HTAR: a   instcat_y04_191109/00951227.tar.gz
HTAR: a   instcat_y04_191109/00951228.tar.gz
HTAR: a   instcat_y04_191109/00951269.tar.gz
HTAR: a   instcat_y04_191109/job_log_00949080.txt
HTAR: a   instcat_y04_191109/job_log_00949081.txt
HTAR: a   instcat_y04_191109/job_log_00949082.txt
HTAR: a   instcat_y04_191109/job_log_00949083.txt
HTAR: a   instcat_y04_191109/job_log_00949084.txt
HTAR: a   instcat_y04_191109/job_log_00949085.txt
HTAR: a   instcat_y04_191109/job_log_00949086.txt
HTAR: a   instcat_y04_191109/job_log_00949567.txt
HTAR: a   instcat_y04_191109/job_log_00949568.txt
HTAR: a   instcat_y04_191109/job_log_00949569.txt
HTAR: a   instcat_y04_191109/job_log_00949570.txt
HTAR: a   instcat_y04_191109/job_log_00949571.txt
HTAR: a   instcat_y04_191109/job_log_00949572.txt
HTAR: a   instcat_y04_191109/job_log_00949573.txt
HTAR: a   instcat_y04_191109/job_log_00949574.txt
HTAR: a   instcat_y04_191109/job_log_00949575.txt
HTAR: a   instcat_y04_191109/job_log_00949576.txt
HTAR: a   instcat_y04_191109/job_log_00949577.txt
HTAR: a   instcat_y04_191109/job_log_00949578.txt
HTAR: a   instcat_y04_191109/job_log_00949579.txt
HTAR: a   instcat_y04_191109/job_log_00949580.txt
HTAR: a   instcat_y04_191109/job_log_00949581.txt
HTAR: a   instcat_y04_191109/job_log_00949582.txt
HTAR: a   instcat_y04_191109/job_log_00949583.txt
HTAR: a   instcat_y04_191109/job_log_00949584.txt
HTAR: a   instcat_y04_191109/job_log_00949585.txt
HTAR: a   instcat_y04_191109/job_log_00949586.txt
HTAR: a   instcat_y04_191109/job_log_00949587.txt
HTAR: a   instcat_y04_191109/job_log_00949588.txt
HTAR: a   instcat_y04_191109/job_log_00949589.txt
HTAR: a   instcat_y04_191109/job_log_00949590.txt
HTAR: a   instcat_y04_191109/job_log_00949592.txt
HTAR: a   instcat_y04_191109/job_log_00949593.txt
HTAR: a   instcat_y04_191109/job_log_00949594.txt
HTAR: a   instcat_y04_191109/job_log_00949595.txt
HTAR: a   instcat_y04_191109/job_log_00949596.txt
HTAR: a   instcat_y04_191109/job_log_00949597.txt
HTAR: a   instcat_y04_191109/job_log_00949598.txt
HTAR: a   instcat_y04_191109/job_log_00949599.txt
HTAR: a   instcat_y04_191109/job_log_00949600.txt
HTAR: a   instcat_y04_191109/job_log_00949601.txt
HTAR: a   instcat_y04_191109/job_log_00949602.txt
HTAR: a   instcat_y04_191109/job_log_00949603.txt
HTAR: a   instcat_y04_191109/job_log_00949604.txt
HTAR: a   instcat_y04_191109/job_log_00949605.txt
HTAR: a   instcat_y04_191109/job_log_00949606.txt
HTAR: a   instcat_y04_191109/job_log_00949608.txt
HTAR: a   instcat_y04_191109/job_log_00949686.txt
HTAR: a   instcat_y04_191109/job_log_00949687.txt
HTAR: a   instcat_y04_191109/job_log_00949688.txt
HTAR: a   instcat_y04_191109/job_log_00949689.txt
HTAR: a   instcat_y04_191109/job_log_00949690.txt
HTAR: a   instcat_y04_191109/job_log_00949691.txt
HTAR: a   instcat_y04_191109/job_log_00949692.txt
HTAR: a   instcat_y04_191109/job_log_00949693.txt
HTAR: a   instcat_y04_191109/job_log_00949694.txt
HTAR: a   instcat_y04_191109/job_log_00949695.txt
HTAR: a   instcat_y04_191109/job_log_00949696.txt
HTAR: a   instcat_y04_191109/job_log_00949697.txt
HTAR: a   instcat_y04_191109/job_log_00949698.txt
HTAR: a   instcat_y04_191109/job_log_00949699.txt
HTAR: a   instcat_y04_191109/job_log_00949700.txt
HTAR: a   instcat_y04_191109/job_log_00949701.txt
HTAR: a   instcat_y04_191109/job_log_00949702.txt
HTAR: a   instcat_y04_191109/job_log_00949703.txt
HTAR: a   instcat_y04_191109/job_log_00949708.txt
HTAR: a   instcat_y04_191109/job_log_00949709.txt
HTAR: a   instcat_y04_191109/job_log_00949710.txt
HTAR: a   instcat_y04_191109/job_log_00949711.txt
HTAR: a   instcat_y04_191109/job_log_00949712.txt
HTAR: a   instcat_y04_191109/job_log_00949713.txt
HTAR: a   instcat_y04_191109/job_log_00949716.txt
HTAR: a   instcat_y04_191109/job_log_00949720.txt
HTAR: a   instcat_y04_191109/job_log_00949721.txt
HTAR: a   instcat_y04_191109/job_log_00949722.txt
HTAR: a   instcat_y04_191109/job_log_00949723.txt
HTAR: a   instcat_y04_191109/job_log_00949724.txt
HTAR: a   instcat_y04_191109/job_log_00949727.txt
HTAR: a   instcat_y04_191109/job_log_00949728.txt
HTAR: a   instcat_y04_191109/job_log_00950374.txt
HTAR: a   instcat_y04_191109/job_log_00950375.txt
HTAR: a   instcat_y04_191109/job_log_00950376.txt
HTAR: a   instcat_y04_191109/job_log_00950377.txt
HTAR: a   instcat_y04_191109/job_log_00950378.txt
HTAR: a   instcat_y04_191109/job_log_00950379.txt
HTAR: a   instcat_y04_191109/job_log_00950380.txt
HTAR: a   instcat_y04_191109/job_log_00950381.txt
HTAR: a   instcat_y04_191109/job_log_00950382.txt
HTAR: a   instcat_y04_191109/job_log_00950383.txt
HTAR: a   instcat_y04_191109/job_log_00950384.txt
HTAR: a   instcat_y04_191109/job_log_00950385.txt
HTAR: a   instcat_y04_191109/job_log_00950386.txt
HTAR: a   instcat_y04_191109/job_log_00950387.txt
HTAR: a   instcat_y04_191109/job_log_00950388.txt
HTAR: a   instcat_y04_191109/job_log_00950389.txt
HTAR: a   instcat_y04_191109/job_log_00950390.txt
HTAR: a   instcat_y04_191109/job_log_00950391.txt
HTAR: a   instcat_y04_191109/job_log_00950392.txt
HTAR: a   instcat_y04_191109/job_log_00950393.txt
HTAR: a   instcat_y04_191109/job_log_00951209.txt
HTAR: a   instcat_y04_191109/job_log_00951210.txt
HTAR: a   instcat_y04_191109/job_log_00951211.txt
HTAR: a   instcat_y04_191109/job_log_00951212.txt
HTAR: a   instcat_y04_191109/job_log_00951213.txt
HTAR: a   instcat_y04_191109/job_log_00951214.txt
HTAR: a   instcat_y04_191109/job_log_00951215.txt
HTAR: a   instcat_y04_191109/job_log_00951216.txt
HTAR: a   instcat_y04_191109/job_log_00951217.txt
HTAR: a   instcat_y04_191109/job_log_00951218.txt
HTAR: a   instcat_y04_191109/job_log_00951219.txt
HTAR: a   instcat_y04_191109/job_log_00951220.txt
HTAR: a   instcat_y04_191109/job_log_00951221.txt
HTAR: a   instcat_y04_191109/job_log_00951222.txt
HTAR: a   instcat_y04_191109/job_log_00951223.txt
HTAR: a   instcat_y04_191109/job_log_00951224.txt
HTAR: a   instcat_y04_191109/job_log_00951225.txt
HTAR: a   instcat_y04_191109/job_log_00951226.txt
HTAR: a   instcat_y04_191109/job_log_00951227.txt
HTAR: a   instcat_y04_191109/job_log_00951228.txt
HTAR: a   instcat_y04_191109/job_log_00951269.txt
HTAR: a   /tmp/HTAR_CF_CHK_35074_1576007217
HTAR Create complete for /home/projects/desc/DC2_ImSim/Run2.2i/instCat/y04_191109/00949080to00951269.tar. 562,669,115,904 bytes written for 240 member files, max threads: 50 Transfer time: 4196.440 seconds (134.082 MB/s) wallclock/user/sys: 4196.767 5132.317 1872.308 seconds
HTAR: HTAR SUCCESSFUL
HTAR: a   instcat_y04_191109/00951271.tar.gz
HTAR: a   instcat_y04_191109/00951272.tar.gz
HTAR: a   instcat_y04_191109/00951273.tar.gz
HTAR: a   instcat_y04_191109/00951274.tar.gz
HTAR: a   instcat_y04_191109/00951275.tar.gz
HTAR: a   instcat_y04_191109/00951276.tar.gz
HTAR: a   instcat_y04_191109/00951279.tar.gz
HTAR: a   instcat_y04_191109/00951280.tar.gz
HTAR: a   instcat_y04_191109/00951281.tar.gz
HTAR: a   instcat_y04_191109/00951282.tar.gz
HTAR: a   instcat_y04_191109/00951283.tar.gz
HTAR: a   instcat_y04_191109/00951284.tar.gz
HTAR: a   instcat_y04_191109/00951285.tar.gz
HTAR: a   instcat_y04_191109/00951286.tar.gz
HTAR: a   instcat_y04_191109/00951287.tar.gz
HTAR: a   instcat_y04_191109/00951288.tar.gz
HTAR: a   instcat_y04_191109/00951313.tar.gz
HTAR: a   instcat_y04_191109/00951314.tar.gz
HTAR: a   instcat_y04_191109/00951315.tar.gz
HTAR: a   instcat_y04_191109/00951316.tar.gz
HTAR: a   instcat_y04_191109/00951317.tar.gz
HTAR: a   instcat_y04_191109/00951318.tar.gz
HTAR: a   instcat_y04_191109/00951319.tar.gz
HTAR: a   instcat_y04_191109/00951320.tar.gz
HTAR: a   instcat_y04_191109/00951322.tar.gz
HTAR: a   instcat_y04_191109/00951323.tar.gz
HTAR: a   instcat_y04_191109/00951324.tar.gz
HTAR: a   instcat_y04_191109/00951325.tar.gz
HTAR: a   instcat_y04_191109/00951327.tar.gz
HTAR: a   instcat_y04_191109/00951328.tar.gz
HTAR: a   instcat_y04_191109/00951329.tar.gz
HTAR: a   instcat_y04_191109/00951330.tar.gz
HTAR: a   instcat_y04_191109/00951331.tar.gz
HTAR: a   instcat_y04_191109/00951332.tar.gz
HTAR: a   instcat_y04_191109/00951333.tar.gz
HTAR: a   instcat_y04_191109/00951338.tar.gz
HTAR: a   instcat_y04_191109/00951383.tar.gz
HTAR: a   instcat_y04_191109/00951386.tar.gz
HTAR: a   instcat_y04_191109/00951387.tar.gz
HTAR: a   instcat_y04_191109/00951388.tar.gz
HTAR: a   instcat_y04_191109/00951389.tar.gz
HTAR: a   instcat_y04_191109/00951390.tar.gz
HTAR: a   instcat_y04_191109/00951987.tar.gz
HTAR: a   instcat_y04_191109/00952002.tar.gz
HTAR: a   instcat_y04_191109/00952035.tar.gz
HTAR: a   instcat_y04_191109/00952036.tar.gz
HTAR: a   instcat_y04_191109/00952037.tar.gz
HTAR: a   instcat_y04_191109/00952038.tar.gz
HTAR: a   instcat_y04_191109/00952039.tar.gz
HTAR: a   instcat_y04_191109/00952040.tar.gz
HTAR: a   instcat_y04_191109/00952041.tar.gz
HTAR: a   instcat_y04_191109/00952042.tar.gz
HTAR: a   instcat_y04_191109/00952043.tar.gz
HTAR: a   instcat_y04_191109/00952044.tar.gz
HTAR: a   instcat_y04_191109/00952045.tar.gz
HTAR: a   instcat_y04_191109/00952046.tar.gz
HTAR: a   instcat_y04_191109/00952047.tar.gz
HTAR: a   instcat_y04_191109/00952048.tar.gz
HTAR: a   instcat_y04_191109/00952049.tar.gz
HTAR: a   instcat_y04_191109/00952050.tar.gz
HTAR: a   instcat_y04_191109/00952051.tar.gz
HTAR: a   instcat_y04_191109/00952052.tar.gz
HTAR: a   instcat_y04_191109/00952053.tar.gz
HTAR: a   instcat_y04_191109/00952054.tar.gz
HTAR: a   instcat_y04_191109/00952077.tar.gz
HTAR: a   instcat_y04_191109/00952767.tar.gz
HTAR: a   instcat_y04_191109/00952768.tar.gz
HTAR: a   instcat_y04_191109/00952769.tar.gz
HTAR: a   instcat_y04_191109/00952770.tar.gz
HTAR: a   instcat_y04_191109/00952771.tar.gz
HTAR: a   instcat_y04_191109/00952772.tar.gz
HTAR: a   instcat_y04_191109/00952773.tar.gz
HTAR: a   instcat_y04_191109/00952774.tar.gz
HTAR: a   instcat_y04_191109/00952775.tar.gz
HTAR: a   instcat_y04_191109/00952776.tar.gz
HTAR: a   instcat_y04_191109/00952777.tar.gz
HTAR: a   instcat_y04_191109/00952778.tar.gz
HTAR: a   instcat_y04_191109/00952779.tar.gz
HTAR: a   instcat_y04_191109/00952780.tar.gz
HTAR: a   instcat_y04_191109/00952781.tar.gz
HTAR: a   instcat_y04_191109/00952782.tar.gz
HTAR: a   instcat_y04_191109/00952783.tar.gz
HTAR: a   instcat_y04_191109/00952784.tar.gz
HTAR: a   instcat_y04_191109/00952785.tar.gz
HTAR: a   instcat_y04_191109/00952786.tar.gz
HTAR: a   instcat_y04_191109/00952787.tar.gz
HTAR: a   instcat_y04_191109/00952788.tar.gz
HTAR: a   instcat_y04_191109/00952789.tar.gz
HTAR: a   instcat_y04_191109/00952790.tar.gz
HTAR: a   instcat_y04_191109/00952791.tar.gz
HTAR: a   instcat_y04_191109/00952792.tar.gz
HTAR: a   instcat_y04_191109/00952793.tar.gz
HTAR: a   instcat_y04_191109/00952794.tar.gz
HTAR: a   instcat_y04_191109/00952795.tar.gz
HTAR: a   instcat_y04_191109/00952796.tar.gz
HTAR: a   instcat_y04_191109/00952797.tar.gz
HTAR: a   instcat_y04_191109/00952798.tar.gz
HTAR: a   instcat_y04_191109/00952799.tar.gz
HTAR: a   instcat_y04_191109/00952800.tar.gz
HTAR: a   instcat_y04_191109/00952801.tar.gz
HTAR: a   instcat_y04_191109/00952802.tar.gz
HTAR: a   instcat_y04_191109/00952803.tar.gz
HTAR: a   instcat_y04_191109/00952804.tar.gz
HTAR: a   instcat_y04_191109/00952805.tar.gz
HTAR: a   instcat_y04_191109/00952806.tar.gz
HTAR: a   instcat_y04_191109/00952807.tar.gz
HTAR: a   instcat_y04_191109/00952808.tar.gz
HTAR: a   instcat_y04_191109/00952809.tar.gz
HTAR: a   instcat_y04_191109/00952810.tar.gz
HTAR: a   instcat_y04_191109/00952811.tar.gz
HTAR: a   instcat_y04_191109/00952812.tar.gz
HTAR: a   instcat_y04_191109/00952813.tar.gz
HTAR: a   instcat_y04_191109/00952814.tar.gz
HTAR: a   instcat_y04_191109/00952815.tar.gz
HTAR: a   instcat_y04_191109/00952816.tar.gz
HTAR: a   instcat_y04_191109/00952817.tar.gz
HTAR: a   instcat_y04_191109/00952818.tar.gz
HTAR: a   instcat_y04_191109/00952819.tar.gz
HTAR: a   instcat_y04_191109/00952820.tar.gz
HTAR: a   instcat_y04_191109/00952821.tar.gz
HTAR: a   instcat_y04_191109/job_log_00951271.txt
HTAR: a   instcat_y04_191109/job_log_00951272.txt
HTAR: a   instcat_y04_191109/job_log_00951273.txt
HTAR: a   instcat_y04_191109/job_log_00951274.txt
HTAR: a   instcat_y04_191109/job_log_00951275.txt
HTAR: a   instcat_y04_191109/job_log_00951276.txt
HTAR: a   instcat_y04_191109/job_log_00951279.txt
HTAR: a   instcat_y04_191109/job_log_00951280.txt
HTAR: a   instcat_y04_191109/job_log_00951281.txt
HTAR: a   instcat_y04_191109/job_log_00951282.txt
HTAR: a   instcat_y04_191109/job_log_00951283.txt
HTAR: a   instcat_y04_191109/job_log_00951284.txt
HTAR: a   instcat_y04_191109/job_log_00951285.txt
HTAR: a   instcat_y04_191109/job_log_00951286.txt
HTAR: a   instcat_y04_191109/job_log_00951287.txt
HTAR: a   instcat_y04_191109/job_log_00951288.txt
HTAR: a   instcat_y04_191109/job_log_00951313.txt
HTAR: a   instcat_y04_191109/job_log_00951314.txt
HTAR: a   instcat_y04_191109/job_log_00951315.txt
HTAR: a   instcat_y04_191109/job_log_00951316.txt
HTAR: a   instcat_y04_191109/job_log_00951317.txt
HTAR: a   instcat_y04_191109/job_log_00951318.txt
HTAR: a   instcat_y04_191109/job_log_00951319.txt
HTAR: a   instcat_y04_191109/job_log_00951320.txt
HTAR: a   instcat_y04_191109/job_log_00951322.txt
HTAR: a   instcat_y04_191109/job_log_00951323.txt
HTAR: a   instcat_y04_191109/job_log_00951324.txt
HTAR: a   instcat_y04_191109/job_log_00951325.txt
HTAR: a   instcat_y04_191109/job_log_00951327.txt
HTAR: a   instcat_y04_191109/job_log_00951328.txt
HTAR: a   instcat_y04_191109/job_log_00951329.txt
HTAR: a   instcat_y04_191109/job_log_00951330.txt
HTAR: a   instcat_y04_191109/job_log_00951331.txt
HTAR: a   instcat_y04_191109/job_log_00951332.txt
HTAR: a   instcat_y04_191109/job_log_00951333.txt
HTAR: a   instcat_y04_191109/job_log_00951338.txt
HTAR: a   instcat_y04_191109/job_log_00951383.txt
HTAR: a   instcat_y04_191109/job_log_00951386.txt
HTAR: a   instcat_y04_191109/job_log_00951387.txt
HTAR: a   instcat_y04_191109/job_log_00951388.txt
HTAR: a   instcat_y04_191109/job_log_00951389.txt
HTAR: a   instcat_y04_191109/job_log_00951390.txt
HTAR: a   instcat_y04_191109/job_log_00951987.txt
HTAR: a   instcat_y04_191109/job_log_00952002.txt
HTAR: a   instcat_y04_191109/job_log_00952035.txt
HTAR: a   instcat_y04_191109/job_log_00952036.txt
HTAR: a   instcat_y04_191109/job_log_00952037.txt
HTAR: a   instcat_y04_191109/job_log_00952038.txt
HTAR: a   instcat_y04_191109/job_log_00952039.txt
HTAR: a   instcat_y04_191109/job_log_00952040.txt
HTAR: a   instcat_y04_191109/job_log_00952041.txt
HTAR: a   instcat_y04_191109/job_log_00952042.txt
HTAR: a   instcat_y04_191109/job_log_00952043.txt
HTAR: a   instcat_y04_191109/job_log_00952044.txt
HTAR: a   instcat_y04_191109/job_log_00952045.txt
HTAR: a   instcat_y04_191109/job_log_00952046.txt
HTAR: a   instcat_y04_191109/job_log_00952047.txt
HTAR: a   instcat_y04_191109/job_log_00952048.txt
HTAR: a   instcat_y04_191109/job_log_00952049.txt
HTAR: a   instcat_y04_191109/job_log_00952050.txt
HTAR: a   instcat_y04_191109/job_log_00952051.txt
HTAR: a   instcat_y04_191109/job_log_00952052.txt
HTAR: a   instcat_y04_191109/job_log_00952053.txt
HTAR: a   instcat_y04_191109/job_log_00952054.txt
HTAR: a   instcat_y04_191109/job_log_00952077.txt
HTAR: a   instcat_y04_191109/job_log_00952767.txt
HTAR: a   instcat_y04_191109/job_log_00952768.txt
HTAR: a   instcat_y04_191109/job_log_00952769.txt
HTAR: a   instcat_y04_191109/job_log_00952770.txt
HTAR: a   instcat_y04_191109/job_log_00952771.txt
HTAR: a   instcat_y04_191109/job_log_00952772.txt
HTAR: a   instcat_y04_191109/job_log_00952773.txt
HTAR: a   instcat_y04_191109/job_log_00952774.txt
HTAR: a   instcat_y04_191109/job_log_00952775.txt
HTAR: a   instcat_y04_191109/job_log_00952776.txt
HTAR: a   instcat_y04_191109/job_log_00952777.txt
HTAR: a   instcat_y04_191109/job_log_00952778.txt
HTAR: a   instcat_y04_191109/job_log_00952779.txt
HTAR: a   instcat_y04_191109/job_log_00952780.txt
HTAR: a   instcat_y04_191109/job_log_00952781.txt
HTAR: a   instcat_y04_191109/job_log_00952782.txt
HTAR: a   instcat_y04_191109/job_log_00952783.txt
HTAR: a   instcat_y04_191109/job_log_00952784.txt
HTAR: a   instcat_y04_191109/job_log_00952785.txt
HTAR: a   instcat_y04_191109/job_log_00952786.txt
HTAR: a   instcat_y04_191109/job_log_00952787.txt
HTAR: a   instcat_y04_191109/job_log_00952788.txt
HTAR: a   instcat_y04_191109/job_log_00952789.txt
HTAR: a   instcat_y04_191109/job_log_00952790.txt
HTAR: a   instcat_y04_191109/job_log_00952791.txt
HTAR: a   instcat_y04_191109/job_log_00952792.txt
HTAR: a   instcat_y04_191109/job_log_00952793.txt
HTAR: a   instcat_y04_191109/job_log_00952794.txt
HTAR: a   instcat_y04_191109/job_log_00952795.txt
HTAR: a   instcat_y04_191109/job_log_00952796.txt
HTAR: a   instcat_y04_191109/job_log_00952797.txt
HTAR: a   instcat_y04_191109/job_log_00952798.txt
HTAR: a   instcat_y04_191109/job_log_00952799.txt
HTAR: a   instcat_y04_191109/job_log_00952800.txt
HTAR: a   instcat_y04_191109/job_log_00952801.txt
HTAR: a   instcat_y04_191109/job_log_00952802.txt
HTAR: a   instcat_y04_191109/job_log_00952803.txt
HTAR: a   instcat_y04_191109/job_log_00952804.txt
HTAR: a   instcat_y04_191109/job_log_00952805.txt
HTAR: a   instcat_y04_191109/job_log_00952806.txt
HTAR: a   instcat_y04_191109/job_log_00952807.txt
HTAR: a   instcat_y04_191109/job_log_00952808.txt
HTAR: a   instcat_y04_191109/job_log_00952809.txt
HTAR: a   instcat_y04_191109/job_log_00952810.txt
HTAR: a   instcat_y04_191109/job_log_00952811.txt
HTAR: a   instcat_y04_191109/job_log_00952812.txt
HTAR: a   instcat_y04_191109/job_log_00952813.txt
HTAR: a   instcat_y04_191109/job_log_00952814.txt
HTAR: a   instcat_y04_191109/job_log_00952815.txt
HTAR: a   instcat_y04_191109/job_log_00952816.txt
HTAR: a   instcat_y04_191109/job_log_00952817.txt
HTAR: a   instcat_y04_191109/job_log_00952818.txt
HTAR: a   instcat_y04_191109/job_log_00952819.txt
HTAR: a   instcat_y04_191109/job_log_00952820.txt
HTAR: a   instcat_y04_191109/job_log_00952821.txt
HTAR: a   /tmp/HTAR_CF_CHK_55769_1576011418
HTAR Create complete for /home/projects/desc/DC2_ImSim/Run2.2i/instCat/y04_191109/00951271to00952821.tar. 565,137,755,648 bytes written for 240 member files, max threads: 50 Transfer time: 4306.814 seconds (131.219 MB/s) wallclock/user/sys: 4308.763 4707.241 1811.303 seconds
HTAR: HTAR SUCCESSFUL
HTAR: a   instcat_y04_191109/00952822.tar.gz
HTAR: a   instcat_y04_191109/00952823.tar.gz
HTAR: a   instcat_y04_191109/00952824.tar.gz
HTAR: a   instcat_y04_191109/00952825.tar.gz
HTAR: a   instcat_y04_191109/00952826.tar.gz
HTAR: a   instcat_y04_191109/00952827.tar.gz
HTAR: a   instcat_y04_191109/00952828.tar.gz
HTAR: a   instcat_y04_191109/00952829.tar.gz
HTAR: a   instcat_y04_191109/00952830.tar.gz
HTAR: a   instcat_y04_191109/00952831.tar.gz
HTAR: a   instcat_y04_191109/00952832.tar.gz
HTAR: a   instcat_y04_191109/00952833.tar.gz
HTAR: a   instcat_y04_191109/00952834.tar.gz
HTAR: a   instcat_y04_191109/00952835.tar.gz
HTAR: a   instcat_y04_191109/00952836.tar.gz
HTAR: a   instcat_y04_191109/00952837.tar.gz
HTAR: a   instcat_y04_191109/00952838.tar.gz
HTAR: a   instcat_y04_191109/00952839.tar.gz
HTAR: a   instcat_y04_191109/00952840.tar.gz
HTAR: a   instcat_y04_191109/00952841.tar.gz
HTAR: a   instcat_y04_191109/00952842.tar.gz
HTAR: a   instcat_y04_191109/00952843.tar.gz
HTAR: a   instcat_y04_191109/00952844.tar.gz
HTAR: a   instcat_y04_191109/00952845.tar.gz
HTAR: a   instcat_y04_191109/00952846.tar.gz
HTAR: a   instcat_y04_191109/00952847.tar.gz
HTAR: a   instcat_y04_191109/00952848.tar.gz
HTAR: a   instcat_y04_191109/00952849.tar.gz
HTAR: a   instcat_y04_191109/00952850.tar.gz
HTAR: a   instcat_y04_191109/00952851.tar.gz
HTAR: a   instcat_y04_191109/00952852.tar.gz
HTAR: a   instcat_y04_191109/00952853.tar.gz
HTAR: a   instcat_y04_191109/00952854.tar.gz
HTAR: a   instcat_y04_191109/00952855.tar.gz
HTAR: a   instcat_y04_191109/00952856.tar.gz
HTAR: a   instcat_y04_191109/00952857.tar.gz
HTAR: a   instcat_y04_191109/00952858.tar.gz
HTAR: a   instcat_y04_191109/00952859.tar.gz
HTAR: a   instcat_y04_191109/00952860.tar.gz
HTAR: a   instcat_y04_191109/00952861.tar.gz
HTAR: a   instcat_y04_191109/00952862.tar.gz
HTAR: a   instcat_y04_191109/00953493.tar.gz
HTAR: a   instcat_y04_191109/00953494.tar.gz
HTAR: a   instcat_y04_191109/00953495.tar.gz
HTAR: a   instcat_y04_191109/00953496.tar.gz
HTAR: a   instcat_y04_191109/00953497.tar.gz
HTAR: a   instcat_y04_191109/00953498.tar.gz
HTAR: a   instcat_y04_191109/00953499.tar.gz
HTAR: a   instcat_y04_191109/00953500.tar.gz
HTAR: a   instcat_y04_191109/00953501.tar.gz
HTAR: a   instcat_y04_191109/00953547.tar.gz
HTAR: a   instcat_y04_191109/00953548.tar.gz
HTAR: a   instcat_y04_191109/00953549.tar.gz
HTAR: a   instcat_y04_191109/00953550.tar.gz
HTAR: a   instcat_y04_191109/00953551.tar.gz
HTAR: a   instcat_y04_191109/00953552.tar.gz
HTAR: a   instcat_y04_191109/00953553.tar.gz
HTAR: a   instcat_y04_191109/00953554.tar.gz
HTAR: a   instcat_y04_191109/00953555.tar.gz
HTAR: a   instcat_y04_191109/00953558.tar.gz
HTAR: a   instcat_y04_191109/00953583.tar.gz
HTAR: a   instcat_y04_191109/00953584.tar.gz
HTAR: a   instcat_y04_191109/00953585.tar.gz
HTAR: a   instcat_y04_191109/00953629.tar.gz
HTAR: a   instcat_y04_191109/00953630.tar.gz
HTAR: a   instcat_y04_191109/00953631.tar.gz
HTAR: a   instcat_y04_191109/00953632.tar.gz
HTAR: a   instcat_y04_191109/00953633.tar.gz
HTAR: a   instcat_y04_191109/00953647.tar.gz
HTAR: a   instcat_y04_191109/00953648.tar.gz
HTAR: a   instcat_y04_191109/00953665.tar.gz
HTAR: a   instcat_y04_191109/00953666.tar.gz
HTAR: a   instcat_y04_191109/00953679.tar.gz
HTAR: a   instcat_y04_191109/00953681.tar.gz
HTAR: a   instcat_y04_191109/00953682.tar.gz
HTAR: a   instcat_y04_191109/00954380.tar.gz
HTAR: a   instcat_y04_191109/00954400.tar.gz
HTAR: a   instcat_y04_191109/00954407.tar.gz
HTAR: a   instcat_y04_191109/00954408.tar.gz
HTAR: a   instcat_y04_191109/00954409.tar.gz
HTAR: a   instcat_y04_191109/00954441.tar.gz
HTAR: a   instcat_y04_191109/00954442.tar.gz
HTAR: a   instcat_y04_191109/00954450.tar.gz
HTAR: a   instcat_y04_191109/00954492.tar.gz
HTAR: a   instcat_y04_191109/00955117.tar.gz
HTAR: a   instcat_y04_191109/00955118.tar.gz
HTAR: a   instcat_y04_191109/00955119.tar.gz
HTAR: a   instcat_y04_191109/00955120.tar.gz
HTAR: a   instcat_y04_191109/00955121.tar.gz
HTAR: a   instcat_y04_191109/00955122.tar.gz
HTAR: a   instcat_y04_191109/00955123.tar.gz
HTAR: a   instcat_y04_191109/00955124.tar.gz
HTAR: a   instcat_y04_191109/00955125.tar.gz
HTAR: a   instcat_y04_191109/00955126.tar.gz
HTAR: a   instcat_y04_191109/00955127.tar.gz
HTAR: a   instcat_y04_191109/00955128.tar.gz
HTAR: a   instcat_y04_191109/00955129.tar.gz
HTAR: a   instcat_y04_191109/00955130.tar.gz
HTAR: a   instcat_y04_191109/00955131.tar.gz
HTAR: a   instcat_y04_191109/00955132.tar.gz
HTAR: a   instcat_y04_191109/00955133.tar.gz
HTAR: a   instcat_y04_191109/00955134.tar.gz
HTAR: a   instcat_y04_191109/00955135.tar.gz
HTAR: a   instcat_y04_191109/00955136.tar.gz
HTAR: a   instcat_y04_191109/00955137.tar.gz
HTAR: a   instcat_y04_191109/00955138.tar.gz
HTAR: a   instcat_y04_191109/00955139.tar.gz
HTAR: a   instcat_y04_191109/00955140.tar.gz
HTAR: a   instcat_y04_191109/00955141.tar.gz
HTAR: a   instcat_y04_191109/00955142.tar.gz
HTAR: a   instcat_y04_191109/00955143.tar.gz
HTAR: a   instcat_y04_191109/00955144.tar.gz
HTAR: a   instcat_y04_191109/00955145.tar.gz
HTAR: a   instcat_y04_191109/00955146.tar.gz
HTAR: a   instcat_y04_191109/00955147.tar.gz
HTAR: a   instcat_y04_191109/00955148.tar.gz
HTAR: a   instcat_y04_191109/00955149.tar.gz
HTAR: a   instcat_y04_191109/00955150.tar.gz
HTAR: a   instcat_y04_191109/00955151.tar.gz
HTAR: a   instcat_y04_191109/00955152.tar.gz
HTAR: a   instcat_y04_191109/job_log_00952822.txt
HTAR: a   instcat_y04_191109/job_log_00952823.txt
HTAR: a   instcat_y04_191109/job_log_00952824.txt
HTAR: a   instcat_y04_191109/job_log_00952825.txt
HTAR: a   instcat_y04_191109/job_log_00952826.txt
HTAR: a   instcat_y04_191109/job_log_00952827.txt
HTAR: a   instcat_y04_191109/job_log_00952828.txt
HTAR: a   instcat_y04_191109/job_log_00952829.txt
HTAR: a   instcat_y04_191109/job_log_00952830.txt
HTAR: a   instcat_y04_191109/job_log_00952831.txt
HTAR: a   instcat_y04_191109/job_log_00952832.txt
HTAR: a   instcat_y04_191109/job_log_00952833.txt
HTAR: a   instcat_y04_191109/job_log_00952834.txt
HTAR: a   instcat_y04_191109/job_log_00952835.txt
HTAR: a   instcat_y04_191109/job_log_00952836.txt
HTAR: a   instcat_y04_191109/job_log_00952837.txt
HTAR: a   instcat_y04_191109/job_log_00952838.txt
HTAR: a   instcat_y04_191109/job_log_00952839.txt
HTAR: a   instcat_y04_191109/job_log_00952840.txt
HTAR: a   instcat_y04_191109/job_log_00952841.txt
HTAR: a   instcat_y04_191109/job_log_00952842.txt
HTAR: a   instcat_y04_191109/job_log_00952843.txt
HTAR: a   instcat_y04_191109/job_log_00952844.txt
HTAR: a   instcat_y04_191109/job_log_00952845.txt
HTAR: a   instcat_y04_191109/job_log_00952846.txt
HTAR: a   instcat_y04_191109/job_log_00952847.txt
HTAR: a   instcat_y04_191109/job_log_00952848.txt
HTAR: a   instcat_y04_191109/job_log_00952849.txt
HTAR: a   instcat_y04_191109/job_log_00952850.txt
HTAR: a   instcat_y04_191109/job_log_00952851.txt
HTAR: a   instcat_y04_191109/job_log_00952852.txt
HTAR: a   instcat_y04_191109/job_log_00952853.txt
HTAR: a   instcat_y04_191109/job_log_00952854.txt
HTAR: a   instcat_y04_191109/job_log_00952855.txt
HTAR: a   instcat_y04_191109/job_log_00952856.txt
HTAR: a   instcat_y04_191109/job_log_00952857.txt
HTAR: a   instcat_y04_191109/job_log_00952858.txt
HTAR: a   instcat_y04_191109/job_log_00952859.txt
HTAR: a   instcat_y04_191109/job_log_00952860.txt
HTAR: a   instcat_y04_191109/job_log_00952861.txt
HTAR: a   instcat_y04_191109/job_log_00952862.txt
HTAR: a   instcat_y04_191109/job_log_00953493.txt
HTAR: a   instcat_y04_191109/job_log_00953494.txt
HTAR: a   instcat_y04_191109/job_log_00953495.txt
HTAR: a   instcat_y04_191109/job_log_00953496.txt
HTAR: a   instcat_y04_191109/job_log_00953497.txt
HTAR: a   instcat_y04_191109/job_log_00953498.txt
HTAR: a   instcat_y04_191109/job_log_00953499.txt
HTAR: a   instcat_y04_191109/job_log_00953500.txt
HTAR: a   instcat_y04_191109/job_log_00953501.txt
HTAR: a   instcat_y04_191109/job_log_00953547.txt
HTAR: a   instcat_y04_191109/job_log_00953548.txt
HTAR: a   instcat_y04_191109/job_log_00953549.txt
HTAR: a   instcat_y04_191109/job_log_00953550.txt
HTAR: a   instcat_y04_191109/job_log_00953551.txt
HTAR: a   instcat_y04_191109/job_log_00953552.txt
HTAR: a   instcat_y04_191109/job_log_00953553.txt
HTAR: a   instcat_y04_191109/job_log_00953554.txt
HTAR: a   instcat_y04_191109/job_log_00953555.txt
HTAR: a   instcat_y04_191109/job_log_00953558.txt
HTAR: a   instcat_y04_191109/job_log_00953583.txt
HTAR: a   instcat_y04_191109/job_log_00953584.txt
HTAR: a   instcat_y04_191109/job_log_00953585.txt
HTAR: a   instcat_y04_191109/job_log_00953629.txt
HTAR: a   instcat_y04_191109/job_log_00953630.txt
HTAR: a   instcat_y04_191109/job_log_00953631.txt
HTAR: a   instcat_y04_191109/job_log_00953632.txt
HTAR: a   instcat_y04_191109/job_log_00953633.txt
HTAR: a   instcat_y04_191109/job_log_00953647.txt
HTAR: a   instcat_y04_191109/job_log_00953648.txt
HTAR: a   instcat_y04_191109/job_log_00953665.txt
HTAR: a   instcat_y04_191109/job_log_00953666.txt
HTAR: a   instcat_y04_191109/job_log_00953679.txt
HTAR: a   instcat_y04_191109/job_log_00953681.txt
HTAR: a   instcat_y04_191109/job_log_00953682.txt
HTAR: a   instcat_y04_191109/job_log_00954380.txt
HTAR: a   instcat_y04_191109/job_log_00954400.txt
HTAR: a   instcat_y04_191109/job_log_00954407.txt
HTAR: a   instcat_y04_191109/job_log_00954408.txt
HTAR: a   instcat_y04_191109/job_log_00954409.txt
HTAR: a   instcat_y04_191109/job_log_00954441.txt
HTAR: a   instcat_y04_191109/job_log_00954442.txt
HTAR: a   instcat_y04_191109/job_log_00954450.txt
HTAR: a   instcat_y04_191109/job_log_00954492.txt
HTAR: a   instcat_y04_191109/job_log_00955117.txt
HTAR: a   instcat_y04_191109/job_log_00955118.txt
HTAR: a   instcat_y04_191109/job_log_00955119.txt
HTAR: a   instcat_y04_191109/job_log_00955120.txt
HTAR: a   instcat_y04_191109/job_log_00955121.txt
HTAR: a   instcat_y04_191109/job_log_00955122.txt
HTAR: a   instcat_y04_191109/job_log_00955123.txt
HTAR: a   instcat_y04_191109/job_log_00955124.txt
HTAR: a   instcat_y04_191109/job_log_00955125.txt
HTAR: a   instcat_y04_191109/job_log_00955126.txt
HTAR: a   instcat_y04_191109/job_log_00955127.txt
HTAR: a   instcat_y04_191109/job_log_00955128.txt
HTAR: a   instcat_y04_191109/job_log_00955129.txt
HTAR: a   instcat_y04_191109/job_log_00955130.txt
HTAR: a   instcat_y04_191109/job_log_00955131.txt
HTAR: a   instcat_y04_191109/job_log_00955132.txt
HTAR: a   instcat_y04_191109/job_log_00955133.txt
HTAR: a   instcat_y04_191109/job_log_00955134.txt
HTAR: a   instcat_y04_191109/job_log_00955135.txt
HTAR: a   instcat_y04_191109/job_log_00955136.txt
HTAR: a   instcat_y04_191109/job_log_00955137.txt
HTAR: a   instcat_y04_191109/job_log_00955138.txt
HTAR: a   instcat_y04_191109/job_log_00955139.txt
HTAR: a   instcat_y04_191109/job_log_00955140.txt
HTAR: a   instcat_y04_191109/job_log_00955141.txt
HTAR: a   instcat_y04_191109/job_log_00955142.txt
HTAR: a   instcat_y04_191109/job_log_00955143.txt
HTAR: a   instcat_y04_191109/job_log_00955144.txt
HTAR: a   instcat_y04_191109/job_log_00955145.txt
HTAR: a   instcat_y04_191109/job_log_00955146.txt
HTAR: a   instcat_y04_191109/job_log_00955147.txt
HTAR: a   instcat_y04_191109/job_log_00955148.txt
HTAR: a   instcat_y04_191109/job_log_00955149.txt
HTAR: a   instcat_y04_191109/job_log_00955150.txt
HTAR: a   instcat_y04_191109/job_log_00955151.txt
HTAR: a   instcat_y04_191109/job_log_00955152.txt
HTAR: a   /tmp/HTAR_CF_CHK_1228_1576015731
HTAR Create complete for /home/projects/desc/DC2_ImSim/Run2.2i/instCat/y04_191109/00952822to00955152.tar. 554,596,695,040 bytes written for 240 member files, max threads: 50 Transfer time: 4200.304 seconds (132.037 MB/s) wallclock/user/sys: 4203.126 5080.401 1956.118 seconds
HTAR: HTAR SUCCESSFUL
HTAR: a   instcat_y04_191109/00955153.tar.gz
HTAR: a   instcat_y04_191109/00955154.tar.gz
HTAR: a   instcat_y04_191109/00955155.tar.gz
HTAR: a   instcat_y04_191109/00955156.tar.gz
HTAR: a   instcat_y04_191109/00955157.tar.gz
HTAR: a   instcat_y04_191109/00955158.tar.gz
HTAR: a   instcat_y04_191109/00955159.tar.gz
HTAR: a   instcat_y04_191109/00955160.tar.gz
HTAR: a   instcat_y04_191109/00955161.tar.gz
HTAR: a   instcat_y04_191109/00955162.tar.gz
HTAR: a   instcat_y04_191109/00955163.tar.gz
HTAR: a   instcat_y04_191109/00955164.tar.gz
HTAR: a   instcat_y04_191109/00955165.tar.gz
HTAR: a   instcat_y04_191109/00955166.tar.gz
HTAR: a   instcat_y04_191109/00955167.tar.gz
HTAR: a   instcat_y04_191109/00955168.tar.gz
HTAR: a   instcat_y04_191109/00955169.tar.gz
HTAR: a   instcat_y04_191109/00955170.tar.gz
HTAR: a   instcat_y04_191109/00955171.tar.gz
HTAR: a   instcat_y04_191109/00955172.tar.gz
HTAR: a   instcat_y04_191109/00955173.tar.gz
HTAR: a   instcat_y04_191109/00955174.tar.gz
HTAR: a   instcat_y04_191109/00955175.tar.gz
HTAR: a   instcat_y04_191109/00955176.tar.gz
HTAR: a   instcat_y04_191109/00955177.tar.gz
HTAR: a   instcat_y04_191109/00955178.tar.gz
HTAR: a   instcat_y04_191109/00955179.tar.gz
HTAR: a   instcat_y04_191109/00955180.tar.gz
HTAR: a   instcat_y04_191109/00955181.tar.gz
HTAR: a   instcat_y04_191109/00955182.tar.gz
HTAR: a   instcat_y04_191109/00955183.tar.gz
HTAR: a   instcat_y04_191109/00955184.tar.gz
HTAR: a   instcat_y04_191109/00955185.tar.gz
HTAR: a   instcat_y04_191109/00955186.tar.gz
HTAR: a   instcat_y04_191109/00955187.tar.gz
HTAR: a   instcat_y04_191109/00955188.tar.gz
HTAR: a   instcat_y04_191109/00955189.tar.gz
HTAR: a   instcat_y04_191109/00955190.tar.gz
HTAR: a   instcat_y04_191109/00955191.tar.gz
HTAR: a   instcat_y04_191109/00955192.tar.gz
HTAR: a   instcat_y04_191109/00955193.tar.gz
HTAR: a   instcat_y04_191109/00955194.tar.gz
HTAR: a   instcat_y04_191109/00955195.tar.gz
HTAR: a   instcat_y04_191109/00955196.tar.gz
HTAR: a   instcat_y04_191109/00955197.tar.gz
HTAR: a   instcat_y04_191109/00955198.tar.gz
HTAR: a   instcat_y04_191109/00955199.tar.gz
HTAR: a   instcat_y04_191109/00955200.tar.gz
HTAR: a   instcat_y04_191109/00955201.tar.gz
HTAR: a   instcat_y04_191109/00955202.tar.gz
HTAR: a   instcat_y04_191109/00955203.tar.gz
HTAR: a   instcat_y04_191109/00955204.tar.gz
HTAR: a   instcat_y04_191109/00955205.tar.gz
HTAR: a   instcat_y04_191109/00955206.tar.gz
HTAR: a   instcat_y04_191109/00955207.tar.gz
HTAR: a   instcat_y04_191109/00955208.tar.gz
HTAR: a   instcat_y04_191109/00955209.tar.gz
HTAR: a   instcat_y04_191109/00955210.tar.gz
HTAR: a   instcat_y04_191109/00955211.tar.gz
HTAR: a   instcat_y04_191109/00955212.tar.gz
HTAR: a   instcat_y04_191109/00955375.tar.gz
HTAR: a   instcat_y04_191109/00955390.tar.gz
HTAR: a   instcat_y04_191109/00955483.tar.gz
HTAR: a   instcat_y04_191109/00955484.tar.gz
HTAR: a   instcat_y04_191109/00955485.tar.gz
HTAR: a   instcat_y04_191109/00955492.tar.gz
HTAR: a   instcat_y04_191109/00955517.tar.gz
HTAR: a   instcat_y04_191109/00955518.tar.gz
HTAR: a   instcat_y04_191109/00956183.tar.gz
HTAR: a   instcat_y04_191109/00956198.tar.gz
HTAR: a   instcat_y04_191109/00956199.tar.gz
HTAR: a   instcat_y04_191109/00956200.tar.gz
HTAR: a   instcat_y04_191109/00956201.tar.gz
HTAR: a   instcat_y04_191109/00956202.tar.gz
HTAR: a   instcat_y04_191109/00956203.tar.gz
HTAR: a   instcat_y04_191109/00956208.tar.gz
HTAR: a   instcat_y04_191109/00956209.tar.gz
HTAR: a   instcat_y04_191109/00956210.tar.gz
HTAR: a   instcat_y04_191109/00956234.tar.gz
HTAR: a   instcat_y04_191109/00956235.tar.gz
HTAR: a   instcat_y04_191109/00956236.tar.gz
HTAR: a   instcat_y04_191109/00956237.tar.gz
HTAR: a   instcat_y04_191109/00956238.tar.gz
HTAR: a   instcat_y04_191109/00956239.tar.gz
HTAR: a   instcat_y04_191109/00956240.tar.gz
HTAR: a   instcat_y04_191109/00956241.tar.gz
HTAR: a   instcat_y04_191109/00956242.tar.gz
HTAR: a   instcat_y04_191109/00956243.tar.gz
HTAR: a   instcat_y04_191109/00956244.tar.gz
HTAR: a   instcat_y04_191109/00956249.tar.gz
HTAR: a   instcat_y04_191109/00956250.tar.gz
HTAR: a   instcat_y04_191109/00956262.tar.gz
HTAR: a   instcat_y04_191109/00956365.tar.gz
HTAR: a   instcat_y04_191109/00956399.tar.gz
HTAR: a   instcat_y04_191109/00956401.tar.gz
HTAR: a   instcat_y04_191109/00956431.tar.gz
HTAR: a   instcat_y04_191109/00956432.tar.gz
HTAR: a   instcat_y04_191109/00956434.tar.gz
HTAR: a   instcat_y04_191109/00956829.tar.gz
HTAR: a   instcat_y04_191109/00956830.tar.gz
HTAR: a   instcat_y04_191109/00956831.tar.gz
HTAR: a   instcat_y04_191109/00956832.tar.gz
HTAR: a   instcat_y04_191109/00956833.tar.gz
HTAR: a   instcat_y04_191109/00956834.tar.gz
HTAR: a   instcat_y04_191109/00956835.tar.gz
HTAR: a   instcat_y04_191109/00956836.tar.gz
HTAR: a   instcat_y04_191109/00956837.tar.gz
HTAR: a   instcat_y04_191109/00956838.tar.gz
HTAR: a   instcat_y04_191109/00956839.tar.gz
HTAR: a   instcat_y04_191109/00956840.tar.gz
HTAR: a   instcat_y04_191109/00956841.tar.gz
HTAR: a   instcat_y04_191109/00956842.tar.gz
HTAR: a   instcat_y04_191109/00956843.tar.gz
HTAR: a   instcat_y04_191109/00956844.tar.gz
HTAR: a   instcat_y04_191109/00956845.tar.gz
HTAR: a   instcat_y04_191109/00956846.tar.gz
HTAR: a   instcat_y04_191109/00956847.tar.gz
HTAR: a   instcat_y04_191109/00956848.tar.gz
HTAR: a   instcat_y04_191109/00956849.tar.gz
HTAR: a   instcat_y04_191109/00956850.tar.gz
HTAR: a   instcat_y04_191109/job_log_00955153.txt
HTAR: a   instcat_y04_191109/job_log_00955154.txt
HTAR: a   instcat_y04_191109/job_log_00955155.txt
HTAR: a   instcat_y04_191109/job_log_00955156.txt
HTAR: a   instcat_y04_191109/job_log_00955157.txt
HTAR: a   instcat_y04_191109/job_log_00955158.txt
HTAR: a   instcat_y04_191109/job_log_00955159.txt
HTAR: a   instcat_y04_191109/job_log_00955160.txt
HTAR: a   instcat_y04_191109/job_log_00955161.txt
HTAR: a   instcat_y04_191109/job_log_00955162.txt
HTAR: a   instcat_y04_191109/job_log_00955163.txt
HTAR: a   instcat_y04_191109/job_log_00955164.txt
HTAR: a   instcat_y04_191109/job_log_00955165.txt
HTAR: a   instcat_y04_191109/job_log_00955166.txt
HTAR: a   instcat_y04_191109/job_log_00955167.txt
HTAR: a   instcat_y04_191109/job_log_00955168.txt
HTAR: a   instcat_y04_191109/job_log_00955169.txt
HTAR: a   instcat_y04_191109/job_log_00955170.txt
HTAR: a   instcat_y04_191109/job_log_00955171.txt
HTAR: a   instcat_y04_191109/job_log_00955172.txt
HTAR: a   instcat_y04_191109/job_log_00955173.txt
HTAR: a   instcat_y04_191109/job_log_00955174.txt
HTAR: a   instcat_y04_191109/job_log_00955175.txt
HTAR: a   instcat_y04_191109/job_log_00955176.txt
HTAR: a   instcat_y04_191109/job_log_00955177.txt
HTAR: a   instcat_y04_191109/job_log_00955178.txt
HTAR: a   instcat_y04_191109/job_log_00955179.txt
HTAR: a   instcat_y04_191109/job_log_00955180.txt
HTAR: a   instcat_y04_191109/job_log_00955181.txt
HTAR: a   instcat_y04_191109/job_log_00955182.txt
HTAR: a   instcat_y04_191109/job_log_00955183.txt
HTAR: a   instcat_y04_191109/job_log_00955184.txt
HTAR: a   instcat_y04_191109/job_log_00955185.txt
HTAR: a   instcat_y04_191109/job_log_00955186.txt
HTAR: a   instcat_y04_191109/job_log_00955187.txt
HTAR: a   instcat_y04_191109/job_log_00955188.txt
HTAR: a   instcat_y04_191109/job_log_00955189.txt
HTAR: a   instcat_y04_191109/job_log_00955190.txt
HTAR: a   instcat_y04_191109/job_log_00955191.txt
HTAR: a   instcat_y04_191109/job_log_00955192.txt
HTAR: a   instcat_y04_191109/job_log_00955193.txt
HTAR: a   instcat_y04_191109/job_log_00955194.txt
HTAR: a   instcat_y04_191109/job_log_00955195.txt
HTAR: a   instcat_y04_191109/job_log_00955196.txt
HTAR: a   instcat_y04_191109/job_log_00955197.txt
HTAR: a   instcat_y04_191109/job_log_00955198.txt
HTAR: a   instcat_y04_191109/job_log_00955199.txt
HTAR: a   instcat_y04_191109/job_log_00955200.txt
HTAR: a   instcat_y04_191109/job_log_00955201.txt
HTAR: a   instcat_y04_191109/job_log_00955202.txt
HTAR: a   instcat_y04_191109/job_log_00955203.txt
HTAR: a   instcat_y04_191109/job_log_00955204.txt
HTAR: a   instcat_y04_191109/job_log_00955205.txt
HTAR: a   instcat_y04_191109/job_log_00955206.txt
HTAR: a   instcat_y04_191109/job_log_00955207.txt
HTAR: a   instcat_y04_191109/job_log_00955208.txt
HTAR: a   instcat_y04_191109/job_log_00955209.txt
HTAR: a   instcat_y04_191109/job_log_00955210.txt
HTAR: a   instcat_y04_191109/job_log_00955211.txt
HTAR: a   instcat_y04_191109/job_log_00955212.txt
HTAR: a   instcat_y04_191109/job_log_00955375.txt
HTAR: a   instcat_y04_191109/job_log_00955390.txt
HTAR: a   instcat_y04_191109/job_log_00955483.txt
HTAR: a   instcat_y04_191109/job_log_00955484.txt
HTAR: a   instcat_y04_191109/job_log_00955485.txt
HTAR: a   instcat_y04_191109/job_log_00955492.txt
HTAR: a   instcat_y04_191109/job_log_00955517.txt
HTAR: a   instcat_y04_191109/job_log_00955518.txt
HTAR: a   instcat_y04_191109/job_log_00956183.txt
HTAR: a   instcat_y04_191109/job_log_00956198.txt
HTAR: a   instcat_y04_191109/job_log_00956199.txt
HTAR: a   instcat_y04_191109/job_log_00956200.txt
HTAR: a   instcat_y04_191109/job_log_00956201.txt
HTAR: a   instcat_y04_191109/job_log_00956202.txt
HTAR: a   instcat_y04_191109/job_log_00956203.txt
HTAR: a   instcat_y04_191109/job_log_00956208.txt
HTAR: a   instcat_y04_191109/job_log_00956209.txt
HTAR: a   instcat_y04_191109/job_log_00956210.txt
HTAR: a   instcat_y04_191109/job_log_00956234.txt
HTAR: a   instcat_y04_191109/job_log_00956235.txt
HTAR: a   instcat_y04_191109/job_log_00956236.txt
HTAR: a   instcat_y04_191109/job_log_00956237.txt
HTAR: a   instcat_y04_191109/job_log_00956238.txt
HTAR: a   instcat_y04_191109/job_log_00956239.txt
HTAR: a   instcat_y04_191109/job_log_00956240.txt
HTAR: a   instcat_y04_191109/job_log_00956241.txt
HTAR: a   instcat_y04_191109/job_log_00956242.txt
HTAR: a   instcat_y04_191109/job_log_00956243.txt
HTAR: a   instcat_y04_191109/job_log_00956244.txt
HTAR: a   instcat_y04_191109/job_log_00956249.txt
HTAR: a   instcat_y04_191109/job_log_00956250.txt
HTAR: a   instcat_y04_191109/job_log_00956262.txt
HTAR: a   instcat_y04_191109/job_log_00956365.txt
HTAR: a   instcat_y04_191109/job_log_00956399.txt
HTAR: a   instcat_y04_191109/job_log_00956401.txt
HTAR: a   instcat_y04_191109/job_log_00956431.txt
HTAR: a   instcat_y04_191109/job_log_00956432.txt
HTAR: a   instcat_y04_191109/job_log_00956434.txt
HTAR: a   instcat_y04_191109/job_log_00956829.txt
HTAR: a   instcat_y04_191109/job_log_00956830.txt
HTAR: a   instcat_y04_191109/job_log_00956831.txt
HTAR: a   instcat_y04_191109/job_log_00956832.txt
HTAR: a   instcat_y04_191109/job_log_00956833.txt
HTAR: a   instcat_y04_191109/job_log_00956834.txt
HTAR: a   instcat_y04_191109/job_log_00956835.txt
HTAR: a   instcat_y04_191109/job_log_00956836.txt
HTAR: a   instcat_y04_191109/job_log_00956837.txt
HTAR: a   instcat_y04_191109/job_log_00956838.txt
HTAR: a   instcat_y04_191109/job_log_00956839.txt
HTAR: a   instcat_y04_191109/job_log_00956840.txt
HTAR: a   instcat_y04_191109/job_log_00956841.txt
HTAR: a   instcat_y04_191109/job_log_00956842.txt
HTAR: a   instcat_y04_191109/job_log_00956843.txt
HTAR: a   instcat_y04_191109/job_log_00956844.txt
HTAR: a   instcat_y04_191109/job_log_00956845.txt
HTAR: a   instcat_y04_191109/job_log_00956846.txt
HTAR: a   instcat_y04_191109/job_log_00956847.txt
HTAR: a   instcat_y04_191109/job_log_00956848.txt
HTAR: a   instcat_y04_191109/job_log_00956849.txt
HTAR: a   instcat_y04_191109/job_log_00956850.txt
HTAR: a   /tmp/HTAR_CF_CHK_58053_1576019935
HTAR Create complete for /home/projects/desc/DC2_ImSim/Run2.2i/instCat/y04_191109/00955153to00956850.tar. 556,037,557,760 bytes written for 240 member files, max threads: 50 Transfer time: 3860.919 seconds (144.017 MB/s) wallclock/user/sys: 3862.584 4758.391 1631.893 seconds
HTAR: HTAR SUCCESSFUL
