HTAR: a   instcat_y04_191109/00938154.tar.gz
HTAR: a   instcat_y04_191109/00938155.tar.gz
HTAR: a   instcat_y04_191109/00938226.tar.gz
HTAR: a   instcat_y04_191109/00938227.tar.gz
HTAR: a   instcat_y04_191109/00938228.tar.gz
HTAR: a   instcat_y04_191109/00938229.tar.gz
HTAR: a   instcat_y04_191109/00938230.tar.gz
HTAR: a   instcat_y04_191109/00938231.tar.gz
HTAR: a   instcat_y04_191109/00938232.tar.gz
HTAR: a   instcat_y04_191109/00938233.tar.gz
HTAR: a   instcat_y04_191109/00938234.tar.gz
HTAR: a   instcat_y04_191109/00938235.tar.gz
HTAR: a   instcat_y04_191109/00938236.tar.gz
HTAR: a   instcat_y04_191109/00938241.tar.gz
HTAR: a   instcat_y04_191109/00938242.tar.gz
HTAR: a   instcat_y04_191109/00938243.tar.gz
HTAR: a   instcat_y04_191109/00938244.tar.gz
HTAR: a   instcat_y04_191109/00938245.tar.gz
HTAR: a   instcat_y04_191109/00938246.tar.gz
HTAR: a   instcat_y04_191109/00938247.tar.gz
HTAR: a   instcat_y04_191109/00938248.tar.gz
HTAR: a   instcat_y04_191109/00938249.tar.gz
HTAR: a   instcat_y04_191109/00938252.tar.gz
HTAR: a   instcat_y04_191109/00938253.tar.gz
HTAR: a   instcat_y04_191109/00938254.tar.gz
HTAR: a   instcat_y04_191109/00938255.tar.gz
HTAR: a   instcat_y04_191109/00938256.tar.gz
HTAR: a   instcat_y04_191109/00938257.tar.gz
HTAR: a   instcat_y04_191109/00938258.tar.gz
HTAR: a   instcat_y04_191109/00938259.tar.gz
HTAR: a   instcat_y04_191109/00938260.tar.gz
HTAR: a   instcat_y04_191109/00938263.tar.gz
HTAR: a   instcat_y04_191109/00938264.tar.gz
HTAR: a   instcat_y04_191109/00938265.tar.gz
HTAR: a   instcat_y04_191109/00938266.tar.gz
HTAR: a   instcat_y04_191109/00938267.tar.gz
HTAR: a   instcat_y04_191109/00938268.tar.gz
HTAR: a   instcat_y04_191109/00938269.tar.gz
HTAR: a   instcat_y04_191109/00938270.tar.gz
HTAR: a   instcat_y04_191109/00938271.tar.gz
HTAR: a   instcat_y04_191109/00938332.tar.gz
HTAR: a   instcat_y04_191109/00938356.tar.gz
HTAR: a   instcat_y04_191109/00938357.tar.gz
HTAR: a   instcat_y04_191109/00938360.tar.gz
HTAR: a   instcat_y04_191109/00938361.tar.gz
HTAR: a   instcat_y04_191109/00938362.tar.gz
HTAR: a   instcat_y04_191109/00938363.tar.gz
HTAR: a   instcat_y04_191109/00938364.tar.gz
HTAR: a   instcat_y04_191109/00938365.tar.gz
HTAR: a   instcat_y04_191109/00938366.tar.gz
HTAR: a   instcat_y04_191109/00938368.tar.gz
HTAR: a   instcat_y04_191109/00938429.tar.gz
HTAR: a   instcat_y04_191109/00938430.tar.gz
HTAR: a   instcat_y04_191109/00938431.tar.gz
HTAR: a   instcat_y04_191109/00938432.tar.gz
HTAR: a   instcat_y04_191109/00938433.tar.gz
HTAR: a   instcat_y04_191109/00938591.tar.gz
HTAR: a   instcat_y04_191109/00938922.tar.gz
HTAR: a   instcat_y04_191109/00938923.tar.gz
HTAR: a   instcat_y04_191109/00938945.tar.gz
HTAR: a   instcat_y04_191109/00938946.tar.gz
HTAR: a   instcat_y04_191109/00939145.tar.gz
HTAR: a   instcat_y04_191109/00939147.tar.gz
HTAR: a   instcat_y04_191109/00939148.tar.gz
HTAR: a   instcat_y04_191109/00939149.tar.gz
HTAR: a   instcat_y04_191109/00939150.tar.gz
HTAR: a   instcat_y04_191109/00939151.tar.gz
HTAR: a   instcat_y04_191109/00939188.tar.gz
HTAR: a   instcat_y04_191109/00939190.tar.gz
HTAR: a   instcat_y04_191109/00939191.tar.gz
HTAR: a   instcat_y04_191109/00939192.tar.gz
HTAR: a   instcat_y04_191109/00939193.tar.gz
HTAR: a   instcat_y04_191109/00939358.tar.gz
HTAR: a   instcat_y04_191109/00939398.tar.gz
HTAR: a   instcat_y04_191109/00939399.tar.gz
HTAR: a   instcat_y04_191109/00939401.tar.gz
HTAR: a   instcat_y04_191109/00939434.tar.gz
HTAR: a   instcat_y04_191109/00939435.tar.gz
HTAR: a   instcat_y04_191109/00939880.tar.gz
HTAR: a   instcat_y04_191109/00939881.tar.gz
HTAR: a   instcat_y04_191109/00939882.tar.gz
HTAR: a   instcat_y04_191109/00939883.tar.gz
HTAR: a   instcat_y04_191109/00939884.tar.gz
HTAR: a   instcat_y04_191109/00939885.tar.gz
HTAR: a   instcat_y04_191109/00939886.tar.gz
HTAR: a   instcat_y04_191109/00939887.tar.gz
HTAR: a   instcat_y04_191109/00939888.tar.gz
HTAR: a   instcat_y04_191109/00939889.tar.gz
HTAR: a   instcat_y04_191109/00939890.tar.gz
HTAR: a   instcat_y04_191109/00939891.tar.gz
HTAR: a   instcat_y04_191109/00939892.tar.gz
HTAR: a   instcat_y04_191109/00939893.tar.gz
HTAR: a   instcat_y04_191109/00939894.tar.gz
HTAR: a   instcat_y04_191109/00939903.tar.gz
HTAR: a   instcat_y04_191109/00939904.tar.gz
HTAR: a   instcat_y04_191109/00939905.tar.gz
HTAR: a   instcat_y04_191109/00939906.tar.gz
HTAR: a   instcat_y04_191109/00939907.tar.gz
HTAR: a   instcat_y04_191109/00939908.tar.gz
HTAR: a   instcat_y04_191109/00939909.tar.gz
HTAR: a   instcat_y04_191109/00939910.tar.gz
HTAR: a   instcat_y04_191109/00939911.tar.gz
HTAR: a   instcat_y04_191109/00939916.tar.gz
HTAR: a   instcat_y04_191109/00939917.tar.gz
HTAR: a   instcat_y04_191109/00939918.tar.gz
HTAR: a   instcat_y04_191109/00939919.tar.gz
HTAR: a   instcat_y04_191109/00939920.tar.gz
HTAR: a   instcat_y04_191109/00939921.tar.gz
HTAR: a   instcat_y04_191109/00939923.tar.gz
HTAR: a   instcat_y04_191109/00939924.tar.gz
HTAR: a   instcat_y04_191109/00939925.tar.gz
HTAR: a   instcat_y04_191109/00939926.tar.gz
HTAR: a   instcat_y04_191109/00939927.tar.gz
HTAR: a   instcat_y04_191109/00939928.tar.gz
HTAR: a   instcat_y04_191109/00939929.tar.gz
HTAR: a   instcat_y04_191109/00939940.tar.gz
HTAR: a   instcat_y04_191109/00939941.tar.gz
HTAR: a   instcat_y04_191109/00939942.tar.gz
HTAR: a   instcat_y04_191109/00939943.tar.gz
HTAR: a   instcat_y04_191109/00939944.tar.gz
HTAR: a   instcat_y04_191109/job_log_00938154.txt
HTAR: a   instcat_y04_191109/job_log_00938155.txt
HTAR: a   instcat_y04_191109/job_log_00938226.txt
HTAR: a   instcat_y04_191109/job_log_00938227.txt
HTAR: a   instcat_y04_191109/job_log_00938228.txt
HTAR: a   instcat_y04_191109/job_log_00938229.txt
HTAR: a   instcat_y04_191109/job_log_00938230.txt
HTAR: a   instcat_y04_191109/job_log_00938231.txt
HTAR: a   instcat_y04_191109/job_log_00938232.txt
HTAR: a   instcat_y04_191109/job_log_00938233.txt
HTAR: a   instcat_y04_191109/job_log_00938234.txt
HTAR: a   instcat_y04_191109/job_log_00938235.txt
HTAR: a   instcat_y04_191109/job_log_00938236.txt
HTAR: a   instcat_y04_191109/job_log_00938241.txt
HTAR: a   instcat_y04_191109/job_log_00938242.txt
HTAR: a   instcat_y04_191109/job_log_00938243.txt
HTAR: a   instcat_y04_191109/job_log_00938244.txt
HTAR: a   instcat_y04_191109/job_log_00938245.txt
HTAR: a   instcat_y04_191109/job_log_00938246.txt
HTAR: a   instcat_y04_191109/job_log_00938247.txt
HTAR: a   instcat_y04_191109/job_log_00938248.txt
HTAR: a   instcat_y04_191109/job_log_00938249.txt
HTAR: a   instcat_y04_191109/job_log_00938252.txt
HTAR: a   instcat_y04_191109/job_log_00938253.txt
HTAR: a   instcat_y04_191109/job_log_00938254.txt
HTAR: a   instcat_y04_191109/job_log_00938255.txt
HTAR: a   instcat_y04_191109/job_log_00938256.txt
HTAR: a   instcat_y04_191109/job_log_00938257.txt
HTAR: a   instcat_y04_191109/job_log_00938258.txt
HTAR: a   instcat_y04_191109/job_log_00938259.txt
HTAR: a   instcat_y04_191109/job_log_00938260.txt
HTAR: a   instcat_y04_191109/job_log_00938263.txt
HTAR: a   instcat_y04_191109/job_log_00938264.txt
HTAR: a   instcat_y04_191109/job_log_00938265.txt
HTAR: a   instcat_y04_191109/job_log_00938266.txt
HTAR: a   instcat_y04_191109/job_log_00938267.txt
HTAR: a   instcat_y04_191109/job_log_00938268.txt
HTAR: a   instcat_y04_191109/job_log_00938269.txt
HTAR: a   instcat_y04_191109/job_log_00938270.txt
HTAR: a   instcat_y04_191109/job_log_00938271.txt
HTAR: a   instcat_y04_191109/job_log_00938332.txt
HTAR: a   instcat_y04_191109/job_log_00938356.txt
HTAR: a   instcat_y04_191109/job_log_00938357.txt
HTAR: a   instcat_y04_191109/job_log_00938360.txt
HTAR: a   instcat_y04_191109/job_log_00938361.txt
HTAR: a   instcat_y04_191109/job_log_00938362.txt
HTAR: a   instcat_y04_191109/job_log_00938363.txt
HTAR: a   instcat_y04_191109/job_log_00938364.txt
HTAR: a   instcat_y04_191109/job_log_00938365.txt
HTAR: a   instcat_y04_191109/job_log_00938366.txt
HTAR: a   instcat_y04_191109/job_log_00938368.txt
HTAR: a   instcat_y04_191109/job_log_00938429.txt
HTAR: a   instcat_y04_191109/job_log_00938430.txt
HTAR: a   instcat_y04_191109/job_log_00938431.txt
HTAR: a   instcat_y04_191109/job_log_00938432.txt
HTAR: a   instcat_y04_191109/job_log_00938433.txt
HTAR: a   instcat_y04_191109/job_log_00938591.txt
HTAR: a   instcat_y04_191109/job_log_00938922.txt
HTAR: a   instcat_y04_191109/job_log_00938923.txt
HTAR: a   instcat_y04_191109/job_log_00938945.txt
HTAR: a   instcat_y04_191109/job_log_00938946.txt
HTAR: a   instcat_y04_191109/job_log_00939145.txt
HTAR: a   instcat_y04_191109/job_log_00939147.txt
HTAR: a   instcat_y04_191109/job_log_00939148.txt
HTAR: a   instcat_y04_191109/job_log_00939149.txt
HTAR: a   instcat_y04_191109/job_log_00939150.txt
HTAR: a   instcat_y04_191109/job_log_00939151.txt
HTAR: a   instcat_y04_191109/job_log_00939188.txt
HTAR: a   instcat_y04_191109/job_log_00939190.txt
HTAR: a   instcat_y04_191109/job_log_00939191.txt
HTAR: a   instcat_y04_191109/job_log_00939192.txt
HTAR: a   instcat_y04_191109/job_log_00939193.txt
HTAR: a   instcat_y04_191109/job_log_00939358.txt
HTAR: a   instcat_y04_191109/job_log_00939398.txt
HTAR: a   instcat_y04_191109/job_log_00939399.txt
HTAR: a   instcat_y04_191109/job_log_00939401.txt
HTAR: a   instcat_y04_191109/job_log_00939434.txt
HTAR: a   instcat_y04_191109/job_log_00939435.txt
HTAR: a   instcat_y04_191109/job_log_00939880.txt
HTAR: a   instcat_y04_191109/job_log_00939881.txt
HTAR: a   instcat_y04_191109/job_log_00939882.txt
HTAR: a   instcat_y04_191109/job_log_00939883.txt
HTAR: a   instcat_y04_191109/job_log_00939884.txt
HTAR: a   instcat_y04_191109/job_log_00939885.txt
HTAR: a   instcat_y04_191109/job_log_00939886.txt
HTAR: a   instcat_y04_191109/job_log_00939887.txt
HTAR: a   instcat_y04_191109/job_log_00939888.txt
HTAR: a   instcat_y04_191109/job_log_00939889.txt
HTAR: a   instcat_y04_191109/job_log_00939890.txt
HTAR: a   instcat_y04_191109/job_log_00939891.txt
HTAR: a   instcat_y04_191109/job_log_00939892.txt
HTAR: a   instcat_y04_191109/job_log_00939893.txt
HTAR: a   instcat_y04_191109/job_log_00939894.txt
HTAR: a   instcat_y04_191109/job_log_00939903.txt
HTAR: a   instcat_y04_191109/job_log_00939904.txt
HTAR: a   instcat_y04_191109/job_log_00939905.txt
HTAR: a   instcat_y04_191109/job_log_00939906.txt
HTAR: a   instcat_y04_191109/job_log_00939907.txt
HTAR: a   instcat_y04_191109/job_log_00939908.txt
HTAR: a   instcat_y04_191109/job_log_00939909.txt
HTAR: a   instcat_y04_191109/job_log_00939910.txt
HTAR: a   instcat_y04_191109/job_log_00939911.txt
HTAR: a   instcat_y04_191109/job_log_00939916.txt
HTAR: a   instcat_y04_191109/job_log_00939917.txt
HTAR: a   instcat_y04_191109/job_log_00939918.txt
HTAR: a   instcat_y04_191109/job_log_00939919.txt
HTAR: a   instcat_y04_191109/job_log_00939920.txt
HTAR: a   instcat_y04_191109/job_log_00939921.txt
HTAR: a   instcat_y04_191109/job_log_00939923.txt
HTAR: a   instcat_y04_191109/job_log_00939924.txt
HTAR: a   instcat_y04_191109/job_log_00939925.txt
HTAR: a   instcat_y04_191109/job_log_00939926.txt
HTAR: a   instcat_y04_191109/job_log_00939927.txt
HTAR: a   instcat_y04_191109/job_log_00939928.txt
HTAR: a   instcat_y04_191109/job_log_00939929.txt
HTAR: a   instcat_y04_191109/job_log_00939940.txt
HTAR: a   instcat_y04_191109/job_log_00939941.txt
HTAR: a   instcat_y04_191109/job_log_00939942.txt
HTAR: a   instcat_y04_191109/job_log_00939943.txt
HTAR: a   instcat_y04_191109/job_log_00939944.txt
HTAR: a   /tmp/HTAR_CF_CHK_7133_1575999223
HTAR Create complete for /home/projects/desc/DC2_ImSim/Run2.2i/instCat/y04_191109/00938154to00939944.tar. 526,317,220,864 bytes written for 240 member files, max threads: 50 Transfer time: 4110.531 seconds (128.041 MB/s) wallclock/user/sys: 4110.835 4855.648 1860.917 seconds
HTAR: HTAR SUCCESSFUL
HTAR: a   instcat_y04_191109/00939945.tar.gz
HTAR: a   instcat_y04_191109/00939946.tar.gz
HTAR: a   instcat_y04_191109/00939955.tar.gz
HTAR: a   instcat_y04_191109/00939956.tar.gz
HTAR: a   instcat_y04_191109/00939957.tar.gz
HTAR: a   instcat_y04_191109/00939958.tar.gz
HTAR: a   instcat_y04_191109/00939967.tar.gz
HTAR: a   instcat_y04_191109/00939968.tar.gz
HTAR: a   instcat_y04_191109/00939969.tar.gz
HTAR: a   instcat_y04_191109/00939970.tar.gz
HTAR: a   instcat_y04_191109/00939971.tar.gz
HTAR: a   instcat_y04_191109/00939972.tar.gz
HTAR: a   instcat_y04_191109/00939973.tar.gz
HTAR: a   instcat_y04_191109/00939975.tar.gz
HTAR: a   instcat_y04_191109/00939976.tar.gz
HTAR: a   instcat_y04_191109/00939977.tar.gz
HTAR: a   instcat_y04_191109/00939978.tar.gz
HTAR: a   instcat_y04_191109/00939979.tar.gz
HTAR: a   instcat_y04_191109/00939980.tar.gz
HTAR: a   instcat_y04_191109/00939996.tar.gz
HTAR: a   instcat_y04_191109/00939997.tar.gz
HTAR: a   instcat_y04_191109/00939998.tar.gz
HTAR: a   instcat_y04_191109/00939999.tar.gz
HTAR: a   instcat_y04_191109/00940002.tar.gz
HTAR: a   instcat_y04_191109/00940003.tar.gz
HTAR: a   instcat_y04_191109/00940004.tar.gz
HTAR: a   instcat_y04_191109/00940005.tar.gz
HTAR: a   instcat_y04_191109/00940006.tar.gz
HTAR: a   instcat_y04_191109/00940008.tar.gz
HTAR: a   instcat_y04_191109/00940009.tar.gz
HTAR: a   instcat_y04_191109/00940010.tar.gz
HTAR: a   instcat_y04_191109/00940011.tar.gz
HTAR: a   instcat_y04_191109/00940012.tar.gz
HTAR: a   instcat_y04_191109/00940013.tar.gz
HTAR: a   instcat_y04_191109/00940014.tar.gz
HTAR: a   instcat_y04_191109/00940029.tar.gz
HTAR: a   instcat_y04_191109/00940030.tar.gz
HTAR: a   instcat_y04_191109/00940031.tar.gz
HTAR: a   instcat_y04_191109/00940032.tar.gz
HTAR: a   instcat_y04_191109/00940055.tar.gz
HTAR: a   instcat_y04_191109/00940056.tar.gz
HTAR: a   instcat_y04_191109/00940057.tar.gz
HTAR: a   instcat_y04_191109/00940058.tar.gz
HTAR: a   instcat_y04_191109/00940071.tar.gz
HTAR: a   instcat_y04_191109/00941052.tar.gz
HTAR: a   instcat_y04_191109/00941053.tar.gz
HTAR: a   instcat_y04_191109/00941054.tar.gz
HTAR: a   instcat_y04_191109/00941055.tar.gz
HTAR: a   instcat_y04_191109/00941056.tar.gz
HTAR: a   instcat_y04_191109/00941057.tar.gz
HTAR: a   instcat_y04_191109/00941058.tar.gz
HTAR: a   instcat_y04_191109/00941059.tar.gz
HTAR: a   instcat_y04_191109/00941060.tar.gz
HTAR: a   instcat_y04_191109/00941091.tar.gz
HTAR: a   instcat_y04_191109/00941092.tar.gz
HTAR: a   instcat_y04_191109/00941093.tar.gz
HTAR: a   instcat_y04_191109/00941094.tar.gz
HTAR: a   instcat_y04_191109/00941095.tar.gz
HTAR: a   instcat_y04_191109/00941482.tar.gz
HTAR: a   instcat_y04_191109/00941483.tar.gz
HTAR: a   instcat_y04_191109/00941484.tar.gz
HTAR: a   instcat_y04_191109/00941489.tar.gz
HTAR: a   instcat_y04_191109/00941523.tar.gz
HTAR: a   instcat_y04_191109/00941531.tar.gz
HTAR: a   instcat_y04_191109/00941547.tar.gz
HTAR: a   instcat_y04_191109/00941549.tar.gz
HTAR: a   instcat_y04_191109/00941551.tar.gz
HTAR: a   instcat_y04_191109/00941575.tar.gz
HTAR: a   instcat_y04_191109/00941667.tar.gz
HTAR: a   instcat_y04_191109/00941668.tar.gz
HTAR: a   instcat_y04_191109/00941669.tar.gz
HTAR: a   instcat_y04_191109/00941670.tar.gz
HTAR: a   instcat_y04_191109/00941671.tar.gz
HTAR: a   instcat_y04_191109/00941672.tar.gz
HTAR: a   instcat_y04_191109/00941673.tar.gz
HTAR: a   instcat_y04_191109/00941674.tar.gz
HTAR: a   instcat_y04_191109/00941675.tar.gz
HTAR: a   instcat_y04_191109/00941676.tar.gz
HTAR: a   instcat_y04_191109/00941677.tar.gz
HTAR: a   instcat_y04_191109/00941678.tar.gz
HTAR: a   instcat_y04_191109/00941679.tar.gz
HTAR: a   instcat_y04_191109/00941680.tar.gz
HTAR: a   instcat_y04_191109/00941681.tar.gz
HTAR: a   instcat_y04_191109/00941682.tar.gz
HTAR: a   instcat_y04_191109/00941683.tar.gz
HTAR: a   instcat_y04_191109/00941684.tar.gz
HTAR: a   instcat_y04_191109/00941685.tar.gz
HTAR: a   instcat_y04_191109/00941686.tar.gz
HTAR: a   instcat_y04_191109/00941687.tar.gz
HTAR: a   instcat_y04_191109/00941688.tar.gz
HTAR: a   instcat_y04_191109/00941689.tar.gz
HTAR: a   instcat_y04_191109/00941690.tar.gz
HTAR: a   instcat_y04_191109/00941691.tar.gz
HTAR: a   instcat_y04_191109/00941692.tar.gz
HTAR: a   instcat_y04_191109/00941693.tar.gz
HTAR: a   instcat_y04_191109/00941694.tar.gz
HTAR: a   instcat_y04_191109/00941695.tar.gz
HTAR: a   instcat_y04_191109/00941696.tar.gz
HTAR: a   instcat_y04_191109/00941697.tar.gz
HTAR: a   instcat_y04_191109/00941698.tar.gz
HTAR: a   instcat_y04_191109/00941699.tar.gz
HTAR: a   instcat_y04_191109/00941700.tar.gz
HTAR: a   instcat_y04_191109/00941701.tar.gz
HTAR: a   instcat_y04_191109/00941702.tar.gz
HTAR: a   instcat_y04_191109/00941703.tar.gz
HTAR: a   instcat_y04_191109/00941704.tar.gz
HTAR: a   instcat_y04_191109/00941705.tar.gz
HTAR: a   instcat_y04_191109/00941706.tar.gz
HTAR: a   instcat_y04_191109/00941707.tar.gz
HTAR: a   instcat_y04_191109/00941708.tar.gz
HTAR: a   instcat_y04_191109/00941709.tar.gz
HTAR: a   instcat_y04_191109/00941710.tar.gz
HTAR: a   instcat_y04_191109/00941711.tar.gz
HTAR: a   instcat_y04_191109/00941712.tar.gz
HTAR: a   instcat_y04_191109/00941713.tar.gz
HTAR: a   instcat_y04_191109/00941714.tar.gz
HTAR: a   instcat_y04_191109/00941715.tar.gz
HTAR: a   instcat_y04_191109/00941716.tar.gz
HTAR: a   instcat_y04_191109/00941717.tar.gz
HTAR: a   instcat_y04_191109/00941718.tar.gz
HTAR: a   instcat_y04_191109/job_log_00939945.txt
HTAR: a   instcat_y04_191109/job_log_00939946.txt
HTAR: a   instcat_y04_191109/job_log_00939955.txt
HTAR: a   instcat_y04_191109/job_log_00939956.txt
HTAR: a   instcat_y04_191109/job_log_00939957.txt
HTAR: a   instcat_y04_191109/job_log_00939958.txt
HTAR: a   instcat_y04_191109/job_log_00939967.txt
HTAR: a   instcat_y04_191109/job_log_00939968.txt
HTAR: a   instcat_y04_191109/job_log_00939969.txt
HTAR: a   instcat_y04_191109/job_log_00939970.txt
HTAR: a   instcat_y04_191109/job_log_00939971.txt
HTAR: a   instcat_y04_191109/job_log_00939972.txt
HTAR: a   instcat_y04_191109/job_log_00939973.txt
HTAR: a   instcat_y04_191109/job_log_00939975.txt
HTAR: a   instcat_y04_191109/job_log_00939976.txt
HTAR: a   instcat_y04_191109/job_log_00939977.txt
HTAR: a   instcat_y04_191109/job_log_00939978.txt
HTAR: a   instcat_y04_191109/job_log_00939979.txt
HTAR: a   instcat_y04_191109/job_log_00939980.txt
HTAR: a   instcat_y04_191109/job_log_00939996.txt
HTAR: a   instcat_y04_191109/job_log_00939997.txt
HTAR: a   instcat_y04_191109/job_log_00939998.txt
HTAR: a   instcat_y04_191109/job_log_00939999.txt
HTAR: a   instcat_y04_191109/job_log_00940002.txt
HTAR: a   instcat_y04_191109/job_log_00940003.txt
HTAR: a   instcat_y04_191109/job_log_00940004.txt
HTAR: a   instcat_y04_191109/job_log_00940005.txt
HTAR: a   instcat_y04_191109/job_log_00940006.txt
HTAR: a   instcat_y04_191109/job_log_00940008.txt
HTAR: a   instcat_y04_191109/job_log_00940009.txt
HTAR: a   instcat_y04_191109/job_log_00940010.txt
HTAR: a   instcat_y04_191109/job_log_00940011.txt
HTAR: a   instcat_y04_191109/job_log_00940012.txt
HTAR: a   instcat_y04_191109/job_log_00940013.txt
HTAR: a   instcat_y04_191109/job_log_00940014.txt
HTAR: a   instcat_y04_191109/job_log_00940029.txt
HTAR: a   instcat_y04_191109/job_log_00940030.txt
HTAR: a   instcat_y04_191109/job_log_00940031.txt
HTAR: a   instcat_y04_191109/job_log_00940032.txt
HTAR: a   instcat_y04_191109/job_log_00940055.txt
HTAR: a   instcat_y04_191109/job_log_00940056.txt
HTAR: a   instcat_y04_191109/job_log_00940057.txt
HTAR: a   instcat_y04_191109/job_log_00940058.txt
HTAR: a   instcat_y04_191109/job_log_00940071.txt
HTAR: a   instcat_y04_191109/job_log_00941052.txt
HTAR: a   instcat_y04_191109/job_log_00941053.txt
HTAR: a   instcat_y04_191109/job_log_00941054.txt
HTAR: a   instcat_y04_191109/job_log_00941055.txt
HTAR: a   instcat_y04_191109/job_log_00941056.txt
HTAR: a   instcat_y04_191109/job_log_00941057.txt
HTAR: a   instcat_y04_191109/job_log_00941058.txt
HTAR: a   instcat_y04_191109/job_log_00941059.txt
HTAR: a   instcat_y04_191109/job_log_00941060.txt
HTAR: a   instcat_y04_191109/job_log_00941091.txt
HTAR: a   instcat_y04_191109/job_log_00941092.txt
HTAR: a   instcat_y04_191109/job_log_00941093.txt
HTAR: a   instcat_y04_191109/job_log_00941094.txt
HTAR: a   instcat_y04_191109/job_log_00941095.txt
HTAR: a   instcat_y04_191109/job_log_00941482.txt
HTAR: a   instcat_y04_191109/job_log_00941483.txt
HTAR: a   instcat_y04_191109/job_log_00941484.txt
HTAR: a   instcat_y04_191109/job_log_00941489.txt
HTAR: a   instcat_y04_191109/job_log_00941523.txt
HTAR: a   instcat_y04_191109/job_log_00941531.txt
HTAR: a   instcat_y04_191109/job_log_00941547.txt
HTAR: a   instcat_y04_191109/job_log_00941549.txt
HTAR: a   instcat_y04_191109/job_log_00941551.txt
HTAR: a   instcat_y04_191109/job_log_00941575.txt
HTAR: a   instcat_y04_191109/job_log_00941667.txt
HTAR: a   instcat_y04_191109/job_log_00941668.txt
HTAR: a   instcat_y04_191109/job_log_00941669.txt
HTAR: a   instcat_y04_191109/job_log_00941670.txt
HTAR: a   instcat_y04_191109/job_log_00941671.txt
HTAR: a   instcat_y04_191109/job_log_00941672.txt
HTAR: a   instcat_y04_191109/job_log_00941673.txt
HTAR: a   instcat_y04_191109/job_log_00941674.txt
HTAR: a   instcat_y04_191109/job_log_00941675.txt
HTAR: a   instcat_y04_191109/job_log_00941676.txt
HTAR: a   instcat_y04_191109/job_log_00941677.txt
HTAR: a   instcat_y04_191109/job_log_00941678.txt
HTAR: a   instcat_y04_191109/job_log_00941679.txt
HTAR: a   instcat_y04_191109/job_log_00941680.txt
HTAR: a   instcat_y04_191109/job_log_00941681.txt
HTAR: a   instcat_y04_191109/job_log_00941682.txt
HTAR: a   instcat_y04_191109/job_log_00941683.txt
HTAR: a   instcat_y04_191109/job_log_00941684.txt
HTAR: a   instcat_y04_191109/job_log_00941685.txt
HTAR: a   instcat_y04_191109/job_log_00941686.txt
HTAR: a   instcat_y04_191109/job_log_00941687.txt
HTAR: a   instcat_y04_191109/job_log_00941688.txt
HTAR: a   instcat_y04_191109/job_log_00941689.txt
HTAR: a   instcat_y04_191109/job_log_00941690.txt
HTAR: a   instcat_y04_191109/job_log_00941691.txt
HTAR: a   instcat_y04_191109/job_log_00941692.txt
HTAR: a   instcat_y04_191109/job_log_00941693.txt
HTAR: a   instcat_y04_191109/job_log_00941694.txt
HTAR: a   instcat_y04_191109/job_log_00941695.txt
HTAR: a   instcat_y04_191109/job_log_00941696.txt
HTAR: a   instcat_y04_191109/job_log_00941697.txt
HTAR: a   instcat_y04_191109/job_log_00941698.txt
HTAR: a   instcat_y04_191109/job_log_00941699.txt
HTAR: a   instcat_y04_191109/job_log_00941700.txt
HTAR: a   instcat_y04_191109/job_log_00941701.txt
HTAR: a   instcat_y04_191109/job_log_00941702.txt
HTAR: a   instcat_y04_191109/job_log_00941703.txt
HTAR: a   instcat_y04_191109/job_log_00941704.txt
HTAR: a   instcat_y04_191109/job_log_00941705.txt
HTAR: a   instcat_y04_191109/job_log_00941706.txt
HTAR: a   instcat_y04_191109/job_log_00941707.txt
HTAR: a   instcat_y04_191109/job_log_00941708.txt
HTAR: a   instcat_y04_191109/job_log_00941709.txt
HTAR: a   instcat_y04_191109/job_log_00941710.txt
HTAR: a   instcat_y04_191109/job_log_00941711.txt
HTAR: a   instcat_y04_191109/job_log_00941712.txt
HTAR: a   instcat_y04_191109/job_log_00941713.txt
HTAR: a   instcat_y04_191109/job_log_00941714.txt
HTAR: a   instcat_y04_191109/job_log_00941715.txt
HTAR: a   instcat_y04_191109/job_log_00941716.txt
HTAR: a   instcat_y04_191109/job_log_00941717.txt
HTAR: a   instcat_y04_191109/job_log_00941718.txt
HTAR: a   /tmp/HTAR_CF_CHK_25425_1576003337
HTAR Create complete for /home/projects/desc/DC2_ImSim/Run2.2i/instCat/y04_191109/00939945to00941718.tar. 551,229,374,464 bytes written for 240 member files, max threads: 50 Transfer time: 4095.323 seconds (134.600 MB/s) wallclock/user/sys: 4095.574 4912.128 1889.926 seconds
HTAR: HTAR SUCCESSFUL
HTAR: a   instcat_y04_191109/00941719.tar.gz
HTAR: a   instcat_y04_191109/00941720.tar.gz
HTAR: a   instcat_y04_191109/00941721.tar.gz
HTAR: a   instcat_y04_191109/00941722.tar.gz
HTAR: a   instcat_y04_191109/00941723.tar.gz
HTAR: a   instcat_y04_191109/00941724.tar.gz
HTAR: a   instcat_y04_191109/00941725.tar.gz
HTAR: a   instcat_y04_191109/00941726.tar.gz
HTAR: a   instcat_y04_191109/00941727.tar.gz
HTAR: a   instcat_y04_191109/00941728.tar.gz
HTAR: a   instcat_y04_191109/00941729.tar.gz
HTAR: a   instcat_y04_191109/00941730.tar.gz
HTAR: a   instcat_y04_191109/00941731.tar.gz
HTAR: a   instcat_y04_191109/00941732.tar.gz
HTAR: a   instcat_y04_191109/00941733.tar.gz
HTAR: a   instcat_y04_191109/00941734.tar.gz
HTAR: a   instcat_y04_191109/00941735.tar.gz
HTAR: a   instcat_y04_191109/00941736.tar.gz
HTAR: a   instcat_y04_191109/00941737.tar.gz
HTAR: a   instcat_y04_191109/00941738.tar.gz
HTAR: a   instcat_y04_191109/00941739.tar.gz
HTAR: a   instcat_y04_191109/00941740.tar.gz
HTAR: a   instcat_y04_191109/00941741.tar.gz
HTAR: a   instcat_y04_191109/00941742.tar.gz
HTAR: a   instcat_y04_191109/00941743.tar.gz
HTAR: a   instcat_y04_191109/00941744.tar.gz
HTAR: a   instcat_y04_191109/00941745.tar.gz
HTAR: a   instcat_y04_191109/00941746.tar.gz
HTAR: a   instcat_y04_191109/00941747.tar.gz
HTAR: a   instcat_y04_191109/00941748.tar.gz
HTAR: a   instcat_y04_191109/00941749.tar.gz
HTAR: a   instcat_y04_191109/00941750.tar.gz
HTAR: a   instcat_y04_191109/00941751.tar.gz
HTAR: a   instcat_y04_191109/00941752.tar.gz
HTAR: a   instcat_y04_191109/00941753.tar.gz
HTAR: a   instcat_y04_191109/00941754.tar.gz
HTAR: a   instcat_y04_191109/00941755.tar.gz
HTAR: a   instcat_y04_191109/00941756.tar.gz
HTAR: a   instcat_y04_191109/00941757.tar.gz
HTAR: a   instcat_y04_191109/00941758.tar.gz
HTAR: a   instcat_y04_191109/00941759.tar.gz
HTAR: a   instcat_y04_191109/00941760.tar.gz
HTAR: a   instcat_y04_191109/00941761.tar.gz
HTAR: a   instcat_y04_191109/00941762.tar.gz
HTAR: a   instcat_y04_191109/00941763.tar.gz
HTAR: a   instcat_y04_191109/00941812.tar.gz
HTAR: a   instcat_y04_191109/00942447.tar.gz
HTAR: a   instcat_y04_191109/00942448.tar.gz
HTAR: a   instcat_y04_191109/00942449.tar.gz
HTAR: a   instcat_y04_191109/00942484.tar.gz
HTAR: a   instcat_y04_191109/00942485.tar.gz
HTAR: a   instcat_y04_191109/00942486.tar.gz
HTAR: a   instcat_y04_191109/00942521.tar.gz
HTAR: a   instcat_y04_191109/00942522.tar.gz
HTAR: a   instcat_y04_191109/00942523.tar.gz
HTAR: a   instcat_y04_191109/00942524.tar.gz
HTAR: a   instcat_y04_191109/00942525.tar.gz
HTAR: a   instcat_y04_191109/00942526.tar.gz
HTAR: a   instcat_y04_191109/00942527.tar.gz
HTAR: a   instcat_y04_191109/00942528.tar.gz
HTAR: a   instcat_y04_191109/00942529.tar.gz
HTAR: a   instcat_y04_191109/00942530.tar.gz
HTAR: a   instcat_y04_191109/00942531.tar.gz
HTAR: a   instcat_y04_191109/00942563.tar.gz
HTAR: a   instcat_y04_191109/00942564.tar.gz
HTAR: a   instcat_y04_191109/00942565.tar.gz
HTAR: a   instcat_y04_191109/00942566.tar.gz
HTAR: a   instcat_y04_191109/00942567.tar.gz
HTAR: a   instcat_y04_191109/00942568.tar.gz
HTAR: a   instcat_y04_191109/00942569.tar.gz
HTAR: a   instcat_y04_191109/00942570.tar.gz
HTAR: a   instcat_y04_191109/00942571.tar.gz
HTAR: a   instcat_y04_191109/00942572.tar.gz
HTAR: a   instcat_y04_191109/00942573.tar.gz
HTAR: a   instcat_y04_191109/00942610.tar.gz
HTAR: a   instcat_y04_191109/00942611.tar.gz
HTAR: a   instcat_y04_191109/00942612.tar.gz
HTAR: a   instcat_y04_191109/00942613.tar.gz
HTAR: a   instcat_y04_191109/00942614.tar.gz
HTAR: a   instcat_y04_191109/00942615.tar.gz
HTAR: a   instcat_y04_191109/00942616.tar.gz
HTAR: a   instcat_y04_191109/00942637.tar.gz
HTAR: a   instcat_y04_191109/00942638.tar.gz
HTAR: a   instcat_y04_191109/00942651.tar.gz
HTAR: a   instcat_y04_191109/00942652.tar.gz
HTAR: a   instcat_y04_191109/00942653.tar.gz
HTAR: a   instcat_y04_191109/00942654.tar.gz
HTAR: a   instcat_y04_191109/00942655.tar.gz
HTAR: a   instcat_y04_191109/00942656.tar.gz
HTAR: a   instcat_y04_191109/00942680.tar.gz
HTAR: a   instcat_y04_191109/00942681.tar.gz
HTAR: a   instcat_y04_191109/00942689.tar.gz
HTAR: a   instcat_y04_191109/00942690.tar.gz
HTAR: a   instcat_y04_191109/00942694.tar.gz
HTAR: a   instcat_y04_191109/00942695.tar.gz
HTAR: a   instcat_y04_191109/00942696.tar.gz
HTAR: a   instcat_y04_191109/00942697.tar.gz
HTAR: a   instcat_y04_191109/00942714.tar.gz
HTAR: a   instcat_y04_191109/00942716.tar.gz
HTAR: a   instcat_y04_191109/00942719.tar.gz
HTAR: a   instcat_y04_191109/00942720.tar.gz
HTAR: a   instcat_y04_191109/00942721.tar.gz
HTAR: a   instcat_y04_191109/00942722.tar.gz
HTAR: a   instcat_y04_191109/00942724.tar.gz
HTAR: a   instcat_y04_191109/00942725.tar.gz
HTAR: a   instcat_y04_191109/00942726.tar.gz
HTAR: a   instcat_y04_191109/00942727.tar.gz
HTAR: a   instcat_y04_191109/00942728.tar.gz
HTAR: a   instcat_y04_191109/00943157.tar.gz
HTAR: a   instcat_y04_191109/00943199.tar.gz
HTAR: a   instcat_y04_191109/00943200.tar.gz
HTAR: a   instcat_y04_191109/00943201.tar.gz
HTAR: a   instcat_y04_191109/00943202.tar.gz
HTAR: a   instcat_y04_191109/00943203.tar.gz
HTAR: a   instcat_y04_191109/00943212.tar.gz
HTAR: a   instcat_y04_191109/00943213.tar.gz
HTAR: a   instcat_y04_191109/00943214.tar.gz
HTAR: a   instcat_y04_191109/00943238.tar.gz
HTAR: a   instcat_y04_191109/00943239.tar.gz
HTAR: a   instcat_y04_191109/00943240.tar.gz
HTAR: a   instcat_y04_191109/job_log_00941719.txt
HTAR: a   instcat_y04_191109/job_log_00941720.txt
HTAR: a   instcat_y04_191109/job_log_00941721.txt
HTAR: a   instcat_y04_191109/job_log_00941722.txt
HTAR: a   instcat_y04_191109/job_log_00941723.txt
HTAR: a   instcat_y04_191109/job_log_00941724.txt
HTAR: a   instcat_y04_191109/job_log_00941725.txt
HTAR: a   instcat_y04_191109/job_log_00941726.txt
HTAR: a   instcat_y04_191109/job_log_00941727.txt
HTAR: a   instcat_y04_191109/job_log_00941728.txt
HTAR: a   instcat_y04_191109/job_log_00941729.txt
HTAR: a   instcat_y04_191109/job_log_00941730.txt
HTAR: a   instcat_y04_191109/job_log_00941731.txt
HTAR: a   instcat_y04_191109/job_log_00941732.txt
HTAR: a   instcat_y04_191109/job_log_00941733.txt
HTAR: a   instcat_y04_191109/job_log_00941734.txt
HTAR: a   instcat_y04_191109/job_log_00941735.txt
HTAR: a   instcat_y04_191109/job_log_00941736.txt
HTAR: a   instcat_y04_191109/job_log_00941737.txt
HTAR: a   instcat_y04_191109/job_log_00941738.txt
HTAR: a   instcat_y04_191109/job_log_00941739.txt
HTAR: a   instcat_y04_191109/job_log_00941740.txt
HTAR: a   instcat_y04_191109/job_log_00941741.txt
HTAR: a   instcat_y04_191109/job_log_00941742.txt
HTAR: a   instcat_y04_191109/job_log_00941743.txt
HTAR: a   instcat_y04_191109/job_log_00941744.txt
HTAR: a   instcat_y04_191109/job_log_00941745.txt
HTAR: a   instcat_y04_191109/job_log_00941746.txt
HTAR: a   instcat_y04_191109/job_log_00941747.txt
HTAR: a   instcat_y04_191109/job_log_00941748.txt
HTAR: a   instcat_y04_191109/job_log_00941749.txt
HTAR: a   instcat_y04_191109/job_log_00941750.txt
HTAR: a   instcat_y04_191109/job_log_00941751.txt
HTAR: a   instcat_y04_191109/job_log_00941752.txt
HTAR: a   instcat_y04_191109/job_log_00941753.txt
HTAR: a   instcat_y04_191109/job_log_00941754.txt
HTAR: a   instcat_y04_191109/job_log_00941755.txt
HTAR: a   instcat_y04_191109/job_log_00941756.txt
HTAR: a   instcat_y04_191109/job_log_00941757.txt
HTAR: a   instcat_y04_191109/job_log_00941758.txt
HTAR: a   instcat_y04_191109/job_log_00941759.txt
HTAR: a   instcat_y04_191109/job_log_00941760.txt
HTAR: a   instcat_y04_191109/job_log_00941761.txt
HTAR: a   instcat_y04_191109/job_log_00941762.txt
HTAR: a   instcat_y04_191109/job_log_00941763.txt
HTAR: a   instcat_y04_191109/job_log_00941812.txt
HTAR: a   instcat_y04_191109/job_log_00942447.txt
HTAR: a   instcat_y04_191109/job_log_00942448.txt
HTAR: a   instcat_y04_191109/job_log_00942449.txt
HTAR: a   instcat_y04_191109/job_log_00942484.txt
HTAR: a   instcat_y04_191109/job_log_00942485.txt
HTAR: a   instcat_y04_191109/job_log_00942486.txt
HTAR: a   instcat_y04_191109/job_log_00942521.txt
HTAR: a   instcat_y04_191109/job_log_00942522.txt
HTAR: a   instcat_y04_191109/job_log_00942523.txt
HTAR: a   instcat_y04_191109/job_log_00942524.txt
HTAR: a   instcat_y04_191109/job_log_00942525.txt
HTAR: a   instcat_y04_191109/job_log_00942526.txt
HTAR: a   instcat_y04_191109/job_log_00942527.txt
HTAR: a   instcat_y04_191109/job_log_00942528.txt
HTAR: a   instcat_y04_191109/job_log_00942529.txt
HTAR: a   instcat_y04_191109/job_log_00942530.txt
HTAR: a   instcat_y04_191109/job_log_00942531.txt
HTAR: a   instcat_y04_191109/job_log_00942563.txt
HTAR: a   instcat_y04_191109/job_log_00942564.txt
HTAR: a   instcat_y04_191109/job_log_00942565.txt
HTAR: a   instcat_y04_191109/job_log_00942566.txt
HTAR: a   instcat_y04_191109/job_log_00942567.txt
HTAR: a   instcat_y04_191109/job_log_00942568.txt
HTAR: a   instcat_y04_191109/job_log_00942569.txt
HTAR: a   instcat_y04_191109/job_log_00942570.txt
HTAR: a   instcat_y04_191109/job_log_00942571.txt
HTAR: a   instcat_y04_191109/job_log_00942572.txt
HTAR: a   instcat_y04_191109/job_log_00942573.txt
HTAR: a   instcat_y04_191109/job_log_00942610.txt
HTAR: a   instcat_y04_191109/job_log_00942611.txt
HTAR: a   instcat_y04_191109/job_log_00942612.txt
HTAR: a   instcat_y04_191109/job_log_00942613.txt
HTAR: a   instcat_y04_191109/job_log_00942614.txt
HTAR: a   instcat_y04_191109/job_log_00942615.txt
HTAR: a   instcat_y04_191109/job_log_00942616.txt
HTAR: a   instcat_y04_191109/job_log_00942637.txt
HTAR: a   instcat_y04_191109/job_log_00942638.txt
HTAR: a   instcat_y04_191109/job_log_00942651.txt
HTAR: a   instcat_y04_191109/job_log_00942652.txt
HTAR: a   instcat_y04_191109/job_log_00942653.txt
HTAR: a   instcat_y04_191109/job_log_00942654.txt
HTAR: a   instcat_y04_191109/job_log_00942655.txt
HTAR: a   instcat_y04_191109/job_log_00942656.txt
HTAR: a   instcat_y04_191109/job_log_00942680.txt
HTAR: a   instcat_y04_191109/job_log_00942681.txt
HTAR: a   instcat_y04_191109/job_log_00942689.txt
HTAR: a   instcat_y04_191109/job_log_00942690.txt
HTAR: a   instcat_y04_191109/job_log_00942694.txt
HTAR: a   instcat_y04_191109/job_log_00942695.txt
HTAR: a   instcat_y04_191109/job_log_00942696.txt
HTAR: a   instcat_y04_191109/job_log_00942697.txt
HTAR: a   instcat_y04_191109/job_log_00942714.txt
HTAR: a   instcat_y04_191109/job_log_00942716.txt
HTAR: a   instcat_y04_191109/job_log_00942719.txt
HTAR: a   instcat_y04_191109/job_log_00942720.txt
HTAR: a   instcat_y04_191109/job_log_00942721.txt
HTAR: a   instcat_y04_191109/job_log_00942722.txt
HTAR: a   instcat_y04_191109/job_log_00942724.txt
HTAR: a   instcat_y04_191109/job_log_00942725.txt
HTAR: a   instcat_y04_191109/job_log_00942726.txt
HTAR: a   instcat_y04_191109/job_log_00942727.txt
HTAR: a   instcat_y04_191109/job_log_00942728.txt
HTAR: a   instcat_y04_191109/job_log_00943157.txt
HTAR: a   instcat_y04_191109/job_log_00943199.txt
HTAR: a   instcat_y04_191109/job_log_00943200.txt
HTAR: a   instcat_y04_191109/job_log_00943201.txt
HTAR: a   instcat_y04_191109/job_log_00943202.txt
HTAR: a   instcat_y04_191109/job_log_00943203.txt
HTAR: a   instcat_y04_191109/job_log_00943212.txt
HTAR: a   instcat_y04_191109/job_log_00943213.txt
HTAR: a   instcat_y04_191109/job_log_00943214.txt
HTAR: a   instcat_y04_191109/job_log_00943238.txt
HTAR: a   instcat_y04_191109/job_log_00943239.txt
HTAR: a   instcat_y04_191109/job_log_00943240.txt
HTAR: a   /tmp/HTAR_CF_CHK_33021_1576007435
HTAR Create complete for /home/projects/desc/DC2_ImSim/Run2.2i/instCat/y04_191109/00941719to00943240.tar. 541,677,386,752 bytes written for 240 member files, max threads: 50 Transfer time: 3891.980 seconds (139.178 MB/s) wallclock/user/sys: 3892.549 4719.606 1739.668 seconds
HTAR: HTAR SUCCESSFUL
HTAR: a   instcat_y04_191109/00943241.tar.gz
HTAR: a   instcat_y04_191109/00943242.tar.gz
HTAR: a   instcat_y04_191109/00943243.tar.gz
HTAR: a   instcat_y04_191109/00943244.tar.gz
HTAR: a   instcat_y04_191109/00943245.tar.gz
HTAR: a   instcat_y04_191109/00943246.tar.gz
HTAR: a   instcat_y04_191109/00943247.tar.gz
HTAR: a   instcat_y04_191109/00943277.tar.gz
HTAR: a   instcat_y04_191109/00943279.tar.gz
HTAR: a   instcat_y04_191109/00943280.tar.gz
HTAR: a   instcat_y04_191109/00943281.tar.gz
HTAR: a   instcat_y04_191109/00943282.tar.gz
HTAR: a   instcat_y04_191109/00943283.tar.gz
HTAR: a   instcat_y04_191109/00943285.tar.gz
HTAR: a   instcat_y04_191109/00943294.tar.gz
HTAR: a   instcat_y04_191109/00943295.tar.gz
HTAR: a   instcat_y04_191109/00943296.tar.gz
HTAR: a   instcat_y04_191109/00943297.tar.gz
HTAR: a   instcat_y04_191109/00943298.tar.gz
HTAR: a   instcat_y04_191109/00943299.tar.gz
HTAR: a   instcat_y04_191109/00943300.tar.gz
HTAR: a   instcat_y04_191109/00943301.tar.gz
HTAR: a   instcat_y04_191109/00943317.tar.gz
HTAR: a   instcat_y04_191109/00943318.tar.gz
HTAR: a   instcat_y04_191109/00943319.tar.gz
HTAR: a   instcat_y04_191109/00943320.tar.gz
HTAR: a   instcat_y04_191109/00943321.tar.gz
HTAR: a   instcat_y04_191109/00943323.tar.gz
HTAR: a   instcat_y04_191109/00943324.tar.gz
HTAR: a   instcat_y04_191109/00943325.tar.gz
HTAR: a   instcat_y04_191109/00943326.tar.gz
HTAR: a   instcat_y04_191109/00943327.tar.gz
HTAR: a   instcat_y04_191109/00943328.tar.gz
HTAR: a   instcat_y04_191109/00943329.tar.gz
HTAR: a   instcat_y04_191109/00943330.tar.gz
HTAR: a   instcat_y04_191109/00943331.tar.gz
HTAR: a   instcat_y04_191109/00943357.tar.gz
HTAR: a   instcat_y04_191109/00943358.tar.gz
HTAR: a   instcat_y04_191109/00943359.tar.gz
HTAR: a   instcat_y04_191109/00943360.tar.gz
HTAR: a   instcat_y04_191109/00943361.tar.gz
HTAR: a   instcat_y04_191109/00943362.tar.gz
HTAR: a   instcat_y04_191109/00943364.tar.gz
HTAR: a   instcat_y04_191109/00943365.tar.gz
HTAR: a   instcat_y04_191109/00943366.tar.gz
HTAR: a   instcat_y04_191109/00943367.tar.gz
HTAR: a   instcat_y04_191109/00943368.tar.gz
HTAR: a   instcat_y04_191109/00943369.tar.gz
HTAR: a   instcat_y04_191109/00943370.tar.gz
HTAR: a   instcat_y04_191109/00943371.tar.gz
HTAR: a   instcat_y04_191109/00943372.tar.gz
HTAR: a   instcat_y04_191109/00943416.tar.gz
HTAR: a   instcat_y04_191109/00943417.tar.gz
HTAR: a   instcat_y04_191109/00943418.tar.gz
HTAR: a   instcat_y04_191109/00943419.tar.gz
HTAR: a   instcat_y04_191109/00943423.tar.gz
HTAR: a   instcat_y04_191109/00943424.tar.gz
HTAR: a   instcat_y04_191109/00943425.tar.gz
HTAR: a   instcat_y04_191109/00943426.tar.gz
HTAR: a   instcat_y04_191109/00943427.tar.gz
HTAR: a   instcat_y04_191109/00943428.tar.gz
HTAR: a   instcat_y04_191109/00943429.tar.gz
HTAR: a   instcat_y04_191109/00943431.tar.gz
HTAR: a   instcat_y04_191109/00943470.tar.gz
HTAR: a   instcat_y04_191109/00943473.tar.gz
HTAR: a   instcat_y04_191109/00943474.tar.gz
HTAR: a   instcat_y04_191109/00943475.tar.gz
HTAR: a   instcat_y04_191109/00943476.tar.gz
HTAR: a   instcat_y04_191109/00943477.tar.gz
HTAR: a   instcat_y04_191109/00943478.tar.gz
HTAR: a   instcat_y04_191109/00943479.tar.gz
HTAR: a   instcat_y04_191109/00943480.tar.gz
HTAR: a   instcat_y04_191109/00943490.tar.gz
HTAR: a   instcat_y04_191109/00943492.tar.gz
HTAR: a   instcat_y04_191109/00943493.tar.gz
HTAR: a   instcat_y04_191109/00943530.tar.gz
HTAR: a   instcat_y04_191109/00943531.tar.gz
HTAR: a   instcat_y04_191109/00943532.tar.gz
HTAR: a   instcat_y04_191109/00943533.tar.gz
HTAR: a   instcat_y04_191109/00943534.tar.gz
HTAR: a   instcat_y04_191109/00943535.tar.gz
HTAR: a   instcat_y04_191109/00943536.tar.gz
HTAR: a   instcat_y04_191109/00943542.tar.gz
HTAR: a   instcat_y04_191109/00943907.tar.gz
HTAR: a   instcat_y04_191109/00943908.tar.gz
HTAR: a   instcat_y04_191109/00943909.tar.gz
HTAR: a   instcat_y04_191109/00943910.tar.gz
HTAR: a   instcat_y04_191109/00943911.tar.gz
HTAR: a   instcat_y04_191109/00943912.tar.gz
HTAR: a   instcat_y04_191109/00943913.tar.gz
HTAR: a   instcat_y04_191109/00943914.tar.gz
HTAR: a   instcat_y04_191109/00943915.tar.gz
HTAR: a   instcat_y04_191109/00943916.tar.gz
HTAR: a   instcat_y04_191109/00943917.tar.gz
HTAR: a   instcat_y04_191109/00943918.tar.gz
HTAR: a   instcat_y04_191109/00943919.tar.gz
HTAR: a   instcat_y04_191109/00943920.tar.gz
HTAR: a   instcat_y04_191109/00943921.tar.gz
HTAR: a   instcat_y04_191109/00943922.tar.gz
HTAR: a   instcat_y04_191109/00943923.tar.gz
HTAR: a   instcat_y04_191109/00943924.tar.gz
HTAR: a   instcat_y04_191109/00943925.tar.gz
HTAR: a   instcat_y04_191109/00943926.tar.gz
HTAR: a   instcat_y04_191109/00943927.tar.gz
HTAR: a   instcat_y04_191109/00943928.tar.gz
HTAR: a   instcat_y04_191109/00943929.tar.gz
HTAR: a   instcat_y04_191109/00943930.tar.gz
HTAR: a   instcat_y04_191109/00943931.tar.gz
HTAR: a   instcat_y04_191109/00943932.tar.gz
HTAR: a   instcat_y04_191109/00943933.tar.gz
HTAR: a   instcat_y04_191109/00943934.tar.gz
HTAR: a   instcat_y04_191109/00943935.tar.gz
HTAR: a   instcat_y04_191109/00943936.tar.gz
HTAR: a   instcat_y04_191109/00943937.tar.gz
HTAR: a   instcat_y04_191109/00943938.tar.gz
HTAR: a   instcat_y04_191109/00943939.tar.gz
HTAR: a   instcat_y04_191109/00943940.tar.gz
HTAR: a   instcat_y04_191109/00943941.tar.gz
HTAR: a   instcat_y04_191109/00943942.tar.gz
HTAR: a   instcat_y04_191109/00943943.tar.gz
HTAR: a   instcat_y04_191109/job_log_00943241.txt
HTAR: a   instcat_y04_191109/job_log_00943242.txt
HTAR: a   instcat_y04_191109/job_log_00943243.txt
HTAR: a   instcat_y04_191109/job_log_00943244.txt
HTAR: a   instcat_y04_191109/job_log_00943245.txt
HTAR: a   instcat_y04_191109/job_log_00943246.txt
HTAR: a   instcat_y04_191109/job_log_00943247.txt
HTAR: a   instcat_y04_191109/job_log_00943277.txt
HTAR: a   instcat_y04_191109/job_log_00943279.txt
HTAR: a   instcat_y04_191109/job_log_00943280.txt
HTAR: a   instcat_y04_191109/job_log_00943281.txt
HTAR: a   instcat_y04_191109/job_log_00943282.txt
HTAR: a   instcat_y04_191109/job_log_00943283.txt
HTAR: a   instcat_y04_191109/job_log_00943285.txt
HTAR: a   instcat_y04_191109/job_log_00943294.txt
HTAR: a   instcat_y04_191109/job_log_00943295.txt
HTAR: a   instcat_y04_191109/job_log_00943296.txt
HTAR: a   instcat_y04_191109/job_log_00943297.txt
HTAR: a   instcat_y04_191109/job_log_00943298.txt
HTAR: a   instcat_y04_191109/job_log_00943299.txt
HTAR: a   instcat_y04_191109/job_log_00943300.txt
HTAR: a   instcat_y04_191109/job_log_00943301.txt
HTAR: a   instcat_y04_191109/job_log_00943317.txt
HTAR: a   instcat_y04_191109/job_log_00943318.txt
HTAR: a   instcat_y04_191109/job_log_00943319.txt
HTAR: a   instcat_y04_191109/job_log_00943320.txt
HTAR: a   instcat_y04_191109/job_log_00943321.txt
HTAR: a   instcat_y04_191109/job_log_00943323.txt
HTAR: a   instcat_y04_191109/job_log_00943324.txt
HTAR: a   instcat_y04_191109/job_log_00943325.txt
HTAR: a   instcat_y04_191109/job_log_00943326.txt
HTAR: a   instcat_y04_191109/job_log_00943327.txt
HTAR: a   instcat_y04_191109/job_log_00943328.txt
HTAR: a   instcat_y04_191109/job_log_00943329.txt
HTAR: a   instcat_y04_191109/job_log_00943330.txt
HTAR: a   instcat_y04_191109/job_log_00943331.txt
HTAR: a   instcat_y04_191109/job_log_00943357.txt
HTAR: a   instcat_y04_191109/job_log_00943358.txt
HTAR: a   instcat_y04_191109/job_log_00943359.txt
HTAR: a   instcat_y04_191109/job_log_00943360.txt
HTAR: a   instcat_y04_191109/job_log_00943361.txt
HTAR: a   instcat_y04_191109/job_log_00943362.txt
HTAR: a   instcat_y04_191109/job_log_00943364.txt
HTAR: a   instcat_y04_191109/job_log_00943365.txt
HTAR: a   instcat_y04_191109/job_log_00943366.txt
HTAR: a   instcat_y04_191109/job_log_00943367.txt
HTAR: a   instcat_y04_191109/job_log_00943368.txt
HTAR: a   instcat_y04_191109/job_log_00943369.txt
HTAR: a   instcat_y04_191109/job_log_00943370.txt
HTAR: a   instcat_y04_191109/job_log_00943371.txt
HTAR: a   instcat_y04_191109/job_log_00943372.txt
HTAR: a   instcat_y04_191109/job_log_00943416.txt
HTAR: a   instcat_y04_191109/job_log_00943417.txt
HTAR: a   instcat_y04_191109/job_log_00943418.txt
HTAR: a   instcat_y04_191109/job_log_00943419.txt
HTAR: a   instcat_y04_191109/job_log_00943423.txt
HTAR: a   instcat_y04_191109/job_log_00943424.txt
HTAR: a   instcat_y04_191109/job_log_00943425.txt
HTAR: a   instcat_y04_191109/job_log_00943426.txt
HTAR: a   instcat_y04_191109/job_log_00943427.txt
HTAR: a   instcat_y04_191109/job_log_00943428.txt
HTAR: a   instcat_y04_191109/job_log_00943429.txt
HTAR: a   instcat_y04_191109/job_log_00943431.txt
HTAR: a   instcat_y04_191109/job_log_00943470.txt
HTAR: a   instcat_y04_191109/job_log_00943473.txt
HTAR: a   instcat_y04_191109/job_log_00943474.txt
HTAR: a   instcat_y04_191109/job_log_00943475.txt
HTAR: a   instcat_y04_191109/job_log_00943476.txt
HTAR: a   instcat_y04_191109/job_log_00943477.txt
HTAR: a   instcat_y04_191109/job_log_00943478.txt
HTAR: a   instcat_y04_191109/job_log_00943479.txt
HTAR: a   instcat_y04_191109/job_log_00943480.txt
HTAR: a   instcat_y04_191109/job_log_00943490.txt
HTAR: a   instcat_y04_191109/job_log_00943492.txt
HTAR: a   instcat_y04_191109/job_log_00943493.txt
HTAR: a   instcat_y04_191109/job_log_00943530.txt
HTAR: a   instcat_y04_191109/job_log_00943531.txt
HTAR: a   instcat_y04_191109/job_log_00943532.txt
HTAR: a   instcat_y04_191109/job_log_00943533.txt
HTAR: a   instcat_y04_191109/job_log_00943534.txt
HTAR: a   instcat_y04_191109/job_log_00943535.txt
HTAR: a   instcat_y04_191109/job_log_00943536.txt
HTAR: a   instcat_y04_191109/job_log_00943542.txt
HTAR: a   instcat_y04_191109/job_log_00943907.txt
HTAR: a   instcat_y04_191109/job_log_00943908.txt
HTAR: a   instcat_y04_191109/job_log_00943909.txt
HTAR: a   instcat_y04_191109/job_log_00943910.txt
HTAR: a   instcat_y04_191109/job_log_00943911.txt
HTAR: a   instcat_y04_191109/job_log_00943912.txt
HTAR: a   instcat_y04_191109/job_log_00943913.txt
HTAR: a   instcat_y04_191109/job_log_00943914.txt
HTAR: a   instcat_y04_191109/job_log_00943915.txt
HTAR: a   instcat_y04_191109/job_log_00943916.txt
HTAR: a   instcat_y04_191109/job_log_00943917.txt
HTAR: a   instcat_y04_191109/job_log_00943918.txt
HTAR: a   instcat_y04_191109/job_log_00943919.txt
HTAR: a   instcat_y04_191109/job_log_00943920.txt
HTAR: a   instcat_y04_191109/job_log_00943921.txt
HTAR: a   instcat_y04_191109/job_log_00943922.txt
HTAR: a   instcat_y04_191109/job_log_00943923.txt
HTAR: a   instcat_y04_191109/job_log_00943924.txt
HTAR: a   instcat_y04_191109/job_log_00943925.txt
HTAR: a   instcat_y04_191109/job_log_00943926.txt
HTAR: a   instcat_y04_191109/job_log_00943927.txt
HTAR: a   instcat_y04_191109/job_log_00943928.txt
HTAR: a   instcat_y04_191109/job_log_00943929.txt
HTAR: a   instcat_y04_191109/job_log_00943930.txt
HTAR: a   instcat_y04_191109/job_log_00943931.txt
HTAR: a   instcat_y04_191109/job_log_00943932.txt
HTAR: a   instcat_y04_191109/job_log_00943933.txt
HTAR: a   instcat_y04_191109/job_log_00943934.txt
HTAR: a   instcat_y04_191109/job_log_00943935.txt
HTAR: a   instcat_y04_191109/job_log_00943936.txt
HTAR: a   instcat_y04_191109/job_log_00943937.txt
HTAR: a   instcat_y04_191109/job_log_00943938.txt
HTAR: a   instcat_y04_191109/job_log_00943939.txt
HTAR: a   instcat_y04_191109/job_log_00943940.txt
HTAR: a   instcat_y04_191109/job_log_00943941.txt
HTAR: a   instcat_y04_191109/job_log_00943942.txt
HTAR: a   instcat_y04_191109/job_log_00943943.txt
HTAR: a   /tmp/HTAR_CF_CHK_19470_1576011334
HTAR Create complete for /home/projects/desc/DC2_ImSim/Run2.2i/instCat/y04_191109/00943241to00943943.tar. 541,899,649,536 bytes written for 240 member files, max threads: 50 Transfer time: 3927.072 seconds (137.991 MB/s) wallclock/user/sys: 3931.160 4532.252 1778.239 seconds
HTAR: HTAR SUCCESSFUL
HTAR: a   instcat_y04_191109/00943944.tar.gz
HTAR: a   instcat_y04_191109/00943945.tar.gz
HTAR: a   instcat_y04_191109/00943946.tar.gz
HTAR: a   instcat_y04_191109/00943947.tar.gz
HTAR: a   instcat_y04_191109/00943948.tar.gz
HTAR: a   instcat_y04_191109/00943949.tar.gz
HTAR: a   instcat_y04_191109/00943950.tar.gz
HTAR: a   instcat_y04_191109/00943951.tar.gz
HTAR: a   instcat_y04_191109/00943952.tar.gz
HTAR: a   instcat_y04_191109/00943953.tar.gz
HTAR: a   instcat_y04_191109/00943954.tar.gz
HTAR: a   instcat_y04_191109/00943955.tar.gz
HTAR: a   instcat_y04_191109/00943956.tar.gz
HTAR: a   instcat_y04_191109/00943957.tar.gz
HTAR: a   instcat_y04_191109/00943958.tar.gz
HTAR: a   instcat_y04_191109/00943959.tar.gz
HTAR: a   instcat_y04_191109/00943960.tar.gz
HTAR: a   instcat_y04_191109/00943961.tar.gz
HTAR: a   instcat_y04_191109/00943962.tar.gz
HTAR: a   instcat_y04_191109/00943963.tar.gz
HTAR: a   instcat_y04_191109/00943964.tar.gz
HTAR: a   instcat_y04_191109/00943965.tar.gz
HTAR: a   instcat_y04_191109/00943966.tar.gz
HTAR: a   instcat_y04_191109/00943967.tar.gz
HTAR: a   instcat_y04_191109/00943968.tar.gz
HTAR: a   instcat_y04_191109/00943969.tar.gz
HTAR: a   instcat_y04_191109/00943970.tar.gz
HTAR: a   instcat_y04_191109/00943971.tar.gz
HTAR: a   instcat_y04_191109/00943972.tar.gz
HTAR: a   instcat_y04_191109/00943973.tar.gz
HTAR: a   instcat_y04_191109/00943974.tar.gz
HTAR: a   instcat_y04_191109/00943975.tar.gz
HTAR: a   instcat_y04_191109/00943976.tar.gz
HTAR: a   instcat_y04_191109/00943977.tar.gz
HTAR: a   instcat_y04_191109/00943978.tar.gz
HTAR: a   instcat_y04_191109/00943979.tar.gz
HTAR: a   instcat_y04_191109/00943980.tar.gz
HTAR: a   instcat_y04_191109/00943981.tar.gz
HTAR: a   instcat_y04_191109/00943982.tar.gz
HTAR: a   instcat_y04_191109/00943983.tar.gz
HTAR: a   instcat_y04_191109/00943984.tar.gz
HTAR: a   instcat_y04_191109/00943985.tar.gz
HTAR: a   instcat_y04_191109/00943986.tar.gz
HTAR: a   instcat_y04_191109/00943987.tar.gz
HTAR: a   instcat_y04_191109/00943988.tar.gz
HTAR: a   instcat_y04_191109/00943989.tar.gz
HTAR: a   instcat_y04_191109/00943990.tar.gz
HTAR: a   instcat_y04_191109/00943991.tar.gz
HTAR: a   instcat_y04_191109/00943992.tar.gz
HTAR: a   instcat_y04_191109/00943993.tar.gz
HTAR: a   instcat_y04_191109/00943994.tar.gz
HTAR: a   instcat_y04_191109/00943995.tar.gz
HTAR: a   instcat_y04_191109/00943996.tar.gz
HTAR: a   instcat_y04_191109/00943997.tar.gz
HTAR: a   instcat_y04_191109/00943998.tar.gz
HTAR: a   instcat_y04_191109/00943999.tar.gz
HTAR: a   instcat_y04_191109/00944000.tar.gz
HTAR: a   instcat_y04_191109/00944001.tar.gz
HTAR: a   instcat_y04_191109/00944002.tar.gz
HTAR: a   instcat_y04_191109/00944003.tar.gz
HTAR: a   instcat_y04_191109/00944011.tar.gz
HTAR: a   instcat_y04_191109/00944012.tar.gz
HTAR: a   instcat_y04_191109/00944013.tar.gz
HTAR: a   instcat_y04_191109/00944014.tar.gz
HTAR: a   instcat_y04_191109/00944015.tar.gz
HTAR: a   instcat_y04_191109/00944016.tar.gz
HTAR: a   instcat_y04_191109/00944017.tar.gz
HTAR: a   instcat_y04_191109/00944018.tar.gz
HTAR: a   instcat_y04_191109/00944019.tar.gz
HTAR: a   instcat_y04_191109/00944020.tar.gz
HTAR: a   instcat_y04_191109/00944021.tar.gz
HTAR: a   instcat_y04_191109/00944022.tar.gz
HTAR: a   instcat_y04_191109/00944023.tar.gz
HTAR: a   instcat_y04_191109/00944024.tar.gz
HTAR: a   instcat_y04_191109/00944037.tar.gz
HTAR: a   instcat_y04_191109/00944038.tar.gz
HTAR: a   instcat_y04_191109/00944042.tar.gz
HTAR: a   instcat_y04_191109/00944043.tar.gz
HTAR: a   instcat_y04_191109/00944044.tar.gz
HTAR: a   instcat_y04_191109/00944045.tar.gz
HTAR: a   instcat_y04_191109/00944046.tar.gz
HTAR: a   instcat_y04_191109/00944047.tar.gz
HTAR: a   instcat_y04_191109/00944048.tar.gz
HTAR: a   instcat_y04_191109/00944049.tar.gz
HTAR: a   instcat_y04_191109/00944050.tar.gz
HTAR: a   instcat_y04_191109/00944051.tar.gz
HTAR: a   instcat_y04_191109/00944052.tar.gz
HTAR: a   instcat_y04_191109/00944053.tar.gz
HTAR: a   instcat_y04_191109/00944054.tar.gz
HTAR: a   instcat_y04_191109/00944088.tar.gz
HTAR: a   instcat_y04_191109/00944121.tar.gz
HTAR: a   instcat_y04_191109/00944189.tar.gz
HTAR: a   instcat_y04_191109/00944190.tar.gz
HTAR: a   instcat_y04_191109/00944191.tar.gz
HTAR: a   instcat_y04_191109/00944192.tar.gz
HTAR: a   instcat_y04_191109/00944199.tar.gz
HTAR: a   instcat_y04_191109/00944200.tar.gz
HTAR: a   instcat_y04_191109/00944201.tar.gz
HTAR: a   instcat_y04_191109/00944202.tar.gz
HTAR: a   instcat_y04_191109/00944203.tar.gz
HTAR: a   instcat_y04_191109/00944204.tar.gz
HTAR: a   instcat_y04_191109/00944205.tar.gz
HTAR: a   instcat_y04_191109/00944206.tar.gz
HTAR: a   instcat_y04_191109/00944207.tar.gz
HTAR: a   instcat_y04_191109/00944208.tar.gz
HTAR: a   instcat_y04_191109/00944209.tar.gz
HTAR: a   instcat_y04_191109/00944217.tar.gz
HTAR: a   instcat_y04_191109/00944218.tar.gz
HTAR: a   instcat_y04_191109/00944219.tar.gz
HTAR: a   instcat_y04_191109/00944220.tar.gz
HTAR: a   instcat_y04_191109/00944221.tar.gz
HTAR: a   instcat_y04_191109/00944222.tar.gz
HTAR: a   instcat_y04_191109/00944227.tar.gz
HTAR: a   instcat_y04_191109/00944228.tar.gz
HTAR: a   instcat_y04_191109/00944229.tar.gz
HTAR: a   instcat_y04_191109/00944230.tar.gz
HTAR: a   instcat_y04_191109/00944231.tar.gz
HTAR: a   instcat_y04_191109/00944236.tar.gz
HTAR: a   instcat_y04_191109/00944237.tar.gz
HTAR: a   instcat_y04_191109/00944238.tar.gz
HTAR: a   instcat_y04_191109/job_log_00943944.txt
HTAR: a   instcat_y04_191109/job_log_00943945.txt
HTAR: a   instcat_y04_191109/job_log_00943946.txt
HTAR: a   instcat_y04_191109/job_log_00943947.txt
HTAR: a   instcat_y04_191109/job_log_00943948.txt
HTAR: a   instcat_y04_191109/job_log_00943949.txt
HTAR: a   instcat_y04_191109/job_log_00943950.txt
HTAR: a   instcat_y04_191109/job_log_00943951.txt
HTAR: a   instcat_y04_191109/job_log_00943952.txt
HTAR: a   instcat_y04_191109/job_log_00943953.txt
HTAR: a   instcat_y04_191109/job_log_00943954.txt
HTAR: a   instcat_y04_191109/job_log_00943955.txt
HTAR: a   instcat_y04_191109/job_log_00943956.txt
HTAR: a   instcat_y04_191109/job_log_00943957.txt
HTAR: a   instcat_y04_191109/job_log_00943958.txt
HTAR: a   instcat_y04_191109/job_log_00943959.txt
HTAR: a   instcat_y04_191109/job_log_00943960.txt
HTAR: a   instcat_y04_191109/job_log_00943961.txt
HTAR: a   instcat_y04_191109/job_log_00943962.txt
HTAR: a   instcat_y04_191109/job_log_00943963.txt
HTAR: a   instcat_y04_191109/job_log_00943964.txt
HTAR: a   instcat_y04_191109/job_log_00943965.txt
HTAR: a   instcat_y04_191109/job_log_00943966.txt
HTAR: a   instcat_y04_191109/job_log_00943967.txt
HTAR: a   instcat_y04_191109/job_log_00943968.txt
HTAR: a   instcat_y04_191109/job_log_00943969.txt
HTAR: a   instcat_y04_191109/job_log_00943970.txt
HTAR: a   instcat_y04_191109/job_log_00943971.txt
HTAR: a   instcat_y04_191109/job_log_00943972.txt
HTAR: a   instcat_y04_191109/job_log_00943973.txt
HTAR: a   instcat_y04_191109/job_log_00943974.txt
HTAR: a   instcat_y04_191109/job_log_00943975.txt
HTAR: a   instcat_y04_191109/job_log_00943976.txt
HTAR: a   instcat_y04_191109/job_log_00943977.txt
HTAR: a   instcat_y04_191109/job_log_00943978.txt
HTAR: a   instcat_y04_191109/job_log_00943979.txt
HTAR: a   instcat_y04_191109/job_log_00943980.txt
HTAR: a   instcat_y04_191109/job_log_00943981.txt
HTAR: a   instcat_y04_191109/job_log_00943982.txt
HTAR: a   instcat_y04_191109/job_log_00943983.txt
HTAR: a   instcat_y04_191109/job_log_00943984.txt
HTAR: a   instcat_y04_191109/job_log_00943985.txt
HTAR: a   instcat_y04_191109/job_log_00943986.txt
HTAR: a   instcat_y04_191109/job_log_00943987.txt
HTAR: a   instcat_y04_191109/job_log_00943988.txt
HTAR: a   instcat_y04_191109/job_log_00943989.txt
HTAR: a   instcat_y04_191109/job_log_00943990.txt
HTAR: a   instcat_y04_191109/job_log_00943991.txt
HTAR: a   instcat_y04_191109/job_log_00943992.txt
HTAR: a   instcat_y04_191109/job_log_00943993.txt
HTAR: a   instcat_y04_191109/job_log_00943994.txt
HTAR: a   instcat_y04_191109/job_log_00943995.txt
HTAR: a   instcat_y04_191109/job_log_00943996.txt
HTAR: a   instcat_y04_191109/job_log_00943997.txt
HTAR: a   instcat_y04_191109/job_log_00943998.txt
HTAR: a   instcat_y04_191109/job_log_00943999.txt
HTAR: a   instcat_y04_191109/job_log_00944000.txt
HTAR: a   instcat_y04_191109/job_log_00944001.txt
HTAR: a   instcat_y04_191109/job_log_00944002.txt
HTAR: a   instcat_y04_191109/job_log_00944003.txt
HTAR: a   instcat_y04_191109/job_log_00944011.txt
HTAR: a   instcat_y04_191109/job_log_00944012.txt
HTAR: a   instcat_y04_191109/job_log_00944013.txt
HTAR: a   instcat_y04_191109/job_log_00944014.txt
HTAR: a   instcat_y04_191109/job_log_00944015.txt
HTAR: a   instcat_y04_191109/job_log_00944016.txt
HTAR: a   instcat_y04_191109/job_log_00944017.txt
HTAR: a   instcat_y04_191109/job_log_00944018.txt
HTAR: a   instcat_y04_191109/job_log_00944019.txt
HTAR: a   instcat_y04_191109/job_log_00944020.txt
HTAR: a   instcat_y04_191109/job_log_00944021.txt
HTAR: a   instcat_y04_191109/job_log_00944022.txt
HTAR: a   instcat_y04_191109/job_log_00944023.txt
HTAR: a   instcat_y04_191109/job_log_00944024.txt
HTAR: a   instcat_y04_191109/job_log_00944037.txt
HTAR: a   instcat_y04_191109/job_log_00944038.txt
HTAR: a   instcat_y04_191109/job_log_00944042.txt
HTAR: a   instcat_y04_191109/job_log_00944043.txt
HTAR: a   instcat_y04_191109/job_log_00944044.txt
HTAR: a   instcat_y04_191109/job_log_00944045.txt
HTAR: a   instcat_y04_191109/job_log_00944046.txt
HTAR: a   instcat_y04_191109/job_log_00944047.txt
HTAR: a   instcat_y04_191109/job_log_00944048.txt
HTAR: a   instcat_y04_191109/job_log_00944049.txt
HTAR: a   instcat_y04_191109/job_log_00944050.txt
HTAR: a   instcat_y04_191109/job_log_00944051.txt
HTAR: a   instcat_y04_191109/job_log_00944052.txt
HTAR: a   instcat_y04_191109/job_log_00944053.txt
HTAR: a   instcat_y04_191109/job_log_00944054.txt
HTAR: a   instcat_y04_191109/job_log_00944088.txt
HTAR: a   instcat_y04_191109/job_log_00944121.txt
HTAR: a   instcat_y04_191109/job_log_00944189.txt
HTAR: a   instcat_y04_191109/job_log_00944190.txt
HTAR: a   instcat_y04_191109/job_log_00944191.txt
HTAR: a   instcat_y04_191109/job_log_00944192.txt
HTAR: a   instcat_y04_191109/job_log_00944199.txt
HTAR: a   instcat_y04_191109/job_log_00944200.txt
HTAR: a   instcat_y04_191109/job_log_00944201.txt
HTAR: a   instcat_y04_191109/job_log_00944202.txt
HTAR: a   instcat_y04_191109/job_log_00944203.txt
HTAR: a   instcat_y04_191109/job_log_00944204.txt
HTAR: a   instcat_y04_191109/job_log_00944205.txt
HTAR: a   instcat_y04_191109/job_log_00944206.txt
HTAR: a   instcat_y04_191109/job_log_00944207.txt
HTAR: a   instcat_y04_191109/job_log_00944208.txt
HTAR: a   instcat_y04_191109/job_log_00944209.txt
HTAR: a   instcat_y04_191109/job_log_00944217.txt
HTAR: a   instcat_y04_191109/job_log_00944218.txt
HTAR: a   instcat_y04_191109/job_log_00944219.txt
HTAR: a   instcat_y04_191109/job_log_00944220.txt
HTAR: a   instcat_y04_191109/job_log_00944221.txt
HTAR: a   instcat_y04_191109/job_log_00944222.txt
HTAR: a   instcat_y04_191109/job_log_00944227.txt
HTAR: a   instcat_y04_191109/job_log_00944228.txt
HTAR: a   instcat_y04_191109/job_log_00944229.txt
HTAR: a   instcat_y04_191109/job_log_00944230.txt
HTAR: a   instcat_y04_191109/job_log_00944231.txt
HTAR: a   instcat_y04_191109/job_log_00944236.txt
HTAR: a   instcat_y04_191109/job_log_00944237.txt
HTAR: a   instcat_y04_191109/job_log_00944238.txt
HTAR: a   /tmp/HTAR_CF_CHK_1787_1576015265
HTAR Create complete for /home/projects/desc/DC2_ImSim/Run2.2i/instCat/y04_191109/00943944to00944238.tar. 538,179,196,928 bytes written for 240 member files, max threads: 49 Transfer time: 3888.212 seconds (138.413 MB/s) wallclock/user/sys: 3890.122 4623.624 1861.462 seconds
HTAR: HTAR SUCCESSFUL
HTAR: a   instcat_y04_191109/00944239.tar.gz
HTAR: a   instcat_y04_191109/00944240.tar.gz
HTAR: a   instcat_y04_191109/00944241.tar.gz
HTAR: a   instcat_y04_191109/00944242.tar.gz
HTAR: a   instcat_y04_191109/00944243.tar.gz
HTAR: a   instcat_y04_191109/00944244.tar.gz
HTAR: a   instcat_y04_191109/00944245.tar.gz
HTAR: a   instcat_y04_191109/00944246.tar.gz
HTAR: a   instcat_y04_191109/00944247.tar.gz
HTAR: a   instcat_y04_191109/00944248.tar.gz
HTAR: a   instcat_y04_191109/00944249.tar.gz
HTAR: a   instcat_y04_191109/00944250.tar.gz
HTAR: a   instcat_y04_191109/00944251.tar.gz
HTAR: a   instcat_y04_191109/00944252.tar.gz
HTAR: a   instcat_y04_191109/00944254.tar.gz
HTAR: a   instcat_y04_191109/00944255.tar.gz
HTAR: a   instcat_y04_191109/00944256.tar.gz
HTAR: a   instcat_y04_191109/00944264.tar.gz
HTAR: a   instcat_y04_191109/00944265.tar.gz
HTAR: a   instcat_y04_191109/00944266.tar.gz
HTAR: a   instcat_y04_191109/00944267.tar.gz
HTAR: a   instcat_y04_191109/00944271.tar.gz
HTAR: a   instcat_y04_191109/00944272.tar.gz
HTAR: a   instcat_y04_191109/00944273.tar.gz
HTAR: a   instcat_y04_191109/00944274.tar.gz
HTAR: a   instcat_y04_191109/00944275.tar.gz
HTAR: a   instcat_y04_191109/00944276.tar.gz
HTAR: a   instcat_y04_191109/00944277.tar.gz
HTAR: a   instcat_y04_191109/00944278.tar.gz
HTAR: a   instcat_y04_191109/00944279.tar.gz
HTAR: a   instcat_y04_191109/00944280.tar.gz
HTAR: a   instcat_y04_191109/00944284.tar.gz
HTAR: a   instcat_y04_191109/00944286.tar.gz
HTAR: a   instcat_y04_191109/00944288.tar.gz
HTAR: a   instcat_y04_191109/00944289.tar.gz
HTAR: a   instcat_y04_191109/00944290.tar.gz
HTAR: a   instcat_y04_191109/00944291.tar.gz
HTAR: a   instcat_y04_191109/00944295.tar.gz
HTAR: a   instcat_y04_191109/00944303.tar.gz
HTAR: a   instcat_y04_191109/00944305.tar.gz
HTAR: a   instcat_y04_191109/00944313.tar.gz
HTAR: a   instcat_y04_191109/00944314.tar.gz
HTAR: a   instcat_y04_191109/00944340.tar.gz
HTAR: a   instcat_y04_191109/00944348.tar.gz
HTAR: a   instcat_y04_191109/00944350.tar.gz
HTAR: a   instcat_y04_191109/00944351.tar.gz
HTAR: a   instcat_y04_191109/00944853.tar.gz
HTAR: a   instcat_y04_191109/00944854.tar.gz
HTAR: a   instcat_y04_191109/00944855.tar.gz
HTAR: a   instcat_y04_191109/00944856.tar.gz
HTAR: a   instcat_y04_191109/00944883.tar.gz
HTAR: a   instcat_y04_191109/00944884.tar.gz
HTAR: a   instcat_y04_191109/00944902.tar.gz
HTAR: a   instcat_y04_191109/00944903.tar.gz
HTAR: a   instcat_y04_191109/00944904.tar.gz
HTAR: a   instcat_y04_191109/00944905.tar.gz
HTAR: a   instcat_y04_191109/00944906.tar.gz
HTAR: a   instcat_y04_191109/00944907.tar.gz
HTAR: a   instcat_y04_191109/00944919.tar.gz
HTAR: a   instcat_y04_191109/00944921.tar.gz
HTAR: a   instcat_y04_191109/00944940.tar.gz
HTAR: a   instcat_y04_191109/00944941.tar.gz
HTAR: a   instcat_y04_191109/00944942.tar.gz
HTAR: a   instcat_y04_191109/00944943.tar.gz
HTAR: a   instcat_y04_191109/00944944.tar.gz
HTAR: a   instcat_y04_191109/00944945.tar.gz
HTAR: a   instcat_y04_191109/00945518.tar.gz
HTAR: a   instcat_y04_191109/00945519.tar.gz
HTAR: a   instcat_y04_191109/00945520.tar.gz
HTAR: a   instcat_y04_191109/00945521.tar.gz
HTAR: a   instcat_y04_191109/00945522.tar.gz
HTAR: a   instcat_y04_191109/00945523.tar.gz
HTAR: a   instcat_y04_191109/00945549.tar.gz
HTAR: a   instcat_y04_191109/00945550.tar.gz
HTAR: a   instcat_y04_191109/00945551.tar.gz
HTAR: a   instcat_y04_191109/00945552.tar.gz
HTAR: a   instcat_y04_191109/00945573.tar.gz
HTAR: a   instcat_y04_191109/00945586.tar.gz
HTAR: a   instcat_y04_191109/00945587.tar.gz
HTAR: a   instcat_y04_191109/00945588.tar.gz
HTAR: a   instcat_y04_191109/00945589.tar.gz
HTAR: a   instcat_y04_191109/00945590.tar.gz
HTAR: a   instcat_y04_191109/00945591.tar.gz
HTAR: a   instcat_y04_191109/00945592.tar.gz
HTAR: a   instcat_y04_191109/00945593.tar.gz
HTAR: a   instcat_y04_191109/00945594.tar.gz
HTAR: a   instcat_y04_191109/00945595.tar.gz
HTAR: a   instcat_y04_191109/00945601.tar.gz
HTAR: a   instcat_y04_191109/00945613.tar.gz
HTAR: a   instcat_y04_191109/00945614.tar.gz
HTAR: a   instcat_y04_191109/00945615.tar.gz
HTAR: a   instcat_y04_191109/00945616.tar.gz
HTAR: a   instcat_y04_191109/00945617.tar.gz
HTAR: a   instcat_y04_191109/00945618.tar.gz
HTAR: a   instcat_y04_191109/00945619.tar.gz
HTAR: a   instcat_y04_191109/00945620.tar.gz
HTAR: a   instcat_y04_191109/00945621.tar.gz
HTAR: a   instcat_y04_191109/00945622.tar.gz
HTAR: a   instcat_y04_191109/00945623.tar.gz
HTAR: a   instcat_y04_191109/00945627.tar.gz
HTAR: a   instcat_y04_191109/00945630.tar.gz
HTAR: a   instcat_y04_191109/00945632.tar.gz
HTAR: a   instcat_y04_191109/00945633.tar.gz
HTAR: a   instcat_y04_191109/00945635.tar.gz
HTAR: a   instcat_y04_191109/00945636.tar.gz
HTAR: a   instcat_y04_191109/00945637.tar.gz
HTAR: a   instcat_y04_191109/00945638.tar.gz
HTAR: a   instcat_y04_191109/00945639.tar.gz
HTAR: a   instcat_y04_191109/00945640.tar.gz
HTAR: a   instcat_y04_191109/00945641.tar.gz
HTAR: a   instcat_y04_191109/00945642.tar.gz
HTAR: a   instcat_y04_191109/00945663.tar.gz
HTAR: a   instcat_y04_191109/00945665.tar.gz
HTAR: a   instcat_y04_191109/00945666.tar.gz
HTAR: a   instcat_y04_191109/00945667.tar.gz
HTAR: a   instcat_y04_191109/00945668.tar.gz
HTAR: a   instcat_y04_191109/00945670.tar.gz
HTAR: a   instcat_y04_191109/00945671.tar.gz
HTAR: a   instcat_y04_191109/00945672.tar.gz
HTAR: a   instcat_y04_191109/00945673.tar.gz
HTAR: a   instcat_y04_191109/job_log_00944239.txt
HTAR: a   instcat_y04_191109/job_log_00944240.txt
HTAR: a   instcat_y04_191109/job_log_00944241.txt
HTAR: a   instcat_y04_191109/job_log_00944242.txt
HTAR: a   instcat_y04_191109/job_log_00944243.txt
HTAR: a   instcat_y04_191109/job_log_00944244.txt
HTAR: a   instcat_y04_191109/job_log_00944245.txt
HTAR: a   instcat_y04_191109/job_log_00944246.txt
HTAR: a   instcat_y04_191109/job_log_00944247.txt
HTAR: a   instcat_y04_191109/job_log_00944248.txt
HTAR: a   instcat_y04_191109/job_log_00944249.txt
HTAR: a   instcat_y04_191109/job_log_00944250.txt
HTAR: a   instcat_y04_191109/job_log_00944251.txt
HTAR: a   instcat_y04_191109/job_log_00944252.txt
HTAR: a   instcat_y04_191109/job_log_00944254.txt
HTAR: a   instcat_y04_191109/job_log_00944255.txt
HTAR: a   instcat_y04_191109/job_log_00944256.txt
HTAR: a   instcat_y04_191109/job_log_00944264.txt
HTAR: a   instcat_y04_191109/job_log_00944265.txt
HTAR: a   instcat_y04_191109/job_log_00944266.txt
HTAR: a   instcat_y04_191109/job_log_00944267.txt
HTAR: a   instcat_y04_191109/job_log_00944271.txt
HTAR: a   instcat_y04_191109/job_log_00944272.txt
HTAR: a   instcat_y04_191109/job_log_00944273.txt
HTAR: a   instcat_y04_191109/job_log_00944274.txt
HTAR: a   instcat_y04_191109/job_log_00944275.txt
HTAR: a   instcat_y04_191109/job_log_00944276.txt
HTAR: a   instcat_y04_191109/job_log_00944277.txt
HTAR: a   instcat_y04_191109/job_log_00944278.txt
HTAR: a   instcat_y04_191109/job_log_00944279.txt
HTAR: a   instcat_y04_191109/job_log_00944280.txt
HTAR: a   instcat_y04_191109/job_log_00944284.txt
HTAR: a   instcat_y04_191109/job_log_00944286.txt
HTAR: a   instcat_y04_191109/job_log_00944288.txt
HTAR: a   instcat_y04_191109/job_log_00944289.txt
HTAR: a   instcat_y04_191109/job_log_00944290.txt
HTAR: a   instcat_y04_191109/job_log_00944291.txt
HTAR: a   instcat_y04_191109/job_log_00944295.txt
HTAR: a   instcat_y04_191109/job_log_00944303.txt
HTAR: a   instcat_y04_191109/job_log_00944305.txt
HTAR: a   instcat_y04_191109/job_log_00944313.txt
HTAR: a   instcat_y04_191109/job_log_00944314.txt
HTAR: a   instcat_y04_191109/job_log_00944340.txt
HTAR: a   instcat_y04_191109/job_log_00944348.txt
HTAR: a   instcat_y04_191109/job_log_00944350.txt
HTAR: a   instcat_y04_191109/job_log_00944351.txt
HTAR: a   instcat_y04_191109/job_log_00944853.txt
HTAR: a   instcat_y04_191109/job_log_00944854.txt
HTAR: a   instcat_y04_191109/job_log_00944855.txt
HTAR: a   instcat_y04_191109/job_log_00944856.txt
HTAR: a   instcat_y04_191109/job_log_00944883.txt
HTAR: a   instcat_y04_191109/job_log_00944884.txt
HTAR: a   instcat_y04_191109/job_log_00944902.txt
HTAR: a   instcat_y04_191109/job_log_00944903.txt
HTAR: a   instcat_y04_191109/job_log_00944904.txt
HTAR: a   instcat_y04_191109/job_log_00944905.txt
HTAR: a   instcat_y04_191109/job_log_00944906.txt
HTAR: a   instcat_y04_191109/job_log_00944907.txt
HTAR: a   instcat_y04_191109/job_log_00944919.txt
HTAR: a   instcat_y04_191109/job_log_00944921.txt
HTAR: a   instcat_y04_191109/job_log_00944940.txt
HTAR: a   instcat_y04_191109/job_log_00944941.txt
HTAR: a   instcat_y04_191109/job_log_00944942.txt
HTAR: a   instcat_y04_191109/job_log_00944943.txt
HTAR: a   instcat_y04_191109/job_log_00944944.txt
HTAR: a   instcat_y04_191109/job_log_00944945.txt
HTAR: a   instcat_y04_191109/job_log_00945518.txt
HTAR: a   instcat_y04_191109/job_log_00945519.txt
HTAR: a   instcat_y04_191109/job_log_00945520.txt
HTAR: a   instcat_y04_191109/job_log_00945521.txt
HTAR: a   instcat_y04_191109/job_log_00945522.txt
HTAR: a   instcat_y04_191109/job_log_00945523.txt
HTAR: a   instcat_y04_191109/job_log_00945549.txt
HTAR: a   instcat_y04_191109/job_log_00945550.txt
HTAR: a   instcat_y04_191109/job_log_00945551.txt
HTAR: a   instcat_y04_191109/job_log_00945552.txt
HTAR: a   instcat_y04_191109/job_log_00945573.txt
HTAR: a   instcat_y04_191109/job_log_00945586.txt
HTAR: a   instcat_y04_191109/job_log_00945587.txt
HTAR: a   instcat_y04_191109/job_log_00945588.txt
HTAR: a   instcat_y04_191109/job_log_00945589.txt
HTAR: a   instcat_y04_191109/job_log_00945590.txt
HTAR: a   instcat_y04_191109/job_log_00945591.txt
HTAR: a   instcat_y04_191109/job_log_00945592.txt
HTAR: a   instcat_y04_191109/job_log_00945593.txt
HTAR: a   instcat_y04_191109/job_log_00945594.txt
HTAR: a   instcat_y04_191109/job_log_00945595.txt
HTAR: a   instcat_y04_191109/job_log_00945601.txt
HTAR: a   instcat_y04_191109/job_log_00945613.txt
HTAR: a   instcat_y04_191109/job_log_00945614.txt
HTAR: a   instcat_y04_191109/job_log_00945615.txt
HTAR: a   instcat_y04_191109/job_log_00945616.txt
HTAR: a   instcat_y04_191109/job_log_00945617.txt
HTAR: a   instcat_y04_191109/job_log_00945618.txt
HTAR: a   instcat_y04_191109/job_log_00945619.txt
HTAR: a   instcat_y04_191109/job_log_00945620.txt
HTAR: a   instcat_y04_191109/job_log_00945621.txt
HTAR: a   instcat_y04_191109/job_log_00945622.txt
HTAR: a   instcat_y04_191109/job_log_00945623.txt
HTAR: a   instcat_y04_191109/job_log_00945627.txt
HTAR: a   instcat_y04_191109/job_log_00945630.txt
HTAR: a   instcat_y04_191109/job_log_00945632.txt
HTAR: a   instcat_y04_191109/job_log_00945633.txt
HTAR: a   instcat_y04_191109/job_log_00945635.txt
HTAR: a   instcat_y04_191109/job_log_00945636.txt
HTAR: a   instcat_y04_191109/job_log_00945637.txt
HTAR: a   instcat_y04_191109/job_log_00945638.txt
HTAR: a   instcat_y04_191109/job_log_00945639.txt
HTAR: a   instcat_y04_191109/job_log_00945640.txt
HTAR: a   instcat_y04_191109/job_log_00945641.txt
HTAR: a   instcat_y04_191109/job_log_00945642.txt
HTAR: a   instcat_y04_191109/job_log_00945663.txt
HTAR: a   instcat_y04_191109/job_log_00945665.txt
HTAR: a   instcat_y04_191109/job_log_00945666.txt
HTAR: a   instcat_y04_191109/job_log_00945667.txt
HTAR: a   instcat_y04_191109/job_log_00945668.txt
HTAR: a   instcat_y04_191109/job_log_00945670.txt
HTAR: a   instcat_y04_191109/job_log_00945671.txt
HTAR: a   instcat_y04_191109/job_log_00945672.txt
HTAR: a   instcat_y04_191109/job_log_00945673.txt
HTAR: a   /tmp/HTAR_CF_CHK_28383_1576019159
HTAR Create complete for /home/projects/desc/DC2_ImSim/Run2.2i/instCat/y04_191109/00944239to00945673.tar. 534,994,718,208 bytes written for 240 member files, max threads: 50 Transfer time: 3950.428 seconds (135.427 MB/s) wallclock/user/sys: 3952.404 4680.725 1903.843 seconds
HTAR: HTAR SUCCESSFUL
