HTAR: a   instcat_y04_191109/00741720.tar.gz
HTAR: a   instcat_y04_191109/00741721.tar.gz
HTAR: a   instcat_y04_191109/00741722.tar.gz
HTAR: a   instcat_y04_191109/00741723.tar.gz
HTAR: a   instcat_y04_191109/00741724.tar.gz
HTAR: a   instcat_y04_191109/00741725.tar.gz
HTAR: a   instcat_y04_191109/00741726.tar.gz
HTAR: a   instcat_y04_191109/00741727.tar.gz
HTAR: a   instcat_y04_191109/00741728.tar.gz
HTAR: a   instcat_y04_191109/00741729.tar.gz
HTAR: a   instcat_y04_191109/00741730.tar.gz
HTAR: a   instcat_y04_191109/00741731.tar.gz
HTAR: a   instcat_y04_191109/00741732.tar.gz
HTAR: a   instcat_y04_191109/00741733.tar.gz
HTAR: a   instcat_y04_191109/00741734.tar.gz
HTAR: a   instcat_y04_191109/00741735.tar.gz
HTAR: a   instcat_y04_191109/00741736.tar.gz
HTAR: a   instcat_y04_191109/00741737.tar.gz
HTAR: a   instcat_y04_191109/00741738.tar.gz
HTAR: a   instcat_y04_191109/00741739.tar.gz
HTAR: a   instcat_y04_191109/00742408.tar.gz
HTAR: a   instcat_y04_191109/00742409.tar.gz
HTAR: a   instcat_y04_191109/00742410.tar.gz
HTAR: a   instcat_y04_191109/00742411.tar.gz
HTAR: a   instcat_y04_191109/00742412.tar.gz
HTAR: a   instcat_y04_191109/00742413.tar.gz
HTAR: a   instcat_y04_191109/00742414.tar.gz
HTAR: a   instcat_y04_191109/00742415.tar.gz
HTAR: a   instcat_y04_191109/00742416.tar.gz
HTAR: a   instcat_y04_191109/00742417.tar.gz
HTAR: a   instcat_y04_191109/00742418.tar.gz
HTAR: a   instcat_y04_191109/00742419.tar.gz
HTAR: a   instcat_y04_191109/00742420.tar.gz
HTAR: a   instcat_y04_191109/00742421.tar.gz
HTAR: a   instcat_y04_191109/00742422.tar.gz
HTAR: a   instcat_y04_191109/00742423.tar.gz
HTAR: a   instcat_y04_191109/00742424.tar.gz
HTAR: a   instcat_y04_191109/00742425.tar.gz
HTAR: a   instcat_y04_191109/00742426.tar.gz
HTAR: a   instcat_y04_191109/00742427.tar.gz
HTAR: a   instcat_y04_191109/00742428.tar.gz
HTAR: a   instcat_y04_191109/00742430.tar.gz
HTAR: a   instcat_y04_191109/00743054.tar.gz
HTAR: a   instcat_y04_191109/00743114.tar.gz
HTAR: a   instcat_y04_191109/00743120.tar.gz
HTAR: a   instcat_y04_191109/00743160.tar.gz
HTAR: a   instcat_y04_191109/00743769.tar.gz
HTAR: a   instcat_y04_191109/00743771.tar.gz
HTAR: a   instcat_y04_191109/00743785.tar.gz
HTAR: a   instcat_y04_191109/00743798.tar.gz
HTAR: a   instcat_y04_191109/00743799.tar.gz
HTAR: a   instcat_y04_191109/00743800.tar.gz
HTAR: a   instcat_y04_191109/00743801.tar.gz
HTAR: a   instcat_y04_191109/00743802.tar.gz
HTAR: a   instcat_y04_191109/00743803.tar.gz
HTAR: a   instcat_y04_191109/00743847.tar.gz
HTAR: a   instcat_y04_191109/00743848.tar.gz
HTAR: a   instcat_y04_191109/00743894.tar.gz
HTAR: a   instcat_y04_191109/00743895.tar.gz
HTAR: a   instcat_y04_191109/00744465.tar.gz
HTAR: a   instcat_y04_191109/00744468.tar.gz
HTAR: a   instcat_y04_191109/00744503.tar.gz
HTAR: a   instcat_y04_191109/00744504.tar.gz
HTAR: a   instcat_y04_191109/00744505.tar.gz
HTAR: a   instcat_y04_191109/00744506.tar.gz
HTAR: a   instcat_y04_191109/00744507.tar.gz
HTAR: a   instcat_y04_191109/00744508.tar.gz
HTAR: a   instcat_y04_191109/00744728.tar.gz
HTAR: a   instcat_y04_191109/00745880.tar.gz
HTAR: a   instcat_y04_191109/00745911.tar.gz
HTAR: a   instcat_y04_191109/00745914.tar.gz
HTAR: a   instcat_y04_191109/00746669.tar.gz
HTAR: a   instcat_y04_191109/00746670.tar.gz
HTAR: a   instcat_y04_191109/00746671.tar.gz
HTAR: a   instcat_y04_191109/00746672.tar.gz
HTAR: a   instcat_y04_191109/00746673.tar.gz
HTAR: a   instcat_y04_191109/00746674.tar.gz
HTAR: a   instcat_y04_191109/00746706.tar.gz
HTAR: a   instcat_y04_191109/00746707.tar.gz
HTAR: a   instcat_y04_191109/00746708.tar.gz
HTAR: a   instcat_y04_191109/00746709.tar.gz
HTAR: a   instcat_y04_191109/00746710.tar.gz
HTAR: a   instcat_y04_191109/00746711.tar.gz
HTAR: a   instcat_y04_191109/00746712.tar.gz
HTAR: a   instcat_y04_191109/00746713.tar.gz
HTAR: a   instcat_y04_191109/00746714.tar.gz
HTAR: a   instcat_y04_191109/00746763.tar.gz
HTAR: a   instcat_y04_191109/00746764.tar.gz
HTAR: a   instcat_y04_191109/00746765.tar.gz
HTAR: a   instcat_y04_191109/00747313.tar.gz
HTAR: a   instcat_y04_191109/00747315.tar.gz
HTAR: a   instcat_y04_191109/00747420.tar.gz
HTAR: a   instcat_y04_191109/00747471.tar.gz
HTAR: a   instcat_y04_191109/00747473.tar.gz
HTAR: a   instcat_y04_191109/00747474.tar.gz
HTAR: a   instcat_y04_191109/00747475.tar.gz
HTAR: a   instcat_y04_191109/00747524.tar.gz
HTAR: a   instcat_y04_191109/00747525.tar.gz
HTAR: a   instcat_y04_191109/00747526.tar.gz
HTAR: a   instcat_y04_191109/00747617.tar.gz
HTAR: a   instcat_y04_191109/00747618.tar.gz
HTAR: a   instcat_y04_191109/00747619.tar.gz
HTAR: a   instcat_y04_191109/00747620.tar.gz
HTAR: a   instcat_y04_191109/00747655.tar.gz
HTAR: a   instcat_y04_191109/00747656.tar.gz
HTAR: a   instcat_y04_191109/00747660.tar.gz
HTAR: a   instcat_y04_191109/00747661.tar.gz
HTAR: a   instcat_y04_191109/00748062.tar.gz
HTAR: a   instcat_y04_191109/00748072.tar.gz
HTAR: a   instcat_y04_191109/00748110.tar.gz
HTAR: a   instcat_y04_191109/00748825.tar.gz
HTAR: a   instcat_y04_191109/00748857.tar.gz
HTAR: a   instcat_y04_191109/00748858.tar.gz
HTAR: a   instcat_y04_191109/00748863.tar.gz
HTAR: a   instcat_y04_191109/00748864.tar.gz
HTAR: a   instcat_y04_191109/00748865.tar.gz
HTAR: a   instcat_y04_191109/00748866.tar.gz
HTAR: a   instcat_y04_191109/00748867.tar.gz
HTAR: a   instcat_y04_191109/00748869.tar.gz
HTAR: a   instcat_y04_191109/00748889.tar.gz
HTAR: a   instcat_y04_191109/job_log_00741720.txt
HTAR: a   instcat_y04_191109/job_log_00741721.txt
HTAR: a   instcat_y04_191109/job_log_00741722.txt
HTAR: a   instcat_y04_191109/job_log_00741723.txt
HTAR: a   instcat_y04_191109/job_log_00741724.txt
HTAR: a   instcat_y04_191109/job_log_00741725.txt
HTAR: a   instcat_y04_191109/job_log_00741726.txt
HTAR: a   instcat_y04_191109/job_log_00741727.txt
HTAR: a   instcat_y04_191109/job_log_00741728.txt
HTAR: a   instcat_y04_191109/job_log_00741729.txt
HTAR: a   instcat_y04_191109/job_log_00741730.txt
HTAR: a   instcat_y04_191109/job_log_00741731.txt
HTAR: a   instcat_y04_191109/job_log_00741732.txt
HTAR: a   instcat_y04_191109/job_log_00741733.txt
HTAR: a   instcat_y04_191109/job_log_00741734.txt
HTAR: a   instcat_y04_191109/job_log_00741735.txt
HTAR: a   instcat_y04_191109/job_log_00741736.txt
HTAR: a   instcat_y04_191109/job_log_00741737.txt
HTAR: a   instcat_y04_191109/job_log_00741738.txt
HTAR: a   instcat_y04_191109/job_log_00741739.txt
HTAR: a   instcat_y04_191109/job_log_00742408.txt
HTAR: a   instcat_y04_191109/job_log_00742409.txt
HTAR: a   instcat_y04_191109/job_log_00742410.txt
HTAR: a   instcat_y04_191109/job_log_00742411.txt
HTAR: a   instcat_y04_191109/job_log_00742412.txt
HTAR: a   instcat_y04_191109/job_log_00742413.txt
HTAR: a   instcat_y04_191109/job_log_00742414.txt
HTAR: a   instcat_y04_191109/job_log_00742415.txt
HTAR: a   instcat_y04_191109/job_log_00742416.txt
HTAR: a   instcat_y04_191109/job_log_00742417.txt
HTAR: a   instcat_y04_191109/job_log_00742418.txt
HTAR: a   instcat_y04_191109/job_log_00742419.txt
HTAR: a   instcat_y04_191109/job_log_00742420.txt
HTAR: a   instcat_y04_191109/job_log_00742421.txt
HTAR: a   instcat_y04_191109/job_log_00742422.txt
HTAR: a   instcat_y04_191109/job_log_00742423.txt
HTAR: a   instcat_y04_191109/job_log_00742424.txt
HTAR: a   instcat_y04_191109/job_log_00742425.txt
HTAR: a   instcat_y04_191109/job_log_00742426.txt
HTAR: a   instcat_y04_191109/job_log_00742427.txt
HTAR: a   instcat_y04_191109/job_log_00742428.txt
HTAR: a   instcat_y04_191109/job_log_00742430.txt
HTAR: a   instcat_y04_191109/job_log_00743054.txt
HTAR: a   instcat_y04_191109/job_log_00743114.txt
HTAR: a   instcat_y04_191109/job_log_00743120.txt
HTAR: a   instcat_y04_191109/job_log_00743160.txt
HTAR: a   instcat_y04_191109/job_log_00743769.txt
HTAR: a   instcat_y04_191109/job_log_00743771.txt
HTAR: a   instcat_y04_191109/job_log_00743785.txt
HTAR: a   instcat_y04_191109/job_log_00743798.txt
HTAR: a   instcat_y04_191109/job_log_00743799.txt
HTAR: a   instcat_y04_191109/job_log_00743800.txt
HTAR: a   instcat_y04_191109/job_log_00743801.txt
HTAR: a   instcat_y04_191109/job_log_00743802.txt
HTAR: a   instcat_y04_191109/job_log_00743803.txt
HTAR: a   instcat_y04_191109/job_log_00743847.txt
HTAR: a   instcat_y04_191109/job_log_00743848.txt
HTAR: a   instcat_y04_191109/job_log_00743894.txt
HTAR: a   instcat_y04_191109/job_log_00743895.txt
HTAR: a   instcat_y04_191109/job_log_00744465.txt
HTAR: a   instcat_y04_191109/job_log_00744468.txt
HTAR: a   instcat_y04_191109/job_log_00744503.txt
HTAR: a   instcat_y04_191109/job_log_00744504.txt
HTAR: a   instcat_y04_191109/job_log_00744505.txt
HTAR: a   instcat_y04_191109/job_log_00744506.txt
HTAR: a   instcat_y04_191109/job_log_00744507.txt
HTAR: a   instcat_y04_191109/job_log_00744508.txt
HTAR: a   instcat_y04_191109/job_log_00744728.txt
HTAR: a   instcat_y04_191109/job_log_00745880.txt
HTAR: a   instcat_y04_191109/job_log_00745911.txt
HTAR: a   instcat_y04_191109/job_log_00745914.txt
HTAR: a   instcat_y04_191109/job_log_00746669.txt
HTAR: a   instcat_y04_191109/job_log_00746670.txt
HTAR: a   instcat_y04_191109/job_log_00746671.txt
HTAR: a   instcat_y04_191109/job_log_00746672.txt
HTAR: a   instcat_y04_191109/job_log_00746673.txt
HTAR: a   instcat_y04_191109/job_log_00746674.txt
HTAR: a   instcat_y04_191109/job_log_00746706.txt
HTAR: a   instcat_y04_191109/job_log_00746707.txt
HTAR: a   instcat_y04_191109/job_log_00746708.txt
HTAR: a   instcat_y04_191109/job_log_00746709.txt
HTAR: a   instcat_y04_191109/job_log_00746710.txt
HTAR: a   instcat_y04_191109/job_log_00746711.txt
HTAR: a   instcat_y04_191109/job_log_00746712.txt
HTAR: a   instcat_y04_191109/job_log_00746713.txt
HTAR: a   instcat_y04_191109/job_log_00746714.txt
HTAR: a   instcat_y04_191109/job_log_00746763.txt
HTAR: a   instcat_y04_191109/job_log_00746764.txt
HTAR: a   instcat_y04_191109/job_log_00746765.txt
HTAR: a   instcat_y04_191109/job_log_00747313.txt
HTAR: a   instcat_y04_191109/job_log_00747315.txt
HTAR: a   instcat_y04_191109/job_log_00747420.txt
HTAR: a   instcat_y04_191109/job_log_00747471.txt
HTAR: a   instcat_y04_191109/job_log_00747473.txt
HTAR: a   instcat_y04_191109/job_log_00747474.txt
HTAR: a   instcat_y04_191109/job_log_00747475.txt
HTAR: a   instcat_y04_191109/job_log_00747524.txt
HTAR: a   instcat_y04_191109/job_log_00747525.txt
HTAR: a   instcat_y04_191109/job_log_00747526.txt
HTAR: a   instcat_y04_191109/job_log_00747617.txt
HTAR: a   instcat_y04_191109/job_log_00747618.txt
HTAR: a   instcat_y04_191109/job_log_00747619.txt
HTAR: a   instcat_y04_191109/job_log_00747620.txt
HTAR: a   instcat_y04_191109/job_log_00747655.txt
HTAR: a   instcat_y04_191109/job_log_00747656.txt
HTAR: a   instcat_y04_191109/job_log_00747660.txt
HTAR: a   instcat_y04_191109/job_log_00747661.txt
HTAR: a   instcat_y04_191109/job_log_00748062.txt
HTAR: a   instcat_y04_191109/job_log_00748072.txt
HTAR: a   instcat_y04_191109/job_log_00748110.txt
HTAR: a   instcat_y04_191109/job_log_00748825.txt
HTAR: a   instcat_y04_191109/job_log_00748857.txt
HTAR: a   instcat_y04_191109/job_log_00748858.txt
HTAR: a   instcat_y04_191109/job_log_00748863.txt
HTAR: a   instcat_y04_191109/job_log_00748864.txt
HTAR: a   instcat_y04_191109/job_log_00748865.txt
HTAR: a   instcat_y04_191109/job_log_00748866.txt
HTAR: a   instcat_y04_191109/job_log_00748867.txt
HTAR: a   instcat_y04_191109/job_log_00748869.txt
HTAR: a   instcat_y04_191109/job_log_00748889.txt
HTAR: a   /tmp/HTAR_CF_CHK_7580_1575999220
HTAR Create complete for /home/projects/desc/DC2_ImSim/Run2.2i/instCat/y04_191109/00741720to00748889.tar. 543,864,365,056 bytes written for 240 member files, max threads: 50 Transfer time: 4747.585 seconds (114.556 MB/s) wallclock/user/sys: 4747.999 5584.845 2150.098 seconds
HTAR: HTAR SUCCESSFUL
HTAR: a   instcat_y04_191109/00748890.tar.gz
HTAR: a   instcat_y04_191109/00748891.tar.gz
HTAR: a   instcat_y04_191109/00748893.tar.gz
HTAR: a   instcat_y04_191109/00748896.tar.gz
HTAR: a   instcat_y04_191109/00748908.tar.gz
HTAR: a   instcat_y04_191109/00748928.tar.gz
HTAR: a   instcat_y04_191109/00748975.tar.gz
HTAR: a   instcat_y04_191109/00748976.tar.gz
HTAR: a   instcat_y04_191109/00748977.tar.gz
HTAR: a   instcat_y04_191109/00749016.tar.gz
HTAR: a   instcat_y04_191109/00749017.tar.gz
HTAR: a   instcat_y04_191109/00749018.tar.gz
HTAR: a   instcat_y04_191109/00749578.tar.gz
HTAR: a   instcat_y04_191109/00749617.tar.gz
HTAR: a   instcat_y04_191109/00749633.tar.gz
HTAR: a   instcat_y04_191109/00749634.tar.gz
HTAR: a   instcat_y04_191109/00749635.tar.gz
HTAR: a   instcat_y04_191109/00749637.tar.gz
HTAR: a   instcat_y04_191109/00749638.tar.gz
HTAR: a   instcat_y04_191109/00749639.tar.gz
HTAR: a   instcat_y04_191109/00749640.tar.gz
HTAR: a   instcat_y04_191109/00749641.tar.gz
HTAR: a   instcat_y04_191109/00749642.tar.gz
HTAR: a   instcat_y04_191109/00749659.tar.gz
HTAR: a   instcat_y04_191109/00749660.tar.gz
HTAR: a   instcat_y04_191109/00749661.tar.gz
HTAR: a   instcat_y04_191109/00749662.tar.gz
HTAR: a   instcat_y04_191109/00749664.tar.gz
HTAR: a   instcat_y04_191109/00749665.tar.gz
HTAR: a   instcat_y04_191109/00749666.tar.gz
HTAR: a   instcat_y04_191109/00749669.tar.gz
HTAR: a   instcat_y04_191109/00749670.tar.gz
HTAR: a   instcat_y04_191109/00749671.tar.gz
HTAR: a   instcat_y04_191109/00749672.tar.gz
HTAR: a   instcat_y04_191109/00749673.tar.gz
HTAR: a   instcat_y04_191109/00749674.tar.gz
HTAR: a   instcat_y04_191109/00749675.tar.gz
HTAR: a   instcat_y04_191109/00749676.tar.gz
HTAR: a   instcat_y04_191109/00749695.tar.gz
HTAR: a   instcat_y04_191109/00749696.tar.gz
HTAR: a   instcat_y04_191109/00749697.tar.gz
HTAR: a   instcat_y04_191109/00749698.tar.gz
HTAR: a   instcat_y04_191109/00749703.tar.gz
HTAR: a   instcat_y04_191109/00749704.tar.gz
HTAR: a   instcat_y04_191109/00749705.tar.gz
HTAR: a   instcat_y04_191109/00749707.tar.gz
HTAR: a   instcat_y04_191109/00749730.tar.gz
HTAR: a   instcat_y04_191109/00749731.tar.gz
HTAR: a   instcat_y04_191109/00749742.tar.gz
HTAR: a   instcat_y04_191109/00749743.tar.gz
HTAR: a   instcat_y04_191109/00749748.tar.gz
HTAR: a   instcat_y04_191109/00750197.tar.gz
HTAR: a   instcat_y04_191109/00750198.tar.gz
HTAR: a   instcat_y04_191109/00750199.tar.gz
HTAR: a   instcat_y04_191109/00750200.tar.gz
HTAR: a   instcat_y04_191109/00750231.tar.gz
HTAR: a   instcat_y04_191109/00750232.tar.gz
HTAR: a   instcat_y04_191109/00750233.tar.gz
HTAR: a   instcat_y04_191109/00750234.tar.gz
HTAR: a   instcat_y04_191109/00750251.tar.gz
HTAR: a   instcat_y04_191109/00750252.tar.gz
HTAR: a   instcat_y04_191109/00750253.tar.gz
HTAR: a   instcat_y04_191109/00750300.tar.gz
HTAR: a   instcat_y04_191109/00750301.tar.gz
HTAR: a   instcat_y04_191109/00750331.tar.gz
HTAR: a   instcat_y04_191109/00750332.tar.gz
HTAR: a   instcat_y04_191109/00750336.tar.gz
HTAR: a   instcat_y04_191109/00750359.tar.gz
HTAR: a   instcat_y04_191109/00750360.tar.gz
HTAR: a   instcat_y04_191109/00750362.tar.gz
HTAR: a   instcat_y04_191109/00751628.tar.gz
HTAR: a   instcat_y04_191109/00751681.tar.gz
HTAR: a   instcat_y04_191109/00751682.tar.gz
HTAR: a   instcat_y04_191109/00751751.tar.gz
HTAR: a   instcat_y04_191109/00751753.tar.gz
HTAR: a   instcat_y04_191109/00751754.tar.gz
HTAR: a   instcat_y04_191109/00751755.tar.gz
HTAR: a   instcat_y04_191109/00751756.tar.gz
HTAR: a   instcat_y04_191109/00751758.tar.gz
HTAR: a   instcat_y04_191109/00751777.tar.gz
HTAR: a   instcat_y04_191109/00751782.tar.gz
HTAR: a   instcat_y04_191109/00751783.tar.gz
HTAR: a   instcat_y04_191109/00751784.tar.gz
HTAR: a   instcat_y04_191109/00751785.tar.gz
HTAR: a   instcat_y04_191109/00751786.tar.gz
HTAR: a   instcat_y04_191109/00751787.tar.gz
HTAR: a   instcat_y04_191109/00751790.tar.gz
HTAR: a   instcat_y04_191109/00751791.tar.gz
HTAR: a   instcat_y04_191109/00751792.tar.gz
HTAR: a   instcat_y04_191109/00751793.tar.gz
HTAR: a   instcat_y04_191109/00751794.tar.gz
HTAR: a   instcat_y04_191109/00751795.tar.gz
HTAR: a   instcat_y04_191109/00751837.tar.gz
HTAR: a   instcat_y04_191109/00751838.tar.gz
HTAR: a   instcat_y04_191109/00751840.tar.gz
HTAR: a   instcat_y04_191109/00751841.tar.gz
HTAR: a   instcat_y04_191109/00751842.tar.gz
HTAR: a   instcat_y04_191109/00751843.tar.gz
HTAR: a   instcat_y04_191109/00751844.tar.gz
HTAR: a   instcat_y04_191109/00751845.tar.gz
HTAR: a   instcat_y04_191109/00751847.tar.gz
HTAR: a   instcat_y04_191109/00751849.tar.gz
HTAR: a   instcat_y04_191109/00751850.tar.gz
HTAR: a   instcat_y04_191109/00751851.tar.gz
HTAR: a   instcat_y04_191109/00751852.tar.gz
HTAR: a   instcat_y04_191109/00751853.tar.gz
HTAR: a   instcat_y04_191109/00751854.tar.gz
HTAR: a   instcat_y04_191109/00751855.tar.gz
HTAR: a   instcat_y04_191109/00751865.tar.gz
HTAR: a   instcat_y04_191109/00751983.tar.gz
HTAR: a   instcat_y04_191109/00752008.tar.gz
HTAR: a   instcat_y04_191109/00752009.tar.gz
HTAR: a   instcat_y04_191109/00752010.tar.gz
HTAR: a   instcat_y04_191109/00752012.tar.gz
HTAR: a   instcat_y04_191109/00752013.tar.gz
HTAR: a   instcat_y04_191109/00752031.tar.gz
HTAR: a   instcat_y04_191109/00752032.tar.gz
HTAR: a   instcat_y04_191109/00752033.tar.gz
HTAR: a   instcat_y04_191109/00752043.tar.gz
HTAR: a   instcat_y04_191109/00752044.tar.gz
HTAR: a   instcat_y04_191109/job_log_00748890.txt
HTAR: a   instcat_y04_191109/job_log_00748891.txt
HTAR: a   instcat_y04_191109/job_log_00748893.txt
HTAR: a   instcat_y04_191109/job_log_00748896.txt
HTAR: a   instcat_y04_191109/job_log_00748908.txt
HTAR: a   instcat_y04_191109/job_log_00748928.txt
HTAR: a   instcat_y04_191109/job_log_00748975.txt
HTAR: a   instcat_y04_191109/job_log_00748976.txt
HTAR: a   instcat_y04_191109/job_log_00748977.txt
HTAR: a   instcat_y04_191109/job_log_00749016.txt
HTAR: a   instcat_y04_191109/job_log_00749017.txt
HTAR: a   instcat_y04_191109/job_log_00749018.txt
HTAR: a   instcat_y04_191109/job_log_00749578.txt
HTAR: a   instcat_y04_191109/job_log_00749617.txt
HTAR: a   instcat_y04_191109/job_log_00749633.txt
HTAR: a   instcat_y04_191109/job_log_00749634.txt
HTAR: a   instcat_y04_191109/job_log_00749635.txt
HTAR: a   instcat_y04_191109/job_log_00749637.txt
HTAR: a   instcat_y04_191109/job_log_00749638.txt
HTAR: a   instcat_y04_191109/job_log_00749639.txt
HTAR: a   instcat_y04_191109/job_log_00749640.txt
HTAR: a   instcat_y04_191109/job_log_00749641.txt
HTAR: a   instcat_y04_191109/job_log_00749642.txt
HTAR: a   instcat_y04_191109/job_log_00749659.txt
HTAR: a   instcat_y04_191109/job_log_00749660.txt
HTAR: a   instcat_y04_191109/job_log_00749661.txt
HTAR: a   instcat_y04_191109/job_log_00749662.txt
HTAR: a   instcat_y04_191109/job_log_00749664.txt
HTAR: a   instcat_y04_191109/job_log_00749665.txt
HTAR: a   instcat_y04_191109/job_log_00749666.txt
HTAR: a   instcat_y04_191109/job_log_00749669.txt
HTAR: a   instcat_y04_191109/job_log_00749670.txt
HTAR: a   instcat_y04_191109/job_log_00749671.txt
HTAR: a   instcat_y04_191109/job_log_00749672.txt
HTAR: a   instcat_y04_191109/job_log_00749673.txt
HTAR: a   instcat_y04_191109/job_log_00749674.txt
HTAR: a   instcat_y04_191109/job_log_00749675.txt
HTAR: a   instcat_y04_191109/job_log_00749676.txt
HTAR: a   instcat_y04_191109/job_log_00749695.txt
HTAR: a   instcat_y04_191109/job_log_00749696.txt
HTAR: a   instcat_y04_191109/job_log_00749697.txt
HTAR: a   instcat_y04_191109/job_log_00749698.txt
HTAR: a   instcat_y04_191109/job_log_00749703.txt
HTAR: a   instcat_y04_191109/job_log_00749704.txt
HTAR: a   instcat_y04_191109/job_log_00749705.txt
HTAR: a   instcat_y04_191109/job_log_00749707.txt
HTAR: a   instcat_y04_191109/job_log_00749730.txt
HTAR: a   instcat_y04_191109/job_log_00749731.txt
HTAR: a   instcat_y04_191109/job_log_00749742.txt
HTAR: a   instcat_y04_191109/job_log_00749743.txt
HTAR: a   instcat_y04_191109/job_log_00749748.txt
HTAR: a   instcat_y04_191109/job_log_00750197.txt
HTAR: a   instcat_y04_191109/job_log_00750198.txt
HTAR: a   instcat_y04_191109/job_log_00750199.txt
HTAR: a   instcat_y04_191109/job_log_00750200.txt
HTAR: a   instcat_y04_191109/job_log_00750231.txt
HTAR: a   instcat_y04_191109/job_log_00750232.txt
HTAR: a   instcat_y04_191109/job_log_00750233.txt
HTAR: a   instcat_y04_191109/job_log_00750234.txt
HTAR: a   instcat_y04_191109/job_log_00750251.txt
HTAR: a   instcat_y04_191109/job_log_00750252.txt
HTAR: a   instcat_y04_191109/job_log_00750253.txt
HTAR: a   instcat_y04_191109/job_log_00750300.txt
HTAR: a   instcat_y04_191109/job_log_00750301.txt
HTAR: a   instcat_y04_191109/job_log_00750331.txt
HTAR: a   instcat_y04_191109/job_log_00750332.txt
HTAR: a   instcat_y04_191109/job_log_00750336.txt
HTAR: a   instcat_y04_191109/job_log_00750359.txt
HTAR: a   instcat_y04_191109/job_log_00750360.txt
HTAR: a   instcat_y04_191109/job_log_00750362.txt
HTAR: a   instcat_y04_191109/job_log_00751628.txt
HTAR: a   instcat_y04_191109/job_log_00751681.txt
HTAR: a   instcat_y04_191109/job_log_00751682.txt
HTAR: a   instcat_y04_191109/job_log_00751751.txt
HTAR: a   instcat_y04_191109/job_log_00751753.txt
HTAR: a   instcat_y04_191109/job_log_00751754.txt
HTAR: a   instcat_y04_191109/job_log_00751755.txt
HTAR: a   instcat_y04_191109/job_log_00751756.txt
HTAR: a   instcat_y04_191109/job_log_00751758.txt
HTAR: a   instcat_y04_191109/job_log_00751777.txt
HTAR: a   instcat_y04_191109/job_log_00751782.txt
HTAR: a   instcat_y04_191109/job_log_00751783.txt
HTAR: a   instcat_y04_191109/job_log_00751784.txt
HTAR: a   instcat_y04_191109/job_log_00751785.txt
HTAR: a   instcat_y04_191109/job_log_00751786.txt
HTAR: a   instcat_y04_191109/job_log_00751787.txt
HTAR: a   instcat_y04_191109/job_log_00751790.txt
HTAR: a   instcat_y04_191109/job_log_00751791.txt
HTAR: a   instcat_y04_191109/job_log_00751792.txt
HTAR: a   instcat_y04_191109/job_log_00751793.txt
HTAR: a   instcat_y04_191109/job_log_00751794.txt
HTAR: a   instcat_y04_191109/job_log_00751795.txt
HTAR: a   instcat_y04_191109/job_log_00751837.txt
HTAR: a   instcat_y04_191109/job_log_00751838.txt
HTAR: a   instcat_y04_191109/job_log_00751840.txt
HTAR: a   instcat_y04_191109/job_log_00751841.txt
HTAR: a   instcat_y04_191109/job_log_00751842.txt
HTAR: a   instcat_y04_191109/job_log_00751843.txt
HTAR: a   instcat_y04_191109/job_log_00751844.txt
HTAR: a   instcat_y04_191109/job_log_00751845.txt
HTAR: a   instcat_y04_191109/job_log_00751847.txt
HTAR: a   instcat_y04_191109/job_log_00751849.txt
HTAR: a   instcat_y04_191109/job_log_00751850.txt
HTAR: a   instcat_y04_191109/job_log_00751851.txt
HTAR: a   instcat_y04_191109/job_log_00751852.txt
HTAR: a   instcat_y04_191109/job_log_00751853.txt
HTAR: a   instcat_y04_191109/job_log_00751854.txt
HTAR: a   instcat_y04_191109/job_log_00751855.txt
HTAR: a   instcat_y04_191109/job_log_00751865.txt
HTAR: a   instcat_y04_191109/job_log_00751983.txt
HTAR: a   instcat_y04_191109/job_log_00752008.txt
HTAR: a   instcat_y04_191109/job_log_00752009.txt
HTAR: a   instcat_y04_191109/job_log_00752010.txt
HTAR: a   instcat_y04_191109/job_log_00752012.txt
HTAR: a   instcat_y04_191109/job_log_00752013.txt
HTAR: a   instcat_y04_191109/job_log_00752031.txt
HTAR: a   instcat_y04_191109/job_log_00752032.txt
HTAR: a   instcat_y04_191109/job_log_00752033.txt
HTAR: a   instcat_y04_191109/job_log_00752043.txt
HTAR: a   instcat_y04_191109/job_log_00752044.txt
HTAR: a   /tmp/HTAR_CF_CHK_51559_1576003971
HTAR Create complete for /home/projects/desc/DC2_ImSim/Run2.2i/instCat/y04_191109/00748890to00752044.tar. 526,549,296,128 bytes written for 240 member files, max threads: 50 Transfer time: 4268.561 seconds (123.355 MB/s) wallclock/user/sys: 4268.761 5298.226 1831.638 seconds
HTAR: HTAR SUCCESSFUL
HTAR: a   instcat_y04_191109/00752045.tar.gz
HTAR: a   instcat_y04_191109/00752046.tar.gz
HTAR: a   instcat_y04_191109/00752146.tar.gz
HTAR: a   instcat_y04_191109/00752153.tar.gz
HTAR: a   instcat_y04_191109/00752157.tar.gz
HTAR: a   instcat_y04_191109/00752158.tar.gz
HTAR: a   instcat_y04_191109/00752159.tar.gz
HTAR: a   instcat_y04_191109/00752160.tar.gz
HTAR: a   instcat_y04_191109/00752161.tar.gz
HTAR: a   instcat_y04_191109/00752162.tar.gz
HTAR: a   instcat_y04_191109/00752163.tar.gz
HTAR: a   instcat_y04_191109/00752164.tar.gz
HTAR: a   instcat_y04_191109/00752165.tar.gz
HTAR: a   instcat_y04_191109/00752166.tar.gz
HTAR: a   instcat_y04_191109/00752167.tar.gz
HTAR: a   instcat_y04_191109/00752182.tar.gz
HTAR: a   instcat_y04_191109/00752183.tar.gz
HTAR: a   instcat_y04_191109/00752185.tar.gz
HTAR: a   instcat_y04_191109/00752186.tar.gz
HTAR: a   instcat_y04_191109/00752187.tar.gz
HTAR: a   instcat_y04_191109/00752188.tar.gz
HTAR: a   instcat_y04_191109/00752189.tar.gz
HTAR: a   instcat_y04_191109/00752190.tar.gz
HTAR: a   instcat_y04_191109/00752191.tar.gz
HTAR: a   instcat_y04_191109/00752206.tar.gz
HTAR: a   instcat_y04_191109/00752207.tar.gz
HTAR: a   instcat_y04_191109/00752208.tar.gz
HTAR: a   instcat_y04_191109/00752209.tar.gz
HTAR: a   instcat_y04_191109/00752210.tar.gz
HTAR: a   instcat_y04_191109/00752218.tar.gz
HTAR: a   instcat_y04_191109/00752219.tar.gz
HTAR: a   instcat_y04_191109/00752221.tar.gz
HTAR: a   instcat_y04_191109/00752222.tar.gz
HTAR: a   instcat_y04_191109/00752718.tar.gz
HTAR: a   instcat_y04_191109/00752722.tar.gz
HTAR: a   instcat_y04_191109/00752723.tar.gz
HTAR: a   instcat_y04_191109/00752782.tar.gz
HTAR: a   instcat_y04_191109/00752783.tar.gz
HTAR: a   instcat_y04_191109/00752784.tar.gz
HTAR: a   instcat_y04_191109/00752785.tar.gz
HTAR: a   instcat_y04_191109/00752786.tar.gz
HTAR: a   instcat_y04_191109/00752787.tar.gz
HTAR: a   instcat_y04_191109/00752788.tar.gz
HTAR: a   instcat_y04_191109/00752789.tar.gz
HTAR: a   instcat_y04_191109/00752790.tar.gz
HTAR: a   instcat_y04_191109/00752791.tar.gz
HTAR: a   instcat_y04_191109/00752792.tar.gz
HTAR: a   instcat_y04_191109/00752793.tar.gz
HTAR: a   instcat_y04_191109/00752796.tar.gz
HTAR: a   instcat_y04_191109/00752958.tar.gz
HTAR: a   instcat_y04_191109/00752959.tar.gz
HTAR: a   instcat_y04_191109/00752960.tar.gz
HTAR: a   instcat_y04_191109/00752961.tar.gz
HTAR: a   instcat_y04_191109/00752975.tar.gz
HTAR: a   instcat_y04_191109/00752976.tar.gz
HTAR: a   instcat_y04_191109/00752977.tar.gz
HTAR: a   instcat_y04_191109/00752978.tar.gz
HTAR: a   instcat_y04_191109/00752979.tar.gz
HTAR: a   instcat_y04_191109/00752980.tar.gz
HTAR: a   instcat_y04_191109/00752982.tar.gz
HTAR: a   instcat_y04_191109/00752983.tar.gz
HTAR: a   instcat_y04_191109/00752984.tar.gz
HTAR: a   instcat_y04_191109/00752985.tar.gz
HTAR: a   instcat_y04_191109/00752986.tar.gz
HTAR: a   instcat_y04_191109/00752998.tar.gz
HTAR: a   instcat_y04_191109/00752999.tar.gz
HTAR: a   instcat_y04_191109/00753001.tar.gz
HTAR: a   instcat_y04_191109/00753002.tar.gz
HTAR: a   instcat_y04_191109/00753003.tar.gz
HTAR: a   instcat_y04_191109/00753005.tar.gz
HTAR: a   instcat_y04_191109/00753006.tar.gz
HTAR: a   instcat_y04_191109/00753007.tar.gz
HTAR: a   instcat_y04_191109/00753008.tar.gz
HTAR: a   instcat_y04_191109/00753020.tar.gz
HTAR: a   instcat_y04_191109/00753021.tar.gz
HTAR: a   instcat_y04_191109/00753022.tar.gz
HTAR: a   instcat_y04_191109/00753023.tar.gz
HTAR: a   instcat_y04_191109/00753024.tar.gz
HTAR: a   instcat_y04_191109/00753025.tar.gz
HTAR: a   instcat_y04_191109/00753026.tar.gz
HTAR: a   instcat_y04_191109/00753028.tar.gz
HTAR: a   instcat_y04_191109/00753029.tar.gz
HTAR: a   instcat_y04_191109/00753438.tar.gz
HTAR: a   instcat_y04_191109/00753572.tar.gz
HTAR: a   instcat_y04_191109/00753573.tar.gz
HTAR: a   instcat_y04_191109/00753574.tar.gz
HTAR: a   instcat_y04_191109/00753575.tar.gz
HTAR: a   instcat_y04_191109/00753576.tar.gz
HTAR: a   instcat_y04_191109/00753577.tar.gz
HTAR: a   instcat_y04_191109/00753578.tar.gz
HTAR: a   instcat_y04_191109/00753579.tar.gz
HTAR: a   instcat_y04_191109/00753580.tar.gz
HTAR: a   instcat_y04_191109/00753581.tar.gz
HTAR: a   instcat_y04_191109/00753582.tar.gz
HTAR: a   instcat_y04_191109/00753583.tar.gz
HTAR: a   instcat_y04_191109/00753584.tar.gz
HTAR: a   instcat_y04_191109/00753585.tar.gz
HTAR: a   instcat_y04_191109/00753586.tar.gz
HTAR: a   instcat_y04_191109/00753587.tar.gz
HTAR: a   instcat_y04_191109/00753588.tar.gz
HTAR: a   instcat_y04_191109/00753589.tar.gz
HTAR: a   instcat_y04_191109/00753601.tar.gz
HTAR: a   instcat_y04_191109/00753602.tar.gz
HTAR: a   instcat_y04_191109/00753603.tar.gz
HTAR: a   instcat_y04_191109/00753604.tar.gz
HTAR: a   instcat_y04_191109/00753605.tar.gz
HTAR: a   instcat_y04_191109/00753606.tar.gz
HTAR: a   instcat_y04_191109/00753607.tar.gz
HTAR: a   instcat_y04_191109/00753608.tar.gz
HTAR: a   instcat_y04_191109/00753610.tar.gz
HTAR: a   instcat_y04_191109/00753611.tar.gz
HTAR: a   instcat_y04_191109/00753612.tar.gz
HTAR: a   instcat_y04_191109/00753613.tar.gz
HTAR: a   instcat_y04_191109/00753621.tar.gz
HTAR: a   instcat_y04_191109/00755142.tar.gz
HTAR: a   instcat_y04_191109/00755151.tar.gz
HTAR: a   instcat_y04_191109/00755153.tar.gz
HTAR: a   instcat_y04_191109/00755154.tar.gz
HTAR: a   instcat_y04_191109/00755155.tar.gz
HTAR: a   instcat_y04_191109/00755159.tar.gz
HTAR: a   instcat_y04_191109/job_log_00752045.txt
HTAR: a   instcat_y04_191109/job_log_00752046.txt
HTAR: a   instcat_y04_191109/job_log_00752146.txt
HTAR: a   instcat_y04_191109/job_log_00752153.txt
HTAR: a   instcat_y04_191109/job_log_00752157.txt
HTAR: a   instcat_y04_191109/job_log_00752158.txt
HTAR: a   instcat_y04_191109/job_log_00752159.txt
HTAR: a   instcat_y04_191109/job_log_00752160.txt
HTAR: a   instcat_y04_191109/job_log_00752161.txt
HTAR: a   instcat_y04_191109/job_log_00752162.txt
HTAR: a   instcat_y04_191109/job_log_00752163.txt
HTAR: a   instcat_y04_191109/job_log_00752164.txt
HTAR: a   instcat_y04_191109/job_log_00752165.txt
HTAR: a   instcat_y04_191109/job_log_00752166.txt
HTAR: a   instcat_y04_191109/job_log_00752167.txt
HTAR: a   instcat_y04_191109/job_log_00752182.txt
HTAR: a   instcat_y04_191109/job_log_00752183.txt
HTAR: a   instcat_y04_191109/job_log_00752185.txt
HTAR: a   instcat_y04_191109/job_log_00752186.txt
HTAR: a   instcat_y04_191109/job_log_00752187.txt
HTAR: a   instcat_y04_191109/job_log_00752188.txt
HTAR: a   instcat_y04_191109/job_log_00752189.txt
HTAR: a   instcat_y04_191109/job_log_00752190.txt
HTAR: a   instcat_y04_191109/job_log_00752191.txt
HTAR: a   instcat_y04_191109/job_log_00752206.txt
HTAR: a   instcat_y04_191109/job_log_00752207.txt
HTAR: a   instcat_y04_191109/job_log_00752208.txt
HTAR: a   instcat_y04_191109/job_log_00752209.txt
HTAR: a   instcat_y04_191109/job_log_00752210.txt
HTAR: a   instcat_y04_191109/job_log_00752218.txt
HTAR: a   instcat_y04_191109/job_log_00752219.txt
HTAR: a   instcat_y04_191109/job_log_00752221.txt
HTAR: a   instcat_y04_191109/job_log_00752222.txt
HTAR: a   instcat_y04_191109/job_log_00752718.txt
HTAR: a   instcat_y04_191109/job_log_00752722.txt
HTAR: a   instcat_y04_191109/job_log_00752723.txt
HTAR: a   instcat_y04_191109/job_log_00752782.txt
HTAR: a   instcat_y04_191109/job_log_00752783.txt
HTAR: a   instcat_y04_191109/job_log_00752784.txt
HTAR: a   instcat_y04_191109/job_log_00752785.txt
HTAR: a   instcat_y04_191109/job_log_00752786.txt
HTAR: a   instcat_y04_191109/job_log_00752787.txt
HTAR: a   instcat_y04_191109/job_log_00752788.txt
HTAR: a   instcat_y04_191109/job_log_00752789.txt
HTAR: a   instcat_y04_191109/job_log_00752790.txt
HTAR: a   instcat_y04_191109/job_log_00752791.txt
HTAR: a   instcat_y04_191109/job_log_00752792.txt
HTAR: a   instcat_y04_191109/job_log_00752793.txt
HTAR: a   instcat_y04_191109/job_log_00752796.txt
HTAR: a   instcat_y04_191109/job_log_00752958.txt
HTAR: a   instcat_y04_191109/job_log_00752959.txt
HTAR: a   instcat_y04_191109/job_log_00752960.txt
HTAR: a   instcat_y04_191109/job_log_00752961.txt
HTAR: a   instcat_y04_191109/job_log_00752975.txt
HTAR: a   instcat_y04_191109/job_log_00752976.txt
HTAR: a   instcat_y04_191109/job_log_00752977.txt
HTAR: a   instcat_y04_191109/job_log_00752978.txt
HTAR: a   instcat_y04_191109/job_log_00752979.txt
HTAR: a   instcat_y04_191109/job_log_00752980.txt
HTAR: a   instcat_y04_191109/job_log_00752982.txt
HTAR: a   instcat_y04_191109/job_log_00752983.txt
HTAR: a   instcat_y04_191109/job_log_00752984.txt
HTAR: a   instcat_y04_191109/job_log_00752985.txt
HTAR: a   instcat_y04_191109/job_log_00752986.txt
HTAR: a   instcat_y04_191109/job_log_00752998.txt
HTAR: a   instcat_y04_191109/job_log_00752999.txt
HTAR: a   instcat_y04_191109/job_log_00753001.txt
HTAR: a   instcat_y04_191109/job_log_00753002.txt
HTAR: a   instcat_y04_191109/job_log_00753003.txt
HTAR: a   instcat_y04_191109/job_log_00753005.txt
HTAR: a   instcat_y04_191109/job_log_00753006.txt
HTAR: a   instcat_y04_191109/job_log_00753007.txt
HTAR: a   instcat_y04_191109/job_log_00753008.txt
HTAR: a   instcat_y04_191109/job_log_00753020.txt
HTAR: a   instcat_y04_191109/job_log_00753021.txt
HTAR: a   instcat_y04_191109/job_log_00753022.txt
HTAR: a   instcat_y04_191109/job_log_00753023.txt
HTAR: a   instcat_y04_191109/job_log_00753024.txt
HTAR: a   instcat_y04_191109/job_log_00753025.txt
HTAR: a   instcat_y04_191109/job_log_00753026.txt
HTAR: a   instcat_y04_191109/job_log_00753028.txt
HTAR: a   instcat_y04_191109/job_log_00753029.txt
HTAR: a   instcat_y04_191109/job_log_00753438.txt
HTAR: a   instcat_y04_191109/job_log_00753572.txt
HTAR: a   instcat_y04_191109/job_log_00753573.txt
HTAR: a   instcat_y04_191109/job_log_00753574.txt
HTAR: a   instcat_y04_191109/job_log_00753575.txt
HTAR: a   instcat_y04_191109/job_log_00753576.txt
HTAR: a   instcat_y04_191109/job_log_00753577.txt
HTAR: a   instcat_y04_191109/job_log_00753578.txt
HTAR: a   instcat_y04_191109/job_log_00753579.txt
HTAR: a   instcat_y04_191109/job_log_00753580.txt
HTAR: a   instcat_y04_191109/job_log_00753581.txt
HTAR: a   instcat_y04_191109/job_log_00753582.txt
HTAR: a   instcat_y04_191109/job_log_00753583.txt
HTAR: a   instcat_y04_191109/job_log_00753584.txt
HTAR: a   instcat_y04_191109/job_log_00753585.txt
HTAR: a   instcat_y04_191109/job_log_00753586.txt
HTAR: a   instcat_y04_191109/job_log_00753587.txt
HTAR: a   instcat_y04_191109/job_log_00753588.txt
HTAR: a   instcat_y04_191109/job_log_00753589.txt
HTAR: a   instcat_y04_191109/job_log_00753601.txt
HTAR: a   instcat_y04_191109/job_log_00753602.txt
HTAR: a   instcat_y04_191109/job_log_00753603.txt
HTAR: a   instcat_y04_191109/job_log_00753604.txt
HTAR: a   instcat_y04_191109/job_log_00753605.txt
HTAR: a   instcat_y04_191109/job_log_00753606.txt
HTAR: a   instcat_y04_191109/job_log_00753607.txt
HTAR: a   instcat_y04_191109/job_log_00753608.txt
HTAR: a   instcat_y04_191109/job_log_00753610.txt
HTAR: a   instcat_y04_191109/job_log_00753611.txt
HTAR: a   instcat_y04_191109/job_log_00753612.txt
HTAR: a   instcat_y04_191109/job_log_00753613.txt
HTAR: a   instcat_y04_191109/job_log_00753621.txt
HTAR: a   instcat_y04_191109/job_log_00755142.txt
HTAR: a   instcat_y04_191109/job_log_00755151.txt
HTAR: a   instcat_y04_191109/job_log_00755153.txt
HTAR: a   instcat_y04_191109/job_log_00755154.txt
HTAR: a   instcat_y04_191109/job_log_00755155.txt
HTAR: a   instcat_y04_191109/job_log_00755159.txt
HTAR: a   /tmp/HTAR_CF_CHK_54939_1576008243
HTAR Create complete for /home/projects/desc/DC2_ImSim/Run2.2i/instCat/y04_191109/00752045to00755159.tar. 522,295,086,080 bytes written for 240 member files, max threads: 50 Transfer time: 4134.503 seconds (126.326 MB/s) wallclock/user/sys: 4134.943 5161.653 1754.901 seconds
HTAR: HTAR SUCCESSFUL
HTAR: a   instcat_y04_191109/00755160.tar.gz
HTAR: a   instcat_y04_191109/00755161.tar.gz
HTAR: a   instcat_y04_191109/00755162.tar.gz
HTAR: a   instcat_y04_191109/00755163.tar.gz
HTAR: a   instcat_y04_191109/00755164.tar.gz
HTAR: a   instcat_y04_191109/00755168.tar.gz
HTAR: a   instcat_y04_191109/00755187.tar.gz
HTAR: a   instcat_y04_191109/00755188.tar.gz
HTAR: a   instcat_y04_191109/00755192.tar.gz
HTAR: a   instcat_y04_191109/00755193.tar.gz
HTAR: a   instcat_y04_191109/00755194.tar.gz
HTAR: a   instcat_y04_191109/00755205.tar.gz
HTAR: a   instcat_y04_191109/00755206.tar.gz
HTAR: a   instcat_y04_191109/00755207.tar.gz
HTAR: a   instcat_y04_191109/00755208.tar.gz
HTAR: a   instcat_y04_191109/00755209.tar.gz
HTAR: a   instcat_y04_191109/00755229.tar.gz
HTAR: a   instcat_y04_191109/00755246.tar.gz
HTAR: a   instcat_y04_191109/00755247.tar.gz
HTAR: a   instcat_y04_191109/00755637.tar.gz
HTAR: a   instcat_y04_191109/00755805.tar.gz
HTAR: a   instcat_y04_191109/00755806.tar.gz
HTAR: a   instcat_y04_191109/00755807.tar.gz
HTAR: a   instcat_y04_191109/00755808.tar.gz
HTAR: a   instcat_y04_191109/00755809.tar.gz
HTAR: a   instcat_y04_191109/00755810.tar.gz
HTAR: a   instcat_y04_191109/00755811.tar.gz
HTAR: a   instcat_y04_191109/00756344.tar.gz
HTAR: a   instcat_y04_191109/00757855.tar.gz
HTAR: a   instcat_y04_191109/00759434.tar.gz
HTAR: a   instcat_y04_191109/00759479.tar.gz
HTAR: a   instcat_y04_191109/00759480.tar.gz
HTAR: a   instcat_y04_191109/00759481.tar.gz
HTAR: a   instcat_y04_191109/00759484.tar.gz
HTAR: a   instcat_y04_191109/00759485.tar.gz
HTAR: a   instcat_y04_191109/00759522.tar.gz
HTAR: a   instcat_y04_191109/00759523.tar.gz
HTAR: a   instcat_y04_191109/00759524.tar.gz
HTAR: a   instcat_y04_191109/00759528.tar.gz
HTAR: a   instcat_y04_191109/00759529.tar.gz
HTAR: a   instcat_y04_191109/00759546.tar.gz
HTAR: a   instcat_y04_191109/00759547.tar.gz
HTAR: a   instcat_y04_191109/00759586.tar.gz
HTAR: a   instcat_y04_191109/00759587.tar.gz
HTAR: a   instcat_y04_191109/00759588.tar.gz
HTAR: a   instcat_y04_191109/00760232.tar.gz
HTAR: a   instcat_y04_191109/00760234.tar.gz
HTAR: a   instcat_y04_191109/00760235.tar.gz
HTAR: a   instcat_y04_191109/00760245.tar.gz
HTAR: a   instcat_y04_191109/00760246.tar.gz
HTAR: a   instcat_y04_191109/00760247.tar.gz
HTAR: a   instcat_y04_191109/00760248.tar.gz
HTAR: a   instcat_y04_191109/00760249.tar.gz
HTAR: a   instcat_y04_191109/00760252.tar.gz
HTAR: a   instcat_y04_191109/00760253.tar.gz
HTAR: a   instcat_y04_191109/00760254.tar.gz
HTAR: a   instcat_y04_191109/00760255.tar.gz
HTAR: a   instcat_y04_191109/00760256.tar.gz
HTAR: a   instcat_y04_191109/00760257.tar.gz
HTAR: a   instcat_y04_191109/00760258.tar.gz
HTAR: a   instcat_y04_191109/00760259.tar.gz
HTAR: a   instcat_y04_191109/00760267.tar.gz
HTAR: a   instcat_y04_191109/00760268.tar.gz
HTAR: a   instcat_y04_191109/00760270.tar.gz
HTAR: a   instcat_y04_191109/00760281.tar.gz
HTAR: a   instcat_y04_191109/00760282.tar.gz
HTAR: a   instcat_y04_191109/00760283.tar.gz
HTAR: a   instcat_y04_191109/00760284.tar.gz
HTAR: a   instcat_y04_191109/00760285.tar.gz
HTAR: a   instcat_y04_191109/00760289.tar.gz
HTAR: a   instcat_y04_191109/00760290.tar.gz
HTAR: a   instcat_y04_191109/00760291.tar.gz
HTAR: a   instcat_y04_191109/00760292.tar.gz
HTAR: a   instcat_y04_191109/00760293.tar.gz
HTAR: a   instcat_y04_191109/00760294.tar.gz
HTAR: a   instcat_y04_191109/00760295.tar.gz
HTAR: a   instcat_y04_191109/00760296.tar.gz
HTAR: a   instcat_y04_191109/00761755.tar.gz
HTAR: a   instcat_y04_191109/00761787.tar.gz
HTAR: a   instcat_y04_191109/00761789.tar.gz
HTAR: a   instcat_y04_191109/00761796.tar.gz
HTAR: a   instcat_y04_191109/00761797.tar.gz
HTAR: a   instcat_y04_191109/00761813.tar.gz
HTAR: a   instcat_y04_191109/00761814.tar.gz
HTAR: a   instcat_y04_191109/00761816.tar.gz
HTAR: a   instcat_y04_191109/00761842.tar.gz
HTAR: a   instcat_y04_191109/00761845.tar.gz
HTAR: a   instcat_y04_191109/00761846.tar.gz
HTAR: a   instcat_y04_191109/00761848.tar.gz
HTAR: a   instcat_y04_191109/00764507.tar.gz
HTAR: a   instcat_y04_191109/00764518.tar.gz
HTAR: a   instcat_y04_191109/00765259.tar.gz
HTAR: a   instcat_y04_191109/00765272.tar.gz
HTAR: a   instcat_y04_191109/00765436.tar.gz
HTAR: a   instcat_y04_191109/00765437.tar.gz
HTAR: a   instcat_y04_191109/00765438.tar.gz
HTAR: a   instcat_y04_191109/00765439.tar.gz
HTAR: a   instcat_y04_191109/00765440.tar.gz
HTAR: a   instcat_y04_191109/00765441.tar.gz
HTAR: a   instcat_y04_191109/00765489.tar.gz
HTAR: a   instcat_y04_191109/00765490.tar.gz
HTAR: a   instcat_y04_191109/00765491.tar.gz
HTAR: a   instcat_y04_191109/00765492.tar.gz
HTAR: a   instcat_y04_191109/00765493.tar.gz
HTAR: a   instcat_y04_191109/00765494.tar.gz
HTAR: a   instcat_y04_191109/00766968.tar.gz
HTAR: a   instcat_y04_191109/00766969.tar.gz
HTAR: a   instcat_y04_191109/00766970.tar.gz
HTAR: a   instcat_y04_191109/00766971.tar.gz
HTAR: a   instcat_y04_191109/00766972.tar.gz
HTAR: a   instcat_y04_191109/00766973.tar.gz
HTAR: a   instcat_y04_191109/00766974.tar.gz
HTAR: a   instcat_y04_191109/00766975.tar.gz
HTAR: a   instcat_y04_191109/00767009.tar.gz
HTAR: a   instcat_y04_191109/00767010.tar.gz
HTAR: a   instcat_y04_191109/00767011.tar.gz
HTAR: a   instcat_y04_191109/00767012.tar.gz
HTAR: a   instcat_y04_191109/00767013.tar.gz
HTAR: a   instcat_y04_191109/00767014.tar.gz
HTAR: a   instcat_y04_191109/00767015.tar.gz
HTAR: a   instcat_y04_191109/job_log_00755160.txt
HTAR: a   instcat_y04_191109/job_log_00755161.txt
HTAR: a   instcat_y04_191109/job_log_00755162.txt
HTAR: a   instcat_y04_191109/job_log_00755163.txt
HTAR: a   instcat_y04_191109/job_log_00755164.txt
HTAR: a   instcat_y04_191109/job_log_00755168.txt
HTAR: a   instcat_y04_191109/job_log_00755187.txt
HTAR: a   instcat_y04_191109/job_log_00755188.txt
HTAR: a   instcat_y04_191109/job_log_00755192.txt
HTAR: a   instcat_y04_191109/job_log_00755193.txt
HTAR: a   instcat_y04_191109/job_log_00755194.txt
HTAR: a   instcat_y04_191109/job_log_00755205.txt
HTAR: a   instcat_y04_191109/job_log_00755206.txt
HTAR: a   instcat_y04_191109/job_log_00755207.txt
HTAR: a   instcat_y04_191109/job_log_00755208.txt
HTAR: a   instcat_y04_191109/job_log_00755209.txt
HTAR: a   instcat_y04_191109/job_log_00755229.txt
HTAR: a   instcat_y04_191109/job_log_00755246.txt
HTAR: a   instcat_y04_191109/job_log_00755247.txt
HTAR: a   instcat_y04_191109/job_log_00755637.txt
HTAR: a   instcat_y04_191109/job_log_00755805.txt
HTAR: a   instcat_y04_191109/job_log_00755806.txt
HTAR: a   instcat_y04_191109/job_log_00755807.txt
HTAR: a   instcat_y04_191109/job_log_00755808.txt
HTAR: a   instcat_y04_191109/job_log_00755809.txt
HTAR: a   instcat_y04_191109/job_log_00755810.txt
HTAR: a   instcat_y04_191109/job_log_00755811.txt
HTAR: a   instcat_y04_191109/job_log_00756344.txt
HTAR: a   instcat_y04_191109/job_log_00757855.txt
HTAR: a   instcat_y04_191109/job_log_00759434.txt
HTAR: a   instcat_y04_191109/job_log_00759479.txt
HTAR: a   instcat_y04_191109/job_log_00759480.txt
HTAR: a   instcat_y04_191109/job_log_00759481.txt
HTAR: a   instcat_y04_191109/job_log_00759484.txt
HTAR: a   instcat_y04_191109/job_log_00759485.txt
HTAR: a   instcat_y04_191109/job_log_00759522.txt
HTAR: a   instcat_y04_191109/job_log_00759523.txt
HTAR: a   instcat_y04_191109/job_log_00759524.txt
HTAR: a   instcat_y04_191109/job_log_00759528.txt
HTAR: a   instcat_y04_191109/job_log_00759529.txt
HTAR: a   instcat_y04_191109/job_log_00759546.txt
HTAR: a   instcat_y04_191109/job_log_00759547.txt
HTAR: a   instcat_y04_191109/job_log_00759586.txt
HTAR: a   instcat_y04_191109/job_log_00759587.txt
HTAR: a   instcat_y04_191109/job_log_00759588.txt
HTAR: a   instcat_y04_191109/job_log_00760232.txt
HTAR: a   instcat_y04_191109/job_log_00760234.txt
HTAR: a   instcat_y04_191109/job_log_00760235.txt
HTAR: a   instcat_y04_191109/job_log_00760245.txt
HTAR: a   instcat_y04_191109/job_log_00760246.txt
HTAR: a   instcat_y04_191109/job_log_00760247.txt
HTAR: a   instcat_y04_191109/job_log_00760248.txt
HTAR: a   instcat_y04_191109/job_log_00760249.txt
HTAR: a   instcat_y04_191109/job_log_00760252.txt
HTAR: a   instcat_y04_191109/job_log_00760253.txt
HTAR: a   instcat_y04_191109/job_log_00760254.txt
HTAR: a   instcat_y04_191109/job_log_00760255.txt
HTAR: a   instcat_y04_191109/job_log_00760256.txt
HTAR: a   instcat_y04_191109/job_log_00760257.txt
HTAR: a   instcat_y04_191109/job_log_00760258.txt
HTAR: a   instcat_y04_191109/job_log_00760259.txt
HTAR: a   instcat_y04_191109/job_log_00760267.txt
HTAR: a   instcat_y04_191109/job_log_00760268.txt
HTAR: a   instcat_y04_191109/job_log_00760270.txt
HTAR: a   instcat_y04_191109/job_log_00760281.txt
HTAR: a   instcat_y04_191109/job_log_00760282.txt
HTAR: a   instcat_y04_191109/job_log_00760283.txt
HTAR: a   instcat_y04_191109/job_log_00760284.txt
HTAR: a   instcat_y04_191109/job_log_00760285.txt
HTAR: a   instcat_y04_191109/job_log_00760289.txt
HTAR: a   instcat_y04_191109/job_log_00760290.txt
HTAR: a   instcat_y04_191109/job_log_00760291.txt
HTAR: a   instcat_y04_191109/job_log_00760292.txt
HTAR: a   instcat_y04_191109/job_log_00760293.txt
HTAR: a   instcat_y04_191109/job_log_00760294.txt
HTAR: a   instcat_y04_191109/job_log_00760295.txt
HTAR: a   instcat_y04_191109/job_log_00760296.txt
HTAR: a   instcat_y04_191109/job_log_00761755.txt
HTAR: a   instcat_y04_191109/job_log_00761787.txt
HTAR: a   instcat_y04_191109/job_log_00761789.txt
HTAR: a   instcat_y04_191109/job_log_00761796.txt
HTAR: a   instcat_y04_191109/job_log_00761797.txt
HTAR: a   instcat_y04_191109/job_log_00761813.txt
HTAR: a   instcat_y04_191109/job_log_00761814.txt
HTAR: a   instcat_y04_191109/job_log_00761816.txt
HTAR: a   instcat_y04_191109/job_log_00761842.txt
HTAR: a   instcat_y04_191109/job_log_00761845.txt
HTAR: a   instcat_y04_191109/job_log_00761846.txt
HTAR: a   instcat_y04_191109/job_log_00761848.txt
HTAR: a   instcat_y04_191109/job_log_00764507.txt
HTAR: a   instcat_y04_191109/job_log_00764518.txt
HTAR: a   instcat_y04_191109/job_log_00765259.txt
HTAR: a   instcat_y04_191109/job_log_00765272.txt
HTAR: a   instcat_y04_191109/job_log_00765436.txt
HTAR: a   instcat_y04_191109/job_log_00765437.txt
HTAR: a   instcat_y04_191109/job_log_00765438.txt
HTAR: a   instcat_y04_191109/job_log_00765439.txt
HTAR: a   instcat_y04_191109/job_log_00765440.txt
HTAR: a   instcat_y04_191109/job_log_00765441.txt
HTAR: a   instcat_y04_191109/job_log_00765489.txt
HTAR: a   instcat_y04_191109/job_log_00765490.txt
HTAR: a   instcat_y04_191109/job_log_00765491.txt
HTAR: a   instcat_y04_191109/job_log_00765492.txt
HTAR: a   instcat_y04_191109/job_log_00765493.txt
HTAR: a   instcat_y04_191109/job_log_00765494.txt
HTAR: a   instcat_y04_191109/job_log_00766968.txt
HTAR: a   instcat_y04_191109/job_log_00766969.txt
HTAR: a   instcat_y04_191109/job_log_00766970.txt
HTAR: a   instcat_y04_191109/job_log_00766971.txt
HTAR: a   instcat_y04_191109/job_log_00766972.txt
HTAR: a   instcat_y04_191109/job_log_00766973.txt
HTAR: a   instcat_y04_191109/job_log_00766974.txt
HTAR: a   instcat_y04_191109/job_log_00766975.txt
HTAR: a   instcat_y04_191109/job_log_00767009.txt
HTAR: a   instcat_y04_191109/job_log_00767010.txt
HTAR: a   instcat_y04_191109/job_log_00767011.txt
HTAR: a   instcat_y04_191109/job_log_00767012.txt
HTAR: a   instcat_y04_191109/job_log_00767013.txt
HTAR: a   instcat_y04_191109/job_log_00767014.txt
HTAR: a   instcat_y04_191109/job_log_00767015.txt
HTAR: a   /tmp/HTAR_CF_CHK_22615_1576012382
HTAR Create complete for /home/projects/desc/DC2_ImSim/Run2.2i/instCat/y04_191109/00755160to00767015.tar. 505,713,337,856 bytes written for 240 member files, max threads: 50 Transfer time: 3458.926 seconds (146.205 MB/s) wallclock/user/sys: 3460.837 4510.835 1451.051 seconds
HTAR: HTAR SUCCESSFUL
HTAR: a   instcat_y04_191109/00767016.tar.gz
HTAR: a   instcat_y04_191109/00767017.tar.gz
HTAR: a   instcat_y04_191109/00767768.tar.gz
HTAR: a   instcat_y04_191109/00767769.tar.gz
HTAR: a   instcat_y04_191109/00767770.tar.gz
HTAR: a   instcat_y04_191109/00767822.tar.gz
HTAR: a   instcat_y04_191109/00767823.tar.gz
HTAR: a   instcat_y04_191109/00767824.tar.gz
HTAR: a   instcat_y04_191109/00767874.tar.gz
HTAR: a   instcat_y04_191109/00768401.tar.gz
HTAR: a   instcat_y04_191109/00768436.tar.gz
HTAR: a   instcat_y04_191109/00768437.tar.gz
HTAR: a   instcat_y04_191109/00768439.tar.gz
HTAR: a   instcat_y04_191109/00768440.tar.gz
HTAR: a   instcat_y04_191109/00768495.tar.gz
HTAR: a   instcat_y04_191109/00768496.tar.gz
HTAR: a   instcat_y04_191109/00769161.tar.gz
HTAR: a   instcat_y04_191109/00769162.tar.gz
HTAR: a   instcat_y04_191109/00769164.tar.gz
HTAR: a   instcat_y04_191109/00769165.tar.gz
HTAR: a   instcat_y04_191109/00769207.tar.gz
HTAR: a   instcat_y04_191109/00769209.tar.gz
HTAR: a   instcat_y04_191109/00769210.tar.gz
HTAR: a   instcat_y04_191109/00769211.tar.gz
HTAR: a   instcat_y04_191109/00769212.tar.gz
HTAR: a   instcat_y04_191109/00769213.tar.gz
HTAR: a   instcat_y04_191109/00769214.tar.gz
HTAR: a   instcat_y04_191109/00769215.tar.gz
HTAR: a   instcat_y04_191109/00769216.tar.gz
HTAR: a   instcat_y04_191109/00769217.tar.gz
HTAR: a   instcat_y04_191109/00769218.tar.gz
HTAR: a   instcat_y04_191109/00769332.tar.gz
HTAR: a   instcat_y04_191109/00769333.tar.gz
HTAR: a   instcat_y04_191109/00769343.tar.gz
HTAR: a   instcat_y04_191109/00769345.tar.gz
HTAR: a   instcat_y04_191109/00769346.tar.gz
HTAR: a   instcat_y04_191109/00769347.tar.gz
HTAR: a   instcat_y04_191109/00769348.tar.gz
HTAR: a   instcat_y04_191109/00769363.tar.gz
HTAR: a   instcat_y04_191109/00769370.tar.gz
HTAR: a   instcat_y04_191109/00769372.tar.gz
HTAR: a   instcat_y04_191109/00769373.tar.gz
HTAR: a   instcat_y04_191109/00769374.tar.gz
HTAR: a   instcat_y04_191109/00769375.tar.gz
HTAR: a   instcat_y04_191109/00769376.tar.gz
HTAR: a   instcat_y04_191109/00769377.tar.gz
HTAR: a   instcat_y04_191109/00769378.tar.gz
HTAR: a   instcat_y04_191109/00769379.tar.gz
HTAR: a   instcat_y04_191109/00769382.tar.gz
HTAR: a   instcat_y04_191109/00769383.tar.gz
HTAR: a   instcat_y04_191109/00769384.tar.gz
HTAR: a   instcat_y04_191109/00769409.tar.gz
HTAR: a   instcat_y04_191109/00769410.tar.gz
HTAR: a   instcat_y04_191109/00769411.tar.gz
HTAR: a   instcat_y04_191109/00769412.tar.gz
HTAR: a   instcat_y04_191109/00769416.tar.gz
HTAR: a   instcat_y04_191109/00769431.tar.gz
HTAR: a   instcat_y04_191109/00769434.tar.gz
HTAR: a   instcat_y04_191109/00769468.tar.gz
HTAR: a   instcat_y04_191109/00769470.tar.gz
HTAR: a   instcat_y04_191109/00769473.tar.gz
HTAR: a   instcat_y04_191109/00769474.tar.gz
HTAR: a   instcat_y04_191109/00769475.tar.gz
HTAR: a   instcat_y04_191109/00769476.tar.gz
HTAR: a   instcat_y04_191109/00769987.tar.gz
HTAR: a   instcat_y04_191109/00769988.tar.gz
HTAR: a   instcat_y04_191109/00770031.tar.gz
HTAR: a   instcat_y04_191109/00770034.tar.gz
HTAR: a   instcat_y04_191109/00770035.tar.gz
HTAR: a   instcat_y04_191109/00770036.tar.gz
HTAR: a   instcat_y04_191109/00770037.tar.gz
HTAR: a   instcat_y04_191109/00770079.tar.gz
HTAR: a   instcat_y04_191109/00770081.tar.gz
HTAR: a   instcat_y04_191109/00770112.tar.gz
HTAR: a   instcat_y04_191109/00771622.tar.gz
HTAR: a   instcat_y04_191109/00771623.tar.gz
HTAR: a   instcat_y04_191109/00771625.tar.gz
HTAR: a   instcat_y04_191109/00771627.tar.gz
HTAR: a   instcat_y04_191109/00771628.tar.gz
HTAR: a   instcat_y04_191109/00771629.tar.gz
HTAR: a   instcat_y04_191109/00771630.tar.gz
HTAR: a   instcat_y04_191109/00771631.tar.gz
HTAR: a   instcat_y04_191109/00771632.tar.gz
HTAR: a   instcat_y04_191109/00771633.tar.gz
HTAR: a   instcat_y04_191109/00771636.tar.gz
HTAR: a   instcat_y04_191109/00771637.tar.gz
HTAR: a   instcat_y04_191109/00771638.tar.gz
HTAR: a   instcat_y04_191109/00771639.tar.gz
HTAR: a   instcat_y04_191109/00771661.tar.gz
HTAR: a   instcat_y04_191109/00771666.tar.gz
HTAR: a   instcat_y04_191109/00771668.tar.gz
HTAR: a   instcat_y04_191109/00771670.tar.gz
HTAR: a   instcat_y04_191109/00771672.tar.gz
HTAR: a   instcat_y04_191109/00771673.tar.gz
HTAR: a   instcat_y04_191109/00771674.tar.gz
HTAR: a   instcat_y04_191109/00771675.tar.gz
HTAR: a   instcat_y04_191109/00771679.tar.gz
HTAR: a   instcat_y04_191109/00771680.tar.gz
HTAR: a   instcat_y04_191109/00771692.tar.gz
HTAR: a   instcat_y04_191109/00771693.tar.gz
HTAR: a   instcat_y04_191109/00771694.tar.gz
HTAR: a   instcat_y04_191109/00771695.tar.gz
HTAR: a   instcat_y04_191109/00772396.tar.gz
HTAR: a   instcat_y04_191109/00772423.tar.gz
HTAR: a   instcat_y04_191109/00772424.tar.gz
HTAR: a   instcat_y04_191109/00772425.tar.gz
HTAR: a   instcat_y04_191109/00772492.tar.gz
HTAR: a   instcat_y04_191109/00772493.tar.gz
HTAR: a   instcat_y04_191109/00772495.tar.gz
HTAR: a   instcat_y04_191109/00772496.tar.gz
HTAR: a   instcat_y04_191109/00774144.tar.gz
HTAR: a   instcat_y04_191109/00774146.tar.gz
HTAR: a   instcat_y04_191109/00774909.tar.gz
HTAR: a   instcat_y04_191109/00774910.tar.gz
HTAR: a   instcat_y04_191109/00774911.tar.gz
HTAR: a   instcat_y04_191109/00774912.tar.gz
HTAR: a   instcat_y04_191109/00774941.tar.gz
HTAR: a   instcat_y04_191109/00774942.tar.gz
HTAR: a   instcat_y04_191109/00774943.tar.gz
HTAR: a   instcat_y04_191109/00774944.tar.gz
HTAR: a   instcat_y04_191109/job_log_00767016.txt
HTAR: a   instcat_y04_191109/job_log_00767017.txt
HTAR: a   instcat_y04_191109/job_log_00767768.txt
HTAR: a   instcat_y04_191109/job_log_00767769.txt
HTAR: a   instcat_y04_191109/job_log_00767770.txt
HTAR: a   instcat_y04_191109/job_log_00767822.txt
HTAR: a   instcat_y04_191109/job_log_00767823.txt
HTAR: a   instcat_y04_191109/job_log_00767824.txt
HTAR: a   instcat_y04_191109/job_log_00767874.txt
HTAR: a   instcat_y04_191109/job_log_00768401.txt
HTAR: a   instcat_y04_191109/job_log_00768436.txt
HTAR: a   instcat_y04_191109/job_log_00768437.txt
HTAR: a   instcat_y04_191109/job_log_00768439.txt
HTAR: a   instcat_y04_191109/job_log_00768440.txt
HTAR: a   instcat_y04_191109/job_log_00768495.txt
HTAR: a   instcat_y04_191109/job_log_00768496.txt
HTAR: a   instcat_y04_191109/job_log_00769161.txt
HTAR: a   instcat_y04_191109/job_log_00769162.txt
HTAR: a   instcat_y04_191109/job_log_00769164.txt
HTAR: a   instcat_y04_191109/job_log_00769165.txt
HTAR: a   instcat_y04_191109/job_log_00769207.txt
HTAR: a   instcat_y04_191109/job_log_00769209.txt
HTAR: a   instcat_y04_191109/job_log_00769210.txt
HTAR: a   instcat_y04_191109/job_log_00769211.txt
HTAR: a   instcat_y04_191109/job_log_00769212.txt
HTAR: a   instcat_y04_191109/job_log_00769213.txt
HTAR: a   instcat_y04_191109/job_log_00769214.txt
HTAR: a   instcat_y04_191109/job_log_00769215.txt
HTAR: a   instcat_y04_191109/job_log_00769216.txt
HTAR: a   instcat_y04_191109/job_log_00769217.txt
HTAR: a   instcat_y04_191109/job_log_00769218.txt
HTAR: a   instcat_y04_191109/job_log_00769332.txt
HTAR: a   instcat_y04_191109/job_log_00769333.txt
HTAR: a   instcat_y04_191109/job_log_00769343.txt
HTAR: a   instcat_y04_191109/job_log_00769345.txt
HTAR: a   instcat_y04_191109/job_log_00769346.txt
HTAR: a   instcat_y04_191109/job_log_00769347.txt
HTAR: a   instcat_y04_191109/job_log_00769348.txt
HTAR: a   instcat_y04_191109/job_log_00769363.txt
HTAR: a   instcat_y04_191109/job_log_00769370.txt
HTAR: a   instcat_y04_191109/job_log_00769372.txt
HTAR: a   instcat_y04_191109/job_log_00769373.txt
HTAR: a   instcat_y04_191109/job_log_00769374.txt
HTAR: a   instcat_y04_191109/job_log_00769375.txt
HTAR: a   instcat_y04_191109/job_log_00769376.txt
HTAR: a   instcat_y04_191109/job_log_00769377.txt
HTAR: a   instcat_y04_191109/job_log_00769378.txt
HTAR: a   instcat_y04_191109/job_log_00769379.txt
HTAR: a   instcat_y04_191109/job_log_00769382.txt
HTAR: a   instcat_y04_191109/job_log_00769383.txt
HTAR: a   instcat_y04_191109/job_log_00769384.txt
HTAR: a   instcat_y04_191109/job_log_00769409.txt
HTAR: a   instcat_y04_191109/job_log_00769410.txt
HTAR: a   instcat_y04_191109/job_log_00769411.txt
HTAR: a   instcat_y04_191109/job_log_00769412.txt
HTAR: a   instcat_y04_191109/job_log_00769416.txt
HTAR: a   instcat_y04_191109/job_log_00769431.txt
HTAR: a   instcat_y04_191109/job_log_00769434.txt
HTAR: a   instcat_y04_191109/job_log_00769468.txt
HTAR: a   instcat_y04_191109/job_log_00769470.txt
HTAR: a   instcat_y04_191109/job_log_00769473.txt
HTAR: a   instcat_y04_191109/job_log_00769474.txt
HTAR: a   instcat_y04_191109/job_log_00769475.txt
HTAR: a   instcat_y04_191109/job_log_00769476.txt
HTAR: a   instcat_y04_191109/job_log_00769987.txt
HTAR: a   instcat_y04_191109/job_log_00769988.txt
HTAR: a   instcat_y04_191109/job_log_00770031.txt
HTAR: a   instcat_y04_191109/job_log_00770034.txt
HTAR: a   instcat_y04_191109/job_log_00770035.txt
HTAR: a   instcat_y04_191109/job_log_00770036.txt
HTAR: a   instcat_y04_191109/job_log_00770037.txt
HTAR: a   instcat_y04_191109/job_log_00770079.txt
HTAR: a   instcat_y04_191109/job_log_00770081.txt
HTAR: a   instcat_y04_191109/job_log_00770112.txt
HTAR: a   instcat_y04_191109/job_log_00771622.txt
HTAR: a   instcat_y04_191109/job_log_00771623.txt
HTAR: a   instcat_y04_191109/job_log_00771625.txt
HTAR: a   instcat_y04_191109/job_log_00771627.txt
HTAR: a   instcat_y04_191109/job_log_00771628.txt
HTAR: a   instcat_y04_191109/job_log_00771629.txt
HTAR: a   instcat_y04_191109/job_log_00771630.txt
HTAR: a   instcat_y04_191109/job_log_00771631.txt
HTAR: a   instcat_y04_191109/job_log_00771632.txt
HTAR: a   instcat_y04_191109/job_log_00771633.txt
HTAR: a   instcat_y04_191109/job_log_00771636.txt
HTAR: a   instcat_y04_191109/job_log_00771637.txt
HTAR: a   instcat_y04_191109/job_log_00771638.txt
HTAR: a   instcat_y04_191109/job_log_00771639.txt
HTAR: a   instcat_y04_191109/job_log_00771661.txt
HTAR: a   instcat_y04_191109/job_log_00771666.txt
HTAR: a   instcat_y04_191109/job_log_00771668.txt
HTAR: a   instcat_y04_191109/job_log_00771670.txt
HTAR: a   instcat_y04_191109/job_log_00771672.txt
HTAR: a   instcat_y04_191109/job_log_00771673.txt
HTAR: a   instcat_y04_191109/job_log_00771674.txt
HTAR: a   instcat_y04_191109/job_log_00771675.txt
HTAR: a   instcat_y04_191109/job_log_00771679.txt
HTAR: a   instcat_y04_191109/job_log_00771680.txt
HTAR: a   instcat_y04_191109/job_log_00771692.txt
HTAR: a   instcat_y04_191109/job_log_00771693.txt
HTAR: a   instcat_y04_191109/job_log_00771694.txt
HTAR: a   instcat_y04_191109/job_log_00771695.txt
HTAR: a   instcat_y04_191109/job_log_00772396.txt
HTAR: a   instcat_y04_191109/job_log_00772423.txt
HTAR: a   instcat_y04_191109/job_log_00772424.txt
HTAR: a   instcat_y04_191109/job_log_00772425.txt
HTAR: a   instcat_y04_191109/job_log_00772492.txt
HTAR: a   instcat_y04_191109/job_log_00772493.txt
HTAR: a   instcat_y04_191109/job_log_00772495.txt
HTAR: a   instcat_y04_191109/job_log_00772496.txt
HTAR: a   instcat_y04_191109/job_log_00774144.txt
HTAR: a   instcat_y04_191109/job_log_00774146.txt
HTAR: a   instcat_y04_191109/job_log_00774909.txt
HTAR: a   instcat_y04_191109/job_log_00774910.txt
HTAR: a   instcat_y04_191109/job_log_00774911.txt
HTAR: a   instcat_y04_191109/job_log_00774912.txt
HTAR: a   instcat_y04_191109/job_log_00774941.txt
HTAR: a   instcat_y04_191109/job_log_00774942.txt
HTAR: a   instcat_y04_191109/job_log_00774943.txt
HTAR: a   instcat_y04_191109/job_log_00774944.txt
HTAR: a   /tmp/HTAR_CF_CHK_28835_1576015846
HTAR Create complete for /home/projects/desc/DC2_ImSim/Run2.2i/instCat/y04_191109/00767016to00774944.tar. 505,215,759,872 bytes written for 240 member files, max threads: 50 Transfer time: 3711.736 seconds (136.113 MB/s) wallclock/user/sys: 3713.667 4365.877 1791.617 seconds
HTAR: HTAR SUCCESSFUL
HTAR: a   instcat_y04_191109/00774945.tar.gz
HTAR: a   instcat_y04_191109/00774946.tar.gz
HTAR: a   instcat_y04_191109/00775577.tar.gz
HTAR: a   instcat_y04_191109/00775614.tar.gz
HTAR: a   instcat_y04_191109/00775656.tar.gz
HTAR: a   instcat_y04_191109/00776402.tar.gz
HTAR: a   instcat_y04_191109/00776404.tar.gz
HTAR: a   instcat_y04_191109/00776408.tar.gz
HTAR: a   instcat_y04_191109/00776409.tar.gz
HTAR: a   instcat_y04_191109/00776410.tar.gz
HTAR: a   instcat_y04_191109/00776434.tar.gz
HTAR: a   instcat_y04_191109/00776438.tar.gz
HTAR: a   instcat_y04_191109/00776439.tar.gz
HTAR: a   instcat_y04_191109/00776440.tar.gz
HTAR: a   instcat_y04_191109/00776441.tar.gz
HTAR: a   instcat_y04_191109/00776442.tar.gz
HTAR: a   instcat_y04_191109/00776443.tar.gz
HTAR: a   instcat_y04_191109/00778047.tar.gz
HTAR: a   instcat_y04_191109/00778064.tar.gz
HTAR: a   instcat_y04_191109/00778065.tar.gz
HTAR: a   instcat_y04_191109/00778236.tar.gz
HTAR: a   instcat_y04_191109/00778246.tar.gz
HTAR: a   instcat_y04_191109/00778285.tar.gz
HTAR: a   instcat_y04_191109/00778286.tar.gz
HTAR: a   instcat_y04_191109/00778287.tar.gz
HTAR: a   instcat_y04_191109/00778844.tar.gz
HTAR: a   instcat_y04_191109/00778854.tar.gz
HTAR: a   instcat_y04_191109/00778855.tar.gz
HTAR: a   instcat_y04_191109/00778859.tar.gz
HTAR: a   instcat_y04_191109/00779670.tar.gz
HTAR: a   instcat_y04_191109/00780449.tar.gz
HTAR: a   instcat_y04_191109/00780450.tar.gz
HTAR: a   instcat_y04_191109/00780461.tar.gz
HTAR: a   instcat_y04_191109/00780462.tar.gz
HTAR: a   instcat_y04_191109/00780478.tar.gz
HTAR: a   instcat_y04_191109/00780487.tar.gz
HTAR: a   instcat_y04_191109/00780488.tar.gz
HTAR: a   instcat_y04_191109/00780497.tar.gz
HTAR: a   instcat_y04_191109/00781309.tar.gz
HTAR: a   instcat_y04_191109/00781339.tar.gz
HTAR: a   instcat_y04_191109/00781360.tar.gz
HTAR: a   instcat_y04_191109/00781361.tar.gz
HTAR: a   instcat_y04_191109/00781362.tar.gz
HTAR: a   instcat_y04_191109/00781363.tar.gz
HTAR: a   instcat_y04_191109/00781364.tar.gz
HTAR: a   instcat_y04_191109/00781365.tar.gz
HTAR: a   instcat_y04_191109/00781366.tar.gz
HTAR: a   instcat_y04_191109/00781385.tar.gz
HTAR: a   instcat_y04_191109/00781386.tar.gz
HTAR: a   instcat_y04_191109/00781387.tar.gz
HTAR: a   instcat_y04_191109/00781388.tar.gz
HTAR: a   instcat_y04_191109/00781389.tar.gz
HTAR: a   instcat_y04_191109/00781391.tar.gz
HTAR: a   instcat_y04_191109/00781405.tar.gz
HTAR: a   instcat_y04_191109/00781407.tar.gz
HTAR: a   instcat_y04_191109/00781408.tar.gz
HTAR: a   instcat_y04_191109/00781414.tar.gz
HTAR: a   instcat_y04_191109/00781415.tar.gz
HTAR: a   instcat_y04_191109/00781417.tar.gz
HTAR: a   instcat_y04_191109/00781418.tar.gz
HTAR: a   instcat_y04_191109/00781419.tar.gz
HTAR: a   instcat_y04_191109/00781420.tar.gz
HTAR: a   instcat_y04_191109/00781421.tar.gz
HTAR: a   instcat_y04_191109/00781422.tar.gz
HTAR: a   instcat_y04_191109/00781423.tar.gz
HTAR: a   instcat_y04_191109/00781424.tar.gz
HTAR: a   instcat_y04_191109/00781425.tar.gz
HTAR: a   instcat_y04_191109/00781453.tar.gz
HTAR: a   instcat_y04_191109/00781454.tar.gz
HTAR: a   instcat_y04_191109/00781457.tar.gz
HTAR: a   instcat_y04_191109/00781458.tar.gz
HTAR: a   instcat_y04_191109/00781459.tar.gz
HTAR: a   instcat_y04_191109/00781460.tar.gz
HTAR: a   instcat_y04_191109/00781461.tar.gz
HTAR: a   instcat_y04_191109/00782176.tar.gz
HTAR: a   instcat_y04_191109/00782177.tar.gz
HTAR: a   instcat_y04_191109/00782183.tar.gz
HTAR: a   instcat_y04_191109/00782184.tar.gz
HTAR: a   instcat_y04_191109/00782185.tar.gz
HTAR: a   instcat_y04_191109/00782186.tar.gz
HTAR: a   instcat_y04_191109/00782187.tar.gz
HTAR: a   instcat_y04_191109/00782188.tar.gz
HTAR: a   instcat_y04_191109/00782190.tar.gz
HTAR: a   instcat_y04_191109/00782192.tar.gz
HTAR: a   instcat_y04_191109/00782193.tar.gz
HTAR: a   instcat_y04_191109/00782194.tar.gz
HTAR: a   instcat_y04_191109/00782195.tar.gz
HTAR: a   instcat_y04_191109/00782196.tar.gz
HTAR: a   instcat_y04_191109/00782197.tar.gz
HTAR: a   instcat_y04_191109/00782198.tar.gz
HTAR: a   instcat_y04_191109/00782199.tar.gz
HTAR: a   instcat_y04_191109/00782200.tar.gz
HTAR: a   instcat_y04_191109/00782201.tar.gz
HTAR: a   instcat_y04_191109/00783747.tar.gz
HTAR: a   instcat_y04_191109/00783748.tar.gz
HTAR: a   instcat_y04_191109/00783749.tar.gz
HTAR: a   instcat_y04_191109/00783768.tar.gz
HTAR: a   instcat_y04_191109/00783770.tar.gz
HTAR: a   instcat_y04_191109/00783771.tar.gz
HTAR: a   instcat_y04_191109/00783775.tar.gz
HTAR: a   instcat_y04_191109/00784613.tar.gz
HTAR: a   instcat_y04_191109/00784700.tar.gz
HTAR: a   instcat_y04_191109/00784701.tar.gz
HTAR: a   instcat_y04_191109/00784702.tar.gz
HTAR: a   instcat_y04_191109/00784703.tar.gz
HTAR: a   instcat_y04_191109/00784704.tar.gz
HTAR: a   instcat_y04_191109/00784747.tar.gz
HTAR: a   instcat_y04_191109/00784748.tar.gz
HTAR: a   instcat_y04_191109/00784749.tar.gz
HTAR: a   instcat_y04_191109/00784750.tar.gz
HTAR: a   instcat_y04_191109/00784751.tar.gz
HTAR: a   instcat_y04_191109/00784753.tar.gz
HTAR: a   instcat_y04_191109/00785448.tar.gz
HTAR: a   instcat_y04_191109/00785449.tar.gz
HTAR: a   instcat_y04_191109/00785450.tar.gz
HTAR: a   instcat_y04_191109/00785458.tar.gz
HTAR: a   instcat_y04_191109/00785475.tar.gz
HTAR: a   instcat_y04_191109/00785476.tar.gz
HTAR: a   instcat_y04_191109/00785478.tar.gz
HTAR: a   instcat_y04_191109/00785513.tar.gz
HTAR: a   instcat_y04_191109/job_log_00774945.txt
HTAR: a   instcat_y04_191109/job_log_00774946.txt
HTAR: a   instcat_y04_191109/job_log_00775577.txt
HTAR: a   instcat_y04_191109/job_log_00775614.txt
HTAR: a   instcat_y04_191109/job_log_00775656.txt
HTAR: a   instcat_y04_191109/job_log_00776402.txt
HTAR: a   instcat_y04_191109/job_log_00776404.txt
HTAR: a   instcat_y04_191109/job_log_00776408.txt
HTAR: a   instcat_y04_191109/job_log_00776409.txt
HTAR: a   instcat_y04_191109/job_log_00776410.txt
HTAR: a   instcat_y04_191109/job_log_00776434.txt
HTAR: a   instcat_y04_191109/job_log_00776438.txt
HTAR: a   instcat_y04_191109/job_log_00776439.txt
HTAR: a   instcat_y04_191109/job_log_00776440.txt
HTAR: a   instcat_y04_191109/job_log_00776441.txt
HTAR: a   instcat_y04_191109/job_log_00776442.txt
HTAR: a   instcat_y04_191109/job_log_00776443.txt
HTAR: a   instcat_y04_191109/job_log_00778047.txt
HTAR: a   instcat_y04_191109/job_log_00778064.txt
HTAR: a   instcat_y04_191109/job_log_00778065.txt
HTAR: a   instcat_y04_191109/job_log_00778236.txt
HTAR: a   instcat_y04_191109/job_log_00778246.txt
HTAR: a   instcat_y04_191109/job_log_00778285.txt
HTAR: a   instcat_y04_191109/job_log_00778286.txt
HTAR: a   instcat_y04_191109/job_log_00778287.txt
HTAR: a   instcat_y04_191109/job_log_00778844.txt
HTAR: a   instcat_y04_191109/job_log_00778854.txt
HTAR: a   instcat_y04_191109/job_log_00778855.txt
HTAR: a   instcat_y04_191109/job_log_00778859.txt
HTAR: a   instcat_y04_191109/job_log_00779670.txt
HTAR: a   instcat_y04_191109/job_log_00780449.txt
HTAR: a   instcat_y04_191109/job_log_00780450.txt
HTAR: a   instcat_y04_191109/job_log_00780461.txt
HTAR: a   instcat_y04_191109/job_log_00780462.txt
HTAR: a   instcat_y04_191109/job_log_00780478.txt
HTAR: a   instcat_y04_191109/job_log_00780487.txt
HTAR: a   instcat_y04_191109/job_log_00780488.txt
HTAR: a   instcat_y04_191109/job_log_00780497.txt
HTAR: a   instcat_y04_191109/job_log_00781309.txt
HTAR: a   instcat_y04_191109/job_log_00781339.txt
HTAR: a   instcat_y04_191109/job_log_00781360.txt
HTAR: a   instcat_y04_191109/job_log_00781361.txt
HTAR: a   instcat_y04_191109/job_log_00781362.txt
HTAR: a   instcat_y04_191109/job_log_00781363.txt
HTAR: a   instcat_y04_191109/job_log_00781364.txt
HTAR: a   instcat_y04_191109/job_log_00781365.txt
HTAR: a   instcat_y04_191109/job_log_00781366.txt
HTAR: a   instcat_y04_191109/job_log_00781385.txt
HTAR: a   instcat_y04_191109/job_log_00781386.txt
HTAR: a   instcat_y04_191109/job_log_00781387.txt
HTAR: a   instcat_y04_191109/job_log_00781388.txt
HTAR: a   instcat_y04_191109/job_log_00781389.txt
HTAR: a   instcat_y04_191109/job_log_00781391.txt
HTAR: a   instcat_y04_191109/job_log_00781405.txt
HTAR: a   instcat_y04_191109/job_log_00781407.txt
HTAR: a   instcat_y04_191109/job_log_00781408.txt
HTAR: a   instcat_y04_191109/job_log_00781414.txt
HTAR: a   instcat_y04_191109/job_log_00781415.txt
HTAR: a   instcat_y04_191109/job_log_00781417.txt
HTAR: a   instcat_y04_191109/job_log_00781418.txt
HTAR: a   instcat_y04_191109/job_log_00781419.txt
HTAR: a   instcat_y04_191109/job_log_00781420.txt
HTAR: a   instcat_y04_191109/job_log_00781421.txt
HTAR: a   instcat_y04_191109/job_log_00781422.txt
HTAR: a   instcat_y04_191109/job_log_00781423.txt
HTAR: a   instcat_y04_191109/job_log_00781424.txt
HTAR: a   instcat_y04_191109/job_log_00781425.txt
HTAR: a   instcat_y04_191109/job_log_00781453.txt
HTAR: a   instcat_y04_191109/job_log_00781454.txt
HTAR: a   instcat_y04_191109/job_log_00781457.txt
HTAR: a   instcat_y04_191109/job_log_00781458.txt
HTAR: a   instcat_y04_191109/job_log_00781459.txt
HTAR: a   instcat_y04_191109/job_log_00781460.txt
HTAR: a   instcat_y04_191109/job_log_00781461.txt
HTAR: a   instcat_y04_191109/job_log_00782176.txt
HTAR: a   instcat_y04_191109/job_log_00782177.txt
HTAR: a   instcat_y04_191109/job_log_00782183.txt
HTAR: a   instcat_y04_191109/job_log_00782184.txt
HTAR: a   instcat_y04_191109/job_log_00782185.txt
HTAR: a   instcat_y04_191109/job_log_00782186.txt
HTAR: a   instcat_y04_191109/job_log_00782187.txt
HTAR: a   instcat_y04_191109/job_log_00782188.txt
HTAR: a   instcat_y04_191109/job_log_00782190.txt
HTAR: a   instcat_y04_191109/job_log_00782192.txt
HTAR: a   instcat_y04_191109/job_log_00782193.txt
HTAR: a   instcat_y04_191109/job_log_00782194.txt
HTAR: a   instcat_y04_191109/job_log_00782195.txt
HTAR: a   instcat_y04_191109/job_log_00782196.txt
HTAR: a   instcat_y04_191109/job_log_00782197.txt
HTAR: a   instcat_y04_191109/job_log_00782198.txt
HTAR: a   instcat_y04_191109/job_log_00782199.txt
HTAR: a   instcat_y04_191109/job_log_00782200.txt
HTAR: a   instcat_y04_191109/job_log_00782201.txt
HTAR: a   instcat_y04_191109/job_log_00783747.txt
HTAR: a   instcat_y04_191109/job_log_00783748.txt
HTAR: a   instcat_y04_191109/job_log_00783749.txt
HTAR: a   instcat_y04_191109/job_log_00783768.txt
HTAR: a   instcat_y04_191109/job_log_00783770.txt
HTAR: a   instcat_y04_191109/job_log_00783771.txt
HTAR: a   instcat_y04_191109/job_log_00783775.txt
HTAR: a   instcat_y04_191109/job_log_00784613.txt
HTAR: a   instcat_y04_191109/job_log_00784700.txt
HTAR: a   instcat_y04_191109/job_log_00784701.txt
HTAR: a   instcat_y04_191109/job_log_00784702.txt
HTAR: a   instcat_y04_191109/job_log_00784703.txt
HTAR: a   instcat_y04_191109/job_log_00784704.txt
HTAR: a   instcat_y04_191109/job_log_00784747.txt
HTAR: a   instcat_y04_191109/job_log_00784748.txt
HTAR: a   instcat_y04_191109/job_log_00784749.txt
HTAR: a   instcat_y04_191109/job_log_00784750.txt
HTAR: a   instcat_y04_191109/job_log_00784751.txt
HTAR: a   instcat_y04_191109/job_log_00784753.txt
HTAR: a   instcat_y04_191109/job_log_00785448.txt
HTAR: a   instcat_y04_191109/job_log_00785449.txt
HTAR: a   instcat_y04_191109/job_log_00785450.txt
HTAR: a   instcat_y04_191109/job_log_00785458.txt
HTAR: a   instcat_y04_191109/job_log_00785475.txt
HTAR: a   instcat_y04_191109/job_log_00785476.txt
HTAR: a   instcat_y04_191109/job_log_00785478.txt
HTAR: a   instcat_y04_191109/job_log_00785513.txt
HTAR: a   /tmp/HTAR_CF_CHK_42497_1576019564
HTAR Create complete for /home/projects/desc/DC2_ImSim/Run2.2i/instCat/y04_191109/00774945to00785513.tar. 493,819,682,304 bytes written for 240 member files, max threads: 50 Transfer time: 3567.946 seconds (138.404 MB/s) wallclock/user/sys: 3571.593 4222.866 1693.696 seconds
HTAR: HTAR SUCCESSFUL
