HTAR: a   DC2_ImSim/Run2.1i/instCat/00262897to00327707/00263238.tar.gz
HTAR: a   DC2_ImSim/Run2.1i/instCat/00262897to00327707/00263436.tar.gz
HTAR: a   DC2_ImSim/Run2.1i/instCat/00262897to00327707/00263437.tar.gz
HTAR: a   DC2_ImSim/Run2.1i/instCat/00262897to00327707/00263446.tar.gz
HTAR: a   DC2_ImSim/Run2.1i/instCat/00262897to00327707/00263447.tar.gz
HTAR: a   DC2_ImSim/Run2.1i/instCat/00262897to00327707/00263448.tar.gz
HTAR: a   DC2_ImSim/Run2.1i/instCat/00262897to00327707/00263449.tar.gz
HTAR: a   DC2_ImSim/Run2.1i/instCat/00262897to00327707/00263450.tar.gz
HTAR: a   DC2_ImSim/Run2.1i/instCat/00262897to00327707/00263451.tar.gz
HTAR: a   DC2_ImSim/Run2.1i/instCat/00262897to00327707/00263452.tar.gz
HTAR: a   DC2_ImSim/Run2.1i/instCat/00262897to00327707/00263453.tar.gz
HTAR: a   DC2_ImSim/Run2.1i/instCat/00262897to00327707/00263454.tar.gz
HTAR: a   DC2_ImSim/Run2.1i/instCat/00262897to00327707/00263455.tar.gz
HTAR: a   DC2_ImSim/Run2.1i/instCat/00262897to00327707/00263456.tar.gz
HTAR: a   DC2_ImSim/Run2.1i/instCat/00262897to00327707/00263457.tar.gz
HTAR: a   DC2_ImSim/Run2.1i/instCat/00262897to00327707/00263458.tar.gz
HTAR: a   DC2_ImSim/Run2.1i/instCat/00262897to00327707/00263459.tar.gz
HTAR: a   DC2_ImSim/Run2.1i/instCat/00262897to00327707/00263460.tar.gz
HTAR: a   DC2_ImSim/Run2.1i/instCat/00262897to00327707/00263485.tar.gz
HTAR: a   DC2_ImSim/Run2.1i/instCat/00262897to00327707/00263486.tar.gz
HTAR: a   DC2_ImSim/Run2.1i/instCat/00262897to00327707/00263494.tar.gz
HTAR: a   DC2_ImSim/Run2.1i/instCat/00262897to00327707/00263495.tar.gz
HTAR: a   DC2_ImSim/Run2.1i/instCat/00262897to00327707/00263496.tar.gz
HTAR: a   DC2_ImSim/Run2.1i/instCat/00262897to00327707/00263497.tar.gz
HTAR: a   DC2_ImSim/Run2.1i/instCat/00262897to00327707/00263498.tar.gz
HTAR: a   DC2_ImSim/Run2.1i/instCat/00262897to00327707/00263499.tar.gz
HTAR: a   DC2_ImSim/Run2.1i/instCat/00262897to00327707/00263500.tar.gz
HTAR: a   DC2_ImSim/Run2.1i/instCat/00262897to00327707/00263501.tar.gz
HTAR: a   DC2_ImSim/Run2.1i/instCat/00262897to00327707/00263502.tar.gz
HTAR: a   DC2_ImSim/Run2.1i/instCat/00262897to00327707/00263503.tar.gz
HTAR: a   DC2_ImSim/Run2.1i/instCat/00262897to00327707/00263504.tar.gz
HTAR: a   DC2_ImSim/Run2.1i/instCat/00262897to00327707/00263505.tar.gz
HTAR: a   DC2_ImSim/Run2.1i/instCat/00262897to00327707/00263506.tar.gz
HTAR: a   DC2_ImSim/Run2.1i/instCat/00262897to00327707/00263507.tar.gz
HTAR: a   DC2_ImSim/Run2.1i/instCat/00262897to00327707/00263510.tar.gz
HTAR: a   DC2_ImSim/Run2.1i/instCat/00262897to00327707/00263511.tar.gz
HTAR: a   DC2_ImSim/Run2.1i/instCat/00262897to00327707/00263556.tar.gz
HTAR: a   DC2_ImSim/Run2.1i/instCat/00262897to00327707/00263557.tar.gz
HTAR: a   DC2_ImSim/Run2.1i/instCat/00262897to00327707/00263602.tar.gz
HTAR: a   DC2_ImSim/Run2.1i/instCat/00262897to00327707/00263604.tar.gz
HTAR: a   DC2_ImSim/Run2.1i/instCat/00262897to00327707/00263834.tar.gz
HTAR: a   DC2_ImSim/Run2.1i/instCat/00262897to00327707/00263835.tar.gz
HTAR: a   DC2_ImSim/Run2.1i/instCat/00262897to00327707/00263836.tar.gz
HTAR: a   DC2_ImSim/Run2.1i/instCat/00262897to00327707/00263876.tar.gz
HTAR: a   DC2_ImSim/Run2.1i/instCat/00262897to00327707/00263877.tar.gz
HTAR: a   DC2_ImSim/Run2.1i/instCat/00262897to00327707/00263879.tar.gz
HTAR: a   DC2_ImSim/Run2.1i/instCat/00262897to00327707/00263880.tar.gz
HTAR: a   DC2_ImSim/Run2.1i/instCat/00262897to00327707/00263881.tar.gz
HTAR: a   DC2_ImSim/Run2.1i/instCat/00262897to00327707/00264576.tar.gz
HTAR: a   DC2_ImSim/Run2.1i/instCat/00262897to00327707/00264614.tar.gz
HTAR: a   DC2_ImSim/Run2.1i/instCat/00262897to00327707/00264615.tar.gz
HTAR: a   DC2_ImSim/Run2.1i/instCat/00262897to00327707/00265317.tar.gz
HTAR: a   DC2_ImSim/Run2.1i/instCat/00262897to00327707/00265346.tar.gz
HTAR: a   DC2_ImSim/Run2.1i/instCat/00262897to00327707/00266098.tar.gz
HTAR: a   DC2_ImSim/Run2.1i/instCat/00262897to00327707/00266100.tar.gz
HTAR: a   DC2_ImSim/Run2.1i/instCat/00262897to00327707/00266102.tar.gz
HTAR: a   DC2_ImSim/Run2.1i/instCat/00262897to00327707/00266103.tar.gz
HTAR: a   DC2_ImSim/Run2.1i/instCat/00262897to00327707/00266104.tar.gz
HTAR: a   DC2_ImSim/Run2.1i/instCat/00262897to00327707/00266105.tar.gz
HTAR: a   DC2_ImSim/Run2.1i/instCat/00262897to00327707/00266111.tar.gz
HTAR: a   DC2_ImSim/Run2.1i/instCat/00262897to00327707/00266112.tar.gz
HTAR: a   DC2_ImSim/Run2.1i/instCat/00262897to00327707/00266113.tar.gz
HTAR: a   DC2_ImSim/Run2.1i/instCat/00262897to00327707/00266114.tar.gz
HTAR: a   DC2_ImSim/Run2.1i/instCat/00262897to00327707/00266115.tar.gz
HTAR: a   DC2_ImSim/Run2.1i/instCat/00262897to00327707/00266116.tar.gz
HTAR: a   DC2_ImSim/Run2.1i/instCat/00262897to00327707/00266117.tar.gz
HTAR: a   DC2_ImSim/Run2.1i/instCat/00262897to00327707/00266118.tar.gz
HTAR: a   DC2_ImSim/Run2.1i/instCat/00262897to00327707/00266119.tar.gz
HTAR: a   DC2_ImSim/Run2.1i/instCat/00262897to00327707/00266125.tar.gz
HTAR: a   DC2_ImSim/Run2.1i/instCat/00262897to00327707/00266126.tar.gz
HTAR: a   DC2_ImSim/Run2.1i/instCat/00262897to00327707/00266127.tar.gz
HTAR: a   DC2_ImSim/Run2.1i/instCat/00262897to00327707/00266128.tar.gz
HTAR: a   DC2_ImSim/Run2.1i/instCat/00262897to00327707/00266129.tar.gz
HTAR: a   DC2_ImSim/Run2.1i/instCat/00262897to00327707/00266136.tar.gz
HTAR: a   DC2_ImSim/Run2.1i/instCat/00262897to00327707/00266162.tar.gz
HTAR: a   DC2_ImSim/Run2.1i/instCat/00262897to00327707/00266163.tar.gz
HTAR: a   DC2_ImSim/Run2.1i/instCat/00262897to00327707/00266164.tar.gz
HTAR: a   DC2_ImSim/Run2.1i/instCat/00262897to00327707/00266165.tar.gz
HTAR: a   DC2_ImSim/Run2.1i/instCat/00262897to00327707/00266166.tar.gz
HTAR: a   DC2_ImSim/Run2.1i/instCat/00262897to00327707/00266167.tar.gz
HTAR: a   DC2_ImSim/Run2.1i/instCat/00262897to00327707/00266168.tar.gz
HTAR: a   DC2_ImSim/Run2.1i/instCat/00262897to00327707/00266169.tar.gz
HTAR: a   DC2_ImSim/Run2.1i/instCat/00262897to00327707/00266170.tar.gz
HTAR: a   DC2_ImSim/Run2.1i/instCat/00262897to00327707/00266171.tar.gz
HTAR: a   DC2_ImSim/Run2.1i/instCat/00262897to00327707/00266172.tar.gz
HTAR: a   DC2_ImSim/Run2.1i/instCat/00262897to00327707/00266173.tar.gz
HTAR: a   DC2_ImSim/Run2.1i/instCat/00262897to00327707/00266174.tar.gz
HTAR: a   DC2_ImSim/Run2.1i/instCat/00262897to00327707/00266175.tar.gz
HTAR: a   DC2_ImSim/Run2.1i/instCat/00262897to00327707/00266178.tar.gz
HTAR: a   DC2_ImSim/Run2.1i/instCat/00262897to00327707/00267469.tar.gz
HTAR: a   DC2_ImSim/Run2.1i/instCat/00262897to00327707/00267470.tar.gz
HTAR: a   DC2_ImSim/Run2.1i/instCat/00262897to00327707/00267471.tar.gz
HTAR: a   DC2_ImSim/Run2.1i/instCat/00262897to00327707/00267495.tar.gz
HTAR: a   DC2_ImSim/Run2.1i/instCat/00262897to00327707/00267496.tar.gz
HTAR: a   DC2_ImSim/Run2.1i/instCat/00262897to00327707/00267497.tar.gz
HTAR: a   DC2_ImSim/Run2.1i/instCat/00262897to00327707/00267498.tar.gz
HTAR: a   DC2_ImSim/Run2.1i/instCat/00262897to00327707/00267499.tar.gz
HTAR: a   DC2_ImSim/Run2.1i/instCat/00262897to00327707/00267500.tar.gz
HTAR: a   DC2_ImSim/Run2.1i/instCat/00262897to00327707/00267501.tar.gz
HTAR: a   DC2_ImSim/Run2.1i/instCat/00262897to00327707/00267502.tar.gz
HTAR: a   DC2_ImSim/Run2.1i/instCat/00262897to00327707/00267503.tar.gz
HTAR: a   DC2_ImSim/Run2.1i/instCat/00262897to00327707/00267504.tar.gz
HTAR: a   DC2_ImSim/Run2.1i/instCat/00262897to00327707/00267505.tar.gz
HTAR: a   DC2_ImSim/Run2.1i/instCat/00262897to00327707/00267507.tar.gz
HTAR: a   DC2_ImSim/Run2.1i/instCat/00262897to00327707/00267508.tar.gz
HTAR: a   DC2_ImSim/Run2.1i/instCat/00262897to00327707/00267509.tar.gz
HTAR: a   DC2_ImSim/Run2.1i/instCat/00262897to00327707/00267521.tar.gz
HTAR: a   DC2_ImSim/Run2.1i/instCat/00262897to00327707/00267535.tar.gz
HTAR: a   DC2_ImSim/Run2.1i/instCat/00262897to00327707/00267536.tar.gz
HTAR: a   DC2_ImSim/Run2.1i/instCat/00262897to00327707/00267537.tar.gz
HTAR: a   DC2_ImSim/Run2.1i/instCat/00262897to00327707/00267538.tar.gz
HTAR: a   /tmp/HTAR_CF_CHK_6386_1560828713
HTAR Create complete for /home/projects/desc/DC2_ImSim/Run2.1i/instCat/00262897to00327707/00263238to00267538.tar. 503,473,841,664 bytes written for 111 member files, max threads: 2 Transfer time: 3045.452 seconds (165.320 MB/s) wallclock/user/sys: 3045.906 3376.012 1804.305 seconds
HTAR: HTAR SUCCESSFUL
HTAR: a   DC2_ImSim/Run2.1i/instCat/00262897to00327707/00267539.tar.gz
HTAR: a   DC2_ImSim/Run2.1i/instCat/00262897to00327707/00267540.tar.gz
HTAR: a   DC2_ImSim/Run2.1i/instCat/00262897to00327707/00267543.tar.gz
HTAR: a   DC2_ImSim/Run2.1i/instCat/00262897to00327707/00268388.tar.gz
HTAR: a   DC2_ImSim/Run2.1i/instCat/00262897to00327707/00268397.tar.gz
HTAR: a   DC2_ImSim/Run2.1i/instCat/00262897to00327707/00268398.tar.gz
HTAR: a   DC2_ImSim/Run2.1i/instCat/00262897to00327707/00268405.tar.gz
HTAR: a   DC2_ImSim/Run2.1i/instCat/00262897to00327707/00268406.tar.gz
HTAR: a   DC2_ImSim/Run2.1i/instCat/00262897to00327707/00268407.tar.gz
HTAR: a   DC2_ImSim/Run2.1i/instCat/00262897to00327707/00268408.tar.gz
HTAR: a   DC2_ImSim/Run2.1i/instCat/00262897to00327707/00268409.tar.gz
HTAR: a   DC2_ImSim/Run2.1i/instCat/00262897to00327707/00268410.tar.gz
HTAR: a   DC2_ImSim/Run2.1i/instCat/00262897to00327707/00268415.tar.gz
HTAR: a   DC2_ImSim/Run2.1i/instCat/00262897to00327707/00268416.tar.gz
HTAR: a   DC2_ImSim/Run2.1i/instCat/00262897to00327707/00268417.tar.gz
HTAR: a   DC2_ImSim/Run2.1i/instCat/00262897to00327707/00268418.tar.gz
HTAR: a   DC2_ImSim/Run2.1i/instCat/00262897to00327707/00268419.tar.gz
HTAR: a   DC2_ImSim/Run2.1i/instCat/00262897to00327707/00268420.tar.gz
HTAR: a   DC2_ImSim/Run2.1i/instCat/00262897to00327707/00268421.tar.gz
HTAR: a   DC2_ImSim/Run2.1i/instCat/00262897to00327707/00268431.tar.gz
HTAR: a   DC2_ImSim/Run2.1i/instCat/00262897to00327707/00268432.tar.gz
HTAR: a   DC2_ImSim/Run2.1i/instCat/00262897to00327707/00268433.tar.gz
HTAR: a   DC2_ImSim/Run2.1i/instCat/00262897to00327707/00268438.tar.gz
HTAR: a   DC2_ImSim/Run2.1i/instCat/00262897to00327707/00268895.tar.gz
HTAR: a   DC2_ImSim/Run2.1i/instCat/00262897to00327707/00268968.tar.gz
HTAR: a   DC2_ImSim/Run2.1i/instCat/00262897to00327707/00268976.tar.gz
HTAR: a   DC2_ImSim/Run2.1i/instCat/00262897to00327707/00268985.tar.gz
HTAR: a   DC2_ImSim/Run2.1i/instCat/00262897to00327707/00268987.tar.gz
HTAR: a   DC2_ImSim/Run2.1i/instCat/00262897to00327707/00268991.tar.gz
HTAR: a   DC2_ImSim/Run2.1i/instCat/00262897to00327707/00268992.tar.gz
HTAR: a   DC2_ImSim/Run2.1i/instCat/00262897to00327707/00268993.tar.gz
HTAR: a   DC2_ImSim/Run2.1i/instCat/00262897to00327707/00269030.tar.gz
HTAR: a   DC2_ImSim/Run2.1i/instCat/00262897to00327707/00269086.tar.gz
HTAR: a   DC2_ImSim/Run2.1i/instCat/00262897to00327707/00269087.tar.gz
HTAR: a   DC2_ImSim/Run2.1i/instCat/00262897to00327707/00269088.tar.gz
HTAR: a   DC2_ImSim/Run2.1i/instCat/00262897to00327707/00269089.tar.gz
HTAR: a   DC2_ImSim/Run2.1i/instCat/00262897to00327707/00269117.tar.gz
HTAR: a   DC2_ImSim/Run2.1i/instCat/00262897to00327707/00269122.tar.gz
HTAR: a   DC2_ImSim/Run2.1i/instCat/00262897to00327707/00269123.tar.gz
HTAR: a   DC2_ImSim/Run2.1i/instCat/00262897to00327707/00269134.tar.gz
HTAR: a   DC2_ImSim/Run2.1i/instCat/00262897to00327707/00271093.tar.gz
HTAR: a   DC2_ImSim/Run2.1i/instCat/00262897to00327707/00271288.tar.gz
HTAR: a   DC2_ImSim/Run2.1i/instCat/00262897to00327707/00271290.tar.gz
HTAR: a   DC2_ImSim/Run2.1i/instCat/00262897to00327707/00271291.tar.gz
HTAR: a   DC2_ImSim/Run2.1i/instCat/00262897to00327707/00271292.tar.gz
HTAR: a   DC2_ImSim/Run2.1i/instCat/00262897to00327707/00271293.tar.gz
HTAR: a   DC2_ImSim/Run2.1i/instCat/00262897to00327707/00271294.tar.gz
HTAR: a   DC2_ImSim/Run2.1i/instCat/00262897to00327707/00271295.tar.gz
HTAR: a   DC2_ImSim/Run2.1i/instCat/00262897to00327707/00271296.tar.gz
HTAR: a   DC2_ImSim/Run2.1i/instCat/00262897to00327707/00271297.tar.gz
HTAR: a   DC2_ImSim/Run2.1i/instCat/00262897to00327707/00271298.tar.gz
HTAR: a   DC2_ImSim/Run2.1i/instCat/00262897to00327707/00271299.tar.gz
HTAR: a   DC2_ImSim/Run2.1i/instCat/00262897to00327707/00271300.tar.gz
HTAR: a   DC2_ImSim/Run2.1i/instCat/00262897to00327707/00271301.tar.gz
HTAR: a   DC2_ImSim/Run2.1i/instCat/00262897to00327707/00271302.tar.gz
HTAR: a   DC2_ImSim/Run2.1i/instCat/00262897to00327707/00271303.tar.gz
HTAR: a   DC2_ImSim/Run2.1i/instCat/00262897to00327707/00271318.tar.gz
HTAR: a   DC2_ImSim/Run2.1i/instCat/00262897to00327707/00271319.tar.gz
HTAR: a   DC2_ImSim/Run2.1i/instCat/00262897to00327707/00271320.tar.gz
HTAR: a   DC2_ImSim/Run2.1i/instCat/00262897to00327707/00271321.tar.gz
HTAR: a   DC2_ImSim/Run2.1i/instCat/00262897to00327707/00271322.tar.gz
HTAR: a   DC2_ImSim/Run2.1i/instCat/00262897to00327707/00271323.tar.gz
HTAR: a   DC2_ImSim/Run2.1i/instCat/00262897to00327707/00271326.tar.gz
HTAR: a   DC2_ImSim/Run2.1i/instCat/00262897to00327707/00271327.tar.gz
HTAR: a   DC2_ImSim/Run2.1i/instCat/00262897to00327707/00271328.tar.gz
HTAR: a   DC2_ImSim/Run2.1i/instCat/00262897to00327707/00271329.tar.gz
HTAR: a   DC2_ImSim/Run2.1i/instCat/00262897to00327707/00271331.tar.gz
HTAR: a   DC2_ImSim/Run2.1i/instCat/00262897to00327707/00271332.tar.gz
HTAR: a   DC2_ImSim/Run2.1i/instCat/00262897to00327707/00271333.tar.gz
HTAR: a   DC2_ImSim/Run2.1i/instCat/00262897to00327707/00271334.tar.gz
HTAR: a   DC2_ImSim/Run2.1i/instCat/00262897to00327707/00271335.tar.gz
HTAR: a   DC2_ImSim/Run2.1i/instCat/00262897to00327707/00271336.tar.gz
HTAR: a   DC2_ImSim/Run2.1i/instCat/00262897to00327707/00271337.tar.gz
HTAR: a   DC2_ImSim/Run2.1i/instCat/00262897to00327707/00271338.tar.gz
HTAR: a   DC2_ImSim/Run2.1i/instCat/00262897to00327707/00271358.tar.gz
HTAR: a   DC2_ImSim/Run2.1i/instCat/00262897to00327707/00271789.tar.gz
HTAR: a   DC2_ImSim/Run2.1i/instCat/00262897to00327707/00271827.tar.gz
HTAR: a   DC2_ImSim/Run2.1i/instCat/00262897to00327707/00271830.tar.gz
HTAR: a   DC2_ImSim/Run2.1i/instCat/00262897to00327707/00271831.tar.gz
HTAR: a   DC2_ImSim/Run2.1i/instCat/00262897to00327707/00271832.tar.gz
HTAR: a   DC2_ImSim/Run2.1i/instCat/00262897to00327707/00271833.tar.gz
HTAR: a   DC2_ImSim/Run2.1i/instCat/00262897to00327707/00271834.tar.gz
HTAR: a   DC2_ImSim/Run2.1i/instCat/00262897to00327707/00271871.tar.gz
HTAR: a   DC2_ImSim/Run2.1i/instCat/00262897to00327707/00271872.tar.gz
HTAR: a   DC2_ImSim/Run2.1i/instCat/00262897to00327707/00271873.tar.gz
HTAR: a   DC2_ImSim/Run2.1i/instCat/00262897to00327707/00271892.tar.gz
HTAR: a   DC2_ImSim/Run2.1i/instCat/00262897to00327707/00271893.tar.gz
HTAR: a   DC2_ImSim/Run2.1i/instCat/00262897to00327707/00271910.tar.gz
HTAR: a   DC2_ImSim/Run2.1i/instCat/00262897to00327707/00271911.tar.gz
HTAR: a   DC2_ImSim/Run2.1i/instCat/00262897to00327707/00271912.tar.gz
HTAR: a   DC2_ImSim/Run2.1i/instCat/00262897to00327707/00271913.tar.gz
HTAR: a   DC2_ImSim/Run2.1i/instCat/00262897to00327707/00271914.tar.gz
HTAR: a   DC2_ImSim/Run2.1i/instCat/00262897to00327707/00271916.tar.gz
HTAR: a   DC2_ImSim/Run2.1i/instCat/00262897to00327707/00271917.tar.gz
HTAR: a   DC2_ImSim/Run2.1i/instCat/00262897to00327707/00271918.tar.gz
HTAR: a   DC2_ImSim/Run2.1i/instCat/00262897to00327707/00271920.tar.gz
HTAR: a   DC2_ImSim/Run2.1i/instCat/00262897to00327707/00271948.tar.gz
HTAR: a   DC2_ImSim/Run2.1i/instCat/00262897to00327707/00271949.tar.gz
HTAR: a   DC2_ImSim/Run2.1i/instCat/00262897to00327707/00271950.tar.gz
HTAR: a   DC2_ImSim/Run2.1i/instCat/00262897to00327707/00271951.tar.gz
HTAR: a   DC2_ImSim/Run2.1i/instCat/00262897to00327707/00271954.tar.gz
HTAR: a   DC2_ImSim/Run2.1i/instCat/00262897to00327707/00271968.tar.gz
HTAR: a   DC2_ImSim/Run2.1i/instCat/00262897to00327707/00273223.tar.gz
HTAR: a   DC2_ImSim/Run2.1i/instCat/00262897to00327707/00273228.tar.gz
HTAR: a   DC2_ImSim/Run2.1i/instCat/00262897to00327707/00273236.tar.gz
HTAR: a   DC2_ImSim/Run2.1i/instCat/00262897to00327707/00273260.tar.gz
HTAR: a   DC2_ImSim/Run2.1i/instCat/00262897to00327707/00273261.tar.gz
HTAR: a   DC2_ImSim/Run2.1i/instCat/00262897to00327707/00273262.tar.gz
HTAR: a   DC2_ImSim/Run2.1i/instCat/00262897to00327707/00273263.tar.gz
HTAR: a   DC2_ImSim/Run2.1i/instCat/00262897to00327707/00273264.tar.gz
HTAR: a   DC2_ImSim/Run2.1i/instCat/00262897to00327707/00273265.tar.gz
HTAR: a   /tmp/HTAR_CF_CHK_31728_1560831763
HTAR Create complete for /home/projects/desc/DC2_ImSim/Run2.1i/instCat/00262897to00327707/00267539to00273265.tar. 475,500,341,760 bytes written for 111 member files, max threads: 3 Transfer time: 2845.734 seconds (167.092 MB/s) wallclock/user/sys: 2846.448 3143.484 1694.639 seconds
HTAR: HTAR SUCCESSFUL
HTAR: a   DC2_ImSim/Run2.1i/instCat/00262897to00327707/00273266.tar.gz
HTAR: a   DC2_ImSim/Run2.1i/instCat/00262897to00327707/00274852.tar.gz
HTAR: a   DC2_ImSim/Run2.1i/instCat/00262897to00327707/00274853.tar.gz
HTAR: a   DC2_ImSim/Run2.1i/instCat/00262897to00327707/00274854.tar.gz
HTAR: a   DC2_ImSim/Run2.1i/instCat/00262897to00327707/00274855.tar.gz
HTAR: a   DC2_ImSim/Run2.1i/instCat/00262897to00327707/00274856.tar.gz
HTAR: a   DC2_ImSim/Run2.1i/instCat/00262897to00327707/00274897.tar.gz
HTAR: a   DC2_ImSim/Run2.1i/instCat/00262897to00327707/00274898.tar.gz
HTAR: a   DC2_ImSim/Run2.1i/instCat/00262897to00327707/00274899.tar.gz
HTAR: a   DC2_ImSim/Run2.1i/instCat/00262897to00327707/00274900.tar.gz
HTAR: a   DC2_ImSim/Run2.1i/instCat/00262897to00327707/00274901.tar.gz
HTAR: a   DC2_ImSim/Run2.1i/instCat/00262897to00327707/00276356.tar.gz
HTAR: a   DC2_ImSim/Run2.1i/instCat/00262897to00327707/00276357.tar.gz
HTAR: a   DC2_ImSim/Run2.1i/instCat/00262897to00327707/00276385.tar.gz
HTAR: a   DC2_ImSim/Run2.1i/instCat/00262897to00327707/00276386.tar.gz
HTAR: a   DC2_ImSim/Run2.1i/instCat/00262897to00327707/00277051.tar.gz
HTAR: a   DC2_ImSim/Run2.1i/instCat/00262897to00327707/00277059.tar.gz
HTAR: a   DC2_ImSim/Run2.1i/instCat/00262897to00327707/00277060.tar.gz
HTAR: a   DC2_ImSim/Run2.1i/instCat/00262897to00327707/00277061.tar.gz
HTAR: a   DC2_ImSim/Run2.1i/instCat/00262897to00327707/00277062.tar.gz
HTAR: a   DC2_ImSim/Run2.1i/instCat/00262897to00327707/00277063.tar.gz
HTAR: a   DC2_ImSim/Run2.1i/instCat/00262897to00327707/00277064.tar.gz
HTAR: a   DC2_ImSim/Run2.1i/instCat/00262897to00327707/00277065.tar.gz
HTAR: a   DC2_ImSim/Run2.1i/instCat/00262897to00327707/00277066.tar.gz
HTAR: a   DC2_ImSim/Run2.1i/instCat/00262897to00327707/00277067.tar.gz
HTAR: a   DC2_ImSim/Run2.1i/instCat/00262897to00327707/00277068.tar.gz
HTAR: a   DC2_ImSim/Run2.1i/instCat/00262897to00327707/00277070.tar.gz
HTAR: a   DC2_ImSim/Run2.1i/instCat/00262897to00327707/00277085.tar.gz
HTAR: a   DC2_ImSim/Run2.1i/instCat/00262897to00327707/00277091.tar.gz
HTAR: a   DC2_ImSim/Run2.1i/instCat/00262897to00327707/00277092.tar.gz
HTAR: a   DC2_ImSim/Run2.1i/instCat/00262897to00327707/00277093.tar.gz
HTAR: a   DC2_ImSim/Run2.1i/instCat/00262897to00327707/00277094.tar.gz
HTAR: a   DC2_ImSim/Run2.1i/instCat/00262897to00327707/00277095.tar.gz
HTAR: a   DC2_ImSim/Run2.1i/instCat/00262897to00327707/00277096.tar.gz
HTAR: a   DC2_ImSim/Run2.1i/instCat/00262897to00327707/00277097.tar.gz
HTAR: a   DC2_ImSim/Run2.1i/instCat/00262897to00327707/00277098.tar.gz
HTAR: a   DC2_ImSim/Run2.1i/instCat/00262897to00327707/00277099.tar.gz
HTAR: a   DC2_ImSim/Run2.1i/instCat/00262897to00327707/00277111.tar.gz
HTAR: a   DC2_ImSim/Run2.1i/instCat/00262897to00327707/00277112.tar.gz
HTAR: a   DC2_ImSim/Run2.1i/instCat/00262897to00327707/00277113.tar.gz
HTAR: a   DC2_ImSim/Run2.1i/instCat/00262897to00327707/00277114.tar.gz
HTAR: a   DC2_ImSim/Run2.1i/instCat/00262897to00327707/00277116.tar.gz
HTAR: a   DC2_ImSim/Run2.1i/instCat/00262897to00327707/00280000.tar.gz
HTAR: a   DC2_ImSim/Run2.1i/instCat/00262897to00327707/00280001.tar.gz
HTAR: a   DC2_ImSim/Run2.1i/instCat/00262897to00327707/00280013.tar.gz
HTAR: a   DC2_ImSim/Run2.1i/instCat/00262897to00327707/00280213.tar.gz
HTAR: a   DC2_ImSim/Run2.1i/instCat/00262897to00327707/00280214.tar.gz
HTAR: a   DC2_ImSim/Run2.1i/instCat/00262897to00327707/00280215.tar.gz
HTAR: a   DC2_ImSim/Run2.1i/instCat/00262897to00327707/00280216.tar.gz
HTAR: a   DC2_ImSim/Run2.1i/instCat/00262897to00327707/00280217.tar.gz
HTAR: a   DC2_ImSim/Run2.1i/instCat/00262897to00327707/00280218.tar.gz
HTAR: a   DC2_ImSim/Run2.1i/instCat/00262897to00327707/00280219.tar.gz
HTAR: a   DC2_ImSim/Run2.1i/instCat/00262897to00327707/00280220.tar.gz
HTAR: a   DC2_ImSim/Run2.1i/instCat/00262897to00327707/00280221.tar.gz
HTAR: a   DC2_ImSim/Run2.1i/instCat/00262897to00327707/00280222.tar.gz
HTAR: a   DC2_ImSim/Run2.1i/instCat/00262897to00327707/00280223.tar.gz
HTAR: a   DC2_ImSim/Run2.1i/instCat/00262897to00327707/00280224.tar.gz
HTAR: a   DC2_ImSim/Run2.1i/instCat/00262897to00327707/00280225.tar.gz
HTAR: a   DC2_ImSim/Run2.1i/instCat/00262897to00327707/00280226.tar.gz
HTAR: a   DC2_ImSim/Run2.1i/instCat/00262897to00327707/00280229.tar.gz
HTAR: a   DC2_ImSim/Run2.1i/instCat/00262897to00327707/00280230.tar.gz
HTAR: a   DC2_ImSim/Run2.1i/instCat/00262897to00327707/00280231.tar.gz
HTAR: a   DC2_ImSim/Run2.1i/instCat/00262897to00327707/00280234.tar.gz
HTAR: a   DC2_ImSim/Run2.1i/instCat/00262897to00327707/00280236.tar.gz
HTAR: a   DC2_ImSim/Run2.1i/instCat/00262897to00327707/00280237.tar.gz
HTAR: a   DC2_ImSim/Run2.1i/instCat/00262897to00327707/00280238.tar.gz
HTAR: a   DC2_ImSim/Run2.1i/instCat/00262897to00327707/00280239.tar.gz
HTAR: a   DC2_ImSim/Run2.1i/instCat/00262897to00327707/00280265.tar.gz
HTAR: a   DC2_ImSim/Run2.1i/instCat/00262897to00327707/00280266.tar.gz
HTAR: a   DC2_ImSim/Run2.1i/instCat/00262897to00327707/00280267.tar.gz
HTAR: a   DC2_ImSim/Run2.1i/instCat/00262897to00327707/00280268.tar.gz
HTAR: a   DC2_ImSim/Run2.1i/instCat/00262897to00327707/00280269.tar.gz
HTAR: a   DC2_ImSim/Run2.1i/instCat/00262897to00327707/00280270.tar.gz
HTAR: a   DC2_ImSim/Run2.1i/instCat/00262897to00327707/00280271.tar.gz
HTAR: a   DC2_ImSim/Run2.1i/instCat/00262897to00327707/00280272.tar.gz
HTAR: a   DC2_ImSim/Run2.1i/instCat/00262897to00327707/00280274.tar.gz
HTAR: a   DC2_ImSim/Run2.1i/instCat/00262897to00327707/00280275.tar.gz
HTAR: a   DC2_ImSim/Run2.1i/instCat/00262897to00327707/00280279.tar.gz
HTAR: a   DC2_ImSim/Run2.1i/instCat/00262897to00327707/00280280.tar.gz
HTAR: a   DC2_ImSim/Run2.1i/instCat/00262897to00327707/00280281.tar.gz
HTAR: a   DC2_ImSim/Run2.1i/instCat/00262897to00327707/00280326.tar.gz
HTAR: a   DC2_ImSim/Run2.1i/instCat/00262897to00327707/00280793.tar.gz
HTAR: a   DC2_ImSim/Run2.1i/instCat/00262897to00327707/00280794.tar.gz
HTAR: a   DC2_ImSim/Run2.1i/instCat/00262897to00327707/00282333.tar.gz
HTAR: a   DC2_ImSim/Run2.1i/instCat/00262897to00327707/00282334.tar.gz
HTAR: a   DC2_ImSim/Run2.1i/instCat/00262897to00327707/00282337.tar.gz
HTAR: a   DC2_ImSim/Run2.1i/instCat/00262897to00327707/00282355.tar.gz
HTAR: a   DC2_ImSim/Run2.1i/instCat/00262897to00327707/00282356.tar.gz
HTAR: a   DC2_ImSim/Run2.1i/instCat/00262897to00327707/00282357.tar.gz
HTAR: a   DC2_ImSim/Run2.1i/instCat/00262897to00327707/00282358.tar.gz
HTAR: a   DC2_ImSim/Run2.1i/instCat/00262897to00327707/00282359.tar.gz
HTAR: a   DC2_ImSim/Run2.1i/instCat/00262897to00327707/00282361.tar.gz
HTAR: a   DC2_ImSim/Run2.1i/instCat/00262897to00327707/00282362.tar.gz
HTAR: a   DC2_ImSim/Run2.1i/instCat/00262897to00327707/00282363.tar.gz
HTAR: a   DC2_ImSim/Run2.1i/instCat/00262897to00327707/00282364.tar.gz
HTAR: a   DC2_ImSim/Run2.1i/instCat/00262897to00327707/00282395.tar.gz
HTAR: a   DC2_ImSim/Run2.1i/instCat/00262897to00327707/00282396.tar.gz
HTAR: a   DC2_ImSim/Run2.1i/instCat/00262897to00327707/00282397.tar.gz
HTAR: a   DC2_ImSim/Run2.1i/instCat/00262897to00327707/00282398.tar.gz
HTAR: a   DC2_ImSim/Run2.1i/instCat/00262897to00327707/00282399.tar.gz
HTAR: a   DC2_ImSim/Run2.1i/instCat/00262897to00327707/00282400.tar.gz
HTAR: a   DC2_ImSim/Run2.1i/instCat/00262897to00327707/00282401.tar.gz
HTAR: a   DC2_ImSim/Run2.1i/instCat/00262897to00327707/00282405.tar.gz
HTAR: a   DC2_ImSim/Run2.1i/instCat/00262897to00327707/00282428.tar.gz
HTAR: a   DC2_ImSim/Run2.1i/instCat/00262897to00327707/00282429.tar.gz
HTAR: a   DC2_ImSim/Run2.1i/instCat/00262897to00327707/00282430.tar.gz
HTAR: a   DC2_ImSim/Run2.1i/instCat/00262897to00327707/00282431.tar.gz
HTAR: a   DC2_ImSim/Run2.1i/instCat/00262897to00327707/00282439.tar.gz
HTAR: a   DC2_ImSim/Run2.1i/instCat/00262897to00327707/00282440.tar.gz
HTAR: a   DC2_ImSim/Run2.1i/instCat/00262897to00327707/00282443.tar.gz
HTAR: a   DC2_ImSim/Run2.1i/instCat/00262897to00327707/00282444.tar.gz
HTAR: a   /tmp/HTAR_CF_CHK_22392_1560834612
HTAR Create complete for /home/projects/desc/DC2_ImSim/Run2.1i/instCat/00262897to00327707/00273266to00282444.tar. 500,640,244,736 bytes written for 111 member files, max threads: 3 Transfer time: 2980.334 seconds (167.981 MB/s) wallclock/user/sys: 2981.495 3293.856 1773.345 seconds
HTAR: HTAR SUCCESSFUL
HTAR: a   DC2_ImSim/Run2.1i/instCat/00262897to00327707/00282445.tar.gz
HTAR: a   DC2_ImSim/Run2.1i/instCat/00262897to00327707/00282446.tar.gz
HTAR: a   DC2_ImSim/Run2.1i/instCat/00262897to00327707/00282447.tar.gz
HTAR: a   DC2_ImSim/Run2.1i/instCat/00262897to00327707/00282448.tar.gz
HTAR: a   DC2_ImSim/Run2.1i/instCat/00262897to00327707/00282449.tar.gz
HTAR: a   DC2_ImSim/Run2.1i/instCat/00262897to00327707/00282450.tar.gz
HTAR: a   DC2_ImSim/Run2.1i/instCat/00262897to00327707/00282451.tar.gz
HTAR: a   DC2_ImSim/Run2.1i/instCat/00262897to00327707/00282452.tar.gz
HTAR: a   DC2_ImSim/Run2.1i/instCat/00262897to00327707/00282453.tar.gz
HTAR: a   DC2_ImSim/Run2.1i/instCat/00262897to00327707/00282454.tar.gz
HTAR: a   DC2_ImSim/Run2.1i/instCat/00262897to00327707/00283140.tar.gz
HTAR: a   DC2_ImSim/Run2.1i/instCat/00262897to00327707/00283141.tar.gz
HTAR: a   DC2_ImSim/Run2.1i/instCat/00262897to00327707/00283142.tar.gz
HTAR: a   DC2_ImSim/Run2.1i/instCat/00262897to00327707/00283143.tar.gz
HTAR: a   DC2_ImSim/Run2.1i/instCat/00262897to00327707/00284041.tar.gz
HTAR: a   DC2_ImSim/Run2.1i/instCat/00262897to00327707/00284042.tar.gz
HTAR: a   DC2_ImSim/Run2.1i/instCat/00262897to00327707/00284044.tar.gz
HTAR: a   DC2_ImSim/Run2.1i/instCat/00262897to00327707/00284045.tar.gz
HTAR: a   DC2_ImSim/Run2.1i/instCat/00262897to00327707/00284046.tar.gz
HTAR: a   DC2_ImSim/Run2.1i/instCat/00262897to00327707/00284047.tar.gz
HTAR: a   DC2_ImSim/Run2.1i/instCat/00262897to00327707/00284048.tar.gz
HTAR: a   DC2_ImSim/Run2.1i/instCat/00262897to00327707/00284049.tar.gz
HTAR: a   DC2_ImSim/Run2.1i/instCat/00262897to00327707/00284052.tar.gz
HTAR: a   DC2_ImSim/Run2.1i/instCat/00262897to00327707/00284053.tar.gz
HTAR: a   DC2_ImSim/Run2.1i/instCat/00262897to00327707/00284054.tar.gz
HTAR: a   DC2_ImSim/Run2.1i/instCat/00262897to00327707/00284055.tar.gz
HTAR: a   DC2_ImSim/Run2.1i/instCat/00262897to00327707/00286233.tar.gz
HTAR: a   DC2_ImSim/Run2.1i/instCat/00262897to00327707/00286262.tar.gz
HTAR: a   DC2_ImSim/Run2.1i/instCat/00262897to00327707/00286263.tar.gz
HTAR: a   DC2_ImSim/Run2.1i/instCat/00262897to00327707/00286264.tar.gz
HTAR: a   DC2_ImSim/Run2.1i/instCat/00262897to00327707/00286265.tar.gz
HTAR: a   DC2_ImSim/Run2.1i/instCat/00262897to00327707/00286266.tar.gz
HTAR: a   DC2_ImSim/Run2.1i/instCat/00262897to00327707/00286267.tar.gz
HTAR: a   DC2_ImSim/Run2.1i/instCat/00262897to00327707/00286268.tar.gz
HTAR: a   DC2_ImSim/Run2.1i/instCat/00262897to00327707/00286269.tar.gz
HTAR: a   DC2_ImSim/Run2.1i/instCat/00262897to00327707/00286270.tar.gz
HTAR: a   DC2_ImSim/Run2.1i/instCat/00262897to00327707/00286271.tar.gz
HTAR: a   DC2_ImSim/Run2.1i/instCat/00262897to00327707/00287824.tar.gz
HTAR: a   DC2_ImSim/Run2.1i/instCat/00262897to00327707/00287826.tar.gz
HTAR: a   DC2_ImSim/Run2.1i/instCat/00262897to00327707/00287860.tar.gz
HTAR: a   DC2_ImSim/Run2.1i/instCat/00262897to00327707/00287861.tar.gz
HTAR: a   DC2_ImSim/Run2.1i/instCat/00262897to00327707/00288652.tar.gz
HTAR: a   DC2_ImSim/Run2.1i/instCat/00262897to00327707/00288666.tar.gz
HTAR: a   DC2_ImSim/Run2.1i/instCat/00262897to00327707/00291155.tar.gz
HTAR: a   DC2_ImSim/Run2.1i/instCat/00262897to00327707/00291156.tar.gz
HTAR: a   DC2_ImSim/Run2.1i/instCat/00262897to00327707/00291157.tar.gz
HTAR: a   DC2_ImSim/Run2.1i/instCat/00262897to00327707/00291201.tar.gz
HTAR: a   DC2_ImSim/Run2.1i/instCat/00262897to00327707/00291205.tar.gz
HTAR: a   DC2_ImSim/Run2.1i/instCat/00262897to00327707/00291206.tar.gz
HTAR: a   DC2_ImSim/Run2.1i/instCat/00262897to00327707/00291207.tar.gz
HTAR: a   DC2_ImSim/Run2.1i/instCat/00262897to00327707/00291208.tar.gz
HTAR: a   DC2_ImSim/Run2.1i/instCat/00262897to00327707/00291216.tar.gz
HTAR: a   DC2_ImSim/Run2.1i/instCat/00262897to00327707/00291267.tar.gz
HTAR: a   DC2_ImSim/Run2.1i/instCat/00262897to00327707/00292670.tar.gz
HTAR: a   DC2_ImSim/Run2.1i/instCat/00262897to00327707/00292671.tar.gz
HTAR: a   DC2_ImSim/Run2.1i/instCat/00262897to00327707/00292672.tar.gz
HTAR: a   DC2_ImSim/Run2.1i/instCat/00262897to00327707/00292675.tar.gz
HTAR: a   DC2_ImSim/Run2.1i/instCat/00262897to00327707/00293477.tar.gz
HTAR: a   DC2_ImSim/Run2.1i/instCat/00262897to00327707/00293478.tar.gz
HTAR: a   DC2_ImSim/Run2.1i/instCat/00262897to00327707/00293480.tar.gz
HTAR: a   DC2_ImSim/Run2.1i/instCat/00262897to00327707/00293518.tar.gz
HTAR: a   DC2_ImSim/Run2.1i/instCat/00262897to00327707/00293520.tar.gz
HTAR: a   DC2_ImSim/Run2.1i/instCat/00262897to00327707/00293521.tar.gz
HTAR: a   DC2_ImSim/Run2.1i/instCat/00262897to00327707/00293522.tar.gz
HTAR: a   DC2_ImSim/Run2.1i/instCat/00262897to00327707/00295125.tar.gz
HTAR: a   DC2_ImSim/Run2.1i/instCat/00262897to00327707/00295142.tar.gz
HTAR: a   DC2_ImSim/Run2.1i/instCat/00262897to00327707/00295165.tar.gz
HTAR: a   DC2_ImSim/Run2.1i/instCat/00262897to00327707/00295166.tar.gz
HTAR: a   DC2_ImSim/Run2.1i/instCat/00262897to00327707/00295967.tar.gz
HTAR: a   DC2_ImSim/Run2.1i/instCat/00262897to00327707/00295968.tar.gz
HTAR: a   DC2_ImSim/Run2.1i/instCat/00262897to00327707/00296845.tar.gz
HTAR: a   DC2_ImSim/Run2.1i/instCat/00262897to00327707/00296846.tar.gz
HTAR: a   DC2_ImSim/Run2.1i/instCat/00262897to00327707/00300174.tar.gz
HTAR: a   DC2_ImSim/Run2.1i/instCat/00262897to00327707/00300183.tar.gz
HTAR: a   DC2_ImSim/Run2.1i/instCat/00262897to00327707/00300184.tar.gz
HTAR: a   DC2_ImSim/Run2.1i/instCat/00262897to00327707/00300185.tar.gz
HTAR: a   DC2_ImSim/Run2.1i/instCat/00262897to00327707/00300187.tar.gz
HTAR: a   DC2_ImSim/Run2.1i/instCat/00262897to00327707/00300188.tar.gz
HTAR: a   DC2_ImSim/Run2.1i/instCat/00262897to00327707/00300189.tar.gz
HTAR: a   DC2_ImSim/Run2.1i/instCat/00262897to00327707/00300208.tar.gz
HTAR: a   DC2_ImSim/Run2.1i/instCat/00262897to00327707/00300210.tar.gz
HTAR: a   DC2_ImSim/Run2.1i/instCat/00262897to00327707/00300211.tar.gz
HTAR: a   DC2_ImSim/Run2.1i/instCat/00262897to00327707/00300224.tar.gz
HTAR: a   DC2_ImSim/Run2.1i/instCat/00262897to00327707/00300225.tar.gz
HTAR: a   DC2_ImSim/Run2.1i/instCat/00262897to00327707/00300226.tar.gz
HTAR: a   DC2_ImSim/Run2.1i/instCat/00262897to00327707/00300227.tar.gz
HTAR: a   DC2_ImSim/Run2.1i/instCat/00262897to00327707/00300228.tar.gz
HTAR: a   DC2_ImSim/Run2.1i/instCat/00262897to00327707/00300229.tar.gz
HTAR: a   DC2_ImSim/Run2.1i/instCat/00262897to00327707/00300230.tar.gz
HTAR: a   DC2_ImSim/Run2.1i/instCat/00262897to00327707/00300231.tar.gz
HTAR: a   DC2_ImSim/Run2.1i/instCat/00262897to00327707/00300232.tar.gz
HTAR: a   DC2_ImSim/Run2.1i/instCat/00262897to00327707/00300233.tar.gz
HTAR: a   DC2_ImSim/Run2.1i/instCat/00262897to00327707/00300247.tar.gz
HTAR: a   DC2_ImSim/Run2.1i/instCat/00262897to00327707/00300248.tar.gz
HTAR: a   DC2_ImSim/Run2.1i/instCat/00262897to00327707/00300249.tar.gz
HTAR: a   DC2_ImSim/Run2.1i/instCat/00262897to00327707/00300250.tar.gz
HTAR: a   DC2_ImSim/Run2.1i/instCat/00262897to00327707/00300251.tar.gz
HTAR: a   DC2_ImSim/Run2.1i/instCat/00262897to00327707/00300252.tar.gz
HTAR: a   DC2_ImSim/Run2.1i/instCat/00262897to00327707/00300253.tar.gz
HTAR: a   DC2_ImSim/Run2.1i/instCat/00262897to00327707/00300254.tar.gz
HTAR: a   DC2_ImSim/Run2.1i/instCat/00262897to00327707/00300255.tar.gz
HTAR: a   DC2_ImSim/Run2.1i/instCat/00262897to00327707/00300256.tar.gz
HTAR: a   DC2_ImSim/Run2.1i/instCat/00262897to00327707/00300280.tar.gz
HTAR: a   DC2_ImSim/Run2.1i/instCat/00262897to00327707/00300281.tar.gz
HTAR: a   DC2_ImSim/Run2.1i/instCat/00262897to00327707/00300282.tar.gz
HTAR: a   DC2_ImSim/Run2.1i/instCat/00262897to00327707/00300294.tar.gz
HTAR: a   DC2_ImSim/Run2.1i/instCat/00262897to00327707/00300295.tar.gz
HTAR: a   DC2_ImSim/Run2.1i/instCat/00262897to00327707/00300296.tar.gz
HTAR: a   DC2_ImSim/Run2.1i/instCat/00262897to00327707/00300297.tar.gz
HTAR: a   DC2_ImSim/Run2.1i/instCat/00262897to00327707/00300298.tar.gz
HTAR: a   DC2_ImSim/Run2.1i/instCat/00262897to00327707/00301119.tar.gz
HTAR: a   /tmp/HTAR_CF_CHK_64703_1560837596
HTAR Create complete for /home/projects/desc/DC2_ImSim/Run2.1i/instCat/00262897to00327707/00282445to00301119.tar. 471,590,979,584 bytes written for 111 member files, max threads: 3 Transfer time: 2753.854 seconds (171.248 MB/s) wallclock/user/sys: 2755.010 3043.653 1635.364 seconds
HTAR: HTAR SUCCESSFUL
HTAR: a   DC2_ImSim/Run2.1i/instCat/00262897to00327707/00301162.tar.gz
HTAR: a   DC2_ImSim/Run2.1i/instCat/00262897to00327707/00303505.tar.gz
HTAR: a   DC2_ImSim/Run2.1i/instCat/00262897to00327707/00303511.tar.gz
HTAR: a   DC2_ImSim/Run2.1i/instCat/00262897to00327707/00303554.tar.gz
HTAR: a   DC2_ImSim/Run2.1i/instCat/00262897to00327707/00303557.tar.gz
HTAR: a   DC2_ImSim/Run2.1i/instCat/00262897to00327707/00303558.tar.gz
HTAR: a   DC2_ImSim/Run2.1i/instCat/00262897to00327707/00303559.tar.gz
HTAR: a   DC2_ImSim/Run2.1i/instCat/00262897to00327707/00303560.tar.gz
HTAR: a   DC2_ImSim/Run2.1i/instCat/00262897to00327707/00303561.tar.gz
HTAR: a   DC2_ImSim/Run2.1i/instCat/00262897to00327707/00303562.tar.gz
HTAR: a   DC2_ImSim/Run2.1i/instCat/00262897to00327707/00305469.tar.gz
HTAR: a   DC2_ImSim/Run2.1i/instCat/00262897to00327707/00306133.tar.gz
HTAR: a   DC2_ImSim/Run2.1i/instCat/00262897to00327707/00306147.tar.gz
HTAR: a   DC2_ImSim/Run2.1i/instCat/00262897to00327707/00306148.tar.gz
HTAR: a   DC2_ImSim/Run2.1i/instCat/00262897to00327707/00306168.tar.gz
HTAR: a   DC2_ImSim/Run2.1i/instCat/00262897to00327707/00306172.tar.gz
HTAR: a   DC2_ImSim/Run2.1i/instCat/00262897to00327707/00306174.tar.gz
HTAR: a   DC2_ImSim/Run2.1i/instCat/00262897to00327707/00306176.tar.gz
HTAR: a   DC2_ImSim/Run2.1i/instCat/00262897to00327707/00306177.tar.gz
HTAR: a   DC2_ImSim/Run2.1i/instCat/00262897to00327707/00306180.tar.gz
HTAR: a   DC2_ImSim/Run2.1i/instCat/00262897to00327707/00306181.tar.gz
HTAR: a   DC2_ImSim/Run2.1i/instCat/00262897to00327707/00306182.tar.gz
HTAR: a   DC2_ImSim/Run2.1i/instCat/00262897to00327707/00306183.tar.gz
HTAR: a   DC2_ImSim/Run2.1i/instCat/00262897to00327707/00306184.tar.gz
HTAR: a   DC2_ImSim/Run2.1i/instCat/00262897to00327707/00306185.tar.gz
HTAR: a   DC2_ImSim/Run2.1i/instCat/00262897to00327707/00306186.tar.gz
HTAR: a   DC2_ImSim/Run2.1i/instCat/00262897to00327707/00306187.tar.gz
HTAR: a   DC2_ImSim/Run2.1i/instCat/00262897to00327707/00306188.tar.gz
HTAR: a   DC2_ImSim/Run2.1i/instCat/00262897to00327707/00306189.tar.gz
HTAR: a   DC2_ImSim/Run2.1i/instCat/00262897to00327707/00306190.tar.gz
HTAR: a   DC2_ImSim/Run2.1i/instCat/00262897to00327707/00306191.tar.gz
HTAR: a   DC2_ImSim/Run2.1i/instCat/00262897to00327707/00306192.tar.gz
HTAR: a   DC2_ImSim/Run2.1i/instCat/00262897to00327707/00306193.tar.gz
HTAR: a   DC2_ImSim/Run2.1i/instCat/00262897to00327707/00306194.tar.gz
HTAR: a   DC2_ImSim/Run2.1i/instCat/00262897to00327707/00306195.tar.gz
HTAR: a   DC2_ImSim/Run2.1i/instCat/00262897to00327707/00306196.tar.gz
HTAR: a   DC2_ImSim/Run2.1i/instCat/00262897to00327707/00306203.tar.gz
HTAR: a   DC2_ImSim/Run2.1i/instCat/00262897to00327707/00306216.tar.gz
HTAR: a   DC2_ImSim/Run2.1i/instCat/00262897to00327707/00306217.tar.gz
HTAR: a   DC2_ImSim/Run2.1i/instCat/00262897to00327707/00306218.tar.gz
HTAR: a   DC2_ImSim/Run2.1i/instCat/00262897to00327707/00306219.tar.gz
HTAR: a   DC2_ImSim/Run2.1i/instCat/00262897to00327707/00306220.tar.gz
HTAR: a   DC2_ImSim/Run2.1i/instCat/00262897to00327707/00306221.tar.gz
HTAR: a   DC2_ImSim/Run2.1i/instCat/00262897to00327707/00306222.tar.gz
HTAR: a   DC2_ImSim/Run2.1i/instCat/00262897to00327707/00306223.tar.gz
HTAR: a   DC2_ImSim/Run2.1i/instCat/00262897to00327707/00306224.tar.gz
HTAR: a   DC2_ImSim/Run2.1i/instCat/00262897to00327707/00306225.tar.gz
HTAR: a   DC2_ImSim/Run2.1i/instCat/00262897to00327707/00306289.tar.gz
HTAR: a   DC2_ImSim/Run2.1i/instCat/00262897to00327707/00306290.tar.gz
HTAR: a   DC2_ImSim/Run2.1i/instCat/00262897to00327707/00306978.tar.gz
HTAR: a   DC2_ImSim/Run2.1i/instCat/00262897to00327707/00307869.tar.gz
HTAR: a   DC2_ImSim/Run2.1i/instCat/00262897to00327707/00307881.tar.gz
HTAR: a   DC2_ImSim/Run2.1i/instCat/00262897to00327707/00307884.tar.gz
HTAR: a   DC2_ImSim/Run2.1i/instCat/00262897to00327707/00307887.tar.gz
HTAR: a   DC2_ImSim/Run2.1i/instCat/00262897to00327707/00307888.tar.gz
HTAR: a   DC2_ImSim/Run2.1i/instCat/00262897to00327707/00307889.tar.gz
HTAR: a   DC2_ImSim/Run2.1i/instCat/00262897to00327707/00307899.tar.gz
HTAR: a   DC2_ImSim/Run2.1i/instCat/00262897to00327707/00307904.tar.gz
HTAR: a   DC2_ImSim/Run2.1i/instCat/00262897to00327707/00307905.tar.gz
HTAR: a   DC2_ImSim/Run2.1i/instCat/00262897to00327707/00307906.tar.gz
HTAR: a   DC2_ImSim/Run2.1i/instCat/00262897to00327707/00307907.tar.gz
HTAR: a   DC2_ImSim/Run2.1i/instCat/00262897to00327707/00307908.tar.gz
HTAR: a   DC2_ImSim/Run2.1i/instCat/00262897to00327707/00307912.tar.gz
HTAR: a   DC2_ImSim/Run2.1i/instCat/00262897to00327707/00307913.tar.gz
HTAR: a   DC2_ImSim/Run2.1i/instCat/00262897to00327707/00307917.tar.gz
HTAR: a   DC2_ImSim/Run2.1i/instCat/00262897to00327707/00307918.tar.gz
HTAR: a   DC2_ImSim/Run2.1i/instCat/00262897to00327707/00308728.tar.gz
HTAR: a   DC2_ImSim/Run2.1i/instCat/00262897to00327707/00308736.tar.gz
HTAR: a   DC2_ImSim/Run2.1i/instCat/00262897to00327707/00308739.tar.gz
HTAR: a   DC2_ImSim/Run2.1i/instCat/00262897to00327707/00308742.tar.gz
HTAR: a   DC2_ImSim/Run2.1i/instCat/00262897to00327707/00308743.tar.gz
HTAR: a   DC2_ImSim/Run2.1i/instCat/00262897to00327707/00308744.tar.gz
HTAR: a   DC2_ImSim/Run2.1i/instCat/00262897to00327707/00308746.tar.gz
HTAR: a   DC2_ImSim/Run2.1i/instCat/00262897to00327707/00308747.tar.gz
HTAR: a   DC2_ImSim/Run2.1i/instCat/00262897to00327707/00308748.tar.gz
HTAR: a   DC2_ImSim/Run2.1i/instCat/00262897to00327707/00308749.tar.gz
HTAR: a   DC2_ImSim/Run2.1i/instCat/00262897to00327707/00308772.tar.gz
HTAR: a   DC2_ImSim/Run2.1i/instCat/00262897to00327707/00308777.tar.gz
HTAR: a   DC2_ImSim/Run2.1i/instCat/00262897to00327707/00308778.tar.gz
HTAR: a   DC2_ImSim/Run2.1i/instCat/00262897to00327707/00308781.tar.gz
HTAR: a   DC2_ImSim/Run2.1i/instCat/00262897to00327707/00308782.tar.gz
HTAR: a   DC2_ImSim/Run2.1i/instCat/00262897to00327707/00308785.tar.gz
HTAR: a   DC2_ImSim/Run2.1i/instCat/00262897to00327707/00308787.tar.gz
HTAR: a   DC2_ImSim/Run2.1i/instCat/00262897to00327707/00308788.tar.gz
HTAR: a   DC2_ImSim/Run2.1i/instCat/00262897to00327707/00308789.tar.gz
HTAR: a   DC2_ImSim/Run2.1i/instCat/00262897to00327707/00308792.tar.gz
HTAR: a   DC2_ImSim/Run2.1i/instCat/00262897to00327707/00308793.tar.gz
HTAR: a   DC2_ImSim/Run2.1i/instCat/00262897to00327707/00308794.tar.gz
HTAR: a   DC2_ImSim/Run2.1i/instCat/00262897to00327707/00308795.tar.gz
HTAR: a   DC2_ImSim/Run2.1i/instCat/00262897to00327707/00308884.tar.gz
HTAR: a   DC2_ImSim/Run2.1i/instCat/00262897to00327707/00308885.tar.gz
HTAR: a   DC2_ImSim/Run2.1i/instCat/00262897to00327707/00308886.tar.gz
HTAR: a   DC2_ImSim/Run2.1i/instCat/00262897to00327707/00314952.tar.gz
HTAR: a   DC2_ImSim/Run2.1i/instCat/00262897to00327707/00314964.tar.gz
HTAR: a   DC2_ImSim/Run2.1i/instCat/00262897to00327707/00314969.tar.gz
HTAR: a   DC2_ImSim/Run2.1i/instCat/00262897to00327707/00314981.tar.gz
HTAR: a   DC2_ImSim/Run2.1i/instCat/00262897to00327707/00316726.tar.gz
HTAR: a   DC2_ImSim/Run2.1i/instCat/00262897to00327707/00316728.tar.gz
HTAR: a   DC2_ImSim/Run2.1i/instCat/00262897to00327707/00316729.tar.gz
HTAR: a   DC2_ImSim/Run2.1i/instCat/00262897to00327707/00316730.tar.gz
HTAR: a   DC2_ImSim/Run2.1i/instCat/00262897to00327707/00326916.tar.gz
HTAR: a   DC2_ImSim/Run2.1i/instCat/00262897to00327707/00326917.tar.gz
HTAR: a   DC2_ImSim/Run2.1i/instCat/00262897to00327707/00326918.tar.gz
HTAR: a   DC2_ImSim/Run2.1i/instCat/00262897to00327707/00326919.tar.gz
HTAR: a   DC2_ImSim/Run2.1i/instCat/00262897to00327707/00326920.tar.gz
HTAR: a   DC2_ImSim/Run2.1i/instCat/00262897to00327707/00326921.tar.gz
HTAR: a   DC2_ImSim/Run2.1i/instCat/00262897to00327707/00326930.tar.gz
HTAR: a   /tmp/HTAR_CF_CHK_37813_1560840354
HTAR Create complete for /home/projects/desc/DC2_ImSim/Run2.1i/instCat/00262897to00327707/00301162to00326930.tar. 432,150,062,592 bytes written for 107 member files, max threads: 2 Transfer time: 2479.794 seconds (174.269 MB/s) wallclock/user/sys: 2480.931 2738.724 1470.569 seconds
HTAR: HTAR SUCCESSFUL
