HTAR: a   DC2_ImSim/Run2.1i/instCat/00445379to00497969/00467657.tar.gz
HTAR: a   DC2_ImSim/Run2.1i/instCat/00445379to00497969/00467658.tar.gz
HTAR: a   DC2_ImSim/Run2.1i/instCat/00445379to00497969/00467659.tar.gz
HTAR: a   DC2_ImSim/Run2.1i/instCat/00445379to00497969/00467660.tar.gz
HTAR: a   DC2_ImSim/Run2.1i/instCat/00445379to00497969/00467661.tar.gz
HTAR: a   DC2_ImSim/Run2.1i/instCat/00445379to00497969/00467662.tar.gz
HTAR: a   DC2_ImSim/Run2.1i/instCat/00445379to00497969/00467665.tar.gz
HTAR: a   DC2_ImSim/Run2.1i/instCat/00445379to00497969/00467666.tar.gz
HTAR: a   DC2_ImSim/Run2.1i/instCat/00445379to00497969/00467678.tar.gz
HTAR: a   DC2_ImSim/Run2.1i/instCat/00445379to00497969/00467699.tar.gz
HTAR: a   DC2_ImSim/Run2.1i/instCat/00445379to00497969/00467700.tar.gz
HTAR: a   DC2_ImSim/Run2.1i/instCat/00445379to00497969/00467701.tar.gz
HTAR: a   DC2_ImSim/Run2.1i/instCat/00445379to00497969/00467702.tar.gz
HTAR: a   DC2_ImSim/Run2.1i/instCat/00445379to00497969/00467703.tar.gz
HTAR: a   DC2_ImSim/Run2.1i/instCat/00445379to00497969/00467704.tar.gz
HTAR: a   DC2_ImSim/Run2.1i/instCat/00445379to00497969/00467705.tar.gz
HTAR: a   DC2_ImSim/Run2.1i/instCat/00445379to00497969/00468219.tar.gz
HTAR: a   DC2_ImSim/Run2.1i/instCat/00445379to00497969/00468221.tar.gz
HTAR: a   DC2_ImSim/Run2.1i/instCat/00445379to00497969/00468222.tar.gz
HTAR: a   DC2_ImSim/Run2.1i/instCat/00445379to00497969/00468244.tar.gz
HTAR: a   DC2_ImSim/Run2.1i/instCat/00445379to00497969/00468245.tar.gz
HTAR: a   DC2_ImSim/Run2.1i/instCat/00445379to00497969/00468246.tar.gz
HTAR: a   DC2_ImSim/Run2.1i/instCat/00445379to00497969/00468247.tar.gz
HTAR: a   DC2_ImSim/Run2.1i/instCat/00445379to00497969/00468248.tar.gz
HTAR: a   DC2_ImSim/Run2.1i/instCat/00445379to00497969/00468249.tar.gz
HTAR: a   DC2_ImSim/Run2.1i/instCat/00445379to00497969/00468250.tar.gz
HTAR: a   DC2_ImSim/Run2.1i/instCat/00445379to00497969/00468251.tar.gz
HTAR: a   DC2_ImSim/Run2.1i/instCat/00445379to00497969/00468252.tar.gz
HTAR: a   DC2_ImSim/Run2.1i/instCat/00445379to00497969/00468253.tar.gz
HTAR: a   DC2_ImSim/Run2.1i/instCat/00445379to00497969/00468254.tar.gz
HTAR: a   DC2_ImSim/Run2.1i/instCat/00445379to00497969/00468255.tar.gz
HTAR: a   DC2_ImSim/Run2.1i/instCat/00445379to00497969/00468256.tar.gz
HTAR: a   DC2_ImSim/Run2.1i/instCat/00445379to00497969/00468257.tar.gz
HTAR: a   DC2_ImSim/Run2.1i/instCat/00445379to00497969/00468258.tar.gz
HTAR: a   DC2_ImSim/Run2.1i/instCat/00445379to00497969/00468259.tar.gz
HTAR: a   DC2_ImSim/Run2.1i/instCat/00445379to00497969/00468260.tar.gz
HTAR: a   DC2_ImSim/Run2.1i/instCat/00445379to00497969/00468261.tar.gz
HTAR: a   DC2_ImSim/Run2.1i/instCat/00445379to00497969/00468262.tar.gz
HTAR: a   DC2_ImSim/Run2.1i/instCat/00445379to00497969/00468270.tar.gz
HTAR: a   DC2_ImSim/Run2.1i/instCat/00445379to00497969/00468271.tar.gz
HTAR: a   DC2_ImSim/Run2.1i/instCat/00445379to00497969/00468272.tar.gz
HTAR: a   DC2_ImSim/Run2.1i/instCat/00445379to00497969/00468273.tar.gz
HTAR: a   DC2_ImSim/Run2.1i/instCat/00445379to00497969/00468289.tar.gz
HTAR: a   DC2_ImSim/Run2.1i/instCat/00445379to00497969/00468290.tar.gz
HTAR: a   DC2_ImSim/Run2.1i/instCat/00445379to00497969/00468291.tar.gz
HTAR: a   DC2_ImSim/Run2.1i/instCat/00445379to00497969/00468292.tar.gz
HTAR: a   DC2_ImSim/Run2.1i/instCat/00445379to00497969/00468293.tar.gz
HTAR: a   DC2_ImSim/Run2.1i/instCat/00445379to00497969/00468294.tar.gz
HTAR: a   DC2_ImSim/Run2.1i/instCat/00445379to00497969/00468295.tar.gz
HTAR: a   DC2_ImSim/Run2.1i/instCat/00445379to00497969/00468296.tar.gz
HTAR: a   DC2_ImSim/Run2.1i/instCat/00445379to00497969/00468297.tar.gz
HTAR: a   DC2_ImSim/Run2.1i/instCat/00445379to00497969/00468299.tar.gz
HTAR: a   DC2_ImSim/Run2.1i/instCat/00445379to00497969/00468300.tar.gz
HTAR: a   DC2_ImSim/Run2.1i/instCat/00445379to00497969/00468301.tar.gz
HTAR: a   DC2_ImSim/Run2.1i/instCat/00445379to00497969/00468308.tar.gz
HTAR: a   DC2_ImSim/Run2.1i/instCat/00445379to00497969/00468310.tar.gz
HTAR: a   DC2_ImSim/Run2.1i/instCat/00445379to00497969/00468311.tar.gz
HTAR: a   DC2_ImSim/Run2.1i/instCat/00445379to00497969/00468312.tar.gz
HTAR: a   DC2_ImSim/Run2.1i/instCat/00445379to00497969/00468353.tar.gz
HTAR: a   DC2_ImSim/Run2.1i/instCat/00445379to00497969/00468355.tar.gz
HTAR: a   DC2_ImSim/Run2.1i/instCat/00445379to00497969/00468356.tar.gz
HTAR: a   DC2_ImSim/Run2.1i/instCat/00445379to00497969/00468357.tar.gz
HTAR: a   DC2_ImSim/Run2.1i/instCat/00445379to00497969/00468358.tar.gz
HTAR: a   DC2_ImSim/Run2.1i/instCat/00445379to00497969/00468359.tar.gz
HTAR: a   DC2_ImSim/Run2.1i/instCat/00445379to00497969/00468376.tar.gz
HTAR: a   DC2_ImSim/Run2.1i/instCat/00445379to00497969/00468378.tar.gz
HTAR: a   DC2_ImSim/Run2.1i/instCat/00445379to00497969/00468391.tar.gz
HTAR: a   DC2_ImSim/Run2.1i/instCat/00445379to00497969/00468392.tar.gz
HTAR: a   DC2_ImSim/Run2.1i/instCat/00445379to00497969/00468394.tar.gz
HTAR: a   DC2_ImSim/Run2.1i/instCat/00445379to00497969/00468395.tar.gz
HTAR: a   DC2_ImSim/Run2.1i/instCat/00445379to00497969/00468396.tar.gz
HTAR: a   DC2_ImSim/Run2.1i/instCat/00445379to00497969/00468397.tar.gz
HTAR: a   DC2_ImSim/Run2.1i/instCat/00445379to00497969/00468411.tar.gz
HTAR: a   DC2_ImSim/Run2.1i/instCat/00445379to00497969/00468412.tar.gz
HTAR: a   DC2_ImSim/Run2.1i/instCat/00445379to00497969/00468451.tar.gz
HTAR: a   DC2_ImSim/Run2.1i/instCat/00445379to00497969/00468452.tar.gz
HTAR: a   DC2_ImSim/Run2.1i/instCat/00445379to00497969/00469697.tar.gz
HTAR: a   DC2_ImSim/Run2.1i/instCat/00445379to00497969/00469698.tar.gz
HTAR: a   DC2_ImSim/Run2.1i/instCat/00445379to00497969/00469699.tar.gz
HTAR: a   DC2_ImSim/Run2.1i/instCat/00445379to00497969/00469700.tar.gz
HTAR: a   DC2_ImSim/Run2.1i/instCat/00445379to00497969/00469701.tar.gz
HTAR: a   DC2_ImSim/Run2.1i/instCat/00445379to00497969/00469702.tar.gz
HTAR: a   DC2_ImSim/Run2.1i/instCat/00445379to00497969/00469703.tar.gz
HTAR: a   DC2_ImSim/Run2.1i/instCat/00445379to00497969/00469704.tar.gz
HTAR: a   DC2_ImSim/Run2.1i/instCat/00445379to00497969/00469764.tar.gz
HTAR: a   DC2_ImSim/Run2.1i/instCat/00445379to00497969/00469765.tar.gz
HTAR: a   DC2_ImSim/Run2.1i/instCat/00445379to00497969/00469766.tar.gz
HTAR: a   DC2_ImSim/Run2.1i/instCat/00445379to00497969/00469767.tar.gz
HTAR: a   DC2_ImSim/Run2.1i/instCat/00445379to00497969/00469768.tar.gz
HTAR: a   DC2_ImSim/Run2.1i/instCat/00445379to00497969/00469769.tar.gz
HTAR: a   DC2_ImSim/Run2.1i/instCat/00445379to00497969/00469770.tar.gz
HTAR: a   DC2_ImSim/Run2.1i/instCat/00445379to00497969/00469771.tar.gz
HTAR: a   DC2_ImSim/Run2.1i/instCat/00445379to00497969/00469791.tar.gz
HTAR: a   DC2_ImSim/Run2.1i/instCat/00445379to00497969/00469792.tar.gz
HTAR: a   DC2_ImSim/Run2.1i/instCat/00445379to00497969/00469793.tar.gz
HTAR: a   DC2_ImSim/Run2.1i/instCat/00445379to00497969/00469794.tar.gz
HTAR: a   DC2_ImSim/Run2.1i/instCat/00445379to00497969/00469817.tar.gz
HTAR: a   DC2_ImSim/Run2.1i/instCat/00445379to00497969/00469819.tar.gz
HTAR: a   DC2_ImSim/Run2.1i/instCat/00445379to00497969/00469827.tar.gz
HTAR: a   DC2_ImSim/Run2.1i/instCat/00445379to00497969/00469849.tar.gz
HTAR: a   DC2_ImSim/Run2.1i/instCat/00445379to00497969/00469850.tar.gz
HTAR: a   DC2_ImSim/Run2.1i/instCat/00445379to00497969/00469851.tar.gz
HTAR: a   DC2_ImSim/Run2.1i/instCat/00445379to00497969/00469852.tar.gz
HTAR: a   DC2_ImSim/Run2.1i/instCat/00445379to00497969/00469853.tar.gz
HTAR: a   DC2_ImSim/Run2.1i/instCat/00445379to00497969/00469896.tar.gz
HTAR: a   DC2_ImSim/Run2.1i/instCat/00445379to00497969/00469897.tar.gz
HTAR: a   DC2_ImSim/Run2.1i/instCat/00445379to00497969/00469898.tar.gz
HTAR: a   DC2_ImSim/Run2.1i/instCat/00445379to00497969/00469901.tar.gz
HTAR: a   DC2_ImSim/Run2.1i/instCat/00445379to00497969/00471399.tar.gz
HTAR: a   DC2_ImSim/Run2.1i/instCat/00445379to00497969/00471400.tar.gz
HTAR: a   DC2_ImSim/Run2.1i/instCat/00445379to00497969/00471401.tar.gz
HTAR: a   DC2_ImSim/Run2.1i/instCat/00445379to00497969/00471404.tar.gz
HTAR: a   /tmp/HTAR_CF_CHK_29641_1561046841
HTAR Create complete for /home/projects/desc/DC2_ImSim/Run2.1i/instCat/00445379to00497969/00467657to00471404.tar. 495,507,556,352 bytes written for 112 member files, max threads: 3 Transfer time: 2651.356 seconds (186.888 MB/s) wallclock/user/sys: 2651.582 3129.153 1392.927 seconds
HTAR: HTAR SUCCESSFUL
HTAR: a   DC2_ImSim/Run2.1i/instCat/00445379to00497969/00471432.tar.gz
HTAR: a   DC2_ImSim/Run2.1i/instCat/00445379to00497969/00471434.tar.gz
HTAR: a   DC2_ImSim/Run2.1i/instCat/00445379to00497969/00471435.tar.gz
HTAR: a   DC2_ImSim/Run2.1i/instCat/00445379to00497969/00471436.tar.gz
HTAR: a   DC2_ImSim/Run2.1i/instCat/00445379to00497969/00471437.tar.gz
HTAR: a   DC2_ImSim/Run2.1i/instCat/00445379to00497969/00471902.tar.gz
HTAR: a   DC2_ImSim/Run2.1i/instCat/00445379to00497969/00471903.tar.gz
HTAR: a   DC2_ImSim/Run2.1i/instCat/00445379to00497969/00471904.tar.gz
HTAR: a   DC2_ImSim/Run2.1i/instCat/00445379to00497969/00471917.tar.gz
HTAR: a   DC2_ImSim/Run2.1i/instCat/00445379to00497969/00471918.tar.gz
HTAR: a   DC2_ImSim/Run2.1i/instCat/00445379to00497969/00471927.tar.gz
HTAR: a   DC2_ImSim/Run2.1i/instCat/00445379to00497969/00471928.tar.gz
HTAR: a   DC2_ImSim/Run2.1i/instCat/00445379to00497969/00471929.tar.gz
HTAR: a   DC2_ImSim/Run2.1i/instCat/00445379to00497969/00471930.tar.gz
HTAR: a   DC2_ImSim/Run2.1i/instCat/00445379to00497969/00471931.tar.gz
HTAR: a   DC2_ImSim/Run2.1i/instCat/00445379to00497969/00471932.tar.gz
HTAR: a   DC2_ImSim/Run2.1i/instCat/00445379to00497969/00471933.tar.gz
HTAR: a   DC2_ImSim/Run2.1i/instCat/00445379to00497969/00471934.tar.gz
HTAR: a   DC2_ImSim/Run2.1i/instCat/00445379to00497969/00471935.tar.gz
HTAR: a   DC2_ImSim/Run2.1i/instCat/00445379to00497969/00471936.tar.gz
HTAR: a   DC2_ImSim/Run2.1i/instCat/00445379to00497969/00471954.tar.gz
HTAR: a   DC2_ImSim/Run2.1i/instCat/00445379to00497969/00471955.tar.gz
HTAR: a   DC2_ImSim/Run2.1i/instCat/00445379to00497969/00471956.tar.gz
HTAR: a   DC2_ImSim/Run2.1i/instCat/00445379to00497969/00471957.tar.gz
HTAR: a   DC2_ImSim/Run2.1i/instCat/00445379to00497969/00471958.tar.gz
HTAR: a   DC2_ImSim/Run2.1i/instCat/00445379to00497969/00471959.tar.gz
HTAR: a   DC2_ImSim/Run2.1i/instCat/00445379to00497969/00471960.tar.gz
HTAR: a   DC2_ImSim/Run2.1i/instCat/00445379to00497969/00471961.tar.gz
HTAR: a   DC2_ImSim/Run2.1i/instCat/00445379to00497969/00471962.tar.gz
HTAR: a   DC2_ImSim/Run2.1i/instCat/00445379to00497969/00471963.tar.gz
HTAR: a   DC2_ImSim/Run2.1i/instCat/00445379to00497969/00471964.tar.gz
HTAR: a   DC2_ImSim/Run2.1i/instCat/00445379to00497969/00471965.tar.gz
HTAR: a   DC2_ImSim/Run2.1i/instCat/00445379to00497969/00471966.tar.gz
HTAR: a   DC2_ImSim/Run2.1i/instCat/00445379to00497969/00471967.tar.gz
HTAR: a   DC2_ImSim/Run2.1i/instCat/00445379to00497969/00471968.tar.gz
HTAR: a   DC2_ImSim/Run2.1i/instCat/00445379to00497969/00471969.tar.gz
HTAR: a   DC2_ImSim/Run2.1i/instCat/00445379to00497969/00471970.tar.gz
HTAR: a   DC2_ImSim/Run2.1i/instCat/00445379to00497969/00471971.tar.gz
HTAR: a   DC2_ImSim/Run2.1i/instCat/00445379to00497969/00471972.tar.gz
HTAR: a   DC2_ImSim/Run2.1i/instCat/00445379to00497969/00471973.tar.gz
HTAR: a   DC2_ImSim/Run2.1i/instCat/00445379to00497969/00471974.tar.gz
HTAR: a   DC2_ImSim/Run2.1i/instCat/00445379to00497969/00471975.tar.gz
HTAR: a   DC2_ImSim/Run2.1i/instCat/00445379to00497969/00471976.tar.gz
HTAR: a   DC2_ImSim/Run2.1i/instCat/00445379to00497969/00471977.tar.gz
HTAR: a   DC2_ImSim/Run2.1i/instCat/00445379to00497969/00471983.tar.gz
HTAR: a   DC2_ImSim/Run2.1i/instCat/00445379to00497969/00471984.tar.gz
HTAR: a   DC2_ImSim/Run2.1i/instCat/00445379to00497969/00471985.tar.gz
HTAR: a   DC2_ImSim/Run2.1i/instCat/00445379to00497969/00471986.tar.gz
HTAR: a   DC2_ImSim/Run2.1i/instCat/00445379to00497969/00471987.tar.gz
HTAR: a   DC2_ImSim/Run2.1i/instCat/00445379to00497969/00471988.tar.gz
HTAR: a   DC2_ImSim/Run2.1i/instCat/00445379to00497969/00471998.tar.gz
HTAR: a   DC2_ImSim/Run2.1i/instCat/00445379to00497969/00471999.tar.gz
HTAR: a   DC2_ImSim/Run2.1i/instCat/00445379to00497969/00472000.tar.gz
HTAR: a   DC2_ImSim/Run2.1i/instCat/00445379to00497969/00472001.tar.gz
HTAR: a   DC2_ImSim/Run2.1i/instCat/00445379to00497969/00472002.tar.gz
HTAR: a   DC2_ImSim/Run2.1i/instCat/00445379to00497969/00472003.tar.gz
HTAR: a   DC2_ImSim/Run2.1i/instCat/00445379to00497969/00472004.tar.gz
HTAR: a   DC2_ImSim/Run2.1i/instCat/00445379to00497969/00472005.tar.gz
HTAR: a   DC2_ImSim/Run2.1i/instCat/00445379to00497969/00472006.tar.gz
HTAR: a   DC2_ImSim/Run2.1i/instCat/00445379to00497969/00472007.tar.gz
HTAR: a   DC2_ImSim/Run2.1i/instCat/00445379to00497969/00472008.tar.gz
HTAR: a   DC2_ImSim/Run2.1i/instCat/00445379to00497969/00472015.tar.gz
HTAR: a   DC2_ImSim/Run2.1i/instCat/00445379to00497969/00472016.tar.gz
HTAR: a   DC2_ImSim/Run2.1i/instCat/00445379to00497969/00472017.tar.gz
HTAR: a   DC2_ImSim/Run2.1i/instCat/00445379to00497969/00472018.tar.gz
HTAR: a   DC2_ImSim/Run2.1i/instCat/00445379to00497969/00472028.tar.gz
HTAR: a   DC2_ImSim/Run2.1i/instCat/00445379to00497969/00472029.tar.gz
HTAR: a   DC2_ImSim/Run2.1i/instCat/00445379to00497969/00472030.tar.gz
HTAR: a   DC2_ImSim/Run2.1i/instCat/00445379to00497969/00472031.tar.gz
HTAR: a   DC2_ImSim/Run2.1i/instCat/00445379to00497969/00472032.tar.gz
HTAR: a   DC2_ImSim/Run2.1i/instCat/00445379to00497969/00472034.tar.gz
HTAR: a   DC2_ImSim/Run2.1i/instCat/00445379to00497969/00472035.tar.gz
HTAR: a   DC2_ImSim/Run2.1i/instCat/00445379to00497969/00472048.tar.gz
HTAR: a   DC2_ImSim/Run2.1i/instCat/00445379to00497969/00472067.tar.gz
HTAR: a   DC2_ImSim/Run2.1i/instCat/00445379to00497969/00472068.tar.gz
HTAR: a   DC2_ImSim/Run2.1i/instCat/00445379to00497969/00472070.tar.gz
HTAR: a   DC2_ImSim/Run2.1i/instCat/00445379to00497969/00472071.tar.gz
HTAR: a   DC2_ImSim/Run2.1i/instCat/00445379to00497969/00472072.tar.gz
HTAR: a   DC2_ImSim/Run2.1i/instCat/00445379to00497969/00472073.tar.gz
HTAR: a   DC2_ImSim/Run2.1i/instCat/00445379to00497969/00472074.tar.gz
HTAR: a   DC2_ImSim/Run2.1i/instCat/00445379to00497969/00472087.tar.gz
HTAR: a   DC2_ImSim/Run2.1i/instCat/00445379to00497969/00472111.tar.gz
HTAR: a   DC2_ImSim/Run2.1i/instCat/00445379to00497969/00472130.tar.gz
HTAR: a   DC2_ImSim/Run2.1i/instCat/00445379to00497969/00472131.tar.gz
HTAR: a   DC2_ImSim/Run2.1i/instCat/00445379to00497969/00472132.tar.gz
HTAR: a   DC2_ImSim/Run2.1i/instCat/00445379to00497969/00472133.tar.gz
HTAR: a   DC2_ImSim/Run2.1i/instCat/00445379to00497969/00472134.tar.gz
HTAR: a   DC2_ImSim/Run2.1i/instCat/00445379to00497969/00472135.tar.gz
HTAR: a   DC2_ImSim/Run2.1i/instCat/00445379to00497969/00472136.tar.gz
HTAR: a   DC2_ImSim/Run2.1i/instCat/00445379to00497969/00472137.tar.gz
HTAR: a   DC2_ImSim/Run2.1i/instCat/00445379to00497969/00472138.tar.gz
HTAR: a   DC2_ImSim/Run2.1i/instCat/00445379to00497969/00472175.tar.gz
HTAR: a   DC2_ImSim/Run2.1i/instCat/00445379to00497969/00472176.tar.gz
HTAR: a   DC2_ImSim/Run2.1i/instCat/00445379to00497969/00472177.tar.gz
HTAR: a   DC2_ImSim/Run2.1i/instCat/00445379to00497969/00472178.tar.gz
HTAR: a   DC2_ImSim/Run2.1i/instCat/00445379to00497969/00472179.tar.gz
HTAR: a   DC2_ImSim/Run2.1i/instCat/00445379to00497969/00472180.tar.gz
HTAR: a   DC2_ImSim/Run2.1i/instCat/00445379to00497969/00472181.tar.gz
HTAR: a   DC2_ImSim/Run2.1i/instCat/00445379to00497969/00472182.tar.gz
HTAR: a   DC2_ImSim/Run2.1i/instCat/00445379to00497969/00472183.tar.gz
HTAR: a   DC2_ImSim/Run2.1i/instCat/00445379to00497969/00472218.tar.gz
HTAR: a   DC2_ImSim/Run2.1i/instCat/00445379to00497969/00472219.tar.gz
HTAR: a   DC2_ImSim/Run2.1i/instCat/00445379to00497969/00472254.tar.gz
HTAR: a   DC2_ImSim/Run2.1i/instCat/00445379to00497969/00472326.tar.gz
HTAR: a   DC2_ImSim/Run2.1i/instCat/00445379to00497969/00472842.tar.gz
HTAR: a   DC2_ImSim/Run2.1i/instCat/00445379to00497969/00472843.tar.gz
HTAR: a   DC2_ImSim/Run2.1i/instCat/00445379to00497969/00472844.tar.gz
HTAR: a   DC2_ImSim/Run2.1i/instCat/00445379to00497969/00472893.tar.gz
HTAR: a   DC2_ImSim/Run2.1i/instCat/00445379to00497969/00472894.tar.gz
HTAR: a   DC2_ImSim/Run2.1i/instCat/00445379to00497969/00472896.tar.gz
HTAR: a   DC2_ImSim/Run2.1i/instCat/00445379to00497969/00473285.tar.gz
HTAR: a   DC2_ImSim/Run2.1i/instCat/00445379to00497969/00473289.tar.gz
HTAR: a   /tmp/HTAR_CF_CHK_57746_1561049495
HTAR Create complete for /home/projects/desc/DC2_ImSim/Run2.1i/instCat/00445379to00497969/00471432to00473289.tar. 502,012,809,216 bytes written for 112 member files, max threads: 3 Transfer time: 2814.873 seconds (178.343 MB/s) wallclock/user/sys: 2815.291 3317.749 1490.769 seconds
HTAR: HTAR SUCCESSFUL
HTAR: a   DC2_ImSim/Run2.1i/instCat/00445379to00497969/00473290.tar.gz
HTAR: a   DC2_ImSim/Run2.1i/instCat/00445379to00497969/00473329.tar.gz
HTAR: a   DC2_ImSim/Run2.1i/instCat/00445379to00497969/00474291.tar.gz
HTAR: a   DC2_ImSim/Run2.1i/instCat/00445379to00497969/00474292.tar.gz
HTAR: a   DC2_ImSim/Run2.1i/instCat/00445379to00497969/00474293.tar.gz
HTAR: a   DC2_ImSim/Run2.1i/instCat/00445379to00497969/00474294.tar.gz
HTAR: a   DC2_ImSim/Run2.1i/instCat/00445379to00497969/00474301.tar.gz
HTAR: a   DC2_ImSim/Run2.1i/instCat/00445379to00497969/00474302.tar.gz
HTAR: a   DC2_ImSim/Run2.1i/instCat/00445379to00497969/00474303.tar.gz
HTAR: a   DC2_ImSim/Run2.1i/instCat/00445379to00497969/00474304.tar.gz
HTAR: a   DC2_ImSim/Run2.1i/instCat/00445379to00497969/00474305.tar.gz
HTAR: a   DC2_ImSim/Run2.1i/instCat/00445379to00497969/00474334.tar.gz
HTAR: a   DC2_ImSim/Run2.1i/instCat/00445379to00497969/00474335.tar.gz
HTAR: a   DC2_ImSim/Run2.1i/instCat/00445379to00497969/00474336.tar.gz
HTAR: a   DC2_ImSim/Run2.1i/instCat/00445379to00497969/00474337.tar.gz
HTAR: a   DC2_ImSim/Run2.1i/instCat/00445379to00497969/00474347.tar.gz
HTAR: a   DC2_ImSim/Run2.1i/instCat/00445379to00497969/00474348.tar.gz
HTAR: a   DC2_ImSim/Run2.1i/instCat/00445379to00497969/00474349.tar.gz
HTAR: a   DC2_ImSim/Run2.1i/instCat/00445379to00497969/00474350.tar.gz
HTAR: a   DC2_ImSim/Run2.1i/instCat/00445379to00497969/00474773.tar.gz
HTAR: a   DC2_ImSim/Run2.1i/instCat/00445379to00497969/00474777.tar.gz
HTAR: a   DC2_ImSim/Run2.1i/instCat/00445379to00497969/00474787.tar.gz
HTAR: a   DC2_ImSim/Run2.1i/instCat/00445379to00497969/00474803.tar.gz
HTAR: a   DC2_ImSim/Run2.1i/instCat/00445379to00497969/00474848.tar.gz
HTAR: a   DC2_ImSim/Run2.1i/instCat/00445379to00497969/00474849.tar.gz
HTAR: a   DC2_ImSim/Run2.1i/instCat/00445379to00497969/00474850.tar.gz
HTAR: a   DC2_ImSim/Run2.1i/instCat/00445379to00497969/00474890.tar.gz
HTAR: a   DC2_ImSim/Run2.1i/instCat/00445379to00497969/00474892.tar.gz
HTAR: a   DC2_ImSim/Run2.1i/instCat/00445379to00497969/00474893.tar.gz
HTAR: a   DC2_ImSim/Run2.1i/instCat/00445379to00497969/00475622.tar.gz
HTAR: a   DC2_ImSim/Run2.1i/instCat/00445379to00497969/00475628.tar.gz
HTAR: a   DC2_ImSim/Run2.1i/instCat/00445379to00497969/00475629.tar.gz
HTAR: a   DC2_ImSim/Run2.1i/instCat/00445379to00497969/00475630.tar.gz
HTAR: a   DC2_ImSim/Run2.1i/instCat/00445379to00497969/00475631.tar.gz
HTAR: a   DC2_ImSim/Run2.1i/instCat/00445379to00497969/00475635.tar.gz
HTAR: a   DC2_ImSim/Run2.1i/instCat/00445379to00497969/00475636.tar.gz
HTAR: a   DC2_ImSim/Run2.1i/instCat/00445379to00497969/00475637.tar.gz
HTAR: a   DC2_ImSim/Run2.1i/instCat/00445379to00497969/00475638.tar.gz
HTAR: a   DC2_ImSim/Run2.1i/instCat/00445379to00497969/00475639.tar.gz
HTAR: a   DC2_ImSim/Run2.1i/instCat/00445379to00497969/00475640.tar.gz
HTAR: a   DC2_ImSim/Run2.1i/instCat/00445379to00497969/00475647.tar.gz
HTAR: a   DC2_ImSim/Run2.1i/instCat/00445379to00497969/00475659.tar.gz
HTAR: a   DC2_ImSim/Run2.1i/instCat/00445379to00497969/00475663.tar.gz
HTAR: a   DC2_ImSim/Run2.1i/instCat/00445379to00497969/00475664.tar.gz
HTAR: a   DC2_ImSim/Run2.1i/instCat/00445379to00497969/00475665.tar.gz
HTAR: a   DC2_ImSim/Run2.1i/instCat/00445379to00497969/00475666.tar.gz
HTAR: a   DC2_ImSim/Run2.1i/instCat/00445379to00497969/00475676.tar.gz
HTAR: a   DC2_ImSim/Run2.1i/instCat/00445379to00497969/00475687.tar.gz
HTAR: a   DC2_ImSim/Run2.1i/instCat/00445379to00497969/00475688.tar.gz
HTAR: a   DC2_ImSim/Run2.1i/instCat/00445379to00497969/00475689.tar.gz
HTAR: a   DC2_ImSim/Run2.1i/instCat/00445379to00497969/00475690.tar.gz
HTAR: a   DC2_ImSim/Run2.1i/instCat/00445379to00497969/00475691.tar.gz
HTAR: a   DC2_ImSim/Run2.1i/instCat/00445379to00497969/00475692.tar.gz
HTAR: a   DC2_ImSim/Run2.1i/instCat/00445379to00497969/00475693.tar.gz
HTAR: a   DC2_ImSim/Run2.1i/instCat/00445379to00497969/00475694.tar.gz
HTAR: a   DC2_ImSim/Run2.1i/instCat/00445379to00497969/00475695.tar.gz
HTAR: a   DC2_ImSim/Run2.1i/instCat/00445379to00497969/00475696.tar.gz
HTAR: a   DC2_ImSim/Run2.1i/instCat/00445379to00497969/00475708.tar.gz
HTAR: a   DC2_ImSim/Run2.1i/instCat/00445379to00497969/00475709.tar.gz
HTAR: a   DC2_ImSim/Run2.1i/instCat/00445379to00497969/00475710.tar.gz
HTAR: a   DC2_ImSim/Run2.1i/instCat/00445379to00497969/00475711.tar.gz
HTAR: a   DC2_ImSim/Run2.1i/instCat/00445379to00497969/00475712.tar.gz
HTAR: a   DC2_ImSim/Run2.1i/instCat/00445379to00497969/00475713.tar.gz
HTAR: a   DC2_ImSim/Run2.1i/instCat/00445379to00497969/00475714.tar.gz
HTAR: a   DC2_ImSim/Run2.1i/instCat/00445379to00497969/00475715.tar.gz
HTAR: a   DC2_ImSim/Run2.1i/instCat/00445379to00497969/00475717.tar.gz
HTAR: a   DC2_ImSim/Run2.1i/instCat/00445379to00497969/00476269.tar.gz
HTAR: a   DC2_ImSim/Run2.1i/instCat/00445379to00497969/00476294.tar.gz
HTAR: a   DC2_ImSim/Run2.1i/instCat/00445379to00497969/00476295.tar.gz
HTAR: a   DC2_ImSim/Run2.1i/instCat/00445379to00497969/00476301.tar.gz
HTAR: a   DC2_ImSim/Run2.1i/instCat/00445379to00497969/00476317.tar.gz
HTAR: a   DC2_ImSim/Run2.1i/instCat/00445379to00497969/00476318.tar.gz
HTAR: a   DC2_ImSim/Run2.1i/instCat/00445379to00497969/00476319.tar.gz
HTAR: a   DC2_ImSim/Run2.1i/instCat/00445379to00497969/00476320.tar.gz
HTAR: a   DC2_ImSim/Run2.1i/instCat/00445379to00497969/00476321.tar.gz
HTAR: a   DC2_ImSim/Run2.1i/instCat/00445379to00497969/00476322.tar.gz
HTAR: a   DC2_ImSim/Run2.1i/instCat/00445379to00497969/00476323.tar.gz
HTAR: a   DC2_ImSim/Run2.1i/instCat/00445379to00497969/00476324.tar.gz
HTAR: a   DC2_ImSim/Run2.1i/instCat/00445379to00497969/00476325.tar.gz
HTAR: a   DC2_ImSim/Run2.1i/instCat/00445379to00497969/00476332.tar.gz
HTAR: a   DC2_ImSim/Run2.1i/instCat/00445379to00497969/00476333.tar.gz
HTAR: a   DC2_ImSim/Run2.1i/instCat/00445379to00497969/00476357.tar.gz
HTAR: a   DC2_ImSim/Run2.1i/instCat/00445379to00497969/00476358.tar.gz
HTAR: a   DC2_ImSim/Run2.1i/instCat/00445379to00497969/00476359.tar.gz
HTAR: a   DC2_ImSim/Run2.1i/instCat/00445379to00497969/00476360.tar.gz
HTAR: a   DC2_ImSim/Run2.1i/instCat/00445379to00497969/00476361.tar.gz
HTAR: a   DC2_ImSim/Run2.1i/instCat/00445379to00497969/00476362.tar.gz
HTAR: a   DC2_ImSim/Run2.1i/instCat/00445379to00497969/00476363.tar.gz
HTAR: a   DC2_ImSim/Run2.1i/instCat/00445379to00497969/00476364.tar.gz
HTAR: a   DC2_ImSim/Run2.1i/instCat/00445379to00497969/00476365.tar.gz
HTAR: a   DC2_ImSim/Run2.1i/instCat/00445379to00497969/00476366.tar.gz
HTAR: a   DC2_ImSim/Run2.1i/instCat/00445379to00497969/00476368.tar.gz
HTAR: a   DC2_ImSim/Run2.1i/instCat/00445379to00497969/00476392.tar.gz
HTAR: a   DC2_ImSim/Run2.1i/instCat/00445379to00497969/00476393.tar.gz
HTAR: a   DC2_ImSim/Run2.1i/instCat/00445379to00497969/00476394.tar.gz
HTAR: a   DC2_ImSim/Run2.1i/instCat/00445379to00497969/00476395.tar.gz
HTAR: a   DC2_ImSim/Run2.1i/instCat/00445379to00497969/00476396.tar.gz
HTAR: a   DC2_ImSim/Run2.1i/instCat/00445379to00497969/00476397.tar.gz
HTAR: a   DC2_ImSim/Run2.1i/instCat/00445379to00497969/00476398.tar.gz
HTAR: a   DC2_ImSim/Run2.1i/instCat/00445379to00497969/00476405.tar.gz
HTAR: a   DC2_ImSim/Run2.1i/instCat/00445379to00497969/00476424.tar.gz
HTAR: a   DC2_ImSim/Run2.1i/instCat/00445379to00497969/00476425.tar.gz
HTAR: a   DC2_ImSim/Run2.1i/instCat/00445379to00497969/00476433.tar.gz
HTAR: a   DC2_ImSim/Run2.1i/instCat/00445379to00497969/00476434.tar.gz
HTAR: a   DC2_ImSim/Run2.1i/instCat/00445379to00497969/00476435.tar.gz
HTAR: a   DC2_ImSim/Run2.1i/instCat/00445379to00497969/00476445.tar.gz
HTAR: a   DC2_ImSim/Run2.1i/instCat/00445379to00497969/00476455.tar.gz
HTAR: a   DC2_ImSim/Run2.1i/instCat/00445379to00497969/00476461.tar.gz
HTAR: a   DC2_ImSim/Run2.1i/instCat/00445379to00497969/00476462.tar.gz
HTAR: a   DC2_ImSim/Run2.1i/instCat/00445379to00497969/00476463.tar.gz
HTAR: a   DC2_ImSim/Run2.1i/instCat/00445379to00497969/00476473.tar.gz
HTAR: a   DC2_ImSim/Run2.1i/instCat/00445379to00497969/00476474.tar.gz
HTAR: a   /tmp/HTAR_CF_CHK_11943_1561052313
HTAR Create complete for /home/projects/desc/DC2_ImSim/Run2.1i/instCat/00445379to00497969/00473290to00476474.tar. 484,802,772,992 bytes written for 112 member files, max threads: 3 Transfer time: 2677.438 seconds (181.070 MB/s) wallclock/user/sys: 2677.958 3157.852 1412.591 seconds
HTAR: HTAR SUCCESSFUL
HTAR: a   DC2_ImSim/Run2.1i/instCat/00445379to00497969/00476475.tar.gz
HTAR: a   DC2_ImSim/Run2.1i/instCat/00445379to00497969/00476476.tar.gz
HTAR: a   DC2_ImSim/Run2.1i/instCat/00445379to00497969/00476477.tar.gz
HTAR: a   DC2_ImSim/Run2.1i/instCat/00445379to00497969/00476479.tar.gz
HTAR: a   DC2_ImSim/Run2.1i/instCat/00445379to00497969/00476528.tar.gz
HTAR: a   DC2_ImSim/Run2.1i/instCat/00445379to00497969/00476529.tar.gz
HTAR: a   DC2_ImSim/Run2.1i/instCat/00445379to00497969/00476530.tar.gz
HTAR: a   DC2_ImSim/Run2.1i/instCat/00445379to00497969/00476531.tar.gz
HTAR: a   DC2_ImSim/Run2.1i/instCat/00445379to00497969/00476583.tar.gz
HTAR: a   DC2_ImSim/Run2.1i/instCat/00445379to00497969/00476584.tar.gz
HTAR: a   DC2_ImSim/Run2.1i/instCat/00445379to00497969/00476632.tar.gz
HTAR: a   DC2_ImSim/Run2.1i/instCat/00445379to00497969/00477389.tar.gz
HTAR: a   DC2_ImSim/Run2.1i/instCat/00445379to00497969/00477801.tar.gz
HTAR: a   DC2_ImSim/Run2.1i/instCat/00445379to00497969/00477802.tar.gz
HTAR: a   DC2_ImSim/Run2.1i/instCat/00445379to00497969/00477803.tar.gz
HTAR: a   DC2_ImSim/Run2.1i/instCat/00445379to00497969/00477804.tar.gz
HTAR: a   DC2_ImSim/Run2.1i/instCat/00445379to00497969/00478747.tar.gz
HTAR: a   DC2_ImSim/Run2.1i/instCat/00445379to00497969/00478748.tar.gz
HTAR: a   DC2_ImSim/Run2.1i/instCat/00445379to00497969/00478749.tar.gz
HTAR: a   DC2_ImSim/Run2.1i/instCat/00445379to00497969/00478750.tar.gz
HTAR: a   DC2_ImSim/Run2.1i/instCat/00445379to00497969/00478752.tar.gz
HTAR: a   DC2_ImSim/Run2.1i/instCat/00445379to00497969/00478774.tar.gz
HTAR: a   DC2_ImSim/Run2.1i/instCat/00445379to00497969/00478775.tar.gz
HTAR: a   DC2_ImSim/Run2.1i/instCat/00445379to00497969/00478776.tar.gz
HTAR: a   DC2_ImSim/Run2.1i/instCat/00445379to00497969/00478777.tar.gz
HTAR: a   DC2_ImSim/Run2.1i/instCat/00445379to00497969/00478789.tar.gz
HTAR: a   DC2_ImSim/Run2.1i/instCat/00445379to00497969/00478808.tar.gz
HTAR: a   DC2_ImSim/Run2.1i/instCat/00445379to00497969/00478809.tar.gz
HTAR: a   DC2_ImSim/Run2.1i/instCat/00445379to00497969/00478810.tar.gz
HTAR: a   DC2_ImSim/Run2.1i/instCat/00445379to00497969/00478820.tar.gz
HTAR: a   DC2_ImSim/Run2.1i/instCat/00445379to00497969/00478821.tar.gz
HTAR: a   DC2_ImSim/Run2.1i/instCat/00445379to00497969/00478822.tar.gz
HTAR: a   DC2_ImSim/Run2.1i/instCat/00445379to00497969/00478845.tar.gz
HTAR: a   DC2_ImSim/Run2.1i/instCat/00445379to00497969/00478863.tar.gz
HTAR: a   DC2_ImSim/Run2.1i/instCat/00445379to00497969/00478886.tar.gz
HTAR: a   DC2_ImSim/Run2.1i/instCat/00445379to00497969/00478887.tar.gz
HTAR: a   DC2_ImSim/Run2.1i/instCat/00445379to00497969/00478888.tar.gz
HTAR: a   DC2_ImSim/Run2.1i/instCat/00445379to00497969/00478926.tar.gz
HTAR: a   DC2_ImSim/Run2.1i/instCat/00445379to00497969/00478928.tar.gz
HTAR: a   DC2_ImSim/Run2.1i/instCat/00445379to00497969/00478929.tar.gz
HTAR: a   DC2_ImSim/Run2.1i/instCat/00445379to00497969/00478930.tar.gz
HTAR: a   DC2_ImSim/Run2.1i/instCat/00445379to00497969/00478931.tar.gz
HTAR: a   DC2_ImSim/Run2.1i/instCat/00445379to00497969/00478932.tar.gz
HTAR: a   DC2_ImSim/Run2.1i/instCat/00445379to00497969/00478933.tar.gz
HTAR: a   DC2_ImSim/Run2.1i/instCat/00445379to00497969/00478973.tar.gz
HTAR: a   DC2_ImSim/Run2.1i/instCat/00445379to00497969/00478974.tar.gz
HTAR: a   DC2_ImSim/Run2.1i/instCat/00445379to00497969/00478976.tar.gz
HTAR: a   DC2_ImSim/Run2.1i/instCat/00445379to00497969/00478978.tar.gz
HTAR: a   DC2_ImSim/Run2.1i/instCat/00445379to00497969/00478979.tar.gz
HTAR: a   DC2_ImSim/Run2.1i/instCat/00445379to00497969/00478980.tar.gz
HTAR: a   DC2_ImSim/Run2.1i/instCat/00445379to00497969/00478988.tar.gz
HTAR: a   DC2_ImSim/Run2.1i/instCat/00445379to00497969/00478989.tar.gz
HTAR: a   DC2_ImSim/Run2.1i/instCat/00445379to00497969/00478990.tar.gz
HTAR: a   DC2_ImSim/Run2.1i/instCat/00445379to00497969/00478991.tar.gz
HTAR: a   DC2_ImSim/Run2.1i/instCat/00445379to00497969/00478992.tar.gz
HTAR: a   DC2_ImSim/Run2.1i/instCat/00445379to00497969/00479023.tar.gz
HTAR: a   DC2_ImSim/Run2.1i/instCat/00445379to00497969/00479026.tar.gz
HTAR: a   DC2_ImSim/Run2.1i/instCat/00445379to00497969/00479027.tar.gz
HTAR: a   DC2_ImSim/Run2.1i/instCat/00445379to00497969/00479028.tar.gz
HTAR: a   DC2_ImSim/Run2.1i/instCat/00445379to00497969/00479029.tar.gz
HTAR: a   DC2_ImSim/Run2.1i/instCat/00445379to00497969/00479032.tar.gz
HTAR: a   DC2_ImSim/Run2.1i/instCat/00445379to00497969/00479033.tar.gz
HTAR: a   DC2_ImSim/Run2.1i/instCat/00445379to00497969/00479034.tar.gz
HTAR: a   DC2_ImSim/Run2.1i/instCat/00445379to00497969/00479035.tar.gz
HTAR: a   DC2_ImSim/Run2.1i/instCat/00445379to00497969/00479036.tar.gz
HTAR: a   DC2_ImSim/Run2.1i/instCat/00445379to00497969/00479037.tar.gz
HTAR: a   DC2_ImSim/Run2.1i/instCat/00445379to00497969/00479038.tar.gz
HTAR: a   DC2_ImSim/Run2.1i/instCat/00445379to00497969/00479052.tar.gz
HTAR: a   DC2_ImSim/Run2.1i/instCat/00445379to00497969/00479060.tar.gz
HTAR: a   DC2_ImSim/Run2.1i/instCat/00445379to00497969/00479064.tar.gz
HTAR: a   DC2_ImSim/Run2.1i/instCat/00445379to00497969/00479067.tar.gz
HTAR: a   DC2_ImSim/Run2.1i/instCat/00445379to00497969/00479068.tar.gz
HTAR: a   DC2_ImSim/Run2.1i/instCat/00445379to00497969/00479069.tar.gz
HTAR: a   DC2_ImSim/Run2.1i/instCat/00445379to00497969/00479070.tar.gz
HTAR: a   DC2_ImSim/Run2.1i/instCat/00445379to00497969/00479071.tar.gz
HTAR: a   DC2_ImSim/Run2.1i/instCat/00445379to00497969/00479072.tar.gz
HTAR: a   DC2_ImSim/Run2.1i/instCat/00445379to00497969/00479073.tar.gz
HTAR: a   DC2_ImSim/Run2.1i/instCat/00445379to00497969/00479090.tar.gz
HTAR: a   DC2_ImSim/Run2.1i/instCat/00445379to00497969/00479103.tar.gz
HTAR: a   DC2_ImSim/Run2.1i/instCat/00445379to00497969/00479108.tar.gz
HTAR: a   DC2_ImSim/Run2.1i/instCat/00445379to00497969/00479111.tar.gz
HTAR: a   DC2_ImSim/Run2.1i/instCat/00445379to00497969/00479112.tar.gz
HTAR: a   DC2_ImSim/Run2.1i/instCat/00445379to00497969/00479135.tar.gz
HTAR: a   DC2_ImSim/Run2.1i/instCat/00445379to00497969/00479253.tar.gz
HTAR: a   DC2_ImSim/Run2.1i/instCat/00445379to00497969/00479254.tar.gz
HTAR: a   DC2_ImSim/Run2.1i/instCat/00445379to00497969/00479255.tar.gz
HTAR: a   DC2_ImSim/Run2.1i/instCat/00445379to00497969/00479263.tar.gz
HTAR: a   DC2_ImSim/Run2.1i/instCat/00445379to00497969/00479264.tar.gz
HTAR: a   DC2_ImSim/Run2.1i/instCat/00445379to00497969/00479265.tar.gz
HTAR: a   DC2_ImSim/Run2.1i/instCat/00445379to00497969/00479266.tar.gz
HTAR: a   DC2_ImSim/Run2.1i/instCat/00445379to00497969/00479267.tar.gz
HTAR: a   DC2_ImSim/Run2.1i/instCat/00445379to00497969/00479268.tar.gz
HTAR: a   DC2_ImSim/Run2.1i/instCat/00445379to00497969/00479272.tar.gz
HTAR: a   DC2_ImSim/Run2.1i/instCat/00445379to00497969/00479273.tar.gz
HTAR: a   DC2_ImSim/Run2.1i/instCat/00445379to00497969/00479274.tar.gz
HTAR: a   DC2_ImSim/Run2.1i/instCat/00445379to00497969/00479275.tar.gz
HTAR: a   DC2_ImSim/Run2.1i/instCat/00445379to00497969/00479276.tar.gz
HTAR: a   DC2_ImSim/Run2.1i/instCat/00445379to00497969/00479279.tar.gz
HTAR: a   DC2_ImSim/Run2.1i/instCat/00445379to00497969/00479280.tar.gz
HTAR: a   DC2_ImSim/Run2.1i/instCat/00445379to00497969/00479281.tar.gz
HTAR: a   DC2_ImSim/Run2.1i/instCat/00445379to00497969/00479282.tar.gz
HTAR: a   DC2_ImSim/Run2.1i/instCat/00445379to00497969/00479283.tar.gz
HTAR: a   DC2_ImSim/Run2.1i/instCat/00445379to00497969/00479285.tar.gz
HTAR: a   DC2_ImSim/Run2.1i/instCat/00445379to00497969/00479287.tar.gz
HTAR: a   DC2_ImSim/Run2.1i/instCat/00445379to00497969/00479295.tar.gz
HTAR: a   DC2_ImSim/Run2.1i/instCat/00445379to00497969/00479296.tar.gz
HTAR: a   DC2_ImSim/Run2.1i/instCat/00445379to00497969/00479297.tar.gz
HTAR: a   DC2_ImSim/Run2.1i/instCat/00445379to00497969/00479298.tar.gz
HTAR: a   DC2_ImSim/Run2.1i/instCat/00445379to00497969/00479299.tar.gz
HTAR: a   DC2_ImSim/Run2.1i/instCat/00445379to00497969/00479300.tar.gz
HTAR: a   DC2_ImSim/Run2.1i/instCat/00445379to00497969/00479301.tar.gz
HTAR: a   DC2_ImSim/Run2.1i/instCat/00445379to00497969/00479305.tar.gz
HTAR: a   /tmp/HTAR_CF_CHK_55653_1561054994
HTAR Create complete for /home/projects/desc/DC2_ImSim/Run2.1i/instCat/00445379to00497969/00476475to00479305.tar. 513,178,929,664 bytes written for 112 member files, max threads: 3 Transfer time: 3031.275 seconds (169.295 MB/s) wallclock/user/sys: 3031.638 3562.706 1627.249 seconds
HTAR: HTAR SUCCESSFUL
HTAR: a   DC2_ImSim/Run2.1i/instCat/00445379to00497969/00479306.tar.gz
HTAR: a   DC2_ImSim/Run2.1i/instCat/00445379to00497969/00479307.tar.gz
HTAR: a   DC2_ImSim/Run2.1i/instCat/00445379to00497969/00479308.tar.gz
HTAR: a   DC2_ImSim/Run2.1i/instCat/00445379to00497969/00479309.tar.gz
HTAR: a   DC2_ImSim/Run2.1i/instCat/00445379to00497969/00479312.tar.gz
HTAR: a   DC2_ImSim/Run2.1i/instCat/00445379to00497969/00479313.tar.gz
HTAR: a   DC2_ImSim/Run2.1i/instCat/00445379to00497969/00479314.tar.gz
HTAR: a   DC2_ImSim/Run2.1i/instCat/00445379to00497969/00479315.tar.gz
HTAR: a   DC2_ImSim/Run2.1i/instCat/00445379to00497969/00479357.tar.gz
HTAR: a   DC2_ImSim/Run2.1i/instCat/00445379to00497969/00479359.tar.gz
HTAR: a   DC2_ImSim/Run2.1i/instCat/00445379to00497969/00479374.tar.gz
HTAR: a   DC2_ImSim/Run2.1i/instCat/00445379to00497969/00479420.tar.gz
HTAR: a   DC2_ImSim/Run2.1i/instCat/00445379to00497969/00479428.tar.gz
HTAR: a   DC2_ImSim/Run2.1i/instCat/00445379to00497969/00479430.tar.gz
HTAR: a   DC2_ImSim/Run2.1i/instCat/00445379to00497969/00479432.tar.gz
HTAR: a   DC2_ImSim/Run2.1i/instCat/00445379to00497969/00479433.tar.gz
HTAR: a   DC2_ImSim/Run2.1i/instCat/00445379to00497969/00479434.tar.gz
HTAR: a   DC2_ImSim/Run2.1i/instCat/00445379to00497969/00479435.tar.gz
HTAR: a   DC2_ImSim/Run2.1i/instCat/00445379to00497969/00479436.tar.gz
HTAR: a   DC2_ImSim/Run2.1i/instCat/00445379to00497969/00479437.tar.gz
HTAR: a   DC2_ImSim/Run2.1i/instCat/00445379to00497969/00479466.tar.gz
HTAR: a   DC2_ImSim/Run2.1i/instCat/00445379to00497969/00479467.tar.gz
HTAR: a   DC2_ImSim/Run2.1i/instCat/00445379to00497969/00479468.tar.gz
HTAR: a   DC2_ImSim/Run2.1i/instCat/00445379to00497969/00479470.tar.gz
HTAR: a   DC2_ImSim/Run2.1i/instCat/00445379to00497969/00479471.tar.gz
HTAR: a   DC2_ImSim/Run2.1i/instCat/00445379to00497969/00479473.tar.gz
HTAR: a   DC2_ImSim/Run2.1i/instCat/00445379to00497969/00479474.tar.gz
HTAR: a   DC2_ImSim/Run2.1i/instCat/00445379to00497969/00479476.tar.gz
HTAR: a   DC2_ImSim/Run2.1i/instCat/00445379to00497969/00479477.tar.gz
HTAR: a   DC2_ImSim/Run2.1i/instCat/00445379to00497969/00479478.tar.gz
HTAR: a   DC2_ImSim/Run2.1i/instCat/00445379to00497969/00479488.tar.gz
HTAR: a   DC2_ImSim/Run2.1i/instCat/00445379to00497969/00479489.tar.gz
HTAR: a   DC2_ImSim/Run2.1i/instCat/00445379to00497969/00479490.tar.gz
HTAR: a   DC2_ImSim/Run2.1i/instCat/00445379to00497969/00479509.tar.gz
HTAR: a   DC2_ImSim/Run2.1i/instCat/00445379to00497969/00479510.tar.gz
HTAR: a   DC2_ImSim/Run2.1i/instCat/00445379to00497969/00479511.tar.gz
HTAR: a   DC2_ImSim/Run2.1i/instCat/00445379to00497969/00479512.tar.gz
HTAR: a   DC2_ImSim/Run2.1i/instCat/00445379to00497969/00479513.tar.gz
HTAR: a   DC2_ImSim/Run2.1i/instCat/00445379to00497969/00479514.tar.gz
HTAR: a   DC2_ImSim/Run2.1i/instCat/00445379to00497969/00479539.tar.gz
HTAR: a   DC2_ImSim/Run2.1i/instCat/00445379to00497969/00479540.tar.gz
HTAR: a   DC2_ImSim/Run2.1i/instCat/00445379to00497969/00479541.tar.gz
HTAR: a   DC2_ImSim/Run2.1i/instCat/00445379to00497969/00479542.tar.gz
HTAR: a   DC2_ImSim/Run2.1i/instCat/00445379to00497969/00479543.tar.gz
HTAR: a   DC2_ImSim/Run2.1i/instCat/00445379to00497969/00479579.tar.gz
HTAR: a   DC2_ImSim/Run2.1i/instCat/00445379to00497969/00479580.tar.gz
HTAR: a   DC2_ImSim/Run2.1i/instCat/00445379to00497969/00479588.tar.gz
HTAR: a   DC2_ImSim/Run2.1i/instCat/00445379to00497969/00479589.tar.gz
HTAR: a   DC2_ImSim/Run2.1i/instCat/00445379to00497969/00479590.tar.gz
HTAR: a   DC2_ImSim/Run2.1i/instCat/00445379to00497969/00479591.tar.gz
HTAR: a   DC2_ImSim/Run2.1i/instCat/00445379to00497969/00479592.tar.gz
HTAR: a   DC2_ImSim/Run2.1i/instCat/00445379to00497969/00479611.tar.gz
HTAR: a   DC2_ImSim/Run2.1i/instCat/00445379to00497969/00479618.tar.gz
HTAR: a   DC2_ImSim/Run2.1i/instCat/00445379to00497969/00479619.tar.gz
HTAR: a   DC2_ImSim/Run2.1i/instCat/00445379to00497969/00479620.tar.gz
HTAR: a   DC2_ImSim/Run2.1i/instCat/00445379to00497969/00479621.tar.gz
HTAR: a   DC2_ImSim/Run2.1i/instCat/00445379to00497969/00479622.tar.gz
HTAR: a   DC2_ImSim/Run2.1i/instCat/00445379to00497969/00479653.tar.gz
HTAR: a   DC2_ImSim/Run2.1i/instCat/00445379to00497969/00479654.tar.gz
HTAR: a   DC2_ImSim/Run2.1i/instCat/00445379to00497969/00479655.tar.gz
HTAR: a   DC2_ImSim/Run2.1i/instCat/00445379to00497969/00479656.tar.gz
HTAR: a   DC2_ImSim/Run2.1i/instCat/00445379to00497969/00479657.tar.gz
HTAR: a   DC2_ImSim/Run2.1i/instCat/00445379to00497969/00479658.tar.gz
HTAR: a   DC2_ImSim/Run2.1i/instCat/00445379to00497969/00479659.tar.gz
HTAR: a   DC2_ImSim/Run2.1i/instCat/00445379to00497969/00479660.tar.gz
HTAR: a   DC2_ImSim/Run2.1i/instCat/00445379to00497969/00479661.tar.gz
HTAR: a   DC2_ImSim/Run2.1i/instCat/00445379to00497969/00479662.tar.gz
HTAR: a   DC2_ImSim/Run2.1i/instCat/00445379to00497969/00479663.tar.gz
HTAR: a   DC2_ImSim/Run2.1i/instCat/00445379to00497969/00479664.tar.gz
HTAR: a   DC2_ImSim/Run2.1i/instCat/00445379to00497969/00479665.tar.gz
HTAR: a   DC2_ImSim/Run2.1i/instCat/00445379to00497969/00479683.tar.gz
HTAR: a   DC2_ImSim/Run2.1i/instCat/00445379to00497969/00479684.tar.gz
HTAR: a   DC2_ImSim/Run2.1i/instCat/00445379to00497969/00479685.tar.gz
HTAR: a   DC2_ImSim/Run2.1i/instCat/00445379to00497969/00479686.tar.gz
HTAR: a   DC2_ImSim/Run2.1i/instCat/00445379to00497969/00479687.tar.gz
HTAR: a   DC2_ImSim/Run2.1i/instCat/00445379to00497969/00479688.tar.gz
HTAR: a   DC2_ImSim/Run2.1i/instCat/00445379to00497969/00479689.tar.gz
HTAR: a   DC2_ImSim/Run2.1i/instCat/00445379to00497969/00479690.tar.gz
HTAR: a   DC2_ImSim/Run2.1i/instCat/00445379to00497969/00479691.tar.gz
HTAR: a   DC2_ImSim/Run2.1i/instCat/00445379to00497969/00479693.tar.gz
HTAR: a   DC2_ImSim/Run2.1i/instCat/00445379to00497969/00479694.tar.gz
HTAR: a   DC2_ImSim/Run2.1i/instCat/00445379to00497969/00479695.tar.gz
HTAR: a   DC2_ImSim/Run2.1i/instCat/00445379to00497969/00479696.tar.gz
HTAR: a   DC2_ImSim/Run2.1i/instCat/00445379to00497969/00479697.tar.gz
HTAR: a   DC2_ImSim/Run2.1i/instCat/00445379to00497969/00479698.tar.gz
HTAR: a   DC2_ImSim/Run2.1i/instCat/00445379to00497969/00479699.tar.gz
HTAR: a   DC2_ImSim/Run2.1i/instCat/00445379to00497969/00479738.tar.gz
HTAR: a   DC2_ImSim/Run2.1i/instCat/00445379to00497969/00479739.tar.gz
HTAR: a   DC2_ImSim/Run2.1i/instCat/00445379to00497969/00479740.tar.gz
HTAR: a   DC2_ImSim/Run2.1i/instCat/00445379to00497969/00479741.tar.gz
HTAR: a   DC2_ImSim/Run2.1i/instCat/00445379to00497969/00479753.tar.gz
HTAR: a   DC2_ImSim/Run2.1i/instCat/00445379to00497969/00479779.tar.gz
HTAR: a   DC2_ImSim/Run2.1i/instCat/00445379to00497969/00480284.tar.gz
HTAR: a   DC2_ImSim/Run2.1i/instCat/00445379to00497969/00480297.tar.gz
HTAR: a   DC2_ImSim/Run2.1i/instCat/00445379to00497969/00480298.tar.gz
HTAR: a   DC2_ImSim/Run2.1i/instCat/00445379to00497969/00480299.tar.gz
HTAR: a   DC2_ImSim/Run2.1i/instCat/00445379to00497969/00480300.tar.gz
HTAR: a   DC2_ImSim/Run2.1i/instCat/00445379to00497969/00480301.tar.gz
HTAR: a   DC2_ImSim/Run2.1i/instCat/00445379to00497969/00480302.tar.gz
HTAR: a   DC2_ImSim/Run2.1i/instCat/00445379to00497969/00480303.tar.gz
HTAR: a   DC2_ImSim/Run2.1i/instCat/00445379to00497969/00480304.tar.gz
HTAR: a   DC2_ImSim/Run2.1i/instCat/00445379to00497969/00480305.tar.gz
HTAR: a   DC2_ImSim/Run2.1i/instCat/00445379to00497969/00480306.tar.gz
HTAR: a   DC2_ImSim/Run2.1i/instCat/00445379to00497969/00480307.tar.gz
HTAR: a   DC2_ImSim/Run2.1i/instCat/00445379to00497969/00480308.tar.gz
HTAR: a   DC2_ImSim/Run2.1i/instCat/00445379to00497969/00480309.tar.gz
HTAR: a   DC2_ImSim/Run2.1i/instCat/00445379to00497969/00480310.tar.gz
HTAR: a   DC2_ImSim/Run2.1i/instCat/00445379to00497969/00480311.tar.gz
HTAR: a   DC2_ImSim/Run2.1i/instCat/00445379to00497969/00480334.tar.gz
HTAR: a   DC2_ImSim/Run2.1i/instCat/00445379to00497969/00480335.tar.gz
HTAR: a   DC2_ImSim/Run2.1i/instCat/00445379to00497969/00480337.tar.gz
HTAR: a   DC2_ImSim/Run2.1i/instCat/00445379to00497969/00480338.tar.gz
HTAR: a   /tmp/HTAR_CF_CHK_64944_1561058029
HTAR Create complete for /home/projects/desc/DC2_ImSim/Run2.1i/instCat/00445379to00497969/00479306to00480338.tar. 500,679,527,936 bytes written for 112 member files, max threads: 2 Transfer time: 3036.234 seconds (164.902 MB/s) wallclock/user/sys: 3037.177 3554.342 1654.147 seconds
HTAR: HTAR SUCCESSFUL
HTAR: a   DC2_ImSim/Run2.1i/instCat/00445379to00497969/00480339.tar.gz
HTAR: a   DC2_ImSim/Run2.1i/instCat/00445379to00497969/00480340.tar.gz
HTAR: a   DC2_ImSim/Run2.1i/instCat/00445379to00497969/00480341.tar.gz
HTAR: a   DC2_ImSim/Run2.1i/instCat/00445379to00497969/00480342.tar.gz
HTAR: a   DC2_ImSim/Run2.1i/instCat/00445379to00497969/00480343.tar.gz
HTAR: a   DC2_ImSim/Run2.1i/instCat/00445379to00497969/00480344.tar.gz
HTAR: a   DC2_ImSim/Run2.1i/instCat/00445379to00497969/00480345.tar.gz
HTAR: a   DC2_ImSim/Run2.1i/instCat/00445379to00497969/00480346.tar.gz
HTAR: a   DC2_ImSim/Run2.1i/instCat/00445379to00497969/00480347.tar.gz
HTAR: a   DC2_ImSim/Run2.1i/instCat/00445379to00497969/00480348.tar.gz
HTAR: a   DC2_ImSim/Run2.1i/instCat/00445379to00497969/00480368.tar.gz
HTAR: a   DC2_ImSim/Run2.1i/instCat/00445379to00497969/00480369.tar.gz
HTAR: a   DC2_ImSim/Run2.1i/instCat/00445379to00497969/00480372.tar.gz
HTAR: a   DC2_ImSim/Run2.1i/instCat/00445379to00497969/00480373.tar.gz
HTAR: a   DC2_ImSim/Run2.1i/instCat/00445379to00497969/00480374.tar.gz
HTAR: a   DC2_ImSim/Run2.1i/instCat/00445379to00497969/00480375.tar.gz
HTAR: a   DC2_ImSim/Run2.1i/instCat/00445379to00497969/00480376.tar.gz
HTAR: a   DC2_ImSim/Run2.1i/instCat/00445379to00497969/00480378.tar.gz
HTAR: a   DC2_ImSim/Run2.1i/instCat/00445379to00497969/00480674.tar.gz
HTAR: a   DC2_ImSim/Run2.1i/instCat/00445379to00497969/00480676.tar.gz
HTAR: a   DC2_ImSim/Run2.1i/instCat/00445379to00497969/00480677.tar.gz
HTAR: a   DC2_ImSim/Run2.1i/instCat/00445379to00497969/00480678.tar.gz
HTAR: a   DC2_ImSim/Run2.1i/instCat/00445379to00497969/00480679.tar.gz
HTAR: a   DC2_ImSim/Run2.1i/instCat/00445379to00497969/00480680.tar.gz
HTAR: a   DC2_ImSim/Run2.1i/instCat/00445379to00497969/00480681.tar.gz
HTAR: a   DC2_ImSim/Run2.1i/instCat/00445379to00497969/00480682.tar.gz
HTAR: a   DC2_ImSim/Run2.1i/instCat/00445379to00497969/00480908.tar.gz
HTAR: a   DC2_ImSim/Run2.1i/instCat/00445379to00497969/00480909.tar.gz
HTAR: a   DC2_ImSim/Run2.1i/instCat/00445379to00497969/00480910.tar.gz
HTAR: a   DC2_ImSim/Run2.1i/instCat/00445379to00497969/00480911.tar.gz
HTAR: a   DC2_ImSim/Run2.1i/instCat/00445379to00497969/00480912.tar.gz
HTAR: a   DC2_ImSim/Run2.1i/instCat/00445379to00497969/00480913.tar.gz
HTAR: a   DC2_ImSim/Run2.1i/instCat/00445379to00497969/00480914.tar.gz
HTAR: a   DC2_ImSim/Run2.1i/instCat/00445379to00497969/00481355.tar.gz
HTAR: a   DC2_ImSim/Run2.1i/instCat/00445379to00497969/00481377.tar.gz
HTAR: a   DC2_ImSim/Run2.1i/instCat/00445379to00497969/00481380.tar.gz
HTAR: a   DC2_ImSim/Run2.1i/instCat/00445379to00497969/00481381.tar.gz
HTAR: a   DC2_ImSim/Run2.1i/instCat/00445379to00497969/00481382.tar.gz
HTAR: a   DC2_ImSim/Run2.1i/instCat/00445379to00497969/00481383.tar.gz
HTAR: a   DC2_ImSim/Run2.1i/instCat/00445379to00497969/00481384.tar.gz
HTAR: a   DC2_ImSim/Run2.1i/instCat/00445379to00497969/00481385.tar.gz
HTAR: a   DC2_ImSim/Run2.1i/instCat/00445379to00497969/00481387.tar.gz
HTAR: a   DC2_ImSim/Run2.1i/instCat/00445379to00497969/00481388.tar.gz
HTAR: a   DC2_ImSim/Run2.1i/instCat/00445379to00497969/00481389.tar.gz
HTAR: a   DC2_ImSim/Run2.1i/instCat/00445379to00497969/00481390.tar.gz
HTAR: a   DC2_ImSim/Run2.1i/instCat/00445379to00497969/00481394.tar.gz
HTAR: a   DC2_ImSim/Run2.1i/instCat/00445379to00497969/00481433.tar.gz
HTAR: a   DC2_ImSim/Run2.1i/instCat/00445379to00497969/00481434.tar.gz
HTAR: a   DC2_ImSim/Run2.1i/instCat/00445379to00497969/00481435.tar.gz
HTAR: a   DC2_ImSim/Run2.1i/instCat/00445379to00497969/00481437.tar.gz
HTAR: a   DC2_ImSim/Run2.1i/instCat/00445379to00497969/00484218.tar.gz
HTAR: a   DC2_ImSim/Run2.1i/instCat/00445379to00497969/00484219.tar.gz
HTAR: a   DC2_ImSim/Run2.1i/instCat/00445379to00497969/00484232.tar.gz
HTAR: a   DC2_ImSim/Run2.1i/instCat/00445379to00497969/00484233.tar.gz
HTAR: a   DC2_ImSim/Run2.1i/instCat/00445379to00497969/00484234.tar.gz
HTAR: a   DC2_ImSim/Run2.1i/instCat/00445379to00497969/00484235.tar.gz
HTAR: a   DC2_ImSim/Run2.1i/instCat/00445379to00497969/00484236.tar.gz
HTAR: a   DC2_ImSim/Run2.1i/instCat/00445379to00497969/00484237.tar.gz
HTAR: a   DC2_ImSim/Run2.1i/instCat/00445379to00497969/00484238.tar.gz
HTAR: a   DC2_ImSim/Run2.1i/instCat/00445379to00497969/00484239.tar.gz
HTAR: a   DC2_ImSim/Run2.1i/instCat/00445379to00497969/00484240.tar.gz
HTAR: a   DC2_ImSim/Run2.1i/instCat/00445379to00497969/00484242.tar.gz
HTAR: a   DC2_ImSim/Run2.1i/instCat/00445379to00497969/00484262.tar.gz
HTAR: a   DC2_ImSim/Run2.1i/instCat/00445379to00497969/00484263.tar.gz
HTAR: a   DC2_ImSim/Run2.1i/instCat/00445379to00497969/00484264.tar.gz
HTAR: a   DC2_ImSim/Run2.1i/instCat/00445379to00497969/00484265.tar.gz
HTAR: a   DC2_ImSim/Run2.1i/instCat/00445379to00497969/00484266.tar.gz
HTAR: a   DC2_ImSim/Run2.1i/instCat/00445379to00497969/00484267.tar.gz
HTAR: a   DC2_ImSim/Run2.1i/instCat/00445379to00497969/00484268.tar.gz
HTAR: a   DC2_ImSim/Run2.1i/instCat/00445379to00497969/00484269.tar.gz
HTAR: a   DC2_ImSim/Run2.1i/instCat/00445379to00497969/00484270.tar.gz
HTAR: a   DC2_ImSim/Run2.1i/instCat/00445379to00497969/00484272.tar.gz
HTAR: a   DC2_ImSim/Run2.1i/instCat/00445379to00497969/00484273.tar.gz
HTAR: a   DC2_ImSim/Run2.1i/instCat/00445379to00497969/00484274.tar.gz
HTAR: a   DC2_ImSim/Run2.1i/instCat/00445379to00497969/00484275.tar.gz
HTAR: a   DC2_ImSim/Run2.1i/instCat/00445379to00497969/00484276.tar.gz
HTAR: a   DC2_ImSim/Run2.1i/instCat/00445379to00497969/00484277.tar.gz
HTAR: a   DC2_ImSim/Run2.1i/instCat/00445379to00497969/00484278.tar.gz
HTAR: a   DC2_ImSim/Run2.1i/instCat/00445379to00497969/00484279.tar.gz
HTAR: a   DC2_ImSim/Run2.1i/instCat/00445379to00497969/00484323.tar.gz
HTAR: a   DC2_ImSim/Run2.1i/instCat/00445379to00497969/00484324.tar.gz
HTAR: a   DC2_ImSim/Run2.1i/instCat/00445379to00497969/00484325.tar.gz
HTAR: a   DC2_ImSim/Run2.1i/instCat/00445379to00497969/00484326.tar.gz
HTAR: a   DC2_ImSim/Run2.1i/instCat/00445379to00497969/00484327.tar.gz
HTAR: a   DC2_ImSim/Run2.1i/instCat/00445379to00497969/00484328.tar.gz
HTAR: a   DC2_ImSim/Run2.1i/instCat/00445379to00497969/00484329.tar.gz
HTAR: a   DC2_ImSim/Run2.1i/instCat/00445379to00497969/00484856.tar.gz
HTAR: a   DC2_ImSim/Run2.1i/instCat/00445379to00497969/00484895.tar.gz
HTAR: a   DC2_ImSim/Run2.1i/instCat/00445379to00497969/00485579.tar.gz
HTAR: a   DC2_ImSim/Run2.1i/instCat/00445379to00497969/00485593.tar.gz
HTAR: a   DC2_ImSim/Run2.1i/instCat/00445379to00497969/00485611.tar.gz
HTAR: a   DC2_ImSim/Run2.1i/instCat/00445379to00497969/00485612.tar.gz
HTAR: a   DC2_ImSim/Run2.1i/instCat/00445379to00497969/00485620.tar.gz
HTAR: a   DC2_ImSim/Run2.1i/instCat/00445379to00497969/00485627.tar.gz
HTAR: a   DC2_ImSim/Run2.1i/instCat/00445379to00497969/00485628.tar.gz
HTAR: a   DC2_ImSim/Run2.1i/instCat/00445379to00497969/00485629.tar.gz
HTAR: a   DC2_ImSim/Run2.1i/instCat/00445379to00497969/00486463.tar.gz
HTAR: a   DC2_ImSim/Run2.1i/instCat/00445379to00497969/00487107.tar.gz
HTAR: a   DC2_ImSim/Run2.1i/instCat/00445379to00497969/00487108.tar.gz
HTAR: a   DC2_ImSim/Run2.1i/instCat/00445379to00497969/00488399.tar.gz
HTAR: a   DC2_ImSim/Run2.1i/instCat/00445379to00497969/00488425.tar.gz
HTAR: a   DC2_ImSim/Run2.1i/instCat/00445379to00497969/00488444.tar.gz
HTAR: a   DC2_ImSim/Run2.1i/instCat/00445379to00497969/00489159.tar.gz
HTAR: a   DC2_ImSim/Run2.1i/instCat/00445379to00497969/00489167.tar.gz
HTAR: a   DC2_ImSim/Run2.1i/instCat/00445379to00497969/00489225.tar.gz
HTAR: a   DC2_ImSim/Run2.1i/instCat/00445379to00497969/00489262.tar.gz
HTAR: a   DC2_ImSim/Run2.1i/instCat/00445379to00497969/00489291.tar.gz
HTAR: a   DC2_ImSim/Run2.1i/instCat/00445379to00497969/00489341.tar.gz
HTAR: a   DC2_ImSim/Run2.1i/instCat/00445379to00497969/00489887.tar.gz
HTAR: a   DC2_ImSim/Run2.1i/instCat/00445379to00497969/00489888.tar.gz
HTAR: a   DC2_ImSim/Run2.1i/instCat/00445379to00497969/00489889.tar.gz
HTAR: a   DC2_ImSim/Run2.1i/instCat/00445379to00497969/00489890.tar.gz
HTAR: a   /tmp/HTAR_CF_CHK_54772_1561061115
HTAR Create complete for /home/projects/desc/DC2_ImSim/Run2.1i/instCat/00445379to00497969/00480339to00489890.tar. 497,666,452,480 bytes written for 112 member files, max threads: 2 Transfer time: 3013.248 seconds (165.159 MB/s) wallclock/user/sys: 3060.073 3514.905 1653.989 seconds
HTAR: HTAR SUCCESSFUL
HTAR: a   DC2_ImSim/Run2.1i/instCat/00445379to00497969/00489891.tar.gz
HTAR: a   DC2_ImSim/Run2.1i/instCat/00445379to00497969/00491205.tar.gz
HTAR: a   DC2_ImSim/Run2.1i/instCat/00445379to00497969/00491311.tar.gz
HTAR: a   DC2_ImSim/Run2.1i/instCat/00445379to00497969/00491312.tar.gz
HTAR: a   DC2_ImSim/Run2.1i/instCat/00445379to00497969/00491313.tar.gz
HTAR: a   DC2_ImSim/Run2.1i/instCat/00445379to00497969/00491463.tar.gz
HTAR: a   DC2_ImSim/Run2.1i/instCat/00445379to00497969/00491508.tar.gz
HTAR: a   DC2_ImSim/Run2.1i/instCat/00445379to00497969/00491509.tar.gz
HTAR: a   DC2_ImSim/Run2.1i/instCat/00445379to00497969/00491510.tar.gz
HTAR: a   DC2_ImSim/Run2.1i/instCat/00445379to00497969/00491546.tar.gz
HTAR: a   DC2_ImSim/Run2.1i/instCat/00445379to00497969/00491547.tar.gz
HTAR: a   DC2_ImSim/Run2.1i/instCat/00445379to00497969/00491548.tar.gz
HTAR: a   DC2_ImSim/Run2.1i/instCat/00445379to00497969/00491549.tar.gz
HTAR: a   DC2_ImSim/Run2.1i/instCat/00445379to00497969/00491550.tar.gz
HTAR: a   DC2_ImSim/Run2.1i/instCat/00445379to00497969/00491551.tar.gz
HTAR: a   DC2_ImSim/Run2.1i/instCat/00445379to00497969/00491553.tar.gz
HTAR: a   DC2_ImSim/Run2.1i/instCat/00445379to00497969/00491554.tar.gz
HTAR: a   DC2_ImSim/Run2.1i/instCat/00445379to00497969/00491557.tar.gz
HTAR: a   DC2_ImSim/Run2.1i/instCat/00445379to00497969/00491559.tar.gz
HTAR: a   DC2_ImSim/Run2.1i/instCat/00445379to00497969/00491560.tar.gz
HTAR: a   DC2_ImSim/Run2.1i/instCat/00445379to00497969/00491561.tar.gz
HTAR: a   DC2_ImSim/Run2.1i/instCat/00445379to00497969/00491562.tar.gz
HTAR: a   DC2_ImSim/Run2.1i/instCat/00445379to00497969/00491563.tar.gz
HTAR: a   DC2_ImSim/Run2.1i/instCat/00445379to00497969/00491590.tar.gz
HTAR: a   DC2_ImSim/Run2.1i/instCat/00445379to00497969/00491591.tar.gz
HTAR: a   DC2_ImSim/Run2.1i/instCat/00445379to00497969/00491592.tar.gz
HTAR: a   DC2_ImSim/Run2.1i/instCat/00445379to00497969/00491594.tar.gz
HTAR: a   DC2_ImSim/Run2.1i/instCat/00445379to00497969/00491595.tar.gz
HTAR: a   DC2_ImSim/Run2.1i/instCat/00445379to00497969/00491597.tar.gz
HTAR: a   DC2_ImSim/Run2.1i/instCat/00445379to00497969/00491599.tar.gz
HTAR: a   DC2_ImSim/Run2.1i/instCat/00445379to00497969/00491600.tar.gz
HTAR: a   DC2_ImSim/Run2.1i/instCat/00445379to00497969/00491601.tar.gz
HTAR: a   DC2_ImSim/Run2.1i/instCat/00445379to00497969/00491602.tar.gz
HTAR: a   DC2_ImSim/Run2.1i/instCat/00445379to00497969/00491603.tar.gz
HTAR: a   DC2_ImSim/Run2.1i/instCat/00445379to00497969/00492026.tar.gz
HTAR: a   DC2_ImSim/Run2.1i/instCat/00445379to00497969/00492027.tar.gz
HTAR: a   DC2_ImSim/Run2.1i/instCat/00445379to00497969/00492028.tar.gz
HTAR: a   DC2_ImSim/Run2.1i/instCat/00445379to00497969/00492029.tar.gz
HTAR: a   DC2_ImSim/Run2.1i/instCat/00445379to00497969/00492030.tar.gz
HTAR: a   DC2_ImSim/Run2.1i/instCat/00445379to00497969/00492032.tar.gz
HTAR: a   DC2_ImSim/Run2.1i/instCat/00445379to00497969/00492033.tar.gz
HTAR: a   DC2_ImSim/Run2.1i/instCat/00445379to00497969/00492034.tar.gz
HTAR: a   DC2_ImSim/Run2.1i/instCat/00445379to00497969/00492035.tar.gz
HTAR: a   DC2_ImSim/Run2.1i/instCat/00445379to00497969/00492036.tar.gz
HTAR: a   DC2_ImSim/Run2.1i/instCat/00445379to00497969/00492037.tar.gz
HTAR: a   DC2_ImSim/Run2.1i/instCat/00445379to00497969/00494227.tar.gz
HTAR: a   DC2_ImSim/Run2.1i/instCat/00445379to00497969/00494229.tar.gz
HTAR: a   DC2_ImSim/Run2.1i/instCat/00445379to00497969/00494230.tar.gz
HTAR: a   DC2_ImSim/Run2.1i/instCat/00445379to00497969/00494231.tar.gz
HTAR: a   DC2_ImSim/Run2.1i/instCat/00445379to00497969/00494232.tar.gz
HTAR: a   DC2_ImSim/Run2.1i/instCat/00445379to00497969/00494233.tar.gz
HTAR: a   DC2_ImSim/Run2.1i/instCat/00445379to00497969/00494234.tar.gz
HTAR: a   DC2_ImSim/Run2.1i/instCat/00445379to00497969/00494235.tar.gz
HTAR: a   DC2_ImSim/Run2.1i/instCat/00445379to00497969/00494244.tar.gz
HTAR: a   DC2_ImSim/Run2.1i/instCat/00445379to00497969/00494262.tar.gz
HTAR: a   DC2_ImSim/Run2.1i/instCat/00445379to00497969/00496140.tar.gz
HTAR: a   DC2_ImSim/Run2.1i/instCat/00445379to00497969/00496144.tar.gz
HTAR: a   DC2_ImSim/Run2.1i/instCat/00445379to00497969/00496188.tar.gz
HTAR: a   DC2_ImSim/Run2.1i/instCat/00445379to00497969/00496193.tar.gz
HTAR: a   DC2_ImSim/Run2.1i/instCat/00445379to00497969/00496194.tar.gz
HTAR: a   DC2_ImSim/Run2.1i/instCat/00445379to00497969/00496196.tar.gz
HTAR: a   DC2_ImSim/Run2.1i/instCat/00445379to00497969/00496197.tar.gz
HTAR: a   DC2_ImSim/Run2.1i/instCat/00445379to00497969/00496201.tar.gz
HTAR: a   DC2_ImSim/Run2.1i/instCat/00445379to00497969/00496951.tar.gz
HTAR: a   DC2_ImSim/Run2.1i/instCat/00445379to00497969/00496952.tar.gz
HTAR: a   DC2_ImSim/Run2.1i/instCat/00445379to00497969/00496954.tar.gz
HTAR: a   DC2_ImSim/Run2.1i/instCat/00445379to00497969/00496957.tar.gz
HTAR: a   DC2_ImSim/Run2.1i/instCat/00445379to00497969/00496958.tar.gz
HTAR: a   DC2_ImSim/Run2.1i/instCat/00445379to00497969/00496959.tar.gz
HTAR: a   DC2_ImSim/Run2.1i/instCat/00445379to00497969/00496960.tar.gz
HTAR: a   DC2_ImSim/Run2.1i/instCat/00445379to00497969/00496961.tar.gz
HTAR: a   DC2_ImSim/Run2.1i/instCat/00445379to00497969/00496962.tar.gz
HTAR: a   DC2_ImSim/Run2.1i/instCat/00445379to00497969/00496963.tar.gz
HTAR: a   DC2_ImSim/Run2.1i/instCat/00445379to00497969/00496964.tar.gz
HTAR: a   DC2_ImSim/Run2.1i/instCat/00445379to00497969/00496976.tar.gz
HTAR: a   DC2_ImSim/Run2.1i/instCat/00445379to00497969/00496977.tar.gz
HTAR: a   DC2_ImSim/Run2.1i/instCat/00445379to00497969/00496978.tar.gz
HTAR: a   DC2_ImSim/Run2.1i/instCat/00445379to00497969/00496979.tar.gz
HTAR: a   DC2_ImSim/Run2.1i/instCat/00445379to00497969/00496980.tar.gz
HTAR: a   DC2_ImSim/Run2.1i/instCat/00445379to00497969/00496983.tar.gz
HTAR: a   DC2_ImSim/Run2.1i/instCat/00445379to00497969/00496984.tar.gz
HTAR: a   DC2_ImSim/Run2.1i/instCat/00445379to00497969/00496985.tar.gz
HTAR: a   DC2_ImSim/Run2.1i/instCat/00445379to00497969/00496986.tar.gz
HTAR: a   DC2_ImSim/Run2.1i/instCat/00445379to00497969/00496988.tar.gz
HTAR: a   DC2_ImSim/Run2.1i/instCat/00445379to00497969/00496989.tar.gz
HTAR: a   DC2_ImSim/Run2.1i/instCat/00445379to00497969/00496990.tar.gz
HTAR: a   DC2_ImSim/Run2.1i/instCat/00445379to00497969/00496991.tar.gz
HTAR: a   DC2_ImSim/Run2.1i/instCat/00445379to00497969/00496992.tar.gz
HTAR: a   DC2_ImSim/Run2.1i/instCat/00445379to00497969/00496993.tar.gz
HTAR: a   DC2_ImSim/Run2.1i/instCat/00445379to00497969/00496994.tar.gz
HTAR: a   DC2_ImSim/Run2.1i/instCat/00445379to00497969/00497005.tar.gz
HTAR: a   DC2_ImSim/Run2.1i/instCat/00445379to00497969/00497006.tar.gz
HTAR: a   DC2_ImSim/Run2.1i/instCat/00445379to00497969/00497007.tar.gz
HTAR: a   DC2_ImSim/Run2.1i/instCat/00445379to00497969/00497008.tar.gz
HTAR: a   DC2_ImSim/Run2.1i/instCat/00445379to00497969/00497009.tar.gz
HTAR: a   DC2_ImSim/Run2.1i/instCat/00445379to00497969/00497010.tar.gz
HTAR: a   DC2_ImSim/Run2.1i/instCat/00445379to00497969/00497011.tar.gz
HTAR: a   DC2_ImSim/Run2.1i/instCat/00445379to00497969/00497013.tar.gz
HTAR: a   DC2_ImSim/Run2.1i/instCat/00445379to00497969/00497014.tar.gz
HTAR: a   DC2_ImSim/Run2.1i/instCat/00445379to00497969/00497042.tar.gz
HTAR: a   DC2_ImSim/Run2.1i/instCat/00445379to00497969/00497043.tar.gz
HTAR: a   DC2_ImSim/Run2.1i/instCat/00445379to00497969/00497044.tar.gz
HTAR: a   DC2_ImSim/Run2.1i/instCat/00445379to00497969/00497045.tar.gz
HTAR: a   DC2_ImSim/Run2.1i/instCat/00445379to00497969/00497049.tar.gz
HTAR: a   DC2_ImSim/Run2.1i/instCat/00445379to00497969/00497081.tar.gz
HTAR: a   DC2_ImSim/Run2.1i/instCat/00445379to00497969/00497119.tar.gz
HTAR: a   DC2_ImSim/Run2.1i/instCat/00445379to00497969/00497120.tar.gz
HTAR: a   /tmp/HTAR_CF_CHK_11715_1561064132
HTAR Create complete for /home/projects/desc/DC2_ImSim/Run2.1i/instCat/00445379to00497969/00489891to00497120.tar. 457,296,097,280 bytes written for 107 member files, max threads: 3 Transfer time: 2782.138 seconds (164.369 MB/s) wallclock/user/sys: 2782.612 3246.843 1525.058 seconds
HTAR: HTAR SUCCESSFUL
