HTAR: a   DC2_ImSim/Run2.1i/instCat/00609114to00677003/00656430.tar.gz
HTAR: a   DC2_ImSim/Run2.1i/instCat/00609114to00677003/00656431.tar.gz
HTAR: a   DC2_ImSim/Run2.1i/instCat/00609114to00677003/00656432.tar.gz
HTAR: a   DC2_ImSim/Run2.1i/instCat/00609114to00677003/00656433.tar.gz
HTAR: a   DC2_ImSim/Run2.1i/instCat/00609114to00677003/00656443.tar.gz
HTAR: a   DC2_ImSim/Run2.1i/instCat/00609114to00677003/00656444.tar.gz
HTAR: a   DC2_ImSim/Run2.1i/instCat/00609114to00677003/00656445.tar.gz
HTAR: a   DC2_ImSim/Run2.1i/instCat/00609114to00677003/00656446.tar.gz
HTAR: a   DC2_ImSim/Run2.1i/instCat/00609114to00677003/00656447.tar.gz
HTAR: a   DC2_ImSim/Run2.1i/instCat/00609114to00677003/00656448.tar.gz
HTAR: a   DC2_ImSim/Run2.1i/instCat/00609114to00677003/00656449.tar.gz
HTAR: a   DC2_ImSim/Run2.1i/instCat/00609114to00677003/00656450.tar.gz
HTAR: a   DC2_ImSim/Run2.1i/instCat/00609114to00677003/00656451.tar.gz
HTAR: a   DC2_ImSim/Run2.1i/instCat/00609114to00677003/00656452.tar.gz
HTAR: a   DC2_ImSim/Run2.1i/instCat/00609114to00677003/00656453.tar.gz
HTAR: a   DC2_ImSim/Run2.1i/instCat/00609114to00677003/00656454.tar.gz
HTAR: a   DC2_ImSim/Run2.1i/instCat/00609114to00677003/00656455.tar.gz
HTAR: a   DC2_ImSim/Run2.1i/instCat/00609114to00677003/00656456.tar.gz
HTAR: a   DC2_ImSim/Run2.1i/instCat/00609114to00677003/00656457.tar.gz
HTAR: a   DC2_ImSim/Run2.1i/instCat/00609114to00677003/00656458.tar.gz
HTAR: a   DC2_ImSim/Run2.1i/instCat/00609114to00677003/00656459.tar.gz
HTAR: a   DC2_ImSim/Run2.1i/instCat/00609114to00677003/00656460.tar.gz
HTAR: a   DC2_ImSim/Run2.1i/instCat/00609114to00677003/00656467.tar.gz
HTAR: a   DC2_ImSim/Run2.1i/instCat/00609114to00677003/00656468.tar.gz
HTAR: a   DC2_ImSim/Run2.1i/instCat/00609114to00677003/00656469.tar.gz
HTAR: a   DC2_ImSim/Run2.1i/instCat/00609114to00677003/00656470.tar.gz
HTAR: a   DC2_ImSim/Run2.1i/instCat/00609114to00677003/00656471.tar.gz
HTAR: a   DC2_ImSim/Run2.1i/instCat/00609114to00677003/00656472.tar.gz
HTAR: a   DC2_ImSim/Run2.1i/instCat/00609114to00677003/00656473.tar.gz
HTAR: a   DC2_ImSim/Run2.1i/instCat/00609114to00677003/00656482.tar.gz
HTAR: a   DC2_ImSim/Run2.1i/instCat/00609114to00677003/00656490.tar.gz
HTAR: a   DC2_ImSim/Run2.1i/instCat/00609114to00677003/00656491.tar.gz
HTAR: a   DC2_ImSim/Run2.1i/instCat/00609114to00677003/00656492.tar.gz
HTAR: a   DC2_ImSim/Run2.1i/instCat/00609114to00677003/00656493.tar.gz
HTAR: a   DC2_ImSim/Run2.1i/instCat/00609114to00677003/00656494.tar.gz
HTAR: a   DC2_ImSim/Run2.1i/instCat/00609114to00677003/00656507.tar.gz
HTAR: a   DC2_ImSim/Run2.1i/instCat/00609114to00677003/00656511.tar.gz
HTAR: a   DC2_ImSim/Run2.1i/instCat/00609114to00677003/00656520.tar.gz
HTAR: a   DC2_ImSim/Run2.1i/instCat/00609114to00677003/00656522.tar.gz
HTAR: a   DC2_ImSim/Run2.1i/instCat/00609114to00677003/00656523.tar.gz
HTAR: a   DC2_ImSim/Run2.1i/instCat/00609114to00677003/00656524.tar.gz
HTAR: a   DC2_ImSim/Run2.1i/instCat/00609114to00677003/00656525.tar.gz
HTAR: a   DC2_ImSim/Run2.1i/instCat/00609114to00677003/00656526.tar.gz
HTAR: a   DC2_ImSim/Run2.1i/instCat/00609114to00677003/00656527.tar.gz
HTAR: a   DC2_ImSim/Run2.1i/instCat/00609114to00677003/00656532.tar.gz
HTAR: a   DC2_ImSim/Run2.1i/instCat/00609114to00677003/00657274.tar.gz
HTAR: a   DC2_ImSim/Run2.1i/instCat/00609114to00677003/00657288.tar.gz
HTAR: a   DC2_ImSim/Run2.1i/instCat/00609114to00677003/00657292.tar.gz
HTAR: a   DC2_ImSim/Run2.1i/instCat/00609114to00677003/00657293.tar.gz
HTAR: a   DC2_ImSim/Run2.1i/instCat/00609114to00677003/00657294.tar.gz
HTAR: a   DC2_ImSim/Run2.1i/instCat/00609114to00677003/00657300.tar.gz
HTAR: a   DC2_ImSim/Run2.1i/instCat/00609114to00677003/00657302.tar.gz
HTAR: a   DC2_ImSim/Run2.1i/instCat/00609114to00677003/00657420.tar.gz
HTAR: a   DC2_ImSim/Run2.1i/instCat/00609114to00677003/00657450.tar.gz
HTAR: a   DC2_ImSim/Run2.1i/instCat/00609114to00677003/00657466.tar.gz
HTAR: a   DC2_ImSim/Run2.1i/instCat/00609114to00677003/00657467.tar.gz
HTAR: a   DC2_ImSim/Run2.1i/instCat/00609114to00677003/00657468.tar.gz
HTAR: a   DC2_ImSim/Run2.1i/instCat/00609114to00677003/00657470.tar.gz
HTAR: a   DC2_ImSim/Run2.1i/instCat/00609114to00677003/00657471.tar.gz
HTAR: a   DC2_ImSim/Run2.1i/instCat/00609114to00677003/00657472.tar.gz
HTAR: a   DC2_ImSim/Run2.1i/instCat/00609114to00677003/00657473.tar.gz
HTAR: a   DC2_ImSim/Run2.1i/instCat/00609114to00677003/00657487.tar.gz
HTAR: a   DC2_ImSim/Run2.1i/instCat/00609114to00677003/00657488.tar.gz
HTAR: a   DC2_ImSim/Run2.1i/instCat/00609114to00677003/00657489.tar.gz
HTAR: a   DC2_ImSim/Run2.1i/instCat/00609114to00677003/00657490.tar.gz
HTAR: a   DC2_ImSim/Run2.1i/instCat/00609114to00677003/00657544.tar.gz
HTAR: a   DC2_ImSim/Run2.1i/instCat/00609114to00677003/00657545.tar.gz
HTAR: a   DC2_ImSim/Run2.1i/instCat/00609114to00677003/00657546.tar.gz
HTAR: a   DC2_ImSim/Run2.1i/instCat/00609114to00677003/00657547.tar.gz
HTAR: a   DC2_ImSim/Run2.1i/instCat/00609114to00677003/00657548.tar.gz
HTAR: a   DC2_ImSim/Run2.1i/instCat/00609114to00677003/00657549.tar.gz
HTAR: a   DC2_ImSim/Run2.1i/instCat/00609114to00677003/00657550.tar.gz
HTAR: a   DC2_ImSim/Run2.1i/instCat/00609114to00677003/00657551.tar.gz
HTAR: a   DC2_ImSim/Run2.1i/instCat/00609114to00677003/00657552.tar.gz
HTAR: a   DC2_ImSim/Run2.1i/instCat/00609114to00677003/00657553.tar.gz
HTAR: a   DC2_ImSim/Run2.1i/instCat/00609114to00677003/00657554.tar.gz
HTAR: a   DC2_ImSim/Run2.1i/instCat/00609114to00677003/00657565.tar.gz
HTAR: a   DC2_ImSim/Run2.1i/instCat/00609114to00677003/00657566.tar.gz
HTAR: a   DC2_ImSim/Run2.1i/instCat/00609114to00677003/00657567.tar.gz
HTAR: a   DC2_ImSim/Run2.1i/instCat/00609114to00677003/00657568.tar.gz
HTAR: a   DC2_ImSim/Run2.1i/instCat/00609114to00677003/00657569.tar.gz
HTAR: a   DC2_ImSim/Run2.1i/instCat/00609114to00677003/00657570.tar.gz
HTAR: a   DC2_ImSim/Run2.1i/instCat/00609114to00677003/00657631.tar.gz
HTAR: a   DC2_ImSim/Run2.1i/instCat/00609114to00677003/00658342.tar.gz
HTAR: a   DC2_ImSim/Run2.1i/instCat/00609114to00677003/00658343.tar.gz
HTAR: a   DC2_ImSim/Run2.1i/instCat/00609114to00677003/00658344.tar.gz
HTAR: a   DC2_ImSim/Run2.1i/instCat/00609114to00677003/00658345.tar.gz
HTAR: a   DC2_ImSim/Run2.1i/instCat/00609114to00677003/00658346.tar.gz
HTAR: a   DC2_ImSim/Run2.1i/instCat/00609114to00677003/00658347.tar.gz
HTAR: a   DC2_ImSim/Run2.1i/instCat/00609114to00677003/00658348.tar.gz
HTAR: a   DC2_ImSim/Run2.1i/instCat/00609114to00677003/00658349.tar.gz
HTAR: a   DC2_ImSim/Run2.1i/instCat/00609114to00677003/00658350.tar.gz
HTAR: a   DC2_ImSim/Run2.1i/instCat/00609114to00677003/00658351.tar.gz
HTAR: a   DC2_ImSim/Run2.1i/instCat/00609114to00677003/00658352.tar.gz
HTAR: a   DC2_ImSim/Run2.1i/instCat/00609114to00677003/00658353.tar.gz
HTAR: a   DC2_ImSim/Run2.1i/instCat/00609114to00677003/00658354.tar.gz
HTAR: a   DC2_ImSim/Run2.1i/instCat/00609114to00677003/00658373.tar.gz
HTAR: a   DC2_ImSim/Run2.1i/instCat/00609114to00677003/00658374.tar.gz
HTAR: a   DC2_ImSim/Run2.1i/instCat/00609114to00677003/00658375.tar.gz
HTAR: a   DC2_ImSim/Run2.1i/instCat/00609114to00677003/00658376.tar.gz
HTAR: a   DC2_ImSim/Run2.1i/instCat/00609114to00677003/00658377.tar.gz
HTAR: a   DC2_ImSim/Run2.1i/instCat/00609114to00677003/00658378.tar.gz
HTAR: a   DC2_ImSim/Run2.1i/instCat/00609114to00677003/00658379.tar.gz
HTAR: a   DC2_ImSim/Run2.1i/instCat/00609114to00677003/00658380.tar.gz
HTAR: a   DC2_ImSim/Run2.1i/instCat/00609114to00677003/00658381.tar.gz
HTAR: a   DC2_ImSim/Run2.1i/instCat/00609114to00677003/00658382.tar.gz
HTAR: a   DC2_ImSim/Run2.1i/instCat/00609114to00677003/00658383.tar.gz
HTAR: a   DC2_ImSim/Run2.1i/instCat/00609114to00677003/00658384.tar.gz
HTAR: a   DC2_ImSim/Run2.1i/instCat/00609114to00677003/00658402.tar.gz
HTAR: a   DC2_ImSim/Run2.1i/instCat/00609114to00677003/00658407.tar.gz
HTAR: a   DC2_ImSim/Run2.1i/instCat/00609114to00677003/00658409.tar.gz
HTAR: a   DC2_ImSim/Run2.1i/instCat/00609114to00677003/00658410.tar.gz
HTAR: a   DC2_ImSim/Run2.1i/instCat/00609114to00677003/00658411.tar.gz
HTAR: a   DC2_ImSim/Run2.1i/instCat/00609114to00677003/00658412.tar.gz
HTAR: a   DC2_ImSim/Run2.1i/instCat/00609114to00677003/00658413.tar.gz
HTAR: a   DC2_ImSim/Run2.1i/instCat/00609114to00677003/00658429.tar.gz
HTAR: a   DC2_ImSim/Run2.1i/instCat/00609114to00677003/00658441.tar.gz
HTAR: a   DC2_ImSim/Run2.1i/instCat/00609114to00677003/00658442.tar.gz
HTAR: a   DC2_ImSim/Run2.1i/instCat/00609114to00677003/00658443.tar.gz
HTAR: a   DC2_ImSim/Run2.1i/instCat/00609114to00677003/00658445.tar.gz
HTAR: a   /tmp/HTAR_CF_CHK_37648_1561074084
HTAR Create complete for /home/projects/desc/DC2_ImSim/Run2.1i/instCat/00560434to00677003/00656430to00658445.tar. 503,875,815,936 bytes written for 120 member files, max threads: 3 Transfer time: 3345.162 seconds (150.628 MB/s) wallclock/user/sys: 3345.630 3927.351 1852.687 seconds
HTAR: HTAR SUCCESSFUL
HTAR: a   DC2_ImSim/Run2.1i/instCat/00609114to00677003/00658446.tar.gz
HTAR: a   DC2_ImSim/Run2.1i/instCat/00609114to00677003/00658616.tar.gz
HTAR: a   DC2_ImSim/Run2.1i/instCat/00609114to00677003/00660222.tar.gz
HTAR: a   DC2_ImSim/Run2.1i/instCat/00609114to00677003/00660224.tar.gz
HTAR: a   DC2_ImSim/Run2.1i/instCat/00609114to00677003/00660225.tar.gz
HTAR: a   DC2_ImSim/Run2.1i/instCat/00609114to00677003/00660227.tar.gz
HTAR: a   DC2_ImSim/Run2.1i/instCat/00609114to00677003/00660228.tar.gz
HTAR: a   DC2_ImSim/Run2.1i/instCat/00609114to00677003/00660229.tar.gz
HTAR: a   DC2_ImSim/Run2.1i/instCat/00609114to00677003/00660230.tar.gz
HTAR: a   DC2_ImSim/Run2.1i/instCat/00609114to00677003/00660231.tar.gz
HTAR: a   DC2_ImSim/Run2.1i/instCat/00609114to00677003/00660232.tar.gz
HTAR: a   DC2_ImSim/Run2.1i/instCat/00609114to00677003/00660234.tar.gz
HTAR: a   DC2_ImSim/Run2.1i/instCat/00609114to00677003/00660235.tar.gz
HTAR: a   DC2_ImSim/Run2.1i/instCat/00609114to00677003/00660236.tar.gz
HTAR: a   DC2_ImSim/Run2.1i/instCat/00609114to00677003/00660238.tar.gz
HTAR: a   DC2_ImSim/Run2.1i/instCat/00609114to00677003/00660239.tar.gz
HTAR: a   DC2_ImSim/Run2.1i/instCat/00609114to00677003/00660240.tar.gz
HTAR: a   DC2_ImSim/Run2.1i/instCat/00609114to00677003/00660241.tar.gz
HTAR: a   DC2_ImSim/Run2.1i/instCat/00609114to00677003/00660242.tar.gz
HTAR: a   DC2_ImSim/Run2.1i/instCat/00609114to00677003/00660243.tar.gz
HTAR: a   DC2_ImSim/Run2.1i/instCat/00609114to00677003/00660244.tar.gz
HTAR: a   DC2_ImSim/Run2.1i/instCat/00609114to00677003/00660245.tar.gz
HTAR: a   DC2_ImSim/Run2.1i/instCat/00609114to00677003/00660246.tar.gz
HTAR: a   DC2_ImSim/Run2.1i/instCat/00609114to00677003/00660247.tar.gz
HTAR: a   DC2_ImSim/Run2.1i/instCat/00609114to00677003/00660248.tar.gz
HTAR: a   DC2_ImSim/Run2.1i/instCat/00609114to00677003/00660249.tar.gz
HTAR: a   DC2_ImSim/Run2.1i/instCat/00609114to00677003/00660250.tar.gz
HTAR: a   DC2_ImSim/Run2.1i/instCat/00609114to00677003/00660251.tar.gz
HTAR: a   DC2_ImSim/Run2.1i/instCat/00609114to00677003/00660252.tar.gz
HTAR: a   DC2_ImSim/Run2.1i/instCat/00609114to00677003/00660253.tar.gz
HTAR: a   DC2_ImSim/Run2.1i/instCat/00609114to00677003/00660254.tar.gz
HTAR: a   DC2_ImSim/Run2.1i/instCat/00609114to00677003/00660255.tar.gz
HTAR: a   DC2_ImSim/Run2.1i/instCat/00609114to00677003/00660256.tar.gz
HTAR: a   DC2_ImSim/Run2.1i/instCat/00609114to00677003/00660257.tar.gz
HTAR: a   DC2_ImSim/Run2.1i/instCat/00609114to00677003/00660269.tar.gz
HTAR: a   DC2_ImSim/Run2.1i/instCat/00609114to00677003/00660270.tar.gz
HTAR: a   DC2_ImSim/Run2.1i/instCat/00609114to00677003/00660271.tar.gz
HTAR: a   DC2_ImSim/Run2.1i/instCat/00609114to00677003/00660272.tar.gz
HTAR: a   DC2_ImSim/Run2.1i/instCat/00609114to00677003/00660273.tar.gz
HTAR: a   DC2_ImSim/Run2.1i/instCat/00609114to00677003/00660274.tar.gz
HTAR: a   DC2_ImSim/Run2.1i/instCat/00609114to00677003/00660275.tar.gz
HTAR: a   DC2_ImSim/Run2.1i/instCat/00609114to00677003/00660276.tar.gz
HTAR: a   DC2_ImSim/Run2.1i/instCat/00609114to00677003/00660277.tar.gz
HTAR: a   DC2_ImSim/Run2.1i/instCat/00609114to00677003/00660278.tar.gz
HTAR: a   DC2_ImSim/Run2.1i/instCat/00609114to00677003/00660279.tar.gz
HTAR: a   DC2_ImSim/Run2.1i/instCat/00609114to00677003/00660280.tar.gz
HTAR: a   DC2_ImSim/Run2.1i/instCat/00609114to00677003/00660281.tar.gz
HTAR: a   DC2_ImSim/Run2.1i/instCat/00609114to00677003/00660282.tar.gz
HTAR: a   DC2_ImSim/Run2.1i/instCat/00609114to00677003/00660283.tar.gz
HTAR: a   DC2_ImSim/Run2.1i/instCat/00609114to00677003/00660284.tar.gz
HTAR: a   DC2_ImSim/Run2.1i/instCat/00609114to00677003/00660285.tar.gz
HTAR: a   DC2_ImSim/Run2.1i/instCat/00609114to00677003/00660286.tar.gz
HTAR: a   DC2_ImSim/Run2.1i/instCat/00609114to00677003/00660287.tar.gz
HTAR: a   DC2_ImSim/Run2.1i/instCat/00609114to00677003/00660288.tar.gz
HTAR: a   DC2_ImSim/Run2.1i/instCat/00609114to00677003/00660350.tar.gz
HTAR: a   DC2_ImSim/Run2.1i/instCat/00609114to00677003/00660351.tar.gz
HTAR: a   DC2_ImSim/Run2.1i/instCat/00609114to00677003/00660352.tar.gz
HTAR: a   DC2_ImSim/Run2.1i/instCat/00609114to00677003/00660353.tar.gz
HTAR: a   DC2_ImSim/Run2.1i/instCat/00609114to00677003/00660355.tar.gz
HTAR: a   DC2_ImSim/Run2.1i/instCat/00609114to00677003/00660356.tar.gz
HTAR: a   DC2_ImSim/Run2.1i/instCat/00609114to00677003/00660359.tar.gz
HTAR: a   DC2_ImSim/Run2.1i/instCat/00609114to00677003/00660360.tar.gz
HTAR: a   DC2_ImSim/Run2.1i/instCat/00609114to00677003/00660361.tar.gz
HTAR: a   DC2_ImSim/Run2.1i/instCat/00609114to00677003/00660373.tar.gz
HTAR: a   DC2_ImSim/Run2.1i/instCat/00609114to00677003/00660374.tar.gz
HTAR: a   DC2_ImSim/Run2.1i/instCat/00609114to00677003/00660375.tar.gz
HTAR: a   DC2_ImSim/Run2.1i/instCat/00609114to00677003/00660376.tar.gz
HTAR: a   DC2_ImSim/Run2.1i/instCat/00609114to00677003/00660377.tar.gz
HTAR: a   DC2_ImSim/Run2.1i/instCat/00609114to00677003/00660378.tar.gz
HTAR: a   DC2_ImSim/Run2.1i/instCat/00609114to00677003/00660379.tar.gz
HTAR: a   DC2_ImSim/Run2.1i/instCat/00609114to00677003/00660397.tar.gz
HTAR: a   DC2_ImSim/Run2.1i/instCat/00609114to00677003/00660398.tar.gz
HTAR: a   DC2_ImSim/Run2.1i/instCat/00609114to00677003/00660399.tar.gz
HTAR: a   DC2_ImSim/Run2.1i/instCat/00609114to00677003/00660400.tar.gz
HTAR: a   DC2_ImSim/Run2.1i/instCat/00609114to00677003/00660417.tar.gz
HTAR: a   DC2_ImSim/Run2.1i/instCat/00609114to00677003/00660423.tar.gz
HTAR: a   DC2_ImSim/Run2.1i/instCat/00609114to00677003/00660424.tar.gz
HTAR: a   DC2_ImSim/Run2.1i/instCat/00609114to00677003/00660556.tar.gz
HTAR: a   DC2_ImSim/Run2.1i/instCat/00609114to00677003/00661027.tar.gz
HTAR: a   DC2_ImSim/Run2.1i/instCat/00609114to00677003/00661028.tar.gz
HTAR: a   DC2_ImSim/Run2.1i/instCat/00609114to00677003/00661029.tar.gz
HTAR: a   DC2_ImSim/Run2.1i/instCat/00609114to00677003/00661030.tar.gz
HTAR: a   DC2_ImSim/Run2.1i/instCat/00609114to00677003/00661062.tar.gz
HTAR: a   DC2_ImSim/Run2.1i/instCat/00609114to00677003/00661063.tar.gz
HTAR: a   DC2_ImSim/Run2.1i/instCat/00609114to00677003/00661064.tar.gz
HTAR: a   DC2_ImSim/Run2.1i/instCat/00609114to00677003/00661065.tar.gz
HTAR: a   DC2_ImSim/Run2.1i/instCat/00609114to00677003/00661066.tar.gz
HTAR: a   DC2_ImSim/Run2.1i/instCat/00609114to00677003/00661597.tar.gz
HTAR: a   DC2_ImSim/Run2.1i/instCat/00609114to00677003/00661598.tar.gz
HTAR: a   DC2_ImSim/Run2.1i/instCat/00609114to00677003/00661599.tar.gz
HTAR: a   DC2_ImSim/Run2.1i/instCat/00609114to00677003/00661600.tar.gz
HTAR: a   DC2_ImSim/Run2.1i/instCat/00609114to00677003/00661601.tar.gz
HTAR: a   DC2_ImSim/Run2.1i/instCat/00609114to00677003/00661602.tar.gz
HTAR: a   DC2_ImSim/Run2.1i/instCat/00609114to00677003/00661603.tar.gz
HTAR: a   DC2_ImSim/Run2.1i/instCat/00609114to00677003/00661604.tar.gz
HTAR: a   DC2_ImSim/Run2.1i/instCat/00609114to00677003/00661623.tar.gz
HTAR: a   DC2_ImSim/Run2.1i/instCat/00609114to00677003/00661636.tar.gz
HTAR: a   DC2_ImSim/Run2.1i/instCat/00609114to00677003/00661637.tar.gz
HTAR: a   DC2_ImSim/Run2.1i/instCat/00609114to00677003/00661638.tar.gz
HTAR: a   DC2_ImSim/Run2.1i/instCat/00609114to00677003/00661639.tar.gz
HTAR: a   DC2_ImSim/Run2.1i/instCat/00609114to00677003/00661640.tar.gz
HTAR: a   DC2_ImSim/Run2.1i/instCat/00609114to00677003/00661641.tar.gz
HTAR: a   DC2_ImSim/Run2.1i/instCat/00609114to00677003/00661642.tar.gz
HTAR: a   DC2_ImSim/Run2.1i/instCat/00609114to00677003/00661643.tar.gz
HTAR: a   DC2_ImSim/Run2.1i/instCat/00609114to00677003/00661650.tar.gz
HTAR: a   DC2_ImSim/Run2.1i/instCat/00609114to00677003/00661651.tar.gz
HTAR: a   DC2_ImSim/Run2.1i/instCat/00609114to00677003/00661652.tar.gz
HTAR: a   DC2_ImSim/Run2.1i/instCat/00609114to00677003/00661653.tar.gz
HTAR: a   DC2_ImSim/Run2.1i/instCat/00609114to00677003/00661654.tar.gz
HTAR: a   DC2_ImSim/Run2.1i/instCat/00609114to00677003/00661655.tar.gz
HTAR: a   DC2_ImSim/Run2.1i/instCat/00609114to00677003/00661676.tar.gz
HTAR: a   DC2_ImSim/Run2.1i/instCat/00609114to00677003/00661679.tar.gz
HTAR: a   DC2_ImSim/Run2.1i/instCat/00609114to00677003/00661680.tar.gz
HTAR: a   DC2_ImSim/Run2.1i/instCat/00609114to00677003/00661681.tar.gz
HTAR: a   DC2_ImSim/Run2.1i/instCat/00609114to00677003/00661682.tar.gz
HTAR: a   DC2_ImSim/Run2.1i/instCat/00609114to00677003/00661683.tar.gz
HTAR: a   DC2_ImSim/Run2.1i/instCat/00609114to00677003/00661684.tar.gz
HTAR: a   DC2_ImSim/Run2.1i/instCat/00609114to00677003/00661688.tar.gz
HTAR: a   DC2_ImSim/Run2.1i/instCat/00609114to00677003/00661689.tar.gz
HTAR: a   DC2_ImSim/Run2.1i/instCat/00609114to00677003/00661690.tar.gz
HTAR: a   /tmp/HTAR_CF_CHK_20330_1561077433
HTAR Create complete for /home/projects/desc/DC2_ImSim/Run2.1i/instCat/00560434to00677003/00658446to00661690.tar. 550,046,703,616 bytes written for 120 member files, max threads: 2 Transfer time: 3625.681 seconds (151.709 MB/s) wallclock/user/sys: 3626.703 4249.552 1997.698 seconds
HTAR: HTAR SUCCESSFUL
HTAR: a   DC2_ImSim/Run2.1i/instCat/00609114to00677003/00661691.tar.gz
HTAR: a   DC2_ImSim/Run2.1i/instCat/00609114to00677003/00661692.tar.gz
HTAR: a   DC2_ImSim/Run2.1i/instCat/00609114to00677003/00661693.tar.gz
HTAR: a   DC2_ImSim/Run2.1i/instCat/00609114to00677003/00661713.tar.gz
HTAR: a   DC2_ImSim/Run2.1i/instCat/00609114to00677003/00661717.tar.gz
HTAR: a   DC2_ImSim/Run2.1i/instCat/00609114to00677003/00661718.tar.gz
HTAR: a   DC2_ImSim/Run2.1i/instCat/00609114to00677003/00661719.tar.gz
HTAR: a   DC2_ImSim/Run2.1i/instCat/00609114to00677003/00661720.tar.gz
HTAR: a   DC2_ImSim/Run2.1i/instCat/00609114to00677003/00661721.tar.gz
HTAR: a   DC2_ImSim/Run2.1i/instCat/00609114to00677003/00661722.tar.gz
HTAR: a   DC2_ImSim/Run2.1i/instCat/00609114to00677003/00661723.tar.gz
HTAR: a   DC2_ImSim/Run2.1i/instCat/00609114to00677003/00661727.tar.gz
HTAR: a   DC2_ImSim/Run2.1i/instCat/00609114to00677003/00661737.tar.gz
HTAR: a   DC2_ImSim/Run2.1i/instCat/00609114to00677003/00661759.tar.gz
HTAR: a   DC2_ImSim/Run2.1i/instCat/00609114to00677003/00661777.tar.gz
HTAR: a   DC2_ImSim/Run2.1i/instCat/00609114to00677003/00661876.tar.gz
HTAR: a   DC2_ImSim/Run2.1i/instCat/00609114to00677003/00662483.tar.gz
HTAR: a   DC2_ImSim/Run2.1i/instCat/00609114to00677003/00662487.tar.gz
HTAR: a   DC2_ImSim/Run2.1i/instCat/00609114to00677003/00662488.tar.gz
HTAR: a   DC2_ImSim/Run2.1i/instCat/00609114to00677003/00662489.tar.gz
HTAR: a   DC2_ImSim/Run2.1i/instCat/00609114to00677003/00662490.tar.gz
HTAR: a   DC2_ImSim/Run2.1i/instCat/00609114to00677003/00662491.tar.gz
HTAR: a   DC2_ImSim/Run2.1i/instCat/00609114to00677003/00662492.tar.gz
HTAR: a   DC2_ImSim/Run2.1i/instCat/00609114to00677003/00662493.tar.gz
HTAR: a   DC2_ImSim/Run2.1i/instCat/00609114to00677003/00662494.tar.gz
HTAR: a   DC2_ImSim/Run2.1i/instCat/00609114to00677003/00662495.tar.gz
HTAR: a   DC2_ImSim/Run2.1i/instCat/00609114to00677003/00662496.tar.gz
HTAR: a   DC2_ImSim/Run2.1i/instCat/00609114to00677003/00662497.tar.gz
HTAR: a   DC2_ImSim/Run2.1i/instCat/00609114to00677003/00662498.tar.gz
HTAR: a   DC2_ImSim/Run2.1i/instCat/00609114to00677003/00662499.tar.gz
HTAR: a   DC2_ImSim/Run2.1i/instCat/00609114to00677003/00662501.tar.gz
HTAR: a   DC2_ImSim/Run2.1i/instCat/00609114to00677003/00662502.tar.gz
HTAR: a   DC2_ImSim/Run2.1i/instCat/00609114to00677003/00662518.tar.gz
HTAR: a   DC2_ImSim/Run2.1i/instCat/00609114to00677003/00662519.tar.gz
HTAR: a   DC2_ImSim/Run2.1i/instCat/00609114to00677003/00662520.tar.gz
HTAR: a   DC2_ImSim/Run2.1i/instCat/00609114to00677003/00662521.tar.gz
HTAR: a   DC2_ImSim/Run2.1i/instCat/00609114to00677003/00662522.tar.gz
HTAR: a   DC2_ImSim/Run2.1i/instCat/00609114to00677003/00662523.tar.gz
HTAR: a   DC2_ImSim/Run2.1i/instCat/00609114to00677003/00662524.tar.gz
HTAR: a   DC2_ImSim/Run2.1i/instCat/00609114to00677003/00662525.tar.gz
HTAR: a   DC2_ImSim/Run2.1i/instCat/00609114to00677003/00662526.tar.gz
HTAR: a   DC2_ImSim/Run2.1i/instCat/00609114to00677003/00662527.tar.gz
HTAR: a   DC2_ImSim/Run2.1i/instCat/00609114to00677003/00662528.tar.gz
HTAR: a   DC2_ImSim/Run2.1i/instCat/00609114to00677003/00662529.tar.gz
HTAR: a   DC2_ImSim/Run2.1i/instCat/00609114to00677003/00662530.tar.gz
HTAR: a   DC2_ImSim/Run2.1i/instCat/00609114to00677003/00662532.tar.gz
HTAR: a   DC2_ImSim/Run2.1i/instCat/00609114to00677003/00662533.tar.gz
HTAR: a   DC2_ImSim/Run2.1i/instCat/00609114to00677003/00662534.tar.gz
HTAR: a   DC2_ImSim/Run2.1i/instCat/00609114to00677003/00662542.tar.gz
HTAR: a   DC2_ImSim/Run2.1i/instCat/00609114to00677003/00662544.tar.gz
HTAR: a   DC2_ImSim/Run2.1i/instCat/00609114to00677003/00662545.tar.gz
HTAR: a   DC2_ImSim/Run2.1i/instCat/00609114to00677003/00662546.tar.gz
HTAR: a   DC2_ImSim/Run2.1i/instCat/00609114to00677003/00662585.tar.gz
HTAR: a   DC2_ImSim/Run2.1i/instCat/00609114to00677003/00662591.tar.gz
HTAR: a   DC2_ImSim/Run2.1i/instCat/00609114to00677003/00662592.tar.gz
HTAR: a   DC2_ImSim/Run2.1i/instCat/00609114to00677003/00662594.tar.gz
HTAR: a   DC2_ImSim/Run2.1i/instCat/00609114to00677003/00662595.tar.gz
HTAR: a   DC2_ImSim/Run2.1i/instCat/00609114to00677003/00662598.tar.gz
HTAR: a   DC2_ImSim/Run2.1i/instCat/00609114to00677003/00662600.tar.gz
HTAR: a   DC2_ImSim/Run2.1i/instCat/00609114to00677003/00664535.tar.gz
HTAR: a   DC2_ImSim/Run2.1i/instCat/00609114to00677003/00664536.tar.gz
HTAR: a   DC2_ImSim/Run2.1i/instCat/00609114to00677003/00664537.tar.gz
HTAR: a   DC2_ImSim/Run2.1i/instCat/00609114to00677003/00664538.tar.gz
HTAR: a   DC2_ImSim/Run2.1i/instCat/00609114to00677003/00664539.tar.gz
HTAR: a   DC2_ImSim/Run2.1i/instCat/00609114to00677003/00664541.tar.gz
HTAR: a   DC2_ImSim/Run2.1i/instCat/00609114to00677003/00665546.tar.gz
HTAR: a   DC2_ImSim/Run2.1i/instCat/00609114to00677003/00665547.tar.gz
HTAR: a   DC2_ImSim/Run2.1i/instCat/00609114to00677003/00665548.tar.gz
HTAR: a   DC2_ImSim/Run2.1i/instCat/00609114to00677003/00665549.tar.gz
HTAR: a   DC2_ImSim/Run2.1i/instCat/00609114to00677003/00665550.tar.gz
HTAR: a   DC2_ImSim/Run2.1i/instCat/00609114to00677003/00665551.tar.gz
HTAR: a   DC2_ImSim/Run2.1i/instCat/00609114to00677003/00665552.tar.gz
HTAR: a   DC2_ImSim/Run2.1i/instCat/00609114to00677003/00665553.tar.gz
HTAR: a   DC2_ImSim/Run2.1i/instCat/00609114to00677003/00665554.tar.gz
HTAR: a   DC2_ImSim/Run2.1i/instCat/00609114to00677003/00665555.tar.gz
HTAR: a   DC2_ImSim/Run2.1i/instCat/00609114to00677003/00665561.tar.gz
HTAR: a   DC2_ImSim/Run2.1i/instCat/00609114to00677003/00665563.tar.gz
HTAR: a   DC2_ImSim/Run2.1i/instCat/00609114to00677003/00665597.tar.gz
HTAR: a   DC2_ImSim/Run2.1i/instCat/00609114to00677003/00665637.tar.gz
HTAR: a   DC2_ImSim/Run2.1i/instCat/00609114to00677003/00665645.tar.gz
HTAR: a   DC2_ImSim/Run2.1i/instCat/00609114to00677003/00665646.tar.gz
HTAR: a   DC2_ImSim/Run2.1i/instCat/00609114to00677003/00665647.tar.gz
HTAR: a   DC2_ImSim/Run2.1i/instCat/00609114to00677003/00665651.tar.gz
HTAR: a   DC2_ImSim/Run2.1i/instCat/00609114to00677003/00665652.tar.gz
HTAR: a   DC2_ImSim/Run2.1i/instCat/00609114to00677003/00665653.tar.gz
HTAR: a   DC2_ImSim/Run2.1i/instCat/00609114to00677003/00665654.tar.gz
HTAR: a   DC2_ImSim/Run2.1i/instCat/00609114to00677003/00665655.tar.gz
HTAR: a   DC2_ImSim/Run2.1i/instCat/00609114to00677003/00665656.tar.gz
HTAR: a   DC2_ImSim/Run2.1i/instCat/00609114to00677003/00665657.tar.gz
HTAR: a   DC2_ImSim/Run2.1i/instCat/00609114to00677003/00665664.tar.gz
HTAR: a   DC2_ImSim/Run2.1i/instCat/00609114to00677003/00665665.tar.gz
HTAR: a   DC2_ImSim/Run2.1i/instCat/00609114to00677003/00665666.tar.gz
HTAR: a   DC2_ImSim/Run2.1i/instCat/00609114to00677003/00665667.tar.gz
HTAR: a   DC2_ImSim/Run2.1i/instCat/00609114to00677003/00665686.tar.gz
HTAR: a   DC2_ImSim/Run2.1i/instCat/00609114to00677003/00665687.tar.gz
HTAR: a   DC2_ImSim/Run2.1i/instCat/00609114to00677003/00665690.tar.gz
HTAR: a   DC2_ImSim/Run2.1i/instCat/00609114to00677003/00665691.tar.gz
HTAR: a   DC2_ImSim/Run2.1i/instCat/00609114to00677003/00665692.tar.gz
HTAR: a   DC2_ImSim/Run2.1i/instCat/00609114to00677003/00665693.tar.gz
HTAR: a   DC2_ImSim/Run2.1i/instCat/00609114to00677003/00665694.tar.gz
HTAR: a   DC2_ImSim/Run2.1i/instCat/00609114to00677003/00665695.tar.gz
HTAR: a   DC2_ImSim/Run2.1i/instCat/00609114to00677003/00665696.tar.gz
HTAR: a   DC2_ImSim/Run2.1i/instCat/00609114to00677003/00665703.tar.gz
HTAR: a   DC2_ImSim/Run2.1i/instCat/00609114to00677003/00665704.tar.gz
HTAR: a   DC2_ImSim/Run2.1i/instCat/00609114to00677003/00665705.tar.gz
HTAR: a   DC2_ImSim/Run2.1i/instCat/00609114to00677003/00665706.tar.gz
HTAR: a   DC2_ImSim/Run2.1i/instCat/00609114to00677003/00665707.tar.gz
HTAR: a   DC2_ImSim/Run2.1i/instCat/00609114to00677003/00665753.tar.gz
HTAR: a   DC2_ImSim/Run2.1i/instCat/00609114to00677003/00665754.tar.gz
HTAR: a   DC2_ImSim/Run2.1i/instCat/00609114to00677003/00665803.tar.gz
HTAR: a   DC2_ImSim/Run2.1i/instCat/00609114to00677003/00665804.tar.gz
HTAR: a   DC2_ImSim/Run2.1i/instCat/00609114to00677003/00665805.tar.gz
HTAR: a   DC2_ImSim/Run2.1i/instCat/00609114to00677003/00665806.tar.gz
HTAR: a   DC2_ImSim/Run2.1i/instCat/00609114to00677003/00665807.tar.gz
HTAR: a   DC2_ImSim/Run2.1i/instCat/00609114to00677003/00665808.tar.gz
HTAR: a   DC2_ImSim/Run2.1i/instCat/00609114to00677003/00666217.tar.gz
HTAR: a   DC2_ImSim/Run2.1i/instCat/00609114to00677003/00666218.tar.gz
HTAR: a   DC2_ImSim/Run2.1i/instCat/00609114to00677003/00666219.tar.gz
HTAR: a   DC2_ImSim/Run2.1i/instCat/00609114to00677003/00666231.tar.gz
HTAR: a   DC2_ImSim/Run2.1i/instCat/00609114to00677003/00666238.tar.gz
HTAR: a   /tmp/HTAR_CF_CHK_18949_1561081063
HTAR Create complete for /home/projects/desc/DC2_ImSim/Run2.1i/instCat/00560434to00677003/00661691to00666238.tar. 551,371,696,128 bytes written for 120 member files, max threads: 2 Transfer time: 3630.041 seconds (151.891 MB/s) wallclock/user/sys: 3631.044 4252.758 1997.141 seconds
HTAR: HTAR SUCCESSFUL
HTAR: a   DC2_ImSim/Run2.1i/instCat/00609114to00677003/00666252.tar.gz
HTAR: a   DC2_ImSim/Run2.1i/instCat/00609114to00677003/00666253.tar.gz
HTAR: a   DC2_ImSim/Run2.1i/instCat/00609114to00677003/00666254.tar.gz
HTAR: a   DC2_ImSim/Run2.1i/instCat/00609114to00677003/00666258.tar.gz
HTAR: a   DC2_ImSim/Run2.1i/instCat/00609114to00677003/00666259.tar.gz
HTAR: a   DC2_ImSim/Run2.1i/instCat/00609114to00677003/00666260.tar.gz
HTAR: a   DC2_ImSim/Run2.1i/instCat/00609114to00677003/00666270.tar.gz
HTAR: a   DC2_ImSim/Run2.1i/instCat/00609114to00677003/00666271.tar.gz
HTAR: a   DC2_ImSim/Run2.1i/instCat/00609114to00677003/00666277.tar.gz
HTAR: a   DC2_ImSim/Run2.1i/instCat/00609114to00677003/00666278.tar.gz
HTAR: a   DC2_ImSim/Run2.1i/instCat/00609114to00677003/00666279.tar.gz
HTAR: a   DC2_ImSim/Run2.1i/instCat/00609114to00677003/00666280.tar.gz
HTAR: a   DC2_ImSim/Run2.1i/instCat/00609114to00677003/00666281.tar.gz
HTAR: a   DC2_ImSim/Run2.1i/instCat/00609114to00677003/00666282.tar.gz
HTAR: a   DC2_ImSim/Run2.1i/instCat/00609114to00677003/00666283.tar.gz
HTAR: a   DC2_ImSim/Run2.1i/instCat/00609114to00677003/00666284.tar.gz
HTAR: a   DC2_ImSim/Run2.1i/instCat/00609114to00677003/00666291.tar.gz
HTAR: a   DC2_ImSim/Run2.1i/instCat/00609114to00677003/00666312.tar.gz
HTAR: a   DC2_ImSim/Run2.1i/instCat/00609114to00677003/00666313.tar.gz
HTAR: a   DC2_ImSim/Run2.1i/instCat/00609114to00677003/00666314.tar.gz
HTAR: a   DC2_ImSim/Run2.1i/instCat/00609114to00677003/00666315.tar.gz
HTAR: a   DC2_ImSim/Run2.1i/instCat/00609114to00677003/00666316.tar.gz
HTAR: a   DC2_ImSim/Run2.1i/instCat/00609114to00677003/00666317.tar.gz
HTAR: a   DC2_ImSim/Run2.1i/instCat/00609114to00677003/00666318.tar.gz
HTAR: a   DC2_ImSim/Run2.1i/instCat/00609114to00677003/00666319.tar.gz
HTAR: a   DC2_ImSim/Run2.1i/instCat/00609114to00677003/00666320.tar.gz
HTAR: a   DC2_ImSim/Run2.1i/instCat/00609114to00677003/00666326.tar.gz
HTAR: a   DC2_ImSim/Run2.1i/instCat/00609114to00677003/00666349.tar.gz
HTAR: a   DC2_ImSim/Run2.1i/instCat/00609114to00677003/00666350.tar.gz
HTAR: a   DC2_ImSim/Run2.1i/instCat/00609114to00677003/00666351.tar.gz
HTAR: a   DC2_ImSim/Run2.1i/instCat/00609114to00677003/00666352.tar.gz
HTAR: a   DC2_ImSim/Run2.1i/instCat/00609114to00677003/00666353.tar.gz
HTAR: a   DC2_ImSim/Run2.1i/instCat/00609114to00677003/00666354.tar.gz
HTAR: a   DC2_ImSim/Run2.1i/instCat/00609114to00677003/00666355.tar.gz
HTAR: a   DC2_ImSim/Run2.1i/instCat/00609114to00677003/00666356.tar.gz
HTAR: a   DC2_ImSim/Run2.1i/instCat/00609114to00677003/00666357.tar.gz
HTAR: a   DC2_ImSim/Run2.1i/instCat/00609114to00677003/00666358.tar.gz
HTAR: a   DC2_ImSim/Run2.1i/instCat/00609114to00677003/00666359.tar.gz
HTAR: a   DC2_ImSim/Run2.1i/instCat/00609114to00677003/00666366.tar.gz
HTAR: a   DC2_ImSim/Run2.1i/instCat/00609114to00677003/00666367.tar.gz
HTAR: a   DC2_ImSim/Run2.1i/instCat/00609114to00677003/00666368.tar.gz
HTAR: a   DC2_ImSim/Run2.1i/instCat/00609114to00677003/00666369.tar.gz
HTAR: a   DC2_ImSim/Run2.1i/instCat/00609114to00677003/00666370.tar.gz
HTAR: a   DC2_ImSim/Run2.1i/instCat/00609114to00677003/00666375.tar.gz
HTAR: a   DC2_ImSim/Run2.1i/instCat/00609114to00677003/00666376.tar.gz
HTAR: a   DC2_ImSim/Run2.1i/instCat/00609114to00677003/00666390.tar.gz
HTAR: a   DC2_ImSim/Run2.1i/instCat/00609114to00677003/00666391.tar.gz
HTAR: a   DC2_ImSim/Run2.1i/instCat/00609114to00677003/00666392.tar.gz
HTAR: a   DC2_ImSim/Run2.1i/instCat/00609114to00677003/00666393.tar.gz
HTAR: a   DC2_ImSim/Run2.1i/instCat/00609114to00677003/00666394.tar.gz
HTAR: a   DC2_ImSim/Run2.1i/instCat/00609114to00677003/00666403.tar.gz
HTAR: a   DC2_ImSim/Run2.1i/instCat/00609114to00677003/00666404.tar.gz
HTAR: a   DC2_ImSim/Run2.1i/instCat/00609114to00677003/00666405.tar.gz
HTAR: a   DC2_ImSim/Run2.1i/instCat/00609114to00677003/00666420.tar.gz
HTAR: a   DC2_ImSim/Run2.1i/instCat/00609114to00677003/00666421.tar.gz
HTAR: a   DC2_ImSim/Run2.1i/instCat/00609114to00677003/00666423.tar.gz
HTAR: a   DC2_ImSim/Run2.1i/instCat/00609114to00677003/00666424.tar.gz
HTAR: a   DC2_ImSim/Run2.1i/instCat/00609114to00677003/00666425.tar.gz
HTAR: a   DC2_ImSim/Run2.1i/instCat/00609114to00677003/00666427.tar.gz
HTAR: a   DC2_ImSim/Run2.1i/instCat/00609114to00677003/00666441.tar.gz
HTAR: a   DC2_ImSim/Run2.1i/instCat/00609114to00677003/00666443.tar.gz
HTAR: a   DC2_ImSim/Run2.1i/instCat/00609114to00677003/00666444.tar.gz
HTAR: a   DC2_ImSim/Run2.1i/instCat/00609114to00677003/00666470.tar.gz
HTAR: a   DC2_ImSim/Run2.1i/instCat/00609114to00677003/00666471.tar.gz
HTAR: a   DC2_ImSim/Run2.1i/instCat/00609114to00677003/00667132.tar.gz
HTAR: a   DC2_ImSim/Run2.1i/instCat/00609114to00677003/00667133.tar.gz
HTAR: a   DC2_ImSim/Run2.1i/instCat/00609114to00677003/00667134.tar.gz
HTAR: a   DC2_ImSim/Run2.1i/instCat/00609114to00677003/00667141.tar.gz
HTAR: a   DC2_ImSim/Run2.1i/instCat/00609114to00677003/00667142.tar.gz
HTAR: a   DC2_ImSim/Run2.1i/instCat/00609114to00677003/00667143.tar.gz
HTAR: a   DC2_ImSim/Run2.1i/instCat/00609114to00677003/00667144.tar.gz
HTAR: a   DC2_ImSim/Run2.1i/instCat/00609114to00677003/00667145.tar.gz
HTAR: a   DC2_ImSim/Run2.1i/instCat/00609114to00677003/00667146.tar.gz
HTAR: a   DC2_ImSim/Run2.1i/instCat/00609114to00677003/00667150.tar.gz
HTAR: a   DC2_ImSim/Run2.1i/instCat/00609114to00677003/00667159.tar.gz
HTAR: a   DC2_ImSim/Run2.1i/instCat/00609114to00677003/00667356.tar.gz
HTAR: a   DC2_ImSim/Run2.1i/instCat/00609114to00677003/00668123.tar.gz
HTAR: a   DC2_ImSim/Run2.1i/instCat/00609114to00677003/00668124.tar.gz
HTAR: a   DC2_ImSim/Run2.1i/instCat/00609114to00677003/00668125.tar.gz
HTAR: a   DC2_ImSim/Run2.1i/instCat/00609114to00677003/00668126.tar.gz
HTAR: a   DC2_ImSim/Run2.1i/instCat/00609114to00677003/00668127.tar.gz
HTAR: a   DC2_ImSim/Run2.1i/instCat/00609114to00677003/00668128.tar.gz
HTAR: a   DC2_ImSim/Run2.1i/instCat/00609114to00677003/00668129.tar.gz
HTAR: a   DC2_ImSim/Run2.1i/instCat/00609114to00677003/00668133.tar.gz
HTAR: a   DC2_ImSim/Run2.1i/instCat/00609114to00677003/00668134.tar.gz
HTAR: a   DC2_ImSim/Run2.1i/instCat/00609114to00677003/00668141.tar.gz
HTAR: a   DC2_ImSim/Run2.1i/instCat/00609114to00677003/00668147.tar.gz
HTAR: a   DC2_ImSim/Run2.1i/instCat/00609114to00677003/00668148.tar.gz
HTAR: a   DC2_ImSim/Run2.1i/instCat/00609114to00677003/00668149.tar.gz
HTAR: a   DC2_ImSim/Run2.1i/instCat/00609114to00677003/00668150.tar.gz
HTAR: a   DC2_ImSim/Run2.1i/instCat/00609114to00677003/00668151.tar.gz
HTAR: a   DC2_ImSim/Run2.1i/instCat/00609114to00677003/00668152.tar.gz
HTAR: a   DC2_ImSim/Run2.1i/instCat/00609114to00677003/00668153.tar.gz
HTAR: a   DC2_ImSim/Run2.1i/instCat/00609114to00677003/00668157.tar.gz
HTAR: a   DC2_ImSim/Run2.1i/instCat/00609114to00677003/00668158.tar.gz
HTAR: a   DC2_ImSim/Run2.1i/instCat/00609114to00677003/00668159.tar.gz
HTAR: a   DC2_ImSim/Run2.1i/instCat/00609114to00677003/00668160.tar.gz
HTAR: a   DC2_ImSim/Run2.1i/instCat/00609114to00677003/00668161.tar.gz
HTAR: a   DC2_ImSim/Run2.1i/instCat/00609114to00677003/00668162.tar.gz
HTAR: a   DC2_ImSim/Run2.1i/instCat/00609114to00677003/00668163.tar.gz
HTAR: a   DC2_ImSim/Run2.1i/instCat/00609114to00677003/00668164.tar.gz
HTAR: a   DC2_ImSim/Run2.1i/instCat/00609114to00677003/00668259.tar.gz
HTAR: a   DC2_ImSim/Run2.1i/instCat/00609114to00677003/00668260.tar.gz
HTAR: a   DC2_ImSim/Run2.1i/instCat/00609114to00677003/00668261.tar.gz
HTAR: a   DC2_ImSim/Run2.1i/instCat/00609114to00677003/00668262.tar.gz
HTAR: a   DC2_ImSim/Run2.1i/instCat/00609114to00677003/00668263.tar.gz
HTAR: a   DC2_ImSim/Run2.1i/instCat/00609114to00677003/00668276.tar.gz
HTAR: a   DC2_ImSim/Run2.1i/instCat/00609114to00677003/00668286.tar.gz
HTAR: a   DC2_ImSim/Run2.1i/instCat/00609114to00677003/00668287.tar.gz
HTAR: a   DC2_ImSim/Run2.1i/instCat/00609114to00677003/00668288.tar.gz
HTAR: a   DC2_ImSim/Run2.1i/instCat/00609114to00677003/00668289.tar.gz
HTAR: a   DC2_ImSim/Run2.1i/instCat/00609114to00677003/00668905.tar.gz
HTAR: a   DC2_ImSim/Run2.1i/instCat/00609114to00677003/00669173.tar.gz
HTAR: a   DC2_ImSim/Run2.1i/instCat/00609114to00677003/00669174.tar.gz
HTAR: a   DC2_ImSim/Run2.1i/instCat/00609114to00677003/00669222.tar.gz
HTAR: a   DC2_ImSim/Run2.1i/instCat/00609114to00677003/00669788.tar.gz
HTAR: a   DC2_ImSim/Run2.1i/instCat/00609114to00677003/00669789.tar.gz
HTAR: a   DC2_ImSim/Run2.1i/instCat/00609114to00677003/00669790.tar.gz
HTAR: a   DC2_ImSim/Run2.1i/instCat/00609114to00677003/00669792.tar.gz
HTAR: a   DC2_ImSim/Run2.1i/instCat/00609114to00677003/00669793.tar.gz
HTAR: a   /tmp/HTAR_CF_CHK_19379_1561084696
HTAR Create complete for /home/projects/desc/DC2_ImSim/Run2.1i/instCat/00560434to00677003/00666252to00669793.tar. 524,981,102,080 bytes written for 120 member files, max threads: 2 Transfer time: 3421.763 seconds (153.424 MB/s) wallclock/user/sys: 3422.371 4007.230 1880.527 seconds
HTAR: HTAR SUCCESSFUL
HTAR: a   DC2_ImSim/Run2.1i/instCat/00609114to00677003/00669794.tar.gz
HTAR: a   DC2_ImSim/Run2.1i/instCat/00609114to00677003/00669795.tar.gz
HTAR: a   DC2_ImSim/Run2.1i/instCat/00609114to00677003/00669796.tar.gz
HTAR: a   DC2_ImSim/Run2.1i/instCat/00609114to00677003/00669797.tar.gz
HTAR: a   DC2_ImSim/Run2.1i/instCat/00609114to00677003/00669798.tar.gz
HTAR: a   DC2_ImSim/Run2.1i/instCat/00609114to00677003/00669799.tar.gz
HTAR: a   DC2_ImSim/Run2.1i/instCat/00609114to00677003/00669800.tar.gz
HTAR: a   DC2_ImSim/Run2.1i/instCat/00609114to00677003/00669801.tar.gz
HTAR: a   DC2_ImSim/Run2.1i/instCat/00609114to00677003/00669803.tar.gz
HTAR: a   DC2_ImSim/Run2.1i/instCat/00609114to00677003/00669804.tar.gz
HTAR: a   DC2_ImSim/Run2.1i/instCat/00609114to00677003/00669805.tar.gz
HTAR: a   DC2_ImSim/Run2.1i/instCat/00609114to00677003/00669806.tar.gz
HTAR: a   DC2_ImSim/Run2.1i/instCat/00609114to00677003/00669807.tar.gz
HTAR: a   DC2_ImSim/Run2.1i/instCat/00609114to00677003/00669808.tar.gz
HTAR: a   DC2_ImSim/Run2.1i/instCat/00609114to00677003/00669809.tar.gz
HTAR: a   DC2_ImSim/Run2.1i/instCat/00609114to00677003/00669810.tar.gz
HTAR: a   DC2_ImSim/Run2.1i/instCat/00609114to00677003/00669811.tar.gz
HTAR: a   DC2_ImSim/Run2.1i/instCat/00609114to00677003/00669812.tar.gz
HTAR: a   DC2_ImSim/Run2.1i/instCat/00609114to00677003/00669813.tar.gz
HTAR: a   DC2_ImSim/Run2.1i/instCat/00609114to00677003/00669814.tar.gz
HTAR: a   DC2_ImSim/Run2.1i/instCat/00609114to00677003/00669816.tar.gz
HTAR: a   DC2_ImSim/Run2.1i/instCat/00609114to00677003/00669817.tar.gz
HTAR: a   DC2_ImSim/Run2.1i/instCat/00609114to00677003/00669818.tar.gz
HTAR: a   DC2_ImSim/Run2.1i/instCat/00609114to00677003/00669819.tar.gz
HTAR: a   DC2_ImSim/Run2.1i/instCat/00609114to00677003/00669820.tar.gz
HTAR: a   DC2_ImSim/Run2.1i/instCat/00609114to00677003/00669821.tar.gz
HTAR: a   DC2_ImSim/Run2.1i/instCat/00609114to00677003/00669822.tar.gz
HTAR: a   DC2_ImSim/Run2.1i/instCat/00609114to00677003/00669828.tar.gz
HTAR: a   DC2_ImSim/Run2.1i/instCat/00609114to00677003/00669829.tar.gz
HTAR: a   DC2_ImSim/Run2.1i/instCat/00609114to00677003/00669830.tar.gz
HTAR: a   DC2_ImSim/Run2.1i/instCat/00609114to00677003/00669831.tar.gz
HTAR: a   DC2_ImSim/Run2.1i/instCat/00609114to00677003/00669833.tar.gz
HTAR: a   DC2_ImSim/Run2.1i/instCat/00609114to00677003/00669834.tar.gz
HTAR: a   DC2_ImSim/Run2.1i/instCat/00609114to00677003/00669854.tar.gz
HTAR: a   DC2_ImSim/Run2.1i/instCat/00609114to00677003/00669855.tar.gz
HTAR: a   DC2_ImSim/Run2.1i/instCat/00609114to00677003/00669865.tar.gz
HTAR: a   DC2_ImSim/Run2.1i/instCat/00609114to00677003/00669866.tar.gz
HTAR: a   DC2_ImSim/Run2.1i/instCat/00609114to00677003/00670723.tar.gz
HTAR: a   DC2_ImSim/Run2.1i/instCat/00609114to00677003/00670759.tar.gz
HTAR: a   DC2_ImSim/Run2.1i/instCat/00609114to00677003/00670771.tar.gz
HTAR: a   DC2_ImSim/Run2.1i/instCat/00609114to00677003/00670819.tar.gz
HTAR: a   DC2_ImSim/Run2.1i/instCat/00609114to00677003/00670969.tar.gz
HTAR: a   DC2_ImSim/Run2.1i/instCat/00609114to00677003/00671003.tar.gz
HTAR: a   DC2_ImSim/Run2.1i/instCat/00609114to00677003/00671591.tar.gz
HTAR: a   DC2_ImSim/Run2.1i/instCat/00609114to00677003/00671592.tar.gz
HTAR: a   DC2_ImSim/Run2.1i/instCat/00609114to00677003/00671593.tar.gz
HTAR: a   DC2_ImSim/Run2.1i/instCat/00609114to00677003/00671594.tar.gz
HTAR: a   DC2_ImSim/Run2.1i/instCat/00609114to00677003/00671595.tar.gz
HTAR: a   DC2_ImSim/Run2.1i/instCat/00609114to00677003/00671597.tar.gz
HTAR: a   DC2_ImSim/Run2.1i/instCat/00609114to00677003/00671598.tar.gz
HTAR: a   DC2_ImSim/Run2.1i/instCat/00609114to00677003/00671599.tar.gz
HTAR: a   DC2_ImSim/Run2.1i/instCat/00609114to00677003/00671619.tar.gz
HTAR: a   DC2_ImSim/Run2.1i/instCat/00609114to00677003/00671620.tar.gz
HTAR: a   DC2_ImSim/Run2.1i/instCat/00609114to00677003/00671621.tar.gz
HTAR: a   DC2_ImSim/Run2.1i/instCat/00609114to00677003/00671622.tar.gz
HTAR: a   DC2_ImSim/Run2.1i/instCat/00609114to00677003/00671623.tar.gz
HTAR: a   DC2_ImSim/Run2.1i/instCat/00609114to00677003/00671624.tar.gz
HTAR: a   DC2_ImSim/Run2.1i/instCat/00609114to00677003/00671625.tar.gz
HTAR: a   DC2_ImSim/Run2.1i/instCat/00609114to00677003/00671626.tar.gz
HTAR: a   DC2_ImSim/Run2.1i/instCat/00609114to00677003/00671627.tar.gz
HTAR: a   DC2_ImSim/Run2.1i/instCat/00609114to00677003/00671628.tar.gz
HTAR: a   DC2_ImSim/Run2.1i/instCat/00609114to00677003/00671629.tar.gz
HTAR: a   DC2_ImSim/Run2.1i/instCat/00609114to00677003/00671630.tar.gz
HTAR: a   DC2_ImSim/Run2.1i/instCat/00609114to00677003/00671653.tar.gz
HTAR: a   DC2_ImSim/Run2.1i/instCat/00609114to00677003/00671654.tar.gz
HTAR: a   DC2_ImSim/Run2.1i/instCat/00609114to00677003/00671657.tar.gz
HTAR: a   DC2_ImSim/Run2.1i/instCat/00609114to00677003/00671754.tar.gz
HTAR: a   DC2_ImSim/Run2.1i/instCat/00609114to00677003/00671755.tar.gz
HTAR: a   DC2_ImSim/Run2.1i/instCat/00609114to00677003/00671756.tar.gz
HTAR: a   DC2_ImSim/Run2.1i/instCat/00609114to00677003/00671757.tar.gz
HTAR: a   DC2_ImSim/Run2.1i/instCat/00609114to00677003/00671758.tar.gz
HTAR: a   DC2_ImSim/Run2.1i/instCat/00609114to00677003/00671759.tar.gz
HTAR: a   DC2_ImSim/Run2.1i/instCat/00609114to00677003/00671794.tar.gz
HTAR: a   DC2_ImSim/Run2.1i/instCat/00609114to00677003/00671795.tar.gz
HTAR: a   DC2_ImSim/Run2.1i/instCat/00609114to00677003/00671796.tar.gz
HTAR: a   DC2_ImSim/Run2.1i/instCat/00609114to00677003/00671822.tar.gz
HTAR: a   DC2_ImSim/Run2.1i/instCat/00609114to00677003/00671823.tar.gz
HTAR: a   DC2_ImSim/Run2.1i/instCat/00609114to00677003/00671824.tar.gz
HTAR: a   DC2_ImSim/Run2.1i/instCat/00609114to00677003/00671825.tar.gz
HTAR: a   DC2_ImSim/Run2.1i/instCat/00609114to00677003/00671836.tar.gz
HTAR: a   DC2_ImSim/Run2.1i/instCat/00609114to00677003/00671837.tar.gz
HTAR: a   DC2_ImSim/Run2.1i/instCat/00609114to00677003/00671839.tar.gz
HTAR: a   DC2_ImSim/Run2.1i/instCat/00609114to00677003/00671840.tar.gz
HTAR: a   DC2_ImSim/Run2.1i/instCat/00609114to00677003/00671841.tar.gz
HTAR: a   DC2_ImSim/Run2.1i/instCat/00609114to00677003/00671842.tar.gz
HTAR: a   DC2_ImSim/Run2.1i/instCat/00609114to00677003/00671843.tar.gz
HTAR: a   DC2_ImSim/Run2.1i/instCat/00609114to00677003/00671844.tar.gz
HTAR: a   DC2_ImSim/Run2.1i/instCat/00609114to00677003/00671845.tar.gz
HTAR: a   DC2_ImSim/Run2.1i/instCat/00609114to00677003/00671849.tar.gz
HTAR: a   DC2_ImSim/Run2.1i/instCat/00609114to00677003/00671874.tar.gz
HTAR: a   DC2_ImSim/Run2.1i/instCat/00609114to00677003/00671875.tar.gz
HTAR: a   DC2_ImSim/Run2.1i/instCat/00609114to00677003/00671876.tar.gz
HTAR: a   DC2_ImSim/Run2.1i/instCat/00609114to00677003/00671877.tar.gz
HTAR: a   DC2_ImSim/Run2.1i/instCat/00609114to00677003/00671878.tar.gz
HTAR: a   DC2_ImSim/Run2.1i/instCat/00609114to00677003/00671879.tar.gz
HTAR: a   DC2_ImSim/Run2.1i/instCat/00609114to00677003/00671880.tar.gz
HTAR: a   DC2_ImSim/Run2.1i/instCat/00609114to00677003/00672654.tar.gz
HTAR: a   DC2_ImSim/Run2.1i/instCat/00609114to00677003/00672686.tar.gz
HTAR: a   DC2_ImSim/Run2.1i/instCat/00609114to00677003/00672687.tar.gz
HTAR: a   DC2_ImSim/Run2.1i/instCat/00609114to00677003/00673404.tar.gz
HTAR: a   DC2_ImSim/Run2.1i/instCat/00609114to00677003/00673405.tar.gz
HTAR: a   DC2_ImSim/Run2.1i/instCat/00609114to00677003/00674957.tar.gz
HTAR: a   DC2_ImSim/Run2.1i/instCat/00609114to00677003/00675090.tar.gz
HTAR: a   DC2_ImSim/Run2.1i/instCat/00609114to00677003/00675091.tar.gz
HTAR: a   DC2_ImSim/Run2.1i/instCat/00609114to00677003/00675092.tar.gz
HTAR: a   DC2_ImSim/Run2.1i/instCat/00609114to00677003/00675093.tar.gz
HTAR: a   DC2_ImSim/Run2.1i/instCat/00609114to00677003/00675096.tar.gz
HTAR: a   DC2_ImSim/Run2.1i/instCat/00609114to00677003/00675097.tar.gz
HTAR: a   DC2_ImSim/Run2.1i/instCat/00609114to00677003/00675098.tar.gz
HTAR: a   DC2_ImSim/Run2.1i/instCat/00609114to00677003/00675099.tar.gz
HTAR: a   DC2_ImSim/Run2.1i/instCat/00609114to00677003/00675100.tar.gz
HTAR: a   DC2_ImSim/Run2.1i/instCat/00609114to00677003/00675101.tar.gz
HTAR: a   DC2_ImSim/Run2.1i/instCat/00609114to00677003/00675102.tar.gz
HTAR: a   DC2_ImSim/Run2.1i/instCat/00609114to00677003/00675103.tar.gz
HTAR: a   DC2_ImSim/Run2.1i/instCat/00609114to00677003/00675104.tar.gz
HTAR: a   DC2_ImSim/Run2.1i/instCat/00609114to00677003/00675105.tar.gz
HTAR: a   DC2_ImSim/Run2.1i/instCat/00609114to00677003/00675106.tar.gz
HTAR: a   DC2_ImSim/Run2.1i/instCat/00609114to00677003/00675107.tar.gz
HTAR: a   DC2_ImSim/Run2.1i/instCat/00609114to00677003/00675108.tar.gz
HTAR: a   DC2_ImSim/Run2.1i/instCat/00609114to00677003/00675109.tar.gz
HTAR: a   /tmp/HTAR_CF_CHK_48076_1561088123
HTAR Create complete for /home/projects/desc/DC2_ImSim/Run2.1i/instCat/00560434to00677003/00669794to00675109.tar. 541,674,045,952 bytes written for 120 member files, max threads: 3 Transfer time: 3544.583 seconds (152.817 MB/s) wallclock/user/sys: 3545.775 4145.387 1939.138 seconds
HTAR: HTAR SUCCESSFUL
HTAR: a   DC2_ImSim/Run2.1i/instCat/00609114to00677003/00675110.tar.gz
HTAR: a   DC2_ImSim/Run2.1i/instCat/00609114to00677003/00675145.tar.gz
HTAR: a   DC2_ImSim/Run2.1i/instCat/00609114to00677003/00675147.tar.gz
HTAR: a   DC2_ImSim/Run2.1i/instCat/00609114to00677003/00675148.tar.gz
HTAR: a   DC2_ImSim/Run2.1i/instCat/00609114to00677003/00675152.tar.gz
HTAR: a   DC2_ImSim/Run2.1i/instCat/00609114to00677003/00675154.tar.gz
HTAR: a   DC2_ImSim/Run2.1i/instCat/00609114to00677003/00675156.tar.gz
HTAR: a   DC2_ImSim/Run2.1i/instCat/00609114to00677003/00675160.tar.gz
HTAR: a   DC2_ImSim/Run2.1i/instCat/00609114to00677003/00675161.tar.gz
HTAR: a   DC2_ImSim/Run2.1i/instCat/00609114to00677003/00675162.tar.gz
HTAR: a   DC2_ImSim/Run2.1i/instCat/00609114to00677003/00675163.tar.gz
HTAR: a   DC2_ImSim/Run2.1i/instCat/00609114to00677003/00675164.tar.gz
HTAR: a   DC2_ImSim/Run2.1i/instCat/00609114to00677003/00675165.tar.gz
HTAR: a   DC2_ImSim/Run2.1i/instCat/00609114to00677003/00675166.tar.gz
HTAR: a   DC2_ImSim/Run2.1i/instCat/00609114to00677003/00675167.tar.gz
HTAR: a   DC2_ImSim/Run2.1i/instCat/00609114to00677003/00675168.tar.gz
HTAR: a   DC2_ImSim/Run2.1i/instCat/00609114to00677003/00675169.tar.gz
HTAR: a   DC2_ImSim/Run2.1i/instCat/00609114to00677003/00675171.tar.gz
HTAR: a   DC2_ImSim/Run2.1i/instCat/00609114to00677003/00675212.tar.gz
HTAR: a   DC2_ImSim/Run2.1i/instCat/00609114to00677003/00675213.tar.gz
HTAR: a   DC2_ImSim/Run2.1i/instCat/00609114to00677003/00675230.tar.gz
HTAR: a   DC2_ImSim/Run2.1i/instCat/00609114to00677003/00676037.tar.gz
HTAR: a   DC2_ImSim/Run2.1i/instCat/00609114to00677003/00676045.tar.gz
HTAR: a   DC2_ImSim/Run2.1i/instCat/00609114to00677003/00676074.tar.gz
HTAR: a   DC2_ImSim/Run2.1i/instCat/00609114to00677003/00676075.tar.gz
HTAR: a   DC2_ImSim/Run2.1i/instCat/00609114to00677003/00676076.tar.gz
HTAR: a   DC2_ImSim/Run2.1i/instCat/00609114to00677003/00676077.tar.gz
HTAR: a   DC2_ImSim/Run2.1i/instCat/00609114to00677003/00676078.tar.gz
HTAR: a   DC2_ImSim/Run2.1i/instCat/00609114to00677003/00676088.tar.gz
HTAR: a   DC2_ImSim/Run2.1i/instCat/00609114to00677003/00676089.tar.gz
HTAR: a   DC2_ImSim/Run2.1i/instCat/00609114to00677003/00676113.tar.gz
HTAR: a   DC2_ImSim/Run2.1i/instCat/00609114to00677003/00676114.tar.gz
HTAR: a   DC2_ImSim/Run2.1i/instCat/00609114to00677003/00676115.tar.gz
HTAR: a   DC2_ImSim/Run2.1i/instCat/00609114to00677003/00676116.tar.gz
HTAR: a   DC2_ImSim/Run2.1i/instCat/00609114to00677003/00676118.tar.gz
HTAR: a   DC2_ImSim/Run2.1i/instCat/00609114to00677003/00676119.tar.gz
HTAR: a   DC2_ImSim/Run2.1i/instCat/00609114to00677003/00676133.tar.gz
HTAR: a   DC2_ImSim/Run2.1i/instCat/00609114to00677003/00676134.tar.gz
HTAR: a   DC2_ImSim/Run2.1i/instCat/00609114to00677003/00676135.tar.gz
HTAR: a   DC2_ImSim/Run2.1i/instCat/00609114to00677003/00676136.tar.gz
HTAR: a   DC2_ImSim/Run2.1i/instCat/00609114to00677003/00676137.tar.gz
HTAR: a   DC2_ImSim/Run2.1i/instCat/00609114to00677003/00676138.tar.gz
HTAR: a   DC2_ImSim/Run2.1i/instCat/00609114to00677003/00676155.tar.gz
HTAR: a   DC2_ImSim/Run2.1i/instCat/00609114to00677003/00676156.tar.gz
HTAR: a   DC2_ImSim/Run2.1i/instCat/00609114to00677003/00676157.tar.gz
HTAR: a   DC2_ImSim/Run2.1i/instCat/00609114to00677003/00676158.tar.gz
HTAR: a   DC2_ImSim/Run2.1i/instCat/00609114to00677003/00676159.tar.gz
HTAR: a   DC2_ImSim/Run2.1i/instCat/00609114to00677003/00676160.tar.gz
HTAR: a   DC2_ImSim/Run2.1i/instCat/00609114to00677003/00676161.tar.gz
HTAR: a   DC2_ImSim/Run2.1i/instCat/00609114to00677003/00676162.tar.gz
HTAR: a   DC2_ImSim/Run2.1i/instCat/00609114to00677003/00676163.tar.gz
HTAR: a   DC2_ImSim/Run2.1i/instCat/00609114to00677003/00676164.tar.gz
HTAR: a   DC2_ImSim/Run2.1i/instCat/00609114to00677003/00676165.tar.gz
HTAR: a   DC2_ImSim/Run2.1i/instCat/00609114to00677003/00676166.tar.gz
HTAR: a   DC2_ImSim/Run2.1i/instCat/00609114to00677003/00676167.tar.gz
HTAR: a   DC2_ImSim/Run2.1i/instCat/00609114to00677003/00676168.tar.gz
HTAR: a   DC2_ImSim/Run2.1i/instCat/00609114to00677003/00676181.tar.gz
HTAR: a   DC2_ImSim/Run2.1i/instCat/00609114to00677003/00676182.tar.gz
HTAR: a   DC2_ImSim/Run2.1i/instCat/00609114to00677003/00676183.tar.gz
HTAR: a   DC2_ImSim/Run2.1i/instCat/00609114to00677003/00676184.tar.gz
HTAR: a   DC2_ImSim/Run2.1i/instCat/00609114to00677003/00676185.tar.gz
HTAR: a   DC2_ImSim/Run2.1i/instCat/00609114to00677003/00676186.tar.gz
HTAR: a   DC2_ImSim/Run2.1i/instCat/00609114to00677003/00676187.tar.gz
HTAR: a   DC2_ImSim/Run2.1i/instCat/00609114to00677003/00676208.tar.gz
HTAR: a   DC2_ImSim/Run2.1i/instCat/00609114to00677003/00676209.tar.gz
HTAR: a   DC2_ImSim/Run2.1i/instCat/00609114to00677003/00676210.tar.gz
HTAR: a   DC2_ImSim/Run2.1i/instCat/00609114to00677003/00676215.tar.gz
HTAR: a   DC2_ImSim/Run2.1i/instCat/00609114to00677003/00676216.tar.gz
HTAR: a   DC2_ImSim/Run2.1i/instCat/00609114to00677003/00676221.tar.gz
HTAR: a   DC2_ImSim/Run2.1i/instCat/00609114to00677003/00676698.tar.gz
HTAR: a   DC2_ImSim/Run2.1i/instCat/00609114to00677003/00676780.tar.gz
HTAR: a   DC2_ImSim/Run2.1i/instCat/00609114to00677003/00676781.tar.gz
HTAR: a   DC2_ImSim/Run2.1i/instCat/00609114to00677003/00676782.tar.gz
HTAR: a   DC2_ImSim/Run2.1i/instCat/00609114to00677003/00676783.tar.gz
HTAR: a   DC2_ImSim/Run2.1i/instCat/00609114to00677003/00676784.tar.gz
HTAR: a   DC2_ImSim/Run2.1i/instCat/00609114to00677003/00676785.tar.gz
HTAR: a   DC2_ImSim/Run2.1i/instCat/00609114to00677003/00676786.tar.gz
HTAR: a   DC2_ImSim/Run2.1i/instCat/00609114to00677003/00676787.tar.gz
HTAR: a   DC2_ImSim/Run2.1i/instCat/00609114to00677003/00676788.tar.gz
HTAR: a   DC2_ImSim/Run2.1i/instCat/00609114to00677003/00676789.tar.gz
HTAR: a   DC2_ImSim/Run2.1i/instCat/00609114to00677003/00676790.tar.gz
HTAR: a   DC2_ImSim/Run2.1i/instCat/00609114to00677003/00676791.tar.gz
HTAR: a   DC2_ImSim/Run2.1i/instCat/00609114to00677003/00676792.tar.gz
HTAR: a   DC2_ImSim/Run2.1i/instCat/00609114to00677003/00676794.tar.gz
HTAR: a   DC2_ImSim/Run2.1i/instCat/00609114to00677003/00676795.tar.gz
HTAR: a   DC2_ImSim/Run2.1i/instCat/00609114to00677003/00676796.tar.gz
HTAR: a   DC2_ImSim/Run2.1i/instCat/00609114to00677003/00676797.tar.gz
HTAR: a   DC2_ImSim/Run2.1i/instCat/00609114to00677003/00676798.tar.gz
HTAR: a   DC2_ImSim/Run2.1i/instCat/00609114to00677003/00676804.tar.gz
HTAR: a   DC2_ImSim/Run2.1i/instCat/00609114to00677003/00676820.tar.gz
HTAR: a   DC2_ImSim/Run2.1i/instCat/00609114to00677003/00676821.tar.gz
HTAR: a   DC2_ImSim/Run2.1i/instCat/00609114to00677003/00676822.tar.gz
HTAR: a   DC2_ImSim/Run2.1i/instCat/00609114to00677003/00676823.tar.gz
HTAR: a   DC2_ImSim/Run2.1i/instCat/00609114to00677003/00676824.tar.gz
HTAR: a   DC2_ImSim/Run2.1i/instCat/00609114to00677003/00676825.tar.gz
HTAR: a   DC2_ImSim/Run2.1i/instCat/00609114to00677003/00676826.tar.gz
HTAR: a   DC2_ImSim/Run2.1i/instCat/00609114to00677003/00676827.tar.gz
HTAR: a   DC2_ImSim/Run2.1i/instCat/00609114to00677003/00676828.tar.gz
HTAR: a   DC2_ImSim/Run2.1i/instCat/00609114to00677003/00676829.tar.gz
HTAR: a   DC2_ImSim/Run2.1i/instCat/00609114to00677003/00676830.tar.gz
HTAR: a   DC2_ImSim/Run2.1i/instCat/00609114to00677003/00676831.tar.gz
HTAR: a   DC2_ImSim/Run2.1i/instCat/00609114to00677003/00676832.tar.gz
HTAR: a   DC2_ImSim/Run2.1i/instCat/00609114to00677003/00676833.tar.gz
HTAR: a   DC2_ImSim/Run2.1i/instCat/00609114to00677003/00676834.tar.gz
HTAR: a   DC2_ImSim/Run2.1i/instCat/00609114to00677003/00676835.tar.gz
HTAR: a   DC2_ImSim/Run2.1i/instCat/00609114to00677003/00676837.tar.gz
HTAR: a   DC2_ImSim/Run2.1i/instCat/00609114to00677003/00676838.tar.gz
HTAR: a   DC2_ImSim/Run2.1i/instCat/00609114to00677003/00676842.tar.gz
HTAR: a   DC2_ImSim/Run2.1i/instCat/00609114to00677003/00676848.tar.gz
HTAR: a   DC2_ImSim/Run2.1i/instCat/00609114to00677003/00676849.tar.gz
HTAR: a   DC2_ImSim/Run2.1i/instCat/00609114to00677003/00676850.tar.gz
HTAR: a   DC2_ImSim/Run2.1i/instCat/00609114to00677003/00676851.tar.gz
HTAR: a   DC2_ImSim/Run2.1i/instCat/00609114to00677003/00676892.tar.gz
HTAR: a   DC2_ImSim/Run2.1i/instCat/00609114to00677003/00676893.tar.gz
HTAR: a   DC2_ImSim/Run2.1i/instCat/00609114to00677003/00676908.tar.gz
HTAR: a   DC2_ImSim/Run2.1i/instCat/00609114to00677003/00676932.tar.gz
HTAR: a   /tmp/HTAR_CF_CHK_24202_1561091672
HTAR Create complete for /home/projects/desc/DC2_ImSim/Run2.1i/instCat/00560434to00677003/00675110to00676932.tar. 512,969,497,600 bytes written for 116 member files, max threads: 2 Transfer time: 3366.103 seconds (152.393 MB/s) wallclock/user/sys: 3367.318 3943.318 1849.667 seconds
HTAR: HTAR SUCCESSFUL
