HTAR: a   DC2_ImSim/Run2.1i/instCat/00560434to00609114/00563167.tar.gz
HTAR: a   DC2_ImSim/Run2.1i/instCat/00560434to00609114/00567484.tar.gz
HTAR: a   DC2_ImSim/Run2.1i/instCat/00560434to00609114/00567487.tar.gz
HTAR: a   DC2_ImSim/Run2.1i/instCat/00560434to00609114/00567536.tar.gz
HTAR: a   DC2_ImSim/Run2.1i/instCat/00560434to00609114/00567537.tar.gz
HTAR: a   DC2_ImSim/Run2.1i/instCat/00560434to00609114/00567538.tar.gz
HTAR: a   DC2_ImSim/Run2.1i/instCat/00560434to00609114/00604301.tar.gz
HTAR: a   DC2_ImSim/Run2.1i/instCat/00560434to00609114/00604349.tar.gz
HTAR: a   DC2_ImSim/Run2.1i/instCat/00609114to00677003/00612486.tar.gz
HTAR: a   DC2_ImSim/Run2.1i/instCat/00609114to00677003/00612487.tar.gz
HTAR: a   DC2_ImSim/Run2.1i/instCat/00609114to00677003/00612530.tar.gz
HTAR: a   DC2_ImSim/Run2.1i/instCat/00609114to00677003/00612532.tar.gz
HTAR: a   DC2_ImSim/Run2.1i/instCat/00609114to00677003/00615743.tar.gz
HTAR: a   DC2_ImSim/Run2.1i/instCat/00609114to00677003/00617749.tar.gz
HTAR: a   DC2_ImSim/Run2.1i/instCat/00609114to00677003/00617784.tar.gz
HTAR: a   DC2_ImSim/Run2.1i/instCat/00609114to00677003/00617787.tar.gz
HTAR: a   DC2_ImSim/Run2.1i/instCat/00609114to00677003/00617807.tar.gz
HTAR: a   DC2_ImSim/Run2.1i/instCat/00609114to00677003/00618744.tar.gz
HTAR: a   DC2_ImSim/Run2.1i/instCat/00609114to00677003/00618767.tar.gz
HTAR: a   DC2_ImSim/Run2.1i/instCat/00609114to00677003/00618857.tar.gz
HTAR: a   DC2_ImSim/Run2.1i/instCat/00609114to00677003/00618858.tar.gz
HTAR: a   DC2_ImSim/Run2.1i/instCat/00609114to00677003/00618859.tar.gz
HTAR: a   DC2_ImSim/Run2.1i/instCat/00609114to00677003/00618860.tar.gz
HTAR: a   DC2_ImSim/Run2.1i/instCat/00609114to00677003/00618861.tar.gz
HTAR: a   DC2_ImSim/Run2.1i/instCat/00609114to00677003/00618862.tar.gz
HTAR: a   DC2_ImSim/Run2.1i/instCat/00609114to00677003/00618863.tar.gz
HTAR: a   DC2_ImSim/Run2.1i/instCat/00609114to00677003/00618864.tar.gz
HTAR: a   DC2_ImSim/Run2.1i/instCat/00609114to00677003/00618865.tar.gz
HTAR: a   DC2_ImSim/Run2.1i/instCat/00609114to00677003/00627969.tar.gz
HTAR: a   DC2_ImSim/Run2.1i/instCat/00609114to00677003/00627970.tar.gz
HTAR: a   DC2_ImSim/Run2.1i/instCat/00609114to00677003/00627999.tar.gz
HTAR: a   DC2_ImSim/Run2.1i/instCat/00609114to00677003/00628002.tar.gz
HTAR: a   DC2_ImSim/Run2.1i/instCat/00609114to00677003/00628003.tar.gz
HTAR: a   DC2_ImSim/Run2.1i/instCat/00609114to00677003/00628004.tar.gz
HTAR: a   DC2_ImSim/Run2.1i/instCat/00609114to00677003/00628005.tar.gz
HTAR: a   DC2_ImSim/Run2.1i/instCat/00609114to00677003/00629034.tar.gz
HTAR: a   DC2_ImSim/Run2.1i/instCat/00609114to00677003/00630047.tar.gz
HTAR: a   DC2_ImSim/Run2.1i/instCat/00609114to00677003/00630049.tar.gz
HTAR: a   DC2_ImSim/Run2.1i/instCat/00609114to00677003/00630060.tar.gz
HTAR: a   DC2_ImSim/Run2.1i/instCat/00609114to00677003/00630067.tar.gz
HTAR: a   DC2_ImSim/Run2.1i/instCat/00609114to00677003/00631518.tar.gz
HTAR: a   DC2_ImSim/Run2.1i/instCat/00609114to00677003/00632364.tar.gz
HTAR: a   DC2_ImSim/Run2.1i/instCat/00609114to00677003/00632422.tar.gz
HTAR: a   DC2_ImSim/Run2.1i/instCat/00609114to00677003/00632423.tar.gz
HTAR: a   DC2_ImSim/Run2.1i/instCat/00609114to00677003/00632506.tar.gz
HTAR: a   DC2_ImSim/Run2.1i/instCat/00609114to00677003/00633678.tar.gz
HTAR: a   DC2_ImSim/Run2.1i/instCat/00609114to00677003/00633679.tar.gz
HTAR: a   DC2_ImSim/Run2.1i/instCat/00609114to00677003/00633681.tar.gz
HTAR: a   DC2_ImSim/Run2.1i/instCat/00609114to00677003/00633682.tar.gz
HTAR: a   DC2_ImSim/Run2.1i/instCat/00609114to00677003/00633683.tar.gz
HTAR: a   DC2_ImSim/Run2.1i/instCat/00609114to00677003/00633684.tar.gz
HTAR: a   DC2_ImSim/Run2.1i/instCat/00609114to00677003/00633685.tar.gz
HTAR: a   DC2_ImSim/Run2.1i/instCat/00609114to00677003/00633686.tar.gz
HTAR: a   DC2_ImSim/Run2.1i/instCat/00609114to00677003/00633724.tar.gz
HTAR: a   DC2_ImSim/Run2.1i/instCat/00609114to00677003/00633727.tar.gz
HTAR: a   DC2_ImSim/Run2.1i/instCat/00609114to00677003/00633728.tar.gz
HTAR: a   DC2_ImSim/Run2.1i/instCat/00609114to00677003/00633729.tar.gz
HTAR: a   DC2_ImSim/Run2.1i/instCat/00609114to00677003/00633730.tar.gz
HTAR: a   DC2_ImSim/Run2.1i/instCat/00609114to00677003/00633731.tar.gz
HTAR: a   DC2_ImSim/Run2.1i/instCat/00609114to00677003/00633732.tar.gz
HTAR: a   DC2_ImSim/Run2.1i/instCat/00609114to00677003/00633733.tar.gz
HTAR: a   DC2_ImSim/Run2.1i/instCat/00609114to00677003/00633779.tar.gz
HTAR: a   DC2_ImSim/Run2.1i/instCat/00609114to00677003/00633780.tar.gz
HTAR: a   DC2_ImSim/Run2.1i/instCat/00609114to00677003/00633781.tar.gz
HTAR: a   DC2_ImSim/Run2.1i/instCat/00609114to00677003/00633829.tar.gz
HTAR: a   DC2_ImSim/Run2.1i/instCat/00609114to00677003/00633830.tar.gz
HTAR: a   DC2_ImSim/Run2.1i/instCat/00609114to00677003/00633831.tar.gz
HTAR: a   DC2_ImSim/Run2.1i/instCat/00609114to00677003/00633832.tar.gz
HTAR: a   DC2_ImSim/Run2.1i/instCat/00609114to00677003/00633833.tar.gz
HTAR: a   DC2_ImSim/Run2.1i/instCat/00609114to00677003/00633845.tar.gz
HTAR: a   DC2_ImSim/Run2.1i/instCat/00609114to00677003/00633846.tar.gz
HTAR: a   DC2_ImSim/Run2.1i/instCat/00609114to00677003/00635789.tar.gz
HTAR: a   DC2_ImSim/Run2.1i/instCat/00609114to00677003/00635792.tar.gz
HTAR: a   DC2_ImSim/Run2.1i/instCat/00609114to00677003/00635793.tar.gz
HTAR: a   DC2_ImSim/Run2.1i/instCat/00609114to00677003/00635794.tar.gz
HTAR: a   DC2_ImSim/Run2.1i/instCat/00609114to00677003/00635795.tar.gz
HTAR: a   DC2_ImSim/Run2.1i/instCat/00609114to00677003/00635799.tar.gz
HTAR: a   DC2_ImSim/Run2.1i/instCat/00609114to00677003/00635800.tar.gz
HTAR: a   DC2_ImSim/Run2.1i/instCat/00609114to00677003/00635801.tar.gz
HTAR: a   DC2_ImSim/Run2.1i/instCat/00609114to00677003/00635802.tar.gz
HTAR: a   DC2_ImSim/Run2.1i/instCat/00609114to00677003/00635803.tar.gz
HTAR: a   DC2_ImSim/Run2.1i/instCat/00609114to00677003/00635804.tar.gz
HTAR: a   DC2_ImSim/Run2.1i/instCat/00609114to00677003/00635808.tar.gz
HTAR: a   DC2_ImSim/Run2.1i/instCat/00609114to00677003/00635809.tar.gz
HTAR: a   DC2_ImSim/Run2.1i/instCat/00609114to00677003/00635810.tar.gz
HTAR: a   DC2_ImSim/Run2.1i/instCat/00609114to00677003/00635811.tar.gz
HTAR: a   DC2_ImSim/Run2.1i/instCat/00609114to00677003/00635825.tar.gz
HTAR: a   DC2_ImSim/Run2.1i/instCat/00609114to00677003/00635826.tar.gz
HTAR: a   DC2_ImSim/Run2.1i/instCat/00609114to00677003/00635827.tar.gz
HTAR: a   DC2_ImSim/Run2.1i/instCat/00609114to00677003/00635828.tar.gz
HTAR: a   DC2_ImSim/Run2.1i/instCat/00609114to00677003/00635829.tar.gz
HTAR: a   DC2_ImSim/Run2.1i/instCat/00609114to00677003/00635832.tar.gz
HTAR: a   DC2_ImSim/Run2.1i/instCat/00609114to00677003/00635833.tar.gz
HTAR: a   DC2_ImSim/Run2.1i/instCat/00609114to00677003/00635834.tar.gz
HTAR: a   DC2_ImSim/Run2.1i/instCat/00609114to00677003/00635835.tar.gz
HTAR: a   DC2_ImSim/Run2.1i/instCat/00609114to00677003/00635836.tar.gz
HTAR: a   DC2_ImSim/Run2.1i/instCat/00609114to00677003/00635837.tar.gz
HTAR: a   DC2_ImSim/Run2.1i/instCat/00609114to00677003/00635838.tar.gz
HTAR: a   DC2_ImSim/Run2.1i/instCat/00609114to00677003/00635850.tar.gz
HTAR: a   DC2_ImSim/Run2.1i/instCat/00609114to00677003/00635851.tar.gz
HTAR: a   DC2_ImSim/Run2.1i/instCat/00609114to00677003/00635852.tar.gz
HTAR: a   DC2_ImSim/Run2.1i/instCat/00609114to00677003/00635854.tar.gz
HTAR: a   DC2_ImSim/Run2.1i/instCat/00609114to00677003/00635863.tar.gz
HTAR: a   DC2_ImSim/Run2.1i/instCat/00609114to00677003/00635864.tar.gz
HTAR: a   DC2_ImSim/Run2.1i/instCat/00609114to00677003/00635865.tar.gz
HTAR: a   DC2_ImSim/Run2.1i/instCat/00609114to00677003/00635866.tar.gz
HTAR: a   DC2_ImSim/Run2.1i/instCat/00609114to00677003/00635871.tar.gz
HTAR: a   DC2_ImSim/Run2.1i/instCat/00609114to00677003/00635890.tar.gz
HTAR: a   DC2_ImSim/Run2.1i/instCat/00609114to00677003/00635891.tar.gz
HTAR: a   DC2_ImSim/Run2.1i/instCat/00609114to00677003/00635892.tar.gz
HTAR: a   DC2_ImSim/Run2.1i/instCat/00609114to00677003/00635902.tar.gz
HTAR: a   DC2_ImSim/Run2.1i/instCat/00609114to00677003/00635903.tar.gz
HTAR: a   DC2_ImSim/Run2.1i/instCat/00609114to00677003/00635904.tar.gz
HTAR: a   DC2_ImSim/Run2.1i/instCat/00609114to00677003/00635905.tar.gz
HTAR: a   DC2_ImSim/Run2.1i/instCat/00609114to00677003/00635906.tar.gz
HTAR: a   DC2_ImSim/Run2.1i/instCat/00609114to00677003/00637847.tar.gz
HTAR: a   DC2_ImSim/Run2.1i/instCat/00609114to00677003/00637849.tar.gz
HTAR: a   DC2_ImSim/Run2.1i/instCat/00609114to00677003/00637850.tar.gz
HTAR: a   DC2_ImSim/Run2.1i/instCat/00609114to00677003/00637851.tar.gz
HTAR: a   DC2_ImSim/Run2.1i/instCat/00609114to00677003/00637857.tar.gz
HTAR: a   /tmp/HTAR_CF_CHK_42075_1561074080
HTAR Create complete for /home/projects/desc/DC2_ImSim/Run2.1i/instCat/00560434to00677003/00563167to00637857.tar. 479,042,573,824 bytes written for 120 member files, max threads: 3 Transfer time: 2587.775 seconds (185.118 MB/s) wallclock/user/sys: 2588.221 3066.038 1343.483 seconds
HTAR: HTAR SUCCESSFUL
HTAR: a   DC2_ImSim/Run2.1i/instCat/00609114to00677003/00637858.tar.gz
HTAR: a   DC2_ImSim/Run2.1i/instCat/00609114to00677003/00637859.tar.gz
HTAR: a   DC2_ImSim/Run2.1i/instCat/00609114to00677003/00637860.tar.gz
HTAR: a   DC2_ImSim/Run2.1i/instCat/00609114to00677003/00637861.tar.gz
HTAR: a   DC2_ImSim/Run2.1i/instCat/00609114to00677003/00637862.tar.gz
HTAR: a   DC2_ImSim/Run2.1i/instCat/00609114to00677003/00637863.tar.gz
HTAR: a   DC2_ImSim/Run2.1i/instCat/00609114to00677003/00637864.tar.gz
HTAR: a   DC2_ImSim/Run2.1i/instCat/00609114to00677003/00637865.tar.gz
HTAR: a   DC2_ImSim/Run2.1i/instCat/00609114to00677003/00637866.tar.gz
HTAR: a   DC2_ImSim/Run2.1i/instCat/00609114to00677003/00637867.tar.gz
HTAR: a   DC2_ImSim/Run2.1i/instCat/00609114to00677003/00637868.tar.gz
HTAR: a   DC2_ImSim/Run2.1i/instCat/00609114to00677003/00637869.tar.gz
HTAR: a   DC2_ImSim/Run2.1i/instCat/00609114to00677003/00637870.tar.gz
HTAR: a   DC2_ImSim/Run2.1i/instCat/00609114to00677003/00637871.tar.gz
HTAR: a   DC2_ImSim/Run2.1i/instCat/00609114to00677003/00637872.tar.gz
HTAR: a   DC2_ImSim/Run2.1i/instCat/00609114to00677003/00637873.tar.gz
HTAR: a   DC2_ImSim/Run2.1i/instCat/00609114to00677003/00637874.tar.gz
HTAR: a   DC2_ImSim/Run2.1i/instCat/00609114to00677003/00637875.tar.gz
HTAR: a   DC2_ImSim/Run2.1i/instCat/00609114to00677003/00637876.tar.gz
HTAR: a   DC2_ImSim/Run2.1i/instCat/00609114to00677003/00637877.tar.gz
HTAR: a   DC2_ImSim/Run2.1i/instCat/00609114to00677003/00637878.tar.gz
HTAR: a   DC2_ImSim/Run2.1i/instCat/00609114to00677003/00637881.tar.gz
HTAR: a   DC2_ImSim/Run2.1i/instCat/00609114to00677003/00637882.tar.gz
HTAR: a   DC2_ImSim/Run2.1i/instCat/00609114to00677003/00637908.tar.gz
HTAR: a   DC2_ImSim/Run2.1i/instCat/00609114to00677003/00637909.tar.gz
HTAR: a   DC2_ImSim/Run2.1i/instCat/00609114to00677003/00637910.tar.gz
HTAR: a   DC2_ImSim/Run2.1i/instCat/00609114to00677003/00637911.tar.gz
HTAR: a   DC2_ImSim/Run2.1i/instCat/00609114to00677003/00637912.tar.gz
HTAR: a   DC2_ImSim/Run2.1i/instCat/00609114to00677003/00637913.tar.gz
HTAR: a   DC2_ImSim/Run2.1i/instCat/00609114to00677003/00637914.tar.gz
HTAR: a   DC2_ImSim/Run2.1i/instCat/00609114to00677003/00637915.tar.gz
HTAR: a   DC2_ImSim/Run2.1i/instCat/00609114to00677003/00637916.tar.gz
HTAR: a   DC2_ImSim/Run2.1i/instCat/00609114to00677003/00637917.tar.gz
HTAR: a   DC2_ImSim/Run2.1i/instCat/00609114to00677003/00637918.tar.gz
HTAR: a   DC2_ImSim/Run2.1i/instCat/00609114to00677003/00637919.tar.gz
HTAR: a   DC2_ImSim/Run2.1i/instCat/00609114to00677003/00637920.tar.gz
HTAR: a   DC2_ImSim/Run2.1i/instCat/00609114to00677003/00637921.tar.gz
HTAR: a   DC2_ImSim/Run2.1i/instCat/00609114to00677003/00637922.tar.gz
HTAR: a   DC2_ImSim/Run2.1i/instCat/00609114to00677003/00637923.tar.gz
HTAR: a   DC2_ImSim/Run2.1i/instCat/00609114to00677003/00637924.tar.gz
HTAR: a   DC2_ImSim/Run2.1i/instCat/00609114to00677003/00637925.tar.gz
HTAR: a   DC2_ImSim/Run2.1i/instCat/00609114to00677003/00637926.tar.gz
HTAR: a   DC2_ImSim/Run2.1i/instCat/00609114to00677003/00637927.tar.gz
HTAR: a   DC2_ImSim/Run2.1i/instCat/00609114to00677003/00637928.tar.gz
HTAR: a   DC2_ImSim/Run2.1i/instCat/00609114to00677003/00637929.tar.gz
HTAR: a   DC2_ImSim/Run2.1i/instCat/00609114to00677003/00637931.tar.gz
HTAR: a   DC2_ImSim/Run2.1i/instCat/00609114to00677003/00637932.tar.gz
HTAR: a   DC2_ImSim/Run2.1i/instCat/00609114to00677003/00637933.tar.gz
HTAR: a   DC2_ImSim/Run2.1i/instCat/00609114to00677003/00637934.tar.gz
HTAR: a   DC2_ImSim/Run2.1i/instCat/00609114to00677003/00637935.tar.gz
HTAR: a   DC2_ImSim/Run2.1i/instCat/00609114to00677003/00637936.tar.gz
HTAR: a   DC2_ImSim/Run2.1i/instCat/00609114to00677003/00637937.tar.gz
HTAR: a   DC2_ImSim/Run2.1i/instCat/00609114to00677003/00637947.tar.gz
HTAR: a   DC2_ImSim/Run2.1i/instCat/00609114to00677003/00637948.tar.gz
HTAR: a   DC2_ImSim/Run2.1i/instCat/00609114to00677003/00637949.tar.gz
HTAR: a   DC2_ImSim/Run2.1i/instCat/00609114to00677003/00637950.tar.gz
HTAR: a   DC2_ImSim/Run2.1i/instCat/00609114to00677003/00637951.tar.gz
HTAR: a   DC2_ImSim/Run2.1i/instCat/00609114to00677003/00637962.tar.gz
HTAR: a   DC2_ImSim/Run2.1i/instCat/00609114to00677003/00637963.tar.gz
HTAR: a   DC2_ImSim/Run2.1i/instCat/00609114to00677003/00637964.tar.gz
HTAR: a   DC2_ImSim/Run2.1i/instCat/00609114to00677003/00637965.tar.gz
HTAR: a   DC2_ImSim/Run2.1i/instCat/00609114to00677003/00637966.tar.gz
HTAR: a   DC2_ImSim/Run2.1i/instCat/00609114to00677003/00637967.tar.gz
HTAR: a   DC2_ImSim/Run2.1i/instCat/00609114to00677003/00637969.tar.gz
HTAR: a   DC2_ImSim/Run2.1i/instCat/00609114to00677003/00637971.tar.gz
HTAR: a   DC2_ImSim/Run2.1i/instCat/00609114to00677003/00637982.tar.gz
HTAR: a   DC2_ImSim/Run2.1i/instCat/00609114to00677003/00637983.tar.gz
HTAR: a   DC2_ImSim/Run2.1i/instCat/00609114to00677003/00637984.tar.gz
HTAR: a   DC2_ImSim/Run2.1i/instCat/00609114to00677003/00637985.tar.gz
HTAR: a   DC2_ImSim/Run2.1i/instCat/00609114to00677003/00637986.tar.gz
HTAR: a   DC2_ImSim/Run2.1i/instCat/00609114to00677003/00637987.tar.gz
HTAR: a   DC2_ImSim/Run2.1i/instCat/00609114to00677003/00638002.tar.gz
HTAR: a   DC2_ImSim/Run2.1i/instCat/00609114to00677003/00638003.tar.gz
HTAR: a   DC2_ImSim/Run2.1i/instCat/00609114to00677003/00638004.tar.gz
HTAR: a   DC2_ImSim/Run2.1i/instCat/00609114to00677003/00638782.tar.gz
HTAR: a   DC2_ImSim/Run2.1i/instCat/00609114to00677003/00638783.tar.gz
HTAR: a   DC2_ImSim/Run2.1i/instCat/00609114to00677003/00638784.tar.gz
HTAR: a   DC2_ImSim/Run2.1i/instCat/00609114to00677003/00638785.tar.gz
HTAR: a   DC2_ImSim/Run2.1i/instCat/00609114to00677003/00638786.tar.gz
HTAR: a   DC2_ImSim/Run2.1i/instCat/00609114to00677003/00638787.tar.gz
HTAR: a   DC2_ImSim/Run2.1i/instCat/00609114to00677003/00638789.tar.gz
HTAR: a   DC2_ImSim/Run2.1i/instCat/00609114to00677003/00638791.tar.gz
HTAR: a   DC2_ImSim/Run2.1i/instCat/00609114to00677003/00638799.tar.gz
HTAR: a   DC2_ImSim/Run2.1i/instCat/00609114to00677003/00638800.tar.gz
HTAR: a   DC2_ImSim/Run2.1i/instCat/00609114to00677003/00638801.tar.gz
HTAR: a   DC2_ImSim/Run2.1i/instCat/00609114to00677003/00638814.tar.gz
HTAR: a   DC2_ImSim/Run2.1i/instCat/00609114to00677003/00638815.tar.gz
HTAR: a   DC2_ImSim/Run2.1i/instCat/00609114to00677003/00638816.tar.gz
HTAR: a   DC2_ImSim/Run2.1i/instCat/00609114to00677003/00638817.tar.gz
HTAR: a   DC2_ImSim/Run2.1i/instCat/00609114to00677003/00638818.tar.gz
HTAR: a   DC2_ImSim/Run2.1i/instCat/00609114to00677003/00638819.tar.gz
HTAR: a   DC2_ImSim/Run2.1i/instCat/00609114to00677003/00638822.tar.gz
HTAR: a   DC2_ImSim/Run2.1i/instCat/00609114to00677003/00638823.tar.gz
HTAR: a   DC2_ImSim/Run2.1i/instCat/00609114to00677003/00638829.tar.gz
HTAR: a   DC2_ImSim/Run2.1i/instCat/00609114to00677003/00638830.tar.gz
HTAR: a   DC2_ImSim/Run2.1i/instCat/00609114to00677003/00638831.tar.gz
HTAR: a   DC2_ImSim/Run2.1i/instCat/00609114to00677003/00638836.tar.gz
HTAR: a   DC2_ImSim/Run2.1i/instCat/00609114to00677003/00638852.tar.gz
HTAR: a   DC2_ImSim/Run2.1i/instCat/00609114to00677003/00638853.tar.gz
HTAR: a   DC2_ImSim/Run2.1i/instCat/00609114to00677003/00638854.tar.gz
HTAR: a   DC2_ImSim/Run2.1i/instCat/00609114to00677003/00638855.tar.gz
HTAR: a   DC2_ImSim/Run2.1i/instCat/00609114to00677003/00638856.tar.gz
HTAR: a   DC2_ImSim/Run2.1i/instCat/00609114to00677003/00638857.tar.gz
HTAR: a   DC2_ImSim/Run2.1i/instCat/00609114to00677003/00638858.tar.gz
HTAR: a   DC2_ImSim/Run2.1i/instCat/00609114to00677003/00638859.tar.gz
HTAR: a   DC2_ImSim/Run2.1i/instCat/00609114to00677003/00638860.tar.gz
HTAR: a   DC2_ImSim/Run2.1i/instCat/00609114to00677003/00638861.tar.gz
HTAR: a   DC2_ImSim/Run2.1i/instCat/00609114to00677003/00638867.tar.gz
HTAR: a   DC2_ImSim/Run2.1i/instCat/00609114to00677003/00638885.tar.gz
HTAR: a   DC2_ImSim/Run2.1i/instCat/00609114to00677003/00638886.tar.gz
HTAR: a   DC2_ImSim/Run2.1i/instCat/00609114to00677003/00638887.tar.gz
HTAR: a   DC2_ImSim/Run2.1i/instCat/00609114to00677003/00638888.tar.gz
HTAR: a   DC2_ImSim/Run2.1i/instCat/00609114to00677003/00638889.tar.gz
HTAR: a   DC2_ImSim/Run2.1i/instCat/00609114to00677003/00638890.tar.gz
HTAR: a   DC2_ImSim/Run2.1i/instCat/00609114to00677003/00638891.tar.gz
HTAR: a   DC2_ImSim/Run2.1i/instCat/00609114to00677003/00638892.tar.gz
HTAR: a   DC2_ImSim/Run2.1i/instCat/00609114to00677003/00638893.tar.gz
HTAR: a   DC2_ImSim/Run2.1i/instCat/00609114to00677003/00638894.tar.gz
HTAR: a   DC2_ImSim/Run2.1i/instCat/00609114to00677003/00638895.tar.gz
HTAR: a   DC2_ImSim/Run2.1i/instCat/00609114to00677003/00638905.tar.gz
HTAR: a   /tmp/HTAR_CF_CHK_1316_1561076672
HTAR Create complete for /home/projects/desc/DC2_ImSim/Run2.1i/instCat/00560434to00677003/00637858to00638905.tar. 549,977,972,736 bytes written for 120 member files, max threads: 3 Transfer time: 3030.268 seconds (181.495 MB/s) wallclock/user/sys: 3030.732 3597.033 1563.175 seconds
HTAR: HTAR SUCCESSFUL
HTAR: a   DC2_ImSim/Run2.1i/instCat/00609114to00677003/00638919.tar.gz
HTAR: a   DC2_ImSim/Run2.1i/instCat/00609114to00677003/00638920.tar.gz
HTAR: a   DC2_ImSim/Run2.1i/instCat/00609114to00677003/00638921.tar.gz
HTAR: a   DC2_ImSim/Run2.1i/instCat/00609114to00677003/00638922.tar.gz
HTAR: a   DC2_ImSim/Run2.1i/instCat/00609114to00677003/00638923.tar.gz
HTAR: a   DC2_ImSim/Run2.1i/instCat/00609114to00677003/00638924.tar.gz
HTAR: a   DC2_ImSim/Run2.1i/instCat/00609114to00677003/00638948.tar.gz
HTAR: a   DC2_ImSim/Run2.1i/instCat/00609114to00677003/00638949.tar.gz
HTAR: a   DC2_ImSim/Run2.1i/instCat/00609114to00677003/00638950.tar.gz
HTAR: a   DC2_ImSim/Run2.1i/instCat/00609114to00677003/00638958.tar.gz
HTAR: a   DC2_ImSim/Run2.1i/instCat/00609114to00677003/00638959.tar.gz
HTAR: a   DC2_ImSim/Run2.1i/instCat/00609114to00677003/00638960.tar.gz
HTAR: a   DC2_ImSim/Run2.1i/instCat/00609114to00677003/00638961.tar.gz
HTAR: a   DC2_ImSim/Run2.1i/instCat/00609114to00677003/00638962.tar.gz
HTAR: a   DC2_ImSim/Run2.1i/instCat/00609114to00677003/00638981.tar.gz
HTAR: a   DC2_ImSim/Run2.1i/instCat/00609114to00677003/00638982.tar.gz
HTAR: a   DC2_ImSim/Run2.1i/instCat/00609114to00677003/00638983.tar.gz
HTAR: a   DC2_ImSim/Run2.1i/instCat/00609114to00677003/00638984.tar.gz
HTAR: a   DC2_ImSim/Run2.1i/instCat/00609114to00677003/00638988.tar.gz
HTAR: a   DC2_ImSim/Run2.1i/instCat/00609114to00677003/00638989.tar.gz
HTAR: a   DC2_ImSim/Run2.1i/instCat/00609114to00677003/00638990.tar.gz
HTAR: a   DC2_ImSim/Run2.1i/instCat/00609114to00677003/00638991.tar.gz
HTAR: a   DC2_ImSim/Run2.1i/instCat/00609114to00677003/00638992.tar.gz
HTAR: a   DC2_ImSim/Run2.1i/instCat/00609114to00677003/00638993.tar.gz
HTAR: a   DC2_ImSim/Run2.1i/instCat/00609114to00677003/00639000.tar.gz
HTAR: a   DC2_ImSim/Run2.1i/instCat/00609114to00677003/00639001.tar.gz
HTAR: a   DC2_ImSim/Run2.1i/instCat/00609114to00677003/00639953.tar.gz
HTAR: a   DC2_ImSim/Run2.1i/instCat/00609114to00677003/00639982.tar.gz
HTAR: a   DC2_ImSim/Run2.1i/instCat/00609114to00677003/00641062.tar.gz
HTAR: a   DC2_ImSim/Run2.1i/instCat/00609114to00677003/00641063.tar.gz
HTAR: a   DC2_ImSim/Run2.1i/instCat/00609114to00677003/00641064.tar.gz
HTAR: a   DC2_ImSim/Run2.1i/instCat/00609114to00677003/00641065.tar.gz
HTAR: a   DC2_ImSim/Run2.1i/instCat/00609114to00677003/00641066.tar.gz
HTAR: a   DC2_ImSim/Run2.1i/instCat/00609114to00677003/00641067.tar.gz
HTAR: a   DC2_ImSim/Run2.1i/instCat/00609114to00677003/00641068.tar.gz
HTAR: a   DC2_ImSim/Run2.1i/instCat/00609114to00677003/00641069.tar.gz
HTAR: a   DC2_ImSim/Run2.1i/instCat/00609114to00677003/00641070.tar.gz
HTAR: a   DC2_ImSim/Run2.1i/instCat/00609114to00677003/00641071.tar.gz
HTAR: a   DC2_ImSim/Run2.1i/instCat/00609114to00677003/00641072.tar.gz
HTAR: a   DC2_ImSim/Run2.1i/instCat/00609114to00677003/00641073.tar.gz
HTAR: a   DC2_ImSim/Run2.1i/instCat/00609114to00677003/00641074.tar.gz
HTAR: a   DC2_ImSim/Run2.1i/instCat/00609114to00677003/00641076.tar.gz
HTAR: a   DC2_ImSim/Run2.1i/instCat/00609114to00677003/00641103.tar.gz
HTAR: a   DC2_ImSim/Run2.1i/instCat/00609114to00677003/00641111.tar.gz
HTAR: a   DC2_ImSim/Run2.1i/instCat/00609114to00677003/00641112.tar.gz
HTAR: a   DC2_ImSim/Run2.1i/instCat/00609114to00677003/00641113.tar.gz
HTAR: a   DC2_ImSim/Run2.1i/instCat/00609114to00677003/00641114.tar.gz
HTAR: a   DC2_ImSim/Run2.1i/instCat/00609114to00677003/00641115.tar.gz
HTAR: a   DC2_ImSim/Run2.1i/instCat/00609114to00677003/00641116.tar.gz
HTAR: a   DC2_ImSim/Run2.1i/instCat/00609114to00677003/00641117.tar.gz
HTAR: a   DC2_ImSim/Run2.1i/instCat/00609114to00677003/00641118.tar.gz
HTAR: a   DC2_ImSim/Run2.1i/instCat/00609114to00677003/00641119.tar.gz
HTAR: a   DC2_ImSim/Run2.1i/instCat/00609114to00677003/00641120.tar.gz
HTAR: a   DC2_ImSim/Run2.1i/instCat/00609114to00677003/00641121.tar.gz
HTAR: a   DC2_ImSim/Run2.1i/instCat/00609114to00677003/00641122.tar.gz
HTAR: a   DC2_ImSim/Run2.1i/instCat/00609114to00677003/00641123.tar.gz
HTAR: a   DC2_ImSim/Run2.1i/instCat/00609114to00677003/00641318.tar.gz
HTAR: a   DC2_ImSim/Run2.1i/instCat/00609114to00677003/00642205.tar.gz
HTAR: a   DC2_ImSim/Run2.1i/instCat/00609114to00677003/00642215.tar.gz
HTAR: a   DC2_ImSim/Run2.1i/instCat/00609114to00677003/00642216.tar.gz
HTAR: a   DC2_ImSim/Run2.1i/instCat/00609114to00677003/00642227.tar.gz
HTAR: a   DC2_ImSim/Run2.1i/instCat/00609114to00677003/00642243.tar.gz
HTAR: a   DC2_ImSim/Run2.1i/instCat/00609114to00677003/00642253.tar.gz
HTAR: a   DC2_ImSim/Run2.1i/instCat/00609114to00677003/00643024.tar.gz
HTAR: a   DC2_ImSim/Run2.1i/instCat/00609114to00677003/00643025.tar.gz
HTAR: a   DC2_ImSim/Run2.1i/instCat/00609114to00677003/00643026.tar.gz
HTAR: a   DC2_ImSim/Run2.1i/instCat/00609114to00677003/00643027.tar.gz
HTAR: a   DC2_ImSim/Run2.1i/instCat/00609114to00677003/00643028.tar.gz
HTAR: a   DC2_ImSim/Run2.1i/instCat/00609114to00677003/00643040.tar.gz
HTAR: a   DC2_ImSim/Run2.1i/instCat/00609114to00677003/00643041.tar.gz
HTAR: a   DC2_ImSim/Run2.1i/instCat/00609114to00677003/00645564.tar.gz
HTAR: a   DC2_ImSim/Run2.1i/instCat/00609114to00677003/00645565.tar.gz
HTAR: a   DC2_ImSim/Run2.1i/instCat/00609114to00677003/00645566.tar.gz
HTAR: a   DC2_ImSim/Run2.1i/instCat/00609114to00677003/00645567.tar.gz
HTAR: a   DC2_ImSim/Run2.1i/instCat/00609114to00677003/00645568.tar.gz
HTAR: a   DC2_ImSim/Run2.1i/instCat/00609114to00677003/00645569.tar.gz
HTAR: a   DC2_ImSim/Run2.1i/instCat/00609114to00677003/00645580.tar.gz
HTAR: a   DC2_ImSim/Run2.1i/instCat/00609114to00677003/00645581.tar.gz
HTAR: a   DC2_ImSim/Run2.1i/instCat/00609114to00677003/00645582.tar.gz
HTAR: a   DC2_ImSim/Run2.1i/instCat/00609114to00677003/00645585.tar.gz
HTAR: a   DC2_ImSim/Run2.1i/instCat/00609114to00677003/00645592.tar.gz
HTAR: a   DC2_ImSim/Run2.1i/instCat/00609114to00677003/00645593.tar.gz
HTAR: a   DC2_ImSim/Run2.1i/instCat/00609114to00677003/00645600.tar.gz
HTAR: a   DC2_ImSim/Run2.1i/instCat/00609114to00677003/00645601.tar.gz
HTAR: a   DC2_ImSim/Run2.1i/instCat/00609114to00677003/00645606.tar.gz
HTAR: a   DC2_ImSim/Run2.1i/instCat/00609114to00677003/00645607.tar.gz
HTAR: a   DC2_ImSim/Run2.1i/instCat/00609114to00677003/00645608.tar.gz
HTAR: a   DC2_ImSim/Run2.1i/instCat/00609114to00677003/00645609.tar.gz
HTAR: a   DC2_ImSim/Run2.1i/instCat/00609114to00677003/00645619.tar.gz
HTAR: a   DC2_ImSim/Run2.1i/instCat/00609114to00677003/00645620.tar.gz
HTAR: a   DC2_ImSim/Run2.1i/instCat/00609114to00677003/00645621.tar.gz
HTAR: a   DC2_ImSim/Run2.1i/instCat/00609114to00677003/00645622.tar.gz
HTAR: a   DC2_ImSim/Run2.1i/instCat/00609114to00677003/00645623.tar.gz
HTAR: a   DC2_ImSim/Run2.1i/instCat/00609114to00677003/00645624.tar.gz
HTAR: a   DC2_ImSim/Run2.1i/instCat/00609114to00677003/00645625.tar.gz
HTAR: a   DC2_ImSim/Run2.1i/instCat/00609114to00677003/00645633.tar.gz
HTAR: a   DC2_ImSim/Run2.1i/instCat/00609114to00677003/00645634.tar.gz
HTAR: a   DC2_ImSim/Run2.1i/instCat/00609114to00677003/00645635.tar.gz
HTAR: a   DC2_ImSim/Run2.1i/instCat/00609114to00677003/00645641.tar.gz
HTAR: a   DC2_ImSim/Run2.1i/instCat/00609114to00677003/00645646.tar.gz
HTAR: a   DC2_ImSim/Run2.1i/instCat/00609114to00677003/00645647.tar.gz
HTAR: a   DC2_ImSim/Run2.1i/instCat/00609114to00677003/00645657.tar.gz
HTAR: a   DC2_ImSim/Run2.1i/instCat/00609114to00677003/00645658.tar.gz
HTAR: a   DC2_ImSim/Run2.1i/instCat/00609114to00677003/00645659.tar.gz
HTAR: a   DC2_ImSim/Run2.1i/instCat/00609114to00677003/00645660.tar.gz
HTAR: a   DC2_ImSim/Run2.1i/instCat/00609114to00677003/00645661.tar.gz
HTAR: a   DC2_ImSim/Run2.1i/instCat/00609114to00677003/00645662.tar.gz
HTAR: a   DC2_ImSim/Run2.1i/instCat/00609114to00677003/00645663.tar.gz
HTAR: a   DC2_ImSim/Run2.1i/instCat/00609114to00677003/00645664.tar.gz
HTAR: a   DC2_ImSim/Run2.1i/instCat/00609114to00677003/00645665.tar.gz
HTAR: a   DC2_ImSim/Run2.1i/instCat/00609114to00677003/00645686.tar.gz
HTAR: a   DC2_ImSim/Run2.1i/instCat/00609114to00677003/00645687.tar.gz
HTAR: a   DC2_ImSim/Run2.1i/instCat/00609114to00677003/00645751.tar.gz
HTAR: a   DC2_ImSim/Run2.1i/instCat/00609114to00677003/00646586.tar.gz
HTAR: a   DC2_ImSim/Run2.1i/instCat/00609114to00677003/00646610.tar.gz
HTAR: a   DC2_ImSim/Run2.1i/instCat/00609114to00677003/00646611.tar.gz
HTAR: a   DC2_ImSim/Run2.1i/instCat/00609114to00677003/00646612.tar.gz
HTAR: a   DC2_ImSim/Run2.1i/instCat/00609114to00677003/00646613.tar.gz
HTAR: a   DC2_ImSim/Run2.1i/instCat/00609114to00677003/00646614.tar.gz
HTAR: a   DC2_ImSim/Run2.1i/instCat/00609114to00677003/00646615.tar.gz
HTAR: a   /tmp/HTAR_CF_CHK_47419_1561079706
HTAR Create complete for /home/projects/desc/DC2_ImSim/Run2.1i/instCat/00560434to00677003/00638919to00646615.tar. 506,802,043,392 bytes written for 120 member files, max threads: 3 Transfer time: 2797.021 seconds (181.194 MB/s) wallclock/user/sys: 2797.998 3318.882 1442.934 seconds
HTAR: HTAR SUCCESSFUL
HTAR: a   DC2_ImSim/Run2.1i/instCat/00609114to00677003/00646617.tar.gz
HTAR: a   DC2_ImSim/Run2.1i/instCat/00609114to00677003/00646618.tar.gz
HTAR: a   DC2_ImSim/Run2.1i/instCat/00609114to00677003/00646619.tar.gz
HTAR: a   DC2_ImSim/Run2.1i/instCat/00609114to00677003/00646653.tar.gz
HTAR: a   DC2_ImSim/Run2.1i/instCat/00609114to00677003/00646654.tar.gz
HTAR: a   DC2_ImSim/Run2.1i/instCat/00609114to00677003/00646663.tar.gz
HTAR: a   DC2_ImSim/Run2.1i/instCat/00609114to00677003/00646664.tar.gz
HTAR: a   DC2_ImSim/Run2.1i/instCat/00609114to00677003/00646667.tar.gz
HTAR: a   DC2_ImSim/Run2.1i/instCat/00609114to00677003/00646736.tar.gz
HTAR: a   DC2_ImSim/Run2.1i/instCat/00609114to00677003/00646737.tar.gz
HTAR: a   DC2_ImSim/Run2.1i/instCat/00609114to00677003/00646738.tar.gz
HTAR: a   DC2_ImSim/Run2.1i/instCat/00609114to00677003/00646739.tar.gz
HTAR: a   DC2_ImSim/Run2.1i/instCat/00609114to00677003/00646740.tar.gz
HTAR: a   DC2_ImSim/Run2.1i/instCat/00609114to00677003/00646741.tar.gz
HTAR: a   DC2_ImSim/Run2.1i/instCat/00609114to00677003/00646742.tar.gz
HTAR: a   DC2_ImSim/Run2.1i/instCat/00609114to00677003/00646743.tar.gz
HTAR: a   DC2_ImSim/Run2.1i/instCat/00609114to00677003/00646744.tar.gz
HTAR: a   DC2_ImSim/Run2.1i/instCat/00609114to00677003/00646745.tar.gz
HTAR: a   DC2_ImSim/Run2.1i/instCat/00609114to00677003/00646748.tar.gz
HTAR: a   DC2_ImSim/Run2.1i/instCat/00609114to00677003/00646755.tar.gz
HTAR: a   DC2_ImSim/Run2.1i/instCat/00609114to00677003/00646759.tar.gz
HTAR: a   DC2_ImSim/Run2.1i/instCat/00609114to00677003/00646763.tar.gz
HTAR: a   DC2_ImSim/Run2.1i/instCat/00609114to00677003/00646767.tar.gz
HTAR: a   DC2_ImSim/Run2.1i/instCat/00609114to00677003/00646768.tar.gz
HTAR: a   DC2_ImSim/Run2.1i/instCat/00609114to00677003/00646778.tar.gz
HTAR: a   DC2_ImSim/Run2.1i/instCat/00609114to00677003/00646785.tar.gz
HTAR: a   DC2_ImSim/Run2.1i/instCat/00609114to00677003/00646787.tar.gz
HTAR: a   DC2_ImSim/Run2.1i/instCat/00609114to00677003/00647541.tar.gz
HTAR: a   DC2_ImSim/Run2.1i/instCat/00609114to00677003/00647542.tar.gz
HTAR: a   DC2_ImSim/Run2.1i/instCat/00609114to00677003/00647548.tar.gz
HTAR: a   DC2_ImSim/Run2.1i/instCat/00609114to00677003/00647549.tar.gz
HTAR: a   DC2_ImSim/Run2.1i/instCat/00609114to00677003/00647550.tar.gz
HTAR: a   DC2_ImSim/Run2.1i/instCat/00609114to00677003/00647551.tar.gz
HTAR: a   DC2_ImSim/Run2.1i/instCat/00609114to00677003/00647552.tar.gz
HTAR: a   DC2_ImSim/Run2.1i/instCat/00609114to00677003/00647553.tar.gz
HTAR: a   DC2_ImSim/Run2.1i/instCat/00609114to00677003/00647554.tar.gz
HTAR: a   DC2_ImSim/Run2.1i/instCat/00609114to00677003/00647555.tar.gz
HTAR: a   DC2_ImSim/Run2.1i/instCat/00609114to00677003/00647556.tar.gz
HTAR: a   DC2_ImSim/Run2.1i/instCat/00609114to00677003/00647557.tar.gz
HTAR: a   DC2_ImSim/Run2.1i/instCat/00609114to00677003/00647558.tar.gz
HTAR: a   DC2_ImSim/Run2.1i/instCat/00609114to00677003/00647559.tar.gz
HTAR: a   DC2_ImSim/Run2.1i/instCat/00609114to00677003/00647560.tar.gz
HTAR: a   DC2_ImSim/Run2.1i/instCat/00609114to00677003/00647561.tar.gz
HTAR: a   DC2_ImSim/Run2.1i/instCat/00609114to00677003/00647562.tar.gz
HTAR: a   DC2_ImSim/Run2.1i/instCat/00609114to00677003/00647563.tar.gz
HTAR: a   DC2_ImSim/Run2.1i/instCat/00609114to00677003/00647564.tar.gz
HTAR: a   DC2_ImSim/Run2.1i/instCat/00609114to00677003/00647574.tar.gz
HTAR: a   DC2_ImSim/Run2.1i/instCat/00609114to00677003/00647575.tar.gz
HTAR: a   DC2_ImSim/Run2.1i/instCat/00609114to00677003/00647576.tar.gz
HTAR: a   DC2_ImSim/Run2.1i/instCat/00609114to00677003/00647577.tar.gz
HTAR: a   DC2_ImSim/Run2.1i/instCat/00609114to00677003/00647578.tar.gz
HTAR: a   DC2_ImSim/Run2.1i/instCat/00609114to00677003/00647579.tar.gz
HTAR: a   DC2_ImSim/Run2.1i/instCat/00609114to00677003/00647584.tar.gz
HTAR: a   DC2_ImSim/Run2.1i/instCat/00609114to00677003/00647585.tar.gz
HTAR: a   DC2_ImSim/Run2.1i/instCat/00609114to00677003/00647586.tar.gz
HTAR: a   DC2_ImSim/Run2.1i/instCat/00609114to00677003/00647587.tar.gz
HTAR: a   DC2_ImSim/Run2.1i/instCat/00609114to00677003/00647588.tar.gz
HTAR: a   DC2_ImSim/Run2.1i/instCat/00609114to00677003/00647589.tar.gz
HTAR: a   DC2_ImSim/Run2.1i/instCat/00609114to00677003/00647590.tar.gz
HTAR: a   DC2_ImSim/Run2.1i/instCat/00609114to00677003/00647591.tar.gz
HTAR: a   DC2_ImSim/Run2.1i/instCat/00609114to00677003/00647592.tar.gz
HTAR: a   DC2_ImSim/Run2.1i/instCat/00609114to00677003/00647593.tar.gz
HTAR: a   DC2_ImSim/Run2.1i/instCat/00609114to00677003/00647594.tar.gz
HTAR: a   DC2_ImSim/Run2.1i/instCat/00609114to00677003/00647595.tar.gz
HTAR: a   DC2_ImSim/Run2.1i/instCat/00609114to00677003/00647596.tar.gz
HTAR: a   DC2_ImSim/Run2.1i/instCat/00609114to00677003/00647597.tar.gz
HTAR: a   DC2_ImSim/Run2.1i/instCat/00609114to00677003/00647598.tar.gz
HTAR: a   DC2_ImSim/Run2.1i/instCat/00609114to00677003/00647599.tar.gz
HTAR: a   DC2_ImSim/Run2.1i/instCat/00609114to00677003/00647600.tar.gz
HTAR: a   DC2_ImSim/Run2.1i/instCat/00609114to00677003/00647601.tar.gz
HTAR: a   DC2_ImSim/Run2.1i/instCat/00609114to00677003/00647602.tar.gz
HTAR: a   DC2_ImSim/Run2.1i/instCat/00609114to00677003/00647603.tar.gz
HTAR: a   DC2_ImSim/Run2.1i/instCat/00609114to00677003/00647605.tar.gz
HTAR: a   DC2_ImSim/Run2.1i/instCat/00609114to00677003/00647606.tar.gz
HTAR: a   DC2_ImSim/Run2.1i/instCat/00609114to00677003/00647607.tar.gz
HTAR: a   DC2_ImSim/Run2.1i/instCat/00609114to00677003/00647608.tar.gz
HTAR: a   DC2_ImSim/Run2.1i/instCat/00609114to00677003/00647609.tar.gz
HTAR: a   DC2_ImSim/Run2.1i/instCat/00609114to00677003/00647610.tar.gz
HTAR: a   DC2_ImSim/Run2.1i/instCat/00609114to00677003/00647611.tar.gz
HTAR: a   DC2_ImSim/Run2.1i/instCat/00609114to00677003/00647612.tar.gz
HTAR: a   DC2_ImSim/Run2.1i/instCat/00609114to00677003/00647613.tar.gz
HTAR: a   DC2_ImSim/Run2.1i/instCat/00609114to00677003/00647618.tar.gz
HTAR: a   DC2_ImSim/Run2.1i/instCat/00609114to00677003/00647619.tar.gz
HTAR: a   DC2_ImSim/Run2.1i/instCat/00609114to00677003/00647623.tar.gz
HTAR: a   DC2_ImSim/Run2.1i/instCat/00609114to00677003/00647624.tar.gz
HTAR: a   DC2_ImSim/Run2.1i/instCat/00609114to00677003/00647625.tar.gz
HTAR: a   DC2_ImSim/Run2.1i/instCat/00609114to00677003/00647627.tar.gz
HTAR: a   DC2_ImSim/Run2.1i/instCat/00609114to00677003/00647628.tar.gz
HTAR: a   DC2_ImSim/Run2.1i/instCat/00609114to00677003/00647629.tar.gz
HTAR: a   DC2_ImSim/Run2.1i/instCat/00609114to00677003/00647630.tar.gz
HTAR: a   DC2_ImSim/Run2.1i/instCat/00609114to00677003/00647631.tar.gz
HTAR: a   DC2_ImSim/Run2.1i/instCat/00609114to00677003/00647639.tar.gz
HTAR: a   DC2_ImSim/Run2.1i/instCat/00609114to00677003/00647640.tar.gz
HTAR: a   DC2_ImSim/Run2.1i/instCat/00609114to00677003/00647641.tar.gz
HTAR: a   DC2_ImSim/Run2.1i/instCat/00609114to00677003/00647642.tar.gz
HTAR: a   DC2_ImSim/Run2.1i/instCat/00609114to00677003/00647643.tar.gz
HTAR: a   DC2_ImSim/Run2.1i/instCat/00609114to00677003/00647644.tar.gz
HTAR: a   DC2_ImSim/Run2.1i/instCat/00609114to00677003/00647649.tar.gz
HTAR: a   DC2_ImSim/Run2.1i/instCat/00609114to00677003/00647663.tar.gz
HTAR: a   DC2_ImSim/Run2.1i/instCat/00609114to00677003/00647664.tar.gz
HTAR: a   DC2_ImSim/Run2.1i/instCat/00609114to00677003/00647665.tar.gz
HTAR: a   DC2_ImSim/Run2.1i/instCat/00609114to00677003/00647668.tar.gz
HTAR: a   DC2_ImSim/Run2.1i/instCat/00609114to00677003/00647669.tar.gz
HTAR: a   DC2_ImSim/Run2.1i/instCat/00609114to00677003/00647670.tar.gz
HTAR: a   DC2_ImSim/Run2.1i/instCat/00609114to00677003/00647721.tar.gz
HTAR: a   DC2_ImSim/Run2.1i/instCat/00609114to00677003/00647726.tar.gz
HTAR: a   DC2_ImSim/Run2.1i/instCat/00609114to00677003/00647727.tar.gz
HTAR: a   DC2_ImSim/Run2.1i/instCat/00609114to00677003/00647734.tar.gz
HTAR: a   DC2_ImSim/Run2.1i/instCat/00609114to00677003/00647735.tar.gz
HTAR: a   DC2_ImSim/Run2.1i/instCat/00609114to00677003/00647751.tar.gz
HTAR: a   DC2_ImSim/Run2.1i/instCat/00609114to00677003/00648446.tar.gz
HTAR: a   DC2_ImSim/Run2.1i/instCat/00609114to00677003/00648494.tar.gz
HTAR: a   DC2_ImSim/Run2.1i/instCat/00609114to00677003/00648495.tar.gz
HTAR: a   DC2_ImSim/Run2.1i/instCat/00609114to00677003/00648507.tar.gz
HTAR: a   DC2_ImSim/Run2.1i/instCat/00609114to00677003/00648508.tar.gz
HTAR: a   DC2_ImSim/Run2.1i/instCat/00609114to00677003/00648509.tar.gz
HTAR: a   DC2_ImSim/Run2.1i/instCat/00609114to00677003/00648510.tar.gz
HTAR: a   DC2_ImSim/Run2.1i/instCat/00609114to00677003/00648511.tar.gz
HTAR: a   DC2_ImSim/Run2.1i/instCat/00609114to00677003/00648512.tar.gz
HTAR: a   DC2_ImSim/Run2.1i/instCat/00609114to00677003/00648546.tar.gz
HTAR: a   /tmp/HTAR_CF_CHK_58821_1561082507
HTAR Create complete for /home/projects/desc/DC2_ImSim/Run2.1i/instCat/00560434to00677003/00646617to00648546.tar. 520,733,314,048 bytes written for 120 member files, max threads: 3 Transfer time: 2863.247 seconds (181.868 MB/s) wallclock/user/sys: 2864.474 3396.671 1478.064 seconds
HTAR: HTAR SUCCESSFUL
HTAR: a   DC2_ImSim/Run2.1i/instCat/00609114to00677003/00648547.tar.gz
HTAR: a   DC2_ImSim/Run2.1i/instCat/00609114to00677003/00648548.tar.gz
HTAR: a   DC2_ImSim/Run2.1i/instCat/00609114to00677003/00648549.tar.gz
HTAR: a   DC2_ImSim/Run2.1i/instCat/00609114to00677003/00648550.tar.gz
HTAR: a   DC2_ImSim/Run2.1i/instCat/00609114to00677003/00648551.tar.gz
HTAR: a   DC2_ImSim/Run2.1i/instCat/00609114to00677003/00648557.tar.gz
HTAR: a   DC2_ImSim/Run2.1i/instCat/00609114to00677003/00648570.tar.gz
HTAR: a   DC2_ImSim/Run2.1i/instCat/00609114to00677003/00648571.tar.gz
HTAR: a   DC2_ImSim/Run2.1i/instCat/00609114to00677003/00648572.tar.gz
HTAR: a   DC2_ImSim/Run2.1i/instCat/00609114to00677003/00648573.tar.gz
HTAR: a   DC2_ImSim/Run2.1i/instCat/00609114to00677003/00648574.tar.gz
HTAR: a   DC2_ImSim/Run2.1i/instCat/00609114to00677003/00648575.tar.gz
HTAR: a   DC2_ImSim/Run2.1i/instCat/00609114to00677003/00648602.tar.gz
HTAR: a   DC2_ImSim/Run2.1i/instCat/00609114to00677003/00648603.tar.gz
HTAR: a   DC2_ImSim/Run2.1i/instCat/00609114to00677003/00648604.tar.gz
HTAR: a   DC2_ImSim/Run2.1i/instCat/00609114to00677003/00648605.tar.gz
HTAR: a   DC2_ImSim/Run2.1i/instCat/00609114to00677003/00648606.tar.gz
HTAR: a   DC2_ImSim/Run2.1i/instCat/00609114to00677003/00648607.tar.gz
HTAR: a   DC2_ImSim/Run2.1i/instCat/00609114to00677003/00648608.tar.gz
HTAR: a   DC2_ImSim/Run2.1i/instCat/00609114to00677003/00648609.tar.gz
HTAR: a   DC2_ImSim/Run2.1i/instCat/00609114to00677003/00648610.tar.gz
HTAR: a   DC2_ImSim/Run2.1i/instCat/00609114to00677003/00648614.tar.gz
HTAR: a   DC2_ImSim/Run2.1i/instCat/00609114to00677003/00648615.tar.gz
HTAR: a   DC2_ImSim/Run2.1i/instCat/00609114to00677003/00648616.tar.gz
HTAR: a   DC2_ImSim/Run2.1i/instCat/00609114to00677003/00648617.tar.gz
HTAR: a   DC2_ImSim/Run2.1i/instCat/00609114to00677003/00648618.tar.gz
HTAR: a   DC2_ImSim/Run2.1i/instCat/00609114to00677003/00648656.tar.gz
HTAR: a   DC2_ImSim/Run2.1i/instCat/00609114to00677003/00648657.tar.gz
HTAR: a   DC2_ImSim/Run2.1i/instCat/00609114to00677003/00648658.tar.gz
HTAR: a   DC2_ImSim/Run2.1i/instCat/00609114to00677003/00648659.tar.gz
HTAR: a   DC2_ImSim/Run2.1i/instCat/00609114to00677003/00648660.tar.gz
HTAR: a   DC2_ImSim/Run2.1i/instCat/00609114to00677003/00648663.tar.gz
HTAR: a   DC2_ImSim/Run2.1i/instCat/00609114to00677003/00648664.tar.gz
HTAR: a   DC2_ImSim/Run2.1i/instCat/00609114to00677003/00648665.tar.gz
HTAR: a   DC2_ImSim/Run2.1i/instCat/00609114to00677003/00648666.tar.gz
HTAR: a   DC2_ImSim/Run2.1i/instCat/00609114to00677003/00649424.tar.gz
HTAR: a   DC2_ImSim/Run2.1i/instCat/00609114to00677003/00649425.tar.gz
HTAR: a   DC2_ImSim/Run2.1i/instCat/00609114to00677003/00649426.tar.gz
HTAR: a   DC2_ImSim/Run2.1i/instCat/00609114to00677003/00649427.tar.gz
HTAR: a   DC2_ImSim/Run2.1i/instCat/00609114to00677003/00649428.tar.gz
HTAR: a   DC2_ImSim/Run2.1i/instCat/00609114to00677003/00649460.tar.gz
HTAR: a   DC2_ImSim/Run2.1i/instCat/00609114to00677003/00649461.tar.gz
HTAR: a   DC2_ImSim/Run2.1i/instCat/00609114to00677003/00649462.tar.gz
HTAR: a   DC2_ImSim/Run2.1i/instCat/00609114to00677003/00649463.tar.gz
HTAR: a   DC2_ImSim/Run2.1i/instCat/00609114to00677003/00649514.tar.gz
HTAR: a   DC2_ImSim/Run2.1i/instCat/00609114to00677003/00649526.tar.gz
HTAR: a   DC2_ImSim/Run2.1i/instCat/00609114to00677003/00649561.tar.gz
HTAR: a   DC2_ImSim/Run2.1i/instCat/00609114to00677003/00650914.tar.gz
HTAR: a   DC2_ImSim/Run2.1i/instCat/00609114to00677003/00650926.tar.gz
HTAR: a   DC2_ImSim/Run2.1i/instCat/00609114to00677003/00650931.tar.gz
HTAR: a   DC2_ImSim/Run2.1i/instCat/00609114to00677003/00650938.tar.gz
HTAR: a   DC2_ImSim/Run2.1i/instCat/00609114to00677003/00651552.tar.gz
HTAR: a   DC2_ImSim/Run2.1i/instCat/00609114to00677003/00651553.tar.gz
HTAR: a   DC2_ImSim/Run2.1i/instCat/00609114to00677003/00651554.tar.gz
HTAR: a   DC2_ImSim/Run2.1i/instCat/00609114to00677003/00651555.tar.gz
HTAR: a   DC2_ImSim/Run2.1i/instCat/00609114to00677003/00651599.tar.gz
HTAR: a   DC2_ImSim/Run2.1i/instCat/00609114to00677003/00651600.tar.gz
HTAR: a   DC2_ImSim/Run2.1i/instCat/00609114to00677003/00651601.tar.gz
HTAR: a   DC2_ImSim/Run2.1i/instCat/00609114to00677003/00651602.tar.gz
HTAR: a   DC2_ImSim/Run2.1i/instCat/00609114to00677003/00651603.tar.gz
HTAR: a   DC2_ImSim/Run2.1i/instCat/00609114to00677003/00651604.tar.gz
HTAR: a   DC2_ImSim/Run2.1i/instCat/00609114to00677003/00651605.tar.gz
HTAR: a   DC2_ImSim/Run2.1i/instCat/00609114to00677003/00651606.tar.gz
HTAR: a   DC2_ImSim/Run2.1i/instCat/00609114to00677003/00651607.tar.gz
HTAR: a   DC2_ImSim/Run2.1i/instCat/00609114to00677003/00651624.tar.gz
HTAR: a   DC2_ImSim/Run2.1i/instCat/00609114to00677003/00651625.tar.gz
HTAR: a   DC2_ImSim/Run2.1i/instCat/00609114to00677003/00651626.tar.gz
HTAR: a   DC2_ImSim/Run2.1i/instCat/00609114to00677003/00651627.tar.gz
HTAR: a   DC2_ImSim/Run2.1i/instCat/00609114to00677003/00651628.tar.gz
HTAR: a   DC2_ImSim/Run2.1i/instCat/00609114to00677003/00651648.tar.gz
HTAR: a   DC2_ImSim/Run2.1i/instCat/00609114to00677003/00651649.tar.gz
HTAR: a   DC2_ImSim/Run2.1i/instCat/00609114to00677003/00651650.tar.gz
HTAR: a   DC2_ImSim/Run2.1i/instCat/00609114to00677003/00651651.tar.gz
HTAR: a   DC2_ImSim/Run2.1i/instCat/00609114to00677003/00651652.tar.gz
HTAR: a   DC2_ImSim/Run2.1i/instCat/00609114to00677003/00651653.tar.gz
HTAR: a   DC2_ImSim/Run2.1i/instCat/00609114to00677003/00651654.tar.gz
HTAR: a   DC2_ImSim/Run2.1i/instCat/00609114to00677003/00651655.tar.gz
HTAR: a   DC2_ImSim/Run2.1i/instCat/00609114to00677003/00651656.tar.gz
HTAR: a   DC2_ImSim/Run2.1i/instCat/00609114to00677003/00651661.tar.gz
HTAR: a   DC2_ImSim/Run2.1i/instCat/00609114to00677003/00651662.tar.gz
HTAR: a   DC2_ImSim/Run2.1i/instCat/00609114to00677003/00651663.tar.gz
HTAR: a   DC2_ImSim/Run2.1i/instCat/00609114to00677003/00651685.tar.gz
HTAR: a   DC2_ImSim/Run2.1i/instCat/00609114to00677003/00651686.tar.gz
HTAR: a   DC2_ImSim/Run2.1i/instCat/00609114to00677003/00651687.tar.gz
HTAR: a   DC2_ImSim/Run2.1i/instCat/00609114to00677003/00651688.tar.gz
HTAR: a   DC2_ImSim/Run2.1i/instCat/00609114to00677003/00651705.tar.gz
HTAR: a   DC2_ImSim/Run2.1i/instCat/00609114to00677003/00651706.tar.gz
HTAR: a   DC2_ImSim/Run2.1i/instCat/00609114to00677003/00652853.tar.gz
HTAR: a   DC2_ImSim/Run2.1i/instCat/00609114to00677003/00652855.tar.gz
HTAR: a   DC2_ImSim/Run2.1i/instCat/00609114to00677003/00652878.tar.gz
HTAR: a   DC2_ImSim/Run2.1i/instCat/00609114to00677003/00653547.tar.gz
HTAR: a   DC2_ImSim/Run2.1i/instCat/00609114to00677003/00654403.tar.gz
HTAR: a   DC2_ImSim/Run2.1i/instCat/00609114to00677003/00654405.tar.gz
HTAR: a   DC2_ImSim/Run2.1i/instCat/00609114to00677003/00654406.tar.gz
HTAR: a   DC2_ImSim/Run2.1i/instCat/00609114to00677003/00654424.tar.gz
HTAR: a   DC2_ImSim/Run2.1i/instCat/00609114to00677003/00654425.tar.gz
HTAR: a   DC2_ImSim/Run2.1i/instCat/00609114to00677003/00654426.tar.gz
HTAR: a   DC2_ImSim/Run2.1i/instCat/00609114to00677003/00654427.tar.gz
HTAR: a   DC2_ImSim/Run2.1i/instCat/00609114to00677003/00654435.tar.gz
HTAR: a   DC2_ImSim/Run2.1i/instCat/00609114to00677003/00654437.tar.gz
HTAR: a   DC2_ImSim/Run2.1i/instCat/00609114to00677003/00654438.tar.gz
HTAR: a   DC2_ImSim/Run2.1i/instCat/00609114to00677003/00654440.tar.gz
HTAR: a   DC2_ImSim/Run2.1i/instCat/00609114to00677003/00654453.tar.gz
HTAR: a   DC2_ImSim/Run2.1i/instCat/00609114to00677003/00654454.tar.gz
HTAR: a   DC2_ImSim/Run2.1i/instCat/00609114to00677003/00654455.tar.gz
HTAR: a   DC2_ImSim/Run2.1i/instCat/00609114to00677003/00654456.tar.gz
HTAR: a   DC2_ImSim/Run2.1i/instCat/00609114to00677003/00654457.tar.gz
HTAR: a   DC2_ImSim/Run2.1i/instCat/00609114to00677003/00654458.tar.gz
HTAR: a   DC2_ImSim/Run2.1i/instCat/00609114to00677003/00654459.tar.gz
HTAR: a   DC2_ImSim/Run2.1i/instCat/00609114to00677003/00654460.tar.gz
HTAR: a   DC2_ImSim/Run2.1i/instCat/00609114to00677003/00654461.tar.gz
HTAR: a   DC2_ImSim/Run2.1i/instCat/00609114to00677003/00654462.tar.gz
HTAR: a   DC2_ImSim/Run2.1i/instCat/00609114to00677003/00654463.tar.gz
HTAR: a   DC2_ImSim/Run2.1i/instCat/00609114to00677003/00654464.tar.gz
HTAR: a   DC2_ImSim/Run2.1i/instCat/00609114to00677003/00654465.tar.gz
HTAR: a   DC2_ImSim/Run2.1i/instCat/00609114to00677003/00654466.tar.gz
HTAR: a   DC2_ImSim/Run2.1i/instCat/00609114to00677003/00654467.tar.gz
HTAR: a   DC2_ImSim/Run2.1i/instCat/00609114to00677003/00654486.tar.gz
HTAR: a   DC2_ImSim/Run2.1i/instCat/00609114to00677003/00654487.tar.gz
HTAR: a   DC2_ImSim/Run2.1i/instCat/00609114to00677003/00654488.tar.gz
HTAR: a   /tmp/HTAR_CF_CHK_4617_1561085373
HTAR Create complete for /home/projects/desc/DC2_ImSim/Run2.1i/instCat/00560434to00677003/00648547to00654488.tar. 522,229,892,096 bytes written for 120 member files, max threads: 2 Transfer time: 2874.673 seconds (181.666 MB/s) wallclock/user/sys: 2875.114 3407.497 1488.530 seconds
HTAR: HTAR SUCCESSFUL
HTAR: a   DC2_ImSim/Run2.1i/instCat/00609114to00677003/00654490.tar.gz
HTAR: a   DC2_ImSim/Run2.1i/instCat/00609114to00677003/00654491.tar.gz
HTAR: a   DC2_ImSim/Run2.1i/instCat/00609114to00677003/00654492.tar.gz
HTAR: a   DC2_ImSim/Run2.1i/instCat/00609114to00677003/00654493.tar.gz
HTAR: a   DC2_ImSim/Run2.1i/instCat/00609114to00677003/00654494.tar.gz
HTAR: a   DC2_ImSim/Run2.1i/instCat/00609114to00677003/00654495.tar.gz
HTAR: a   DC2_ImSim/Run2.1i/instCat/00609114to00677003/00654496.tar.gz
HTAR: a   DC2_ImSim/Run2.1i/instCat/00609114to00677003/00654497.tar.gz
HTAR: a   DC2_ImSim/Run2.1i/instCat/00609114to00677003/00654498.tar.gz
HTAR: a   DC2_ImSim/Run2.1i/instCat/00609114to00677003/00654499.tar.gz
HTAR: a   DC2_ImSim/Run2.1i/instCat/00609114to00677003/00654511.tar.gz
HTAR: a   DC2_ImSim/Run2.1i/instCat/00609114to00677003/00654519.tar.gz
HTAR: a   DC2_ImSim/Run2.1i/instCat/00609114to00677003/00654534.tar.gz
HTAR: a   DC2_ImSim/Run2.1i/instCat/00609114to00677003/00654537.tar.gz
HTAR: a   DC2_ImSim/Run2.1i/instCat/00609114to00677003/00654563.tar.gz
HTAR: a   DC2_ImSim/Run2.1i/instCat/00609114to00677003/00654592.tar.gz
HTAR: a   DC2_ImSim/Run2.1i/instCat/00609114to00677003/00654639.tar.gz
HTAR: a   DC2_ImSim/Run2.1i/instCat/00609114to00677003/00654673.tar.gz
HTAR: a   DC2_ImSim/Run2.1i/instCat/00609114to00677003/00654674.tar.gz
HTAR: a   DC2_ImSim/Run2.1i/instCat/00609114to00677003/00654715.tar.gz
HTAR: a   DC2_ImSim/Run2.1i/instCat/00609114to00677003/00654762.tar.gz
HTAR: a   DC2_ImSim/Run2.1i/instCat/00609114to00677003/00654767.tar.gz
HTAR: a   DC2_ImSim/Run2.1i/instCat/00609114to00677003/00654778.tar.gz
HTAR: a   DC2_ImSim/Run2.1i/instCat/00609114to00677003/00654781.tar.gz
HTAR: a   DC2_ImSim/Run2.1i/instCat/00609114to00677003/00655335.tar.gz
HTAR: a   DC2_ImSim/Run2.1i/instCat/00609114to00677003/00655381.tar.gz
HTAR: a   DC2_ImSim/Run2.1i/instCat/00609114to00677003/00655403.tar.gz
HTAR: a   DC2_ImSim/Run2.1i/instCat/00609114to00677003/00655404.tar.gz
HTAR: a   DC2_ImSim/Run2.1i/instCat/00609114to00677003/00655405.tar.gz
HTAR: a   DC2_ImSim/Run2.1i/instCat/00609114to00677003/00655406.tar.gz
HTAR: a   DC2_ImSim/Run2.1i/instCat/00609114to00677003/00655407.tar.gz
HTAR: a   DC2_ImSim/Run2.1i/instCat/00609114to00677003/00655408.tar.gz
HTAR: a   DC2_ImSim/Run2.1i/instCat/00609114to00677003/00655409.tar.gz
HTAR: a   DC2_ImSim/Run2.1i/instCat/00609114to00677003/00655431.tar.gz
HTAR: a   DC2_ImSim/Run2.1i/instCat/00609114to00677003/00655432.tar.gz
HTAR: a   DC2_ImSim/Run2.1i/instCat/00609114to00677003/00655433.tar.gz
HTAR: a   DC2_ImSim/Run2.1i/instCat/00609114to00677003/00655434.tar.gz
HTAR: a   DC2_ImSim/Run2.1i/instCat/00609114to00677003/00655435.tar.gz
HTAR: a   DC2_ImSim/Run2.1i/instCat/00609114to00677003/00655436.tar.gz
HTAR: a   DC2_ImSim/Run2.1i/instCat/00609114to00677003/00655440.tar.gz
HTAR: a   DC2_ImSim/Run2.1i/instCat/00609114to00677003/00655441.tar.gz
HTAR: a   DC2_ImSim/Run2.1i/instCat/00609114to00677003/00655442.tar.gz
HTAR: a   DC2_ImSim/Run2.1i/instCat/00609114to00677003/00655443.tar.gz
HTAR: a   DC2_ImSim/Run2.1i/instCat/00609114to00677003/00655444.tar.gz
HTAR: a   DC2_ImSim/Run2.1i/instCat/00609114to00677003/00655445.tar.gz
HTAR: a   DC2_ImSim/Run2.1i/instCat/00609114to00677003/00655446.tar.gz
HTAR: a   DC2_ImSim/Run2.1i/instCat/00609114to00677003/00655447.tar.gz
HTAR: a   DC2_ImSim/Run2.1i/instCat/00609114to00677003/00655472.tar.gz
HTAR: a   DC2_ImSim/Run2.1i/instCat/00609114to00677003/00655473.tar.gz
HTAR: a   DC2_ImSim/Run2.1i/instCat/00609114to00677003/00655474.tar.gz
HTAR: a   DC2_ImSim/Run2.1i/instCat/00609114to00677003/00655475.tar.gz
HTAR: a   DC2_ImSim/Run2.1i/instCat/00609114to00677003/00655476.tar.gz
HTAR: a   DC2_ImSim/Run2.1i/instCat/00609114to00677003/00655477.tar.gz
HTAR: a   DC2_ImSim/Run2.1i/instCat/00609114to00677003/00655478.tar.gz
HTAR: a   DC2_ImSim/Run2.1i/instCat/00609114to00677003/00655479.tar.gz
HTAR: a   DC2_ImSim/Run2.1i/instCat/00609114to00677003/00655480.tar.gz
HTAR: a   DC2_ImSim/Run2.1i/instCat/00609114to00677003/00655481.tar.gz
HTAR: a   DC2_ImSim/Run2.1i/instCat/00609114to00677003/00655482.tar.gz
HTAR: a   DC2_ImSim/Run2.1i/instCat/00609114to00677003/00655483.tar.gz
HTAR: a   DC2_ImSim/Run2.1i/instCat/00609114to00677003/00655484.tar.gz
HTAR: a   DC2_ImSim/Run2.1i/instCat/00609114to00677003/00655485.tar.gz
HTAR: a   DC2_ImSim/Run2.1i/instCat/00609114to00677003/00655486.tar.gz
HTAR: a   DC2_ImSim/Run2.1i/instCat/00609114to00677003/00655487.tar.gz
HTAR: a   DC2_ImSim/Run2.1i/instCat/00609114to00677003/00655488.tar.gz
HTAR: a   DC2_ImSim/Run2.1i/instCat/00609114to00677003/00655489.tar.gz
HTAR: a   DC2_ImSim/Run2.1i/instCat/00609114to00677003/00655510.tar.gz
HTAR: a   DC2_ImSim/Run2.1i/instCat/00609114to00677003/00655511.tar.gz
HTAR: a   DC2_ImSim/Run2.1i/instCat/00609114to00677003/00655512.tar.gz
HTAR: a   DC2_ImSim/Run2.1i/instCat/00609114to00677003/00655513.tar.gz
HTAR: a   DC2_ImSim/Run2.1i/instCat/00609114to00677003/00655514.tar.gz
HTAR: a   DC2_ImSim/Run2.1i/instCat/00609114to00677003/00655515.tar.gz
HTAR: a   DC2_ImSim/Run2.1i/instCat/00609114to00677003/00655516.tar.gz
HTAR: a   DC2_ImSim/Run2.1i/instCat/00609114to00677003/00655517.tar.gz
HTAR: a   DC2_ImSim/Run2.1i/instCat/00609114to00677003/00655518.tar.gz
HTAR: a   DC2_ImSim/Run2.1i/instCat/00609114to00677003/00655519.tar.gz
HTAR: a   DC2_ImSim/Run2.1i/instCat/00609114to00677003/00655520.tar.gz
HTAR: a   DC2_ImSim/Run2.1i/instCat/00609114to00677003/00655521.tar.gz
HTAR: a   DC2_ImSim/Run2.1i/instCat/00609114to00677003/00655522.tar.gz
HTAR: a   DC2_ImSim/Run2.1i/instCat/00609114to00677003/00655523.tar.gz
HTAR: a   DC2_ImSim/Run2.1i/instCat/00609114to00677003/00655524.tar.gz
HTAR: a   DC2_ImSim/Run2.1i/instCat/00609114to00677003/00655530.tar.gz
HTAR: a   DC2_ImSim/Run2.1i/instCat/00609114to00677003/00655531.tar.gz
HTAR: a   DC2_ImSim/Run2.1i/instCat/00609114to00677003/00655532.tar.gz
HTAR: a   DC2_ImSim/Run2.1i/instCat/00609114to00677003/00655560.tar.gz
HTAR: a   DC2_ImSim/Run2.1i/instCat/00609114to00677003/00655564.tar.gz
HTAR: a   DC2_ImSim/Run2.1i/instCat/00609114to00677003/00655565.tar.gz
HTAR: a   DC2_ImSim/Run2.1i/instCat/00609114to00677003/00655566.tar.gz
HTAR: a   DC2_ImSim/Run2.1i/instCat/00609114to00677003/00655567.tar.gz
HTAR: a   DC2_ImSim/Run2.1i/instCat/00609114to00677003/00655568.tar.gz
HTAR: a   DC2_ImSim/Run2.1i/instCat/00609114to00677003/00655569.tar.gz
HTAR: a   DC2_ImSim/Run2.1i/instCat/00609114to00677003/00655570.tar.gz
HTAR: a   DC2_ImSim/Run2.1i/instCat/00609114to00677003/00655620.tar.gz
HTAR: a   DC2_ImSim/Run2.1i/instCat/00609114to00677003/00655621.tar.gz
HTAR: a   DC2_ImSim/Run2.1i/instCat/00609114to00677003/00655662.tar.gz
HTAR: a   DC2_ImSim/Run2.1i/instCat/00609114to00677003/00655663.tar.gz
HTAR: a   DC2_ImSim/Run2.1i/instCat/00609114to00677003/00656376.tar.gz
HTAR: a   DC2_ImSim/Run2.1i/instCat/00609114to00677003/00656377.tar.gz
HTAR: a   DC2_ImSim/Run2.1i/instCat/00609114to00677003/00656378.tar.gz
HTAR: a   DC2_ImSim/Run2.1i/instCat/00609114to00677003/00656403.tar.gz
HTAR: a   DC2_ImSim/Run2.1i/instCat/00609114to00677003/00656406.tar.gz
HTAR: a   DC2_ImSim/Run2.1i/instCat/00609114to00677003/00656407.tar.gz
HTAR: a   DC2_ImSim/Run2.1i/instCat/00609114to00677003/00656408.tar.gz
HTAR: a   DC2_ImSim/Run2.1i/instCat/00609114to00677003/00656410.tar.gz
HTAR: a   DC2_ImSim/Run2.1i/instCat/00609114to00677003/00656413.tar.gz
HTAR: a   DC2_ImSim/Run2.1i/instCat/00609114to00677003/00656414.tar.gz
HTAR: a   DC2_ImSim/Run2.1i/instCat/00609114to00677003/00656415.tar.gz
HTAR: a   DC2_ImSim/Run2.1i/instCat/00609114to00677003/00656416.tar.gz
HTAR: a   DC2_ImSim/Run2.1i/instCat/00609114to00677003/00656417.tar.gz
HTAR: a   DC2_ImSim/Run2.1i/instCat/00609114to00677003/00656418.tar.gz
HTAR: a   DC2_ImSim/Run2.1i/instCat/00609114to00677003/00656419.tar.gz
HTAR: a   DC2_ImSim/Run2.1i/instCat/00609114to00677003/00656420.tar.gz
HTAR: a   DC2_ImSim/Run2.1i/instCat/00609114to00677003/00656421.tar.gz
HTAR: a   DC2_ImSim/Run2.1i/instCat/00609114to00677003/00656422.tar.gz
HTAR: a   DC2_ImSim/Run2.1i/instCat/00609114to00677003/00656423.tar.gz
HTAR: a   DC2_ImSim/Run2.1i/instCat/00609114to00677003/00656424.tar.gz
HTAR: a   DC2_ImSim/Run2.1i/instCat/00609114to00677003/00656425.tar.gz
HTAR: a   DC2_ImSim/Run2.1i/instCat/00609114to00677003/00656426.tar.gz
HTAR: a   DC2_ImSim/Run2.1i/instCat/00609114to00677003/00656427.tar.gz
HTAR: a   DC2_ImSim/Run2.1i/instCat/00609114to00677003/00656428.tar.gz
HTAR: a   DC2_ImSim/Run2.1i/instCat/00609114to00677003/00656429.tar.gz
HTAR: a   /tmp/HTAR_CF_CHK_26058_1561088251
HTAR Create complete for /home/projects/desc/DC2_ImSim/Run2.1i/instCat/00560434to00677003/00654490to00656429.tar. 533,116,067,328 bytes written for 120 member files, max threads: 3 Transfer time: 2944.657 seconds (181.045 MB/s) wallclock/user/sys: 2945.066 3489.340 1525.387 seconds
HTAR: HTAR SUCCESSFUL
