HTAR: a   DC2_ImSim/Run2.1i/instCat/01476730to01545218/01476891.tar.gz
HTAR: a   DC2_ImSim/Run2.1i/instCat/01476730to01545218/01476892.tar.gz
HTAR: a   DC2_ImSim/Run2.1i/instCat/01476730to01545218/01476905.tar.gz
HTAR: a   DC2_ImSim/Run2.1i/instCat/01476730to01545218/01476906.tar.gz
HTAR: a   DC2_ImSim/Run2.1i/instCat/01476730to01545218/01476907.tar.gz
HTAR: a   DC2_ImSim/Run2.1i/instCat/01476730to01545218/01476931.tar.gz
HTAR: a   DC2_ImSim/Run2.1i/instCat/01476730to01545218/01476932.tar.gz
HTAR: a   DC2_ImSim/Run2.1i/instCat/01476730to01545218/01476933.tar.gz
HTAR: a   DC2_ImSim/Run2.1i/instCat/01476730to01545218/01476934.tar.gz
HTAR: a   DC2_ImSim/Run2.1i/instCat/01476730to01545218/01476939.tar.gz
HTAR: a   DC2_ImSim/Run2.1i/instCat/01476730to01545218/01476941.tar.gz
HTAR: a   DC2_ImSim/Run2.1i/instCat/01476730to01545218/01476947.tar.gz
HTAR: a   DC2_ImSim/Run2.1i/instCat/01476730to01545218/01476964.tar.gz
HTAR: a   DC2_ImSim/Run2.1i/instCat/01476730to01545218/01477440.tar.gz
HTAR: a   DC2_ImSim/Run2.1i/instCat/01476730to01545218/01477442.tar.gz
HTAR: a   DC2_ImSim/Run2.1i/instCat/01476730to01545218/01477443.tar.gz
HTAR: a   DC2_ImSim/Run2.1i/instCat/01476730to01545218/01477521.tar.gz
HTAR: a   DC2_ImSim/Run2.1i/instCat/01476730to01545218/01477630.tar.gz
HTAR: a   DC2_ImSim/Run2.1i/instCat/01476730to01545218/01477631.tar.gz
HTAR: a   DC2_ImSim/Run2.1i/instCat/01476730to01545218/01477632.tar.gz
HTAR: a   DC2_ImSim/Run2.1i/instCat/01476730to01545218/01477633.tar.gz
HTAR: a   DC2_ImSim/Run2.1i/instCat/01476730to01545218/01477634.tar.gz
HTAR: a   DC2_ImSim/Run2.1i/instCat/01476730to01545218/01477635.tar.gz
HTAR: a   DC2_ImSim/Run2.1i/instCat/01476730to01545218/01477636.tar.gz
HTAR: a   DC2_ImSim/Run2.1i/instCat/01476730to01545218/01477637.tar.gz
HTAR: a   DC2_ImSim/Run2.1i/instCat/01476730to01545218/01477638.tar.gz
HTAR: a   DC2_ImSim/Run2.1i/instCat/01476730to01545218/01477639.tar.gz
HTAR: a   DC2_ImSim/Run2.1i/instCat/01476730to01545218/01477640.tar.gz
HTAR: a   DC2_ImSim/Run2.1i/instCat/01476730to01545218/01477641.tar.gz
HTAR: a   DC2_ImSim/Run2.1i/instCat/01476730to01545218/01477643.tar.gz
HTAR: a   DC2_ImSim/Run2.1i/instCat/01476730to01545218/01477644.tar.gz
HTAR: a   DC2_ImSim/Run2.1i/instCat/01476730to01545218/01477645.tar.gz
HTAR: a   DC2_ImSim/Run2.1i/instCat/01476730to01545218/01477646.tar.gz
HTAR: a   DC2_ImSim/Run2.1i/instCat/01476730to01545218/01477664.tar.gz
HTAR: a   DC2_ImSim/Run2.1i/instCat/01476730to01545218/01477665.tar.gz
HTAR: a   DC2_ImSim/Run2.1i/instCat/01476730to01545218/01477666.tar.gz
HTAR: a   DC2_ImSim/Run2.1i/instCat/01476730to01545218/01477667.tar.gz
HTAR: a   DC2_ImSim/Run2.1i/instCat/01476730to01545218/01477668.tar.gz
HTAR: a   DC2_ImSim/Run2.1i/instCat/01476730to01545218/01477669.tar.gz
HTAR: a   DC2_ImSim/Run2.1i/instCat/01476730to01545218/01477670.tar.gz
HTAR: a   DC2_ImSim/Run2.1i/instCat/01476730to01545218/01477671.tar.gz
HTAR: a   DC2_ImSim/Run2.1i/instCat/01476730to01545218/01477672.tar.gz
HTAR: a   DC2_ImSim/Run2.1i/instCat/01476730to01545218/01477673.tar.gz
HTAR: a   DC2_ImSim/Run2.1i/instCat/01476730to01545218/01477674.tar.gz
HTAR: a   DC2_ImSim/Run2.1i/instCat/01476730to01545218/01477676.tar.gz
HTAR: a   DC2_ImSim/Run2.1i/instCat/01476730to01545218/01477677.tar.gz
HTAR: a   DC2_ImSim/Run2.1i/instCat/01476730to01545218/01477678.tar.gz
HTAR: a   DC2_ImSim/Run2.1i/instCat/01476730to01545218/01477679.tar.gz
HTAR: a   DC2_ImSim/Run2.1i/instCat/01476730to01545218/01477680.tar.gz
HTAR: a   DC2_ImSim/Run2.1i/instCat/01476730to01545218/01477681.tar.gz
HTAR: a   DC2_ImSim/Run2.1i/instCat/01476730to01545218/01477682.tar.gz
HTAR: a   DC2_ImSim/Run2.1i/instCat/01476730to01545218/01477683.tar.gz
HTAR: a   DC2_ImSim/Run2.1i/instCat/01476730to01545218/01477684.tar.gz
HTAR: a   DC2_ImSim/Run2.1i/instCat/01476730to01545218/01477685.tar.gz
HTAR: a   DC2_ImSim/Run2.1i/instCat/01476730to01545218/01477686.tar.gz
HTAR: a   DC2_ImSim/Run2.1i/instCat/01476730to01545218/01477687.tar.gz
HTAR: a   DC2_ImSim/Run2.1i/instCat/01476730to01545218/01477688.tar.gz
HTAR: a   DC2_ImSim/Run2.1i/instCat/01476730to01545218/01477691.tar.gz
HTAR: a   DC2_ImSim/Run2.1i/instCat/01476730to01545218/01477692.tar.gz
HTAR: a   DC2_ImSim/Run2.1i/instCat/01476730to01545218/01477700.tar.gz
HTAR: a   DC2_ImSim/Run2.1i/instCat/01476730to01545218/01477708.tar.gz
HTAR: a   DC2_ImSim/Run2.1i/instCat/01476730to01545218/01477709.tar.gz
HTAR: a   DC2_ImSim/Run2.1i/instCat/01476730to01545218/01477710.tar.gz
HTAR: a   DC2_ImSim/Run2.1i/instCat/01476730to01545218/01477711.tar.gz
HTAR: a   DC2_ImSim/Run2.1i/instCat/01476730to01545218/01477712.tar.gz
HTAR: a   DC2_ImSim/Run2.1i/instCat/01476730to01545218/01477713.tar.gz
HTAR: a   DC2_ImSim/Run2.1i/instCat/01476730to01545218/01477714.tar.gz
HTAR: a   DC2_ImSim/Run2.1i/instCat/01476730to01545218/01477715.tar.gz
HTAR: a   DC2_ImSim/Run2.1i/instCat/01476730to01545218/01477716.tar.gz
HTAR: a   DC2_ImSim/Run2.1i/instCat/01476730to01545218/01477717.tar.gz
HTAR: a   DC2_ImSim/Run2.1i/instCat/01476730to01545218/01477718.tar.gz
HTAR: a   DC2_ImSim/Run2.1i/instCat/01476730to01545218/01477734.tar.gz
HTAR: a   DC2_ImSim/Run2.1i/instCat/01476730to01545218/01477737.tar.gz
HTAR: a   DC2_ImSim/Run2.1i/instCat/01476730to01545218/01477738.tar.gz
HTAR: a   DC2_ImSim/Run2.1i/instCat/01476730to01545218/01477746.tar.gz
HTAR: a   DC2_ImSim/Run2.1i/instCat/01476730to01545218/01477748.tar.gz
HTAR: a   DC2_ImSim/Run2.1i/instCat/01476730to01545218/01477749.tar.gz
HTAR: a   DC2_ImSim/Run2.1i/instCat/01476730to01545218/01477750.tar.gz
HTAR: a   DC2_ImSim/Run2.1i/instCat/01476730to01545218/01477752.tar.gz
HTAR: a   DC2_ImSim/Run2.1i/instCat/01476730to01545218/01478118.tar.gz
HTAR: a   DC2_ImSim/Run2.1i/instCat/01476730to01545218/01478119.tar.gz
HTAR: a   DC2_ImSim/Run2.1i/instCat/01476730to01545218/01478136.tar.gz
HTAR: a   DC2_ImSim/Run2.1i/instCat/01476730to01545218/01478140.tar.gz
HTAR: a   DC2_ImSim/Run2.1i/instCat/01476730to01545218/01478145.tar.gz
HTAR: a   DC2_ImSim/Run2.1i/instCat/01476730to01545218/01478450.tar.gz
HTAR: a   DC2_ImSim/Run2.1i/instCat/01476730to01545218/01478493.tar.gz
HTAR: a   DC2_ImSim/Run2.1i/instCat/01476730to01545218/01478495.tar.gz
HTAR: a   DC2_ImSim/Run2.1i/instCat/01476730to01545218/01478498.tar.gz
HTAR: a   DC2_ImSim/Run2.1i/instCat/01476730to01545218/01478499.tar.gz
HTAR: a   DC2_ImSim/Run2.1i/instCat/01476730to01545218/01478500.tar.gz
HTAR: a   DC2_ImSim/Run2.1i/instCat/01476730to01545218/01478540.tar.gz
HTAR: a   DC2_ImSim/Run2.1i/instCat/01476730to01545218/01478541.tar.gz
HTAR: a   DC2_ImSim/Run2.1i/instCat/01476730to01545218/01478545.tar.gz
HTAR: a   DC2_ImSim/Run2.1i/instCat/01476730to01545218/01479054.tar.gz
HTAR: a   DC2_ImSim/Run2.1i/instCat/01476730to01545218/01479099.tar.gz
HTAR: a   DC2_ImSim/Run2.1i/instCat/01476730to01545218/01479110.tar.gz
HTAR: a   DC2_ImSim/Run2.1i/instCat/01476730to01545218/01479111.tar.gz
HTAR: a   DC2_ImSim/Run2.1i/instCat/01476730to01545218/01479112.tar.gz
HTAR: a   DC2_ImSim/Run2.1i/instCat/01476730to01545218/01479126.tar.gz
HTAR: a   DC2_ImSim/Run2.1i/instCat/01476730to01545218/01479129.tar.gz
HTAR: a   DC2_ImSim/Run2.1i/instCat/01476730to01545218/01479136.tar.gz
HTAR: a   DC2_ImSim/Run2.1i/instCat/01476730to01545218/01479137.tar.gz
HTAR: a   DC2_ImSim/Run2.1i/instCat/01476730to01545218/01479138.tar.gz
HTAR: a   DC2_ImSim/Run2.1i/instCat/01476730to01545218/01479146.tar.gz
HTAR: a   DC2_ImSim/Run2.1i/instCat/01476730to01545218/01479147.tar.gz
HTAR: a   DC2_ImSim/Run2.1i/instCat/01476730to01545218/01479691.tar.gz
HTAR: a   DC2_ImSim/Run2.1i/instCat/01476730to01545218/01479692.tar.gz
HTAR: a   DC2_ImSim/Run2.1i/instCat/01476730to01545218/01479693.tar.gz
HTAR: a   DC2_ImSim/Run2.1i/instCat/01476730to01545218/01479711.tar.gz
HTAR: a   DC2_ImSim/Run2.1i/instCat/01476730to01545218/01479712.tar.gz
HTAR: a   DC2_ImSim/Run2.1i/instCat/01476730to01545218/01479713.tar.gz
HTAR: a   DC2_ImSim/Run2.1i/instCat/01476730to01545218/01479714.tar.gz
HTAR: a   DC2_ImSim/Run2.1i/instCat/01476730to01545218/01479715.tar.gz
HTAR: a   DC2_ImSim/Run2.1i/instCat/01476730to01545218/01479716.tar.gz
HTAR: a   /tmp/HTAR_CF_CHK_2117_1562329572
HTAR Create complete for /home/projects/desc/DC2_ImSim/Run2.1i/instCat/01476730to01545218/01476891to01479716.tar. 497,254,789,632 bytes written for 114 member files, max threads: 2 Transfer time: 2866.381 seconds (173.478 MB/s) wallclock/user/sys: 2866.885 3393.223 1508.074 seconds
HTAR: HTAR SUCCESSFUL
HTAR: a   DC2_ImSim/Run2.1i/instCat/01476730to01545218/01479727.tar.gz
HTAR: a   DC2_ImSim/Run2.1i/instCat/01476730to01545218/01479728.tar.gz
HTAR: a   DC2_ImSim/Run2.1i/instCat/01476730to01545218/01479729.tar.gz
HTAR: a   DC2_ImSim/Run2.1i/instCat/01476730to01545218/01479731.tar.gz
HTAR: a   DC2_ImSim/Run2.1i/instCat/01476730to01545218/01479732.tar.gz
HTAR: a   DC2_ImSim/Run2.1i/instCat/01476730to01545218/01479733.tar.gz
HTAR: a   DC2_ImSim/Run2.1i/instCat/01476730to01545218/01479734.tar.gz
HTAR: a   DC2_ImSim/Run2.1i/instCat/01476730to01545218/01479735.tar.gz
HTAR: a   DC2_ImSim/Run2.1i/instCat/01476730to01545218/01479751.tar.gz
HTAR: a   DC2_ImSim/Run2.1i/instCat/01476730to01545218/01480329.tar.gz
HTAR: a   DC2_ImSim/Run2.1i/instCat/01476730to01545218/01480330.tar.gz
HTAR: a   DC2_ImSim/Run2.1i/instCat/01476730to01545218/01480331.tar.gz
HTAR: a   DC2_ImSim/Run2.1i/instCat/01476730to01545218/01480332.tar.gz
HTAR: a   DC2_ImSim/Run2.1i/instCat/01476730to01545218/01480333.tar.gz
HTAR: a   DC2_ImSim/Run2.1i/instCat/01476730to01545218/01480334.tar.gz
HTAR: a   DC2_ImSim/Run2.1i/instCat/01476730to01545218/01480335.tar.gz
HTAR: a   DC2_ImSim/Run2.1i/instCat/01476730to01545218/01480336.tar.gz
HTAR: a   DC2_ImSim/Run2.1i/instCat/01476730to01545218/01480337.tar.gz
HTAR: a   DC2_ImSim/Run2.1i/instCat/01476730to01545218/01480338.tar.gz
HTAR: a   DC2_ImSim/Run2.1i/instCat/01476730to01545218/01480339.tar.gz
HTAR: a   DC2_ImSim/Run2.1i/instCat/01476730to01545218/01480340.tar.gz
HTAR: a   DC2_ImSim/Run2.1i/instCat/01476730to01545218/01480341.tar.gz
HTAR: a   DC2_ImSim/Run2.1i/instCat/01476730to01545218/01480342.tar.gz
HTAR: a   DC2_ImSim/Run2.1i/instCat/01476730to01545218/01480372.tar.gz
HTAR: a   DC2_ImSim/Run2.1i/instCat/01476730to01545218/01480377.tar.gz
HTAR: a   DC2_ImSim/Run2.1i/instCat/01476730to01545218/01480378.tar.gz
HTAR: a   DC2_ImSim/Run2.1i/instCat/01476730to01545218/01480379.tar.gz
HTAR: a   DC2_ImSim/Run2.1i/instCat/01476730to01545218/01480380.tar.gz
HTAR: a   DC2_ImSim/Run2.1i/instCat/01476730to01545218/01480381.tar.gz
HTAR: a   DC2_ImSim/Run2.1i/instCat/01476730to01545218/01480382.tar.gz
HTAR: a   DC2_ImSim/Run2.1i/instCat/01476730to01545218/01480383.tar.gz
HTAR: a   DC2_ImSim/Run2.1i/instCat/01476730to01545218/01480384.tar.gz
HTAR: a   DC2_ImSim/Run2.1i/instCat/01476730to01545218/01480385.tar.gz
HTAR: a   DC2_ImSim/Run2.1i/instCat/01476730to01545218/01480386.tar.gz
HTAR: a   DC2_ImSim/Run2.1i/instCat/01476730to01545218/01480387.tar.gz
HTAR: a   DC2_ImSim/Run2.1i/instCat/01476730to01545218/01480388.tar.gz
HTAR: a   DC2_ImSim/Run2.1i/instCat/01476730to01545218/01480389.tar.gz
HTAR: a   DC2_ImSim/Run2.1i/instCat/01476730to01545218/01480391.tar.gz
HTAR: a   DC2_ImSim/Run2.1i/instCat/01476730to01545218/01480414.tar.gz
HTAR: a   DC2_ImSim/Run2.1i/instCat/01476730to01545218/01480422.tar.gz
HTAR: a   DC2_ImSim/Run2.1i/instCat/01476730to01545218/01480423.tar.gz
HTAR: a   DC2_ImSim/Run2.1i/instCat/01476730to01545218/01480425.tar.gz
HTAR: a   DC2_ImSim/Run2.1i/instCat/01476730to01545218/01480474.tar.gz
HTAR: a   DC2_ImSim/Run2.1i/instCat/01476730to01545218/01480475.tar.gz
HTAR: a   DC2_ImSim/Run2.1i/instCat/01476730to01545218/01480872.tar.gz
HTAR: a   DC2_ImSim/Run2.1i/instCat/01476730to01545218/01480873.tar.gz
HTAR: a   DC2_ImSim/Run2.1i/instCat/01476730to01545218/01480874.tar.gz
HTAR: a   DC2_ImSim/Run2.1i/instCat/01476730to01545218/01480968.tar.gz
HTAR: a   DC2_ImSim/Run2.1i/instCat/01476730to01545218/01480974.tar.gz
HTAR: a   DC2_ImSim/Run2.1i/instCat/01476730to01545218/01480975.tar.gz
HTAR: a   DC2_ImSim/Run2.1i/instCat/01476730to01545218/01480990.tar.gz
HTAR: a   DC2_ImSim/Run2.1i/instCat/01476730to01545218/01480991.tar.gz
HTAR: a   DC2_ImSim/Run2.1i/instCat/01476730to01545218/01481008.tar.gz
HTAR: a   DC2_ImSim/Run2.1i/instCat/01476730to01545218/01481014.tar.gz
HTAR: a   DC2_ImSim/Run2.1i/instCat/01476730to01545218/01481032.tar.gz
HTAR: a   DC2_ImSim/Run2.1i/instCat/01476730to01545218/01481033.tar.gz
HTAR: a   DC2_ImSim/Run2.1i/instCat/01476730to01545218/01481046.tar.gz
HTAR: a   DC2_ImSim/Run2.1i/instCat/01476730to01545218/01481048.tar.gz
HTAR: a   DC2_ImSim/Run2.1i/instCat/01476730to01545218/01481765.tar.gz
HTAR: a   DC2_ImSim/Run2.1i/instCat/01476730to01545218/01481767.tar.gz
HTAR: a   DC2_ImSim/Run2.1i/instCat/01476730to01545218/01481768.tar.gz
HTAR: a   DC2_ImSim/Run2.1i/instCat/01476730to01545218/01481769.tar.gz
HTAR: a   DC2_ImSim/Run2.1i/instCat/01476730to01545218/01481770.tar.gz
HTAR: a   DC2_ImSim/Run2.1i/instCat/01476730to01545218/01481771.tar.gz
HTAR: a   DC2_ImSim/Run2.1i/instCat/01476730to01545218/01481774.tar.gz
HTAR: a   DC2_ImSim/Run2.1i/instCat/01476730to01545218/01481790.tar.gz
HTAR: a   DC2_ImSim/Run2.1i/instCat/01476730to01545218/01481791.tar.gz
HTAR: a   DC2_ImSim/Run2.1i/instCat/01476730to01545218/01481794.tar.gz
HTAR: a   DC2_ImSim/Run2.1i/instCat/01476730to01545218/01481795.tar.gz
HTAR: a   DC2_ImSim/Run2.1i/instCat/01476730to01545218/01481796.tar.gz
HTAR: a   DC2_ImSim/Run2.1i/instCat/01476730to01545218/01481797.tar.gz
HTAR: a   DC2_ImSim/Run2.1i/instCat/01476730to01545218/01482257.tar.gz
HTAR: a   DC2_ImSim/Run2.1i/instCat/01476730to01545218/01482350.tar.gz
HTAR: a   DC2_ImSim/Run2.1i/instCat/01476730to01545218/01482351.tar.gz
HTAR: a   DC2_ImSim/Run2.1i/instCat/01476730to01545218/01482352.tar.gz
HTAR: a   DC2_ImSim/Run2.1i/instCat/01476730to01545218/01482356.tar.gz
HTAR: a   DC2_ImSim/Run2.1i/instCat/01476730to01545218/01482357.tar.gz
HTAR: a   DC2_ImSim/Run2.1i/instCat/01476730to01545218/01482358.tar.gz
HTAR: a   DC2_ImSim/Run2.1i/instCat/01476730to01545218/01482359.tar.gz
HTAR: a   DC2_ImSim/Run2.1i/instCat/01476730to01545218/01482360.tar.gz
HTAR: a   DC2_ImSim/Run2.1i/instCat/01476730to01545218/01482361.tar.gz
HTAR: a   DC2_ImSim/Run2.1i/instCat/01476730to01545218/01482362.tar.gz
HTAR: a   DC2_ImSim/Run2.1i/instCat/01476730to01545218/01482398.tar.gz
HTAR: a   DC2_ImSim/Run2.1i/instCat/01476730to01545218/01482399.tar.gz
HTAR: a   DC2_ImSim/Run2.1i/instCat/01476730to01545218/01482400.tar.gz
HTAR: a   DC2_ImSim/Run2.1i/instCat/01476730to01545218/01482401.tar.gz
HTAR: a   DC2_ImSim/Run2.1i/instCat/01476730to01545218/01482402.tar.gz
HTAR: a   DC2_ImSim/Run2.1i/instCat/01476730to01545218/01482403.tar.gz
HTAR: a   DC2_ImSim/Run2.1i/instCat/01476730to01545218/01482404.tar.gz
HTAR: a   DC2_ImSim/Run2.1i/instCat/01476730to01545218/01482405.tar.gz
HTAR: a   DC2_ImSim/Run2.1i/instCat/01476730to01545218/01482406.tar.gz
HTAR: a   DC2_ImSim/Run2.1i/instCat/01476730to01545218/01482408.tar.gz
HTAR: a   DC2_ImSim/Run2.1i/instCat/01476730to01545218/01482409.tar.gz
HTAR: a   DC2_ImSim/Run2.1i/instCat/01476730to01545218/01482410.tar.gz
HTAR: a   DC2_ImSim/Run2.1i/instCat/01476730to01545218/01482411.tar.gz
HTAR: a   DC2_ImSim/Run2.1i/instCat/01476730to01545218/01482423.tar.gz
HTAR: a   DC2_ImSim/Run2.1i/instCat/01476730to01545218/01482465.tar.gz
HTAR: a   DC2_ImSim/Run2.1i/instCat/01476730to01545218/01482651.tar.gz
HTAR: a   DC2_ImSim/Run2.1i/instCat/01476730to01545218/01482652.tar.gz
HTAR: a   DC2_ImSim/Run2.1i/instCat/01476730to01545218/01482683.tar.gz
HTAR: a   DC2_ImSim/Run2.1i/instCat/01476730to01545218/01482684.tar.gz
HTAR: a   DC2_ImSim/Run2.1i/instCat/01476730to01545218/01482685.tar.gz
HTAR: a   DC2_ImSim/Run2.1i/instCat/01476730to01545218/01482934.tar.gz
HTAR: a   DC2_ImSim/Run2.1i/instCat/01476730to01545218/01482942.tar.gz
HTAR: a   DC2_ImSim/Run2.1i/instCat/01476730to01545218/01482945.tar.gz
HTAR: a   DC2_ImSim/Run2.1i/instCat/01476730to01545218/01483071.tar.gz
HTAR: a   DC2_ImSim/Run2.1i/instCat/01476730to01545218/01483072.tar.gz
HTAR: a   DC2_ImSim/Run2.1i/instCat/01476730to01545218/01483073.tar.gz
HTAR: a   DC2_ImSim/Run2.1i/instCat/01476730to01545218/01483074.tar.gz
HTAR: a   DC2_ImSim/Run2.1i/instCat/01476730to01545218/01483075.tar.gz
HTAR: a   DC2_ImSim/Run2.1i/instCat/01476730to01545218/01483078.tar.gz
HTAR: a   DC2_ImSim/Run2.1i/instCat/01476730to01545218/01483079.tar.gz
HTAR: a   DC2_ImSim/Run2.1i/instCat/01476730to01545218/01483080.tar.gz
HTAR: a   DC2_ImSim/Run2.1i/instCat/01476730to01545218/01483081.tar.gz
HTAR: a   /tmp/HTAR_CF_CHK_25660_1562332444
HTAR Create complete for /home/projects/desc/DC2_ImSim/Run2.1i/instCat/01476730to01545218/01479727to01483081.tar. 491,772,188,160 bytes written for 114 member files, max threads: 3 Transfer time: 2877.858 seconds (170.881 MB/s) wallclock/user/sys: 2880.016 3403.631 1520.966 seconds
HTAR: HTAR SUCCESSFUL
HTAR: a   DC2_ImSim/Run2.1i/instCat/01476730to01545218/01483082.tar.gz
HTAR: a   DC2_ImSim/Run2.1i/instCat/01476730to01545218/01483083.tar.gz
HTAR: a   DC2_ImSim/Run2.1i/instCat/01476730to01545218/01483084.tar.gz
HTAR: a   DC2_ImSim/Run2.1i/instCat/01476730to01545218/01483085.tar.gz
HTAR: a   DC2_ImSim/Run2.1i/instCat/01476730to01545218/01483086.tar.gz
HTAR: a   DC2_ImSim/Run2.1i/instCat/01476730to01545218/01483087.tar.gz
HTAR: a   DC2_ImSim/Run2.1i/instCat/01476730to01545218/01483088.tar.gz
HTAR: a   DC2_ImSim/Run2.1i/instCat/01476730to01545218/01483089.tar.gz
HTAR: a   DC2_ImSim/Run2.1i/instCat/01476730to01545218/01483090.tar.gz
HTAR: a   DC2_ImSim/Run2.1i/instCat/01476730to01545218/01483091.tar.gz
HTAR: a   DC2_ImSim/Run2.1i/instCat/01476730to01545218/01483092.tar.gz
HTAR: a   DC2_ImSim/Run2.1i/instCat/01476730to01545218/01483093.tar.gz
HTAR: a   DC2_ImSim/Run2.1i/instCat/01476730to01545218/01483094.tar.gz
HTAR: a   DC2_ImSim/Run2.1i/instCat/01476730to01545218/01483095.tar.gz
HTAR: a   DC2_ImSim/Run2.1i/instCat/01476730to01545218/01483097.tar.gz
HTAR: a   DC2_ImSim/Run2.1i/instCat/01476730to01545218/01483098.tar.gz
HTAR: a   DC2_ImSim/Run2.1i/instCat/01476730to01545218/01483099.tar.gz
HTAR: a   DC2_ImSim/Run2.1i/instCat/01476730to01545218/01483102.tar.gz
HTAR: a   DC2_ImSim/Run2.1i/instCat/01476730to01545218/01483103.tar.gz
HTAR: a   DC2_ImSim/Run2.1i/instCat/01476730to01545218/01483105.tar.gz
HTAR: a   DC2_ImSim/Run2.1i/instCat/01476730to01545218/01483329.tar.gz
HTAR: a   DC2_ImSim/Run2.1i/instCat/01476730to01545218/01483748.tar.gz
HTAR: a   DC2_ImSim/Run2.1i/instCat/01476730to01545218/01483789.tar.gz
HTAR: a   DC2_ImSim/Run2.1i/instCat/01476730to01545218/01483798.tar.gz
HTAR: a   DC2_ImSim/Run2.1i/instCat/01476730to01545218/01483799.tar.gz
HTAR: a   DC2_ImSim/Run2.1i/instCat/01476730to01545218/01483800.tar.gz
HTAR: a   DC2_ImSim/Run2.1i/instCat/01476730to01545218/01483801.tar.gz
HTAR: a   DC2_ImSim/Run2.1i/instCat/01476730to01545218/01483803.tar.gz
HTAR: a   DC2_ImSim/Run2.1i/instCat/01476730to01545218/01483804.tar.gz
HTAR: a   DC2_ImSim/Run2.1i/instCat/01476730to01545218/01483805.tar.gz
HTAR: a   DC2_ImSim/Run2.1i/instCat/01476730to01545218/01483806.tar.gz
HTAR: a   DC2_ImSim/Run2.1i/instCat/01476730to01545218/01483807.tar.gz
HTAR: a   DC2_ImSim/Run2.1i/instCat/01476730to01545218/01483809.tar.gz
HTAR: a   DC2_ImSim/Run2.1i/instCat/01476730to01545218/01483812.tar.gz
HTAR: a   DC2_ImSim/Run2.1i/instCat/01476730to01545218/01483813.tar.gz
HTAR: a   DC2_ImSim/Run2.1i/instCat/01476730to01545218/01483814.tar.gz
HTAR: a   DC2_ImSim/Run2.1i/instCat/01476730to01545218/01483817.tar.gz
HTAR: a   DC2_ImSim/Run2.1i/instCat/01476730to01545218/01483818.tar.gz
HTAR: a   DC2_ImSim/Run2.1i/instCat/01476730to01545218/01483819.tar.gz
HTAR: a   DC2_ImSim/Run2.1i/instCat/01476730to01545218/01483820.tar.gz
HTAR: a   DC2_ImSim/Run2.1i/instCat/01476730to01545218/01483822.tar.gz
HTAR: a   DC2_ImSim/Run2.1i/instCat/01476730to01545218/01483823.tar.gz
HTAR: a   DC2_ImSim/Run2.1i/instCat/01476730to01545218/01483829.tar.gz
HTAR: a   DC2_ImSim/Run2.1i/instCat/01476730to01545218/01483830.tar.gz
HTAR: a   DC2_ImSim/Run2.1i/instCat/01476730to01545218/01483831.tar.gz
HTAR: a   DC2_ImSim/Run2.1i/instCat/01476730to01545218/01483832.tar.gz
HTAR: a   DC2_ImSim/Run2.1i/instCat/01476730to01545218/01483844.tar.gz
HTAR: a   DC2_ImSim/Run2.1i/instCat/01476730to01545218/01483845.tar.gz
HTAR: a   DC2_ImSim/Run2.1i/instCat/01476730to01545218/01483846.tar.gz
HTAR: a   DC2_ImSim/Run2.1i/instCat/01476730to01545218/01483847.tar.gz
HTAR: a   DC2_ImSim/Run2.1i/instCat/01476730to01545218/01483848.tar.gz
HTAR: a   DC2_ImSim/Run2.1i/instCat/01476730to01545218/01483849.tar.gz
HTAR: a   DC2_ImSim/Run2.1i/instCat/01476730to01545218/01483851.tar.gz
HTAR: a   DC2_ImSim/Run2.1i/instCat/01476730to01545218/01483852.tar.gz
HTAR: a   DC2_ImSim/Run2.1i/instCat/01476730to01545218/01483854.tar.gz
HTAR: a   DC2_ImSim/Run2.1i/instCat/01476730to01545218/01483856.tar.gz
HTAR: a   DC2_ImSim/Run2.1i/instCat/01476730to01545218/01483857.tar.gz
HTAR: a   DC2_ImSim/Run2.1i/instCat/01476730to01545218/01483858.tar.gz
HTAR: a   DC2_ImSim/Run2.1i/instCat/01476730to01545218/01483861.tar.gz
HTAR: a   DC2_ImSim/Run2.1i/instCat/01476730to01545218/01483867.tar.gz
HTAR: a   DC2_ImSim/Run2.1i/instCat/01476730to01545218/01483869.tar.gz
HTAR: a   DC2_ImSim/Run2.1i/instCat/01476730to01545218/01483871.tar.gz
HTAR: a   DC2_ImSim/Run2.1i/instCat/01476730to01545218/01483872.tar.gz
HTAR: a   DC2_ImSim/Run2.1i/instCat/01476730to01545218/01483874.tar.gz
HTAR: a   DC2_ImSim/Run2.1i/instCat/01476730to01545218/01483875.tar.gz
HTAR: a   DC2_ImSim/Run2.1i/instCat/01476730to01545218/01484488.tar.gz
HTAR: a   DC2_ImSim/Run2.1i/instCat/01476730to01545218/01484495.tar.gz
HTAR: a   DC2_ImSim/Run2.1i/instCat/01476730to01545218/01484496.tar.gz
HTAR: a   DC2_ImSim/Run2.1i/instCat/01476730to01545218/01484497.tar.gz
HTAR: a   DC2_ImSim/Run2.1i/instCat/01476730to01545218/01484498.tar.gz
HTAR: a   DC2_ImSim/Run2.1i/instCat/01476730to01545218/01484500.tar.gz
HTAR: a   DC2_ImSim/Run2.1i/instCat/01476730to01545218/01485104.tar.gz
HTAR: a   DC2_ImSim/Run2.1i/instCat/01476730to01545218/01485113.tar.gz
HTAR: a   DC2_ImSim/Run2.1i/instCat/01476730to01545218/01485135.tar.gz
HTAR: a   DC2_ImSim/Run2.1i/instCat/01476730to01545218/01485206.tar.gz
HTAR: a   DC2_ImSim/Run2.1i/instCat/01476730to01545218/01485212.tar.gz
HTAR: a   DC2_ImSim/Run2.1i/instCat/01476730to01545218/01485213.tar.gz
HTAR: a   DC2_ImSim/Run2.1i/instCat/01476730to01545218/01485214.tar.gz
HTAR: a   DC2_ImSim/Run2.1i/instCat/01476730to01545218/01485215.tar.gz
HTAR: a   DC2_ImSim/Run2.1i/instCat/01476730to01545218/01485216.tar.gz
HTAR: a   DC2_ImSim/Run2.1i/instCat/01476730to01545218/01485232.tar.gz
HTAR: a   DC2_ImSim/Run2.1i/instCat/01476730to01545218/01485234.tar.gz
HTAR: a   DC2_ImSim/Run2.1i/instCat/01476730to01545218/01485235.tar.gz
HTAR: a   DC2_ImSim/Run2.1i/instCat/01476730to01545218/01485236.tar.gz
HTAR: a   DC2_ImSim/Run2.1i/instCat/01476730to01545218/01485237.tar.gz
HTAR: a   DC2_ImSim/Run2.1i/instCat/01476730to01545218/01485239.tar.gz
HTAR: a   DC2_ImSim/Run2.1i/instCat/01476730to01545218/01485240.tar.gz
HTAR: a   DC2_ImSim/Run2.1i/instCat/01476730to01545218/01485241.tar.gz
HTAR: a   DC2_ImSim/Run2.1i/instCat/01476730to01545218/01485246.tar.gz
HTAR: a   DC2_ImSim/Run2.1i/instCat/01476730to01545218/01485252.tar.gz
HTAR: a   DC2_ImSim/Run2.1i/instCat/01476730to01545218/01485254.tar.gz
HTAR: a   DC2_ImSim/Run2.1i/instCat/01476730to01545218/01485255.tar.gz
HTAR: a   DC2_ImSim/Run2.1i/instCat/01476730to01545218/01485257.tar.gz
HTAR: a   DC2_ImSim/Run2.1i/instCat/01476730to01545218/01485259.tar.gz
HTAR: a   DC2_ImSim/Run2.1i/instCat/01476730to01545218/01485260.tar.gz
HTAR: a   DC2_ImSim/Run2.1i/instCat/01476730to01545218/01485261.tar.gz
HTAR: a   DC2_ImSim/Run2.1i/instCat/01476730to01545218/01485262.tar.gz
HTAR: a   DC2_ImSim/Run2.1i/instCat/01476730to01545218/01485263.tar.gz
HTAR: a   DC2_ImSim/Run2.1i/instCat/01476730to01545218/01485264.tar.gz
HTAR: a   DC2_ImSim/Run2.1i/instCat/01476730to01545218/01485265.tar.gz
HTAR: a   DC2_ImSim/Run2.1i/instCat/01476730to01545218/01485266.tar.gz
HTAR: a   DC2_ImSim/Run2.1i/instCat/01476730to01545218/01485267.tar.gz
HTAR: a   DC2_ImSim/Run2.1i/instCat/01476730to01545218/01485268.tar.gz
HTAR: a   DC2_ImSim/Run2.1i/instCat/01476730to01545218/01485269.tar.gz
HTAR: a   DC2_ImSim/Run2.1i/instCat/01476730to01545218/01485270.tar.gz
HTAR: a   DC2_ImSim/Run2.1i/instCat/01476730to01545218/01485276.tar.gz
HTAR: a   DC2_ImSim/Run2.1i/instCat/01476730to01545218/01485277.tar.gz
HTAR: a   DC2_ImSim/Run2.1i/instCat/01476730to01545218/01485278.tar.gz
HTAR: a   DC2_ImSim/Run2.1i/instCat/01476730to01545218/01485279.tar.gz
HTAR: a   DC2_ImSim/Run2.1i/instCat/01476730to01545218/01485282.tar.gz
HTAR: a   DC2_ImSim/Run2.1i/instCat/01476730to01545218/01485283.tar.gz
HTAR: a   DC2_ImSim/Run2.1i/instCat/01476730to01545218/01485284.tar.gz
HTAR: a   DC2_ImSim/Run2.1i/instCat/01476730to01545218/01485285.tar.gz
HTAR: a   DC2_ImSim/Run2.1i/instCat/01476730to01545218/01485286.tar.gz
HTAR: a   /tmp/HTAR_CF_CHK_35052_1562335325
HTAR Create complete for /home/projects/desc/DC2_ImSim/Run2.1i/instCat/01476730to01545218/01483082to01485286.tar. 493,078,138,880 bytes written for 114 member files, max threads: 3 Transfer time: 2953.096 seconds (166.970 MB/s) wallclock/user/sys: 2953.948 3487.849 1564.474 seconds
HTAR: HTAR SUCCESSFUL
HTAR: a   DC2_ImSim/Run2.1i/instCat/01476730to01545218/01485287.tar.gz
HTAR: a   DC2_ImSim/Run2.1i/instCat/01476730to01545218/01485288.tar.gz
HTAR: a   DC2_ImSim/Run2.1i/instCat/01476730to01545218/01485289.tar.gz
HTAR: a   DC2_ImSim/Run2.1i/instCat/01476730to01545218/01485290.tar.gz
HTAR: a   DC2_ImSim/Run2.1i/instCat/01476730to01545218/01485291.tar.gz
HTAR: a   DC2_ImSim/Run2.1i/instCat/01476730to01545218/01485292.tar.gz
HTAR: a   DC2_ImSim/Run2.1i/instCat/01476730to01545218/01485293.tar.gz
HTAR: a   DC2_ImSim/Run2.1i/instCat/01476730to01545218/01485294.tar.gz
HTAR: a   DC2_ImSim/Run2.1i/instCat/01476730to01545218/01485301.tar.gz
HTAR: a   DC2_ImSim/Run2.1i/instCat/01476730to01545218/01485302.tar.gz
HTAR: a   DC2_ImSim/Run2.1i/instCat/01476730to01545218/01485303.tar.gz
HTAR: a   DC2_ImSim/Run2.1i/instCat/01476730to01545218/01485304.tar.gz
HTAR: a   DC2_ImSim/Run2.1i/instCat/01476730to01545218/01485305.tar.gz
HTAR: a   DC2_ImSim/Run2.1i/instCat/01476730to01545218/01485306.tar.gz
HTAR: a   DC2_ImSim/Run2.1i/instCat/01476730to01545218/01485307.tar.gz
HTAR: a   DC2_ImSim/Run2.1i/instCat/01476730to01545218/01485308.tar.gz
HTAR: a   DC2_ImSim/Run2.1i/instCat/01476730to01545218/01485309.tar.gz
HTAR: a   DC2_ImSim/Run2.1i/instCat/01476730to01545218/01485310.tar.gz
HTAR: a   DC2_ImSim/Run2.1i/instCat/01476730to01545218/01485311.tar.gz
HTAR: a   DC2_ImSim/Run2.1i/instCat/01476730to01545218/01485312.tar.gz
HTAR: a   DC2_ImSim/Run2.1i/instCat/01476730to01545218/01485313.tar.gz
HTAR: a   DC2_ImSim/Run2.1i/instCat/01476730to01545218/01485314.tar.gz
HTAR: a   DC2_ImSim/Run2.1i/instCat/01476730to01545218/01485315.tar.gz
HTAR: a   DC2_ImSim/Run2.1i/instCat/01476730to01545218/01485316.tar.gz
HTAR: a   DC2_ImSim/Run2.1i/instCat/01476730to01545218/01485326.tar.gz
HTAR: a   DC2_ImSim/Run2.1i/instCat/01476730to01545218/01485327.tar.gz
HTAR: a   DC2_ImSim/Run2.1i/instCat/01476730to01545218/01485328.tar.gz
HTAR: a   DC2_ImSim/Run2.1i/instCat/01476730to01545218/01485329.tar.gz
HTAR: a   DC2_ImSim/Run2.1i/instCat/01476730to01545218/01485343.tar.gz
HTAR: a   DC2_ImSim/Run2.1i/instCat/01476730to01545218/01485346.tar.gz
HTAR: a   DC2_ImSim/Run2.1i/instCat/01476730to01545218/01485347.tar.gz
HTAR: a   DC2_ImSim/Run2.1i/instCat/01476730to01545218/01485348.tar.gz
HTAR: a   DC2_ImSim/Run2.1i/instCat/01476730to01545218/01485349.tar.gz
HTAR: a   DC2_ImSim/Run2.1i/instCat/01476730to01545218/01485358.tar.gz
HTAR: a   DC2_ImSim/Run2.1i/instCat/01476730to01545218/01485359.tar.gz
HTAR: a   DC2_ImSim/Run2.1i/instCat/01476730to01545218/01485363.tar.gz
HTAR: a   DC2_ImSim/Run2.1i/instCat/01476730to01545218/01485364.tar.gz
HTAR: a   DC2_ImSim/Run2.1i/instCat/01476730to01545218/01485365.tar.gz
HTAR: a   DC2_ImSim/Run2.1i/instCat/01476730to01545218/01485366.tar.gz
HTAR: a   DC2_ImSim/Run2.1i/instCat/01476730to01545218/01485373.tar.gz
HTAR: a   DC2_ImSim/Run2.1i/instCat/01476730to01545218/01485374.tar.gz
HTAR: a   DC2_ImSim/Run2.1i/instCat/01476730to01545218/01485375.tar.gz
HTAR: a   DC2_ImSim/Run2.1i/instCat/01476730to01545218/01485376.tar.gz
HTAR: a   DC2_ImSim/Run2.1i/instCat/01476730to01545218/01486104.tar.gz
HTAR: a   DC2_ImSim/Run2.1i/instCat/01476730to01545218/01486105.tar.gz
HTAR: a   DC2_ImSim/Run2.1i/instCat/01476730to01545218/01486108.tar.gz
HTAR: a   DC2_ImSim/Run2.1i/instCat/01476730to01545218/01486109.tar.gz
HTAR: a   DC2_ImSim/Run2.1i/instCat/01476730to01545218/01486111.tar.gz
HTAR: a   DC2_ImSim/Run2.1i/instCat/01476730to01545218/01486132.tar.gz
HTAR: a   DC2_ImSim/Run2.1i/instCat/01476730to01545218/01486133.tar.gz
HTAR: a   DC2_ImSim/Run2.1i/instCat/01476730to01545218/01486135.tar.gz
HTAR: a   DC2_ImSim/Run2.1i/instCat/01476730to01545218/01486136.tar.gz
HTAR: a   DC2_ImSim/Run2.1i/instCat/01476730to01545218/01486137.tar.gz
HTAR: a   DC2_ImSim/Run2.1i/instCat/01476730to01545218/01486138.tar.gz
HTAR: a   DC2_ImSim/Run2.1i/instCat/01476730to01545218/01486139.tar.gz
HTAR: a   DC2_ImSim/Run2.1i/instCat/01476730to01545218/01486140.tar.gz
HTAR: a   DC2_ImSim/Run2.1i/instCat/01476730to01545218/01486141.tar.gz
HTAR: a   DC2_ImSim/Run2.1i/instCat/01476730to01545218/01486142.tar.gz
HTAR: a   DC2_ImSim/Run2.1i/instCat/01476730to01545218/01486144.tar.gz
HTAR: a   DC2_ImSim/Run2.1i/instCat/01476730to01545218/01486150.tar.gz
HTAR: a   DC2_ImSim/Run2.1i/instCat/01476730to01545218/01486151.tar.gz
HTAR: a   DC2_ImSim/Run2.1i/instCat/01476730to01545218/01486152.tar.gz
HTAR: a   DC2_ImSim/Run2.1i/instCat/01476730to01545218/01486153.tar.gz
HTAR: a   DC2_ImSim/Run2.1i/instCat/01476730to01545218/01486154.tar.gz
HTAR: a   DC2_ImSim/Run2.1i/instCat/01476730to01545218/01486178.tar.gz
HTAR: a   DC2_ImSim/Run2.1i/instCat/01476730to01545218/01486179.tar.gz
HTAR: a   DC2_ImSim/Run2.1i/instCat/01476730to01545218/01486180.tar.gz
HTAR: a   DC2_ImSim/Run2.1i/instCat/01476730to01545218/01486181.tar.gz
HTAR: a   DC2_ImSim/Run2.1i/instCat/01476730to01545218/01486182.tar.gz
HTAR: a   DC2_ImSim/Run2.1i/instCat/01476730to01545218/01486183.tar.gz
HTAR: a   DC2_ImSim/Run2.1i/instCat/01476730to01545218/01486184.tar.gz
HTAR: a   DC2_ImSim/Run2.1i/instCat/01476730to01545218/01486185.tar.gz
HTAR: a   DC2_ImSim/Run2.1i/instCat/01476730to01545218/01486186.tar.gz
HTAR: a   DC2_ImSim/Run2.1i/instCat/01476730to01545218/01486241.tar.gz
HTAR: a   DC2_ImSim/Run2.1i/instCat/01476730to01545218/01486242.tar.gz
HTAR: a   DC2_ImSim/Run2.1i/instCat/01476730to01545218/01487548.tar.gz
HTAR: a   DC2_ImSim/Run2.1i/instCat/01476730to01545218/01487577.tar.gz
HTAR: a   DC2_ImSim/Run2.1i/instCat/01476730to01545218/01488158.tar.gz
HTAR: a   DC2_ImSim/Run2.1i/instCat/01476730to01545218/01488162.tar.gz
HTAR: a   DC2_ImSim/Run2.1i/instCat/01476730to01545218/01488163.tar.gz
HTAR: a   DC2_ImSim/Run2.1i/instCat/01476730to01545218/01488175.tar.gz
HTAR: a   DC2_ImSim/Run2.1i/instCat/01476730to01545218/01488176.tar.gz
HTAR: a   DC2_ImSim/Run2.1i/instCat/01476730to01545218/01488177.tar.gz
HTAR: a   DC2_ImSim/Run2.1i/instCat/01476730to01545218/01488178.tar.gz
HTAR: a   DC2_ImSim/Run2.1i/instCat/01476730to01545218/01488179.tar.gz
HTAR: a   DC2_ImSim/Run2.1i/instCat/01476730to01545218/01488182.tar.gz
HTAR: a   DC2_ImSim/Run2.1i/instCat/01476730to01545218/01488752.tar.gz
HTAR: a   DC2_ImSim/Run2.1i/instCat/01476730to01545218/01488760.tar.gz
HTAR: a   DC2_ImSim/Run2.1i/instCat/01476730to01545218/01488761.tar.gz
HTAR: a   DC2_ImSim/Run2.1i/instCat/01476730to01545218/01488762.tar.gz
HTAR: a   DC2_ImSim/Run2.1i/instCat/01476730to01545218/01488763.tar.gz
HTAR: a   DC2_ImSim/Run2.1i/instCat/01476730to01545218/01488764.tar.gz
HTAR: a   DC2_ImSim/Run2.1i/instCat/01476730to01545218/01488766.tar.gz
HTAR: a   DC2_ImSim/Run2.1i/instCat/01476730to01545218/01488767.tar.gz
HTAR: a   DC2_ImSim/Run2.1i/instCat/01476730to01545218/01488768.tar.gz
HTAR: a   DC2_ImSim/Run2.1i/instCat/01476730to01545218/01488769.tar.gz
HTAR: a   DC2_ImSim/Run2.1i/instCat/01476730to01545218/01488770.tar.gz
HTAR: a   DC2_ImSim/Run2.1i/instCat/01476730to01545218/01488771.tar.gz
HTAR: a   DC2_ImSim/Run2.1i/instCat/01476730to01545218/01488772.tar.gz
HTAR: a   DC2_ImSim/Run2.1i/instCat/01476730to01545218/01488773.tar.gz
HTAR: a   DC2_ImSim/Run2.1i/instCat/01476730to01545218/01488774.tar.gz
HTAR: a   DC2_ImSim/Run2.1i/instCat/01476730to01545218/01488775.tar.gz
HTAR: a   DC2_ImSim/Run2.1i/instCat/01476730to01545218/01488776.tar.gz
HTAR: a   DC2_ImSim/Run2.1i/instCat/01476730to01545218/01488777.tar.gz
HTAR: a   DC2_ImSim/Run2.1i/instCat/01476730to01545218/01488778.tar.gz
HTAR: a   DC2_ImSim/Run2.1i/instCat/01476730to01545218/01488779.tar.gz
HTAR: a   DC2_ImSim/Run2.1i/instCat/01476730to01545218/01488780.tar.gz
HTAR: a   DC2_ImSim/Run2.1i/instCat/01476730to01545218/01488785.tar.gz
HTAR: a   DC2_ImSim/Run2.1i/instCat/01476730to01545218/01488793.tar.gz
HTAR: a   DC2_ImSim/Run2.1i/instCat/01476730to01545218/01488794.tar.gz
HTAR: a   DC2_ImSim/Run2.1i/instCat/01476730to01545218/01488795.tar.gz
HTAR: a   DC2_ImSim/Run2.1i/instCat/01476730to01545218/01488796.tar.gz
HTAR: a   DC2_ImSim/Run2.1i/instCat/01476730to01545218/01488797.tar.gz
HTAR: a   DC2_ImSim/Run2.1i/instCat/01476730to01545218/01488798.tar.gz
HTAR: a   /tmp/HTAR_CF_CHK_8192_1562338283
HTAR Create complete for /home/projects/desc/DC2_ImSim/Run2.1i/instCat/01476730to01545218/01485287to01488798.tar. 498,410,186,240 bytes written for 114 member files, max threads: 2 Transfer time: 2924.849 seconds (170.405 MB/s) wallclock/user/sys: 2926.661 3459.641 1539.459 seconds
HTAR: HTAR SUCCESSFUL
HTAR: a   DC2_ImSim/Run2.1i/instCat/01476730to01545218/01488801.tar.gz
HTAR: a   DC2_ImSim/Run2.1i/instCat/01476730to01545218/01488802.tar.gz
HTAR: a   DC2_ImSim/Run2.1i/instCat/01476730to01545218/01488803.tar.gz
HTAR: a   DC2_ImSim/Run2.1i/instCat/01476730to01545218/01488804.tar.gz
HTAR: a   DC2_ImSim/Run2.1i/instCat/01476730to01545218/01488805.tar.gz
HTAR: a   DC2_ImSim/Run2.1i/instCat/01476730to01545218/01488806.tar.gz
HTAR: a   DC2_ImSim/Run2.1i/instCat/01476730to01545218/01488807.tar.gz
HTAR: a   DC2_ImSim/Run2.1i/instCat/01476730to01545218/01488808.tar.gz
HTAR: a   DC2_ImSim/Run2.1i/instCat/01476730to01545218/01488809.tar.gz
HTAR: a   DC2_ImSim/Run2.1i/instCat/01476730to01545218/01488810.tar.gz
HTAR: a   DC2_ImSim/Run2.1i/instCat/01476730to01545218/01488811.tar.gz
HTAR: a   DC2_ImSim/Run2.1i/instCat/01476730to01545218/01488812.tar.gz
HTAR: a   DC2_ImSim/Run2.1i/instCat/01476730to01545218/01488813.tar.gz
HTAR: a   DC2_ImSim/Run2.1i/instCat/01476730to01545218/01490146.tar.gz
HTAR: a   DC2_ImSim/Run2.1i/instCat/01476730to01545218/01490147.tar.gz
HTAR: a   DC2_ImSim/Run2.1i/instCat/01476730to01545218/01490151.tar.gz
HTAR: a   DC2_ImSim/Run2.1i/instCat/01476730to01545218/01490152.tar.gz
HTAR: a   DC2_ImSim/Run2.1i/instCat/01476730to01545218/01490153.tar.gz
HTAR: a   DC2_ImSim/Run2.1i/instCat/01476730to01545218/01490253.tar.gz
HTAR: a   DC2_ImSim/Run2.1i/instCat/01476730to01545218/01490254.tar.gz
HTAR: a   DC2_ImSim/Run2.1i/instCat/01476730to01545218/01490255.tar.gz
HTAR: a   DC2_ImSim/Run2.1i/instCat/01476730to01545218/01490256.tar.gz
HTAR: a   DC2_ImSim/Run2.1i/instCat/01476730to01545218/01490257.tar.gz
HTAR: a   DC2_ImSim/Run2.1i/instCat/01476730to01545218/01490258.tar.gz
HTAR: a   DC2_ImSim/Run2.1i/instCat/01476730to01545218/01490259.tar.gz
HTAR: a   DC2_ImSim/Run2.1i/instCat/01476730to01545218/01490260.tar.gz
HTAR: a   DC2_ImSim/Run2.1i/instCat/01476730to01545218/01490261.tar.gz
HTAR: a   DC2_ImSim/Run2.1i/instCat/01476730to01545218/01490262.tar.gz
HTAR: a   DC2_ImSim/Run2.1i/instCat/01476730to01545218/01490263.tar.gz
HTAR: a   DC2_ImSim/Run2.1i/instCat/01476730to01545218/01490296.tar.gz
HTAR: a   DC2_ImSim/Run2.1i/instCat/01476730to01545218/01490297.tar.gz
HTAR: a   DC2_ImSim/Run2.1i/instCat/01476730to01545218/01490298.tar.gz
HTAR: a   DC2_ImSim/Run2.1i/instCat/01476730to01545218/01490299.tar.gz
HTAR: a   DC2_ImSim/Run2.1i/instCat/01476730to01545218/01490300.tar.gz
HTAR: a   DC2_ImSim/Run2.1i/instCat/01476730to01545218/01490301.tar.gz
HTAR: a   DC2_ImSim/Run2.1i/instCat/01476730to01545218/01490302.tar.gz
HTAR: a   DC2_ImSim/Run2.1i/instCat/01476730to01545218/01490303.tar.gz
HTAR: a   DC2_ImSim/Run2.1i/instCat/01476730to01545218/01490304.tar.gz
HTAR: a   DC2_ImSim/Run2.1i/instCat/01476730to01545218/01490306.tar.gz
HTAR: a   DC2_ImSim/Run2.1i/instCat/01476730to01545218/01490307.tar.gz
HTAR: a   DC2_ImSim/Run2.1i/instCat/01476730to01545218/01490309.tar.gz
HTAR: a   DC2_ImSim/Run2.1i/instCat/01476730to01545218/01490802.tar.gz
HTAR: a   DC2_ImSim/Run2.1i/instCat/01476730to01545218/01490808.tar.gz
HTAR: a   DC2_ImSim/Run2.1i/instCat/01476730to01545218/01490815.tar.gz
HTAR: a   DC2_ImSim/Run2.1i/instCat/01476730to01545218/01490823.tar.gz
HTAR: a   DC2_ImSim/Run2.1i/instCat/01476730to01545218/01490852.tar.gz
HTAR: a   DC2_ImSim/Run2.1i/instCat/01476730to01545218/01490853.tar.gz
HTAR: a   DC2_ImSim/Run2.1i/instCat/01476730to01545218/01490854.tar.gz
HTAR: a   DC2_ImSim/Run2.1i/instCat/01476730to01545218/01490855.tar.gz
HTAR: a   DC2_ImSim/Run2.1i/instCat/01476730to01545218/01490857.tar.gz
HTAR: a   DC2_ImSim/Run2.1i/instCat/01476730to01545218/01490865.tar.gz
HTAR: a   DC2_ImSim/Run2.1i/instCat/01476730to01545218/01490866.tar.gz
HTAR: a   DC2_ImSim/Run2.1i/instCat/01476730to01545218/01490867.tar.gz
HTAR: a   DC2_ImSim/Run2.1i/instCat/01476730to01545218/01490868.tar.gz
HTAR: a   DC2_ImSim/Run2.1i/instCat/01476730to01545218/01490869.tar.gz
HTAR: a   DC2_ImSim/Run2.1i/instCat/01476730to01545218/01490870.tar.gz
HTAR: a   DC2_ImSim/Run2.1i/instCat/01476730to01545218/01490871.tar.gz
HTAR: a   DC2_ImSim/Run2.1i/instCat/01476730to01545218/01490876.tar.gz
HTAR: a   DC2_ImSim/Run2.1i/instCat/01476730to01545218/01490877.tar.gz
HTAR: a   DC2_ImSim/Run2.1i/instCat/01476730to01545218/01490878.tar.gz
HTAR: a   DC2_ImSim/Run2.1i/instCat/01476730to01545218/01490879.tar.gz
HTAR: a   DC2_ImSim/Run2.1i/instCat/01476730to01545218/01490880.tar.gz
HTAR: a   DC2_ImSim/Run2.1i/instCat/01476730to01545218/01490881.tar.gz
HTAR: a   DC2_ImSim/Run2.1i/instCat/01476730to01545218/01490882.tar.gz
HTAR: a   DC2_ImSim/Run2.1i/instCat/01476730to01545218/01490883.tar.gz
HTAR: a   DC2_ImSim/Run2.1i/instCat/01476730to01545218/01490884.tar.gz
HTAR: a   DC2_ImSim/Run2.1i/instCat/01476730to01545218/01490885.tar.gz
HTAR: a   DC2_ImSim/Run2.1i/instCat/01476730to01545218/01490888.tar.gz
HTAR: a   DC2_ImSim/Run2.1i/instCat/01476730to01545218/01490891.tar.gz
HTAR: a   DC2_ImSim/Run2.1i/instCat/01476730to01545218/01490892.tar.gz
HTAR: a   DC2_ImSim/Run2.1i/instCat/01476730to01545218/01490893.tar.gz
HTAR: a   DC2_ImSim/Run2.1i/instCat/01476730to01545218/01490894.tar.gz
HTAR: a   DC2_ImSim/Run2.1i/instCat/01476730to01545218/01490895.tar.gz
HTAR: a   DC2_ImSim/Run2.1i/instCat/01476730to01545218/01490896.tar.gz
HTAR: a   DC2_ImSim/Run2.1i/instCat/01476730to01545218/01490902.tar.gz
HTAR: a   DC2_ImSim/Run2.1i/instCat/01476730to01545218/01490904.tar.gz
HTAR: a   DC2_ImSim/Run2.1i/instCat/01476730to01545218/01490905.tar.gz
HTAR: a   DC2_ImSim/Run2.1i/instCat/01476730to01545218/01490906.tar.gz
HTAR: a   DC2_ImSim/Run2.1i/instCat/01476730to01545218/01490907.tar.gz
HTAR: a   DC2_ImSim/Run2.1i/instCat/01476730to01545218/01490908.tar.gz
HTAR: a   DC2_ImSim/Run2.1i/instCat/01476730to01545218/01490909.tar.gz
HTAR: a   DC2_ImSim/Run2.1i/instCat/01476730to01545218/01490916.tar.gz
HTAR: a   DC2_ImSim/Run2.1i/instCat/01476730to01545218/01490917.tar.gz
HTAR: a   DC2_ImSim/Run2.1i/instCat/01476730to01545218/01490918.tar.gz
HTAR: a   DC2_ImSim/Run2.1i/instCat/01476730to01545218/01490919.tar.gz
HTAR: a   DC2_ImSim/Run2.1i/instCat/01476730to01545218/01490920.tar.gz
HTAR: a   DC2_ImSim/Run2.1i/instCat/01476730to01545218/01490923.tar.gz
HTAR: a   DC2_ImSim/Run2.1i/instCat/01476730to01545218/01490927.tar.gz
HTAR: a   DC2_ImSim/Run2.1i/instCat/01476730to01545218/01490928.tar.gz
HTAR: a   DC2_ImSim/Run2.1i/instCat/01476730to01545218/01490930.tar.gz
HTAR: a   DC2_ImSim/Run2.1i/instCat/01476730to01545218/01490966.tar.gz
HTAR: a   DC2_ImSim/Run2.1i/instCat/01476730to01545218/01490969.tar.gz
HTAR: a   DC2_ImSim/Run2.1i/instCat/01476730to01545218/01490970.tar.gz
HTAR: a   DC2_ImSim/Run2.1i/instCat/01476730to01545218/01490971.tar.gz
HTAR: a   DC2_ImSim/Run2.1i/instCat/01476730to01545218/01490984.tar.gz
HTAR: a   DC2_ImSim/Run2.1i/instCat/01476730to01545218/01491008.tar.gz
HTAR: a   DC2_ImSim/Run2.1i/instCat/01476730to01545218/01491019.tar.gz
HTAR: a   DC2_ImSim/Run2.1i/instCat/01476730to01545218/01491020.tar.gz
HTAR: a   DC2_ImSim/Run2.1i/instCat/01476730to01545218/01491023.tar.gz
HTAR: a   DC2_ImSim/Run2.1i/instCat/01476730to01545218/01491026.tar.gz
HTAR: a   DC2_ImSim/Run2.1i/instCat/01476730to01545218/01491027.tar.gz
HTAR: a   DC2_ImSim/Run2.1i/instCat/01476730to01545218/01491028.tar.gz
HTAR: a   DC2_ImSim/Run2.1i/instCat/01476730to01545218/01491029.tar.gz
HTAR: a   DC2_ImSim/Run2.1i/instCat/01476730to01545218/01491030.tar.gz
HTAR: a   DC2_ImSim/Run2.1i/instCat/01476730to01545218/01491041.tar.gz
HTAR: a   DC2_ImSim/Run2.1i/instCat/01476730to01545218/01491042.tar.gz
HTAR: a   DC2_ImSim/Run2.1i/instCat/01476730to01545218/01491045.tar.gz
HTAR: a   DC2_ImSim/Run2.1i/instCat/01476730to01545218/01491063.tar.gz
HTAR: a   DC2_ImSim/Run2.1i/instCat/01476730to01545218/01491064.tar.gz
HTAR: a   DC2_ImSim/Run2.1i/instCat/01476730to01545218/01491065.tar.gz
HTAR: a   DC2_ImSim/Run2.1i/instCat/01476730to01545218/01491066.tar.gz
HTAR: a   DC2_ImSim/Run2.1i/instCat/01476730to01545218/01491067.tar.gz
HTAR: a   DC2_ImSim/Run2.1i/instCat/01476730to01545218/01491068.tar.gz
HTAR: a   DC2_ImSim/Run2.1i/instCat/01476730to01545218/01491070.tar.gz
HTAR: a   /tmp/HTAR_CF_CHK_54630_1562341212
HTAR Create complete for /home/projects/desc/DC2_ImSim/Run2.1i/instCat/01476730to01545218/01488801to01491070.tar. 520,142,692,352 bytes written for 114 member files, max threads: 2 Transfer time: 3016.929 seconds (172.408 MB/s) wallclock/user/sys: 3017.631 3564.116 1593.367 seconds
HTAR: HTAR SUCCESSFUL
HTAR: a   DC2_ImSim/Run2.1i/instCat/01476730to01545218/01491112.tar.gz
HTAR: a   DC2_ImSim/Run2.1i/instCat/01476730to01545218/01491117.tar.gz
HTAR: a   DC2_ImSim/Run2.1i/instCat/01476730to01545218/01491119.tar.gz
HTAR: a   DC2_ImSim/Run2.1i/instCat/01476730to01545218/01491156.tar.gz
HTAR: a   DC2_ImSim/Run2.1i/instCat/01476730to01545218/01491157.tar.gz
HTAR: a   DC2_ImSim/Run2.1i/instCat/01476730to01545218/01491602.tar.gz
HTAR: a   DC2_ImSim/Run2.1i/instCat/01476730to01545218/01491640.tar.gz
HTAR: a   DC2_ImSim/Run2.1i/instCat/01476730to01545218/01492266.tar.gz
HTAR: a   DC2_ImSim/Run2.1i/instCat/01476730to01545218/01492269.tar.gz
HTAR: a   DC2_ImSim/Run2.1i/instCat/01476730to01545218/01492270.tar.gz
HTAR: a   DC2_ImSim/Run2.1i/instCat/01476730to01545218/01492271.tar.gz
HTAR: a   DC2_ImSim/Run2.1i/instCat/01476730to01545218/01492272.tar.gz
HTAR: a   DC2_ImSim/Run2.1i/instCat/01476730to01545218/01492273.tar.gz
HTAR: a   DC2_ImSim/Run2.1i/instCat/01476730to01545218/01492274.tar.gz
HTAR: a   DC2_ImSim/Run2.1i/instCat/01476730to01545218/01492277.tar.gz
HTAR: a   DC2_ImSim/Run2.1i/instCat/01476730to01545218/01492279.tar.gz
HTAR: a   DC2_ImSim/Run2.1i/instCat/01476730to01545218/01492280.tar.gz
HTAR: a   DC2_ImSim/Run2.1i/instCat/01476730to01545218/01492281.tar.gz
HTAR: a   DC2_ImSim/Run2.1i/instCat/01476730to01545218/01492282.tar.gz
HTAR: a   DC2_ImSim/Run2.1i/instCat/01476730to01545218/01492283.tar.gz
HTAR: a   DC2_ImSim/Run2.1i/instCat/01476730to01545218/01492284.tar.gz
HTAR: a   DC2_ImSim/Run2.1i/instCat/01476730to01545218/01492285.tar.gz
HTAR: a   DC2_ImSim/Run2.1i/instCat/01476730to01545218/01492286.tar.gz
HTAR: a   DC2_ImSim/Run2.1i/instCat/01476730to01545218/01492287.tar.gz
HTAR: a   DC2_ImSim/Run2.1i/instCat/01476730to01545218/01492288.tar.gz
HTAR: a   DC2_ImSim/Run2.1i/instCat/01476730to01545218/01492289.tar.gz
HTAR: a   DC2_ImSim/Run2.1i/instCat/01476730to01545218/01492290.tar.gz
HTAR: a   DC2_ImSim/Run2.1i/instCat/01476730to01545218/01492291.tar.gz
HTAR: a   DC2_ImSim/Run2.1i/instCat/01476730to01545218/01492292.tar.gz
HTAR: a   DC2_ImSim/Run2.1i/instCat/01476730to01545218/01492293.tar.gz
HTAR: a   DC2_ImSim/Run2.1i/instCat/01476730to01545218/01492294.tar.gz
HTAR: a   DC2_ImSim/Run2.1i/instCat/01476730to01545218/01492295.tar.gz
HTAR: a   DC2_ImSim/Run2.1i/instCat/01476730to01545218/01492296.tar.gz
HTAR: a   DC2_ImSim/Run2.1i/instCat/01476730to01545218/01492297.tar.gz
HTAR: a   DC2_ImSim/Run2.1i/instCat/01476730to01545218/01492298.tar.gz
HTAR: a   DC2_ImSim/Run2.1i/instCat/01476730to01545218/01492299.tar.gz
HTAR: a   DC2_ImSim/Run2.1i/instCat/01476730to01545218/01492300.tar.gz
HTAR: a   DC2_ImSim/Run2.1i/instCat/01476730to01545218/01492301.tar.gz
HTAR: a   DC2_ImSim/Run2.1i/instCat/01476730to01545218/01492302.tar.gz
HTAR: a   DC2_ImSim/Run2.1i/instCat/01476730to01545218/01492303.tar.gz
HTAR: a   DC2_ImSim/Run2.1i/instCat/01476730to01545218/01492305.tar.gz
HTAR: a   DC2_ImSim/Run2.1i/instCat/01476730to01545218/01492306.tar.gz
HTAR: a   DC2_ImSim/Run2.1i/instCat/01476730to01545218/01492309.tar.gz
HTAR: a   DC2_ImSim/Run2.1i/instCat/01476730to01545218/01492314.tar.gz
HTAR: a   DC2_ImSim/Run2.1i/instCat/01476730to01545218/01492386.tar.gz
HTAR: a   DC2_ImSim/Run2.1i/instCat/01476730to01545218/01492388.tar.gz
HTAR: a   DC2_ImSim/Run2.1i/instCat/01476730to01545218/01493061.tar.gz
HTAR: a   DC2_ImSim/Run2.1i/instCat/01476730to01545218/01493097.tar.gz
HTAR: a   DC2_ImSim/Run2.1i/instCat/01476730to01545218/01493100.tar.gz
HTAR: a   DC2_ImSim/Run2.1i/instCat/01476730to01545218/01493101.tar.gz
HTAR: a   DC2_ImSim/Run2.1i/instCat/01476730to01545218/01493142.tar.gz
HTAR: a   DC2_ImSim/Run2.1i/instCat/01476730to01545218/01493143.tar.gz
HTAR: a   DC2_ImSim/Run2.1i/instCat/01476730to01545218/01493144.tar.gz
HTAR: a   DC2_ImSim/Run2.1i/instCat/01476730to01545218/01493145.tar.gz
HTAR: a   DC2_ImSim/Run2.1i/instCat/01476730to01545218/01493146.tar.gz
HTAR: a   DC2_ImSim/Run2.1i/instCat/01476730to01545218/01493147.tar.gz
HTAR: a   DC2_ImSim/Run2.1i/instCat/01476730to01545218/01493148.tar.gz
HTAR: a   DC2_ImSim/Run2.1i/instCat/01476730to01545218/01493149.tar.gz
HTAR: a   DC2_ImSim/Run2.1i/instCat/01476730to01545218/01493150.tar.gz
HTAR: a   DC2_ImSim/Run2.1i/instCat/01476730to01545218/01493151.tar.gz
HTAR: a   DC2_ImSim/Run2.1i/instCat/01476730to01545218/01493152.tar.gz
HTAR: a   DC2_ImSim/Run2.1i/instCat/01476730to01545218/01493153.tar.gz
HTAR: a   DC2_ImSim/Run2.1i/instCat/01476730to01545218/01493192.tar.gz
HTAR: a   DC2_ImSim/Run2.1i/instCat/01476730to01545218/01493193.tar.gz
HTAR: a   DC2_ImSim/Run2.1i/instCat/01476730to01545218/01493194.tar.gz
HTAR: a   DC2_ImSim/Run2.1i/instCat/01476730to01545218/01493195.tar.gz
HTAR: a   DC2_ImSim/Run2.1i/instCat/01476730to01545218/01493196.tar.gz
HTAR: a   DC2_ImSim/Run2.1i/instCat/01476730to01545218/01493197.tar.gz
HTAR: a   DC2_ImSim/Run2.1i/instCat/01476730to01545218/01493200.tar.gz
HTAR: a   DC2_ImSim/Run2.1i/instCat/01476730to01545218/01493871.tar.gz
HTAR: a   DC2_ImSim/Run2.1i/instCat/01476730to01545218/01493873.tar.gz
HTAR: a   DC2_ImSim/Run2.1i/instCat/01476730to01545218/01493874.tar.gz
HTAR: a   DC2_ImSim/Run2.1i/instCat/01476730to01545218/01493875.tar.gz
HTAR: a   DC2_ImSim/Run2.1i/instCat/01476730to01545218/01493876.tar.gz
HTAR: a   DC2_ImSim/Run2.1i/instCat/01476730to01545218/01493877.tar.gz
HTAR: a   DC2_ImSim/Run2.1i/instCat/01476730to01545218/01493878.tar.gz
HTAR: a   DC2_ImSim/Run2.1i/instCat/01476730to01545218/01493879.tar.gz
HTAR: a   DC2_ImSim/Run2.1i/instCat/01476730to01545218/01493880.tar.gz
HTAR: a   DC2_ImSim/Run2.1i/instCat/01476730to01545218/01493881.tar.gz
HTAR: a   DC2_ImSim/Run2.1i/instCat/01476730to01545218/01493909.tar.gz
HTAR: a   DC2_ImSim/Run2.1i/instCat/01476730to01545218/01493911.tar.gz
HTAR: a   DC2_ImSim/Run2.1i/instCat/01476730to01545218/01493912.tar.gz
HTAR: a   DC2_ImSim/Run2.1i/instCat/01476730to01545218/01493913.tar.gz
HTAR: a   DC2_ImSim/Run2.1i/instCat/01476730to01545218/01493914.tar.gz
HTAR: a   DC2_ImSim/Run2.1i/instCat/01476730to01545218/01493915.tar.gz
HTAR: a   DC2_ImSim/Run2.1i/instCat/01476730to01545218/01493916.tar.gz
HTAR: a   DC2_ImSim/Run2.1i/instCat/01476730to01545218/01493917.tar.gz
HTAR: a   DC2_ImSim/Run2.1i/instCat/01476730to01545218/01493918.tar.gz
HTAR: a   DC2_ImSim/Run2.1i/instCat/01476730to01545218/01493986.tar.gz
HTAR: a   DC2_ImSim/Run2.1i/instCat/01476730to01545218/01494419.tar.gz
HTAR: a   DC2_ImSim/Run2.1i/instCat/01476730to01545218/01494459.tar.gz
HTAR: a   DC2_ImSim/Run2.1i/instCat/01476730to01545218/01494551.tar.gz
HTAR: a   DC2_ImSim/Run2.1i/instCat/01476730to01545218/01494554.tar.gz
HTAR: a   DC2_ImSim/Run2.1i/instCat/01476730to01545218/01494557.tar.gz
HTAR: a   DC2_ImSim/Run2.1i/instCat/01476730to01545218/01494558.tar.gz
HTAR: a   DC2_ImSim/Run2.1i/instCat/01476730to01545218/01494559.tar.gz
HTAR: a   DC2_ImSim/Run2.1i/instCat/01476730to01545218/01494560.tar.gz
HTAR: a   DC2_ImSim/Run2.1i/instCat/01476730to01545218/01494561.tar.gz
HTAR: a   DC2_ImSim/Run2.1i/instCat/01476730to01545218/01494562.tar.gz
HTAR: a   DC2_ImSim/Run2.1i/instCat/01476730to01545218/01494563.tar.gz
HTAR: a   DC2_ImSim/Run2.1i/instCat/01476730to01545218/01494564.tar.gz
HTAR: a   DC2_ImSim/Run2.1i/instCat/01476730to01545218/01494566.tar.gz
HTAR: a   DC2_ImSim/Run2.1i/instCat/01476730to01545218/01495363.tar.gz
HTAR: a   DC2_ImSim/Run2.1i/instCat/01476730to01545218/01495364.tar.gz
HTAR: a   DC2_ImSim/Run2.1i/instCat/01476730to01545218/01495365.tar.gz
HTAR: a   DC2_ImSim/Run2.1i/instCat/01476730to01545218/01495366.tar.gz
HTAR: a   DC2_ImSim/Run2.1i/instCat/01476730to01545218/01495406.tar.gz
HTAR: a   DC2_ImSim/Run2.1i/instCat/01476730to01545218/01495407.tar.gz
HTAR: a   DC2_ImSim/Run2.1i/instCat/01476730to01545218/01495408.tar.gz
HTAR: a   DC2_ImSim/Run2.1i/instCat/01476730to01545218/01495409.tar.gz
HTAR: a   DC2_ImSim/Run2.1i/instCat/01476730to01545218/01495410.tar.gz
HTAR: a   DC2_ImSim/Run2.1i/instCat/01476730to01545218/01495411.tar.gz
HTAR: a   DC2_ImSim/Run2.1i/instCat/01476730to01545218/01495412.tar.gz
HTAR: a   DC2_ImSim/Run2.1i/instCat/01476730to01545218/01495413.tar.gz
HTAR: a   /tmp/HTAR_CF_CHK_47457_1562344233
HTAR Create complete for /home/projects/desc/DC2_ImSim/Run2.1i/instCat/01476730to01545218/01491112to01495413.tar. 512,856,437,248 bytes written for 114 member files, max threads: 2 Transfer time: 3081.370 seconds (166.438 MB/s) wallclock/user/sys: 3082.805 3632.855 1644.429 seconds
HTAR: HTAR SUCCESSFUL
HTAR: a   DC2_ImSim/Run2.1i/instCat/01476730to01545218/01495414.tar.gz
HTAR: a   DC2_ImSim/Run2.1i/instCat/01476730to01545218/01495415.tar.gz
HTAR: a   DC2_ImSim/Run2.1i/instCat/01476730to01545218/01495416.tar.gz
HTAR: a   DC2_ImSim/Run2.1i/instCat/01476730to01545218/01495417.tar.gz
HTAR: a   DC2_ImSim/Run2.1i/instCat/01476730to01545218/01495418.tar.gz
HTAR: a   DC2_ImSim/Run2.1i/instCat/01476730to01545218/01495452.tar.gz
HTAR: a   DC2_ImSim/Run2.1i/instCat/01476730to01545218/01495453.tar.gz
HTAR: a   DC2_ImSim/Run2.1i/instCat/01476730to01545218/01495454.tar.gz
HTAR: a   DC2_ImSim/Run2.1i/instCat/01476730to01545218/01495455.tar.gz
HTAR: a   DC2_ImSim/Run2.1i/instCat/01476730to01545218/01495456.tar.gz
HTAR: a   DC2_ImSim/Run2.1i/instCat/01476730to01545218/01495457.tar.gz
HTAR: a   DC2_ImSim/Run2.1i/instCat/01476730to01545218/01495458.tar.gz
HTAR: a   DC2_ImSim/Run2.1i/instCat/01476730to01545218/01495947.tar.gz
HTAR: a   DC2_ImSim/Run2.1i/instCat/01476730to01545218/01496072.tar.gz
HTAR: a   DC2_ImSim/Run2.1i/instCat/01476730to01545218/01496073.tar.gz
HTAR: a   DC2_ImSim/Run2.1i/instCat/01476730to01545218/01496074.tar.gz
HTAR: a   DC2_ImSim/Run2.1i/instCat/01476730to01545218/01496075.tar.gz
HTAR: a   DC2_ImSim/Run2.1i/instCat/01476730to01545218/01496086.tar.gz
HTAR: a   DC2_ImSim/Run2.1i/instCat/01476730to01545218/01496087.tar.gz
HTAR: a   DC2_ImSim/Run2.1i/instCat/01476730to01545218/01496088.tar.gz
HTAR: a   DC2_ImSim/Run2.1i/instCat/01476730to01545218/01497497.tar.gz
HTAR: a   DC2_ImSim/Run2.1i/instCat/01476730to01545218/01497517.tar.gz
HTAR: a   DC2_ImSim/Run2.1i/instCat/01476730to01545218/01498141.tar.gz
HTAR: a   DC2_ImSim/Run2.1i/instCat/01476730to01545218/01498142.tar.gz
HTAR: a   DC2_ImSim/Run2.1i/instCat/01476730to01545218/01498143.tar.gz
HTAR: a   DC2_ImSim/Run2.1i/instCat/01476730to01545218/01498144.tar.gz
HTAR: a   DC2_ImSim/Run2.1i/instCat/01476730to01545218/01498145.tar.gz
HTAR: a   DC2_ImSim/Run2.1i/instCat/01476730to01545218/01498146.tar.gz
HTAR: a   DC2_ImSim/Run2.1i/instCat/01476730to01545218/01498186.tar.gz
HTAR: a   DC2_ImSim/Run2.1i/instCat/01476730to01545218/01498187.tar.gz
HTAR: a   DC2_ImSim/Run2.1i/instCat/01476730to01545218/01498188.tar.gz
HTAR: a   DC2_ImSim/Run2.1i/instCat/01476730to01545218/01498189.tar.gz
HTAR: a   DC2_ImSim/Run2.1i/instCat/01476730to01545218/01498193.tar.gz
HTAR: a   DC2_ImSim/Run2.1i/instCat/01476730to01545218/01498385.tar.gz
HTAR: a   DC2_ImSim/Run2.1i/instCat/01476730to01545218/01498846.tar.gz
HTAR: a   DC2_ImSim/Run2.1i/instCat/01476730to01545218/01498884.tar.gz
HTAR: a   DC2_ImSim/Run2.1i/instCat/01476730to01545218/01498905.tar.gz
HTAR: a   DC2_ImSim/Run2.1i/instCat/01476730to01545218/01498919.tar.gz
HTAR: a   DC2_ImSim/Run2.1i/instCat/01476730to01545218/01498935.tar.gz
HTAR: a   DC2_ImSim/Run2.1i/instCat/01476730to01545218/01498948.tar.gz
HTAR: a   DC2_ImSim/Run2.1i/instCat/01476730to01545218/01498949.tar.gz
HTAR: a   DC2_ImSim/Run2.1i/instCat/01476730to01545218/01498982.tar.gz
HTAR: a   DC2_ImSim/Run2.1i/instCat/01476730to01545218/01498985.tar.gz
HTAR: a   DC2_ImSim/Run2.1i/instCat/01476730to01545218/01498986.tar.gz
HTAR: a   DC2_ImSim/Run2.1i/instCat/01476730to01545218/01498987.tar.gz
HTAR: a   DC2_ImSim/Run2.1i/instCat/01476730to01545218/01498988.tar.gz
HTAR: a   DC2_ImSim/Run2.1i/instCat/01476730to01545218/01499011.tar.gz
HTAR: a   DC2_ImSim/Run2.1i/instCat/01476730to01545218/01499012.tar.gz
HTAR: a   DC2_ImSim/Run2.1i/instCat/01476730to01545218/01499013.tar.gz
HTAR: a   DC2_ImSim/Run2.1i/instCat/01476730to01545218/01499014.tar.gz
HTAR: a   DC2_ImSim/Run2.1i/instCat/01476730to01545218/01499015.tar.gz
HTAR: a   DC2_ImSim/Run2.1i/instCat/01476730to01545218/01499016.tar.gz
HTAR: a   DC2_ImSim/Run2.1i/instCat/01476730to01545218/01499017.tar.gz
HTAR: a   DC2_ImSim/Run2.1i/instCat/01476730to01545218/01499018.tar.gz
HTAR: a   DC2_ImSim/Run2.1i/instCat/01476730to01545218/01499019.tar.gz
HTAR: a   DC2_ImSim/Run2.1i/instCat/01476730to01545218/01499020.tar.gz
HTAR: a   DC2_ImSim/Run2.1i/instCat/01476730to01545218/01499021.tar.gz
HTAR: a   DC2_ImSim/Run2.1i/instCat/01476730to01545218/01499023.tar.gz
HTAR: a   DC2_ImSim/Run2.1i/instCat/01476730to01545218/01499024.tar.gz
HTAR: a   DC2_ImSim/Run2.1i/instCat/01476730to01545218/01499059.tar.gz
HTAR: a   DC2_ImSim/Run2.1i/instCat/01476730to01545218/01499060.tar.gz
HTAR: a   DC2_ImSim/Run2.1i/instCat/01476730to01545218/01499061.tar.gz
HTAR: a   DC2_ImSim/Run2.1i/instCat/01476730to01545218/01499555.tar.gz
HTAR: a   DC2_ImSim/Run2.1i/instCat/01476730to01545218/01499578.tar.gz
HTAR: a   DC2_ImSim/Run2.1i/instCat/01476730to01545218/01499579.tar.gz
HTAR: a   DC2_ImSim/Run2.1i/instCat/01476730to01545218/01499580.tar.gz
HTAR: a   DC2_ImSim/Run2.1i/instCat/01476730to01545218/01499581.tar.gz
HTAR: a   DC2_ImSim/Run2.1i/instCat/01476730to01545218/01499582.tar.gz
HTAR: a   DC2_ImSim/Run2.1i/instCat/01476730to01545218/01499583.tar.gz
HTAR: a   DC2_ImSim/Run2.1i/instCat/01476730to01545218/01499584.tar.gz
HTAR: a   DC2_ImSim/Run2.1i/instCat/01476730to01545218/01499585.tar.gz
HTAR: a   DC2_ImSim/Run2.1i/instCat/01476730to01545218/01499586.tar.gz
HTAR: a   DC2_ImSim/Run2.1i/instCat/01476730to01545218/01499587.tar.gz
HTAR: a   DC2_ImSim/Run2.1i/instCat/01476730to01545218/01499663.tar.gz
HTAR: a   DC2_ImSim/Run2.1i/instCat/01476730to01545218/01499664.tar.gz
HTAR: a   DC2_ImSim/Run2.1i/instCat/01476730to01545218/01499669.tar.gz
HTAR: a   DC2_ImSim/Run2.1i/instCat/01476730to01545218/01499670.tar.gz
HTAR: a   DC2_ImSim/Run2.1i/instCat/01476730to01545218/01499673.tar.gz
HTAR: a   DC2_ImSim/Run2.1i/instCat/01476730to01545218/01499674.tar.gz
HTAR: a   DC2_ImSim/Run2.1i/instCat/01476730to01545218/01499681.tar.gz
HTAR: a   DC2_ImSim/Run2.1i/instCat/01476730to01545218/01499682.tar.gz
HTAR: a   DC2_ImSim/Run2.1i/instCat/01476730to01545218/01499691.tar.gz
HTAR: a   DC2_ImSim/Run2.1i/instCat/01476730to01545218/01499692.tar.gz
HTAR: a   DC2_ImSim/Run2.1i/instCat/01476730to01545218/01499693.tar.gz
HTAR: a   DC2_ImSim/Run2.1i/instCat/01476730to01545218/01499697.tar.gz
HTAR: a   DC2_ImSim/Run2.1i/instCat/01476730to01545218/01499698.tar.gz
HTAR: a   DC2_ImSim/Run2.1i/instCat/01476730to01545218/01499699.tar.gz
HTAR: a   DC2_ImSim/Run2.1i/instCat/01476730to01545218/01499700.tar.gz
HTAR: a   DC2_ImSim/Run2.1i/instCat/01476730to01545218/01499701.tar.gz
HTAR: a   DC2_ImSim/Run2.1i/instCat/01476730to01545218/01499702.tar.gz
HTAR: a   DC2_ImSim/Run2.1i/instCat/01476730to01545218/01499708.tar.gz
HTAR: a   DC2_ImSim/Run2.1i/instCat/01476730to01545218/01499709.tar.gz
HTAR: a   DC2_ImSim/Run2.1i/instCat/01476730to01545218/01500315.tar.gz
HTAR: a   DC2_ImSim/Run2.1i/instCat/01476730to01545218/01500316.tar.gz
HTAR: a   DC2_ImSim/Run2.1i/instCat/01476730to01545218/01500318.tar.gz
HTAR: a   DC2_ImSim/Run2.1i/instCat/01476730to01545218/01500320.tar.gz
HTAR: a   DC2_ImSim/Run2.1i/instCat/01476730to01545218/01500326.tar.gz
HTAR: a   DC2_ImSim/Run2.1i/instCat/01476730to01545218/01500580.tar.gz
HTAR: a   DC2_ImSim/Run2.1i/instCat/01476730to01545218/01500581.tar.gz
HTAR: a   DC2_ImSim/Run2.1i/instCat/01476730to01545218/01501053.tar.gz
HTAR: a   DC2_ImSim/Run2.1i/instCat/01476730to01545218/01501054.tar.gz
HTAR: a   DC2_ImSim/Run2.1i/instCat/01476730to01545218/01501055.tar.gz
HTAR: a   DC2_ImSim/Run2.1i/instCat/01476730to01545218/01501060.tar.gz
HTAR: a   DC2_ImSim/Run2.1i/instCat/01476730to01545218/01501115.tar.gz
HTAR: a   DC2_ImSim/Run2.1i/instCat/01476730to01545218/01501153.tar.gz
HTAR: a   DC2_ImSim/Run2.1i/instCat/01476730to01545218/01501154.tar.gz
HTAR: a   DC2_ImSim/Run2.1i/instCat/01476730to01545218/01501183.tar.gz
HTAR: a   DC2_ImSim/Run2.1i/instCat/01476730to01545218/01501184.tar.gz
HTAR: a   DC2_ImSim/Run2.1i/instCat/01476730to01545218/01501186.tar.gz
HTAR: a   DC2_ImSim/Run2.1i/instCat/01476730to01545218/01501187.tar.gz
HTAR: a   DC2_ImSim/Run2.1i/instCat/01476730to01545218/01501188.tar.gz
HTAR: a   DC2_ImSim/Run2.1i/instCat/01476730to01545218/01501189.tar.gz
HTAR: a   DC2_ImSim/Run2.1i/instCat/01476730to01545218/01501202.tar.gz
HTAR: a   DC2_ImSim/Run2.1i/instCat/01476730to01545218/01501203.tar.gz
HTAR: a   /tmp/HTAR_CF_CHK_46590_1562347318
HTAR Create complete for /home/projects/desc/DC2_ImSim/Run2.1i/instCat/01476730to01545218/01495414to01501203.tar. 498,819,220,480 bytes written for 114 member files, max threads: 3 Transfer time: 2933.209 seconds (170.059 MB/s) wallclock/user/sys: 2934.802 3449.968 1568.672 seconds
HTAR: HTAR SUCCESSFUL
