HTAR: a   DC2_ImSim/Run2.1i/instCat/01476730to01545218/01501204.tar.gz
HTAR: a   DC2_ImSim/Run2.1i/instCat/01476730to01545218/01501205.tar.gz
HTAR: a   DC2_ImSim/Run2.1i/instCat/01476730to01545218/01501238.tar.gz
HTAR: a   DC2_ImSim/Run2.1i/instCat/01476730to01545218/01501239.tar.gz
HTAR: a   DC2_ImSim/Run2.1i/instCat/01476730to01545218/01501240.tar.gz
HTAR: a   DC2_ImSim/Run2.1i/instCat/01476730to01545218/01501241.tar.gz
HTAR: a   DC2_ImSim/Run2.1i/instCat/01476730to01545218/01501242.tar.gz
HTAR: a   DC2_ImSim/Run2.1i/instCat/01476730to01545218/01501243.tar.gz
HTAR: a   DC2_ImSim/Run2.1i/instCat/01476730to01545218/01502504.tar.gz
HTAR: a   DC2_ImSim/Run2.1i/instCat/01476730to01545218/01502554.tar.gz
HTAR: a   DC2_ImSim/Run2.1i/instCat/01476730to01545218/01502555.tar.gz
HTAR: a   DC2_ImSim/Run2.1i/instCat/01476730to01545218/01502556.tar.gz
HTAR: a   DC2_ImSim/Run2.1i/instCat/01476730to01545218/01502559.tar.gz
HTAR: a   DC2_ImSim/Run2.1i/instCat/01476730to01545218/01502562.tar.gz
HTAR: a   DC2_ImSim/Run2.1i/instCat/01476730to01545218/01502564.tar.gz
HTAR: a   DC2_ImSim/Run2.1i/instCat/01476730to01545218/01502584.tar.gz
HTAR: a   DC2_ImSim/Run2.1i/instCat/01476730to01545218/01502585.tar.gz
HTAR: a   DC2_ImSim/Run2.1i/instCat/01476730to01545218/01502589.tar.gz
HTAR: a   DC2_ImSim/Run2.1i/instCat/01476730to01545218/01502593.tar.gz
HTAR: a   DC2_ImSim/Run2.1i/instCat/01476730to01545218/01502595.tar.gz
HTAR: a   DC2_ImSim/Run2.1i/instCat/01476730to01545218/01502615.tar.gz
HTAR: a   DC2_ImSim/Run2.1i/instCat/01476730to01545218/01502616.tar.gz
HTAR: a   DC2_ImSim/Run2.1i/instCat/01476730to01545218/01502617.tar.gz
HTAR: a   DC2_ImSim/Run2.1i/instCat/01476730to01545218/01502648.tar.gz
HTAR: a   DC2_ImSim/Run2.1i/instCat/01476730to01545218/01503359.tar.gz
HTAR: a   DC2_ImSim/Run2.1i/instCat/01476730to01545218/01503362.tar.gz
HTAR: a   DC2_ImSim/Run2.1i/instCat/01476730to01545218/01503367.tar.gz
HTAR: a   DC2_ImSim/Run2.1i/instCat/01476730to01545218/01503368.tar.gz
HTAR: a   DC2_ImSim/Run2.1i/instCat/01476730to01545218/01503369.tar.gz
HTAR: a   DC2_ImSim/Run2.1i/instCat/01476730to01545218/01503370.tar.gz
HTAR: a   DC2_ImSim/Run2.1i/instCat/01476730to01545218/01503371.tar.gz
HTAR: a   DC2_ImSim/Run2.1i/instCat/01476730to01545218/01503372.tar.gz
HTAR: a   DC2_ImSim/Run2.1i/instCat/01476730to01545218/01503373.tar.gz
HTAR: a   DC2_ImSim/Run2.1i/instCat/01476730to01545218/01503374.tar.gz
HTAR: a   DC2_ImSim/Run2.1i/instCat/01476730to01545218/01503375.tar.gz
HTAR: a   DC2_ImSim/Run2.1i/instCat/01476730to01545218/01503376.tar.gz
HTAR: a   DC2_ImSim/Run2.1i/instCat/01476730to01545218/01503386.tar.gz
HTAR: a   DC2_ImSim/Run2.1i/instCat/01476730to01545218/01503387.tar.gz
HTAR: a   DC2_ImSim/Run2.1i/instCat/01476730to01545218/01503388.tar.gz
HTAR: a   DC2_ImSim/Run2.1i/instCat/01476730to01545218/01503389.tar.gz
HTAR: a   DC2_ImSim/Run2.1i/instCat/01476730to01545218/01503390.tar.gz
HTAR: a   DC2_ImSim/Run2.1i/instCat/01476730to01545218/01503443.tar.gz
HTAR: a   DC2_ImSim/Run2.1i/instCat/01476730to01545218/01503471.tar.gz
HTAR: a   DC2_ImSim/Run2.1i/instCat/01476730to01545218/01503478.tar.gz
HTAR: a   DC2_ImSim/Run2.1i/instCat/01476730to01545218/01503479.tar.gz
HTAR: a   DC2_ImSim/Run2.1i/instCat/01476730to01545218/01503480.tar.gz
HTAR: a   DC2_ImSim/Run2.1i/instCat/01476730to01545218/01503481.tar.gz
HTAR: a   DC2_ImSim/Run2.1i/instCat/01476730to01545218/01503482.tar.gz
HTAR: a   DC2_ImSim/Run2.1i/instCat/01476730to01545218/01503483.tar.gz
HTAR: a   DC2_ImSim/Run2.1i/instCat/01476730to01545218/01503484.tar.gz
HTAR: a   DC2_ImSim/Run2.1i/instCat/01476730to01545218/01503485.tar.gz
HTAR: a   DC2_ImSim/Run2.1i/instCat/01476730to01545218/01503486.tar.gz
HTAR: a   DC2_ImSim/Run2.1i/instCat/01476730to01545218/01503487.tar.gz
HTAR: a   DC2_ImSim/Run2.1i/instCat/01476730to01545218/01503488.tar.gz
HTAR: a   DC2_ImSim/Run2.1i/instCat/01476730to01545218/01503489.tar.gz
HTAR: a   DC2_ImSim/Run2.1i/instCat/01476730to01545218/01503490.tar.gz
HTAR: a   DC2_ImSim/Run2.1i/instCat/01476730to01545218/01503491.tar.gz
HTAR: a   DC2_ImSim/Run2.1i/instCat/01476730to01545218/01504149.tar.gz
HTAR: a   DC2_ImSim/Run2.1i/instCat/01476730to01545218/01504150.tar.gz
HTAR: a   DC2_ImSim/Run2.1i/instCat/01476730to01545218/01504151.tar.gz
HTAR: a   DC2_ImSim/Run2.1i/instCat/01476730to01545218/01504152.tar.gz
HTAR: a   DC2_ImSim/Run2.1i/instCat/01476730to01545218/01504153.tar.gz
HTAR: a   DC2_ImSim/Run2.1i/instCat/01476730to01545218/01504154.tar.gz
HTAR: a   DC2_ImSim/Run2.1i/instCat/01476730to01545218/01504155.tar.gz
HTAR: a   DC2_ImSim/Run2.1i/instCat/01476730to01545218/01504167.tar.gz
HTAR: a   DC2_ImSim/Run2.1i/instCat/01476730to01545218/01504168.tar.gz
HTAR: a   DC2_ImSim/Run2.1i/instCat/01476730to01545218/01504169.tar.gz
HTAR: a   DC2_ImSim/Run2.1i/instCat/01476730to01545218/01504170.tar.gz
HTAR: a   DC2_ImSim/Run2.1i/instCat/01476730to01545218/01504171.tar.gz
HTAR: a   DC2_ImSim/Run2.1i/instCat/01476730to01545218/01504175.tar.gz
HTAR: a   DC2_ImSim/Run2.1i/instCat/01476730to01545218/01504183.tar.gz
HTAR: a   DC2_ImSim/Run2.1i/instCat/01476730to01545218/01504184.tar.gz
HTAR: a   DC2_ImSim/Run2.1i/instCat/01476730to01545218/01504185.tar.gz
HTAR: a   DC2_ImSim/Run2.1i/instCat/01476730to01545218/01504186.tar.gz
HTAR: a   DC2_ImSim/Run2.1i/instCat/01476730to01545218/01504187.tar.gz
HTAR: a   DC2_ImSim/Run2.1i/instCat/01476730to01545218/01504188.tar.gz
HTAR: a   DC2_ImSim/Run2.1i/instCat/01476730to01545218/01504189.tar.gz
HTAR: a   DC2_ImSim/Run2.1i/instCat/01476730to01545218/01504190.tar.gz
HTAR: a   DC2_ImSim/Run2.1i/instCat/01476730to01545218/01504201.tar.gz
HTAR: a   DC2_ImSim/Run2.1i/instCat/01476730to01545218/01504202.tar.gz
HTAR: a   DC2_ImSim/Run2.1i/instCat/01476730to01545218/01504203.tar.gz
HTAR: a   DC2_ImSim/Run2.1i/instCat/01476730to01545218/01504204.tar.gz
HTAR: a   DC2_ImSim/Run2.1i/instCat/01476730to01545218/01504205.tar.gz
HTAR: a   DC2_ImSim/Run2.1i/instCat/01476730to01545218/01504207.tar.gz
HTAR: a   DC2_ImSim/Run2.1i/instCat/01476730to01545218/01504208.tar.gz
HTAR: a   DC2_ImSim/Run2.1i/instCat/01476730to01545218/01504209.tar.gz
HTAR: a   DC2_ImSim/Run2.1i/instCat/01476730to01545218/01504212.tar.gz
HTAR: a   DC2_ImSim/Run2.1i/instCat/01476730to01545218/01504213.tar.gz
HTAR: a   DC2_ImSim/Run2.1i/instCat/01476730to01545218/01504214.tar.gz
HTAR: a   DC2_ImSim/Run2.1i/instCat/01476730to01545218/01504216.tar.gz
HTAR: a   DC2_ImSim/Run2.1i/instCat/01476730to01545218/01504264.tar.gz
HTAR: a   DC2_ImSim/Run2.1i/instCat/01476730to01545218/01504265.tar.gz
HTAR: a   DC2_ImSim/Run2.1i/instCat/01476730to01545218/01504266.tar.gz
HTAR: a   DC2_ImSim/Run2.1i/instCat/01476730to01545218/01504268.tar.gz
HTAR: a   DC2_ImSim/Run2.1i/instCat/01476730to01545218/01504309.tar.gz
HTAR: a   DC2_ImSim/Run2.1i/instCat/01476730to01545218/01505628.tar.gz
HTAR: a   DC2_ImSim/Run2.1i/instCat/01476730to01545218/01505629.tar.gz
HTAR: a   DC2_ImSim/Run2.1i/instCat/01476730to01545218/01505630.tar.gz
HTAR: a   DC2_ImSim/Run2.1i/instCat/01476730to01545218/01505660.tar.gz
HTAR: a   DC2_ImSim/Run2.1i/instCat/01476730to01545218/01505661.tar.gz
HTAR: a   DC2_ImSim/Run2.1i/instCat/01476730to01545218/01505662.tar.gz
HTAR: a   DC2_ImSim/Run2.1i/instCat/01476730to01545218/01505663.tar.gz
HTAR: a   DC2_ImSim/Run2.1i/instCat/01476730to01545218/01505664.tar.gz
HTAR: a   DC2_ImSim/Run2.1i/instCat/01476730to01545218/01505665.tar.gz
HTAR: a   DC2_ImSim/Run2.1i/instCat/01476730to01545218/01505666.tar.gz
HTAR: a   DC2_ImSim/Run2.1i/instCat/01476730to01545218/01505718.tar.gz
HTAR: a   DC2_ImSim/Run2.1i/instCat/01476730to01545218/01505719.tar.gz
HTAR: a   DC2_ImSim/Run2.1i/instCat/01476730to01545218/01505720.tar.gz
HTAR: a   DC2_ImSim/Run2.1i/instCat/01476730to01545218/01505721.tar.gz
HTAR: a   DC2_ImSim/Run2.1i/instCat/01476730to01545218/01505737.tar.gz
HTAR: a   DC2_ImSim/Run2.1i/instCat/01476730to01545218/01505743.tar.gz
HTAR: a   DC2_ImSim/Run2.1i/instCat/01476730to01545218/01505744.tar.gz
HTAR: a   DC2_ImSim/Run2.1i/instCat/01476730to01545218/01505745.tar.gz
HTAR: a   DC2_ImSim/Run2.1i/instCat/01476730to01545218/01505748.tar.gz
HTAR: a   /tmp/HTAR_CF_CHK_62753_1562329578
HTAR Create complete for /home/projects/desc/DC2_ImSim/Run2.1i/instCat/01476730to01545218/01501204to01505748.tar. 504,258,342,400 bytes written for 114 member files, max threads: 2 Transfer time: 2695.172 seconds (187.097 MB/s) wallclock/user/sys: 2695.712 3192.891 1399.069 seconds
HTAR: HTAR SUCCESSFUL
HTAR: a   DC2_ImSim/Run2.1i/instCat/01476730to01545218/01505750.tar.gz
HTAR: a   DC2_ImSim/Run2.1i/instCat/01476730to01545218/01505751.tar.gz
HTAR: a   DC2_ImSim/Run2.1i/instCat/01476730to01545218/01505752.tar.gz
HTAR: a   DC2_ImSim/Run2.1i/instCat/01476730to01545218/01505756.tar.gz
HTAR: a   DC2_ImSim/Run2.1i/instCat/01476730to01545218/01505757.tar.gz
HTAR: a   DC2_ImSim/Run2.1i/instCat/01476730to01545218/01505758.tar.gz
HTAR: a   DC2_ImSim/Run2.1i/instCat/01476730to01545218/01505759.tar.gz
HTAR: a   DC2_ImSim/Run2.1i/instCat/01476730to01545218/01505760.tar.gz
HTAR: a   DC2_ImSim/Run2.1i/instCat/01476730to01545218/01505761.tar.gz
HTAR: a   DC2_ImSim/Run2.1i/instCat/01476730to01545218/01505771.tar.gz
HTAR: a   DC2_ImSim/Run2.1i/instCat/01476730to01545218/01505772.tar.gz
HTAR: a   DC2_ImSim/Run2.1i/instCat/01476730to01545218/01505776.tar.gz
HTAR: a   DC2_ImSim/Run2.1i/instCat/01476730to01545218/01505777.tar.gz
HTAR: a   DC2_ImSim/Run2.1i/instCat/01476730to01545218/01505778.tar.gz
HTAR: a   DC2_ImSim/Run2.1i/instCat/01476730to01545218/01505779.tar.gz
HTAR: a   DC2_ImSim/Run2.1i/instCat/01476730to01545218/01505780.tar.gz
HTAR: a   DC2_ImSim/Run2.1i/instCat/01476730to01545218/01505781.tar.gz
HTAR: a   DC2_ImSim/Run2.1i/instCat/01476730to01545218/01505782.tar.gz
HTAR: a   DC2_ImSim/Run2.1i/instCat/01476730to01545218/01505783.tar.gz
HTAR: a   DC2_ImSim/Run2.1i/instCat/01476730to01545218/01505784.tar.gz
HTAR: a   DC2_ImSim/Run2.1i/instCat/01476730to01545218/01505785.tar.gz
HTAR: a   DC2_ImSim/Run2.1i/instCat/01476730to01545218/01505786.tar.gz
HTAR: a   DC2_ImSim/Run2.1i/instCat/01476730to01545218/01505787.tar.gz
HTAR: a   DC2_ImSim/Run2.1i/instCat/01476730to01545218/01505789.tar.gz
HTAR: a   DC2_ImSim/Run2.1i/instCat/01476730to01545218/01505790.tar.gz
HTAR: a   DC2_ImSim/Run2.1i/instCat/01476730to01545218/01505791.tar.gz
HTAR: a   DC2_ImSim/Run2.1i/instCat/01476730to01545218/01505801.tar.gz
HTAR: a   DC2_ImSim/Run2.1i/instCat/01476730to01545218/01505802.tar.gz
HTAR: a   DC2_ImSim/Run2.1i/instCat/01476730to01545218/01505803.tar.gz
HTAR: a   DC2_ImSim/Run2.1i/instCat/01476730to01545218/01505806.tar.gz
HTAR: a   DC2_ImSim/Run2.1i/instCat/01476730to01545218/01505809.tar.gz
HTAR: a   DC2_ImSim/Run2.1i/instCat/01476730to01545218/01505810.tar.gz
HTAR: a   DC2_ImSim/Run2.1i/instCat/01476730to01545218/01505811.tar.gz
HTAR: a   DC2_ImSim/Run2.1i/instCat/01476730to01545218/01505812.tar.gz
HTAR: a   DC2_ImSim/Run2.1i/instCat/01476730to01545218/01505813.tar.gz
HTAR: a   DC2_ImSim/Run2.1i/instCat/01476730to01545218/01505814.tar.gz
HTAR: a   DC2_ImSim/Run2.1i/instCat/01476730to01545218/01505815.tar.gz
HTAR: a   DC2_ImSim/Run2.1i/instCat/01476730to01545218/01505816.tar.gz
HTAR: a   DC2_ImSim/Run2.1i/instCat/01476730to01545218/01505817.tar.gz
HTAR: a   DC2_ImSim/Run2.1i/instCat/01476730to01545218/01505834.tar.gz
HTAR: a   DC2_ImSim/Run2.1i/instCat/01476730to01545218/01505835.tar.gz
HTAR: a   DC2_ImSim/Run2.1i/instCat/01476730to01545218/01505836.tar.gz
HTAR: a   DC2_ImSim/Run2.1i/instCat/01476730to01545218/01505837.tar.gz
HTAR: a   DC2_ImSim/Run2.1i/instCat/01476730to01545218/01505838.tar.gz
HTAR: a   DC2_ImSim/Run2.1i/instCat/01476730to01545218/01505839.tar.gz
HTAR: a   DC2_ImSim/Run2.1i/instCat/01476730to01545218/01505840.tar.gz
HTAR: a   DC2_ImSim/Run2.1i/instCat/01476730to01545218/01505845.tar.gz
HTAR: a   DC2_ImSim/Run2.1i/instCat/01476730to01545218/01505846.tar.gz
HTAR: a   DC2_ImSim/Run2.1i/instCat/01476730to01545218/01505847.tar.gz
HTAR: a   DC2_ImSim/Run2.1i/instCat/01476730to01545218/01505848.tar.gz
HTAR: a   DC2_ImSim/Run2.1i/instCat/01476730to01545218/01505865.tar.gz
HTAR: a   DC2_ImSim/Run2.1i/instCat/01476730to01545218/01505866.tar.gz
HTAR: a   DC2_ImSim/Run2.1i/instCat/01476730to01545218/01505867.tar.gz
HTAR: a   DC2_ImSim/Run2.1i/instCat/01476730to01545218/01505868.tar.gz
HTAR: a   DC2_ImSim/Run2.1i/instCat/01476730to01545218/01505870.tar.gz
HTAR: a   DC2_ImSim/Run2.1i/instCat/01476730to01545218/01506516.tar.gz
HTAR: a   DC2_ImSim/Run2.1i/instCat/01476730to01545218/01506549.tar.gz
HTAR: a   DC2_ImSim/Run2.1i/instCat/01476730to01545218/01506558.tar.gz
HTAR: a   DC2_ImSim/Run2.1i/instCat/01476730to01545218/01506590.tar.gz
HTAR: a   DC2_ImSim/Run2.1i/instCat/01476730to01545218/01506591.tar.gz
HTAR: a   DC2_ImSim/Run2.1i/instCat/01476730to01545218/01506592.tar.gz
HTAR: a   DC2_ImSim/Run2.1i/instCat/01476730to01545218/01506593.tar.gz
HTAR: a   DC2_ImSim/Run2.1i/instCat/01476730to01545218/01506594.tar.gz
HTAR: a   DC2_ImSim/Run2.1i/instCat/01476730to01545218/01506595.tar.gz
HTAR: a   DC2_ImSim/Run2.1i/instCat/01476730to01545218/01506640.tar.gz
HTAR: a   DC2_ImSim/Run2.1i/instCat/01476730to01545218/01506641.tar.gz
HTAR: a   DC2_ImSim/Run2.1i/instCat/01476730to01545218/01506642.tar.gz
HTAR: a   DC2_ImSim/Run2.1i/instCat/01476730to01545218/01506643.tar.gz
HTAR: a   DC2_ImSim/Run2.1i/instCat/01476730to01545218/01506644.tar.gz
HTAR: a   DC2_ImSim/Run2.1i/instCat/01476730to01545218/01506684.tar.gz
HTAR: a   DC2_ImSim/Run2.1i/instCat/01476730to01545218/01507233.tar.gz
HTAR: a   DC2_ImSim/Run2.1i/instCat/01476730to01545218/01507235.tar.gz
HTAR: a   DC2_ImSim/Run2.1i/instCat/01476730to01545218/01507236.tar.gz
HTAR: a   DC2_ImSim/Run2.1i/instCat/01476730to01545218/01507254.tar.gz
HTAR: a   DC2_ImSim/Run2.1i/instCat/01476730to01545218/01507300.tar.gz
HTAR: a   DC2_ImSim/Run2.1i/instCat/01476730to01545218/01507306.tar.gz
HTAR: a   DC2_ImSim/Run2.1i/instCat/01476730to01545218/01507307.tar.gz
HTAR: a   DC2_ImSim/Run2.1i/instCat/01476730to01545218/01507308.tar.gz
HTAR: a   DC2_ImSim/Run2.1i/instCat/01476730to01545218/01507309.tar.gz
HTAR: a   DC2_ImSim/Run2.1i/instCat/01476730to01545218/01507310.tar.gz
HTAR: a   DC2_ImSim/Run2.1i/instCat/01476730to01545218/01508096.tar.gz
HTAR: a   DC2_ImSim/Run2.1i/instCat/01476730to01545218/01508097.tar.gz
HTAR: a   DC2_ImSim/Run2.1i/instCat/01476730to01545218/01508098.tar.gz
HTAR: a   DC2_ImSim/Run2.1i/instCat/01476730to01545218/01508105.tar.gz
HTAR: a   DC2_ImSim/Run2.1i/instCat/01476730to01545218/01508106.tar.gz
HTAR: a   DC2_ImSim/Run2.1i/instCat/01476730to01545218/01508107.tar.gz
HTAR: a   DC2_ImSim/Run2.1i/instCat/01476730to01545218/01508108.tar.gz
HTAR: a   DC2_ImSim/Run2.1i/instCat/01476730to01545218/01508109.tar.gz
HTAR: a   DC2_ImSim/Run2.1i/instCat/01476730to01545218/01508110.tar.gz
HTAR: a   DC2_ImSim/Run2.1i/instCat/01476730to01545218/01508111.tar.gz
HTAR: a   DC2_ImSim/Run2.1i/instCat/01476730to01545218/01508137.tar.gz
HTAR: a   DC2_ImSim/Run2.1i/instCat/01476730to01545218/01508138.tar.gz
HTAR: a   DC2_ImSim/Run2.1i/instCat/01476730to01545218/01508145.tar.gz
HTAR: a   DC2_ImSim/Run2.1i/instCat/01476730to01545218/01508146.tar.gz
HTAR: a   DC2_ImSim/Run2.1i/instCat/01476730to01545218/01508147.tar.gz
HTAR: a   DC2_ImSim/Run2.1i/instCat/01476730to01545218/01508148.tar.gz
HTAR: a   DC2_ImSim/Run2.1i/instCat/01476730to01545218/01508149.tar.gz
HTAR: a   DC2_ImSim/Run2.1i/instCat/01476730to01545218/01508152.tar.gz
HTAR: a   DC2_ImSim/Run2.1i/instCat/01476730to01545218/01508848.tar.gz
HTAR: a   DC2_ImSim/Run2.1i/instCat/01476730to01545218/01508868.tar.gz
HTAR: a   DC2_ImSim/Run2.1i/instCat/01476730to01545218/01509741.tar.gz
HTAR: a   DC2_ImSim/Run2.1i/instCat/01476730to01545218/01509742.tar.gz
HTAR: a   DC2_ImSim/Run2.1i/instCat/01476730to01545218/01509743.tar.gz
HTAR: a   DC2_ImSim/Run2.1i/instCat/01476730to01545218/01509746.tar.gz
HTAR: a   DC2_ImSim/Run2.1i/instCat/01476730to01545218/01509747.tar.gz
HTAR: a   DC2_ImSim/Run2.1i/instCat/01476730to01545218/01509748.tar.gz
HTAR: a   DC2_ImSim/Run2.1i/instCat/01476730to01545218/01509749.tar.gz
HTAR: a   DC2_ImSim/Run2.1i/instCat/01476730to01545218/01509750.tar.gz
HTAR: a   DC2_ImSim/Run2.1i/instCat/01476730to01545218/01509751.tar.gz
HTAR: a   DC2_ImSim/Run2.1i/instCat/01476730to01545218/01509752.tar.gz
HTAR: a   DC2_ImSim/Run2.1i/instCat/01476730to01545218/01509753.tar.gz
HTAR: a   DC2_ImSim/Run2.1i/instCat/01476730to01545218/01509754.tar.gz
HTAR: a   DC2_ImSim/Run2.1i/instCat/01476730to01545218/01509755.tar.gz
HTAR: a   DC2_ImSim/Run2.1i/instCat/01476730to01545218/01509758.tar.gz
HTAR: a   /tmp/HTAR_CF_CHK_56655_1562332279
HTAR Create complete for /home/projects/desc/DC2_ImSim/Run2.1i/instCat/01476730to01545218/01505750to01509758.tar. 506,172,994,048 bytes written for 114 member files, max threads: 2 Transfer time: 2685.208 seconds (188.504 MB/s) wallclock/user/sys: 2688.113 3185.962 1386.124 seconds
HTAR: HTAR SUCCESSFUL
HTAR: a   DC2_ImSim/Run2.1i/instCat/01476730to01545218/01509759.tar.gz
HTAR: a   DC2_ImSim/Run2.1i/instCat/01476730to01545218/01509760.tar.gz
HTAR: a   DC2_ImSim/Run2.1i/instCat/01476730to01545218/01509761.tar.gz
HTAR: a   DC2_ImSim/Run2.1i/instCat/01476730to01545218/01509762.tar.gz
HTAR: a   DC2_ImSim/Run2.1i/instCat/01476730to01545218/01509763.tar.gz
HTAR: a   DC2_ImSim/Run2.1i/instCat/01476730to01545218/01509764.tar.gz
HTAR: a   DC2_ImSim/Run2.1i/instCat/01476730to01545218/01509765.tar.gz
HTAR: a   DC2_ImSim/Run2.1i/instCat/01476730to01545218/01509783.tar.gz
HTAR: a   DC2_ImSim/Run2.1i/instCat/01476730to01545218/01509784.tar.gz
HTAR: a   DC2_ImSim/Run2.1i/instCat/01476730to01545218/01509785.tar.gz
HTAR: a   DC2_ImSim/Run2.1i/instCat/01476730to01545218/01509786.tar.gz
HTAR: a   DC2_ImSim/Run2.1i/instCat/01476730to01545218/01509787.tar.gz
HTAR: a   DC2_ImSim/Run2.1i/instCat/01476730to01545218/01509788.tar.gz
HTAR: a   DC2_ImSim/Run2.1i/instCat/01476730to01545218/01509794.tar.gz
HTAR: a   DC2_ImSim/Run2.1i/instCat/01476730to01545218/01509795.tar.gz
HTAR: a   DC2_ImSim/Run2.1i/instCat/01476730to01545218/01509796.tar.gz
HTAR: a   DC2_ImSim/Run2.1i/instCat/01476730to01545218/01509797.tar.gz
HTAR: a   DC2_ImSim/Run2.1i/instCat/01476730to01545218/01509798.tar.gz
HTAR: a   DC2_ImSim/Run2.1i/instCat/01476730to01545218/01509799.tar.gz
HTAR: a   DC2_ImSim/Run2.1i/instCat/01476730to01545218/01509800.tar.gz
HTAR: a   DC2_ImSim/Run2.1i/instCat/01476730to01545218/01509801.tar.gz
HTAR: a   DC2_ImSim/Run2.1i/instCat/01476730to01545218/01509802.tar.gz
HTAR: a   DC2_ImSim/Run2.1i/instCat/01476730to01545218/01509803.tar.gz
HTAR: a   DC2_ImSim/Run2.1i/instCat/01476730to01545218/01509804.tar.gz
HTAR: a   DC2_ImSim/Run2.1i/instCat/01476730to01545218/01509805.tar.gz
HTAR: a   DC2_ImSim/Run2.1i/instCat/01476730to01545218/01509806.tar.gz
HTAR: a   DC2_ImSim/Run2.1i/instCat/01476730to01545218/01509807.tar.gz
HTAR: a   DC2_ImSim/Run2.1i/instCat/01476730to01545218/01509808.tar.gz
HTAR: a   DC2_ImSim/Run2.1i/instCat/01476730to01545218/01509809.tar.gz
HTAR: a   DC2_ImSim/Run2.1i/instCat/01476730to01545218/01509830.tar.gz
HTAR: a   DC2_ImSim/Run2.1i/instCat/01476730to01545218/01509831.tar.gz
HTAR: a   DC2_ImSim/Run2.1i/instCat/01476730to01545218/01509832.tar.gz
HTAR: a   DC2_ImSim/Run2.1i/instCat/01476730to01545218/01509833.tar.gz
HTAR: a   DC2_ImSim/Run2.1i/instCat/01476730to01545218/01509834.tar.gz
HTAR: a   DC2_ImSim/Run2.1i/instCat/01476730to01545218/01509835.tar.gz
HTAR: a   DC2_ImSim/Run2.1i/instCat/01476730to01545218/01509836.tar.gz
HTAR: a   DC2_ImSim/Run2.1i/instCat/01476730to01545218/01509837.tar.gz
HTAR: a   DC2_ImSim/Run2.1i/instCat/01476730to01545218/01509838.tar.gz
HTAR: a   DC2_ImSim/Run2.1i/instCat/01476730to01545218/01509841.tar.gz
HTAR: a   DC2_ImSim/Run2.1i/instCat/01476730to01545218/01509880.tar.gz
HTAR: a   DC2_ImSim/Run2.1i/instCat/01476730to01545218/01509881.tar.gz
HTAR: a   DC2_ImSim/Run2.1i/instCat/01476730to01545218/01510421.tar.gz
HTAR: a   DC2_ImSim/Run2.1i/instCat/01476730to01545218/01510449.tar.gz
HTAR: a   DC2_ImSim/Run2.1i/instCat/01476730to01545218/01510489.tar.gz
HTAR: a   DC2_ImSim/Run2.1i/instCat/01476730to01545218/01510493.tar.gz
HTAR: a   DC2_ImSim/Run2.1i/instCat/01476730to01545218/01510494.tar.gz
HTAR: a   DC2_ImSim/Run2.1i/instCat/01476730to01545218/01510495.tar.gz
HTAR: a   DC2_ImSim/Run2.1i/instCat/01476730to01545218/01510513.tar.gz
HTAR: a   DC2_ImSim/Run2.1i/instCat/01476730to01545218/01510514.tar.gz
HTAR: a   DC2_ImSim/Run2.1i/instCat/01476730to01545218/01510519.tar.gz
HTAR: a   DC2_ImSim/Run2.1i/instCat/01476730to01545218/01510520.tar.gz
HTAR: a   DC2_ImSim/Run2.1i/instCat/01476730to01545218/01510536.tar.gz
HTAR: a   DC2_ImSim/Run2.1i/instCat/01476730to01545218/01510537.tar.gz
HTAR: a   DC2_ImSim/Run2.1i/instCat/01476730to01545218/01510538.tar.gz
HTAR: a   DC2_ImSim/Run2.1i/instCat/01476730to01545218/01510540.tar.gz
HTAR: a   DC2_ImSim/Run2.1i/instCat/01476730to01545218/01510541.tar.gz
HTAR: a   DC2_ImSim/Run2.1i/instCat/01476730to01545218/01510542.tar.gz
HTAR: a   DC2_ImSim/Run2.1i/instCat/01476730to01545218/01510567.tar.gz
HTAR: a   DC2_ImSim/Run2.1i/instCat/01476730to01545218/01510568.tar.gz
HTAR: a   DC2_ImSim/Run2.1i/instCat/01476730to01545218/01512906.tar.gz
HTAR: a   DC2_ImSim/Run2.1i/instCat/01476730to01545218/01512907.tar.gz
HTAR: a   DC2_ImSim/Run2.1i/instCat/01476730to01545218/01512908.tar.gz
HTAR: a   DC2_ImSim/Run2.1i/instCat/01476730to01545218/01512910.tar.gz
HTAR: a   DC2_ImSim/Run2.1i/instCat/01476730to01545218/01512954.tar.gz
HTAR: a   DC2_ImSim/Run2.1i/instCat/01476730to01545218/01512955.tar.gz
HTAR: a   DC2_ImSim/Run2.1i/instCat/01476730to01545218/01513564.tar.gz
HTAR: a   DC2_ImSim/Run2.1i/instCat/01476730to01545218/01513567.tar.gz
HTAR: a   DC2_ImSim/Run2.1i/instCat/01476730to01545218/01513568.tar.gz
HTAR: a   DC2_ImSim/Run2.1i/instCat/01476730to01545218/01513569.tar.gz
HTAR: a   DC2_ImSim/Run2.1i/instCat/01476730to01545218/01513571.tar.gz
HTAR: a   DC2_ImSim/Run2.1i/instCat/01476730to01545218/01513615.tar.gz
HTAR: a   DC2_ImSim/Run2.1i/instCat/01476730to01545218/01513620.tar.gz
HTAR: a   DC2_ImSim/Run2.1i/instCat/01476730to01545218/01513621.tar.gz
HTAR: a   DC2_ImSim/Run2.1i/instCat/01476730to01545218/01513622.tar.gz
HTAR: a   DC2_ImSim/Run2.1i/instCat/01476730to01545218/01513623.tar.gz
HTAR: a   DC2_ImSim/Run2.1i/instCat/01476730to01545218/01513720.tar.gz
HTAR: a   DC2_ImSim/Run2.1i/instCat/01476730to01545218/01513721.tar.gz
HTAR: a   DC2_ImSim/Run2.1i/instCat/01476730to01545218/01513722.tar.gz
HTAR: a   DC2_ImSim/Run2.1i/instCat/01476730to01545218/01513723.tar.gz
HTAR: a   DC2_ImSim/Run2.1i/instCat/01476730to01545218/01513724.tar.gz
HTAR: a   DC2_ImSim/Run2.1i/instCat/01476730to01545218/01513725.tar.gz
HTAR: a   DC2_ImSim/Run2.1i/instCat/01476730to01545218/01513726.tar.gz
HTAR: a   DC2_ImSim/Run2.1i/instCat/01476730to01545218/01513727.tar.gz
HTAR: a   DC2_ImSim/Run2.1i/instCat/01476730to01545218/01513728.tar.gz
HTAR: a   DC2_ImSim/Run2.1i/instCat/01476730to01545218/01513729.tar.gz
HTAR: a   DC2_ImSim/Run2.1i/instCat/01476730to01545218/01513730.tar.gz
HTAR: a   DC2_ImSim/Run2.1i/instCat/01476730to01545218/01513731.tar.gz
HTAR: a   DC2_ImSim/Run2.1i/instCat/01476730to01545218/01513732.tar.gz
HTAR: a   DC2_ImSim/Run2.1i/instCat/01476730to01545218/01513733.tar.gz
HTAR: a   DC2_ImSim/Run2.1i/instCat/01476730to01545218/01513734.tar.gz
HTAR: a   DC2_ImSim/Run2.1i/instCat/01476730to01545218/01513735.tar.gz
HTAR: a   DC2_ImSim/Run2.1i/instCat/01476730to01545218/01513736.tar.gz
HTAR: a   DC2_ImSim/Run2.1i/instCat/01476730to01545218/01513737.tar.gz
HTAR: a   DC2_ImSim/Run2.1i/instCat/01476730to01545218/01513738.tar.gz
HTAR: a   DC2_ImSim/Run2.1i/instCat/01476730to01545218/01513739.tar.gz
HTAR: a   DC2_ImSim/Run2.1i/instCat/01476730to01545218/01514479.tar.gz
HTAR: a   DC2_ImSim/Run2.1i/instCat/01476730to01545218/01514486.tar.gz
HTAR: a   DC2_ImSim/Run2.1i/instCat/01476730to01545218/01514491.tar.gz
HTAR: a   DC2_ImSim/Run2.1i/instCat/01476730to01545218/01514492.tar.gz
HTAR: a   DC2_ImSim/Run2.1i/instCat/01476730to01545218/01514493.tar.gz
HTAR: a   DC2_ImSim/Run2.1i/instCat/01476730to01545218/01514494.tar.gz
HTAR: a   DC2_ImSim/Run2.1i/instCat/01476730to01545218/01514495.tar.gz
HTAR: a   DC2_ImSim/Run2.1i/instCat/01476730to01545218/01514497.tar.gz
HTAR: a   DC2_ImSim/Run2.1i/instCat/01476730to01545218/01514498.tar.gz
HTAR: a   DC2_ImSim/Run2.1i/instCat/01476730to01545218/01514499.tar.gz
HTAR: a   DC2_ImSim/Run2.1i/instCat/01476730to01545218/01514500.tar.gz
HTAR: a   DC2_ImSim/Run2.1i/instCat/01476730to01545218/01514501.tar.gz
HTAR: a   DC2_ImSim/Run2.1i/instCat/01476730to01545218/01514502.tar.gz
HTAR: a   DC2_ImSim/Run2.1i/instCat/01476730to01545218/01514503.tar.gz
HTAR: a   DC2_ImSim/Run2.1i/instCat/01476730to01545218/01514504.tar.gz
HTAR: a   DC2_ImSim/Run2.1i/instCat/01476730to01545218/01515321.tar.gz
HTAR: a   DC2_ImSim/Run2.1i/instCat/01476730to01545218/01515322.tar.gz
HTAR: a   DC2_ImSim/Run2.1i/instCat/01476730to01545218/01515323.tar.gz
HTAR: a   DC2_ImSim/Run2.1i/instCat/01476730to01545218/01515324.tar.gz
HTAR: a   /tmp/HTAR_CF_CHK_49952_1562334969
HTAR Create complete for /home/projects/desc/DC2_ImSim/Run2.1i/instCat/01476730to01545218/01509759to01515324.tar. 498,887,169,024 bytes written for 114 member files, max threads: 3 Transfer time: 2696.780 seconds (184.994 MB/s) wallclock/user/sys: 2698.908 3198.998 1390.426 seconds
HTAR: HTAR SUCCESSFUL
HTAR: a   DC2_ImSim/Run2.1i/instCat/01476730to01545218/01515327.tar.gz
HTAR: a   DC2_ImSim/Run2.1i/instCat/01476730to01545218/01515328.tar.gz
HTAR: a   DC2_ImSim/Run2.1i/instCat/01476730to01545218/01515329.tar.gz
HTAR: a   DC2_ImSim/Run2.1i/instCat/01476730to01545218/01515330.tar.gz
HTAR: a   DC2_ImSim/Run2.1i/instCat/01476730to01545218/01515331.tar.gz
HTAR: a   DC2_ImSim/Run2.1i/instCat/01476730to01545218/01515332.tar.gz
HTAR: a   DC2_ImSim/Run2.1i/instCat/01476730to01545218/01515337.tar.gz
HTAR: a   DC2_ImSim/Run2.1i/instCat/01476730to01545218/01515342.tar.gz
HTAR: a   DC2_ImSim/Run2.1i/instCat/01476730to01545218/01515352.tar.gz
HTAR: a   DC2_ImSim/Run2.1i/instCat/01476730to01545218/01515353.tar.gz
HTAR: a   DC2_ImSim/Run2.1i/instCat/01476730to01545218/01515354.tar.gz
HTAR: a   DC2_ImSim/Run2.1i/instCat/01476730to01545218/01515355.tar.gz
HTAR: a   DC2_ImSim/Run2.1i/instCat/01476730to01545218/01515357.tar.gz
HTAR: a   DC2_ImSim/Run2.1i/instCat/01476730to01545218/01515363.tar.gz
HTAR: a   DC2_ImSim/Run2.1i/instCat/01476730to01545218/01515364.tar.gz
HTAR: a   DC2_ImSim/Run2.1i/instCat/01476730to01545218/01515365.tar.gz
HTAR: a   DC2_ImSim/Run2.1i/instCat/01476730to01545218/01515366.tar.gz
HTAR: a   DC2_ImSim/Run2.1i/instCat/01476730to01545218/01515371.tar.gz
HTAR: a   DC2_ImSim/Run2.1i/instCat/01476730to01545218/01515372.tar.gz
HTAR: a   DC2_ImSim/Run2.1i/instCat/01476730to01545218/01515495.tar.gz
HTAR: a   DC2_ImSim/Run2.1i/instCat/01476730to01545218/01515496.tar.gz
HTAR: a   DC2_ImSim/Run2.1i/instCat/01476730to01545218/01515497.tar.gz
HTAR: a   DC2_ImSim/Run2.1i/instCat/01476730to01545218/01515498.tar.gz
HTAR: a   DC2_ImSim/Run2.1i/instCat/01476730to01545218/01516122.tar.gz
HTAR: a   DC2_ImSim/Run2.1i/instCat/01476730to01545218/01516123.tar.gz
HTAR: a   DC2_ImSim/Run2.1i/instCat/01476730to01545218/01516124.tar.gz
HTAR: a   DC2_ImSim/Run2.1i/instCat/01476730to01545218/01516125.tar.gz
HTAR: a   DC2_ImSim/Run2.1i/instCat/01476730to01545218/01516128.tar.gz
HTAR: a   DC2_ImSim/Run2.1i/instCat/01476730to01545218/01516129.tar.gz
HTAR: a   DC2_ImSim/Run2.1i/instCat/01476730to01545218/01516131.tar.gz
HTAR: a   DC2_ImSim/Run2.1i/instCat/01476730to01545218/01516132.tar.gz
HTAR: a   DC2_ImSim/Run2.1i/instCat/01476730to01545218/01516133.tar.gz
HTAR: a   DC2_ImSim/Run2.1i/instCat/01476730to01545218/01516134.tar.gz
HTAR: a   DC2_ImSim/Run2.1i/instCat/01476730to01545218/01516135.tar.gz
HTAR: a   DC2_ImSim/Run2.1i/instCat/01476730to01545218/01516136.tar.gz
HTAR: a   DC2_ImSim/Run2.1i/instCat/01476730to01545218/01516257.tar.gz
HTAR: a   DC2_ImSim/Run2.1i/instCat/01476730to01545218/01516258.tar.gz
HTAR: a   DC2_ImSim/Run2.1i/instCat/01476730to01545218/01517057.tar.gz
HTAR: a   DC2_ImSim/Run2.1i/instCat/01476730to01545218/01517058.tar.gz
HTAR: a   DC2_ImSim/Run2.1i/instCat/01476730to01545218/01517059.tar.gz
HTAR: a   DC2_ImSim/Run2.1i/instCat/01476730to01545218/01517111.tar.gz
HTAR: a   DC2_ImSim/Run2.1i/instCat/01476730to01545218/01517112.tar.gz
HTAR: a   DC2_ImSim/Run2.1i/instCat/01476730to01545218/01517113.tar.gz
HTAR: a   DC2_ImSim/Run2.1i/instCat/01476730to01545218/01517114.tar.gz
HTAR: a   DC2_ImSim/Run2.1i/instCat/01476730to01545218/01517115.tar.gz
HTAR: a   DC2_ImSim/Run2.1i/instCat/01476730to01545218/01517116.tar.gz
HTAR: a   DC2_ImSim/Run2.1i/instCat/01476730to01545218/01517149.tar.gz
HTAR: a   DC2_ImSim/Run2.1i/instCat/01476730to01545218/01517739.tar.gz
HTAR: a   DC2_ImSim/Run2.1i/instCat/01476730to01545218/01517740.tar.gz
HTAR: a   DC2_ImSim/Run2.1i/instCat/01476730to01545218/01517742.tar.gz
HTAR: a   DC2_ImSim/Run2.1i/instCat/01476730to01545218/01517751.tar.gz
HTAR: a   DC2_ImSim/Run2.1i/instCat/01476730to01545218/01517752.tar.gz
HTAR: a   DC2_ImSim/Run2.1i/instCat/01476730to01545218/01517865.tar.gz
HTAR: a   DC2_ImSim/Run2.1i/instCat/01476730to01545218/01517896.tar.gz
HTAR: a   DC2_ImSim/Run2.1i/instCat/01476730to01545218/01518647.tar.gz
HTAR: a   DC2_ImSim/Run2.1i/instCat/01476730to01545218/01518648.tar.gz
HTAR: a   DC2_ImSim/Run2.1i/instCat/01476730to01545218/01518649.tar.gz
HTAR: a   DC2_ImSim/Run2.1i/instCat/01476730to01545218/01518650.tar.gz
HTAR: a   DC2_ImSim/Run2.1i/instCat/01476730to01545218/01518651.tar.gz
HTAR: a   DC2_ImSim/Run2.1i/instCat/01476730to01545218/01518652.tar.gz
HTAR: a   DC2_ImSim/Run2.1i/instCat/01476730to01545218/01518653.tar.gz
HTAR: a   DC2_ImSim/Run2.1i/instCat/01476730to01545218/01518654.tar.gz
HTAR: a   DC2_ImSim/Run2.1i/instCat/01476730to01545218/01518655.tar.gz
HTAR: a   DC2_ImSim/Run2.1i/instCat/01476730to01545218/01518656.tar.gz
HTAR: a   DC2_ImSim/Run2.1i/instCat/01476730to01545218/01518657.tar.gz
HTAR: a   DC2_ImSim/Run2.1i/instCat/01476730to01545218/01518658.tar.gz
HTAR: a   DC2_ImSim/Run2.1i/instCat/01476730to01545218/01518706.tar.gz
HTAR: a   DC2_ImSim/Run2.1i/instCat/01476730to01545218/01518707.tar.gz
HTAR: a   DC2_ImSim/Run2.1i/instCat/01476730to01545218/01518708.tar.gz
HTAR: a   DC2_ImSim/Run2.1i/instCat/01476730to01545218/01518709.tar.gz
HTAR: a   DC2_ImSim/Run2.1i/instCat/01476730to01545218/01518716.tar.gz
HTAR: a   DC2_ImSim/Run2.1i/instCat/01476730to01545218/01519432.tar.gz
HTAR: a   DC2_ImSim/Run2.1i/instCat/01476730to01545218/01519433.tar.gz
HTAR: a   DC2_ImSim/Run2.1i/instCat/01476730to01545218/01519435.tar.gz
HTAR: a   DC2_ImSim/Run2.1i/instCat/01476730to01545218/01519451.tar.gz
HTAR: a   DC2_ImSim/Run2.1i/instCat/01476730to01545218/01519452.tar.gz
HTAR: a   DC2_ImSim/Run2.1i/instCat/01476730to01545218/01519456.tar.gz
HTAR: a   DC2_ImSim/Run2.1i/instCat/01476730to01545218/01519457.tar.gz
HTAR: a   DC2_ImSim/Run2.1i/instCat/01476730to01545218/01519458.tar.gz
HTAR: a   DC2_ImSim/Run2.1i/instCat/01476730to01545218/01519459.tar.gz
HTAR: a   DC2_ImSim/Run2.1i/instCat/01476730to01545218/01519460.tar.gz
HTAR: a   DC2_ImSim/Run2.1i/instCat/01476730to01545218/01519461.tar.gz
HTAR: a   DC2_ImSim/Run2.1i/instCat/01476730to01545218/01519463.tar.gz
HTAR: a   DC2_ImSim/Run2.1i/instCat/01476730to01545218/01519464.tar.gz
HTAR: a   DC2_ImSim/Run2.1i/instCat/01476730to01545218/01519465.tar.gz
HTAR: a   DC2_ImSim/Run2.1i/instCat/01476730to01545218/01519468.tar.gz
HTAR: a   DC2_ImSim/Run2.1i/instCat/01476730to01545218/01519469.tar.gz
HTAR: a   DC2_ImSim/Run2.1i/instCat/01476730to01545218/01519470.tar.gz
HTAR: a   DC2_ImSim/Run2.1i/instCat/01476730to01545218/01519471.tar.gz
HTAR: a   DC2_ImSim/Run2.1i/instCat/01476730to01545218/01519476.tar.gz
HTAR: a   DC2_ImSim/Run2.1i/instCat/01476730to01545218/01519477.tar.gz
HTAR: a   DC2_ImSim/Run2.1i/instCat/01476730to01545218/01519478.tar.gz
HTAR: a   DC2_ImSim/Run2.1i/instCat/01476730to01545218/01519479.tar.gz
HTAR: a   DC2_ImSim/Run2.1i/instCat/01476730to01545218/01519480.tar.gz
HTAR: a   DC2_ImSim/Run2.1i/instCat/01476730to01545218/01519481.tar.gz
HTAR: a   DC2_ImSim/Run2.1i/instCat/01476730to01545218/01519482.tar.gz
HTAR: a   DC2_ImSim/Run2.1i/instCat/01476730to01545218/01519483.tar.gz
HTAR: a   DC2_ImSim/Run2.1i/instCat/01476730to01545218/01519486.tar.gz
HTAR: a   DC2_ImSim/Run2.1i/instCat/01476730to01545218/01519487.tar.gz
HTAR: a   DC2_ImSim/Run2.1i/instCat/01476730to01545218/01519488.tar.gz
HTAR: a   DC2_ImSim/Run2.1i/instCat/01476730to01545218/01519489.tar.gz
HTAR: a   DC2_ImSim/Run2.1i/instCat/01476730to01545218/01519492.tar.gz
HTAR: a   DC2_ImSim/Run2.1i/instCat/01476730to01545218/01519493.tar.gz
HTAR: a   DC2_ImSim/Run2.1i/instCat/01476730to01545218/01519494.tar.gz
HTAR: a   DC2_ImSim/Run2.1i/instCat/01476730to01545218/01519495.tar.gz
HTAR: a   DC2_ImSim/Run2.1i/instCat/01476730to01545218/01519496.tar.gz
HTAR: a   DC2_ImSim/Run2.1i/instCat/01476730to01545218/01519497.tar.gz
HTAR: a   DC2_ImSim/Run2.1i/instCat/01476730to01545218/01519498.tar.gz
HTAR: a   DC2_ImSim/Run2.1i/instCat/01476730to01545218/01519499.tar.gz
HTAR: a   DC2_ImSim/Run2.1i/instCat/01476730to01545218/01519500.tar.gz
HTAR: a   DC2_ImSim/Run2.1i/instCat/01476730to01545218/01519501.tar.gz
HTAR: a   DC2_ImSim/Run2.1i/instCat/01476730to01545218/01519502.tar.gz
HTAR: a   DC2_ImSim/Run2.1i/instCat/01476730to01545218/01519503.tar.gz
HTAR: a   DC2_ImSim/Run2.1i/instCat/01476730to01545218/01519504.tar.gz
HTAR: a   /tmp/HTAR_CF_CHK_40799_1562337670
HTAR Create complete for /home/projects/desc/DC2_ImSim/Run2.1i/instCat/01476730to01545218/01515327to01519504.tar. 512,851,177,472 bytes written for 114 member files, max threads: 2 Transfer time: 2808.117 seconds (182.632 MB/s) wallclock/user/sys: 2808.831 3330.262 1450.862 seconds
HTAR: HTAR SUCCESSFUL
HTAR: a   DC2_ImSim/Run2.1i/instCat/01476730to01545218/01519505.tar.gz
HTAR: a   DC2_ImSim/Run2.1i/instCat/01476730to01545218/01519506.tar.gz
HTAR: a   DC2_ImSim/Run2.1i/instCat/01476730to01545218/01519507.tar.gz
HTAR: a   DC2_ImSim/Run2.1i/instCat/01476730to01545218/01519508.tar.gz
HTAR: a   DC2_ImSim/Run2.1i/instCat/01476730to01545218/01519509.tar.gz
HTAR: a   DC2_ImSim/Run2.1i/instCat/01476730to01545218/01519510.tar.gz
HTAR: a   DC2_ImSim/Run2.1i/instCat/01476730to01545218/01519511.tar.gz
HTAR: a   DC2_ImSim/Run2.1i/instCat/01476730to01545218/01519512.tar.gz
HTAR: a   DC2_ImSim/Run2.1i/instCat/01476730to01545218/01519513.tar.gz
HTAR: a   DC2_ImSim/Run2.1i/instCat/01476730to01545218/01519514.tar.gz
HTAR: a   DC2_ImSim/Run2.1i/instCat/01476730to01545218/01519515.tar.gz
HTAR: a   DC2_ImSim/Run2.1i/instCat/01476730to01545218/01519516.tar.gz
HTAR: a   DC2_ImSim/Run2.1i/instCat/01476730to01545218/01519517.tar.gz
HTAR: a   DC2_ImSim/Run2.1i/instCat/01476730to01545218/01519518.tar.gz
HTAR: a   DC2_ImSim/Run2.1i/instCat/01476730to01545218/01519519.tar.gz
HTAR: a   DC2_ImSim/Run2.1i/instCat/01476730to01545218/01519520.tar.gz
HTAR: a   DC2_ImSim/Run2.1i/instCat/01476730to01545218/01519522.tar.gz
HTAR: a   DC2_ImSim/Run2.1i/instCat/01476730to01545218/01519523.tar.gz
HTAR: a   DC2_ImSim/Run2.1i/instCat/01476730to01545218/01519530.tar.gz
HTAR: a   DC2_ImSim/Run2.1i/instCat/01476730to01545218/01519532.tar.gz
HTAR: a   DC2_ImSim/Run2.1i/instCat/01476730to01545218/01519533.tar.gz
HTAR: a   DC2_ImSim/Run2.1i/instCat/01476730to01545218/01519534.tar.gz
HTAR: a   DC2_ImSim/Run2.1i/instCat/01476730to01545218/01519535.tar.gz
HTAR: a   DC2_ImSim/Run2.1i/instCat/01476730to01545218/01519536.tar.gz
HTAR: a   DC2_ImSim/Run2.1i/instCat/01476730to01545218/01519542.tar.gz
HTAR: a   DC2_ImSim/Run2.1i/instCat/01476730to01545218/01519543.tar.gz
HTAR: a   DC2_ImSim/Run2.1i/instCat/01476730to01545218/01519544.tar.gz
HTAR: a   DC2_ImSim/Run2.1i/instCat/01476730to01545218/01519545.tar.gz
HTAR: a   DC2_ImSim/Run2.1i/instCat/01476730to01545218/01519546.tar.gz
HTAR: a   DC2_ImSim/Run2.1i/instCat/01476730to01545218/01519547.tar.gz
HTAR: a   DC2_ImSim/Run2.1i/instCat/01476730to01545218/01519549.tar.gz
HTAR: a   DC2_ImSim/Run2.1i/instCat/01476730to01545218/01519550.tar.gz
HTAR: a   DC2_ImSim/Run2.1i/instCat/01476730to01545218/01519551.tar.gz
HTAR: a   DC2_ImSim/Run2.1i/instCat/01476730to01545218/01519552.tar.gz
HTAR: a   DC2_ImSim/Run2.1i/instCat/01476730to01545218/01519553.tar.gz
HTAR: a   DC2_ImSim/Run2.1i/instCat/01476730to01545218/01519554.tar.gz
HTAR: a   DC2_ImSim/Run2.1i/instCat/01476730to01545218/01519555.tar.gz
HTAR: a   DC2_ImSim/Run2.1i/instCat/01476730to01545218/01519556.tar.gz
HTAR: a   DC2_ImSim/Run2.1i/instCat/01476730to01545218/01519557.tar.gz
HTAR: a   DC2_ImSim/Run2.1i/instCat/01476730to01545218/01519569.tar.gz
HTAR: a   DC2_ImSim/Run2.1i/instCat/01476730to01545218/01519575.tar.gz
HTAR: a   DC2_ImSim/Run2.1i/instCat/01476730to01545218/01519576.tar.gz
HTAR: a   DC2_ImSim/Run2.1i/instCat/01476730to01545218/01519577.tar.gz
HTAR: a   DC2_ImSim/Run2.1i/instCat/01476730to01545218/01519584.tar.gz
HTAR: a   DC2_ImSim/Run2.1i/instCat/01476730to01545218/01519585.tar.gz
HTAR: a   DC2_ImSim/Run2.1i/instCat/01476730to01545218/01519586.tar.gz
HTAR: a   DC2_ImSim/Run2.1i/instCat/01476730to01545218/01519587.tar.gz
HTAR: a   DC2_ImSim/Run2.1i/instCat/01476730to01545218/01519610.tar.gz
HTAR: a   DC2_ImSim/Run2.1i/instCat/01476730to01545218/01520223.tar.gz
HTAR: a   DC2_ImSim/Run2.1i/instCat/01476730to01545218/01520274.tar.gz
HTAR: a   DC2_ImSim/Run2.1i/instCat/01476730to01545218/01520275.tar.gz
HTAR: a   DC2_ImSim/Run2.1i/instCat/01476730to01545218/01520276.tar.gz
HTAR: a   DC2_ImSim/Run2.1i/instCat/01476730to01545218/01520277.tar.gz
HTAR: a   DC2_ImSim/Run2.1i/instCat/01476730to01545218/01520278.tar.gz
HTAR: a   DC2_ImSim/Run2.1i/instCat/01476730to01545218/01520279.tar.gz
HTAR: a   DC2_ImSim/Run2.1i/instCat/01476730to01545218/01520293.tar.gz
HTAR: a   DC2_ImSim/Run2.1i/instCat/01476730to01545218/01520294.tar.gz
HTAR: a   DC2_ImSim/Run2.1i/instCat/01476730to01545218/01520295.tar.gz
HTAR: a   DC2_ImSim/Run2.1i/instCat/01476730to01545218/01520296.tar.gz
HTAR: a   DC2_ImSim/Run2.1i/instCat/01476730to01545218/01520297.tar.gz
HTAR: a   DC2_ImSim/Run2.1i/instCat/01476730to01545218/01520307.tar.gz
HTAR: a   DC2_ImSim/Run2.1i/instCat/01476730to01545218/01520308.tar.gz
HTAR: a   DC2_ImSim/Run2.1i/instCat/01476730to01545218/01520309.tar.gz
HTAR: a   DC2_ImSim/Run2.1i/instCat/01476730to01545218/01520310.tar.gz
HTAR: a   DC2_ImSim/Run2.1i/instCat/01476730to01545218/01520311.tar.gz
HTAR: a   DC2_ImSim/Run2.1i/instCat/01476730to01545218/01520317.tar.gz
HTAR: a   DC2_ImSim/Run2.1i/instCat/01476730to01545218/01520318.tar.gz
HTAR: a   DC2_ImSim/Run2.1i/instCat/01476730to01545218/01520319.tar.gz
HTAR: a   DC2_ImSim/Run2.1i/instCat/01476730to01545218/01521030.tar.gz
HTAR: a   DC2_ImSim/Run2.1i/instCat/01476730to01545218/01521038.tar.gz
HTAR: a   DC2_ImSim/Run2.1i/instCat/01476730to01545218/01521047.tar.gz
HTAR: a   DC2_ImSim/Run2.1i/instCat/01476730to01545218/01521066.tar.gz
HTAR: a   DC2_ImSim/Run2.1i/instCat/01476730to01545218/01521073.tar.gz
HTAR: a   DC2_ImSim/Run2.1i/instCat/01476730to01545218/01521085.tar.gz
HTAR: a   DC2_ImSim/Run2.1i/instCat/01476730to01545218/01521086.tar.gz
HTAR: a   DC2_ImSim/Run2.1i/instCat/01476730to01545218/01521087.tar.gz
HTAR: a   DC2_ImSim/Run2.1i/instCat/01476730to01545218/01521131.tar.gz
HTAR: a   DC2_ImSim/Run2.1i/instCat/01476730to01545218/01524328.tar.gz
HTAR: a   DC2_ImSim/Run2.1i/instCat/01476730to01545218/01524348.tar.gz
HTAR: a   DC2_ImSim/Run2.1i/instCat/01476730to01545218/01524349.tar.gz
HTAR: a   DC2_ImSim/Run2.1i/instCat/01476730to01545218/01524350.tar.gz
HTAR: a   DC2_ImSim/Run2.1i/instCat/01476730to01545218/01524351.tar.gz
HTAR: a   DC2_ImSim/Run2.1i/instCat/01476730to01545218/01524352.tar.gz
HTAR: a   DC2_ImSim/Run2.1i/instCat/01476730to01545218/01524353.tar.gz
HTAR: a   DC2_ImSim/Run2.1i/instCat/01476730to01545218/01524354.tar.gz
HTAR: a   DC2_ImSim/Run2.1i/instCat/01476730to01545218/01524355.tar.gz
HTAR: a   DC2_ImSim/Run2.1i/instCat/01476730to01545218/01524356.tar.gz
HTAR: a   DC2_ImSim/Run2.1i/instCat/01476730to01545218/01524358.tar.gz
HTAR: a   DC2_ImSim/Run2.1i/instCat/01476730to01545218/01524366.tar.gz
HTAR: a   DC2_ImSim/Run2.1i/instCat/01476730to01545218/01525133.tar.gz
HTAR: a   DC2_ImSim/Run2.1i/instCat/01476730to01545218/01526036.tar.gz
HTAR: a   DC2_ImSim/Run2.1i/instCat/01476730to01545218/01526037.tar.gz
HTAR: a   DC2_ImSim/Run2.1i/instCat/01476730to01545218/01526038.tar.gz
HTAR: a   DC2_ImSim/Run2.1i/instCat/01476730to01545218/01526039.tar.gz
HTAR: a   DC2_ImSim/Run2.1i/instCat/01476730to01545218/01526040.tar.gz
HTAR: a   DC2_ImSim/Run2.1i/instCat/01476730to01545218/01526041.tar.gz
HTAR: a   DC2_ImSim/Run2.1i/instCat/01476730to01545218/01526042.tar.gz
HTAR: a   DC2_ImSim/Run2.1i/instCat/01476730to01545218/01526044.tar.gz
HTAR: a   DC2_ImSim/Run2.1i/instCat/01476730to01545218/01526045.tar.gz
HTAR: a   DC2_ImSim/Run2.1i/instCat/01476730to01545218/01526046.tar.gz
HTAR: a   DC2_ImSim/Run2.1i/instCat/01476730to01545218/01526047.tar.gz
HTAR: a   DC2_ImSim/Run2.1i/instCat/01476730to01545218/01526048.tar.gz
HTAR: a   DC2_ImSim/Run2.1i/instCat/01476730to01545218/01526049.tar.gz
HTAR: a   DC2_ImSim/Run2.1i/instCat/01476730to01545218/01526050.tar.gz
HTAR: a   DC2_ImSim/Run2.1i/instCat/01476730to01545218/01526053.tar.gz
HTAR: a   DC2_ImSim/Run2.1i/instCat/01476730to01545218/01526054.tar.gz
HTAR: a   DC2_ImSim/Run2.1i/instCat/01476730to01545218/01526055.tar.gz
HTAR: a   DC2_ImSim/Run2.1i/instCat/01476730to01545218/01526057.tar.gz
HTAR: a   DC2_ImSim/Run2.1i/instCat/01476730to01545218/01526058.tar.gz
HTAR: a   DC2_ImSim/Run2.1i/instCat/01476730to01545218/01526075.tar.gz
HTAR: a   DC2_ImSim/Run2.1i/instCat/01476730to01545218/01526076.tar.gz
HTAR: a   DC2_ImSim/Run2.1i/instCat/01476730to01545218/01526082.tar.gz
HTAR: a   DC2_ImSim/Run2.1i/instCat/01476730to01545218/01526083.tar.gz
HTAR: a   DC2_ImSim/Run2.1i/instCat/01476730to01545218/01526084.tar.gz
HTAR: a   /tmp/HTAR_CF_CHK_63516_1562340482
HTAR Create complete for /home/projects/desc/DC2_ImSim/Run2.1i/instCat/01476730to01545218/01519505to01526084.tar. 508,115,749,376 bytes written for 114 member files, max threads: 2 Transfer time: 2813.802 seconds (180.580 MB/s) wallclock/user/sys: 2814.825 3332.431 1455.544 seconds
HTAR: HTAR SUCCESSFUL
HTAR: a   DC2_ImSim/Run2.1i/instCat/01476730to01545218/01526085.tar.gz
HTAR: a   DC2_ImSim/Run2.1i/instCat/01476730to01545218/01526086.tar.gz
HTAR: a   DC2_ImSim/Run2.1i/instCat/01476730to01545218/01526087.tar.gz
HTAR: a   DC2_ImSim/Run2.1i/instCat/01476730to01545218/01526088.tar.gz
HTAR: a   DC2_ImSim/Run2.1i/instCat/01476730to01545218/01526090.tar.gz
HTAR: a   DC2_ImSim/Run2.1i/instCat/01476730to01545218/01526091.tar.gz
HTAR: a   DC2_ImSim/Run2.1i/instCat/01476730to01545218/01526092.tar.gz
HTAR: a   DC2_ImSim/Run2.1i/instCat/01476730to01545218/01526093.tar.gz
HTAR: a   DC2_ImSim/Run2.1i/instCat/01476730to01545218/01526094.tar.gz
HTAR: a   DC2_ImSim/Run2.1i/instCat/01476730to01545218/01526896.tar.gz
HTAR: a   DC2_ImSim/Run2.1i/instCat/01476730to01545218/01526966.tar.gz
HTAR: a   DC2_ImSim/Run2.1i/instCat/01476730to01545218/01526967.tar.gz
HTAR: a   DC2_ImSim/Run2.1i/instCat/01476730to01545218/01527786.tar.gz
HTAR: a   DC2_ImSim/Run2.1i/instCat/01476730to01545218/01527789.tar.gz
HTAR: a   DC2_ImSim/Run2.1i/instCat/01476730to01545218/01527840.tar.gz
HTAR: a   DC2_ImSim/Run2.1i/instCat/01476730to01545218/01527841.tar.gz
HTAR: a   DC2_ImSim/Run2.1i/instCat/01476730to01545218/01527842.tar.gz
HTAR: a   DC2_ImSim/Run2.1i/instCat/01476730to01545218/01527843.tar.gz
HTAR: a   DC2_ImSim/Run2.1i/instCat/01476730to01545218/01527844.tar.gz
HTAR: a   DC2_ImSim/Run2.1i/instCat/01476730to01545218/01527845.tar.gz
HTAR: a   DC2_ImSim/Run2.1i/instCat/01476730to01545218/01527846.tar.gz
HTAR: a   DC2_ImSim/Run2.1i/instCat/01476730to01545218/01527847.tar.gz
HTAR: a   DC2_ImSim/Run2.1i/instCat/01476730to01545218/01527848.tar.gz
HTAR: a   DC2_ImSim/Run2.1i/instCat/01476730to01545218/01527849.tar.gz
HTAR: a   DC2_ImSim/Run2.1i/instCat/01476730to01545218/01527850.tar.gz
HTAR: a   DC2_ImSim/Run2.1i/instCat/01476730to01545218/01527851.tar.gz
HTAR: a   DC2_ImSim/Run2.1i/instCat/01476730to01545218/01527852.tar.gz
HTAR: a   DC2_ImSim/Run2.1i/instCat/01476730to01545218/01527900.tar.gz
HTAR: a   DC2_ImSim/Run2.1i/instCat/01476730to01545218/01527901.tar.gz
HTAR: a   DC2_ImSim/Run2.1i/instCat/01476730to01545218/01527902.tar.gz
HTAR: a   DC2_ImSim/Run2.1i/instCat/01476730to01545218/01527903.tar.gz
HTAR: a   DC2_ImSim/Run2.1i/instCat/01476730to01545218/01527908.tar.gz
HTAR: a   DC2_ImSim/Run2.1i/instCat/01476730to01545218/01527909.tar.gz
HTAR: a   DC2_ImSim/Run2.1i/instCat/01476730to01545218/01527910.tar.gz
HTAR: a   DC2_ImSim/Run2.1i/instCat/01476730to01545218/01527911.tar.gz
HTAR: a   DC2_ImSim/Run2.1i/instCat/01476730to01545218/01527912.tar.gz
HTAR: a   DC2_ImSim/Run2.1i/instCat/01476730to01545218/01527914.tar.gz
HTAR: a   DC2_ImSim/Run2.1i/instCat/01476730to01545218/01527915.tar.gz
HTAR: a   DC2_ImSim/Run2.1i/instCat/01476730to01545218/01527916.tar.gz
HTAR: a   DC2_ImSim/Run2.1i/instCat/01476730to01545218/01527917.tar.gz
HTAR: a   DC2_ImSim/Run2.1i/instCat/01476730to01545218/01527943.tar.gz
HTAR: a   DC2_ImSim/Run2.1i/instCat/01476730to01545218/01527944.tar.gz
HTAR: a   DC2_ImSim/Run2.1i/instCat/01476730to01545218/01527945.tar.gz
HTAR: a   DC2_ImSim/Run2.1i/instCat/01476730to01545218/01527947.tar.gz
HTAR: a   DC2_ImSim/Run2.1i/instCat/01476730to01545218/01527949.tar.gz
HTAR: a   DC2_ImSim/Run2.1i/instCat/01476730to01545218/01527950.tar.gz
HTAR: a   DC2_ImSim/Run2.1i/instCat/01476730to01545218/01527951.tar.gz
HTAR: a   DC2_ImSim/Run2.1i/instCat/01476730to01545218/01529778.tar.gz
HTAR: a   DC2_ImSim/Run2.1i/instCat/01476730to01545218/01529786.tar.gz
HTAR: a   DC2_ImSim/Run2.1i/instCat/01476730to01545218/01529787.tar.gz
HTAR: a   DC2_ImSim/Run2.1i/instCat/01476730to01545218/01529797.tar.gz
HTAR: a   DC2_ImSim/Run2.1i/instCat/01476730to01545218/01529798.tar.gz
HTAR: a   DC2_ImSim/Run2.1i/instCat/01476730to01545218/01529834.tar.gz
HTAR: a   DC2_ImSim/Run2.1i/instCat/01476730to01545218/01529835.tar.gz
HTAR: a   DC2_ImSim/Run2.1i/instCat/01476730to01545218/01529836.tar.gz
HTAR: a   DC2_ImSim/Run2.1i/instCat/01476730to01545218/01529837.tar.gz
HTAR: a   DC2_ImSim/Run2.1i/instCat/01476730to01545218/01529838.tar.gz
HTAR: a   DC2_ImSim/Run2.1i/instCat/01476730to01545218/01529839.tar.gz
HTAR: a   DC2_ImSim/Run2.1i/instCat/01476730to01545218/01529840.tar.gz
HTAR: a   DC2_ImSim/Run2.1i/instCat/01476730to01545218/01529842.tar.gz
HTAR: a   DC2_ImSim/Run2.1i/instCat/01476730to01545218/01529843.tar.gz
HTAR: a   DC2_ImSim/Run2.1i/instCat/01476730to01545218/01529844.tar.gz
HTAR: a   DC2_ImSim/Run2.1i/instCat/01476730to01545218/01529845.tar.gz
HTAR: a   DC2_ImSim/Run2.1i/instCat/01476730to01545218/01529846.tar.gz
HTAR: a   DC2_ImSim/Run2.1i/instCat/01476730to01545218/01529847.tar.gz
HTAR: a   DC2_ImSim/Run2.1i/instCat/01476730to01545218/01529882.tar.gz
HTAR: a   DC2_ImSim/Run2.1i/instCat/01476730to01545218/01529883.tar.gz
HTAR: a   DC2_ImSim/Run2.1i/instCat/01476730to01545218/01529884.tar.gz
HTAR: a   DC2_ImSim/Run2.1i/instCat/01476730to01545218/01529885.tar.gz
HTAR: a   DC2_ImSim/Run2.1i/instCat/01476730to01545218/01529886.tar.gz
HTAR: a   DC2_ImSim/Run2.1i/instCat/01476730to01545218/01529887.tar.gz
HTAR: a   DC2_ImSim/Run2.1i/instCat/01476730to01545218/01529919.tar.gz
HTAR: a   DC2_ImSim/Run2.1i/instCat/01476730to01545218/01529920.tar.gz
HTAR: a   DC2_ImSim/Run2.1i/instCat/01476730to01545218/01529921.tar.gz
HTAR: a   DC2_ImSim/Run2.1i/instCat/01476730to01545218/01529925.tar.gz
HTAR: a   DC2_ImSim/Run2.1i/instCat/01476730to01545218/01529926.tar.gz
HTAR: a   DC2_ImSim/Run2.1i/instCat/01476730to01545218/01529927.tar.gz
HTAR: a   DC2_ImSim/Run2.1i/instCat/01476730to01545218/01529928.tar.gz
HTAR: a   DC2_ImSim/Run2.1i/instCat/01476730to01545218/01529929.tar.gz
HTAR: a   DC2_ImSim/Run2.1i/instCat/01476730to01545218/01529930.tar.gz
HTAR: a   DC2_ImSim/Run2.1i/instCat/01476730to01545218/01529931.tar.gz
HTAR: a   DC2_ImSim/Run2.1i/instCat/01476730to01545218/01529932.tar.gz
HTAR: a   DC2_ImSim/Run2.1i/instCat/01476730to01545218/01529959.tar.gz
HTAR: a   DC2_ImSim/Run2.1i/instCat/01476730to01545218/01529963.tar.gz
HTAR: a   DC2_ImSim/Run2.1i/instCat/01476730to01545218/01529964.tar.gz
HTAR: a   DC2_ImSim/Run2.1i/instCat/01476730to01545218/01529965.tar.gz
HTAR: a   DC2_ImSim/Run2.1i/instCat/01476730to01545218/01529966.tar.gz
HTAR: a   DC2_ImSim/Run2.1i/instCat/01476730to01545218/01529967.tar.gz
HTAR: a   DC2_ImSim/Run2.1i/instCat/01476730to01545218/01530713.tar.gz
HTAR: a   DC2_ImSim/Run2.1i/instCat/01476730to01545218/01530751.tar.gz
HTAR: a   DC2_ImSim/Run2.1i/instCat/01476730to01545218/01532095.tar.gz
HTAR: a   DC2_ImSim/Run2.1i/instCat/01476730to01545218/01532096.tar.gz
HTAR: a   DC2_ImSim/Run2.1i/instCat/01476730to01545218/01532127.tar.gz
HTAR: a   DC2_ImSim/Run2.1i/instCat/01476730to01545218/01532128.tar.gz
HTAR: a   DC2_ImSim/Run2.1i/instCat/01476730to01545218/01532129.tar.gz
HTAR: a   DC2_ImSim/Run2.1i/instCat/01476730to01545218/01532130.tar.gz
HTAR: a   DC2_ImSim/Run2.1i/instCat/01476730to01545218/01532888.tar.gz
HTAR: a   DC2_ImSim/Run2.1i/instCat/01476730to01545218/01532894.tar.gz
HTAR: a   DC2_ImSim/Run2.1i/instCat/01476730to01545218/01532932.tar.gz
HTAR: a   DC2_ImSim/Run2.1i/instCat/01476730to01545218/01532933.tar.gz
HTAR: a   DC2_ImSim/Run2.1i/instCat/01476730to01545218/01532935.tar.gz
HTAR: a   DC2_ImSim/Run2.1i/instCat/01476730to01545218/01532936.tar.gz
HTAR: a   DC2_ImSim/Run2.1i/instCat/01476730to01545218/01532952.tar.gz
HTAR: a   DC2_ImSim/Run2.1i/instCat/01476730to01545218/01533792.tar.gz
HTAR: a   DC2_ImSim/Run2.1i/instCat/01476730to01545218/01533798.tar.gz
HTAR: a   DC2_ImSim/Run2.1i/instCat/01476730to01545218/01534645.tar.gz
HTAR: a   DC2_ImSim/Run2.1i/instCat/01476730to01545218/01534674.tar.gz
HTAR: a   DC2_ImSim/Run2.1i/instCat/01476730to01545218/01534675.tar.gz
HTAR: a   DC2_ImSim/Run2.1i/instCat/01476730to01545218/01534677.tar.gz
HTAR: a   DC2_ImSim/Run2.1i/instCat/01476730to01545218/01534704.tar.gz
HTAR: a   DC2_ImSim/Run2.1i/instCat/01476730to01545218/01534705.tar.gz
HTAR: a   DC2_ImSim/Run2.1i/instCat/01476730to01545218/01534706.tar.gz
HTAR: a   DC2_ImSim/Run2.1i/instCat/01476730to01545218/01534707.tar.gz
HTAR: a   DC2_ImSim/Run2.1i/instCat/01476730to01545218/01534708.tar.gz
HTAR: a   /tmp/HTAR_CF_CHK_22891_1562343299
HTAR Create complete for /home/projects/desc/DC2_ImSim/Run2.1i/instCat/01476730to01545218/01526085to01534708.tar. 468,377,112,064 bytes written for 114 member files, max threads: 3 Transfer time: 2608.176 seconds (179.580 MB/s) wallclock/user/sys: 2609.040 3083.481 1341.151 seconds
HTAR: HTAR SUCCESSFUL
HTAR: a   DC2_ImSim/Run2.1i/instCat/01476730to01545218/01534710.tar.gz
HTAR: a   DC2_ImSim/Run2.1i/instCat/01476730to01545218/01534711.tar.gz
HTAR: a   DC2_ImSim/Run2.1i/instCat/01476730to01545218/01534712.tar.gz
HTAR: a   DC2_ImSim/Run2.1i/instCat/01476730to01545218/01534713.tar.gz
HTAR: a   DC2_ImSim/Run2.1i/instCat/01476730to01545218/01534714.tar.gz
HTAR: a   DC2_ImSim/Run2.1i/instCat/01476730to01545218/01534715.tar.gz
HTAR: a   DC2_ImSim/Run2.1i/instCat/01476730to01545218/01534717.tar.gz
HTAR: a   DC2_ImSim/Run2.1i/instCat/01476730to01545218/01534718.tar.gz
HTAR: a   DC2_ImSim/Run2.1i/instCat/01476730to01545218/01534719.tar.gz
HTAR: a   DC2_ImSim/Run2.1i/instCat/01476730to01545218/01534720.tar.gz
HTAR: a   DC2_ImSim/Run2.1i/instCat/01476730to01545218/01534721.tar.gz
HTAR: a   DC2_ImSim/Run2.1i/instCat/01476730to01545218/01534722.tar.gz
HTAR: a   DC2_ImSim/Run2.1i/instCat/01476730to01545218/01534723.tar.gz
HTAR: a   DC2_ImSim/Run2.1i/instCat/01476730to01545218/01534724.tar.gz
HTAR: a   DC2_ImSim/Run2.1i/instCat/01476730to01545218/01534725.tar.gz
HTAR: a   DC2_ImSim/Run2.1i/instCat/01476730to01545218/01534726.tar.gz
HTAR: a   DC2_ImSim/Run2.1i/instCat/01476730to01545218/01534739.tar.gz
HTAR: a   DC2_ImSim/Run2.1i/instCat/01476730to01545218/01534740.tar.gz
HTAR: a   DC2_ImSim/Run2.1i/instCat/01476730to01545218/01534741.tar.gz
HTAR: a   DC2_ImSim/Run2.1i/instCat/01476730to01545218/01534742.tar.gz
HTAR: a   DC2_ImSim/Run2.1i/instCat/01476730to01545218/01534743.tar.gz
HTAR: a   DC2_ImSim/Run2.1i/instCat/01476730to01545218/01534744.tar.gz
HTAR: a   DC2_ImSim/Run2.1i/instCat/01476730to01545218/01534745.tar.gz
HTAR: a   DC2_ImSim/Run2.1i/instCat/01476730to01545218/01534747.tar.gz
HTAR: a   DC2_ImSim/Run2.1i/instCat/01476730to01545218/01534748.tar.gz
HTAR: a   DC2_ImSim/Run2.1i/instCat/01476730to01545218/01534749.tar.gz
HTAR: a   DC2_ImSim/Run2.1i/instCat/01476730to01545218/01534750.tar.gz
HTAR: a   DC2_ImSim/Run2.1i/instCat/01476730to01545218/01534751.tar.gz
HTAR: a   DC2_ImSim/Run2.1i/instCat/01476730to01545218/01534752.tar.gz
HTAR: a   DC2_ImSim/Run2.1i/instCat/01476730to01545218/01534753.tar.gz
HTAR: a   DC2_ImSim/Run2.1i/instCat/01476730to01545218/01534754.tar.gz
HTAR: a   DC2_ImSim/Run2.1i/instCat/01476730to01545218/01534755.tar.gz
HTAR: a   DC2_ImSim/Run2.1i/instCat/01476730to01545218/01534756.tar.gz
HTAR: a   DC2_ImSim/Run2.1i/instCat/01476730to01545218/01534757.tar.gz
HTAR: a   DC2_ImSim/Run2.1i/instCat/01476730to01545218/01534758.tar.gz
HTAR: a   DC2_ImSim/Run2.1i/instCat/01476730to01545218/01534791.tar.gz
HTAR: a   DC2_ImSim/Run2.1i/instCat/01476730to01545218/01535577.tar.gz
HTAR: a   DC2_ImSim/Run2.1i/instCat/01476730to01545218/01535578.tar.gz
HTAR: a   DC2_ImSim/Run2.1i/instCat/01476730to01545218/01535579.tar.gz
HTAR: a   DC2_ImSim/Run2.1i/instCat/01476730to01545218/01535587.tar.gz
HTAR: a   DC2_ImSim/Run2.1i/instCat/01476730to01545218/01535602.tar.gz
HTAR: a   DC2_ImSim/Run2.1i/instCat/01476730to01545218/01535603.tar.gz
HTAR: a   DC2_ImSim/Run2.1i/instCat/01476730to01545218/01535610.tar.gz
HTAR: a   DC2_ImSim/Run2.1i/instCat/01476730to01545218/01535616.tar.gz
HTAR: a   DC2_ImSim/Run2.1i/instCat/01476730to01545218/01537317.tar.gz
HTAR: a   DC2_ImSim/Run2.1i/instCat/01476730to01545218/01537318.tar.gz
HTAR: a   DC2_ImSim/Run2.1i/instCat/01476730to01545218/01537321.tar.gz
HTAR: a   DC2_ImSim/Run2.1i/instCat/01476730to01545218/01537362.tar.gz
HTAR: a   DC2_ImSim/Run2.1i/instCat/01476730to01545218/01537363.tar.gz
HTAR: a   DC2_ImSim/Run2.1i/instCat/01476730to01545218/01537364.tar.gz
HTAR: a   DC2_ImSim/Run2.1i/instCat/01476730to01545218/01537365.tar.gz
HTAR: a   DC2_ImSim/Run2.1i/instCat/01476730to01545218/01537390.tar.gz
HTAR: a   DC2_ImSim/Run2.1i/instCat/01476730to01545218/01537391.tar.gz
HTAR: a   DC2_ImSim/Run2.1i/instCat/01476730to01545218/01537392.tar.gz
HTAR: a   DC2_ImSim/Run2.1i/instCat/01476730to01545218/01537393.tar.gz
HTAR: a   DC2_ImSim/Run2.1i/instCat/01476730to01545218/01537394.tar.gz
HTAR: a   DC2_ImSim/Run2.1i/instCat/01476730to01545218/01537432.tar.gz
HTAR: a   DC2_ImSim/Run2.1i/instCat/01476730to01545218/01537433.tar.gz
HTAR: a   DC2_ImSim/Run2.1i/instCat/01476730to01545218/01537435.tar.gz
HTAR: a   DC2_ImSim/Run2.1i/instCat/01476730to01545218/01537454.tar.gz
HTAR: a   DC2_ImSim/Run2.1i/instCat/01476730to01545218/01539148.tar.gz
HTAR: a   DC2_ImSim/Run2.1i/instCat/01476730to01545218/01539149.tar.gz
HTAR: a   DC2_ImSim/Run2.1i/instCat/01476730to01545218/01539150.tar.gz
HTAR: a   DC2_ImSim/Run2.1i/instCat/01476730to01545218/01539158.tar.gz
HTAR: a   DC2_ImSim/Run2.1i/instCat/01476730to01545218/01539159.tar.gz
HTAR: a   DC2_ImSim/Run2.1i/instCat/01476730to01545218/01539160.tar.gz
HTAR: a   DC2_ImSim/Run2.1i/instCat/01476730to01545218/01539164.tar.gz
HTAR: a   DC2_ImSim/Run2.1i/instCat/01476730to01545218/01539171.tar.gz
HTAR: a   DC2_ImSim/Run2.1i/instCat/01476730to01545218/01539172.tar.gz
HTAR: a   DC2_ImSim/Run2.1i/instCat/01476730to01545218/01539203.tar.gz
HTAR: a   DC2_ImSim/Run2.1i/instCat/01476730to01545218/01540031.tar.gz
HTAR: a   DC2_ImSim/Run2.1i/instCat/01476730to01545218/01540037.tar.gz
HTAR: a   DC2_ImSim/Run2.1i/instCat/01476730to01545218/01540065.tar.gz
HTAR: a   DC2_ImSim/Run2.1i/instCat/01476730to01545218/01540069.tar.gz
HTAR: a   DC2_ImSim/Run2.1i/instCat/01476730to01545218/01540070.tar.gz
HTAR: a   DC2_ImSim/Run2.1i/instCat/01476730to01545218/01540071.tar.gz
HTAR: a   DC2_ImSim/Run2.1i/instCat/01476730to01545218/01540072.tar.gz
HTAR: a   DC2_ImSim/Run2.1i/instCat/01476730to01545218/01540081.tar.gz
HTAR: a   DC2_ImSim/Run2.1i/instCat/01476730to01545218/01540082.tar.gz
HTAR: a   DC2_ImSim/Run2.1i/instCat/01476730to01545218/01540083.tar.gz
HTAR: a   DC2_ImSim/Run2.1i/instCat/01476730to01545218/01540085.tar.gz
HTAR: a   DC2_ImSim/Run2.1i/instCat/01476730to01545218/01540086.tar.gz
HTAR: a   DC2_ImSim/Run2.1i/instCat/01476730to01545218/01540087.tar.gz
HTAR: a   DC2_ImSim/Run2.1i/instCat/01476730to01545218/01540088.tar.gz
HTAR: a   DC2_ImSim/Run2.1i/instCat/01476730to01545218/01540089.tar.gz
HTAR: a   DC2_ImSim/Run2.1i/instCat/01476730to01545218/01540091.tar.gz
HTAR: a   DC2_ImSim/Run2.1i/instCat/01476730to01545218/01540092.tar.gz
HTAR: a   DC2_ImSim/Run2.1i/instCat/01476730to01545218/01540115.tar.gz
HTAR: a   DC2_ImSim/Run2.1i/instCat/01476730to01545218/01540118.tar.gz
HTAR: a   DC2_ImSim/Run2.1i/instCat/01476730to01545218/01540120.tar.gz
HTAR: a   DC2_ImSim/Run2.1i/instCat/01476730to01545218/01540122.tar.gz
HTAR: a   DC2_ImSim/Run2.1i/instCat/01476730to01545218/01540129.tar.gz
HTAR: a   DC2_ImSim/Run2.1i/instCat/01476730to01545218/01540130.tar.gz
HTAR: a   DC2_ImSim/Run2.1i/instCat/01476730to01545218/01540162.tar.gz
HTAR: a   DC2_ImSim/Run2.1i/instCat/01476730to01545218/01544297.tar.gz
HTAR: a   DC2_ImSim/Run2.1i/instCat/01476730to01545218/01544340.tar.gz
HTAR: a   DC2_ImSim/Run2.1i/instCat/01476730to01545218/01544341.tar.gz
HTAR: a   DC2_ImSim/Run2.1i/instCat/01476730to01545218/01544344.tar.gz
HTAR: a   DC2_ImSim/Run2.1i/instCat/01476730to01545218/01544367.tar.gz
HTAR: a   DC2_ImSim/Run2.1i/instCat/01476730to01545218/01544368.tar.gz
HTAR: a   DC2_ImSim/Run2.1i/instCat/01476730to01545218/01544370.tar.gz
HTAR: a   DC2_ImSim/Run2.1i/instCat/01476730to01545218/01544372.tar.gz
HTAR: a   DC2_ImSim/Run2.1i/instCat/01476730to01545218/01544373.tar.gz
HTAR: a   DC2_ImSim/Run2.1i/instCat/01476730to01545218/01544375.tar.gz
HTAR: a   DC2_ImSim/Run2.1i/instCat/01476730to01545218/01544376.tar.gz
HTAR: a   DC2_ImSim/Run2.1i/instCat/01476730to01545218/01544377.tar.gz
HTAR: a   DC2_ImSim/Run2.1i/instCat/01476730to01545218/01544378.tar.gz
HTAR: a   DC2_ImSim/Run2.1i/instCat/01476730to01545218/01544379.tar.gz
HTAR: a   /tmp/HTAR_CF_CHK_21020_1562345911
HTAR Create complete for /home/projects/desc/DC2_ImSim/Run2.1i/instCat/01476730to01545218/01534710to01544379.tar. 461,749,329,920 bytes written for 108 member files, max threads: 3 Transfer time: 2538.043 seconds (181.931 MB/s) wallclock/user/sys: 2539.389 3009.010 1293.676 seconds
HTAR: HTAR SUCCESSFUL
