HTAR: a   instcat_y02_191109/00433068.tar.gz
HTAR: a   instcat_y02_191109/00433070.tar.gz
HTAR: a   instcat_y02_191109/00433071.tar.gz
HTAR: a   instcat_y02_191109/00433072.tar.gz
HTAR: a   instcat_y02_191109/00433076.tar.gz
HTAR: a   instcat_y02_191109/00433077.tar.gz
HTAR: a   instcat_y02_191109/00433079.tar.gz
HTAR: a   instcat_y02_191109/00433080.tar.gz
HTAR: a   instcat_y02_191109/00433091.tar.gz
HTAR: a   instcat_y02_191109/00433092.tar.gz
HTAR: a   instcat_y02_191109/00433093.tar.gz
HTAR: a   instcat_y02_191109/00433094.tar.gz
HTAR: a   instcat_y02_191109/00433095.tar.gz
HTAR: a   instcat_y02_191109/00433096.tar.gz
HTAR: a   instcat_y02_191109/00433097.tar.gz
HTAR: a   instcat_y02_191109/00433126.tar.gz
HTAR: a   instcat_y02_191109/00433127.tar.gz
HTAR: a   instcat_y02_191109/00433128.tar.gz
HTAR: a   instcat_y02_191109/00433129.tar.gz
HTAR: a   instcat_y02_191109/00433130.tar.gz
HTAR: a   instcat_y02_191109/00433131.tar.gz
HTAR: a   instcat_y02_191109/00433132.tar.gz
HTAR: a   instcat_y02_191109/00433140.tar.gz
HTAR: a   instcat_y02_191109/00433177.tar.gz
HTAR: a   instcat_y02_191109/00433184.tar.gz
HTAR: a   instcat_y02_191109/00433185.tar.gz
HTAR: a   instcat_y02_191109/00433186.tar.gz
HTAR: a   instcat_y02_191109/00433187.tar.gz
HTAR: a   instcat_y02_191109/00433188.tar.gz
HTAR: a   instcat_y02_191109/00433189.tar.gz
HTAR: a   instcat_y02_191109/00433190.tar.gz
HTAR: a   instcat_y02_191109/00433192.tar.gz
HTAR: a   instcat_y02_191109/00433193.tar.gz
HTAR: a   instcat_y02_191109/00433211.tar.gz
HTAR: a   instcat_y02_191109/00433214.tar.gz
HTAR: a   instcat_y02_191109/00433215.tar.gz
HTAR: a   instcat_y02_191109/00433216.tar.gz
HTAR: a   instcat_y02_191109/00433217.tar.gz
HTAR: a   instcat_y02_191109/00433218.tar.gz
HTAR: a   instcat_y02_191109/00433219.tar.gz
HTAR: a   instcat_y02_191109/00433220.tar.gz
HTAR: a   instcat_y02_191109/00433222.tar.gz
HTAR: a   instcat_y02_191109/00433223.tar.gz
HTAR: a   instcat_y02_191109/00433224.tar.gz
HTAR: a   instcat_y02_191109/00433374.tar.gz
HTAR: a   instcat_y02_191109/00433380.tar.gz
HTAR: a   instcat_y02_191109/00433395.tar.gz
HTAR: a   instcat_y02_191109/00433869.tar.gz
HTAR: a   instcat_y02_191109/00433870.tar.gz
HTAR: a   instcat_y02_191109/00433873.tar.gz
HTAR: a   instcat_y02_191109/00433874.tar.gz
HTAR: a   instcat_y02_191109/00433920.tar.gz
HTAR: a   instcat_y02_191109/00433921.tar.gz
HTAR: a   instcat_y02_191109/00433922.tar.gz
HTAR: a   instcat_y02_191109/00433923.tar.gz
HTAR: a   instcat_y02_191109/00433924.tar.gz
HTAR: a   instcat_y02_191109/00433925.tar.gz
HTAR: a   instcat_y02_191109/00433926.tar.gz
HTAR: a   instcat_y02_191109/00433927.tar.gz
HTAR: a   instcat_y02_191109/00433928.tar.gz
HTAR: a   instcat_y02_191109/00433929.tar.gz
HTAR: a   instcat_y02_191109/00433930.tar.gz
HTAR: a   instcat_y02_191109/00433931.tar.gz
HTAR: a   instcat_y02_191109/00433932.tar.gz
HTAR: a   instcat_y02_191109/00433933.tar.gz
HTAR: a   instcat_y02_191109/00433934.tar.gz
HTAR: a   instcat_y02_191109/00433935.tar.gz
HTAR: a   instcat_y02_191109/00433936.tar.gz
HTAR: a   instcat_y02_191109/00433937.tar.gz
HTAR: a   instcat_y02_191109/00433938.tar.gz
HTAR: a   instcat_y02_191109/00433939.tar.gz
HTAR: a   instcat_y02_191109/00433944.tar.gz
HTAR: a   instcat_y02_191109/00433947.tar.gz
HTAR: a   instcat_y02_191109/00433948.tar.gz
HTAR: a   instcat_y02_191109/00433949.tar.gz
HTAR: a   instcat_y02_191109/00433950.tar.gz
HTAR: a   instcat_y02_191109/00433958.tar.gz
HTAR: a   instcat_y02_191109/00433960.tar.gz
HTAR: a   instcat_y02_191109/00433961.tar.gz
HTAR: a   instcat_y02_191109/00433962.tar.gz
HTAR: a   instcat_y02_191109/00433963.tar.gz
HTAR: a   instcat_y02_191109/00433964.tar.gz
HTAR: a   instcat_y02_191109/00433966.tar.gz
HTAR: a   instcat_y02_191109/00433980.tar.gz
HTAR: a   instcat_y02_191109/00433981.tar.gz
HTAR: a   instcat_y02_191109/00433988.tar.gz
HTAR: a   instcat_y02_191109/00433992.tar.gz
HTAR: a   instcat_y02_191109/00433993.tar.gz
HTAR: a   instcat_y02_191109/00433995.tar.gz
HTAR: a   instcat_y02_191109/00433996.tar.gz
HTAR: a   instcat_y02_191109/00433998.tar.gz
HTAR: a   instcat_y02_191109/00434038.tar.gz
HTAR: a   instcat_y02_191109/00434049.tar.gz
HTAR: a   instcat_y02_191109/00434086.tar.gz
HTAR: a   instcat_y02_191109/00434087.tar.gz
HTAR: a   instcat_y02_191109/00434088.tar.gz
HTAR: a   instcat_y02_191109/00434089.tar.gz
HTAR: a   instcat_y02_191109/00434090.tar.gz
HTAR: a   instcat_y02_191109/00434107.tar.gz
HTAR: a   instcat_y02_191109/00434110.tar.gz
HTAR: a   instcat_y02_191109/00434111.tar.gz
HTAR: a   instcat_y02_191109/00434112.tar.gz
HTAR: a   instcat_y02_191109/00434113.tar.gz
HTAR: a   instcat_y02_191109/00434124.tar.gz
HTAR: a   instcat_y02_191109/00434139.tar.gz
HTAR: a   instcat_y02_191109/00434141.tar.gz
HTAR: a   instcat_y02_191109/00434142.tar.gz
HTAR: a   instcat_y02_191109/00434174.tar.gz
HTAR: a   instcat_y02_191109/00434175.tar.gz
HTAR: a   instcat_y02_191109/00434176.tar.gz
HTAR: a   instcat_y02_191109/00434209.tar.gz
HTAR: a   instcat_y02_191109/00434210.tar.gz
HTAR: a   instcat_y02_191109/00434211.tar.gz
HTAR: a   instcat_y02_191109/00434219.tar.gz
HTAR: a   instcat_y02_191109/00434823.tar.gz
HTAR: a   instcat_y02_191109/00434824.tar.gz
HTAR: a   instcat_y02_191109/00434825.tar.gz
HTAR: a   instcat_y02_191109/00434826.tar.gz
HTAR: a   instcat_y02_191109/00434827.tar.gz
HTAR: a   instcat_y02_191109/00434828.tar.gz
HTAR: a   instcat_y02_191109/00434829.tar.gz
HTAR: a   instcat_y02_191109/00434830.tar.gz
HTAR: a   instcat_y02_191109/job_log_00433068.txt
HTAR: a   instcat_y02_191109/job_log_00433070.txt
HTAR: a   instcat_y02_191109/job_log_00433071.txt
HTAR: a   instcat_y02_191109/job_log_00433072.txt
HTAR: a   instcat_y02_191109/job_log_00433076.txt
HTAR: a   instcat_y02_191109/job_log_00433077.txt
HTAR: a   instcat_y02_191109/job_log_00433079.txt
HTAR: a   instcat_y02_191109/job_log_00433080.txt
HTAR: a   instcat_y02_191109/job_log_00433091.txt
HTAR: a   instcat_y02_191109/job_log_00433092.txt
HTAR: a   instcat_y02_191109/job_log_00433093.txt
HTAR: a   instcat_y02_191109/job_log_00433094.txt
HTAR: a   instcat_y02_191109/job_log_00433095.txt
HTAR: a   instcat_y02_191109/job_log_00433096.txt
HTAR: a   instcat_y02_191109/job_log_00433097.txt
HTAR: a   instcat_y02_191109/job_log_00433126.txt
HTAR: a   instcat_y02_191109/job_log_00433127.txt
HTAR: a   instcat_y02_191109/job_log_00433128.txt
HTAR: a   instcat_y02_191109/job_log_00433129.txt
HTAR: a   instcat_y02_191109/job_log_00433130.txt
HTAR: a   instcat_y02_191109/job_log_00433131.txt
HTAR: a   instcat_y02_191109/job_log_00433132.txt
HTAR: a   instcat_y02_191109/job_log_00433140.txt
HTAR: a   instcat_y02_191109/job_log_00433177.txt
HTAR: a   instcat_y02_191109/job_log_00433184.txt
HTAR: a   instcat_y02_191109/job_log_00433185.txt
HTAR: a   instcat_y02_191109/job_log_00433186.txt
HTAR: a   instcat_y02_191109/job_log_00433187.txt
HTAR: a   instcat_y02_191109/job_log_00433188.txt
HTAR: a   instcat_y02_191109/job_log_00433189.txt
HTAR: a   instcat_y02_191109/job_log_00433190.txt
HTAR: a   instcat_y02_191109/job_log_00433192.txt
HTAR: a   instcat_y02_191109/job_log_00433193.txt
HTAR: a   instcat_y02_191109/job_log_00433211.txt
HTAR: a   instcat_y02_191109/job_log_00433214.txt
HTAR: a   instcat_y02_191109/job_log_00433215.txt
HTAR: a   instcat_y02_191109/job_log_00433216.txt
HTAR: a   instcat_y02_191109/job_log_00433217.txt
HTAR: a   instcat_y02_191109/job_log_00433218.txt
HTAR: a   instcat_y02_191109/job_log_00433219.txt
HTAR: a   instcat_y02_191109/job_log_00433220.txt
HTAR: a   instcat_y02_191109/job_log_00433222.txt
HTAR: a   instcat_y02_191109/job_log_00433223.txt
HTAR: a   instcat_y02_191109/job_log_00433224.txt
HTAR: a   instcat_y02_191109/job_log_00433374.txt
HTAR: a   instcat_y02_191109/job_log_00433380.txt
HTAR: a   instcat_y02_191109/job_log_00433395.txt
HTAR: a   instcat_y02_191109/job_log_00433869.txt
HTAR: a   instcat_y02_191109/job_log_00433870.txt
HTAR: a   instcat_y02_191109/job_log_00433873.txt
HTAR: a   instcat_y02_191109/job_log_00433874.txt
HTAR: a   instcat_y02_191109/job_log_00433920.txt
HTAR: a   instcat_y02_191109/job_log_00433921.txt
HTAR: a   instcat_y02_191109/job_log_00433922.txt
HTAR: a   instcat_y02_191109/job_log_00433923.txt
HTAR: a   instcat_y02_191109/job_log_00433924.txt
HTAR: a   instcat_y02_191109/job_log_00433925.txt
HTAR: a   instcat_y02_191109/job_log_00433926.txt
HTAR: a   instcat_y02_191109/job_log_00433927.txt
HTAR: a   instcat_y02_191109/job_log_00433928.txt
HTAR: a   instcat_y02_191109/job_log_00433929.txt
HTAR: a   instcat_y02_191109/job_log_00433930.txt
HTAR: a   instcat_y02_191109/job_log_00433931.txt
HTAR: a   instcat_y02_191109/job_log_00433932.txt
HTAR: a   instcat_y02_191109/job_log_00433933.txt
HTAR: a   instcat_y02_191109/job_log_00433934.txt
HTAR: a   instcat_y02_191109/job_log_00433935.txt
HTAR: a   instcat_y02_191109/job_log_00433936.txt
HTAR: a   instcat_y02_191109/job_log_00433937.txt
HTAR: a   instcat_y02_191109/job_log_00433938.txt
HTAR: a   instcat_y02_191109/job_log_00433939.txt
HTAR: a   instcat_y02_191109/job_log_00433944.txt
HTAR: a   instcat_y02_191109/job_log_00433947.txt
HTAR: a   instcat_y02_191109/job_log_00433948.txt
HTAR: a   instcat_y02_191109/job_log_00433949.txt
HTAR: a   instcat_y02_191109/job_log_00433950.txt
HTAR: a   instcat_y02_191109/job_log_00433958.txt
HTAR: a   instcat_y02_191109/job_log_00433960.txt
HTAR: a   instcat_y02_191109/job_log_00433961.txt
HTAR: a   instcat_y02_191109/job_log_00433962.txt
HTAR: a   instcat_y02_191109/job_log_00433963.txt
HTAR: a   instcat_y02_191109/job_log_00433964.txt
HTAR: a   instcat_y02_191109/job_log_00433966.txt
HTAR: a   instcat_y02_191109/job_log_00433980.txt
HTAR: a   instcat_y02_191109/job_log_00433981.txt
HTAR: a   instcat_y02_191109/job_log_00433988.txt
HTAR: a   instcat_y02_191109/job_log_00433992.txt
HTAR: a   instcat_y02_191109/job_log_00433993.txt
HTAR: a   instcat_y02_191109/job_log_00433995.txt
HTAR: a   instcat_y02_191109/job_log_00433996.txt
HTAR: a   instcat_y02_191109/job_log_00433998.txt
HTAR: a   instcat_y02_191109/job_log_00434038.txt
HTAR: a   instcat_y02_191109/job_log_00434049.txt
HTAR: a   instcat_y02_191109/job_log_00434086.txt
HTAR: a   instcat_y02_191109/job_log_00434087.txt
HTAR: a   instcat_y02_191109/job_log_00434088.txt
HTAR: a   instcat_y02_191109/job_log_00434089.txt
HTAR: a   instcat_y02_191109/job_log_00434090.txt
HTAR: a   instcat_y02_191109/job_log_00434107.txt
HTAR: a   instcat_y02_191109/job_log_00434110.txt
HTAR: a   instcat_y02_191109/job_log_00434111.txt
HTAR: a   instcat_y02_191109/job_log_00434112.txt
HTAR: a   instcat_y02_191109/job_log_00434113.txt
HTAR: a   instcat_y02_191109/job_log_00434124.txt
HTAR: a   instcat_y02_191109/job_log_00434139.txt
HTAR: a   instcat_y02_191109/job_log_00434141.txt
HTAR: a   instcat_y02_191109/job_log_00434142.txt
HTAR: a   instcat_y02_191109/job_log_00434174.txt
HTAR: a   instcat_y02_191109/job_log_00434175.txt
HTAR: a   instcat_y02_191109/job_log_00434176.txt
HTAR: a   instcat_y02_191109/job_log_00434209.txt
HTAR: a   instcat_y02_191109/job_log_00434210.txt
HTAR: a   instcat_y02_191109/job_log_00434211.txt
HTAR: a   instcat_y02_191109/job_log_00434219.txt
HTAR: a   instcat_y02_191109/job_log_00434823.txt
HTAR: a   instcat_y02_191109/job_log_00434824.txt
HTAR: a   instcat_y02_191109/job_log_00434825.txt
HTAR: a   instcat_y02_191109/job_log_00434826.txt
HTAR: a   instcat_y02_191109/job_log_00434827.txt
HTAR: a   instcat_y02_191109/job_log_00434828.txt
HTAR: a   instcat_y02_191109/job_log_00434829.txt
HTAR: a   instcat_y02_191109/job_log_00434830.txt
HTAR: a   /tmp/HTAR_CF_CHK_29459_1580490056
HTAR Create complete for /home/projects/desc/DC2_ImSim/Run2.2i/instCat/y02_191109/00433068to00434830.tar. 544,850,431,488 bytes written for 244 member files, max threads: 50 Transfer time: 3374.416 seconds (161.465 MB/s) wallclock/user/sys: 3375.932 3973.073 1569.696 seconds
HTAR: HTAR SUCCESSFUL
HTAR: a   instcat_y02_191109/00434831.tar.gz
HTAR: a   instcat_y02_191109/00434832.tar.gz
HTAR: a   instcat_y02_191109/00434833.tar.gz
HTAR: a   instcat_y02_191109/00434834.tar.gz
HTAR: a   instcat_y02_191109/00434835.tar.gz
HTAR: a   instcat_y02_191109/00434836.tar.gz
HTAR: a   instcat_y02_191109/00434837.tar.gz
HTAR: a   instcat_y02_191109/00434838.tar.gz
HTAR: a   instcat_y02_191109/00434839.tar.gz
HTAR: a   instcat_y02_191109/00434840.tar.gz
HTAR: a   instcat_y02_191109/00434841.tar.gz
HTAR: a   instcat_y02_191109/00434842.tar.gz
HTAR: a   instcat_y02_191109/00435687.tar.gz
HTAR: a   instcat_y02_191109/00435716.tar.gz
HTAR: a   instcat_y02_191109/00436418.tar.gz
HTAR: a   instcat_y02_191109/00436426.tar.gz
HTAR: a   instcat_y02_191109/00436427.tar.gz
HTAR: a   instcat_y02_191109/00436457.tar.gz
HTAR: a   instcat_y02_191109/00436458.tar.gz
HTAR: a   instcat_y02_191109/00436459.tar.gz
HTAR: a   instcat_y02_191109/00436477.tar.gz
HTAR: a   instcat_y02_191109/00436490.tar.gz
HTAR: a   instcat_y02_191109/00436491.tar.gz
HTAR: a   instcat_y02_191109/00436492.tar.gz
HTAR: a   instcat_y02_191109/00436493.tar.gz
HTAR: a   instcat_y02_191109/00436494.tar.gz
HTAR: a   instcat_y02_191109/00436495.tar.gz
HTAR: a   instcat_y02_191109/00436496.tar.gz
HTAR: a   instcat_y02_191109/00436497.tar.gz
HTAR: a   instcat_y02_191109/00436500.tar.gz
HTAR: a   instcat_y02_191109/00436526.tar.gz
HTAR: a   instcat_y02_191109/00436527.tar.gz
HTAR: a   instcat_y02_191109/00436528.tar.gz
HTAR: a   instcat_y02_191109/00436532.tar.gz
HTAR: a   instcat_y02_191109/00436533.tar.gz
HTAR: a   instcat_y02_191109/00436534.tar.gz
HTAR: a   instcat_y02_191109/00436538.tar.gz
HTAR: a   instcat_y02_191109/00436539.tar.gz
HTAR: a   instcat_y02_191109/00436542.tar.gz
HTAR: a   instcat_y02_191109/00436543.tar.gz
HTAR: a   instcat_y02_191109/00436578.tar.gz
HTAR: a   instcat_y02_191109/00436579.tar.gz
HTAR: a   instcat_y02_191109/00436583.tar.gz
HTAR: a   instcat_y02_191109/00436586.tar.gz
HTAR: a   instcat_y02_191109/00436587.tar.gz
HTAR: a   instcat_y02_191109/00436768.tar.gz
HTAR: a   instcat_y02_191109/00436769.tar.gz
HTAR: a   instcat_y02_191109/00436773.tar.gz
HTAR: a   instcat_y02_191109/00437318.tar.gz
HTAR: a   instcat_y02_191109/00437319.tar.gz
HTAR: a   instcat_y02_191109/00437320.tar.gz
HTAR: a   instcat_y02_191109/00437321.tar.gz
HTAR: a   instcat_y02_191109/00437322.tar.gz
HTAR: a   instcat_y02_191109/00437323.tar.gz
HTAR: a   instcat_y02_191109/00437324.tar.gz
HTAR: a   instcat_y02_191109/00437349.tar.gz
HTAR: a   instcat_y02_191109/00437350.tar.gz
HTAR: a   instcat_y02_191109/00437351.tar.gz
HTAR: a   instcat_y02_191109/00437352.tar.gz
HTAR: a   instcat_y02_191109/00437353.tar.gz
HTAR: a   instcat_y02_191109/00439120.tar.gz
HTAR: a   instcat_y02_191109/00439121.tar.gz
HTAR: a   instcat_y02_191109/00439122.tar.gz
HTAR: a   instcat_y02_191109/00439123.tar.gz
HTAR: a   instcat_y02_191109/00439124.tar.gz
HTAR: a   instcat_y02_191109/00439125.tar.gz
HTAR: a   instcat_y02_191109/00439126.tar.gz
HTAR: a   instcat_y02_191109/00439127.tar.gz
HTAR: a   instcat_y02_191109/00439128.tar.gz
HTAR: a   instcat_y02_191109/00439129.tar.gz
HTAR: a   instcat_y02_191109/00439130.tar.gz
HTAR: a   instcat_y02_191109/00439131.tar.gz
HTAR: a   instcat_y02_191109/00439132.tar.gz
HTAR: a   instcat_y02_191109/00439133.tar.gz
HTAR: a   instcat_y02_191109/00439134.tar.gz
HTAR: a   instcat_y02_191109/00439135.tar.gz
HTAR: a   instcat_y02_191109/00439136.tar.gz
HTAR: a   instcat_y02_191109/00439137.tar.gz
HTAR: a   instcat_y02_191109/00439138.tar.gz
HTAR: a   instcat_y02_191109/00439139.tar.gz
HTAR: a   instcat_y02_191109/00439140.tar.gz
HTAR: a   instcat_y02_191109/00439141.tar.gz
HTAR: a   instcat_y02_191109/00439142.tar.gz
HTAR: a   instcat_y02_191109/00439143.tar.gz
HTAR: a   instcat_y02_191109/00439144.tar.gz
HTAR: a   instcat_y02_191109/00439145.tar.gz
HTAR: a   instcat_y02_191109/00439146.tar.gz
HTAR: a   instcat_y02_191109/00439147.tar.gz
HTAR: a   instcat_y02_191109/00439148.tar.gz
HTAR: a   instcat_y02_191109/00439149.tar.gz
HTAR: a   instcat_y02_191109/00439150.tar.gz
HTAR: a   instcat_y02_191109/00439151.tar.gz
HTAR: a   instcat_y02_191109/00439152.tar.gz
HTAR: a   instcat_y02_191109/00439153.tar.gz
HTAR: a   instcat_y02_191109/00439154.tar.gz
HTAR: a   instcat_y02_191109/00439155.tar.gz
HTAR: a   instcat_y02_191109/00439156.tar.gz
HTAR: a   instcat_y02_191109/00439157.tar.gz
HTAR: a   instcat_y02_191109/00439158.tar.gz
HTAR: a   instcat_y02_191109/00439159.tar.gz
HTAR: a   instcat_y02_191109/00439160.tar.gz
HTAR: a   instcat_y02_191109/00439161.tar.gz
HTAR: a   instcat_y02_191109/00439162.tar.gz
HTAR: a   instcat_y02_191109/00439163.tar.gz
HTAR: a   instcat_y02_191109/00439164.tar.gz
HTAR: a   instcat_y02_191109/00439165.tar.gz
HTAR: a   instcat_y02_191109/00439166.tar.gz
HTAR: a   instcat_y02_191109/00439167.tar.gz
HTAR: a   instcat_y02_191109/00439168.tar.gz
HTAR: a   instcat_y02_191109/00439169.tar.gz
HTAR: a   instcat_y02_191109/00439170.tar.gz
HTAR: a   instcat_y02_191109/00439171.tar.gz
HTAR: a   instcat_y02_191109/00439172.tar.gz
HTAR: a   instcat_y02_191109/00439173.tar.gz
HTAR: a   instcat_y02_191109/00439174.tar.gz
HTAR: a   instcat_y02_191109/00439175.tar.gz
HTAR: a   instcat_y02_191109/00439176.tar.gz
HTAR: a   instcat_y02_191109/00439177.tar.gz
HTAR: a   instcat_y02_191109/00439178.tar.gz
HTAR: a   instcat_y02_191109/00439179.tar.gz
HTAR: a   instcat_y02_191109/00439180.tar.gz
HTAR: a   instcat_y02_191109/00439181.tar.gz
HTAR: a   instcat_y02_191109/job_log_00434831.txt
HTAR: a   instcat_y02_191109/job_log_00434832.txt
HTAR: a   instcat_y02_191109/job_log_00434833.txt
HTAR: a   instcat_y02_191109/job_log_00434834.txt
HTAR: a   instcat_y02_191109/job_log_00434835.txt
HTAR: a   instcat_y02_191109/job_log_00434836.txt
HTAR: a   instcat_y02_191109/job_log_00434837.txt
HTAR: a   instcat_y02_191109/job_log_00434838.txt
HTAR: a   instcat_y02_191109/job_log_00434839.txt
HTAR: a   instcat_y02_191109/job_log_00434840.txt
HTAR: a   instcat_y02_191109/job_log_00434841.txt
HTAR: a   instcat_y02_191109/job_log_00434842.txt
HTAR: a   instcat_y02_191109/job_log_00435687.txt
HTAR: a   instcat_y02_191109/job_log_00435716.txt
HTAR: a   instcat_y02_191109/job_log_00436418.txt
HTAR: a   instcat_y02_191109/job_log_00436426.txt
HTAR: a   instcat_y02_191109/job_log_00436427.txt
HTAR: a   instcat_y02_191109/job_log_00436457.txt
HTAR: a   instcat_y02_191109/job_log_00436458.txt
HTAR: a   instcat_y02_191109/job_log_00436459.txt
HTAR: a   instcat_y02_191109/job_log_00436477.txt
HTAR: a   instcat_y02_191109/job_log_00436490.txt
HTAR: a   instcat_y02_191109/job_log_00436491.txt
HTAR: a   instcat_y02_191109/job_log_00436492.txt
HTAR: a   instcat_y02_191109/job_log_00436493.txt
HTAR: a   instcat_y02_191109/job_log_00436494.txt
HTAR: a   instcat_y02_191109/job_log_00436495.txt
HTAR: a   instcat_y02_191109/job_log_00436496.txt
HTAR: a   instcat_y02_191109/job_log_00436497.txt
HTAR: a   instcat_y02_191109/job_log_00436500.txt
HTAR: a   instcat_y02_191109/job_log_00436526.txt
HTAR: a   instcat_y02_191109/job_log_00436527.txt
HTAR: a   instcat_y02_191109/job_log_00436528.txt
HTAR: a   instcat_y02_191109/job_log_00436532.txt
HTAR: a   instcat_y02_191109/job_log_00436533.txt
HTAR: a   instcat_y02_191109/job_log_00436534.txt
HTAR: a   instcat_y02_191109/job_log_00436538.txt
HTAR: a   instcat_y02_191109/job_log_00436539.txt
HTAR: a   instcat_y02_191109/job_log_00436542.txt
HTAR: a   instcat_y02_191109/job_log_00436543.txt
HTAR: a   instcat_y02_191109/job_log_00436578.txt
HTAR: a   instcat_y02_191109/job_log_00436579.txt
HTAR: a   instcat_y02_191109/job_log_00436583.txt
HTAR: a   instcat_y02_191109/job_log_00436586.txt
HTAR: a   instcat_y02_191109/job_log_00436587.txt
HTAR: a   instcat_y02_191109/job_log_00436768.txt
HTAR: a   instcat_y02_191109/job_log_00436769.txt
HTAR: a   instcat_y02_191109/job_log_00436773.txt
HTAR: a   instcat_y02_191109/job_log_00437318.txt
HTAR: a   instcat_y02_191109/job_log_00437319.txt
HTAR: a   instcat_y02_191109/job_log_00437320.txt
HTAR: a   instcat_y02_191109/job_log_00437321.txt
HTAR: a   instcat_y02_191109/job_log_00437322.txt
HTAR: a   instcat_y02_191109/job_log_00437323.txt
HTAR: a   instcat_y02_191109/job_log_00437324.txt
HTAR: a   instcat_y02_191109/job_log_00437349.txt
HTAR: a   instcat_y02_191109/job_log_00437350.txt
HTAR: a   instcat_y02_191109/job_log_00437351.txt
HTAR: a   instcat_y02_191109/job_log_00437352.txt
HTAR: a   instcat_y02_191109/job_log_00437353.txt
HTAR: a   instcat_y02_191109/job_log_00439120.txt
HTAR: a   instcat_y02_191109/job_log_00439121.txt
HTAR: a   instcat_y02_191109/job_log_00439122.txt
HTAR: a   instcat_y02_191109/job_log_00439123.txt
HTAR: a   instcat_y02_191109/job_log_00439124.txt
HTAR: a   instcat_y02_191109/job_log_00439125.txt
HTAR: a   instcat_y02_191109/job_log_00439126.txt
HTAR: a   instcat_y02_191109/job_log_00439127.txt
HTAR: a   instcat_y02_191109/job_log_00439128.txt
HTAR: a   instcat_y02_191109/job_log_00439129.txt
HTAR: a   instcat_y02_191109/job_log_00439130.txt
HTAR: a   instcat_y02_191109/job_log_00439131.txt
HTAR: a   instcat_y02_191109/job_log_00439132.txt
HTAR: a   instcat_y02_191109/job_log_00439133.txt
HTAR: a   instcat_y02_191109/job_log_00439134.txt
HTAR: a   instcat_y02_191109/job_log_00439135.txt
HTAR: a   instcat_y02_191109/job_log_00439136.txt
HTAR: a   instcat_y02_191109/job_log_00439137.txt
HTAR: a   instcat_y02_191109/job_log_00439138.txt
HTAR: a   instcat_y02_191109/job_log_00439139.txt
HTAR: a   instcat_y02_191109/job_log_00439140.txt
HTAR: a   instcat_y02_191109/job_log_00439141.txt
HTAR: a   instcat_y02_191109/job_log_00439142.txt
HTAR: a   instcat_y02_191109/job_log_00439143.txt
HTAR: a   instcat_y02_191109/job_log_00439144.txt
HTAR: a   instcat_y02_191109/job_log_00439145.txt
HTAR: a   instcat_y02_191109/job_log_00439146.txt
HTAR: a   instcat_y02_191109/job_log_00439147.txt
HTAR: a   instcat_y02_191109/job_log_00439148.txt
HTAR: a   instcat_y02_191109/job_log_00439149.txt
HTAR: a   instcat_y02_191109/job_log_00439150.txt
HTAR: a   instcat_y02_191109/job_log_00439151.txt
HTAR: a   instcat_y02_191109/job_log_00439152.txt
HTAR: a   instcat_y02_191109/job_log_00439153.txt
HTAR: a   instcat_y02_191109/job_log_00439154.txt
HTAR: a   instcat_y02_191109/job_log_00439155.txt
HTAR: a   instcat_y02_191109/job_log_00439156.txt
HTAR: a   instcat_y02_191109/job_log_00439157.txt
HTAR: a   instcat_y02_191109/job_log_00439158.txt
HTAR: a   instcat_y02_191109/job_log_00439159.txt
HTAR: a   instcat_y02_191109/job_log_00439160.txt
HTAR: a   instcat_y02_191109/job_log_00439161.txt
HTAR: a   instcat_y02_191109/job_log_00439162.txt
HTAR: a   instcat_y02_191109/job_log_00439163.txt
HTAR: a   instcat_y02_191109/job_log_00439164.txt
HTAR: a   instcat_y02_191109/job_log_00439165.txt
HTAR: a   instcat_y02_191109/job_log_00439166.txt
HTAR: a   instcat_y02_191109/job_log_00439167.txt
HTAR: a   instcat_y02_191109/job_log_00439168.txt
HTAR: a   instcat_y02_191109/job_log_00439169.txt
HTAR: a   instcat_y02_191109/job_log_00439170.txt
HTAR: a   instcat_y02_191109/job_log_00439171.txt
HTAR: a   instcat_y02_191109/job_log_00439172.txt
HTAR: a   instcat_y02_191109/job_log_00439173.txt
HTAR: a   instcat_y02_191109/job_log_00439174.txt
HTAR: a   instcat_y02_191109/job_log_00439175.txt
HTAR: a   instcat_y02_191109/job_log_00439176.txt
HTAR: a   instcat_y02_191109/job_log_00439177.txt
HTAR: a   instcat_y02_191109/job_log_00439178.txt
HTAR: a   instcat_y02_191109/job_log_00439179.txt
HTAR: a   instcat_y02_191109/job_log_00439180.txt
HTAR: a   instcat_y02_191109/job_log_00439181.txt
HTAR: a   /tmp/HTAR_CF_CHK_45287_1580493434
HTAR Create complete for /home/projects/desc/DC2_ImSim/Run2.2i/instCat/y02_191109/00434831to00439181.tar. 572,371,372,544 bytes written for 244 member files, max threads: 50 Transfer time: 3219.557 seconds (177.780 MB/s) wallclock/user/sys: 3220.786 4135.407 1143.448 seconds
HTAR: HTAR SUCCESSFUL
HTAR: a   instcat_y02_191109/00439182.tar.gz
HTAR: a   instcat_y02_191109/00439183.tar.gz
HTAR: a   instcat_y02_191109/00439184.tar.gz
HTAR: a   instcat_y02_191109/00439185.tar.gz
HTAR: a   instcat_y02_191109/00439186.tar.gz
HTAR: a   instcat_y02_191109/00439187.tar.gz
HTAR: a   instcat_y02_191109/00439188.tar.gz
HTAR: a   instcat_y02_191109/00439189.tar.gz
HTAR: a   instcat_y02_191109/00439190.tar.gz
HTAR: a   instcat_y02_191109/00439191.tar.gz
HTAR: a   instcat_y02_191109/00439192.tar.gz
HTAR: a   instcat_y02_191109/00439193.tar.gz
HTAR: a   instcat_y02_191109/00439194.tar.gz
HTAR: a   instcat_y02_191109/00439195.tar.gz
HTAR: a   instcat_y02_191109/00439196.tar.gz
HTAR: a   instcat_y02_191109/00439197.tar.gz
HTAR: a   instcat_y02_191109/00439198.tar.gz
HTAR: a   instcat_y02_191109/00439199.tar.gz
HTAR: a   instcat_y02_191109/00439200.tar.gz
HTAR: a   instcat_y02_191109/00439201.tar.gz
HTAR: a   instcat_y02_191109/00439202.tar.gz
HTAR: a   instcat_y02_191109/00439203.tar.gz
HTAR: a   instcat_y02_191109/00439204.tar.gz
HTAR: a   instcat_y02_191109/00439205.tar.gz
HTAR: a   instcat_y02_191109/00439206.tar.gz
HTAR: a   instcat_y02_191109/00439207.tar.gz
HTAR: a   instcat_y02_191109/00439208.tar.gz
HTAR: a   instcat_y02_191109/00439209.tar.gz
HTAR: a   instcat_y02_191109/00439210.tar.gz
HTAR: a   instcat_y02_191109/00439211.tar.gz
HTAR: a   instcat_y02_191109/00439212.tar.gz
HTAR: a   instcat_y02_191109/00439213.tar.gz
HTAR: a   instcat_y02_191109/00439214.tar.gz
HTAR: a   instcat_y02_191109/00439215.tar.gz
HTAR: a   instcat_y02_191109/00440935.tar.gz
HTAR: a   instcat_y02_191109/00440936.tar.gz
HTAR: a   instcat_y02_191109/00440938.tar.gz
HTAR: a   instcat_y02_191109/00440939.tar.gz
HTAR: a   instcat_y02_191109/00440940.tar.gz
HTAR: a   instcat_y02_191109/00440941.tar.gz
HTAR: a   instcat_y02_191109/00440942.tar.gz
HTAR: a   instcat_y02_191109/00440943.tar.gz
HTAR: a   instcat_y02_191109/00440944.tar.gz
HTAR: a   instcat_y02_191109/00440971.tar.gz
HTAR: a   instcat_y02_191109/00440973.tar.gz
HTAR: a   instcat_y02_191109/00440974.tar.gz
HTAR: a   instcat_y02_191109/00440975.tar.gz
HTAR: a   instcat_y02_191109/00440977.tar.gz
HTAR: a   instcat_y02_191109/00440978.tar.gz
HTAR: a   instcat_y02_191109/00440979.tar.gz
HTAR: a   instcat_y02_191109/00440980.tar.gz
HTAR: a   instcat_y02_191109/00440982.tar.gz
HTAR: a   instcat_y02_191109/00440983.tar.gz
HTAR: a   instcat_y02_191109/00441017.tar.gz
HTAR: a   instcat_y02_191109/00441020.tar.gz
HTAR: a   instcat_y02_191109/00441138.tar.gz
HTAR: a   instcat_y02_191109/00441140.tar.gz
HTAR: a   instcat_y02_191109/00441141.tar.gz
HTAR: a   instcat_y02_191109/00441142.tar.gz
HTAR: a   instcat_y02_191109/00441188.tar.gz
HTAR: a   instcat_y02_191109/00441189.tar.gz
HTAR: a   instcat_y02_191109/00441190.tar.gz
HTAR: a   instcat_y02_191109/00441191.tar.gz
HTAR: a   instcat_y02_191109/00441192.tar.gz
HTAR: a   instcat_y02_191109/00441194.tar.gz
HTAR: a   instcat_y02_191109/00441795.tar.gz
HTAR: a   instcat_y02_191109/00441796.tar.gz
HTAR: a   instcat_y02_191109/00441797.tar.gz
HTAR: a   instcat_y02_191109/00441798.tar.gz
HTAR: a   instcat_y02_191109/00441799.tar.gz
HTAR: a   instcat_y02_191109/00441800.tar.gz
HTAR: a   instcat_y02_191109/00441801.tar.gz
HTAR: a   instcat_y02_191109/00441802.tar.gz
HTAR: a   instcat_y02_191109/00441803.tar.gz
HTAR: a   instcat_y02_191109/00441804.tar.gz
HTAR: a   instcat_y02_191109/00441805.tar.gz
HTAR: a   instcat_y02_191109/00441806.tar.gz
HTAR: a   instcat_y02_191109/00441807.tar.gz
HTAR: a   instcat_y02_191109/00441808.tar.gz
HTAR: a   instcat_y02_191109/00441809.tar.gz
HTAR: a   instcat_y02_191109/00441810.tar.gz
HTAR: a   instcat_y02_191109/00441811.tar.gz
HTAR: a   instcat_y02_191109/00441812.tar.gz
HTAR: a   instcat_y02_191109/00441813.tar.gz
HTAR: a   instcat_y02_191109/00441814.tar.gz
HTAR: a   instcat_y02_191109/00441815.tar.gz
HTAR: a   instcat_y02_191109/00441816.tar.gz
HTAR: a   instcat_y02_191109/00441817.tar.gz
HTAR: a   instcat_y02_191109/00441818.tar.gz
HTAR: a   instcat_y02_191109/00441819.tar.gz
HTAR: a   instcat_y02_191109/00441820.tar.gz
HTAR: a   instcat_y02_191109/00441821.tar.gz
HTAR: a   instcat_y02_191109/00441822.tar.gz
HTAR: a   instcat_y02_191109/00441823.tar.gz
HTAR: a   instcat_y02_191109/00441824.tar.gz
HTAR: a   instcat_y02_191109/00441825.tar.gz
HTAR: a   instcat_y02_191109/00441826.tar.gz
HTAR: a   instcat_y02_191109/00441827.tar.gz
HTAR: a   instcat_y02_191109/00441828.tar.gz
HTAR: a   instcat_y02_191109/00441829.tar.gz
HTAR: a   instcat_y02_191109/00441830.tar.gz
HTAR: a   instcat_y02_191109/00441831.tar.gz
HTAR: a   instcat_y02_191109/00441832.tar.gz
HTAR: a   instcat_y02_191109/00441833.tar.gz
HTAR: a   instcat_y02_191109/00441834.tar.gz
HTAR: a   instcat_y02_191109/00441835.tar.gz
HTAR: a   instcat_y02_191109/00441836.tar.gz
HTAR: a   instcat_y02_191109/00441837.tar.gz
HTAR: a   instcat_y02_191109/00441838.tar.gz
HTAR: a   instcat_y02_191109/00441839.tar.gz
HTAR: a   instcat_y02_191109/00441840.tar.gz
HTAR: a   instcat_y02_191109/00441841.tar.gz
HTAR: a   instcat_y02_191109/00441842.tar.gz
HTAR: a   instcat_y02_191109/00441843.tar.gz
HTAR: a   instcat_y02_191109/00441844.tar.gz
HTAR: a   instcat_y02_191109/00441845.tar.gz
HTAR: a   instcat_y02_191109/00441846.tar.gz
HTAR: a   instcat_y02_191109/00441847.tar.gz
HTAR: a   instcat_y02_191109/00441848.tar.gz
HTAR: a   instcat_y02_191109/00441849.tar.gz
HTAR: a   instcat_y02_191109/00441850.tar.gz
HTAR: a   instcat_y02_191109/00441851.tar.gz
HTAR: a   instcat_y02_191109/job_log_00439182.txt
HTAR: a   instcat_y02_191109/job_log_00439183.txt
HTAR: a   instcat_y02_191109/job_log_00439184.txt
HTAR: a   instcat_y02_191109/job_log_00439185.txt
HTAR: a   instcat_y02_191109/job_log_00439186.txt
HTAR: a   instcat_y02_191109/job_log_00439187.txt
HTAR: a   instcat_y02_191109/job_log_00439188.txt
HTAR: a   instcat_y02_191109/job_log_00439189.txt
HTAR: a   instcat_y02_191109/job_log_00439190.txt
HTAR: a   instcat_y02_191109/job_log_00439191.txt
HTAR: a   instcat_y02_191109/job_log_00439192.txt
HTAR: a   instcat_y02_191109/job_log_00439193.txt
HTAR: a   instcat_y02_191109/job_log_00439194.txt
HTAR: a   instcat_y02_191109/job_log_00439195.txt
HTAR: a   instcat_y02_191109/job_log_00439196.txt
HTAR: a   instcat_y02_191109/job_log_00439197.txt
HTAR: a   instcat_y02_191109/job_log_00439198.txt
HTAR: a   instcat_y02_191109/job_log_00439199.txt
HTAR: a   instcat_y02_191109/job_log_00439200.txt
HTAR: a   instcat_y02_191109/job_log_00439201.txt
HTAR: a   instcat_y02_191109/job_log_00439202.txt
HTAR: a   instcat_y02_191109/job_log_00439203.txt
HTAR: a   instcat_y02_191109/job_log_00439204.txt
HTAR: a   instcat_y02_191109/job_log_00439205.txt
HTAR: a   instcat_y02_191109/job_log_00439206.txt
HTAR: a   instcat_y02_191109/job_log_00439207.txt
HTAR: a   instcat_y02_191109/job_log_00439208.txt
HTAR: a   instcat_y02_191109/job_log_00439209.txt
HTAR: a   instcat_y02_191109/job_log_00439210.txt
HTAR: a   instcat_y02_191109/job_log_00439211.txt
HTAR: a   instcat_y02_191109/job_log_00439212.txt
HTAR: a   instcat_y02_191109/job_log_00439213.txt
HTAR: a   instcat_y02_191109/job_log_00439214.txt
HTAR: a   instcat_y02_191109/job_log_00439215.txt
HTAR: a   instcat_y02_191109/job_log_00440935.txt
HTAR: a   instcat_y02_191109/job_log_00440936.txt
HTAR: a   instcat_y02_191109/job_log_00440938.txt
HTAR: a   instcat_y02_191109/job_log_00440939.txt
HTAR: a   instcat_y02_191109/job_log_00440940.txt
HTAR: a   instcat_y02_191109/job_log_00440941.txt
HTAR: a   instcat_y02_191109/job_log_00440942.txt
HTAR: a   instcat_y02_191109/job_log_00440943.txt
HTAR: a   instcat_y02_191109/job_log_00440944.txt
HTAR: a   instcat_y02_191109/job_log_00440971.txt
HTAR: a   instcat_y02_191109/job_log_00440973.txt
HTAR: a   instcat_y02_191109/job_log_00440974.txt
HTAR: a   instcat_y02_191109/job_log_00440975.txt
HTAR: a   instcat_y02_191109/job_log_00440977.txt
HTAR: a   instcat_y02_191109/job_log_00440978.txt
HTAR: a   instcat_y02_191109/job_log_00440979.txt
HTAR: a   instcat_y02_191109/job_log_00440980.txt
HTAR: a   instcat_y02_191109/job_log_00440982.txt
HTAR: a   instcat_y02_191109/job_log_00440983.txt
HTAR: a   instcat_y02_191109/job_log_00441017.txt
HTAR: a   instcat_y02_191109/job_log_00441020.txt
HTAR: a   instcat_y02_191109/job_log_00441138.txt
HTAR: a   instcat_y02_191109/job_log_00441140.txt
HTAR: a   instcat_y02_191109/job_log_00441141.txt
HTAR: a   instcat_y02_191109/job_log_00441142.txt
HTAR: a   instcat_y02_191109/job_log_00441188.txt
HTAR: a   instcat_y02_191109/job_log_00441189.txt
HTAR: a   instcat_y02_191109/job_log_00441190.txt
HTAR: a   instcat_y02_191109/job_log_00441191.txt
HTAR: a   instcat_y02_191109/job_log_00441192.txt
HTAR: a   instcat_y02_191109/job_log_00441194.txt
HTAR: a   instcat_y02_191109/job_log_00441795.txt
HTAR: a   instcat_y02_191109/job_log_00441796.txt
HTAR: a   instcat_y02_191109/job_log_00441797.txt
HTAR: a   instcat_y02_191109/job_log_00441798.txt
HTAR: a   instcat_y02_191109/job_log_00441799.txt
HTAR: a   instcat_y02_191109/job_log_00441800.txt
HTAR: a   instcat_y02_191109/job_log_00441801.txt
HTAR: a   instcat_y02_191109/job_log_00441802.txt
HTAR: a   instcat_y02_191109/job_log_00441803.txt
HTAR: a   instcat_y02_191109/job_log_00441804.txt
HTAR: a   instcat_y02_191109/job_log_00441805.txt
HTAR: a   instcat_y02_191109/job_log_00441806.txt
HTAR: a   instcat_y02_191109/job_log_00441807.txt
HTAR: a   instcat_y02_191109/job_log_00441808.txt
HTAR: a   instcat_y02_191109/job_log_00441809.txt
HTAR: a   instcat_y02_191109/job_log_00441810.txt
HTAR: a   instcat_y02_191109/job_log_00441811.txt
HTAR: a   instcat_y02_191109/job_log_00441812.txt
HTAR: a   instcat_y02_191109/job_log_00441813.txt
HTAR: a   instcat_y02_191109/job_log_00441814.txt
HTAR: a   instcat_y02_191109/job_log_00441815.txt
HTAR: a   instcat_y02_191109/job_log_00441816.txt
HTAR: a   instcat_y02_191109/job_log_00441817.txt
HTAR: a   instcat_y02_191109/job_log_00441818.txt
HTAR: a   instcat_y02_191109/job_log_00441819.txt
HTAR: a   instcat_y02_191109/job_log_00441820.txt
HTAR: a   instcat_y02_191109/job_log_00441821.txt
HTAR: a   instcat_y02_191109/job_log_00441822.txt
HTAR: a   instcat_y02_191109/job_log_00441823.txt
HTAR: a   instcat_y02_191109/job_log_00441824.txt
HTAR: a   instcat_y02_191109/job_log_00441825.txt
HTAR: a   instcat_y02_191109/job_log_00441826.txt
HTAR: a   instcat_y02_191109/job_log_00441827.txt
HTAR: a   instcat_y02_191109/job_log_00441828.txt
HTAR: a   instcat_y02_191109/job_log_00441829.txt
HTAR: a   instcat_y02_191109/job_log_00441830.txt
HTAR: a   instcat_y02_191109/job_log_00441831.txt
HTAR: a   instcat_y02_191109/job_log_00441832.txt
HTAR: a   instcat_y02_191109/job_log_00441833.txt
HTAR: a   instcat_y02_191109/job_log_00441834.txt
HTAR: a   instcat_y02_191109/job_log_00441835.txt
HTAR: a   instcat_y02_191109/job_log_00441836.txt
HTAR: a   instcat_y02_191109/job_log_00441837.txt
HTAR: a   instcat_y02_191109/job_log_00441838.txt
HTAR: a   instcat_y02_191109/job_log_00441839.txt
HTAR: a   instcat_y02_191109/job_log_00441840.txt
HTAR: a   instcat_y02_191109/job_log_00441841.txt
HTAR: a   instcat_y02_191109/job_log_00441842.txt
HTAR: a   instcat_y02_191109/job_log_00441843.txt
HTAR: a   instcat_y02_191109/job_log_00441844.txt
HTAR: a   instcat_y02_191109/job_log_00441845.txt
HTAR: a   instcat_y02_191109/job_log_00441846.txt
HTAR: a   instcat_y02_191109/job_log_00441847.txt
HTAR: a   instcat_y02_191109/job_log_00441848.txt
HTAR: a   instcat_y02_191109/job_log_00441849.txt
HTAR: a   instcat_y02_191109/job_log_00441850.txt
HTAR: a   instcat_y02_191109/job_log_00441851.txt
HTAR: a   /tmp/HTAR_CF_CHK_33215_1580496658
HTAR Create complete for /home/projects/desc/DC2_ImSim/Run2.2i/instCat/y02_191109/00439182to00441851.tar. 570,309,878,272 bytes written for 244 member files, max threads: 50 Transfer time: 3610.026 seconds (157.979 MB/s) wallclock/user/sys: 3611.799 4302.801 1634.579 seconds
HTAR: HTAR SUCCESSFUL
HTAR: a   instcat_y02_191109/00441852.tar.gz
HTAR: a   instcat_y02_191109/00441853.tar.gz
HTAR: a   instcat_y02_191109/00441854.tar.gz
HTAR: a   instcat_y02_191109/00441855.tar.gz
HTAR: a   instcat_y02_191109/00441856.tar.gz
HTAR: a   instcat_y02_191109/00441857.tar.gz
HTAR: a   instcat_y02_191109/00441858.tar.gz
HTAR: a   instcat_y02_191109/00441859.tar.gz
HTAR: a   instcat_y02_191109/00441860.tar.gz
HTAR: a   instcat_y02_191109/00441861.tar.gz
HTAR: a   instcat_y02_191109/00441862.tar.gz
HTAR: a   instcat_y02_191109/00441863.tar.gz
HTAR: a   instcat_y02_191109/00441864.tar.gz
HTAR: a   instcat_y02_191109/00441865.tar.gz
HTAR: a   instcat_y02_191109/00441866.tar.gz
HTAR: a   instcat_y02_191109/00441867.tar.gz
HTAR: a   instcat_y02_191109/00441868.tar.gz
HTAR: a   instcat_y02_191109/00441869.tar.gz
HTAR: a   instcat_y02_191109/00441870.tar.gz
HTAR: a   instcat_y02_191109/00441871.tar.gz
HTAR: a   instcat_y02_191109/00441872.tar.gz
HTAR: a   instcat_y02_191109/00441873.tar.gz
HTAR: a   instcat_y02_191109/00441874.tar.gz
HTAR: a   instcat_y02_191109/00441875.tar.gz
HTAR: a   instcat_y02_191109/00441876.tar.gz
HTAR: a   instcat_y02_191109/00441877.tar.gz
HTAR: a   instcat_y02_191109/00441878.tar.gz
HTAR: a   instcat_y02_191109/00441879.tar.gz
HTAR: a   instcat_y02_191109/00441880.tar.gz
HTAR: a   instcat_y02_191109/00441881.tar.gz
HTAR: a   instcat_y02_191109/00441882.tar.gz
HTAR: a   instcat_y02_191109/00441883.tar.gz
HTAR: a   instcat_y02_191109/00441884.tar.gz
HTAR: a   instcat_y02_191109/00441885.tar.gz
HTAR: a   instcat_y02_191109/00441886.tar.gz
HTAR: a   instcat_y02_191109/00441887.tar.gz
HTAR: a   instcat_y02_191109/00441888.tar.gz
HTAR: a   instcat_y02_191109/00441889.tar.gz
HTAR: a   instcat_y02_191109/00441890.tar.gz
HTAR: a   instcat_y02_191109/00441902.tar.gz
HTAR: a   instcat_y02_191109/00441903.tar.gz
HTAR: a   instcat_y02_191109/00441904.tar.gz
HTAR: a   instcat_y02_191109/00441906.tar.gz
HTAR: a   instcat_y02_191109/00441907.tar.gz
HTAR: a   instcat_y02_191109/00442282.tar.gz
HTAR: a   instcat_y02_191109/00442296.tar.gz
HTAR: a   instcat_y02_191109/00442297.tar.gz
HTAR: a   instcat_y02_191109/00442354.tar.gz
HTAR: a   instcat_y02_191109/00442355.tar.gz
HTAR: a   instcat_y02_191109/00442356.tar.gz
HTAR: a   instcat_y02_191109/00442357.tar.gz
HTAR: a   instcat_y02_191109/00442358.tar.gz
HTAR: a   instcat_y02_191109/00442412.tar.gz
HTAR: a   instcat_y02_191109/00442413.tar.gz
HTAR: a   instcat_y02_191109/00442414.tar.gz
HTAR: a   instcat_y02_191109/00442415.tar.gz
HTAR: a   instcat_y02_191109/00443001.tar.gz
HTAR: a   instcat_y02_191109/00443002.tar.gz
HTAR: a   instcat_y02_191109/00443003.tar.gz
HTAR: a   instcat_y02_191109/00443004.tar.gz
HTAR: a   instcat_y02_191109/00443005.tar.gz
HTAR: a   instcat_y02_191109/00443014.tar.gz
HTAR: a   instcat_y02_191109/00443015.tar.gz
HTAR: a   instcat_y02_191109/00443019.tar.gz
HTAR: a   instcat_y02_191109/00443020.tar.gz
HTAR: a   instcat_y02_191109/00443021.tar.gz
HTAR: a   instcat_y02_191109/00443025.tar.gz
HTAR: a   instcat_y02_191109/00443026.tar.gz
HTAR: a   instcat_y02_191109/00443027.tar.gz
HTAR: a   instcat_y02_191109/00443046.tar.gz
HTAR: a   instcat_y02_191109/00443055.tar.gz
HTAR: a   instcat_y02_191109/00443056.tar.gz
HTAR: a   instcat_y02_191109/00443057.tar.gz
HTAR: a   instcat_y02_191109/00443077.tar.gz
HTAR: a   instcat_y02_191109/00443078.tar.gz
HTAR: a   instcat_y02_191109/00443079.tar.gz
HTAR: a   instcat_y02_191109/00443080.tar.gz
HTAR: a   instcat_y02_191109/00443081.tar.gz
HTAR: a   instcat_y02_191109/00443082.tar.gz
HTAR: a   instcat_y02_191109/00443083.tar.gz
HTAR: a   instcat_y02_191109/00443084.tar.gz
HTAR: a   instcat_y02_191109/00443085.tar.gz
HTAR: a   instcat_y02_191109/00443086.tar.gz
HTAR: a   instcat_y02_191109/00443087.tar.gz
HTAR: a   instcat_y02_191109/00443088.tar.gz
HTAR: a   instcat_y02_191109/00443091.tar.gz
HTAR: a   instcat_y02_191109/00443092.tar.gz
HTAR: a   instcat_y02_191109/00443093.tar.gz
HTAR: a   instcat_y02_191109/00443094.tar.gz
HTAR: a   instcat_y02_191109/00443095.tar.gz
HTAR: a   instcat_y02_191109/00443096.tar.gz
HTAR: a   instcat_y02_191109/00443097.tar.gz
HTAR: a   instcat_y02_191109/00443098.tar.gz
HTAR: a   instcat_y02_191109/00443099.tar.gz
HTAR: a   instcat_y02_191109/00443100.tar.gz
HTAR: a   instcat_y02_191109/00443101.tar.gz
HTAR: a   instcat_y02_191109/00443102.tar.gz
HTAR: a   instcat_y02_191109/00443103.tar.gz
HTAR: a   instcat_y02_191109/00443109.tar.gz
HTAR: a   instcat_y02_191109/00443110.tar.gz
HTAR: a   instcat_y02_191109/00443111.tar.gz
HTAR: a   instcat_y02_191109/00443114.tar.gz
HTAR: a   instcat_y02_191109/00443115.tar.gz
HTAR: a   instcat_y02_191109/00443116.tar.gz
HTAR: a   instcat_y02_191109/00443117.tar.gz
HTAR: a   instcat_y02_191109/00443118.tar.gz
HTAR: a   instcat_y02_191109/00443120.tar.gz
HTAR: a   instcat_y02_191109/00443121.tar.gz
HTAR: a   instcat_y02_191109/00443122.tar.gz
HTAR: a   instcat_y02_191109/00443123.tar.gz
HTAR: a   instcat_y02_191109/00443124.tar.gz
HTAR: a   instcat_y02_191109/00443127.tar.gz
HTAR: a   instcat_y02_191109/00443128.tar.gz
HTAR: a   instcat_y02_191109/00443131.tar.gz
HTAR: a   instcat_y02_191109/00443134.tar.gz
HTAR: a   instcat_y02_191109/00443137.tar.gz
HTAR: a   instcat_y02_191109/00443138.tar.gz
HTAR: a   instcat_y02_191109/00443139.tar.gz
HTAR: a   instcat_y02_191109/00443142.tar.gz
HTAR: a   instcat_y02_191109/00443143.tar.gz
HTAR: a   instcat_y02_191109/00443147.tar.gz
HTAR: a   instcat_y02_191109/00443148.tar.gz
HTAR: a   instcat_y02_191109/job_log_00441852.txt
HTAR: a   instcat_y02_191109/job_log_00441853.txt
HTAR: a   instcat_y02_191109/job_log_00441854.txt
HTAR: a   instcat_y02_191109/job_log_00441855.txt
HTAR: a   instcat_y02_191109/job_log_00441856.txt
HTAR: a   instcat_y02_191109/job_log_00441857.txt
HTAR: a   instcat_y02_191109/job_log_00441858.txt
HTAR: a   instcat_y02_191109/job_log_00441859.txt
HTAR: a   instcat_y02_191109/job_log_00441860.txt
HTAR: a   instcat_y02_191109/job_log_00441861.txt
HTAR: a   instcat_y02_191109/job_log_00441862.txt
HTAR: a   instcat_y02_191109/job_log_00441863.txt
HTAR: a   instcat_y02_191109/job_log_00441864.txt
HTAR: a   instcat_y02_191109/job_log_00441865.txt
HTAR: a   instcat_y02_191109/job_log_00441866.txt
HTAR: a   instcat_y02_191109/job_log_00441867.txt
HTAR: a   instcat_y02_191109/job_log_00441868.txt
HTAR: a   instcat_y02_191109/job_log_00441869.txt
HTAR: a   instcat_y02_191109/job_log_00441870.txt
HTAR: a   instcat_y02_191109/job_log_00441871.txt
HTAR: a   instcat_y02_191109/job_log_00441872.txt
HTAR: a   instcat_y02_191109/job_log_00441873.txt
HTAR: a   instcat_y02_191109/job_log_00441874.txt
HTAR: a   instcat_y02_191109/job_log_00441875.txt
HTAR: a   instcat_y02_191109/job_log_00441876.txt
HTAR: a   instcat_y02_191109/job_log_00441877.txt
HTAR: a   instcat_y02_191109/job_log_00441878.txt
HTAR: a   instcat_y02_191109/job_log_00441879.txt
HTAR: a   instcat_y02_191109/job_log_00441880.txt
HTAR: a   instcat_y02_191109/job_log_00441881.txt
HTAR: a   instcat_y02_191109/job_log_00441882.txt
HTAR: a   instcat_y02_191109/job_log_00441883.txt
HTAR: a   instcat_y02_191109/job_log_00441884.txt
HTAR: a   instcat_y02_191109/job_log_00441885.txt
HTAR: a   instcat_y02_191109/job_log_00441886.txt
HTAR: a   instcat_y02_191109/job_log_00441887.txt
HTAR: a   instcat_y02_191109/job_log_00441888.txt
HTAR: a   instcat_y02_191109/job_log_00441889.txt
HTAR: a   instcat_y02_191109/job_log_00441890.txt
HTAR: a   instcat_y02_191109/job_log_00441902.txt
HTAR: a   instcat_y02_191109/job_log_00441903.txt
HTAR: a   instcat_y02_191109/job_log_00441904.txt
HTAR: a   instcat_y02_191109/job_log_00441906.txt
HTAR: a   instcat_y02_191109/job_log_00441907.txt
HTAR: a   instcat_y02_191109/job_log_00442282.txt
HTAR: a   instcat_y02_191109/job_log_00442296.txt
HTAR: a   instcat_y02_191109/job_log_00442297.txt
HTAR: a   instcat_y02_191109/job_log_00442354.txt
HTAR: a   instcat_y02_191109/job_log_00442355.txt
HTAR: a   instcat_y02_191109/job_log_00442356.txt
HTAR: a   instcat_y02_191109/job_log_00442357.txt
HTAR: a   instcat_y02_191109/job_log_00442358.txt
HTAR: a   instcat_y02_191109/job_log_00442412.txt
HTAR: a   instcat_y02_191109/job_log_00442413.txt
HTAR: a   instcat_y02_191109/job_log_00442414.txt
HTAR: a   instcat_y02_191109/job_log_00442415.txt
HTAR: a   instcat_y02_191109/job_log_00443001.txt
HTAR: a   instcat_y02_191109/job_log_00443002.txt
HTAR: a   instcat_y02_191109/job_log_00443003.txt
HTAR: a   instcat_y02_191109/job_log_00443004.txt
HTAR: a   instcat_y02_191109/job_log_00443005.txt
HTAR: a   instcat_y02_191109/job_log_00443014.txt
HTAR: a   instcat_y02_191109/job_log_00443015.txt
HTAR: a   instcat_y02_191109/job_log_00443019.txt
HTAR: a   instcat_y02_191109/job_log_00443020.txt
HTAR: a   instcat_y02_191109/job_log_00443021.txt
HTAR: a   instcat_y02_191109/job_log_00443025.txt
HTAR: a   instcat_y02_191109/job_log_00443026.txt
HTAR: a   instcat_y02_191109/job_log_00443027.txt
HTAR: a   instcat_y02_191109/job_log_00443046.txt
HTAR: a   instcat_y02_191109/job_log_00443055.txt
HTAR: a   instcat_y02_191109/job_log_00443056.txt
HTAR: a   instcat_y02_191109/job_log_00443057.txt
HTAR: a   instcat_y02_191109/job_log_00443077.txt
HTAR: a   instcat_y02_191109/job_log_00443078.txt
HTAR: a   instcat_y02_191109/job_log_00443079.txt
HTAR: a   instcat_y02_191109/job_log_00443080.txt
HTAR: a   instcat_y02_191109/job_log_00443081.txt
HTAR: a   instcat_y02_191109/job_log_00443082.txt
HTAR: a   instcat_y02_191109/job_log_00443083.txt
HTAR: a   instcat_y02_191109/job_log_00443084.txt
HTAR: a   instcat_y02_191109/job_log_00443085.txt
HTAR: a   instcat_y02_191109/job_log_00443086.txt
HTAR: a   instcat_y02_191109/job_log_00443087.txt
HTAR: a   instcat_y02_191109/job_log_00443088.txt
HTAR: a   instcat_y02_191109/job_log_00443091.txt
HTAR: a   instcat_y02_191109/job_log_00443092.txt
HTAR: a   instcat_y02_191109/job_log_00443093.txt
HTAR: a   instcat_y02_191109/job_log_00443094.txt
HTAR: a   instcat_y02_191109/job_log_00443095.txt
HTAR: a   instcat_y02_191109/job_log_00443096.txt
HTAR: a   instcat_y02_191109/job_log_00443097.txt
HTAR: a   instcat_y02_191109/job_log_00443098.txt
HTAR: a   instcat_y02_191109/job_log_00443099.txt
HTAR: a   instcat_y02_191109/job_log_00443100.txt
HTAR: a   instcat_y02_191109/job_log_00443101.txt
HTAR: a   instcat_y02_191109/job_log_00443102.txt
HTAR: a   instcat_y02_191109/job_log_00443103.txt
HTAR: a   instcat_y02_191109/job_log_00443109.txt
HTAR: a   instcat_y02_191109/job_log_00443110.txt
HTAR: a   instcat_y02_191109/job_log_00443111.txt
HTAR: a   instcat_y02_191109/job_log_00443114.txt
HTAR: a   instcat_y02_191109/job_log_00443115.txt
HTAR: a   instcat_y02_191109/job_log_00443116.txt
HTAR: a   instcat_y02_191109/job_log_00443117.txt
HTAR: a   instcat_y02_191109/job_log_00443118.txt
HTAR: a   instcat_y02_191109/job_log_00443120.txt
HTAR: a   instcat_y02_191109/job_log_00443121.txt
HTAR: a   instcat_y02_191109/job_log_00443122.txt
HTAR: a   instcat_y02_191109/job_log_00443123.txt
HTAR: a   instcat_y02_191109/job_log_00443124.txt
HTAR: a   instcat_y02_191109/job_log_00443127.txt
HTAR: a   instcat_y02_191109/job_log_00443128.txt
HTAR: a   instcat_y02_191109/job_log_00443131.txt
HTAR: a   instcat_y02_191109/job_log_00443134.txt
HTAR: a   instcat_y02_191109/job_log_00443137.txt
HTAR: a   instcat_y02_191109/job_log_00443138.txt
HTAR: a   instcat_y02_191109/job_log_00443139.txt
HTAR: a   instcat_y02_191109/job_log_00443142.txt
HTAR: a   instcat_y02_191109/job_log_00443143.txt
HTAR: a   instcat_y02_191109/job_log_00443147.txt
HTAR: a   instcat_y02_191109/job_log_00443148.txt
HTAR: a   /tmp/HTAR_CF_CHK_28449_1580500272
HTAR Create complete for /home/projects/desc/DC2_ImSim/Run2.2i/instCat/y02_191109/00441852to00443148.tar. 542,514,061,824 bytes written for 244 member files, max threads: 50 Transfer time: 3465.034 seconds (156.568 MB/s) wallclock/user/sys: 3466.352 4112.864 1606.011 seconds
HTAR: HTAR SUCCESSFUL
HTAR: a   instcat_y02_191109/00443149.tar.gz
HTAR: a   instcat_y02_191109/00443152.tar.gz
HTAR: a   instcat_y02_191109/00443153.tar.gz
HTAR: a   instcat_y02_191109/00443155.tar.gz
HTAR: a   instcat_y02_191109/00443156.tar.gz
HTAR: a   instcat_y02_191109/00443160.tar.gz
HTAR: a   instcat_y02_191109/00443161.tar.gz
HTAR: a   instcat_y02_191109/00443162.tar.gz
HTAR: a   instcat_y02_191109/00443168.tar.gz
HTAR: a   instcat_y02_191109/00443176.tar.gz
HTAR: a   instcat_y02_191109/00443177.tar.gz
HTAR: a   instcat_y02_191109/00443178.tar.gz
HTAR: a   instcat_y02_191109/00443185.tar.gz
HTAR: a   instcat_y02_191109/00443353.tar.gz
HTAR: a   instcat_y02_191109/00443356.tar.gz
HTAR: a   instcat_y02_191109/00443458.tar.gz
HTAR: a   instcat_y02_191109/00443459.tar.gz
HTAR: a   instcat_y02_191109/00443780.tar.gz
HTAR: a   instcat_y02_191109/00443820.tar.gz
HTAR: a   instcat_y02_191109/00443821.tar.gz
HTAR: a   instcat_y02_191109/00443854.tar.gz
HTAR: a   instcat_y02_191109/00443855.tar.gz
HTAR: a   instcat_y02_191109/00443856.tar.gz
HTAR: a   instcat_y02_191109/00443857.tar.gz
HTAR: a   instcat_y02_191109/00443858.tar.gz
HTAR: a   instcat_y02_191109/00443859.tar.gz
HTAR: a   instcat_y02_191109/00443860.tar.gz
HTAR: a   instcat_y02_191109/00443861.tar.gz
HTAR: a   instcat_y02_191109/00443897.tar.gz
HTAR: a   instcat_y02_191109/00443898.tar.gz
HTAR: a   instcat_y02_191109/00443899.tar.gz
HTAR: a   instcat_y02_191109/00443900.tar.gz
HTAR: a   instcat_y02_191109/00443902.tar.gz
HTAR: a   instcat_y02_191109/00443961.tar.gz
HTAR: a   instcat_y02_191109/00443962.tar.gz
HTAR: a   instcat_y02_191109/00443964.tar.gz
HTAR: a   instcat_y02_191109/00443965.tar.gz
HTAR: a   instcat_y02_191109/00443966.tar.gz
HTAR: a   instcat_y02_191109/00443967.tar.gz
HTAR: a   instcat_y02_191109/00443975.tar.gz
HTAR: a   instcat_y02_191109/00443976.tar.gz
HTAR: a   instcat_y02_191109/00444009.tar.gz
HTAR: a   instcat_y02_191109/00444010.tar.gz
HTAR: a   instcat_y02_191109/00444011.tar.gz
HTAR: a   instcat_y02_191109/00444012.tar.gz
HTAR: a   instcat_y02_191109/00444013.tar.gz
HTAR: a   instcat_y02_191109/00444038.tar.gz
HTAR: a   instcat_y02_191109/00444039.tar.gz
HTAR: a   instcat_y02_191109/00444041.tar.gz
HTAR: a   instcat_y02_191109/00444044.tar.gz
HTAR: a   instcat_y02_191109/00444045.tar.gz
HTAR: a   instcat_y02_191109/00444046.tar.gz
HTAR: a   instcat_y02_191109/00444061.tar.gz
HTAR: a   instcat_y02_191109/00444062.tar.gz
HTAR: a   instcat_y02_191109/00444064.tar.gz
HTAR: a   instcat_y02_191109/00444065.tar.gz
HTAR: a   instcat_y02_191109/00444077.tar.gz
HTAR: a   instcat_y02_191109/00444078.tar.gz
HTAR: a   instcat_y02_191109/00444086.tar.gz
HTAR: a   instcat_y02_191109/00444087.tar.gz
HTAR: a   instcat_y02_191109/00444088.tar.gz
HTAR: a   instcat_y02_191109/00444089.tar.gz
HTAR: a   instcat_y02_191109/00444105.tar.gz
HTAR: a   instcat_y02_191109/00444108.tar.gz
HTAR: a   instcat_y02_191109/00444109.tar.gz
HTAR: a   instcat_y02_191109/00444110.tar.gz
HTAR: a   instcat_y02_191109/00444113.tar.gz
HTAR: a   instcat_y02_191109/00444114.tar.gz
HTAR: a   instcat_y02_191109/00444119.tar.gz
HTAR: a   instcat_y02_191109/00444161.tar.gz
HTAR: a   instcat_y02_191109/00444164.tar.gz
HTAR: a   instcat_y02_191109/00444597.tar.gz
HTAR: a   instcat_y02_191109/00444602.tar.gz
HTAR: a   instcat_y02_191109/00444603.tar.gz
HTAR: a   instcat_y02_191109/00444605.tar.gz
HTAR: a   instcat_y02_191109/00444667.tar.gz
HTAR: a   instcat_y02_191109/00444687.tar.gz
HTAR: a   instcat_y02_191109/00444694.tar.gz
HTAR: a   instcat_y02_191109/00444695.tar.gz
HTAR: a   instcat_y02_191109/00444696.tar.gz
HTAR: a   instcat_y02_191109/00444697.tar.gz
HTAR: a   instcat_y02_191109/00444698.tar.gz
HTAR: a   instcat_y02_191109/00444699.tar.gz
HTAR: a   instcat_y02_191109/00444700.tar.gz
HTAR: a   instcat_y02_191109/00444704.tar.gz
HTAR: a   instcat_y02_191109/00444705.tar.gz
HTAR: a   instcat_y02_191109/00444706.tar.gz
HTAR: a   instcat_y02_191109/00444709.tar.gz
HTAR: a   instcat_y02_191109/00444710.tar.gz
HTAR: a   instcat_y02_191109/00444711.tar.gz
HTAR: a   instcat_y02_191109/00444712.tar.gz
HTAR: a   instcat_y02_191109/00444718.tar.gz
HTAR: a   instcat_y02_191109/00444719.tar.gz
HTAR: a   instcat_y02_191109/00444720.tar.gz
HTAR: a   instcat_y02_191109/00444722.tar.gz
HTAR: a   instcat_y02_191109/00444725.tar.gz
HTAR: a   instcat_y02_191109/00444727.tar.gz
HTAR: a   instcat_y02_191109/00444736.tar.gz
HTAR: a   instcat_y02_191109/00444737.tar.gz
HTAR: a   instcat_y02_191109/00444750.tar.gz
HTAR: a   instcat_y02_191109/00444751.tar.gz
HTAR: a   instcat_y02_191109/00444752.tar.gz
HTAR: a   instcat_y02_191109/00444807.tar.gz
HTAR: a   instcat_y02_191109/00444831.tar.gz
HTAR: a   instcat_y02_191109/00444832.tar.gz
HTAR: a   instcat_y02_191109/00444833.tar.gz
HTAR: a   instcat_y02_191109/00444834.tar.gz
HTAR: a   instcat_y02_191109/00444835.tar.gz
HTAR: a   instcat_y02_191109/00444836.tar.gz
HTAR: a   instcat_y02_191109/00444890.tar.gz
HTAR: a   instcat_y02_191109/00444891.tar.gz
HTAR: a   instcat_y02_191109/00444893.tar.gz
HTAR: a   instcat_y02_191109/00444894.tar.gz
HTAR: a   instcat_y02_191109/00444911.tar.gz
HTAR: a   instcat_y02_191109/00444912.tar.gz
HTAR: a   instcat_y02_191109/00445708.tar.gz
HTAR: a   instcat_y02_191109/00445770.tar.gz
HTAR: a   instcat_y02_191109/00445791.tar.gz
HTAR: a   instcat_y02_191109/00445792.tar.gz
HTAR: a   instcat_y02_191109/00445793.tar.gz
HTAR: a   instcat_y02_191109/00445794.tar.gz
HTAR: a   instcat_y02_191109/00445799.tar.gz
HTAR: a   instcat_y02_191109/job_log_00443149.txt
HTAR: a   instcat_y02_191109/job_log_00443152.txt
HTAR: a   instcat_y02_191109/job_log_00443153.txt
HTAR: a   instcat_y02_191109/job_log_00443155.txt
HTAR: a   instcat_y02_191109/job_log_00443156.txt
HTAR: a   instcat_y02_191109/job_log_00443160.txt
HTAR: a   instcat_y02_191109/job_log_00443161.txt
HTAR: a   instcat_y02_191109/job_log_00443162.txt
HTAR: a   instcat_y02_191109/job_log_00443168.txt
HTAR: a   instcat_y02_191109/job_log_00443176.txt
HTAR: a   instcat_y02_191109/job_log_00443177.txt
HTAR: a   instcat_y02_191109/job_log_00443178.txt
HTAR: a   instcat_y02_191109/job_log_00443185.txt
HTAR: a   instcat_y02_191109/job_log_00443353.txt
HTAR: a   instcat_y02_191109/job_log_00443356.txt
HTAR: a   instcat_y02_191109/job_log_00443458.txt
HTAR: a   instcat_y02_191109/job_log_00443459.txt
HTAR: a   instcat_y02_191109/job_log_00443780.txt
HTAR: a   instcat_y02_191109/job_log_00443820.txt
HTAR: a   instcat_y02_191109/job_log_00443821.txt
HTAR: a   instcat_y02_191109/job_log_00443854.txt
HTAR: a   instcat_y02_191109/job_log_00443855.txt
HTAR: a   instcat_y02_191109/job_log_00443856.txt
HTAR: a   instcat_y02_191109/job_log_00443857.txt
HTAR: a   instcat_y02_191109/job_log_00443858.txt
HTAR: a   instcat_y02_191109/job_log_00443859.txt
HTAR: a   instcat_y02_191109/job_log_00443860.txt
HTAR: a   instcat_y02_191109/job_log_00443861.txt
HTAR: a   instcat_y02_191109/job_log_00443897.txt
HTAR: a   instcat_y02_191109/job_log_00443898.txt
HTAR: a   instcat_y02_191109/job_log_00443899.txt
HTAR: a   instcat_y02_191109/job_log_00443900.txt
HTAR: a   instcat_y02_191109/job_log_00443902.txt
HTAR: a   instcat_y02_191109/job_log_00443961.txt
HTAR: a   instcat_y02_191109/job_log_00443962.txt
HTAR: a   instcat_y02_191109/job_log_00443964.txt
HTAR: a   instcat_y02_191109/job_log_00443965.txt
HTAR: a   instcat_y02_191109/job_log_00443966.txt
HTAR: a   instcat_y02_191109/job_log_00443967.txt
HTAR: a   instcat_y02_191109/job_log_00443975.txt
HTAR: a   instcat_y02_191109/job_log_00443976.txt
HTAR: a   instcat_y02_191109/job_log_00444009.txt
HTAR: a   instcat_y02_191109/job_log_00444010.txt
HTAR: a   instcat_y02_191109/job_log_00444011.txt
HTAR: a   instcat_y02_191109/job_log_00444012.txt
HTAR: a   instcat_y02_191109/job_log_00444013.txt
HTAR: a   instcat_y02_191109/job_log_00444038.txt
HTAR: a   instcat_y02_191109/job_log_00444039.txt
HTAR: a   instcat_y02_191109/job_log_00444041.txt
HTAR: a   instcat_y02_191109/job_log_00444044.txt
HTAR: a   instcat_y02_191109/job_log_00444045.txt
HTAR: a   instcat_y02_191109/job_log_00444046.txt
HTAR: a   instcat_y02_191109/job_log_00444061.txt
HTAR: a   instcat_y02_191109/job_log_00444062.txt
HTAR: a   instcat_y02_191109/job_log_00444064.txt
HTAR: a   instcat_y02_191109/job_log_00444065.txt
HTAR: a   instcat_y02_191109/job_log_00444077.txt
HTAR: a   instcat_y02_191109/job_log_00444078.txt
HTAR: a   instcat_y02_191109/job_log_00444086.txt
HTAR: a   instcat_y02_191109/job_log_00444087.txt
HTAR: a   instcat_y02_191109/job_log_00444088.txt
HTAR: a   instcat_y02_191109/job_log_00444089.txt
HTAR: a   instcat_y02_191109/job_log_00444105.txt
HTAR: a   instcat_y02_191109/job_log_00444108.txt
HTAR: a   instcat_y02_191109/job_log_00444109.txt
HTAR: a   instcat_y02_191109/job_log_00444110.txt
HTAR: a   instcat_y02_191109/job_log_00444113.txt
HTAR: a   instcat_y02_191109/job_log_00444114.txt
HTAR: a   instcat_y02_191109/job_log_00444119.txt
HTAR: a   instcat_y02_191109/job_log_00444161.txt
HTAR: a   instcat_y02_191109/job_log_00444164.txt
HTAR: a   instcat_y02_191109/job_log_00444597.txt
HTAR: a   instcat_y02_191109/job_log_00444602.txt
HTAR: a   instcat_y02_191109/job_log_00444603.txt
HTAR: a   instcat_y02_191109/job_log_00444605.txt
HTAR: a   instcat_y02_191109/job_log_00444667.txt
HTAR: a   instcat_y02_191109/job_log_00444687.txt
HTAR: a   instcat_y02_191109/job_log_00444694.txt
HTAR: a   instcat_y02_191109/job_log_00444695.txt
HTAR: a   instcat_y02_191109/job_log_00444696.txt
HTAR: a   instcat_y02_191109/job_log_00444697.txt
HTAR: a   instcat_y02_191109/job_log_00444698.txt
HTAR: a   instcat_y02_191109/job_log_00444699.txt
HTAR: a   instcat_y02_191109/job_log_00444700.txt
HTAR: a   instcat_y02_191109/job_log_00444704.txt
HTAR: a   instcat_y02_191109/job_log_00444705.txt
HTAR: a   instcat_y02_191109/job_log_00444706.txt
HTAR: a   instcat_y02_191109/job_log_00444709.txt
HTAR: a   instcat_y02_191109/job_log_00444710.txt
HTAR: a   instcat_y02_191109/job_log_00444711.txt
HTAR: a   instcat_y02_191109/job_log_00444712.txt
HTAR: a   instcat_y02_191109/job_log_00444718.txt
HTAR: a   instcat_y02_191109/job_log_00444719.txt
HTAR: a   instcat_y02_191109/job_log_00444720.txt
HTAR: a   instcat_y02_191109/job_log_00444722.txt
HTAR: a   instcat_y02_191109/job_log_00444725.txt
HTAR: a   instcat_y02_191109/job_log_00444727.txt
HTAR: a   instcat_y02_191109/job_log_00444736.txt
HTAR: a   instcat_y02_191109/job_log_00444737.txt
HTAR: a   instcat_y02_191109/job_log_00444750.txt
HTAR: a   instcat_y02_191109/job_log_00444751.txt
HTAR: a   instcat_y02_191109/job_log_00444752.txt
HTAR: a   instcat_y02_191109/job_log_00444807.txt
HTAR: a   instcat_y02_191109/job_log_00444831.txt
HTAR: a   instcat_y02_191109/job_log_00444832.txt
HTAR: a   instcat_y02_191109/job_log_00444833.txt
HTAR: a   instcat_y02_191109/job_log_00444834.txt
HTAR: a   instcat_y02_191109/job_log_00444835.txt
HTAR: a   instcat_y02_191109/job_log_00444836.txt
HTAR: a   instcat_y02_191109/job_log_00444890.txt
HTAR: a   instcat_y02_191109/job_log_00444891.txt
HTAR: a   instcat_y02_191109/job_log_00444893.txt
HTAR: a   instcat_y02_191109/job_log_00444894.txt
HTAR: a   instcat_y02_191109/job_log_00444911.txt
HTAR: a   instcat_y02_191109/job_log_00444912.txt
HTAR: a   instcat_y02_191109/job_log_00445708.txt
HTAR: a   instcat_y02_191109/job_log_00445770.txt
HTAR: a   instcat_y02_191109/job_log_00445791.txt
HTAR: a   instcat_y02_191109/job_log_00445792.txt
HTAR: a   instcat_y02_191109/job_log_00445793.txt
HTAR: a   instcat_y02_191109/job_log_00445794.txt
HTAR: a   instcat_y02_191109/job_log_00445799.txt
HTAR: a   /tmp/HTAR_CF_CHK_42213_1580503741
HTAR Create complete for /home/projects/desc/DC2_ImSim/Run2.2i/instCat/y02_191109/00443149to00445799.tar. 528,666,851,840 bytes written for 244 member files, max threads: 50 Transfer time: 3370.105 seconds (156.870 MB/s) wallclock/user/sys: 3371.458 4076.794 1470.368 seconds
HTAR: HTAR SUCCESSFUL
HTAR: a   instcat_y02_191109/00445840.tar.gz
HTAR: a   instcat_y02_191109/00445841.tar.gz
HTAR: a   instcat_y02_191109/00445842.tar.gz
HTAR: a   instcat_y02_191109/00446033.tar.gz
HTAR: a   instcat_y02_191109/00446046.tar.gz
HTAR: a   instcat_y02_191109/00446047.tar.gz
HTAR: a   instcat_y02_191109/00446048.tar.gz
HTAR: a   instcat_y02_191109/00446087.tar.gz
HTAR: a   instcat_y02_191109/00446088.tar.gz
HTAR: a   instcat_y02_191109/00446089.tar.gz
HTAR: a   instcat_y02_191109/00446090.tar.gz
HTAR: a   instcat_y02_191109/00446091.tar.gz
HTAR: a   instcat_y02_191109/00446571.tar.gz
HTAR: a   instcat_y02_191109/00446572.tar.gz
HTAR: a   instcat_y02_191109/00446574.tar.gz
HTAR: a   instcat_y02_191109/00446613.tar.gz
HTAR: a   instcat_y02_191109/00446614.tar.gz
HTAR: a   instcat_y02_191109/00446616.tar.gz
HTAR: a   instcat_y02_191109/00447508.tar.gz
HTAR: a   instcat_y02_191109/00447509.tar.gz
HTAR: a   instcat_y02_191109/00447510.tar.gz
HTAR: a   instcat_y02_191109/00447513.tar.gz
HTAR: a   instcat_y02_191109/00447514.tar.gz
HTAR: a   instcat_y02_191109/00447516.tar.gz
HTAR: a   instcat_y02_191109/00447518.tar.gz
HTAR: a   instcat_y02_191109/00447519.tar.gz
HTAR: a   instcat_y02_191109/00447520.tar.gz
HTAR: a   instcat_y02_191109/00447524.tar.gz
HTAR: a   instcat_y02_191109/00447526.tar.gz
HTAR: a   instcat_y02_191109/00447527.tar.gz
HTAR: a   instcat_y02_191109/00447528.tar.gz
HTAR: a   instcat_y02_191109/00447529.tar.gz
HTAR: a   instcat_y02_191109/00447530.tar.gz
HTAR: a   instcat_y02_191109/00447531.tar.gz
HTAR: a   instcat_y02_191109/00447532.tar.gz
HTAR: a   instcat_y02_191109/00447533.tar.gz
HTAR: a   instcat_y02_191109/00447534.tar.gz
HTAR: a   instcat_y02_191109/00447535.tar.gz
HTAR: a   instcat_y02_191109/00447536.tar.gz
HTAR: a   instcat_y02_191109/00447537.tar.gz
HTAR: a   instcat_y02_191109/00447538.tar.gz
HTAR: a   instcat_y02_191109/00447539.tar.gz
HTAR: a   instcat_y02_191109/00447540.tar.gz
HTAR: a   instcat_y02_191109/00447541.tar.gz
HTAR: a   instcat_y02_191109/00447542.tar.gz
HTAR: a   instcat_y02_191109/00447543.tar.gz
HTAR: a   instcat_y02_191109/00447544.tar.gz
HTAR: a   instcat_y02_191109/00447545.tar.gz
HTAR: a   instcat_y02_191109/00447546.tar.gz
HTAR: a   instcat_y02_191109/00447547.tar.gz
HTAR: a   instcat_y02_191109/00447548.tar.gz
HTAR: a   instcat_y02_191109/00447549.tar.gz
HTAR: a   instcat_y02_191109/00447550.tar.gz
HTAR: a   instcat_y02_191109/00447551.tar.gz
HTAR: a   instcat_y02_191109/00447552.tar.gz
HTAR: a   instcat_y02_191109/00447553.tar.gz
HTAR: a   instcat_y02_191109/00447554.tar.gz
HTAR: a   instcat_y02_191109/00447555.tar.gz
HTAR: a   instcat_y02_191109/00447556.tar.gz
HTAR: a   instcat_y02_191109/00447557.tar.gz
HTAR: a   instcat_y02_191109/00447558.tar.gz
HTAR: a   instcat_y02_191109/00447559.tar.gz
HTAR: a   instcat_y02_191109/00447560.tar.gz
HTAR: a   instcat_y02_191109/00447561.tar.gz
HTAR: a   instcat_y02_191109/00447562.tar.gz
HTAR: a   instcat_y02_191109/00447563.tar.gz
HTAR: a   instcat_y02_191109/00447564.tar.gz
HTAR: a   instcat_y02_191109/00447565.tar.gz
HTAR: a   instcat_y02_191109/00447566.tar.gz
HTAR: a   instcat_y02_191109/00447567.tar.gz
HTAR: a   instcat_y02_191109/00447568.tar.gz
HTAR: a   instcat_y02_191109/00447569.tar.gz
HTAR: a   instcat_y02_191109/00447570.tar.gz
HTAR: a   instcat_y02_191109/00447571.tar.gz
HTAR: a   instcat_y02_191109/00447572.tar.gz
HTAR: a   instcat_y02_191109/00447573.tar.gz
HTAR: a   instcat_y02_191109/00447574.tar.gz
HTAR: a   instcat_y02_191109/00447575.tar.gz
HTAR: a   instcat_y02_191109/00447576.tar.gz
HTAR: a   instcat_y02_191109/00447577.tar.gz
HTAR: a   instcat_y02_191109/00447578.tar.gz
HTAR: a   instcat_y02_191109/00447579.tar.gz
HTAR: a   instcat_y02_191109/00447580.tar.gz
HTAR: a   instcat_y02_191109/00447581.tar.gz
HTAR: a   instcat_y02_191109/00447582.tar.gz
HTAR: a   instcat_y02_191109/00447583.tar.gz
HTAR: a   instcat_y02_191109/00447584.tar.gz
HTAR: a   instcat_y02_191109/00447585.tar.gz
HTAR: a   instcat_y02_191109/00447586.tar.gz
HTAR: a   instcat_y02_191109/00447587.tar.gz
HTAR: a   instcat_y02_191109/00447588.tar.gz
HTAR: a   instcat_y02_191109/00447589.tar.gz
HTAR: a   instcat_y02_191109/00447590.tar.gz
HTAR: a   instcat_y02_191109/00447591.tar.gz
HTAR: a   instcat_y02_191109/00447592.tar.gz
HTAR: a   instcat_y02_191109/00447593.tar.gz
HTAR: a   instcat_y02_191109/00447594.tar.gz
HTAR: a   instcat_y02_191109/00447595.tar.gz
HTAR: a   instcat_y02_191109/00447596.tar.gz
HTAR: a   instcat_y02_191109/00447597.tar.gz
HTAR: a   instcat_y02_191109/00447598.tar.gz
HTAR: a   instcat_y02_191109/00447599.tar.gz
HTAR: a   instcat_y02_191109/00447600.tar.gz
HTAR: a   instcat_y02_191109/00447601.tar.gz
HTAR: a   instcat_y02_191109/00447602.tar.gz
HTAR: a   instcat_y02_191109/00447603.tar.gz
HTAR: a   instcat_y02_191109/00447604.tar.gz
HTAR: a   instcat_y02_191109/00447605.tar.gz
HTAR: a   instcat_y02_191109/00447606.tar.gz
HTAR: a   instcat_y02_191109/00447607.tar.gz
HTAR: a   instcat_y02_191109/00447608.tar.gz
HTAR: a   instcat_y02_191109/00447609.tar.gz
HTAR: a   instcat_y02_191109/00447610.tar.gz
HTAR: a   instcat_y02_191109/00447611.tar.gz
HTAR: a   instcat_y02_191109/00447612.tar.gz
HTAR: a   instcat_y02_191109/00447613.tar.gz
HTAR: a   instcat_y02_191109/00447614.tar.gz
HTAR: a   instcat_y02_191109/00447615.tar.gz
HTAR: a   instcat_y02_191109/00447616.tar.gz
HTAR: a   instcat_y02_191109/00447617.tar.gz
HTAR: a   instcat_y02_191109/00447618.tar.gz
HTAR: a   instcat_y02_191109/00447619.tar.gz
HTAR: a   instcat_y02_191109/job_log_00445840.txt
HTAR: a   instcat_y02_191109/job_log_00445841.txt
HTAR: a   instcat_y02_191109/job_log_00445842.txt
HTAR: a   instcat_y02_191109/job_log_00446033.txt
HTAR: a   instcat_y02_191109/job_log_00446046.txt
HTAR: a   instcat_y02_191109/job_log_00446047.txt
HTAR: a   instcat_y02_191109/job_log_00446048.txt
HTAR: a   instcat_y02_191109/job_log_00446087.txt
HTAR: a   instcat_y02_191109/job_log_00446088.txt
HTAR: a   instcat_y02_191109/job_log_00446089.txt
HTAR: a   instcat_y02_191109/job_log_00446090.txt
HTAR: a   instcat_y02_191109/job_log_00446091.txt
HTAR: a   instcat_y02_191109/job_log_00446571.txt
HTAR: a   instcat_y02_191109/job_log_00446572.txt
HTAR: a   instcat_y02_191109/job_log_00446574.txt
HTAR: a   instcat_y02_191109/job_log_00446613.txt
HTAR: a   instcat_y02_191109/job_log_00446614.txt
HTAR: a   instcat_y02_191109/job_log_00446616.txt
HTAR: a   instcat_y02_191109/job_log_00447508.txt
HTAR: a   instcat_y02_191109/job_log_00447509.txt
HTAR: a   instcat_y02_191109/job_log_00447510.txt
HTAR: a   instcat_y02_191109/job_log_00447513.txt
HTAR: a   instcat_y02_191109/job_log_00447514.txt
HTAR: a   instcat_y02_191109/job_log_00447516.txt
HTAR: a   instcat_y02_191109/job_log_00447518.txt
HTAR: a   instcat_y02_191109/job_log_00447519.txt
HTAR: a   instcat_y02_191109/job_log_00447520.txt
HTAR: a   instcat_y02_191109/job_log_00447524.txt
HTAR: a   instcat_y02_191109/job_log_00447526.txt
HTAR: a   instcat_y02_191109/job_log_00447527.txt
HTAR: a   instcat_y02_191109/job_log_00447528.txt
HTAR: a   instcat_y02_191109/job_log_00447529.txt
HTAR: a   instcat_y02_191109/job_log_00447530.txt
HTAR: a   instcat_y02_191109/job_log_00447531.txt
HTAR: a   instcat_y02_191109/job_log_00447532.txt
HTAR: a   instcat_y02_191109/job_log_00447533.txt
HTAR: a   instcat_y02_191109/job_log_00447534.txt
HTAR: a   instcat_y02_191109/job_log_00447535.txt
HTAR: a   instcat_y02_191109/job_log_00447536.txt
HTAR: a   instcat_y02_191109/job_log_00447537.txt
HTAR: a   instcat_y02_191109/job_log_00447538.txt
HTAR: a   instcat_y02_191109/job_log_00447539.txt
HTAR: a   instcat_y02_191109/job_log_00447540.txt
HTAR: a   instcat_y02_191109/job_log_00447541.txt
HTAR: a   instcat_y02_191109/job_log_00447542.txt
HTAR: a   instcat_y02_191109/job_log_00447543.txt
HTAR: a   instcat_y02_191109/job_log_00447544.txt
HTAR: a   instcat_y02_191109/job_log_00447545.txt
HTAR: a   instcat_y02_191109/job_log_00447546.txt
HTAR: a   instcat_y02_191109/job_log_00447547.txt
HTAR: a   instcat_y02_191109/job_log_00447548.txt
HTAR: a   instcat_y02_191109/job_log_00447549.txt
HTAR: a   instcat_y02_191109/job_log_00447550.txt
HTAR: a   instcat_y02_191109/job_log_00447551.txt
HTAR: a   instcat_y02_191109/job_log_00447552.txt
HTAR: a   instcat_y02_191109/job_log_00447553.txt
HTAR: a   instcat_y02_191109/job_log_00447554.txt
HTAR: a   instcat_y02_191109/job_log_00447555.txt
HTAR: a   instcat_y02_191109/job_log_00447556.txt
HTAR: a   instcat_y02_191109/job_log_00447557.txt
HTAR: a   instcat_y02_191109/job_log_00447558.txt
HTAR: a   instcat_y02_191109/job_log_00447559.txt
HTAR: a   instcat_y02_191109/job_log_00447560.txt
HTAR: a   instcat_y02_191109/job_log_00447561.txt
HTAR: a   instcat_y02_191109/job_log_00447562.txt
HTAR: a   instcat_y02_191109/job_log_00447563.txt
HTAR: a   instcat_y02_191109/job_log_00447564.txt
HTAR: a   instcat_y02_191109/job_log_00447565.txt
HTAR: a   instcat_y02_191109/job_log_00447566.txt
HTAR: a   instcat_y02_191109/job_log_00447567.txt
HTAR: a   instcat_y02_191109/job_log_00447568.txt
HTAR: a   instcat_y02_191109/job_log_00447569.txt
HTAR: a   instcat_y02_191109/job_log_00447570.txt
HTAR: a   instcat_y02_191109/job_log_00447571.txt
HTAR: a   instcat_y02_191109/job_log_00447572.txt
HTAR: a   instcat_y02_191109/job_log_00447573.txt
HTAR: a   instcat_y02_191109/job_log_00447574.txt
HTAR: a   instcat_y02_191109/job_log_00447575.txt
HTAR: a   instcat_y02_191109/job_log_00447576.txt
HTAR: a   instcat_y02_191109/job_log_00447577.txt
HTAR: a   instcat_y02_191109/job_log_00447578.txt
HTAR: a   instcat_y02_191109/job_log_00447579.txt
HTAR: a   instcat_y02_191109/job_log_00447580.txt
HTAR: a   instcat_y02_191109/job_log_00447581.txt
HTAR: a   instcat_y02_191109/job_log_00447582.txt
HTAR: a   instcat_y02_191109/job_log_00447583.txt
HTAR: a   instcat_y02_191109/job_log_00447584.txt
HTAR: a   instcat_y02_191109/job_log_00447585.txt
HTAR: a   instcat_y02_191109/job_log_00447586.txt
HTAR: a   instcat_y02_191109/job_log_00447587.txt
HTAR: a   instcat_y02_191109/job_log_00447588.txt
HTAR: a   instcat_y02_191109/job_log_00447589.txt
HTAR: a   instcat_y02_191109/job_log_00447590.txt
HTAR: a   instcat_y02_191109/job_log_00447591.txt
HTAR: a   instcat_y02_191109/job_log_00447592.txt
HTAR: a   instcat_y02_191109/job_log_00447593.txt
HTAR: a   instcat_y02_191109/job_log_00447594.txt
HTAR: a   instcat_y02_191109/job_log_00447595.txt
HTAR: a   instcat_y02_191109/job_log_00447596.txt
HTAR: a   instcat_y02_191109/job_log_00447597.txt
HTAR: a   instcat_y02_191109/job_log_00447598.txt
HTAR: a   instcat_y02_191109/job_log_00447599.txt
HTAR: a   instcat_y02_191109/job_log_00447600.txt
HTAR: a   instcat_y02_191109/job_log_00447601.txt
HTAR: a   instcat_y02_191109/job_log_00447602.txt
HTAR: a   instcat_y02_191109/job_log_00447603.txt
HTAR: a   instcat_y02_191109/job_log_00447604.txt
HTAR: a   instcat_y02_191109/job_log_00447605.txt
HTAR: a   instcat_y02_191109/job_log_00447606.txt
HTAR: a   instcat_y02_191109/job_log_00447607.txt
HTAR: a   instcat_y02_191109/job_log_00447608.txt
HTAR: a   instcat_y02_191109/job_log_00447609.txt
HTAR: a   instcat_y02_191109/job_log_00447610.txt
HTAR: a   instcat_y02_191109/job_log_00447611.txt
HTAR: a   instcat_y02_191109/job_log_00447612.txt
HTAR: a   instcat_y02_191109/job_log_00447613.txt
HTAR: a   instcat_y02_191109/job_log_00447614.txt
HTAR: a   instcat_y02_191109/job_log_00447615.txt
HTAR: a   instcat_y02_191109/job_log_00447616.txt
HTAR: a   instcat_y02_191109/job_log_00447617.txt
HTAR: a   instcat_y02_191109/job_log_00447618.txt
HTAR: a   instcat_y02_191109/job_log_00447619.txt
HTAR: a   /tmp/HTAR_CF_CHK_44015_1580507116
HTAR Create complete for /home/projects/desc/DC2_ImSim/Run2.2i/instCat/y02_191109/00445840to00447619.tar. 559,642,477,056 bytes written for 244 member files, max threads: 50 Transfer time: 3757.295 seconds (148.948 MB/s) wallclock/user/sys: 3759.227 4508.776 1658.400 seconds
HTAR: HTAR SUCCESSFUL
HTAR: a   instcat_y02_191109/00447620.tar.gz
HTAR: a   instcat_y02_191109/00447621.tar.gz
HTAR: a   instcat_y02_191109/00447757.tar.gz
HTAR: a   instcat_y02_191109/00447797.tar.gz
HTAR: a   instcat_y02_191109/00447874.tar.gz
HTAR: a   instcat_y02_191109/00447875.tar.gz
HTAR: a   instcat_y02_191109/00447876.tar.gz
HTAR: a   instcat_y02_191109/00447877.tar.gz
HTAR: a   instcat_y02_191109/00447878.tar.gz
HTAR: a   instcat_y02_191109/00447905.tar.gz
HTAR: a   instcat_y02_191109/00447906.tar.gz
HTAR: a   instcat_y02_191109/00447924.tar.gz
HTAR: a   instcat_y02_191109/00448297.tar.gz
HTAR: a   instcat_y02_191109/00448298.tar.gz
HTAR: a   instcat_y02_191109/00448299.tar.gz
HTAR: a   instcat_y02_191109/00448300.tar.gz
HTAR: a   instcat_y02_191109/00448301.tar.gz
HTAR: a   instcat_y02_191109/00448312.tar.gz
HTAR: a   instcat_y02_191109/00448317.tar.gz
HTAR: a   instcat_y02_191109/00448343.tar.gz
HTAR: a   instcat_y02_191109/00448344.tar.gz
HTAR: a   instcat_y02_191109/00448345.tar.gz
HTAR: a   instcat_y02_191109/00448346.tar.gz
HTAR: a   instcat_y02_191109/00449236.tar.gz
HTAR: a   instcat_y02_191109/00449237.tar.gz
HTAR: a   instcat_y02_191109/00449238.tar.gz
HTAR: a   instcat_y02_191109/00449239.tar.gz
HTAR: a   instcat_y02_191109/00449240.tar.gz
HTAR: a   instcat_y02_191109/00449241.tar.gz
HTAR: a   instcat_y02_191109/00449242.tar.gz
HTAR: a   instcat_y02_191109/00449243.tar.gz
HTAR: a   instcat_y02_191109/00449244.tar.gz
HTAR: a   instcat_y02_191109/00449245.tar.gz
HTAR: a   instcat_y02_191109/00449246.tar.gz
HTAR: a   instcat_y02_191109/00449247.tar.gz
HTAR: a   instcat_y02_191109/00449248.tar.gz
HTAR: a   instcat_y02_191109/00449249.tar.gz
HTAR: a   instcat_y02_191109/00449250.tar.gz
HTAR: a   instcat_y02_191109/00449251.tar.gz
HTAR: a   instcat_y02_191109/00449252.tar.gz
HTAR: a   instcat_y02_191109/00449253.tar.gz
HTAR: a   instcat_y02_191109/00449254.tar.gz
HTAR: a   instcat_y02_191109/00449255.tar.gz
HTAR: a   instcat_y02_191109/00449256.tar.gz
HTAR: a   instcat_y02_191109/00449257.tar.gz
HTAR: a   instcat_y02_191109/00449258.tar.gz
HTAR: a   instcat_y02_191109/00449259.tar.gz
HTAR: a   instcat_y02_191109/00449260.tar.gz
HTAR: a   instcat_y02_191109/00449261.tar.gz
HTAR: a   instcat_y02_191109/00449262.tar.gz
HTAR: a   instcat_y02_191109/00449263.tar.gz
HTAR: a   instcat_y02_191109/00449264.tar.gz
HTAR: a   instcat_y02_191109/00449265.tar.gz
HTAR: a   instcat_y02_191109/00449266.tar.gz
HTAR: a   instcat_y02_191109/00449267.tar.gz
HTAR: a   instcat_y02_191109/00449268.tar.gz
HTAR: a   instcat_y02_191109/00449269.tar.gz
HTAR: a   instcat_y02_191109/00449270.tar.gz
HTAR: a   instcat_y02_191109/00449271.tar.gz
HTAR: a   instcat_y02_191109/00449272.tar.gz
HTAR: a   instcat_y02_191109/00449273.tar.gz
HTAR: a   instcat_y02_191109/00449274.tar.gz
HTAR: a   instcat_y02_191109/00449275.tar.gz
HTAR: a   instcat_y02_191109/00449276.tar.gz
HTAR: a   instcat_y02_191109/00449277.tar.gz
HTAR: a   instcat_y02_191109/00449278.tar.gz
HTAR: a   instcat_y02_191109/00449279.tar.gz
HTAR: a   instcat_y02_191109/00449280.tar.gz
HTAR: a   instcat_y02_191109/00449281.tar.gz
HTAR: a   instcat_y02_191109/00449282.tar.gz
HTAR: a   instcat_y02_191109/00449283.tar.gz
HTAR: a   instcat_y02_191109/00449284.tar.gz
HTAR: a   instcat_y02_191109/00449285.tar.gz
HTAR: a   instcat_y02_191109/00449286.tar.gz
HTAR: a   instcat_y02_191109/00449287.tar.gz
HTAR: a   instcat_y02_191109/00449288.tar.gz
HTAR: a   instcat_y02_191109/00449289.tar.gz
HTAR: a   instcat_y02_191109/00449290.tar.gz
HTAR: a   instcat_y02_191109/00449291.tar.gz
HTAR: a   instcat_y02_191109/00449292.tar.gz
HTAR: a   instcat_y02_191109/00449293.tar.gz
HTAR: a   instcat_y02_191109/00449294.tar.gz
HTAR: a   instcat_y02_191109/00449295.tar.gz
HTAR: a   instcat_y02_191109/00449296.tar.gz
HTAR: a   instcat_y02_191109/00449297.tar.gz
HTAR: a   instcat_y02_191109/00449298.tar.gz
HTAR: a   instcat_y02_191109/00449299.tar.gz
HTAR: a   instcat_y02_191109/00449300.tar.gz
HTAR: a   instcat_y02_191109/00449301.tar.gz
HTAR: a   instcat_y02_191109/00449302.tar.gz
HTAR: a   instcat_y02_191109/00449303.tar.gz
HTAR: a   instcat_y02_191109/00449304.tar.gz
HTAR: a   instcat_y02_191109/00449305.tar.gz
HTAR: a   instcat_y02_191109/00449306.tar.gz
HTAR: a   instcat_y02_191109/00449307.tar.gz
HTAR: a   instcat_y02_191109/00449308.tar.gz
HTAR: a   instcat_y02_191109/00449309.tar.gz
HTAR: a   instcat_y02_191109/00449310.tar.gz
HTAR: a   instcat_y02_191109/00449311.tar.gz
HTAR: a   instcat_y02_191109/00449312.tar.gz
HTAR: a   instcat_y02_191109/00449313.tar.gz
HTAR: a   instcat_y02_191109/00449314.tar.gz
HTAR: a   instcat_y02_191109/00449315.tar.gz
HTAR: a   instcat_y02_191109/00449316.tar.gz
HTAR: a   instcat_y02_191109/00449317.tar.gz
HTAR: a   instcat_y02_191109/00449318.tar.gz
HTAR: a   instcat_y02_191109/00449319.tar.gz
HTAR: a   instcat_y02_191109/00449320.tar.gz
HTAR: a   instcat_y02_191109/00449321.tar.gz
HTAR: a   instcat_y02_191109/00449322.tar.gz
HTAR: a   instcat_y02_191109/00449323.tar.gz
HTAR: a   instcat_y02_191109/00449324.tar.gz
HTAR: a   instcat_y02_191109/00449325.tar.gz
HTAR: a   instcat_y02_191109/00449326.tar.gz
HTAR: a   instcat_y02_191109/00449327.tar.gz
HTAR: a   instcat_y02_191109/00449328.tar.gz
HTAR: a   instcat_y02_191109/00449329.tar.gz
HTAR: a   instcat_y02_191109/00449330.tar.gz
HTAR: a   instcat_y02_191109/00449331.tar.gz
HTAR: a   instcat_y02_191109/00449859.tar.gz
HTAR: a   instcat_y02_191109/00449903.tar.gz
HTAR: a   instcat_y02_191109/00449904.tar.gz
HTAR: a   instcat_y02_191109/job_log_00447620.txt
HTAR: a   instcat_y02_191109/job_log_00447621.txt
HTAR: a   instcat_y02_191109/job_log_00447757.txt
HTAR: a   instcat_y02_191109/job_log_00447797.txt
HTAR: a   instcat_y02_191109/job_log_00447874.txt
HTAR: a   instcat_y02_191109/job_log_00447875.txt
HTAR: a   instcat_y02_191109/job_log_00447876.txt
HTAR: a   instcat_y02_191109/job_log_00447877.txt
HTAR: a   instcat_y02_191109/job_log_00447878.txt
HTAR: a   instcat_y02_191109/job_log_00447905.txt
HTAR: a   instcat_y02_191109/job_log_00447906.txt
HTAR: a   instcat_y02_191109/job_log_00447924.txt
HTAR: a   instcat_y02_191109/job_log_00448297.txt
HTAR: a   instcat_y02_191109/job_log_00448298.txt
HTAR: a   instcat_y02_191109/job_log_00448299.txt
HTAR: a   instcat_y02_191109/job_log_00448300.txt
HTAR: a   instcat_y02_191109/job_log_00448301.txt
HTAR: a   instcat_y02_191109/job_log_00448312.txt
HTAR: a   instcat_y02_191109/job_log_00448317.txt
HTAR: a   instcat_y02_191109/job_log_00448343.txt
HTAR: a   instcat_y02_191109/job_log_00448344.txt
HTAR: a   instcat_y02_191109/job_log_00448345.txt
HTAR: a   instcat_y02_191109/job_log_00448346.txt
HTAR: a   instcat_y02_191109/job_log_00449236.txt
HTAR: a   instcat_y02_191109/job_log_00449237.txt
HTAR: a   instcat_y02_191109/job_log_00449238.txt
HTAR: a   instcat_y02_191109/job_log_00449239.txt
HTAR: a   instcat_y02_191109/job_log_00449240.txt
HTAR: a   instcat_y02_191109/job_log_00449241.txt
HTAR: a   instcat_y02_191109/job_log_00449242.txt
HTAR: a   instcat_y02_191109/job_log_00449243.txt
HTAR: a   instcat_y02_191109/job_log_00449244.txt
HTAR: a   instcat_y02_191109/job_log_00449245.txt
HTAR: a   instcat_y02_191109/job_log_00449246.txt
HTAR: a   instcat_y02_191109/job_log_00449247.txt
HTAR: a   instcat_y02_191109/job_log_00449248.txt
HTAR: a   instcat_y02_191109/job_log_00449249.txt
HTAR: a   instcat_y02_191109/job_log_00449250.txt
HTAR: a   instcat_y02_191109/job_log_00449251.txt
HTAR: a   instcat_y02_191109/job_log_00449252.txt
HTAR: a   instcat_y02_191109/job_log_00449253.txt
HTAR: a   instcat_y02_191109/job_log_00449254.txt
HTAR: a   instcat_y02_191109/job_log_00449255.txt
HTAR: a   instcat_y02_191109/job_log_00449256.txt
HTAR: a   instcat_y02_191109/job_log_00449257.txt
HTAR: a   instcat_y02_191109/job_log_00449258.txt
HTAR: a   instcat_y02_191109/job_log_00449259.txt
HTAR: a   instcat_y02_191109/job_log_00449260.txt
HTAR: a   instcat_y02_191109/job_log_00449261.txt
HTAR: a   instcat_y02_191109/job_log_00449262.txt
HTAR: a   instcat_y02_191109/job_log_00449263.txt
HTAR: a   instcat_y02_191109/job_log_00449264.txt
HTAR: a   instcat_y02_191109/job_log_00449265.txt
HTAR: a   instcat_y02_191109/job_log_00449266.txt
HTAR: a   instcat_y02_191109/job_log_00449267.txt
HTAR: a   instcat_y02_191109/job_log_00449268.txt
HTAR: a   instcat_y02_191109/job_log_00449269.txt
HTAR: a   instcat_y02_191109/job_log_00449270.txt
HTAR: a   instcat_y02_191109/job_log_00449271.txt
HTAR: a   instcat_y02_191109/job_log_00449272.txt
HTAR: a   instcat_y02_191109/job_log_00449273.txt
HTAR: a   instcat_y02_191109/job_log_00449274.txt
HTAR: a   instcat_y02_191109/job_log_00449275.txt
HTAR: a   instcat_y02_191109/job_log_00449276.txt
HTAR: a   instcat_y02_191109/job_log_00449277.txt
HTAR: a   instcat_y02_191109/job_log_00449278.txt
HTAR: a   instcat_y02_191109/job_log_00449279.txt
HTAR: a   instcat_y02_191109/job_log_00449280.txt
HTAR: a   instcat_y02_191109/job_log_00449281.txt
HTAR: a   instcat_y02_191109/job_log_00449282.txt
HTAR: a   instcat_y02_191109/job_log_00449283.txt
HTAR: a   instcat_y02_191109/job_log_00449284.txt
HTAR: a   instcat_y02_191109/job_log_00449285.txt
HTAR: a   instcat_y02_191109/job_log_00449286.txt
HTAR: a   instcat_y02_191109/job_log_00449287.txt
HTAR: a   instcat_y02_191109/job_log_00449288.txt
HTAR: a   instcat_y02_191109/job_log_00449289.txt
HTAR: a   instcat_y02_191109/job_log_00449290.txt
HTAR: a   instcat_y02_191109/job_log_00449291.txt
HTAR: a   instcat_y02_191109/job_log_00449292.txt
HTAR: a   instcat_y02_191109/job_log_00449293.txt
HTAR: a   instcat_y02_191109/job_log_00449294.txt
HTAR: a   instcat_y02_191109/job_log_00449295.txt
HTAR: a   instcat_y02_191109/job_log_00449296.txt
HTAR: a   instcat_y02_191109/job_log_00449297.txt
HTAR: a   instcat_y02_191109/job_log_00449298.txt
HTAR: a   instcat_y02_191109/job_log_00449299.txt
HTAR: a   instcat_y02_191109/job_log_00449300.txt
HTAR: a   instcat_y02_191109/job_log_00449301.txt
HTAR: a   instcat_y02_191109/job_log_00449302.txt
HTAR: a   instcat_y02_191109/job_log_00449303.txt
HTAR: a   instcat_y02_191109/job_log_00449304.txt
HTAR: a   instcat_y02_191109/job_log_00449305.txt
HTAR: a   instcat_y02_191109/job_log_00449306.txt
HTAR: a   instcat_y02_191109/job_log_00449307.txt
HTAR: a   instcat_y02_191109/job_log_00449308.txt
HTAR: a   instcat_y02_191109/job_log_00449309.txt
HTAR: a   instcat_y02_191109/job_log_00449310.txt
HTAR: a   instcat_y02_191109/job_log_00449311.txt
HTAR: a   instcat_y02_191109/job_log_00449312.txt
HTAR: a   instcat_y02_191109/job_log_00449313.txt
HTAR: a   instcat_y02_191109/job_log_00449314.txt
HTAR: a   instcat_y02_191109/job_log_00449315.txt
HTAR: a   instcat_y02_191109/job_log_00449316.txt
HTAR: a   instcat_y02_191109/job_log_00449317.txt
HTAR: a   instcat_y02_191109/job_log_00449318.txt
HTAR: a   instcat_y02_191109/job_log_00449319.txt
HTAR: a   instcat_y02_191109/job_log_00449320.txt
HTAR: a   instcat_y02_191109/job_log_00449321.txt
HTAR: a   instcat_y02_191109/job_log_00449322.txt
HTAR: a   instcat_y02_191109/job_log_00449323.txt
HTAR: a   instcat_y02_191109/job_log_00449324.txt
HTAR: a   instcat_y02_191109/job_log_00449325.txt
HTAR: a   instcat_y02_191109/job_log_00449326.txt
HTAR: a   instcat_y02_191109/job_log_00449327.txt
HTAR: a   instcat_y02_191109/job_log_00449328.txt
HTAR: a   instcat_y02_191109/job_log_00449329.txt
HTAR: a   instcat_y02_191109/job_log_00449330.txt
HTAR: a   instcat_y02_191109/job_log_00449331.txt
HTAR: a   instcat_y02_191109/job_log_00449859.txt
HTAR: a   instcat_y02_191109/job_log_00449903.txt
HTAR: a   instcat_y02_191109/job_log_00449904.txt
HTAR: a   /tmp/HTAR_CF_CHK_45454_1580510877
HTAR Create complete for /home/projects/desc/DC2_ImSim/Run2.2i/instCat/y02_191109/00447620to00449904.tar. 570,538,633,216 bytes written for 244 member files, max threads: 50 Transfer time: 3686.362 seconds (154.770 MB/s) wallclock/user/sys: 3687.928 4523.125 1510.454 seconds
HTAR: HTAR SUCCESSFUL
