HTAR: a   instcat_y02_191109/00449953.tar.gz
HTAR: a   instcat_y02_191109/00449954.tar.gz
HTAR: a   instcat_y02_191109/00449955.tar.gz
HTAR: a   instcat_y02_191109/00451409.tar.gz
HTAR: a   instcat_y02_191109/00451451.tar.gz
HTAR: a   instcat_y02_191109/00451452.tar.gz
HTAR: a   instcat_y02_191109/00451453.tar.gz
HTAR: a   instcat_y02_191109/00451454.tar.gz
HTAR: a   instcat_y02_191109/00451455.tar.gz
HTAR: a   instcat_y02_191109/00451456.tar.gz
HTAR: a   instcat_y02_191109/00451487.tar.gz
HTAR: a   instcat_y02_191109/00451488.tar.gz
HTAR: a   instcat_y02_191109/00451489.tar.gz
HTAR: a   instcat_y02_191109/00451490.tar.gz
HTAR: a   instcat_y02_191109/00451491.tar.gz
HTAR: a   instcat_y02_191109/00451492.tar.gz
HTAR: a   instcat_y02_191109/00451493.tar.gz
HTAR: a   instcat_y02_191109/00451501.tar.gz
HTAR: a   instcat_y02_191109/00451502.tar.gz
HTAR: a   instcat_y02_191109/00451503.tar.gz
HTAR: a   instcat_y02_191109/00451504.tar.gz
HTAR: a   instcat_y02_191109/00451505.tar.gz
HTAR: a   instcat_y02_191109/00451506.tar.gz
HTAR: a   instcat_y02_191109/00451512.tar.gz
HTAR: a   instcat_y02_191109/00451520.tar.gz
HTAR: a   instcat_y02_191109/00451531.tar.gz
HTAR: a   instcat_y02_191109/00451539.tar.gz
HTAR: a   instcat_y02_191109/00451540.tar.gz
HTAR: a   instcat_y02_191109/00451541.tar.gz
HTAR: a   instcat_y02_191109/00451542.tar.gz
HTAR: a   instcat_y02_191109/00451543.tar.gz
HTAR: a   instcat_y02_191109/00451544.tar.gz
HTAR: a   instcat_y02_191109/00451576.tar.gz
HTAR: a   instcat_y02_191109/00451577.tar.gz
HTAR: a   instcat_y02_191109/00451578.tar.gz
HTAR: a   instcat_y02_191109/00451579.tar.gz
HTAR: a   instcat_y02_191109/00451589.tar.gz
HTAR: a   instcat_y02_191109/00451590.tar.gz
HTAR: a   instcat_y02_191109/00451597.tar.gz
HTAR: a   instcat_y02_191109/00451598.tar.gz
HTAR: a   instcat_y02_191109/00451619.tar.gz
HTAR: a   instcat_y02_191109/00451620.tar.gz
HTAR: a   instcat_y02_191109/00451621.tar.gz
HTAR: a   instcat_y02_191109/00451623.tar.gz
HTAR: a   instcat_y02_191109/00451633.tar.gz
HTAR: a   instcat_y02_191109/00451641.tar.gz
HTAR: a   instcat_y02_191109/00451642.tar.gz
HTAR: a   instcat_y02_191109/00451654.tar.gz
HTAR: a   instcat_y02_191109/00451655.tar.gz
HTAR: a   instcat_y02_191109/00451694.tar.gz
HTAR: a   instcat_y02_191109/00451695.tar.gz
HTAR: a   instcat_y02_191109/00451699.tar.gz
HTAR: a   instcat_y02_191109/00451700.tar.gz
HTAR: a   instcat_y02_191109/00451743.tar.gz
HTAR: a   instcat_y02_191109/00451744.tar.gz
HTAR: a   instcat_y02_191109/00451751.tar.gz
HTAR: a   instcat_y02_191109/00451752.tar.gz
HTAR: a   instcat_y02_191109/00451753.tar.gz
HTAR: a   instcat_y02_191109/00451754.tar.gz
HTAR: a   instcat_y02_191109/00451756.tar.gz
HTAR: a   instcat_y02_191109/00451757.tar.gz
HTAR: a   instcat_y02_191109/00451758.tar.gz
HTAR: a   instcat_y02_191109/00451792.tar.gz
HTAR: a   instcat_y02_191109/00451793.tar.gz
HTAR: a   instcat_y02_191109/00451795.tar.gz
HTAR: a   instcat_y02_191109/00451798.tar.gz
HTAR: a   instcat_y02_191109/00452504.tar.gz
HTAR: a   instcat_y02_191109/00452505.tar.gz
HTAR: a   instcat_y02_191109/00452506.tar.gz
HTAR: a   instcat_y02_191109/00452507.tar.gz
HTAR: a   instcat_y02_191109/00452510.tar.gz
HTAR: a   instcat_y02_191109/00452550.tar.gz
HTAR: a   instcat_y02_191109/00452551.tar.gz
HTAR: a   instcat_y02_191109/00452552.tar.gz
HTAR: a   instcat_y02_191109/00452554.tar.gz
HTAR: a   instcat_y02_191109/00452555.tar.gz
HTAR: a   instcat_y02_191109/00452556.tar.gz
HTAR: a   instcat_y02_191109/00452557.tar.gz
HTAR: a   instcat_y02_191109/00452559.tar.gz
HTAR: a   instcat_y02_191109/00452560.tar.gz
HTAR: a   instcat_y02_191109/00452562.tar.gz
HTAR: a   instcat_y02_191109/00452563.tar.gz
HTAR: a   instcat_y02_191109/00452564.tar.gz
HTAR: a   instcat_y02_191109/00452591.tar.gz
HTAR: a   instcat_y02_191109/00452592.tar.gz
HTAR: a   instcat_y02_191109/00452595.tar.gz
HTAR: a   instcat_y02_191109/00452596.tar.gz
HTAR: a   instcat_y02_191109/00452597.tar.gz
HTAR: a   instcat_y02_191109/00452598.tar.gz
HTAR: a   instcat_y02_191109/00452599.tar.gz
HTAR: a   instcat_y02_191109/00453501.tar.gz
HTAR: a   instcat_y02_191109/00453502.tar.gz
HTAR: a   instcat_y02_191109/00453503.tar.gz
HTAR: a   instcat_y02_191109/00453504.tar.gz
HTAR: a   instcat_y02_191109/00453505.tar.gz
HTAR: a   instcat_y02_191109/00453506.tar.gz
HTAR: a   instcat_y02_191109/00453507.tar.gz
HTAR: a   instcat_y02_191109/00453508.tar.gz
HTAR: a   instcat_y02_191109/00453509.tar.gz
HTAR: a   instcat_y02_191109/00453510.tar.gz
HTAR: a   instcat_y02_191109/00453511.tar.gz
HTAR: a   instcat_y02_191109/00453512.tar.gz
HTAR: a   instcat_y02_191109/00453513.tar.gz
HTAR: a   instcat_y02_191109/00453514.tar.gz
HTAR: a   instcat_y02_191109/00453515.tar.gz
HTAR: a   instcat_y02_191109/00453516.tar.gz
HTAR: a   instcat_y02_191109/00453517.tar.gz
HTAR: a   instcat_y02_191109/00453518.tar.gz
HTAR: a   instcat_y02_191109/00453519.tar.gz
HTAR: a   instcat_y02_191109/00453520.tar.gz
HTAR: a   instcat_y02_191109/00453521.tar.gz
HTAR: a   instcat_y02_191109/00453522.tar.gz
HTAR: a   instcat_y02_191109/00453523.tar.gz
HTAR: a   instcat_y02_191109/00453544.tar.gz
HTAR: a   instcat_y02_191109/00453559.tar.gz
HTAR: a   instcat_y02_191109/00453567.tar.gz
HTAR: a   instcat_y02_191109/00453603.tar.gz
HTAR: a   instcat_y02_191109/00453604.tar.gz
HTAR: a   instcat_y02_191109/00453606.tar.gz
HTAR: a   instcat_y02_191109/00453607.tar.gz
HTAR: a   instcat_y02_191109/00453608.tar.gz
HTAR: a   instcat_y02_191109/00453609.tar.gz
HTAR: a   instcat_y02_191109/job_log_00449953.txt
HTAR: a   instcat_y02_191109/job_log_00449954.txt
HTAR: a   instcat_y02_191109/job_log_00449955.txt
HTAR: a   instcat_y02_191109/job_log_00451409.txt
HTAR: a   instcat_y02_191109/job_log_00451451.txt
HTAR: a   instcat_y02_191109/job_log_00451452.txt
HTAR: a   instcat_y02_191109/job_log_00451453.txt
HTAR: a   instcat_y02_191109/job_log_00451454.txt
HTAR: a   instcat_y02_191109/job_log_00451455.txt
HTAR: a   instcat_y02_191109/job_log_00451456.txt
HTAR: a   instcat_y02_191109/job_log_00451487.txt
HTAR: a   instcat_y02_191109/job_log_00451488.txt
HTAR: a   instcat_y02_191109/job_log_00451489.txt
HTAR: a   instcat_y02_191109/job_log_00451490.txt
HTAR: a   instcat_y02_191109/job_log_00451491.txt
HTAR: a   instcat_y02_191109/job_log_00451492.txt
HTAR: a   instcat_y02_191109/job_log_00451493.txt
HTAR: a   instcat_y02_191109/job_log_00451501.txt
HTAR: a   instcat_y02_191109/job_log_00451502.txt
HTAR: a   instcat_y02_191109/job_log_00451503.txt
HTAR: a   instcat_y02_191109/job_log_00451504.txt
HTAR: a   instcat_y02_191109/job_log_00451505.txt
HTAR: a   instcat_y02_191109/job_log_00451506.txt
HTAR: a   instcat_y02_191109/job_log_00451512.txt
HTAR: a   instcat_y02_191109/job_log_00451520.txt
HTAR: a   instcat_y02_191109/job_log_00451531.txt
HTAR: a   instcat_y02_191109/job_log_00451539.txt
HTAR: a   instcat_y02_191109/job_log_00451540.txt
HTAR: a   instcat_y02_191109/job_log_00451541.txt
HTAR: a   instcat_y02_191109/job_log_00451542.txt
HTAR: a   instcat_y02_191109/job_log_00451543.txt
HTAR: a   instcat_y02_191109/job_log_00451544.txt
HTAR: a   instcat_y02_191109/job_log_00451576.txt
HTAR: a   instcat_y02_191109/job_log_00451577.txt
HTAR: a   instcat_y02_191109/job_log_00451578.txt
HTAR: a   instcat_y02_191109/job_log_00451579.txt
HTAR: a   instcat_y02_191109/job_log_00451589.txt
HTAR: a   instcat_y02_191109/job_log_00451590.txt
HTAR: a   instcat_y02_191109/job_log_00451597.txt
HTAR: a   instcat_y02_191109/job_log_00451598.txt
HTAR: a   instcat_y02_191109/job_log_00451619.txt
HTAR: a   instcat_y02_191109/job_log_00451620.txt
HTAR: a   instcat_y02_191109/job_log_00451621.txt
HTAR: a   instcat_y02_191109/job_log_00451623.txt
HTAR: a   instcat_y02_191109/job_log_00451633.txt
HTAR: a   instcat_y02_191109/job_log_00451641.txt
HTAR: a   instcat_y02_191109/job_log_00451642.txt
HTAR: a   instcat_y02_191109/job_log_00451654.txt
HTAR: a   instcat_y02_191109/job_log_00451655.txt
HTAR: a   instcat_y02_191109/job_log_00451694.txt
HTAR: a   instcat_y02_191109/job_log_00451695.txt
HTAR: a   instcat_y02_191109/job_log_00451699.txt
HTAR: a   instcat_y02_191109/job_log_00451700.txt
HTAR: a   instcat_y02_191109/job_log_00451743.txt
HTAR: a   instcat_y02_191109/job_log_00451744.txt
HTAR: a   instcat_y02_191109/job_log_00451751.txt
HTAR: a   instcat_y02_191109/job_log_00451752.txt
HTAR: a   instcat_y02_191109/job_log_00451753.txt
HTAR: a   instcat_y02_191109/job_log_00451754.txt
HTAR: a   instcat_y02_191109/job_log_00451756.txt
HTAR: a   instcat_y02_191109/job_log_00451757.txt
HTAR: a   instcat_y02_191109/job_log_00451758.txt
HTAR: a   instcat_y02_191109/job_log_00451792.txt
HTAR: a   instcat_y02_191109/job_log_00451793.txt
HTAR: a   instcat_y02_191109/job_log_00451795.txt
HTAR: a   instcat_y02_191109/job_log_00451798.txt
HTAR: a   instcat_y02_191109/job_log_00452504.txt
HTAR: a   instcat_y02_191109/job_log_00452505.txt
HTAR: a   instcat_y02_191109/job_log_00452506.txt
HTAR: a   instcat_y02_191109/job_log_00452507.txt
HTAR: a   instcat_y02_191109/job_log_00452510.txt
HTAR: a   instcat_y02_191109/job_log_00452550.txt
HTAR: a   instcat_y02_191109/job_log_00452551.txt
HTAR: a   instcat_y02_191109/job_log_00452552.txt
HTAR: a   instcat_y02_191109/job_log_00452554.txt
HTAR: a   instcat_y02_191109/job_log_00452555.txt
HTAR: a   instcat_y02_191109/job_log_00452556.txt
HTAR: a   instcat_y02_191109/job_log_00452557.txt
HTAR: a   instcat_y02_191109/job_log_00452559.txt
HTAR: a   instcat_y02_191109/job_log_00452560.txt
HTAR: a   instcat_y02_191109/job_log_00452562.txt
HTAR: a   instcat_y02_191109/job_log_00452563.txt
HTAR: a   instcat_y02_191109/job_log_00452564.txt
HTAR: a   instcat_y02_191109/job_log_00452591.txt
HTAR: a   instcat_y02_191109/job_log_00452592.txt
HTAR: a   instcat_y02_191109/job_log_00452595.txt
HTAR: a   instcat_y02_191109/job_log_00452596.txt
HTAR: a   instcat_y02_191109/job_log_00452597.txt
HTAR: a   instcat_y02_191109/job_log_00452598.txt
HTAR: a   instcat_y02_191109/job_log_00452599.txt
HTAR: a   instcat_y02_191109/job_log_00453501.txt
HTAR: a   instcat_y02_191109/job_log_00453502.txt
HTAR: a   instcat_y02_191109/job_log_00453503.txt
HTAR: a   instcat_y02_191109/job_log_00453504.txt
HTAR: a   instcat_y02_191109/job_log_00453505.txt
HTAR: a   instcat_y02_191109/job_log_00453506.txt
HTAR: a   instcat_y02_191109/job_log_00453507.txt
HTAR: a   instcat_y02_191109/job_log_00453508.txt
HTAR: a   instcat_y02_191109/job_log_00453509.txt
HTAR: a   instcat_y02_191109/job_log_00453510.txt
HTAR: a   instcat_y02_191109/job_log_00453511.txt
HTAR: a   instcat_y02_191109/job_log_00453512.txt
HTAR: a   instcat_y02_191109/job_log_00453513.txt
HTAR: a   instcat_y02_191109/job_log_00453514.txt
HTAR: a   instcat_y02_191109/job_log_00453515.txt
HTAR: a   instcat_y02_191109/job_log_00453516.txt
HTAR: a   instcat_y02_191109/job_log_00453517.txt
HTAR: a   instcat_y02_191109/job_log_00453518.txt
HTAR: a   instcat_y02_191109/job_log_00453519.txt
HTAR: a   instcat_y02_191109/job_log_00453520.txt
HTAR: a   instcat_y02_191109/job_log_00453521.txt
HTAR: a   instcat_y02_191109/job_log_00453522.txt
HTAR: a   instcat_y02_191109/job_log_00453523.txt
HTAR: a   instcat_y02_191109/job_log_00453544.txt
HTAR: a   instcat_y02_191109/job_log_00453559.txt
HTAR: a   instcat_y02_191109/job_log_00453567.txt
HTAR: a   instcat_y02_191109/job_log_00453603.txt
HTAR: a   instcat_y02_191109/job_log_00453604.txt
HTAR: a   instcat_y02_191109/job_log_00453606.txt
HTAR: a   instcat_y02_191109/job_log_00453607.txt
HTAR: a   instcat_y02_191109/job_log_00453608.txt
HTAR: a   instcat_y02_191109/job_log_00453609.txt
HTAR: a   /tmp/HTAR_CF_CHK_23515_1580490062
HTAR Create complete for /home/projects/desc/DC2_ImSim/Run2.2i/instCat/y02_191109/00449953to00453609.tar. 537,397,817,344 bytes written for 244 member files, max threads: 50 Transfer time: 3511.657 seconds (153.033 MB/s) wallclock/user/sys: 3512.981 4447.440 1422.268 seconds
HTAR: HTAR SUCCESSFUL
HTAR: a   instcat_y02_191109/00453610.tar.gz
HTAR: a   instcat_y02_191109/00453611.tar.gz
HTAR: a   instcat_y02_191109/00455337.tar.gz
HTAR: a   instcat_y02_191109/00455338.tar.gz
HTAR: a   instcat_y02_191109/00455339.tar.gz
HTAR: a   instcat_y02_191109/00455340.tar.gz
HTAR: a   instcat_y02_191109/00455341.tar.gz
HTAR: a   instcat_y02_191109/00455342.tar.gz
HTAR: a   instcat_y02_191109/00455343.tar.gz
HTAR: a   instcat_y02_191109/00455344.tar.gz
HTAR: a   instcat_y02_191109/00455345.tar.gz
HTAR: a   instcat_y02_191109/00455346.tar.gz
HTAR: a   instcat_y02_191109/00455347.tar.gz
HTAR: a   instcat_y02_191109/00455348.tar.gz
HTAR: a   instcat_y02_191109/00455349.tar.gz
HTAR: a   instcat_y02_191109/00455350.tar.gz
HTAR: a   instcat_y02_191109/00455351.tar.gz
HTAR: a   instcat_y02_191109/00455352.tar.gz
HTAR: a   instcat_y02_191109/00455353.tar.gz
HTAR: a   instcat_y02_191109/00455354.tar.gz
HTAR: a   instcat_y02_191109/00455355.tar.gz
HTAR: a   instcat_y02_191109/00455356.tar.gz
HTAR: a   instcat_y02_191109/00455357.tar.gz
HTAR: a   instcat_y02_191109/00455358.tar.gz
HTAR: a   instcat_y02_191109/00455359.tar.gz
HTAR: a   instcat_y02_191109/00455360.tar.gz
HTAR: a   instcat_y02_191109/00455361.tar.gz
HTAR: a   instcat_y02_191109/00455362.tar.gz
HTAR: a   instcat_y02_191109/00455363.tar.gz
HTAR: a   instcat_y02_191109/00455364.tar.gz
HTAR: a   instcat_y02_191109/00455365.tar.gz
HTAR: a   instcat_y02_191109/00455366.tar.gz
HTAR: a   instcat_y02_191109/00455367.tar.gz
HTAR: a   instcat_y02_191109/00455368.tar.gz
HTAR: a   instcat_y02_191109/00455369.tar.gz
HTAR: a   instcat_y02_191109/00455370.tar.gz
HTAR: a   instcat_y02_191109/00455371.tar.gz
HTAR: a   instcat_y02_191109/00455372.tar.gz
HTAR: a   instcat_y02_191109/00455373.tar.gz
HTAR: a   instcat_y02_191109/00455374.tar.gz
HTAR: a   instcat_y02_191109/00455375.tar.gz
HTAR: a   instcat_y02_191109/00455376.tar.gz
HTAR: a   instcat_y02_191109/00455377.tar.gz
HTAR: a   instcat_y02_191109/00455378.tar.gz
HTAR: a   instcat_y02_191109/00455379.tar.gz
HTAR: a   instcat_y02_191109/00455380.tar.gz
HTAR: a   instcat_y02_191109/00455381.tar.gz
HTAR: a   instcat_y02_191109/00455382.tar.gz
HTAR: a   instcat_y02_191109/00455383.tar.gz
HTAR: a   instcat_y02_191109/00455384.tar.gz
HTAR: a   instcat_y02_191109/00455385.tar.gz
HTAR: a   instcat_y02_191109/00455386.tar.gz
HTAR: a   instcat_y02_191109/00455387.tar.gz
HTAR: a   instcat_y02_191109/00455388.tar.gz
HTAR: a   instcat_y02_191109/00455389.tar.gz
HTAR: a   instcat_y02_191109/00455390.tar.gz
HTAR: a   instcat_y02_191109/00455391.tar.gz
HTAR: a   instcat_y02_191109/00455392.tar.gz
HTAR: a   instcat_y02_191109/00455393.tar.gz
HTAR: a   instcat_y02_191109/00455394.tar.gz
HTAR: a   instcat_y02_191109/00455395.tar.gz
HTAR: a   instcat_y02_191109/00455396.tar.gz
HTAR: a   instcat_y02_191109/00455397.tar.gz
HTAR: a   instcat_y02_191109/00455398.tar.gz
HTAR: a   instcat_y02_191109/00455399.tar.gz
HTAR: a   instcat_y02_191109/00455400.tar.gz
HTAR: a   instcat_y02_191109/00455401.tar.gz
HTAR: a   instcat_y02_191109/00455402.tar.gz
HTAR: a   instcat_y02_191109/00455403.tar.gz
HTAR: a   instcat_y02_191109/00455404.tar.gz
HTAR: a   instcat_y02_191109/00455405.tar.gz
HTAR: a   instcat_y02_191109/00455406.tar.gz
HTAR: a   instcat_y02_191109/00455407.tar.gz
HTAR: a   instcat_y02_191109/00455408.tar.gz
HTAR: a   instcat_y02_191109/00455409.tar.gz
HTAR: a   instcat_y02_191109/00455410.tar.gz
HTAR: a   instcat_y02_191109/00455411.tar.gz
HTAR: a   instcat_y02_191109/00455412.tar.gz
HTAR: a   instcat_y02_191109/00455413.tar.gz
HTAR: a   instcat_y02_191109/00455414.tar.gz
HTAR: a   instcat_y02_191109/00455415.tar.gz
HTAR: a   instcat_y02_191109/00455416.tar.gz
HTAR: a   instcat_y02_191109/00455417.tar.gz
HTAR: a   instcat_y02_191109/00455418.tar.gz
HTAR: a   instcat_y02_191109/00455419.tar.gz
HTAR: a   instcat_y02_191109/00455420.tar.gz
HTAR: a   instcat_y02_191109/00455421.tar.gz
HTAR: a   instcat_y02_191109/00455422.tar.gz
HTAR: a   instcat_y02_191109/00455423.tar.gz
HTAR: a   instcat_y02_191109/00455424.tar.gz
HTAR: a   instcat_y02_191109/00455425.tar.gz
HTAR: a   instcat_y02_191109/00455426.tar.gz
HTAR: a   instcat_y02_191109/00455427.tar.gz
HTAR: a   instcat_y02_191109/00455428.tar.gz
HTAR: a   instcat_y02_191109/00455429.tar.gz
HTAR: a   instcat_y02_191109/00455430.tar.gz
HTAR: a   instcat_y02_191109/00455431.tar.gz
HTAR: a   instcat_y02_191109/00455432.tar.gz
HTAR: a   instcat_y02_191109/00456649.tar.gz
HTAR: a   instcat_y02_191109/00456650.tar.gz
HTAR: a   instcat_y02_191109/00456651.tar.gz
HTAR: a   instcat_y02_191109/00456652.tar.gz
HTAR: a   instcat_y02_191109/00456654.tar.gz
HTAR: a   instcat_y02_191109/00456676.tar.gz
HTAR: a   instcat_y02_191109/00456677.tar.gz
HTAR: a   instcat_y02_191109/00456678.tar.gz
HTAR: a   instcat_y02_191109/00456679.tar.gz
HTAR: a   instcat_y02_191109/00456681.tar.gz
HTAR: a   instcat_y02_191109/00456682.tar.gz
HTAR: a   instcat_y02_191109/00456686.tar.gz
HTAR: a   instcat_y02_191109/00456687.tar.gz
HTAR: a   instcat_y02_191109/00456688.tar.gz
HTAR: a   instcat_y02_191109/00456689.tar.gz
HTAR: a   instcat_y02_191109/00456690.tar.gz
HTAR: a   instcat_y02_191109/00456692.tar.gz
HTAR: a   instcat_y02_191109/00456693.tar.gz
HTAR: a   instcat_y02_191109/00456694.tar.gz
HTAR: a   instcat_y02_191109/00456703.tar.gz
HTAR: a   instcat_y02_191109/00456704.tar.gz
HTAR: a   instcat_y02_191109/00456705.tar.gz
HTAR: a   instcat_y02_191109/00456706.tar.gz
HTAR: a   instcat_y02_191109/00456709.tar.gz
HTAR: a   instcat_y02_191109/job_log_00453610.txt
HTAR: a   instcat_y02_191109/job_log_00453611.txt
HTAR: a   instcat_y02_191109/job_log_00455337.txt
HTAR: a   instcat_y02_191109/job_log_00455338.txt
HTAR: a   instcat_y02_191109/job_log_00455339.txt
HTAR: a   instcat_y02_191109/job_log_00455340.txt
HTAR: a   instcat_y02_191109/job_log_00455341.txt
HTAR: a   instcat_y02_191109/job_log_00455342.txt
HTAR: a   instcat_y02_191109/job_log_00455343.txt
HTAR: a   instcat_y02_191109/job_log_00455344.txt
HTAR: a   instcat_y02_191109/job_log_00455345.txt
HTAR: a   instcat_y02_191109/job_log_00455346.txt
HTAR: a   instcat_y02_191109/job_log_00455347.txt
HTAR: a   instcat_y02_191109/job_log_00455348.txt
HTAR: a   instcat_y02_191109/job_log_00455349.txt
HTAR: a   instcat_y02_191109/job_log_00455350.txt
HTAR: a   instcat_y02_191109/job_log_00455351.txt
HTAR: a   instcat_y02_191109/job_log_00455352.txt
HTAR: a   instcat_y02_191109/job_log_00455353.txt
HTAR: a   instcat_y02_191109/job_log_00455354.txt
HTAR: a   instcat_y02_191109/job_log_00455355.txt
HTAR: a   instcat_y02_191109/job_log_00455356.txt
HTAR: a   instcat_y02_191109/job_log_00455357.txt
HTAR: a   instcat_y02_191109/job_log_00455358.txt
HTAR: a   instcat_y02_191109/job_log_00455359.txt
HTAR: a   instcat_y02_191109/job_log_00455360.txt
HTAR: a   instcat_y02_191109/job_log_00455361.txt
HTAR: a   instcat_y02_191109/job_log_00455362.txt
HTAR: a   instcat_y02_191109/job_log_00455363.txt
HTAR: a   instcat_y02_191109/job_log_00455364.txt
HTAR: a   instcat_y02_191109/job_log_00455365.txt
HTAR: a   instcat_y02_191109/job_log_00455366.txt
HTAR: a   instcat_y02_191109/job_log_00455367.txt
HTAR: a   instcat_y02_191109/job_log_00455368.txt
HTAR: a   instcat_y02_191109/job_log_00455369.txt
HTAR: a   instcat_y02_191109/job_log_00455370.txt
HTAR: a   instcat_y02_191109/job_log_00455371.txt
HTAR: a   instcat_y02_191109/job_log_00455372.txt
HTAR: a   instcat_y02_191109/job_log_00455373.txt
HTAR: a   instcat_y02_191109/job_log_00455374.txt
HTAR: a   instcat_y02_191109/job_log_00455375.txt
HTAR: a   instcat_y02_191109/job_log_00455376.txt
HTAR: a   instcat_y02_191109/job_log_00455377.txt
HTAR: a   instcat_y02_191109/job_log_00455378.txt
HTAR: a   instcat_y02_191109/job_log_00455379.txt
HTAR: a   instcat_y02_191109/job_log_00455380.txt
HTAR: a   instcat_y02_191109/job_log_00455381.txt
HTAR: a   instcat_y02_191109/job_log_00455382.txt
HTAR: a   instcat_y02_191109/job_log_00455383.txt
HTAR: a   instcat_y02_191109/job_log_00455384.txt
HTAR: a   instcat_y02_191109/job_log_00455385.txt
HTAR: a   instcat_y02_191109/job_log_00455386.txt
HTAR: a   instcat_y02_191109/job_log_00455387.txt
HTAR: a   instcat_y02_191109/job_log_00455388.txt
HTAR: a   instcat_y02_191109/job_log_00455389.txt
HTAR: a   instcat_y02_191109/job_log_00455390.txt
HTAR: a   instcat_y02_191109/job_log_00455391.txt
HTAR: a   instcat_y02_191109/job_log_00455392.txt
HTAR: a   instcat_y02_191109/job_log_00455393.txt
HTAR: a   instcat_y02_191109/job_log_00455394.txt
HTAR: a   instcat_y02_191109/job_log_00455395.txt
HTAR: a   instcat_y02_191109/job_log_00455396.txt
HTAR: a   instcat_y02_191109/job_log_00455397.txt
HTAR: a   instcat_y02_191109/job_log_00455398.txt
HTAR: a   instcat_y02_191109/job_log_00455399.txt
HTAR: a   instcat_y02_191109/job_log_00455400.txt
HTAR: a   instcat_y02_191109/job_log_00455401.txt
HTAR: a   instcat_y02_191109/job_log_00455402.txt
HTAR: a   instcat_y02_191109/job_log_00455403.txt
HTAR: a   instcat_y02_191109/job_log_00455404.txt
HTAR: a   instcat_y02_191109/job_log_00455405.txt
HTAR: a   instcat_y02_191109/job_log_00455406.txt
HTAR: a   instcat_y02_191109/job_log_00455407.txt
HTAR: a   instcat_y02_191109/job_log_00455408.txt
HTAR: a   instcat_y02_191109/job_log_00455409.txt
HTAR: a   instcat_y02_191109/job_log_00455410.txt
HTAR: a   instcat_y02_191109/job_log_00455411.txt
HTAR: a   instcat_y02_191109/job_log_00455412.txt
HTAR: a   instcat_y02_191109/job_log_00455413.txt
HTAR: a   instcat_y02_191109/job_log_00455414.txt
HTAR: a   instcat_y02_191109/job_log_00455415.txt
HTAR: a   instcat_y02_191109/job_log_00455416.txt
HTAR: a   instcat_y02_191109/job_log_00455417.txt
HTAR: a   instcat_y02_191109/job_log_00455418.txt
HTAR: a   instcat_y02_191109/job_log_00455419.txt
HTAR: a   instcat_y02_191109/job_log_00455420.txt
HTAR: a   instcat_y02_191109/job_log_00455421.txt
HTAR: a   instcat_y02_191109/job_log_00455422.txt
HTAR: a   instcat_y02_191109/job_log_00455423.txt
HTAR: a   instcat_y02_191109/job_log_00455424.txt
HTAR: a   instcat_y02_191109/job_log_00455425.txt
HTAR: a   instcat_y02_191109/job_log_00455426.txt
HTAR: a   instcat_y02_191109/job_log_00455427.txt
HTAR: a   instcat_y02_191109/job_log_00455428.txt
HTAR: a   instcat_y02_191109/job_log_00455429.txt
HTAR: a   instcat_y02_191109/job_log_00455430.txt
HTAR: a   instcat_y02_191109/job_log_00455431.txt
HTAR: a   instcat_y02_191109/job_log_00455432.txt
HTAR: a   instcat_y02_191109/job_log_00456649.txt
HTAR: a   instcat_y02_191109/job_log_00456650.txt
HTAR: a   instcat_y02_191109/job_log_00456651.txt
HTAR: a   instcat_y02_191109/job_log_00456652.txt
HTAR: a   instcat_y02_191109/job_log_00456654.txt
HTAR: a   instcat_y02_191109/job_log_00456676.txt
HTAR: a   instcat_y02_191109/job_log_00456677.txt
HTAR: a   instcat_y02_191109/job_log_00456678.txt
HTAR: a   instcat_y02_191109/job_log_00456679.txt
HTAR: a   instcat_y02_191109/job_log_00456681.txt
HTAR: a   instcat_y02_191109/job_log_00456682.txt
HTAR: a   instcat_y02_191109/job_log_00456686.txt
HTAR: a   instcat_y02_191109/job_log_00456687.txt
HTAR: a   instcat_y02_191109/job_log_00456688.txt
HTAR: a   instcat_y02_191109/job_log_00456689.txt
HTAR: a   instcat_y02_191109/job_log_00456690.txt
HTAR: a   instcat_y02_191109/job_log_00456692.txt
HTAR: a   instcat_y02_191109/job_log_00456693.txt
HTAR: a   instcat_y02_191109/job_log_00456694.txt
HTAR: a   instcat_y02_191109/job_log_00456703.txt
HTAR: a   instcat_y02_191109/job_log_00456704.txt
HTAR: a   instcat_y02_191109/job_log_00456705.txt
HTAR: a   instcat_y02_191109/job_log_00456706.txt
HTAR: a   instcat_y02_191109/job_log_00456709.txt
HTAR: a   /tmp/HTAR_CF_CHK_40034_1580493578
HTAR Create complete for /home/projects/desc/DC2_ImSim/Run2.2i/instCat/y02_191109/00453610to00456709.tar. 569,300,480,512 bytes written for 244 member files, max threads: 50 Transfer time: 3689.649 seconds (154.297 MB/s) wallclock/user/sys: 3690.781 4664.737 1486.569 seconds
HTAR: HTAR SUCCESSFUL
HTAR: a   instcat_y02_191109/00456710.tar.gz
HTAR: a   instcat_y02_191109/00456711.tar.gz
HTAR: a   instcat_y02_191109/00456714.tar.gz
HTAR: a   instcat_y02_191109/00456715.tar.gz
HTAR: a   instcat_y02_191109/00456716.tar.gz
HTAR: a   instcat_y02_191109/00456718.tar.gz
HTAR: a   instcat_y02_191109/00456719.tar.gz
HTAR: a   instcat_y02_191109/00456720.tar.gz
HTAR: a   instcat_y02_191109/00456721.tar.gz
HTAR: a   instcat_y02_191109/00456722.tar.gz
HTAR: a   instcat_y02_191109/00456723.tar.gz
HTAR: a   instcat_y02_191109/00456731.tar.gz
HTAR: a   instcat_y02_191109/00456735.tar.gz
HTAR: a   instcat_y02_191109/00456736.tar.gz
HTAR: a   instcat_y02_191109/00456737.tar.gz
HTAR: a   instcat_y02_191109/00456738.tar.gz
HTAR: a   instcat_y02_191109/00456740.tar.gz
HTAR: a   instcat_y02_191109/00456741.tar.gz
HTAR: a   instcat_y02_191109/00456742.tar.gz
HTAR: a   instcat_y02_191109/00456765.tar.gz
HTAR: a   instcat_y02_191109/00456766.tar.gz
HTAR: a   instcat_y02_191109/00456767.tar.gz
HTAR: a   instcat_y02_191109/00456768.tar.gz
HTAR: a   instcat_y02_191109/00456769.tar.gz
HTAR: a   instcat_y02_191109/00456772.tar.gz
HTAR: a   instcat_y02_191109/00456776.tar.gz
HTAR: a   instcat_y02_191109/00456777.tar.gz
HTAR: a   instcat_y02_191109/00456778.tar.gz
HTAR: a   instcat_y02_191109/00456779.tar.gz
HTAR: a   instcat_y02_191109/00456797.tar.gz
HTAR: a   instcat_y02_191109/00456798.tar.gz
HTAR: a   instcat_y02_191109/00456799.tar.gz
HTAR: a   instcat_y02_191109/00456800.tar.gz
HTAR: a   instcat_y02_191109/00456802.tar.gz
HTAR: a   instcat_y02_191109/00456803.tar.gz
HTAR: a   instcat_y02_191109/00456804.tar.gz
HTAR: a   instcat_y02_191109/00456810.tar.gz
HTAR: a   instcat_y02_191109/00456811.tar.gz
HTAR: a   instcat_y02_191109/00456821.tar.gz
HTAR: a   instcat_y02_191109/00456841.tar.gz
HTAR: a   instcat_y02_191109/00456842.tar.gz
HTAR: a   instcat_y02_191109/00456843.tar.gz
HTAR: a   instcat_y02_191109/00456844.tar.gz
HTAR: a   instcat_y02_191109/00456846.tar.gz
HTAR: a   instcat_y02_191109/00456847.tar.gz
HTAR: a   instcat_y02_191109/00456848.tar.gz
HTAR: a   instcat_y02_191109/00456849.tar.gz
HTAR: a   instcat_y02_191109/00456865.tar.gz
HTAR: a   instcat_y02_191109/00456866.tar.gz
HTAR: a   instcat_y02_191109/00456878.tar.gz
HTAR: a   instcat_y02_191109/00456879.tar.gz
HTAR: a   instcat_y02_191109/00456880.tar.gz
HTAR: a   instcat_y02_191109/00456881.tar.gz
HTAR: a   instcat_y02_191109/00456899.tar.gz
HTAR: a   instcat_y02_191109/00456900.tar.gz
HTAR: a   instcat_y02_191109/00456901.tar.gz
HTAR: a   instcat_y02_191109/00456909.tar.gz
HTAR: a   instcat_y02_191109/00456910.tar.gz
HTAR: a   instcat_y02_191109/00456911.tar.gz
HTAR: a   instcat_y02_191109/00456948.tar.gz
HTAR: a   instcat_y02_191109/00457168.tar.gz
HTAR: a   instcat_y02_191109/00457169.tar.gz
HTAR: a   instcat_y02_191109/00457501.tar.gz
HTAR: a   instcat_y02_191109/00457502.tar.gz
HTAR: a   instcat_y02_191109/00457503.tar.gz
HTAR: a   instcat_y02_191109/00457504.tar.gz
HTAR: a   instcat_y02_191109/00457505.tar.gz
HTAR: a   instcat_y02_191109/00457506.tar.gz
HTAR: a   instcat_y02_191109/00457507.tar.gz
HTAR: a   instcat_y02_191109/00457508.tar.gz
HTAR: a   instcat_y02_191109/00457509.tar.gz
HTAR: a   instcat_y02_191109/00457510.tar.gz
HTAR: a   instcat_y02_191109/00457511.tar.gz
HTAR: a   instcat_y02_191109/00457512.tar.gz
HTAR: a   instcat_y02_191109/00457513.tar.gz
HTAR: a   instcat_y02_191109/00457514.tar.gz
HTAR: a   instcat_y02_191109/00457515.tar.gz
HTAR: a   instcat_y02_191109/00457516.tar.gz
HTAR: a   instcat_y02_191109/00457517.tar.gz
HTAR: a   instcat_y02_191109/00457518.tar.gz
HTAR: a   instcat_y02_191109/00457519.tar.gz
HTAR: a   instcat_y02_191109/00457520.tar.gz
HTAR: a   instcat_y02_191109/00457521.tar.gz
HTAR: a   instcat_y02_191109/00457522.tar.gz
HTAR: a   instcat_y02_191109/00457523.tar.gz
HTAR: a   instcat_y02_191109/00457524.tar.gz
HTAR: a   instcat_y02_191109/00457525.tar.gz
HTAR: a   instcat_y02_191109/00457526.tar.gz
HTAR: a   instcat_y02_191109/00457527.tar.gz
HTAR: a   instcat_y02_191109/00457528.tar.gz
HTAR: a   instcat_y02_191109/00457529.tar.gz
HTAR: a   instcat_y02_191109/00457530.tar.gz
HTAR: a   instcat_y02_191109/00457531.tar.gz
HTAR: a   instcat_y02_191109/00457532.tar.gz
HTAR: a   instcat_y02_191109/00457533.tar.gz
HTAR: a   instcat_y02_191109/00457534.tar.gz
HTAR: a   instcat_y02_191109/00457535.tar.gz
HTAR: a   instcat_y02_191109/00457536.tar.gz
HTAR: a   instcat_y02_191109/00457537.tar.gz
HTAR: a   instcat_y02_191109/00457538.tar.gz
HTAR: a   instcat_y02_191109/00457539.tar.gz
HTAR: a   instcat_y02_191109/00457540.tar.gz
HTAR: a   instcat_y02_191109/00457541.tar.gz
HTAR: a   instcat_y02_191109/00457542.tar.gz
HTAR: a   instcat_y02_191109/00457543.tar.gz
HTAR: a   instcat_y02_191109/00457544.tar.gz
HTAR: a   instcat_y02_191109/00457545.tar.gz
HTAR: a   instcat_y02_191109/00457546.tar.gz
HTAR: a   instcat_y02_191109/00457547.tar.gz
HTAR: a   instcat_y02_191109/00457548.tar.gz
HTAR: a   instcat_y02_191109/00457549.tar.gz
HTAR: a   instcat_y02_191109/00457550.tar.gz
HTAR: a   instcat_y02_191109/00457551.tar.gz
HTAR: a   instcat_y02_191109/00457552.tar.gz
HTAR: a   instcat_y02_191109/00457553.tar.gz
HTAR: a   instcat_y02_191109/00457554.tar.gz
HTAR: a   instcat_y02_191109/00457555.tar.gz
HTAR: a   instcat_y02_191109/00457556.tar.gz
HTAR: a   instcat_y02_191109/00457557.tar.gz
HTAR: a   instcat_y02_191109/00457558.tar.gz
HTAR: a   instcat_y02_191109/00457559.tar.gz
HTAR: a   instcat_y02_191109/00457560.tar.gz
HTAR: a   instcat_y02_191109/job_log_00456710.txt
HTAR: a   instcat_y02_191109/job_log_00456711.txt
HTAR: a   instcat_y02_191109/job_log_00456714.txt
HTAR: a   instcat_y02_191109/job_log_00456715.txt
HTAR: a   instcat_y02_191109/job_log_00456716.txt
HTAR: a   instcat_y02_191109/job_log_00456718.txt
HTAR: a   instcat_y02_191109/job_log_00456719.txt
HTAR: a   instcat_y02_191109/job_log_00456720.txt
HTAR: a   instcat_y02_191109/job_log_00456721.txt
HTAR: a   instcat_y02_191109/job_log_00456722.txt
HTAR: a   instcat_y02_191109/job_log_00456723.txt
HTAR: a   instcat_y02_191109/job_log_00456731.txt
HTAR: a   instcat_y02_191109/job_log_00456735.txt
HTAR: a   instcat_y02_191109/job_log_00456736.txt
HTAR: a   instcat_y02_191109/job_log_00456737.txt
HTAR: a   instcat_y02_191109/job_log_00456738.txt
HTAR: a   instcat_y02_191109/job_log_00456740.txt
HTAR: a   instcat_y02_191109/job_log_00456741.txt
HTAR: a   instcat_y02_191109/job_log_00456742.txt
HTAR: a   instcat_y02_191109/job_log_00456765.txt
HTAR: a   instcat_y02_191109/job_log_00456766.txt
HTAR: a   instcat_y02_191109/job_log_00456767.txt
HTAR: a   instcat_y02_191109/job_log_00456768.txt
HTAR: a   instcat_y02_191109/job_log_00456769.txt
HTAR: a   instcat_y02_191109/job_log_00456772.txt
HTAR: a   instcat_y02_191109/job_log_00456776.txt
HTAR: a   instcat_y02_191109/job_log_00456777.txt
HTAR: a   instcat_y02_191109/job_log_00456778.txt
HTAR: a   instcat_y02_191109/job_log_00456779.txt
HTAR: a   instcat_y02_191109/job_log_00456797.txt
HTAR: a   instcat_y02_191109/job_log_00456798.txt
HTAR: a   instcat_y02_191109/job_log_00456799.txt
HTAR: a   instcat_y02_191109/job_log_00456800.txt
HTAR: a   instcat_y02_191109/job_log_00456802.txt
HTAR: a   instcat_y02_191109/job_log_00456803.txt
HTAR: a   instcat_y02_191109/job_log_00456804.txt
HTAR: a   instcat_y02_191109/job_log_00456810.txt
HTAR: a   instcat_y02_191109/job_log_00456811.txt
HTAR: a   instcat_y02_191109/job_log_00456821.txt
HTAR: a   instcat_y02_191109/job_log_00456841.txt
HTAR: a   instcat_y02_191109/job_log_00456842.txt
HTAR: a   instcat_y02_191109/job_log_00456843.txt
HTAR: a   instcat_y02_191109/job_log_00456844.txt
HTAR: a   instcat_y02_191109/job_log_00456846.txt
HTAR: a   instcat_y02_191109/job_log_00456847.txt
HTAR: a   instcat_y02_191109/job_log_00456848.txt
HTAR: a   instcat_y02_191109/job_log_00456849.txt
HTAR: a   instcat_y02_191109/job_log_00456865.txt
HTAR: a   instcat_y02_191109/job_log_00456866.txt
HTAR: a   instcat_y02_191109/job_log_00456878.txt
HTAR: a   instcat_y02_191109/job_log_00456879.txt
HTAR: a   instcat_y02_191109/job_log_00456880.txt
HTAR: a   instcat_y02_191109/job_log_00456881.txt
HTAR: a   instcat_y02_191109/job_log_00456899.txt
HTAR: a   instcat_y02_191109/job_log_00456900.txt
HTAR: a   instcat_y02_191109/job_log_00456901.txt
HTAR: a   instcat_y02_191109/job_log_00456909.txt
HTAR: a   instcat_y02_191109/job_log_00456910.txt
HTAR: a   instcat_y02_191109/job_log_00456911.txt
HTAR: a   instcat_y02_191109/job_log_00456948.txt
HTAR: a   instcat_y02_191109/job_log_00457168.txt
HTAR: a   instcat_y02_191109/job_log_00457169.txt
HTAR: a   instcat_y02_191109/job_log_00457501.txt
HTAR: a   instcat_y02_191109/job_log_00457502.txt
HTAR: a   instcat_y02_191109/job_log_00457503.txt
HTAR: a   instcat_y02_191109/job_log_00457504.txt
HTAR: a   instcat_y02_191109/job_log_00457505.txt
HTAR: a   instcat_y02_191109/job_log_00457506.txt
HTAR: a   instcat_y02_191109/job_log_00457507.txt
HTAR: a   instcat_y02_191109/job_log_00457508.txt
HTAR: a   instcat_y02_191109/job_log_00457509.txt
HTAR: a   instcat_y02_191109/job_log_00457510.txt
HTAR: a   instcat_y02_191109/job_log_00457511.txt
HTAR: a   instcat_y02_191109/job_log_00457512.txt
HTAR: a   instcat_y02_191109/job_log_00457513.txt
HTAR: a   instcat_y02_191109/job_log_00457514.txt
HTAR: a   instcat_y02_191109/job_log_00457515.txt
HTAR: a   instcat_y02_191109/job_log_00457516.txt
HTAR: a   instcat_y02_191109/job_log_00457517.txt
HTAR: a   instcat_y02_191109/job_log_00457518.txt
HTAR: a   instcat_y02_191109/job_log_00457519.txt
HTAR: a   instcat_y02_191109/job_log_00457520.txt
HTAR: a   instcat_y02_191109/job_log_00457521.txt
HTAR: a   instcat_y02_191109/job_log_00457522.txt
HTAR: a   instcat_y02_191109/job_log_00457523.txt
HTAR: a   instcat_y02_191109/job_log_00457524.txt
HTAR: a   instcat_y02_191109/job_log_00457525.txt
HTAR: a   instcat_y02_191109/job_log_00457526.txt
HTAR: a   instcat_y02_191109/job_log_00457527.txt
HTAR: a   instcat_y02_191109/job_log_00457528.txt
HTAR: a   instcat_y02_191109/job_log_00457529.txt
HTAR: a   instcat_y02_191109/job_log_00457530.txt
HTAR: a   instcat_y02_191109/job_log_00457531.txt
HTAR: a   instcat_y02_191109/job_log_00457532.txt
HTAR: a   instcat_y02_191109/job_log_00457533.txt
HTAR: a   instcat_y02_191109/job_log_00457534.txt
HTAR: a   instcat_y02_191109/job_log_00457535.txt
HTAR: a   instcat_y02_191109/job_log_00457536.txt
HTAR: a   instcat_y02_191109/job_log_00457537.txt
HTAR: a   instcat_y02_191109/job_log_00457538.txt
HTAR: a   instcat_y02_191109/job_log_00457539.txt
HTAR: a   instcat_y02_191109/job_log_00457540.txt
HTAR: a   instcat_y02_191109/job_log_00457541.txt
HTAR: a   instcat_y02_191109/job_log_00457542.txt
HTAR: a   instcat_y02_191109/job_log_00457543.txt
HTAR: a   instcat_y02_191109/job_log_00457544.txt
HTAR: a   instcat_y02_191109/job_log_00457545.txt
HTAR: a   instcat_y02_191109/job_log_00457546.txt
HTAR: a   instcat_y02_191109/job_log_00457547.txt
HTAR: a   instcat_y02_191109/job_log_00457548.txt
HTAR: a   instcat_y02_191109/job_log_00457549.txt
HTAR: a   instcat_y02_191109/job_log_00457550.txt
HTAR: a   instcat_y02_191109/job_log_00457551.txt
HTAR: a   instcat_y02_191109/job_log_00457552.txt
HTAR: a   instcat_y02_191109/job_log_00457553.txt
HTAR: a   instcat_y02_191109/job_log_00457554.txt
HTAR: a   instcat_y02_191109/job_log_00457555.txt
HTAR: a   instcat_y02_191109/job_log_00457556.txt
HTAR: a   instcat_y02_191109/job_log_00457557.txt
HTAR: a   instcat_y02_191109/job_log_00457558.txt
HTAR: a   instcat_y02_191109/job_log_00457559.txt
HTAR: a   instcat_y02_191109/job_log_00457560.txt
HTAR: a   /tmp/HTAR_CF_CHK_56780_1580497271
HTAR Create complete for /home/projects/desc/DC2_ImSim/Run2.2i/instCat/y02_191109/00456710to00457560.tar. 564,797,202,944 bytes written for 244 member files, max threads: 50 Transfer time: 3350.705 seconds (168.561 MB/s) wallclock/user/sys: 3351.922 4315.978 1231.726 seconds
HTAR: HTAR SUCCESSFUL
HTAR: a   instcat_y02_191109/00457561.tar.gz
HTAR: a   instcat_y02_191109/00457562.tar.gz
HTAR: a   instcat_y02_191109/00457563.tar.gz
HTAR: a   instcat_y02_191109/00457564.tar.gz
HTAR: a   instcat_y02_191109/00457565.tar.gz
HTAR: a   instcat_y02_191109/00457566.tar.gz
HTAR: a   instcat_y02_191109/00457567.tar.gz
HTAR: a   instcat_y02_191109/00457568.tar.gz
HTAR: a   instcat_y02_191109/00457569.tar.gz
HTAR: a   instcat_y02_191109/00457570.tar.gz
HTAR: a   instcat_y02_191109/00457571.tar.gz
HTAR: a   instcat_y02_191109/00457572.tar.gz
HTAR: a   instcat_y02_191109/00457573.tar.gz
HTAR: a   instcat_y02_191109/00457574.tar.gz
HTAR: a   instcat_y02_191109/00457575.tar.gz
HTAR: a   instcat_y02_191109/00457576.tar.gz
HTAR: a   instcat_y02_191109/00457577.tar.gz
HTAR: a   instcat_y02_191109/00457578.tar.gz
HTAR: a   instcat_y02_191109/00457579.tar.gz
HTAR: a   instcat_y02_191109/00457580.tar.gz
HTAR: a   instcat_y02_191109/00457581.tar.gz
HTAR: a   instcat_y02_191109/00457582.tar.gz
HTAR: a   instcat_y02_191109/00457583.tar.gz
HTAR: a   instcat_y02_191109/00457584.tar.gz
HTAR: a   instcat_y02_191109/00457585.tar.gz
HTAR: a   instcat_y02_191109/00457586.tar.gz
HTAR: a   instcat_y02_191109/00457587.tar.gz
HTAR: a   instcat_y02_191109/00457588.tar.gz
HTAR: a   instcat_y02_191109/00457589.tar.gz
HTAR: a   instcat_y02_191109/00457590.tar.gz
HTAR: a   instcat_y02_191109/00457591.tar.gz
HTAR: a   instcat_y02_191109/00457592.tar.gz
HTAR: a   instcat_y02_191109/00457593.tar.gz
HTAR: a   instcat_y02_191109/00457594.tar.gz
HTAR: a   instcat_y02_191109/00457595.tar.gz
HTAR: a   instcat_y02_191109/00457596.tar.gz
HTAR: a   instcat_y02_191109/00457630.tar.gz
HTAR: a   instcat_y02_191109/00457631.tar.gz
HTAR: a   instcat_y02_191109/00457632.tar.gz
HTAR: a   instcat_y02_191109/00457643.tar.gz
HTAR: a   instcat_y02_191109/00457672.tar.gz
HTAR: a   instcat_y02_191109/00457673.tar.gz
HTAR: a   instcat_y02_191109/00457677.tar.gz
HTAR: a   instcat_y02_191109/00457678.tar.gz
HTAR: a   instcat_y02_191109/00457680.tar.gz
HTAR: a   instcat_y02_191109/00457681.tar.gz
HTAR: a   instcat_y02_191109/00457685.tar.gz
HTAR: a   instcat_y02_191109/00457686.tar.gz
HTAR: a   instcat_y02_191109/00457708.tar.gz
HTAR: a   instcat_y02_191109/00457709.tar.gz
HTAR: a   instcat_y02_191109/00457713.tar.gz
HTAR: a   instcat_y02_191109/00457714.tar.gz
HTAR: a   instcat_y02_191109/00457717.tar.gz
HTAR: a   instcat_y02_191109/00457718.tar.gz
HTAR: a   instcat_y02_191109/00457721.tar.gz
HTAR: a   instcat_y02_191109/00457722.tar.gz
HTAR: a   instcat_y02_191109/00457723.tar.gz
HTAR: a   instcat_y02_191109/00457724.tar.gz
HTAR: a   instcat_y02_191109/00457725.tar.gz
HTAR: a   instcat_y02_191109/00457748.tar.gz
HTAR: a   instcat_y02_191109/00457749.tar.gz
HTAR: a   instcat_y02_191109/00457750.tar.gz
HTAR: a   instcat_y02_191109/00457751.tar.gz
HTAR: a   instcat_y02_191109/00457755.tar.gz
HTAR: a   instcat_y02_191109/00457756.tar.gz
HTAR: a   instcat_y02_191109/00457779.tar.gz
HTAR: a   instcat_y02_191109/00457780.tar.gz
HTAR: a   instcat_y02_191109/00457784.tar.gz
HTAR: a   instcat_y02_191109/00457785.tar.gz
HTAR: a   instcat_y02_191109/00457829.tar.gz
HTAR: a   instcat_y02_191109/00457861.tar.gz
HTAR: a   instcat_y02_191109/00457862.tar.gz
HTAR: a   instcat_y02_191109/00457863.tar.gz
HTAR: a   instcat_y02_191109/00457864.tar.gz
HTAR: a   instcat_y02_191109/00457891.tar.gz
HTAR: a   instcat_y02_191109/00457892.tar.gz
HTAR: a   instcat_y02_191109/00457893.tar.gz
HTAR: a   instcat_y02_191109/00457894.tar.gz
HTAR: a   instcat_y02_191109/00457895.tar.gz
HTAR: a   instcat_y02_191109/00457932.tar.gz
HTAR: a   instcat_y02_191109/00458250.tar.gz
HTAR: a   instcat_y02_191109/00458251.tar.gz
HTAR: a   instcat_y02_191109/00458252.tar.gz
HTAR: a   instcat_y02_191109/00458253.tar.gz
HTAR: a   instcat_y02_191109/00458254.tar.gz
HTAR: a   instcat_y02_191109/00458255.tar.gz
HTAR: a   instcat_y02_191109/00458257.tar.gz
HTAR: a   instcat_y02_191109/00458258.tar.gz
HTAR: a   instcat_y02_191109/00458259.tar.gz
HTAR: a   instcat_y02_191109/00458285.tar.gz
HTAR: a   instcat_y02_191109/00458286.tar.gz
HTAR: a   instcat_y02_191109/00458287.tar.gz
HTAR: a   instcat_y02_191109/00458288.tar.gz
HTAR: a   instcat_y02_191109/00458291.tar.gz
HTAR: a   instcat_y02_191109/00458292.tar.gz
HTAR: a   instcat_y02_191109/00458293.tar.gz
HTAR: a   instcat_y02_191109/00458294.tar.gz
HTAR: a   instcat_y02_191109/00458295.tar.gz
HTAR: a   instcat_y02_191109/00458299.tar.gz
HTAR: a   instcat_y02_191109/00458300.tar.gz
HTAR: a   instcat_y02_191109/00458302.tar.gz
HTAR: a   instcat_y02_191109/00458304.tar.gz
HTAR: a   instcat_y02_191109/00458305.tar.gz
HTAR: a   instcat_y02_191109/00458306.tar.gz
HTAR: a   instcat_y02_191109/00458308.tar.gz
HTAR: a   instcat_y02_191109/00458313.tar.gz
HTAR: a   instcat_y02_191109/00458437.tar.gz
HTAR: a   instcat_y02_191109/00458455.tar.gz
HTAR: a   instcat_y02_191109/00458456.tar.gz
HTAR: a   instcat_y02_191109/00458489.tar.gz
HTAR: a   instcat_y02_191109/00458490.tar.gz
HTAR: a   instcat_y02_191109/00458491.tar.gz
HTAR: a   instcat_y02_191109/00458492.tar.gz
HTAR: a   instcat_y02_191109/00458494.tar.gz
HTAR: a   instcat_y02_191109/00458495.tar.gz
HTAR: a   instcat_y02_191109/00458496.tar.gz
HTAR: a   instcat_y02_191109/00458497.tar.gz
HTAR: a   instcat_y02_191109/00458498.tar.gz
HTAR: a   instcat_y02_191109/00458499.tar.gz
HTAR: a   instcat_y02_191109/00458500.tar.gz
HTAR: a   instcat_y02_191109/00458501.tar.gz
HTAR: a   instcat_y02_191109/00458526.tar.gz
HTAR: a   instcat_y02_191109/job_log_00457561.txt
HTAR: a   instcat_y02_191109/job_log_00457562.txt
HTAR: a   instcat_y02_191109/job_log_00457563.txt
HTAR: a   instcat_y02_191109/job_log_00457564.txt
HTAR: a   instcat_y02_191109/job_log_00457565.txt
HTAR: a   instcat_y02_191109/job_log_00457566.txt
HTAR: a   instcat_y02_191109/job_log_00457567.txt
HTAR: a   instcat_y02_191109/job_log_00457568.txt
HTAR: a   instcat_y02_191109/job_log_00457569.txt
HTAR: a   instcat_y02_191109/job_log_00457570.txt
HTAR: a   instcat_y02_191109/job_log_00457571.txt
HTAR: a   instcat_y02_191109/job_log_00457572.txt
HTAR: a   instcat_y02_191109/job_log_00457573.txt
HTAR: a   instcat_y02_191109/job_log_00457574.txt
HTAR: a   instcat_y02_191109/job_log_00457575.txt
HTAR: a   instcat_y02_191109/job_log_00457576.txt
HTAR: a   instcat_y02_191109/job_log_00457577.txt
HTAR: a   instcat_y02_191109/job_log_00457578.txt
HTAR: a   instcat_y02_191109/job_log_00457579.txt
HTAR: a   instcat_y02_191109/job_log_00457580.txt
HTAR: a   instcat_y02_191109/job_log_00457581.txt
HTAR: a   instcat_y02_191109/job_log_00457582.txt
HTAR: a   instcat_y02_191109/job_log_00457583.txt
HTAR: a   instcat_y02_191109/job_log_00457584.txt
HTAR: a   instcat_y02_191109/job_log_00457585.txt
HTAR: a   instcat_y02_191109/job_log_00457586.txt
HTAR: a   instcat_y02_191109/job_log_00457587.txt
HTAR: a   instcat_y02_191109/job_log_00457588.txt
HTAR: a   instcat_y02_191109/job_log_00457589.txt
HTAR: a   instcat_y02_191109/job_log_00457590.txt
HTAR: a   instcat_y02_191109/job_log_00457591.txt
HTAR: a   instcat_y02_191109/job_log_00457592.txt
HTAR: a   instcat_y02_191109/job_log_00457593.txt
HTAR: a   instcat_y02_191109/job_log_00457594.txt
HTAR: a   instcat_y02_191109/job_log_00457595.txt
HTAR: a   instcat_y02_191109/job_log_00457596.txt
HTAR: a   instcat_y02_191109/job_log_00457630.txt
HTAR: a   instcat_y02_191109/job_log_00457631.txt
HTAR: a   instcat_y02_191109/job_log_00457632.txt
HTAR: a   instcat_y02_191109/job_log_00457643.txt
HTAR: a   instcat_y02_191109/job_log_00457672.txt
HTAR: a   instcat_y02_191109/job_log_00457673.txt
HTAR: a   instcat_y02_191109/job_log_00457677.txt
HTAR: a   instcat_y02_191109/job_log_00457678.txt
HTAR: a   instcat_y02_191109/job_log_00457680.txt
HTAR: a   instcat_y02_191109/job_log_00457681.txt
HTAR: a   instcat_y02_191109/job_log_00457685.txt
HTAR: a   instcat_y02_191109/job_log_00457686.txt
HTAR: a   instcat_y02_191109/job_log_00457708.txt
HTAR: a   instcat_y02_191109/job_log_00457709.txt
HTAR: a   instcat_y02_191109/job_log_00457713.txt
HTAR: a   instcat_y02_191109/job_log_00457714.txt
HTAR: a   instcat_y02_191109/job_log_00457717.txt
HTAR: a   instcat_y02_191109/job_log_00457718.txt
HTAR: a   instcat_y02_191109/job_log_00457721.txt
HTAR: a   instcat_y02_191109/job_log_00457722.txt
HTAR: a   instcat_y02_191109/job_log_00457723.txt
HTAR: a   instcat_y02_191109/job_log_00457724.txt
HTAR: a   instcat_y02_191109/job_log_00457725.txt
HTAR: a   instcat_y02_191109/job_log_00457748.txt
HTAR: a   instcat_y02_191109/job_log_00457749.txt
HTAR: a   instcat_y02_191109/job_log_00457750.txt
HTAR: a   instcat_y02_191109/job_log_00457751.txt
HTAR: a   instcat_y02_191109/job_log_00457755.txt
HTAR: a   instcat_y02_191109/job_log_00457756.txt
HTAR: a   instcat_y02_191109/job_log_00457779.txt
HTAR: a   instcat_y02_191109/job_log_00457780.txt
HTAR: a   instcat_y02_191109/job_log_00457784.txt
HTAR: a   instcat_y02_191109/job_log_00457785.txt
HTAR: a   instcat_y02_191109/job_log_00457829.txt
HTAR: a   instcat_y02_191109/job_log_00457861.txt
HTAR: a   instcat_y02_191109/job_log_00457862.txt
HTAR: a   instcat_y02_191109/job_log_00457863.txt
HTAR: a   instcat_y02_191109/job_log_00457864.txt
HTAR: a   instcat_y02_191109/job_log_00457891.txt
HTAR: a   instcat_y02_191109/job_log_00457892.txt
HTAR: a   instcat_y02_191109/job_log_00457893.txt
HTAR: a   instcat_y02_191109/job_log_00457894.txt
HTAR: a   instcat_y02_191109/job_log_00457895.txt
HTAR: a   instcat_y02_191109/job_log_00457932.txt
HTAR: a   instcat_y02_191109/job_log_00458250.txt
HTAR: a   instcat_y02_191109/job_log_00458251.txt
HTAR: a   instcat_y02_191109/job_log_00458252.txt
HTAR: a   instcat_y02_191109/job_log_00458253.txt
HTAR: a   instcat_y02_191109/job_log_00458254.txt
HTAR: a   instcat_y02_191109/job_log_00458255.txt
HTAR: a   instcat_y02_191109/job_log_00458257.txt
HTAR: a   instcat_y02_191109/job_log_00458258.txt
HTAR: a   instcat_y02_191109/job_log_00458259.txt
HTAR: a   instcat_y02_191109/job_log_00458285.txt
HTAR: a   instcat_y02_191109/job_log_00458286.txt
HTAR: a   instcat_y02_191109/job_log_00458287.txt
HTAR: a   instcat_y02_191109/job_log_00458288.txt
HTAR: a   instcat_y02_191109/job_log_00458291.txt
HTAR: a   instcat_y02_191109/job_log_00458292.txt
HTAR: a   instcat_y02_191109/job_log_00458293.txt
HTAR: a   instcat_y02_191109/job_log_00458294.txt
HTAR: a   instcat_y02_191109/job_log_00458295.txt
HTAR: a   instcat_y02_191109/job_log_00458299.txt
HTAR: a   instcat_y02_191109/job_log_00458300.txt
HTAR: a   instcat_y02_191109/job_log_00458302.txt
HTAR: a   instcat_y02_191109/job_log_00458304.txt
HTAR: a   instcat_y02_191109/job_log_00458305.txt
HTAR: a   instcat_y02_191109/job_log_00458306.txt
HTAR: a   instcat_y02_191109/job_log_00458308.txt
HTAR: a   instcat_y02_191109/job_log_00458313.txt
HTAR: a   instcat_y02_191109/job_log_00458437.txt
HTAR: a   instcat_y02_191109/job_log_00458455.txt
HTAR: a   instcat_y02_191109/job_log_00458456.txt
HTAR: a   instcat_y02_191109/job_log_00458489.txt
HTAR: a   instcat_y02_191109/job_log_00458490.txt
HTAR: a   instcat_y02_191109/job_log_00458491.txt
HTAR: a   instcat_y02_191109/job_log_00458492.txt
HTAR: a   instcat_y02_191109/job_log_00458494.txt
HTAR: a   instcat_y02_191109/job_log_00458495.txt
HTAR: a   instcat_y02_191109/job_log_00458496.txt
HTAR: a   instcat_y02_191109/job_log_00458497.txt
HTAR: a   instcat_y02_191109/job_log_00458498.txt
HTAR: a   instcat_y02_191109/job_log_00458499.txt
HTAR: a   instcat_y02_191109/job_log_00458500.txt
HTAR: a   instcat_y02_191109/job_log_00458501.txt
HTAR: a   instcat_y02_191109/job_log_00458526.txt
HTAR: a   /tmp/HTAR_CF_CHK_11525_1580500626
HTAR Create complete for /home/projects/desc/DC2_ImSim/Run2.2i/instCat/y02_191109/00457561to00458526.tar. 559,217,700,352 bytes written for 244 member files, max threads: 50 Transfer time: 3207.719 seconds (174.335 MB/s) wallclock/user/sys: 3208.873 4063.916 1228.895 seconds
HTAR: HTAR SUCCESSFUL
HTAR: a   instcat_y02_191109/00458527.tar.gz
HTAR: a   instcat_y02_191109/00458528.tar.gz
HTAR: a   instcat_y02_191109/00458529.tar.gz
HTAR: a   instcat_y02_191109/00458530.tar.gz
HTAR: a   instcat_y02_191109/00458531.tar.gz
HTAR: a   instcat_y02_191109/00458532.tar.gz
HTAR: a   instcat_y02_191109/00458533.tar.gz
HTAR: a   instcat_y02_191109/00458534.tar.gz
HTAR: a   instcat_y02_191109/00458535.tar.gz
HTAR: a   instcat_y02_191109/00458537.tar.gz
HTAR: a   instcat_y02_191109/00458539.tar.gz
HTAR: a   instcat_y02_191109/00458562.tar.gz
HTAR: a   instcat_y02_191109/00458566.tar.gz
HTAR: a   instcat_y02_191109/00458567.tar.gz
HTAR: a   instcat_y02_191109/00458574.tar.gz
HTAR: a   instcat_y02_191109/00458578.tar.gz
HTAR: a   instcat_y02_191109/00458579.tar.gz
HTAR: a   instcat_y02_191109/00458599.tar.gz
HTAR: a   instcat_y02_191109/00458600.tar.gz
HTAR: a   instcat_y02_191109/00458602.tar.gz
HTAR: a   instcat_y02_191109/00458606.tar.gz
HTAR: a   instcat_y02_191109/00458607.tar.gz
HTAR: a   instcat_y02_191109/00458622.tar.gz
HTAR: a   instcat_y02_191109/00458623.tar.gz
HTAR: a   instcat_y02_191109/00458648.tar.gz
HTAR: a   instcat_y02_191109/00458649.tar.gz
HTAR: a   instcat_y02_191109/00458667.tar.gz
HTAR: a   instcat_y02_191109/00458668.tar.gz
HTAR: a   instcat_y02_191109/00458669.tar.gz
HTAR: a   instcat_y02_191109/00458693.tar.gz
HTAR: a   instcat_y02_191109/00458694.tar.gz
HTAR: a   instcat_y02_191109/00458695.tar.gz
HTAR: a   instcat_y02_191109/00458737.tar.gz
HTAR: a   instcat_y02_191109/00458739.tar.gz
HTAR: a   instcat_y02_191109/00458771.tar.gz
HTAR: a   instcat_y02_191109/00458772.tar.gz
HTAR: a   instcat_y02_191109/00458795.tar.gz
HTAR: a   instcat_y02_191109/00458801.tar.gz
HTAR: a   instcat_y02_191109/00459920.tar.gz
HTAR: a   instcat_y02_191109/00459921.tar.gz
HTAR: a   instcat_y02_191109/00459922.tar.gz
HTAR: a   instcat_y02_191109/00459965.tar.gz
HTAR: a   instcat_y02_191109/00460001.tar.gz
HTAR: a   instcat_y02_191109/00460002.tar.gz
HTAR: a   instcat_y02_191109/00460003.tar.gz
HTAR: a   instcat_y02_191109/00460004.tar.gz
HTAR: a   instcat_y02_191109/00460005.tar.gz
HTAR: a   instcat_y02_191109/00460033.tar.gz
HTAR: a   instcat_y02_191109/00460034.tar.gz
HTAR: a   instcat_y02_191109/00460035.tar.gz
HTAR: a   instcat_y02_191109/00460036.tar.gz
HTAR: a   instcat_y02_191109/00460037.tar.gz
HTAR: a   instcat_y02_191109/00460038.tar.gz
HTAR: a   instcat_y02_191109/00460050.tar.gz
HTAR: a   instcat_y02_191109/00460051.tar.gz
HTAR: a   instcat_y02_191109/00460052.tar.gz
HTAR: a   instcat_y02_191109/00460053.tar.gz
HTAR: a   instcat_y02_191109/00460085.tar.gz
HTAR: a   instcat_y02_191109/00460086.tar.gz
HTAR: a   instcat_y02_191109/00460087.tar.gz
HTAR: a   instcat_y02_191109/00460088.tar.gz
HTAR: a   instcat_y02_191109/00460089.tar.gz
HTAR: a   instcat_y02_191109/00460129.tar.gz
HTAR: a   instcat_y02_191109/00460130.tar.gz
HTAR: a   instcat_y02_191109/00460131.tar.gz
HTAR: a   instcat_y02_191109/00460132.tar.gz
HTAR: a   instcat_y02_191109/00460133.tar.gz
HTAR: a   instcat_y02_191109/00460179.tar.gz
HTAR: a   instcat_y02_191109/00460181.tar.gz
HTAR: a   instcat_y02_191109/00460182.tar.gz
HTAR: a   instcat_y02_191109/00460185.tar.gz
HTAR: a   instcat_y02_191109/00460315.tar.gz
HTAR: a   instcat_y02_191109/00460316.tar.gz
HTAR: a   instcat_y02_191109/00460317.tar.gz
HTAR: a   instcat_y02_191109/00460318.tar.gz
HTAR: a   instcat_y02_191109/00460319.tar.gz
HTAR: a   instcat_y02_191109/00460359.tar.gz
HTAR: a   instcat_y02_191109/00460715.tar.gz
HTAR: a   instcat_y02_191109/00460736.tar.gz
HTAR: a   instcat_y02_191109/00460746.tar.gz
HTAR: a   instcat_y02_191109/00460766.tar.gz
HTAR: a   instcat_y02_191109/00460767.tar.gz
HTAR: a   instcat_y02_191109/00460768.tar.gz
HTAR: a   instcat_y02_191109/00460769.tar.gz
HTAR: a   instcat_y02_191109/00460770.tar.gz
HTAR: a   instcat_y02_191109/00460771.tar.gz
HTAR: a   instcat_y02_191109/00460772.tar.gz
HTAR: a   instcat_y02_191109/00460776.tar.gz
HTAR: a   instcat_y02_191109/00460777.tar.gz
HTAR: a   instcat_y02_191109/00460778.tar.gz
HTAR: a   instcat_y02_191109/00460779.tar.gz
HTAR: a   instcat_y02_191109/00460780.tar.gz
HTAR: a   instcat_y02_191109/00460796.tar.gz
HTAR: a   instcat_y02_191109/00460797.tar.gz
HTAR: a   instcat_y02_191109/00460798.tar.gz
HTAR: a   instcat_y02_191109/00460799.tar.gz
HTAR: a   instcat_y02_191109/00460800.tar.gz
HTAR: a   instcat_y02_191109/00460833.tar.gz
HTAR: a   instcat_y02_191109/00460834.tar.gz
HTAR: a   instcat_y02_191109/00460835.tar.gz
HTAR: a   instcat_y02_191109/00460836.tar.gz
HTAR: a   instcat_y02_191109/00460840.tar.gz
HTAR: a   instcat_y02_191109/00460841.tar.gz
HTAR: a   instcat_y02_191109/00460918.tar.gz
HTAR: a   instcat_y02_191109/00460919.tar.gz
HTAR: a   instcat_y02_191109/00460920.tar.gz
HTAR: a   instcat_y02_191109/00461397.tar.gz
HTAR: a   instcat_y02_191109/00461398.tar.gz
HTAR: a   instcat_y02_191109/00461399.tar.gz
HTAR: a   instcat_y02_191109/00461400.tar.gz
HTAR: a   instcat_y02_191109/00461416.tar.gz
HTAR: a   instcat_y02_191109/00461417.tar.gz
HTAR: a   instcat_y02_191109/00461418.tar.gz
HTAR: a   instcat_y02_191109/00461448.tar.gz
HTAR: a   instcat_y02_191109/00461449.tar.gz
HTAR: a   instcat_y02_191109/00461450.tar.gz
HTAR: a   instcat_y02_191109/00461451.tar.gz
HTAR: a   instcat_y02_191109/00461452.tar.gz
HTAR: a   instcat_y02_191109/00461453.tar.gz
HTAR: a   instcat_y02_191109/00461467.tar.gz
HTAR: a   instcat_y02_191109/00461470.tar.gz
HTAR: a   instcat_y02_191109/00461471.tar.gz
HTAR: a   instcat_y02_191109/job_log_00458527.txt
HTAR: a   instcat_y02_191109/job_log_00458528.txt
HTAR: a   instcat_y02_191109/job_log_00458529.txt
HTAR: a   instcat_y02_191109/job_log_00458530.txt
HTAR: a   instcat_y02_191109/job_log_00458531.txt
HTAR: a   instcat_y02_191109/job_log_00458532.txt
HTAR: a   instcat_y02_191109/job_log_00458533.txt
HTAR: a   instcat_y02_191109/job_log_00458534.txt
HTAR: a   instcat_y02_191109/job_log_00458535.txt
HTAR: a   instcat_y02_191109/job_log_00458537.txt
HTAR: a   instcat_y02_191109/job_log_00458539.txt
HTAR: a   instcat_y02_191109/job_log_00458562.txt
HTAR: a   instcat_y02_191109/job_log_00458566.txt
HTAR: a   instcat_y02_191109/job_log_00458567.txt
HTAR: a   instcat_y02_191109/job_log_00458574.txt
HTAR: a   instcat_y02_191109/job_log_00458578.txt
HTAR: a   instcat_y02_191109/job_log_00458579.txt
HTAR: a   instcat_y02_191109/job_log_00458599.txt
HTAR: a   instcat_y02_191109/job_log_00458600.txt
HTAR: a   instcat_y02_191109/job_log_00458602.txt
HTAR: a   instcat_y02_191109/job_log_00458606.txt
HTAR: a   instcat_y02_191109/job_log_00458607.txt
HTAR: a   instcat_y02_191109/job_log_00458622.txt
HTAR: a   instcat_y02_191109/job_log_00458623.txt
HTAR: a   instcat_y02_191109/job_log_00458648.txt
HTAR: a   instcat_y02_191109/job_log_00458649.txt
HTAR: a   instcat_y02_191109/job_log_00458667.txt
HTAR: a   instcat_y02_191109/job_log_00458668.txt
HTAR: a   instcat_y02_191109/job_log_00458669.txt
HTAR: a   instcat_y02_191109/job_log_00458693.txt
HTAR: a   instcat_y02_191109/job_log_00458694.txt
HTAR: a   instcat_y02_191109/job_log_00458695.txt
HTAR: a   instcat_y02_191109/job_log_00458737.txt
HTAR: a   instcat_y02_191109/job_log_00458739.txt
HTAR: a   instcat_y02_191109/job_log_00458771.txt
HTAR: a   instcat_y02_191109/job_log_00458772.txt
HTAR: a   instcat_y02_191109/job_log_00458795.txt
HTAR: a   instcat_y02_191109/job_log_00458801.txt
HTAR: a   instcat_y02_191109/job_log_00459920.txt
HTAR: a   instcat_y02_191109/job_log_00459921.txt
HTAR: a   instcat_y02_191109/job_log_00459922.txt
HTAR: a   instcat_y02_191109/job_log_00459965.txt
HTAR: a   instcat_y02_191109/job_log_00460001.txt
HTAR: a   instcat_y02_191109/job_log_00460002.txt
HTAR: a   instcat_y02_191109/job_log_00460003.txt
HTAR: a   instcat_y02_191109/job_log_00460004.txt
HTAR: a   instcat_y02_191109/job_log_00460005.txt
HTAR: a   instcat_y02_191109/job_log_00460033.txt
HTAR: a   instcat_y02_191109/job_log_00460034.txt
HTAR: a   instcat_y02_191109/job_log_00460035.txt
HTAR: a   instcat_y02_191109/job_log_00460036.txt
HTAR: a   instcat_y02_191109/job_log_00460037.txt
HTAR: a   instcat_y02_191109/job_log_00460038.txt
HTAR: a   instcat_y02_191109/job_log_00460050.txt
HTAR: a   instcat_y02_191109/job_log_00460051.txt
HTAR: a   instcat_y02_191109/job_log_00460052.txt
HTAR: a   instcat_y02_191109/job_log_00460053.txt
HTAR: a   instcat_y02_191109/job_log_00460085.txt
HTAR: a   instcat_y02_191109/job_log_00460086.txt
HTAR: a   instcat_y02_191109/job_log_00460087.txt
HTAR: a   instcat_y02_191109/job_log_00460088.txt
HTAR: a   instcat_y02_191109/job_log_00460089.txt
HTAR: a   instcat_y02_191109/job_log_00460129.txt
HTAR: a   instcat_y02_191109/job_log_00460130.txt
HTAR: a   instcat_y02_191109/job_log_00460131.txt
HTAR: a   instcat_y02_191109/job_log_00460132.txt
HTAR: a   instcat_y02_191109/job_log_00460133.txt
HTAR: a   instcat_y02_191109/job_log_00460179.txt
HTAR: a   instcat_y02_191109/job_log_00460181.txt
HTAR: a   instcat_y02_191109/job_log_00460182.txt
HTAR: a   instcat_y02_191109/job_log_00460185.txt
HTAR: a   instcat_y02_191109/job_log_00460315.txt
HTAR: a   instcat_y02_191109/job_log_00460316.txt
HTAR: a   instcat_y02_191109/job_log_00460317.txt
HTAR: a   instcat_y02_191109/job_log_00460318.txt
HTAR: a   instcat_y02_191109/job_log_00460319.txt
HTAR: a   instcat_y02_191109/job_log_00460359.txt
HTAR: a   instcat_y02_191109/job_log_00460715.txt
HTAR: a   instcat_y02_191109/job_log_00460736.txt
HTAR: a   instcat_y02_191109/job_log_00460746.txt
HTAR: a   instcat_y02_191109/job_log_00460766.txt
HTAR: a   instcat_y02_191109/job_log_00460767.txt
HTAR: a   instcat_y02_191109/job_log_00460768.txt
HTAR: a   instcat_y02_191109/job_log_00460769.txt
HTAR: a   instcat_y02_191109/job_log_00460770.txt
HTAR: a   instcat_y02_191109/job_log_00460771.txt
HTAR: a   instcat_y02_191109/job_log_00460772.txt
HTAR: a   instcat_y02_191109/job_log_00460776.txt
HTAR: a   instcat_y02_191109/job_log_00460777.txt
HTAR: a   instcat_y02_191109/job_log_00460778.txt
HTAR: a   instcat_y02_191109/job_log_00460779.txt
HTAR: a   instcat_y02_191109/job_log_00460780.txt
HTAR: a   instcat_y02_191109/job_log_00460796.txt
HTAR: a   instcat_y02_191109/job_log_00460797.txt
HTAR: a   instcat_y02_191109/job_log_00460798.txt
HTAR: a   instcat_y02_191109/job_log_00460799.txt
HTAR: a   instcat_y02_191109/job_log_00460800.txt
HTAR: a   instcat_y02_191109/job_log_00460833.txt
HTAR: a   instcat_y02_191109/job_log_00460834.txt
HTAR: a   instcat_y02_191109/job_log_00460835.txt
HTAR: a   instcat_y02_191109/job_log_00460836.txt
HTAR: a   instcat_y02_191109/job_log_00460840.txt
HTAR: a   instcat_y02_191109/job_log_00460841.txt
HTAR: a   instcat_y02_191109/job_log_00460918.txt
HTAR: a   instcat_y02_191109/job_log_00460919.txt
HTAR: a   instcat_y02_191109/job_log_00460920.txt
HTAR: a   instcat_y02_191109/job_log_00461397.txt
HTAR: a   instcat_y02_191109/job_log_00461398.txt
HTAR: a   instcat_y02_191109/job_log_00461399.txt
HTAR: a   instcat_y02_191109/job_log_00461400.txt
HTAR: a   instcat_y02_191109/job_log_00461416.txt
HTAR: a   instcat_y02_191109/job_log_00461417.txt
HTAR: a   instcat_y02_191109/job_log_00461418.txt
HTAR: a   instcat_y02_191109/job_log_00461448.txt
HTAR: a   instcat_y02_191109/job_log_00461449.txt
HTAR: a   instcat_y02_191109/job_log_00461450.txt
HTAR: a   instcat_y02_191109/job_log_00461451.txt
HTAR: a   instcat_y02_191109/job_log_00461452.txt
HTAR: a   instcat_y02_191109/job_log_00461453.txt
HTAR: a   instcat_y02_191109/job_log_00461467.txt
HTAR: a   instcat_y02_191109/job_log_00461470.txt
HTAR: a   instcat_y02_191109/job_log_00461471.txt
HTAR: a   /tmp/HTAR_CF_CHK_23029_1580503838
HTAR Create complete for /home/projects/desc/DC2_ImSim/Run2.2i/instCat/y02_191109/00458527to00461471.tar. 499,102,046,720 bytes written for 244 member files, max threads: 50 Transfer time: 2904.762 seconds (171.822 MB/s) wallclock/user/sys: 2906.868 3839.129 985.912 seconds
HTAR: HTAR SUCCESSFUL
HTAR: a   instcat_y02_191109/00461472.tar.gz
HTAR: a   instcat_y02_191109/00461476.tar.gz
HTAR: a   instcat_y02_191109/00461477.tar.gz
HTAR: a   instcat_y02_191109/00461478.tar.gz
HTAR: a   instcat_y02_191109/00461479.tar.gz
HTAR: a   instcat_y02_191109/00461480.tar.gz
HTAR: a   instcat_y02_191109/00461481.tar.gz
HTAR: a   instcat_y02_191109/00461482.tar.gz
HTAR: a   instcat_y02_191109/00461559.tar.gz
HTAR: a   instcat_y02_191109/00461815.tar.gz
HTAR: a   instcat_y02_191109/00462478.tar.gz
HTAR: a   instcat_y02_191109/00462479.tar.gz
HTAR: a   instcat_y02_191109/00462480.tar.gz
HTAR: a   instcat_y02_191109/00462481.tar.gz
HTAR: a   instcat_y02_191109/00462482.tar.gz
HTAR: a   instcat_y02_191109/00462485.tar.gz
HTAR: a   instcat_y02_191109/00462486.tar.gz
HTAR: a   instcat_y02_191109/00462487.tar.gz
HTAR: a   instcat_y02_191109/00462489.tar.gz
HTAR: a   instcat_y02_191109/00462490.tar.gz
HTAR: a   instcat_y02_191109/00462538.tar.gz
HTAR: a   instcat_y02_191109/00462539.tar.gz
HTAR: a   instcat_y02_191109/00462540.tar.gz
HTAR: a   instcat_y02_191109/00462541.tar.gz
HTAR: a   instcat_y02_191109/00462543.tar.gz
HTAR: a   instcat_y02_191109/00462544.tar.gz
HTAR: a   instcat_y02_191109/00462545.tar.gz
HTAR: a   instcat_y02_191109/00462547.tar.gz
HTAR: a   instcat_y02_191109/00462549.tar.gz
HTAR: a   instcat_y02_191109/00462550.tar.gz
HTAR: a   instcat_y02_191109/00462551.tar.gz
HTAR: a   instcat_y02_191109/00462580.tar.gz
HTAR: a   instcat_y02_191109/00462621.tar.gz
HTAR: a   instcat_y02_191109/00462650.tar.gz
HTAR: a   instcat_y02_191109/00462651.tar.gz
HTAR: a   instcat_y02_191109/00462653.tar.gz
HTAR: a   instcat_y02_191109/00462654.tar.gz
HTAR: a   instcat_y02_191109/00462656.tar.gz
HTAR: a   instcat_y02_191109/00462657.tar.gz
HTAR: a   instcat_y02_191109/00462658.tar.gz
HTAR: a   instcat_y02_191109/00462659.tar.gz
HTAR: a   instcat_y02_191109/00462660.tar.gz
HTAR: a   instcat_y02_191109/00462661.tar.gz
HTAR: a   instcat_y02_191109/00462662.tar.gz
HTAR: a   instcat_y02_191109/00462668.tar.gz
HTAR: a   instcat_y02_191109/00462671.tar.gz
HTAR: a   instcat_y02_191109/00462672.tar.gz
HTAR: a   instcat_y02_191109/00462676.tar.gz
HTAR: a   instcat_y02_191109/00462677.tar.gz
HTAR: a   instcat_y02_191109/00462678.tar.gz
HTAR: a   instcat_y02_191109/00462679.tar.gz
HTAR: a   instcat_y02_191109/00462681.tar.gz
HTAR: a   instcat_y02_191109/00462685.tar.gz
HTAR: a   instcat_y02_191109/00462697.tar.gz
HTAR: a   instcat_y02_191109/00462698.tar.gz
HTAR: a   instcat_y02_191109/00462699.tar.gz
HTAR: a   instcat_y02_191109/00462704.tar.gz
HTAR: a   instcat_y02_191109/00462709.tar.gz
HTAR: a   instcat_y02_191109/00462711.tar.gz
HTAR: a   instcat_y02_191109/00462712.tar.gz
HTAR: a   instcat_y02_191109/00462714.tar.gz
HTAR: a   instcat_y02_191109/00462718.tar.gz
HTAR: a   instcat_y02_191109/00462719.tar.gz
HTAR: a   instcat_y02_191109/00462720.tar.gz
HTAR: a   instcat_y02_191109/00462724.tar.gz
HTAR: a   instcat_y02_191109/00462725.tar.gz
HTAR: a   instcat_y02_191109/00462726.tar.gz
HTAR: a   instcat_y02_191109/00462727.tar.gz
HTAR: a   instcat_y02_191109/00462728.tar.gz
HTAR: a   instcat_y02_191109/00463561.tar.gz
HTAR: a   instcat_y02_191109/00463562.tar.gz
HTAR: a   instcat_y02_191109/00463595.tar.gz
HTAR: a   instcat_y02_191109/00463596.tar.gz
HTAR: a   instcat_y02_191109/00463597.tar.gz
HTAR: a   instcat_y02_191109/00463598.tar.gz
HTAR: a   instcat_y02_191109/00463599.tar.gz
HTAR: a   instcat_y02_191109/00464184.tar.gz
HTAR: a   instcat_y02_191109/00464185.tar.gz
HTAR: a   instcat_y02_191109/00464186.tar.gz
HTAR: a   instcat_y02_191109/00464187.tar.gz
HTAR: a   instcat_y02_191109/00464215.tar.gz
HTAR: a   instcat_y02_191109/00464229.tar.gz
HTAR: a   instcat_y02_191109/00464230.tar.gz
HTAR: a   instcat_y02_191109/00464247.tar.gz
HTAR: a   instcat_y02_191109/00464248.tar.gz
HTAR: a   instcat_y02_191109/00464294.tar.gz
HTAR: a   instcat_y02_191109/00464301.tar.gz
HTAR: a   instcat_y02_191109/00464304.tar.gz
HTAR: a   instcat_y02_191109/00464305.tar.gz
HTAR: a   instcat_y02_191109/00464306.tar.gz
HTAR: a   instcat_y02_191109/00464307.tar.gz
HTAR: a   instcat_y02_191109/00464356.tar.gz
HTAR: a   instcat_y02_191109/00464358.tar.gz
HTAR: a   instcat_y02_191109/00464359.tar.gz
HTAR: a   instcat_y02_191109/00464360.tar.gz
HTAR: a   instcat_y02_191109/00464361.tar.gz
HTAR: a   instcat_y02_191109/00464362.tar.gz
HTAR: a   instcat_y02_191109/00464363.tar.gz
HTAR: a   instcat_y02_191109/00464783.tar.gz
HTAR: a   instcat_y02_191109/00464784.tar.gz
HTAR: a   instcat_y02_191109/00464785.tar.gz
HTAR: a   instcat_y02_191109/00464812.tar.gz
HTAR: a   instcat_y02_191109/00464824.tar.gz
HTAR: a   instcat_y02_191109/00464826.tar.gz
HTAR: a   instcat_y02_191109/00464827.tar.gz
HTAR: a   instcat_y02_191109/00464828.tar.gz
HTAR: a   instcat_y02_191109/00464829.tar.gz
HTAR: a   instcat_y02_191109/00464842.tar.gz
HTAR: a   instcat_y02_191109/00464865.tar.gz
HTAR: a   instcat_y02_191109/00464866.tar.gz
HTAR: a   instcat_y02_191109/00464867.tar.gz
HTAR: a   instcat_y02_191109/00464868.tar.gz
HTAR: a   instcat_y02_191109/00464869.tar.gz
HTAR: a   instcat_y02_191109/00464881.tar.gz
HTAR: a   instcat_y02_191109/00465983.tar.gz
HTAR: a   instcat_y02_191109/00465984.tar.gz
HTAR: a   instcat_y02_191109/00465985.tar.gz
HTAR: a   instcat_y02_191109/00465986.tar.gz
HTAR: a   instcat_y02_191109/00465987.tar.gz
HTAR: a   instcat_y02_191109/00465988.tar.gz
HTAR: a   instcat_y02_191109/00465989.tar.gz
HTAR: a   instcat_y02_191109/00465990.tar.gz
HTAR: a   instcat_y02_191109/job_log_00461472.txt
HTAR: a   instcat_y02_191109/job_log_00461476.txt
HTAR: a   instcat_y02_191109/job_log_00461477.txt
HTAR: a   instcat_y02_191109/job_log_00461478.txt
HTAR: a   instcat_y02_191109/job_log_00461479.txt
HTAR: a   instcat_y02_191109/job_log_00461480.txt
HTAR: a   instcat_y02_191109/job_log_00461481.txt
HTAR: a   instcat_y02_191109/job_log_00461482.txt
HTAR: a   instcat_y02_191109/job_log_00461559.txt
HTAR: a   instcat_y02_191109/job_log_00461815.txt
HTAR: a   instcat_y02_191109/job_log_00462478.txt
HTAR: a   instcat_y02_191109/job_log_00462479.txt
HTAR: a   instcat_y02_191109/job_log_00462480.txt
HTAR: a   instcat_y02_191109/job_log_00462481.txt
HTAR: a   instcat_y02_191109/job_log_00462482.txt
HTAR: a   instcat_y02_191109/job_log_00462485.txt
HTAR: a   instcat_y02_191109/job_log_00462486.txt
HTAR: a   instcat_y02_191109/job_log_00462487.txt
HTAR: a   instcat_y02_191109/job_log_00462489.txt
HTAR: a   instcat_y02_191109/job_log_00462490.txt
HTAR: a   instcat_y02_191109/job_log_00462538.txt
HTAR: a   instcat_y02_191109/job_log_00462539.txt
HTAR: a   instcat_y02_191109/job_log_00462540.txt
HTAR: a   instcat_y02_191109/job_log_00462541.txt
HTAR: a   instcat_y02_191109/job_log_00462543.txt
HTAR: a   instcat_y02_191109/job_log_00462544.txt
HTAR: a   instcat_y02_191109/job_log_00462545.txt
HTAR: a   instcat_y02_191109/job_log_00462547.txt
HTAR: a   instcat_y02_191109/job_log_00462549.txt
HTAR: a   instcat_y02_191109/job_log_00462550.txt
HTAR: a   instcat_y02_191109/job_log_00462551.txt
HTAR: a   instcat_y02_191109/job_log_00462580.txt
HTAR: a   instcat_y02_191109/job_log_00462621.txt
HTAR: a   instcat_y02_191109/job_log_00462650.txt
HTAR: a   instcat_y02_191109/job_log_00462651.txt
HTAR: a   instcat_y02_191109/job_log_00462653.txt
HTAR: a   instcat_y02_191109/job_log_00462654.txt
HTAR: a   instcat_y02_191109/job_log_00462656.txt
HTAR: a   instcat_y02_191109/job_log_00462657.txt
HTAR: a   instcat_y02_191109/job_log_00462658.txt
HTAR: a   instcat_y02_191109/job_log_00462659.txt
HTAR: a   instcat_y02_191109/job_log_00462660.txt
HTAR: a   instcat_y02_191109/job_log_00462661.txt
HTAR: a   instcat_y02_191109/job_log_00462662.txt
HTAR: a   instcat_y02_191109/job_log_00462668.txt
HTAR: a   instcat_y02_191109/job_log_00462671.txt
HTAR: a   instcat_y02_191109/job_log_00462672.txt
HTAR: a   instcat_y02_191109/job_log_00462676.txt
HTAR: a   instcat_y02_191109/job_log_00462677.txt
HTAR: a   instcat_y02_191109/job_log_00462678.txt
HTAR: a   instcat_y02_191109/job_log_00462679.txt
HTAR: a   instcat_y02_191109/job_log_00462681.txt
HTAR: a   instcat_y02_191109/job_log_00462685.txt
HTAR: a   instcat_y02_191109/job_log_00462697.txt
HTAR: a   instcat_y02_191109/job_log_00462698.txt
HTAR: a   instcat_y02_191109/job_log_00462699.txt
HTAR: a   instcat_y02_191109/job_log_00462704.txt
HTAR: a   instcat_y02_191109/job_log_00462709.txt
HTAR: a   instcat_y02_191109/job_log_00462711.txt
HTAR: a   instcat_y02_191109/job_log_00462712.txt
HTAR: a   instcat_y02_191109/job_log_00462714.txt
HTAR: a   instcat_y02_191109/job_log_00462718.txt
HTAR: a   instcat_y02_191109/job_log_00462719.txt
HTAR: a   instcat_y02_191109/job_log_00462720.txt
HTAR: a   instcat_y02_191109/job_log_00462724.txt
HTAR: a   instcat_y02_191109/job_log_00462725.txt
HTAR: a   instcat_y02_191109/job_log_00462726.txt
HTAR: a   instcat_y02_191109/job_log_00462727.txt
HTAR: a   instcat_y02_191109/job_log_00462728.txt
HTAR: a   instcat_y02_191109/job_log_00463561.txt
HTAR: a   instcat_y02_191109/job_log_00463562.txt
HTAR: a   instcat_y02_191109/job_log_00463595.txt
HTAR: a   instcat_y02_191109/job_log_00463596.txt
HTAR: a   instcat_y02_191109/job_log_00463597.txt
HTAR: a   instcat_y02_191109/job_log_00463598.txt
HTAR: a   instcat_y02_191109/job_log_00463599.txt
HTAR: a   instcat_y02_191109/job_log_00464184.txt
HTAR: a   instcat_y02_191109/job_log_00464185.txt
HTAR: a   instcat_y02_191109/job_log_00464186.txt
HTAR: a   instcat_y02_191109/job_log_00464187.txt
HTAR: a   instcat_y02_191109/job_log_00464215.txt
HTAR: a   instcat_y02_191109/job_log_00464229.txt
HTAR: a   instcat_y02_191109/job_log_00464230.txt
HTAR: a   instcat_y02_191109/job_log_00464247.txt
HTAR: a   instcat_y02_191109/job_log_00464248.txt
HTAR: a   instcat_y02_191109/job_log_00464294.txt
HTAR: a   instcat_y02_191109/job_log_00464301.txt
HTAR: a   instcat_y02_191109/job_log_00464304.txt
HTAR: a   instcat_y02_191109/job_log_00464305.txt
HTAR: a   instcat_y02_191109/job_log_00464306.txt
HTAR: a   instcat_y02_191109/job_log_00464307.txt
HTAR: a   instcat_y02_191109/job_log_00464356.txt
HTAR: a   instcat_y02_191109/job_log_00464358.txt
HTAR: a   instcat_y02_191109/job_log_00464359.txt
HTAR: a   instcat_y02_191109/job_log_00464360.txt
HTAR: a   instcat_y02_191109/job_log_00464361.txt
HTAR: a   instcat_y02_191109/job_log_00464362.txt
HTAR: a   instcat_y02_191109/job_log_00464363.txt
HTAR: a   instcat_y02_191109/job_log_00464783.txt
HTAR: a   instcat_y02_191109/job_log_00464784.txt
HTAR: a   instcat_y02_191109/job_log_00464785.txt
HTAR: a   instcat_y02_191109/job_log_00464812.txt
HTAR: a   instcat_y02_191109/job_log_00464824.txt
HTAR: a   instcat_y02_191109/job_log_00464826.txt
HTAR: a   instcat_y02_191109/job_log_00464827.txt
HTAR: a   instcat_y02_191109/job_log_00464828.txt
HTAR: a   instcat_y02_191109/job_log_00464829.txt
HTAR: a   instcat_y02_191109/job_log_00464842.txt
HTAR: a   instcat_y02_191109/job_log_00464865.txt
HTAR: a   instcat_y02_191109/job_log_00464866.txt
HTAR: a   instcat_y02_191109/job_log_00464867.txt
HTAR: a   instcat_y02_191109/job_log_00464868.txt
HTAR: a   instcat_y02_191109/job_log_00464869.txt
HTAR: a   instcat_y02_191109/job_log_00464881.txt
HTAR: a   instcat_y02_191109/job_log_00465983.txt
HTAR: a   instcat_y02_191109/job_log_00465984.txt
HTAR: a   instcat_y02_191109/job_log_00465985.txt
HTAR: a   instcat_y02_191109/job_log_00465986.txt
HTAR: a   instcat_y02_191109/job_log_00465987.txt
HTAR: a   instcat_y02_191109/job_log_00465988.txt
HTAR: a   instcat_y02_191109/job_log_00465989.txt
HTAR: a   instcat_y02_191109/job_log_00465990.txt
HTAR: a   /tmp/HTAR_CF_CHK_15401_1580506748
HTAR Create complete for /home/projects/desc/DC2_ImSim/Run2.2i/instCat/y02_191109/00461472to00465990.tar. 538,944,284,672 bytes written for 244 member files, max threads: 50 Transfer time: 3178.916 seconds (169.537 MB/s) wallclock/user/sys: 3180.860 4109.110 1161.752 seconds
HTAR: HTAR SUCCESSFUL
HTAR: a   instcat_y02_191109/00465991.tar.gz
HTAR: a   instcat_y02_191109/00465992.tar.gz
HTAR: a   instcat_y02_191109/00465993.tar.gz
HTAR: a   instcat_y02_191109/00465994.tar.gz
HTAR: a   instcat_y02_191109/00465995.tar.gz
HTAR: a   instcat_y02_191109/00465996.tar.gz
HTAR: a   instcat_y02_191109/00465997.tar.gz
HTAR: a   instcat_y02_191109/00465998.tar.gz
HTAR: a   instcat_y02_191109/00465999.tar.gz
HTAR: a   instcat_y02_191109/00466000.tar.gz
HTAR: a   instcat_y02_191109/00466001.tar.gz
HTAR: a   instcat_y02_191109/00466002.tar.gz
HTAR: a   instcat_y02_191109/00466003.tar.gz
HTAR: a   instcat_y02_191109/00466032.tar.gz
HTAR: a   instcat_y02_191109/00466033.tar.gz
HTAR: a   instcat_y02_191109/00466099.tar.gz
HTAR: a   instcat_y02_191109/00466101.tar.gz
HTAR: a   instcat_y02_191109/00466102.tar.gz
HTAR: a   instcat_y02_191109/00466103.tar.gz
HTAR: a   instcat_y02_191109/00466142.tar.gz
HTAR: a   instcat_y02_191109/00466143.tar.gz
HTAR: a   instcat_y02_191109/00466144.tar.gz
HTAR: a   instcat_y02_191109/00466161.tar.gz
HTAR: a   instcat_y02_191109/00466162.tar.gz
HTAR: a   instcat_y02_191109/00466166.tar.gz
HTAR: a   instcat_y02_191109/00466167.tar.gz
HTAR: a   instcat_y02_191109/00466201.tar.gz
HTAR: a   instcat_y02_191109/00466202.tar.gz
HTAR: a   instcat_y02_191109/00466203.tar.gz
HTAR: a   instcat_y02_191109/00466209.tar.gz
HTAR: a   instcat_y02_191109/00466212.tar.gz
HTAR: a   instcat_y02_191109/00466253.tar.gz
HTAR: a   instcat_y02_191109/00466273.tar.gz
HTAR: a   instcat_y02_191109/00466275.tar.gz
HTAR: a   instcat_y02_191109/00466278.tar.gz
HTAR: a   instcat_y02_191109/00466279.tar.gz
HTAR: a   instcat_y02_191109/00466300.tar.gz
HTAR: a   instcat_y02_191109/00466303.tar.gz
HTAR: a   instcat_y02_191109/00466317.tar.gz
HTAR: a   instcat_y02_191109/00466319.tar.gz
HTAR: a   instcat_y02_191109/00466334.tar.gz
HTAR: a   instcat_y02_191109/00466336.tar.gz
HTAR: a   instcat_y02_191109/00466338.tar.gz
HTAR: a   instcat_y02_191109/00466339.tar.gz
HTAR: a   instcat_y02_191109/00466378.tar.gz
HTAR: a   instcat_y02_191109/00466382.tar.gz
HTAR: a   instcat_y02_191109/00466393.tar.gz
HTAR: a   instcat_y02_191109/00466432.tar.gz
HTAR: a   instcat_y02_191109/00466663.tar.gz
HTAR: a   instcat_y02_191109/00466672.tar.gz
HTAR: a   instcat_y02_191109/00466673.tar.gz
HTAR: a   instcat_y02_191109/00466674.tar.gz
HTAR: a   instcat_y02_191109/00466679.tar.gz
HTAR: a   instcat_y02_191109/00466680.tar.gz
HTAR: a   instcat_y02_191109/00466681.tar.gz
HTAR: a   instcat_y02_191109/00466682.tar.gz
HTAR: a   instcat_y02_191109/00466683.tar.gz
HTAR: a   instcat_y02_191109/00466684.tar.gz
HTAR: a   instcat_y02_191109/00466685.tar.gz
HTAR: a   instcat_y02_191109/00466686.tar.gz
HTAR: a   instcat_y02_191109/00466687.tar.gz
HTAR: a   instcat_y02_191109/00466688.tar.gz
HTAR: a   instcat_y02_191109/00466689.tar.gz
HTAR: a   instcat_y02_191109/00466690.tar.gz
HTAR: a   instcat_y02_191109/00466691.tar.gz
HTAR: a   instcat_y02_191109/00466692.tar.gz
HTAR: a   instcat_y02_191109/00466693.tar.gz
HTAR: a   instcat_y02_191109/00466694.tar.gz
HTAR: a   instcat_y02_191109/00466695.tar.gz
HTAR: a   instcat_y02_191109/00466696.tar.gz
HTAR: a   instcat_y02_191109/00466697.tar.gz
HTAR: a   instcat_y02_191109/00466698.tar.gz
HTAR: a   instcat_y02_191109/00466699.tar.gz
HTAR: a   instcat_y02_191109/00466703.tar.gz
HTAR: a   instcat_y02_191109/00466704.tar.gz
HTAR: a   instcat_y02_191109/00466705.tar.gz
HTAR: a   instcat_y02_191109/00466706.tar.gz
HTAR: a   instcat_y02_191109/00466707.tar.gz
HTAR: a   instcat_y02_191109/00466708.tar.gz
HTAR: a   instcat_y02_191109/00466709.tar.gz
HTAR: a   instcat_y02_191109/00466710.tar.gz
HTAR: a   instcat_y02_191109/00466711.tar.gz
HTAR: a   instcat_y02_191109/00466712.tar.gz
HTAR: a   instcat_y02_191109/00466713.tar.gz
HTAR: a   instcat_y02_191109/00466714.tar.gz
HTAR: a   instcat_y02_191109/00466715.tar.gz
HTAR: a   instcat_y02_191109/00466716.tar.gz
HTAR: a   instcat_y02_191109/00466718.tar.gz
HTAR: a   instcat_y02_191109/00466719.tar.gz
HTAR: a   instcat_y02_191109/00466720.tar.gz
HTAR: a   instcat_y02_191109/00466721.tar.gz
HTAR: a   instcat_y02_191109/00466722.tar.gz
HTAR: a   instcat_y02_191109/00466723.tar.gz
HTAR: a   instcat_y02_191109/00466736.tar.gz
HTAR: a   instcat_y02_191109/00466737.tar.gz
HTAR: a   instcat_y02_191109/00466738.tar.gz
HTAR: a   instcat_y02_191109/00466740.tar.gz
HTAR: a   instcat_y02_191109/00466741.tar.gz
HTAR: a   instcat_y02_191109/00466744.tar.gz
HTAR: a   instcat_y02_191109/00466745.tar.gz
HTAR: a   instcat_y02_191109/00466746.tar.gz
HTAR: a   instcat_y02_191109/00466751.tar.gz
HTAR: a   instcat_y02_191109/00466752.tar.gz
HTAR: a   instcat_y02_191109/00466753.tar.gz
HTAR: a   instcat_y02_191109/00466756.tar.gz
HTAR: a   instcat_y02_191109/00466758.tar.gz
HTAR: a   instcat_y02_191109/00466762.tar.gz
HTAR: a   instcat_y02_191109/00466763.tar.gz
HTAR: a   instcat_y02_191109/00466765.tar.gz
HTAR: a   instcat_y02_191109/00466766.tar.gz
HTAR: a   instcat_y02_191109/00466767.tar.gz
HTAR: a   instcat_y02_191109/00466769.tar.gz
HTAR: a   instcat_y02_191109/00466770.tar.gz
HTAR: a   instcat_y02_191109/00466771.tar.gz
HTAR: a   instcat_y02_191109/00466781.tar.gz
HTAR: a   instcat_y02_191109/00466782.tar.gz
HTAR: a   instcat_y02_191109/00466783.tar.gz
HTAR: a   instcat_y02_191109/00466785.tar.gz
HTAR: a   instcat_y02_191109/00466786.tar.gz
HTAR: a   instcat_y02_191109/00466787.tar.gz
HTAR: a   instcat_y02_191109/00466788.tar.gz
HTAR: a   instcat_y02_191109/00466791.tar.gz
HTAR: a   instcat_y02_191109/job_log_00465991.txt
HTAR: a   instcat_y02_191109/job_log_00465992.txt
HTAR: a   instcat_y02_191109/job_log_00465993.txt
HTAR: a   instcat_y02_191109/job_log_00465994.txt
HTAR: a   instcat_y02_191109/job_log_00465995.txt
HTAR: a   instcat_y02_191109/job_log_00465996.txt
HTAR: a   instcat_y02_191109/job_log_00465997.txt
HTAR: a   instcat_y02_191109/job_log_00465998.txt
HTAR: a   instcat_y02_191109/job_log_00465999.txt
HTAR: a   instcat_y02_191109/job_log_00466000.txt
HTAR: a   instcat_y02_191109/job_log_00466001.txt
HTAR: a   instcat_y02_191109/job_log_00466002.txt
HTAR: a   instcat_y02_191109/job_log_00466003.txt
HTAR: a   instcat_y02_191109/job_log_00466032.txt
HTAR: a   instcat_y02_191109/job_log_00466033.txt
HTAR: a   instcat_y02_191109/job_log_00466099.txt
HTAR: a   instcat_y02_191109/job_log_00466101.txt
HTAR: a   instcat_y02_191109/job_log_00466102.txt
HTAR: a   instcat_y02_191109/job_log_00466103.txt
HTAR: a   instcat_y02_191109/job_log_00466142.txt
HTAR: a   instcat_y02_191109/job_log_00466143.txt
HTAR: a   instcat_y02_191109/job_log_00466144.txt
HTAR: a   instcat_y02_191109/job_log_00466161.txt
HTAR: a   instcat_y02_191109/job_log_00466162.txt
HTAR: a   instcat_y02_191109/job_log_00466166.txt
HTAR: a   instcat_y02_191109/job_log_00466167.txt
HTAR: a   instcat_y02_191109/job_log_00466201.txt
HTAR: a   instcat_y02_191109/job_log_00466202.txt
HTAR: a   instcat_y02_191109/job_log_00466203.txt
HTAR: a   instcat_y02_191109/job_log_00466209.txt
HTAR: a   instcat_y02_191109/job_log_00466212.txt
HTAR: a   instcat_y02_191109/job_log_00466253.txt
HTAR: a   instcat_y02_191109/job_log_00466273.txt
HTAR: a   instcat_y02_191109/job_log_00466275.txt
HTAR: a   instcat_y02_191109/job_log_00466278.txt
HTAR: a   instcat_y02_191109/job_log_00466279.txt
HTAR: a   instcat_y02_191109/job_log_00466300.txt
HTAR: a   instcat_y02_191109/job_log_00466303.txt
HTAR: a   instcat_y02_191109/job_log_00466317.txt
HTAR: a   instcat_y02_191109/job_log_00466319.txt
HTAR: a   instcat_y02_191109/job_log_00466334.txt
HTAR: a   instcat_y02_191109/job_log_00466336.txt
HTAR: a   instcat_y02_191109/job_log_00466338.txt
HTAR: a   instcat_y02_191109/job_log_00466339.txt
HTAR: a   instcat_y02_191109/job_log_00466378.txt
HTAR: a   instcat_y02_191109/job_log_00466382.txt
HTAR: a   instcat_y02_191109/job_log_00466393.txt
HTAR: a   instcat_y02_191109/job_log_00466432.txt
HTAR: a   instcat_y02_191109/job_log_00466663.txt
HTAR: a   instcat_y02_191109/job_log_00466672.txt
HTAR: a   instcat_y02_191109/job_log_00466673.txt
HTAR: a   instcat_y02_191109/job_log_00466674.txt
HTAR: a   instcat_y02_191109/job_log_00466679.txt
HTAR: a   instcat_y02_191109/job_log_00466680.txt
HTAR: a   instcat_y02_191109/job_log_00466681.txt
HTAR: a   instcat_y02_191109/job_log_00466682.txt
HTAR: a   instcat_y02_191109/job_log_00466683.txt
HTAR: a   instcat_y02_191109/job_log_00466684.txt
HTAR: a   instcat_y02_191109/job_log_00466685.txt
HTAR: a   instcat_y02_191109/job_log_00466686.txt
HTAR: a   instcat_y02_191109/job_log_00466687.txt
HTAR: a   instcat_y02_191109/job_log_00466688.txt
HTAR: a   instcat_y02_191109/job_log_00466689.txt
HTAR: a   instcat_y02_191109/job_log_00466690.txt
HTAR: a   instcat_y02_191109/job_log_00466691.txt
HTAR: a   instcat_y02_191109/job_log_00466692.txt
HTAR: a   instcat_y02_191109/job_log_00466693.txt
HTAR: a   instcat_y02_191109/job_log_00466694.txt
HTAR: a   instcat_y02_191109/job_log_00466695.txt
HTAR: a   instcat_y02_191109/job_log_00466696.txt
HTAR: a   instcat_y02_191109/job_log_00466697.txt
HTAR: a   instcat_y02_191109/job_log_00466698.txt
HTAR: a   instcat_y02_191109/job_log_00466699.txt
HTAR: a   instcat_y02_191109/job_log_00466703.txt
HTAR: a   instcat_y02_191109/job_log_00466704.txt
HTAR: a   instcat_y02_191109/job_log_00466705.txt
HTAR: a   instcat_y02_191109/job_log_00466706.txt
HTAR: a   instcat_y02_191109/job_log_00466707.txt
HTAR: a   instcat_y02_191109/job_log_00466708.txt
HTAR: a   instcat_y02_191109/job_log_00466709.txt
HTAR: a   instcat_y02_191109/job_log_00466710.txt
HTAR: a   instcat_y02_191109/job_log_00466711.txt
HTAR: a   instcat_y02_191109/job_log_00466712.txt
HTAR: a   instcat_y02_191109/job_log_00466713.txt
HTAR: a   instcat_y02_191109/job_log_00466714.txt
HTAR: a   instcat_y02_191109/job_log_00466715.txt
HTAR: a   instcat_y02_191109/job_log_00466716.txt
HTAR: a   instcat_y02_191109/job_log_00466718.txt
HTAR: a   instcat_y02_191109/job_log_00466719.txt
HTAR: a   instcat_y02_191109/job_log_00466720.txt
HTAR: a   instcat_y02_191109/job_log_00466721.txt
HTAR: a   instcat_y02_191109/job_log_00466722.txt
HTAR: a   instcat_y02_191109/job_log_00466723.txt
HTAR: a   instcat_y02_191109/job_log_00466736.txt
HTAR: a   instcat_y02_191109/job_log_00466737.txt
HTAR: a   instcat_y02_191109/job_log_00466738.txt
HTAR: a   instcat_y02_191109/job_log_00466740.txt
HTAR: a   instcat_y02_191109/job_log_00466741.txt
HTAR: a   instcat_y02_191109/job_log_00466744.txt
HTAR: a   instcat_y02_191109/job_log_00466745.txt
HTAR: a   instcat_y02_191109/job_log_00466746.txt
HTAR: a   instcat_y02_191109/job_log_00466751.txt
HTAR: a   instcat_y02_191109/job_log_00466752.txt
HTAR: a   instcat_y02_191109/job_log_00466753.txt
HTAR: a   instcat_y02_191109/job_log_00466756.txt
HTAR: a   instcat_y02_191109/job_log_00466758.txt
HTAR: a   instcat_y02_191109/job_log_00466762.txt
HTAR: a   instcat_y02_191109/job_log_00466763.txt
HTAR: a   instcat_y02_191109/job_log_00466765.txt
HTAR: a   instcat_y02_191109/job_log_00466766.txt
HTAR: a   instcat_y02_191109/job_log_00466767.txt
HTAR: a   instcat_y02_191109/job_log_00466769.txt
HTAR: a   instcat_y02_191109/job_log_00466770.txt
HTAR: a   instcat_y02_191109/job_log_00466771.txt
HTAR: a   instcat_y02_191109/job_log_00466781.txt
HTAR: a   instcat_y02_191109/job_log_00466782.txt
HTAR: a   instcat_y02_191109/job_log_00466783.txt
HTAR: a   instcat_y02_191109/job_log_00466785.txt
HTAR: a   instcat_y02_191109/job_log_00466786.txt
HTAR: a   instcat_y02_191109/job_log_00466787.txt
HTAR: a   instcat_y02_191109/job_log_00466788.txt
HTAR: a   instcat_y02_191109/job_log_00466791.txt
HTAR: a   /tmp/HTAR_CF_CHK_16822_1580509932
HTAR Create complete for /home/projects/desc/DC2_ImSim/Run2.2i/instCat/y02_191109/00465991to00466791.tar. 538,436,558,336 bytes written for 244 member files, max threads: 50 Transfer time: 3231.407 seconds (166.626 MB/s) wallclock/user/sys: 3233.460 4088.745 1305.718 seconds
HTAR: HTAR SUCCESSFUL
