HTAR: a   instcat_y02_191109/00263195.tar.gz
HTAR: a   instcat_y02_191109/00263238.tar.gz
HTAR: a   instcat_y02_191109/00263436.tar.gz
HTAR: a   instcat_y02_191109/00263437.tar.gz
HTAR: a   instcat_y02_191109/00263446.tar.gz
HTAR: a   instcat_y02_191109/00263447.tar.gz
HTAR: a   instcat_y02_191109/00263448.tar.gz
HTAR: a   instcat_y02_191109/00263449.tar.gz
HTAR: a   instcat_y02_191109/00263450.tar.gz
HTAR: a   instcat_y02_191109/00263451.tar.gz
HTAR: a   instcat_y02_191109/00263452.tar.gz
HTAR: a   instcat_y02_191109/00263453.tar.gz
HTAR: a   instcat_y02_191109/00263454.tar.gz
HTAR: a   instcat_y02_191109/00263455.tar.gz
HTAR: a   instcat_y02_191109/00263456.tar.gz
HTAR: a   instcat_y02_191109/00263457.tar.gz
HTAR: a   instcat_y02_191109/00263458.tar.gz
HTAR: a   instcat_y02_191109/00263459.tar.gz
HTAR: a   instcat_y02_191109/00263460.tar.gz
HTAR: a   instcat_y02_191109/00263485.tar.gz
HTAR: a   instcat_y02_191109/00263486.tar.gz
HTAR: a   instcat_y02_191109/00263494.tar.gz
HTAR: a   instcat_y02_191109/00263495.tar.gz
HTAR: a   instcat_y02_191109/00263496.tar.gz
HTAR: a   instcat_y02_191109/00263497.tar.gz
HTAR: a   instcat_y02_191109/00263498.tar.gz
HTAR: a   instcat_y02_191109/00263499.tar.gz
HTAR: a   instcat_y02_191109/00263500.tar.gz
HTAR: a   instcat_y02_191109/00263501.tar.gz
HTAR: a   instcat_y02_191109/00263502.tar.gz
HTAR: a   instcat_y02_191109/00263503.tar.gz
HTAR: a   instcat_y02_191109/00263504.tar.gz
HTAR: a   instcat_y02_191109/00263505.tar.gz
HTAR: a   instcat_y02_191109/00263506.tar.gz
HTAR: a   instcat_y02_191109/00263507.tar.gz
HTAR: a   instcat_y02_191109/00263508.tar.gz
HTAR: a   instcat_y02_191109/00263510.tar.gz
HTAR: a   instcat_y02_191109/00263511.tar.gz
HTAR: a   instcat_y02_191109/00263556.tar.gz
HTAR: a   instcat_y02_191109/00263557.tar.gz
HTAR: a   instcat_y02_191109/00263602.tar.gz
HTAR: a   instcat_y02_191109/00263604.tar.gz
HTAR: a   instcat_y02_191109/00263834.tar.gz
HTAR: a   instcat_y02_191109/00263835.tar.gz
HTAR: a   instcat_y02_191109/00263836.tar.gz
HTAR: a   instcat_y02_191109/00263838.tar.gz
HTAR: a   instcat_y02_191109/00263876.tar.gz
HTAR: a   instcat_y02_191109/00263877.tar.gz
HTAR: a   instcat_y02_191109/00263879.tar.gz
HTAR: a   instcat_y02_191109/00263880.tar.gz
HTAR: a   instcat_y02_191109/00263881.tar.gz
HTAR: a   instcat_y02_191109/00263903.tar.gz
HTAR: a   instcat_y02_191109/00264576.tar.gz
HTAR: a   instcat_y02_191109/00264614.tar.gz
HTAR: a   instcat_y02_191109/00264615.tar.gz
HTAR: a   instcat_y02_191109/00265317.tar.gz
HTAR: a   instcat_y02_191109/00265346.tar.gz
HTAR: a   instcat_y02_191109/00266098.tar.gz
HTAR: a   instcat_y02_191109/00266100.tar.gz
HTAR: a   instcat_y02_191109/00266102.tar.gz
HTAR: a   instcat_y02_191109/00266103.tar.gz
HTAR: a   instcat_y02_191109/00266104.tar.gz
HTAR: a   instcat_y02_191109/00266105.tar.gz
HTAR: a   instcat_y02_191109/00266109.tar.gz
HTAR: a   instcat_y02_191109/00266110.tar.gz
HTAR: a   instcat_y02_191109/00266111.tar.gz
HTAR: a   instcat_y02_191109/00266112.tar.gz
HTAR: a   instcat_y02_191109/00266113.tar.gz
HTAR: a   instcat_y02_191109/00266114.tar.gz
HTAR: a   instcat_y02_191109/00266115.tar.gz
HTAR: a   instcat_y02_191109/00266116.tar.gz
HTAR: a   instcat_y02_191109/00266117.tar.gz
HTAR: a   instcat_y02_191109/00266118.tar.gz
HTAR: a   instcat_y02_191109/00266119.tar.gz
HTAR: a   instcat_y02_191109/00266125.tar.gz
HTAR: a   instcat_y02_191109/00266126.tar.gz
HTAR: a   instcat_y02_191109/00266127.tar.gz
HTAR: a   instcat_y02_191109/00266128.tar.gz
HTAR: a   instcat_y02_191109/00266129.tar.gz
HTAR: a   instcat_y02_191109/00266136.tar.gz
HTAR: a   instcat_y02_191109/00266162.tar.gz
HTAR: a   instcat_y02_191109/00266163.tar.gz
HTAR: a   instcat_y02_191109/00266164.tar.gz
HTAR: a   instcat_y02_191109/00266165.tar.gz
HTAR: a   instcat_y02_191109/00266166.tar.gz
HTAR: a   instcat_y02_191109/00266167.tar.gz
HTAR: a   instcat_y02_191109/00266168.tar.gz
HTAR: a   instcat_y02_191109/00266169.tar.gz
HTAR: a   instcat_y02_191109/00266170.tar.gz
HTAR: a   instcat_y02_191109/00266171.tar.gz
HTAR: a   instcat_y02_191109/00266172.tar.gz
HTAR: a   instcat_y02_191109/00266173.tar.gz
HTAR: a   instcat_y02_191109/00266174.tar.gz
HTAR: a   instcat_y02_191109/00266175.tar.gz
HTAR: a   instcat_y02_191109/00266178.tar.gz
HTAR: a   instcat_y02_191109/00267469.tar.gz
HTAR: a   instcat_y02_191109/00267470.tar.gz
HTAR: a   instcat_y02_191109/00267471.tar.gz
HTAR: a   instcat_y02_191109/00267495.tar.gz
HTAR: a   instcat_y02_191109/00267496.tar.gz
HTAR: a   instcat_y02_191109/00267497.tar.gz
HTAR: a   instcat_y02_191109/00267498.tar.gz
HTAR: a   instcat_y02_191109/00267499.tar.gz
HTAR: a   instcat_y02_191109/00267500.tar.gz
HTAR: a   instcat_y02_191109/00267501.tar.gz
HTAR: a   instcat_y02_191109/00267502.tar.gz
HTAR: a   instcat_y02_191109/00267503.tar.gz
HTAR: a   instcat_y02_191109/00267504.tar.gz
HTAR: a   instcat_y02_191109/00267505.tar.gz
HTAR: a   instcat_y02_191109/00267507.tar.gz
HTAR: a   instcat_y02_191109/00267508.tar.gz
HTAR: a   instcat_y02_191109/00267509.tar.gz
HTAR: a   instcat_y02_191109/00267521.tar.gz
HTAR: a   instcat_y02_191109/00267535.tar.gz
HTAR: a   instcat_y02_191109/00267536.tar.gz
HTAR: a   instcat_y02_191109/00267537.tar.gz
HTAR: a   instcat_y02_191109/00267538.tar.gz
HTAR: a   instcat_y02_191109/00267539.tar.gz
HTAR: a   instcat_y02_191109/00267540.tar.gz
HTAR: a   instcat_y02_191109/00267543.tar.gz
HTAR: a   instcat_y02_191109/00268388.tar.gz
HTAR: a   instcat_y02_191109/00268397.tar.gz
HTAR: a   instcat_y02_191109/job_log_00263195.txt
HTAR: a   instcat_y02_191109/job_log_00263238.txt
HTAR: a   instcat_y02_191109/job_log_00263436.txt
HTAR: a   instcat_y02_191109/job_log_00263437.txt
HTAR: a   instcat_y02_191109/job_log_00263446.txt
HTAR: a   instcat_y02_191109/job_log_00263447.txt
HTAR: a   instcat_y02_191109/job_log_00263448.txt
HTAR: a   instcat_y02_191109/job_log_00263449.txt
HTAR: a   instcat_y02_191109/job_log_00263450.txt
HTAR: a   instcat_y02_191109/job_log_00263451.txt
HTAR: a   instcat_y02_191109/job_log_00263452.txt
HTAR: a   instcat_y02_191109/job_log_00263453.txt
HTAR: a   instcat_y02_191109/job_log_00263454.txt
HTAR: a   instcat_y02_191109/job_log_00263455.txt
HTAR: a   instcat_y02_191109/job_log_00263456.txt
HTAR: a   instcat_y02_191109/job_log_00263457.txt
HTAR: a   instcat_y02_191109/job_log_00263458.txt
HTAR: a   instcat_y02_191109/job_log_00263459.txt
HTAR: a   instcat_y02_191109/job_log_00263460.txt
HTAR: a   instcat_y02_191109/job_log_00263485.txt
HTAR: a   instcat_y02_191109/job_log_00263486.txt
HTAR: a   instcat_y02_191109/job_log_00263494.txt
HTAR: a   instcat_y02_191109/job_log_00263495.txt
HTAR: a   instcat_y02_191109/job_log_00263496.txt
HTAR: a   instcat_y02_191109/job_log_00263497.txt
HTAR: a   instcat_y02_191109/job_log_00263498.txt
HTAR: a   instcat_y02_191109/job_log_00263499.txt
HTAR: a   instcat_y02_191109/job_log_00263500.txt
HTAR: a   instcat_y02_191109/job_log_00263501.txt
HTAR: a   instcat_y02_191109/job_log_00263502.txt
HTAR: a   instcat_y02_191109/job_log_00263503.txt
HTAR: a   instcat_y02_191109/job_log_00263504.txt
HTAR: a   instcat_y02_191109/job_log_00263505.txt
HTAR: a   instcat_y02_191109/job_log_00263506.txt
HTAR: a   instcat_y02_191109/job_log_00263507.txt
HTAR: a   instcat_y02_191109/job_log_00263508.txt
HTAR: a   instcat_y02_191109/job_log_00263510.txt
HTAR: a   instcat_y02_191109/job_log_00263511.txt
HTAR: a   instcat_y02_191109/job_log_00263556.txt
HTAR: a   instcat_y02_191109/job_log_00263557.txt
HTAR: a   instcat_y02_191109/job_log_00263602.txt
HTAR: a   instcat_y02_191109/job_log_00263604.txt
HTAR: a   instcat_y02_191109/job_log_00263834.txt
HTAR: a   instcat_y02_191109/job_log_00263835.txt
HTAR: a   instcat_y02_191109/job_log_00263836.txt
HTAR: a   instcat_y02_191109/job_log_00263838.txt
HTAR: a   instcat_y02_191109/job_log_00263876.txt
HTAR: a   instcat_y02_191109/job_log_00263877.txt
HTAR: a   instcat_y02_191109/job_log_00263879.txt
HTAR: a   instcat_y02_191109/job_log_00263880.txt
HTAR: a   instcat_y02_191109/job_log_00263881.txt
HTAR: a   instcat_y02_191109/job_log_00263903.txt
HTAR: a   instcat_y02_191109/job_log_00264576.txt
HTAR: a   instcat_y02_191109/job_log_00264614.txt
HTAR: a   instcat_y02_191109/job_log_00264615.txt
HTAR: a   instcat_y02_191109/job_log_00265317.txt
HTAR: a   instcat_y02_191109/job_log_00265346.txt
HTAR: a   instcat_y02_191109/job_log_00266098.txt
HTAR: a   instcat_y02_191109/job_log_00266100.txt
HTAR: a   instcat_y02_191109/job_log_00266102.txt
HTAR: a   instcat_y02_191109/job_log_00266103.txt
HTAR: a   instcat_y02_191109/job_log_00266104.txt
HTAR: a   instcat_y02_191109/job_log_00266105.txt
HTAR: a   instcat_y02_191109/job_log_00266109.txt
HTAR: a   instcat_y02_191109/job_log_00266110.txt
HTAR: a   instcat_y02_191109/job_log_00266111.txt
HTAR: a   instcat_y02_191109/job_log_00266112.txt
HTAR: a   instcat_y02_191109/job_log_00266113.txt
HTAR: a   instcat_y02_191109/job_log_00266114.txt
HTAR: a   instcat_y02_191109/job_log_00266115.txt
HTAR: a   instcat_y02_191109/job_log_00266116.txt
HTAR: a   instcat_y02_191109/job_log_00266117.txt
HTAR: a   instcat_y02_191109/job_log_00266118.txt
HTAR: a   instcat_y02_191109/job_log_00266119.txt
HTAR: a   instcat_y02_191109/job_log_00266125.txt
HTAR: a   instcat_y02_191109/job_log_00266126.txt
HTAR: a   instcat_y02_191109/job_log_00266127.txt
HTAR: a   instcat_y02_191109/job_log_00266128.txt
HTAR: a   instcat_y02_191109/job_log_00266129.txt
HTAR: a   instcat_y02_191109/job_log_00266136.txt
HTAR: a   instcat_y02_191109/job_log_00266162.txt
HTAR: a   instcat_y02_191109/job_log_00266163.txt
HTAR: a   instcat_y02_191109/job_log_00266164.txt
HTAR: a   instcat_y02_191109/job_log_00266165.txt
HTAR: a   instcat_y02_191109/job_log_00266166.txt
HTAR: a   instcat_y02_191109/job_log_00266167.txt
HTAR: a   instcat_y02_191109/job_log_00266168.txt
HTAR: a   instcat_y02_191109/job_log_00266169.txt
HTAR: a   instcat_y02_191109/job_log_00266170.txt
HTAR: a   instcat_y02_191109/job_log_00266171.txt
HTAR: a   instcat_y02_191109/job_log_00266172.txt
HTAR: a   instcat_y02_191109/job_log_00266173.txt
HTAR: a   instcat_y02_191109/job_log_00266174.txt
HTAR: a   instcat_y02_191109/job_log_00266175.txt
HTAR: a   instcat_y02_191109/job_log_00266178.txt
HTAR: a   instcat_y02_191109/job_log_00267469.txt
HTAR: a   instcat_y02_191109/job_log_00267470.txt
HTAR: a   instcat_y02_191109/job_log_00267471.txt
HTAR: a   instcat_y02_191109/job_log_00267495.txt
HTAR: a   instcat_y02_191109/job_log_00267496.txt
HTAR: a   instcat_y02_191109/job_log_00267497.txt
HTAR: a   instcat_y02_191109/job_log_00267498.txt
HTAR: a   instcat_y02_191109/job_log_00267499.txt
HTAR: a   instcat_y02_191109/job_log_00267500.txt
HTAR: a   instcat_y02_191109/job_log_00267501.txt
HTAR: a   instcat_y02_191109/job_log_00267502.txt
HTAR: a   instcat_y02_191109/job_log_00267503.txt
HTAR: a   instcat_y02_191109/job_log_00267504.txt
HTAR: a   instcat_y02_191109/job_log_00267505.txt
HTAR: a   instcat_y02_191109/job_log_00267507.txt
HTAR: a   instcat_y02_191109/job_log_00267508.txt
HTAR: a   instcat_y02_191109/job_log_00267509.txt
HTAR: a   instcat_y02_191109/job_log_00267521.txt
HTAR: a   instcat_y02_191109/job_log_00267535.txt
HTAR: a   instcat_y02_191109/job_log_00267536.txt
HTAR: a   instcat_y02_191109/job_log_00267537.txt
HTAR: a   instcat_y02_191109/job_log_00267538.txt
HTAR: a   instcat_y02_191109/job_log_00267539.txt
HTAR: a   instcat_y02_191109/job_log_00267540.txt
HTAR: a   instcat_y02_191109/job_log_00267543.txt
HTAR: a   instcat_y02_191109/job_log_00268388.txt
HTAR: a   instcat_y02_191109/job_log_00268397.txt
HTAR: a   /tmp/HTAR_CF_CHK_14783_1580490060
HTAR Create complete for /home/projects/desc/DC2_ImSim/Run2.2i/instCat/y02_191109/00263195to00268397.tar. 549,028,708,864 bytes written for 244 member files, max threads: 50 Transfer time: 3412.270 seconds (160.898 MB/s) wallclock/user/sys: 3413.655 4367.003 1252.501 seconds
HTAR: HTAR SUCCESSFUL
HTAR: a   instcat_y02_191109/00268398.tar.gz
HTAR: a   instcat_y02_191109/00268405.tar.gz
HTAR: a   instcat_y02_191109/00268406.tar.gz
HTAR: a   instcat_y02_191109/00268407.tar.gz
HTAR: a   instcat_y02_191109/00268408.tar.gz
HTAR: a   instcat_y02_191109/00268409.tar.gz
HTAR: a   instcat_y02_191109/00268410.tar.gz
HTAR: a   instcat_y02_191109/00268415.tar.gz
HTAR: a   instcat_y02_191109/00268416.tar.gz
HTAR: a   instcat_y02_191109/00268417.tar.gz
HTAR: a   instcat_y02_191109/00268418.tar.gz
HTAR: a   instcat_y02_191109/00268419.tar.gz
HTAR: a   instcat_y02_191109/00268420.tar.gz
HTAR: a   instcat_y02_191109/00268421.tar.gz
HTAR: a   instcat_y02_191109/00268431.tar.gz
HTAR: a   instcat_y02_191109/00268432.tar.gz
HTAR: a   instcat_y02_191109/00268433.tar.gz
HTAR: a   instcat_y02_191109/00268438.tar.gz
HTAR: a   instcat_y02_191109/00268895.tar.gz
HTAR: a   instcat_y02_191109/00268968.tar.gz
HTAR: a   instcat_y02_191109/00268976.tar.gz
HTAR: a   instcat_y02_191109/00268985.tar.gz
HTAR: a   instcat_y02_191109/00268987.tar.gz
HTAR: a   instcat_y02_191109/00268991.tar.gz
HTAR: a   instcat_y02_191109/00268992.tar.gz
HTAR: a   instcat_y02_191109/00268993.tar.gz
HTAR: a   instcat_y02_191109/00269030.tar.gz
HTAR: a   instcat_y02_191109/00269086.tar.gz
HTAR: a   instcat_y02_191109/00269087.tar.gz
HTAR: a   instcat_y02_191109/00269088.tar.gz
HTAR: a   instcat_y02_191109/00269089.tar.gz
HTAR: a   instcat_y02_191109/00269090.tar.gz
HTAR: a   instcat_y02_191109/00269117.tar.gz
HTAR: a   instcat_y02_191109/00269122.tar.gz
HTAR: a   instcat_y02_191109/00269123.tar.gz
HTAR: a   instcat_y02_191109/00269132.tar.gz
HTAR: a   instcat_y02_191109/00269133.tar.gz
HTAR: a   instcat_y02_191109/00269134.tar.gz
HTAR: a   instcat_y02_191109/00271093.tar.gz
HTAR: a   instcat_y02_191109/00271288.tar.gz
HTAR: a   instcat_y02_191109/00271290.tar.gz
HTAR: a   instcat_y02_191109/00271291.tar.gz
HTAR: a   instcat_y02_191109/00271292.tar.gz
HTAR: a   instcat_y02_191109/00271293.tar.gz
HTAR: a   instcat_y02_191109/00271294.tar.gz
HTAR: a   instcat_y02_191109/00271295.tar.gz
HTAR: a   instcat_y02_191109/00271296.tar.gz
HTAR: a   instcat_y02_191109/00271297.tar.gz
HTAR: a   instcat_y02_191109/00271298.tar.gz
HTAR: a   instcat_y02_191109/00271299.tar.gz
HTAR: a   instcat_y02_191109/00271300.tar.gz
HTAR: a   instcat_y02_191109/00271301.tar.gz
HTAR: a   instcat_y02_191109/00271302.tar.gz
HTAR: a   instcat_y02_191109/00271303.tar.gz
HTAR: a   instcat_y02_191109/00271318.tar.gz
HTAR: a   instcat_y02_191109/00271319.tar.gz
HTAR: a   instcat_y02_191109/00271320.tar.gz
HTAR: a   instcat_y02_191109/00271321.tar.gz
HTAR: a   instcat_y02_191109/00271322.tar.gz
HTAR: a   instcat_y02_191109/00271323.tar.gz
HTAR: a   instcat_y02_191109/00271326.tar.gz
HTAR: a   instcat_y02_191109/00271327.tar.gz
HTAR: a   instcat_y02_191109/00271328.tar.gz
HTAR: a   instcat_y02_191109/00271329.tar.gz
HTAR: a   instcat_y02_191109/00271331.tar.gz
HTAR: a   instcat_y02_191109/00271332.tar.gz
HTAR: a   instcat_y02_191109/00271333.tar.gz
HTAR: a   instcat_y02_191109/00271334.tar.gz
HTAR: a   instcat_y02_191109/00271335.tar.gz
HTAR: a   instcat_y02_191109/00271336.tar.gz
HTAR: a   instcat_y02_191109/00271337.tar.gz
HTAR: a   instcat_y02_191109/00271338.tar.gz
HTAR: a   instcat_y02_191109/00271358.tar.gz
HTAR: a   instcat_y02_191109/00271789.tar.gz
HTAR: a   instcat_y02_191109/00271827.tar.gz
HTAR: a   instcat_y02_191109/00271830.tar.gz
HTAR: a   instcat_y02_191109/00271831.tar.gz
HTAR: a   instcat_y02_191109/00271832.tar.gz
HTAR: a   instcat_y02_191109/00271833.tar.gz
HTAR: a   instcat_y02_191109/00271834.tar.gz
HTAR: a   instcat_y02_191109/00271871.tar.gz
HTAR: a   instcat_y02_191109/00271872.tar.gz
HTAR: a   instcat_y02_191109/00271873.tar.gz
HTAR: a   instcat_y02_191109/00271892.tar.gz
HTAR: a   instcat_y02_191109/00271893.tar.gz
HTAR: a   instcat_y02_191109/00271910.tar.gz
HTAR: a   instcat_y02_191109/00271911.tar.gz
HTAR: a   instcat_y02_191109/00271912.tar.gz
HTAR: a   instcat_y02_191109/00271913.tar.gz
HTAR: a   instcat_y02_191109/00271914.tar.gz
HTAR: a   instcat_y02_191109/00271916.tar.gz
HTAR: a   instcat_y02_191109/00271917.tar.gz
HTAR: a   instcat_y02_191109/00271918.tar.gz
HTAR: a   instcat_y02_191109/00271920.tar.gz
HTAR: a   instcat_y02_191109/00271948.tar.gz
HTAR: a   instcat_y02_191109/00271949.tar.gz
HTAR: a   instcat_y02_191109/00271950.tar.gz
HTAR: a   instcat_y02_191109/00271951.tar.gz
HTAR: a   instcat_y02_191109/00271954.tar.gz
HTAR: a   instcat_y02_191109/00271968.tar.gz
HTAR: a   instcat_y02_191109/00273223.tar.gz
HTAR: a   instcat_y02_191109/00273228.tar.gz
HTAR: a   instcat_y02_191109/00273236.tar.gz
HTAR: a   instcat_y02_191109/00273260.tar.gz
HTAR: a   instcat_y02_191109/00273261.tar.gz
HTAR: a   instcat_y02_191109/00273262.tar.gz
HTAR: a   instcat_y02_191109/00273263.tar.gz
HTAR: a   instcat_y02_191109/00273264.tar.gz
HTAR: a   instcat_y02_191109/00273265.tar.gz
HTAR: a   instcat_y02_191109/00273266.tar.gz
HTAR: a   instcat_y02_191109/00274852.tar.gz
HTAR: a   instcat_y02_191109/00274853.tar.gz
HTAR: a   instcat_y02_191109/00274854.tar.gz
HTAR: a   instcat_y02_191109/00274855.tar.gz
HTAR: a   instcat_y02_191109/00274856.tar.gz
HTAR: a   instcat_y02_191109/00274897.tar.gz
HTAR: a   instcat_y02_191109/00274898.tar.gz
HTAR: a   instcat_y02_191109/00274899.tar.gz
HTAR: a   instcat_y02_191109/00274900.tar.gz
HTAR: a   instcat_y02_191109/00274901.tar.gz
HTAR: a   instcat_y02_191109/00276356.tar.gz
HTAR: a   instcat_y02_191109/00276357.tar.gz
HTAR: a   instcat_y02_191109/job_log_00268398.txt
HTAR: a   instcat_y02_191109/job_log_00268405.txt
HTAR: a   instcat_y02_191109/job_log_00268406.txt
HTAR: a   instcat_y02_191109/job_log_00268407.txt
HTAR: a   instcat_y02_191109/job_log_00268408.txt
HTAR: a   instcat_y02_191109/job_log_00268409.txt
HTAR: a   instcat_y02_191109/job_log_00268410.txt
HTAR: a   instcat_y02_191109/job_log_00268415.txt
HTAR: a   instcat_y02_191109/job_log_00268416.txt
HTAR: a   instcat_y02_191109/job_log_00268417.txt
HTAR: a   instcat_y02_191109/job_log_00268418.txt
HTAR: a   instcat_y02_191109/job_log_00268419.txt
HTAR: a   instcat_y02_191109/job_log_00268420.txt
HTAR: a   instcat_y02_191109/job_log_00268421.txt
HTAR: a   instcat_y02_191109/job_log_00268431.txt
HTAR: a   instcat_y02_191109/job_log_00268432.txt
HTAR: a   instcat_y02_191109/job_log_00268433.txt
HTAR: a   instcat_y02_191109/job_log_00268438.txt
HTAR: a   instcat_y02_191109/job_log_00268895.txt
HTAR: a   instcat_y02_191109/job_log_00268968.txt
HTAR: a   instcat_y02_191109/job_log_00268976.txt
HTAR: a   instcat_y02_191109/job_log_00268985.txt
HTAR: a   instcat_y02_191109/job_log_00268987.txt
HTAR: a   instcat_y02_191109/job_log_00268991.txt
HTAR: a   instcat_y02_191109/job_log_00268992.txt
HTAR: a   instcat_y02_191109/job_log_00268993.txt
HTAR: a   instcat_y02_191109/job_log_00269030.txt
HTAR: a   instcat_y02_191109/job_log_00269086.txt
HTAR: a   instcat_y02_191109/job_log_00269087.txt
HTAR: a   instcat_y02_191109/job_log_00269088.txt
HTAR: a   instcat_y02_191109/job_log_00269089.txt
HTAR: a   instcat_y02_191109/job_log_00269090.txt
HTAR: a   instcat_y02_191109/job_log_00269117.txt
HTAR: a   instcat_y02_191109/job_log_00269122.txt
HTAR: a   instcat_y02_191109/job_log_00269123.txt
HTAR: a   instcat_y02_191109/job_log_00269132.txt
HTAR: a   instcat_y02_191109/job_log_00269133.txt
HTAR: a   instcat_y02_191109/job_log_00269134.txt
HTAR: a   instcat_y02_191109/job_log_00271093.txt
HTAR: a   instcat_y02_191109/job_log_00271288.txt
HTAR: a   instcat_y02_191109/job_log_00271290.txt
HTAR: a   instcat_y02_191109/job_log_00271291.txt
HTAR: a   instcat_y02_191109/job_log_00271292.txt
HTAR: a   instcat_y02_191109/job_log_00271293.txt
HTAR: a   instcat_y02_191109/job_log_00271294.txt
HTAR: a   instcat_y02_191109/job_log_00271295.txt
HTAR: a   instcat_y02_191109/job_log_00271296.txt
HTAR: a   instcat_y02_191109/job_log_00271297.txt
HTAR: a   instcat_y02_191109/job_log_00271298.txt
HTAR: a   instcat_y02_191109/job_log_00271299.txt
HTAR: a   instcat_y02_191109/job_log_00271300.txt
HTAR: a   instcat_y02_191109/job_log_00271301.txt
HTAR: a   instcat_y02_191109/job_log_00271302.txt
HTAR: a   instcat_y02_191109/job_log_00271303.txt
HTAR: a   instcat_y02_191109/job_log_00271318.txt
HTAR: a   instcat_y02_191109/job_log_00271319.txt
HTAR: a   instcat_y02_191109/job_log_00271320.txt
HTAR: a   instcat_y02_191109/job_log_00271321.txt
HTAR: a   instcat_y02_191109/job_log_00271322.txt
HTAR: a   instcat_y02_191109/job_log_00271323.txt
HTAR: a   instcat_y02_191109/job_log_00271326.txt
HTAR: a   instcat_y02_191109/job_log_00271327.txt
HTAR: a   instcat_y02_191109/job_log_00271328.txt
HTAR: a   instcat_y02_191109/job_log_00271329.txt
HTAR: a   instcat_y02_191109/job_log_00271331.txt
HTAR: a   instcat_y02_191109/job_log_00271332.txt
HTAR: a   instcat_y02_191109/job_log_00271333.txt
HTAR: a   instcat_y02_191109/job_log_00271334.txt
HTAR: a   instcat_y02_191109/job_log_00271335.txt
HTAR: a   instcat_y02_191109/job_log_00271336.txt
HTAR: a   instcat_y02_191109/job_log_00271337.txt
HTAR: a   instcat_y02_191109/job_log_00271338.txt
HTAR: a   instcat_y02_191109/job_log_00271358.txt
HTAR: a   instcat_y02_191109/job_log_00271789.txt
HTAR: a   instcat_y02_191109/job_log_00271827.txt
HTAR: a   instcat_y02_191109/job_log_00271830.txt
HTAR: a   instcat_y02_191109/job_log_00271831.txt
HTAR: a   instcat_y02_191109/job_log_00271832.txt
HTAR: a   instcat_y02_191109/job_log_00271833.txt
HTAR: a   instcat_y02_191109/job_log_00271834.txt
HTAR: a   instcat_y02_191109/job_log_00271871.txt
HTAR: a   instcat_y02_191109/job_log_00271872.txt
HTAR: a   instcat_y02_191109/job_log_00271873.txt
HTAR: a   instcat_y02_191109/job_log_00271892.txt
HTAR: a   instcat_y02_191109/job_log_00271893.txt
HTAR: a   instcat_y02_191109/job_log_00271910.txt
HTAR: a   instcat_y02_191109/job_log_00271911.txt
HTAR: a   instcat_y02_191109/job_log_00271912.txt
HTAR: a   instcat_y02_191109/job_log_00271913.txt
HTAR: a   instcat_y02_191109/job_log_00271914.txt
HTAR: a   instcat_y02_191109/job_log_00271916.txt
HTAR: a   instcat_y02_191109/job_log_00271917.txt
HTAR: a   instcat_y02_191109/job_log_00271918.txt
HTAR: a   instcat_y02_191109/job_log_00271920.txt
HTAR: a   instcat_y02_191109/job_log_00271948.txt
HTAR: a   instcat_y02_191109/job_log_00271949.txt
HTAR: a   instcat_y02_191109/job_log_00271950.txt
HTAR: a   instcat_y02_191109/job_log_00271951.txt
HTAR: a   instcat_y02_191109/job_log_00271954.txt
HTAR: a   instcat_y02_191109/job_log_00271968.txt
HTAR: a   instcat_y02_191109/job_log_00273223.txt
HTAR: a   instcat_y02_191109/job_log_00273228.txt
HTAR: a   instcat_y02_191109/job_log_00273236.txt
HTAR: a   instcat_y02_191109/job_log_00273260.txt
HTAR: a   instcat_y02_191109/job_log_00273261.txt
HTAR: a   instcat_y02_191109/job_log_00273262.txt
HTAR: a   instcat_y02_191109/job_log_00273263.txt
HTAR: a   instcat_y02_191109/job_log_00273264.txt
HTAR: a   instcat_y02_191109/job_log_00273265.txt
HTAR: a   instcat_y02_191109/job_log_00273266.txt
HTAR: a   instcat_y02_191109/job_log_00274852.txt
HTAR: a   instcat_y02_191109/job_log_00274853.txt
HTAR: a   instcat_y02_191109/job_log_00274854.txt
HTAR: a   instcat_y02_191109/job_log_00274855.txt
HTAR: a   instcat_y02_191109/job_log_00274856.txt
HTAR: a   instcat_y02_191109/job_log_00274897.txt
HTAR: a   instcat_y02_191109/job_log_00274898.txt
HTAR: a   instcat_y02_191109/job_log_00274899.txt
HTAR: a   instcat_y02_191109/job_log_00274900.txt
HTAR: a   instcat_y02_191109/job_log_00274901.txt
HTAR: a   instcat_y02_191109/job_log_00276356.txt
HTAR: a   instcat_y02_191109/job_log_00276357.txt
HTAR: a   /tmp/HTAR_CF_CHK_29284_1580493479
HTAR Create complete for /home/projects/desc/DC2_ImSim/Run2.2i/instCat/y02_191109/00268398to00276357.tar. 520,239,095,808 bytes written for 244 member files, max threads: 50 Transfer time: 2964.498 seconds (175.490 MB/s) wallclock/user/sys: 2969.075 3837.095 1062.962 seconds
HTAR: HTAR SUCCESSFUL
HTAR: a   instcat_y02_191109/00276385.tar.gz
HTAR: a   instcat_y02_191109/00276386.tar.gz
HTAR: a   instcat_y02_191109/00277051.tar.gz
HTAR: a   instcat_y02_191109/00277059.tar.gz
HTAR: a   instcat_y02_191109/00277060.tar.gz
HTAR: a   instcat_y02_191109/00277061.tar.gz
HTAR: a   instcat_y02_191109/00277062.tar.gz
HTAR: a   instcat_y02_191109/00277063.tar.gz
HTAR: a   instcat_y02_191109/00277064.tar.gz
HTAR: a   instcat_y02_191109/00277065.tar.gz
HTAR: a   instcat_y02_191109/00277066.tar.gz
HTAR: a   instcat_y02_191109/00277067.tar.gz
HTAR: a   instcat_y02_191109/00277068.tar.gz
HTAR: a   instcat_y02_191109/00277070.tar.gz
HTAR: a   instcat_y02_191109/00277085.tar.gz
HTAR: a   instcat_y02_191109/00277091.tar.gz
HTAR: a   instcat_y02_191109/00277092.tar.gz
HTAR: a   instcat_y02_191109/00277093.tar.gz
HTAR: a   instcat_y02_191109/00277094.tar.gz
HTAR: a   instcat_y02_191109/00277095.tar.gz
HTAR: a   instcat_y02_191109/00277096.tar.gz
HTAR: a   instcat_y02_191109/00277097.tar.gz
HTAR: a   instcat_y02_191109/00277098.tar.gz
HTAR: a   instcat_y02_191109/00277099.tar.gz
HTAR: a   instcat_y02_191109/00277107.tar.gz
HTAR: a   instcat_y02_191109/00277108.tar.gz
HTAR: a   instcat_y02_191109/00277111.tar.gz
HTAR: a   instcat_y02_191109/00277112.tar.gz
HTAR: a   instcat_y02_191109/00277113.tar.gz
HTAR: a   instcat_y02_191109/00277114.tar.gz
HTAR: a   instcat_y02_191109/00277116.tar.gz
HTAR: a   instcat_y02_191109/00280000.tar.gz
HTAR: a   instcat_y02_191109/00280001.tar.gz
HTAR: a   instcat_y02_191109/00280013.tar.gz
HTAR: a   instcat_y02_191109/00280213.tar.gz
HTAR: a   instcat_y02_191109/00280214.tar.gz
HTAR: a   instcat_y02_191109/00280215.tar.gz
HTAR: a   instcat_y02_191109/00280216.tar.gz
HTAR: a   instcat_y02_191109/00280217.tar.gz
HTAR: a   instcat_y02_191109/00280218.tar.gz
HTAR: a   instcat_y02_191109/00280219.tar.gz
HTAR: a   instcat_y02_191109/00280220.tar.gz
HTAR: a   instcat_y02_191109/00280221.tar.gz
HTAR: a   instcat_y02_191109/00280222.tar.gz
HTAR: a   instcat_y02_191109/00280223.tar.gz
HTAR: a   instcat_y02_191109/00280224.tar.gz
HTAR: a   instcat_y02_191109/00280225.tar.gz
HTAR: a   instcat_y02_191109/00280226.tar.gz
HTAR: a   instcat_y02_191109/00280229.tar.gz
HTAR: a   instcat_y02_191109/00280230.tar.gz
HTAR: a   instcat_y02_191109/00280231.tar.gz
HTAR: a   instcat_y02_191109/00280234.tar.gz
HTAR: a   instcat_y02_191109/00280236.tar.gz
HTAR: a   instcat_y02_191109/00280237.tar.gz
HTAR: a   instcat_y02_191109/00280238.tar.gz
HTAR: a   instcat_y02_191109/00280239.tar.gz
HTAR: a   instcat_y02_191109/00280265.tar.gz
HTAR: a   instcat_y02_191109/00280266.tar.gz
HTAR: a   instcat_y02_191109/00280267.tar.gz
HTAR: a   instcat_y02_191109/00280268.tar.gz
HTAR: a   instcat_y02_191109/00280269.tar.gz
HTAR: a   instcat_y02_191109/00280270.tar.gz
HTAR: a   instcat_y02_191109/00280271.tar.gz
HTAR: a   instcat_y02_191109/00280272.tar.gz
HTAR: a   instcat_y02_191109/00280274.tar.gz
HTAR: a   instcat_y02_191109/00280275.tar.gz
HTAR: a   instcat_y02_191109/00280279.tar.gz
HTAR: a   instcat_y02_191109/00280280.tar.gz
HTAR: a   instcat_y02_191109/00280281.tar.gz
HTAR: a   instcat_y02_191109/00280326.tar.gz
HTAR: a   instcat_y02_191109/00280793.tar.gz
HTAR: a   instcat_y02_191109/00280794.tar.gz
HTAR: a   instcat_y02_191109/00282333.tar.gz
HTAR: a   instcat_y02_191109/00282334.tar.gz
HTAR: a   instcat_y02_191109/00282337.tar.gz
HTAR: a   instcat_y02_191109/00282352.tar.gz
HTAR: a   instcat_y02_191109/00282353.tar.gz
HTAR: a   instcat_y02_191109/00282354.tar.gz
HTAR: a   instcat_y02_191109/00282355.tar.gz
HTAR: a   instcat_y02_191109/00282356.tar.gz
HTAR: a   instcat_y02_191109/00282357.tar.gz
HTAR: a   instcat_y02_191109/00282358.tar.gz
HTAR: a   instcat_y02_191109/00282359.tar.gz
HTAR: a   instcat_y02_191109/00282361.tar.gz
HTAR: a   instcat_y02_191109/00282362.tar.gz
HTAR: a   instcat_y02_191109/00282363.tar.gz
HTAR: a   instcat_y02_191109/00282364.tar.gz
HTAR: a   instcat_y02_191109/00282365.tar.gz
HTAR: a   instcat_y02_191109/00282395.tar.gz
HTAR: a   instcat_y02_191109/00282396.tar.gz
HTAR: a   instcat_y02_191109/00282397.tar.gz
HTAR: a   instcat_y02_191109/00282398.tar.gz
HTAR: a   instcat_y02_191109/00282399.tar.gz
HTAR: a   instcat_y02_191109/00282400.tar.gz
HTAR: a   instcat_y02_191109/00282401.tar.gz
HTAR: a   instcat_y02_191109/00282405.tar.gz
HTAR: a   instcat_y02_191109/00282428.tar.gz
HTAR: a   instcat_y02_191109/00282429.tar.gz
HTAR: a   instcat_y02_191109/00282430.tar.gz
HTAR: a   instcat_y02_191109/00282431.tar.gz
HTAR: a   instcat_y02_191109/00282439.tar.gz
HTAR: a   instcat_y02_191109/00282440.tar.gz
HTAR: a   instcat_y02_191109/00282443.tar.gz
HTAR: a   instcat_y02_191109/00282444.tar.gz
HTAR: a   instcat_y02_191109/00282445.tar.gz
HTAR: a   instcat_y02_191109/00282446.tar.gz
HTAR: a   instcat_y02_191109/00282447.tar.gz
HTAR: a   instcat_y02_191109/00282448.tar.gz
HTAR: a   instcat_y02_191109/00282449.tar.gz
HTAR: a   instcat_y02_191109/00282450.tar.gz
HTAR: a   instcat_y02_191109/00282451.tar.gz
HTAR: a   instcat_y02_191109/00282452.tar.gz
HTAR: a   instcat_y02_191109/00282453.tar.gz
HTAR: a   instcat_y02_191109/00282454.tar.gz
HTAR: a   instcat_y02_191109/00283140.tar.gz
HTAR: a   instcat_y02_191109/00283141.tar.gz
HTAR: a   instcat_y02_191109/00283142.tar.gz
HTAR: a   instcat_y02_191109/00283143.tar.gz
HTAR: a   instcat_y02_191109/00284041.tar.gz
HTAR: a   instcat_y02_191109/00284042.tar.gz
HTAR: a   instcat_y02_191109/00284044.tar.gz
HTAR: a   instcat_y02_191109/00284045.tar.gz
HTAR: a   instcat_y02_191109/job_log_00276385.txt
HTAR: a   instcat_y02_191109/job_log_00276386.txt
HTAR: a   instcat_y02_191109/job_log_00277051.txt
HTAR: a   instcat_y02_191109/job_log_00277059.txt
HTAR: a   instcat_y02_191109/job_log_00277060.txt
HTAR: a   instcat_y02_191109/job_log_00277061.txt
HTAR: a   instcat_y02_191109/job_log_00277062.txt
HTAR: a   instcat_y02_191109/job_log_00277063.txt
HTAR: a   instcat_y02_191109/job_log_00277064.txt
HTAR: a   instcat_y02_191109/job_log_00277065.txt
HTAR: a   instcat_y02_191109/job_log_00277066.txt
HTAR: a   instcat_y02_191109/job_log_00277067.txt
HTAR: a   instcat_y02_191109/job_log_00277068.txt
HTAR: a   instcat_y02_191109/job_log_00277070.txt
HTAR: a   instcat_y02_191109/job_log_00277085.txt
HTAR: a   instcat_y02_191109/job_log_00277091.txt
HTAR: a   instcat_y02_191109/job_log_00277092.txt
HTAR: a   instcat_y02_191109/job_log_00277093.txt
HTAR: a   instcat_y02_191109/job_log_00277094.txt
HTAR: a   instcat_y02_191109/job_log_00277095.txt
HTAR: a   instcat_y02_191109/job_log_00277096.txt
HTAR: a   instcat_y02_191109/job_log_00277097.txt
HTAR: a   instcat_y02_191109/job_log_00277098.txt
HTAR: a   instcat_y02_191109/job_log_00277099.txt
HTAR: a   instcat_y02_191109/job_log_00277107.txt
HTAR: a   instcat_y02_191109/job_log_00277108.txt
HTAR: a   instcat_y02_191109/job_log_00277111.txt
HTAR: a   instcat_y02_191109/job_log_00277112.txt
HTAR: a   instcat_y02_191109/job_log_00277113.txt
HTAR: a   instcat_y02_191109/job_log_00277114.txt
HTAR: a   instcat_y02_191109/job_log_00277116.txt
HTAR: a   instcat_y02_191109/job_log_00280000.txt
HTAR: a   instcat_y02_191109/job_log_00280001.txt
HTAR: a   instcat_y02_191109/job_log_00280013.txt
HTAR: a   instcat_y02_191109/job_log_00280213.txt
HTAR: a   instcat_y02_191109/job_log_00280214.txt
HTAR: a   instcat_y02_191109/job_log_00280215.txt
HTAR: a   instcat_y02_191109/job_log_00280216.txt
HTAR: a   instcat_y02_191109/job_log_00280217.txt
HTAR: a   instcat_y02_191109/job_log_00280218.txt
HTAR: a   instcat_y02_191109/job_log_00280219.txt
HTAR: a   instcat_y02_191109/job_log_00280220.txt
HTAR: a   instcat_y02_191109/job_log_00280221.txt
HTAR: a   instcat_y02_191109/job_log_00280222.txt
HTAR: a   instcat_y02_191109/job_log_00280223.txt
HTAR: a   instcat_y02_191109/job_log_00280224.txt
HTAR: a   instcat_y02_191109/job_log_00280225.txt
HTAR: a   instcat_y02_191109/job_log_00280226.txt
HTAR: a   instcat_y02_191109/job_log_00280229.txt
HTAR: a   instcat_y02_191109/job_log_00280230.txt
HTAR: a   instcat_y02_191109/job_log_00280231.txt
HTAR: a   instcat_y02_191109/job_log_00280234.txt
HTAR: a   instcat_y02_191109/job_log_00280236.txt
HTAR: a   instcat_y02_191109/job_log_00280237.txt
HTAR: a   instcat_y02_191109/job_log_00280238.txt
HTAR: a   instcat_y02_191109/job_log_00280239.txt
HTAR: a   instcat_y02_191109/job_log_00280265.txt
HTAR: a   instcat_y02_191109/job_log_00280266.txt
HTAR: a   instcat_y02_191109/job_log_00280267.txt
HTAR: a   instcat_y02_191109/job_log_00280268.txt
HTAR: a   instcat_y02_191109/job_log_00280269.txt
HTAR: a   instcat_y02_191109/job_log_00280270.txt
HTAR: a   instcat_y02_191109/job_log_00280271.txt
HTAR: a   instcat_y02_191109/job_log_00280272.txt
HTAR: a   instcat_y02_191109/job_log_00280274.txt
HTAR: a   instcat_y02_191109/job_log_00280275.txt
HTAR: a   instcat_y02_191109/job_log_00280279.txt
HTAR: a   instcat_y02_191109/job_log_00280280.txt
HTAR: a   instcat_y02_191109/job_log_00280281.txt
HTAR: a   instcat_y02_191109/job_log_00280326.txt
HTAR: a   instcat_y02_191109/job_log_00280793.txt
HTAR: a   instcat_y02_191109/job_log_00280794.txt
HTAR: a   instcat_y02_191109/job_log_00282333.txt
HTAR: a   instcat_y02_191109/job_log_00282334.txt
HTAR: a   instcat_y02_191109/job_log_00282337.txt
HTAR: a   instcat_y02_191109/job_log_00282352.txt
HTAR: a   instcat_y02_191109/job_log_00282353.txt
HTAR: a   instcat_y02_191109/job_log_00282354.txt
HTAR: a   instcat_y02_191109/job_log_00282355.txt
HTAR: a   instcat_y02_191109/job_log_00282356.txt
HTAR: a   instcat_y02_191109/job_log_00282357.txt
HTAR: a   instcat_y02_191109/job_log_00282358.txt
HTAR: a   instcat_y02_191109/job_log_00282359.txt
HTAR: a   instcat_y02_191109/job_log_00282361.txt
HTAR: a   instcat_y02_191109/job_log_00282362.txt
HTAR: a   instcat_y02_191109/job_log_00282363.txt
HTAR: a   instcat_y02_191109/job_log_00282364.txt
HTAR: a   instcat_y02_191109/job_log_00282365.txt
HTAR: a   instcat_y02_191109/job_log_00282395.txt
HTAR: a   instcat_y02_191109/job_log_00282396.txt
HTAR: a   instcat_y02_191109/job_log_00282397.txt
HTAR: a   instcat_y02_191109/job_log_00282398.txt
HTAR: a   instcat_y02_191109/job_log_00282399.txt
HTAR: a   instcat_y02_191109/job_log_00282400.txt
HTAR: a   instcat_y02_191109/job_log_00282401.txt
HTAR: a   instcat_y02_191109/job_log_00282405.txt
HTAR: a   instcat_y02_191109/job_log_00282428.txt
HTAR: a   instcat_y02_191109/job_log_00282429.txt
HTAR: a   instcat_y02_191109/job_log_00282430.txt
HTAR: a   instcat_y02_191109/job_log_00282431.txt
HTAR: a   instcat_y02_191109/job_log_00282439.txt
HTAR: a   instcat_y02_191109/job_log_00282440.txt
HTAR: a   instcat_y02_191109/job_log_00282443.txt
HTAR: a   instcat_y02_191109/job_log_00282444.txt
HTAR: a   instcat_y02_191109/job_log_00282445.txt
HTAR: a   instcat_y02_191109/job_log_00282446.txt
HTAR: a   instcat_y02_191109/job_log_00282447.txt
HTAR: a   instcat_y02_191109/job_log_00282448.txt
HTAR: a   instcat_y02_191109/job_log_00282449.txt
HTAR: a   instcat_y02_191109/job_log_00282450.txt
HTAR: a   instcat_y02_191109/job_log_00282451.txt
HTAR: a   instcat_y02_191109/job_log_00282452.txt
HTAR: a   instcat_y02_191109/job_log_00282453.txt
HTAR: a   instcat_y02_191109/job_log_00282454.txt
HTAR: a   instcat_y02_191109/job_log_00283140.txt
HTAR: a   instcat_y02_191109/job_log_00283141.txt
HTAR: a   instcat_y02_191109/job_log_00283142.txt
HTAR: a   instcat_y02_191109/job_log_00283143.txt
HTAR: a   instcat_y02_191109/job_log_00284041.txt
HTAR: a   instcat_y02_191109/job_log_00284042.txt
HTAR: a   instcat_y02_191109/job_log_00284044.txt
HTAR: a   instcat_y02_191109/job_log_00284045.txt
HTAR: a   /tmp/HTAR_CF_CHK_63970_1580496449
HTAR Create complete for /home/projects/desc/DC2_ImSim/Run2.2i/instCat/y02_191109/00276385to00284045.tar. 545,049,213,440 bytes written for 244 member files, max threads: 50 Transfer time: 3448.191 seconds (158.068 MB/s) wallclock/user/sys: 3449.911 4280.273 1422.694 seconds
HTAR: HTAR SUCCESSFUL
HTAR: a   instcat_y02_191109/00284046.tar.gz
HTAR: a   instcat_y02_191109/00284047.tar.gz
HTAR: a   instcat_y02_191109/00284048.tar.gz
HTAR: a   instcat_y02_191109/00284049.tar.gz
HTAR: a   instcat_y02_191109/00284050.tar.gz
HTAR: a   instcat_y02_191109/00284051.tar.gz
HTAR: a   instcat_y02_191109/00284052.tar.gz
HTAR: a   instcat_y02_191109/00284053.tar.gz
HTAR: a   instcat_y02_191109/00284054.tar.gz
HTAR: a   instcat_y02_191109/00284055.tar.gz
HTAR: a   instcat_y02_191109/00286214.tar.gz
HTAR: a   instcat_y02_191109/00286215.tar.gz
HTAR: a   instcat_y02_191109/00286233.tar.gz
HTAR: a   instcat_y02_191109/00286254.tar.gz
HTAR: a   instcat_y02_191109/00286255.tar.gz
HTAR: a   instcat_y02_191109/00286260.tar.gz
HTAR: a   instcat_y02_191109/00286262.tar.gz
HTAR: a   instcat_y02_191109/00286263.tar.gz
HTAR: a   instcat_y02_191109/00286264.tar.gz
HTAR: a   instcat_y02_191109/00286265.tar.gz
HTAR: a   instcat_y02_191109/00286266.tar.gz
HTAR: a   instcat_y02_191109/00286267.tar.gz
HTAR: a   instcat_y02_191109/00286268.tar.gz
HTAR: a   instcat_y02_191109/00286269.tar.gz
HTAR: a   instcat_y02_191109/00286270.tar.gz
HTAR: a   instcat_y02_191109/00286271.tar.gz
HTAR: a   instcat_y02_191109/00287824.tar.gz
HTAR: a   instcat_y02_191109/00287826.tar.gz
HTAR: a   instcat_y02_191109/00287860.tar.gz
HTAR: a   instcat_y02_191109/00287861.tar.gz
HTAR: a   instcat_y02_191109/00288652.tar.gz
HTAR: a   instcat_y02_191109/00288666.tar.gz
HTAR: a   instcat_y02_191109/00291155.tar.gz
HTAR: a   instcat_y02_191109/00291156.tar.gz
HTAR: a   instcat_y02_191109/00291157.tar.gz
HTAR: a   instcat_y02_191109/00291201.tar.gz
HTAR: a   instcat_y02_191109/00291205.tar.gz
HTAR: a   instcat_y02_191109/00291206.tar.gz
HTAR: a   instcat_y02_191109/00291207.tar.gz
HTAR: a   instcat_y02_191109/00291208.tar.gz
HTAR: a   instcat_y02_191109/00291216.tar.gz
HTAR: a   instcat_y02_191109/00291267.tar.gz
HTAR: a   instcat_y02_191109/00291888.tar.gz
HTAR: a   instcat_y02_191109/00292670.tar.gz
HTAR: a   instcat_y02_191109/00292671.tar.gz
HTAR: a   instcat_y02_191109/00292672.tar.gz
HTAR: a   instcat_y02_191109/00292675.tar.gz
HTAR: a   instcat_y02_191109/00293477.tar.gz
HTAR: a   instcat_y02_191109/00293478.tar.gz
HTAR: a   instcat_y02_191109/00293480.tar.gz
HTAR: a   instcat_y02_191109/00293518.tar.gz
HTAR: a   instcat_y02_191109/00293520.tar.gz
HTAR: a   instcat_y02_191109/00293521.tar.gz
HTAR: a   instcat_y02_191109/00293522.tar.gz
HTAR: a   instcat_y02_191109/00295125.tar.gz
HTAR: a   instcat_y02_191109/00295142.tar.gz
HTAR: a   instcat_y02_191109/00295165.tar.gz
HTAR: a   instcat_y02_191109/00295166.tar.gz
HTAR: a   instcat_y02_191109/00295938.tar.gz
HTAR: a   instcat_y02_191109/00295967.tar.gz
HTAR: a   instcat_y02_191109/00295968.tar.gz
HTAR: a   instcat_y02_191109/00295971.tar.gz
HTAR: a   instcat_y02_191109/00295972.tar.gz
HTAR: a   instcat_y02_191109/00296845.tar.gz
HTAR: a   instcat_y02_191109/00296846.tar.gz
HTAR: a   instcat_y02_191109/00300174.tar.gz
HTAR: a   instcat_y02_191109/00300183.tar.gz
HTAR: a   instcat_y02_191109/00300184.tar.gz
HTAR: a   instcat_y02_191109/00300185.tar.gz
HTAR: a   instcat_y02_191109/00300187.tar.gz
HTAR: a   instcat_y02_191109/00300188.tar.gz
HTAR: a   instcat_y02_191109/00300189.tar.gz
HTAR: a   instcat_y02_191109/00300208.tar.gz
HTAR: a   instcat_y02_191109/00300210.tar.gz
HTAR: a   instcat_y02_191109/00300211.tar.gz
HTAR: a   instcat_y02_191109/00300224.tar.gz
HTAR: a   instcat_y02_191109/00300225.tar.gz
HTAR: a   instcat_y02_191109/00300226.tar.gz
HTAR: a   instcat_y02_191109/00300227.tar.gz
HTAR: a   instcat_y02_191109/00300228.tar.gz
HTAR: a   instcat_y02_191109/00300229.tar.gz
HTAR: a   instcat_y02_191109/00300230.tar.gz
HTAR: a   instcat_y02_191109/00300231.tar.gz
HTAR: a   instcat_y02_191109/00300232.tar.gz
HTAR: a   instcat_y02_191109/00300233.tar.gz
HTAR: a   instcat_y02_191109/00300247.tar.gz
HTAR: a   instcat_y02_191109/00300248.tar.gz
HTAR: a   instcat_y02_191109/00300249.tar.gz
HTAR: a   instcat_y02_191109/00300250.tar.gz
HTAR: a   instcat_y02_191109/00300251.tar.gz
HTAR: a   instcat_y02_191109/00300252.tar.gz
HTAR: a   instcat_y02_191109/00300253.tar.gz
HTAR: a   instcat_y02_191109/00300254.tar.gz
HTAR: a   instcat_y02_191109/00300255.tar.gz
HTAR: a   instcat_y02_191109/00300256.tar.gz
HTAR: a   instcat_y02_191109/00300280.tar.gz
HTAR: a   instcat_y02_191109/00300281.tar.gz
HTAR: a   instcat_y02_191109/00300282.tar.gz
HTAR: a   instcat_y02_191109/00300294.tar.gz
HTAR: a   instcat_y02_191109/00300295.tar.gz
HTAR: a   instcat_y02_191109/00300296.tar.gz
HTAR: a   instcat_y02_191109/00300297.tar.gz
HTAR: a   instcat_y02_191109/00300298.tar.gz
HTAR: a   instcat_y02_191109/00301119.tar.gz
HTAR: a   instcat_y02_191109/00301162.tar.gz
HTAR: a   instcat_y02_191109/00303505.tar.gz
HTAR: a   instcat_y02_191109/00303511.tar.gz
HTAR: a   instcat_y02_191109/00303554.tar.gz
HTAR: a   instcat_y02_191109/00303557.tar.gz
HTAR: a   instcat_y02_191109/00303558.tar.gz
HTAR: a   instcat_y02_191109/00303559.tar.gz
HTAR: a   instcat_y02_191109/00303560.tar.gz
HTAR: a   instcat_y02_191109/00303561.tar.gz
HTAR: a   instcat_y02_191109/00303562.tar.gz
HTAR: a   instcat_y02_191109/00305469.tar.gz
HTAR: a   instcat_y02_191109/00306120.tar.gz
HTAR: a   instcat_y02_191109/00306132.tar.gz
HTAR: a   instcat_y02_191109/00306133.tar.gz
HTAR: a   instcat_y02_191109/00306138.tar.gz
HTAR: a   instcat_y02_191109/00306147.tar.gz
HTAR: a   instcat_y02_191109/00306148.tar.gz
HTAR: a   instcat_y02_191109/00306168.tar.gz
HTAR: a   instcat_y02_191109/job_log_00284046.txt
HTAR: a   instcat_y02_191109/job_log_00284047.txt
HTAR: a   instcat_y02_191109/job_log_00284048.txt
HTAR: a   instcat_y02_191109/job_log_00284049.txt
HTAR: a   instcat_y02_191109/job_log_00284050.txt
HTAR: a   instcat_y02_191109/job_log_00284051.txt
HTAR: a   instcat_y02_191109/job_log_00284052.txt
HTAR: a   instcat_y02_191109/job_log_00284053.txt
HTAR: a   instcat_y02_191109/job_log_00284054.txt
HTAR: a   instcat_y02_191109/job_log_00284055.txt
HTAR: a   instcat_y02_191109/job_log_00286214.txt
HTAR: a   instcat_y02_191109/job_log_00286215.txt
HTAR: a   instcat_y02_191109/job_log_00286233.txt
HTAR: a   instcat_y02_191109/job_log_00286254.txt
HTAR: a   instcat_y02_191109/job_log_00286255.txt
HTAR: a   instcat_y02_191109/job_log_00286260.txt
HTAR: a   instcat_y02_191109/job_log_00286262.txt
HTAR: a   instcat_y02_191109/job_log_00286263.txt
HTAR: a   instcat_y02_191109/job_log_00286264.txt
HTAR: a   instcat_y02_191109/job_log_00286265.txt
HTAR: a   instcat_y02_191109/job_log_00286266.txt
HTAR: a   instcat_y02_191109/job_log_00286267.txt
HTAR: a   instcat_y02_191109/job_log_00286268.txt
HTAR: a   instcat_y02_191109/job_log_00286269.txt
HTAR: a   instcat_y02_191109/job_log_00286270.txt
HTAR: a   instcat_y02_191109/job_log_00286271.txt
HTAR: a   instcat_y02_191109/job_log_00287824.txt
HTAR: a   instcat_y02_191109/job_log_00287826.txt
HTAR: a   instcat_y02_191109/job_log_00287860.txt
HTAR: a   instcat_y02_191109/job_log_00287861.txt
HTAR: a   instcat_y02_191109/job_log_00288652.txt
HTAR: a   instcat_y02_191109/job_log_00288666.txt
HTAR: a   instcat_y02_191109/job_log_00291155.txt
HTAR: a   instcat_y02_191109/job_log_00291156.txt
HTAR: a   instcat_y02_191109/job_log_00291157.txt
HTAR: a   instcat_y02_191109/job_log_00291201.txt
HTAR: a   instcat_y02_191109/job_log_00291205.txt
HTAR: a   instcat_y02_191109/job_log_00291206.txt
HTAR: a   instcat_y02_191109/job_log_00291207.txt
HTAR: a   instcat_y02_191109/job_log_00291208.txt
HTAR: a   instcat_y02_191109/job_log_00291216.txt
HTAR: a   instcat_y02_191109/job_log_00291267.txt
HTAR: a   instcat_y02_191109/job_log_00291888.txt
HTAR: a   instcat_y02_191109/job_log_00292670.txt
HTAR: a   instcat_y02_191109/job_log_00292671.txt
HTAR: a   instcat_y02_191109/job_log_00292672.txt
HTAR: a   instcat_y02_191109/job_log_00292675.txt
HTAR: a   instcat_y02_191109/job_log_00293477.txt
HTAR: a   instcat_y02_191109/job_log_00293478.txt
HTAR: a   instcat_y02_191109/job_log_00293480.txt
HTAR: a   instcat_y02_191109/job_log_00293518.txt
HTAR: a   instcat_y02_191109/job_log_00293520.txt
HTAR: a   instcat_y02_191109/job_log_00293521.txt
HTAR: a   instcat_y02_191109/job_log_00293522.txt
HTAR: a   instcat_y02_191109/job_log_00295125.txt
HTAR: a   instcat_y02_191109/job_log_00295142.txt
HTAR: a   instcat_y02_191109/job_log_00295165.txt
HTAR: a   instcat_y02_191109/job_log_00295166.txt
HTAR: a   instcat_y02_191109/job_log_00295938.txt
HTAR: a   instcat_y02_191109/job_log_00295967.txt
HTAR: a   instcat_y02_191109/job_log_00295968.txt
HTAR: a   instcat_y02_191109/job_log_00295971.txt
HTAR: a   instcat_y02_191109/job_log_00295972.txt
HTAR: a   instcat_y02_191109/job_log_00296845.txt
HTAR: a   instcat_y02_191109/job_log_00296846.txt
HTAR: a   instcat_y02_191109/job_log_00300174.txt
HTAR: a   instcat_y02_191109/job_log_00300183.txt
HTAR: a   instcat_y02_191109/job_log_00300184.txt
HTAR: a   instcat_y02_191109/job_log_00300185.txt
HTAR: a   instcat_y02_191109/job_log_00300187.txt
HTAR: a   instcat_y02_191109/job_log_00300188.txt
HTAR: a   instcat_y02_191109/job_log_00300189.txt
HTAR: a   instcat_y02_191109/job_log_00300208.txt
HTAR: a   instcat_y02_191109/job_log_00300210.txt
HTAR: a   instcat_y02_191109/job_log_00300211.txt
HTAR: a   instcat_y02_191109/job_log_00300224.txt
HTAR: a   instcat_y02_191109/job_log_00300225.txt
HTAR: a   instcat_y02_191109/job_log_00300226.txt
HTAR: a   instcat_y02_191109/job_log_00300227.txt
HTAR: a   instcat_y02_191109/job_log_00300228.txt
HTAR: a   instcat_y02_191109/job_log_00300229.txt
HTAR: a   instcat_y02_191109/job_log_00300230.txt
HTAR: a   instcat_y02_191109/job_log_00300231.txt
HTAR: a   instcat_y02_191109/job_log_00300232.txt
HTAR: a   instcat_y02_191109/job_log_00300233.txt
HTAR: a   instcat_y02_191109/job_log_00300247.txt
HTAR: a   instcat_y02_191109/job_log_00300248.txt
HTAR: a   instcat_y02_191109/job_log_00300249.txt
HTAR: a   instcat_y02_191109/job_log_00300250.txt
HTAR: a   instcat_y02_191109/job_log_00300251.txt
HTAR: a   instcat_y02_191109/job_log_00300252.txt
HTAR: a   instcat_y02_191109/job_log_00300253.txt
HTAR: a   instcat_y02_191109/job_log_00300254.txt
HTAR: a   instcat_y02_191109/job_log_00300255.txt
HTAR: a   instcat_y02_191109/job_log_00300256.txt
HTAR: a   instcat_y02_191109/job_log_00300280.txt
HTAR: a   instcat_y02_191109/job_log_00300281.txt
HTAR: a   instcat_y02_191109/job_log_00300282.txt
HTAR: a   instcat_y02_191109/job_log_00300294.txt
HTAR: a   instcat_y02_191109/job_log_00300295.txt
HTAR: a   instcat_y02_191109/job_log_00300296.txt
HTAR: a   instcat_y02_191109/job_log_00300297.txt
HTAR: a   instcat_y02_191109/job_log_00300298.txt
HTAR: a   instcat_y02_191109/job_log_00301119.txt
HTAR: a   instcat_y02_191109/job_log_00301162.txt
HTAR: a   instcat_y02_191109/job_log_00303505.txt
HTAR: a   instcat_y02_191109/job_log_00303511.txt
HTAR: a   instcat_y02_191109/job_log_00303554.txt
HTAR: a   instcat_y02_191109/job_log_00303557.txt
HTAR: a   instcat_y02_191109/job_log_00303558.txt
HTAR: a   instcat_y02_191109/job_log_00303559.txt
HTAR: a   instcat_y02_191109/job_log_00303560.txt
HTAR: a   instcat_y02_191109/job_log_00303561.txt
HTAR: a   instcat_y02_191109/job_log_00303562.txt
HTAR: a   instcat_y02_191109/job_log_00305469.txt
HTAR: a   instcat_y02_191109/job_log_00306120.txt
HTAR: a   instcat_y02_191109/job_log_00306132.txt
HTAR: a   instcat_y02_191109/job_log_00306133.txt
HTAR: a   instcat_y02_191109/job_log_00306138.txt
HTAR: a   instcat_y02_191109/job_log_00306147.txt
HTAR: a   instcat_y02_191109/job_log_00306148.txt
HTAR: a   instcat_y02_191109/job_log_00306168.txt
HTAR: a   /tmp/HTAR_CF_CHK_51847_1580499902
HTAR Create complete for /home/projects/desc/DC2_ImSim/Run2.2i/instCat/y02_191109/00284046to00306168.tar. 513,313,483,776 bytes written for 244 member files, max threads: 50 Transfer time: 3154.520 seconds (162.723 MB/s) wallclock/user/sys: 3156.792 3991.445 1228.299 seconds
HTAR: HTAR SUCCESSFUL
HTAR: a   instcat_y02_191109/00306172.tar.gz
HTAR: a   instcat_y02_191109/00306174.tar.gz
HTAR: a   instcat_y02_191109/00306176.tar.gz
HTAR: a   instcat_y02_191109/00306177.tar.gz
HTAR: a   instcat_y02_191109/00306180.tar.gz
HTAR: a   instcat_y02_191109/00306181.tar.gz
HTAR: a   instcat_y02_191109/00306182.tar.gz
HTAR: a   instcat_y02_191109/00306183.tar.gz
HTAR: a   instcat_y02_191109/00306184.tar.gz
HTAR: a   instcat_y02_191109/00306185.tar.gz
HTAR: a   instcat_y02_191109/00306186.tar.gz
HTAR: a   instcat_y02_191109/00306187.tar.gz
HTAR: a   instcat_y02_191109/00306188.tar.gz
HTAR: a   instcat_y02_191109/00306189.tar.gz
HTAR: a   instcat_y02_191109/00306190.tar.gz
HTAR: a   instcat_y02_191109/00306191.tar.gz
HTAR: a   instcat_y02_191109/00306192.tar.gz
HTAR: a   instcat_y02_191109/00306193.tar.gz
HTAR: a   instcat_y02_191109/00306194.tar.gz
HTAR: a   instcat_y02_191109/00306195.tar.gz
HTAR: a   instcat_y02_191109/00306196.tar.gz
HTAR: a   instcat_y02_191109/00306203.tar.gz
HTAR: a   instcat_y02_191109/00306216.tar.gz
HTAR: a   instcat_y02_191109/00306217.tar.gz
HTAR: a   instcat_y02_191109/00306218.tar.gz
HTAR: a   instcat_y02_191109/00306219.tar.gz
HTAR: a   instcat_y02_191109/00306220.tar.gz
HTAR: a   instcat_y02_191109/00306221.tar.gz
HTAR: a   instcat_y02_191109/00306222.tar.gz
HTAR: a   instcat_y02_191109/00306223.tar.gz
HTAR: a   instcat_y02_191109/00306224.tar.gz
HTAR: a   instcat_y02_191109/00306225.tar.gz
HTAR: a   instcat_y02_191109/00306289.tar.gz
HTAR: a   instcat_y02_191109/00306290.tar.gz
HTAR: a   instcat_y02_191109/00306978.tar.gz
HTAR: a   instcat_y02_191109/00307869.tar.gz
HTAR: a   instcat_y02_191109/00307881.tar.gz
HTAR: a   instcat_y02_191109/00307884.tar.gz
HTAR: a   instcat_y02_191109/00307887.tar.gz
HTAR: a   instcat_y02_191109/00307888.tar.gz
HTAR: a   instcat_y02_191109/00307889.tar.gz
HTAR: a   instcat_y02_191109/00307899.tar.gz
HTAR: a   instcat_y02_191109/00307904.tar.gz
HTAR: a   instcat_y02_191109/00307905.tar.gz
HTAR: a   instcat_y02_191109/00307906.tar.gz
HTAR: a   instcat_y02_191109/00307907.tar.gz
HTAR: a   instcat_y02_191109/00307908.tar.gz
HTAR: a   instcat_y02_191109/00307912.tar.gz
HTAR: a   instcat_y02_191109/00307913.tar.gz
HTAR: a   instcat_y02_191109/00307917.tar.gz
HTAR: a   instcat_y02_191109/00307918.tar.gz
HTAR: a   instcat_y02_191109/00308728.tar.gz
HTAR: a   instcat_y02_191109/00308736.tar.gz
HTAR: a   instcat_y02_191109/00308739.tar.gz
HTAR: a   instcat_y02_191109/00308742.tar.gz
HTAR: a   instcat_y02_191109/00308743.tar.gz
HTAR: a   instcat_y02_191109/00308744.tar.gz
HTAR: a   instcat_y02_191109/00308746.tar.gz
HTAR: a   instcat_y02_191109/00308747.tar.gz
HTAR: a   instcat_y02_191109/00308748.tar.gz
HTAR: a   instcat_y02_191109/00308749.tar.gz
HTAR: a   instcat_y02_191109/00308757.tar.gz
HTAR: a   instcat_y02_191109/00308758.tar.gz
HTAR: a   instcat_y02_191109/00308772.tar.gz
HTAR: a   instcat_y02_191109/00308777.tar.gz
HTAR: a   instcat_y02_191109/00308778.tar.gz
HTAR: a   instcat_y02_191109/00308781.tar.gz
HTAR: a   instcat_y02_191109/00308782.tar.gz
HTAR: a   instcat_y02_191109/00308785.tar.gz
HTAR: a   instcat_y02_191109/00308787.tar.gz
HTAR: a   instcat_y02_191109/00308788.tar.gz
HTAR: a   instcat_y02_191109/00308789.tar.gz
HTAR: a   instcat_y02_191109/00308791.tar.gz
HTAR: a   instcat_y02_191109/00308792.tar.gz
HTAR: a   instcat_y02_191109/00308793.tar.gz
HTAR: a   instcat_y02_191109/00308794.tar.gz
HTAR: a   instcat_y02_191109/00308795.tar.gz
HTAR: a   instcat_y02_191109/00308884.tar.gz
HTAR: a   instcat_y02_191109/00308885.tar.gz
HTAR: a   instcat_y02_191109/00308886.tar.gz
HTAR: a   instcat_y02_191109/00314948.tar.gz
HTAR: a   instcat_y02_191109/00314952.tar.gz
HTAR: a   instcat_y02_191109/00314954.tar.gz
HTAR: a   instcat_y02_191109/00314964.tar.gz
HTAR: a   instcat_y02_191109/00314969.tar.gz
HTAR: a   instcat_y02_191109/00314981.tar.gz
HTAR: a   instcat_y02_191109/00314997.tar.gz
HTAR: a   instcat_y02_191109/00316726.tar.gz
HTAR: a   instcat_y02_191109/00316728.tar.gz
HTAR: a   instcat_y02_191109/00316729.tar.gz
HTAR: a   instcat_y02_191109/00316730.tar.gz
HTAR: a   instcat_y02_191109/00316732.tar.gz
HTAR: a   instcat_y02_191109/00326916.tar.gz
HTAR: a   instcat_y02_191109/00326917.tar.gz
HTAR: a   instcat_y02_191109/00326918.tar.gz
HTAR: a   instcat_y02_191109/00326919.tar.gz
HTAR: a   instcat_y02_191109/00326920.tar.gz
HTAR: a   instcat_y02_191109/00326921.tar.gz
HTAR: a   instcat_y02_191109/00326930.tar.gz
HTAR: a   instcat_y02_191109/00327717.tar.gz
HTAR: a   instcat_y02_191109/00327724.tar.gz
HTAR: a   instcat_y02_191109/00327726.tar.gz
HTAR: a   instcat_y02_191109/00327739.tar.gz
HTAR: a   instcat_y02_191109/00327745.tar.gz
HTAR: a   instcat_y02_191109/00327746.tar.gz
HTAR: a   instcat_y02_191109/00327785.tar.gz
HTAR: a   instcat_y02_191109/00327786.tar.gz
HTAR: a   instcat_y02_191109/00327787.tar.gz
HTAR: a   instcat_y02_191109/00327788.tar.gz
HTAR: a   instcat_y02_191109/00329709.tar.gz
HTAR: a   instcat_y02_191109/00329710.tar.gz
HTAR: a   instcat_y02_191109/00329711.tar.gz
HTAR: a   instcat_y02_191109/00329714.tar.gz
HTAR: a   instcat_y02_191109/00329715.tar.gz
HTAR: a   instcat_y02_191109/00329716.tar.gz
HTAR: a   instcat_y02_191109/00330588.tar.gz
HTAR: a   instcat_y02_191109/00330603.tar.gz
HTAR: a   instcat_y02_191109/00330605.tar.gz
HTAR: a   instcat_y02_191109/00330611.tar.gz
HTAR: a   instcat_y02_191109/00330616.tar.gz
HTAR: a   instcat_y02_191109/00330635.tar.gz
HTAR: a   instcat_y02_191109/00330636.tar.gz
HTAR: a   instcat_y02_191109/job_log_00306172.txt
HTAR: a   instcat_y02_191109/job_log_00306174.txt
HTAR: a   instcat_y02_191109/job_log_00306176.txt
HTAR: a   instcat_y02_191109/job_log_00306177.txt
HTAR: a   instcat_y02_191109/job_log_00306180.txt
HTAR: a   instcat_y02_191109/job_log_00306181.txt
HTAR: a   instcat_y02_191109/job_log_00306182.txt
HTAR: a   instcat_y02_191109/job_log_00306183.txt
HTAR: a   instcat_y02_191109/job_log_00306184.txt
HTAR: a   instcat_y02_191109/job_log_00306185.txt
HTAR: a   instcat_y02_191109/job_log_00306186.txt
HTAR: a   instcat_y02_191109/job_log_00306187.txt
HTAR: a   instcat_y02_191109/job_log_00306188.txt
HTAR: a   instcat_y02_191109/job_log_00306189.txt
HTAR: a   instcat_y02_191109/job_log_00306190.txt
HTAR: a   instcat_y02_191109/job_log_00306191.txt
HTAR: a   instcat_y02_191109/job_log_00306192.txt
HTAR: a   instcat_y02_191109/job_log_00306193.txt
HTAR: a   instcat_y02_191109/job_log_00306194.txt
HTAR: a   instcat_y02_191109/job_log_00306195.txt
HTAR: a   instcat_y02_191109/job_log_00306196.txt
HTAR: a   instcat_y02_191109/job_log_00306203.txt
HTAR: a   instcat_y02_191109/job_log_00306216.txt
HTAR: a   instcat_y02_191109/job_log_00306217.txt
HTAR: a   instcat_y02_191109/job_log_00306218.txt
HTAR: a   instcat_y02_191109/job_log_00306219.txt
HTAR: a   instcat_y02_191109/job_log_00306220.txt
HTAR: a   instcat_y02_191109/job_log_00306221.txt
HTAR: a   instcat_y02_191109/job_log_00306222.txt
HTAR: a   instcat_y02_191109/job_log_00306223.txt
HTAR: a   instcat_y02_191109/job_log_00306224.txt
HTAR: a   instcat_y02_191109/job_log_00306225.txt
HTAR: a   instcat_y02_191109/job_log_00306289.txt
HTAR: a   instcat_y02_191109/job_log_00306290.txt
HTAR: a   instcat_y02_191109/job_log_00306978.txt
HTAR: a   instcat_y02_191109/job_log_00307869.txt
HTAR: a   instcat_y02_191109/job_log_00307881.txt
HTAR: a   instcat_y02_191109/job_log_00307884.txt
HTAR: a   instcat_y02_191109/job_log_00307887.txt
HTAR: a   instcat_y02_191109/job_log_00307888.txt
HTAR: a   instcat_y02_191109/job_log_00307889.txt
HTAR: a   instcat_y02_191109/job_log_00307899.txt
HTAR: a   instcat_y02_191109/job_log_00307904.txt
HTAR: a   instcat_y02_191109/job_log_00307905.txt
HTAR: a   instcat_y02_191109/job_log_00307906.txt
HTAR: a   instcat_y02_191109/job_log_00307907.txt
HTAR: a   instcat_y02_191109/job_log_00307908.txt
HTAR: a   instcat_y02_191109/job_log_00307912.txt
HTAR: a   instcat_y02_191109/job_log_00307913.txt
HTAR: a   instcat_y02_191109/job_log_00307917.txt
HTAR: a   instcat_y02_191109/job_log_00307918.txt
HTAR: a   instcat_y02_191109/job_log_00308728.txt
HTAR: a   instcat_y02_191109/job_log_00308736.txt
HTAR: a   instcat_y02_191109/job_log_00308739.txt
HTAR: a   instcat_y02_191109/job_log_00308742.txt
HTAR: a   instcat_y02_191109/job_log_00308743.txt
HTAR: a   instcat_y02_191109/job_log_00308744.txt
HTAR: a   instcat_y02_191109/job_log_00308746.txt
HTAR: a   instcat_y02_191109/job_log_00308747.txt
HTAR: a   instcat_y02_191109/job_log_00308748.txt
HTAR: a   instcat_y02_191109/job_log_00308749.txt
HTAR: a   instcat_y02_191109/job_log_00308757.txt
HTAR: a   instcat_y02_191109/job_log_00308758.txt
HTAR: a   instcat_y02_191109/job_log_00308772.txt
HTAR: a   instcat_y02_191109/job_log_00308777.txt
HTAR: a   instcat_y02_191109/job_log_00308778.txt
HTAR: a   instcat_y02_191109/job_log_00308781.txt
HTAR: a   instcat_y02_191109/job_log_00308782.txt
HTAR: a   instcat_y02_191109/job_log_00308785.txt
HTAR: a   instcat_y02_191109/job_log_00308787.txt
HTAR: a   instcat_y02_191109/job_log_00308788.txt
HTAR: a   instcat_y02_191109/job_log_00308789.txt
HTAR: a   instcat_y02_191109/job_log_00308791.txt
HTAR: a   instcat_y02_191109/job_log_00308792.txt
HTAR: a   instcat_y02_191109/job_log_00308793.txt
HTAR: a   instcat_y02_191109/job_log_00308794.txt
HTAR: a   instcat_y02_191109/job_log_00308795.txt
HTAR: a   instcat_y02_191109/job_log_00308884.txt
HTAR: a   instcat_y02_191109/job_log_00308885.txt
HTAR: a   instcat_y02_191109/job_log_00308886.txt
HTAR: a   instcat_y02_191109/job_log_00314948.txt
HTAR: a   instcat_y02_191109/job_log_00314952.txt
HTAR: a   instcat_y02_191109/job_log_00314954.txt
HTAR: a   instcat_y02_191109/job_log_00314964.txt
HTAR: a   instcat_y02_191109/job_log_00314969.txt
HTAR: a   instcat_y02_191109/job_log_00314981.txt
HTAR: a   instcat_y02_191109/job_log_00314997.txt
HTAR: a   instcat_y02_191109/job_log_00316726.txt
HTAR: a   instcat_y02_191109/job_log_00316728.txt
HTAR: a   instcat_y02_191109/job_log_00316729.txt
HTAR: a   instcat_y02_191109/job_log_00316730.txt
HTAR: a   instcat_y02_191109/job_log_00316732.txt
HTAR: a   instcat_y02_191109/job_log_00326916.txt
HTAR: a   instcat_y02_191109/job_log_00326917.txt
HTAR: a   instcat_y02_191109/job_log_00326918.txt
HTAR: a   instcat_y02_191109/job_log_00326919.txt
HTAR: a   instcat_y02_191109/job_log_00326920.txt
HTAR: a   instcat_y02_191109/job_log_00326921.txt
HTAR: a   instcat_y02_191109/job_log_00326930.txt
HTAR: a   instcat_y02_191109/job_log_00327717.txt
HTAR: a   instcat_y02_191109/job_log_00327724.txt
HTAR: a   instcat_y02_191109/job_log_00327726.txt
HTAR: a   instcat_y02_191109/job_log_00327739.txt
HTAR: a   instcat_y02_191109/job_log_00327745.txt
HTAR: a   instcat_y02_191109/job_log_00327746.txt
HTAR: a   instcat_y02_191109/job_log_00327785.txt
HTAR: a   instcat_y02_191109/job_log_00327786.txt
HTAR: a   instcat_y02_191109/job_log_00327787.txt
HTAR: a   instcat_y02_191109/job_log_00327788.txt
HTAR: a   instcat_y02_191109/job_log_00329709.txt
HTAR: a   instcat_y02_191109/job_log_00329710.txt
HTAR: a   instcat_y02_191109/job_log_00329711.txt
HTAR: a   instcat_y02_191109/job_log_00329714.txt
HTAR: a   instcat_y02_191109/job_log_00329715.txt
HTAR: a   instcat_y02_191109/job_log_00329716.txt
HTAR: a   instcat_y02_191109/job_log_00330588.txt
HTAR: a   instcat_y02_191109/job_log_00330603.txt
HTAR: a   instcat_y02_191109/job_log_00330605.txt
HTAR: a   instcat_y02_191109/job_log_00330611.txt
HTAR: a   instcat_y02_191109/job_log_00330616.txt
HTAR: a   instcat_y02_191109/job_log_00330635.txt
HTAR: a   instcat_y02_191109/job_log_00330636.txt
HTAR: a   /tmp/HTAR_CF_CHK_2209_1580503061
HTAR Create complete for /home/projects/desc/DC2_ImSim/Run2.2i/instCat/y02_191109/00306172to00330636.tar. 492,174,256,640 bytes written for 244 member files, max threads: 50 Transfer time: 3272.097 seconds (150.416 MB/s) wallclock/user/sys: 3273.776 3905.752 1458.842 seconds
HTAR: HTAR SUCCESSFUL
HTAR: a   instcat_y02_191109/00330637.tar.gz
HTAR: a   instcat_y02_191109/00330638.tar.gz
HTAR: a   instcat_y02_191109/00330660.tar.gz
HTAR: a   instcat_y02_191109/00330661.tar.gz
HTAR: a   instcat_y02_191109/00336410.tar.gz
HTAR: a   instcat_y02_191109/00336411.tar.gz
HTAR: a   instcat_y02_191109/00339288.tar.gz
HTAR: a   instcat_y02_191109/00339290.tar.gz
HTAR: a   instcat_y02_191109/00339317.tar.gz
HTAR: a   instcat_y02_191109/00339320.tar.gz
HTAR: a   instcat_y02_191109/00339322.tar.gz
HTAR: a   instcat_y02_191109/00385724.tar.gz
HTAR: a   instcat_y02_191109/00385725.tar.gz
HTAR: a   instcat_y02_191109/00389475.tar.gz
HTAR: a   instcat_y02_191109/00390557.tar.gz
HTAR: a   instcat_y02_191109/00390558.tar.gz
HTAR: a   instcat_y02_191109/00390562.tar.gz
HTAR: a   instcat_y02_191109/00390563.tar.gz
HTAR: a   instcat_y02_191109/00390564.tar.gz
HTAR: a   instcat_y02_191109/00390565.tar.gz
HTAR: a   instcat_y02_191109/00390567.tar.gz
HTAR: a   instcat_y02_191109/00390568.tar.gz
HTAR: a   instcat_y02_191109/00390569.tar.gz
HTAR: a   instcat_y02_191109/00390570.tar.gz
HTAR: a   instcat_y02_191109/00390571.tar.gz
HTAR: a   instcat_y02_191109/00390572.tar.gz
HTAR: a   instcat_y02_191109/00390573.tar.gz
HTAR: a   instcat_y02_191109/00390585.tar.gz
HTAR: a   instcat_y02_191109/00390586.tar.gz
HTAR: a   instcat_y02_191109/00390599.tar.gz
HTAR: a   instcat_y02_191109/00390601.tar.gz
HTAR: a   instcat_y02_191109/00392632.tar.gz
HTAR: a   instcat_y02_191109/00392683.tar.gz
HTAR: a   instcat_y02_191109/00395387.tar.gz
HTAR: a   instcat_y02_191109/00395389.tar.gz
HTAR: a   instcat_y02_191109/00397276.tar.gz
HTAR: a   instcat_y02_191109/00397277.tar.gz
HTAR: a   instcat_y02_191109/00397278.tar.gz
HTAR: a   instcat_y02_191109/00397279.tar.gz
HTAR: a   instcat_y02_191109/00397281.tar.gz
HTAR: a   instcat_y02_191109/00397282.tar.gz
HTAR: a   instcat_y02_191109/00397283.tar.gz
HTAR: a   instcat_y02_191109/00397284.tar.gz
HTAR: a   instcat_y02_191109/00397285.tar.gz
HTAR: a   instcat_y02_191109/00397286.tar.gz
HTAR: a   instcat_y02_191109/00397287.tar.gz
HTAR: a   instcat_y02_191109/00397288.tar.gz
HTAR: a   instcat_y02_191109/00397289.tar.gz
HTAR: a   instcat_y02_191109/00397319.tar.gz
HTAR: a   instcat_y02_191109/00397320.tar.gz
HTAR: a   instcat_y02_191109/00397321.tar.gz
HTAR: a   instcat_y02_191109/00397322.tar.gz
HTAR: a   instcat_y02_191109/00397326.tar.gz
HTAR: a   instcat_y02_191109/00397327.tar.gz
HTAR: a   instcat_y02_191109/00397328.tar.gz
HTAR: a   instcat_y02_191109/00397329.tar.gz
HTAR: a   instcat_y02_191109/00397330.tar.gz
HTAR: a   instcat_y02_191109/00397331.tar.gz
HTAR: a   instcat_y02_191109/00397332.tar.gz
HTAR: a   instcat_y02_191109/00397333.tar.gz
HTAR: a   instcat_y02_191109/00397334.tar.gz
HTAR: a   instcat_y02_191109/00397335.tar.gz
HTAR: a   instcat_y02_191109/00398400.tar.gz
HTAR: a   instcat_y02_191109/00398401.tar.gz
HTAR: a   instcat_y02_191109/00398406.tar.gz
HTAR: a   instcat_y02_191109/00398407.tar.gz
HTAR: a   instcat_y02_191109/00398408.tar.gz
HTAR: a   instcat_y02_191109/00398409.tar.gz
HTAR: a   instcat_y02_191109/00398412.tar.gz
HTAR: a   instcat_y02_191109/00398413.tar.gz
HTAR: a   instcat_y02_191109/00398416.tar.gz
HTAR: a   instcat_y02_191109/00398417.tar.gz
HTAR: a   instcat_y02_191109/00398418.tar.gz
HTAR: a   instcat_y02_191109/00398419.tar.gz
HTAR: a   instcat_y02_191109/00398420.tar.gz
HTAR: a   instcat_y02_191109/00398421.tar.gz
HTAR: a   instcat_y02_191109/00398451.tar.gz
HTAR: a   instcat_y02_191109/00399391.tar.gz
HTAR: a   instcat_y02_191109/00399392.tar.gz
HTAR: a   instcat_y02_191109/00399393.tar.gz
HTAR: a   instcat_y02_191109/00399394.tar.gz
HTAR: a   instcat_y02_191109/00400302.tar.gz
HTAR: a   instcat_y02_191109/00400329.tar.gz
HTAR: a   instcat_y02_191109/00400330.tar.gz
HTAR: a   instcat_y02_191109/00400331.tar.gz
HTAR: a   instcat_y02_191109/00400332.tar.gz
HTAR: a   instcat_y02_191109/00400353.tar.gz
HTAR: a   instcat_y02_191109/00400354.tar.gz
HTAR: a   instcat_y02_191109/00400356.tar.gz
HTAR: a   instcat_y02_191109/00400357.tar.gz
HTAR: a   instcat_y02_191109/00400358.tar.gz
HTAR: a   instcat_y02_191109/00400388.tar.gz
HTAR: a   instcat_y02_191109/00400389.tar.gz
HTAR: a   instcat_y02_191109/00400390.tar.gz
HTAR: a   instcat_y02_191109/00400391.tar.gz
HTAR: a   instcat_y02_191109/00400420.tar.gz
HTAR: a   instcat_y02_191109/00400421.tar.gz
HTAR: a   instcat_y02_191109/00400422.tar.gz
HTAR: a   instcat_y02_191109/00400426.tar.gz
HTAR: a   instcat_y02_191109/00400427.tar.gz
HTAR: a   instcat_y02_191109/00400428.tar.gz
HTAR: a   instcat_y02_191109/00400429.tar.gz
HTAR: a   instcat_y02_191109/00400430.tar.gz
HTAR: a   instcat_y02_191109/00400436.tar.gz
HTAR: a   instcat_y02_191109/00400437.tar.gz
HTAR: a   instcat_y02_191109/00400440.tar.gz
HTAR: a   instcat_y02_191109/00400447.tar.gz
HTAR: a   instcat_y02_191109/00400457.tar.gz
HTAR: a   instcat_y02_191109/00400458.tar.gz
HTAR: a   instcat_y02_191109/00400462.tar.gz
HTAR: a   instcat_y02_191109/00400463.tar.gz
HTAR: a   instcat_y02_191109/00400464.tar.gz
HTAR: a   instcat_y02_191109/00401556.tar.gz
HTAR: a   instcat_y02_191109/00401557.tar.gz
HTAR: a   instcat_y02_191109/00401595.tar.gz
HTAR: a   instcat_y02_191109/00401596.tar.gz
HTAR: a   instcat_y02_191109/00401604.tar.gz
HTAR: a   instcat_y02_191109/00401605.tar.gz
HTAR: a   instcat_y02_191109/00401606.tar.gz
HTAR: a   instcat_y02_191109/00401607.tar.gz
HTAR: a   instcat_y02_191109/00401610.tar.gz
HTAR: a   instcat_y02_191109/00401611.tar.gz
HTAR: a   instcat_y02_191109/job_log_00330637.txt
HTAR: a   instcat_y02_191109/job_log_00330638.txt
HTAR: a   instcat_y02_191109/job_log_00330660.txt
HTAR: a   instcat_y02_191109/job_log_00330661.txt
HTAR: a   instcat_y02_191109/job_log_00336410.txt
HTAR: a   instcat_y02_191109/job_log_00336411.txt
HTAR: a   instcat_y02_191109/job_log_00339288.txt
HTAR: a   instcat_y02_191109/job_log_00339290.txt
HTAR: a   instcat_y02_191109/job_log_00339317.txt
HTAR: a   instcat_y02_191109/job_log_00339320.txt
HTAR: a   instcat_y02_191109/job_log_00339322.txt
HTAR: a   instcat_y02_191109/job_log_00385724.txt
HTAR: a   instcat_y02_191109/job_log_00385725.txt
HTAR: a   instcat_y02_191109/job_log_00389475.txt
HTAR: a   instcat_y02_191109/job_log_00390557.txt
HTAR: a   instcat_y02_191109/job_log_00390558.txt
HTAR: a   instcat_y02_191109/job_log_00390562.txt
HTAR: a   instcat_y02_191109/job_log_00390563.txt
HTAR: a   instcat_y02_191109/job_log_00390564.txt
HTAR: a   instcat_y02_191109/job_log_00390565.txt
HTAR: a   instcat_y02_191109/job_log_00390567.txt
HTAR: a   instcat_y02_191109/job_log_00390568.txt
HTAR: a   instcat_y02_191109/job_log_00390569.txt
HTAR: a   instcat_y02_191109/job_log_00390570.txt
HTAR: a   instcat_y02_191109/job_log_00390571.txt
HTAR: a   instcat_y02_191109/job_log_00390572.txt
HTAR: a   instcat_y02_191109/job_log_00390573.txt
HTAR: a   instcat_y02_191109/job_log_00390585.txt
HTAR: a   instcat_y02_191109/job_log_00390586.txt
HTAR: a   instcat_y02_191109/job_log_00390599.txt
HTAR: a   instcat_y02_191109/job_log_00390601.txt
HTAR: a   instcat_y02_191109/job_log_00392632.txt
HTAR: a   instcat_y02_191109/job_log_00392683.txt
HTAR: a   instcat_y02_191109/job_log_00395387.txt
HTAR: a   instcat_y02_191109/job_log_00395389.txt
HTAR: a   instcat_y02_191109/job_log_00397276.txt
HTAR: a   instcat_y02_191109/job_log_00397277.txt
HTAR: a   instcat_y02_191109/job_log_00397278.txt
HTAR: a   instcat_y02_191109/job_log_00397279.txt
HTAR: a   instcat_y02_191109/job_log_00397281.txt
HTAR: a   instcat_y02_191109/job_log_00397282.txt
HTAR: a   instcat_y02_191109/job_log_00397283.txt
HTAR: a   instcat_y02_191109/job_log_00397284.txt
HTAR: a   instcat_y02_191109/job_log_00397285.txt
HTAR: a   instcat_y02_191109/job_log_00397286.txt
HTAR: a   instcat_y02_191109/job_log_00397287.txt
HTAR: a   instcat_y02_191109/job_log_00397288.txt
HTAR: a   instcat_y02_191109/job_log_00397289.txt
HTAR: a   instcat_y02_191109/job_log_00397319.txt
HTAR: a   instcat_y02_191109/job_log_00397320.txt
HTAR: a   instcat_y02_191109/job_log_00397321.txt
HTAR: a   instcat_y02_191109/job_log_00397322.txt
HTAR: a   instcat_y02_191109/job_log_00397326.txt
HTAR: a   instcat_y02_191109/job_log_00397327.txt
HTAR: a   instcat_y02_191109/job_log_00397328.txt
HTAR: a   instcat_y02_191109/job_log_00397329.txt
HTAR: a   instcat_y02_191109/job_log_00397330.txt
HTAR: a   instcat_y02_191109/job_log_00397331.txt
HTAR: a   instcat_y02_191109/job_log_00397332.txt
HTAR: a   instcat_y02_191109/job_log_00397333.txt
HTAR: a   instcat_y02_191109/job_log_00397334.txt
HTAR: a   instcat_y02_191109/job_log_00397335.txt
HTAR: a   instcat_y02_191109/job_log_00398400.txt
HTAR: a   instcat_y02_191109/job_log_00398401.txt
HTAR: a   instcat_y02_191109/job_log_00398406.txt
HTAR: a   instcat_y02_191109/job_log_00398407.txt
HTAR: a   instcat_y02_191109/job_log_00398408.txt
HTAR: a   instcat_y02_191109/job_log_00398409.txt
HTAR: a   instcat_y02_191109/job_log_00398412.txt
HTAR: a   instcat_y02_191109/job_log_00398413.txt
HTAR: a   instcat_y02_191109/job_log_00398416.txt
HTAR: a   instcat_y02_191109/job_log_00398417.txt
HTAR: a   instcat_y02_191109/job_log_00398418.txt
HTAR: a   instcat_y02_191109/job_log_00398419.txt
HTAR: a   instcat_y02_191109/job_log_00398420.txt
HTAR: a   instcat_y02_191109/job_log_00398421.txt
HTAR: a   instcat_y02_191109/job_log_00398451.txt
HTAR: a   instcat_y02_191109/job_log_00399391.txt
HTAR: a   instcat_y02_191109/job_log_00399392.txt
HTAR: a   instcat_y02_191109/job_log_00399393.txt
HTAR: a   instcat_y02_191109/job_log_00399394.txt
HTAR: a   instcat_y02_191109/job_log_00400302.txt
HTAR: a   instcat_y02_191109/job_log_00400329.txt
HTAR: a   instcat_y02_191109/job_log_00400330.txt
HTAR: a   instcat_y02_191109/job_log_00400331.txt
HTAR: a   instcat_y02_191109/job_log_00400332.txt
HTAR: a   instcat_y02_191109/job_log_00400353.txt
HTAR: a   instcat_y02_191109/job_log_00400354.txt
HTAR: a   instcat_y02_191109/job_log_00400356.txt
HTAR: a   instcat_y02_191109/job_log_00400357.txt
HTAR: a   instcat_y02_191109/job_log_00400358.txt
HTAR: a   instcat_y02_191109/job_log_00400388.txt
HTAR: a   instcat_y02_191109/job_log_00400389.txt
HTAR: a   instcat_y02_191109/job_log_00400390.txt
HTAR: a   instcat_y02_191109/job_log_00400391.txt
HTAR: a   instcat_y02_191109/job_log_00400420.txt
HTAR: a   instcat_y02_191109/job_log_00400421.txt
HTAR: a   instcat_y02_191109/job_log_00400422.txt
HTAR: a   instcat_y02_191109/job_log_00400426.txt
HTAR: a   instcat_y02_191109/job_log_00400427.txt
HTAR: a   instcat_y02_191109/job_log_00400428.txt
HTAR: a   instcat_y02_191109/job_log_00400429.txt
HTAR: a   instcat_y02_191109/job_log_00400430.txt
HTAR: a   instcat_y02_191109/job_log_00400436.txt
HTAR: a   instcat_y02_191109/job_log_00400437.txt
HTAR: a   instcat_y02_191109/job_log_00400440.txt
HTAR: a   instcat_y02_191109/job_log_00400447.txt
HTAR: a   instcat_y02_191109/job_log_00400457.txt
HTAR: a   instcat_y02_191109/job_log_00400458.txt
HTAR: a   instcat_y02_191109/job_log_00400462.txt
HTAR: a   instcat_y02_191109/job_log_00400463.txt
HTAR: a   instcat_y02_191109/job_log_00400464.txt
HTAR: a   instcat_y02_191109/job_log_00401556.txt
HTAR: a   instcat_y02_191109/job_log_00401557.txt
HTAR: a   instcat_y02_191109/job_log_00401595.txt
HTAR: a   instcat_y02_191109/job_log_00401596.txt
HTAR: a   instcat_y02_191109/job_log_00401604.txt
HTAR: a   instcat_y02_191109/job_log_00401605.txt
HTAR: a   instcat_y02_191109/job_log_00401606.txt
HTAR: a   instcat_y02_191109/job_log_00401607.txt
HTAR: a   instcat_y02_191109/job_log_00401610.txt
HTAR: a   instcat_y02_191109/job_log_00401611.txt
HTAR: a   /tmp/HTAR_CF_CHK_2363_1580506338
HTAR Create complete for /home/projects/desc/DC2_ImSim/Run2.2i/instCat/y02_191109/00330637to00401611.tar. 536,205,085,696 bytes written for 244 member files, max threads: 50 Transfer time: 3790.506 seconds (141.460 MB/s) wallclock/user/sys: 3792.464 4452.132 1811.569 seconds
HTAR: HTAR SUCCESSFUL
HTAR: a   instcat_y02_191109/00401612.tar.gz
HTAR: a   instcat_y02_191109/00401616.tar.gz
HTAR: a   instcat_y02_191109/00401653.tar.gz
HTAR: a   instcat_y02_191109/00401654.tar.gz
HTAR: a   instcat_y02_191109/00401658.tar.gz
HTAR: a   instcat_y02_191109/00401659.tar.gz
HTAR: a   instcat_y02_191109/00401660.tar.gz
HTAR: a   instcat_y02_191109/00401662.tar.gz
HTAR: a   instcat_y02_191109/00401663.tar.gz
HTAR: a   instcat_y02_191109/00401664.tar.gz
HTAR: a   instcat_y02_191109/00401665.tar.gz
HTAR: a   instcat_y02_191109/00405644.tar.gz
HTAR: a   instcat_y02_191109/00405673.tar.gz
HTAR: a   instcat_y02_191109/00405723.tar.gz
HTAR: a   instcat_y02_191109/00405724.tar.gz
HTAR: a   instcat_y02_191109/00405725.tar.gz
HTAR: a   instcat_y02_191109/00405757.tar.gz
HTAR: a   instcat_y02_191109/00406919.tar.gz
HTAR: a   instcat_y02_191109/00406929.tar.gz
HTAR: a   instcat_y02_191109/00406930.tar.gz
HTAR: a   instcat_y02_191109/00406941.tar.gz
HTAR: a   instcat_y02_191109/00406948.tar.gz
HTAR: a   instcat_y02_191109/00406950.tar.gz
HTAR: a   instcat_y02_191109/00406951.tar.gz
HTAR: a   instcat_y02_191109/00406952.tar.gz
HTAR: a   instcat_y02_191109/00406955.tar.gz
HTAR: a   instcat_y02_191109/00406956.tar.gz
HTAR: a   instcat_y02_191109/00406957.tar.gz
HTAR: a   instcat_y02_191109/00406958.tar.gz
HTAR: a   instcat_y02_191109/00406960.tar.gz
HTAR: a   instcat_y02_191109/00406969.tar.gz
HTAR: a   instcat_y02_191109/00406971.tar.gz
HTAR: a   instcat_y02_191109/00406972.tar.gz
HTAR: a   instcat_y02_191109/00406973.tar.gz
HTAR: a   instcat_y02_191109/00406974.tar.gz
HTAR: a   instcat_y02_191109/00406975.tar.gz
HTAR: a   instcat_y02_191109/00406976.tar.gz
HTAR: a   instcat_y02_191109/00406981.tar.gz
HTAR: a   instcat_y02_191109/00406982.tar.gz
HTAR: a   instcat_y02_191109/00406990.tar.gz
HTAR: a   instcat_y02_191109/00406991.tar.gz
HTAR: a   instcat_y02_191109/00406992.tar.gz
HTAR: a   instcat_y02_191109/00406996.tar.gz
HTAR: a   instcat_y02_191109/00406997.tar.gz
HTAR: a   instcat_y02_191109/00406998.tar.gz
HTAR: a   instcat_y02_191109/00407000.tar.gz
HTAR: a   instcat_y02_191109/00407038.tar.gz
HTAR: a   instcat_y02_191109/00407039.tar.gz
HTAR: a   instcat_y02_191109/00407052.tar.gz
HTAR: a   instcat_y02_191109/00407061.tar.gz
HTAR: a   instcat_y02_191109/00407064.tar.gz
HTAR: a   instcat_y02_191109/00407846.tar.gz
HTAR: a   instcat_y02_191109/00407862.tar.gz
HTAR: a   instcat_y02_191109/00407863.tar.gz
HTAR: a   instcat_y02_191109/00407885.tar.gz
HTAR: a   instcat_y02_191109/00407886.tar.gz
HTAR: a   instcat_y02_191109/00407887.tar.gz
HTAR: a   instcat_y02_191109/00407890.tar.gz
HTAR: a   instcat_y02_191109/00407891.tar.gz
HTAR: a   instcat_y02_191109/00407892.tar.gz
HTAR: a   instcat_y02_191109/00407893.tar.gz
HTAR: a   instcat_y02_191109/00407894.tar.gz
HTAR: a   instcat_y02_191109/00407895.tar.gz
HTAR: a   instcat_y02_191109/00407909.tar.gz
HTAR: a   instcat_y02_191109/00407912.tar.gz
HTAR: a   instcat_y02_191109/00407913.tar.gz
HTAR: a   instcat_y02_191109/00407914.tar.gz
HTAR: a   instcat_y02_191109/00407916.tar.gz
HTAR: a   instcat_y02_191109/00407919.tar.gz
HTAR: a   instcat_y02_191109/00407920.tar.gz
HTAR: a   instcat_y02_191109/00407921.tar.gz
HTAR: a   instcat_y02_191109/00407922.tar.gz
HTAR: a   instcat_y02_191109/00407923.tar.gz
HTAR: a   instcat_y02_191109/00407924.tar.gz
HTAR: a   instcat_y02_191109/00407925.tar.gz
HTAR: a   instcat_y02_191109/00407930.tar.gz
HTAR: a   instcat_y02_191109/00407931.tar.gz
HTAR: a   instcat_y02_191109/00407932.tar.gz
HTAR: a   instcat_y02_191109/00407935.tar.gz
HTAR: a   instcat_y02_191109/00407937.tar.gz
HTAR: a   instcat_y02_191109/00407938.tar.gz
HTAR: a   instcat_y02_191109/00407947.tar.gz
HTAR: a   instcat_y02_191109/00407948.tar.gz
HTAR: a   instcat_y02_191109/00407950.tar.gz
HTAR: a   instcat_y02_191109/00407951.tar.gz
HTAR: a   instcat_y02_191109/00407952.tar.gz
HTAR: a   instcat_y02_191109/00407953.tar.gz
HTAR: a   instcat_y02_191109/00407954.tar.gz
HTAR: a   instcat_y02_191109/00407955.tar.gz
HTAR: a   instcat_y02_191109/00407967.tar.gz
HTAR: a   instcat_y02_191109/00408880.tar.gz
HTAR: a   instcat_y02_191109/00408905.tar.gz
HTAR: a   instcat_y02_191109/00408906.tar.gz
HTAR: a   instcat_y02_191109/00408907.tar.gz
HTAR: a   instcat_y02_191109/00408908.tar.gz
HTAR: a   instcat_y02_191109/00408909.tar.gz
HTAR: a   instcat_y02_191109/00408910.tar.gz
HTAR: a   instcat_y02_191109/00408941.tar.gz
HTAR: a   instcat_y02_191109/00408942.tar.gz
HTAR: a   instcat_y02_191109/00408943.tar.gz
HTAR: a   instcat_y02_191109/00408944.tar.gz
HTAR: a   instcat_y02_191109/00408945.tar.gz
HTAR: a   instcat_y02_191109/00408946.tar.gz
HTAR: a   instcat_y02_191109/00409007.tar.gz
HTAR: a   instcat_y02_191109/00409008.tar.gz
HTAR: a   instcat_y02_191109/00409035.tar.gz
HTAR: a   instcat_y02_191109/00409036.tar.gz
HTAR: a   instcat_y02_191109/00409037.tar.gz
HTAR: a   instcat_y02_191109/00409038.tar.gz
HTAR: a   instcat_y02_191109/00409076.tar.gz
HTAR: a   instcat_y02_191109/00409077.tar.gz
HTAR: a   instcat_y02_191109/00409086.tar.gz
HTAR: a   instcat_y02_191109/00409107.tar.gz
HTAR: a   instcat_y02_191109/00409109.tar.gz
HTAR: a   instcat_y02_191109/00409991.tar.gz
HTAR: a   instcat_y02_191109/00409992.tar.gz
HTAR: a   instcat_y02_191109/00409993.tar.gz
HTAR: a   instcat_y02_191109/00410027.tar.gz
HTAR: a   instcat_y02_191109/00410028.tar.gz
HTAR: a   instcat_y02_191109/00410029.tar.gz
HTAR: a   instcat_y02_191109/00410030.tar.gz
HTAR: a   instcat_y02_191109/00410064.tar.gz
HTAR: a   instcat_y02_191109/job_log_00401612.txt
HTAR: a   instcat_y02_191109/job_log_00401616.txt
HTAR: a   instcat_y02_191109/job_log_00401653.txt
HTAR: a   instcat_y02_191109/job_log_00401654.txt
HTAR: a   instcat_y02_191109/job_log_00401658.txt
HTAR: a   instcat_y02_191109/job_log_00401659.txt
HTAR: a   instcat_y02_191109/job_log_00401660.txt
HTAR: a   instcat_y02_191109/job_log_00401662.txt
HTAR: a   instcat_y02_191109/job_log_00401663.txt
HTAR: a   instcat_y02_191109/job_log_00401664.txt
HTAR: a   instcat_y02_191109/job_log_00401665.txt
HTAR: a   instcat_y02_191109/job_log_00405644.txt
HTAR: a   instcat_y02_191109/job_log_00405673.txt
HTAR: a   instcat_y02_191109/job_log_00405723.txt
HTAR: a   instcat_y02_191109/job_log_00405724.txt
HTAR: a   instcat_y02_191109/job_log_00405725.txt
HTAR: a   instcat_y02_191109/job_log_00405757.txt
HTAR: a   instcat_y02_191109/job_log_00406919.txt
HTAR: a   instcat_y02_191109/job_log_00406929.txt
HTAR: a   instcat_y02_191109/job_log_00406930.txt
HTAR: a   instcat_y02_191109/job_log_00406941.txt
HTAR: a   instcat_y02_191109/job_log_00406948.txt
HTAR: a   instcat_y02_191109/job_log_00406950.txt
HTAR: a   instcat_y02_191109/job_log_00406951.txt
HTAR: a   instcat_y02_191109/job_log_00406952.txt
HTAR: a   instcat_y02_191109/job_log_00406955.txt
HTAR: a   instcat_y02_191109/job_log_00406956.txt
HTAR: a   instcat_y02_191109/job_log_00406957.txt
HTAR: a   instcat_y02_191109/job_log_00406958.txt
HTAR: a   instcat_y02_191109/job_log_00406960.txt
HTAR: a   instcat_y02_191109/job_log_00406969.txt
HTAR: a   instcat_y02_191109/job_log_00406971.txt
HTAR: a   instcat_y02_191109/job_log_00406972.txt
HTAR: a   instcat_y02_191109/job_log_00406973.txt
HTAR: a   instcat_y02_191109/job_log_00406974.txt
HTAR: a   instcat_y02_191109/job_log_00406975.txt
HTAR: a   instcat_y02_191109/job_log_00406976.txt
HTAR: a   instcat_y02_191109/job_log_00406981.txt
HTAR: a   instcat_y02_191109/job_log_00406982.txt
HTAR: a   instcat_y02_191109/job_log_00406990.txt
HTAR: a   instcat_y02_191109/job_log_00406991.txt
HTAR: a   instcat_y02_191109/job_log_00406992.txt
HTAR: a   instcat_y02_191109/job_log_00406996.txt
HTAR: a   instcat_y02_191109/job_log_00406997.txt
HTAR: a   instcat_y02_191109/job_log_00406998.txt
HTAR: a   instcat_y02_191109/job_log_00407000.txt
HTAR: a   instcat_y02_191109/job_log_00407038.txt
HTAR: a   instcat_y02_191109/job_log_00407039.txt
HTAR: a   instcat_y02_191109/job_log_00407052.txt
HTAR: a   instcat_y02_191109/job_log_00407061.txt
HTAR: a   instcat_y02_191109/job_log_00407064.txt
HTAR: a   instcat_y02_191109/job_log_00407846.txt
HTAR: a   instcat_y02_191109/job_log_00407862.txt
HTAR: a   instcat_y02_191109/job_log_00407863.txt
HTAR: a   instcat_y02_191109/job_log_00407885.txt
HTAR: a   instcat_y02_191109/job_log_00407886.txt
HTAR: a   instcat_y02_191109/job_log_00407887.txt
HTAR: a   instcat_y02_191109/job_log_00407890.txt
HTAR: a   instcat_y02_191109/job_log_00407891.txt
HTAR: a   instcat_y02_191109/job_log_00407892.txt
HTAR: a   instcat_y02_191109/job_log_00407893.txt
HTAR: a   instcat_y02_191109/job_log_00407894.txt
HTAR: a   instcat_y02_191109/job_log_00407895.txt
HTAR: a   instcat_y02_191109/job_log_00407909.txt
HTAR: a   instcat_y02_191109/job_log_00407912.txt
HTAR: a   instcat_y02_191109/job_log_00407913.txt
HTAR: a   instcat_y02_191109/job_log_00407914.txt
HTAR: a   instcat_y02_191109/job_log_00407916.txt
HTAR: a   instcat_y02_191109/job_log_00407919.txt
HTAR: a   instcat_y02_191109/job_log_00407920.txt
HTAR: a   instcat_y02_191109/job_log_00407921.txt
HTAR: a   instcat_y02_191109/job_log_00407922.txt
HTAR: a   instcat_y02_191109/job_log_00407923.txt
HTAR: a   instcat_y02_191109/job_log_00407924.txt
HTAR: a   instcat_y02_191109/job_log_00407925.txt
HTAR: a   instcat_y02_191109/job_log_00407930.txt
HTAR: a   instcat_y02_191109/job_log_00407931.txt
HTAR: a   instcat_y02_191109/job_log_00407932.txt
HTAR: a   instcat_y02_191109/job_log_00407935.txt
HTAR: a   instcat_y02_191109/job_log_00407937.txt
HTAR: a   instcat_y02_191109/job_log_00407938.txt
HTAR: a   instcat_y02_191109/job_log_00407947.txt
HTAR: a   instcat_y02_191109/job_log_00407948.txt
HTAR: a   instcat_y02_191109/job_log_00407950.txt
HTAR: a   instcat_y02_191109/job_log_00407951.txt
HTAR: a   instcat_y02_191109/job_log_00407952.txt
HTAR: a   instcat_y02_191109/job_log_00407953.txt
HTAR: a   instcat_y02_191109/job_log_00407954.txt
HTAR: a   instcat_y02_191109/job_log_00407955.txt
HTAR: a   instcat_y02_191109/job_log_00407967.txt
HTAR: a   instcat_y02_191109/job_log_00408880.txt
HTAR: a   instcat_y02_191109/job_log_00408905.txt
HTAR: a   instcat_y02_191109/job_log_00408906.txt
HTAR: a   instcat_y02_191109/job_log_00408907.txt
HTAR: a   instcat_y02_191109/job_log_00408908.txt
HTAR: a   instcat_y02_191109/job_log_00408909.txt
HTAR: a   instcat_y02_191109/job_log_00408910.txt
HTAR: a   instcat_y02_191109/job_log_00408941.txt
HTAR: a   instcat_y02_191109/job_log_00408942.txt
HTAR: a   instcat_y02_191109/job_log_00408943.txt
HTAR: a   instcat_y02_191109/job_log_00408944.txt
HTAR: a   instcat_y02_191109/job_log_00408945.txt
HTAR: a   instcat_y02_191109/job_log_00408946.txt
HTAR: a   instcat_y02_191109/job_log_00409007.txt
HTAR: a   instcat_y02_191109/job_log_00409008.txt
HTAR: a   instcat_y02_191109/job_log_00409035.txt
HTAR: a   instcat_y02_191109/job_log_00409036.txt
HTAR: a   instcat_y02_191109/job_log_00409037.txt
HTAR: a   instcat_y02_191109/job_log_00409038.txt
HTAR: a   instcat_y02_191109/job_log_00409076.txt
HTAR: a   instcat_y02_191109/job_log_00409077.txt
HTAR: a   instcat_y02_191109/job_log_00409086.txt
HTAR: a   instcat_y02_191109/job_log_00409107.txt
HTAR: a   instcat_y02_191109/job_log_00409109.txt
HTAR: a   instcat_y02_191109/job_log_00409991.txt
HTAR: a   instcat_y02_191109/job_log_00409992.txt
HTAR: a   instcat_y02_191109/job_log_00409993.txt
HTAR: a   instcat_y02_191109/job_log_00410027.txt
HTAR: a   instcat_y02_191109/job_log_00410028.txt
HTAR: a   instcat_y02_191109/job_log_00410029.txt
HTAR: a   instcat_y02_191109/job_log_00410030.txt
HTAR: a   instcat_y02_191109/job_log_00410064.txt
HTAR: a   /tmp/HTAR_CF_CHK_62478_1580510133
HTAR Create complete for /home/projects/desc/DC2_ImSim/Run2.2i/instCat/y02_191109/00401612to00410064.tar. 520,345,614,848 bytes written for 244 member files, max threads: 50 Transfer time: 3506.774 seconds (148.383 MB/s) wallclock/user/sys: 3508.339 4041.937 1709.007 seconds
HTAR: HTAR SUCCESSFUL
