HTAR: a   instcat_y02_191109/00410065.tar.gz
HTAR: a   instcat_y02_191109/00410066.tar.gz
HTAR: a   instcat_y02_191109/00410067.tar.gz
HTAR: a   instcat_y02_191109/00410068.tar.gz
HTAR: a   instcat_y02_191109/00410069.tar.gz
HTAR: a   instcat_y02_191109/00410847.tar.gz
HTAR: a   instcat_y02_191109/00410851.tar.gz
HTAR: a   instcat_y02_191109/00410852.tar.gz
HTAR: a   instcat_y02_191109/00410869.tar.gz
HTAR: a   instcat_y02_191109/00410870.tar.gz
HTAR: a   instcat_y02_191109/00410872.tar.gz
HTAR: a   instcat_y02_191109/00410880.tar.gz
HTAR: a   instcat_y02_191109/00410887.tar.gz
HTAR: a   instcat_y02_191109/00410901.tar.gz
HTAR: a   instcat_y02_191109/00410902.tar.gz
HTAR: a   instcat_y02_191109/00410924.tar.gz
HTAR: a   instcat_y02_191109/00410925.tar.gz
HTAR: a   instcat_y02_191109/00410927.tar.gz
HTAR: a   instcat_y02_191109/00410928.tar.gz
HTAR: a   instcat_y02_191109/00410929.tar.gz
HTAR: a   instcat_y02_191109/00410930.tar.gz
HTAR: a   instcat_y02_191109/00410956.tar.gz
HTAR: a   instcat_y02_191109/00410957.tar.gz
HTAR: a   instcat_y02_191109/00410962.tar.gz
HTAR: a   instcat_y02_191109/00410963.tar.gz
HTAR: a   instcat_y02_191109/00410964.tar.gz
HTAR: a   instcat_y02_191109/00410967.tar.gz
HTAR: a   instcat_y02_191109/00410968.tar.gz
HTAR: a   instcat_y02_191109/00410982.tar.gz
HTAR: a   instcat_y02_191109/00410983.tar.gz
HTAR: a   instcat_y02_191109/00410984.tar.gz
HTAR: a   instcat_y02_191109/00410988.tar.gz
HTAR: a   instcat_y02_191109/00410989.tar.gz
HTAR: a   instcat_y02_191109/00410990.tar.gz
HTAR: a   instcat_y02_191109/00410996.tar.gz
HTAR: a   instcat_y02_191109/00410997.tar.gz
HTAR: a   instcat_y02_191109/00411029.tar.gz
HTAR: a   instcat_y02_191109/00411030.tar.gz
HTAR: a   instcat_y02_191109/00411031.tar.gz
HTAR: a   instcat_y02_191109/00411047.tar.gz
HTAR: a   instcat_y02_191109/00411074.tar.gz
HTAR: a   instcat_y02_191109/00412954.tar.gz
HTAR: a   instcat_y02_191109/00413021.tar.gz
HTAR: a   instcat_y02_191109/00413058.tar.gz
HTAR: a   instcat_y02_191109/00414856.tar.gz
HTAR: a   instcat_y02_191109/00414858.tar.gz
HTAR: a   instcat_y02_191109/00414859.tar.gz
HTAR: a   instcat_y02_191109/00414860.tar.gz
HTAR: a   instcat_y02_191109/00414862.tar.gz
HTAR: a   instcat_y02_191109/00414863.tar.gz
HTAR: a   instcat_y02_191109/00414864.tar.gz
HTAR: a   instcat_y02_191109/00414865.tar.gz
HTAR: a   instcat_y02_191109/00414866.tar.gz
HTAR: a   instcat_y02_191109/00414870.tar.gz
HTAR: a   instcat_y02_191109/00414873.tar.gz
HTAR: a   instcat_y02_191109/00414874.tar.gz
HTAR: a   instcat_y02_191109/00414875.tar.gz
HTAR: a   instcat_y02_191109/00414886.tar.gz
HTAR: a   instcat_y02_191109/00414888.tar.gz
HTAR: a   instcat_y02_191109/00414889.tar.gz
HTAR: a   instcat_y02_191109/00414890.tar.gz
HTAR: a   instcat_y02_191109/00414893.tar.gz
HTAR: a   instcat_y02_191109/00414904.tar.gz
HTAR: a   instcat_y02_191109/00414905.tar.gz
HTAR: a   instcat_y02_191109/00414906.tar.gz
HTAR: a   instcat_y02_191109/00414914.tar.gz
HTAR: a   instcat_y02_191109/00414915.tar.gz
HTAR: a   instcat_y02_191109/00414955.tar.gz
HTAR: a   instcat_y02_191109/00414956.tar.gz
HTAR: a   instcat_y02_191109/00414962.tar.gz
HTAR: a   instcat_y02_191109/00414963.tar.gz
HTAR: a   instcat_y02_191109/00414991.tar.gz
HTAR: a   instcat_y02_191109/00414992.tar.gz
HTAR: a   instcat_y02_191109/00414999.tar.gz
HTAR: a   instcat_y02_191109/00415000.tar.gz
HTAR: a   instcat_y02_191109/00415001.tar.gz
HTAR: a   instcat_y02_191109/00415002.tar.gz
HTAR: a   instcat_y02_191109/00415003.tar.gz
HTAR: a   instcat_y02_191109/00415004.tar.gz
HTAR: a   instcat_y02_191109/00415005.tar.gz
HTAR: a   instcat_y02_191109/00415006.tar.gz
HTAR: a   instcat_y02_191109/00415016.tar.gz
HTAR: a   instcat_y02_191109/00415022.tar.gz
HTAR: a   instcat_y02_191109/00415023.tar.gz
HTAR: a   instcat_y02_191109/00415024.tar.gz
HTAR: a   instcat_y02_191109/00415025.tar.gz
HTAR: a   instcat_y02_191109/00415026.tar.gz
HTAR: a   instcat_y02_191109/00415027.tar.gz
HTAR: a   instcat_y02_191109/00415028.tar.gz
HTAR: a   instcat_y02_191109/00415029.tar.gz
HTAR: a   instcat_y02_191109/00415030.tar.gz
HTAR: a   instcat_y02_191109/00415031.tar.gz
HTAR: a   instcat_y02_191109/00415032.tar.gz
HTAR: a   instcat_y02_191109/00415033.tar.gz
HTAR: a   instcat_y02_191109/00415035.tar.gz
HTAR: a   instcat_y02_191109/00416920.tar.gz
HTAR: a   instcat_y02_191109/00416922.tar.gz
HTAR: a   instcat_y02_191109/00416924.tar.gz
HTAR: a   instcat_y02_191109/00416925.tar.gz
HTAR: a   instcat_y02_191109/00416926.tar.gz
HTAR: a   instcat_y02_191109/00416928.tar.gz
HTAR: a   instcat_y02_191109/00416929.tar.gz
HTAR: a   instcat_y02_191109/00416951.tar.gz
HTAR: a   instcat_y02_191109/00416953.tar.gz
HTAR: a   instcat_y02_191109/00416954.tar.gz
HTAR: a   instcat_y02_191109/00416955.tar.gz
HTAR: a   instcat_y02_191109/00416956.tar.gz
HTAR: a   instcat_y02_191109/00416957.tar.gz
HTAR: a   instcat_y02_191109/00416958.tar.gz
HTAR: a   instcat_y02_191109/00416959.tar.gz
HTAR: a   instcat_y02_191109/00416960.tar.gz
HTAR: a   instcat_y02_191109/00417001.tar.gz
HTAR: a   instcat_y02_191109/00417002.tar.gz
HTAR: a   instcat_y02_191109/00417006.tar.gz
HTAR: a   instcat_y02_191109/00417007.tar.gz
HTAR: a   instcat_y02_191109/00417008.tar.gz
HTAR: a   instcat_y02_191109/00417009.tar.gz
HTAR: a   instcat_y02_191109/00417010.tar.gz
HTAR: a   instcat_y02_191109/00417049.tar.gz
HTAR: a   instcat_y02_191109/00417050.tar.gz
HTAR: a   instcat_y02_191109/00417051.tar.gz
HTAR: a   instcat_y02_191109/00417055.tar.gz
HTAR: a   instcat_y02_191109/job_log_00410065.txt
HTAR: a   instcat_y02_191109/job_log_00410066.txt
HTAR: a   instcat_y02_191109/job_log_00410067.txt
HTAR: a   instcat_y02_191109/job_log_00410068.txt
HTAR: a   instcat_y02_191109/job_log_00410069.txt
HTAR: a   instcat_y02_191109/job_log_00410847.txt
HTAR: a   instcat_y02_191109/job_log_00410851.txt
HTAR: a   instcat_y02_191109/job_log_00410852.txt
HTAR: a   instcat_y02_191109/job_log_00410869.txt
HTAR: a   instcat_y02_191109/job_log_00410870.txt
HTAR: a   instcat_y02_191109/job_log_00410872.txt
HTAR: a   instcat_y02_191109/job_log_00410880.txt
HTAR: a   instcat_y02_191109/job_log_00410887.txt
HTAR: a   instcat_y02_191109/job_log_00410901.txt
HTAR: a   instcat_y02_191109/job_log_00410902.txt
HTAR: a   instcat_y02_191109/job_log_00410924.txt
HTAR: a   instcat_y02_191109/job_log_00410925.txt
HTAR: a   instcat_y02_191109/job_log_00410927.txt
HTAR: a   instcat_y02_191109/job_log_00410928.txt
HTAR: a   instcat_y02_191109/job_log_00410929.txt
HTAR: a   instcat_y02_191109/job_log_00410930.txt
HTAR: a   instcat_y02_191109/job_log_00410956.txt
HTAR: a   instcat_y02_191109/job_log_00410957.txt
HTAR: a   instcat_y02_191109/job_log_00410962.txt
HTAR: a   instcat_y02_191109/job_log_00410963.txt
HTAR: a   instcat_y02_191109/job_log_00410964.txt
HTAR: a   instcat_y02_191109/job_log_00410967.txt
HTAR: a   instcat_y02_191109/job_log_00410968.txt
HTAR: a   instcat_y02_191109/job_log_00410982.txt
HTAR: a   instcat_y02_191109/job_log_00410983.txt
HTAR: a   instcat_y02_191109/job_log_00410984.txt
HTAR: a   instcat_y02_191109/job_log_00410988.txt
HTAR: a   instcat_y02_191109/job_log_00410989.txt
HTAR: a   instcat_y02_191109/job_log_00410990.txt
HTAR: a   instcat_y02_191109/job_log_00410996.txt
HTAR: a   instcat_y02_191109/job_log_00410997.txt
HTAR: a   instcat_y02_191109/job_log_00411029.txt
HTAR: a   instcat_y02_191109/job_log_00411030.txt
HTAR: a   instcat_y02_191109/job_log_00411031.txt
HTAR: a   instcat_y02_191109/job_log_00411047.txt
HTAR: a   instcat_y02_191109/job_log_00411074.txt
HTAR: a   instcat_y02_191109/job_log_00412954.txt
HTAR: a   instcat_y02_191109/job_log_00413021.txt
HTAR: a   instcat_y02_191109/job_log_00413058.txt
HTAR: a   instcat_y02_191109/job_log_00414856.txt
HTAR: a   instcat_y02_191109/job_log_00414858.txt
HTAR: a   instcat_y02_191109/job_log_00414859.txt
HTAR: a   instcat_y02_191109/job_log_00414860.txt
HTAR: a   instcat_y02_191109/job_log_00414862.txt
HTAR: a   instcat_y02_191109/job_log_00414863.txt
HTAR: a   instcat_y02_191109/job_log_00414864.txt
HTAR: a   instcat_y02_191109/job_log_00414865.txt
HTAR: a   instcat_y02_191109/job_log_00414866.txt
HTAR: a   instcat_y02_191109/job_log_00414870.txt
HTAR: a   instcat_y02_191109/job_log_00414873.txt
HTAR: a   instcat_y02_191109/job_log_00414874.txt
HTAR: a   instcat_y02_191109/job_log_00414875.txt
HTAR: a   instcat_y02_191109/job_log_00414886.txt
HTAR: a   instcat_y02_191109/job_log_00414888.txt
HTAR: a   instcat_y02_191109/job_log_00414889.txt
HTAR: a   instcat_y02_191109/job_log_00414890.txt
HTAR: a   instcat_y02_191109/job_log_00414893.txt
HTAR: a   instcat_y02_191109/job_log_00414904.txt
HTAR: a   instcat_y02_191109/job_log_00414905.txt
HTAR: a   instcat_y02_191109/job_log_00414906.txt
HTAR: a   instcat_y02_191109/job_log_00414914.txt
HTAR: a   instcat_y02_191109/job_log_00414915.txt
HTAR: a   instcat_y02_191109/job_log_00414955.txt
HTAR: a   instcat_y02_191109/job_log_00414956.txt
HTAR: a   instcat_y02_191109/job_log_00414962.txt
HTAR: a   instcat_y02_191109/job_log_00414963.txt
HTAR: a   instcat_y02_191109/job_log_00414991.txt
HTAR: a   instcat_y02_191109/job_log_00414992.txt
HTAR: a   instcat_y02_191109/job_log_00414999.txt
HTAR: a   instcat_y02_191109/job_log_00415000.txt
HTAR: a   instcat_y02_191109/job_log_00415001.txt
HTAR: a   instcat_y02_191109/job_log_00415002.txt
HTAR: a   instcat_y02_191109/job_log_00415003.txt
HTAR: a   instcat_y02_191109/job_log_00415004.txt
HTAR: a   instcat_y02_191109/job_log_00415005.txt
HTAR: a   instcat_y02_191109/job_log_00415006.txt
HTAR: a   instcat_y02_191109/job_log_00415016.txt
HTAR: a   instcat_y02_191109/job_log_00415022.txt
HTAR: a   instcat_y02_191109/job_log_00415023.txt
HTAR: a   instcat_y02_191109/job_log_00415024.txt
HTAR: a   instcat_y02_191109/job_log_00415025.txt
HTAR: a   instcat_y02_191109/job_log_00415026.txt
HTAR: a   instcat_y02_191109/job_log_00415027.txt
HTAR: a   instcat_y02_191109/job_log_00415028.txt
HTAR: a   instcat_y02_191109/job_log_00415029.txt
HTAR: a   instcat_y02_191109/job_log_00415030.txt
HTAR: a   instcat_y02_191109/job_log_00415031.txt
HTAR: a   instcat_y02_191109/job_log_00415032.txt
HTAR: a   instcat_y02_191109/job_log_00415033.txt
HTAR: a   instcat_y02_191109/job_log_00415035.txt
HTAR: a   instcat_y02_191109/job_log_00416920.txt
HTAR: a   instcat_y02_191109/job_log_00416922.txt
HTAR: a   instcat_y02_191109/job_log_00416924.txt
HTAR: a   instcat_y02_191109/job_log_00416925.txt
HTAR: a   instcat_y02_191109/job_log_00416926.txt
HTAR: a   instcat_y02_191109/job_log_00416928.txt
HTAR: a   instcat_y02_191109/job_log_00416929.txt
HTAR: a   instcat_y02_191109/job_log_00416951.txt
HTAR: a   instcat_y02_191109/job_log_00416953.txt
HTAR: a   instcat_y02_191109/job_log_00416954.txt
HTAR: a   instcat_y02_191109/job_log_00416955.txt
HTAR: a   instcat_y02_191109/job_log_00416956.txt
HTAR: a   instcat_y02_191109/job_log_00416957.txt
HTAR: a   instcat_y02_191109/job_log_00416958.txt
HTAR: a   instcat_y02_191109/job_log_00416959.txt
HTAR: a   instcat_y02_191109/job_log_00416960.txt
HTAR: a   instcat_y02_191109/job_log_00417001.txt
HTAR: a   instcat_y02_191109/job_log_00417002.txt
HTAR: a   instcat_y02_191109/job_log_00417006.txt
HTAR: a   instcat_y02_191109/job_log_00417007.txt
HTAR: a   instcat_y02_191109/job_log_00417008.txt
HTAR: a   instcat_y02_191109/job_log_00417009.txt
HTAR: a   instcat_y02_191109/job_log_00417010.txt
HTAR: a   instcat_y02_191109/job_log_00417049.txt
HTAR: a   instcat_y02_191109/job_log_00417050.txt
HTAR: a   instcat_y02_191109/job_log_00417051.txt
HTAR: a   instcat_y02_191109/job_log_00417055.txt
HTAR: a   /tmp/HTAR_CF_CHK_46294_1580490053
HTAR Create complete for /home/projects/desc/DC2_ImSim/Run2.2i/instCat/y02_191109/00410065to00417055.tar. 504,130,401,280 bytes written for 244 member files, max threads: 50 Transfer time: 3266.606 seconds (154.328 MB/s) wallclock/user/sys: 3268.777 3858.544 1541.576 seconds
HTAR: HTAR SUCCESSFUL
HTAR: a   instcat_y02_191109/00417056.tar.gz
HTAR: a   instcat_y02_191109/00417057.tar.gz
HTAR: a   instcat_y02_191109/00417060.tar.gz
HTAR: a   instcat_y02_191109/00417061.tar.gz
HTAR: a   instcat_y02_191109/00417062.tar.gz
HTAR: a   instcat_y02_191109/00417063.tar.gz
HTAR: a   instcat_y02_191109/00417067.tar.gz
HTAR: a   instcat_y02_191109/00417068.tar.gz
HTAR: a   instcat_y02_191109/00417069.tar.gz
HTAR: a   instcat_y02_191109/00417070.tar.gz
HTAR: a   instcat_y02_191109/00417071.tar.gz
HTAR: a   instcat_y02_191109/00417096.tar.gz
HTAR: a   instcat_y02_191109/00417097.tar.gz
HTAR: a   instcat_y02_191109/00417098.tar.gz
HTAR: a   instcat_y02_191109/00417099.tar.gz
HTAR: a   instcat_y02_191109/00417100.tar.gz
HTAR: a   instcat_y02_191109/00417106.tar.gz
HTAR: a   instcat_y02_191109/00417107.tar.gz
HTAR: a   instcat_y02_191109/00417974.tar.gz
HTAR: a   instcat_y02_191109/00417975.tar.gz
HTAR: a   instcat_y02_191109/00417976.tar.gz
HTAR: a   instcat_y02_191109/00418084.tar.gz
HTAR: a   instcat_y02_191109/00418143.tar.gz
HTAR: a   instcat_y02_191109/00418145.tar.gz
HTAR: a   instcat_y02_191109/00418154.tar.gz
HTAR: a   instcat_y02_191109/00418155.tar.gz
HTAR: a   instcat_y02_191109/00418156.tar.gz
HTAR: a   instcat_y02_191109/00418157.tar.gz
HTAR: a   instcat_y02_191109/00418158.tar.gz
HTAR: a   instcat_y02_191109/00418187.tar.gz
HTAR: a   instcat_y02_191109/00418188.tar.gz
HTAR: a   instcat_y02_191109/00418189.tar.gz
HTAR: a   instcat_y02_191109/00418190.tar.gz
HTAR: a   instcat_y02_191109/00418191.tar.gz
HTAR: a   instcat_y02_191109/00418194.tar.gz
HTAR: a   instcat_y02_191109/00418200.tar.gz
HTAR: a   instcat_y02_191109/00418201.tar.gz
HTAR: a   instcat_y02_191109/00418202.tar.gz
HTAR: a   instcat_y02_191109/00418205.tar.gz
HTAR: a   instcat_y02_191109/00418207.tar.gz
HTAR: a   instcat_y02_191109/00418208.tar.gz
HTAR: a   instcat_y02_191109/00418209.tar.gz
HTAR: a   instcat_y02_191109/00418216.tar.gz
HTAR: a   instcat_y02_191109/00418217.tar.gz
HTAR: a   instcat_y02_191109/00418224.tar.gz
HTAR: a   instcat_y02_191109/00418225.tar.gz
HTAR: a   instcat_y02_191109/00418228.tar.gz
HTAR: a   instcat_y02_191109/00418951.tar.gz
HTAR: a   instcat_y02_191109/00418963.tar.gz
HTAR: a   instcat_y02_191109/00418964.tar.gz
HTAR: a   instcat_y02_191109/00418965.tar.gz
HTAR: a   instcat_y02_191109/00418967.tar.gz
HTAR: a   instcat_y02_191109/00418968.tar.gz
HTAR: a   instcat_y02_191109/00418969.tar.gz
HTAR: a   instcat_y02_191109/00418970.tar.gz
HTAR: a   instcat_y02_191109/00418974.tar.gz
HTAR: a   instcat_y02_191109/00418996.tar.gz
HTAR: a   instcat_y02_191109/00418997.tar.gz
HTAR: a   instcat_y02_191109/00419000.tar.gz
HTAR: a   instcat_y02_191109/00419001.tar.gz
HTAR: a   instcat_y02_191109/00419002.tar.gz
HTAR: a   instcat_y02_191109/00419005.tar.gz
HTAR: a   instcat_y02_191109/00419011.tar.gz
HTAR: a   instcat_y02_191109/00419012.tar.gz
HTAR: a   instcat_y02_191109/00419013.tar.gz
HTAR: a   instcat_y02_191109/00419014.tar.gz
HTAR: a   instcat_y02_191109/00419015.tar.gz
HTAR: a   instcat_y02_191109/00419019.tar.gz
HTAR: a   instcat_y02_191109/00419020.tar.gz
HTAR: a   instcat_y02_191109/00419021.tar.gz
HTAR: a   instcat_y02_191109/00419023.tar.gz
HTAR: a   instcat_y02_191109/00419024.tar.gz
HTAR: a   instcat_y02_191109/00419028.tar.gz
HTAR: a   instcat_y02_191109/00419029.tar.gz
HTAR: a   instcat_y02_191109/00419030.tar.gz
HTAR: a   instcat_y02_191109/00419040.tar.gz
HTAR: a   instcat_y02_191109/00419043.tar.gz
HTAR: a   instcat_y02_191109/00419044.tar.gz
HTAR: a   instcat_y02_191109/00419046.tar.gz
HTAR: a   instcat_y02_191109/00419047.tar.gz
HTAR: a   instcat_y02_191109/00419048.tar.gz
HTAR: a   instcat_y02_191109/00419049.tar.gz
HTAR: a   instcat_y02_191109/00419059.tar.gz
HTAR: a   instcat_y02_191109/00419060.tar.gz
HTAR: a   instcat_y02_191109/00419061.tar.gz
HTAR: a   instcat_y02_191109/00419064.tar.gz
HTAR: a   instcat_y02_191109/00419065.tar.gz
HTAR: a   instcat_y02_191109/00419069.tar.gz
HTAR: a   instcat_y02_191109/00419101.tar.gz
HTAR: a   instcat_y02_191109/00419116.tar.gz
HTAR: a   instcat_y02_191109/00419117.tar.gz
HTAR: a   instcat_y02_191109/00419118.tar.gz
HTAR: a   instcat_y02_191109/00419119.tar.gz
HTAR: a   instcat_y02_191109/00419121.tar.gz
HTAR: a   instcat_y02_191109/00419127.tar.gz
HTAR: a   instcat_y02_191109/00419145.tar.gz
HTAR: a   instcat_y02_191109/00419146.tar.gz
HTAR: a   instcat_y02_191109/00419148.tar.gz
HTAR: a   instcat_y02_191109/00419149.tar.gz
HTAR: a   instcat_y02_191109/00419180.tar.gz
HTAR: a   instcat_y02_191109/00419181.tar.gz
HTAR: a   instcat_y02_191109/00419719.tar.gz
HTAR: a   instcat_y02_191109/00419721.tar.gz
HTAR: a   instcat_y02_191109/00419722.tar.gz
HTAR: a   instcat_y02_191109/00419767.tar.gz
HTAR: a   instcat_y02_191109/00419770.tar.gz
HTAR: a   instcat_y02_191109/00419772.tar.gz
HTAR: a   instcat_y02_191109/00419773.tar.gz
HTAR: a   instcat_y02_191109/00419775.tar.gz
HTAR: a   instcat_y02_191109/00419776.tar.gz
HTAR: a   instcat_y02_191109/00419777.tar.gz
HTAR: a   instcat_y02_191109/00419779.tar.gz
HTAR: a   instcat_y02_191109/00419784.tar.gz
HTAR: a   instcat_y02_191109/00419785.tar.gz
HTAR: a   instcat_y02_191109/00419786.tar.gz
HTAR: a   instcat_y02_191109/00419802.tar.gz
HTAR: a   instcat_y02_191109/00419803.tar.gz
HTAR: a   instcat_y02_191109/00419804.tar.gz
HTAR: a   instcat_y02_191109/00419806.tar.gz
HTAR: a   instcat_y02_191109/00419807.tar.gz
HTAR: a   instcat_y02_191109/00419809.tar.gz
HTAR: a   instcat_y02_191109/00419810.tar.gz
HTAR: a   instcat_y02_191109/job_log_00417056.txt
HTAR: a   instcat_y02_191109/job_log_00417057.txt
HTAR: a   instcat_y02_191109/job_log_00417060.txt
HTAR: a   instcat_y02_191109/job_log_00417061.txt
HTAR: a   instcat_y02_191109/job_log_00417062.txt
HTAR: a   instcat_y02_191109/job_log_00417063.txt
HTAR: a   instcat_y02_191109/job_log_00417067.txt
HTAR: a   instcat_y02_191109/job_log_00417068.txt
HTAR: a   instcat_y02_191109/job_log_00417069.txt
HTAR: a   instcat_y02_191109/job_log_00417070.txt
HTAR: a   instcat_y02_191109/job_log_00417071.txt
HTAR: a   instcat_y02_191109/job_log_00417096.txt
HTAR: a   instcat_y02_191109/job_log_00417097.txt
HTAR: a   instcat_y02_191109/job_log_00417098.txt
HTAR: a   instcat_y02_191109/job_log_00417099.txt
HTAR: a   instcat_y02_191109/job_log_00417100.txt
HTAR: a   instcat_y02_191109/job_log_00417106.txt
HTAR: a   instcat_y02_191109/job_log_00417107.txt
HTAR: a   instcat_y02_191109/job_log_00417974.txt
HTAR: a   instcat_y02_191109/job_log_00417975.txt
HTAR: a   instcat_y02_191109/job_log_00417976.txt
HTAR: a   instcat_y02_191109/job_log_00418084.txt
HTAR: a   instcat_y02_191109/job_log_00418143.txt
HTAR: a   instcat_y02_191109/job_log_00418145.txt
HTAR: a   instcat_y02_191109/job_log_00418154.txt
HTAR: a   instcat_y02_191109/job_log_00418155.txt
HTAR: a   instcat_y02_191109/job_log_00418156.txt
HTAR: a   instcat_y02_191109/job_log_00418157.txt
HTAR: a   instcat_y02_191109/job_log_00418158.txt
HTAR: a   instcat_y02_191109/job_log_00418187.txt
HTAR: a   instcat_y02_191109/job_log_00418188.txt
HTAR: a   instcat_y02_191109/job_log_00418189.txt
HTAR: a   instcat_y02_191109/job_log_00418190.txt
HTAR: a   instcat_y02_191109/job_log_00418191.txt
HTAR: a   instcat_y02_191109/job_log_00418194.txt
HTAR: a   instcat_y02_191109/job_log_00418200.txt
HTAR: a   instcat_y02_191109/job_log_00418201.txt
HTAR: a   instcat_y02_191109/job_log_00418202.txt
HTAR: a   instcat_y02_191109/job_log_00418205.txt
HTAR: a   instcat_y02_191109/job_log_00418207.txt
HTAR: a   instcat_y02_191109/job_log_00418208.txt
HTAR: a   instcat_y02_191109/job_log_00418209.txt
HTAR: a   instcat_y02_191109/job_log_00418216.txt
HTAR: a   instcat_y02_191109/job_log_00418217.txt
HTAR: a   instcat_y02_191109/job_log_00418224.txt
HTAR: a   instcat_y02_191109/job_log_00418225.txt
HTAR: a   instcat_y02_191109/job_log_00418228.txt
HTAR: a   instcat_y02_191109/job_log_00418951.txt
HTAR: a   instcat_y02_191109/job_log_00418963.txt
HTAR: a   instcat_y02_191109/job_log_00418964.txt
HTAR: a   instcat_y02_191109/job_log_00418965.txt
HTAR: a   instcat_y02_191109/job_log_00418967.txt
HTAR: a   instcat_y02_191109/job_log_00418968.txt
HTAR: a   instcat_y02_191109/job_log_00418969.txt
HTAR: a   instcat_y02_191109/job_log_00418970.txt
HTAR: a   instcat_y02_191109/job_log_00418974.txt
HTAR: a   instcat_y02_191109/job_log_00418996.txt
HTAR: a   instcat_y02_191109/job_log_00418997.txt
HTAR: a   instcat_y02_191109/job_log_00419000.txt
HTAR: a   instcat_y02_191109/job_log_00419001.txt
HTAR: a   instcat_y02_191109/job_log_00419002.txt
HTAR: a   instcat_y02_191109/job_log_00419005.txt
HTAR: a   instcat_y02_191109/job_log_00419011.txt
HTAR: a   instcat_y02_191109/job_log_00419012.txt
HTAR: a   instcat_y02_191109/job_log_00419013.txt
HTAR: a   instcat_y02_191109/job_log_00419014.txt
HTAR: a   instcat_y02_191109/job_log_00419015.txt
HTAR: a   instcat_y02_191109/job_log_00419019.txt
HTAR: a   instcat_y02_191109/job_log_00419020.txt
HTAR: a   instcat_y02_191109/job_log_00419021.txt
HTAR: a   instcat_y02_191109/job_log_00419023.txt
HTAR: a   instcat_y02_191109/job_log_00419024.txt
HTAR: a   instcat_y02_191109/job_log_00419028.txt
HTAR: a   instcat_y02_191109/job_log_00419029.txt
HTAR: a   instcat_y02_191109/job_log_00419030.txt
HTAR: a   instcat_y02_191109/job_log_00419040.txt
HTAR: a   instcat_y02_191109/job_log_00419043.txt
HTAR: a   instcat_y02_191109/job_log_00419044.txt
HTAR: a   instcat_y02_191109/job_log_00419046.txt
HTAR: a   instcat_y02_191109/job_log_00419047.txt
HTAR: a   instcat_y02_191109/job_log_00419048.txt
HTAR: a   instcat_y02_191109/job_log_00419049.txt
HTAR: a   instcat_y02_191109/job_log_00419059.txt
HTAR: a   instcat_y02_191109/job_log_00419060.txt
HTAR: a   instcat_y02_191109/job_log_00419061.txt
HTAR: a   instcat_y02_191109/job_log_00419064.txt
HTAR: a   instcat_y02_191109/job_log_00419065.txt
HTAR: a   instcat_y02_191109/job_log_00419069.txt
HTAR: a   instcat_y02_191109/job_log_00419101.txt
HTAR: a   instcat_y02_191109/job_log_00419116.txt
HTAR: a   instcat_y02_191109/job_log_00419117.txt
HTAR: a   instcat_y02_191109/job_log_00419118.txt
HTAR: a   instcat_y02_191109/job_log_00419119.txt
HTAR: a   instcat_y02_191109/job_log_00419121.txt
HTAR: a   instcat_y02_191109/job_log_00419127.txt
HTAR: a   instcat_y02_191109/job_log_00419145.txt
HTAR: a   instcat_y02_191109/job_log_00419146.txt
HTAR: a   instcat_y02_191109/job_log_00419148.txt
HTAR: a   instcat_y02_191109/job_log_00419149.txt
HTAR: a   instcat_y02_191109/job_log_00419180.txt
HTAR: a   instcat_y02_191109/job_log_00419181.txt
HTAR: a   instcat_y02_191109/job_log_00419719.txt
HTAR: a   instcat_y02_191109/job_log_00419721.txt
HTAR: a   instcat_y02_191109/job_log_00419722.txt
HTAR: a   instcat_y02_191109/job_log_00419767.txt
HTAR: a   instcat_y02_191109/job_log_00419770.txt
HTAR: a   instcat_y02_191109/job_log_00419772.txt
HTAR: a   instcat_y02_191109/job_log_00419773.txt
HTAR: a   instcat_y02_191109/job_log_00419775.txt
HTAR: a   instcat_y02_191109/job_log_00419776.txt
HTAR: a   instcat_y02_191109/job_log_00419777.txt
HTAR: a   instcat_y02_191109/job_log_00419779.txt
HTAR: a   instcat_y02_191109/job_log_00419784.txt
HTAR: a   instcat_y02_191109/job_log_00419785.txt
HTAR: a   instcat_y02_191109/job_log_00419786.txt
HTAR: a   instcat_y02_191109/job_log_00419802.txt
HTAR: a   instcat_y02_191109/job_log_00419803.txt
HTAR: a   instcat_y02_191109/job_log_00419804.txt
HTAR: a   instcat_y02_191109/job_log_00419806.txt
HTAR: a   instcat_y02_191109/job_log_00419807.txt
HTAR: a   instcat_y02_191109/job_log_00419809.txt
HTAR: a   instcat_y02_191109/job_log_00419810.txt
HTAR: a   /tmp/HTAR_CF_CHK_46952_1580493326
HTAR Create complete for /home/projects/desc/DC2_ImSim/Run2.2i/instCat/y02_191109/00417056to00419810.tar. 532,324,259,328 bytes written for 244 member files, max threads: 50 Transfer time: 3274.483 seconds (162.567 MB/s) wallclock/user/sys: 3278.199 3959.254 1440.714 seconds
HTAR: HTAR SUCCESSFUL
HTAR: a   instcat_y02_191109/00419811.tar.gz
HTAR: a   instcat_y02_191109/00419818.tar.gz
HTAR: a   instcat_y02_191109/00419819.tar.gz
HTAR: a   instcat_y02_191109/00419820.tar.gz
HTAR: a   instcat_y02_191109/00419836.tar.gz
HTAR: a   instcat_y02_191109/00419837.tar.gz
HTAR: a   instcat_y02_191109/00419838.tar.gz
HTAR: a   instcat_y02_191109/00419839.tar.gz
HTAR: a   instcat_y02_191109/00419907.tar.gz
HTAR: a   instcat_y02_191109/00420609.tar.gz
HTAR: a   instcat_y02_191109/00420610.tar.gz
HTAR: a   instcat_y02_191109/00420611.tar.gz
HTAR: a   instcat_y02_191109/00420652.tar.gz
HTAR: a   instcat_y02_191109/00420653.tar.gz
HTAR: a   instcat_y02_191109/00420710.tar.gz
HTAR: a   instcat_y02_191109/00420714.tar.gz
HTAR: a   instcat_y02_191109/00420715.tar.gz
HTAR: a   instcat_y02_191109/00420716.tar.gz
HTAR: a   instcat_y02_191109/00420717.tar.gz
HTAR: a   instcat_y02_191109/00420718.tar.gz
HTAR: a   instcat_y02_191109/00420719.tar.gz
HTAR: a   instcat_y02_191109/00420720.tar.gz
HTAR: a   instcat_y02_191109/00420721.tar.gz
HTAR: a   instcat_y02_191109/00420722.tar.gz
HTAR: a   instcat_y02_191109/00420723.tar.gz
HTAR: a   instcat_y02_191109/00420758.tar.gz
HTAR: a   instcat_y02_191109/00420759.tar.gz
HTAR: a   instcat_y02_191109/00420760.tar.gz
HTAR: a   instcat_y02_191109/00420761.tar.gz
HTAR: a   instcat_y02_191109/00420762.tar.gz
HTAR: a   instcat_y02_191109/00420763.tar.gz
HTAR: a   instcat_y02_191109/00420764.tar.gz
HTAR: a   instcat_y02_191109/00420766.tar.gz
HTAR: a   instcat_y02_191109/00420768.tar.gz
HTAR: a   instcat_y02_191109/00420769.tar.gz
HTAR: a   instcat_y02_191109/00420770.tar.gz
HTAR: a   instcat_y02_191109/00420776.tar.gz
HTAR: a   instcat_y02_191109/00420777.tar.gz
HTAR: a   instcat_y02_191109/00420778.tar.gz
HTAR: a   instcat_y02_191109/00420781.tar.gz
HTAR: a   instcat_y02_191109/00420782.tar.gz
HTAR: a   instcat_y02_191109/00420783.tar.gz
HTAR: a   instcat_y02_191109/00420784.tar.gz
HTAR: a   instcat_y02_191109/00420785.tar.gz
HTAR: a   instcat_y02_191109/00420787.tar.gz
HTAR: a   instcat_y02_191109/00420795.tar.gz
HTAR: a   instcat_y02_191109/00420800.tar.gz
HTAR: a   instcat_y02_191109/00420804.tar.gz
HTAR: a   instcat_y02_191109/00420805.tar.gz
HTAR: a   instcat_y02_191109/00420806.tar.gz
HTAR: a   instcat_y02_191109/00420807.tar.gz
HTAR: a   instcat_y02_191109/00420808.tar.gz
HTAR: a   instcat_y02_191109/00420811.tar.gz
HTAR: a   instcat_y02_191109/00420812.tar.gz
HTAR: a   instcat_y02_191109/00420813.tar.gz
HTAR: a   instcat_y02_191109/00420820.tar.gz
HTAR: a   instcat_y02_191109/00420821.tar.gz
HTAR: a   instcat_y02_191109/00420822.tar.gz
HTAR: a   instcat_y02_191109/00420825.tar.gz
HTAR: a   instcat_y02_191109/00420826.tar.gz
HTAR: a   instcat_y02_191109/00420827.tar.gz
HTAR: a   instcat_y02_191109/00420830.tar.gz
HTAR: a   instcat_y02_191109/00420831.tar.gz
HTAR: a   instcat_y02_191109/00420833.tar.gz
HTAR: a   instcat_y02_191109/00420834.tar.gz
HTAR: a   instcat_y02_191109/00420836.tar.gz
HTAR: a   instcat_y02_191109/00420865.tar.gz
HTAR: a   instcat_y02_191109/00420866.tar.gz
HTAR: a   instcat_y02_191109/00420867.tar.gz
HTAR: a   instcat_y02_191109/00420870.tar.gz
HTAR: a   instcat_y02_191109/00420877.tar.gz
HTAR: a   instcat_y02_191109/00420878.tar.gz
HTAR: a   instcat_y02_191109/00420880.tar.gz
HTAR: a   instcat_y02_191109/00420881.tar.gz
HTAR: a   instcat_y02_191109/00420901.tar.gz
HTAR: a   instcat_y02_191109/00421633.tar.gz
HTAR: a   instcat_y02_191109/00421634.tar.gz
HTAR: a   instcat_y02_191109/00421635.tar.gz
HTAR: a   instcat_y02_191109/00421636.tar.gz
HTAR: a   instcat_y02_191109/00421638.tar.gz
HTAR: a   instcat_y02_191109/00421639.tar.gz
HTAR: a   instcat_y02_191109/00421640.tar.gz
HTAR: a   instcat_y02_191109/00421641.tar.gz
HTAR: a   instcat_y02_191109/00421644.tar.gz
HTAR: a   instcat_y02_191109/00421645.tar.gz
HTAR: a   instcat_y02_191109/00421648.tar.gz
HTAR: a   instcat_y02_191109/00421649.tar.gz
HTAR: a   instcat_y02_191109/00421650.tar.gz
HTAR: a   instcat_y02_191109/00421672.tar.gz
HTAR: a   instcat_y02_191109/00421673.tar.gz
HTAR: a   instcat_y02_191109/00421674.tar.gz
HTAR: a   instcat_y02_191109/00421675.tar.gz
HTAR: a   instcat_y02_191109/00421678.tar.gz
HTAR: a   instcat_y02_191109/00421679.tar.gz
HTAR: a   instcat_y02_191109/00421681.tar.gz
HTAR: a   instcat_y02_191109/00421682.tar.gz
HTAR: a   instcat_y02_191109/00421687.tar.gz
HTAR: a   instcat_y02_191109/00421688.tar.gz
HTAR: a   instcat_y02_191109/00421691.tar.gz
HTAR: a   instcat_y02_191109/00421692.tar.gz
HTAR: a   instcat_y02_191109/00421693.tar.gz
HTAR: a   instcat_y02_191109/00421694.tar.gz
HTAR: a   instcat_y02_191109/00421695.tar.gz
HTAR: a   instcat_y02_191109/00421725.tar.gz
HTAR: a   instcat_y02_191109/00421726.tar.gz
HTAR: a   instcat_y02_191109/00421727.tar.gz
HTAR: a   instcat_y02_191109/00421728.tar.gz
HTAR: a   instcat_y02_191109/00421729.tar.gz
HTAR: a   instcat_y02_191109/00424471.tar.gz
HTAR: a   instcat_y02_191109/00424472.tar.gz
HTAR: a   instcat_y02_191109/00424474.tar.gz
HTAR: a   instcat_y02_191109/00424475.tar.gz
HTAR: a   instcat_y02_191109/00424476.tar.gz
HTAR: a   instcat_y02_191109/00424477.tar.gz
HTAR: a   instcat_y02_191109/00424488.tar.gz
HTAR: a   instcat_y02_191109/00425453.tar.gz
HTAR: a   instcat_y02_191109/00425457.tar.gz
HTAR: a   instcat_y02_191109/00425458.tar.gz
HTAR: a   instcat_y02_191109/00425465.tar.gz
HTAR: a   instcat_y02_191109/00425466.tar.gz
HTAR: a   instcat_y02_191109/00425467.tar.gz
HTAR: a   instcat_y02_191109/00425472.tar.gz
HTAR: a   instcat_y02_191109/job_log_00419811.txt
HTAR: a   instcat_y02_191109/job_log_00419818.txt
HTAR: a   instcat_y02_191109/job_log_00419819.txt
HTAR: a   instcat_y02_191109/job_log_00419820.txt
HTAR: a   instcat_y02_191109/job_log_00419836.txt
HTAR: a   instcat_y02_191109/job_log_00419837.txt
HTAR: a   instcat_y02_191109/job_log_00419838.txt
HTAR: a   instcat_y02_191109/job_log_00419839.txt
HTAR: a   instcat_y02_191109/job_log_00419907.txt
HTAR: a   instcat_y02_191109/job_log_00420609.txt
HTAR: a   instcat_y02_191109/job_log_00420610.txt
HTAR: a   instcat_y02_191109/job_log_00420611.txt
HTAR: a   instcat_y02_191109/job_log_00420652.txt
HTAR: a   instcat_y02_191109/job_log_00420653.txt
HTAR: a   instcat_y02_191109/job_log_00420710.txt
HTAR: a   instcat_y02_191109/job_log_00420714.txt
HTAR: a   instcat_y02_191109/job_log_00420715.txt
HTAR: a   instcat_y02_191109/job_log_00420716.txt
HTAR: a   instcat_y02_191109/job_log_00420717.txt
HTAR: a   instcat_y02_191109/job_log_00420718.txt
HTAR: a   instcat_y02_191109/job_log_00420719.txt
HTAR: a   instcat_y02_191109/job_log_00420720.txt
HTAR: a   instcat_y02_191109/job_log_00420721.txt
HTAR: a   instcat_y02_191109/job_log_00420722.txt
HTAR: a   instcat_y02_191109/job_log_00420723.txt
HTAR: a   instcat_y02_191109/job_log_00420758.txt
HTAR: a   instcat_y02_191109/job_log_00420759.txt
HTAR: a   instcat_y02_191109/job_log_00420760.txt
HTAR: a   instcat_y02_191109/job_log_00420761.txt
HTAR: a   instcat_y02_191109/job_log_00420762.txt
HTAR: a   instcat_y02_191109/job_log_00420763.txt
HTAR: a   instcat_y02_191109/job_log_00420764.txt
HTAR: a   instcat_y02_191109/job_log_00420766.txt
HTAR: a   instcat_y02_191109/job_log_00420768.txt
HTAR: a   instcat_y02_191109/job_log_00420769.txt
HTAR: a   instcat_y02_191109/job_log_00420770.txt
HTAR: a   instcat_y02_191109/job_log_00420776.txt
HTAR: a   instcat_y02_191109/job_log_00420777.txt
HTAR: a   instcat_y02_191109/job_log_00420778.txt
HTAR: a   instcat_y02_191109/job_log_00420781.txt
HTAR: a   instcat_y02_191109/job_log_00420782.txt
HTAR: a   instcat_y02_191109/job_log_00420783.txt
HTAR: a   instcat_y02_191109/job_log_00420784.txt
HTAR: a   instcat_y02_191109/job_log_00420785.txt
HTAR: a   instcat_y02_191109/job_log_00420787.txt
HTAR: a   instcat_y02_191109/job_log_00420795.txt
HTAR: a   instcat_y02_191109/job_log_00420800.txt
HTAR: a   instcat_y02_191109/job_log_00420804.txt
HTAR: a   instcat_y02_191109/job_log_00420805.txt
HTAR: a   instcat_y02_191109/job_log_00420806.txt
HTAR: a   instcat_y02_191109/job_log_00420807.txt
HTAR: a   instcat_y02_191109/job_log_00420808.txt
HTAR: a   instcat_y02_191109/job_log_00420811.txt
HTAR: a   instcat_y02_191109/job_log_00420812.txt
HTAR: a   instcat_y02_191109/job_log_00420813.txt
HTAR: a   instcat_y02_191109/job_log_00420820.txt
HTAR: a   instcat_y02_191109/job_log_00420821.txt
HTAR: a   instcat_y02_191109/job_log_00420822.txt
HTAR: a   instcat_y02_191109/job_log_00420825.txt
HTAR: a   instcat_y02_191109/job_log_00420826.txt
HTAR: a   instcat_y02_191109/job_log_00420827.txt
HTAR: a   instcat_y02_191109/job_log_00420830.txt
HTAR: a   instcat_y02_191109/job_log_00420831.txt
HTAR: a   instcat_y02_191109/job_log_00420833.txt
HTAR: a   instcat_y02_191109/job_log_00420834.txt
HTAR: a   instcat_y02_191109/job_log_00420836.txt
HTAR: a   instcat_y02_191109/job_log_00420865.txt
HTAR: a   instcat_y02_191109/job_log_00420866.txt
HTAR: a   instcat_y02_191109/job_log_00420867.txt
HTAR: a   instcat_y02_191109/job_log_00420870.txt
HTAR: a   instcat_y02_191109/job_log_00420877.txt
HTAR: a   instcat_y02_191109/job_log_00420878.txt
HTAR: a   instcat_y02_191109/job_log_00420880.txt
HTAR: a   instcat_y02_191109/job_log_00420881.txt
HTAR: a   instcat_y02_191109/job_log_00420901.txt
HTAR: a   instcat_y02_191109/job_log_00421633.txt
HTAR: a   instcat_y02_191109/job_log_00421634.txt
HTAR: a   instcat_y02_191109/job_log_00421635.txt
HTAR: a   instcat_y02_191109/job_log_00421636.txt
HTAR: a   instcat_y02_191109/job_log_00421638.txt
HTAR: a   instcat_y02_191109/job_log_00421639.txt
HTAR: a   instcat_y02_191109/job_log_00421640.txt
HTAR: a   instcat_y02_191109/job_log_00421641.txt
HTAR: a   instcat_y02_191109/job_log_00421644.txt
HTAR: a   instcat_y02_191109/job_log_00421645.txt
HTAR: a   instcat_y02_191109/job_log_00421648.txt
HTAR: a   instcat_y02_191109/job_log_00421649.txt
HTAR: a   instcat_y02_191109/job_log_00421650.txt
HTAR: a   instcat_y02_191109/job_log_00421672.txt
HTAR: a   instcat_y02_191109/job_log_00421673.txt
HTAR: a   instcat_y02_191109/job_log_00421674.txt
HTAR: a   instcat_y02_191109/job_log_00421675.txt
HTAR: a   instcat_y02_191109/job_log_00421678.txt
HTAR: a   instcat_y02_191109/job_log_00421679.txt
HTAR: a   instcat_y02_191109/job_log_00421681.txt
HTAR: a   instcat_y02_191109/job_log_00421682.txt
HTAR: a   instcat_y02_191109/job_log_00421687.txt
HTAR: a   instcat_y02_191109/job_log_00421688.txt
HTAR: a   instcat_y02_191109/job_log_00421691.txt
HTAR: a   instcat_y02_191109/job_log_00421692.txt
HTAR: a   instcat_y02_191109/job_log_00421693.txt
HTAR: a   instcat_y02_191109/job_log_00421694.txt
HTAR: a   instcat_y02_191109/job_log_00421695.txt
HTAR: a   instcat_y02_191109/job_log_00421725.txt
HTAR: a   instcat_y02_191109/job_log_00421726.txt
HTAR: a   instcat_y02_191109/job_log_00421727.txt
HTAR: a   instcat_y02_191109/job_log_00421728.txt
HTAR: a   instcat_y02_191109/job_log_00421729.txt
HTAR: a   instcat_y02_191109/job_log_00424471.txt
HTAR: a   instcat_y02_191109/job_log_00424472.txt
HTAR: a   instcat_y02_191109/job_log_00424474.txt
HTAR: a   instcat_y02_191109/job_log_00424475.txt
HTAR: a   instcat_y02_191109/job_log_00424476.txt
HTAR: a   instcat_y02_191109/job_log_00424477.txt
HTAR: a   instcat_y02_191109/job_log_00424488.txt
HTAR: a   instcat_y02_191109/job_log_00425453.txt
HTAR: a   instcat_y02_191109/job_log_00425457.txt
HTAR: a   instcat_y02_191109/job_log_00425458.txt
HTAR: a   instcat_y02_191109/job_log_00425465.txt
HTAR: a   instcat_y02_191109/job_log_00425466.txt
HTAR: a   instcat_y02_191109/job_log_00425467.txt
HTAR: a   instcat_y02_191109/job_log_00425472.txt
HTAR: a   /tmp/HTAR_CF_CHK_55876_1580496604
HTAR Create complete for /home/projects/desc/DC2_ImSim/Run2.2i/instCat/y02_191109/00419811to00425472.tar. 552,132,840,960 bytes written for 244 member files, max threads: 50 Transfer time: 3969.134 seconds (139.107 MB/s) wallclock/user/sys: 3970.449 4563.167 2009.536 seconds
HTAR: HTAR SUCCESSFUL
HTAR: a   instcat_y02_191109/00425473.tar.gz
HTAR: a   instcat_y02_191109/00425474.tar.gz
HTAR: a   instcat_y02_191109/00425483.tar.gz
HTAR: a   instcat_y02_191109/00425484.tar.gz
HTAR: a   instcat_y02_191109/00425486.tar.gz
HTAR: a   instcat_y02_191109/00425490.tar.gz
HTAR: a   instcat_y02_191109/00425491.tar.gz
HTAR: a   instcat_y02_191109/00425494.tar.gz
HTAR: a   instcat_y02_191109/00425495.tar.gz
HTAR: a   instcat_y02_191109/00425504.tar.gz
HTAR: a   instcat_y02_191109/00425505.tar.gz
HTAR: a   instcat_y02_191109/00425507.tar.gz
HTAR: a   instcat_y02_191109/00425508.tar.gz
HTAR: a   instcat_y02_191109/00425509.tar.gz
HTAR: a   instcat_y02_191109/00425511.tar.gz
HTAR: a   instcat_y02_191109/00425526.tar.gz
HTAR: a   instcat_y02_191109/00425528.tar.gz
HTAR: a   instcat_y02_191109/00425539.tar.gz
HTAR: a   instcat_y02_191109/00425540.tar.gz
HTAR: a   instcat_y02_191109/00425541.tar.gz
HTAR: a   instcat_y02_191109/00425542.tar.gz
HTAR: a   instcat_y02_191109/00425543.tar.gz
HTAR: a   instcat_y02_191109/00425552.tar.gz
HTAR: a   instcat_y02_191109/00425553.tar.gz
HTAR: a   instcat_y02_191109/00425793.tar.gz
HTAR: a   instcat_y02_191109/00425795.tar.gz
HTAR: a   instcat_y02_191109/00425797.tar.gz
HTAR: a   instcat_y02_191109/00425798.tar.gz
HTAR: a   instcat_y02_191109/00426599.tar.gz
HTAR: a   instcat_y02_191109/00426600.tar.gz
HTAR: a   instcat_y02_191109/00426639.tar.gz
HTAR: a   instcat_y02_191109/00426658.tar.gz
HTAR: a   instcat_y02_191109/00426659.tar.gz
HTAR: a   instcat_y02_191109/00426662.tar.gz
HTAR: a   instcat_y02_191109/00426663.tar.gz
HTAR: a   instcat_y02_191109/00426664.tar.gz
HTAR: a   instcat_y02_191109/00426665.tar.gz
HTAR: a   instcat_y02_191109/00426667.tar.gz
HTAR: a   instcat_y02_191109/00426669.tar.gz
HTAR: a   instcat_y02_191109/00426672.tar.gz
HTAR: a   instcat_y02_191109/00426673.tar.gz
HTAR: a   instcat_y02_191109/00426674.tar.gz
HTAR: a   instcat_y02_191109/00426716.tar.gz
HTAR: a   instcat_y02_191109/00426717.tar.gz
HTAR: a   instcat_y02_191109/00426721.tar.gz
HTAR: a   instcat_y02_191109/00426722.tar.gz
HTAR: a   instcat_y02_191109/00426744.tar.gz
HTAR: a   instcat_y02_191109/00426748.tar.gz
HTAR: a   instcat_y02_191109/00426921.tar.gz
HTAR: a   instcat_y02_191109/00426922.tar.gz
HTAR: a   instcat_y02_191109/00426923.tar.gz
HTAR: a   instcat_y02_191109/00426928.tar.gz
HTAR: a   instcat_y02_191109/00426929.tar.gz
HTAR: a   instcat_y02_191109/00426930.tar.gz
HTAR: a   instcat_y02_191109/00426967.tar.gz
HTAR: a   instcat_y02_191109/00426968.tar.gz
HTAR: a   instcat_y02_191109/00426969.tar.gz
HTAR: a   instcat_y02_191109/00426970.tar.gz
HTAR: a   instcat_y02_191109/00426975.tar.gz
HTAR: a   instcat_y02_191109/00426976.tar.gz
HTAR: a   instcat_y02_191109/00426987.tar.gz
HTAR: a   instcat_y02_191109/00426988.tar.gz
HTAR: a   instcat_y02_191109/00427019.tar.gz
HTAR: a   instcat_y02_191109/00427020.tar.gz
HTAR: a   instcat_y02_191109/00427027.tar.gz
HTAR: a   instcat_y02_191109/00427028.tar.gz
HTAR: a   instcat_y02_191109/00427030.tar.gz
HTAR: a   instcat_y02_191109/00427031.tar.gz
HTAR: a   instcat_y02_191109/00427038.tar.gz
HTAR: a   instcat_y02_191109/00427039.tar.gz
HTAR: a   instcat_y02_191109/00427040.tar.gz
HTAR: a   instcat_y02_191109/00427041.tar.gz
HTAR: a   instcat_y02_191109/00427042.tar.gz
HTAR: a   instcat_y02_191109/00427044.tar.gz
HTAR: a   instcat_y02_191109/00427045.tar.gz
HTAR: a   instcat_y02_191109/00427046.tar.gz
HTAR: a   instcat_y02_191109/00427069.tar.gz
HTAR: a   instcat_y02_191109/00427070.tar.gz
HTAR: a   instcat_y02_191109/00427074.tar.gz
HTAR: a   instcat_y02_191109/00427075.tar.gz
HTAR: a   instcat_y02_191109/00427078.tar.gz
HTAR: a   instcat_y02_191109/00427082.tar.gz
HTAR: a   instcat_y02_191109/00427084.tar.gz
HTAR: a   instcat_y02_191109/00427085.tar.gz
HTAR: a   instcat_y02_191109/00427086.tar.gz
HTAR: a   instcat_y02_191109/00427087.tar.gz
HTAR: a   instcat_y02_191109/00427089.tar.gz
HTAR: a   instcat_y02_191109/00427090.tar.gz
HTAR: a   instcat_y02_191109/00427091.tar.gz
HTAR: a   instcat_y02_191109/00427520.tar.gz
HTAR: a   instcat_y02_191109/00427521.tar.gz
HTAR: a   instcat_y02_191109/00427522.tar.gz
HTAR: a   instcat_y02_191109/00427523.tar.gz
HTAR: a   instcat_y02_191109/00427524.tar.gz
HTAR: a   instcat_y02_191109/00427525.tar.gz
HTAR: a   instcat_y02_191109/00427526.tar.gz
HTAR: a   instcat_y02_191109/00427527.tar.gz
HTAR: a   instcat_y02_191109/00427528.tar.gz
HTAR: a   instcat_y02_191109/00427529.tar.gz
HTAR: a   instcat_y02_191109/00427530.tar.gz
HTAR: a   instcat_y02_191109/00427531.tar.gz
HTAR: a   instcat_y02_191109/00427532.tar.gz
HTAR: a   instcat_y02_191109/00427533.tar.gz
HTAR: a   instcat_y02_191109/00427534.tar.gz
HTAR: a   instcat_y02_191109/00427535.tar.gz
HTAR: a   instcat_y02_191109/00427536.tar.gz
HTAR: a   instcat_y02_191109/00427537.tar.gz
HTAR: a   instcat_y02_191109/00427538.tar.gz
HTAR: a   instcat_y02_191109/00427539.tar.gz
HTAR: a   instcat_y02_191109/00427540.tar.gz
HTAR: a   instcat_y02_191109/00427541.tar.gz
HTAR: a   instcat_y02_191109/00427542.tar.gz
HTAR: a   instcat_y02_191109/00427543.tar.gz
HTAR: a   instcat_y02_191109/00427544.tar.gz
HTAR: a   instcat_y02_191109/00427545.tar.gz
HTAR: a   instcat_y02_191109/00427546.tar.gz
HTAR: a   instcat_y02_191109/00427547.tar.gz
HTAR: a   instcat_y02_191109/00427548.tar.gz
HTAR: a   instcat_y02_191109/00427549.tar.gz
HTAR: a   instcat_y02_191109/00427550.tar.gz
HTAR: a   instcat_y02_191109/00427551.tar.gz
HTAR: a   instcat_y02_191109/00427552.tar.gz
HTAR: a   instcat_y02_191109/job_log_00425473.txt
HTAR: a   instcat_y02_191109/job_log_00425474.txt
HTAR: a   instcat_y02_191109/job_log_00425483.txt
HTAR: a   instcat_y02_191109/job_log_00425484.txt
HTAR: a   instcat_y02_191109/job_log_00425486.txt
HTAR: a   instcat_y02_191109/job_log_00425490.txt
HTAR: a   instcat_y02_191109/job_log_00425491.txt
HTAR: a   instcat_y02_191109/job_log_00425494.txt
HTAR: a   instcat_y02_191109/job_log_00425495.txt
HTAR: a   instcat_y02_191109/job_log_00425504.txt
HTAR: a   instcat_y02_191109/job_log_00425505.txt
HTAR: a   instcat_y02_191109/job_log_00425507.txt
HTAR: a   instcat_y02_191109/job_log_00425508.txt
HTAR: a   instcat_y02_191109/job_log_00425509.txt
HTAR: a   instcat_y02_191109/job_log_00425511.txt
HTAR: a   instcat_y02_191109/job_log_00425526.txt
HTAR: a   instcat_y02_191109/job_log_00425528.txt
HTAR: a   instcat_y02_191109/job_log_00425539.txt
HTAR: a   instcat_y02_191109/job_log_00425540.txt
HTAR: a   instcat_y02_191109/job_log_00425541.txt
HTAR: a   instcat_y02_191109/job_log_00425542.txt
HTAR: a   instcat_y02_191109/job_log_00425543.txt
HTAR: a   instcat_y02_191109/job_log_00425552.txt
HTAR: a   instcat_y02_191109/job_log_00425553.txt
HTAR: a   instcat_y02_191109/job_log_00425793.txt
HTAR: a   instcat_y02_191109/job_log_00425795.txt
HTAR: a   instcat_y02_191109/job_log_00425797.txt
HTAR: a   instcat_y02_191109/job_log_00425798.txt
HTAR: a   instcat_y02_191109/job_log_00426599.txt
HTAR: a   instcat_y02_191109/job_log_00426600.txt
HTAR: a   instcat_y02_191109/job_log_00426639.txt
HTAR: a   instcat_y02_191109/job_log_00426658.txt
HTAR: a   instcat_y02_191109/job_log_00426659.txt
HTAR: a   instcat_y02_191109/job_log_00426662.txt
HTAR: a   instcat_y02_191109/job_log_00426663.txt
HTAR: a   instcat_y02_191109/job_log_00426664.txt
HTAR: a   instcat_y02_191109/job_log_00426665.txt
HTAR: a   instcat_y02_191109/job_log_00426667.txt
HTAR: a   instcat_y02_191109/job_log_00426669.txt
HTAR: a   instcat_y02_191109/job_log_00426672.txt
HTAR: a   instcat_y02_191109/job_log_00426673.txt
HTAR: a   instcat_y02_191109/job_log_00426674.txt
HTAR: a   instcat_y02_191109/job_log_00426716.txt
HTAR: a   instcat_y02_191109/job_log_00426717.txt
HTAR: a   instcat_y02_191109/job_log_00426721.txt
HTAR: a   instcat_y02_191109/job_log_00426722.txt
HTAR: a   instcat_y02_191109/job_log_00426744.txt
HTAR: a   instcat_y02_191109/job_log_00426748.txt
HTAR: a   instcat_y02_191109/job_log_00426921.txt
HTAR: a   instcat_y02_191109/job_log_00426922.txt
HTAR: a   instcat_y02_191109/job_log_00426923.txt
HTAR: a   instcat_y02_191109/job_log_00426928.txt
HTAR: a   instcat_y02_191109/job_log_00426929.txt
HTAR: a   instcat_y02_191109/job_log_00426930.txt
HTAR: a   instcat_y02_191109/job_log_00426967.txt
HTAR: a   instcat_y02_191109/job_log_00426968.txt
HTAR: a   instcat_y02_191109/job_log_00426969.txt
HTAR: a   instcat_y02_191109/job_log_00426970.txt
HTAR: a   instcat_y02_191109/job_log_00426975.txt
HTAR: a   instcat_y02_191109/job_log_00426976.txt
HTAR: a   instcat_y02_191109/job_log_00426987.txt
HTAR: a   instcat_y02_191109/job_log_00426988.txt
HTAR: a   instcat_y02_191109/job_log_00427019.txt
HTAR: a   instcat_y02_191109/job_log_00427020.txt
HTAR: a   instcat_y02_191109/job_log_00427027.txt
HTAR: a   instcat_y02_191109/job_log_00427028.txt
HTAR: a   instcat_y02_191109/job_log_00427030.txt
HTAR: a   instcat_y02_191109/job_log_00427031.txt
HTAR: a   instcat_y02_191109/job_log_00427038.txt
HTAR: a   instcat_y02_191109/job_log_00427039.txt
HTAR: a   instcat_y02_191109/job_log_00427040.txt
HTAR: a   instcat_y02_191109/job_log_00427041.txt
HTAR: a   instcat_y02_191109/job_log_00427042.txt
HTAR: a   instcat_y02_191109/job_log_00427044.txt
HTAR: a   instcat_y02_191109/job_log_00427045.txt
HTAR: a   instcat_y02_191109/job_log_00427046.txt
HTAR: a   instcat_y02_191109/job_log_00427069.txt
HTAR: a   instcat_y02_191109/job_log_00427070.txt
HTAR: a   instcat_y02_191109/job_log_00427074.txt
HTAR: a   instcat_y02_191109/job_log_00427075.txt
HTAR: a   instcat_y02_191109/job_log_00427078.txt
HTAR: a   instcat_y02_191109/job_log_00427082.txt
HTAR: a   instcat_y02_191109/job_log_00427084.txt
HTAR: a   instcat_y02_191109/job_log_00427085.txt
HTAR: a   instcat_y02_191109/job_log_00427086.txt
HTAR: a   instcat_y02_191109/job_log_00427087.txt
HTAR: a   instcat_y02_191109/job_log_00427089.txt
HTAR: a   instcat_y02_191109/job_log_00427090.txt
HTAR: a   instcat_y02_191109/job_log_00427091.txt
HTAR: a   instcat_y02_191109/job_log_00427520.txt
HTAR: a   instcat_y02_191109/job_log_00427521.txt
HTAR: a   instcat_y02_191109/job_log_00427522.txt
HTAR: a   instcat_y02_191109/job_log_00427523.txt
HTAR: a   instcat_y02_191109/job_log_00427524.txt
HTAR: a   instcat_y02_191109/job_log_00427525.txt
HTAR: a   instcat_y02_191109/job_log_00427526.txt
HTAR: a   instcat_y02_191109/job_log_00427527.txt
HTAR: a   instcat_y02_191109/job_log_00427528.txt
HTAR: a   instcat_y02_191109/job_log_00427529.txt
HTAR: a   instcat_y02_191109/job_log_00427530.txt
HTAR: a   instcat_y02_191109/job_log_00427531.txt
HTAR: a   instcat_y02_191109/job_log_00427532.txt
HTAR: a   instcat_y02_191109/job_log_00427533.txt
HTAR: a   instcat_y02_191109/job_log_00427534.txt
HTAR: a   instcat_y02_191109/job_log_00427535.txt
HTAR: a   instcat_y02_191109/job_log_00427536.txt
HTAR: a   instcat_y02_191109/job_log_00427537.txt
HTAR: a   instcat_y02_191109/job_log_00427538.txt
HTAR: a   instcat_y02_191109/job_log_00427539.txt
HTAR: a   instcat_y02_191109/job_log_00427540.txt
HTAR: a   instcat_y02_191109/job_log_00427541.txt
HTAR: a   instcat_y02_191109/job_log_00427542.txt
HTAR: a   instcat_y02_191109/job_log_00427543.txt
HTAR: a   instcat_y02_191109/job_log_00427544.txt
HTAR: a   instcat_y02_191109/job_log_00427545.txt
HTAR: a   instcat_y02_191109/job_log_00427546.txt
HTAR: a   instcat_y02_191109/job_log_00427547.txt
HTAR: a   instcat_y02_191109/job_log_00427548.txt
HTAR: a   instcat_y02_191109/job_log_00427549.txt
HTAR: a   instcat_y02_191109/job_log_00427550.txt
HTAR: a   instcat_y02_191109/job_log_00427551.txt
HTAR: a   instcat_y02_191109/job_log_00427552.txt
HTAR: a   /tmp/HTAR_CF_CHK_17538_1580500578
HTAR Create complete for /home/projects/desc/DC2_ImSim/Run2.2i/instCat/y02_191109/00425473to00427552.tar. 533,136,804,352 bytes written for 244 member files, max threads: 50 Transfer time: 3597.220 seconds (148.208 MB/s) wallclock/user/sys: 3598.738 4153.279 1778.890 seconds
HTAR: HTAR SUCCESSFUL
HTAR: a   instcat_y02_191109/00427553.tar.gz
HTAR: a   instcat_y02_191109/00427554.tar.gz
HTAR: a   instcat_y02_191109/00427555.tar.gz
HTAR: a   instcat_y02_191109/00427556.tar.gz
HTAR: a   instcat_y02_191109/00427557.tar.gz
HTAR: a   instcat_y02_191109/00427558.tar.gz
HTAR: a   instcat_y02_191109/00427559.tar.gz
HTAR: a   instcat_y02_191109/00427560.tar.gz
HTAR: a   instcat_y02_191109/00427561.tar.gz
HTAR: a   instcat_y02_191109/00427562.tar.gz
HTAR: a   instcat_y02_191109/00427563.tar.gz
HTAR: a   instcat_y02_191109/00427564.tar.gz
HTAR: a   instcat_y02_191109/00427565.tar.gz
HTAR: a   instcat_y02_191109/00427566.tar.gz
HTAR: a   instcat_y02_191109/00427567.tar.gz
HTAR: a   instcat_y02_191109/00427568.tar.gz
HTAR: a   instcat_y02_191109/00427569.tar.gz
HTAR: a   instcat_y02_191109/00427570.tar.gz
HTAR: a   instcat_y02_191109/00427571.tar.gz
HTAR: a   instcat_y02_191109/00427572.tar.gz
HTAR: a   instcat_y02_191109/00427573.tar.gz
HTAR: a   instcat_y02_191109/00427574.tar.gz
HTAR: a   instcat_y02_191109/00427575.tar.gz
HTAR: a   instcat_y02_191109/00427576.tar.gz
HTAR: a   instcat_y02_191109/00427577.tar.gz
HTAR: a   instcat_y02_191109/00427578.tar.gz
HTAR: a   instcat_y02_191109/00427579.tar.gz
HTAR: a   instcat_y02_191109/00427580.tar.gz
HTAR: a   instcat_y02_191109/00427581.tar.gz
HTAR: a   instcat_y02_191109/00427582.tar.gz
HTAR: a   instcat_y02_191109/00427583.tar.gz
HTAR: a   instcat_y02_191109/00427584.tar.gz
HTAR: a   instcat_y02_191109/00427585.tar.gz
HTAR: a   instcat_y02_191109/00427586.tar.gz
HTAR: a   instcat_y02_191109/00427587.tar.gz
HTAR: a   instcat_y02_191109/00427588.tar.gz
HTAR: a   instcat_y02_191109/00427589.tar.gz
HTAR: a   instcat_y02_191109/00427590.tar.gz
HTAR: a   instcat_y02_191109/00427591.tar.gz
HTAR: a   instcat_y02_191109/00427592.tar.gz
HTAR: a   instcat_y02_191109/00427593.tar.gz
HTAR: a   instcat_y02_191109/00427594.tar.gz
HTAR: a   instcat_y02_191109/00427595.tar.gz
HTAR: a   instcat_y02_191109/00427596.tar.gz
HTAR: a   instcat_y02_191109/00427597.tar.gz
HTAR: a   instcat_y02_191109/00427598.tar.gz
HTAR: a   instcat_y02_191109/00427599.tar.gz
HTAR: a   instcat_y02_191109/00427600.tar.gz
HTAR: a   instcat_y02_191109/00427601.tar.gz
HTAR: a   instcat_y02_191109/00427602.tar.gz
HTAR: a   instcat_y02_191109/00427603.tar.gz
HTAR: a   instcat_y02_191109/00427604.tar.gz
HTAR: a   instcat_y02_191109/00427605.tar.gz
HTAR: a   instcat_y02_191109/00427606.tar.gz
HTAR: a   instcat_y02_191109/00427607.tar.gz
HTAR: a   instcat_y02_191109/00427608.tar.gz
HTAR: a   instcat_y02_191109/00427609.tar.gz
HTAR: a   instcat_y02_191109/00427610.tar.gz
HTAR: a   instcat_y02_191109/00427611.tar.gz
HTAR: a   instcat_y02_191109/00427612.tar.gz
HTAR: a   instcat_y02_191109/00427613.tar.gz
HTAR: a   instcat_y02_191109/00427614.tar.gz
HTAR: a   instcat_y02_191109/00427615.tar.gz
HTAR: a   instcat_y02_191109/00427620.tar.gz
HTAR: a   instcat_y02_191109/00427631.tar.gz
HTAR: a   instcat_y02_191109/00427632.tar.gz
HTAR: a   instcat_y02_191109/00427633.tar.gz
HTAR: a   instcat_y02_191109/00427634.tar.gz
HTAR: a   instcat_y02_191109/00427635.tar.gz
HTAR: a   instcat_y02_191109/00427636.tar.gz
HTAR: a   instcat_y02_191109/00427637.tar.gz
HTAR: a   instcat_y02_191109/00427640.tar.gz
HTAR: a   instcat_y02_191109/00427641.tar.gz
HTAR: a   instcat_y02_191109/00427644.tar.gz
HTAR: a   instcat_y02_191109/00427645.tar.gz
HTAR: a   instcat_y02_191109/00427654.tar.gz
HTAR: a   instcat_y02_191109/00427656.tar.gz
HTAR: a   instcat_y02_191109/00427657.tar.gz
HTAR: a   instcat_y02_191109/00427658.tar.gz
HTAR: a   instcat_y02_191109/00427659.tar.gz
HTAR: a   instcat_y02_191109/00427660.tar.gz
HTAR: a   instcat_y02_191109/00427670.tar.gz
HTAR: a   instcat_y02_191109/00427674.tar.gz
HTAR: a   instcat_y02_191109/00427675.tar.gz
HTAR: a   instcat_y02_191109/00427677.tar.gz
HTAR: a   instcat_y02_191109/00427696.tar.gz
HTAR: a   instcat_y02_191109/00427712.tar.gz
HTAR: a   instcat_y02_191109/00427713.tar.gz
HTAR: a   instcat_y02_191109/00427714.tar.gz
HTAR: a   instcat_y02_191109/00427715.tar.gz
HTAR: a   instcat_y02_191109/00427748.tar.gz
HTAR: a   instcat_y02_191109/00427751.tar.gz
HTAR: a   instcat_y02_191109/00428443.tar.gz
HTAR: a   instcat_y02_191109/00428444.tar.gz
HTAR: a   instcat_y02_191109/00428458.tar.gz
HTAR: a   instcat_y02_191109/00428459.tar.gz
HTAR: a   instcat_y02_191109/00428460.tar.gz
HTAR: a   instcat_y02_191109/00428485.tar.gz
HTAR: a   instcat_y02_191109/00428491.tar.gz
HTAR: a   instcat_y02_191109/00428492.tar.gz
HTAR: a   instcat_y02_191109/00428494.tar.gz
HTAR: a   instcat_y02_191109/00428495.tar.gz
HTAR: a   instcat_y02_191109/00428496.tar.gz
HTAR: a   instcat_y02_191109/00428497.tar.gz
HTAR: a   instcat_y02_191109/00428498.tar.gz
HTAR: a   instcat_y02_191109/00428499.tar.gz
HTAR: a   instcat_y02_191109/00428500.tar.gz
HTAR: a   instcat_y02_191109/00428513.tar.gz
HTAR: a   instcat_y02_191109/00428514.tar.gz
HTAR: a   instcat_y02_191109/00428524.tar.gz
HTAR: a   instcat_y02_191109/00428525.tar.gz
HTAR: a   instcat_y02_191109/00428527.tar.gz
HTAR: a   instcat_y02_191109/00428528.tar.gz
HTAR: a   instcat_y02_191109/00428529.tar.gz
HTAR: a   instcat_y02_191109/00428530.tar.gz
HTAR: a   instcat_y02_191109/00428531.tar.gz
HTAR: a   instcat_y02_191109/00428535.tar.gz
HTAR: a   instcat_y02_191109/00428537.tar.gz
HTAR: a   instcat_y02_191109/00428550.tar.gz
HTAR: a   instcat_y02_191109/00428551.tar.gz
HTAR: a   instcat_y02_191109/00428555.tar.gz
HTAR: a   instcat_y02_191109/00428582.tar.gz
HTAR: a   instcat_y02_191109/job_log_00427553.txt
HTAR: a   instcat_y02_191109/job_log_00427554.txt
HTAR: a   instcat_y02_191109/job_log_00427555.txt
HTAR: a   instcat_y02_191109/job_log_00427556.txt
HTAR: a   instcat_y02_191109/job_log_00427557.txt
HTAR: a   instcat_y02_191109/job_log_00427558.txt
HTAR: a   instcat_y02_191109/job_log_00427559.txt
HTAR: a   instcat_y02_191109/job_log_00427560.txt
HTAR: a   instcat_y02_191109/job_log_00427561.txt
HTAR: a   instcat_y02_191109/job_log_00427562.txt
HTAR: a   instcat_y02_191109/job_log_00427563.txt
HTAR: a   instcat_y02_191109/job_log_00427564.txt
HTAR: a   instcat_y02_191109/job_log_00427565.txt
HTAR: a   instcat_y02_191109/job_log_00427566.txt
HTAR: a   instcat_y02_191109/job_log_00427567.txt
HTAR: a   instcat_y02_191109/job_log_00427568.txt
HTAR: a   instcat_y02_191109/job_log_00427569.txt
HTAR: a   instcat_y02_191109/job_log_00427570.txt
HTAR: a   instcat_y02_191109/job_log_00427571.txt
HTAR: a   instcat_y02_191109/job_log_00427572.txt
HTAR: a   instcat_y02_191109/job_log_00427573.txt
HTAR: a   instcat_y02_191109/job_log_00427574.txt
HTAR: a   instcat_y02_191109/job_log_00427575.txt
HTAR: a   instcat_y02_191109/job_log_00427576.txt
HTAR: a   instcat_y02_191109/job_log_00427577.txt
HTAR: a   instcat_y02_191109/job_log_00427578.txt
HTAR: a   instcat_y02_191109/job_log_00427579.txt
HTAR: a   instcat_y02_191109/job_log_00427580.txt
HTAR: a   instcat_y02_191109/job_log_00427581.txt
HTAR: a   instcat_y02_191109/job_log_00427582.txt
HTAR: a   instcat_y02_191109/job_log_00427583.txt
HTAR: a   instcat_y02_191109/job_log_00427584.txt
HTAR: a   instcat_y02_191109/job_log_00427585.txt
HTAR: a   instcat_y02_191109/job_log_00427586.txt
HTAR: a   instcat_y02_191109/job_log_00427587.txt
HTAR: a   instcat_y02_191109/job_log_00427588.txt
HTAR: a   instcat_y02_191109/job_log_00427589.txt
HTAR: a   instcat_y02_191109/job_log_00427590.txt
HTAR: a   instcat_y02_191109/job_log_00427591.txt
HTAR: a   instcat_y02_191109/job_log_00427592.txt
HTAR: a   instcat_y02_191109/job_log_00427593.txt
HTAR: a   instcat_y02_191109/job_log_00427594.txt
HTAR: a   instcat_y02_191109/job_log_00427595.txt
HTAR: a   instcat_y02_191109/job_log_00427596.txt
HTAR: a   instcat_y02_191109/job_log_00427597.txt
HTAR: a   instcat_y02_191109/job_log_00427598.txt
HTAR: a   instcat_y02_191109/job_log_00427599.txt
HTAR: a   instcat_y02_191109/job_log_00427600.txt
HTAR: a   instcat_y02_191109/job_log_00427601.txt
HTAR: a   instcat_y02_191109/job_log_00427602.txt
HTAR: a   instcat_y02_191109/job_log_00427603.txt
HTAR: a   instcat_y02_191109/job_log_00427604.txt
HTAR: a   instcat_y02_191109/job_log_00427605.txt
HTAR: a   instcat_y02_191109/job_log_00427606.txt
HTAR: a   instcat_y02_191109/job_log_00427607.txt
HTAR: a   instcat_y02_191109/job_log_00427608.txt
HTAR: a   instcat_y02_191109/job_log_00427609.txt
HTAR: a   instcat_y02_191109/job_log_00427610.txt
HTAR: a   instcat_y02_191109/job_log_00427611.txt
HTAR: a   instcat_y02_191109/job_log_00427612.txt
HTAR: a   instcat_y02_191109/job_log_00427613.txt
HTAR: a   instcat_y02_191109/job_log_00427614.txt
HTAR: a   instcat_y02_191109/job_log_00427615.txt
HTAR: a   instcat_y02_191109/job_log_00427620.txt
HTAR: a   instcat_y02_191109/job_log_00427631.txt
HTAR: a   instcat_y02_191109/job_log_00427632.txt
HTAR: a   instcat_y02_191109/job_log_00427633.txt
HTAR: a   instcat_y02_191109/job_log_00427634.txt
HTAR: a   instcat_y02_191109/job_log_00427635.txt
HTAR: a   instcat_y02_191109/job_log_00427636.txt
HTAR: a   instcat_y02_191109/job_log_00427637.txt
HTAR: a   instcat_y02_191109/job_log_00427640.txt
HTAR: a   instcat_y02_191109/job_log_00427641.txt
HTAR: a   instcat_y02_191109/job_log_00427644.txt
HTAR: a   instcat_y02_191109/job_log_00427645.txt
HTAR: a   instcat_y02_191109/job_log_00427654.txt
HTAR: a   instcat_y02_191109/job_log_00427656.txt
HTAR: a   instcat_y02_191109/job_log_00427657.txt
HTAR: a   instcat_y02_191109/job_log_00427658.txt
HTAR: a   instcat_y02_191109/job_log_00427659.txt
HTAR: a   instcat_y02_191109/job_log_00427660.txt
HTAR: a   instcat_y02_191109/job_log_00427670.txt
HTAR: a   instcat_y02_191109/job_log_00427674.txt
HTAR: a   instcat_y02_191109/job_log_00427675.txt
HTAR: a   instcat_y02_191109/job_log_00427677.txt
HTAR: a   instcat_y02_191109/job_log_00427696.txt
HTAR: a   instcat_y02_191109/job_log_00427712.txt
HTAR: a   instcat_y02_191109/job_log_00427713.txt
HTAR: a   instcat_y02_191109/job_log_00427714.txt
HTAR: a   instcat_y02_191109/job_log_00427715.txt
HTAR: a   instcat_y02_191109/job_log_00427748.txt
HTAR: a   instcat_y02_191109/job_log_00427751.txt
HTAR: a   instcat_y02_191109/job_log_00428443.txt
HTAR: a   instcat_y02_191109/job_log_00428444.txt
HTAR: a   instcat_y02_191109/job_log_00428458.txt
HTAR: a   instcat_y02_191109/job_log_00428459.txt
HTAR: a   instcat_y02_191109/job_log_00428460.txt
HTAR: a   instcat_y02_191109/job_log_00428485.txt
HTAR: a   instcat_y02_191109/job_log_00428491.txt
HTAR: a   instcat_y02_191109/job_log_00428492.txt
HTAR: a   instcat_y02_191109/job_log_00428494.txt
HTAR: a   instcat_y02_191109/job_log_00428495.txt
HTAR: a   instcat_y02_191109/job_log_00428496.txt
HTAR: a   instcat_y02_191109/job_log_00428497.txt
HTAR: a   instcat_y02_191109/job_log_00428498.txt
HTAR: a   instcat_y02_191109/job_log_00428499.txt
HTAR: a   instcat_y02_191109/job_log_00428500.txt
HTAR: a   instcat_y02_191109/job_log_00428513.txt
HTAR: a   instcat_y02_191109/job_log_00428514.txt
HTAR: a   instcat_y02_191109/job_log_00428524.txt
HTAR: a   instcat_y02_191109/job_log_00428525.txt
HTAR: a   instcat_y02_191109/job_log_00428527.txt
HTAR: a   instcat_y02_191109/job_log_00428528.txt
HTAR: a   instcat_y02_191109/job_log_00428529.txt
HTAR: a   instcat_y02_191109/job_log_00428530.txt
HTAR: a   instcat_y02_191109/job_log_00428531.txt
HTAR: a   instcat_y02_191109/job_log_00428535.txt
HTAR: a   instcat_y02_191109/job_log_00428537.txt
HTAR: a   instcat_y02_191109/job_log_00428550.txt
HTAR: a   instcat_y02_191109/job_log_00428551.txt
HTAR: a   instcat_y02_191109/job_log_00428555.txt
HTAR: a   instcat_y02_191109/job_log_00428582.txt
HTAR: a   /tmp/HTAR_CF_CHK_50580_1580504180
HTAR Create complete for /home/projects/desc/DC2_ImSim/Run2.2i/instCat/y02_191109/00427553to00428582.tar. 547,025,156,608 bytes written for 244 member files, max threads: 50 Transfer time: 3724.429 seconds (146.875 MB/s) wallclock/user/sys: 3727.119 4351.175 1795.840 seconds
HTAR: HTAR SUCCESSFUL
HTAR: a   instcat_y02_191109/00428584.tar.gz
HTAR: a   instcat_y02_191109/00429117.tar.gz
HTAR: a   instcat_y02_191109/00429132.tar.gz
HTAR: a   instcat_y02_191109/00429133.tar.gz
HTAR: a   instcat_y02_191109/00429134.tar.gz
HTAR: a   instcat_y02_191109/00429135.tar.gz
HTAR: a   instcat_y02_191109/00429136.tar.gz
HTAR: a   instcat_y02_191109/00429137.tar.gz
HTAR: a   instcat_y02_191109/00429138.tar.gz
HTAR: a   instcat_y02_191109/00429139.tar.gz
HTAR: a   instcat_y02_191109/00429140.tar.gz
HTAR: a   instcat_y02_191109/00429141.tar.gz
HTAR: a   instcat_y02_191109/00429142.tar.gz
HTAR: a   instcat_y02_191109/00429143.tar.gz
HTAR: a   instcat_y02_191109/00429144.tar.gz
HTAR: a   instcat_y02_191109/00429145.tar.gz
HTAR: a   instcat_y02_191109/00429146.tar.gz
HTAR: a   instcat_y02_191109/00429147.tar.gz
HTAR: a   instcat_y02_191109/00429148.tar.gz
HTAR: a   instcat_y02_191109/00429149.tar.gz
HTAR: a   instcat_y02_191109/00429150.tar.gz
HTAR: a   instcat_y02_191109/00429151.tar.gz
HTAR: a   instcat_y02_191109/00429152.tar.gz
HTAR: a   instcat_y02_191109/00429153.tar.gz
HTAR: a   instcat_y02_191109/00429154.tar.gz
HTAR: a   instcat_y02_191109/00429155.tar.gz
HTAR: a   instcat_y02_191109/00429156.tar.gz
HTAR: a   instcat_y02_191109/00429157.tar.gz
HTAR: a   instcat_y02_191109/00429158.tar.gz
HTAR: a   instcat_y02_191109/00429159.tar.gz
HTAR: a   instcat_y02_191109/00429160.tar.gz
HTAR: a   instcat_y02_191109/00429161.tar.gz
HTAR: a   instcat_y02_191109/00429162.tar.gz
HTAR: a   instcat_y02_191109/00429163.tar.gz
HTAR: a   instcat_y02_191109/00429164.tar.gz
HTAR: a   instcat_y02_191109/00429165.tar.gz
HTAR: a   instcat_y02_191109/00429166.tar.gz
HTAR: a   instcat_y02_191109/00429167.tar.gz
HTAR: a   instcat_y02_191109/00429168.tar.gz
HTAR: a   instcat_y02_191109/00429169.tar.gz
HTAR: a   instcat_y02_191109/00429170.tar.gz
HTAR: a   instcat_y02_191109/00429171.tar.gz
HTAR: a   instcat_y02_191109/00429172.tar.gz
HTAR: a   instcat_y02_191109/00429173.tar.gz
HTAR: a   instcat_y02_191109/00429174.tar.gz
HTAR: a   instcat_y02_191109/00429175.tar.gz
HTAR: a   instcat_y02_191109/00429176.tar.gz
HTAR: a   instcat_y02_191109/00429177.tar.gz
HTAR: a   instcat_y02_191109/00429178.tar.gz
HTAR: a   instcat_y02_191109/00429179.tar.gz
HTAR: a   instcat_y02_191109/00429180.tar.gz
HTAR: a   instcat_y02_191109/00429181.tar.gz
HTAR: a   instcat_y02_191109/00429182.tar.gz
HTAR: a   instcat_y02_191109/00429183.tar.gz
HTAR: a   instcat_y02_191109/00429184.tar.gz
HTAR: a   instcat_y02_191109/00429185.tar.gz
HTAR: a   instcat_y02_191109/00429186.tar.gz
HTAR: a   instcat_y02_191109/00429187.tar.gz
HTAR: a   instcat_y02_191109/00429188.tar.gz
HTAR: a   instcat_y02_191109/00429189.tar.gz
HTAR: a   instcat_y02_191109/00429190.tar.gz
HTAR: a   instcat_y02_191109/00429191.tar.gz
HTAR: a   instcat_y02_191109/00429192.tar.gz
HTAR: a   instcat_y02_191109/00429193.tar.gz
HTAR: a   instcat_y02_191109/00429194.tar.gz
HTAR: a   instcat_y02_191109/00429195.tar.gz
HTAR: a   instcat_y02_191109/00429196.tar.gz
HTAR: a   instcat_y02_191109/00429197.tar.gz
HTAR: a   instcat_y02_191109/00429198.tar.gz
HTAR: a   instcat_y02_191109/00429199.tar.gz
HTAR: a   instcat_y02_191109/00429200.tar.gz
HTAR: a   instcat_y02_191109/00429201.tar.gz
HTAR: a   instcat_y02_191109/00429202.tar.gz
HTAR: a   instcat_y02_191109/00429203.tar.gz
HTAR: a   instcat_y02_191109/00429204.tar.gz
HTAR: a   instcat_y02_191109/00429205.tar.gz
HTAR: a   instcat_y02_191109/00429206.tar.gz
HTAR: a   instcat_y02_191109/00429207.tar.gz
HTAR: a   instcat_y02_191109/00429208.tar.gz
HTAR: a   instcat_y02_191109/00429209.tar.gz
HTAR: a   instcat_y02_191109/00429210.tar.gz
HTAR: a   instcat_y02_191109/00429211.tar.gz
HTAR: a   instcat_y02_191109/00429212.tar.gz
HTAR: a   instcat_y02_191109/00429213.tar.gz
HTAR: a   instcat_y02_191109/00429214.tar.gz
HTAR: a   instcat_y02_191109/00429215.tar.gz
HTAR: a   instcat_y02_191109/00429216.tar.gz
HTAR: a   instcat_y02_191109/00429217.tar.gz
HTAR: a   instcat_y02_191109/00429218.tar.gz
HTAR: a   instcat_y02_191109/00429219.tar.gz
HTAR: a   instcat_y02_191109/00429220.tar.gz
HTAR: a   instcat_y02_191109/00429221.tar.gz
HTAR: a   instcat_y02_191109/00429222.tar.gz
HTAR: a   instcat_y02_191109/00429223.tar.gz
HTAR: a   instcat_y02_191109/00429224.tar.gz
HTAR: a   instcat_y02_191109/00429225.tar.gz
HTAR: a   instcat_y02_191109/00429226.tar.gz
HTAR: a   instcat_y02_191109/00429227.tar.gz
HTAR: a   instcat_y02_191109/00430011.tar.gz
HTAR: a   instcat_y02_191109/00430012.tar.gz
HTAR: a   instcat_y02_191109/00430050.tar.gz
HTAR: a   instcat_y02_191109/00430053.tar.gz
HTAR: a   instcat_y02_191109/00430054.tar.gz
HTAR: a   instcat_y02_191109/00430055.tar.gz
HTAR: a   instcat_y02_191109/00430056.tar.gz
HTAR: a   instcat_y02_191109/00430057.tar.gz
HTAR: a   instcat_y02_191109/00430058.tar.gz
HTAR: a   instcat_y02_191109/00430060.tar.gz
HTAR: a   instcat_y02_191109/00430092.tar.gz
HTAR: a   instcat_y02_191109/00430093.tar.gz
HTAR: a   instcat_y02_191109/00430094.tar.gz
HTAR: a   instcat_y02_191109/00430095.tar.gz
HTAR: a   instcat_y02_191109/00430096.tar.gz
HTAR: a   instcat_y02_191109/00430097.tar.gz
HTAR: a   instcat_y02_191109/00430098.tar.gz
HTAR: a   instcat_y02_191109/00430099.tar.gz
HTAR: a   instcat_y02_191109/00430100.tar.gz
HTAR: a   instcat_y02_191109/00430120.tar.gz
HTAR: a   instcat_y02_191109/00430161.tar.gz
HTAR: a   instcat_y02_191109/00430164.tar.gz
HTAR: a   instcat_y02_191109/00430165.tar.gz
HTAR: a   instcat_y02_191109/00430166.tar.gz
HTAR: a   instcat_y02_191109/job_log_00428584.txt
HTAR: a   instcat_y02_191109/job_log_00429117.txt
HTAR: a   instcat_y02_191109/job_log_00429132.txt
HTAR: a   instcat_y02_191109/job_log_00429133.txt
HTAR: a   instcat_y02_191109/job_log_00429134.txt
HTAR: a   instcat_y02_191109/job_log_00429135.txt
HTAR: a   instcat_y02_191109/job_log_00429136.txt
HTAR: a   instcat_y02_191109/job_log_00429137.txt
HTAR: a   instcat_y02_191109/job_log_00429138.txt
HTAR: a   instcat_y02_191109/job_log_00429139.txt
HTAR: a   instcat_y02_191109/job_log_00429140.txt
HTAR: a   instcat_y02_191109/job_log_00429141.txt
HTAR: a   instcat_y02_191109/job_log_00429142.txt
HTAR: a   instcat_y02_191109/job_log_00429143.txt
HTAR: a   instcat_y02_191109/job_log_00429144.txt
HTAR: a   instcat_y02_191109/job_log_00429145.txt
HTAR: a   instcat_y02_191109/job_log_00429146.txt
HTAR: a   instcat_y02_191109/job_log_00429147.txt
HTAR: a   instcat_y02_191109/job_log_00429148.txt
HTAR: a   instcat_y02_191109/job_log_00429149.txt
HTAR: a   instcat_y02_191109/job_log_00429150.txt
HTAR: a   instcat_y02_191109/job_log_00429151.txt
HTAR: a   instcat_y02_191109/job_log_00429152.txt
HTAR: a   instcat_y02_191109/job_log_00429153.txt
HTAR: a   instcat_y02_191109/job_log_00429154.txt
HTAR: a   instcat_y02_191109/job_log_00429155.txt
HTAR: a   instcat_y02_191109/job_log_00429156.txt
HTAR: a   instcat_y02_191109/job_log_00429157.txt
HTAR: a   instcat_y02_191109/job_log_00429158.txt
HTAR: a   instcat_y02_191109/job_log_00429159.txt
HTAR: a   instcat_y02_191109/job_log_00429160.txt
HTAR: a   instcat_y02_191109/job_log_00429161.txt
HTAR: a   instcat_y02_191109/job_log_00429162.txt
HTAR: a   instcat_y02_191109/job_log_00429163.txt
HTAR: a   instcat_y02_191109/job_log_00429164.txt
HTAR: a   instcat_y02_191109/job_log_00429165.txt
HTAR: a   instcat_y02_191109/job_log_00429166.txt
HTAR: a   instcat_y02_191109/job_log_00429167.txt
HTAR: a   instcat_y02_191109/job_log_00429168.txt
HTAR: a   instcat_y02_191109/job_log_00429169.txt
HTAR: a   instcat_y02_191109/job_log_00429170.txt
HTAR: a   instcat_y02_191109/job_log_00429171.txt
HTAR: a   instcat_y02_191109/job_log_00429172.txt
HTAR: a   instcat_y02_191109/job_log_00429173.txt
HTAR: a   instcat_y02_191109/job_log_00429174.txt
HTAR: a   instcat_y02_191109/job_log_00429175.txt
HTAR: a   instcat_y02_191109/job_log_00429176.txt
HTAR: a   instcat_y02_191109/job_log_00429177.txt
HTAR: a   instcat_y02_191109/job_log_00429178.txt
HTAR: a   instcat_y02_191109/job_log_00429179.txt
HTAR: a   instcat_y02_191109/job_log_00429180.txt
HTAR: a   instcat_y02_191109/job_log_00429181.txt
HTAR: a   instcat_y02_191109/job_log_00429182.txt
HTAR: a   instcat_y02_191109/job_log_00429183.txt
HTAR: a   instcat_y02_191109/job_log_00429184.txt
HTAR: a   instcat_y02_191109/job_log_00429185.txt
HTAR: a   instcat_y02_191109/job_log_00429186.txt
HTAR: a   instcat_y02_191109/job_log_00429187.txt
HTAR: a   instcat_y02_191109/job_log_00429188.txt
HTAR: a   instcat_y02_191109/job_log_00429189.txt
HTAR: a   instcat_y02_191109/job_log_00429190.txt
HTAR: a   instcat_y02_191109/job_log_00429191.txt
HTAR: a   instcat_y02_191109/job_log_00429192.txt
HTAR: a   instcat_y02_191109/job_log_00429193.txt
HTAR: a   instcat_y02_191109/job_log_00429194.txt
HTAR: a   instcat_y02_191109/job_log_00429195.txt
HTAR: a   instcat_y02_191109/job_log_00429196.txt
HTAR: a   instcat_y02_191109/job_log_00429197.txt
HTAR: a   instcat_y02_191109/job_log_00429198.txt
HTAR: a   instcat_y02_191109/job_log_00429199.txt
HTAR: a   instcat_y02_191109/job_log_00429200.txt
HTAR: a   instcat_y02_191109/job_log_00429201.txt
HTAR: a   instcat_y02_191109/job_log_00429202.txt
HTAR: a   instcat_y02_191109/job_log_00429203.txt
HTAR: a   instcat_y02_191109/job_log_00429204.txt
HTAR: a   instcat_y02_191109/job_log_00429205.txt
HTAR: a   instcat_y02_191109/job_log_00429206.txt
HTAR: a   instcat_y02_191109/job_log_00429207.txt
HTAR: a   instcat_y02_191109/job_log_00429208.txt
HTAR: a   instcat_y02_191109/job_log_00429209.txt
HTAR: a   instcat_y02_191109/job_log_00429210.txt
HTAR: a   instcat_y02_191109/job_log_00429211.txt
HTAR: a   instcat_y02_191109/job_log_00429212.txt
HTAR: a   instcat_y02_191109/job_log_00429213.txt
HTAR: a   instcat_y02_191109/job_log_00429214.txt
HTAR: a   instcat_y02_191109/job_log_00429215.txt
HTAR: a   instcat_y02_191109/job_log_00429216.txt
HTAR: a   instcat_y02_191109/job_log_00429217.txt
HTAR: a   instcat_y02_191109/job_log_00429218.txt
HTAR: a   instcat_y02_191109/job_log_00429219.txt
HTAR: a   instcat_y02_191109/job_log_00429220.txt
HTAR: a   instcat_y02_191109/job_log_00429221.txt
HTAR: a   instcat_y02_191109/job_log_00429222.txt
HTAR: a   instcat_y02_191109/job_log_00429223.txt
HTAR: a   instcat_y02_191109/job_log_00429224.txt
HTAR: a   instcat_y02_191109/job_log_00429225.txt
HTAR: a   instcat_y02_191109/job_log_00429226.txt
HTAR: a   instcat_y02_191109/job_log_00429227.txt
HTAR: a   instcat_y02_191109/job_log_00430011.txt
HTAR: a   instcat_y02_191109/job_log_00430012.txt
HTAR: a   instcat_y02_191109/job_log_00430050.txt
HTAR: a   instcat_y02_191109/job_log_00430053.txt
HTAR: a   instcat_y02_191109/job_log_00430054.txt
HTAR: a   instcat_y02_191109/job_log_00430055.txt
HTAR: a   instcat_y02_191109/job_log_00430056.txt
HTAR: a   instcat_y02_191109/job_log_00430057.txt
HTAR: a   instcat_y02_191109/job_log_00430058.txt
HTAR: a   instcat_y02_191109/job_log_00430060.txt
HTAR: a   instcat_y02_191109/job_log_00430092.txt
HTAR: a   instcat_y02_191109/job_log_00430093.txt
HTAR: a   instcat_y02_191109/job_log_00430094.txt
HTAR: a   instcat_y02_191109/job_log_00430095.txt
HTAR: a   instcat_y02_191109/job_log_00430096.txt
HTAR: a   instcat_y02_191109/job_log_00430097.txt
HTAR: a   instcat_y02_191109/job_log_00430098.txt
HTAR: a   instcat_y02_191109/job_log_00430099.txt
HTAR: a   instcat_y02_191109/job_log_00430100.txt
HTAR: a   instcat_y02_191109/job_log_00430120.txt
HTAR: a   instcat_y02_191109/job_log_00430161.txt
HTAR: a   instcat_y02_191109/job_log_00430164.txt
HTAR: a   instcat_y02_191109/job_log_00430165.txt
HTAR: a   instcat_y02_191109/job_log_00430166.txt
HTAR: a   /tmp/HTAR_CF_CHK_24789_1580507910
HTAR Create complete for /home/projects/desc/DC2_ImSim/Run2.2i/instCat/y02_191109/00428584to00430166.tar. 558,708,219,904 bytes written for 244 member files, max threads: 50 Transfer time: 3936.668 seconds (141.924 MB/s) wallclock/user/sys: 3938.781 4616.427 1882.203 seconds
HTAR: HTAR SUCCESSFUL
HTAR: a   instcat_y02_191109/00430168.tar.gz
HTAR: a   instcat_y02_191109/00430169.tar.gz
HTAR: a   instcat_y02_191109/00430213.tar.gz
HTAR: a   instcat_y02_191109/00430214.tar.gz
HTAR: a   instcat_y02_191109/00430216.tar.gz
HTAR: a   instcat_y02_191109/00430217.tar.gz
HTAR: a   instcat_y02_191109/00430218.tar.gz
HTAR: a   instcat_y02_191109/00430407.tar.gz
HTAR: a   instcat_y02_191109/00431123.tar.gz
HTAR: a   instcat_y02_191109/00431124.tar.gz
HTAR: a   instcat_y02_191109/00431134.tar.gz
HTAR: a   instcat_y02_191109/00431136.tar.gz
HTAR: a   instcat_y02_191109/00431138.tar.gz
HTAR: a   instcat_y02_191109/00431150.tar.gz
HTAR: a   instcat_y02_191109/00431151.tar.gz
HTAR: a   instcat_y02_191109/00431152.tar.gz
HTAR: a   instcat_y02_191109/00431153.tar.gz
HTAR: a   instcat_y02_191109/00431154.tar.gz
HTAR: a   instcat_y02_191109/00431155.tar.gz
HTAR: a   instcat_y02_191109/00431156.tar.gz
HTAR: a   instcat_y02_191109/00431157.tar.gz
HTAR: a   instcat_y02_191109/00431158.tar.gz
HTAR: a   instcat_y02_191109/00431159.tar.gz
HTAR: a   instcat_y02_191109/00431160.tar.gz
HTAR: a   instcat_y02_191109/00431161.tar.gz
HTAR: a   instcat_y02_191109/00431162.tar.gz
HTAR: a   instcat_y02_191109/00431163.tar.gz
HTAR: a   instcat_y02_191109/00431164.tar.gz
HTAR: a   instcat_y02_191109/00431165.tar.gz
HTAR: a   instcat_y02_191109/00431166.tar.gz
HTAR: a   instcat_y02_191109/00431167.tar.gz
HTAR: a   instcat_y02_191109/00431168.tar.gz
HTAR: a   instcat_y02_191109/00431169.tar.gz
HTAR: a   instcat_y02_191109/00431176.tar.gz
HTAR: a   instcat_y02_191109/00431184.tar.gz
HTAR: a   instcat_y02_191109/00431185.tar.gz
HTAR: a   instcat_y02_191109/00431186.tar.gz
HTAR: a   instcat_y02_191109/00431192.tar.gz
HTAR: a   instcat_y02_191109/00431193.tar.gz
HTAR: a   instcat_y02_191109/00431194.tar.gz
HTAR: a   instcat_y02_191109/00431195.tar.gz
HTAR: a   instcat_y02_191109/00431196.tar.gz
HTAR: a   instcat_y02_191109/00431197.tar.gz
HTAR: a   instcat_y02_191109/00431296.tar.gz
HTAR: a   instcat_y02_191109/00431302.tar.gz
HTAR: a   instcat_y02_191109/00431303.tar.gz
HTAR: a   instcat_y02_191109/00431304.tar.gz
HTAR: a   instcat_y02_191109/00431305.tar.gz
HTAR: a   instcat_y02_191109/00431306.tar.gz
HTAR: a   instcat_y02_191109/00431351.tar.gz
HTAR: a   instcat_y02_191109/00431352.tar.gz
HTAR: a   instcat_y02_191109/00431353.tar.gz
HTAR: a   instcat_y02_191109/00431356.tar.gz
HTAR: a   instcat_y02_191109/00431357.tar.gz
HTAR: a   instcat_y02_191109/00431360.tar.gz
HTAR: a   instcat_y02_191109/00431365.tar.gz
HTAR: a   instcat_y02_191109/00431366.tar.gz
HTAR: a   instcat_y02_191109/00431367.tar.gz
HTAR: a   instcat_y02_191109/00431368.tar.gz
HTAR: a   instcat_y02_191109/00431369.tar.gz
HTAR: a   instcat_y02_191109/00431398.tar.gz
HTAR: a   instcat_y02_191109/00431400.tar.gz
HTAR: a   instcat_y02_191109/00431401.tar.gz
HTAR: a   instcat_y02_191109/00431405.tar.gz
HTAR: a   instcat_y02_191109/00431406.tar.gz
HTAR: a   instcat_y02_191109/00431407.tar.gz
HTAR: a   instcat_y02_191109/00431408.tar.gz
HTAR: a   instcat_y02_191109/00431437.tar.gz
HTAR: a   instcat_y02_191109/00431438.tar.gz
HTAR: a   instcat_y02_191109/00431448.tar.gz
HTAR: a   instcat_y02_191109/00431449.tar.gz
HTAR: a   instcat_y02_191109/00432081.tar.gz
HTAR: a   instcat_y02_191109/00432082.tar.gz
HTAR: a   instcat_y02_191109/00432083.tar.gz
HTAR: a   instcat_y02_191109/00432084.tar.gz
HTAR: a   instcat_y02_191109/00432085.tar.gz
HTAR: a   instcat_y02_191109/00432086.tar.gz
HTAR: a   instcat_y02_191109/00432087.tar.gz
HTAR: a   instcat_y02_191109/00432088.tar.gz
HTAR: a   instcat_y02_191109/00432089.tar.gz
HTAR: a   instcat_y02_191109/00432090.tar.gz
HTAR: a   instcat_y02_191109/00432091.tar.gz
HTAR: a   instcat_y02_191109/00432092.tar.gz
HTAR: a   instcat_y02_191109/00432093.tar.gz
HTAR: a   instcat_y02_191109/00432094.tar.gz
HTAR: a   instcat_y02_191109/00432095.tar.gz
HTAR: a   instcat_y02_191109/00432096.tar.gz
HTAR: a   instcat_y02_191109/00432097.tar.gz
HTAR: a   instcat_y02_191109/00432098.tar.gz
HTAR: a   instcat_y02_191109/00432099.tar.gz
HTAR: a   instcat_y02_191109/00432100.tar.gz
HTAR: a   instcat_y02_191109/00433014.tar.gz
HTAR: a   instcat_y02_191109/00433015.tar.gz
HTAR: a   instcat_y02_191109/00433016.tar.gz
HTAR: a   instcat_y02_191109/00433017.tar.gz
HTAR: a   instcat_y02_191109/00433018.tar.gz
HTAR: a   instcat_y02_191109/00433019.tar.gz
HTAR: a   instcat_y02_191109/00433020.tar.gz
HTAR: a   instcat_y02_191109/00433021.tar.gz
HTAR: a   instcat_y02_191109/00433022.tar.gz
HTAR: a   instcat_y02_191109/00433023.tar.gz
HTAR: a   instcat_y02_191109/00433024.tar.gz
HTAR: a   instcat_y02_191109/00433025.tar.gz
HTAR: a   instcat_y02_191109/00433026.tar.gz
HTAR: a   instcat_y02_191109/00433027.tar.gz
HTAR: a   instcat_y02_191109/00433028.tar.gz
HTAR: a   instcat_y02_191109/00433029.tar.gz
HTAR: a   instcat_y02_191109/00433030.tar.gz
HTAR: a   instcat_y02_191109/00433031.tar.gz
HTAR: a   instcat_y02_191109/00433032.tar.gz
HTAR: a   instcat_y02_191109/00433033.tar.gz
HTAR: a   instcat_y02_191109/00433034.tar.gz
HTAR: a   instcat_y02_191109/00433035.tar.gz
HTAR: a   instcat_y02_191109/00433036.tar.gz
HTAR: a   instcat_y02_191109/00433037.tar.gz
HTAR: a   instcat_y02_191109/00433038.tar.gz
HTAR: a   instcat_y02_191109/00433039.tar.gz
HTAR: a   instcat_y02_191109/00433040.tar.gz
HTAR: a   instcat_y02_191109/00433042.tar.gz
HTAR: a   instcat_y02_191109/00433043.tar.gz
HTAR: a   instcat_y02_191109/00433047.tar.gz
HTAR: a   instcat_y02_191109/00433048.tar.gz
HTAR: a   instcat_y02_191109/job_log_00430168.txt
HTAR: a   instcat_y02_191109/job_log_00430169.txt
HTAR: a   instcat_y02_191109/job_log_00430213.txt
HTAR: a   instcat_y02_191109/job_log_00430214.txt
HTAR: a   instcat_y02_191109/job_log_00430216.txt
HTAR: a   instcat_y02_191109/job_log_00430217.txt
HTAR: a   instcat_y02_191109/job_log_00430218.txt
HTAR: a   instcat_y02_191109/job_log_00430407.txt
HTAR: a   instcat_y02_191109/job_log_00431123.txt
HTAR: a   instcat_y02_191109/job_log_00431124.txt
HTAR: a   instcat_y02_191109/job_log_00431134.txt
HTAR: a   instcat_y02_191109/job_log_00431136.txt
HTAR: a   instcat_y02_191109/job_log_00431138.txt
HTAR: a   instcat_y02_191109/job_log_00431150.txt
HTAR: a   instcat_y02_191109/job_log_00431151.txt
HTAR: a   instcat_y02_191109/job_log_00431152.txt
HTAR: a   instcat_y02_191109/job_log_00431153.txt
HTAR: a   instcat_y02_191109/job_log_00431154.txt
HTAR: a   instcat_y02_191109/job_log_00431155.txt
HTAR: a   instcat_y02_191109/job_log_00431156.txt
HTAR: a   instcat_y02_191109/job_log_00431157.txt
HTAR: a   instcat_y02_191109/job_log_00431158.txt
HTAR: a   instcat_y02_191109/job_log_00431159.txt
HTAR: a   instcat_y02_191109/job_log_00431160.txt
HTAR: a   instcat_y02_191109/job_log_00431161.txt
HTAR: a   instcat_y02_191109/job_log_00431162.txt
HTAR: a   instcat_y02_191109/job_log_00431163.txt
HTAR: a   instcat_y02_191109/job_log_00431164.txt
HTAR: a   instcat_y02_191109/job_log_00431165.txt
HTAR: a   instcat_y02_191109/job_log_00431166.txt
HTAR: a   instcat_y02_191109/job_log_00431167.txt
HTAR: a   instcat_y02_191109/job_log_00431168.txt
HTAR: a   instcat_y02_191109/job_log_00431169.txt
HTAR: a   instcat_y02_191109/job_log_00431176.txt
HTAR: a   instcat_y02_191109/job_log_00431184.txt
HTAR: a   instcat_y02_191109/job_log_00431185.txt
HTAR: a   instcat_y02_191109/job_log_00431186.txt
HTAR: a   instcat_y02_191109/job_log_00431192.txt
HTAR: a   instcat_y02_191109/job_log_00431193.txt
HTAR: a   instcat_y02_191109/job_log_00431194.txt
HTAR: a   instcat_y02_191109/job_log_00431195.txt
HTAR: a   instcat_y02_191109/job_log_00431196.txt
HTAR: a   instcat_y02_191109/job_log_00431197.txt
HTAR: a   instcat_y02_191109/job_log_00431296.txt
HTAR: a   instcat_y02_191109/job_log_00431302.txt
HTAR: a   instcat_y02_191109/job_log_00431303.txt
HTAR: a   instcat_y02_191109/job_log_00431304.txt
HTAR: a   instcat_y02_191109/job_log_00431305.txt
HTAR: a   instcat_y02_191109/job_log_00431306.txt
HTAR: a   instcat_y02_191109/job_log_00431351.txt
HTAR: a   instcat_y02_191109/job_log_00431352.txt
HTAR: a   instcat_y02_191109/job_log_00431353.txt
HTAR: a   instcat_y02_191109/job_log_00431356.txt
HTAR: a   instcat_y02_191109/job_log_00431357.txt
HTAR: a   instcat_y02_191109/job_log_00431360.txt
HTAR: a   instcat_y02_191109/job_log_00431365.txt
HTAR: a   instcat_y02_191109/job_log_00431366.txt
HTAR: a   instcat_y02_191109/job_log_00431367.txt
HTAR: a   instcat_y02_191109/job_log_00431368.txt
HTAR: a   instcat_y02_191109/job_log_00431369.txt
HTAR: a   instcat_y02_191109/job_log_00431398.txt
HTAR: a   instcat_y02_191109/job_log_00431400.txt
HTAR: a   instcat_y02_191109/job_log_00431401.txt
HTAR: a   instcat_y02_191109/job_log_00431405.txt
HTAR: a   instcat_y02_191109/job_log_00431406.txt
HTAR: a   instcat_y02_191109/job_log_00431407.txt
HTAR: a   instcat_y02_191109/job_log_00431408.txt
HTAR: a   instcat_y02_191109/job_log_00431437.txt
HTAR: a   instcat_y02_191109/job_log_00431438.txt
HTAR: a   instcat_y02_191109/job_log_00431448.txt
HTAR: a   instcat_y02_191109/job_log_00431449.txt
HTAR: a   instcat_y02_191109/job_log_00432081.txt
HTAR: a   instcat_y02_191109/job_log_00432082.txt
HTAR: a   instcat_y02_191109/job_log_00432083.txt
HTAR: a   instcat_y02_191109/job_log_00432084.txt
HTAR: a   instcat_y02_191109/job_log_00432085.txt
HTAR: a   instcat_y02_191109/job_log_00432086.txt
HTAR: a   instcat_y02_191109/job_log_00432087.txt
HTAR: a   instcat_y02_191109/job_log_00432088.txt
HTAR: a   instcat_y02_191109/job_log_00432089.txt
HTAR: a   instcat_y02_191109/job_log_00432090.txt
HTAR: a   instcat_y02_191109/job_log_00432091.txt
HTAR: a   instcat_y02_191109/job_log_00432092.txt
HTAR: a   instcat_y02_191109/job_log_00432093.txt
HTAR: a   instcat_y02_191109/job_log_00432094.txt
HTAR: a   instcat_y02_191109/job_log_00432095.txt
HTAR: a   instcat_y02_191109/job_log_00432096.txt
HTAR: a   instcat_y02_191109/job_log_00432097.txt
HTAR: a   instcat_y02_191109/job_log_00432098.txt
HTAR: a   instcat_y02_191109/job_log_00432099.txt
HTAR: a   instcat_y02_191109/job_log_00432100.txt
HTAR: a   instcat_y02_191109/job_log_00433014.txt
HTAR: a   instcat_y02_191109/job_log_00433015.txt
HTAR: a   instcat_y02_191109/job_log_00433016.txt
HTAR: a   instcat_y02_191109/job_log_00433017.txt
HTAR: a   instcat_y02_191109/job_log_00433018.txt
HTAR: a   instcat_y02_191109/job_log_00433019.txt
HTAR: a   instcat_y02_191109/job_log_00433020.txt
HTAR: a   instcat_y02_191109/job_log_00433021.txt
HTAR: a   instcat_y02_191109/job_log_00433022.txt
HTAR: a   instcat_y02_191109/job_log_00433023.txt
HTAR: a   instcat_y02_191109/job_log_00433024.txt
HTAR: a   instcat_y02_191109/job_log_00433025.txt
HTAR: a   instcat_y02_191109/job_log_00433026.txt
HTAR: a   instcat_y02_191109/job_log_00433027.txt
HTAR: a   instcat_y02_191109/job_log_00433028.txt
HTAR: a   instcat_y02_191109/job_log_00433029.txt
HTAR: a   instcat_y02_191109/job_log_00433030.txt
HTAR: a   instcat_y02_191109/job_log_00433031.txt
HTAR: a   instcat_y02_191109/job_log_00433032.txt
HTAR: a   instcat_y02_191109/job_log_00433033.txt
HTAR: a   instcat_y02_191109/job_log_00433034.txt
HTAR: a   instcat_y02_191109/job_log_00433035.txt
HTAR: a   instcat_y02_191109/job_log_00433036.txt
HTAR: a   instcat_y02_191109/job_log_00433037.txt
HTAR: a   instcat_y02_191109/job_log_00433038.txt
HTAR: a   instcat_y02_191109/job_log_00433039.txt
HTAR: a   instcat_y02_191109/job_log_00433040.txt
HTAR: a   instcat_y02_191109/job_log_00433042.txt
HTAR: a   instcat_y02_191109/job_log_00433043.txt
HTAR: a   instcat_y02_191109/job_log_00433047.txt
HTAR: a   instcat_y02_191109/job_log_00433048.txt
HTAR: a   /tmp/HTAR_CF_CHK_61600_1580511852
HTAR Create complete for /home/projects/desc/DC2_ImSim/Run2.2i/instCat/y02_191109/00430168to00433048.tar. 563,435,433,984 bytes written for 244 member files, max threads: 50 Transfer time: 4029.345 seconds (139.833 MB/s) wallclock/user/sys: 4031.715 4573.838 1857.767 seconds
HTAR: HTAR SUCCESSFUL
