HTAR: a   instcat_y02_191109/00479740.tar.gz
HTAR: a   instcat_y02_191109/00479741.tar.gz
HTAR: a   instcat_y02_191109/00479753.tar.gz
HTAR: a   instcat_y02_191109/00479759.tar.gz
HTAR: a   instcat_y02_191109/00480284.tar.gz
HTAR: a   instcat_y02_191109/00480297.tar.gz
HTAR: a   instcat_y02_191109/00480298.tar.gz
HTAR: a   instcat_y02_191109/00480299.tar.gz
HTAR: a   instcat_y02_191109/00480304.tar.gz
HTAR: a   instcat_y02_191109/00480305.tar.gz
HTAR: a   instcat_y02_191109/00480306.tar.gz
HTAR: a   instcat_y02_191109/00480307.tar.gz
HTAR: a   instcat_y02_191109/00480308.tar.gz
HTAR: a   instcat_y02_191109/00480309.tar.gz
HTAR: a   instcat_y02_191109/00480310.tar.gz
HTAR: a   instcat_y02_191109/00480311.tar.gz
HTAR: a   instcat_y02_191109/00480334.tar.gz
HTAR: a   instcat_y02_191109/00480335.tar.gz
HTAR: a   instcat_y02_191109/00480337.tar.gz
HTAR: a   instcat_y02_191109/00480338.tar.gz
HTAR: a   instcat_y02_191109/00480339.tar.gz
HTAR: a   instcat_y02_191109/00480343.tar.gz
HTAR: a   instcat_y02_191109/00480345.tar.gz
HTAR: a   instcat_y02_191109/00480346.tar.gz
HTAR: a   instcat_y02_191109/00480347.tar.gz
HTAR: a   instcat_y02_191109/00480348.tar.gz
HTAR: a   instcat_y02_191109/00480368.tar.gz
HTAR: a   instcat_y02_191109/00480369.tar.gz
HTAR: a   instcat_y02_191109/00480372.tar.gz
HTAR: a   instcat_y02_191109/00480373.tar.gz
HTAR: a   instcat_y02_191109/00480374.tar.gz
HTAR: a   instcat_y02_191109/00480376.tar.gz
HTAR: a   instcat_y02_191109/00480378.tar.gz
HTAR: a   instcat_y02_191109/00480674.tar.gz
HTAR: a   instcat_y02_191109/00480676.tar.gz
HTAR: a   instcat_y02_191109/00480677.tar.gz
HTAR: a   instcat_y02_191109/00480678.tar.gz
HTAR: a   instcat_y02_191109/00480680.tar.gz
HTAR: a   instcat_y02_191109/00480681.tar.gz
HTAR: a   instcat_y02_191109/00480682.tar.gz
HTAR: a   instcat_y02_191109/00480683.tar.gz
HTAR: a   instcat_y02_191109/00480684.tar.gz
HTAR: a   instcat_y02_191109/00480685.tar.gz
HTAR: a   instcat_y02_191109/00480686.tar.gz
HTAR: a   instcat_y02_191109/00480687.tar.gz
HTAR: a   instcat_y02_191109/00480688.tar.gz
HTAR: a   instcat_y02_191109/00480689.tar.gz
HTAR: a   instcat_y02_191109/00480690.tar.gz
HTAR: a   instcat_y02_191109/00480691.tar.gz
HTAR: a   instcat_y02_191109/00480692.tar.gz
HTAR: a   instcat_y02_191109/00480693.tar.gz
HTAR: a   instcat_y02_191109/00480694.tar.gz
HTAR: a   instcat_y02_191109/00480695.tar.gz
HTAR: a   instcat_y02_191109/00480696.tar.gz
HTAR: a   instcat_y02_191109/00480697.tar.gz
HTAR: a   instcat_y02_191109/00480698.tar.gz
HTAR: a   instcat_y02_191109/00480699.tar.gz
HTAR: a   instcat_y02_191109/00480700.tar.gz
HTAR: a   instcat_y02_191109/00480701.tar.gz
HTAR: a   instcat_y02_191109/00480702.tar.gz
HTAR: a   instcat_y02_191109/00480703.tar.gz
HTAR: a   instcat_y02_191109/00480704.tar.gz
HTAR: a   instcat_y02_191109/00480705.tar.gz
HTAR: a   instcat_y02_191109/00480706.tar.gz
HTAR: a   instcat_y02_191109/00480707.tar.gz
HTAR: a   instcat_y02_191109/00480708.tar.gz
HTAR: a   instcat_y02_191109/00480709.tar.gz
HTAR: a   instcat_y02_191109/00480710.tar.gz
HTAR: a   instcat_y02_191109/00480711.tar.gz
HTAR: a   instcat_y02_191109/00480712.tar.gz
HTAR: a   instcat_y02_191109/00480713.tar.gz
HTAR: a   instcat_y02_191109/00480714.tar.gz
HTAR: a   instcat_y02_191109/00480715.tar.gz
HTAR: a   instcat_y02_191109/00480716.tar.gz
HTAR: a   instcat_y02_191109/00480717.tar.gz
HTAR: a   instcat_y02_191109/00480718.tar.gz
HTAR: a   instcat_y02_191109/00480719.tar.gz
HTAR: a   instcat_y02_191109/00480720.tar.gz
HTAR: a   instcat_y02_191109/00480721.tar.gz
HTAR: a   instcat_y02_191109/00480722.tar.gz
HTAR: a   instcat_y02_191109/00480723.tar.gz
HTAR: a   instcat_y02_191109/00480724.tar.gz
HTAR: a   instcat_y02_191109/00480725.tar.gz
HTAR: a   instcat_y02_191109/00480726.tar.gz
HTAR: a   instcat_y02_191109/00480727.tar.gz
HTAR: a   instcat_y02_191109/00480728.tar.gz
HTAR: a   instcat_y02_191109/00480729.tar.gz
HTAR: a   instcat_y02_191109/00480730.tar.gz
HTAR: a   instcat_y02_191109/00480731.tar.gz
HTAR: a   instcat_y02_191109/00480732.tar.gz
HTAR: a   instcat_y02_191109/00480733.tar.gz
HTAR: a   instcat_y02_191109/00480734.tar.gz
HTAR: a   instcat_y02_191109/00480735.tar.gz
HTAR: a   instcat_y02_191109/00480736.tar.gz
HTAR: a   instcat_y02_191109/00480737.tar.gz
HTAR: a   instcat_y02_191109/00480738.tar.gz
HTAR: a   instcat_y02_191109/00480739.tar.gz
HTAR: a   instcat_y02_191109/00480740.tar.gz
HTAR: a   instcat_y02_191109/00480741.tar.gz
HTAR: a   instcat_y02_191109/00480742.tar.gz
HTAR: a   instcat_y02_191109/00480743.tar.gz
HTAR: a   instcat_y02_191109/00480744.tar.gz
HTAR: a   instcat_y02_191109/00480745.tar.gz
HTAR: a   instcat_y02_191109/00480746.tar.gz
HTAR: a   instcat_y02_191109/00480747.tar.gz
HTAR: a   instcat_y02_191109/00480748.tar.gz
HTAR: a   instcat_y02_191109/00480749.tar.gz
HTAR: a   instcat_y02_191109/00480750.tar.gz
HTAR: a   instcat_y02_191109/00480751.tar.gz
HTAR: a   instcat_y02_191109/00480752.tar.gz
HTAR: a   instcat_y02_191109/00480753.tar.gz
HTAR: a   instcat_y02_191109/00480754.tar.gz
HTAR: a   instcat_y02_191109/00480755.tar.gz
HTAR: a   instcat_y02_191109/00480756.tar.gz
HTAR: a   instcat_y02_191109/00480757.tar.gz
HTAR: a   instcat_y02_191109/00480758.tar.gz
HTAR: a   instcat_y02_191109/00480759.tar.gz
HTAR: a   instcat_y02_191109/00480760.tar.gz
HTAR: a   instcat_y02_191109/00480761.tar.gz
HTAR: a   instcat_y02_191109/00480762.tar.gz
HTAR: a   instcat_y02_191109/00480763.tar.gz
HTAR: a   instcat_y02_191109/00480764.tar.gz
HTAR: a   instcat_y02_191109/job_log_00479740.txt
HTAR: a   instcat_y02_191109/job_log_00479741.txt
HTAR: a   instcat_y02_191109/job_log_00479753.txt
HTAR: a   instcat_y02_191109/job_log_00479759.txt
HTAR: a   instcat_y02_191109/job_log_00480284.txt
HTAR: a   instcat_y02_191109/job_log_00480297.txt
HTAR: a   instcat_y02_191109/job_log_00480298.txt
HTAR: a   instcat_y02_191109/job_log_00480299.txt
HTAR: a   instcat_y02_191109/job_log_00480304.txt
HTAR: a   instcat_y02_191109/job_log_00480305.txt
HTAR: a   instcat_y02_191109/job_log_00480306.txt
HTAR: a   instcat_y02_191109/job_log_00480307.txt
HTAR: a   instcat_y02_191109/job_log_00480308.txt
HTAR: a   instcat_y02_191109/job_log_00480309.txt
HTAR: a   instcat_y02_191109/job_log_00480310.txt
HTAR: a   instcat_y02_191109/job_log_00480311.txt
HTAR: a   instcat_y02_191109/job_log_00480334.txt
HTAR: a   instcat_y02_191109/job_log_00480335.txt
HTAR: a   instcat_y02_191109/job_log_00480337.txt
HTAR: a   instcat_y02_191109/job_log_00480338.txt
HTAR: a   instcat_y02_191109/job_log_00480339.txt
HTAR: a   instcat_y02_191109/job_log_00480343.txt
HTAR: a   instcat_y02_191109/job_log_00480345.txt
HTAR: a   instcat_y02_191109/job_log_00480346.txt
HTAR: a   instcat_y02_191109/job_log_00480347.txt
HTAR: a   instcat_y02_191109/job_log_00480348.txt
HTAR: a   instcat_y02_191109/job_log_00480368.txt
HTAR: a   instcat_y02_191109/job_log_00480369.txt
HTAR: a   instcat_y02_191109/job_log_00480372.txt
HTAR: a   instcat_y02_191109/job_log_00480373.txt
HTAR: a   instcat_y02_191109/job_log_00480374.txt
HTAR: a   instcat_y02_191109/job_log_00480376.txt
HTAR: a   instcat_y02_191109/job_log_00480378.txt
HTAR: a   instcat_y02_191109/job_log_00480674.txt
HTAR: a   instcat_y02_191109/job_log_00480676.txt
HTAR: a   instcat_y02_191109/job_log_00480677.txt
HTAR: a   instcat_y02_191109/job_log_00480678.txt
HTAR: a   instcat_y02_191109/job_log_00480680.txt
HTAR: a   instcat_y02_191109/job_log_00480681.txt
HTAR: a   instcat_y02_191109/job_log_00480682.txt
HTAR: a   instcat_y02_191109/job_log_00480683.txt
HTAR: a   instcat_y02_191109/job_log_00480684.txt
HTAR: a   instcat_y02_191109/job_log_00480685.txt
HTAR: a   instcat_y02_191109/job_log_00480686.txt
HTAR: a   instcat_y02_191109/job_log_00480687.txt
HTAR: a   instcat_y02_191109/job_log_00480688.txt
HTAR: a   instcat_y02_191109/job_log_00480689.txt
HTAR: a   instcat_y02_191109/job_log_00480690.txt
HTAR: a   instcat_y02_191109/job_log_00480691.txt
HTAR: a   instcat_y02_191109/job_log_00480692.txt
HTAR: a   instcat_y02_191109/job_log_00480693.txt
HTAR: a   instcat_y02_191109/job_log_00480694.txt
HTAR: a   instcat_y02_191109/job_log_00480695.txt
HTAR: a   instcat_y02_191109/job_log_00480696.txt
HTAR: a   instcat_y02_191109/job_log_00480697.txt
HTAR: a   instcat_y02_191109/job_log_00480698.txt
HTAR: a   instcat_y02_191109/job_log_00480699.txt
HTAR: a   instcat_y02_191109/job_log_00480700.txt
HTAR: a   instcat_y02_191109/job_log_00480701.txt
HTAR: a   instcat_y02_191109/job_log_00480702.txt
HTAR: a   instcat_y02_191109/job_log_00480703.txt
HTAR: a   instcat_y02_191109/job_log_00480704.txt
HTAR: a   instcat_y02_191109/job_log_00480705.txt
HTAR: a   instcat_y02_191109/job_log_00480706.txt
HTAR: a   instcat_y02_191109/job_log_00480707.txt
HTAR: a   instcat_y02_191109/job_log_00480708.txt
HTAR: a   instcat_y02_191109/job_log_00480709.txt
HTAR: a   instcat_y02_191109/job_log_00480710.txt
HTAR: a   instcat_y02_191109/job_log_00480711.txt
HTAR: a   instcat_y02_191109/job_log_00480712.txt
HTAR: a   instcat_y02_191109/job_log_00480713.txt
HTAR: a   instcat_y02_191109/job_log_00480714.txt
HTAR: a   instcat_y02_191109/job_log_00480715.txt
HTAR: a   instcat_y02_191109/job_log_00480716.txt
HTAR: a   instcat_y02_191109/job_log_00480717.txt
HTAR: a   instcat_y02_191109/job_log_00480718.txt
HTAR: a   instcat_y02_191109/job_log_00480719.txt
HTAR: a   instcat_y02_191109/job_log_00480720.txt
HTAR: a   instcat_y02_191109/job_log_00480721.txt
HTAR: a   instcat_y02_191109/job_log_00480722.txt
HTAR: a   instcat_y02_191109/job_log_00480723.txt
HTAR: a   instcat_y02_191109/job_log_00480724.txt
HTAR: a   instcat_y02_191109/job_log_00480725.txt
HTAR: a   instcat_y02_191109/job_log_00480726.txt
HTAR: a   instcat_y02_191109/job_log_00480727.txt
HTAR: a   instcat_y02_191109/job_log_00480728.txt
HTAR: a   instcat_y02_191109/job_log_00480729.txt
HTAR: a   instcat_y02_191109/job_log_00480730.txt
HTAR: a   instcat_y02_191109/job_log_00480731.txt
HTAR: a   instcat_y02_191109/job_log_00480732.txt
HTAR: a   instcat_y02_191109/job_log_00480733.txt
HTAR: a   instcat_y02_191109/job_log_00480734.txt
HTAR: a   instcat_y02_191109/job_log_00480735.txt
HTAR: a   instcat_y02_191109/job_log_00480736.txt
HTAR: a   instcat_y02_191109/job_log_00480737.txt
HTAR: a   instcat_y02_191109/job_log_00480738.txt
HTAR: a   instcat_y02_191109/job_log_00480739.txt
HTAR: a   instcat_y02_191109/job_log_00480740.txt
HTAR: a   instcat_y02_191109/job_log_00480741.txt
HTAR: a   instcat_y02_191109/job_log_00480742.txt
HTAR: a   instcat_y02_191109/job_log_00480743.txt
HTAR: a   instcat_y02_191109/job_log_00480744.txt
HTAR: a   instcat_y02_191109/job_log_00480745.txt
HTAR: a   instcat_y02_191109/job_log_00480746.txt
HTAR: a   instcat_y02_191109/job_log_00480747.txt
HTAR: a   instcat_y02_191109/job_log_00480748.txt
HTAR: a   instcat_y02_191109/job_log_00480749.txt
HTAR: a   instcat_y02_191109/job_log_00480750.txt
HTAR: a   instcat_y02_191109/job_log_00480751.txt
HTAR: a   instcat_y02_191109/job_log_00480752.txt
HTAR: a   instcat_y02_191109/job_log_00480753.txt
HTAR: a   instcat_y02_191109/job_log_00480754.txt
HTAR: a   instcat_y02_191109/job_log_00480755.txt
HTAR: a   instcat_y02_191109/job_log_00480756.txt
HTAR: a   instcat_y02_191109/job_log_00480757.txt
HTAR: a   instcat_y02_191109/job_log_00480758.txt
HTAR: a   instcat_y02_191109/job_log_00480759.txt
HTAR: a   instcat_y02_191109/job_log_00480760.txt
HTAR: a   instcat_y02_191109/job_log_00480761.txt
HTAR: a   instcat_y02_191109/job_log_00480762.txt
HTAR: a   instcat_y02_191109/job_log_00480763.txt
HTAR: a   instcat_y02_191109/job_log_00480764.txt
HTAR: a   /tmp/HTAR_CF_CHK_7744_1580490063
HTAR Create complete for /home/projects/desc/DC2_ImSim/Run2.2i/instCat/y02_191109/00479740to00480764.tar. 568,996,296,704 bytes written for 244 member files, max threads: 50 Transfer time: 4095.868 seconds (138.920 MB/s) wallclock/user/sys: 4097.471 4894.655 1879.679 seconds
HTAR: HTAR SUCCESSFUL
HTAR: a   instcat_y02_191109/00480765.tar.gz
HTAR: a   instcat_y02_191109/00480766.tar.gz
HTAR: a   instcat_y02_191109/00480767.tar.gz
HTAR: a   instcat_y02_191109/00480768.tar.gz
HTAR: a   instcat_y02_191109/00480769.tar.gz
HTAR: a   instcat_y02_191109/00480770.tar.gz
HTAR: a   instcat_y02_191109/00480771.tar.gz
HTAR: a   instcat_y02_191109/00480772.tar.gz
HTAR: a   instcat_y02_191109/00480773.tar.gz
HTAR: a   instcat_y02_191109/00480774.tar.gz
HTAR: a   instcat_y02_191109/00480775.tar.gz
HTAR: a   instcat_y02_191109/00480776.tar.gz
HTAR: a   instcat_y02_191109/00480777.tar.gz
HTAR: a   instcat_y02_191109/00480778.tar.gz
HTAR: a   instcat_y02_191109/00480908.tar.gz
HTAR: a   instcat_y02_191109/00480909.tar.gz
HTAR: a   instcat_y02_191109/00480911.tar.gz
HTAR: a   instcat_y02_191109/00480912.tar.gz
HTAR: a   instcat_y02_191109/00480913.tar.gz
HTAR: a   instcat_y02_191109/00480914.tar.gz
HTAR: a   instcat_y02_191109/00481355.tar.gz
HTAR: a   instcat_y02_191109/00481377.tar.gz
HTAR: a   instcat_y02_191109/00481380.tar.gz
HTAR: a   instcat_y02_191109/00481381.tar.gz
HTAR: a   instcat_y02_191109/00481385.tar.gz
HTAR: a   instcat_y02_191109/00481387.tar.gz
HTAR: a   instcat_y02_191109/00481388.tar.gz
HTAR: a   instcat_y02_191109/00481389.tar.gz
HTAR: a   instcat_y02_191109/00481390.tar.gz
HTAR: a   instcat_y02_191109/00481394.tar.gz
HTAR: a   instcat_y02_191109/00481433.tar.gz
HTAR: a   instcat_y02_191109/00481434.tar.gz
HTAR: a   instcat_y02_191109/00481435.tar.gz
HTAR: a   instcat_y02_191109/00481437.tar.gz
HTAR: a   instcat_y02_191109/00482813.tar.gz
HTAR: a   instcat_y02_191109/00482814.tar.gz
HTAR: a   instcat_y02_191109/00482815.tar.gz
HTAR: a   instcat_y02_191109/00482816.tar.gz
HTAR: a   instcat_y02_191109/00482817.tar.gz
HTAR: a   instcat_y02_191109/00482818.tar.gz
HTAR: a   instcat_y02_191109/00482819.tar.gz
HTAR: a   instcat_y02_191109/00482820.tar.gz
HTAR: a   instcat_y02_191109/00482821.tar.gz
HTAR: a   instcat_y02_191109/00482822.tar.gz
HTAR: a   instcat_y02_191109/00482823.tar.gz
HTAR: a   instcat_y02_191109/00482824.tar.gz
HTAR: a   instcat_y02_191109/00482825.tar.gz
HTAR: a   instcat_y02_191109/00482826.tar.gz
HTAR: a   instcat_y02_191109/00482827.tar.gz
HTAR: a   instcat_y02_191109/00482828.tar.gz
HTAR: a   instcat_y02_191109/00482829.tar.gz
HTAR: a   instcat_y02_191109/00482830.tar.gz
HTAR: a   instcat_y02_191109/00482831.tar.gz
HTAR: a   instcat_y02_191109/00482832.tar.gz
HTAR: a   instcat_y02_191109/00482833.tar.gz
HTAR: a   instcat_y02_191109/00482834.tar.gz
HTAR: a   instcat_y02_191109/00482835.tar.gz
HTAR: a   instcat_y02_191109/00482836.tar.gz
HTAR: a   instcat_y02_191109/00482837.tar.gz
HTAR: a   instcat_y02_191109/00482838.tar.gz
HTAR: a   instcat_y02_191109/00482839.tar.gz
HTAR: a   instcat_y02_191109/00482840.tar.gz
HTAR: a   instcat_y02_191109/00482841.tar.gz
HTAR: a   instcat_y02_191109/00482842.tar.gz
HTAR: a   instcat_y02_191109/00482843.tar.gz
HTAR: a   instcat_y02_191109/00482844.tar.gz
HTAR: a   instcat_y02_191109/00482845.tar.gz
HTAR: a   instcat_y02_191109/00482846.tar.gz
HTAR: a   instcat_y02_191109/00482847.tar.gz
HTAR: a   instcat_y02_191109/00482848.tar.gz
HTAR: a   instcat_y02_191109/00482849.tar.gz
HTAR: a   instcat_y02_191109/00482850.tar.gz
HTAR: a   instcat_y02_191109/00482851.tar.gz
HTAR: a   instcat_y02_191109/00482852.tar.gz
HTAR: a   instcat_y02_191109/00482853.tar.gz
HTAR: a   instcat_y02_191109/00482854.tar.gz
HTAR: a   instcat_y02_191109/00482855.tar.gz
HTAR: a   instcat_y02_191109/00482856.tar.gz
HTAR: a   instcat_y02_191109/00482857.tar.gz
HTAR: a   instcat_y02_191109/00482858.tar.gz
HTAR: a   instcat_y02_191109/00482859.tar.gz
HTAR: a   instcat_y02_191109/00482860.tar.gz
HTAR: a   instcat_y02_191109/00482861.tar.gz
HTAR: a   instcat_y02_191109/00482862.tar.gz
HTAR: a   instcat_y02_191109/00482863.tar.gz
HTAR: a   instcat_y02_191109/00482864.tar.gz
HTAR: a   instcat_y02_191109/00482865.tar.gz
HTAR: a   instcat_y02_191109/00482866.tar.gz
HTAR: a   instcat_y02_191109/00482867.tar.gz
HTAR: a   instcat_y02_191109/00482868.tar.gz
HTAR: a   instcat_y02_191109/00482869.tar.gz
HTAR: a   instcat_y02_191109/00482870.tar.gz
HTAR: a   instcat_y02_191109/00482871.tar.gz
HTAR: a   instcat_y02_191109/00482872.tar.gz
HTAR: a   instcat_y02_191109/00482873.tar.gz
HTAR: a   instcat_y02_191109/00482874.tar.gz
HTAR: a   instcat_y02_191109/00482875.tar.gz
HTAR: a   instcat_y02_191109/00482876.tar.gz
HTAR: a   instcat_y02_191109/00482877.tar.gz
HTAR: a   instcat_y02_191109/00482878.tar.gz
HTAR: a   instcat_y02_191109/00482879.tar.gz
HTAR: a   instcat_y02_191109/00482880.tar.gz
HTAR: a   instcat_y02_191109/00482881.tar.gz
HTAR: a   instcat_y02_191109/00482882.tar.gz
HTAR: a   instcat_y02_191109/00482883.tar.gz
HTAR: a   instcat_y02_191109/00482884.tar.gz
HTAR: a   instcat_y02_191109/00482885.tar.gz
HTAR: a   instcat_y02_191109/00482886.tar.gz
HTAR: a   instcat_y02_191109/00482887.tar.gz
HTAR: a   instcat_y02_191109/00482888.tar.gz
HTAR: a   instcat_y02_191109/00482889.tar.gz
HTAR: a   instcat_y02_191109/00482890.tar.gz
HTAR: a   instcat_y02_191109/00482891.tar.gz
HTAR: a   instcat_y02_191109/00482892.tar.gz
HTAR: a   instcat_y02_191109/00482893.tar.gz
HTAR: a   instcat_y02_191109/00482894.tar.gz
HTAR: a   instcat_y02_191109/00482895.tar.gz
HTAR: a   instcat_y02_191109/00482896.tar.gz
HTAR: a   instcat_y02_191109/00482897.tar.gz
HTAR: a   instcat_y02_191109/00482898.tar.gz
HTAR: a   instcat_y02_191109/00482899.tar.gz
HTAR: a   instcat_y02_191109/00482900.tar.gz
HTAR: a   instcat_y02_191109/job_log_00480765.txt
HTAR: a   instcat_y02_191109/job_log_00480766.txt
HTAR: a   instcat_y02_191109/job_log_00480767.txt
HTAR: a   instcat_y02_191109/job_log_00480768.txt
HTAR: a   instcat_y02_191109/job_log_00480769.txt
HTAR: a   instcat_y02_191109/job_log_00480770.txt
HTAR: a   instcat_y02_191109/job_log_00480771.txt
HTAR: a   instcat_y02_191109/job_log_00480772.txt
HTAR: a   instcat_y02_191109/job_log_00480773.txt
HTAR: a   instcat_y02_191109/job_log_00480774.txt
HTAR: a   instcat_y02_191109/job_log_00480775.txt
HTAR: a   instcat_y02_191109/job_log_00480776.txt
HTAR: a   instcat_y02_191109/job_log_00480777.txt
HTAR: a   instcat_y02_191109/job_log_00480778.txt
HTAR: a   instcat_y02_191109/job_log_00480908.txt
HTAR: a   instcat_y02_191109/job_log_00480909.txt
HTAR: a   instcat_y02_191109/job_log_00480911.txt
HTAR: a   instcat_y02_191109/job_log_00480912.txt
HTAR: a   instcat_y02_191109/job_log_00480913.txt
HTAR: a   instcat_y02_191109/job_log_00480914.txt
HTAR: a   instcat_y02_191109/job_log_00481355.txt
HTAR: a   instcat_y02_191109/job_log_00481377.txt
HTAR: a   instcat_y02_191109/job_log_00481380.txt
HTAR: a   instcat_y02_191109/job_log_00481381.txt
HTAR: a   instcat_y02_191109/job_log_00481385.txt
HTAR: a   instcat_y02_191109/job_log_00481387.txt
HTAR: a   instcat_y02_191109/job_log_00481388.txt
HTAR: a   instcat_y02_191109/job_log_00481389.txt
HTAR: a   instcat_y02_191109/job_log_00481390.txt
HTAR: a   instcat_y02_191109/job_log_00481394.txt
HTAR: a   instcat_y02_191109/job_log_00481433.txt
HTAR: a   instcat_y02_191109/job_log_00481434.txt
HTAR: a   instcat_y02_191109/job_log_00481435.txt
HTAR: a   instcat_y02_191109/job_log_00481437.txt
HTAR: a   instcat_y02_191109/job_log_00482813.txt
HTAR: a   instcat_y02_191109/job_log_00482814.txt
HTAR: a   instcat_y02_191109/job_log_00482815.txt
HTAR: a   instcat_y02_191109/job_log_00482816.txt
HTAR: a   instcat_y02_191109/job_log_00482817.txt
HTAR: a   instcat_y02_191109/job_log_00482818.txt
HTAR: a   instcat_y02_191109/job_log_00482819.txt
HTAR: a   instcat_y02_191109/job_log_00482820.txt
HTAR: a   instcat_y02_191109/job_log_00482821.txt
HTAR: a   instcat_y02_191109/job_log_00482822.txt
HTAR: a   instcat_y02_191109/job_log_00482823.txt
HTAR: a   instcat_y02_191109/job_log_00482824.txt
HTAR: a   instcat_y02_191109/job_log_00482825.txt
HTAR: a   instcat_y02_191109/job_log_00482826.txt
HTAR: a   instcat_y02_191109/job_log_00482827.txt
HTAR: a   instcat_y02_191109/job_log_00482828.txt
HTAR: a   instcat_y02_191109/job_log_00482829.txt
HTAR: a   instcat_y02_191109/job_log_00482830.txt
HTAR: a   instcat_y02_191109/job_log_00482831.txt
HTAR: a   instcat_y02_191109/job_log_00482832.txt
HTAR: a   instcat_y02_191109/job_log_00482833.txt
HTAR: a   instcat_y02_191109/job_log_00482834.txt
HTAR: a   instcat_y02_191109/job_log_00482835.txt
HTAR: a   instcat_y02_191109/job_log_00482836.txt
HTAR: a   instcat_y02_191109/job_log_00482837.txt
HTAR: a   instcat_y02_191109/job_log_00482838.txt
HTAR: a   instcat_y02_191109/job_log_00482839.txt
HTAR: a   instcat_y02_191109/job_log_00482840.txt
HTAR: a   instcat_y02_191109/job_log_00482841.txt
HTAR: a   instcat_y02_191109/job_log_00482842.txt
HTAR: a   instcat_y02_191109/job_log_00482843.txt
HTAR: a   instcat_y02_191109/job_log_00482844.txt
HTAR: a   instcat_y02_191109/job_log_00482845.txt
HTAR: a   instcat_y02_191109/job_log_00482846.txt
HTAR: a   instcat_y02_191109/job_log_00482847.txt
HTAR: a   instcat_y02_191109/job_log_00482848.txt
HTAR: a   instcat_y02_191109/job_log_00482849.txt
HTAR: a   instcat_y02_191109/job_log_00482850.txt
HTAR: a   instcat_y02_191109/job_log_00482851.txt
HTAR: a   instcat_y02_191109/job_log_00482852.txt
HTAR: a   instcat_y02_191109/job_log_00482853.txt
HTAR: a   instcat_y02_191109/job_log_00482854.txt
HTAR: a   instcat_y02_191109/job_log_00482855.txt
HTAR: a   instcat_y02_191109/job_log_00482856.txt
HTAR: a   instcat_y02_191109/job_log_00482857.txt
HTAR: a   instcat_y02_191109/job_log_00482858.txt
HTAR: a   instcat_y02_191109/job_log_00482859.txt
HTAR: a   instcat_y02_191109/job_log_00482860.txt
HTAR: a   instcat_y02_191109/job_log_00482861.txt
HTAR: a   instcat_y02_191109/job_log_00482862.txt
HTAR: a   instcat_y02_191109/job_log_00482863.txt
HTAR: a   instcat_y02_191109/job_log_00482864.txt
HTAR: a   instcat_y02_191109/job_log_00482865.txt
HTAR: a   instcat_y02_191109/job_log_00482866.txt
HTAR: a   instcat_y02_191109/job_log_00482867.txt
HTAR: a   instcat_y02_191109/job_log_00482868.txt
HTAR: a   instcat_y02_191109/job_log_00482869.txt
HTAR: a   instcat_y02_191109/job_log_00482870.txt
HTAR: a   instcat_y02_191109/job_log_00482871.txt
HTAR: a   instcat_y02_191109/job_log_00482872.txt
HTAR: a   instcat_y02_191109/job_log_00482873.txt
HTAR: a   instcat_y02_191109/job_log_00482874.txt
HTAR: a   instcat_y02_191109/job_log_00482875.txt
HTAR: a   instcat_y02_191109/job_log_00482876.txt
HTAR: a   instcat_y02_191109/job_log_00482877.txt
HTAR: a   instcat_y02_191109/job_log_00482878.txt
HTAR: a   instcat_y02_191109/job_log_00482879.txt
HTAR: a   instcat_y02_191109/job_log_00482880.txt
HTAR: a   instcat_y02_191109/job_log_00482881.txt
HTAR: a   instcat_y02_191109/job_log_00482882.txt
HTAR: a   instcat_y02_191109/job_log_00482883.txt
HTAR: a   instcat_y02_191109/job_log_00482884.txt
HTAR: a   instcat_y02_191109/job_log_00482885.txt
HTAR: a   instcat_y02_191109/job_log_00482886.txt
HTAR: a   instcat_y02_191109/job_log_00482887.txt
HTAR: a   instcat_y02_191109/job_log_00482888.txt
HTAR: a   instcat_y02_191109/job_log_00482889.txt
HTAR: a   instcat_y02_191109/job_log_00482890.txt
HTAR: a   instcat_y02_191109/job_log_00482891.txt
HTAR: a   instcat_y02_191109/job_log_00482892.txt
HTAR: a   instcat_y02_191109/job_log_00482893.txt
HTAR: a   instcat_y02_191109/job_log_00482894.txt
HTAR: a   instcat_y02_191109/job_log_00482895.txt
HTAR: a   instcat_y02_191109/job_log_00482896.txt
HTAR: a   instcat_y02_191109/job_log_00482897.txt
HTAR: a   instcat_y02_191109/job_log_00482898.txt
HTAR: a   instcat_y02_191109/job_log_00482899.txt
HTAR: a   instcat_y02_191109/job_log_00482900.txt
HTAR: a   /tmp/HTAR_CF_CHK_37253_1580494163
HTAR Create complete for /home/projects/desc/DC2_ImSim/Run2.2i/instCat/y02_191109/00480765to00482900.tar. 563,756,424,192 bytes written for 244 member files, max threads: 50 Transfer time: 3740.059 seconds (150.735 MB/s) wallclock/user/sys: 3741.393 4448.739 1710.496 seconds
HTAR: HTAR SUCCESSFUL
HTAR: a   instcat_y02_191109/00482901.tar.gz
HTAR: a   instcat_y02_191109/00482902.tar.gz
HTAR: a   instcat_y02_191109/00482903.tar.gz
HTAR: a   instcat_y02_191109/00482904.tar.gz
HTAR: a   instcat_y02_191109/00482905.tar.gz
HTAR: a   instcat_y02_191109/00482906.tar.gz
HTAR: a   instcat_y02_191109/00482907.tar.gz
HTAR: a   instcat_y02_191109/00482908.tar.gz
HTAR: a   instcat_y02_191109/00484218.tar.gz
HTAR: a   instcat_y02_191109/00484219.tar.gz
HTAR: a   instcat_y02_191109/00484232.tar.gz
HTAR: a   instcat_y02_191109/00484236.tar.gz
HTAR: a   instcat_y02_191109/00484239.tar.gz
HTAR: a   instcat_y02_191109/00484240.tar.gz
HTAR: a   instcat_y02_191109/00484242.tar.gz
HTAR: a   instcat_y02_191109/00484262.tar.gz
HTAR: a   instcat_y02_191109/00484266.tar.gz
HTAR: a   instcat_y02_191109/00484268.tar.gz
HTAR: a   instcat_y02_191109/00484269.tar.gz
HTAR: a   instcat_y02_191109/00484270.tar.gz
HTAR: a   instcat_y02_191109/00484272.tar.gz
HTAR: a   instcat_y02_191109/00484273.tar.gz
HTAR: a   instcat_y02_191109/00484274.tar.gz
HTAR: a   instcat_y02_191109/00484275.tar.gz
HTAR: a   instcat_y02_191109/00484276.tar.gz
HTAR: a   instcat_y02_191109/00484278.tar.gz
HTAR: a   instcat_y02_191109/00484279.tar.gz
HTAR: a   instcat_y02_191109/00484323.tar.gz
HTAR: a   instcat_y02_191109/00484325.tar.gz
HTAR: a   instcat_y02_191109/00484326.tar.gz
HTAR: a   instcat_y02_191109/00484327.tar.gz
HTAR: a   instcat_y02_191109/00484328.tar.gz
HTAR: a   instcat_y02_191109/00484329.tar.gz
HTAR: a   instcat_y02_191109/00484566.tar.gz
HTAR: a   instcat_y02_191109/00484567.tar.gz
HTAR: a   instcat_y02_191109/00484568.tar.gz
HTAR: a   instcat_y02_191109/00484569.tar.gz
HTAR: a   instcat_y02_191109/00484570.tar.gz
HTAR: a   instcat_y02_191109/00484571.tar.gz
HTAR: a   instcat_y02_191109/00484572.tar.gz
HTAR: a   instcat_y02_191109/00484573.tar.gz
HTAR: a   instcat_y02_191109/00484574.tar.gz
HTAR: a   instcat_y02_191109/00484575.tar.gz
HTAR: a   instcat_y02_191109/00484576.tar.gz
HTAR: a   instcat_y02_191109/00484577.tar.gz
HTAR: a   instcat_y02_191109/00484578.tar.gz
HTAR: a   instcat_y02_191109/00484579.tar.gz
HTAR: a   instcat_y02_191109/00484580.tar.gz
HTAR: a   instcat_y02_191109/00484581.tar.gz
HTAR: a   instcat_y02_191109/00484582.tar.gz
HTAR: a   instcat_y02_191109/00484583.tar.gz
HTAR: a   instcat_y02_191109/00484584.tar.gz
HTAR: a   instcat_y02_191109/00484585.tar.gz
HTAR: a   instcat_y02_191109/00484586.tar.gz
HTAR: a   instcat_y02_191109/00484587.tar.gz
HTAR: a   instcat_y02_191109/00484588.tar.gz
HTAR: a   instcat_y02_191109/00484589.tar.gz
HTAR: a   instcat_y02_191109/00484590.tar.gz
HTAR: a   instcat_y02_191109/00484591.tar.gz
HTAR: a   instcat_y02_191109/00484592.tar.gz
HTAR: a   instcat_y02_191109/00484593.tar.gz
HTAR: a   instcat_y02_191109/00484594.tar.gz
HTAR: a   instcat_y02_191109/00484595.tar.gz
HTAR: a   instcat_y02_191109/00484596.tar.gz
HTAR: a   instcat_y02_191109/00484597.tar.gz
HTAR: a   instcat_y02_191109/00484598.tar.gz
HTAR: a   instcat_y02_191109/00484599.tar.gz
HTAR: a   instcat_y02_191109/00484600.tar.gz
HTAR: a   instcat_y02_191109/00484601.tar.gz
HTAR: a   instcat_y02_191109/00484602.tar.gz
HTAR: a   instcat_y02_191109/00484603.tar.gz
HTAR: a   instcat_y02_191109/00484604.tar.gz
HTAR: a   instcat_y02_191109/00484605.tar.gz
HTAR: a   instcat_y02_191109/00484606.tar.gz
HTAR: a   instcat_y02_191109/00484607.tar.gz
HTAR: a   instcat_y02_191109/00484608.tar.gz
HTAR: a   instcat_y02_191109/00484609.tar.gz
HTAR: a   instcat_y02_191109/00484610.tar.gz
HTAR: a   instcat_y02_191109/00484611.tar.gz
HTAR: a   instcat_y02_191109/00484612.tar.gz
HTAR: a   instcat_y02_191109/00484613.tar.gz
HTAR: a   instcat_y02_191109/00484614.tar.gz
HTAR: a   instcat_y02_191109/00484615.tar.gz
HTAR: a   instcat_y02_191109/00484616.tar.gz
HTAR: a   instcat_y02_191109/00484617.tar.gz
HTAR: a   instcat_y02_191109/00484618.tar.gz
HTAR: a   instcat_y02_191109/00484619.tar.gz
HTAR: a   instcat_y02_191109/00484620.tar.gz
HTAR: a   instcat_y02_191109/00484621.tar.gz
HTAR: a   instcat_y02_191109/00484622.tar.gz
HTAR: a   instcat_y02_191109/00484623.tar.gz
HTAR: a   instcat_y02_191109/00484624.tar.gz
HTAR: a   instcat_y02_191109/00484625.tar.gz
HTAR: a   instcat_y02_191109/00484626.tar.gz
HTAR: a   instcat_y02_191109/00484627.tar.gz
HTAR: a   instcat_y02_191109/00484628.tar.gz
HTAR: a   instcat_y02_191109/00484629.tar.gz
HTAR: a   instcat_y02_191109/00484630.tar.gz
HTAR: a   instcat_y02_191109/00484631.tar.gz
HTAR: a   instcat_y02_191109/00484632.tar.gz
HTAR: a   instcat_y02_191109/00484633.tar.gz
HTAR: a   instcat_y02_191109/00484634.tar.gz
HTAR: a   instcat_y02_191109/00484635.tar.gz
HTAR: a   instcat_y02_191109/00484636.tar.gz
HTAR: a   instcat_y02_191109/00484637.tar.gz
HTAR: a   instcat_y02_191109/00484638.tar.gz
HTAR: a   instcat_y02_191109/00484639.tar.gz
HTAR: a   instcat_y02_191109/00484640.tar.gz
HTAR: a   instcat_y02_191109/00484641.tar.gz
HTAR: a   instcat_y02_191109/00484642.tar.gz
HTAR: a   instcat_y02_191109/00484643.tar.gz
HTAR: a   instcat_y02_191109/00484644.tar.gz
HTAR: a   instcat_y02_191109/00484645.tar.gz
HTAR: a   instcat_y02_191109/00484646.tar.gz
HTAR: a   instcat_y02_191109/00484647.tar.gz
HTAR: a   instcat_y02_191109/00484648.tar.gz
HTAR: a   instcat_y02_191109/00484649.tar.gz
HTAR: a   instcat_y02_191109/00484650.tar.gz
HTAR: a   instcat_y02_191109/00484651.tar.gz
HTAR: a   instcat_y02_191109/00484652.tar.gz
HTAR: a   instcat_y02_191109/00484653.tar.gz
HTAR: a   instcat_y02_191109/00484654.tar.gz
HTAR: a   instcat_y02_191109/job_log_00482901.txt
HTAR: a   instcat_y02_191109/job_log_00482902.txt
HTAR: a   instcat_y02_191109/job_log_00482903.txt
HTAR: a   instcat_y02_191109/job_log_00482904.txt
HTAR: a   instcat_y02_191109/job_log_00482905.txt
HTAR: a   instcat_y02_191109/job_log_00482906.txt
HTAR: a   instcat_y02_191109/job_log_00482907.txt
HTAR: a   instcat_y02_191109/job_log_00482908.txt
HTAR: a   instcat_y02_191109/job_log_00484218.txt
HTAR: a   instcat_y02_191109/job_log_00484219.txt
HTAR: a   instcat_y02_191109/job_log_00484232.txt
HTAR: a   instcat_y02_191109/job_log_00484236.txt
HTAR: a   instcat_y02_191109/job_log_00484239.txt
HTAR: a   instcat_y02_191109/job_log_00484240.txt
HTAR: a   instcat_y02_191109/job_log_00484242.txt
HTAR: a   instcat_y02_191109/job_log_00484262.txt
HTAR: a   instcat_y02_191109/job_log_00484266.txt
HTAR: a   instcat_y02_191109/job_log_00484268.txt
HTAR: a   instcat_y02_191109/job_log_00484269.txt
HTAR: a   instcat_y02_191109/job_log_00484270.txt
HTAR: a   instcat_y02_191109/job_log_00484272.txt
HTAR: a   instcat_y02_191109/job_log_00484273.txt
HTAR: a   instcat_y02_191109/job_log_00484274.txt
HTAR: a   instcat_y02_191109/job_log_00484275.txt
HTAR: a   instcat_y02_191109/job_log_00484276.txt
HTAR: a   instcat_y02_191109/job_log_00484278.txt
HTAR: a   instcat_y02_191109/job_log_00484279.txt
HTAR: a   instcat_y02_191109/job_log_00484323.txt
HTAR: a   instcat_y02_191109/job_log_00484325.txt
HTAR: a   instcat_y02_191109/job_log_00484326.txt
HTAR: a   instcat_y02_191109/job_log_00484327.txt
HTAR: a   instcat_y02_191109/job_log_00484328.txt
HTAR: a   instcat_y02_191109/job_log_00484329.txt
HTAR: a   instcat_y02_191109/job_log_00484566.txt
HTAR: a   instcat_y02_191109/job_log_00484567.txt
HTAR: a   instcat_y02_191109/job_log_00484568.txt
HTAR: a   instcat_y02_191109/job_log_00484569.txt
HTAR: a   instcat_y02_191109/job_log_00484570.txt
HTAR: a   instcat_y02_191109/job_log_00484571.txt
HTAR: a   instcat_y02_191109/job_log_00484572.txt
HTAR: a   instcat_y02_191109/job_log_00484573.txt
HTAR: a   instcat_y02_191109/job_log_00484574.txt
HTAR: a   instcat_y02_191109/job_log_00484575.txt
HTAR: a   instcat_y02_191109/job_log_00484576.txt
HTAR: a   instcat_y02_191109/job_log_00484577.txt
HTAR: a   instcat_y02_191109/job_log_00484578.txt
HTAR: a   instcat_y02_191109/job_log_00484579.txt
HTAR: a   instcat_y02_191109/job_log_00484580.txt
HTAR: a   instcat_y02_191109/job_log_00484581.txt
HTAR: a   instcat_y02_191109/job_log_00484582.txt
HTAR: a   instcat_y02_191109/job_log_00484583.txt
HTAR: a   instcat_y02_191109/job_log_00484584.txt
HTAR: a   instcat_y02_191109/job_log_00484585.txt
HTAR: a   instcat_y02_191109/job_log_00484586.txt
HTAR: a   instcat_y02_191109/job_log_00484587.txt
HTAR: a   instcat_y02_191109/job_log_00484588.txt
HTAR: a   instcat_y02_191109/job_log_00484589.txt
HTAR: a   instcat_y02_191109/job_log_00484590.txt
HTAR: a   instcat_y02_191109/job_log_00484591.txt
HTAR: a   instcat_y02_191109/job_log_00484592.txt
HTAR: a   instcat_y02_191109/job_log_00484593.txt
HTAR: a   instcat_y02_191109/job_log_00484594.txt
HTAR: a   instcat_y02_191109/job_log_00484595.txt
HTAR: a   instcat_y02_191109/job_log_00484596.txt
HTAR: a   instcat_y02_191109/job_log_00484597.txt
HTAR: a   instcat_y02_191109/job_log_00484598.txt
HTAR: a   instcat_y02_191109/job_log_00484599.txt
HTAR: a   instcat_y02_191109/job_log_00484600.txt
HTAR: a   instcat_y02_191109/job_log_00484601.txt
HTAR: a   instcat_y02_191109/job_log_00484602.txt
HTAR: a   instcat_y02_191109/job_log_00484603.txt
HTAR: a   instcat_y02_191109/job_log_00484604.txt
HTAR: a   instcat_y02_191109/job_log_00484605.txt
HTAR: a   instcat_y02_191109/job_log_00484606.txt
HTAR: a   instcat_y02_191109/job_log_00484607.txt
HTAR: a   instcat_y02_191109/job_log_00484608.txt
HTAR: a   instcat_y02_191109/job_log_00484609.txt
HTAR: a   instcat_y02_191109/job_log_00484610.txt
HTAR: a   instcat_y02_191109/job_log_00484611.txt
HTAR: a   instcat_y02_191109/job_log_00484612.txt
HTAR: a   instcat_y02_191109/job_log_00484613.txt
HTAR: a   instcat_y02_191109/job_log_00484614.txt
HTAR: a   instcat_y02_191109/job_log_00484615.txt
HTAR: a   instcat_y02_191109/job_log_00484616.txt
HTAR: a   instcat_y02_191109/job_log_00484617.txt
HTAR: a   instcat_y02_191109/job_log_00484618.txt
HTAR: a   instcat_y02_191109/job_log_00484619.txt
HTAR: a   instcat_y02_191109/job_log_00484620.txt
HTAR: a   instcat_y02_191109/job_log_00484621.txt
HTAR: a   instcat_y02_191109/job_log_00484622.txt
HTAR: a   instcat_y02_191109/job_log_00484623.txt
HTAR: a   instcat_y02_191109/job_log_00484624.txt
HTAR: a   instcat_y02_191109/job_log_00484625.txt
HTAR: a   instcat_y02_191109/job_log_00484626.txt
HTAR: a   instcat_y02_191109/job_log_00484627.txt
HTAR: a   instcat_y02_191109/job_log_00484628.txt
HTAR: a   instcat_y02_191109/job_log_00484629.txt
HTAR: a   instcat_y02_191109/job_log_00484630.txt
HTAR: a   instcat_y02_191109/job_log_00484631.txt
HTAR: a   instcat_y02_191109/job_log_00484632.txt
HTAR: a   instcat_y02_191109/job_log_00484633.txt
HTAR: a   instcat_y02_191109/job_log_00484634.txt
HTAR: a   instcat_y02_191109/job_log_00484635.txt
HTAR: a   instcat_y02_191109/job_log_00484636.txt
HTAR: a   instcat_y02_191109/job_log_00484637.txt
HTAR: a   instcat_y02_191109/job_log_00484638.txt
HTAR: a   instcat_y02_191109/job_log_00484639.txt
HTAR: a   instcat_y02_191109/job_log_00484640.txt
HTAR: a   instcat_y02_191109/job_log_00484641.txt
HTAR: a   instcat_y02_191109/job_log_00484642.txt
HTAR: a   instcat_y02_191109/job_log_00484643.txt
HTAR: a   instcat_y02_191109/job_log_00484644.txt
HTAR: a   instcat_y02_191109/job_log_00484645.txt
HTAR: a   instcat_y02_191109/job_log_00484646.txt
HTAR: a   instcat_y02_191109/job_log_00484647.txt
HTAR: a   instcat_y02_191109/job_log_00484648.txt
HTAR: a   instcat_y02_191109/job_log_00484649.txt
HTAR: a   instcat_y02_191109/job_log_00484650.txt
HTAR: a   instcat_y02_191109/job_log_00484651.txt
HTAR: a   instcat_y02_191109/job_log_00484652.txt
HTAR: a   instcat_y02_191109/job_log_00484653.txt
HTAR: a   instcat_y02_191109/job_log_00484654.txt
HTAR: a   /tmp/HTAR_CF_CHK_32619_1580497907
HTAR Create complete for /home/projects/desc/DC2_ImSim/Run2.2i/instCat/y02_191109/00482901to00484654.tar. 567,392,289,280 bytes written for 244 member files, max threads: 50 Transfer time: 3872.790 seconds (146.507 MB/s) wallclock/user/sys: 3874.086 4625.066 1784.019 seconds
HTAR: HTAR SUCCESSFUL
HTAR: a   instcat_y02_191109/00484655.tar.gz
HTAR: a   instcat_y02_191109/00484656.tar.gz
HTAR: a   instcat_y02_191109/00484657.tar.gz
HTAR: a   instcat_y02_191109/00484658.tar.gz
HTAR: a   instcat_y02_191109/00484659.tar.gz
HTAR: a   instcat_y02_191109/00484660.tar.gz
HTAR: a   instcat_y02_191109/00484661.tar.gz
HTAR: a   instcat_y02_191109/00484856.tar.gz
HTAR: a   instcat_y02_191109/00484864.tar.gz
HTAR: a   instcat_y02_191109/00484866.tar.gz
HTAR: a   instcat_y02_191109/00484895.tar.gz
HTAR: a   instcat_y02_191109/00484904.tar.gz
HTAR: a   instcat_y02_191109/00484905.tar.gz
HTAR: a   instcat_y02_191109/00484906.tar.gz
HTAR: a   instcat_y02_191109/00484922.tar.gz
HTAR: a   instcat_y02_191109/00484923.tar.gz
HTAR: a   instcat_y02_191109/00484924.tar.gz
HTAR: a   instcat_y02_191109/00484925.tar.gz
HTAR: a   instcat_y02_191109/00484926.tar.gz
HTAR: a   instcat_y02_191109/00484927.tar.gz
HTAR: a   instcat_y02_191109/00484928.tar.gz
HTAR: a   instcat_y02_191109/00484929.tar.gz
HTAR: a   instcat_y02_191109/00484930.tar.gz
HTAR: a   instcat_y02_191109/00484931.tar.gz
HTAR: a   instcat_y02_191109/00484932.tar.gz
HTAR: a   instcat_y02_191109/00484933.tar.gz
HTAR: a   instcat_y02_191109/00484934.tar.gz
HTAR: a   instcat_y02_191109/00484935.tar.gz
HTAR: a   instcat_y02_191109/00484936.tar.gz
HTAR: a   instcat_y02_191109/00484937.tar.gz
HTAR: a   instcat_y02_191109/00484938.tar.gz
HTAR: a   instcat_y02_191109/00484939.tar.gz
HTAR: a   instcat_y02_191109/00484940.tar.gz
HTAR: a   instcat_y02_191109/00484941.tar.gz
HTAR: a   instcat_y02_191109/00485579.tar.gz
HTAR: a   instcat_y02_191109/00485593.tar.gz
HTAR: a   instcat_y02_191109/00485611.tar.gz
HTAR: a   instcat_y02_191109/00485612.tar.gz
HTAR: a   instcat_y02_191109/00485620.tar.gz
HTAR: a   instcat_y02_191109/00485627.tar.gz
HTAR: a   instcat_y02_191109/00485628.tar.gz
HTAR: a   instcat_y02_191109/00485629.tar.gz
HTAR: a   instcat_y02_191109/00485630.tar.gz
HTAR: a   instcat_y02_191109/00485631.tar.gz
HTAR: a   instcat_y02_191109/00485632.tar.gz
HTAR: a   instcat_y02_191109/00485633.tar.gz
HTAR: a   instcat_y02_191109/00485634.tar.gz
HTAR: a   instcat_y02_191109/00485635.tar.gz
HTAR: a   instcat_y02_191109/00485636.tar.gz
HTAR: a   instcat_y02_191109/00485637.tar.gz
HTAR: a   instcat_y02_191109/00485638.tar.gz
HTAR: a   instcat_y02_191109/00485639.tar.gz
HTAR: a   instcat_y02_191109/00485640.tar.gz
HTAR: a   instcat_y02_191109/00485641.tar.gz
HTAR: a   instcat_y02_191109/00485642.tar.gz
HTAR: a   instcat_y02_191109/00485643.tar.gz
HTAR: a   instcat_y02_191109/00485644.tar.gz
HTAR: a   instcat_y02_191109/00485645.tar.gz
HTAR: a   instcat_y02_191109/00485646.tar.gz
HTAR: a   instcat_y02_191109/00485647.tar.gz
HTAR: a   instcat_y02_191109/00485648.tar.gz
HTAR: a   instcat_y02_191109/00485649.tar.gz
HTAR: a   instcat_y02_191109/00486350.tar.gz
HTAR: a   instcat_y02_191109/00486351.tar.gz
HTAR: a   instcat_y02_191109/00486352.tar.gz
HTAR: a   instcat_y02_191109/00486353.tar.gz
HTAR: a   instcat_y02_191109/00486354.tar.gz
HTAR: a   instcat_y02_191109/00486355.tar.gz
HTAR: a   instcat_y02_191109/00486356.tar.gz
HTAR: a   instcat_y02_191109/00486357.tar.gz
HTAR: a   instcat_y02_191109/00486358.tar.gz
HTAR: a   instcat_y02_191109/00486359.tar.gz
HTAR: a   instcat_y02_191109/00486360.tar.gz
HTAR: a   instcat_y02_191109/00486361.tar.gz
HTAR: a   instcat_y02_191109/00486362.tar.gz
HTAR: a   instcat_y02_191109/00486363.tar.gz
HTAR: a   instcat_y02_191109/00486364.tar.gz
HTAR: a   instcat_y02_191109/00486365.tar.gz
HTAR: a   instcat_y02_191109/00486366.tar.gz
HTAR: a   instcat_y02_191109/00486367.tar.gz
HTAR: a   instcat_y02_191109/00486368.tar.gz
HTAR: a   instcat_y02_191109/00486369.tar.gz
HTAR: a   instcat_y02_191109/00486463.tar.gz
HTAR: a   instcat_y02_191109/00487048.tar.gz
HTAR: a   instcat_y02_191109/00487049.tar.gz
HTAR: a   instcat_y02_191109/00487050.tar.gz
HTAR: a   instcat_y02_191109/00487051.tar.gz
HTAR: a   instcat_y02_191109/00487052.tar.gz
HTAR: a   instcat_y02_191109/00487053.tar.gz
HTAR: a   instcat_y02_191109/00487054.tar.gz
HTAR: a   instcat_y02_191109/00487055.tar.gz
HTAR: a   instcat_y02_191109/00487056.tar.gz
HTAR: a   instcat_y02_191109/00487057.tar.gz
HTAR: a   instcat_y02_191109/00487058.tar.gz
HTAR: a   instcat_y02_191109/00487059.tar.gz
HTAR: a   instcat_y02_191109/00487060.tar.gz
HTAR: a   instcat_y02_191109/00487061.tar.gz
HTAR: a   instcat_y02_191109/00487062.tar.gz
HTAR: a   instcat_y02_191109/00487063.tar.gz
HTAR: a   instcat_y02_191109/00487064.tar.gz
HTAR: a   instcat_y02_191109/00487065.tar.gz
HTAR: a   instcat_y02_191109/00487066.tar.gz
HTAR: a   instcat_y02_191109/00487067.tar.gz
HTAR: a   instcat_y02_191109/00487107.tar.gz
HTAR: a   instcat_y02_191109/00487108.tar.gz
HTAR: a   instcat_y02_191109/00487752.tar.gz
HTAR: a   instcat_y02_191109/00487753.tar.gz
HTAR: a   instcat_y02_191109/00487754.tar.gz
HTAR: a   instcat_y02_191109/00487755.tar.gz
HTAR: a   instcat_y02_191109/00487756.tar.gz
HTAR: a   instcat_y02_191109/00487757.tar.gz
HTAR: a   instcat_y02_191109/00487758.tar.gz
HTAR: a   instcat_y02_191109/00487759.tar.gz
HTAR: a   instcat_y02_191109/00487760.tar.gz
HTAR: a   instcat_y02_191109/00487761.tar.gz
HTAR: a   instcat_y02_191109/00487762.tar.gz
HTAR: a   instcat_y02_191109/00487763.tar.gz
HTAR: a   instcat_y02_191109/00487764.tar.gz
HTAR: a   instcat_y02_191109/00487765.tar.gz
HTAR: a   instcat_y02_191109/00487766.tar.gz
HTAR: a   instcat_y02_191109/00487767.tar.gz
HTAR: a   instcat_y02_191109/00487768.tar.gz
HTAR: a   instcat_y02_191109/job_log_00484655.txt
HTAR: a   instcat_y02_191109/job_log_00484656.txt
HTAR: a   instcat_y02_191109/job_log_00484657.txt
HTAR: a   instcat_y02_191109/job_log_00484658.txt
HTAR: a   instcat_y02_191109/job_log_00484659.txt
HTAR: a   instcat_y02_191109/job_log_00484660.txt
HTAR: a   instcat_y02_191109/job_log_00484661.txt
HTAR: a   instcat_y02_191109/job_log_00484856.txt
HTAR: a   instcat_y02_191109/job_log_00484864.txt
HTAR: a   instcat_y02_191109/job_log_00484866.txt
HTAR: a   instcat_y02_191109/job_log_00484895.txt
HTAR: a   instcat_y02_191109/job_log_00484904.txt
HTAR: a   instcat_y02_191109/job_log_00484905.txt
HTAR: a   instcat_y02_191109/job_log_00484906.txt
HTAR: a   instcat_y02_191109/job_log_00484922.txt
HTAR: a   instcat_y02_191109/job_log_00484923.txt
HTAR: a   instcat_y02_191109/job_log_00484924.txt
HTAR: a   instcat_y02_191109/job_log_00484925.txt
HTAR: a   instcat_y02_191109/job_log_00484926.txt
HTAR: a   instcat_y02_191109/job_log_00484927.txt
HTAR: a   instcat_y02_191109/job_log_00484928.txt
HTAR: a   instcat_y02_191109/job_log_00484929.txt
HTAR: a   instcat_y02_191109/job_log_00484930.txt
HTAR: a   instcat_y02_191109/job_log_00484931.txt
HTAR: a   instcat_y02_191109/job_log_00484932.txt
HTAR: a   instcat_y02_191109/job_log_00484933.txt
HTAR: a   instcat_y02_191109/job_log_00484934.txt
HTAR: a   instcat_y02_191109/job_log_00484935.txt
HTAR: a   instcat_y02_191109/job_log_00484936.txt
HTAR: a   instcat_y02_191109/job_log_00484937.txt
HTAR: a   instcat_y02_191109/job_log_00484938.txt
HTAR: a   instcat_y02_191109/job_log_00484939.txt
HTAR: a   instcat_y02_191109/job_log_00484940.txt
HTAR: a   instcat_y02_191109/job_log_00484941.txt
HTAR: a   instcat_y02_191109/job_log_00485579.txt
HTAR: a   instcat_y02_191109/job_log_00485593.txt
HTAR: a   instcat_y02_191109/job_log_00485611.txt
HTAR: a   instcat_y02_191109/job_log_00485612.txt
HTAR: a   instcat_y02_191109/job_log_00485620.txt
HTAR: a   instcat_y02_191109/job_log_00485627.txt
HTAR: a   instcat_y02_191109/job_log_00485628.txt
HTAR: a   instcat_y02_191109/job_log_00485629.txt
HTAR: a   instcat_y02_191109/job_log_00485630.txt
HTAR: a   instcat_y02_191109/job_log_00485631.txt
HTAR: a   instcat_y02_191109/job_log_00485632.txt
HTAR: a   instcat_y02_191109/job_log_00485633.txt
HTAR: a   instcat_y02_191109/job_log_00485634.txt
HTAR: a   instcat_y02_191109/job_log_00485635.txt
HTAR: a   instcat_y02_191109/job_log_00485636.txt
HTAR: a   instcat_y02_191109/job_log_00485637.txt
HTAR: a   instcat_y02_191109/job_log_00485638.txt
HTAR: a   instcat_y02_191109/job_log_00485639.txt
HTAR: a   instcat_y02_191109/job_log_00485640.txt
HTAR: a   instcat_y02_191109/job_log_00485641.txt
HTAR: a   instcat_y02_191109/job_log_00485642.txt
HTAR: a   instcat_y02_191109/job_log_00485643.txt
HTAR: a   instcat_y02_191109/job_log_00485644.txt
HTAR: a   instcat_y02_191109/job_log_00485645.txt
HTAR: a   instcat_y02_191109/job_log_00485646.txt
HTAR: a   instcat_y02_191109/job_log_00485647.txt
HTAR: a   instcat_y02_191109/job_log_00485648.txt
HTAR: a   instcat_y02_191109/job_log_00485649.txt
HTAR: a   instcat_y02_191109/job_log_00486350.txt
HTAR: a   instcat_y02_191109/job_log_00486351.txt
HTAR: a   instcat_y02_191109/job_log_00486352.txt
HTAR: a   instcat_y02_191109/job_log_00486353.txt
HTAR: a   instcat_y02_191109/job_log_00486354.txt
HTAR: a   instcat_y02_191109/job_log_00486355.txt
HTAR: a   instcat_y02_191109/job_log_00486356.txt
HTAR: a   instcat_y02_191109/job_log_00486357.txt
HTAR: a   instcat_y02_191109/job_log_00486358.txt
HTAR: a   instcat_y02_191109/job_log_00486359.txt
HTAR: a   instcat_y02_191109/job_log_00486360.txt
HTAR: a   instcat_y02_191109/job_log_00486361.txt
HTAR: a   instcat_y02_191109/job_log_00486362.txt
HTAR: a   instcat_y02_191109/job_log_00486363.txt
HTAR: a   instcat_y02_191109/job_log_00486364.txt
HTAR: a   instcat_y02_191109/job_log_00486365.txt
HTAR: a   instcat_y02_191109/job_log_00486366.txt
HTAR: a   instcat_y02_191109/job_log_00486367.txt
HTAR: a   instcat_y02_191109/job_log_00486368.txt
HTAR: a   instcat_y02_191109/job_log_00486369.txt
HTAR: a   instcat_y02_191109/job_log_00486463.txt
HTAR: a   instcat_y02_191109/job_log_00487048.txt
HTAR: a   instcat_y02_191109/job_log_00487049.txt
HTAR: a   instcat_y02_191109/job_log_00487050.txt
HTAR: a   instcat_y02_191109/job_log_00487051.txt
HTAR: a   instcat_y02_191109/job_log_00487052.txt
HTAR: a   instcat_y02_191109/job_log_00487053.txt
HTAR: a   instcat_y02_191109/job_log_00487054.txt
HTAR: a   instcat_y02_191109/job_log_00487055.txt
HTAR: a   instcat_y02_191109/job_log_00487056.txt
HTAR: a   instcat_y02_191109/job_log_00487057.txt
HTAR: a   instcat_y02_191109/job_log_00487058.txt
HTAR: a   instcat_y02_191109/job_log_00487059.txt
HTAR: a   instcat_y02_191109/job_log_00487060.txt
HTAR: a   instcat_y02_191109/job_log_00487061.txt
HTAR: a   instcat_y02_191109/job_log_00487062.txt
HTAR: a   instcat_y02_191109/job_log_00487063.txt
HTAR: a   instcat_y02_191109/job_log_00487064.txt
HTAR: a   instcat_y02_191109/job_log_00487065.txt
HTAR: a   instcat_y02_191109/job_log_00487066.txt
HTAR: a   instcat_y02_191109/job_log_00487067.txt
HTAR: a   instcat_y02_191109/job_log_00487107.txt
HTAR: a   instcat_y02_191109/job_log_00487108.txt
HTAR: a   instcat_y02_191109/job_log_00487752.txt
HTAR: a   instcat_y02_191109/job_log_00487753.txt
HTAR: a   instcat_y02_191109/job_log_00487754.txt
HTAR: a   instcat_y02_191109/job_log_00487755.txt
HTAR: a   instcat_y02_191109/job_log_00487756.txt
HTAR: a   instcat_y02_191109/job_log_00487757.txt
HTAR: a   instcat_y02_191109/job_log_00487758.txt
HTAR: a   instcat_y02_191109/job_log_00487759.txt
HTAR: a   instcat_y02_191109/job_log_00487760.txt
HTAR: a   instcat_y02_191109/job_log_00487761.txt
HTAR: a   instcat_y02_191109/job_log_00487762.txt
HTAR: a   instcat_y02_191109/job_log_00487763.txt
HTAR: a   instcat_y02_191109/job_log_00487764.txt
HTAR: a   instcat_y02_191109/job_log_00487765.txt
HTAR: a   instcat_y02_191109/job_log_00487766.txt
HTAR: a   instcat_y02_191109/job_log_00487767.txt
HTAR: a   instcat_y02_191109/job_log_00487768.txt
HTAR: a   /tmp/HTAR_CF_CHK_53851_1580501784
HTAR Create complete for /home/projects/desc/DC2_ImSim/Run2.2i/instCat/y02_191109/00484655to00487768.tar. 574,692,813,312 bytes written for 244 member files, max threads: 50 Transfer time: 4059.896 seconds (141.554 MB/s) wallclock/user/sys: 4061.304 4759.079 1926.357 seconds
HTAR: HTAR SUCCESSFUL
HTAR: a   instcat_y02_191109/00487769.tar.gz
HTAR: a   instcat_y02_191109/00487770.tar.gz
HTAR: a   instcat_y02_191109/00487771.tar.gz
HTAR: a   instcat_y02_191109/00488399.tar.gz
HTAR: a   instcat_y02_191109/00488415.tar.gz
HTAR: a   instcat_y02_191109/00488425.tar.gz
HTAR: a   instcat_y02_191109/00488444.tar.gz
HTAR: a   instcat_y02_191109/00488455.tar.gz
HTAR: a   instcat_y02_191109/00488456.tar.gz
HTAR: a   instcat_y02_191109/00488457.tar.gz
HTAR: a   instcat_y02_191109/00488458.tar.gz
HTAR: a   instcat_y02_191109/00488459.tar.gz
HTAR: a   instcat_y02_191109/00488460.tar.gz
HTAR: a   instcat_y02_191109/00488461.tar.gz
HTAR: a   instcat_y02_191109/00488462.tar.gz
HTAR: a   instcat_y02_191109/00488463.tar.gz
HTAR: a   instcat_y02_191109/00488464.tar.gz
HTAR: a   instcat_y02_191109/00488465.tar.gz
HTAR: a   instcat_y02_191109/00488466.tar.gz
HTAR: a   instcat_y02_191109/00488467.tar.gz
HTAR: a   instcat_y02_191109/00488468.tar.gz
HTAR: a   instcat_y02_191109/00488469.tar.gz
HTAR: a   instcat_y02_191109/00488470.tar.gz
HTAR: a   instcat_y02_191109/00488471.tar.gz
HTAR: a   instcat_y02_191109/00488472.tar.gz
HTAR: a   instcat_y02_191109/00488473.tar.gz
HTAR: a   instcat_y02_191109/00488474.tar.gz
HTAR: a   instcat_y02_191109/00489159.tar.gz
HTAR: a   instcat_y02_191109/00489167.tar.gz
HTAR: a   instcat_y02_191109/00489225.tar.gz
HTAR: a   instcat_y02_191109/00489262.tar.gz
HTAR: a   instcat_y02_191109/00489291.tar.gz
HTAR: a   instcat_y02_191109/00489341.tar.gz
HTAR: a   instcat_y02_191109/00489887.tar.gz
HTAR: a   instcat_y02_191109/00489888.tar.gz
HTAR: a   instcat_y02_191109/00489889.tar.gz
HTAR: a   instcat_y02_191109/00489890.tar.gz
HTAR: a   instcat_y02_191109/00489891.tar.gz
HTAR: a   instcat_y02_191109/00490000.tar.gz
HTAR: a   instcat_y02_191109/00490001.tar.gz
HTAR: a   instcat_y02_191109/00490002.tar.gz
HTAR: a   instcat_y02_191109/00490003.tar.gz
HTAR: a   instcat_y02_191109/00490004.tar.gz
HTAR: a   instcat_y02_191109/00490005.tar.gz
HTAR: a   instcat_y02_191109/00490006.tar.gz
HTAR: a   instcat_y02_191109/00490007.tar.gz
HTAR: a   instcat_y02_191109/00490008.tar.gz
HTAR: a   instcat_y02_191109/00490009.tar.gz
HTAR: a   instcat_y02_191109/00490010.tar.gz
HTAR: a   instcat_y02_191109/00490011.tar.gz
HTAR: a   instcat_y02_191109/00490012.tar.gz
HTAR: a   instcat_y02_191109/00490013.tar.gz
HTAR: a   instcat_y02_191109/00490014.tar.gz
HTAR: a   instcat_y02_191109/00490015.tar.gz
HTAR: a   instcat_y02_191109/00490016.tar.gz
HTAR: a   instcat_y02_191109/00490017.tar.gz
HTAR: a   instcat_y02_191109/00490018.tar.gz
HTAR: a   instcat_y02_191109/00490019.tar.gz
HTAR: a   instcat_y02_191109/00490020.tar.gz
HTAR: a   instcat_y02_191109/00490021.tar.gz
HTAR: a   instcat_y02_191109/00490022.tar.gz
HTAR: a   instcat_y02_191109/00490023.tar.gz
HTAR: a   instcat_y02_191109/00490024.tar.gz
HTAR: a   instcat_y02_191109/00490025.tar.gz
HTAR: a   instcat_y02_191109/00490026.tar.gz
HTAR: a   instcat_y02_191109/00490027.tar.gz
HTAR: a   instcat_y02_191109/00490028.tar.gz
HTAR: a   instcat_y02_191109/00490029.tar.gz
HTAR: a   instcat_y02_191109/00490030.tar.gz
HTAR: a   instcat_y02_191109/00490031.tar.gz
HTAR: a   instcat_y02_191109/00490032.tar.gz
HTAR: a   instcat_y02_191109/00490033.tar.gz
HTAR: a   instcat_y02_191109/00490034.tar.gz
HTAR: a   instcat_y02_191109/00490035.tar.gz
HTAR: a   instcat_y02_191109/00490036.tar.gz
HTAR: a   instcat_y02_191109/00490037.tar.gz
HTAR: a   instcat_y02_191109/00490038.tar.gz
HTAR: a   instcat_y02_191109/00490039.tar.gz
HTAR: a   instcat_y02_191109/00490040.tar.gz
HTAR: a   instcat_y02_191109/00490041.tar.gz
HTAR: a   instcat_y02_191109/00490042.tar.gz
HTAR: a   instcat_y02_191109/00490043.tar.gz
HTAR: a   instcat_y02_191109/00490044.tar.gz
HTAR: a   instcat_y02_191109/00490045.tar.gz
HTAR: a   instcat_y02_191109/00490046.tar.gz
HTAR: a   instcat_y02_191109/00490047.tar.gz
HTAR: a   instcat_y02_191109/00490048.tar.gz
HTAR: a   instcat_y02_191109/00490049.tar.gz
HTAR: a   instcat_y02_191109/00490050.tar.gz
HTAR: a   instcat_y02_191109/00490051.tar.gz
HTAR: a   instcat_y02_191109/00490052.tar.gz
HTAR: a   instcat_y02_191109/00490053.tar.gz
HTAR: a   instcat_y02_191109/00490054.tar.gz
HTAR: a   instcat_y02_191109/00490055.tar.gz
HTAR: a   instcat_y02_191109/00490056.tar.gz
HTAR: a   instcat_y02_191109/00490057.tar.gz
HTAR: a   instcat_y02_191109/00490058.tar.gz
HTAR: a   instcat_y02_191109/00490059.tar.gz
HTAR: a   instcat_y02_191109/00490060.tar.gz
HTAR: a   instcat_y02_191109/00490061.tar.gz
HTAR: a   instcat_y02_191109/00490062.tar.gz
HTAR: a   instcat_y02_191109/00490063.tar.gz
HTAR: a   instcat_y02_191109/00490064.tar.gz
HTAR: a   instcat_y02_191109/00490065.tar.gz
HTAR: a   instcat_y02_191109/00490066.tar.gz
HTAR: a   instcat_y02_191109/00490067.tar.gz
HTAR: a   instcat_y02_191109/00490068.tar.gz
HTAR: a   instcat_y02_191109/00490069.tar.gz
HTAR: a   instcat_y02_191109/00490070.tar.gz
HTAR: a   instcat_y02_191109/00490071.tar.gz
HTAR: a   instcat_y02_191109/00490072.tar.gz
HTAR: a   instcat_y02_191109/00490073.tar.gz
HTAR: a   instcat_y02_191109/00490074.tar.gz
HTAR: a   instcat_y02_191109/00490075.tar.gz
HTAR: a   instcat_y02_191109/00490076.tar.gz
HTAR: a   instcat_y02_191109/00490077.tar.gz
HTAR: a   instcat_y02_191109/00490078.tar.gz
HTAR: a   instcat_y02_191109/00490079.tar.gz
HTAR: a   instcat_y02_191109/00490080.tar.gz
HTAR: a   instcat_y02_191109/00490081.tar.gz
HTAR: a   instcat_y02_191109/00490082.tar.gz
HTAR: a   instcat_y02_191109/00490083.tar.gz
HTAR: a   instcat_y02_191109/job_log_00487769.txt
HTAR: a   instcat_y02_191109/job_log_00487770.txt
HTAR: a   instcat_y02_191109/job_log_00487771.txt
HTAR: a   instcat_y02_191109/job_log_00488399.txt
HTAR: a   instcat_y02_191109/job_log_00488415.txt
HTAR: a   instcat_y02_191109/job_log_00488425.txt
HTAR: a   instcat_y02_191109/job_log_00488444.txt
HTAR: a   instcat_y02_191109/job_log_00488455.txt
HTAR: a   instcat_y02_191109/job_log_00488456.txt
HTAR: a   instcat_y02_191109/job_log_00488457.txt
HTAR: a   instcat_y02_191109/job_log_00488458.txt
HTAR: a   instcat_y02_191109/job_log_00488459.txt
HTAR: a   instcat_y02_191109/job_log_00488460.txt
HTAR: a   instcat_y02_191109/job_log_00488461.txt
HTAR: a   instcat_y02_191109/job_log_00488462.txt
HTAR: a   instcat_y02_191109/job_log_00488463.txt
HTAR: a   instcat_y02_191109/job_log_00488464.txt
HTAR: a   instcat_y02_191109/job_log_00488465.txt
HTAR: a   instcat_y02_191109/job_log_00488466.txt
HTAR: a   instcat_y02_191109/job_log_00488467.txt
HTAR: a   instcat_y02_191109/job_log_00488468.txt
HTAR: a   instcat_y02_191109/job_log_00488469.txt
HTAR: a   instcat_y02_191109/job_log_00488470.txt
HTAR: a   instcat_y02_191109/job_log_00488471.txt
HTAR: a   instcat_y02_191109/job_log_00488472.txt
HTAR: a   instcat_y02_191109/job_log_00488473.txt
HTAR: a   instcat_y02_191109/job_log_00488474.txt
HTAR: a   instcat_y02_191109/job_log_00489159.txt
HTAR: a   instcat_y02_191109/job_log_00489167.txt
HTAR: a   instcat_y02_191109/job_log_00489225.txt
HTAR: a   instcat_y02_191109/job_log_00489262.txt
HTAR: a   instcat_y02_191109/job_log_00489291.txt
HTAR: a   instcat_y02_191109/job_log_00489341.txt
HTAR: a   instcat_y02_191109/job_log_00489887.txt
HTAR: a   instcat_y02_191109/job_log_00489888.txt
HTAR: a   instcat_y02_191109/job_log_00489889.txt
HTAR: a   instcat_y02_191109/job_log_00489890.txt
HTAR: a   instcat_y02_191109/job_log_00489891.txt
HTAR: a   instcat_y02_191109/job_log_00490000.txt
HTAR: a   instcat_y02_191109/job_log_00490001.txt
HTAR: a   instcat_y02_191109/job_log_00490002.txt
HTAR: a   instcat_y02_191109/job_log_00490003.txt
HTAR: a   instcat_y02_191109/job_log_00490004.txt
HTAR: a   instcat_y02_191109/job_log_00490005.txt
HTAR: a   instcat_y02_191109/job_log_00490006.txt
HTAR: a   instcat_y02_191109/job_log_00490007.txt
HTAR: a   instcat_y02_191109/job_log_00490008.txt
HTAR: a   instcat_y02_191109/job_log_00490009.txt
HTAR: a   instcat_y02_191109/job_log_00490010.txt
HTAR: a   instcat_y02_191109/job_log_00490011.txt
HTAR: a   instcat_y02_191109/job_log_00490012.txt
HTAR: a   instcat_y02_191109/job_log_00490013.txt
HTAR: a   instcat_y02_191109/job_log_00490014.txt
HTAR: a   instcat_y02_191109/job_log_00490015.txt
HTAR: a   instcat_y02_191109/job_log_00490016.txt
HTAR: a   instcat_y02_191109/job_log_00490017.txt
HTAR: a   instcat_y02_191109/job_log_00490018.txt
HTAR: a   instcat_y02_191109/job_log_00490019.txt
HTAR: a   instcat_y02_191109/job_log_00490020.txt
HTAR: a   instcat_y02_191109/job_log_00490021.txt
HTAR: a   instcat_y02_191109/job_log_00490022.txt
HTAR: a   instcat_y02_191109/job_log_00490023.txt
HTAR: a   instcat_y02_191109/job_log_00490024.txt
HTAR: a   instcat_y02_191109/job_log_00490025.txt
HTAR: a   instcat_y02_191109/job_log_00490026.txt
HTAR: a   instcat_y02_191109/job_log_00490027.txt
HTAR: a   instcat_y02_191109/job_log_00490028.txt
HTAR: a   instcat_y02_191109/job_log_00490029.txt
HTAR: a   instcat_y02_191109/job_log_00490030.txt
HTAR: a   instcat_y02_191109/job_log_00490031.txt
HTAR: a   instcat_y02_191109/job_log_00490032.txt
HTAR: a   instcat_y02_191109/job_log_00490033.txt
HTAR: a   instcat_y02_191109/job_log_00490034.txt
HTAR: a   instcat_y02_191109/job_log_00490035.txt
HTAR: a   instcat_y02_191109/job_log_00490036.txt
HTAR: a   instcat_y02_191109/job_log_00490037.txt
HTAR: a   instcat_y02_191109/job_log_00490038.txt
HTAR: a   instcat_y02_191109/job_log_00490039.txt
HTAR: a   instcat_y02_191109/job_log_00490040.txt
HTAR: a   instcat_y02_191109/job_log_00490041.txt
HTAR: a   instcat_y02_191109/job_log_00490042.txt
HTAR: a   instcat_y02_191109/job_log_00490043.txt
HTAR: a   instcat_y02_191109/job_log_00490044.txt
HTAR: a   instcat_y02_191109/job_log_00490045.txt
HTAR: a   instcat_y02_191109/job_log_00490046.txt
HTAR: a   instcat_y02_191109/job_log_00490047.txt
HTAR: a   instcat_y02_191109/job_log_00490048.txt
HTAR: a   instcat_y02_191109/job_log_00490049.txt
HTAR: a   instcat_y02_191109/job_log_00490050.txt
HTAR: a   instcat_y02_191109/job_log_00490051.txt
HTAR: a   instcat_y02_191109/job_log_00490052.txt
HTAR: a   instcat_y02_191109/job_log_00490053.txt
HTAR: a   instcat_y02_191109/job_log_00490054.txt
HTAR: a   instcat_y02_191109/job_log_00490055.txt
HTAR: a   instcat_y02_191109/job_log_00490056.txt
HTAR: a   instcat_y02_191109/job_log_00490057.txt
HTAR: a   instcat_y02_191109/job_log_00490058.txt
HTAR: a   instcat_y02_191109/job_log_00490059.txt
HTAR: a   instcat_y02_191109/job_log_00490060.txt
HTAR: a   instcat_y02_191109/job_log_00490061.txt
HTAR: a   instcat_y02_191109/job_log_00490062.txt
HTAR: a   instcat_y02_191109/job_log_00490063.txt
HTAR: a   instcat_y02_191109/job_log_00490064.txt
HTAR: a   instcat_y02_191109/job_log_00490065.txt
HTAR: a   instcat_y02_191109/job_log_00490066.txt
HTAR: a   instcat_y02_191109/job_log_00490067.txt
HTAR: a   instcat_y02_191109/job_log_00490068.txt
HTAR: a   instcat_y02_191109/job_log_00490069.txt
HTAR: a   instcat_y02_191109/job_log_00490070.txt
HTAR: a   instcat_y02_191109/job_log_00490071.txt
HTAR: a   instcat_y02_191109/job_log_00490072.txt
HTAR: a   instcat_y02_191109/job_log_00490073.txt
HTAR: a   instcat_y02_191109/job_log_00490074.txt
HTAR: a   instcat_y02_191109/job_log_00490075.txt
HTAR: a   instcat_y02_191109/job_log_00490076.txt
HTAR: a   instcat_y02_191109/job_log_00490077.txt
HTAR: a   instcat_y02_191109/job_log_00490078.txt
HTAR: a   instcat_y02_191109/job_log_00490079.txt
HTAR: a   instcat_y02_191109/job_log_00490080.txt
HTAR: a   instcat_y02_191109/job_log_00490081.txt
HTAR: a   instcat_y02_191109/job_log_00490082.txt
HTAR: a   instcat_y02_191109/job_log_00490083.txt
HTAR: a   /tmp/HTAR_CF_CHK_13801_1580505848
HTAR Create complete for /home/projects/desc/DC2_ImSim/Run2.2i/instCat/y02_191109/00487769to00490083.tar. 571,837,384,704 bytes written for 244 member files, max threads: 50 Transfer time: 4102.961 seconds (139.372 MB/s) wallclock/user/sys: 4104.515 4783.469 1942.786 seconds
HTAR: HTAR SUCCESSFUL
HTAR: a   instcat_y02_191109/00490084.tar.gz
HTAR: a   instcat_y02_191109/00490085.tar.gz
HTAR: a   instcat_y02_191109/00490086.tar.gz
HTAR: a   instcat_y02_191109/00490087.tar.gz
HTAR: a   instcat_y02_191109/00490088.tar.gz
HTAR: a   instcat_y02_191109/00490089.tar.gz
HTAR: a   instcat_y02_191109/00490090.tar.gz
HTAR: a   instcat_y02_191109/00490091.tar.gz
HTAR: a   instcat_y02_191109/00490092.tar.gz
HTAR: a   instcat_y02_191109/00490093.tar.gz
HTAR: a   instcat_y02_191109/00490094.tar.gz
HTAR: a   instcat_y02_191109/00490095.tar.gz
HTAR: a   instcat_y02_191109/00490578.tar.gz
HTAR: a   instcat_y02_191109/00490579.tar.gz
HTAR: a   instcat_y02_191109/00490580.tar.gz
HTAR: a   instcat_y02_191109/00490581.tar.gz
HTAR: a   instcat_y02_191109/00490582.tar.gz
HTAR: a   instcat_y02_191109/00490583.tar.gz
HTAR: a   instcat_y02_191109/00490584.tar.gz
HTAR: a   instcat_y02_191109/00490585.tar.gz
HTAR: a   instcat_y02_191109/00490586.tar.gz
HTAR: a   instcat_y02_191109/00490587.tar.gz
HTAR: a   instcat_y02_191109/00490588.tar.gz
HTAR: a   instcat_y02_191109/00490589.tar.gz
HTAR: a   instcat_y02_191109/00490590.tar.gz
HTAR: a   instcat_y02_191109/00490591.tar.gz
HTAR: a   instcat_y02_191109/00490592.tar.gz
HTAR: a   instcat_y02_191109/00490593.tar.gz
HTAR: a   instcat_y02_191109/00490594.tar.gz
HTAR: a   instcat_y02_191109/00490595.tar.gz
HTAR: a   instcat_y02_191109/00490596.tar.gz
HTAR: a   instcat_y02_191109/00490597.tar.gz
HTAR: a   instcat_y02_191109/00490598.tar.gz
HTAR: a   instcat_y02_191109/00490599.tar.gz
HTAR: a   instcat_y02_191109/00490600.tar.gz
HTAR: a   instcat_y02_191109/00490601.tar.gz
HTAR: a   instcat_y02_191109/00490602.tar.gz
HTAR: a   instcat_y02_191109/00490603.tar.gz
HTAR: a   instcat_y02_191109/00490604.tar.gz
HTAR: a   instcat_y02_191109/00490605.tar.gz
HTAR: a   instcat_y02_191109/00490606.tar.gz
HTAR: a   instcat_y02_191109/00490607.tar.gz
HTAR: a   instcat_y02_191109/00490608.tar.gz
HTAR: a   instcat_y02_191109/00490609.tar.gz
HTAR: a   instcat_y02_191109/00490610.tar.gz
HTAR: a   instcat_y02_191109/00490611.tar.gz
HTAR: a   instcat_y02_191109/00490612.tar.gz
HTAR: a   instcat_y02_191109/00490613.tar.gz
HTAR: a   instcat_y02_191109/00490614.tar.gz
HTAR: a   instcat_y02_191109/00490615.tar.gz
HTAR: a   instcat_y02_191109/00490616.tar.gz
HTAR: a   instcat_y02_191109/00490617.tar.gz
HTAR: a   instcat_y02_191109/00490618.tar.gz
HTAR: a   instcat_y02_191109/00490619.tar.gz
HTAR: a   instcat_y02_191109/00490620.tar.gz
HTAR: a   instcat_y02_191109/00490621.tar.gz
HTAR: a   instcat_y02_191109/00490622.tar.gz
HTAR: a   instcat_y02_191109/00490623.tar.gz
HTAR: a   instcat_y02_191109/00490624.tar.gz
HTAR: a   instcat_y02_191109/00490625.tar.gz
HTAR: a   instcat_y02_191109/00490626.tar.gz
HTAR: a   instcat_y02_191109/00490627.tar.gz
HTAR: a   instcat_y02_191109/00490628.tar.gz
HTAR: a   instcat_y02_191109/00490629.tar.gz
HTAR: a   instcat_y02_191109/00490630.tar.gz
HTAR: a   instcat_y02_191109/00490631.tar.gz
HTAR: a   instcat_y02_191109/00490632.tar.gz
HTAR: a   instcat_y02_191109/00490633.tar.gz
HTAR: a   instcat_y02_191109/00490634.tar.gz
HTAR: a   instcat_y02_191109/00490635.tar.gz
HTAR: a   instcat_y02_191109/00490636.tar.gz
HTAR: a   instcat_y02_191109/00490637.tar.gz
HTAR: a   instcat_y02_191109/00490638.tar.gz
HTAR: a   instcat_y02_191109/00490639.tar.gz
HTAR: a   instcat_y02_191109/00490640.tar.gz
HTAR: a   instcat_y02_191109/00490641.tar.gz
HTAR: a   instcat_y02_191109/00490642.tar.gz
HTAR: a   instcat_y02_191109/00490643.tar.gz
HTAR: a   instcat_y02_191109/00490644.tar.gz
HTAR: a   instcat_y02_191109/00490645.tar.gz
HTAR: a   instcat_y02_191109/00490646.tar.gz
HTAR: a   instcat_y02_191109/00490647.tar.gz
HTAR: a   instcat_y02_191109/00490648.tar.gz
HTAR: a   instcat_y02_191109/00490649.tar.gz
HTAR: a   instcat_y02_191109/00490650.tar.gz
HTAR: a   instcat_y02_191109/00490651.tar.gz
HTAR: a   instcat_y02_191109/00490652.tar.gz
HTAR: a   instcat_y02_191109/00490653.tar.gz
HTAR: a   instcat_y02_191109/00490654.tar.gz
HTAR: a   instcat_y02_191109/00490655.tar.gz
HTAR: a   instcat_y02_191109/00490656.tar.gz
HTAR: a   instcat_y02_191109/00490657.tar.gz
HTAR: a   instcat_y02_191109/00490658.tar.gz
HTAR: a   instcat_y02_191109/00490659.tar.gz
HTAR: a   instcat_y02_191109/00490660.tar.gz
HTAR: a   instcat_y02_191109/00490661.tar.gz
HTAR: a   instcat_y02_191109/00490662.tar.gz
HTAR: a   instcat_y02_191109/00490663.tar.gz
HTAR: a   instcat_y02_191109/00490664.tar.gz
HTAR: a   instcat_y02_191109/00490665.tar.gz
HTAR: a   instcat_y02_191109/00490666.tar.gz
HTAR: a   instcat_y02_191109/00490667.tar.gz
HTAR: a   instcat_y02_191109/00490668.tar.gz
HTAR: a   instcat_y02_191109/00490669.tar.gz
HTAR: a   instcat_y02_191109/00490670.tar.gz
HTAR: a   instcat_y02_191109/00490671.tar.gz
HTAR: a   instcat_y02_191109/00490672.tar.gz
HTAR: a   instcat_y02_191109/00490673.tar.gz
HTAR: a   instcat_y02_191109/00491205.tar.gz
HTAR: a   instcat_y02_191109/00491311.tar.gz
HTAR: a   instcat_y02_191109/00491312.tar.gz
HTAR: a   instcat_y02_191109/00491313.tar.gz
HTAR: a   instcat_y02_191109/00491463.tar.gz
HTAR: a   instcat_y02_191109/00491508.tar.gz
HTAR: a   instcat_y02_191109/00491509.tar.gz
HTAR: a   instcat_y02_191109/00491510.tar.gz
HTAR: a   instcat_y02_191109/00491546.tar.gz
HTAR: a   instcat_y02_191109/00491547.tar.gz
HTAR: a   instcat_y02_191109/00491548.tar.gz
HTAR: a   instcat_y02_191109/00491550.tar.gz
HTAR: a   instcat_y02_191109/00491551.tar.gz
HTAR: a   instcat_y02_191109/00491553.tar.gz
HTAR: a   instcat_y02_191109/job_log_00490084.txt
HTAR: a   instcat_y02_191109/job_log_00490085.txt
HTAR: a   instcat_y02_191109/job_log_00490086.txt
HTAR: a   instcat_y02_191109/job_log_00490087.txt
HTAR: a   instcat_y02_191109/job_log_00490088.txt
HTAR: a   instcat_y02_191109/job_log_00490089.txt
HTAR: a   instcat_y02_191109/job_log_00490090.txt
HTAR: a   instcat_y02_191109/job_log_00490091.txt
HTAR: a   instcat_y02_191109/job_log_00490092.txt
HTAR: a   instcat_y02_191109/job_log_00490093.txt
HTAR: a   instcat_y02_191109/job_log_00490094.txt
HTAR: a   instcat_y02_191109/job_log_00490095.txt
HTAR: a   instcat_y02_191109/job_log_00490578.txt
HTAR: a   instcat_y02_191109/job_log_00490579.txt
HTAR: a   instcat_y02_191109/job_log_00490580.txt
HTAR: a   instcat_y02_191109/job_log_00490581.txt
HTAR: a   instcat_y02_191109/job_log_00490582.txt
HTAR: a   instcat_y02_191109/job_log_00490583.txt
HTAR: a   instcat_y02_191109/job_log_00490584.txt
HTAR: a   instcat_y02_191109/job_log_00490585.txt
HTAR: a   instcat_y02_191109/job_log_00490586.txt
HTAR: a   instcat_y02_191109/job_log_00490587.txt
HTAR: a   instcat_y02_191109/job_log_00490588.txt
HTAR: a   instcat_y02_191109/job_log_00490589.txt
HTAR: a   instcat_y02_191109/job_log_00490590.txt
HTAR: a   instcat_y02_191109/job_log_00490591.txt
HTAR: a   instcat_y02_191109/job_log_00490592.txt
HTAR: a   instcat_y02_191109/job_log_00490593.txt
HTAR: a   instcat_y02_191109/job_log_00490594.txt
HTAR: a   instcat_y02_191109/job_log_00490595.txt
HTAR: a   instcat_y02_191109/job_log_00490596.txt
HTAR: a   instcat_y02_191109/job_log_00490597.txt
HTAR: a   instcat_y02_191109/job_log_00490598.txt
HTAR: a   instcat_y02_191109/job_log_00490599.txt
HTAR: a   instcat_y02_191109/job_log_00490600.txt
HTAR: a   instcat_y02_191109/job_log_00490601.txt
HTAR: a   instcat_y02_191109/job_log_00490602.txt
HTAR: a   instcat_y02_191109/job_log_00490603.txt
HTAR: a   instcat_y02_191109/job_log_00490604.txt
HTAR: a   instcat_y02_191109/job_log_00490605.txt
HTAR: a   instcat_y02_191109/job_log_00490606.txt
HTAR: a   instcat_y02_191109/job_log_00490607.txt
HTAR: a   instcat_y02_191109/job_log_00490608.txt
HTAR: a   instcat_y02_191109/job_log_00490609.txt
HTAR: a   instcat_y02_191109/job_log_00490610.txt
HTAR: a   instcat_y02_191109/job_log_00490611.txt
HTAR: a   instcat_y02_191109/job_log_00490612.txt
HTAR: a   instcat_y02_191109/job_log_00490613.txt
HTAR: a   instcat_y02_191109/job_log_00490614.txt
HTAR: a   instcat_y02_191109/job_log_00490615.txt
HTAR: a   instcat_y02_191109/job_log_00490616.txt
HTAR: a   instcat_y02_191109/job_log_00490617.txt
HTAR: a   instcat_y02_191109/job_log_00490618.txt
HTAR: a   instcat_y02_191109/job_log_00490619.txt
HTAR: a   instcat_y02_191109/job_log_00490620.txt
HTAR: a   instcat_y02_191109/job_log_00490621.txt
HTAR: a   instcat_y02_191109/job_log_00490622.txt
HTAR: a   instcat_y02_191109/job_log_00490623.txt
HTAR: a   instcat_y02_191109/job_log_00490624.txt
HTAR: a   instcat_y02_191109/job_log_00490625.txt
HTAR: a   instcat_y02_191109/job_log_00490626.txt
HTAR: a   instcat_y02_191109/job_log_00490627.txt
HTAR: a   instcat_y02_191109/job_log_00490628.txt
HTAR: a   instcat_y02_191109/job_log_00490629.txt
HTAR: a   instcat_y02_191109/job_log_00490630.txt
HTAR: a   instcat_y02_191109/job_log_00490631.txt
HTAR: a   instcat_y02_191109/job_log_00490632.txt
HTAR: a   instcat_y02_191109/job_log_00490633.txt
HTAR: a   instcat_y02_191109/job_log_00490634.txt
HTAR: a   instcat_y02_191109/job_log_00490635.txt
HTAR: a   instcat_y02_191109/job_log_00490636.txt
HTAR: a   instcat_y02_191109/job_log_00490637.txt
HTAR: a   instcat_y02_191109/job_log_00490638.txt
HTAR: a   instcat_y02_191109/job_log_00490639.txt
HTAR: a   instcat_y02_191109/job_log_00490640.txt
HTAR: a   instcat_y02_191109/job_log_00490641.txt
HTAR: a   instcat_y02_191109/job_log_00490642.txt
HTAR: a   instcat_y02_191109/job_log_00490643.txt
HTAR: a   instcat_y02_191109/job_log_00490644.txt
HTAR: a   instcat_y02_191109/job_log_00490645.txt
HTAR: a   instcat_y02_191109/job_log_00490646.txt
HTAR: a   instcat_y02_191109/job_log_00490647.txt
HTAR: a   instcat_y02_191109/job_log_00490648.txt
HTAR: a   instcat_y02_191109/job_log_00490649.txt
HTAR: a   instcat_y02_191109/job_log_00490650.txt
HTAR: a   instcat_y02_191109/job_log_00490651.txt
HTAR: a   instcat_y02_191109/job_log_00490652.txt
HTAR: a   instcat_y02_191109/job_log_00490653.txt
HTAR: a   instcat_y02_191109/job_log_00490654.txt
HTAR: a   instcat_y02_191109/job_log_00490655.txt
HTAR: a   instcat_y02_191109/job_log_00490656.txt
HTAR: a   instcat_y02_191109/job_log_00490657.txt
HTAR: a   instcat_y02_191109/job_log_00490658.txt
HTAR: a   instcat_y02_191109/job_log_00490659.txt
HTAR: a   instcat_y02_191109/job_log_00490660.txt
HTAR: a   instcat_y02_191109/job_log_00490661.txt
HTAR: a   instcat_y02_191109/job_log_00490662.txt
HTAR: a   instcat_y02_191109/job_log_00490663.txt
HTAR: a   instcat_y02_191109/job_log_00490664.txt
HTAR: a   instcat_y02_191109/job_log_00490665.txt
HTAR: a   instcat_y02_191109/job_log_00490666.txt
HTAR: a   instcat_y02_191109/job_log_00490667.txt
HTAR: a   instcat_y02_191109/job_log_00490668.txt
HTAR: a   instcat_y02_191109/job_log_00490669.txt
HTAR: a   instcat_y02_191109/job_log_00490670.txt
HTAR: a   instcat_y02_191109/job_log_00490671.txt
HTAR: a   instcat_y02_191109/job_log_00490672.txt
HTAR: a   instcat_y02_191109/job_log_00490673.txt
HTAR: a   instcat_y02_191109/job_log_00491205.txt
HTAR: a   instcat_y02_191109/job_log_00491311.txt
HTAR: a   instcat_y02_191109/job_log_00491312.txt
HTAR: a   instcat_y02_191109/job_log_00491313.txt
HTAR: a   instcat_y02_191109/job_log_00491463.txt
HTAR: a   instcat_y02_191109/job_log_00491508.txt
HTAR: a   instcat_y02_191109/job_log_00491509.txt
HTAR: a   instcat_y02_191109/job_log_00491510.txt
HTAR: a   instcat_y02_191109/job_log_00491546.txt
HTAR: a   instcat_y02_191109/job_log_00491547.txt
HTAR: a   instcat_y02_191109/job_log_00491548.txt
HTAR: a   instcat_y02_191109/job_log_00491550.txt
HTAR: a   instcat_y02_191109/job_log_00491551.txt
HTAR: a   instcat_y02_191109/job_log_00491553.txt
HTAR: a   /tmp/HTAR_CF_CHK_50803_1580509955
HTAR Create complete for /home/projects/desc/DC2_ImSim/Run2.2i/instCat/y02_191109/00490084to00491553.tar. 575,799,015,936 bytes written for 244 member files, max threads: 50 Transfer time: 4025.762 seconds (143.029 MB/s) wallclock/user/sys: 4027.025 4734.361 1902.529 seconds
HTAR: HTAR SUCCESSFUL
HTAR: a   instcat_y02_191109/00491554.tar.gz
HTAR: a   instcat_y02_191109/00491557.tar.gz
HTAR: a   instcat_y02_191109/00491559.tar.gz
HTAR: a   instcat_y02_191109/00491560.tar.gz
HTAR: a   instcat_y02_191109/00491561.tar.gz
HTAR: a   instcat_y02_191109/00491562.tar.gz
HTAR: a   instcat_y02_191109/00491563.tar.gz
HTAR: a   instcat_y02_191109/00491591.tar.gz
HTAR: a   instcat_y02_191109/00491592.tar.gz
HTAR: a   instcat_y02_191109/00491594.tar.gz
HTAR: a   instcat_y02_191109/00491595.tar.gz
HTAR: a   instcat_y02_191109/00491597.tar.gz
HTAR: a   instcat_y02_191109/00491599.tar.gz
HTAR: a   instcat_y02_191109/00491600.tar.gz
HTAR: a   instcat_y02_191109/00491601.tar.gz
HTAR: a   instcat_y02_191109/00491602.tar.gz
HTAR: a   instcat_y02_191109/00491603.tar.gz
HTAR: a   instcat_y02_191109/00492026.tar.gz
HTAR: a   instcat_y02_191109/00492027.tar.gz
HTAR: a   instcat_y02_191109/00492028.tar.gz
HTAR: a   instcat_y02_191109/00492029.tar.gz
HTAR: a   instcat_y02_191109/00492030.tar.gz
HTAR: a   instcat_y02_191109/00492032.tar.gz
HTAR: a   instcat_y02_191109/00492036.tar.gz
HTAR: a   instcat_y02_191109/00492037.tar.gz
HTAR: a   instcat_y02_191109/00494227.tar.gz
HTAR: a   instcat_y02_191109/00494229.tar.gz
HTAR: a   instcat_y02_191109/00494230.tar.gz
HTAR: a   instcat_y02_191109/00494231.tar.gz
HTAR: a   instcat_y02_191109/00494232.tar.gz
HTAR: a   instcat_y02_191109/00494233.tar.gz
HTAR: a   instcat_y02_191109/00494234.tar.gz
HTAR: a   instcat_y02_191109/00494235.tar.gz
HTAR: a   instcat_y02_191109/00494244.tar.gz
HTAR: a   instcat_y02_191109/00494262.tar.gz
HTAR: a   instcat_y02_191109/00496140.tar.gz
HTAR: a   instcat_y02_191109/00496144.tar.gz
HTAR: a   instcat_y02_191109/00496188.tar.gz
HTAR: a   instcat_y02_191109/00496193.tar.gz
HTAR: a   instcat_y02_191109/00496194.tar.gz
HTAR: a   instcat_y02_191109/00496196.tar.gz
HTAR: a   instcat_y02_191109/00496197.tar.gz
HTAR: a   instcat_y02_191109/00496201.tar.gz
HTAR: a   instcat_y02_191109/00496949.tar.gz
HTAR: a   instcat_y02_191109/00496950.tar.gz
HTAR: a   instcat_y02_191109/00496951.tar.gz
HTAR: a   instcat_y02_191109/00496952.tar.gz
HTAR: a   instcat_y02_191109/00496953.tar.gz
HTAR: a   instcat_y02_191109/00496954.tar.gz
HTAR: a   instcat_y02_191109/00496957.tar.gz
HTAR: a   instcat_y02_191109/00496959.tar.gz
HTAR: a   instcat_y02_191109/00496960.tar.gz
HTAR: a   instcat_y02_191109/00496962.tar.gz
HTAR: a   instcat_y02_191109/00496963.tar.gz
HTAR: a   instcat_y02_191109/00496964.tar.gz
HTAR: a   instcat_y02_191109/00496976.tar.gz
HTAR: a   instcat_y02_191109/00496977.tar.gz
HTAR: a   instcat_y02_191109/00496979.tar.gz
HTAR: a   instcat_y02_191109/00496980.tar.gz
HTAR: a   instcat_y02_191109/00496983.tar.gz
HTAR: a   instcat_y02_191109/00496984.tar.gz
HTAR: a   instcat_y02_191109/00496985.tar.gz
HTAR: a   instcat_y02_191109/00496986.tar.gz
HTAR: a   instcat_y02_191109/00496987.tar.gz
HTAR: a   instcat_y02_191109/00496989.tar.gz
HTAR: a   instcat_y02_191109/00496990.tar.gz
HTAR: a   instcat_y02_191109/00496991.tar.gz
HTAR: a   instcat_y02_191109/00496992.tar.gz
HTAR: a   instcat_y02_191109/00496993.tar.gz
HTAR: a   instcat_y02_191109/00496994.tar.gz
HTAR: a   instcat_y02_191109/00497005.tar.gz
HTAR: a   instcat_y02_191109/00497006.tar.gz
HTAR: a   instcat_y02_191109/00497007.tar.gz
HTAR: a   instcat_y02_191109/00497009.tar.gz
HTAR: a   instcat_y02_191109/00497010.tar.gz
HTAR: a   instcat_y02_191109/00497011.tar.gz
HTAR: a   instcat_y02_191109/00497013.tar.gz
HTAR: a   instcat_y02_191109/00497014.tar.gz
HTAR: a   instcat_y02_191109/00497044.tar.gz
HTAR: a   instcat_y02_191109/00497045.tar.gz
HTAR: a   instcat_y02_191109/00497049.tar.gz
HTAR: a   instcat_y02_191109/00497081.tar.gz
HTAR: a   instcat_y02_191109/00497119.tar.gz
HTAR: a   instcat_y02_191109/00497120.tar.gz
HTAR: a   instcat_y02_191109/job_log_00491554.txt
HTAR: a   instcat_y02_191109/job_log_00491557.txt
HTAR: a   instcat_y02_191109/job_log_00491559.txt
HTAR: a   instcat_y02_191109/job_log_00491560.txt
HTAR: a   instcat_y02_191109/job_log_00491561.txt
HTAR: a   instcat_y02_191109/job_log_00491562.txt
HTAR: a   instcat_y02_191109/job_log_00491563.txt
HTAR: a   instcat_y02_191109/job_log_00491591.txt
HTAR: a   instcat_y02_191109/job_log_00491592.txt
HTAR: a   instcat_y02_191109/job_log_00491594.txt
HTAR: a   instcat_y02_191109/job_log_00491595.txt
HTAR: a   instcat_y02_191109/job_log_00491597.txt
HTAR: a   instcat_y02_191109/job_log_00491599.txt
HTAR: a   instcat_y02_191109/job_log_00491600.txt
HTAR: a   instcat_y02_191109/job_log_00491601.txt
HTAR: a   instcat_y02_191109/job_log_00491602.txt
HTAR: a   instcat_y02_191109/job_log_00491603.txt
HTAR: a   instcat_y02_191109/job_log_00492026.txt
HTAR: a   instcat_y02_191109/job_log_00492027.txt
HTAR: a   instcat_y02_191109/job_log_00492028.txt
HTAR: a   instcat_y02_191109/job_log_00492029.txt
HTAR: a   instcat_y02_191109/job_log_00492030.txt
HTAR: a   instcat_y02_191109/job_log_00492032.txt
HTAR: a   instcat_y02_191109/job_log_00492036.txt
HTAR: a   instcat_y02_191109/job_log_00492037.txt
HTAR: a   instcat_y02_191109/job_log_00494227.txt
HTAR: a   instcat_y02_191109/job_log_00494229.txt
HTAR: a   instcat_y02_191109/job_log_00494230.txt
HTAR: a   instcat_y02_191109/job_log_00494231.txt
HTAR: a   instcat_y02_191109/job_log_00494232.txt
HTAR: a   instcat_y02_191109/job_log_00494233.txt
HTAR: a   instcat_y02_191109/job_log_00494234.txt
HTAR: a   instcat_y02_191109/job_log_00494235.txt
HTAR: a   instcat_y02_191109/job_log_00494244.txt
HTAR: a   instcat_y02_191109/job_log_00494262.txt
HTAR: a   instcat_y02_191109/job_log_00496140.txt
HTAR: a   instcat_y02_191109/job_log_00496144.txt
HTAR: a   instcat_y02_191109/job_log_00496188.txt
HTAR: a   instcat_y02_191109/job_log_00496193.txt
HTAR: a   instcat_y02_191109/job_log_00496194.txt
HTAR: a   instcat_y02_191109/job_log_00496196.txt
HTAR: a   instcat_y02_191109/job_log_00496197.txt
HTAR: a   instcat_y02_191109/job_log_00496201.txt
HTAR: a   instcat_y02_191109/job_log_00496949.txt
HTAR: a   instcat_y02_191109/job_log_00496950.txt
HTAR: a   instcat_y02_191109/job_log_00496951.txt
HTAR: a   instcat_y02_191109/job_log_00496952.txt
HTAR: a   instcat_y02_191109/job_log_00496953.txt
HTAR: a   instcat_y02_191109/job_log_00496954.txt
HTAR: a   instcat_y02_191109/job_log_00496957.txt
HTAR: a   instcat_y02_191109/job_log_00496959.txt
HTAR: a   instcat_y02_191109/job_log_00496960.txt
HTAR: a   instcat_y02_191109/job_log_00496962.txt
HTAR: a   instcat_y02_191109/job_log_00496963.txt
HTAR: a   instcat_y02_191109/job_log_00496964.txt
HTAR: a   instcat_y02_191109/job_log_00496976.txt
HTAR: a   instcat_y02_191109/job_log_00496977.txt
HTAR: a   instcat_y02_191109/job_log_00496979.txt
HTAR: a   instcat_y02_191109/job_log_00496980.txt
HTAR: a   instcat_y02_191109/job_log_00496983.txt
HTAR: a   instcat_y02_191109/job_log_00496984.txt
HTAR: a   instcat_y02_191109/job_log_00496985.txt
HTAR: a   instcat_y02_191109/job_log_00496986.txt
HTAR: a   instcat_y02_191109/job_log_00496987.txt
HTAR: a   instcat_y02_191109/job_log_00496989.txt
HTAR: a   instcat_y02_191109/job_log_00496990.txt
HTAR: a   instcat_y02_191109/job_log_00496991.txt
HTAR: a   instcat_y02_191109/job_log_00496992.txt
HTAR: a   instcat_y02_191109/job_log_00496993.txt
HTAR: a   instcat_y02_191109/job_log_00496994.txt
HTAR: a   instcat_y02_191109/job_log_00497005.txt
HTAR: a   instcat_y02_191109/job_log_00497006.txt
HTAR: a   instcat_y02_191109/job_log_00497007.txt
HTAR: a   instcat_y02_191109/job_log_00497009.txt
HTAR: a   instcat_y02_191109/job_log_00497010.txt
HTAR: a   instcat_y02_191109/job_log_00497011.txt
HTAR: a   instcat_y02_191109/job_log_00497013.txt
HTAR: a   instcat_y02_191109/job_log_00497014.txt
HTAR: a   instcat_y02_191109/job_log_00497044.txt
HTAR: a   instcat_y02_191109/job_log_00497045.txt
HTAR: a   instcat_y02_191109/job_log_00497049.txt
HTAR: a   instcat_y02_191109/job_log_00497081.txt
HTAR: a   instcat_y02_191109/job_log_00497119.txt
HTAR: a   instcat_y02_191109/job_log_00497120.txt
HTAR: a   /tmp/HTAR_CF_CHK_7742_1580513985
HTAR Create complete for /home/projects/desc/DC2_ImSim/Run2.2i/instCat/y02_191109/00491554to00497120.tar. 344,089,181,696 bytes written for 168 member files, max threads: 50 Transfer time: 2370.071 seconds (145.181 MB/s) wallclock/user/sys: 2371.404 2848.215 1054.868 seconds
HTAR: HTAR SUCCESSFUL
