HTAR: a   DC2_ImSim/Run2.1i/instCat/00201989to00262897/00202309.tar.gz
HTAR: a   DC2_ImSim/Run2.1i/instCat/00201989to00262897/00202548.tar.gz
HTAR: a   DC2_ImSim/Run2.1i/instCat/00201989to00262897/00202550.tar.gz
HTAR: a   DC2_ImSim/Run2.1i/instCat/00201989to00262897/00202551.tar.gz
HTAR: a   DC2_ImSim/Run2.1i/instCat/00201989to00262897/00202552.tar.gz
HTAR: a   DC2_ImSim/Run2.1i/instCat/00201989to00262897/00202580.tar.gz
HTAR: a   DC2_ImSim/Run2.1i/instCat/00201989to00262897/00202581.tar.gz
HTAR: a   DC2_ImSim/Run2.1i/instCat/00201989to00262897/00202583.tar.gz
HTAR: a   DC2_ImSim/Run2.1i/instCat/00201989to00262897/00202585.tar.gz
HTAR: a   DC2_ImSim/Run2.1i/instCat/00201989to00262897/00202586.tar.gz
HTAR: a   DC2_ImSim/Run2.1i/instCat/00201989to00262897/00202587.tar.gz
HTAR: a   DC2_ImSim/Run2.1i/instCat/00201989to00262897/00202588.tar.gz
HTAR: a   DC2_ImSim/Run2.1i/instCat/00201989to00262897/00202589.tar.gz
HTAR: a   DC2_ImSim/Run2.1i/instCat/00201989to00262897/00202590.tar.gz
HTAR: a   DC2_ImSim/Run2.1i/instCat/00201989to00262897/00202591.tar.gz
HTAR: a   DC2_ImSim/Run2.1i/instCat/00201989to00262897/00202592.tar.gz
HTAR: a   DC2_ImSim/Run2.1i/instCat/00201989to00262897/00202593.tar.gz
HTAR: a   DC2_ImSim/Run2.1i/instCat/00201989to00262897/00202594.tar.gz
HTAR: a   DC2_ImSim/Run2.1i/instCat/00201989to00262897/00202616.tar.gz
HTAR: a   DC2_ImSim/Run2.1i/instCat/00201989to00262897/00202617.tar.gz
HTAR: a   DC2_ImSim/Run2.1i/instCat/00201989to00262897/00202618.tar.gz
HTAR: a   DC2_ImSim/Run2.1i/instCat/00201989to00262897/00202619.tar.gz
HTAR: a   DC2_ImSim/Run2.1i/instCat/00201989to00262897/00202620.tar.gz
HTAR: a   DC2_ImSim/Run2.1i/instCat/00201989to00262897/00202626.tar.gz
HTAR: a   DC2_ImSim/Run2.1i/instCat/00201989to00262897/00202627.tar.gz
HTAR: a   DC2_ImSim/Run2.1i/instCat/00201989to00262897/00202628.tar.gz
HTAR: a   DC2_ImSim/Run2.1i/instCat/00201989to00262897/00202630.tar.gz
HTAR: a   DC2_ImSim/Run2.1i/instCat/00201989to00262897/00202635.tar.gz
HTAR: a   DC2_ImSim/Run2.1i/instCat/00201989to00262897/00202657.tar.gz
HTAR: a   DC2_ImSim/Run2.1i/instCat/00201989to00262897/00202658.tar.gz
HTAR: a   DC2_ImSim/Run2.1i/instCat/00201989to00262897/00202660.tar.gz
HTAR: a   DC2_ImSim/Run2.1i/instCat/00201989to00262897/00202662.tar.gz
HTAR: a   DC2_ImSim/Run2.1i/instCat/00201989to00262897/00202663.tar.gz
HTAR: a   DC2_ImSim/Run2.1i/instCat/00201989to00262897/00202664.tar.gz
HTAR: a   DC2_ImSim/Run2.1i/instCat/00201989to00262897/00202685.tar.gz
HTAR: a   DC2_ImSim/Run2.1i/instCat/00201989to00262897/00202686.tar.gz
HTAR: a   DC2_ImSim/Run2.1i/instCat/00201989to00262897/00202689.tar.gz
HTAR: a   DC2_ImSim/Run2.1i/instCat/00201989to00262897/00202691.tar.gz
HTAR: a   DC2_ImSim/Run2.1i/instCat/00201989to00262897/00202693.tar.gz
HTAR: a   DC2_ImSim/Run2.1i/instCat/00201989to00262897/00202696.tar.gz
HTAR: a   DC2_ImSim/Run2.1i/instCat/00201989to00262897/00202701.tar.gz
HTAR: a   DC2_ImSim/Run2.1i/instCat/00201989to00262897/00202751.tar.gz
HTAR: a   DC2_ImSim/Run2.1i/instCat/00201989to00262897/00203609.tar.gz
HTAR: a   DC2_ImSim/Run2.1i/instCat/00201989to00262897/00203615.tar.gz
HTAR: a   DC2_ImSim/Run2.1i/instCat/00201989to00262897/00204483.tar.gz
HTAR: a   DC2_ImSim/Run2.1i/instCat/00201989to00262897/00204516.tar.gz
HTAR: a   DC2_ImSim/Run2.1i/instCat/00201989to00262897/00204517.tar.gz
HTAR: a   DC2_ImSim/Run2.1i/instCat/00201989to00262897/00204519.tar.gz
HTAR: a   DC2_ImSim/Run2.1i/instCat/00201989to00262897/00204520.tar.gz
HTAR: a   DC2_ImSim/Run2.1i/instCat/00201989to00262897/00204521.tar.gz
HTAR: a   DC2_ImSim/Run2.1i/instCat/00201989to00262897/00204522.tar.gz
HTAR: a   DC2_ImSim/Run2.1i/instCat/00201989to00262897/00204523.tar.gz
HTAR: a   DC2_ImSim/Run2.1i/instCat/00201989to00262897/00204524.tar.gz
HTAR: a   DC2_ImSim/Run2.1i/instCat/00201989to00262897/00204553.tar.gz
HTAR: a   DC2_ImSim/Run2.1i/instCat/00201989to00262897/00204554.tar.gz
HTAR: a   DC2_ImSim/Run2.1i/instCat/00201989to00262897/00204555.tar.gz
HTAR: a   DC2_ImSim/Run2.1i/instCat/00201989to00262897/00204556.tar.gz
HTAR: a   DC2_ImSim/Run2.1i/instCat/00201989to00262897/00204559.tar.gz
HTAR: a   DC2_ImSim/Run2.1i/instCat/00201989to00262897/00204560.tar.gz
HTAR: a   DC2_ImSim/Run2.1i/instCat/00201989to00262897/00204561.tar.gz
HTAR: a   DC2_ImSim/Run2.1i/instCat/00201989to00262897/00204562.tar.gz
HTAR: a   DC2_ImSim/Run2.1i/instCat/00201989to00262897/00204563.tar.gz
HTAR: a   DC2_ImSim/Run2.1i/instCat/00201989to00262897/00204593.tar.gz
HTAR: a   DC2_ImSim/Run2.1i/instCat/00201989to00262897/00204594.tar.gz
HTAR: a   DC2_ImSim/Run2.1i/instCat/00201989to00262897/00204595.tar.gz
HTAR: a   DC2_ImSim/Run2.1i/instCat/00201989to00262897/00204596.tar.gz
HTAR: a   DC2_ImSim/Run2.1i/instCat/00201989to00262897/00204597.tar.gz
HTAR: a   DC2_ImSim/Run2.1i/instCat/00201989to00262897/00204598.tar.gz
HTAR: a   DC2_ImSim/Run2.1i/instCat/00201989to00262897/00204648.tar.gz
HTAR: a   DC2_ImSim/Run2.1i/instCat/00201989to00262897/00204649.tar.gz
HTAR: a   DC2_ImSim/Run2.1i/instCat/00201989to00262897/00204650.tar.gz
HTAR: a   DC2_ImSim/Run2.1i/instCat/00201989to00262897/00204651.tar.gz
HTAR: a   DC2_ImSim/Run2.1i/instCat/00201989to00262897/00204694.tar.gz
HTAR: a   DC2_ImSim/Run2.1i/instCat/00201989to00262897/00204704.tar.gz
HTAR: a   DC2_ImSim/Run2.1i/instCat/00201989to00262897/00204705.tar.gz
HTAR: a   DC2_ImSim/Run2.1i/instCat/00201989to00262897/00204706.tar.gz
HTAR: a   DC2_ImSim/Run2.1i/instCat/00201989to00262897/00204707.tar.gz
HTAR: a   DC2_ImSim/Run2.1i/instCat/00201989to00262897/00204708.tar.gz
HTAR: a   DC2_ImSim/Run2.1i/instCat/00201989to00262897/00204709.tar.gz
HTAR: a   DC2_ImSim/Run2.1i/instCat/00201989to00262897/00204710.tar.gz
HTAR: a   DC2_ImSim/Run2.1i/instCat/00201989to00262897/00204711.tar.gz
HTAR: a   DC2_ImSim/Run2.1i/instCat/00201989to00262897/00204712.tar.gz
HTAR: a   DC2_ImSim/Run2.1i/instCat/00201989to00262897/00204713.tar.gz
HTAR: a   DC2_ImSim/Run2.1i/instCat/00201989to00262897/00204714.tar.gz
HTAR: a   DC2_ImSim/Run2.1i/instCat/00201989to00262897/00204720.tar.gz
HTAR: a   DC2_ImSim/Run2.1i/instCat/00201989to00262897/00204721.tar.gz
HTAR: a   DC2_ImSim/Run2.1i/instCat/00201989to00262897/00204722.tar.gz
HTAR: a   DC2_ImSim/Run2.1i/instCat/00201989to00262897/00204753.tar.gz
HTAR: a   DC2_ImSim/Run2.1i/instCat/00201989to00262897/00204770.tar.gz
HTAR: a   DC2_ImSim/Run2.1i/instCat/00201989to00262897/00204771.tar.gz
HTAR: a   DC2_ImSim/Run2.1i/instCat/00201989to00262897/00205234.tar.gz
HTAR: a   DC2_ImSim/Run2.1i/instCat/00201989to00262897/00205235.tar.gz
HTAR: a   DC2_ImSim/Run2.1i/instCat/00201989to00262897/00205284.tar.gz
HTAR: a   DC2_ImSim/Run2.1i/instCat/00201989to00262897/00205302.tar.gz
HTAR: a   DC2_ImSim/Run2.1i/instCat/00201989to00262897/00205344.tar.gz
HTAR: a   DC2_ImSim/Run2.1i/instCat/00201989to00262897/00205345.tar.gz
HTAR: a   DC2_ImSim/Run2.1i/instCat/00201989to00262897/00205414.tar.gz
HTAR: a   DC2_ImSim/Run2.1i/instCat/00201989to00262897/00205416.tar.gz
HTAR: a   DC2_ImSim/Run2.1i/instCat/00201989to00262897/00205417.tar.gz
HTAR: a   DC2_ImSim/Run2.1i/instCat/00201989to00262897/00205418.tar.gz
HTAR: a   DC2_ImSim/Run2.1i/instCat/00201989to00262897/00205419.tar.gz
HTAR: a   DC2_ImSim/Run2.1i/instCat/00201989to00262897/00205426.tar.gz
HTAR: a   DC2_ImSim/Run2.1i/instCat/00201989to00262897/00205427.tar.gz
HTAR: a   DC2_ImSim/Run2.1i/instCat/00201989to00262897/00205458.tar.gz
HTAR: a   DC2_ImSim/Run2.1i/instCat/00201989to00262897/00205460.tar.gz
HTAR: a   DC2_ImSim/Run2.1i/instCat/00201989to00262897/00205461.tar.gz
HTAR: a   DC2_ImSim/Run2.1i/instCat/00201989to00262897/00205465.tar.gz
HTAR: a   DC2_ImSim/Run2.1i/instCat/00201989to00262897/00205467.tar.gz
HTAR: a   DC2_ImSim/Run2.1i/instCat/00201989to00262897/00205468.tar.gz
HTAR: a   DC2_ImSim/Run2.1i/instCat/00201989to00262897/00205469.tar.gz
HTAR: a   DC2_ImSim/Run2.1i/instCat/00201989to00262897/00206019.tar.gz
HTAR: a   DC2_ImSim/Run2.1i/instCat/00201989to00262897/00206020.tar.gz
HTAR: a   DC2_ImSim/Run2.1i/instCat/00201989to00262897/00206021.tar.gz
HTAR: a   DC2_ImSim/Run2.1i/instCat/00201989to00262897/00206022.tar.gz
HTAR: a   DC2_ImSim/Run2.1i/instCat/00201989to00262897/00206023.tar.gz
HTAR: a   DC2_ImSim/Run2.1i/instCat/00201989to00262897/00206028.tar.gz
HTAR: a   DC2_ImSim/Run2.1i/instCat/00201989to00262897/00206029.tar.gz
HTAR: a   DC2_ImSim/Run2.1i/instCat/00201989to00262897/00206030.tar.gz
HTAR: a   DC2_ImSim/Run2.1i/instCat/00201989to00262897/00206031.tar.gz
HTAR: a   /global/cscratch1/sd/desc/tmp/HTAR_CF_CHK_17049_1560463018
HTAR Create complete for /home/projects/desc/DC2_ImSim/Run2.1i/instCat/00201989to00262897/00202309to00206031.tar. 532,080,509,440 bytes written for 119 member files, max threads: 3 Transfer time: 2926.420 seconds (181.820 MB/s) wallclock/user/sys: 2929.044 3251.677 1717.025 seconds
HTAR: HTAR SUCCESSFUL
HTAR: a   DC2_ImSim/Run2.1i/instCat/00201989to00262897/00206032.tar.gz
HTAR: a   DC2_ImSim/Run2.1i/instCat/00201989to00262897/00206033.tar.gz
HTAR: a   DC2_ImSim/Run2.1i/instCat/00201989to00262897/00206034.tar.gz
HTAR: a   DC2_ImSim/Run2.1i/instCat/00201989to00262897/00206035.tar.gz
HTAR: a   DC2_ImSim/Run2.1i/instCat/00201989to00262897/00206037.tar.gz
HTAR: a   DC2_ImSim/Run2.1i/instCat/00201989to00262897/00206038.tar.gz
HTAR: a   DC2_ImSim/Run2.1i/instCat/00201989to00262897/00206039.tar.gz
HTAR: a   DC2_ImSim/Run2.1i/instCat/00201989to00262897/00206040.tar.gz
HTAR: a   DC2_ImSim/Run2.1i/instCat/00201989to00262897/00206041.tar.gz
HTAR: a   DC2_ImSim/Run2.1i/instCat/00201989to00262897/00206042.tar.gz
HTAR: a   DC2_ImSim/Run2.1i/instCat/00201989to00262897/00206043.tar.gz
HTAR: a   DC2_ImSim/Run2.1i/instCat/00201989to00262897/00206049.tar.gz
HTAR: a   DC2_ImSim/Run2.1i/instCat/00201989to00262897/00206050.tar.gz
HTAR: a   DC2_ImSim/Run2.1i/instCat/00201989to00262897/00206051.tar.gz
HTAR: a   DC2_ImSim/Run2.1i/instCat/00201989to00262897/00206052.tar.gz
HTAR: a   DC2_ImSim/Run2.1i/instCat/00201989to00262897/00206053.tar.gz
HTAR: a   DC2_ImSim/Run2.1i/instCat/00201989to00262897/00206054.tar.gz
HTAR: a   DC2_ImSim/Run2.1i/instCat/00201989to00262897/00206055.tar.gz
HTAR: a   DC2_ImSim/Run2.1i/instCat/00201989to00262897/00206056.tar.gz
HTAR: a   DC2_ImSim/Run2.1i/instCat/00201989to00262897/00206059.tar.gz
HTAR: a   DC2_ImSim/Run2.1i/instCat/00201989to00262897/00206066.tar.gz
HTAR: a   DC2_ImSim/Run2.1i/instCat/00201989to00262897/00206067.tar.gz
HTAR: a   DC2_ImSim/Run2.1i/instCat/00201989to00262897/00206068.tar.gz
HTAR: a   DC2_ImSim/Run2.1i/instCat/00201989to00262897/00206069.tar.gz
HTAR: a   DC2_ImSim/Run2.1i/instCat/00201989to00262897/00206070.tar.gz
HTAR: a   DC2_ImSim/Run2.1i/instCat/00201989to00262897/00206071.tar.gz
HTAR: a   DC2_ImSim/Run2.1i/instCat/00201989to00262897/00206072.tar.gz
HTAR: a   DC2_ImSim/Run2.1i/instCat/00201989to00262897/00206073.tar.gz
HTAR: a   DC2_ImSim/Run2.1i/instCat/00201989to00262897/00206074.tar.gz
HTAR: a   DC2_ImSim/Run2.1i/instCat/00201989to00262897/00206075.tar.gz
HTAR: a   DC2_ImSim/Run2.1i/instCat/00201989to00262897/00206076.tar.gz
HTAR: a   DC2_ImSim/Run2.1i/instCat/00201989to00262897/00206077.tar.gz
HTAR: a   DC2_ImSim/Run2.1i/instCat/00201989to00262897/00206078.tar.gz
HTAR: a   DC2_ImSim/Run2.1i/instCat/00201989to00262897/00206079.tar.gz
HTAR: a   DC2_ImSim/Run2.1i/instCat/00201989to00262897/00206080.tar.gz
HTAR: a   DC2_ImSim/Run2.1i/instCat/00201989to00262897/00206082.tar.gz
HTAR: a   DC2_ImSim/Run2.1i/instCat/00201989to00262897/00206083.tar.gz
HTAR: a   DC2_ImSim/Run2.1i/instCat/00201989to00262897/00206084.tar.gz
HTAR: a   DC2_ImSim/Run2.1i/instCat/00201989to00262897/00206085.tar.gz
HTAR: a   DC2_ImSim/Run2.1i/instCat/00201989to00262897/00206092.tar.gz
HTAR: a   DC2_ImSim/Run2.1i/instCat/00201989to00262897/00206093.tar.gz
HTAR: a   DC2_ImSim/Run2.1i/instCat/00201989to00262897/00206094.tar.gz
HTAR: a   DC2_ImSim/Run2.1i/instCat/00201989to00262897/00206095.tar.gz
HTAR: a   DC2_ImSim/Run2.1i/instCat/00201989to00262897/00206096.tar.gz
HTAR: a   DC2_ImSim/Run2.1i/instCat/00201989to00262897/00206097.tar.gz
HTAR: a   DC2_ImSim/Run2.1i/instCat/00201989to00262897/00206099.tar.gz
HTAR: a   DC2_ImSim/Run2.1i/instCat/00201989to00262897/00206101.tar.gz
HTAR: a   DC2_ImSim/Run2.1i/instCat/00201989to00262897/00206102.tar.gz
HTAR: a   DC2_ImSim/Run2.1i/instCat/00201989to00262897/00206103.tar.gz
HTAR: a   DC2_ImSim/Run2.1i/instCat/00201989to00262897/00206108.tar.gz
HTAR: a   DC2_ImSim/Run2.1i/instCat/00201989to00262897/00206109.tar.gz
HTAR: a   DC2_ImSim/Run2.1i/instCat/00201989to00262897/00206110.tar.gz
HTAR: a   DC2_ImSim/Run2.1i/instCat/00201989to00262897/00206111.tar.gz
HTAR: a   DC2_ImSim/Run2.1i/instCat/00201989to00262897/00206114.tar.gz
HTAR: a   DC2_ImSim/Run2.1i/instCat/00201989to00262897/00206120.tar.gz
HTAR: a   DC2_ImSim/Run2.1i/instCat/00201989to00262897/00206128.tar.gz
HTAR: a   DC2_ImSim/Run2.1i/instCat/00201989to00262897/00206133.tar.gz
HTAR: a   DC2_ImSim/Run2.1i/instCat/00201989to00262897/00206141.tar.gz
HTAR: a   DC2_ImSim/Run2.1i/instCat/00201989to00262897/00206143.tar.gz
HTAR: a   DC2_ImSim/Run2.1i/instCat/00201989to00262897/00206161.tar.gz
HTAR: a   DC2_ImSim/Run2.1i/instCat/00201989to00262897/00206167.tar.gz
HTAR: a   DC2_ImSim/Run2.1i/instCat/00201989to00262897/00206186.tar.gz
HTAR: a   DC2_ImSim/Run2.1i/instCat/00201989to00262897/00206195.tar.gz
HTAR: a   DC2_ImSim/Run2.1i/instCat/00201989to00262897/00206312.tar.gz
HTAR: a   DC2_ImSim/Run2.1i/instCat/00201989to00262897/00206313.tar.gz
HTAR: a   DC2_ImSim/Run2.1i/instCat/00201989to00262897/00206314.tar.gz
HTAR: a   DC2_ImSim/Run2.1i/instCat/00201989to00262897/00206315.tar.gz
HTAR: a   DC2_ImSim/Run2.1i/instCat/00201989to00262897/00206316.tar.gz
HTAR: a   DC2_ImSim/Run2.1i/instCat/00201989to00262897/00206317.tar.gz
HTAR: a   DC2_ImSim/Run2.1i/instCat/00201989to00262897/00206342.tar.gz
HTAR: a   DC2_ImSim/Run2.1i/instCat/00201989to00262897/00206343.tar.gz
HTAR: a   DC2_ImSim/Run2.1i/instCat/00201989to00262897/00206344.tar.gz
HTAR: a   DC2_ImSim/Run2.1i/instCat/00201989to00262897/00206345.tar.gz
HTAR: a   DC2_ImSim/Run2.1i/instCat/00201989to00262897/00206346.tar.gz
HTAR: a   DC2_ImSim/Run2.1i/instCat/00201989to00262897/00206347.tar.gz
HTAR: a   DC2_ImSim/Run2.1i/instCat/00201989to00262897/00207366.tar.gz
HTAR: a   DC2_ImSim/Run2.1i/instCat/00201989to00262897/00207368.tar.gz
HTAR: a   DC2_ImSim/Run2.1i/instCat/00201989to00262897/00207372.tar.gz
HTAR: a   DC2_ImSim/Run2.1i/instCat/00201989to00262897/00207773.tar.gz
HTAR: a   DC2_ImSim/Run2.1i/instCat/00201989to00262897/00207774.tar.gz
HTAR: a   DC2_ImSim/Run2.1i/instCat/00201989to00262897/00207775.tar.gz
HTAR: a   DC2_ImSim/Run2.1i/instCat/00201989to00262897/00207781.tar.gz
HTAR: a   DC2_ImSim/Run2.1i/instCat/00201989to00262897/00207782.tar.gz
HTAR: a   DC2_ImSim/Run2.1i/instCat/00201989to00262897/00207783.tar.gz
HTAR: a   DC2_ImSim/Run2.1i/instCat/00201989to00262897/00207784.tar.gz
HTAR: a   DC2_ImSim/Run2.1i/instCat/00201989to00262897/00207789.tar.gz
HTAR: a   DC2_ImSim/Run2.1i/instCat/00201989to00262897/00207790.tar.gz
HTAR: a   DC2_ImSim/Run2.1i/instCat/00201989to00262897/00207791.tar.gz
HTAR: a   DC2_ImSim/Run2.1i/instCat/00201989to00262897/00207792.tar.gz
HTAR: a   DC2_ImSim/Run2.1i/instCat/00201989to00262897/00207793.tar.gz
HTAR: a   DC2_ImSim/Run2.1i/instCat/00201989to00262897/00207794.tar.gz
HTAR: a   DC2_ImSim/Run2.1i/instCat/00201989to00262897/00207795.tar.gz
HTAR: a   DC2_ImSim/Run2.1i/instCat/00201989to00262897/00207796.tar.gz
HTAR: a   DC2_ImSim/Run2.1i/instCat/00201989to00262897/00207797.tar.gz
HTAR: a   DC2_ImSim/Run2.1i/instCat/00201989to00262897/00207798.tar.gz
HTAR: a   DC2_ImSim/Run2.1i/instCat/00201989to00262897/00207799.tar.gz
HTAR: a   DC2_ImSim/Run2.1i/instCat/00201989to00262897/00208601.tar.gz
HTAR: a   DC2_ImSim/Run2.1i/instCat/00201989to00262897/00208602.tar.gz
HTAR: a   DC2_ImSim/Run2.1i/instCat/00201989to00262897/00208604.tar.gz
HTAR: a   DC2_ImSim/Run2.1i/instCat/00201989to00262897/00208635.tar.gz
HTAR: a   DC2_ImSim/Run2.1i/instCat/00201989to00262897/00208636.tar.gz
HTAR: a   DC2_ImSim/Run2.1i/instCat/00201989to00262897/00208637.tar.gz
HTAR: a   DC2_ImSim/Run2.1i/instCat/00201989to00262897/00208638.tar.gz
HTAR: a   DC2_ImSim/Run2.1i/instCat/00201989to00262897/00208639.tar.gz
HTAR: a   DC2_ImSim/Run2.1i/instCat/00201989to00262897/00208641.tar.gz
HTAR: a   DC2_ImSim/Run2.1i/instCat/00201989to00262897/00208685.tar.gz
HTAR: a   DC2_ImSim/Run2.1i/instCat/00201989to00262897/00208686.tar.gz
HTAR: a   DC2_ImSim/Run2.1i/instCat/00201989to00262897/00208721.tar.gz
HTAR: a   DC2_ImSim/Run2.1i/instCat/00201989to00262897/00208722.tar.gz
HTAR: a   DC2_ImSim/Run2.1i/instCat/00201989to00262897/00208723.tar.gz
HTAR: a   DC2_ImSim/Run2.1i/instCat/00201989to00262897/00208724.tar.gz
HTAR: a   DC2_ImSim/Run2.1i/instCat/00201989to00262897/00208725.tar.gz
HTAR: a   DC2_ImSim/Run2.1i/instCat/00201989to00262897/00208726.tar.gz
HTAR: a   DC2_ImSim/Run2.1i/instCat/00201989to00262897/00208727.tar.gz
HTAR: a   DC2_ImSim/Run2.1i/instCat/00201989to00262897/00208729.tar.gz
HTAR: a   DC2_ImSim/Run2.1i/instCat/00201989to00262897/00208730.tar.gz
HTAR: a   DC2_ImSim/Run2.1i/instCat/00201989to00262897/00208731.tar.gz
HTAR: a   DC2_ImSim/Run2.1i/instCat/00201989to00262897/00208732.tar.gz
HTAR: a   DC2_ImSim/Run2.1i/instCat/00201989to00262897/00208738.tar.gz
HTAR: a   /global/cscratch1/sd/desc/tmp/HTAR_CF_CHK_35252_1560465956
HTAR Create complete for /home/projects/desc/DC2_ImSim/Run2.1i/instCat/00201989to00262897/00206032to00208738.tar. 531,439,376,384 bytes written for 119 member files, max threads: 3 Transfer time: 3065.398 seconds (173.367 MB/s) wallclock/user/sys: 3074.079 3398.609 1814.650 seconds
HTAR: HTAR SUCCESSFUL
HTAR: a   DC2_ImSim/Run2.1i/instCat/00201989to00262897/00208739.tar.gz
HTAR: a   DC2_ImSim/Run2.1i/instCat/00201989to00262897/00208762.tar.gz
HTAR: a   DC2_ImSim/Run2.1i/instCat/00201989to00262897/00208763.tar.gz
HTAR: a   DC2_ImSim/Run2.1i/instCat/00201989to00262897/00208764.tar.gz
HTAR: a   DC2_ImSim/Run2.1i/instCat/00201989to00262897/00208765.tar.gz
HTAR: a   DC2_ImSim/Run2.1i/instCat/00201989to00262897/00208766.tar.gz
HTAR: a   DC2_ImSim/Run2.1i/instCat/00201989to00262897/00208768.tar.gz
HTAR: a   DC2_ImSim/Run2.1i/instCat/00201989to00262897/00208769.tar.gz
HTAR: a   DC2_ImSim/Run2.1i/instCat/00201989to00262897/00208770.tar.gz
HTAR: a   DC2_ImSim/Run2.1i/instCat/00201989to00262897/00208782.tar.gz
HTAR: a   DC2_ImSim/Run2.1i/instCat/00201989to00262897/00208783.tar.gz
HTAR: a   DC2_ImSim/Run2.1i/instCat/00201989to00262897/00208793.tar.gz
HTAR: a   DC2_ImSim/Run2.1i/instCat/00201989to00262897/00208794.tar.gz
HTAR: a   DC2_ImSim/Run2.1i/instCat/00201989to00262897/00208795.tar.gz
HTAR: a   DC2_ImSim/Run2.1i/instCat/00201989to00262897/00208799.tar.gz
HTAR: a   DC2_ImSim/Run2.1i/instCat/00201989to00262897/00208815.tar.gz
HTAR: a   DC2_ImSim/Run2.1i/instCat/00201989to00262897/00208816.tar.gz
HTAR: a   DC2_ImSim/Run2.1i/instCat/00201989to00262897/00208817.tar.gz
HTAR: a   DC2_ImSim/Run2.1i/instCat/00201989to00262897/00208818.tar.gz
HTAR: a   DC2_ImSim/Run2.1i/instCat/00201989to00262897/00208819.tar.gz
HTAR: a   DC2_ImSim/Run2.1i/instCat/00201989to00262897/00208851.tar.gz
HTAR: a   DC2_ImSim/Run2.1i/instCat/00201989to00262897/00208852.tar.gz
HTAR: a   DC2_ImSim/Run2.1i/instCat/00201989to00262897/00208858.tar.gz
HTAR: a   DC2_ImSim/Run2.1i/instCat/00201989to00262897/00208895.tar.gz
HTAR: a   DC2_ImSim/Run2.1i/instCat/00201989to00262897/00208898.tar.gz
HTAR: a   DC2_ImSim/Run2.1i/instCat/00201989to00262897/00208943.tar.gz
HTAR: a   DC2_ImSim/Run2.1i/instCat/00201989to00262897/00208944.tar.gz
HTAR: a   DC2_ImSim/Run2.1i/instCat/00201989to00262897/00208972.tar.gz
HTAR: a   DC2_ImSim/Run2.1i/instCat/00201989to00262897/00208973.tar.gz
HTAR: a   DC2_ImSim/Run2.1i/instCat/00201989to00262897/00208974.tar.gz
HTAR: a   DC2_ImSim/Run2.1i/instCat/00201989to00262897/00208999.tar.gz
HTAR: a   DC2_ImSim/Run2.1i/instCat/00201989to00262897/00209004.tar.gz
HTAR: a   DC2_ImSim/Run2.1i/instCat/00201989to00262897/00209005.tar.gz
HTAR: a   DC2_ImSim/Run2.1i/instCat/00201989to00262897/00209006.tar.gz
HTAR: a   DC2_ImSim/Run2.1i/instCat/00201989to00262897/00209007.tar.gz
HTAR: a   DC2_ImSim/Run2.1i/instCat/00201989to00262897/00209008.tar.gz
HTAR: a   DC2_ImSim/Run2.1i/instCat/00201989to00262897/00209009.tar.gz
HTAR: a   DC2_ImSim/Run2.1i/instCat/00201989to00262897/00209010.tar.gz
HTAR: a   DC2_ImSim/Run2.1i/instCat/00201989to00262897/00209011.tar.gz
HTAR: a   DC2_ImSim/Run2.1i/instCat/00201989to00262897/00209012.tar.gz
HTAR: a   DC2_ImSim/Run2.1i/instCat/00201989to00262897/00209013.tar.gz
HTAR: a   DC2_ImSim/Run2.1i/instCat/00201989to00262897/00209014.tar.gz
HTAR: a   DC2_ImSim/Run2.1i/instCat/00201989to00262897/00209015.tar.gz
HTAR: a   DC2_ImSim/Run2.1i/instCat/00201989to00262897/00209016.tar.gz
HTAR: a   DC2_ImSim/Run2.1i/instCat/00201989to00262897/00209017.tar.gz
HTAR: a   DC2_ImSim/Run2.1i/instCat/00201989to00262897/00209018.tar.gz
HTAR: a   DC2_ImSim/Run2.1i/instCat/00201989to00262897/00209019.tar.gz
HTAR: a   DC2_ImSim/Run2.1i/instCat/00201989to00262897/00209020.tar.gz
HTAR: a   DC2_ImSim/Run2.1i/instCat/00201989to00262897/00209021.tar.gz
HTAR: a   DC2_ImSim/Run2.1i/instCat/00201989to00262897/00209030.tar.gz
HTAR: a   DC2_ImSim/Run2.1i/instCat/00201989to00262897/00209031.tar.gz
HTAR: a   DC2_ImSim/Run2.1i/instCat/00201989to00262897/00209032.tar.gz
HTAR: a   DC2_ImSim/Run2.1i/instCat/00201989to00262897/00209033.tar.gz
HTAR: a   DC2_ImSim/Run2.1i/instCat/00201989to00262897/00209034.tar.gz
HTAR: a   DC2_ImSim/Run2.1i/instCat/00201989to00262897/00209035.tar.gz
HTAR: a   DC2_ImSim/Run2.1i/instCat/00201989to00262897/00209037.tar.gz
HTAR: a   DC2_ImSim/Run2.1i/instCat/00201989to00262897/00209038.tar.gz
HTAR: a   DC2_ImSim/Run2.1i/instCat/00201989to00262897/00209039.tar.gz
HTAR: a   DC2_ImSim/Run2.1i/instCat/00201989to00262897/00209057.tar.gz
HTAR: a   DC2_ImSim/Run2.1i/instCat/00201989to00262897/00209058.tar.gz
HTAR: a   DC2_ImSim/Run2.1i/instCat/00201989to00262897/00209059.tar.gz
HTAR: a   DC2_ImSim/Run2.1i/instCat/00201989to00262897/00209060.tar.gz
HTAR: a   DC2_ImSim/Run2.1i/instCat/00201989to00262897/00209061.tar.gz
HTAR: a   DC2_ImSim/Run2.1i/instCat/00201989to00262897/00209062.tar.gz
HTAR: a   DC2_ImSim/Run2.1i/instCat/00201989to00262897/00209063.tar.gz
HTAR: a   DC2_ImSim/Run2.1i/instCat/00201989to00262897/00209064.tar.gz
HTAR: a   DC2_ImSim/Run2.1i/instCat/00201989to00262897/00209065.tar.gz
HTAR: a   DC2_ImSim/Run2.1i/instCat/00201989to00262897/00209066.tar.gz
HTAR: a   DC2_ImSim/Run2.1i/instCat/00201989to00262897/00209067.tar.gz
HTAR: a   DC2_ImSim/Run2.1i/instCat/00201989to00262897/00209068.tar.gz
HTAR: a   DC2_ImSim/Run2.1i/instCat/00201989to00262897/00209069.tar.gz
HTAR: a   DC2_ImSim/Run2.1i/instCat/00201989to00262897/00209079.tar.gz
HTAR: a   DC2_ImSim/Run2.1i/instCat/00201989to00262897/00209080.tar.gz
HTAR: a   DC2_ImSim/Run2.1i/instCat/00201989to00262897/00209081.tar.gz
HTAR: a   DC2_ImSim/Run2.1i/instCat/00201989to00262897/00209082.tar.gz
HTAR: a   DC2_ImSim/Run2.1i/instCat/00201989to00262897/00209083.tar.gz
HTAR: a   DC2_ImSim/Run2.1i/instCat/00201989to00262897/00209084.tar.gz
HTAR: a   DC2_ImSim/Run2.1i/instCat/00201989to00262897/00209085.tar.gz
HTAR: a   DC2_ImSim/Run2.1i/instCat/00201989to00262897/00209086.tar.gz
HTAR: a   DC2_ImSim/Run2.1i/instCat/00201989to00262897/00209087.tar.gz
HTAR: a   DC2_ImSim/Run2.1i/instCat/00201989to00262897/00209091.tar.gz
HTAR: a   DC2_ImSim/Run2.1i/instCat/00201989to00262897/00209770.tar.gz
HTAR: a   DC2_ImSim/Run2.1i/instCat/00201989to00262897/00209812.tar.gz
HTAR: a   DC2_ImSim/Run2.1i/instCat/00201989to00262897/00209815.tar.gz
HTAR: a   DC2_ImSim/Run2.1i/instCat/00201989to00262897/00209816.tar.gz
HTAR: a   DC2_ImSim/Run2.1i/instCat/00201989to00262897/00209817.tar.gz
HTAR: a   DC2_ImSim/Run2.1i/instCat/00201989to00262897/00209818.tar.gz
HTAR: a   DC2_ImSim/Run2.1i/instCat/00201989to00262897/00209819.tar.gz
HTAR: a   DC2_ImSim/Run2.1i/instCat/00201989to00262897/00209820.tar.gz
HTAR: a   DC2_ImSim/Run2.1i/instCat/00201989to00262897/00209822.tar.gz
HTAR: a   DC2_ImSim/Run2.1i/instCat/00201989to00262897/00209823.tar.gz
HTAR: a   DC2_ImSim/Run2.1i/instCat/00201989to00262897/00209824.tar.gz
HTAR: a   DC2_ImSim/Run2.1i/instCat/00201989to00262897/00209825.tar.gz
HTAR: a   DC2_ImSim/Run2.1i/instCat/00201989to00262897/00209826.tar.gz
HTAR: a   DC2_ImSim/Run2.1i/instCat/00201989to00262897/00209827.tar.gz
HTAR: a   DC2_ImSim/Run2.1i/instCat/00201989to00262897/00209828.tar.gz
HTAR: a   DC2_ImSim/Run2.1i/instCat/00201989to00262897/00209829.tar.gz
HTAR: a   DC2_ImSim/Run2.1i/instCat/00201989to00262897/00209841.tar.gz
HTAR: a   DC2_ImSim/Run2.1i/instCat/00201989to00262897/00209843.tar.gz
HTAR: a   DC2_ImSim/Run2.1i/instCat/00201989to00262897/00209846.tar.gz
HTAR: a   DC2_ImSim/Run2.1i/instCat/00201989to00262897/00209847.tar.gz
HTAR: a   DC2_ImSim/Run2.1i/instCat/00201989to00262897/00209848.tar.gz
HTAR: a   DC2_ImSim/Run2.1i/instCat/00201989to00262897/00209849.tar.gz
HTAR: a   DC2_ImSim/Run2.1i/instCat/00201989to00262897/00209850.tar.gz
HTAR: a   DC2_ImSim/Run2.1i/instCat/00201989to00262897/00209852.tar.gz
HTAR: a   DC2_ImSim/Run2.1i/instCat/00201989to00262897/00209853.tar.gz
HTAR: a   DC2_ImSim/Run2.1i/instCat/00201989to00262897/00209854.tar.gz
HTAR: a   DC2_ImSim/Run2.1i/instCat/00201989to00262897/00209855.tar.gz
HTAR: a   DC2_ImSim/Run2.1i/instCat/00201989to00262897/00209856.tar.gz
HTAR: a   DC2_ImSim/Run2.1i/instCat/00201989to00262897/00209857.tar.gz
HTAR: a   DC2_ImSim/Run2.1i/instCat/00201989to00262897/00209858.tar.gz
HTAR: a   DC2_ImSim/Run2.1i/instCat/00201989to00262897/00209859.tar.gz
HTAR: a   DC2_ImSim/Run2.1i/instCat/00201989to00262897/00209882.tar.gz
HTAR: a   DC2_ImSim/Run2.1i/instCat/00201989to00262897/00209887.tar.gz
HTAR: a   DC2_ImSim/Run2.1i/instCat/00201989to00262897/00209890.tar.gz
HTAR: a   DC2_ImSim/Run2.1i/instCat/00201989to00262897/00209891.tar.gz
HTAR: a   DC2_ImSim/Run2.1i/instCat/00201989to00262897/00209892.tar.gz
HTAR: a   DC2_ImSim/Run2.1i/instCat/00201989to00262897/00209893.tar.gz
HTAR: a   DC2_ImSim/Run2.1i/instCat/00201989to00262897/00209894.tar.gz
HTAR: a   /global/cscratch1/sd/desc/tmp/HTAR_CF_CHK_23305_1560469025
HTAR Create complete for /home/projects/desc/DC2_ImSim/Run2.1i/instCat/00201989to00262897/00208739to00209894.tar. 539,758,479,872 bytes written for 119 member files, max threads: 3 Transfer time: 3075.915 seconds (175.479 MB/s) wallclock/user/sys: 3076.368 3274.535 1274.421 seconds
HTAR: HTAR SUCCESSFUL
HTAR: a   DC2_ImSim/Run2.1i/instCat/00201989to00262897/00209895.tar.gz
HTAR: a   DC2_ImSim/Run2.1i/instCat/00201989to00262897/00209896.tar.gz
HTAR: a   DC2_ImSim/Run2.1i/instCat/00201989to00262897/00209897.tar.gz
HTAR: a   DC2_ImSim/Run2.1i/instCat/00201989to00262897/00209905.tar.gz
HTAR: a   DC2_ImSim/Run2.1i/instCat/00201989to00262897/00209907.tar.gz
HTAR: a   DC2_ImSim/Run2.1i/instCat/00201989to00262897/00209912.tar.gz
HTAR: a   DC2_ImSim/Run2.1i/instCat/00201989to00262897/00209913.tar.gz
HTAR: a   DC2_ImSim/Run2.1i/instCat/00201989to00262897/00209914.tar.gz
HTAR: a   DC2_ImSim/Run2.1i/instCat/00201989to00262897/00209940.tar.gz
HTAR: a   DC2_ImSim/Run2.1i/instCat/00201989to00262897/00209943.tar.gz
HTAR: a   DC2_ImSim/Run2.1i/instCat/00201989to00262897/00210473.tar.gz
HTAR: a   DC2_ImSim/Run2.1i/instCat/00201989to00262897/00210474.tar.gz
HTAR: a   DC2_ImSim/Run2.1i/instCat/00201989to00262897/00210475.tar.gz
HTAR: a   DC2_ImSim/Run2.1i/instCat/00201989to00262897/00210476.tar.gz
HTAR: a   DC2_ImSim/Run2.1i/instCat/00201989to00262897/00210477.tar.gz
HTAR: a   DC2_ImSim/Run2.1i/instCat/00201989to00262897/00210523.tar.gz
HTAR: a   DC2_ImSim/Run2.1i/instCat/00201989to00262897/00210524.tar.gz
HTAR: a   DC2_ImSim/Run2.1i/instCat/00201989to00262897/00210525.tar.gz
HTAR: a   DC2_ImSim/Run2.1i/instCat/00201989to00262897/00210526.tar.gz
HTAR: a   DC2_ImSim/Run2.1i/instCat/00201989to00262897/00210527.tar.gz
HTAR: a   DC2_ImSim/Run2.1i/instCat/00201989to00262897/00210528.tar.gz
HTAR: a   DC2_ImSim/Run2.1i/instCat/00201989to00262897/00210586.tar.gz
HTAR: a   DC2_ImSim/Run2.1i/instCat/00201989to00262897/00210587.tar.gz
HTAR: a   DC2_ImSim/Run2.1i/instCat/00201989to00262897/00210684.tar.gz
HTAR: a   DC2_ImSim/Run2.1i/instCat/00201989to00262897/00210697.tar.gz
HTAR: a   DC2_ImSim/Run2.1i/instCat/00201989to00262897/00210734.tar.gz
HTAR: a   DC2_ImSim/Run2.1i/instCat/00201989to00262897/00210735.tar.gz
HTAR: a   DC2_ImSim/Run2.1i/instCat/00201989to00262897/00210736.tar.gz
HTAR: a   DC2_ImSim/Run2.1i/instCat/00201989to00262897/00211087.tar.gz
HTAR: a   DC2_ImSim/Run2.1i/instCat/00201989to00262897/00211088.tar.gz
HTAR: a   DC2_ImSim/Run2.1i/instCat/00201989to00262897/00211089.tar.gz
HTAR: a   DC2_ImSim/Run2.1i/instCat/00201989to00262897/00211090.tar.gz
HTAR: a   DC2_ImSim/Run2.1i/instCat/00201989to00262897/00211091.tar.gz
HTAR: a   DC2_ImSim/Run2.1i/instCat/00201989to00262897/00211092.tar.gz
HTAR: a   DC2_ImSim/Run2.1i/instCat/00201989to00262897/00211096.tar.gz
HTAR: a   DC2_ImSim/Run2.1i/instCat/00201989to00262897/00211097.tar.gz
HTAR: a   DC2_ImSim/Run2.1i/instCat/00201989to00262897/00211098.tar.gz
HTAR: a   DC2_ImSim/Run2.1i/instCat/00201989to00262897/00211099.tar.gz
HTAR: a   DC2_ImSim/Run2.1i/instCat/00201989to00262897/00211100.tar.gz
HTAR: a   DC2_ImSim/Run2.1i/instCat/00201989to00262897/00211101.tar.gz
HTAR: a   DC2_ImSim/Run2.1i/instCat/00201989to00262897/00211102.tar.gz
HTAR: a   DC2_ImSim/Run2.1i/instCat/00201989to00262897/00211103.tar.gz
HTAR: a   DC2_ImSim/Run2.1i/instCat/00201989to00262897/00211127.tar.gz
HTAR: a   DC2_ImSim/Run2.1i/instCat/00201989to00262897/00211129.tar.gz
HTAR: a   DC2_ImSim/Run2.1i/instCat/00201989to00262897/00211130.tar.gz
HTAR: a   DC2_ImSim/Run2.1i/instCat/00201989to00262897/00211131.tar.gz
HTAR: a   DC2_ImSim/Run2.1i/instCat/00201989to00262897/00211132.tar.gz
HTAR: a   DC2_ImSim/Run2.1i/instCat/00201989to00262897/00211133.tar.gz
HTAR: a   DC2_ImSim/Run2.1i/instCat/00201989to00262897/00211134.tar.gz
HTAR: a   DC2_ImSim/Run2.1i/instCat/00201989to00262897/00211135.tar.gz
HTAR: a   DC2_ImSim/Run2.1i/instCat/00201989to00262897/00211139.tar.gz
HTAR: a   DC2_ImSim/Run2.1i/instCat/00201989to00262897/00211140.tar.gz
HTAR: a   DC2_ImSim/Run2.1i/instCat/00201989to00262897/00211141.tar.gz
HTAR: a   DC2_ImSim/Run2.1i/instCat/00201989to00262897/00211142.tar.gz
HTAR: a   DC2_ImSim/Run2.1i/instCat/00201989to00262897/00211143.tar.gz
HTAR: a   DC2_ImSim/Run2.1i/instCat/00201989to00262897/00211144.tar.gz
HTAR: a   DC2_ImSim/Run2.1i/instCat/00201989to00262897/00211145.tar.gz
HTAR: a   DC2_ImSim/Run2.1i/instCat/00201989to00262897/00211146.tar.gz
HTAR: a   DC2_ImSim/Run2.1i/instCat/00201989to00262897/00211147.tar.gz
HTAR: a   DC2_ImSim/Run2.1i/instCat/00201989to00262897/00211148.tar.gz
HTAR: a   DC2_ImSim/Run2.1i/instCat/00201989to00262897/00211149.tar.gz
HTAR: a   DC2_ImSim/Run2.1i/instCat/00201989to00262897/00211152.tar.gz
HTAR: a   DC2_ImSim/Run2.1i/instCat/00201989to00262897/00211153.tar.gz
HTAR: a   DC2_ImSim/Run2.1i/instCat/00201989to00262897/00211155.tar.gz
HTAR: a   DC2_ImSim/Run2.1i/instCat/00201989to00262897/00211179.tar.gz
HTAR: a   DC2_ImSim/Run2.1i/instCat/00201989to00262897/00211180.tar.gz
HTAR: a   DC2_ImSim/Run2.1i/instCat/00201989to00262897/00211182.tar.gz
HTAR: a   DC2_ImSim/Run2.1i/instCat/00201989to00262897/00211195.tar.gz
HTAR: a   DC2_ImSim/Run2.1i/instCat/00201989to00262897/00211196.tar.gz
HTAR: a   DC2_ImSim/Run2.1i/instCat/00201989to00262897/00211197.tar.gz
HTAR: a   DC2_ImSim/Run2.1i/instCat/00201989to00262897/00211198.tar.gz
HTAR: a   DC2_ImSim/Run2.1i/instCat/00201989to00262897/00211199.tar.gz
HTAR: a   DC2_ImSim/Run2.1i/instCat/00201989to00262897/00211200.tar.gz
HTAR: a   DC2_ImSim/Run2.1i/instCat/00201989to00262897/00211201.tar.gz
HTAR: a   DC2_ImSim/Run2.1i/instCat/00201989to00262897/00211226.tar.gz
HTAR: a   DC2_ImSim/Run2.1i/instCat/00201989to00262897/00211227.tar.gz
HTAR: a   DC2_ImSim/Run2.1i/instCat/00201989to00262897/00211228.tar.gz
HTAR: a   DC2_ImSim/Run2.1i/instCat/00201989to00262897/00211229.tar.gz
HTAR: a   DC2_ImSim/Run2.1i/instCat/00201989to00262897/00211230.tar.gz
HTAR: a   DC2_ImSim/Run2.1i/instCat/00201989to00262897/00211241.tar.gz
HTAR: a   DC2_ImSim/Run2.1i/instCat/00201989to00262897/00211242.tar.gz
HTAR: a   DC2_ImSim/Run2.1i/instCat/00201989to00262897/00211245.tar.gz
HTAR: a   DC2_ImSim/Run2.1i/instCat/00201989to00262897/00211262.tar.gz
HTAR: a   DC2_ImSim/Run2.1i/instCat/00201989to00262897/00211270.tar.gz
HTAR: a   DC2_ImSim/Run2.1i/instCat/00201989to00262897/00211273.tar.gz
HTAR: a   DC2_ImSim/Run2.1i/instCat/00201989to00262897/00211301.tar.gz
HTAR: a   DC2_ImSim/Run2.1i/instCat/00201989to00262897/00211302.tar.gz
HTAR: a   DC2_ImSim/Run2.1i/instCat/00201989to00262897/00211303.tar.gz
HTAR: a   DC2_ImSim/Run2.1i/instCat/00201989to00262897/00211304.tar.gz
HTAR: a   DC2_ImSim/Run2.1i/instCat/00201989to00262897/00211305.tar.gz
HTAR: a   DC2_ImSim/Run2.1i/instCat/00201989to00262897/00211306.tar.gz
HTAR: a   DC2_ImSim/Run2.1i/instCat/00201989to00262897/00211307.tar.gz
HTAR: a   DC2_ImSim/Run2.1i/instCat/00201989to00262897/00211319.tar.gz
HTAR: a   DC2_ImSim/Run2.1i/instCat/00201989to00262897/00211320.tar.gz
HTAR: a   DC2_ImSim/Run2.1i/instCat/00201989to00262897/00211321.tar.gz
HTAR: a   DC2_ImSim/Run2.1i/instCat/00201989to00262897/00211336.tar.gz
HTAR: a   DC2_ImSim/Run2.1i/instCat/00201989to00262897/00211341.tar.gz
HTAR: a   DC2_ImSim/Run2.1i/instCat/00201989to00262897/00211342.tar.gz
HTAR: a   DC2_ImSim/Run2.1i/instCat/00201989to00262897/00211343.tar.gz
HTAR: a   DC2_ImSim/Run2.1i/instCat/00201989to00262897/00211344.tar.gz
HTAR: a   DC2_ImSim/Run2.1i/instCat/00201989to00262897/00211345.tar.gz
HTAR: a   DC2_ImSim/Run2.1i/instCat/00201989to00262897/00211346.tar.gz
HTAR: a   DC2_ImSim/Run2.1i/instCat/00201989to00262897/00211356.tar.gz
HTAR: a   DC2_ImSim/Run2.1i/instCat/00201989to00262897/00211357.tar.gz
HTAR: a   DC2_ImSim/Run2.1i/instCat/00201989to00262897/00211393.tar.gz
HTAR: a   DC2_ImSim/Run2.1i/instCat/00201989to00262897/00211394.tar.gz
HTAR: a   DC2_ImSim/Run2.1i/instCat/00201989to00262897/00211395.tar.gz
HTAR: a   DC2_ImSim/Run2.1i/instCat/00201989to00262897/00211396.tar.gz
HTAR: a   DC2_ImSim/Run2.1i/instCat/00201989to00262897/00211397.tar.gz
HTAR: a   DC2_ImSim/Run2.1i/instCat/00201989to00262897/00211408.tar.gz
HTAR: a   DC2_ImSim/Run2.1i/instCat/00201989to00262897/00211409.tar.gz
HTAR: a   DC2_ImSim/Run2.1i/instCat/00201989to00262897/00211427.tar.gz
HTAR: a   DC2_ImSim/Run2.1i/instCat/00201989to00262897/00211428.tar.gz
HTAR: a   DC2_ImSim/Run2.1i/instCat/00201989to00262897/00211429.tar.gz
HTAR: a   DC2_ImSim/Run2.1i/instCat/00201989to00262897/00211431.tar.gz
HTAR: a   DC2_ImSim/Run2.1i/instCat/00201989to00262897/00211434.tar.gz
HTAR: a   DC2_ImSim/Run2.1i/instCat/00201989to00262897/00211451.tar.gz
HTAR: a   DC2_ImSim/Run2.1i/instCat/00201989to00262897/00211457.tar.gz
HTAR: a   DC2_ImSim/Run2.1i/instCat/00201989to00262897/00211471.tar.gz
HTAR: a   /global/cscratch1/sd/desc/tmp/HTAR_CF_CHK_26985_1560472104
HTAR Create complete for /home/projects/desc/DC2_ImSim/Run2.1i/instCat/00201989to00262897/00209895to00211471.tar. 530,693,310,976 bytes written for 119 member files, max threads: 3 Transfer time: 2941.796 seconds (180.398 MB/s) wallclock/user/sys: 2942.264 3264.746 1711.678 seconds
HTAR: HTAR SUCCESSFUL
HTAR: a   DC2_ImSim/Run2.1i/instCat/00201989to00262897/00211472.tar.gz
HTAR: a   DC2_ImSim/Run2.1i/instCat/00201989to00262897/00211473.tar.gz
HTAR: a   DC2_ImSim/Run2.1i/instCat/00201989to00262897/00211474.tar.gz
HTAR: a   DC2_ImSim/Run2.1i/instCat/00201989to00262897/00211476.tar.gz
HTAR: a   DC2_ImSim/Run2.1i/instCat/00201989to00262897/00211477.tar.gz
HTAR: a   DC2_ImSim/Run2.1i/instCat/00201989to00262897/00211478.tar.gz
HTAR: a   DC2_ImSim/Run2.1i/instCat/00201989to00262897/00211479.tar.gz
HTAR: a   DC2_ImSim/Run2.1i/instCat/00201989to00262897/00211481.tar.gz
HTAR: a   DC2_ImSim/Run2.1i/instCat/00201989to00262897/00211482.tar.gz
HTAR: a   DC2_ImSim/Run2.1i/instCat/00201989to00262897/00211483.tar.gz
HTAR: a   DC2_ImSim/Run2.1i/instCat/00201989to00262897/00211484.tar.gz
HTAR: a   DC2_ImSim/Run2.1i/instCat/00201989to00262897/00211485.tar.gz
HTAR: a   DC2_ImSim/Run2.1i/instCat/00201989to00262897/00211486.tar.gz
HTAR: a   DC2_ImSim/Run2.1i/instCat/00201989to00262897/00211487.tar.gz
HTAR: a   DC2_ImSim/Run2.1i/instCat/00201989to00262897/00211488.tar.gz
HTAR: a   DC2_ImSim/Run2.1i/instCat/00201989to00262897/00211489.tar.gz
HTAR: a   DC2_ImSim/Run2.1i/instCat/00201989to00262897/00211490.tar.gz
HTAR: a   DC2_ImSim/Run2.1i/instCat/00201989to00262897/00211509.tar.gz
HTAR: a   DC2_ImSim/Run2.1i/instCat/00201989to00262897/00211522.tar.gz
HTAR: a   DC2_ImSim/Run2.1i/instCat/00201989to00262897/00211523.tar.gz
HTAR: a   DC2_ImSim/Run2.1i/instCat/00201989to00262897/00211524.tar.gz
HTAR: a   DC2_ImSim/Run2.1i/instCat/00201989to00262897/00211526.tar.gz
HTAR: a   DC2_ImSim/Run2.1i/instCat/00201989to00262897/00211527.tar.gz
HTAR: a   DC2_ImSim/Run2.1i/instCat/00201989to00262897/00211528.tar.gz
HTAR: a   DC2_ImSim/Run2.1i/instCat/00201989to00262897/00211529.tar.gz
HTAR: a   DC2_ImSim/Run2.1i/instCat/00201989to00262897/00211530.tar.gz
HTAR: a   DC2_ImSim/Run2.1i/instCat/00201989to00262897/00211531.tar.gz
HTAR: a   DC2_ImSim/Run2.1i/instCat/00201989to00262897/00211532.tar.gz
HTAR: a   DC2_ImSim/Run2.1i/instCat/00201989to00262897/00211533.tar.gz
HTAR: a   DC2_ImSim/Run2.1i/instCat/00201989to00262897/00211534.tar.gz
HTAR: a   DC2_ImSim/Run2.1i/instCat/00201989to00262897/00211535.tar.gz
HTAR: a   DC2_ImSim/Run2.1i/instCat/00201989to00262897/00211536.tar.gz
HTAR: a   DC2_ImSim/Run2.1i/instCat/00201989to00262897/00211537.tar.gz
HTAR: a   DC2_ImSim/Run2.1i/instCat/00201989to00262897/00211538.tar.gz
HTAR: a   DC2_ImSim/Run2.1i/instCat/00201989to00262897/00211539.tar.gz
HTAR: a   DC2_ImSim/Run2.1i/instCat/00201989to00262897/00211540.tar.gz
HTAR: a   DC2_ImSim/Run2.1i/instCat/00201989to00262897/00211541.tar.gz
HTAR: a   DC2_ImSim/Run2.1i/instCat/00201989to00262897/00211542.tar.gz
HTAR: a   DC2_ImSim/Run2.1i/instCat/00201989to00262897/00211543.tar.gz
HTAR: a   DC2_ImSim/Run2.1i/instCat/00201989to00262897/00211544.tar.gz
HTAR: a   DC2_ImSim/Run2.1i/instCat/00201989to00262897/00211545.tar.gz
HTAR: a   DC2_ImSim/Run2.1i/instCat/00201989to00262897/00211546.tar.gz
HTAR: a   DC2_ImSim/Run2.1i/instCat/00201989to00262897/00211548.tar.gz
HTAR: a   DC2_ImSim/Run2.1i/instCat/00201989to00262897/00211549.tar.gz
HTAR: a   DC2_ImSim/Run2.1i/instCat/00201989to00262897/00211550.tar.gz
HTAR: a   DC2_ImSim/Run2.1i/instCat/00201989to00262897/00211551.tar.gz
HTAR: a   DC2_ImSim/Run2.1i/instCat/00201989to00262897/00211552.tar.gz
HTAR: a   DC2_ImSim/Run2.1i/instCat/00201989to00262897/00211553.tar.gz
HTAR: a   DC2_ImSim/Run2.1i/instCat/00201989to00262897/00211554.tar.gz
HTAR: a   DC2_ImSim/Run2.1i/instCat/00201989to00262897/00211555.tar.gz
HTAR: a   DC2_ImSim/Run2.1i/instCat/00201989to00262897/00211556.tar.gz
HTAR: a   DC2_ImSim/Run2.1i/instCat/00201989to00262897/00211557.tar.gz
HTAR: a   DC2_ImSim/Run2.1i/instCat/00201989to00262897/00211558.tar.gz
HTAR: a   DC2_ImSim/Run2.1i/instCat/00201989to00262897/00211559.tar.gz
HTAR: a   DC2_ImSim/Run2.1i/instCat/00201989to00262897/00211560.tar.gz
HTAR: a   DC2_ImSim/Run2.1i/instCat/00201989to00262897/00212046.tar.gz
HTAR: a   DC2_ImSim/Run2.1i/instCat/00201989to00262897/00212047.tar.gz
HTAR: a   DC2_ImSim/Run2.1i/instCat/00201989to00262897/00212048.tar.gz
HTAR: a   DC2_ImSim/Run2.1i/instCat/00201989to00262897/00212056.tar.gz
HTAR: a   DC2_ImSim/Run2.1i/instCat/00201989to00262897/00212069.tar.gz
HTAR: a   DC2_ImSim/Run2.1i/instCat/00201989to00262897/00212070.tar.gz
HTAR: a   DC2_ImSim/Run2.1i/instCat/00201989to00262897/00212071.tar.gz
HTAR: a   DC2_ImSim/Run2.1i/instCat/00201989to00262897/00212072.tar.gz
HTAR: a   DC2_ImSim/Run2.1i/instCat/00201989to00262897/00212073.tar.gz
HTAR: a   DC2_ImSim/Run2.1i/instCat/00201989to00262897/00212074.tar.gz
HTAR: a   DC2_ImSim/Run2.1i/instCat/00201989to00262897/00212075.tar.gz
HTAR: a   DC2_ImSim/Run2.1i/instCat/00201989to00262897/00212076.tar.gz
HTAR: a   DC2_ImSim/Run2.1i/instCat/00201989to00262897/00212077.tar.gz
HTAR: a   DC2_ImSim/Run2.1i/instCat/00201989to00262897/00212084.tar.gz
HTAR: a   DC2_ImSim/Run2.1i/instCat/00201989to00262897/00212085.tar.gz
HTAR: a   DC2_ImSim/Run2.1i/instCat/00201989to00262897/00212086.tar.gz
HTAR: a   DC2_ImSim/Run2.1i/instCat/00201989to00262897/00212116.tar.gz
HTAR: a   DC2_ImSim/Run2.1i/instCat/00201989to00262897/00212117.tar.gz
HTAR: a   DC2_ImSim/Run2.1i/instCat/00201989to00262897/00212118.tar.gz
HTAR: a   DC2_ImSim/Run2.1i/instCat/00201989to00262897/00212119.tar.gz
HTAR: a   DC2_ImSim/Run2.1i/instCat/00201989to00262897/00212120.tar.gz
HTAR: a   DC2_ImSim/Run2.1i/instCat/00201989to00262897/00212125.tar.gz
HTAR: a   DC2_ImSim/Run2.1i/instCat/00201989to00262897/00212126.tar.gz
HTAR: a   DC2_ImSim/Run2.1i/instCat/00201989to00262897/00212127.tar.gz
HTAR: a   DC2_ImSim/Run2.1i/instCat/00201989to00262897/00212182.tar.gz
HTAR: a   DC2_ImSim/Run2.1i/instCat/00201989to00262897/00212184.tar.gz
HTAR: a   DC2_ImSim/Run2.1i/instCat/00201989to00262897/00212185.tar.gz
HTAR: a   DC2_ImSim/Run2.1i/instCat/00201989to00262897/00212186.tar.gz
HTAR: a   DC2_ImSim/Run2.1i/instCat/00201989to00262897/00212215.tar.gz
HTAR: a   DC2_ImSim/Run2.1i/instCat/00201989to00262897/00212216.tar.gz
HTAR: a   DC2_ImSim/Run2.1i/instCat/00201989to00262897/00212226.tar.gz
HTAR: a   DC2_ImSim/Run2.1i/instCat/00201989to00262897/00212228.tar.gz
HTAR: a   DC2_ImSim/Run2.1i/instCat/00201989to00262897/00212238.tar.gz
HTAR: a   DC2_ImSim/Run2.1i/instCat/00201989to00262897/00212242.tar.gz
HTAR: a   DC2_ImSim/Run2.1i/instCat/00201989to00262897/00212243.tar.gz
HTAR: a   DC2_ImSim/Run2.1i/instCat/00201989to00262897/00212251.tar.gz
HTAR: a   DC2_ImSim/Run2.1i/instCat/00201989to00262897/00212253.tar.gz
HTAR: a   DC2_ImSim/Run2.1i/instCat/00201989to00262897/00212254.tar.gz
HTAR: a   DC2_ImSim/Run2.1i/instCat/00201989to00262897/00212255.tar.gz
HTAR: a   DC2_ImSim/Run2.1i/instCat/00201989to00262897/00212699.tar.gz
HTAR: a   DC2_ImSim/Run2.1i/instCat/00201989to00262897/00212700.tar.gz
HTAR: a   DC2_ImSim/Run2.1i/instCat/00201989to00262897/00212701.tar.gz
HTAR: a   DC2_ImSim/Run2.1i/instCat/00201989to00262897/00212703.tar.gz
HTAR: a   DC2_ImSim/Run2.1i/instCat/00201989to00262897/00212704.tar.gz
HTAR: a   DC2_ImSim/Run2.1i/instCat/00201989to00262897/00212705.tar.gz
HTAR: a   DC2_ImSim/Run2.1i/instCat/00201989to00262897/00212706.tar.gz
HTAR: a   DC2_ImSim/Run2.1i/instCat/00201989to00262897/00212708.tar.gz
HTAR: a   DC2_ImSim/Run2.1i/instCat/00201989to00262897/00212709.tar.gz
HTAR: a   DC2_ImSim/Run2.1i/instCat/00201989to00262897/00212710.tar.gz
HTAR: a   DC2_ImSim/Run2.1i/instCat/00201989to00262897/00212711.tar.gz
HTAR: a   DC2_ImSim/Run2.1i/instCat/00201989to00262897/00212737.tar.gz
HTAR: a   DC2_ImSim/Run2.1i/instCat/00201989to00262897/00212738.tar.gz
HTAR: a   DC2_ImSim/Run2.1i/instCat/00201989to00262897/00212739.tar.gz
HTAR: a   DC2_ImSim/Run2.1i/instCat/00201989to00262897/00212740.tar.gz
HTAR: a   DC2_ImSim/Run2.1i/instCat/00201989to00262897/00212741.tar.gz
HTAR: a   DC2_ImSim/Run2.1i/instCat/00201989to00262897/00212744.tar.gz
HTAR: a   DC2_ImSim/Run2.1i/instCat/00201989to00262897/00212745.tar.gz
HTAR: a   DC2_ImSim/Run2.1i/instCat/00201989to00262897/00212746.tar.gz
HTAR: a   DC2_ImSim/Run2.1i/instCat/00201989to00262897/00212747.tar.gz
HTAR: a   DC2_ImSim/Run2.1i/instCat/00201989to00262897/00212804.tar.gz
HTAR: a   DC2_ImSim/Run2.1i/instCat/00201989to00262897/00212805.tar.gz
HTAR: a   DC2_ImSim/Run2.1i/instCat/00201989to00262897/00212806.tar.gz
HTAR: a   DC2_ImSim/Run2.1i/instCat/00201989to00262897/00212807.tar.gz
HTAR: a   DC2_ImSim/Run2.1i/instCat/00201989to00262897/00212842.tar.gz
HTAR: a   /global/cscratch1/sd/desc/tmp/HTAR_CF_CHK_49401_1560475052
HTAR Create complete for /home/projects/desc/DC2_ImSim/Run2.1i/instCat/00201989to00262897/00211472to00212842.tar. 542,568,414,720 bytes written for 119 member files, max threads: 3 Transfer time: 3144.703 seconds (172.534 MB/s) wallclock/user/sys: 3147.808 3498.563 1831.484 seconds
HTAR: HTAR SUCCESSFUL
