HTAR: a   DC2_ImSim/Run2.1i/instCat/01181839to01235518/01200053.tar.gz
HTAR: a   DC2_ImSim/Run2.1i/instCat/01181839to01235518/01200093.tar.gz
HTAR: a   DC2_ImSim/Run2.1i/instCat/01181839to01235518/01200094.tar.gz
HTAR: a   DC2_ImSim/Run2.1i/instCat/01181839to01235518/01200095.tar.gz
HTAR: a   DC2_ImSim/Run2.1i/instCat/01181839to01235518/01200120.tar.gz
HTAR: a   DC2_ImSim/Run2.1i/instCat/01181839to01235518/01200121.tar.gz
HTAR: a   DC2_ImSim/Run2.1i/instCat/01181839to01235518/01200125.tar.gz
HTAR: a   DC2_ImSim/Run2.1i/instCat/01181839to01235518/01200126.tar.gz
HTAR: a   DC2_ImSim/Run2.1i/instCat/01181839to01235518/01200150.tar.gz
HTAR: a   DC2_ImSim/Run2.1i/instCat/01181839to01235518/01200151.tar.gz
HTAR: a   DC2_ImSim/Run2.1i/instCat/01181839to01235518/01200152.tar.gz
HTAR: a   DC2_ImSim/Run2.1i/instCat/01181839to01235518/01200153.tar.gz
HTAR: a   DC2_ImSim/Run2.1i/instCat/01181839to01235518/01200154.tar.gz
HTAR: a   DC2_ImSim/Run2.1i/instCat/01181839to01235518/01200184.tar.gz
HTAR: a   DC2_ImSim/Run2.1i/instCat/01181839to01235518/01200185.tar.gz
HTAR: a   DC2_ImSim/Run2.1i/instCat/01181839to01235518/01200186.tar.gz
HTAR: a   DC2_ImSim/Run2.1i/instCat/01181839to01235518/01200264.tar.gz
HTAR: a   DC2_ImSim/Run2.1i/instCat/01181839to01235518/01200312.tar.gz
HTAR: a   DC2_ImSim/Run2.1i/instCat/01181839to01235518/01200315.tar.gz
HTAR: a   DC2_ImSim/Run2.1i/instCat/01181839to01235518/01200316.tar.gz
HTAR: a   DC2_ImSim/Run2.1i/instCat/01181839to01235518/01200345.tar.gz
HTAR: a   DC2_ImSim/Run2.1i/instCat/01181839to01235518/01200346.tar.gz
HTAR: a   DC2_ImSim/Run2.1i/instCat/01181839to01235518/01200359.tar.gz
HTAR: a   DC2_ImSim/Run2.1i/instCat/01181839to01235518/01200361.tar.gz
HTAR: a   DC2_ImSim/Run2.1i/instCat/01181839to01235518/01200362.tar.gz
HTAR: a   DC2_ImSim/Run2.1i/instCat/01181839to01235518/01200405.tar.gz
HTAR: a   DC2_ImSim/Run2.1i/instCat/01181839to01235518/01200406.tar.gz
HTAR: a   DC2_ImSim/Run2.1i/instCat/01181839to01235518/01200407.tar.gz
HTAR: a   DC2_ImSim/Run2.1i/instCat/01181839to01235518/01200838.tar.gz
HTAR: a   DC2_ImSim/Run2.1i/instCat/01181839to01235518/01200839.tar.gz
HTAR: a   DC2_ImSim/Run2.1i/instCat/01181839to01235518/01200841.tar.gz
HTAR: a   DC2_ImSim/Run2.1i/instCat/01181839to01235518/01200842.tar.gz
HTAR: a   DC2_ImSim/Run2.1i/instCat/01181839to01235518/01200843.tar.gz
HTAR: a   DC2_ImSim/Run2.1i/instCat/01181839to01235518/01200844.tar.gz
HTAR: a   DC2_ImSim/Run2.1i/instCat/01181839to01235518/01200845.tar.gz
HTAR: a   DC2_ImSim/Run2.1i/instCat/01181839to01235518/01200846.tar.gz
HTAR: a   DC2_ImSim/Run2.1i/instCat/01181839to01235518/01200847.tar.gz
HTAR: a   DC2_ImSim/Run2.1i/instCat/01181839to01235518/01200848.tar.gz
HTAR: a   DC2_ImSim/Run2.1i/instCat/01181839to01235518/01200849.tar.gz
HTAR: a   DC2_ImSim/Run2.1i/instCat/01181839to01235518/01200850.tar.gz
HTAR: a   DC2_ImSim/Run2.1i/instCat/01181839to01235518/01200858.tar.gz
HTAR: a   DC2_ImSim/Run2.1i/instCat/01181839to01235518/01200859.tar.gz
HTAR: a   DC2_ImSim/Run2.1i/instCat/01181839to01235518/01200860.tar.gz
HTAR: a   DC2_ImSim/Run2.1i/instCat/01181839to01235518/01200861.tar.gz
HTAR: a   DC2_ImSim/Run2.1i/instCat/01181839to01235518/01200862.tar.gz
HTAR: a   DC2_ImSim/Run2.1i/instCat/01181839to01235518/01200879.tar.gz
HTAR: a   DC2_ImSim/Run2.1i/instCat/01181839to01235518/01200880.tar.gz
HTAR: a   DC2_ImSim/Run2.1i/instCat/01181839to01235518/01200881.tar.gz
HTAR: a   DC2_ImSim/Run2.1i/instCat/01181839to01235518/01200883.tar.gz
HTAR: a   DC2_ImSim/Run2.1i/instCat/01181839to01235518/01200884.tar.gz
HTAR: a   DC2_ImSim/Run2.1i/instCat/01181839to01235518/01200885.tar.gz
HTAR: a   DC2_ImSim/Run2.1i/instCat/01181839to01235518/01200886.tar.gz
HTAR: a   DC2_ImSim/Run2.1i/instCat/01181839to01235518/01200887.tar.gz
HTAR: a   DC2_ImSim/Run2.1i/instCat/01181839to01235518/01200898.tar.gz
HTAR: a   DC2_ImSim/Run2.1i/instCat/01181839to01235518/01200899.tar.gz
HTAR: a   DC2_ImSim/Run2.1i/instCat/01181839to01235518/01201778.tar.gz
HTAR: a   DC2_ImSim/Run2.1i/instCat/01181839to01235518/01202853.tar.gz
HTAR: a   DC2_ImSim/Run2.1i/instCat/01181839to01235518/01202888.tar.gz
HTAR: a   DC2_ImSim/Run2.1i/instCat/01181839to01235518/01202889.tar.gz
HTAR: a   DC2_ImSim/Run2.1i/instCat/01181839to01235518/01202924.tar.gz
HTAR: a   DC2_ImSim/Run2.1i/instCat/01181839to01235518/01202925.tar.gz
HTAR: a   DC2_ImSim/Run2.1i/instCat/01181839to01235518/01202926.tar.gz
HTAR: a   DC2_ImSim/Run2.1i/instCat/01181839to01235518/01202927.tar.gz
HTAR: a   DC2_ImSim/Run2.1i/instCat/01181839to01235518/01202928.tar.gz
HTAR: a   DC2_ImSim/Run2.1i/instCat/01181839to01235518/01202929.tar.gz
HTAR: a   DC2_ImSim/Run2.1i/instCat/01181839to01235518/01202930.tar.gz
HTAR: a   DC2_ImSim/Run2.1i/instCat/01181839to01235518/01202931.tar.gz
HTAR: a   DC2_ImSim/Run2.1i/instCat/01181839to01235518/01203387.tar.gz
HTAR: a   DC2_ImSim/Run2.1i/instCat/01181839to01235518/01203388.tar.gz
HTAR: a   DC2_ImSim/Run2.1i/instCat/01181839to01235518/01203389.tar.gz
HTAR: a   DC2_ImSim/Run2.1i/instCat/01181839to01235518/01203390.tar.gz
HTAR: a   DC2_ImSim/Run2.1i/instCat/01181839to01235518/01203391.tar.gz
HTAR: a   DC2_ImSim/Run2.1i/instCat/01181839to01235518/01203392.tar.gz
HTAR: a   DC2_ImSim/Run2.1i/instCat/01181839to01235518/01203393.tar.gz
HTAR: a   DC2_ImSim/Run2.1i/instCat/01181839to01235518/01203416.tar.gz
HTAR: a   DC2_ImSim/Run2.1i/instCat/01181839to01235518/01203418.tar.gz
HTAR: a   DC2_ImSim/Run2.1i/instCat/01181839to01235518/01203419.tar.gz
HTAR: a   DC2_ImSim/Run2.1i/instCat/01181839to01235518/01203420.tar.gz
HTAR: a   DC2_ImSim/Run2.1i/instCat/01181839to01235518/01203421.tar.gz
HTAR: a   DC2_ImSim/Run2.1i/instCat/01181839to01235518/01203422.tar.gz
HTAR: a   DC2_ImSim/Run2.1i/instCat/01181839to01235518/01203423.tar.gz
HTAR: a   DC2_ImSim/Run2.1i/instCat/01181839to01235518/01204534.tar.gz
HTAR: a   DC2_ImSim/Run2.1i/instCat/01181839to01235518/01204572.tar.gz
HTAR: a   DC2_ImSim/Run2.1i/instCat/01181839to01235518/01204574.tar.gz
HTAR: a   DC2_ImSim/Run2.1i/instCat/01181839to01235518/01204950.tar.gz
HTAR: a   DC2_ImSim/Run2.1i/instCat/01181839to01235518/01204957.tar.gz
HTAR: a   DC2_ImSim/Run2.1i/instCat/01181839to01235518/01204958.tar.gz
HTAR: a   DC2_ImSim/Run2.1i/instCat/01181839to01235518/01204984.tar.gz
HTAR: a   DC2_ImSim/Run2.1i/instCat/01181839to01235518/01204985.tar.gz
HTAR: a   DC2_ImSim/Run2.1i/instCat/01181839to01235518/01204986.tar.gz
HTAR: a   DC2_ImSim/Run2.1i/instCat/01181839to01235518/01204987.tar.gz
HTAR: a   DC2_ImSim/Run2.1i/instCat/01181839to01235518/01204988.tar.gz
HTAR: a   DC2_ImSim/Run2.1i/instCat/01181839to01235518/01204989.tar.gz
HTAR: a   DC2_ImSim/Run2.1i/instCat/01181839to01235518/01205011.tar.gz
HTAR: a   DC2_ImSim/Run2.1i/instCat/01181839to01235518/01205012.tar.gz
HTAR: a   DC2_ImSim/Run2.1i/instCat/01181839to01235518/01205013.tar.gz
HTAR: a   DC2_ImSim/Run2.1i/instCat/01181839to01235518/01205014.tar.gz
HTAR: a   DC2_ImSim/Run2.1i/instCat/01181839to01235518/01205015.tar.gz
HTAR: a   DC2_ImSim/Run2.1i/instCat/01181839to01235518/01205016.tar.gz
HTAR: a   DC2_ImSim/Run2.1i/instCat/01181839to01235518/01205018.tar.gz
HTAR: a   DC2_ImSim/Run2.1i/instCat/01181839to01235518/01205032.tar.gz
HTAR: a   DC2_ImSim/Run2.1i/instCat/01181839to01235518/01205374.tar.gz
HTAR: a   DC2_ImSim/Run2.1i/instCat/01181839to01235518/01205378.tar.gz
HTAR: a   DC2_ImSim/Run2.1i/instCat/01181839to01235518/01205422.tar.gz
HTAR: a   DC2_ImSim/Run2.1i/instCat/01181839to01235518/01205426.tar.gz
HTAR: a   DC2_ImSim/Run2.1i/instCat/01181839to01235518/01205928.tar.gz
HTAR: a   DC2_ImSim/Run2.1i/instCat/01181839to01235518/01205965.tar.gz
HTAR: a   DC2_ImSim/Run2.1i/instCat/01181839to01235518/01205980.tar.gz
HTAR: a   DC2_ImSim/Run2.1i/instCat/01181839to01235518/01205981.tar.gz
HTAR: a   DC2_ImSim/Run2.1i/instCat/01181839to01235518/01206029.tar.gz
HTAR: a   DC2_ImSim/Run2.1i/instCat/01181839to01235518/01206077.tar.gz
HTAR: a   DC2_ImSim/Run2.1i/instCat/01181839to01235518/01206079.tar.gz
HTAR: a   /tmp/HTAR_CF_CHK_29698_1561578826
HTAR Create complete for /home/projects/desc/DC2_ImSim/Run2.1i/instCat/01181839to01235518/01200053to01206079.tar. 491,521,201,664 bytes written for 112 member files, max threads: 2 Transfer time: 2631.707 seconds (186.769 MB/s) wallclock/user/sys: 2633.044 3109.489 1353.749 seconds
HTAR: HTAR SUCCESSFUL
HTAR: a   DC2_ImSim/Run2.1i/instCat/01181839to01235518/01206080.tar.gz
HTAR: a   DC2_ImSim/Run2.1i/instCat/01181839to01235518/01206081.tar.gz
HTAR: a   DC2_ImSim/Run2.1i/instCat/01181839to01235518/01206082.tar.gz
HTAR: a   DC2_ImSim/Run2.1i/instCat/01181839to01235518/01206083.tar.gz
HTAR: a   DC2_ImSim/Run2.1i/instCat/01181839to01235518/01206084.tar.gz
HTAR: a   DC2_ImSim/Run2.1i/instCat/01181839to01235518/01206085.tar.gz
HTAR: a   DC2_ImSim/Run2.1i/instCat/01181839to01235518/01206086.tar.gz
HTAR: a   DC2_ImSim/Run2.1i/instCat/01181839to01235518/01206087.tar.gz
HTAR: a   DC2_ImSim/Run2.1i/instCat/01181839to01235518/01206088.tar.gz
HTAR: a   DC2_ImSim/Run2.1i/instCat/01181839to01235518/01206125.tar.gz
HTAR: a   DC2_ImSim/Run2.1i/instCat/01181839to01235518/01206128.tar.gz
HTAR: a   DC2_ImSim/Run2.1i/instCat/01181839to01235518/01206129.tar.gz
HTAR: a   DC2_ImSim/Run2.1i/instCat/01181839to01235518/01206130.tar.gz
HTAR: a   DC2_ImSim/Run2.1i/instCat/01181839to01235518/01206131.tar.gz
HTAR: a   DC2_ImSim/Run2.1i/instCat/01181839to01235518/01206132.tar.gz
HTAR: a   DC2_ImSim/Run2.1i/instCat/01181839to01235518/01206133.tar.gz
HTAR: a   DC2_ImSim/Run2.1i/instCat/01181839to01235518/01206134.tar.gz
HTAR: a   DC2_ImSim/Run2.1i/instCat/01181839to01235518/01206135.tar.gz
HTAR: a   DC2_ImSim/Run2.1i/instCat/01181839to01235518/01206136.tar.gz
HTAR: a   DC2_ImSim/Run2.1i/instCat/01181839to01235518/01206139.tar.gz
HTAR: a   DC2_ImSim/Run2.1i/instCat/01181839to01235518/01206140.tar.gz
HTAR: a   DC2_ImSim/Run2.1i/instCat/01181839to01235518/01206173.tar.gz
HTAR: a   DC2_ImSim/Run2.1i/instCat/01181839to01235518/01206174.tar.gz
HTAR: a   DC2_ImSim/Run2.1i/instCat/01181839to01235518/01206429.tar.gz
HTAR: a   DC2_ImSim/Run2.1i/instCat/01181839to01235518/01206430.tar.gz
HTAR: a   DC2_ImSim/Run2.1i/instCat/01181839to01235518/01206431.tar.gz
HTAR: a   DC2_ImSim/Run2.1i/instCat/01181839to01235518/01206432.tar.gz
HTAR: a   DC2_ImSim/Run2.1i/instCat/01181839to01235518/01206433.tar.gz
HTAR: a   DC2_ImSim/Run2.1i/instCat/01181839to01235518/01206434.tar.gz
HTAR: a   DC2_ImSim/Run2.1i/instCat/01181839to01235518/01206435.tar.gz
HTAR: a   DC2_ImSim/Run2.1i/instCat/01181839to01235518/01206436.tar.gz
HTAR: a   DC2_ImSim/Run2.1i/instCat/01181839to01235518/01206437.tar.gz
HTAR: a   DC2_ImSim/Run2.1i/instCat/01181839to01235518/01206467.tar.gz
HTAR: a   DC2_ImSim/Run2.1i/instCat/01181839to01235518/01206468.tar.gz
HTAR: a   DC2_ImSim/Run2.1i/instCat/01181839to01235518/01206469.tar.gz
HTAR: a   DC2_ImSim/Run2.1i/instCat/01181839to01235518/01206470.tar.gz
HTAR: a   DC2_ImSim/Run2.1i/instCat/01181839to01235518/01206471.tar.gz
HTAR: a   DC2_ImSim/Run2.1i/instCat/01181839to01235518/01206472.tar.gz
HTAR: a   DC2_ImSim/Run2.1i/instCat/01181839to01235518/01206474.tar.gz
HTAR: a   DC2_ImSim/Run2.1i/instCat/01181839to01235518/01206478.tar.gz
HTAR: a   DC2_ImSim/Run2.1i/instCat/01181839to01235518/01206479.tar.gz
HTAR: a   DC2_ImSim/Run2.1i/instCat/01181839to01235518/01206480.tar.gz
HTAR: a   DC2_ImSim/Run2.1i/instCat/01181839to01235518/01206481.tar.gz
HTAR: a   DC2_ImSim/Run2.1i/instCat/01181839to01235518/01206482.tar.gz
HTAR: a   DC2_ImSim/Run2.1i/instCat/01181839to01235518/01206483.tar.gz
HTAR: a   DC2_ImSim/Run2.1i/instCat/01181839to01235518/01206484.tar.gz
HTAR: a   DC2_ImSim/Run2.1i/instCat/01181839to01235518/01206507.tar.gz
HTAR: a   DC2_ImSim/Run2.1i/instCat/01181839to01235518/01206508.tar.gz
HTAR: a   DC2_ImSim/Run2.1i/instCat/01181839to01235518/01206509.tar.gz
HTAR: a   DC2_ImSim/Run2.1i/instCat/01181839to01235518/01206510.tar.gz
HTAR: a   DC2_ImSim/Run2.1i/instCat/01181839to01235518/01206511.tar.gz
HTAR: a   DC2_ImSim/Run2.1i/instCat/01181839to01235518/01206512.tar.gz
HTAR: a   DC2_ImSim/Run2.1i/instCat/01181839to01235518/01206513.tar.gz
HTAR: a   DC2_ImSim/Run2.1i/instCat/01181839to01235518/01206515.tar.gz
HTAR: a   DC2_ImSim/Run2.1i/instCat/01181839to01235518/01206516.tar.gz
HTAR: a   DC2_ImSim/Run2.1i/instCat/01181839to01235518/01206517.tar.gz
HTAR: a   DC2_ImSim/Run2.1i/instCat/01181839to01235518/01206545.tar.gz
HTAR: a   DC2_ImSim/Run2.1i/instCat/01181839to01235518/01206546.tar.gz
HTAR: a   DC2_ImSim/Run2.1i/instCat/01181839to01235518/01206547.tar.gz
HTAR: a   DC2_ImSim/Run2.1i/instCat/01181839to01235518/01206548.tar.gz
HTAR: a   DC2_ImSim/Run2.1i/instCat/01181839to01235518/01206549.tar.gz
HTAR: a   DC2_ImSim/Run2.1i/instCat/01181839to01235518/01206550.tar.gz
HTAR: a   DC2_ImSim/Run2.1i/instCat/01181839to01235518/01206551.tar.gz
HTAR: a   DC2_ImSim/Run2.1i/instCat/01181839to01235518/01206552.tar.gz
HTAR: a   DC2_ImSim/Run2.1i/instCat/01181839to01235518/01206553.tar.gz
HTAR: a   DC2_ImSim/Run2.1i/instCat/01181839to01235518/01206554.tar.gz
HTAR: a   DC2_ImSim/Run2.1i/instCat/01181839to01235518/01206590.tar.gz
HTAR: a   DC2_ImSim/Run2.1i/instCat/01181839to01235518/01206591.tar.gz
HTAR: a   DC2_ImSim/Run2.1i/instCat/01181839to01235518/01206597.tar.gz
HTAR: a   DC2_ImSim/Run2.1i/instCat/01181839to01235518/01206598.tar.gz
HTAR: a   DC2_ImSim/Run2.1i/instCat/01181839to01235518/01206600.tar.gz
HTAR: a   DC2_ImSim/Run2.1i/instCat/01181839to01235518/01206927.tar.gz
HTAR: a   DC2_ImSim/Run2.1i/instCat/01181839to01235518/01206964.tar.gz
HTAR: a   DC2_ImSim/Run2.1i/instCat/01181839to01235518/01206965.tar.gz
HTAR: a   DC2_ImSim/Run2.1i/instCat/01181839to01235518/01207302.tar.gz
HTAR: a   DC2_ImSim/Run2.1i/instCat/01181839to01235518/01207303.tar.gz
HTAR: a   DC2_ImSim/Run2.1i/instCat/01181839to01235518/01207311.tar.gz
HTAR: a   DC2_ImSim/Run2.1i/instCat/01181839to01235518/01207415.tar.gz
HTAR: a   DC2_ImSim/Run2.1i/instCat/01181839to01235518/01207416.tar.gz
HTAR: a   DC2_ImSim/Run2.1i/instCat/01181839to01235518/01207476.tar.gz
HTAR: a   DC2_ImSim/Run2.1i/instCat/01181839to01235518/01207477.tar.gz
HTAR: a   DC2_ImSim/Run2.1i/instCat/01181839to01235518/01207478.tar.gz
HTAR: a   DC2_ImSim/Run2.1i/instCat/01181839to01235518/01207479.tar.gz
HTAR: a   DC2_ImSim/Run2.1i/instCat/01181839to01235518/01207480.tar.gz
HTAR: a   DC2_ImSim/Run2.1i/instCat/01181839to01235518/01207481.tar.gz
HTAR: a   DC2_ImSim/Run2.1i/instCat/01181839to01235518/01207482.tar.gz
HTAR: a   DC2_ImSim/Run2.1i/instCat/01181839to01235518/01207483.tar.gz
HTAR: a   DC2_ImSim/Run2.1i/instCat/01181839to01235518/01207484.tar.gz
HTAR: a   DC2_ImSim/Run2.1i/instCat/01181839to01235518/01207485.tar.gz
HTAR: a   DC2_ImSim/Run2.1i/instCat/01181839to01235518/01207489.tar.gz
HTAR: a   DC2_ImSim/Run2.1i/instCat/01181839to01235518/01207505.tar.gz
HTAR: a   DC2_ImSim/Run2.1i/instCat/01181839to01235518/01207507.tar.gz
HTAR: a   DC2_ImSim/Run2.1i/instCat/01181839to01235518/01207509.tar.gz
HTAR: a   DC2_ImSim/Run2.1i/instCat/01181839to01235518/01207510.tar.gz
HTAR: a   DC2_ImSim/Run2.1i/instCat/01181839to01235518/01207511.tar.gz
HTAR: a   DC2_ImSim/Run2.1i/instCat/01181839to01235518/01207512.tar.gz
HTAR: a   DC2_ImSim/Run2.1i/instCat/01181839to01235518/01207513.tar.gz
HTAR: a   DC2_ImSim/Run2.1i/instCat/01181839to01235518/01207514.tar.gz
HTAR: a   DC2_ImSim/Run2.1i/instCat/01181839to01235518/01207515.tar.gz
HTAR: a   DC2_ImSim/Run2.1i/instCat/01181839to01235518/01207516.tar.gz
HTAR: a   DC2_ImSim/Run2.1i/instCat/01181839to01235518/01207517.tar.gz
HTAR: a   DC2_ImSim/Run2.1i/instCat/01181839to01235518/01207526.tar.gz
HTAR: a   DC2_ImSim/Run2.1i/instCat/01181839to01235518/01207527.tar.gz
HTAR: a   DC2_ImSim/Run2.1i/instCat/01181839to01235518/01207530.tar.gz
HTAR: a   DC2_ImSim/Run2.1i/instCat/01181839to01235518/01207531.tar.gz
HTAR: a   DC2_ImSim/Run2.1i/instCat/01181839to01235518/01207548.tar.gz
HTAR: a   DC2_ImSim/Run2.1i/instCat/01181839to01235518/01208460.tar.gz
HTAR: a   DC2_ImSim/Run2.1i/instCat/01181839to01235518/01209037.tar.gz
HTAR: a   DC2_ImSim/Run2.1i/instCat/01181839to01235518/01209040.tar.gz
HTAR: a   DC2_ImSim/Run2.1i/instCat/01181839to01235518/01209043.tar.gz
HTAR: a   DC2_ImSim/Run2.1i/instCat/01181839to01235518/01209044.tar.gz
HTAR: a   DC2_ImSim/Run2.1i/instCat/01181839to01235518/01209045.tar.gz
HTAR: a   /tmp/HTAR_CF_CHK_10192_1561581462
HTAR Create complete for /home/projects/desc/DC2_ImSim/Run2.1i/instCat/01181839to01235518/01206080to01209045.tar. 487,427,141,120 bytes written for 112 member files, max threads: 3 Transfer time: 2614.434 seconds (186.437 MB/s) wallclock/user/sys: 2615.167 3084.953 1368.440 seconds
HTAR: HTAR SUCCESSFUL
HTAR: a   DC2_ImSim/Run2.1i/instCat/01181839to01235518/01209046.tar.gz
HTAR: a   DC2_ImSim/Run2.1i/instCat/01181839to01235518/01209047.tar.gz
HTAR: a   DC2_ImSim/Run2.1i/instCat/01181839to01235518/01209048.tar.gz
HTAR: a   DC2_ImSim/Run2.1i/instCat/01181839to01235518/01209082.tar.gz
HTAR: a   DC2_ImSim/Run2.1i/instCat/01181839to01235518/01209083.tar.gz
HTAR: a   DC2_ImSim/Run2.1i/instCat/01181839to01235518/01209084.tar.gz
HTAR: a   DC2_ImSim/Run2.1i/instCat/01181839to01235518/01209085.tar.gz
HTAR: a   DC2_ImSim/Run2.1i/instCat/01181839to01235518/01209086.tar.gz
HTAR: a   DC2_ImSim/Run2.1i/instCat/01181839to01235518/01209087.tar.gz
HTAR: a   DC2_ImSim/Run2.1i/instCat/01181839to01235518/01209088.tar.gz
HTAR: a   DC2_ImSim/Run2.1i/instCat/01181839to01235518/01209094.tar.gz
HTAR: a   DC2_ImSim/Run2.1i/instCat/01181839to01235518/01209095.tar.gz
HTAR: a   DC2_ImSim/Run2.1i/instCat/01181839to01235518/01209121.tar.gz
HTAR: a   DC2_ImSim/Run2.1i/instCat/01181839to01235518/01209123.tar.gz
HTAR: a   DC2_ImSim/Run2.1i/instCat/01181839to01235518/01209125.tar.gz
HTAR: a   DC2_ImSim/Run2.1i/instCat/01181839to01235518/01209126.tar.gz
HTAR: a   DC2_ImSim/Run2.1i/instCat/01181839to01235518/01209128.tar.gz
HTAR: a   DC2_ImSim/Run2.1i/instCat/01181839to01235518/01209129.tar.gz
HTAR: a   DC2_ImSim/Run2.1i/instCat/01181839to01235518/01209133.tar.gz
HTAR: a   DC2_ImSim/Run2.1i/instCat/01181839to01235518/01209134.tar.gz
HTAR: a   DC2_ImSim/Run2.1i/instCat/01181839to01235518/01209135.tar.gz
HTAR: a   DC2_ImSim/Run2.1i/instCat/01181839to01235518/01209136.tar.gz
HTAR: a   DC2_ImSim/Run2.1i/instCat/01181839to01235518/01209137.tar.gz
HTAR: a   DC2_ImSim/Run2.1i/instCat/01181839to01235518/01209138.tar.gz
HTAR: a   DC2_ImSim/Run2.1i/instCat/01181839to01235518/01209139.tar.gz
HTAR: a   DC2_ImSim/Run2.1i/instCat/01181839to01235518/01209140.tar.gz
HTAR: a   DC2_ImSim/Run2.1i/instCat/01181839to01235518/01209141.tar.gz
HTAR: a   DC2_ImSim/Run2.1i/instCat/01181839to01235518/01209142.tar.gz
HTAR: a   DC2_ImSim/Run2.1i/instCat/01181839to01235518/01209168.tar.gz
HTAR: a   DC2_ImSim/Run2.1i/instCat/01181839to01235518/01209175.tar.gz
HTAR: a   DC2_ImSim/Run2.1i/instCat/01181839to01235518/01209176.tar.gz
HTAR: a   DC2_ImSim/Run2.1i/instCat/01181839to01235518/01209178.tar.gz
HTAR: a   DC2_ImSim/Run2.1i/instCat/01181839to01235518/01209181.tar.gz
HTAR: a   DC2_ImSim/Run2.1i/instCat/01181839to01235518/01209182.tar.gz
HTAR: a   DC2_ImSim/Run2.1i/instCat/01181839to01235518/01209184.tar.gz
HTAR: a   DC2_ImSim/Run2.1i/instCat/01181839to01235518/01209185.tar.gz
HTAR: a   DC2_ImSim/Run2.1i/instCat/01181839to01235518/01209186.tar.gz
HTAR: a   DC2_ImSim/Run2.1i/instCat/01181839to01235518/01209191.tar.gz
HTAR: a   DC2_ImSim/Run2.1i/instCat/01181839to01235518/01209192.tar.gz
HTAR: a   DC2_ImSim/Run2.1i/instCat/01181839to01235518/01209200.tar.gz
HTAR: a   DC2_ImSim/Run2.1i/instCat/01181839to01235518/01209215.tar.gz
HTAR: a   DC2_ImSim/Run2.1i/instCat/01181839to01235518/01209216.tar.gz
HTAR: a   DC2_ImSim/Run2.1i/instCat/01181839to01235518/01209217.tar.gz
HTAR: a   DC2_ImSim/Run2.1i/instCat/01181839to01235518/01209218.tar.gz
HTAR: a   DC2_ImSim/Run2.1i/instCat/01181839to01235518/01209263.tar.gz
HTAR: a   DC2_ImSim/Run2.1i/instCat/01181839to01235518/01209264.tar.gz
HTAR: a   DC2_ImSim/Run2.1i/instCat/01181839to01235518/01209360.tar.gz
HTAR: a   DC2_ImSim/Run2.1i/instCat/01181839to01235518/01209361.tar.gz
HTAR: a   DC2_ImSim/Run2.1i/instCat/01181839to01235518/01209406.tar.gz
HTAR: a   DC2_ImSim/Run2.1i/instCat/01181839to01235518/01209408.tar.gz
HTAR: a   DC2_ImSim/Run2.1i/instCat/01181839to01235518/01209609.tar.gz
HTAR: a   DC2_ImSim/Run2.1i/instCat/01181839to01235518/01209610.tar.gz
HTAR: a   DC2_ImSim/Run2.1i/instCat/01181839to01235518/01209663.tar.gz
HTAR: a   DC2_ImSim/Run2.1i/instCat/01181839to01235518/01209664.tar.gz
HTAR: a   DC2_ImSim/Run2.1i/instCat/01181839to01235518/01209667.tar.gz
HTAR: a   DC2_ImSim/Run2.1i/instCat/01181839to01235518/01209673.tar.gz
HTAR: a   DC2_ImSim/Run2.1i/instCat/01181839to01235518/01209674.tar.gz
HTAR: a   DC2_ImSim/Run2.1i/instCat/01181839to01235518/01209677.tar.gz
HTAR: a   DC2_ImSim/Run2.1i/instCat/01181839to01235518/01209678.tar.gz
HTAR: a   DC2_ImSim/Run2.1i/instCat/01181839to01235518/01209679.tar.gz
HTAR: a   DC2_ImSim/Run2.1i/instCat/01181839to01235518/01209680.tar.gz
HTAR: a   DC2_ImSim/Run2.1i/instCat/01181839to01235518/01209684.tar.gz
HTAR: a   DC2_ImSim/Run2.1i/instCat/01181839to01235518/01209685.tar.gz
HTAR: a   DC2_ImSim/Run2.1i/instCat/01181839to01235518/01209687.tar.gz
HTAR: a   DC2_ImSim/Run2.1i/instCat/01181839to01235518/01209696.tar.gz
HTAR: a   DC2_ImSim/Run2.1i/instCat/01181839to01235518/01209697.tar.gz
HTAR: a   DC2_ImSim/Run2.1i/instCat/01181839to01235518/01209709.tar.gz
HTAR: a   DC2_ImSim/Run2.1i/instCat/01181839to01235518/01209710.tar.gz
HTAR: a   DC2_ImSim/Run2.1i/instCat/01181839to01235518/01209711.tar.gz
HTAR: a   DC2_ImSim/Run2.1i/instCat/01181839to01235518/01209712.tar.gz
HTAR: a   DC2_ImSim/Run2.1i/instCat/01181839to01235518/01209722.tar.gz
HTAR: a   DC2_ImSim/Run2.1i/instCat/01181839to01235518/01210179.tar.gz
HTAR: a   DC2_ImSim/Run2.1i/instCat/01181839to01235518/01210602.tar.gz
HTAR: a   DC2_ImSim/Run2.1i/instCat/01181839to01235518/01210603.tar.gz
HTAR: a   DC2_ImSim/Run2.1i/instCat/01181839to01235518/01210633.tar.gz
HTAR: a   DC2_ImSim/Run2.1i/instCat/01181839to01235518/01210634.tar.gz
HTAR: a   DC2_ImSim/Run2.1i/instCat/01181839to01235518/01210666.tar.gz
HTAR: a   DC2_ImSim/Run2.1i/instCat/01181839to01235518/01210667.tar.gz
HTAR: a   DC2_ImSim/Run2.1i/instCat/01181839to01235518/01210669.tar.gz
HTAR: a   DC2_ImSim/Run2.1i/instCat/01181839to01235518/01210703.tar.gz
HTAR: a   DC2_ImSim/Run2.1i/instCat/01181839to01235518/01210707.tar.gz
HTAR: a   DC2_ImSim/Run2.1i/instCat/01181839to01235518/01210850.tar.gz
HTAR: a   DC2_ImSim/Run2.1i/instCat/01181839to01235518/01210851.tar.gz
HTAR: a   DC2_ImSim/Run2.1i/instCat/01181839to01235518/01210881.tar.gz
HTAR: a   DC2_ImSim/Run2.1i/instCat/01181839to01235518/01210958.tar.gz
HTAR: a   DC2_ImSim/Run2.1i/instCat/01181839to01235518/01210959.tar.gz
HTAR: a   DC2_ImSim/Run2.1i/instCat/01181839to01235518/01210960.tar.gz
HTAR: a   DC2_ImSim/Run2.1i/instCat/01181839to01235518/01211013.tar.gz
HTAR: a   DC2_ImSim/Run2.1i/instCat/01181839to01235518/01211014.tar.gz
HTAR: a   DC2_ImSim/Run2.1i/instCat/01181839to01235518/01211212.tar.gz
HTAR: a   DC2_ImSim/Run2.1i/instCat/01181839to01235518/01211245.tar.gz
HTAR: a   DC2_ImSim/Run2.1i/instCat/01181839to01235518/01211247.tar.gz
HTAR: a   DC2_ImSim/Run2.1i/instCat/01181839to01235518/01211299.tar.gz
HTAR: a   DC2_ImSim/Run2.1i/instCat/01181839to01235518/01211323.tar.gz
HTAR: a   DC2_ImSim/Run2.1i/instCat/01181839to01235518/01211374.tar.gz
HTAR: a   DC2_ImSim/Run2.1i/instCat/01181839to01235518/01211375.tar.gz
HTAR: a   DC2_ImSim/Run2.1i/instCat/01181839to01235518/01211742.tar.gz
HTAR: a   DC2_ImSim/Run2.1i/instCat/01181839to01235518/01211743.tar.gz
HTAR: a   DC2_ImSim/Run2.1i/instCat/01181839to01235518/01211744.tar.gz
HTAR: a   DC2_ImSim/Run2.1i/instCat/01181839to01235518/01211745.tar.gz
HTAR: a   DC2_ImSim/Run2.1i/instCat/01181839to01235518/01211770.tar.gz
HTAR: a   DC2_ImSim/Run2.1i/instCat/01181839to01235518/01211772.tar.gz
HTAR: a   DC2_ImSim/Run2.1i/instCat/01181839to01235518/01211773.tar.gz
HTAR: a   DC2_ImSim/Run2.1i/instCat/01181839to01235518/01211774.tar.gz
HTAR: a   DC2_ImSim/Run2.1i/instCat/01181839to01235518/01211788.tar.gz
HTAR: a   DC2_ImSim/Run2.1i/instCat/01181839to01235518/01211797.tar.gz
HTAR: a   DC2_ImSim/Run2.1i/instCat/01181839to01235518/01211798.tar.gz
HTAR: a   DC2_ImSim/Run2.1i/instCat/01181839to01235518/01211799.tar.gz
HTAR: a   DC2_ImSim/Run2.1i/instCat/01181839to01235518/01211816.tar.gz
HTAR: a   DC2_ImSim/Run2.1i/instCat/01181839to01235518/01211818.tar.gz
HTAR: a   DC2_ImSim/Run2.1i/instCat/01181839to01235518/01211827.tar.gz
HTAR: a   DC2_ImSim/Run2.1i/instCat/01181839to01235518/01211828.tar.gz
HTAR: a   /tmp/HTAR_CF_CHK_23012_1561584080
HTAR Create complete for /home/projects/desc/DC2_ImSim/Run2.1i/instCat/01181839to01235518/01209046to01211828.tar. 481,401,934,848 bytes written for 112 member files, max threads: 2 Transfer time: 3187.072 seconds (151.048 MB/s) wallclock/user/sys: 3187.941 3332.773 1582.806 seconds
HTAR: HTAR SUCCESSFUL
HTAR: a   DC2_ImSim/Run2.1i/instCat/01181839to01235518/01211829.tar.gz
HTAR: a   DC2_ImSim/Run2.1i/instCat/01181839to01235518/01211850.tar.gz
HTAR: a   DC2_ImSim/Run2.1i/instCat/01181839to01235518/01211851.tar.gz
HTAR: a   DC2_ImSim/Run2.1i/instCat/01181839to01235518/01211852.tar.gz
HTAR: a   DC2_ImSim/Run2.1i/instCat/01181839to01235518/01211853.tar.gz
HTAR: a   DC2_ImSim/Run2.1i/instCat/01181839to01235518/01211854.tar.gz
HTAR: a   DC2_ImSim/Run2.1i/instCat/01181839to01235518/01211855.tar.gz
HTAR: a   DC2_ImSim/Run2.1i/instCat/01181839to01235518/01211856.tar.gz
HTAR: a   DC2_ImSim/Run2.1i/instCat/01181839to01235518/01211858.tar.gz
HTAR: a   DC2_ImSim/Run2.1i/instCat/01181839to01235518/01211859.tar.gz
HTAR: a   DC2_ImSim/Run2.1i/instCat/01181839to01235518/01211860.tar.gz
HTAR: a   DC2_ImSim/Run2.1i/instCat/01181839to01235518/01211861.tar.gz
HTAR: a   DC2_ImSim/Run2.1i/instCat/01181839to01235518/01211862.tar.gz
HTAR: a   DC2_ImSim/Run2.1i/instCat/01181839to01235518/01211863.tar.gz
HTAR: a   DC2_ImSim/Run2.1i/instCat/01181839to01235518/01211874.tar.gz
HTAR: a   DC2_ImSim/Run2.1i/instCat/01181839to01235518/01211875.tar.gz
HTAR: a   DC2_ImSim/Run2.1i/instCat/01181839to01235518/01211876.tar.gz
HTAR: a   DC2_ImSim/Run2.1i/instCat/01181839to01235518/01211877.tar.gz
HTAR: a   DC2_ImSim/Run2.1i/instCat/01181839to01235518/01211878.tar.gz
HTAR: a   DC2_ImSim/Run2.1i/instCat/01181839to01235518/01211879.tar.gz
HTAR: a   DC2_ImSim/Run2.1i/instCat/01181839to01235518/01211880.tar.gz
HTAR: a   DC2_ImSim/Run2.1i/instCat/01181839to01235518/01211889.tar.gz
HTAR: a   DC2_ImSim/Run2.1i/instCat/01181839to01235518/01211890.tar.gz
HTAR: a   DC2_ImSim/Run2.1i/instCat/01181839to01235518/01211891.tar.gz
HTAR: a   DC2_ImSim/Run2.1i/instCat/01181839to01235518/01211892.tar.gz
HTAR: a   DC2_ImSim/Run2.1i/instCat/01181839to01235518/01211893.tar.gz
HTAR: a   DC2_ImSim/Run2.1i/instCat/01181839to01235518/01211894.tar.gz
HTAR: a   DC2_ImSim/Run2.1i/instCat/01181839to01235518/01211895.tar.gz
HTAR: a   DC2_ImSim/Run2.1i/instCat/01181839to01235518/01211896.tar.gz
HTAR: a   DC2_ImSim/Run2.1i/instCat/01181839to01235518/01211905.tar.gz
HTAR: a   DC2_ImSim/Run2.1i/instCat/01181839to01235518/01211906.tar.gz
HTAR: a   DC2_ImSim/Run2.1i/instCat/01181839to01235518/01211914.tar.gz
HTAR: a   DC2_ImSim/Run2.1i/instCat/01181839to01235518/01211915.tar.gz
HTAR: a   DC2_ImSim/Run2.1i/instCat/01181839to01235518/01211916.tar.gz
HTAR: a   DC2_ImSim/Run2.1i/instCat/01181839to01235518/01211939.tar.gz
HTAR: a   DC2_ImSim/Run2.1i/instCat/01181839to01235518/01211955.tar.gz
HTAR: a   DC2_ImSim/Run2.1i/instCat/01181839to01235518/01211956.tar.gz
HTAR: a   DC2_ImSim/Run2.1i/instCat/01181839to01235518/01211957.tar.gz
HTAR: a   DC2_ImSim/Run2.1i/instCat/01181839to01235518/01211958.tar.gz
HTAR: a   DC2_ImSim/Run2.1i/instCat/01181839to01235518/01211959.tar.gz
HTAR: a   DC2_ImSim/Run2.1i/instCat/01181839to01235518/01211960.tar.gz
HTAR: a   DC2_ImSim/Run2.1i/instCat/01181839to01235518/01211961.tar.gz
HTAR: a   DC2_ImSim/Run2.1i/instCat/01181839to01235518/01211962.tar.gz
HTAR: a   DC2_ImSim/Run2.1i/instCat/01181839to01235518/01212001.tar.gz
HTAR: a   DC2_ImSim/Run2.1i/instCat/01181839to01235518/01212002.tar.gz
HTAR: a   DC2_ImSim/Run2.1i/instCat/01181839to01235518/01212003.tar.gz
HTAR: a   DC2_ImSim/Run2.1i/instCat/01181839to01235518/01212004.tar.gz
HTAR: a   DC2_ImSim/Run2.1i/instCat/01181839to01235518/01212005.tar.gz
HTAR: a   DC2_ImSim/Run2.1i/instCat/01181839to01235518/01212006.tar.gz
HTAR: a   DC2_ImSim/Run2.1i/instCat/01181839to01235518/01212007.tar.gz
HTAR: a   DC2_ImSim/Run2.1i/instCat/01181839to01235518/01212008.tar.gz
HTAR: a   DC2_ImSim/Run2.1i/instCat/01181839to01235518/01212009.tar.gz
HTAR: a   DC2_ImSim/Run2.1i/instCat/01181839to01235518/01212010.tar.gz
HTAR: a   DC2_ImSim/Run2.1i/instCat/01181839to01235518/01212011.tar.gz
HTAR: a   DC2_ImSim/Run2.1i/instCat/01181839to01235518/01212012.tar.gz
HTAR: a   DC2_ImSim/Run2.1i/instCat/01181839to01235518/01212056.tar.gz
HTAR: a   DC2_ImSim/Run2.1i/instCat/01181839to01235518/01212058.tar.gz
HTAR: a   DC2_ImSim/Run2.1i/instCat/01181839to01235518/01212059.tar.gz
HTAR: a   DC2_ImSim/Run2.1i/instCat/01181839to01235518/01212060.tar.gz
HTAR: a   DC2_ImSim/Run2.1i/instCat/01181839to01235518/01212108.tar.gz
HTAR: a   DC2_ImSim/Run2.1i/instCat/01181839to01235518/01212153.tar.gz
HTAR: a   DC2_ImSim/Run2.1i/instCat/01181839to01235518/01212342.tar.gz
HTAR: a   DC2_ImSim/Run2.1i/instCat/01181839to01235518/01212610.tar.gz
HTAR: a   DC2_ImSim/Run2.1i/instCat/01181839to01235518/01212611.tar.gz
HTAR: a   DC2_ImSim/Run2.1i/instCat/01181839to01235518/01212612.tar.gz
HTAR: a   DC2_ImSim/Run2.1i/instCat/01181839to01235518/01212614.tar.gz
HTAR: a   DC2_ImSim/Run2.1i/instCat/01181839to01235518/01212615.tar.gz
HTAR: a   DC2_ImSim/Run2.1i/instCat/01181839to01235518/01212616.tar.gz
HTAR: a   DC2_ImSim/Run2.1i/instCat/01181839to01235518/01212617.tar.gz
HTAR: a   DC2_ImSim/Run2.1i/instCat/01181839to01235518/01212618.tar.gz
HTAR: a   DC2_ImSim/Run2.1i/instCat/01181839to01235518/01212643.tar.gz
HTAR: a   DC2_ImSim/Run2.1i/instCat/01181839to01235518/01212645.tar.gz
HTAR: a   DC2_ImSim/Run2.1i/instCat/01181839to01235518/01212647.tar.gz
HTAR: a   DC2_ImSim/Run2.1i/instCat/01181839to01235518/01212648.tar.gz
HTAR: a   DC2_ImSim/Run2.1i/instCat/01181839to01235518/01212649.tar.gz
HTAR: a   DC2_ImSim/Run2.1i/instCat/01181839to01235518/01212650.tar.gz
HTAR: a   DC2_ImSim/Run2.1i/instCat/01181839to01235518/01212679.tar.gz
HTAR: a   DC2_ImSim/Run2.1i/instCat/01181839to01235518/01212680.tar.gz
HTAR: a   DC2_ImSim/Run2.1i/instCat/01181839to01235518/01212684.tar.gz
HTAR: a   DC2_ImSim/Run2.1i/instCat/01181839to01235518/01212729.tar.gz
HTAR: a   DC2_ImSim/Run2.1i/instCat/01181839to01235518/01212746.tar.gz
HTAR: a   DC2_ImSim/Run2.1i/instCat/01181839to01235518/01212791.tar.gz
HTAR: a   DC2_ImSim/Run2.1i/instCat/01181839to01235518/01212825.tar.gz
HTAR: a   DC2_ImSim/Run2.1i/instCat/01181839to01235518/01212827.tar.gz
HTAR: a   DC2_ImSim/Run2.1i/instCat/01181839to01235518/01212833.tar.gz
HTAR: a   DC2_ImSim/Run2.1i/instCat/01181839to01235518/01212834.tar.gz
HTAR: a   DC2_ImSim/Run2.1i/instCat/01181839to01235518/01212835.tar.gz
HTAR: a   DC2_ImSim/Run2.1i/instCat/01181839to01235518/01212874.tar.gz
HTAR: a   DC2_ImSim/Run2.1i/instCat/01181839to01235518/01212875.tar.gz
HTAR: a   DC2_ImSim/Run2.1i/instCat/01181839to01235518/01213028.tar.gz
HTAR: a   DC2_ImSim/Run2.1i/instCat/01181839to01235518/01213064.tar.gz
HTAR: a   DC2_ImSim/Run2.1i/instCat/01181839to01235518/01213067.tar.gz
HTAR: a   DC2_ImSim/Run2.1i/instCat/01181839to01235518/01213068.tar.gz
HTAR: a   DC2_ImSim/Run2.1i/instCat/01181839to01235518/01213069.tar.gz
HTAR: a   DC2_ImSim/Run2.1i/instCat/01181839to01235518/01213070.tar.gz
HTAR: a   DC2_ImSim/Run2.1i/instCat/01181839to01235518/01213071.tar.gz
HTAR: a   DC2_ImSim/Run2.1i/instCat/01181839to01235518/01213072.tar.gz
HTAR: a   DC2_ImSim/Run2.1i/instCat/01181839to01235518/01213073.tar.gz
HTAR: a   DC2_ImSim/Run2.1i/instCat/01181839to01235518/01213169.tar.gz
HTAR: a   DC2_ImSim/Run2.1i/instCat/01181839to01235518/01213170.tar.gz
HTAR: a   DC2_ImSim/Run2.1i/instCat/01181839to01235518/01213171.tar.gz
HTAR: a   DC2_ImSim/Run2.1i/instCat/01181839to01235518/01213172.tar.gz
HTAR: a   DC2_ImSim/Run2.1i/instCat/01181839to01235518/01213183.tar.gz
HTAR: a   DC2_ImSim/Run2.1i/instCat/01181839to01235518/01213184.tar.gz
HTAR: a   DC2_ImSim/Run2.1i/instCat/01181839to01235518/01213205.tar.gz
HTAR: a   DC2_ImSim/Run2.1i/instCat/01181839to01235518/01213206.tar.gz
HTAR: a   DC2_ImSim/Run2.1i/instCat/01181839to01235518/01213207.tar.gz
HTAR: a   DC2_ImSim/Run2.1i/instCat/01181839to01235518/01213208.tar.gz
HTAR: a   DC2_ImSim/Run2.1i/instCat/01181839to01235518/01213226.tar.gz
HTAR: a   DC2_ImSim/Run2.1i/instCat/01181839to01235518/01213227.tar.gz
HTAR: a   DC2_ImSim/Run2.1i/instCat/01181839to01235518/01213228.tar.gz
HTAR: a   DC2_ImSim/Run2.1i/instCat/01181839to01235518/01213229.tar.gz
HTAR: a   /tmp/HTAR_CF_CHK_26408_1561587271
HTAR Create complete for /home/projects/desc/DC2_ImSim/Run2.1i/instCat/01181839to01235518/01211829to01213229.tar. 504,735,149,568 bytes written for 112 member files, max threads: 2 Transfer time: 2876.411 seconds (175.474 MB/s) wallclock/user/sys: 2877.611 3393.192 1526.036 seconds
HTAR: HTAR SUCCESSFUL
HTAR: a   DC2_ImSim/Run2.1i/instCat/01181839to01235518/01213230.tar.gz
HTAR: a   DC2_ImSim/Run2.1i/instCat/01181839to01235518/01213245.tar.gz
HTAR: a   DC2_ImSim/Run2.1i/instCat/01181839to01235518/01213246.tar.gz
HTAR: a   DC2_ImSim/Run2.1i/instCat/01181839to01235518/01213247.tar.gz
HTAR: a   DC2_ImSim/Run2.1i/instCat/01181839to01235518/01213248.tar.gz
HTAR: a   DC2_ImSim/Run2.1i/instCat/01181839to01235518/01213249.tar.gz
HTAR: a   DC2_ImSim/Run2.1i/instCat/01181839to01235518/01213250.tar.gz
HTAR: a   DC2_ImSim/Run2.1i/instCat/01181839to01235518/01213251.tar.gz
HTAR: a   DC2_ImSim/Run2.1i/instCat/01181839to01235518/01213252.tar.gz
HTAR: a   DC2_ImSim/Run2.1i/instCat/01181839to01235518/01213253.tar.gz
HTAR: a   DC2_ImSim/Run2.1i/instCat/01181839to01235518/01213254.tar.gz
HTAR: a   DC2_ImSim/Run2.1i/instCat/01181839to01235518/01213255.tar.gz
HTAR: a   DC2_ImSim/Run2.1i/instCat/01181839to01235518/01213256.tar.gz
HTAR: a   DC2_ImSim/Run2.1i/instCat/01181839to01235518/01213257.tar.gz
HTAR: a   DC2_ImSim/Run2.1i/instCat/01181839to01235518/01213258.tar.gz
HTAR: a   DC2_ImSim/Run2.1i/instCat/01181839to01235518/01213259.tar.gz
HTAR: a   DC2_ImSim/Run2.1i/instCat/01181839to01235518/01213276.tar.gz
HTAR: a   DC2_ImSim/Run2.1i/instCat/01181839to01235518/01213277.tar.gz
HTAR: a   DC2_ImSim/Run2.1i/instCat/01181839to01235518/01213278.tar.gz
HTAR: a   DC2_ImSim/Run2.1i/instCat/01181839to01235518/01213279.tar.gz
HTAR: a   DC2_ImSim/Run2.1i/instCat/01181839to01235518/01213280.tar.gz
HTAR: a   DC2_ImSim/Run2.1i/instCat/01181839to01235518/01213281.tar.gz
HTAR: a   DC2_ImSim/Run2.1i/instCat/01181839to01235518/01213295.tar.gz
HTAR: a   DC2_ImSim/Run2.1i/instCat/01181839to01235518/01213296.tar.gz
HTAR: a   DC2_ImSim/Run2.1i/instCat/01181839to01235518/01213297.tar.gz
HTAR: a   DC2_ImSim/Run2.1i/instCat/01181839to01235518/01213298.tar.gz
HTAR: a   DC2_ImSim/Run2.1i/instCat/01181839to01235518/01213299.tar.gz
HTAR: a   DC2_ImSim/Run2.1i/instCat/01181839to01235518/01213306.tar.gz
HTAR: a   DC2_ImSim/Run2.1i/instCat/01181839to01235518/01213307.tar.gz
HTAR: a   DC2_ImSim/Run2.1i/instCat/01181839to01235518/01213308.tar.gz
HTAR: a   DC2_ImSim/Run2.1i/instCat/01181839to01235518/01213342.tar.gz
HTAR: a   DC2_ImSim/Run2.1i/instCat/01181839to01235518/01213343.tar.gz
HTAR: a   DC2_ImSim/Run2.1i/instCat/01181839to01235518/01213344.tar.gz
HTAR: a   DC2_ImSim/Run2.1i/instCat/01181839to01235518/01213730.tar.gz
HTAR: a   DC2_ImSim/Run2.1i/instCat/01181839to01235518/01213732.tar.gz
HTAR: a   DC2_ImSim/Run2.1i/instCat/01181839to01235518/01213957.tar.gz
HTAR: a   DC2_ImSim/Run2.1i/instCat/01181839to01235518/01213960.tar.gz
HTAR: a   DC2_ImSim/Run2.1i/instCat/01181839to01235518/01213993.tar.gz
HTAR: a   DC2_ImSim/Run2.1i/instCat/01181839to01235518/01213995.tar.gz
HTAR: a   DC2_ImSim/Run2.1i/instCat/01181839to01235518/01213996.tar.gz
HTAR: a   DC2_ImSim/Run2.1i/instCat/01181839to01235518/01213997.tar.gz
HTAR: a   DC2_ImSim/Run2.1i/instCat/01181839to01235518/01213998.tar.gz
HTAR: a   DC2_ImSim/Run2.1i/instCat/01181839to01235518/01214054.tar.gz
HTAR: a   DC2_ImSim/Run2.1i/instCat/01181839to01235518/01214641.tar.gz
HTAR: a   DC2_ImSim/Run2.1i/instCat/01181839to01235518/01214642.tar.gz
HTAR: a   DC2_ImSim/Run2.1i/instCat/01181839to01235518/01214643.tar.gz
HTAR: a   DC2_ImSim/Run2.1i/instCat/01181839to01235518/01214644.tar.gz
HTAR: a   DC2_ImSim/Run2.1i/instCat/01181839to01235518/01214645.tar.gz
HTAR: a   DC2_ImSim/Run2.1i/instCat/01181839to01235518/01214648.tar.gz
HTAR: a   DC2_ImSim/Run2.1i/instCat/01181839to01235518/01214649.tar.gz
HTAR: a   DC2_ImSim/Run2.1i/instCat/01181839to01235518/01214650.tar.gz
HTAR: a   DC2_ImSim/Run2.1i/instCat/01181839to01235518/01214651.tar.gz
HTAR: a   DC2_ImSim/Run2.1i/instCat/01181839to01235518/01214652.tar.gz
HTAR: a   DC2_ImSim/Run2.1i/instCat/01181839to01235518/01214653.tar.gz
HTAR: a   DC2_ImSim/Run2.1i/instCat/01181839to01235518/01214654.tar.gz
HTAR: a   DC2_ImSim/Run2.1i/instCat/01181839to01235518/01214655.tar.gz
HTAR: a   DC2_ImSim/Run2.1i/instCat/01181839to01235518/01214656.tar.gz
HTAR: a   DC2_ImSim/Run2.1i/instCat/01181839to01235518/01214657.tar.gz
HTAR: a   DC2_ImSim/Run2.1i/instCat/01181839to01235518/01214658.tar.gz
HTAR: a   DC2_ImSim/Run2.1i/instCat/01181839to01235518/01214659.tar.gz
HTAR: a   DC2_ImSim/Run2.1i/instCat/01181839to01235518/01214660.tar.gz
HTAR: a   DC2_ImSim/Run2.1i/instCat/01181839to01235518/01214705.tar.gz
HTAR: a   DC2_ImSim/Run2.1i/instCat/01181839to01235518/01214706.tar.gz
HTAR: a   DC2_ImSim/Run2.1i/instCat/01181839to01235518/01214707.tar.gz
HTAR: a   DC2_ImSim/Run2.1i/instCat/01181839to01235518/01214708.tar.gz
HTAR: a   DC2_ImSim/Run2.1i/instCat/01181839to01235518/01214709.tar.gz
HTAR: a   DC2_ImSim/Run2.1i/instCat/01181839to01235518/01214710.tar.gz
HTAR: a   DC2_ImSim/Run2.1i/instCat/01181839to01235518/01214711.tar.gz
HTAR: a   DC2_ImSim/Run2.1i/instCat/01181839to01235518/01214712.tar.gz
HTAR: a   DC2_ImSim/Run2.1i/instCat/01181839to01235518/01214713.tar.gz
HTAR: a   DC2_ImSim/Run2.1i/instCat/01181839to01235518/01214714.tar.gz
HTAR: a   DC2_ImSim/Run2.1i/instCat/01181839to01235518/01214715.tar.gz
HTAR: a   DC2_ImSim/Run2.1i/instCat/01181839to01235518/01214716.tar.gz
HTAR: a   DC2_ImSim/Run2.1i/instCat/01181839to01235518/01214717.tar.gz
HTAR: a   DC2_ImSim/Run2.1i/instCat/01181839to01235518/01214718.tar.gz
HTAR: a   DC2_ImSim/Run2.1i/instCat/01181839to01235518/01214719.tar.gz
HTAR: a   DC2_ImSim/Run2.1i/instCat/01181839to01235518/01214720.tar.gz
HTAR: a   DC2_ImSim/Run2.1i/instCat/01181839to01235518/01214721.tar.gz
HTAR: a   DC2_ImSim/Run2.1i/instCat/01181839to01235518/01214722.tar.gz
HTAR: a   DC2_ImSim/Run2.1i/instCat/01181839to01235518/01214723.tar.gz
HTAR: a   DC2_ImSim/Run2.1i/instCat/01181839to01235518/01214724.tar.gz
HTAR: a   DC2_ImSim/Run2.1i/instCat/01181839to01235518/01215368.tar.gz
HTAR: a   DC2_ImSim/Run2.1i/instCat/01181839to01235518/01215415.tar.gz
HTAR: a   DC2_ImSim/Run2.1i/instCat/01181839to01235518/01215416.tar.gz
HTAR: a   DC2_ImSim/Run2.1i/instCat/01181839to01235518/01215417.tar.gz
HTAR: a   DC2_ImSim/Run2.1i/instCat/01181839to01235518/01215418.tar.gz
HTAR: a   DC2_ImSim/Run2.1i/instCat/01181839to01235518/01215459.tar.gz
HTAR: a   DC2_ImSim/Run2.1i/instCat/01181839to01235518/01215460.tar.gz
HTAR: a   DC2_ImSim/Run2.1i/instCat/01181839to01235518/01215461.tar.gz
HTAR: a   DC2_ImSim/Run2.1i/instCat/01181839to01235518/01215462.tar.gz
HTAR: a   DC2_ImSim/Run2.1i/instCat/01181839to01235518/01215467.tar.gz
HTAR: a   DC2_ImSim/Run2.1i/instCat/01181839to01235518/01215468.tar.gz
HTAR: a   DC2_ImSim/Run2.1i/instCat/01181839to01235518/01215469.tar.gz
HTAR: a   DC2_ImSim/Run2.1i/instCat/01181839to01235518/01215470.tar.gz
HTAR: a   DC2_ImSim/Run2.1i/instCat/01181839to01235518/01215471.tar.gz
HTAR: a   DC2_ImSim/Run2.1i/instCat/01181839to01235518/01215472.tar.gz
HTAR: a   DC2_ImSim/Run2.1i/instCat/01181839to01235518/01215512.tar.gz
HTAR: a   DC2_ImSim/Run2.1i/instCat/01181839to01235518/01215515.tar.gz
HTAR: a   DC2_ImSim/Run2.1i/instCat/01181839to01235518/01215516.tar.gz
HTAR: a   DC2_ImSim/Run2.1i/instCat/01181839to01235518/01215517.tar.gz
HTAR: a   DC2_ImSim/Run2.1i/instCat/01181839to01235518/01215518.tar.gz
HTAR: a   DC2_ImSim/Run2.1i/instCat/01181839to01235518/01215519.tar.gz
HTAR: a   DC2_ImSim/Run2.1i/instCat/01181839to01235518/01215520.tar.gz
HTAR: a   DC2_ImSim/Run2.1i/instCat/01181839to01235518/01215546.tar.gz
HTAR: a   DC2_ImSim/Run2.1i/instCat/01181839to01235518/01215547.tar.gz
HTAR: a   DC2_ImSim/Run2.1i/instCat/01181839to01235518/01215548.tar.gz
HTAR: a   DC2_ImSim/Run2.1i/instCat/01181839to01235518/01215549.tar.gz
HTAR: a   DC2_ImSim/Run2.1i/instCat/01181839to01235518/01215589.tar.gz
HTAR: a   DC2_ImSim/Run2.1i/instCat/01181839to01235518/01215590.tar.gz
HTAR: a   DC2_ImSim/Run2.1i/instCat/01181839to01235518/01215591.tar.gz
HTAR: a   DC2_ImSim/Run2.1i/instCat/01181839to01235518/01215634.tar.gz
HTAR: a   DC2_ImSim/Run2.1i/instCat/01181839to01235518/01215636.tar.gz
HTAR: a   /tmp/HTAR_CF_CHK_61710_1561590151
HTAR Create complete for /home/projects/desc/DC2_ImSim/Run2.1i/instCat/01181839to01235518/01213230to01215636.tar. 494,214,161,408 bytes written for 112 member files, max threads: 2 Transfer time: 3387.644 seconds (145.887 MB/s) wallclock/user/sys: 3388.509 3629.712 1726.363 seconds
HTAR: HTAR SUCCESSFUL
