HTAR: a   DC2_ImSim/Run2.1i/instCat/01181839to01235518/01192251.tar.gz
HTAR: a   DC2_ImSim/Run2.1i/instCat/01181839to01235518/01192252.tar.gz
HTAR: a   DC2_ImSim/Run2.1i/instCat/01181839to01235518/01192287.tar.gz
HTAR: a   DC2_ImSim/Run2.1i/instCat/01181839to01235518/01192288.tar.gz
HTAR: a   DC2_ImSim/Run2.1i/instCat/01181839to01235518/01192289.tar.gz
HTAR: a   DC2_ImSim/Run2.1i/instCat/01181839to01235518/01192290.tar.gz
HTAR: a   DC2_ImSim/Run2.1i/instCat/01181839to01235518/01192320.tar.gz
HTAR: a   DC2_ImSim/Run2.1i/instCat/01181839to01235518/01192321.tar.gz
HTAR: a   DC2_ImSim/Run2.1i/instCat/01181839to01235518/01192506.tar.gz
HTAR: a   DC2_ImSim/Run2.1i/instCat/01181839to01235518/01192507.tar.gz
HTAR: a   DC2_ImSim/Run2.1i/instCat/01181839to01235518/01192510.tar.gz
HTAR: a   DC2_ImSim/Run2.1i/instCat/01181839to01235518/01192511.tar.gz
HTAR: a   DC2_ImSim/Run2.1i/instCat/01181839to01235518/01192852.tar.gz
HTAR: a   DC2_ImSim/Run2.1i/instCat/01181839to01235518/01192889.tar.gz
HTAR: a   DC2_ImSim/Run2.1i/instCat/01181839to01235518/01192892.tar.gz
HTAR: a   DC2_ImSim/Run2.1i/instCat/01181839to01235518/01192893.tar.gz
HTAR: a   DC2_ImSim/Run2.1i/instCat/01181839to01235518/01192924.tar.gz
HTAR: a   DC2_ImSim/Run2.1i/instCat/01181839to01235518/01192925.tar.gz
HTAR: a   DC2_ImSim/Run2.1i/instCat/01181839to01235518/01192937.tar.gz
HTAR: a   DC2_ImSim/Run2.1i/instCat/01181839to01235518/01192938.tar.gz
HTAR: a   DC2_ImSim/Run2.1i/instCat/01181839to01235518/01192939.tar.gz
HTAR: a   DC2_ImSim/Run2.1i/instCat/01181839to01235518/01192940.tar.gz
HTAR: a   DC2_ImSim/Run2.1i/instCat/01181839to01235518/01192941.tar.gz
HTAR: a   DC2_ImSim/Run2.1i/instCat/01181839to01235518/01192942.tar.gz
HTAR: a   DC2_ImSim/Run2.1i/instCat/01181839to01235518/01192943.tar.gz
HTAR: a   DC2_ImSim/Run2.1i/instCat/01181839to01235518/01192944.tar.gz
HTAR: a   DC2_ImSim/Run2.1i/instCat/01181839to01235518/01192945.tar.gz
HTAR: a   DC2_ImSim/Run2.1i/instCat/01181839to01235518/01192946.tar.gz
HTAR: a   DC2_ImSim/Run2.1i/instCat/01181839to01235518/01192947.tar.gz
HTAR: a   DC2_ImSim/Run2.1i/instCat/01181839to01235518/01192948.tar.gz
HTAR: a   DC2_ImSim/Run2.1i/instCat/01181839to01235518/01192949.tar.gz
HTAR: a   DC2_ImSim/Run2.1i/instCat/01181839to01235518/01192950.tar.gz
HTAR: a   DC2_ImSim/Run2.1i/instCat/01181839to01235518/01192951.tar.gz
HTAR: a   DC2_ImSim/Run2.1i/instCat/01181839to01235518/01192963.tar.gz
HTAR: a   DC2_ImSim/Run2.1i/instCat/01181839to01235518/01192964.tar.gz
HTAR: a   DC2_ImSim/Run2.1i/instCat/01181839to01235518/01192965.tar.gz
HTAR: a   DC2_ImSim/Run2.1i/instCat/01181839to01235518/01192966.tar.gz
HTAR: a   DC2_ImSim/Run2.1i/instCat/01181839to01235518/01192967.tar.gz
HTAR: a   DC2_ImSim/Run2.1i/instCat/01181839to01235518/01192968.tar.gz
HTAR: a   DC2_ImSim/Run2.1i/instCat/01181839to01235518/01192974.tar.gz
HTAR: a   DC2_ImSim/Run2.1i/instCat/01181839to01235518/01192975.tar.gz
HTAR: a   DC2_ImSim/Run2.1i/instCat/01181839to01235518/01192976.tar.gz
HTAR: a   DC2_ImSim/Run2.1i/instCat/01181839to01235518/01192977.tar.gz
HTAR: a   DC2_ImSim/Run2.1i/instCat/01181839to01235518/01192978.tar.gz
HTAR: a   DC2_ImSim/Run2.1i/instCat/01181839to01235518/01192979.tar.gz
HTAR: a   DC2_ImSim/Run2.1i/instCat/01181839to01235518/01192980.tar.gz
HTAR: a   DC2_ImSim/Run2.1i/instCat/01181839to01235518/01192981.tar.gz
HTAR: a   DC2_ImSim/Run2.1i/instCat/01181839to01235518/01192982.tar.gz
HTAR: a   DC2_ImSim/Run2.1i/instCat/01181839to01235518/01192983.tar.gz
HTAR: a   DC2_ImSim/Run2.1i/instCat/01181839to01235518/01192988.tar.gz
HTAR: a   DC2_ImSim/Run2.1i/instCat/01181839to01235518/01192989.tar.gz
HTAR: a   DC2_ImSim/Run2.1i/instCat/01181839to01235518/01192990.tar.gz
HTAR: a   DC2_ImSim/Run2.1i/instCat/01181839to01235518/01192991.tar.gz
HTAR: a   DC2_ImSim/Run2.1i/instCat/01181839to01235518/01192992.tar.gz
HTAR: a   DC2_ImSim/Run2.1i/instCat/01181839to01235518/01192994.tar.gz
HTAR: a   DC2_ImSim/Run2.1i/instCat/01181839to01235518/01193011.tar.gz
HTAR: a   DC2_ImSim/Run2.1i/instCat/01181839to01235518/01193023.tar.gz
HTAR: a   DC2_ImSim/Run2.1i/instCat/01181839to01235518/01193024.tar.gz
HTAR: a   DC2_ImSim/Run2.1i/instCat/01181839to01235518/01193025.tar.gz
HTAR: a   DC2_ImSim/Run2.1i/instCat/01181839to01235518/01193026.tar.gz
HTAR: a   DC2_ImSim/Run2.1i/instCat/01181839to01235518/01193027.tar.gz
HTAR: a   DC2_ImSim/Run2.1i/instCat/01181839to01235518/01193029.tar.gz
HTAR: a   DC2_ImSim/Run2.1i/instCat/01181839to01235518/01193046.tar.gz
HTAR: a   DC2_ImSim/Run2.1i/instCat/01181839to01235518/01193073.tar.gz
HTAR: a   DC2_ImSim/Run2.1i/instCat/01181839to01235518/01193075.tar.gz
HTAR: a   DC2_ImSim/Run2.1i/instCat/01181839to01235518/01193102.tar.gz
HTAR: a   DC2_ImSim/Run2.1i/instCat/01181839to01235518/01193113.tar.gz
HTAR: a   DC2_ImSim/Run2.1i/instCat/01181839to01235518/01193114.tar.gz
HTAR: a   DC2_ImSim/Run2.1i/instCat/01181839to01235518/01193115.tar.gz
HTAR: a   DC2_ImSim/Run2.1i/instCat/01181839to01235518/01193116.tar.gz
HTAR: a   DC2_ImSim/Run2.1i/instCat/01181839to01235518/01193632.tar.gz
HTAR: a   DC2_ImSim/Run2.1i/instCat/01181839to01235518/01193633.tar.gz
HTAR: a   DC2_ImSim/Run2.1i/instCat/01181839to01235518/01193634.tar.gz
HTAR: a   DC2_ImSim/Run2.1i/instCat/01181839to01235518/01193662.tar.gz
HTAR: a   DC2_ImSim/Run2.1i/instCat/01181839to01235518/01193664.tar.gz
HTAR: a   DC2_ImSim/Run2.1i/instCat/01181839to01235518/01193665.tar.gz
HTAR: a   DC2_ImSim/Run2.1i/instCat/01181839to01235518/01193688.tar.gz
HTAR: a   DC2_ImSim/Run2.1i/instCat/01181839to01235518/01193690.tar.gz
HTAR: a   DC2_ImSim/Run2.1i/instCat/01181839to01235518/01193691.tar.gz
HTAR: a   DC2_ImSim/Run2.1i/instCat/01181839to01235518/01193692.tar.gz
HTAR: a   DC2_ImSim/Run2.1i/instCat/01181839to01235518/01193693.tar.gz
HTAR: a   DC2_ImSim/Run2.1i/instCat/01181839to01235518/01193694.tar.gz
HTAR: a   DC2_ImSim/Run2.1i/instCat/01181839to01235518/01193695.tar.gz
HTAR: a   DC2_ImSim/Run2.1i/instCat/01181839to01235518/01193696.tar.gz
HTAR: a   DC2_ImSim/Run2.1i/instCat/01181839to01235518/01193697.tar.gz
HTAR: a   DC2_ImSim/Run2.1i/instCat/01181839to01235518/01193698.tar.gz
HTAR: a   DC2_ImSim/Run2.1i/instCat/01181839to01235518/01193699.tar.gz
HTAR: a   DC2_ImSim/Run2.1i/instCat/01181839to01235518/01193700.tar.gz
HTAR: a   DC2_ImSim/Run2.1i/instCat/01181839to01235518/01193701.tar.gz
HTAR: a   DC2_ImSim/Run2.1i/instCat/01181839to01235518/01193702.tar.gz
HTAR: a   DC2_ImSim/Run2.1i/instCat/01181839to01235518/01193703.tar.gz
HTAR: a   DC2_ImSim/Run2.1i/instCat/01181839to01235518/01193704.tar.gz
HTAR: a   DC2_ImSim/Run2.1i/instCat/01181839to01235518/01193725.tar.gz
HTAR: a   DC2_ImSim/Run2.1i/instCat/01181839to01235518/01193726.tar.gz
HTAR: a   DC2_ImSim/Run2.1i/instCat/01181839to01235518/01193727.tar.gz
HTAR: a   DC2_ImSim/Run2.1i/instCat/01181839to01235518/01193728.tar.gz
HTAR: a   DC2_ImSim/Run2.1i/instCat/01181839to01235518/01193729.tar.gz
HTAR: a   DC2_ImSim/Run2.1i/instCat/01181839to01235518/01193730.tar.gz
HTAR: a   DC2_ImSim/Run2.1i/instCat/01181839to01235518/01193731.tar.gz
HTAR: a   DC2_ImSim/Run2.1i/instCat/01181839to01235518/01193732.tar.gz
HTAR: a   DC2_ImSim/Run2.1i/instCat/01181839to01235518/01193733.tar.gz
HTAR: a   DC2_ImSim/Run2.1i/instCat/01181839to01235518/01193734.tar.gz
HTAR: a   DC2_ImSim/Run2.1i/instCat/01181839to01235518/01193735.tar.gz
HTAR: a   DC2_ImSim/Run2.1i/instCat/01181839to01235518/01193736.tar.gz
HTAR: a   DC2_ImSim/Run2.1i/instCat/01181839to01235518/01193737.tar.gz
HTAR: a   DC2_ImSim/Run2.1i/instCat/01181839to01235518/01193738.tar.gz
HTAR: a   DC2_ImSim/Run2.1i/instCat/01181839to01235518/01193751.tar.gz
HTAR: a   DC2_ImSim/Run2.1i/instCat/01181839to01235518/01193752.tar.gz
HTAR: a   DC2_ImSim/Run2.1i/instCat/01181839to01235518/01193753.tar.gz
HTAR: a   DC2_ImSim/Run2.1i/instCat/01181839to01235518/01193754.tar.gz
HTAR: a   DC2_ImSim/Run2.1i/instCat/01181839to01235518/01193760.tar.gz
HTAR: a   DC2_ImSim/Run2.1i/instCat/01181839to01235518/01193776.tar.gz
HTAR: a   /tmp/HTAR_CF_CHK_17559_1561578822
HTAR Create complete for /home/projects/desc/DC2_ImSim/Run2.1i/instCat/01181839to01235518/01192251to01193776.tar. 511,819,213,312 bytes written for 112 member files, max threads: 3 Transfer time: 2967.134 seconds (172.496 MB/s) wallclock/user/sys: 2967.668 3435.167 1513.785 seconds
HTAR: HTAR SUCCESSFUL
HTAR: a   DC2_ImSim/Run2.1i/instCat/01181839to01235518/01193777.tar.gz
HTAR: a   DC2_ImSim/Run2.1i/instCat/01181839to01235518/01193779.tar.gz
HTAR: a   DC2_ImSim/Run2.1i/instCat/01181839to01235518/01193780.tar.gz
HTAR: a   DC2_ImSim/Run2.1i/instCat/01181839to01235518/01193787.tar.gz
HTAR: a   DC2_ImSim/Run2.1i/instCat/01181839to01235518/01193788.tar.gz
HTAR: a   DC2_ImSim/Run2.1i/instCat/01181839to01235518/01193835.tar.gz
HTAR: a   DC2_ImSim/Run2.1i/instCat/01181839to01235518/01193846.tar.gz
HTAR: a   DC2_ImSim/Run2.1i/instCat/01181839to01235518/01193847.tar.gz
HTAR: a   DC2_ImSim/Run2.1i/instCat/01181839to01235518/01193888.tar.gz
HTAR: a   DC2_ImSim/Run2.1i/instCat/01181839to01235518/01193889.tar.gz
HTAR: a   DC2_ImSim/Run2.1i/instCat/01181839to01235518/01193898.tar.gz
HTAR: a   DC2_ImSim/Run2.1i/instCat/01181839to01235518/01193899.tar.gz
HTAR: a   DC2_ImSim/Run2.1i/instCat/01181839to01235518/01193908.tar.gz
HTAR: a   DC2_ImSim/Run2.1i/instCat/01181839to01235518/01193909.tar.gz
HTAR: a   DC2_ImSim/Run2.1i/instCat/01181839to01235518/01193910.tar.gz
HTAR: a   DC2_ImSim/Run2.1i/instCat/01181839to01235518/01193911.tar.gz
HTAR: a   DC2_ImSim/Run2.1i/instCat/01181839to01235518/01193912.tar.gz
HTAR: a   DC2_ImSim/Run2.1i/instCat/01181839to01235518/01193913.tar.gz
HTAR: a   DC2_ImSim/Run2.1i/instCat/01181839to01235518/01193914.tar.gz
HTAR: a   DC2_ImSim/Run2.1i/instCat/01181839to01235518/01193915.tar.gz
HTAR: a   DC2_ImSim/Run2.1i/instCat/01181839to01235518/01193916.tar.gz
HTAR: a   DC2_ImSim/Run2.1i/instCat/01181839to01235518/01193917.tar.gz
HTAR: a   DC2_ImSim/Run2.1i/instCat/01181839to01235518/01193918.tar.gz
HTAR: a   DC2_ImSim/Run2.1i/instCat/01181839to01235518/01193919.tar.gz
HTAR: a   DC2_ImSim/Run2.1i/instCat/01181839to01235518/01193920.tar.gz
HTAR: a   DC2_ImSim/Run2.1i/instCat/01181839to01235518/01193921.tar.gz
HTAR: a   DC2_ImSim/Run2.1i/instCat/01181839to01235518/01193922.tar.gz
HTAR: a   DC2_ImSim/Run2.1i/instCat/01181839to01235518/01193923.tar.gz
HTAR: a   DC2_ImSim/Run2.1i/instCat/01181839to01235518/01193949.tar.gz
HTAR: a   DC2_ImSim/Run2.1i/instCat/01181839to01235518/01193954.tar.gz
HTAR: a   DC2_ImSim/Run2.1i/instCat/01181839to01235518/01193956.tar.gz
HTAR: a   DC2_ImSim/Run2.1i/instCat/01181839to01235518/01193957.tar.gz
HTAR: a   DC2_ImSim/Run2.1i/instCat/01181839to01235518/01193958.tar.gz
HTAR: a   DC2_ImSim/Run2.1i/instCat/01181839to01235518/01193959.tar.gz
HTAR: a   DC2_ImSim/Run2.1i/instCat/01181839to01235518/01193960.tar.gz
HTAR: a   DC2_ImSim/Run2.1i/instCat/01181839to01235518/01193961.tar.gz
HTAR: a   DC2_ImSim/Run2.1i/instCat/01181839to01235518/01193962.tar.gz
HTAR: a   DC2_ImSim/Run2.1i/instCat/01181839to01235518/01193963.tar.gz
HTAR: a   DC2_ImSim/Run2.1i/instCat/01181839to01235518/01193964.tar.gz
HTAR: a   DC2_ImSim/Run2.1i/instCat/01181839to01235518/01193965.tar.gz
HTAR: a   DC2_ImSim/Run2.1i/instCat/01181839to01235518/01193966.tar.gz
HTAR: a   DC2_ImSim/Run2.1i/instCat/01181839to01235518/01193967.tar.gz
HTAR: a   DC2_ImSim/Run2.1i/instCat/01181839to01235518/01193968.tar.gz
HTAR: a   DC2_ImSim/Run2.1i/instCat/01181839to01235518/01193969.tar.gz
HTAR: a   DC2_ImSim/Run2.1i/instCat/01181839to01235518/01193970.tar.gz
HTAR: a   DC2_ImSim/Run2.1i/instCat/01181839to01235518/01194139.tar.gz
HTAR: a   DC2_ImSim/Run2.1i/instCat/01181839to01235518/01194152.tar.gz
HTAR: a   DC2_ImSim/Run2.1i/instCat/01181839to01235518/01194160.tar.gz
HTAR: a   DC2_ImSim/Run2.1i/instCat/01181839to01235518/01194622.tar.gz
HTAR: a   DC2_ImSim/Run2.1i/instCat/01181839to01235518/01194623.tar.gz
HTAR: a   DC2_ImSim/Run2.1i/instCat/01181839to01235518/01194624.tar.gz
HTAR: a   DC2_ImSim/Run2.1i/instCat/01181839to01235518/01194631.tar.gz
HTAR: a   DC2_ImSim/Run2.1i/instCat/01181839to01235518/01194632.tar.gz
HTAR: a   DC2_ImSim/Run2.1i/instCat/01181839to01235518/01194633.tar.gz
HTAR: a   DC2_ImSim/Run2.1i/instCat/01181839to01235518/01194634.tar.gz
HTAR: a   DC2_ImSim/Run2.1i/instCat/01181839to01235518/01194635.tar.gz
HTAR: a   DC2_ImSim/Run2.1i/instCat/01181839to01235518/01194636.tar.gz
HTAR: a   DC2_ImSim/Run2.1i/instCat/01181839to01235518/01194651.tar.gz
HTAR: a   DC2_ImSim/Run2.1i/instCat/01181839to01235518/01194652.tar.gz
HTAR: a   DC2_ImSim/Run2.1i/instCat/01181839to01235518/01194653.tar.gz
HTAR: a   DC2_ImSim/Run2.1i/instCat/01181839to01235518/01194654.tar.gz
HTAR: a   DC2_ImSim/Run2.1i/instCat/01181839to01235518/01194657.tar.gz
HTAR: a   DC2_ImSim/Run2.1i/instCat/01181839to01235518/01194658.tar.gz
HTAR: a   DC2_ImSim/Run2.1i/instCat/01181839to01235518/01194659.tar.gz
HTAR: a   DC2_ImSim/Run2.1i/instCat/01181839to01235518/01194660.tar.gz
HTAR: a   DC2_ImSim/Run2.1i/instCat/01181839to01235518/01194661.tar.gz
HTAR: a   DC2_ImSim/Run2.1i/instCat/01181839to01235518/01194667.tar.gz
HTAR: a   DC2_ImSim/Run2.1i/instCat/01181839to01235518/01194915.tar.gz
HTAR: a   DC2_ImSim/Run2.1i/instCat/01181839to01235518/01194916.tar.gz
HTAR: a   DC2_ImSim/Run2.1i/instCat/01181839to01235518/01195285.tar.gz
HTAR: a   DC2_ImSim/Run2.1i/instCat/01181839to01235518/01195286.tar.gz
HTAR: a   DC2_ImSim/Run2.1i/instCat/01181839to01235518/01195297.tar.gz
HTAR: a   DC2_ImSim/Run2.1i/instCat/01181839to01235518/01195298.tar.gz
HTAR: a   DC2_ImSim/Run2.1i/instCat/01181839to01235518/01195299.tar.gz
HTAR: a   DC2_ImSim/Run2.1i/instCat/01181839to01235518/01195300.tar.gz
HTAR: a   DC2_ImSim/Run2.1i/instCat/01181839to01235518/01195302.tar.gz
HTAR: a   DC2_ImSim/Run2.1i/instCat/01181839to01235518/01195312.tar.gz
HTAR: a   DC2_ImSim/Run2.1i/instCat/01181839to01235518/01195313.tar.gz
HTAR: a   DC2_ImSim/Run2.1i/instCat/01181839to01235518/01195314.tar.gz
HTAR: a   DC2_ImSim/Run2.1i/instCat/01181839to01235518/01195315.tar.gz
HTAR: a   DC2_ImSim/Run2.1i/instCat/01181839to01235518/01195316.tar.gz
HTAR: a   DC2_ImSim/Run2.1i/instCat/01181839to01235518/01195317.tar.gz
HTAR: a   DC2_ImSim/Run2.1i/instCat/01181839to01235518/01195318.tar.gz
HTAR: a   DC2_ImSim/Run2.1i/instCat/01181839to01235518/01195319.tar.gz
HTAR: a   DC2_ImSim/Run2.1i/instCat/01181839to01235518/01195320.tar.gz
HTAR: a   DC2_ImSim/Run2.1i/instCat/01181839to01235518/01195331.tar.gz
HTAR: a   DC2_ImSim/Run2.1i/instCat/01181839to01235518/01195332.tar.gz
HTAR: a   DC2_ImSim/Run2.1i/instCat/01181839to01235518/01195333.tar.gz
HTAR: a   DC2_ImSim/Run2.1i/instCat/01181839to01235518/01195334.tar.gz
HTAR: a   DC2_ImSim/Run2.1i/instCat/01181839to01235518/01195347.tar.gz
HTAR: a   DC2_ImSim/Run2.1i/instCat/01181839to01235518/01195348.tar.gz
HTAR: a   DC2_ImSim/Run2.1i/instCat/01181839to01235518/01195349.tar.gz
HTAR: a   DC2_ImSim/Run2.1i/instCat/01181839to01235518/01195350.tar.gz
HTAR: a   DC2_ImSim/Run2.1i/instCat/01181839to01235518/01195351.tar.gz
HTAR: a   DC2_ImSim/Run2.1i/instCat/01181839to01235518/01195352.tar.gz
HTAR: a   DC2_ImSim/Run2.1i/instCat/01181839to01235518/01195353.tar.gz
HTAR: a   DC2_ImSim/Run2.1i/instCat/01181839to01235518/01195354.tar.gz
HTAR: a   DC2_ImSim/Run2.1i/instCat/01181839to01235518/01195355.tar.gz
HTAR: a   DC2_ImSim/Run2.1i/instCat/01181839to01235518/01195377.tar.gz
HTAR: a   DC2_ImSim/Run2.1i/instCat/01181839to01235518/01195416.tar.gz
HTAR: a   DC2_ImSim/Run2.1i/instCat/01181839to01235518/01196209.tar.gz
HTAR: a   DC2_ImSim/Run2.1i/instCat/01181839to01235518/01196249.tar.gz
HTAR: a   DC2_ImSim/Run2.1i/instCat/01181839to01235518/01196264.tar.gz
HTAR: a   DC2_ImSim/Run2.1i/instCat/01181839to01235518/01196313.tar.gz
HTAR: a   DC2_ImSim/Run2.1i/instCat/01181839to01235518/01196314.tar.gz
HTAR: a   DC2_ImSim/Run2.1i/instCat/01181839to01235518/01196315.tar.gz
HTAR: a   DC2_ImSim/Run2.1i/instCat/01181839to01235518/01196316.tar.gz
HTAR: a   DC2_ImSim/Run2.1i/instCat/01181839to01235518/01196317.tar.gz
HTAR: a   DC2_ImSim/Run2.1i/instCat/01181839to01235518/01196359.tar.gz
HTAR: a   DC2_ImSim/Run2.1i/instCat/01181839to01235518/01196360.tar.gz
HTAR: a   DC2_ImSim/Run2.1i/instCat/01181839to01235518/01196361.tar.gz
HTAR: a   DC2_ImSim/Run2.1i/instCat/01181839to01235518/01196362.tar.gz
HTAR: a   /tmp/HTAR_CF_CHK_9945_1561581793
HTAR Create complete for /home/projects/desc/DC2_ImSim/Run2.1i/instCat/01181839to01235518/01193777to01196362.tar. 501,884,533,760 bytes written for 112 member files, max threads: 3 Transfer time: 2761.958 seconds (181.713 MB/s) wallclock/user/sys: 2762.647 3264.417 1440.607 seconds
HTAR: HTAR SUCCESSFUL
HTAR: a   DC2_ImSim/Run2.1i/instCat/01181839to01235518/01196402.tar.gz
HTAR: a   DC2_ImSim/Run2.1i/instCat/01181839to01235518/01196403.tar.gz
HTAR: a   DC2_ImSim/Run2.1i/instCat/01181839to01235518/01196404.tar.gz
HTAR: a   DC2_ImSim/Run2.1i/instCat/01181839to01235518/01196405.tar.gz
HTAR: a   DC2_ImSim/Run2.1i/instCat/01181839to01235518/01196406.tar.gz
HTAR: a   DC2_ImSim/Run2.1i/instCat/01181839to01235518/01196407.tar.gz
HTAR: a   DC2_ImSim/Run2.1i/instCat/01181839to01235518/01196408.tar.gz
HTAR: a   DC2_ImSim/Run2.1i/instCat/01181839to01235518/01196449.tar.gz
HTAR: a   DC2_ImSim/Run2.1i/instCat/01181839to01235518/01196450.tar.gz
HTAR: a   DC2_ImSim/Run2.1i/instCat/01181839to01235518/01196451.tar.gz
HTAR: a   DC2_ImSim/Run2.1i/instCat/01181839to01235518/01196452.tar.gz
HTAR: a   DC2_ImSim/Run2.1i/instCat/01181839to01235518/01196453.tar.gz
HTAR: a   DC2_ImSim/Run2.1i/instCat/01181839to01235518/01196454.tar.gz
HTAR: a   DC2_ImSim/Run2.1i/instCat/01181839to01235518/01196455.tar.gz
HTAR: a   DC2_ImSim/Run2.1i/instCat/01181839to01235518/01196457.tar.gz
HTAR: a   DC2_ImSim/Run2.1i/instCat/01181839to01235518/01196458.tar.gz
HTAR: a   DC2_ImSim/Run2.1i/instCat/01181839to01235518/01196459.tar.gz
HTAR: a   DC2_ImSim/Run2.1i/instCat/01181839to01235518/01196460.tar.gz
HTAR: a   DC2_ImSim/Run2.1i/instCat/01181839to01235518/01196461.tar.gz
HTAR: a   DC2_ImSim/Run2.1i/instCat/01181839to01235518/01196462.tar.gz
HTAR: a   DC2_ImSim/Run2.1i/instCat/01181839to01235518/01196463.tar.gz
HTAR: a   DC2_ImSim/Run2.1i/instCat/01181839to01235518/01196464.tar.gz
HTAR: a   DC2_ImSim/Run2.1i/instCat/01181839to01235518/01196465.tar.gz
HTAR: a   DC2_ImSim/Run2.1i/instCat/01181839to01235518/01196466.tar.gz
HTAR: a   DC2_ImSim/Run2.1i/instCat/01181839to01235518/01196467.tar.gz
HTAR: a   DC2_ImSim/Run2.1i/instCat/01181839to01235518/01196468.tar.gz
HTAR: a   DC2_ImSim/Run2.1i/instCat/01181839to01235518/01196499.tar.gz
HTAR: a   DC2_ImSim/Run2.1i/instCat/01181839to01235518/01196500.tar.gz
HTAR: a   DC2_ImSim/Run2.1i/instCat/01181839to01235518/01196501.tar.gz
HTAR: a   DC2_ImSim/Run2.1i/instCat/01181839to01235518/01196506.tar.gz
HTAR: a   DC2_ImSim/Run2.1i/instCat/01181839to01235518/01196523.tar.gz
HTAR: a   DC2_ImSim/Run2.1i/instCat/01181839to01235518/01196528.tar.gz
HTAR: a   DC2_ImSim/Run2.1i/instCat/01181839to01235518/01197596.tar.gz
HTAR: a   DC2_ImSim/Run2.1i/instCat/01181839to01235518/01197597.tar.gz
HTAR: a   DC2_ImSim/Run2.1i/instCat/01181839to01235518/01197598.tar.gz
HTAR: a   DC2_ImSim/Run2.1i/instCat/01181839to01235518/01197607.tar.gz
HTAR: a   DC2_ImSim/Run2.1i/instCat/01181839to01235518/01197608.tar.gz
HTAR: a   DC2_ImSim/Run2.1i/instCat/01181839to01235518/01197609.tar.gz
HTAR: a   DC2_ImSim/Run2.1i/instCat/01181839to01235518/01197611.tar.gz
HTAR: a   DC2_ImSim/Run2.1i/instCat/01181839to01235518/01197612.tar.gz
HTAR: a   DC2_ImSim/Run2.1i/instCat/01181839to01235518/01197613.tar.gz
HTAR: a   DC2_ImSim/Run2.1i/instCat/01181839to01235518/01197616.tar.gz
HTAR: a   DC2_ImSim/Run2.1i/instCat/01181839to01235518/01197617.tar.gz
HTAR: a   DC2_ImSim/Run2.1i/instCat/01181839to01235518/01197619.tar.gz
HTAR: a   DC2_ImSim/Run2.1i/instCat/01181839to01235518/01197620.tar.gz
HTAR: a   DC2_ImSim/Run2.1i/instCat/01181839to01235518/01197621.tar.gz
HTAR: a   DC2_ImSim/Run2.1i/instCat/01181839to01235518/01197622.tar.gz
HTAR: a   DC2_ImSim/Run2.1i/instCat/01181839to01235518/01197634.tar.gz
HTAR: a   DC2_ImSim/Run2.1i/instCat/01181839to01235518/01197635.tar.gz
HTAR: a   DC2_ImSim/Run2.1i/instCat/01181839to01235518/01197636.tar.gz
HTAR: a   DC2_ImSim/Run2.1i/instCat/01181839to01235518/01197648.tar.gz
HTAR: a   DC2_ImSim/Run2.1i/instCat/01181839to01235518/01197650.tar.gz
HTAR: a   DC2_ImSim/Run2.1i/instCat/01181839to01235518/01197651.tar.gz
HTAR: a   DC2_ImSim/Run2.1i/instCat/01181839to01235518/01197652.tar.gz
HTAR: a   DC2_ImSim/Run2.1i/instCat/01181839to01235518/01197653.tar.gz
HTAR: a   DC2_ImSim/Run2.1i/instCat/01181839to01235518/01197655.tar.gz
HTAR: a   DC2_ImSim/Run2.1i/instCat/01181839to01235518/01197665.tar.gz
HTAR: a   DC2_ImSim/Run2.1i/instCat/01181839to01235518/01197666.tar.gz
HTAR: a   DC2_ImSim/Run2.1i/instCat/01181839to01235518/01197667.tar.gz
HTAR: a   DC2_ImSim/Run2.1i/instCat/01181839to01235518/01197668.tar.gz
HTAR: a   DC2_ImSim/Run2.1i/instCat/01181839to01235518/01197669.tar.gz
HTAR: a   DC2_ImSim/Run2.1i/instCat/01181839to01235518/01197670.tar.gz
HTAR: a   DC2_ImSim/Run2.1i/instCat/01181839to01235518/01197692.tar.gz
HTAR: a   DC2_ImSim/Run2.1i/instCat/01181839to01235518/01197719.tar.gz
HTAR: a   DC2_ImSim/Run2.1i/instCat/01181839to01235518/01197720.tar.gz
HTAR: a   DC2_ImSim/Run2.1i/instCat/01181839to01235518/01197728.tar.gz
HTAR: a   DC2_ImSim/Run2.1i/instCat/01181839to01235518/01197729.tar.gz
HTAR: a   DC2_ImSim/Run2.1i/instCat/01181839to01235518/01197730.tar.gz
HTAR: a   DC2_ImSim/Run2.1i/instCat/01181839to01235518/01197731.tar.gz
HTAR: a   DC2_ImSim/Run2.1i/instCat/01181839to01235518/01197732.tar.gz
HTAR: a   DC2_ImSim/Run2.1i/instCat/01181839to01235518/01197758.tar.gz
HTAR: a   DC2_ImSim/Run2.1i/instCat/01181839to01235518/01197759.tar.gz
HTAR: a   DC2_ImSim/Run2.1i/instCat/01181839to01235518/01197760.tar.gz
HTAR: a   DC2_ImSim/Run2.1i/instCat/01181839to01235518/01197761.tar.gz
HTAR: a   DC2_ImSim/Run2.1i/instCat/01181839to01235518/01197762.tar.gz
HTAR: a   DC2_ImSim/Run2.1i/instCat/01181839to01235518/01197763.tar.gz
HTAR: a   DC2_ImSim/Run2.1i/instCat/01181839to01235518/01197787.tar.gz
HTAR: a   DC2_ImSim/Run2.1i/instCat/01181839to01235518/01197811.tar.gz
HTAR: a   DC2_ImSim/Run2.1i/instCat/01181839to01235518/01197812.tar.gz
HTAR: a   DC2_ImSim/Run2.1i/instCat/01181839to01235518/01197813.tar.gz
HTAR: a   DC2_ImSim/Run2.1i/instCat/01181839to01235518/01197814.tar.gz
HTAR: a   DC2_ImSim/Run2.1i/instCat/01181839to01235518/01197815.tar.gz
HTAR: a   DC2_ImSim/Run2.1i/instCat/01181839to01235518/01197816.tar.gz
HTAR: a   DC2_ImSim/Run2.1i/instCat/01181839to01235518/01197817.tar.gz
HTAR: a   DC2_ImSim/Run2.1i/instCat/01181839to01235518/01197818.tar.gz
HTAR: a   DC2_ImSim/Run2.1i/instCat/01181839to01235518/01197821.tar.gz
HTAR: a   DC2_ImSim/Run2.1i/instCat/01181839to01235518/01197822.tar.gz
HTAR: a   DC2_ImSim/Run2.1i/instCat/01181839to01235518/01197823.tar.gz
HTAR: a   DC2_ImSim/Run2.1i/instCat/01181839to01235518/01197824.tar.gz
HTAR: a   DC2_ImSim/Run2.1i/instCat/01181839to01235518/01197825.tar.gz
HTAR: a   DC2_ImSim/Run2.1i/instCat/01181839to01235518/01197826.tar.gz
HTAR: a   DC2_ImSim/Run2.1i/instCat/01181839to01235518/01197827.tar.gz
HTAR: a   DC2_ImSim/Run2.1i/instCat/01181839to01235518/01197845.tar.gz
HTAR: a   DC2_ImSim/Run2.1i/instCat/01181839to01235518/01197848.tar.gz
HTAR: a   DC2_ImSim/Run2.1i/instCat/01181839to01235518/01197849.tar.gz
HTAR: a   DC2_ImSim/Run2.1i/instCat/01181839to01235518/01197850.tar.gz
HTAR: a   DC2_ImSim/Run2.1i/instCat/01181839to01235518/01197851.tar.gz
HTAR: a   DC2_ImSim/Run2.1i/instCat/01181839to01235518/01197852.tar.gz
HTAR: a   DC2_ImSim/Run2.1i/instCat/01181839to01235518/01197853.tar.gz
HTAR: a   DC2_ImSim/Run2.1i/instCat/01181839to01235518/01197854.tar.gz
HTAR: a   DC2_ImSim/Run2.1i/instCat/01181839to01235518/01197855.tar.gz
HTAR: a   DC2_ImSim/Run2.1i/instCat/01181839to01235518/01197856.tar.gz
HTAR: a   DC2_ImSim/Run2.1i/instCat/01181839to01235518/01197857.tar.gz
HTAR: a   DC2_ImSim/Run2.1i/instCat/01181839to01235518/01197858.tar.gz
HTAR: a   DC2_ImSim/Run2.1i/instCat/01181839to01235518/01197859.tar.gz
HTAR: a   DC2_ImSim/Run2.1i/instCat/01181839to01235518/01197860.tar.gz
HTAR: a   DC2_ImSim/Run2.1i/instCat/01181839to01235518/01197862.tar.gz
HTAR: a   DC2_ImSim/Run2.1i/instCat/01181839to01235518/01197863.tar.gz
HTAR: a   DC2_ImSim/Run2.1i/instCat/01181839to01235518/01197864.tar.gz
HTAR: a   DC2_ImSim/Run2.1i/instCat/01181839to01235518/01197874.tar.gz
HTAR: a   DC2_ImSim/Run2.1i/instCat/01181839to01235518/01197878.tar.gz
HTAR: a   DC2_ImSim/Run2.1i/instCat/01181839to01235518/01197879.tar.gz
HTAR: a   /tmp/HTAR_CF_CHK_17245_1561584559
HTAR Create complete for /home/projects/desc/DC2_ImSim/Run2.1i/instCat/01181839to01235518/01196402to01197879.tar. 503,795,573,248 bytes written for 112 member files, max threads: 3 Transfer time: 2816.253 seconds (178.889 MB/s) wallclock/user/sys: 2816.922 3332.141 1475.895 seconds
HTAR: HTAR SUCCESSFUL
HTAR: a   DC2_ImSim/Run2.1i/instCat/01181839to01235518/01197880.tar.gz
HTAR: a   DC2_ImSim/Run2.1i/instCat/01181839to01235518/01197881.tar.gz
HTAR: a   DC2_ImSim/Run2.1i/instCat/01181839to01235518/01197882.tar.gz
HTAR: a   DC2_ImSim/Run2.1i/instCat/01181839to01235518/01197883.tar.gz
HTAR: a   DC2_ImSim/Run2.1i/instCat/01181839to01235518/01197903.tar.gz
HTAR: a   DC2_ImSim/Run2.1i/instCat/01181839to01235518/01197906.tar.gz
HTAR: a   DC2_ImSim/Run2.1i/instCat/01181839to01235518/01197907.tar.gz
HTAR: a   DC2_ImSim/Run2.1i/instCat/01181839to01235518/01197911.tar.gz
HTAR: a   DC2_ImSim/Run2.1i/instCat/01181839to01235518/01197912.tar.gz
HTAR: a   DC2_ImSim/Run2.1i/instCat/01181839to01235518/01197942.tar.gz
HTAR: a   DC2_ImSim/Run2.1i/instCat/01181839to01235518/01197943.tar.gz
HTAR: a   DC2_ImSim/Run2.1i/instCat/01181839to01235518/01197944.tar.gz
HTAR: a   DC2_ImSim/Run2.1i/instCat/01181839to01235518/01197945.tar.gz
HTAR: a   DC2_ImSim/Run2.1i/instCat/01181839to01235518/01197947.tar.gz
HTAR: a   DC2_ImSim/Run2.1i/instCat/01181839to01235518/01197948.tar.gz
HTAR: a   DC2_ImSim/Run2.1i/instCat/01181839to01235518/01197986.tar.gz
HTAR: a   DC2_ImSim/Run2.1i/instCat/01181839to01235518/01197987.tar.gz
HTAR: a   DC2_ImSim/Run2.1i/instCat/01181839to01235518/01197990.tar.gz
HTAR: a   DC2_ImSim/Run2.1i/instCat/01181839to01235518/01197992.tar.gz
HTAR: a   DC2_ImSim/Run2.1i/instCat/01181839to01235518/01197993.tar.gz
HTAR: a   DC2_ImSim/Run2.1i/instCat/01181839to01235518/01198392.tar.gz
HTAR: a   DC2_ImSim/Run2.1i/instCat/01181839to01235518/01198393.tar.gz
HTAR: a   DC2_ImSim/Run2.1i/instCat/01181839to01235518/01198394.tar.gz
HTAR: a   DC2_ImSim/Run2.1i/instCat/01181839to01235518/01198406.tar.gz
HTAR: a   DC2_ImSim/Run2.1i/instCat/01181839to01235518/01198407.tar.gz
HTAR: a   DC2_ImSim/Run2.1i/instCat/01181839to01235518/01198408.tar.gz
HTAR: a   DC2_ImSim/Run2.1i/instCat/01181839to01235518/01198409.tar.gz
HTAR: a   DC2_ImSim/Run2.1i/instCat/01181839to01235518/01198410.tar.gz
HTAR: a   DC2_ImSim/Run2.1i/instCat/01181839to01235518/01198411.tar.gz
HTAR: a   DC2_ImSim/Run2.1i/instCat/01181839to01235518/01198412.tar.gz
HTAR: a   DC2_ImSim/Run2.1i/instCat/01181839to01235518/01198413.tar.gz
HTAR: a   DC2_ImSim/Run2.1i/instCat/01181839to01235518/01198414.tar.gz
HTAR: a   DC2_ImSim/Run2.1i/instCat/01181839to01235518/01198415.tar.gz
HTAR: a   DC2_ImSim/Run2.1i/instCat/01181839to01235518/01198416.tar.gz
HTAR: a   DC2_ImSim/Run2.1i/instCat/01181839to01235518/01198431.tar.gz
HTAR: a   DC2_ImSim/Run2.1i/instCat/01181839to01235518/01198432.tar.gz
HTAR: a   DC2_ImSim/Run2.1i/instCat/01181839to01235518/01198433.tar.gz
HTAR: a   DC2_ImSim/Run2.1i/instCat/01181839to01235518/01198435.tar.gz
HTAR: a   DC2_ImSim/Run2.1i/instCat/01181839to01235518/01198436.tar.gz
HTAR: a   DC2_ImSim/Run2.1i/instCat/01181839to01235518/01198437.tar.gz
HTAR: a   DC2_ImSim/Run2.1i/instCat/01181839to01235518/01198438.tar.gz
HTAR: a   DC2_ImSim/Run2.1i/instCat/01181839to01235518/01198439.tar.gz
HTAR: a   DC2_ImSim/Run2.1i/instCat/01181839to01235518/01198440.tar.gz
HTAR: a   DC2_ImSim/Run2.1i/instCat/01181839to01235518/01198451.tar.gz
HTAR: a   DC2_ImSim/Run2.1i/instCat/01181839to01235518/01198452.tar.gz
HTAR: a   DC2_ImSim/Run2.1i/instCat/01181839to01235518/01198453.tar.gz
HTAR: a   DC2_ImSim/Run2.1i/instCat/01181839to01235518/01198454.tar.gz
HTAR: a   DC2_ImSim/Run2.1i/instCat/01181839to01235518/01198455.tar.gz
HTAR: a   DC2_ImSim/Run2.1i/instCat/01181839to01235518/01198456.tar.gz
HTAR: a   DC2_ImSim/Run2.1i/instCat/01181839to01235518/01198457.tar.gz
HTAR: a   DC2_ImSim/Run2.1i/instCat/01181839to01235518/01198465.tar.gz
HTAR: a   DC2_ImSim/Run2.1i/instCat/01181839to01235518/01198466.tar.gz
HTAR: a   DC2_ImSim/Run2.1i/instCat/01181839to01235518/01198467.tar.gz
HTAR: a   DC2_ImSim/Run2.1i/instCat/01181839to01235518/01198468.tar.gz
HTAR: a   DC2_ImSim/Run2.1i/instCat/01181839to01235518/01198469.tar.gz
HTAR: a   DC2_ImSim/Run2.1i/instCat/01181839to01235518/01198470.tar.gz
HTAR: a   DC2_ImSim/Run2.1i/instCat/01181839to01235518/01198471.tar.gz
HTAR: a   DC2_ImSim/Run2.1i/instCat/01181839to01235518/01198472.tar.gz
HTAR: a   DC2_ImSim/Run2.1i/instCat/01181839to01235518/01198475.tar.gz
HTAR: a   DC2_ImSim/Run2.1i/instCat/01181839to01235518/01198476.tar.gz
HTAR: a   DC2_ImSim/Run2.1i/instCat/01181839to01235518/01198477.tar.gz
HTAR: a   DC2_ImSim/Run2.1i/instCat/01181839to01235518/01198478.tar.gz
HTAR: a   DC2_ImSim/Run2.1i/instCat/01181839to01235518/01198479.tar.gz
HTAR: a   DC2_ImSim/Run2.1i/instCat/01181839to01235518/01198480.tar.gz
HTAR: a   DC2_ImSim/Run2.1i/instCat/01181839to01235518/01198492.tar.gz
HTAR: a   DC2_ImSim/Run2.1i/instCat/01181839to01235518/01198497.tar.gz
HTAR: a   DC2_ImSim/Run2.1i/instCat/01181839to01235518/01198498.tar.gz
HTAR: a   DC2_ImSim/Run2.1i/instCat/01181839to01235518/01198499.tar.gz
HTAR: a   DC2_ImSim/Run2.1i/instCat/01181839to01235518/01198500.tar.gz
HTAR: a   DC2_ImSim/Run2.1i/instCat/01181839to01235518/01198501.tar.gz
HTAR: a   DC2_ImSim/Run2.1i/instCat/01181839to01235518/01198502.tar.gz
HTAR: a   DC2_ImSim/Run2.1i/instCat/01181839to01235518/01198503.tar.gz
HTAR: a   DC2_ImSim/Run2.1i/instCat/01181839to01235518/01198504.tar.gz
HTAR: a   DC2_ImSim/Run2.1i/instCat/01181839to01235518/01198505.tar.gz
HTAR: a   DC2_ImSim/Run2.1i/instCat/01181839to01235518/01198507.tar.gz
HTAR: a   DC2_ImSim/Run2.1i/instCat/01181839to01235518/01198508.tar.gz
HTAR: a   DC2_ImSim/Run2.1i/instCat/01181839to01235518/01198509.tar.gz
HTAR: a   DC2_ImSim/Run2.1i/instCat/01181839to01235518/01198510.tar.gz
HTAR: a   DC2_ImSim/Run2.1i/instCat/01181839to01235518/01198511.tar.gz
HTAR: a   DC2_ImSim/Run2.1i/instCat/01181839to01235518/01198512.tar.gz
HTAR: a   DC2_ImSim/Run2.1i/instCat/01181839to01235518/01198513.tar.gz
HTAR: a   DC2_ImSim/Run2.1i/instCat/01181839to01235518/01198516.tar.gz
HTAR: a   DC2_ImSim/Run2.1i/instCat/01181839to01235518/01198517.tar.gz
HTAR: a   DC2_ImSim/Run2.1i/instCat/01181839to01235518/01198518.tar.gz
HTAR: a   DC2_ImSim/Run2.1i/instCat/01181839to01235518/01198715.tar.gz
HTAR: a   DC2_ImSim/Run2.1i/instCat/01181839to01235518/01198733.tar.gz
HTAR: a   DC2_ImSim/Run2.1i/instCat/01181839to01235518/01198734.tar.gz
HTAR: a   DC2_ImSim/Run2.1i/instCat/01181839to01235518/01198774.tar.gz
HTAR: a   DC2_ImSim/Run2.1i/instCat/01181839to01235518/01198803.tar.gz
HTAR: a   DC2_ImSim/Run2.1i/instCat/01181839to01235518/01198804.tar.gz
HTAR: a   DC2_ImSim/Run2.1i/instCat/01181839to01235518/01198805.tar.gz
HTAR: a   DC2_ImSim/Run2.1i/instCat/01181839to01235518/01198806.tar.gz
HTAR: a   DC2_ImSim/Run2.1i/instCat/01181839to01235518/01198809.tar.gz
HTAR: a   DC2_ImSim/Run2.1i/instCat/01181839to01235518/01198810.tar.gz
HTAR: a   DC2_ImSim/Run2.1i/instCat/01181839to01235518/01198811.tar.gz
HTAR: a   DC2_ImSim/Run2.1i/instCat/01181839to01235518/01198812.tar.gz
HTAR: a   DC2_ImSim/Run2.1i/instCat/01181839to01235518/01198813.tar.gz
HTAR: a   DC2_ImSim/Run2.1i/instCat/01181839to01235518/01198814.tar.gz
HTAR: a   DC2_ImSim/Run2.1i/instCat/01181839to01235518/01198816.tar.gz
HTAR: a   DC2_ImSim/Run2.1i/instCat/01181839to01235518/01198817.tar.gz
HTAR: a   DC2_ImSim/Run2.1i/instCat/01181839to01235518/01198818.tar.gz
HTAR: a   DC2_ImSim/Run2.1i/instCat/01181839to01235518/01198819.tar.gz
HTAR: a   DC2_ImSim/Run2.1i/instCat/01181839to01235518/01198821.tar.gz
HTAR: a   DC2_ImSim/Run2.1i/instCat/01181839to01235518/01198822.tar.gz
HTAR: a   DC2_ImSim/Run2.1i/instCat/01181839to01235518/01198823.tar.gz
HTAR: a   DC2_ImSim/Run2.1i/instCat/01181839to01235518/01198824.tar.gz
HTAR: a   DC2_ImSim/Run2.1i/instCat/01181839to01235518/01198825.tar.gz
HTAR: a   DC2_ImSim/Run2.1i/instCat/01181839to01235518/01198826.tar.gz
HTAR: a   DC2_ImSim/Run2.1i/instCat/01181839to01235518/01198827.tar.gz
HTAR: a   DC2_ImSim/Run2.1i/instCat/01181839to01235518/01198828.tar.gz
HTAR: a   DC2_ImSim/Run2.1i/instCat/01181839to01235518/01198829.tar.gz
HTAR: a   DC2_ImSim/Run2.1i/instCat/01181839to01235518/01198830.tar.gz
HTAR: a   /tmp/HTAR_CF_CHK_38754_1561587378
HTAR Create complete for /home/projects/desc/DC2_ImSim/Run2.1i/instCat/01181839to01235518/01197880to01198830.tar. 513,318,312,448 bytes written for 112 member files, max threads: 3 Transfer time: 3063.058 seconds (167.584 MB/s) wallclock/user/sys: 3063.864 3599.269 1631.831 seconds
HTAR: HTAR SUCCESSFUL
HTAR: a   DC2_ImSim/Run2.1i/instCat/01181839to01235518/01198831.tar.gz
HTAR: a   DC2_ImSim/Run2.1i/instCat/01181839to01235518/01198840.tar.gz
HTAR: a   DC2_ImSim/Run2.1i/instCat/01181839to01235518/01198841.tar.gz
HTAR: a   DC2_ImSim/Run2.1i/instCat/01181839to01235518/01198842.tar.gz
HTAR: a   DC2_ImSim/Run2.1i/instCat/01181839to01235518/01198843.tar.gz
HTAR: a   DC2_ImSim/Run2.1i/instCat/01181839to01235518/01198844.tar.gz
HTAR: a   DC2_ImSim/Run2.1i/instCat/01181839to01235518/01198845.tar.gz
HTAR: a   DC2_ImSim/Run2.1i/instCat/01181839to01235518/01198846.tar.gz
HTAR: a   DC2_ImSim/Run2.1i/instCat/01181839to01235518/01198847.tar.gz
HTAR: a   DC2_ImSim/Run2.1i/instCat/01181839to01235518/01198848.tar.gz
HTAR: a   DC2_ImSim/Run2.1i/instCat/01181839to01235518/01198849.tar.gz
HTAR: a   DC2_ImSim/Run2.1i/instCat/01181839to01235518/01198850.tar.gz
HTAR: a   DC2_ImSim/Run2.1i/instCat/01181839to01235518/01198851.tar.gz
HTAR: a   DC2_ImSim/Run2.1i/instCat/01181839to01235518/01198853.tar.gz
HTAR: a   DC2_ImSim/Run2.1i/instCat/01181839to01235518/01198854.tar.gz
HTAR: a   DC2_ImSim/Run2.1i/instCat/01181839to01235518/01198855.tar.gz
HTAR: a   DC2_ImSim/Run2.1i/instCat/01181839to01235518/01198856.tar.gz
HTAR: a   DC2_ImSim/Run2.1i/instCat/01181839to01235518/01198857.tar.gz
HTAR: a   DC2_ImSim/Run2.1i/instCat/01181839to01235518/01198858.tar.gz
HTAR: a   DC2_ImSim/Run2.1i/instCat/01181839to01235518/01198859.tar.gz
HTAR: a   DC2_ImSim/Run2.1i/instCat/01181839to01235518/01198860.tar.gz
HTAR: a   DC2_ImSim/Run2.1i/instCat/01181839to01235518/01199153.tar.gz
HTAR: a   DC2_ImSim/Run2.1i/instCat/01181839to01235518/01199154.tar.gz
HTAR: a   DC2_ImSim/Run2.1i/instCat/01181839to01235518/01199155.tar.gz
HTAR: a   DC2_ImSim/Run2.1i/instCat/01181839to01235518/01199156.tar.gz
HTAR: a   DC2_ImSim/Run2.1i/instCat/01181839to01235518/01199173.tar.gz
HTAR: a   DC2_ImSim/Run2.1i/instCat/01181839to01235518/01199187.tar.gz
HTAR: a   DC2_ImSim/Run2.1i/instCat/01181839to01235518/01199188.tar.gz
HTAR: a   DC2_ImSim/Run2.1i/instCat/01181839to01235518/01199189.tar.gz
HTAR: a   DC2_ImSim/Run2.1i/instCat/01181839to01235518/01199190.tar.gz
HTAR: a   DC2_ImSim/Run2.1i/instCat/01181839to01235518/01199191.tar.gz
HTAR: a   DC2_ImSim/Run2.1i/instCat/01181839to01235518/01199193.tar.gz
HTAR: a   DC2_ImSim/Run2.1i/instCat/01181839to01235518/01199194.tar.gz
HTAR: a   DC2_ImSim/Run2.1i/instCat/01181839to01235518/01199195.tar.gz
HTAR: a   DC2_ImSim/Run2.1i/instCat/01181839to01235518/01199208.tar.gz
HTAR: a   DC2_ImSim/Run2.1i/instCat/01181839to01235518/01199209.tar.gz
HTAR: a   DC2_ImSim/Run2.1i/instCat/01181839to01235518/01199210.tar.gz
HTAR: a   DC2_ImSim/Run2.1i/instCat/01181839to01235518/01199211.tar.gz
HTAR: a   DC2_ImSim/Run2.1i/instCat/01181839to01235518/01199212.tar.gz
HTAR: a   DC2_ImSim/Run2.1i/instCat/01181839to01235518/01199213.tar.gz
HTAR: a   DC2_ImSim/Run2.1i/instCat/01181839to01235518/01199225.tar.gz
HTAR: a   DC2_ImSim/Run2.1i/instCat/01181839to01235518/01199226.tar.gz
HTAR: a   DC2_ImSim/Run2.1i/instCat/01181839to01235518/01199227.tar.gz
HTAR: a   DC2_ImSim/Run2.1i/instCat/01181839to01235518/01199228.tar.gz
HTAR: a   DC2_ImSim/Run2.1i/instCat/01181839to01235518/01199229.tar.gz
HTAR: a   DC2_ImSim/Run2.1i/instCat/01181839to01235518/01199230.tar.gz
HTAR: a   DC2_ImSim/Run2.1i/instCat/01181839to01235518/01199231.tar.gz
HTAR: a   DC2_ImSim/Run2.1i/instCat/01181839to01235518/01199232.tar.gz
HTAR: a   DC2_ImSim/Run2.1i/instCat/01181839to01235518/01199233.tar.gz
HTAR: a   DC2_ImSim/Run2.1i/instCat/01181839to01235518/01199234.tar.gz
HTAR: a   DC2_ImSim/Run2.1i/instCat/01181839to01235518/01199235.tar.gz
HTAR: a   DC2_ImSim/Run2.1i/instCat/01181839to01235518/01199236.tar.gz
HTAR: a   DC2_ImSim/Run2.1i/instCat/01181839to01235518/01199237.tar.gz
HTAR: a   DC2_ImSim/Run2.1i/instCat/01181839to01235518/01199238.tar.gz
HTAR: a   DC2_ImSim/Run2.1i/instCat/01181839to01235518/01199239.tar.gz
HTAR: a   DC2_ImSim/Run2.1i/instCat/01181839to01235518/01199240.tar.gz
HTAR: a   DC2_ImSim/Run2.1i/instCat/01181839to01235518/01199241.tar.gz
HTAR: a   DC2_ImSim/Run2.1i/instCat/01181839to01235518/01199245.tar.gz
HTAR: a   DC2_ImSim/Run2.1i/instCat/01181839to01235518/01199246.tar.gz
HTAR: a   DC2_ImSim/Run2.1i/instCat/01181839to01235518/01199247.tar.gz
HTAR: a   DC2_ImSim/Run2.1i/instCat/01181839to01235518/01199248.tar.gz
HTAR: a   DC2_ImSim/Run2.1i/instCat/01181839to01235518/01199249.tar.gz
HTAR: a   DC2_ImSim/Run2.1i/instCat/01181839to01235518/01199259.tar.gz
HTAR: a   DC2_ImSim/Run2.1i/instCat/01181839to01235518/01199260.tar.gz
HTAR: a   DC2_ImSim/Run2.1i/instCat/01181839to01235518/01199262.tar.gz
HTAR: a   DC2_ImSim/Run2.1i/instCat/01181839to01235518/01199263.tar.gz
HTAR: a   DC2_ImSim/Run2.1i/instCat/01181839to01235518/01199264.tar.gz
HTAR: a   DC2_ImSim/Run2.1i/instCat/01181839to01235518/01199265.tar.gz
HTAR: a   DC2_ImSim/Run2.1i/instCat/01181839to01235518/01199266.tar.gz
HTAR: a   DC2_ImSim/Run2.1i/instCat/01181839to01235518/01199267.tar.gz
HTAR: a   DC2_ImSim/Run2.1i/instCat/01181839to01235518/01199270.tar.gz
HTAR: a   DC2_ImSim/Run2.1i/instCat/01181839to01235518/01199271.tar.gz
HTAR: a   DC2_ImSim/Run2.1i/instCat/01181839to01235518/01199272.tar.gz
HTAR: a   DC2_ImSim/Run2.1i/instCat/01181839to01235518/01199276.tar.gz
HTAR: a   DC2_ImSim/Run2.1i/instCat/01181839to01235518/01199277.tar.gz
HTAR: a   DC2_ImSim/Run2.1i/instCat/01181839to01235518/01199278.tar.gz
HTAR: a   DC2_ImSim/Run2.1i/instCat/01181839to01235518/01199279.tar.gz
HTAR: a   DC2_ImSim/Run2.1i/instCat/01181839to01235518/01199280.tar.gz
HTAR: a   DC2_ImSim/Run2.1i/instCat/01181839to01235518/01199284.tar.gz
HTAR: a   DC2_ImSim/Run2.1i/instCat/01181839to01235518/01199285.tar.gz
HTAR: a   DC2_ImSim/Run2.1i/instCat/01181839to01235518/01199286.tar.gz
HTAR: a   DC2_ImSim/Run2.1i/instCat/01181839to01235518/01199287.tar.gz
HTAR: a   DC2_ImSim/Run2.1i/instCat/01181839to01235518/01199288.tar.gz
HTAR: a   DC2_ImSim/Run2.1i/instCat/01181839to01235518/01199289.tar.gz
HTAR: a   DC2_ImSim/Run2.1i/instCat/01181839to01235518/01199290.tar.gz
HTAR: a   DC2_ImSim/Run2.1i/instCat/01181839to01235518/01199291.tar.gz
HTAR: a   DC2_ImSim/Run2.1i/instCat/01181839to01235518/01199295.tar.gz
HTAR: a   DC2_ImSim/Run2.1i/instCat/01181839to01235518/01199298.tar.gz
HTAR: a   DC2_ImSim/Run2.1i/instCat/01181839to01235518/01199299.tar.gz
HTAR: a   DC2_ImSim/Run2.1i/instCat/01181839to01235518/01199301.tar.gz
HTAR: a   DC2_ImSim/Run2.1i/instCat/01181839to01235518/01199302.tar.gz
HTAR: a   DC2_ImSim/Run2.1i/instCat/01181839to01235518/01199303.tar.gz
HTAR: a   DC2_ImSim/Run2.1i/instCat/01181839to01235518/01199304.tar.gz
HTAR: a   DC2_ImSim/Run2.1i/instCat/01181839to01235518/01199305.tar.gz
HTAR: a   DC2_ImSim/Run2.1i/instCat/01181839to01235518/01199306.tar.gz
HTAR: a   DC2_ImSim/Run2.1i/instCat/01181839to01235518/01199311.tar.gz
HTAR: a   DC2_ImSim/Run2.1i/instCat/01181839to01235518/01199318.tar.gz
HTAR: a   DC2_ImSim/Run2.1i/instCat/01181839to01235518/01199319.tar.gz
HTAR: a   DC2_ImSim/Run2.1i/instCat/01181839to01235518/01199320.tar.gz
HTAR: a   DC2_ImSim/Run2.1i/instCat/01181839to01235518/01199349.tar.gz
HTAR: a   DC2_ImSim/Run2.1i/instCat/01181839to01235518/01199350.tar.gz
HTAR: a   DC2_ImSim/Run2.1i/instCat/01181839to01235518/01199351.tar.gz
HTAR: a   DC2_ImSim/Run2.1i/instCat/01181839to01235518/01199353.tar.gz
HTAR: a   DC2_ImSim/Run2.1i/instCat/01181839to01235518/01199354.tar.gz
HTAR: a   DC2_ImSim/Run2.1i/instCat/01181839to01235518/01199355.tar.gz
HTAR: a   DC2_ImSim/Run2.1i/instCat/01181839to01235518/01200013.tar.gz
HTAR: a   DC2_ImSim/Run2.1i/instCat/01181839to01235518/01200014.tar.gz
HTAR: a   DC2_ImSim/Run2.1i/instCat/01181839to01235518/01200015.tar.gz
HTAR: a   DC2_ImSim/Run2.1i/instCat/01181839to01235518/01200016.tar.gz
HTAR: a   DC2_ImSim/Run2.1i/instCat/01181839to01235518/01200050.tar.gz
HTAR: a   DC2_ImSim/Run2.1i/instCat/01181839to01235518/01200051.tar.gz
HTAR: a   DC2_ImSim/Run2.1i/instCat/01181839to01235518/01200052.tar.gz
HTAR: a   /tmp/HTAR_CF_CHK_38781_1561590445
HTAR Create complete for /home/projects/desc/DC2_ImSim/Run2.1i/instCat/01181839to01235518/01198831to01200052.tar. 509,114,033,152 bytes written for 112 member files, max threads: 2 Transfer time: 2959.161 seconds (172.047 MB/s) wallclock/user/sys: 2959.886 3474.448 1585.573 seconds
HTAR: HTAR SUCCESSFUL
