HTAR: a   DC2_ImSim/Run2.1i/instCat/01181839to01235518/01215637.tar.gz
HTAR: a   DC2_ImSim/Run2.1i/instCat/01181839to01235518/01215638.tar.gz
HTAR: a   DC2_ImSim/Run2.1i/instCat/01181839to01235518/01215639.tar.gz
HTAR: a   DC2_ImSim/Run2.1i/instCat/01181839to01235518/01215640.tar.gz
HTAR: a   DC2_ImSim/Run2.1i/instCat/01181839to01235518/01215641.tar.gz
HTAR: a   DC2_ImSim/Run2.1i/instCat/01181839to01235518/01215642.tar.gz
HTAR: a   DC2_ImSim/Run2.1i/instCat/01181839to01235518/01215643.tar.gz
HTAR: a   DC2_ImSim/Run2.1i/instCat/01181839to01235518/01215644.tar.gz
HTAR: a   DC2_ImSim/Run2.1i/instCat/01181839to01235518/01215672.tar.gz
HTAR: a   DC2_ImSim/Run2.1i/instCat/01181839to01235518/01215674.tar.gz
HTAR: a   DC2_ImSim/Run2.1i/instCat/01181839to01235518/01215675.tar.gz
HTAR: a   DC2_ImSim/Run2.1i/instCat/01181839to01235518/01215676.tar.gz
HTAR: a   DC2_ImSim/Run2.1i/instCat/01181839to01235518/01215677.tar.gz
HTAR: a   DC2_ImSim/Run2.1i/instCat/01181839to01235518/01215678.tar.gz
HTAR: a   DC2_ImSim/Run2.1i/instCat/01181839to01235518/01215679.tar.gz
HTAR: a   DC2_ImSim/Run2.1i/instCat/01181839to01235518/01215680.tar.gz
HTAR: a   DC2_ImSim/Run2.1i/instCat/01181839to01235518/01215681.tar.gz
HTAR: a   DC2_ImSim/Run2.1i/instCat/01181839to01235518/01215682.tar.gz
HTAR: a   DC2_ImSim/Run2.1i/instCat/01181839to01235518/01216141.tar.gz
HTAR: a   DC2_ImSim/Run2.1i/instCat/01181839to01235518/01216142.tar.gz
HTAR: a   DC2_ImSim/Run2.1i/instCat/01181839to01235518/01216143.tar.gz
HTAR: a   DC2_ImSim/Run2.1i/instCat/01181839to01235518/01216144.tar.gz
HTAR: a   DC2_ImSim/Run2.1i/instCat/01181839to01235518/01217057.tar.gz
HTAR: a   DC2_ImSim/Run2.1i/instCat/01181839to01235518/01217089.tar.gz
HTAR: a   DC2_ImSim/Run2.1i/instCat/01181839to01235518/01217102.tar.gz
HTAR: a   DC2_ImSim/Run2.1i/instCat/01181839to01235518/01217104.tar.gz
HTAR: a   DC2_ImSim/Run2.1i/instCat/01181839to01235518/01217105.tar.gz
HTAR: a   DC2_ImSim/Run2.1i/instCat/01181839to01235518/01217106.tar.gz
HTAR: a   DC2_ImSim/Run2.1i/instCat/01181839to01235518/01217107.tar.gz
HTAR: a   DC2_ImSim/Run2.1i/instCat/01181839to01235518/01217108.tar.gz
HTAR: a   DC2_ImSim/Run2.1i/instCat/01181839to01235518/01217124.tar.gz
HTAR: a   DC2_ImSim/Run2.1i/instCat/01181839to01235518/01217125.tar.gz
HTAR: a   DC2_ImSim/Run2.1i/instCat/01181839to01235518/01217131.tar.gz
HTAR: a   DC2_ImSim/Run2.1i/instCat/01181839to01235518/01217132.tar.gz
HTAR: a   DC2_ImSim/Run2.1i/instCat/01181839to01235518/01217133.tar.gz
HTAR: a   DC2_ImSim/Run2.1i/instCat/01181839to01235518/01217134.tar.gz
HTAR: a   DC2_ImSim/Run2.1i/instCat/01181839to01235518/01217140.tar.gz
HTAR: a   DC2_ImSim/Run2.1i/instCat/01181839to01235518/01217141.tar.gz
HTAR: a   DC2_ImSim/Run2.1i/instCat/01181839to01235518/01217142.tar.gz
HTAR: a   DC2_ImSim/Run2.1i/instCat/01181839to01235518/01217143.tar.gz
HTAR: a   DC2_ImSim/Run2.1i/instCat/01181839to01235518/01217144.tar.gz
HTAR: a   DC2_ImSim/Run2.1i/instCat/01181839to01235518/01217145.tar.gz
HTAR: a   DC2_ImSim/Run2.1i/instCat/01181839to01235518/01217146.tar.gz
HTAR: a   DC2_ImSim/Run2.1i/instCat/01181839to01235518/01217147.tar.gz
HTAR: a   DC2_ImSim/Run2.1i/instCat/01181839to01235518/01217148.tar.gz
HTAR: a   DC2_ImSim/Run2.1i/instCat/01181839to01235518/01217149.tar.gz
HTAR: a   DC2_ImSim/Run2.1i/instCat/01181839to01235518/01217150.tar.gz
HTAR: a   DC2_ImSim/Run2.1i/instCat/01181839to01235518/01217151.tar.gz
HTAR: a   DC2_ImSim/Run2.1i/instCat/01181839to01235518/01217152.tar.gz
HTAR: a   DC2_ImSim/Run2.1i/instCat/01181839to01235518/01217153.tar.gz
HTAR: a   DC2_ImSim/Run2.1i/instCat/01181839to01235518/01217176.tar.gz
HTAR: a   DC2_ImSim/Run2.1i/instCat/01181839to01235518/01217177.tar.gz
HTAR: a   DC2_ImSim/Run2.1i/instCat/01181839to01235518/01217178.tar.gz
HTAR: a   DC2_ImSim/Run2.1i/instCat/01181839to01235518/01217179.tar.gz
HTAR: a   DC2_ImSim/Run2.1i/instCat/01181839to01235518/01217180.tar.gz
HTAR: a   DC2_ImSim/Run2.1i/instCat/01181839to01235518/01217181.tar.gz
HTAR: a   DC2_ImSim/Run2.1i/instCat/01181839to01235518/01217182.tar.gz
HTAR: a   DC2_ImSim/Run2.1i/instCat/01181839to01235518/01217183.tar.gz
HTAR: a   DC2_ImSim/Run2.1i/instCat/01181839to01235518/01217184.tar.gz
HTAR: a   DC2_ImSim/Run2.1i/instCat/01181839to01235518/01217185.tar.gz
HTAR: a   DC2_ImSim/Run2.1i/instCat/01181839to01235518/01217186.tar.gz
HTAR: a   DC2_ImSim/Run2.1i/instCat/01181839to01235518/01217187.tar.gz
HTAR: a   DC2_ImSim/Run2.1i/instCat/01181839to01235518/01217188.tar.gz
HTAR: a   DC2_ImSim/Run2.1i/instCat/01181839to01235518/01217193.tar.gz
HTAR: a   DC2_ImSim/Run2.1i/instCat/01181839to01235518/01217194.tar.gz
HTAR: a   DC2_ImSim/Run2.1i/instCat/01181839to01235518/01217195.tar.gz
HTAR: a   DC2_ImSim/Run2.1i/instCat/01181839to01235518/01217196.tar.gz
HTAR: a   DC2_ImSim/Run2.1i/instCat/01181839to01235518/01217197.tar.gz
HTAR: a   DC2_ImSim/Run2.1i/instCat/01181839to01235518/01217198.tar.gz
HTAR: a   DC2_ImSim/Run2.1i/instCat/01181839to01235518/01217199.tar.gz
HTAR: a   DC2_ImSim/Run2.1i/instCat/01181839to01235518/01217203.tar.gz
HTAR: a   DC2_ImSim/Run2.1i/instCat/01181839to01235518/01217204.tar.gz
HTAR: a   DC2_ImSim/Run2.1i/instCat/01181839to01235518/01217205.tar.gz
HTAR: a   DC2_ImSim/Run2.1i/instCat/01181839to01235518/01217216.tar.gz
HTAR: a   DC2_ImSim/Run2.1i/instCat/01181839to01235518/01217217.tar.gz
HTAR: a   DC2_ImSim/Run2.1i/instCat/01181839to01235518/01217218.tar.gz
HTAR: a   DC2_ImSim/Run2.1i/instCat/01181839to01235518/01217224.tar.gz
HTAR: a   DC2_ImSim/Run2.1i/instCat/01181839to01235518/01217225.tar.gz
HTAR: a   DC2_ImSim/Run2.1i/instCat/01181839to01235518/01217226.tar.gz
HTAR: a   DC2_ImSim/Run2.1i/instCat/01181839to01235518/01217227.tar.gz
HTAR: a   DC2_ImSim/Run2.1i/instCat/01181839to01235518/01217228.tar.gz
HTAR: a   DC2_ImSim/Run2.1i/instCat/01181839to01235518/01217229.tar.gz
HTAR: a   DC2_ImSim/Run2.1i/instCat/01181839to01235518/01217230.tar.gz
HTAR: a   DC2_ImSim/Run2.1i/instCat/01181839to01235518/01217231.tar.gz
HTAR: a   DC2_ImSim/Run2.1i/instCat/01181839to01235518/01217232.tar.gz
HTAR: a   DC2_ImSim/Run2.1i/instCat/01181839to01235518/01217234.tar.gz
HTAR: a   DC2_ImSim/Run2.1i/instCat/01181839to01235518/01217235.tar.gz
HTAR: a   DC2_ImSim/Run2.1i/instCat/01181839to01235518/01217304.tar.gz
HTAR: a   DC2_ImSim/Run2.1i/instCat/01181839to01235518/01217311.tar.gz
HTAR: a   DC2_ImSim/Run2.1i/instCat/01181839to01235518/01217313.tar.gz
HTAR: a   DC2_ImSim/Run2.1i/instCat/01181839to01235518/01217966.tar.gz
HTAR: a   DC2_ImSim/Run2.1i/instCat/01181839to01235518/01217967.tar.gz
HTAR: a   DC2_ImSim/Run2.1i/instCat/01181839to01235518/01218007.tar.gz
HTAR: a   DC2_ImSim/Run2.1i/instCat/01181839to01235518/01218016.tar.gz
HTAR: a   DC2_ImSim/Run2.1i/instCat/01181839to01235518/01218330.tar.gz
HTAR: a   DC2_ImSim/Run2.1i/instCat/01181839to01235518/01218331.tar.gz
HTAR: a   DC2_ImSim/Run2.1i/instCat/01181839to01235518/01218332.tar.gz
HTAR: a   DC2_ImSim/Run2.1i/instCat/01181839to01235518/01218333.tar.gz
HTAR: a   DC2_ImSim/Run2.1i/instCat/01181839to01235518/01218334.tar.gz
HTAR: a   DC2_ImSim/Run2.1i/instCat/01181839to01235518/01218335.tar.gz
HTAR: a   DC2_ImSim/Run2.1i/instCat/01181839to01235518/01218361.tar.gz
HTAR: a   DC2_ImSim/Run2.1i/instCat/01181839to01235518/01218363.tar.gz
HTAR: a   DC2_ImSim/Run2.1i/instCat/01181839to01235518/01218364.tar.gz
HTAR: a   DC2_ImSim/Run2.1i/instCat/01181839to01235518/01218365.tar.gz
HTAR: a   DC2_ImSim/Run2.1i/instCat/01181839to01235518/01218392.tar.gz
HTAR: a   DC2_ImSim/Run2.1i/instCat/01181839to01235518/01218395.tar.gz
HTAR: a   DC2_ImSim/Run2.1i/instCat/01181839to01235518/01218407.tar.gz
HTAR: a   DC2_ImSim/Run2.1i/instCat/01181839to01235518/01218408.tar.gz
HTAR: a   DC2_ImSim/Run2.1i/instCat/01181839to01235518/01218434.tar.gz
HTAR: a   DC2_ImSim/Run2.1i/instCat/01181839to01235518/01218437.tar.gz
HTAR: a   DC2_ImSim/Run2.1i/instCat/01181839to01235518/01218455.tar.gz
HTAR: a   DC2_ImSim/Run2.1i/instCat/01181839to01235518/01218473.tar.gz
HTAR: a   /tmp/HTAR_CF_CHK_46411_1561578831
HTAR Create complete for /home/projects/desc/DC2_ImSim/Run2.1i/instCat/01181839to01235518/01215637to01218473.tar. 497,366,890,496 bytes written for 112 member files, max threads: 3 Transfer time: 2753.580 seconds (180.626 MB/s) wallclock/user/sys: 2754.235 3255.643 1449.456 seconds
HTAR: HTAR SUCCESSFUL
HTAR: a   DC2_ImSim/Run2.1i/instCat/01181839to01235518/01218474.tar.gz
HTAR: a   DC2_ImSim/Run2.1i/instCat/01181839to01235518/01218475.tar.gz
HTAR: a   DC2_ImSim/Run2.1i/instCat/01181839to01235518/01218476.tar.gz
HTAR: a   DC2_ImSim/Run2.1i/instCat/01181839to01235518/01218477.tar.gz
HTAR: a   DC2_ImSim/Run2.1i/instCat/01181839to01235518/01218482.tar.gz
HTAR: a   DC2_ImSim/Run2.1i/instCat/01181839to01235518/01218483.tar.gz
HTAR: a   DC2_ImSim/Run2.1i/instCat/01181839to01235518/01218484.tar.gz
HTAR: a   DC2_ImSim/Run2.1i/instCat/01181839to01235518/01218485.tar.gz
HTAR: a   DC2_ImSim/Run2.1i/instCat/01181839to01235518/01218486.tar.gz
HTAR: a   DC2_ImSim/Run2.1i/instCat/01181839to01235518/01218487.tar.gz
HTAR: a   DC2_ImSim/Run2.1i/instCat/01181839to01235518/01218488.tar.gz
HTAR: a   DC2_ImSim/Run2.1i/instCat/01181839to01235518/01218489.tar.gz
HTAR: a   DC2_ImSim/Run2.1i/instCat/01181839to01235518/01218490.tar.gz
HTAR: a   DC2_ImSim/Run2.1i/instCat/01181839to01235518/01218491.tar.gz
HTAR: a   DC2_ImSim/Run2.1i/instCat/01181839to01235518/01218492.tar.gz
HTAR: a   DC2_ImSim/Run2.1i/instCat/01181839to01235518/01218493.tar.gz
HTAR: a   DC2_ImSim/Run2.1i/instCat/01181839to01235518/01218500.tar.gz
HTAR: a   DC2_ImSim/Run2.1i/instCat/01181839to01235518/01218501.tar.gz
HTAR: a   DC2_ImSim/Run2.1i/instCat/01181839to01235518/01218502.tar.gz
HTAR: a   DC2_ImSim/Run2.1i/instCat/01181839to01235518/01218503.tar.gz
HTAR: a   DC2_ImSim/Run2.1i/instCat/01181839to01235518/01218512.tar.gz
HTAR: a   DC2_ImSim/Run2.1i/instCat/01181839to01235518/01218513.tar.gz
HTAR: a   DC2_ImSim/Run2.1i/instCat/01181839to01235518/01218514.tar.gz
HTAR: a   DC2_ImSim/Run2.1i/instCat/01181839to01235518/01218515.tar.gz
HTAR: a   DC2_ImSim/Run2.1i/instCat/01181839to01235518/01218516.tar.gz
HTAR: a   DC2_ImSim/Run2.1i/instCat/01181839to01235518/01218517.tar.gz
HTAR: a   DC2_ImSim/Run2.1i/instCat/01181839to01235518/01218518.tar.gz
HTAR: a   DC2_ImSim/Run2.1i/instCat/01181839to01235518/01218519.tar.gz
HTAR: a   DC2_ImSim/Run2.1i/instCat/01181839to01235518/01218520.tar.gz
HTAR: a   DC2_ImSim/Run2.1i/instCat/01181839to01235518/01218521.tar.gz
HTAR: a   DC2_ImSim/Run2.1i/instCat/01181839to01235518/01218522.tar.gz
HTAR: a   DC2_ImSim/Run2.1i/instCat/01181839to01235518/01218523.tar.gz
HTAR: a   DC2_ImSim/Run2.1i/instCat/01181839to01235518/01218532.tar.gz
HTAR: a   DC2_ImSim/Run2.1i/instCat/01181839to01235518/01218533.tar.gz
HTAR: a   DC2_ImSim/Run2.1i/instCat/01181839to01235518/01218534.tar.gz
HTAR: a   DC2_ImSim/Run2.1i/instCat/01181839to01235518/01218535.tar.gz
HTAR: a   DC2_ImSim/Run2.1i/instCat/01181839to01235518/01218536.tar.gz
HTAR: a   DC2_ImSim/Run2.1i/instCat/01181839to01235518/01218537.tar.gz
HTAR: a   DC2_ImSim/Run2.1i/instCat/01181839to01235518/01218538.tar.gz
HTAR: a   DC2_ImSim/Run2.1i/instCat/01181839to01235518/01218543.tar.gz
HTAR: a   DC2_ImSim/Run2.1i/instCat/01181839to01235518/01218544.tar.gz
HTAR: a   DC2_ImSim/Run2.1i/instCat/01181839to01235518/01218545.tar.gz
HTAR: a   DC2_ImSim/Run2.1i/instCat/01181839to01235518/01218546.tar.gz
HTAR: a   DC2_ImSim/Run2.1i/instCat/01181839to01235518/01218547.tar.gz
HTAR: a   DC2_ImSim/Run2.1i/instCat/01181839to01235518/01218548.tar.gz
HTAR: a   DC2_ImSim/Run2.1i/instCat/01181839to01235518/01218551.tar.gz
HTAR: a   DC2_ImSim/Run2.1i/instCat/01181839to01235518/01218552.tar.gz
HTAR: a   DC2_ImSim/Run2.1i/instCat/01181839to01235518/01218553.tar.gz
HTAR: a   DC2_ImSim/Run2.1i/instCat/01181839to01235518/01218554.tar.gz
HTAR: a   DC2_ImSim/Run2.1i/instCat/01181839to01235518/01218555.tar.gz
HTAR: a   DC2_ImSim/Run2.1i/instCat/01181839to01235518/01218557.tar.gz
HTAR: a   DC2_ImSim/Run2.1i/instCat/01181839to01235518/01218558.tar.gz
HTAR: a   DC2_ImSim/Run2.1i/instCat/01181839to01235518/01218559.tar.gz
HTAR: a   DC2_ImSim/Run2.1i/instCat/01181839to01235518/01218560.tar.gz
HTAR: a   DC2_ImSim/Run2.1i/instCat/01181839to01235518/01218561.tar.gz
HTAR: a   DC2_ImSim/Run2.1i/instCat/01181839to01235518/01218567.tar.gz
HTAR: a   DC2_ImSim/Run2.1i/instCat/01181839to01235518/01218568.tar.gz
HTAR: a   DC2_ImSim/Run2.1i/instCat/01181839to01235518/01218569.tar.gz
HTAR: a   DC2_ImSim/Run2.1i/instCat/01181839to01235518/01218570.tar.gz
HTAR: a   DC2_ImSim/Run2.1i/instCat/01181839to01235518/01218580.tar.gz
HTAR: a   DC2_ImSim/Run2.1i/instCat/01181839to01235518/01218581.tar.gz
HTAR: a   DC2_ImSim/Run2.1i/instCat/01181839to01235518/01218582.tar.gz
HTAR: a   DC2_ImSim/Run2.1i/instCat/01181839to01235518/01218583.tar.gz
HTAR: a   DC2_ImSim/Run2.1i/instCat/01181839to01235518/01218585.tar.gz
HTAR: a   DC2_ImSim/Run2.1i/instCat/01181839to01235518/01218586.tar.gz
HTAR: a   DC2_ImSim/Run2.1i/instCat/01181839to01235518/01218587.tar.gz
HTAR: a   DC2_ImSim/Run2.1i/instCat/01181839to01235518/01218588.tar.gz
HTAR: a   DC2_ImSim/Run2.1i/instCat/01181839to01235518/01218589.tar.gz
HTAR: a   DC2_ImSim/Run2.1i/instCat/01181839to01235518/01218590.tar.gz
HTAR: a   DC2_ImSim/Run2.1i/instCat/01181839to01235518/01218591.tar.gz
HTAR: a   DC2_ImSim/Run2.1i/instCat/01181839to01235518/01218595.tar.gz
HTAR: a   DC2_ImSim/Run2.1i/instCat/01181839to01235518/01218596.tar.gz
HTAR: a   DC2_ImSim/Run2.1i/instCat/01181839to01235518/01218606.tar.gz
HTAR: a   DC2_ImSim/Run2.1i/instCat/01181839to01235518/01218607.tar.gz
HTAR: a   DC2_ImSim/Run2.1i/instCat/01181839to01235518/01218609.tar.gz
HTAR: a   DC2_ImSim/Run2.1i/instCat/01181839to01235518/01218613.tar.gz
HTAR: a   DC2_ImSim/Run2.1i/instCat/01181839to01235518/01219347.tar.gz
HTAR: a   DC2_ImSim/Run2.1i/instCat/01181839to01235518/01219380.tar.gz
HTAR: a   DC2_ImSim/Run2.1i/instCat/01181839to01235518/01219500.tar.gz
HTAR: a   DC2_ImSim/Run2.1i/instCat/01181839to01235518/01219530.tar.gz
HTAR: a   DC2_ImSim/Run2.1i/instCat/01181839to01235518/01219531.tar.gz
HTAR: a   DC2_ImSim/Run2.1i/instCat/01181839to01235518/01219532.tar.gz
HTAR: a   DC2_ImSim/Run2.1i/instCat/01181839to01235518/01219850.tar.gz
HTAR: a   DC2_ImSim/Run2.1i/instCat/01181839to01235518/01219886.tar.gz
HTAR: a   DC2_ImSim/Run2.1i/instCat/01181839to01235518/01220945.tar.gz
HTAR: a   DC2_ImSim/Run2.1i/instCat/01181839to01235518/01220964.tar.gz
HTAR: a   DC2_ImSim/Run2.1i/instCat/01181839to01235518/01220965.tar.gz
HTAR: a   DC2_ImSim/Run2.1i/instCat/01181839to01235518/01220966.tar.gz
HTAR: a   DC2_ImSim/Run2.1i/instCat/01181839to01235518/01220967.tar.gz
HTAR: a   DC2_ImSim/Run2.1i/instCat/01181839to01235518/01220968.tar.gz
HTAR: a   DC2_ImSim/Run2.1i/instCat/01181839to01235518/01221223.tar.gz
HTAR: a   DC2_ImSim/Run2.1i/instCat/01181839to01235518/01221264.tar.gz
HTAR: a   DC2_ImSim/Run2.1i/instCat/01181839to01235518/01221269.tar.gz
HTAR: a   DC2_ImSim/Run2.1i/instCat/01181839to01235518/01221618.tar.gz
HTAR: a   DC2_ImSim/Run2.1i/instCat/01181839to01235518/01221660.tar.gz
HTAR: a   DC2_ImSim/Run2.1i/instCat/01181839to01235518/01221664.tar.gz
HTAR: a   DC2_ImSim/Run2.1i/instCat/01181839to01235518/01221665.tar.gz
HTAR: a   DC2_ImSim/Run2.1i/instCat/01181839to01235518/01221666.tar.gz
HTAR: a   DC2_ImSim/Run2.1i/instCat/01181839to01235518/01221667.tar.gz
HTAR: a   DC2_ImSim/Run2.1i/instCat/01181839to01235518/01221668.tar.gz
HTAR: a   DC2_ImSim/Run2.1i/instCat/01181839to01235518/01221669.tar.gz
HTAR: a   DC2_ImSim/Run2.1i/instCat/01181839to01235518/01221889.tar.gz
HTAR: a   DC2_ImSim/Run2.1i/instCat/01181839to01235518/01222528.tar.gz
HTAR: a   DC2_ImSim/Run2.1i/instCat/01181839to01235518/01222529.tar.gz
HTAR: a   DC2_ImSim/Run2.1i/instCat/01181839to01235518/01222530.tar.gz
HTAR: a   DC2_ImSim/Run2.1i/instCat/01181839to01235518/01222531.tar.gz
HTAR: a   DC2_ImSim/Run2.1i/instCat/01181839to01235518/01222532.tar.gz
HTAR: a   DC2_ImSim/Run2.1i/instCat/01181839to01235518/01222548.tar.gz
HTAR: a   DC2_ImSim/Run2.1i/instCat/01181839to01235518/01222549.tar.gz
HTAR: a   DC2_ImSim/Run2.1i/instCat/01181839to01235518/01222550.tar.gz
HTAR: a   DC2_ImSim/Run2.1i/instCat/01181839to01235518/01222551.tar.gz
HTAR: a   DC2_ImSim/Run2.1i/instCat/01181839to01235518/01222552.tar.gz
HTAR: a   /tmp/HTAR_CF_CHK_34444_1561581588
HTAR Create complete for /home/projects/desc/DC2_ImSim/Run2.1i/instCat/01181839to01235518/01218474to01222552.tar. 488,593,253,888 bytes written for 112 member files, max threads: 3 Transfer time: 2933.068 seconds (166.581 MB/s) wallclock/user/sys: 2933.869 3458.340 1565.497 seconds
HTAR: HTAR SUCCESSFUL
HTAR: a   DC2_ImSim/Run2.1i/instCat/01181839to01235518/01222553.tar.gz
HTAR: a   DC2_ImSim/Run2.1i/instCat/01181839to01235518/01222554.tar.gz
HTAR: a   DC2_ImSim/Run2.1i/instCat/01181839to01235518/01222555.tar.gz
HTAR: a   DC2_ImSim/Run2.1i/instCat/01181839to01235518/01222556.tar.gz
HTAR: a   DC2_ImSim/Run2.1i/instCat/01181839to01235518/01222586.tar.gz
HTAR: a   DC2_ImSim/Run2.1i/instCat/01181839to01235518/01222587.tar.gz
HTAR: a   DC2_ImSim/Run2.1i/instCat/01181839to01235518/01222588.tar.gz
HTAR: a   DC2_ImSim/Run2.1i/instCat/01181839to01235518/01222589.tar.gz
HTAR: a   DC2_ImSim/Run2.1i/instCat/01181839to01235518/01222590.tar.gz
HTAR: a   DC2_ImSim/Run2.1i/instCat/01181839to01235518/01222591.tar.gz
HTAR: a   DC2_ImSim/Run2.1i/instCat/01181839to01235518/01222592.tar.gz
HTAR: a   DC2_ImSim/Run2.1i/instCat/01181839to01235518/01222593.tar.gz
HTAR: a   DC2_ImSim/Run2.1i/instCat/01181839to01235518/01222594.tar.gz
HTAR: a   DC2_ImSim/Run2.1i/instCat/01181839to01235518/01222595.tar.gz
HTAR: a   DC2_ImSim/Run2.1i/instCat/01181839to01235518/01223080.tar.gz
HTAR: a   DC2_ImSim/Run2.1i/instCat/01181839to01235518/01223122.tar.gz
HTAR: a   DC2_ImSim/Run2.1i/instCat/01181839to01235518/01223124.tar.gz
HTAR: a   DC2_ImSim/Run2.1i/instCat/01181839to01235518/01223125.tar.gz
HTAR: a   DC2_ImSim/Run2.1i/instCat/01181839to01235518/01223126.tar.gz
HTAR: a   DC2_ImSim/Run2.1i/instCat/01181839to01235518/01223189.tar.gz
HTAR: a   DC2_ImSim/Run2.1i/instCat/01181839to01235518/01223191.tar.gz
HTAR: a   DC2_ImSim/Run2.1i/instCat/01181839to01235518/01223192.tar.gz
HTAR: a   DC2_ImSim/Run2.1i/instCat/01181839to01235518/01223193.tar.gz
HTAR: a   DC2_ImSim/Run2.1i/instCat/01181839to01235518/01223194.tar.gz
HTAR: a   DC2_ImSim/Run2.1i/instCat/01181839to01235518/01223195.tar.gz
HTAR: a   DC2_ImSim/Run2.1i/instCat/01181839to01235518/01223203.tar.gz
HTAR: a   DC2_ImSim/Run2.1i/instCat/01181839to01235518/01223229.tar.gz
HTAR: a   DC2_ImSim/Run2.1i/instCat/01181839to01235518/01223230.tar.gz
HTAR: a   DC2_ImSim/Run2.1i/instCat/01181839to01235518/01223231.tar.gz
HTAR: a   DC2_ImSim/Run2.1i/instCat/01181839to01235518/01224754.tar.gz
HTAR: a   DC2_ImSim/Run2.1i/instCat/01181839to01235518/01224755.tar.gz
HTAR: a   DC2_ImSim/Run2.1i/instCat/01181839to01235518/01224756.tar.gz
HTAR: a   DC2_ImSim/Run2.1i/instCat/01181839to01235518/01224757.tar.gz
HTAR: a   DC2_ImSim/Run2.1i/instCat/01181839to01235518/01224813.tar.gz
HTAR: a   DC2_ImSim/Run2.1i/instCat/01181839to01235518/01224814.tar.gz
HTAR: a   DC2_ImSim/Run2.1i/instCat/01181839to01235518/01224815.tar.gz
HTAR: a   DC2_ImSim/Run2.1i/instCat/01181839to01235518/01224817.tar.gz
HTAR: a   DC2_ImSim/Run2.1i/instCat/01181839to01235518/01225208.tar.gz
HTAR: a   DC2_ImSim/Run2.1i/instCat/01181839to01235518/01225216.tar.gz
HTAR: a   DC2_ImSim/Run2.1i/instCat/01181839to01235518/01225277.tar.gz
HTAR: a   DC2_ImSim/Run2.1i/instCat/01181839to01235518/01225278.tar.gz
HTAR: a   DC2_ImSim/Run2.1i/instCat/01181839to01235518/01225279.tar.gz
HTAR: a   DC2_ImSim/Run2.1i/instCat/01181839to01235518/01225280.tar.gz
HTAR: a   DC2_ImSim/Run2.1i/instCat/01181839to01235518/01225322.tar.gz
HTAR: a   DC2_ImSim/Run2.1i/instCat/01181839to01235518/01225324.tar.gz
HTAR: a   DC2_ImSim/Run2.1i/instCat/01181839to01235518/01225325.tar.gz
HTAR: a   DC2_ImSim/Run2.1i/instCat/01181839to01235518/01225326.tar.gz
HTAR: a   DC2_ImSim/Run2.1i/instCat/01181839to01235518/01225327.tar.gz
HTAR: a   DC2_ImSim/Run2.1i/instCat/01181839to01235518/01225328.tar.gz
HTAR: a   DC2_ImSim/Run2.1i/instCat/01181839to01235518/01225386.tar.gz
HTAR: a   DC2_ImSim/Run2.1i/instCat/01181839to01235518/01225387.tar.gz
HTAR: a   DC2_ImSim/Run2.1i/instCat/01181839to01235518/01225393.tar.gz
HTAR: a   DC2_ImSim/Run2.1i/instCat/01181839to01235518/01225398.tar.gz
HTAR: a   DC2_ImSim/Run2.1i/instCat/01181839to01235518/01225399.tar.gz
HTAR: a   DC2_ImSim/Run2.1i/instCat/01181839to01235518/01225400.tar.gz
HTAR: a   DC2_ImSim/Run2.1i/instCat/01181839to01235518/01225401.tar.gz
HTAR: a   DC2_ImSim/Run2.1i/instCat/01181839to01235518/01225402.tar.gz
HTAR: a   DC2_ImSim/Run2.1i/instCat/01181839to01235518/01225403.tar.gz
HTAR: a   DC2_ImSim/Run2.1i/instCat/01181839to01235518/01225404.tar.gz
HTAR: a   DC2_ImSim/Run2.1i/instCat/01181839to01235518/01225405.tar.gz
HTAR: a   DC2_ImSim/Run2.1i/instCat/01181839to01235518/01225406.tar.gz
HTAR: a   DC2_ImSim/Run2.1i/instCat/01181839to01235518/01225445.tar.gz
HTAR: a   DC2_ImSim/Run2.1i/instCat/01181839to01235518/01225446.tar.gz
HTAR: a   DC2_ImSim/Run2.1i/instCat/01181839to01235518/01225447.tar.gz
HTAR: a   DC2_ImSim/Run2.1i/instCat/01181839to01235518/01225448.tar.gz
HTAR: a   DC2_ImSim/Run2.1i/instCat/01181839to01235518/01225449.tar.gz
HTAR: a   DC2_ImSim/Run2.1i/instCat/01181839to01235518/01225450.tar.gz
HTAR: a   DC2_ImSim/Run2.1i/instCat/01181839to01235518/01225451.tar.gz
HTAR: a   DC2_ImSim/Run2.1i/instCat/01181839to01235518/01225452.tar.gz
HTAR: a   DC2_ImSim/Run2.1i/instCat/01181839to01235518/01225453.tar.gz
HTAR: a   DC2_ImSim/Run2.1i/instCat/01181839to01235518/01225454.tar.gz
HTAR: a   DC2_ImSim/Run2.1i/instCat/01181839to01235518/01225455.tar.gz
HTAR: a   DC2_ImSim/Run2.1i/instCat/01181839to01235518/01225456.tar.gz
HTAR: a   DC2_ImSim/Run2.1i/instCat/01181839to01235518/01225462.tar.gz
HTAR: a   DC2_ImSim/Run2.1i/instCat/01181839to01235518/01225463.tar.gz
HTAR: a   DC2_ImSim/Run2.1i/instCat/01181839to01235518/01225464.tar.gz
HTAR: a   DC2_ImSim/Run2.1i/instCat/01181839to01235518/01225465.tar.gz
HTAR: a   DC2_ImSim/Run2.1i/instCat/01181839to01235518/01225466.tar.gz
HTAR: a   DC2_ImSim/Run2.1i/instCat/01181839to01235518/01225483.tar.gz
HTAR: a   DC2_ImSim/Run2.1i/instCat/01181839to01235518/01225484.tar.gz
HTAR: a   DC2_ImSim/Run2.1i/instCat/01181839to01235518/01225485.tar.gz
HTAR: a   DC2_ImSim/Run2.1i/instCat/01181839to01235518/01225488.tar.gz
HTAR: a   DC2_ImSim/Run2.1i/instCat/01181839to01235518/01225494.tar.gz
HTAR: a   DC2_ImSim/Run2.1i/instCat/01181839to01235518/01225495.tar.gz
HTAR: a   DC2_ImSim/Run2.1i/instCat/01181839to01235518/01225496.tar.gz
HTAR: a   DC2_ImSim/Run2.1i/instCat/01181839to01235518/01225513.tar.gz
HTAR: a   DC2_ImSim/Run2.1i/instCat/01181839to01235518/01225514.tar.gz
HTAR: a   DC2_ImSim/Run2.1i/instCat/01181839to01235518/01225515.tar.gz
HTAR: a   DC2_ImSim/Run2.1i/instCat/01181839to01235518/01225516.tar.gz
HTAR: a   DC2_ImSim/Run2.1i/instCat/01181839to01235518/01225563.tar.gz
HTAR: a   DC2_ImSim/Run2.1i/instCat/01181839to01235518/01225600.tar.gz
HTAR: a   DC2_ImSim/Run2.1i/instCat/01181839to01235518/01225635.tar.gz
HTAR: a   DC2_ImSim/Run2.1i/instCat/01181839to01235518/01225869.tar.gz
HTAR: a   DC2_ImSim/Run2.1i/instCat/01181839to01235518/01225870.tar.gz
HTAR: a   DC2_ImSim/Run2.1i/instCat/01181839to01235518/01225873.tar.gz
HTAR: a   DC2_ImSim/Run2.1i/instCat/01181839to01235518/01226118.tar.gz
HTAR: a   DC2_ImSim/Run2.1i/instCat/01181839to01235518/01226162.tar.gz
HTAR: a   DC2_ImSim/Run2.1i/instCat/01181839to01235518/01226523.tar.gz
HTAR: a   DC2_ImSim/Run2.1i/instCat/01181839to01235518/01226529.tar.gz
HTAR: a   DC2_ImSim/Run2.1i/instCat/01181839to01235518/01226560.tar.gz
HTAR: a   DC2_ImSim/Run2.1i/instCat/01181839to01235518/01226561.tar.gz
HTAR: a   DC2_ImSim/Run2.1i/instCat/01181839to01235518/01226606.tar.gz
HTAR: a   DC2_ImSim/Run2.1i/instCat/01181839to01235518/01226607.tar.gz
HTAR: a   DC2_ImSim/Run2.1i/instCat/01181839to01235518/01226608.tar.gz
HTAR: a   DC2_ImSim/Run2.1i/instCat/01181839to01235518/01226627.tar.gz
HTAR: a   DC2_ImSim/Run2.1i/instCat/01181839to01235518/01226640.tar.gz
HTAR: a   DC2_ImSim/Run2.1i/instCat/01181839to01235518/01226641.tar.gz
HTAR: a   DC2_ImSim/Run2.1i/instCat/01181839to01235518/01226642.tar.gz
HTAR: a   DC2_ImSim/Run2.1i/instCat/01181839to01235518/01227187.tar.gz
HTAR: a   DC2_ImSim/Run2.1i/instCat/01181839to01235518/01227222.tar.gz
HTAR: a   DC2_ImSim/Run2.1i/instCat/01181839to01235518/01227241.tar.gz
HTAR: a   DC2_ImSim/Run2.1i/instCat/01181839to01235518/01227242.tar.gz
HTAR: a   /tmp/HTAR_CF_CHK_48508_1561584524
HTAR Create complete for /home/projects/desc/DC2_ImSim/Run2.1i/instCat/01181839to01235518/01222553to01227242.tar. 491,266,337,792 bytes written for 112 member files, max threads: 2 Transfer time: 2917.958 seconds (168.360 MB/s) wallclock/user/sys: 2918.791 3437.269 1538.002 seconds
HTAR: HTAR SUCCESSFUL
HTAR: a   DC2_ImSim/Run2.1i/instCat/01181839to01235518/01227243.tar.gz
HTAR: a   DC2_ImSim/Run2.1i/instCat/01181839to01235518/01227264.tar.gz
HTAR: a   DC2_ImSim/Run2.1i/instCat/01181839to01235518/01227273.tar.gz
HTAR: a   DC2_ImSim/Run2.1i/instCat/01181839to01235518/01227274.tar.gz
HTAR: a   DC2_ImSim/Run2.1i/instCat/01181839to01235518/01227318.tar.gz
HTAR: a   DC2_ImSim/Run2.1i/instCat/01181839to01235518/01227881.tar.gz
HTAR: a   DC2_ImSim/Run2.1i/instCat/01181839to01235518/01227896.tar.gz
HTAR: a   DC2_ImSim/Run2.1i/instCat/01181839to01235518/01227906.tar.gz
HTAR: a   DC2_ImSim/Run2.1i/instCat/01181839to01235518/01227907.tar.gz
HTAR: a   DC2_ImSim/Run2.1i/instCat/01181839to01235518/01227908.tar.gz
HTAR: a   DC2_ImSim/Run2.1i/instCat/01181839to01235518/01227913.tar.gz
HTAR: a   DC2_ImSim/Run2.1i/instCat/01181839to01235518/01227927.tar.gz
HTAR: a   DC2_ImSim/Run2.1i/instCat/01181839to01235518/01227937.tar.gz
HTAR: a   DC2_ImSim/Run2.1i/instCat/01181839to01235518/01228715.tar.gz
HTAR: a   DC2_ImSim/Run2.1i/instCat/01181839to01235518/01228716.tar.gz
HTAR: a   DC2_ImSim/Run2.1i/instCat/01181839to01235518/01228717.tar.gz
HTAR: a   DC2_ImSim/Run2.1i/instCat/01181839to01235518/01228718.tar.gz
HTAR: a   DC2_ImSim/Run2.1i/instCat/01181839to01235518/01228719.tar.gz
HTAR: a   DC2_ImSim/Run2.1i/instCat/01181839to01235518/01228726.tar.gz
HTAR: a   DC2_ImSim/Run2.1i/instCat/01181839to01235518/01228727.tar.gz
HTAR: a   DC2_ImSim/Run2.1i/instCat/01181839to01235518/01228728.tar.gz
HTAR: a   DC2_ImSim/Run2.1i/instCat/01181839to01235518/01228730.tar.gz
HTAR: a   DC2_ImSim/Run2.1i/instCat/01181839to01235518/01228750.tar.gz
HTAR: a   DC2_ImSim/Run2.1i/instCat/01181839to01235518/01228751.tar.gz
HTAR: a   DC2_ImSim/Run2.1i/instCat/01181839to01235518/01228752.tar.gz
HTAR: a   DC2_ImSim/Run2.1i/instCat/01181839to01235518/01228753.tar.gz
HTAR: a   DC2_ImSim/Run2.1i/instCat/01181839to01235518/01228754.tar.gz
HTAR: a   DC2_ImSim/Run2.1i/instCat/01181839to01235518/01228758.tar.gz
HTAR: a   DC2_ImSim/Run2.1i/instCat/01181839to01235518/01228759.tar.gz
HTAR: a   DC2_ImSim/Run2.1i/instCat/01181839to01235518/01228761.tar.gz
HTAR: a   DC2_ImSim/Run2.1i/instCat/01181839to01235518/01228766.tar.gz
HTAR: a   DC2_ImSim/Run2.1i/instCat/01181839to01235518/01228784.tar.gz
HTAR: a   DC2_ImSim/Run2.1i/instCat/01181839to01235518/01228799.tar.gz
HTAR: a   DC2_ImSim/Run2.1i/instCat/01181839to01235518/01228800.tar.gz
HTAR: a   DC2_ImSim/Run2.1i/instCat/01181839to01235518/01228848.tar.gz
HTAR: a   DC2_ImSim/Run2.1i/instCat/01181839to01235518/01228934.tar.gz
HTAR: a   DC2_ImSim/Run2.1i/instCat/01181839to01235518/01228935.tar.gz
HTAR: a   DC2_ImSim/Run2.1i/instCat/01181839to01235518/01228976.tar.gz
HTAR: a   DC2_ImSim/Run2.1i/instCat/01181839to01235518/01229638.tar.gz
HTAR: a   DC2_ImSim/Run2.1i/instCat/01181839to01235518/01229639.tar.gz
HTAR: a   DC2_ImSim/Run2.1i/instCat/01181839to01235518/01229640.tar.gz
HTAR: a   DC2_ImSim/Run2.1i/instCat/01181839to01235518/01229641.tar.gz
HTAR: a   DC2_ImSim/Run2.1i/instCat/01181839to01235518/01229642.tar.gz
HTAR: a   DC2_ImSim/Run2.1i/instCat/01181839to01235518/01229643.tar.gz
HTAR: a   DC2_ImSim/Run2.1i/instCat/01181839to01235518/01229644.tar.gz
HTAR: a   DC2_ImSim/Run2.1i/instCat/01181839to01235518/01229645.tar.gz
HTAR: a   DC2_ImSim/Run2.1i/instCat/01181839to01235518/01229646.tar.gz
HTAR: a   DC2_ImSim/Run2.1i/instCat/01181839to01235518/01229647.tar.gz
HTAR: a   DC2_ImSim/Run2.1i/instCat/01181839to01235518/01229648.tar.gz
HTAR: a   DC2_ImSim/Run2.1i/instCat/01181839to01235518/01229650.tar.gz
HTAR: a   DC2_ImSim/Run2.1i/instCat/01181839to01235518/01229651.tar.gz
HTAR: a   DC2_ImSim/Run2.1i/instCat/01181839to01235518/01229682.tar.gz
HTAR: a   DC2_ImSim/Run2.1i/instCat/01181839to01235518/01229683.tar.gz
HTAR: a   DC2_ImSim/Run2.1i/instCat/01181839to01235518/01229684.tar.gz
HTAR: a   DC2_ImSim/Run2.1i/instCat/01181839to01235518/01229685.tar.gz
HTAR: a   DC2_ImSim/Run2.1i/instCat/01181839to01235518/01229686.tar.gz
HTAR: a   DC2_ImSim/Run2.1i/instCat/01181839to01235518/01229687.tar.gz
HTAR: a   DC2_ImSim/Run2.1i/instCat/01181839to01235518/01229688.tar.gz
HTAR: a   DC2_ImSim/Run2.1i/instCat/01181839to01235518/01229689.tar.gz
HTAR: a   DC2_ImSim/Run2.1i/instCat/01181839to01235518/01229690.tar.gz
HTAR: a   DC2_ImSim/Run2.1i/instCat/01181839to01235518/01229691.tar.gz
HTAR: a   DC2_ImSim/Run2.1i/instCat/01181839to01235518/01229692.tar.gz
HTAR: a   DC2_ImSim/Run2.1i/instCat/01181839to01235518/01229693.tar.gz
HTAR: a   DC2_ImSim/Run2.1i/instCat/01181839to01235518/01229694.tar.gz
HTAR: a   DC2_ImSim/Run2.1i/instCat/01181839to01235518/01229695.tar.gz
HTAR: a   DC2_ImSim/Run2.1i/instCat/01181839to01235518/01230544.tar.gz
HTAR: a   DC2_ImSim/Run2.1i/instCat/01181839to01235518/01230545.tar.gz
HTAR: a   DC2_ImSim/Run2.1i/instCat/01181839to01235518/01230546.tar.gz
HTAR: a   DC2_ImSim/Run2.1i/instCat/01181839to01235518/01230547.tar.gz
HTAR: a   DC2_ImSim/Run2.1i/instCat/01181839to01235518/01230548.tar.gz
HTAR: a   DC2_ImSim/Run2.1i/instCat/01181839to01235518/01230549.tar.gz
HTAR: a   DC2_ImSim/Run2.1i/instCat/01181839to01235518/01230557.tar.gz
HTAR: a   DC2_ImSim/Run2.1i/instCat/01181839to01235518/01230559.tar.gz
HTAR: a   DC2_ImSim/Run2.1i/instCat/01181839to01235518/01230576.tar.gz
HTAR: a   DC2_ImSim/Run2.1i/instCat/01181839to01235518/01230577.tar.gz
HTAR: a   DC2_ImSim/Run2.1i/instCat/01181839to01235518/01230578.tar.gz
HTAR: a   DC2_ImSim/Run2.1i/instCat/01181839to01235518/01230579.tar.gz
HTAR: a   DC2_ImSim/Run2.1i/instCat/01181839to01235518/01230588.tar.gz
HTAR: a   DC2_ImSim/Run2.1i/instCat/01181839to01235518/01230589.tar.gz
HTAR: a   DC2_ImSim/Run2.1i/instCat/01181839to01235518/01230591.tar.gz
HTAR: a   DC2_ImSim/Run2.1i/instCat/01181839to01235518/01230592.tar.gz
HTAR: a   DC2_ImSim/Run2.1i/instCat/01181839to01235518/01230593.tar.gz
HTAR: a   DC2_ImSim/Run2.1i/instCat/01181839to01235518/01230594.tar.gz
HTAR: a   DC2_ImSim/Run2.1i/instCat/01181839to01235518/01230595.tar.gz
HTAR: a   DC2_ImSim/Run2.1i/instCat/01181839to01235518/01230596.tar.gz
HTAR: a   DC2_ImSim/Run2.1i/instCat/01181839to01235518/01230597.tar.gz
HTAR: a   DC2_ImSim/Run2.1i/instCat/01181839to01235518/01230600.tar.gz
HTAR: a   DC2_ImSim/Run2.1i/instCat/01181839to01235518/01230601.tar.gz
HTAR: a   DC2_ImSim/Run2.1i/instCat/01181839to01235518/01230602.tar.gz
HTAR: a   DC2_ImSim/Run2.1i/instCat/01181839to01235518/01230603.tar.gz
HTAR: a   DC2_ImSim/Run2.1i/instCat/01181839to01235518/01230605.tar.gz
HTAR: a   DC2_ImSim/Run2.1i/instCat/01181839to01235518/01230606.tar.gz
HTAR: a   DC2_ImSim/Run2.1i/instCat/01181839to01235518/01230625.tar.gz
HTAR: a   DC2_ImSim/Run2.1i/instCat/01181839to01235518/01230626.tar.gz
HTAR: a   DC2_ImSim/Run2.1i/instCat/01181839to01235518/01230627.tar.gz
HTAR: a   DC2_ImSim/Run2.1i/instCat/01181839to01235518/01230628.tar.gz
HTAR: a   DC2_ImSim/Run2.1i/instCat/01181839to01235518/01230629.tar.gz
HTAR: a   DC2_ImSim/Run2.1i/instCat/01181839to01235518/01230630.tar.gz
HTAR: a   DC2_ImSim/Run2.1i/instCat/01181839to01235518/01230631.tar.gz
HTAR: a   DC2_ImSim/Run2.1i/instCat/01181839to01235518/01230632.tar.gz
HTAR: a   DC2_ImSim/Run2.1i/instCat/01181839to01235518/01230633.tar.gz
HTAR: a   DC2_ImSim/Run2.1i/instCat/01181839to01235518/01230634.tar.gz
HTAR: a   DC2_ImSim/Run2.1i/instCat/01181839to01235518/01230635.tar.gz
HTAR: a   DC2_ImSim/Run2.1i/instCat/01181839to01235518/01230637.tar.gz
HTAR: a   DC2_ImSim/Run2.1i/instCat/01181839to01235518/01230638.tar.gz
HTAR: a   DC2_ImSim/Run2.1i/instCat/01181839to01235518/01231193.tar.gz
HTAR: a   DC2_ImSim/Run2.1i/instCat/01181839to01235518/01231197.tar.gz
HTAR: a   DC2_ImSim/Run2.1i/instCat/01181839to01235518/01231198.tar.gz
HTAR: a   DC2_ImSim/Run2.1i/instCat/01181839to01235518/01231201.tar.gz
HTAR: a   DC2_ImSim/Run2.1i/instCat/01181839to01235518/01231223.tar.gz
HTAR: a   DC2_ImSim/Run2.1i/instCat/01181839to01235518/01231240.tar.gz
HTAR: a   DC2_ImSim/Run2.1i/instCat/01181839to01235518/01231241.tar.gz
HTAR: a   /tmp/HTAR_CF_CHK_55957_1561587446
HTAR Create complete for /home/projects/desc/DC2_ImSim/Run2.1i/instCat/01181839to01235518/01227243to01231241.tar. 483,014,423,040 bytes written for 112 member files, max threads: 2 Transfer time: 2821.405 seconds (171.196 MB/s) wallclock/user/sys: 2822.183 3312.115 1495.603 seconds
HTAR: HTAR SUCCESSFUL
HTAR: a   DC2_ImSim/Run2.1i/instCat/01181839to01235518/01231242.tar.gz
HTAR: a   DC2_ImSim/Run2.1i/instCat/01181839to01235518/01231245.tar.gz
HTAR: a   DC2_ImSim/Run2.1i/instCat/01181839to01235518/01231262.tar.gz
HTAR: a   DC2_ImSim/Run2.1i/instCat/01181839to01235518/01231296.tar.gz
HTAR: a   DC2_ImSim/Run2.1i/instCat/01181839to01235518/01231329.tar.gz
HTAR: a   DC2_ImSim/Run2.1i/instCat/01181839to01235518/01231899.tar.gz
HTAR: a   DC2_ImSim/Run2.1i/instCat/01181839to01235518/01231900.tar.gz
HTAR: a   DC2_ImSim/Run2.1i/instCat/01181839to01235518/01231901.tar.gz
HTAR: a   DC2_ImSim/Run2.1i/instCat/01181839to01235518/01231902.tar.gz
HTAR: a   DC2_ImSim/Run2.1i/instCat/01181839to01235518/01231903.tar.gz
HTAR: a   DC2_ImSim/Run2.1i/instCat/01181839to01235518/01231904.tar.gz
HTAR: a   DC2_ImSim/Run2.1i/instCat/01181839to01235518/01231905.tar.gz
HTAR: a   DC2_ImSim/Run2.1i/instCat/01181839to01235518/01231906.tar.gz
HTAR: a   DC2_ImSim/Run2.1i/instCat/01181839to01235518/01231913.tar.gz
HTAR: a   DC2_ImSim/Run2.1i/instCat/01181839to01235518/01231914.tar.gz
HTAR: a   DC2_ImSim/Run2.1i/instCat/01181839to01235518/01231915.tar.gz
HTAR: a   DC2_ImSim/Run2.1i/instCat/01181839to01235518/01231916.tar.gz
HTAR: a   DC2_ImSim/Run2.1i/instCat/01181839to01235518/01231917.tar.gz
HTAR: a   DC2_ImSim/Run2.1i/instCat/01181839to01235518/01231918.tar.gz
HTAR: a   DC2_ImSim/Run2.1i/instCat/01181839to01235518/01231936.tar.gz
HTAR: a   DC2_ImSim/Run2.1i/instCat/01181839to01235518/01231937.tar.gz
HTAR: a   DC2_ImSim/Run2.1i/instCat/01181839to01235518/01231938.tar.gz
HTAR: a   DC2_ImSim/Run2.1i/instCat/01181839to01235518/01231939.tar.gz
HTAR: a   DC2_ImSim/Run2.1i/instCat/01181839to01235518/01231940.tar.gz
HTAR: a   DC2_ImSim/Run2.1i/instCat/01181839to01235518/01231941.tar.gz
HTAR: a   DC2_ImSim/Run2.1i/instCat/01181839to01235518/01231943.tar.gz
HTAR: a   DC2_ImSim/Run2.1i/instCat/01181839to01235518/01231944.tar.gz
HTAR: a   DC2_ImSim/Run2.1i/instCat/01181839to01235518/01231946.tar.gz
HTAR: a   DC2_ImSim/Run2.1i/instCat/01181839to01235518/01231955.tar.gz
HTAR: a   DC2_ImSim/Run2.1i/instCat/01181839to01235518/01231956.tar.gz
HTAR: a   DC2_ImSim/Run2.1i/instCat/01181839to01235518/01231957.tar.gz
HTAR: a   DC2_ImSim/Run2.1i/instCat/01181839to01235518/01231958.tar.gz
HTAR: a   DC2_ImSim/Run2.1i/instCat/01181839to01235518/01231962.tar.gz
HTAR: a   DC2_ImSim/Run2.1i/instCat/01181839to01235518/01231963.tar.gz
HTAR: a   DC2_ImSim/Run2.1i/instCat/01181839to01235518/01231964.tar.gz
HTAR: a   DC2_ImSim/Run2.1i/instCat/01181839to01235518/01231965.tar.gz
HTAR: a   DC2_ImSim/Run2.1i/instCat/01181839to01235518/01231966.tar.gz
HTAR: a   DC2_ImSim/Run2.1i/instCat/01181839to01235518/01231986.tar.gz
HTAR: a   DC2_ImSim/Run2.1i/instCat/01181839to01235518/01231987.tar.gz
HTAR: a   DC2_ImSim/Run2.1i/instCat/01181839to01235518/01231988.tar.gz
HTAR: a   DC2_ImSim/Run2.1i/instCat/01181839to01235518/01231989.tar.gz
HTAR: a   DC2_ImSim/Run2.1i/instCat/01181839to01235518/01231990.tar.gz
HTAR: a   DC2_ImSim/Run2.1i/instCat/01181839to01235518/01231993.tar.gz
HTAR: a   DC2_ImSim/Run2.1i/instCat/01181839to01235518/01231994.tar.gz
HTAR: a   DC2_ImSim/Run2.1i/instCat/01181839to01235518/01231995.tar.gz
HTAR: a   DC2_ImSim/Run2.1i/instCat/01181839to01235518/01231996.tar.gz
HTAR: a   DC2_ImSim/Run2.1i/instCat/01181839to01235518/01231997.tar.gz
HTAR: a   DC2_ImSim/Run2.1i/instCat/01181839to01235518/01232008.tar.gz
HTAR: a   DC2_ImSim/Run2.1i/instCat/01181839to01235518/01232009.tar.gz
HTAR: a   DC2_ImSim/Run2.1i/instCat/01181839to01235518/01232010.tar.gz
HTAR: a   DC2_ImSim/Run2.1i/instCat/01181839to01235518/01232011.tar.gz
HTAR: a   DC2_ImSim/Run2.1i/instCat/01181839to01235518/01232016.tar.gz
HTAR: a   DC2_ImSim/Run2.1i/instCat/01181839to01235518/01232017.tar.gz
HTAR: a   DC2_ImSim/Run2.1i/instCat/01181839to01235518/01232018.tar.gz
HTAR: a   DC2_ImSim/Run2.1i/instCat/01181839to01235518/01232019.tar.gz
HTAR: a   DC2_ImSim/Run2.1i/instCat/01181839to01235518/01232038.tar.gz
HTAR: a   DC2_ImSim/Run2.1i/instCat/01181839to01235518/01232039.tar.gz
HTAR: a   DC2_ImSim/Run2.1i/instCat/01181839to01235518/01232040.tar.gz
HTAR: a   DC2_ImSim/Run2.1i/instCat/01181839to01235518/01232041.tar.gz
HTAR: a   DC2_ImSim/Run2.1i/instCat/01181839to01235518/01232042.tar.gz
HTAR: a   DC2_ImSim/Run2.1i/instCat/01181839to01235518/01233013.tar.gz
HTAR: a   DC2_ImSim/Run2.1i/instCat/01181839to01235518/01233015.tar.gz
HTAR: a   DC2_ImSim/Run2.1i/instCat/01181839to01235518/01233051.tar.gz
HTAR: a   DC2_ImSim/Run2.1i/instCat/01181839to01235518/01233052.tar.gz
HTAR: a   DC2_ImSim/Run2.1i/instCat/01181839to01235518/01233053.tar.gz
HTAR: a   DC2_ImSim/Run2.1i/instCat/01181839to01235518/01233146.tar.gz
HTAR: a   DC2_ImSim/Run2.1i/instCat/01181839to01235518/01233915.tar.gz
HTAR: a   DC2_ImSim/Run2.1i/instCat/01181839to01235518/01233916.tar.gz
HTAR: a   DC2_ImSim/Run2.1i/instCat/01181839to01235518/01233917.tar.gz
HTAR: a   DC2_ImSim/Run2.1i/instCat/01181839to01235518/01233918.tar.gz
HTAR: a   DC2_ImSim/Run2.1i/instCat/01181839to01235518/01233919.tar.gz
HTAR: a   DC2_ImSim/Run2.1i/instCat/01181839to01235518/01233920.tar.gz
HTAR: a   DC2_ImSim/Run2.1i/instCat/01181839to01235518/01233921.tar.gz
HTAR: a   DC2_ImSim/Run2.1i/instCat/01181839to01235518/01233922.tar.gz
HTAR: a   DC2_ImSim/Run2.1i/instCat/01181839to01235518/01233923.tar.gz
HTAR: a   DC2_ImSim/Run2.1i/instCat/01181839to01235518/01233924.tar.gz
HTAR: a   DC2_ImSim/Run2.1i/instCat/01181839to01235518/01233925.tar.gz
HTAR: a   DC2_ImSim/Run2.1i/instCat/01181839to01235518/01233926.tar.gz
HTAR: a   DC2_ImSim/Run2.1i/instCat/01181839to01235518/01233950.tar.gz
HTAR: a   DC2_ImSim/Run2.1i/instCat/01181839to01235518/01233951.tar.gz
HTAR: a   DC2_ImSim/Run2.1i/instCat/01181839to01235518/01233952.tar.gz
HTAR: a   DC2_ImSim/Run2.1i/instCat/01181839to01235518/01233953.tar.gz
HTAR: a   DC2_ImSim/Run2.1i/instCat/01181839to01235518/01233954.tar.gz
HTAR: a   DC2_ImSim/Run2.1i/instCat/01181839to01235518/01233955.tar.gz
HTAR: a   DC2_ImSim/Run2.1i/instCat/01181839to01235518/01233956.tar.gz
HTAR: a   DC2_ImSim/Run2.1i/instCat/01181839to01235518/01233957.tar.gz
HTAR: a   DC2_ImSim/Run2.1i/instCat/01181839to01235518/01233958.tar.gz
HTAR: a   DC2_ImSim/Run2.1i/instCat/01181839to01235518/01233959.tar.gz
HTAR: a   DC2_ImSim/Run2.1i/instCat/01181839to01235518/01233960.tar.gz
HTAR: a   DC2_ImSim/Run2.1i/instCat/01181839to01235518/01233961.tar.gz
HTAR: a   DC2_ImSim/Run2.1i/instCat/01181839to01235518/01233967.tar.gz
HTAR: a   DC2_ImSim/Run2.1i/instCat/01181839to01235518/01233968.tar.gz
HTAR: a   DC2_ImSim/Run2.1i/instCat/01181839to01235518/01233969.tar.gz
HTAR: a   DC2_ImSim/Run2.1i/instCat/01181839to01235518/01234001.tar.gz
HTAR: a   DC2_ImSim/Run2.1i/instCat/01181839to01235518/01234002.tar.gz
HTAR: a   DC2_ImSim/Run2.1i/instCat/01181839to01235518/01234003.tar.gz
HTAR: a   DC2_ImSim/Run2.1i/instCat/01181839to01235518/01234008.tar.gz
HTAR: a   DC2_ImSim/Run2.1i/instCat/01181839to01235518/01234022.tar.gz
HTAR: a   DC2_ImSim/Run2.1i/instCat/01181839to01235518/01234052.tar.gz
HTAR: a   DC2_ImSim/Run2.1i/instCat/01181839to01235518/01234499.tar.gz
HTAR: a   DC2_ImSim/Run2.1i/instCat/01181839to01235518/01234500.tar.gz
HTAR: a   DC2_ImSim/Run2.1i/instCat/01181839to01235518/01234539.tar.gz
HTAR: a   DC2_ImSim/Run2.1i/instCat/01181839to01235518/01234540.tar.gz
HTAR: a   DC2_ImSim/Run2.1i/instCat/01181839to01235518/01234541.tar.gz
HTAR: a   DC2_ImSim/Run2.1i/instCat/01181839to01235518/01235067.tar.gz
HTAR: a   DC2_ImSim/Run2.1i/instCat/01181839to01235518/01235072.tar.gz
HTAR: a   DC2_ImSim/Run2.1i/instCat/01181839to01235518/01235075.tar.gz
HTAR: a   DC2_ImSim/Run2.1i/instCat/01181839to01235518/01235077.tar.gz
HTAR: a   /tmp/HTAR_CF_CHK_605_1561590271
HTAR Create complete for /home/projects/desc/DC2_ImSim/Run2.1i/instCat/01181839to01235518/01231242to01235077.tar. 489,130,747,392 bytes written for 108 member files, max threads: 2 Transfer time: 2828.158 seconds (172.950 MB/s) wallclock/user/sys: 2829.611 3327.776 1486.674 seconds
HTAR: HTAR SUCCESSFUL
