HTAR: a   instcat_y06_191126/01445085.tar
HTAR: a   instcat_y06_191126/01445103.tar
HTAR: a   instcat_y06_191126/01445119.tar
HTAR: a   instcat_y06_191126/01445120.tar
HTAR: a   instcat_y06_191126/01445121.tar
HTAR: a   instcat_y06_191126/01445122.tar
HTAR: a   instcat_y06_191126/01445124.tar
HTAR: a   instcat_y06_191126/01445135.tar
HTAR: a   instcat_y06_191126/01445388.tar
HTAR: a   instcat_y06_191126/01445391.tar
HTAR: a   instcat_y06_191126/01445392.tar
HTAR: a   instcat_y06_191126/01445393.tar
HTAR: a   instcat_y06_191126/01445395.tar
HTAR: a   instcat_y06_191126/01445398.tar
HTAR: a   instcat_y06_191126/01445433.tar
HTAR: a   instcat_y06_191126/01445434.tar
HTAR: a   instcat_y06_191126/01445435.tar
HTAR: a   instcat_y06_191126/01445436.tar
HTAR: a   instcat_y06_191126/01445437.tar
HTAR: a   instcat_y06_191126/01445438.tar
HTAR: a   instcat_y06_191126/01445439.tar
HTAR: a   instcat_y06_191126/01445440.tar
HTAR: a   instcat_y06_191126/01445441.tar
HTAR: a   instcat_y06_191126/01445454.tar
HTAR: a   instcat_y06_191126/01445455.tar
HTAR: a   instcat_y06_191126/01445456.tar
HTAR: a   instcat_y06_191126/01445457.tar
HTAR: a   instcat_y06_191126/01445458.tar
HTAR: a   instcat_y06_191126/01445459.tar
HTAR: a   instcat_y06_191126/01445460.tar
HTAR: a   instcat_y06_191126/01445461.tar
HTAR: a   instcat_y06_191126/01445462.tar
HTAR: a   instcat_y06_191126/01446148.tar
HTAR: a   instcat_y06_191126/01446149.tar
HTAR: a   instcat_y06_191126/01446150.tar
HTAR: a   instcat_y06_191126/01446151.tar
HTAR: a   instcat_y06_191126/01446152.tar
HTAR: a   instcat_y06_191126/01446153.tar
HTAR: a   instcat_y06_191126/01446154.tar
HTAR: a   instcat_y06_191126/01446155.tar
HTAR: a   instcat_y06_191126/01446156.tar
HTAR: a   instcat_y06_191126/01446157.tar
HTAR: a   instcat_y06_191126/01446158.tar
HTAR: a   instcat_y06_191126/01446159.tar
HTAR: a   instcat_y06_191126/01446160.tar
HTAR: a   instcat_y06_191126/01446161.tar
HTAR: a   instcat_y06_191126/01446162.tar
HTAR: a   instcat_y06_191126/01446163.tar
HTAR: a   instcat_y06_191126/01446164.tar
HTAR: a   instcat_y06_191126/01446165.tar
HTAR: a   instcat_y06_191126/01446166.tar
HTAR: a   instcat_y06_191126/01446167.tar
HTAR: a   instcat_y06_191126/01446168.tar
HTAR: a   instcat_y06_191126/01446169.tar
HTAR: a   instcat_y06_191126/01446170.tar
HTAR: a   instcat_y06_191126/01446171.tar
HTAR: a   instcat_y06_191126/01446172.tar
HTAR: a   instcat_y06_191126/01446173.tar
HTAR: a   instcat_y06_191126/01446174.tar
HTAR: a   instcat_y06_191126/01446175.tar
HTAR: a   instcat_y06_191126/01446176.tar
HTAR: a   instcat_y06_191126/01446177.tar
HTAR: a   instcat_y06_191126/01446178.tar
HTAR: a   instcat_y06_191126/01446179.tar
HTAR: a   instcat_y06_191126/01446180.tar
HTAR: a   instcat_y06_191126/01446181.tar
HTAR: a   instcat_y06_191126/01446182.tar
HTAR: a   instcat_y06_191126/01446183.tar
HTAR: a   instcat_y06_191126/01446184.tar
HTAR: a   instcat_y06_191126/01446185.tar
HTAR: a   instcat_y06_191126/01446186.tar
HTAR: a   instcat_y06_191126/01446187.tar
HTAR: a   instcat_y06_191126/01446188.tar
HTAR: a   instcat_y06_191126/01446189.tar
HTAR: a   instcat_y06_191126/01446190.tar
HTAR: a   instcat_y06_191126/01446191.tar
HTAR: a   instcat_y06_191126/01446192.tar
HTAR: a   instcat_y06_191126/01446193.tar
HTAR: a   instcat_y06_191126/01446194.tar
HTAR: a   instcat_y06_191126/01446195.tar
HTAR: a   instcat_y06_191126/01446196.tar
HTAR: a   instcat_y06_191126/01446197.tar
HTAR: a   instcat_y06_191126/01446198.tar
HTAR: a   instcat_y06_191126/01446199.tar
HTAR: a   instcat_y06_191126/01446200.tar
HTAR: a   instcat_y06_191126/01446201.tar
HTAR: a   instcat_y06_191126/01446202.tar
HTAR: a   instcat_y06_191126/01446203.tar
HTAR: a   instcat_y06_191126/01446204.tar
HTAR: a   instcat_y06_191126/01446205.tar
HTAR: a   instcat_y06_191126/01446206.tar
HTAR: a   instcat_y06_191126/01446207.tar
HTAR: a   instcat_y06_191126/01446208.tar
HTAR: a   instcat_y06_191126/01446209.tar
HTAR: a   instcat_y06_191126/01446210.tar
HTAR: a   instcat_y06_191126/01446211.tar
HTAR: a   instcat_y06_191126/01446212.tar
HTAR: a   instcat_y06_191126/01446213.tar
HTAR: a   instcat_y06_191126/01446214.tar
HTAR: a   instcat_y06_191126/01446215.tar
HTAR: a   instcat_y06_191126/01446216.tar
HTAR: a   instcat_y06_191126/01446217.tar
HTAR: a   instcat_y06_191126/01446218.tar
HTAR: a   instcat_y06_191126/01446219.tar
HTAR: a   instcat_y06_191126/01446220.tar
HTAR: a   instcat_y06_191126/01446221.tar
HTAR: a   instcat_y06_191126/01446222.tar
HTAR: a   instcat_y06_191126/01446223.tar
HTAR: a   instcat_y06_191126/01446224.tar
HTAR: a   instcat_y06_191126/01446225.tar
HTAR: a   instcat_y06_191126/01446226.tar
HTAR: a   instcat_y06_191126/01446227.tar
HTAR: a   instcat_y06_191126/01446228.tar
HTAR: a   instcat_y06_191126/01446229.tar
HTAR: a   instcat_y06_191126/01446230.tar
HTAR: a   instcat_y06_191126/01446231.tar
HTAR: a   instcat_y06_191126/01446232.tar
HTAR: a   instcat_y06_191126/01446233.tar
HTAR: a   instcat_y06_191126/01446234.tar
HTAR: a   instcat_y06_191126/01446235.tar
HTAR: a   instcat_y06_191126/job_log_01445085.txt
HTAR: a   instcat_y06_191126/job_log_01445103.txt
HTAR: a   instcat_y06_191126/job_log_01445119.txt
HTAR: a   instcat_y06_191126/job_log_01445120.txt
HTAR: a   instcat_y06_191126/job_log_01445121.txt
HTAR: a   instcat_y06_191126/job_log_01445122.txt
HTAR: a   instcat_y06_191126/job_log_01445124.txt
HTAR: a   instcat_y06_191126/job_log_01445135.txt
HTAR: a   instcat_y06_191126/job_log_01445388.txt
HTAR: a   instcat_y06_191126/job_log_01445391.txt
HTAR: a   instcat_y06_191126/job_log_01445392.txt
HTAR: a   instcat_y06_191126/job_log_01445393.txt
HTAR: a   instcat_y06_191126/job_log_01445395.txt
HTAR: a   instcat_y06_191126/job_log_01445398.txt
HTAR: a   instcat_y06_191126/job_log_01445433.txt
HTAR: a   instcat_y06_191126/job_log_01445434.txt
HTAR: a   instcat_y06_191126/job_log_01445435.txt
HTAR: a   instcat_y06_191126/job_log_01445436.txt
HTAR: a   instcat_y06_191126/job_log_01445437.txt
HTAR: a   instcat_y06_191126/job_log_01445438.txt
HTAR: a   instcat_y06_191126/job_log_01445439.txt
HTAR: a   instcat_y06_191126/job_log_01445440.txt
HTAR: a   instcat_y06_191126/job_log_01445441.txt
HTAR: a   instcat_y06_191126/job_log_01445454.txt
HTAR: a   instcat_y06_191126/job_log_01445455.txt
HTAR: a   instcat_y06_191126/job_log_01445456.txt
HTAR: a   instcat_y06_191126/job_log_01445457.txt
HTAR: a   instcat_y06_191126/job_log_01445458.txt
HTAR: a   instcat_y06_191126/job_log_01445459.txt
HTAR: a   instcat_y06_191126/job_log_01445460.txt
HTAR: a   instcat_y06_191126/job_log_01445461.txt
HTAR: a   instcat_y06_191126/job_log_01445462.txt
HTAR: a   instcat_y06_191126/job_log_01446148.txt
HTAR: a   instcat_y06_191126/job_log_01446149.txt
HTAR: a   instcat_y06_191126/job_log_01446150.txt
HTAR: a   instcat_y06_191126/job_log_01446151.txt
HTAR: a   instcat_y06_191126/job_log_01446152.txt
HTAR: a   instcat_y06_191126/job_log_01446153.txt
HTAR: a   instcat_y06_191126/job_log_01446154.txt
HTAR: a   instcat_y06_191126/job_log_01446155.txt
HTAR: a   instcat_y06_191126/job_log_01446156.txt
HTAR: a   instcat_y06_191126/job_log_01446157.txt
HTAR: a   instcat_y06_191126/job_log_01446158.txt
HTAR: a   instcat_y06_191126/job_log_01446159.txt
HTAR: a   instcat_y06_191126/job_log_01446160.txt
HTAR: a   instcat_y06_191126/job_log_01446161.txt
HTAR: a   instcat_y06_191126/job_log_01446162.txt
HTAR: a   instcat_y06_191126/job_log_01446163.txt
HTAR: a   instcat_y06_191126/job_log_01446164.txt
HTAR: a   instcat_y06_191126/job_log_01446165.txt
HTAR: a   instcat_y06_191126/job_log_01446166.txt
HTAR: a   instcat_y06_191126/job_log_01446167.txt
HTAR: a   instcat_y06_191126/job_log_01446168.txt
HTAR: a   instcat_y06_191126/job_log_01446169.txt
HTAR: a   instcat_y06_191126/job_log_01446170.txt
HTAR: a   instcat_y06_191126/job_log_01446171.txt
HTAR: a   instcat_y06_191126/job_log_01446172.txt
HTAR: a   instcat_y06_191126/job_log_01446173.txt
HTAR: a   instcat_y06_191126/job_log_01446174.txt
HTAR: a   instcat_y06_191126/job_log_01446175.txt
HTAR: a   instcat_y06_191126/job_log_01446176.txt
HTAR: a   instcat_y06_191126/job_log_01446177.txt
HTAR: a   instcat_y06_191126/job_log_01446178.txt
HTAR: a   instcat_y06_191126/job_log_01446179.txt
HTAR: a   instcat_y06_191126/job_log_01446180.txt
HTAR: a   instcat_y06_191126/job_log_01446181.txt
HTAR: a   instcat_y06_191126/job_log_01446182.txt
HTAR: a   instcat_y06_191126/job_log_01446183.txt
HTAR: a   instcat_y06_191126/job_log_01446184.txt
HTAR: a   instcat_y06_191126/job_log_01446185.txt
HTAR: a   instcat_y06_191126/job_log_01446186.txt
HTAR: a   instcat_y06_191126/job_log_01446187.txt
HTAR: a   instcat_y06_191126/job_log_01446188.txt
HTAR: a   instcat_y06_191126/job_log_01446189.txt
HTAR: a   instcat_y06_191126/job_log_01446190.txt
HTAR: a   instcat_y06_191126/job_log_01446191.txt
HTAR: a   instcat_y06_191126/job_log_01446192.txt
HTAR: a   instcat_y06_191126/job_log_01446193.txt
HTAR: a   instcat_y06_191126/job_log_01446194.txt
HTAR: a   instcat_y06_191126/job_log_01446195.txt
HTAR: a   instcat_y06_191126/job_log_01446196.txt
HTAR: a   instcat_y06_191126/job_log_01446197.txt
HTAR: a   instcat_y06_191126/job_log_01446198.txt
HTAR: a   instcat_y06_191126/job_log_01446199.txt
HTAR: a   instcat_y06_191126/job_log_01446200.txt
HTAR: a   instcat_y06_191126/job_log_01446201.txt
HTAR: a   instcat_y06_191126/job_log_01446202.txt
HTAR: a   instcat_y06_191126/job_log_01446203.txt
HTAR: a   instcat_y06_191126/job_log_01446204.txt
HTAR: a   instcat_y06_191126/job_log_01446205.txt
HTAR: a   instcat_y06_191126/job_log_01446206.txt
HTAR: a   instcat_y06_191126/job_log_01446207.txt
HTAR: a   instcat_y06_191126/job_log_01446208.txt
HTAR: a   instcat_y06_191126/job_log_01446209.txt
HTAR: a   instcat_y06_191126/job_log_01446210.txt
HTAR: a   instcat_y06_191126/job_log_01446211.txt
HTAR: a   instcat_y06_191126/job_log_01446212.txt
HTAR: a   instcat_y06_191126/job_log_01446213.txt
HTAR: a   instcat_y06_191126/job_log_01446214.txt
HTAR: a   instcat_y06_191126/job_log_01446215.txt
HTAR: a   instcat_y06_191126/job_log_01446216.txt
HTAR: a   instcat_y06_191126/job_log_01446217.txt
HTAR: a   instcat_y06_191126/job_log_01446218.txt
HTAR: a   instcat_y06_191126/job_log_01446219.txt
HTAR: a   instcat_y06_191126/job_log_01446220.txt
HTAR: a   instcat_y06_191126/job_log_01446221.txt
HTAR: a   instcat_y06_191126/job_log_01446222.txt
HTAR: a   instcat_y06_191126/job_log_01446223.txt
HTAR: a   instcat_y06_191126/job_log_01446224.txt
HTAR: a   instcat_y06_191126/job_log_01446225.txt
HTAR: a   instcat_y06_191126/job_log_01446226.txt
HTAR: a   instcat_y06_191126/job_log_01446227.txt
HTAR: a   instcat_y06_191126/job_log_01446228.txt
HTAR: a   instcat_y06_191126/job_log_01446229.txt
HTAR: a   instcat_y06_191126/job_log_01446230.txt
HTAR: a   instcat_y06_191126/job_log_01446231.txt
HTAR: a   instcat_y06_191126/job_log_01446232.txt
HTAR: a   instcat_y06_191126/job_log_01446233.txt
HTAR: a   instcat_y06_191126/job_log_01446234.txt
HTAR: a   instcat_y06_191126/job_log_01446235.txt
HTAR: a   /tmp/HTAR_CF_CHK_13505_1580772090
HTAR Create complete for /home/projects/desc/DC2_ImSim/Run2.2i/instCat/y06_191126/01445085to01446235.tar. 568,057,386,496 bytes written for 240 member files, max threads: 50 Transfer time: 5709.333 seconds (99.496 MB/s) wallclock/user/sys: 5710.287 5783.975 2272.037 seconds
HTAR: HTAR SUCCESSFUL
HTAR: a   instcat_y06_191126/01446236.tar
HTAR: a   instcat_y06_191126/01446237.tar
HTAR: a   instcat_y06_191126/01446238.tar
HTAR: a   instcat_y06_191126/01446239.tar
HTAR: a   instcat_y06_191126/01446240.tar
HTAR: a   instcat_y06_191126/01446241.tar
HTAR: a   instcat_y06_191126/01446242.tar
HTAR: a   instcat_y06_191126/01446243.tar
HTAR: a   instcat_y06_191126/01447216.tar
HTAR: a   instcat_y06_191126/01447242.tar
HTAR: a   instcat_y06_191126/01447243.tar
HTAR: a   instcat_y06_191126/01447246.tar
HTAR: a   instcat_y06_191126/01447423.tar
HTAR: a   instcat_y06_191126/01447868.tar
HTAR: a   instcat_y06_191126/01447869.tar
HTAR: a   instcat_y06_191126/01447870.tar
HTAR: a   instcat_y06_191126/01447871.tar
HTAR: a   instcat_y06_191126/01447872.tar
HTAR: a   instcat_y06_191126/01447873.tar
HTAR: a   instcat_y06_191126/01447879.tar
HTAR: a   instcat_y06_191126/01447908.tar
HTAR: a   instcat_y06_191126/01447910.tar
HTAR: a   instcat_y06_191126/01447912.tar
HTAR: a   instcat_y06_191126/01447913.tar
HTAR: a   instcat_y06_191126/01447914.tar
HTAR: a   instcat_y06_191126/01447915.tar
HTAR: a   instcat_y06_191126/01447916.tar
HTAR: a   instcat_y06_191126/01447917.tar
HTAR: a   instcat_y06_191126/01447927.tar
HTAR: a   instcat_y06_191126/01447931.tar
HTAR: a   instcat_y06_191126/01447932.tar
HTAR: a   instcat_y06_191126/01447933.tar
HTAR: a   instcat_y06_191126/01447934.tar
HTAR: a   instcat_y06_191126/01447935.tar
HTAR: a   instcat_y06_191126/01447936.tar
HTAR: a   instcat_y06_191126/01447937.tar
HTAR: a   instcat_y06_191126/01447952.tar
HTAR: a   instcat_y06_191126/01447959.tar
HTAR: a   instcat_y06_191126/01447960.tar
HTAR: a   instcat_y06_191126/01447961.tar
HTAR: a   instcat_y06_191126/01447962.tar
HTAR: a   instcat_y06_191126/01447965.tar
HTAR: a   instcat_y06_191126/01447966.tar
HTAR: a   instcat_y06_191126/01447967.tar
HTAR: a   instcat_y06_191126/01447968.tar
HTAR: a   instcat_y06_191126/01447969.tar
HTAR: a   instcat_y06_191126/01447970.tar
HTAR: a   instcat_y06_191126/01447988.tar
HTAR: a   instcat_y06_191126/01447989.tar
HTAR: a   instcat_y06_191126/01447990.tar
HTAR: a   instcat_y06_191126/01447991.tar
HTAR: a   instcat_y06_191126/01447992.tar
HTAR: a   instcat_y06_191126/01447993.tar
HTAR: a   instcat_y06_191126/01447994.tar
HTAR: a   instcat_y06_191126/01447995.tar
HTAR: a   instcat_y06_191126/01447996.tar
HTAR: a   instcat_y06_191126/01447997.tar
HTAR: a   instcat_y06_191126/01447998.tar
HTAR: a   instcat_y06_191126/01447999.tar
HTAR: a   instcat_y06_191126/01448001.tar
HTAR: a   instcat_y06_191126/01448002.tar
HTAR: a   instcat_y06_191126/01448003.tar
HTAR: a   instcat_y06_191126/01448004.tar
HTAR: a   instcat_y06_191126/01448007.tar
HTAR: a   instcat_y06_191126/01448008.tar
HTAR: a   instcat_y06_191126/01448009.tar
HTAR: a   instcat_y06_191126/01448010.tar
HTAR: a   instcat_y06_191126/01448011.tar
HTAR: a   instcat_y06_191126/01448020.tar
HTAR: a   instcat_y06_191126/01448021.tar
HTAR: a   instcat_y06_191126/01448022.tar
HTAR: a   instcat_y06_191126/01448023.tar
HTAR: a   instcat_y06_191126/01448024.tar
HTAR: a   instcat_y06_191126/01448025.tar
HTAR: a   instcat_y06_191126/01448026.tar
HTAR: a   instcat_y06_191126/01448029.tar
HTAR: a   instcat_y06_191126/01448030.tar
HTAR: a   instcat_y06_191126/01448031.tar
HTAR: a   instcat_y06_191126/01448032.tar
HTAR: a   instcat_y06_191126/01448034.tar
HTAR: a   instcat_y06_191126/01448035.tar
HTAR: a   instcat_y06_191126/01448036.tar
HTAR: a   instcat_y06_191126/01448037.tar
HTAR: a   instcat_y06_191126/01448042.tar
HTAR: a   instcat_y06_191126/01448043.tar
HTAR: a   instcat_y06_191126/01448044.tar
HTAR: a   instcat_y06_191126/01448045.tar
HTAR: a   instcat_y06_191126/01448046.tar
HTAR: a   instcat_y06_191126/01448050.tar
HTAR: a   instcat_y06_191126/01448059.tar
HTAR: a   instcat_y06_191126/01448060.tar
HTAR: a   instcat_y06_191126/01448062.tar
HTAR: a   instcat_y06_191126/01448066.tar
HTAR: a   instcat_y06_191126/01448067.tar
HTAR: a   instcat_y06_191126/01448068.tar
HTAR: a   instcat_y06_191126/01448069.tar
HTAR: a   instcat_y06_191126/01448070.tar
HTAR: a   instcat_y06_191126/01448071.tar
HTAR: a   instcat_y06_191126/01448078.tar
HTAR: a   instcat_y06_191126/01448079.tar
HTAR: a   instcat_y06_191126/01448080.tar
HTAR: a   instcat_y06_191126/01448083.tar
HTAR: a   instcat_y06_191126/01448084.tar
HTAR: a   instcat_y06_191126/01448089.tar
HTAR: a   instcat_y06_191126/01448092.tar
HTAR: a   instcat_y06_191126/01448093.tar
HTAR: a   instcat_y06_191126/01448094.tar
HTAR: a   instcat_y06_191126/01448095.tar
HTAR: a   instcat_y06_191126/01448096.tar
HTAR: a   instcat_y06_191126/01448097.tar
HTAR: a   instcat_y06_191126/01448098.tar
HTAR: a   instcat_y06_191126/01448114.tar
HTAR: a   instcat_y06_191126/01448116.tar
HTAR: a   instcat_y06_191126/01448117.tar
HTAR: a   instcat_y06_191126/01448119.tar
HTAR: a   instcat_y06_191126/01448120.tar
HTAR: a   instcat_y06_191126/01448122.tar
HTAR: a   instcat_y06_191126/01448123.tar
HTAR: a   instcat_y06_191126/01448139.tar
HTAR: a   instcat_y06_191126/01448348.tar
HTAR: a   instcat_y06_191126/job_log_01446236.txt
HTAR: a   instcat_y06_191126/job_log_01446237.txt
HTAR: a   instcat_y06_191126/job_log_01446238.txt
HTAR: a   instcat_y06_191126/job_log_01446239.txt
HTAR: a   instcat_y06_191126/job_log_01446240.txt
HTAR: a   instcat_y06_191126/job_log_01446241.txt
HTAR: a   instcat_y06_191126/job_log_01446242.txt
HTAR: a   instcat_y06_191126/job_log_01446243.txt
HTAR: a   instcat_y06_191126/job_log_01447216.txt
HTAR: a   instcat_y06_191126/job_log_01447242.txt
HTAR: a   instcat_y06_191126/job_log_01447243.txt
HTAR: a   instcat_y06_191126/job_log_01447246.txt
HTAR: a   instcat_y06_191126/job_log_01447423.txt
HTAR: a   instcat_y06_191126/job_log_01447868.txt
HTAR: a   instcat_y06_191126/job_log_01447869.txt
HTAR: a   instcat_y06_191126/job_log_01447870.txt
HTAR: a   instcat_y06_191126/job_log_01447871.txt
HTAR: a   instcat_y06_191126/job_log_01447872.txt
HTAR: a   instcat_y06_191126/job_log_01447873.txt
HTAR: a   instcat_y06_191126/job_log_01447879.txt
HTAR: a   instcat_y06_191126/job_log_01447908.txt
HTAR: a   instcat_y06_191126/job_log_01447910.txt
HTAR: a   instcat_y06_191126/job_log_01447912.txt
HTAR: a   instcat_y06_191126/job_log_01447913.txt
HTAR: a   instcat_y06_191126/job_log_01447914.txt
HTAR: a   instcat_y06_191126/job_log_01447915.txt
HTAR: a   instcat_y06_191126/job_log_01447916.txt
HTAR: a   instcat_y06_191126/job_log_01447917.txt
HTAR: a   instcat_y06_191126/job_log_01447927.txt
HTAR: a   instcat_y06_191126/job_log_01447931.txt
HTAR: a   instcat_y06_191126/job_log_01447932.txt
HTAR: a   instcat_y06_191126/job_log_01447933.txt
HTAR: a   instcat_y06_191126/job_log_01447934.txt
HTAR: a   instcat_y06_191126/job_log_01447935.txt
HTAR: a   instcat_y06_191126/job_log_01447936.txt
HTAR: a   instcat_y06_191126/job_log_01447937.txt
HTAR: a   instcat_y06_191126/job_log_01447952.txt
HTAR: a   instcat_y06_191126/job_log_01447959.txt
HTAR: a   instcat_y06_191126/job_log_01447960.txt
HTAR: a   instcat_y06_191126/job_log_01447961.txt
HTAR: a   instcat_y06_191126/job_log_01447962.txt
HTAR: a   instcat_y06_191126/job_log_01447965.txt
HTAR: a   instcat_y06_191126/job_log_01447966.txt
HTAR: a   instcat_y06_191126/job_log_01447967.txt
HTAR: a   instcat_y06_191126/job_log_01447968.txt
HTAR: a   instcat_y06_191126/job_log_01447969.txt
HTAR: a   instcat_y06_191126/job_log_01447970.txt
HTAR: a   instcat_y06_191126/job_log_01447988.txt
HTAR: a   instcat_y06_191126/job_log_01447989.txt
HTAR: a   instcat_y06_191126/job_log_01447990.txt
HTAR: a   instcat_y06_191126/job_log_01447991.txt
HTAR: a   instcat_y06_191126/job_log_01447992.txt
HTAR: a   instcat_y06_191126/job_log_01447993.txt
HTAR: a   instcat_y06_191126/job_log_01447994.txt
HTAR: a   instcat_y06_191126/job_log_01447995.txt
HTAR: a   instcat_y06_191126/job_log_01447996.txt
HTAR: a   instcat_y06_191126/job_log_01447997.txt
HTAR: a   instcat_y06_191126/job_log_01447998.txt
HTAR: a   instcat_y06_191126/job_log_01447999.txt
HTAR: a   instcat_y06_191126/job_log_01448001.txt
HTAR: a   instcat_y06_191126/job_log_01448002.txt
HTAR: a   instcat_y06_191126/job_log_01448003.txt
HTAR: a   instcat_y06_191126/job_log_01448004.txt
HTAR: a   instcat_y06_191126/job_log_01448007.txt
HTAR: a   instcat_y06_191126/job_log_01448008.txt
HTAR: a   instcat_y06_191126/job_log_01448009.txt
HTAR: a   instcat_y06_191126/job_log_01448010.txt
HTAR: a   instcat_y06_191126/job_log_01448011.txt
HTAR: a   instcat_y06_191126/job_log_01448020.txt
HTAR: a   instcat_y06_191126/job_log_01448021.txt
HTAR: a   instcat_y06_191126/job_log_01448022.txt
HTAR: a   instcat_y06_191126/job_log_01448023.txt
HTAR: a   instcat_y06_191126/job_log_01448024.txt
HTAR: a   instcat_y06_191126/job_log_01448025.txt
HTAR: a   instcat_y06_191126/job_log_01448026.txt
HTAR: a   instcat_y06_191126/job_log_01448029.txt
HTAR: a   instcat_y06_191126/job_log_01448030.txt
HTAR: a   instcat_y06_191126/job_log_01448031.txt
HTAR: a   instcat_y06_191126/job_log_01448032.txt
HTAR: a   instcat_y06_191126/job_log_01448034.txt
HTAR: a   instcat_y06_191126/job_log_01448035.txt
HTAR: a   instcat_y06_191126/job_log_01448036.txt
HTAR: a   instcat_y06_191126/job_log_01448037.txt
HTAR: a   instcat_y06_191126/job_log_01448042.txt
HTAR: a   instcat_y06_191126/job_log_01448043.txt
HTAR: a   instcat_y06_191126/job_log_01448044.txt
HTAR: a   instcat_y06_191126/job_log_01448045.txt
HTAR: a   instcat_y06_191126/job_log_01448046.txt
HTAR: a   instcat_y06_191126/job_log_01448050.txt
HTAR: a   instcat_y06_191126/job_log_01448059.txt
HTAR: a   instcat_y06_191126/job_log_01448060.txt
HTAR: a   instcat_y06_191126/job_log_01448062.txt
HTAR: a   instcat_y06_191126/job_log_01448066.txt
HTAR: a   instcat_y06_191126/job_log_01448067.txt
HTAR: a   instcat_y06_191126/job_log_01448068.txt
HTAR: a   instcat_y06_191126/job_log_01448069.txt
HTAR: a   instcat_y06_191126/job_log_01448070.txt
HTAR: a   instcat_y06_191126/job_log_01448071.txt
HTAR: a   instcat_y06_191126/job_log_01448078.txt
HTAR: a   instcat_y06_191126/job_log_01448079.txt
HTAR: a   instcat_y06_191126/job_log_01448080.txt
HTAR: a   instcat_y06_191126/job_log_01448083.txt
HTAR: a   instcat_y06_191126/job_log_01448084.txt
HTAR: a   instcat_y06_191126/job_log_01448089.txt
HTAR: a   instcat_y06_191126/job_log_01448092.txt
HTAR: a   instcat_y06_191126/job_log_01448093.txt
HTAR: a   instcat_y06_191126/job_log_01448094.txt
HTAR: a   instcat_y06_191126/job_log_01448095.txt
HTAR: a   instcat_y06_191126/job_log_01448096.txt
HTAR: a   instcat_y06_191126/job_log_01448097.txt
HTAR: a   instcat_y06_191126/job_log_01448098.txt
HTAR: a   instcat_y06_191126/job_log_01448114.txt
HTAR: a   instcat_y06_191126/job_log_01448116.txt
HTAR: a   instcat_y06_191126/job_log_01448117.txt
HTAR: a   instcat_y06_191126/job_log_01448119.txt
HTAR: a   instcat_y06_191126/job_log_01448120.txt
HTAR: a   instcat_y06_191126/job_log_01448122.txt
HTAR: a   instcat_y06_191126/job_log_01448123.txt
HTAR: a   instcat_y06_191126/job_log_01448139.txt
HTAR: a   instcat_y06_191126/job_log_01448348.txt
HTAR: a   /tmp/HTAR_CF_CHK_48253_1580777804
HTAR Create complete for /home/projects/desc/DC2_ImSim/Run2.2i/instCat/y06_191126/01446236to01448348.tar. 546,117,981,696 bytes written for 240 member files, max threads: 50 Transfer time: 4182.922 seconds (130.559 MB/s) wallclock/user/sys: 4184.180 4889.658 1332.240 seconds
HTAR: HTAR SUCCESSFUL
HTAR: a   instcat_y06_191126/01448349.tar
HTAR: a   instcat_y06_191126/01448350.tar
HTAR: a   instcat_y06_191126/01448351.tar
HTAR: a   instcat_y06_191126/01448352.tar
HTAR: a   instcat_y06_191126/01448353.tar
HTAR: a   instcat_y06_191126/01448354.tar
HTAR: a   instcat_y06_191126/01448355.tar
HTAR: a   instcat_y06_191126/01448356.tar
HTAR: a   instcat_y06_191126/01448357.tar
HTAR: a   instcat_y06_191126/01448358.tar
HTAR: a   instcat_y06_191126/01448359.tar
HTAR: a   instcat_y06_191126/01448360.tar
HTAR: a   instcat_y06_191126/01448361.tar
HTAR: a   instcat_y06_191126/01448362.tar
HTAR: a   instcat_y06_191126/01448363.tar
HTAR: a   instcat_y06_191126/01448364.tar
HTAR: a   instcat_y06_191126/01448365.tar
HTAR: a   instcat_y06_191126/01448366.tar
HTAR: a   instcat_y06_191126/01448367.tar
HTAR: a   instcat_y06_191126/01448368.tar
HTAR: a   instcat_y06_191126/01448369.tar
HTAR: a   instcat_y06_191126/01448370.tar
HTAR: a   instcat_y06_191126/01448371.tar
HTAR: a   instcat_y06_191126/01448372.tar
HTAR: a   instcat_y06_191126/01448373.tar
HTAR: a   instcat_y06_191126/01448374.tar
HTAR: a   instcat_y06_191126/01448375.tar
HTAR: a   instcat_y06_191126/01448376.tar
HTAR: a   instcat_y06_191126/01448377.tar
HTAR: a   instcat_y06_191126/01448378.tar
HTAR: a   instcat_y06_191126/01448379.tar
HTAR: a   instcat_y06_191126/01448380.tar
HTAR: a   instcat_y06_191126/01448381.tar
HTAR: a   instcat_y06_191126/01448382.tar
HTAR: a   instcat_y06_191126/01448383.tar
HTAR: a   instcat_y06_191126/01448384.tar
HTAR: a   instcat_y06_191126/01448385.tar
HTAR: a   instcat_y06_191126/01448386.tar
HTAR: a   instcat_y06_191126/01448387.tar
HTAR: a   instcat_y06_191126/01448388.tar
HTAR: a   instcat_y06_191126/01448389.tar
HTAR: a   instcat_y06_191126/01448390.tar
HTAR: a   instcat_y06_191126/01448391.tar
HTAR: a   instcat_y06_191126/01448392.tar
HTAR: a   instcat_y06_191126/01448393.tar
HTAR: a   instcat_y06_191126/01448394.tar
HTAR: a   instcat_y06_191126/01448395.tar
HTAR: a   instcat_y06_191126/01448396.tar
HTAR: a   instcat_y06_191126/01448397.tar
HTAR: a   instcat_y06_191126/01448398.tar
HTAR: a   instcat_y06_191126/01448399.tar
HTAR: a   instcat_y06_191126/01448400.tar
HTAR: a   instcat_y06_191126/01448401.tar
HTAR: a   instcat_y06_191126/01448402.tar
HTAR: a   instcat_y06_191126/01448403.tar
HTAR: a   instcat_y06_191126/01448404.tar
HTAR: a   instcat_y06_191126/01448405.tar
HTAR: a   instcat_y06_191126/01448406.tar
HTAR: a   instcat_y06_191126/01448407.tar
HTAR: a   instcat_y06_191126/01448408.tar
HTAR: a   instcat_y06_191126/01448409.tar
HTAR: a   instcat_y06_191126/01448410.tar
HTAR: a   instcat_y06_191126/01448411.tar
HTAR: a   instcat_y06_191126/01448412.tar
HTAR: a   instcat_y06_191126/01448413.tar
HTAR: a   instcat_y06_191126/01448414.tar
HTAR: a   instcat_y06_191126/01448415.tar
HTAR: a   instcat_y06_191126/01448416.tar
HTAR: a   instcat_y06_191126/01448417.tar
HTAR: a   instcat_y06_191126/01448418.tar
HTAR: a   instcat_y06_191126/01448419.tar
HTAR: a   instcat_y06_191126/01448420.tar
HTAR: a   instcat_y06_191126/01448421.tar
HTAR: a   instcat_y06_191126/01448422.tar
HTAR: a   instcat_y06_191126/01448423.tar
HTAR: a   instcat_y06_191126/01448424.tar
HTAR: a   instcat_y06_191126/01448425.tar
HTAR: a   instcat_y06_191126/01448426.tar
HTAR: a   instcat_y06_191126/01448427.tar
HTAR: a   instcat_y06_191126/01448428.tar
HTAR: a   instcat_y06_191126/01448429.tar
HTAR: a   instcat_y06_191126/01448430.tar
HTAR: a   instcat_y06_191126/01448431.tar
HTAR: a   instcat_y06_191126/01448432.tar
HTAR: a   instcat_y06_191126/01448433.tar
HTAR: a   instcat_y06_191126/01448434.tar
HTAR: a   instcat_y06_191126/01448435.tar
HTAR: a   instcat_y06_191126/01448436.tar
HTAR: a   instcat_y06_191126/01448437.tar
HTAR: a   instcat_y06_191126/01448438.tar
HTAR: a   instcat_y06_191126/01448439.tar
HTAR: a   instcat_y06_191126/01448440.tar
HTAR: a   instcat_y06_191126/01448441.tar
HTAR: a   instcat_y06_191126/01448442.tar
HTAR: a   instcat_y06_191126/01448443.tar
HTAR: a   instcat_y06_191126/01448607.tar
HTAR: a   instcat_y06_191126/01448608.tar
HTAR: a   instcat_y06_191126/01448653.tar
HTAR: a   instcat_y06_191126/01448654.tar
HTAR: a   instcat_y06_191126/01448655.tar
HTAR: a   instcat_y06_191126/01448656.tar
HTAR: a   instcat_y06_191126/01448657.tar
HTAR: a   instcat_y06_191126/01448658.tar
HTAR: a   instcat_y06_191126/01448659.tar
HTAR: a   instcat_y06_191126/01448660.tar
HTAR: a   instcat_y06_191126/01448661.tar
HTAR: a   instcat_y06_191126/01448663.tar
HTAR: a   instcat_y06_191126/01448664.tar
HTAR: a   instcat_y06_191126/01448665.tar
HTAR: a   instcat_y06_191126/01448697.tar
HTAR: a   instcat_y06_191126/01448699.tar
HTAR: a   instcat_y06_191126/01448700.tar
HTAR: a   instcat_y06_191126/01448701.tar
HTAR: a   instcat_y06_191126/01448702.tar
HTAR: a   instcat_y06_191126/01448703.tar
HTAR: a   instcat_y06_191126/01448704.tar
HTAR: a   instcat_y06_191126/01448705.tar
HTAR: a   instcat_y06_191126/01448706.tar
HTAR: a   instcat_y06_191126/01448707.tar
HTAR: a   instcat_y06_191126/01448806.tar
HTAR: a   instcat_y06_191126/job_log_01448349.txt
HTAR: a   instcat_y06_191126/job_log_01448350.txt
HTAR: a   instcat_y06_191126/job_log_01448351.txt
HTAR: a   instcat_y06_191126/job_log_01448352.txt
HTAR: a   instcat_y06_191126/job_log_01448353.txt
HTAR: a   instcat_y06_191126/job_log_01448354.txt
HTAR: a   instcat_y06_191126/job_log_01448355.txt
HTAR: a   instcat_y06_191126/job_log_01448356.txt
HTAR: a   instcat_y06_191126/job_log_01448357.txt
HTAR: a   instcat_y06_191126/job_log_01448358.txt
HTAR: a   instcat_y06_191126/job_log_01448359.txt
HTAR: a   instcat_y06_191126/job_log_01448360.txt
HTAR: a   instcat_y06_191126/job_log_01448361.txt
HTAR: a   instcat_y06_191126/job_log_01448362.txt
HTAR: a   instcat_y06_191126/job_log_01448363.txt
HTAR: a   instcat_y06_191126/job_log_01448364.txt
HTAR: a   instcat_y06_191126/job_log_01448365.txt
HTAR: a   instcat_y06_191126/job_log_01448366.txt
HTAR: a   instcat_y06_191126/job_log_01448367.txt
HTAR: a   instcat_y06_191126/job_log_01448368.txt
HTAR: a   instcat_y06_191126/job_log_01448369.txt
HTAR: a   instcat_y06_191126/job_log_01448370.txt
HTAR: a   instcat_y06_191126/job_log_01448371.txt
HTAR: a   instcat_y06_191126/job_log_01448372.txt
HTAR: a   instcat_y06_191126/job_log_01448373.txt
HTAR: a   instcat_y06_191126/job_log_01448374.txt
HTAR: a   instcat_y06_191126/job_log_01448375.txt
HTAR: a   instcat_y06_191126/job_log_01448376.txt
HTAR: a   instcat_y06_191126/job_log_01448377.txt
HTAR: a   instcat_y06_191126/job_log_01448378.txt
HTAR: a   instcat_y06_191126/job_log_01448379.txt
HTAR: a   instcat_y06_191126/job_log_01448380.txt
HTAR: a   instcat_y06_191126/job_log_01448381.txt
HTAR: a   instcat_y06_191126/job_log_01448382.txt
HTAR: a   instcat_y06_191126/job_log_01448383.txt
HTAR: a   instcat_y06_191126/job_log_01448384.txt
HTAR: a   instcat_y06_191126/job_log_01448385.txt
HTAR: a   instcat_y06_191126/job_log_01448386.txt
HTAR: a   instcat_y06_191126/job_log_01448387.txt
HTAR: a   instcat_y06_191126/job_log_01448388.txt
HTAR: a   instcat_y06_191126/job_log_01448389.txt
HTAR: a   instcat_y06_191126/job_log_01448390.txt
HTAR: a   instcat_y06_191126/job_log_01448391.txt
HTAR: a   instcat_y06_191126/job_log_01448392.txt
HTAR: a   instcat_y06_191126/job_log_01448393.txt
HTAR: a   instcat_y06_191126/job_log_01448394.txt
HTAR: a   instcat_y06_191126/job_log_01448395.txt
HTAR: a   instcat_y06_191126/job_log_01448396.txt
HTAR: a   instcat_y06_191126/job_log_01448397.txt
HTAR: a   instcat_y06_191126/job_log_01448398.txt
HTAR: a   instcat_y06_191126/job_log_01448399.txt
HTAR: a   instcat_y06_191126/job_log_01448400.txt
HTAR: a   instcat_y06_191126/job_log_01448401.txt
HTAR: a   instcat_y06_191126/job_log_01448402.txt
HTAR: a   instcat_y06_191126/job_log_01448403.txt
HTAR: a   instcat_y06_191126/job_log_01448404.txt
HTAR: a   instcat_y06_191126/job_log_01448405.txt
HTAR: a   instcat_y06_191126/job_log_01448406.txt
HTAR: a   instcat_y06_191126/job_log_01448407.txt
HTAR: a   instcat_y06_191126/job_log_01448408.txt
HTAR: a   instcat_y06_191126/job_log_01448409.txt
HTAR: a   instcat_y06_191126/job_log_01448410.txt
HTAR: a   instcat_y06_191126/job_log_01448411.txt
HTAR: a   instcat_y06_191126/job_log_01448412.txt
HTAR: a   instcat_y06_191126/job_log_01448413.txt
HTAR: a   instcat_y06_191126/job_log_01448414.txt
HTAR: a   instcat_y06_191126/job_log_01448415.txt
HTAR: a   instcat_y06_191126/job_log_01448416.txt
HTAR: a   instcat_y06_191126/job_log_01448417.txt
HTAR: a   instcat_y06_191126/job_log_01448418.txt
HTAR: a   instcat_y06_191126/job_log_01448419.txt
HTAR: a   instcat_y06_191126/job_log_01448420.txt
HTAR: a   instcat_y06_191126/job_log_01448421.txt
HTAR: a   instcat_y06_191126/job_log_01448422.txt
HTAR: a   instcat_y06_191126/job_log_01448423.txt
HTAR: a   instcat_y06_191126/job_log_01448424.txt
HTAR: a   instcat_y06_191126/job_log_01448425.txt
HTAR: a   instcat_y06_191126/job_log_01448426.txt
HTAR: a   instcat_y06_191126/job_log_01448427.txt
HTAR: a   instcat_y06_191126/job_log_01448428.txt
HTAR: a   instcat_y06_191126/job_log_01448429.txt
HTAR: a   instcat_y06_191126/job_log_01448430.txt
HTAR: a   instcat_y06_191126/job_log_01448431.txt
HTAR: a   instcat_y06_191126/job_log_01448432.txt
HTAR: a   instcat_y06_191126/job_log_01448433.txt
HTAR: a   instcat_y06_191126/job_log_01448434.txt
HTAR: a   instcat_y06_191126/job_log_01448435.txt
HTAR: a   instcat_y06_191126/job_log_01448436.txt
HTAR: a   instcat_y06_191126/job_log_01448437.txt
HTAR: a   instcat_y06_191126/job_log_01448438.txt
HTAR: a   instcat_y06_191126/job_log_01448439.txt
HTAR: a   instcat_y06_191126/job_log_01448440.txt
HTAR: a   instcat_y06_191126/job_log_01448441.txt
HTAR: a   instcat_y06_191126/job_log_01448442.txt
HTAR: a   instcat_y06_191126/job_log_01448443.txt
HTAR: a   instcat_y06_191126/job_log_01448607.txt
HTAR: a   instcat_y06_191126/job_log_01448608.txt
HTAR: a   instcat_y06_191126/job_log_01448653.txt
HTAR: a   instcat_y06_191126/job_log_01448654.txt
HTAR: a   instcat_y06_191126/job_log_01448655.txt
HTAR: a   instcat_y06_191126/job_log_01448656.txt
HTAR: a   instcat_y06_191126/job_log_01448657.txt
HTAR: a   instcat_y06_191126/job_log_01448658.txt
HTAR: a   instcat_y06_191126/job_log_01448659.txt
HTAR: a   instcat_y06_191126/job_log_01448660.txt
HTAR: a   instcat_y06_191126/job_log_01448661.txt
HTAR: a   instcat_y06_191126/job_log_01448663.txt
HTAR: a   instcat_y06_191126/job_log_01448664.txt
HTAR: a   instcat_y06_191126/job_log_01448665.txt
HTAR: a   instcat_y06_191126/job_log_01448697.txt
HTAR: a   instcat_y06_191126/job_log_01448699.txt
HTAR: a   instcat_y06_191126/job_log_01448700.txt
HTAR: a   instcat_y06_191126/job_log_01448701.txt
HTAR: a   instcat_y06_191126/job_log_01448702.txt
HTAR: a   instcat_y06_191126/job_log_01448703.txt
HTAR: a   instcat_y06_191126/job_log_01448704.txt
HTAR: a   instcat_y06_191126/job_log_01448705.txt
HTAR: a   instcat_y06_191126/job_log_01448706.txt
HTAR: a   instcat_y06_191126/job_log_01448707.txt
HTAR: a   instcat_y06_191126/job_log_01448806.txt
HTAR: a   /tmp/HTAR_CF_CHK_22236_1580781990
HTAR Create complete for /home/projects/desc/DC2_ImSim/Run2.2i/instCat/y06_191126/01448349to01448806.tar. 557,469,246,976 bytes written for 240 member files, max threads: 50 Transfer time: 3955.791 seconds (140.925 MB/s) wallclock/user/sys: 3956.823 4745.227 1539.561 seconds
HTAR: HTAR SUCCESSFUL
HTAR: a   instcat_y06_191126/01448807.tar
HTAR: a   instcat_y06_191126/01448808.tar
HTAR: a   instcat_y06_191126/01448809.tar
HTAR: a   instcat_y06_191126/01448810.tar
HTAR: a   instcat_y06_191126/01448811.tar
HTAR: a   instcat_y06_191126/01448812.tar
HTAR: a   instcat_y06_191126/01448813.tar
HTAR: a   instcat_y06_191126/01448814.tar
HTAR: a   instcat_y06_191126/01448815.tar
HTAR: a   instcat_y06_191126/01449279.tar
HTAR: a   instcat_y06_191126/01449284.tar
HTAR: a   instcat_y06_191126/01449285.tar
HTAR: a   instcat_y06_191126/01449287.tar
HTAR: a   instcat_y06_191126/01449288.tar
HTAR: a   instcat_y06_191126/01449289.tar
HTAR: a   instcat_y06_191126/01449290.tar
HTAR: a   instcat_y06_191126/01449291.tar
HTAR: a   instcat_y06_191126/01449292.tar
HTAR: a   instcat_y06_191126/01449295.tar
HTAR: a   instcat_y06_191126/01449296.tar
HTAR: a   instcat_y06_191126/01449297.tar
HTAR: a   instcat_y06_191126/01449334.tar
HTAR: a   instcat_y06_191126/01449378.tar
HTAR: a   instcat_y06_191126/01449432.tar
HTAR: a   instcat_y06_191126/01449563.tar
HTAR: a   instcat_y06_191126/01449564.tar
HTAR: a   instcat_y06_191126/01449907.tar
HTAR: a   instcat_y06_191126/01449908.tar
HTAR: a   instcat_y06_191126/01449909.tar
HTAR: a   instcat_y06_191126/01449910.tar
HTAR: a   instcat_y06_191126/01449911.tar
HTAR: a   instcat_y06_191126/01449912.tar
HTAR: a   instcat_y06_191126/01449938.tar
HTAR: a   instcat_y06_191126/01449948.tar
HTAR: a   instcat_y06_191126/01449949.tar
HTAR: a   instcat_y06_191126/01449950.tar
HTAR: a   instcat_y06_191126/01449951.tar
HTAR: a   instcat_y06_191126/01449966.tar
HTAR: a   instcat_y06_191126/01449967.tar
HTAR: a   instcat_y06_191126/01450095.tar
HTAR: a   instcat_y06_191126/01450096.tar
HTAR: a   instcat_y06_191126/01450097.tar
HTAR: a   instcat_y06_191126/01450116.tar
HTAR: a   instcat_y06_191126/01450117.tar
HTAR: a   instcat_y06_191126/01450369.tar
HTAR: a   instcat_y06_191126/01450503.tar
HTAR: a   instcat_y06_191126/01450504.tar
HTAR: a   instcat_y06_191126/01450505.tar
HTAR: a   instcat_y06_191126/01450506.tar
HTAR: a   instcat_y06_191126/01450507.tar
HTAR: a   instcat_y06_191126/01450508.tar
HTAR: a   instcat_y06_191126/01450509.tar
HTAR: a   instcat_y06_191126/01450510.tar
HTAR: a   instcat_y06_191126/01450511.tar
HTAR: a   instcat_y06_191126/01450512.tar
HTAR: a   instcat_y06_191126/01450513.tar
HTAR: a   instcat_y06_191126/01450514.tar
HTAR: a   instcat_y06_191126/01450515.tar
HTAR: a   instcat_y06_191126/01450516.tar
HTAR: a   instcat_y06_191126/01450517.tar
HTAR: a   instcat_y06_191126/01450518.tar
HTAR: a   instcat_y06_191126/01450519.tar
HTAR: a   instcat_y06_191126/01450520.tar
HTAR: a   instcat_y06_191126/01450521.tar
HTAR: a   instcat_y06_191126/01450522.tar
HTAR: a   instcat_y06_191126/01450523.tar
HTAR: a   instcat_y06_191126/01450524.tar
HTAR: a   instcat_y06_191126/01450525.tar
HTAR: a   instcat_y06_191126/01450526.tar
HTAR: a   instcat_y06_191126/01450527.tar
HTAR: a   instcat_y06_191126/01450528.tar
HTAR: a   instcat_y06_191126/01450529.tar
HTAR: a   instcat_y06_191126/01450530.tar
HTAR: a   instcat_y06_191126/01450531.tar
HTAR: a   instcat_y06_191126/01450532.tar
HTAR: a   instcat_y06_191126/01450533.tar
HTAR: a   instcat_y06_191126/01450534.tar
HTAR: a   instcat_y06_191126/01450535.tar
HTAR: a   instcat_y06_191126/01450536.tar
HTAR: a   instcat_y06_191126/01450537.tar
HTAR: a   instcat_y06_191126/01450538.tar
HTAR: a   instcat_y06_191126/01450539.tar
HTAR: a   instcat_y06_191126/01450540.tar
HTAR: a   instcat_y06_191126/01450541.tar
HTAR: a   instcat_y06_191126/01450542.tar
HTAR: a   instcat_y06_191126/01450543.tar
HTAR: a   instcat_y06_191126/01450544.tar
HTAR: a   instcat_y06_191126/01450545.tar
HTAR: a   instcat_y06_191126/01450546.tar
HTAR: a   instcat_y06_191126/01450547.tar
HTAR: a   instcat_y06_191126/01450548.tar
HTAR: a   instcat_y06_191126/01450549.tar
HTAR: a   instcat_y06_191126/01450550.tar
HTAR: a   instcat_y06_191126/01450551.tar
HTAR: a   instcat_y06_191126/01450552.tar
HTAR: a   instcat_y06_191126/01450553.tar
HTAR: a   instcat_y06_191126/01450554.tar
HTAR: a   instcat_y06_191126/01450555.tar
HTAR: a   instcat_y06_191126/01450556.tar
HTAR: a   instcat_y06_191126/01450557.tar
HTAR: a   instcat_y06_191126/01450558.tar
HTAR: a   instcat_y06_191126/01450559.tar
HTAR: a   instcat_y06_191126/01450560.tar
HTAR: a   instcat_y06_191126/01450561.tar
HTAR: a   instcat_y06_191126/01450562.tar
HTAR: a   instcat_y06_191126/01450563.tar
HTAR: a   instcat_y06_191126/01450564.tar
HTAR: a   instcat_y06_191126/01450565.tar
HTAR: a   instcat_y06_191126/01450566.tar
HTAR: a   instcat_y06_191126/01450567.tar
HTAR: a   instcat_y06_191126/01450568.tar
HTAR: a   instcat_y06_191126/01450569.tar
HTAR: a   instcat_y06_191126/01450570.tar
HTAR: a   instcat_y06_191126/01450571.tar
HTAR: a   instcat_y06_191126/01450572.tar
HTAR: a   instcat_y06_191126/01450573.tar
HTAR: a   instcat_y06_191126/01450574.tar
HTAR: a   instcat_y06_191126/01450575.tar
HTAR: a   instcat_y06_191126/01450576.tar
HTAR: a   instcat_y06_191126/01450577.tar
HTAR: a   instcat_y06_191126/job_log_01448807.txt
HTAR: a   instcat_y06_191126/job_log_01448808.txt
HTAR: a   instcat_y06_191126/job_log_01448809.txt
HTAR: a   instcat_y06_191126/job_log_01448810.txt
HTAR: a   instcat_y06_191126/job_log_01448811.txt
HTAR: a   instcat_y06_191126/job_log_01448812.txt
HTAR: a   instcat_y06_191126/job_log_01448813.txt
HTAR: a   instcat_y06_191126/job_log_01448814.txt
HTAR: a   instcat_y06_191126/job_log_01448815.txt
HTAR: a   instcat_y06_191126/job_log_01449279.txt
HTAR: a   instcat_y06_191126/job_log_01449284.txt
HTAR: a   instcat_y06_191126/job_log_01449285.txt
HTAR: a   instcat_y06_191126/job_log_01449287.txt
HTAR: a   instcat_y06_191126/job_log_01449288.txt
HTAR: a   instcat_y06_191126/job_log_01449289.txt
HTAR: a   instcat_y06_191126/job_log_01449290.txt
HTAR: a   instcat_y06_191126/job_log_01449291.txt
HTAR: a   instcat_y06_191126/job_log_01449292.txt
HTAR: a   instcat_y06_191126/job_log_01449295.txt
HTAR: a   instcat_y06_191126/job_log_01449296.txt
HTAR: a   instcat_y06_191126/job_log_01449297.txt
HTAR: a   instcat_y06_191126/job_log_01449334.txt
HTAR: a   instcat_y06_191126/job_log_01449378.txt
HTAR: a   instcat_y06_191126/job_log_01449432.txt
HTAR: a   instcat_y06_191126/job_log_01449563.txt
HTAR: a   instcat_y06_191126/job_log_01449564.txt
HTAR: a   instcat_y06_191126/job_log_01449907.txt
HTAR: a   instcat_y06_191126/job_log_01449908.txt
HTAR: a   instcat_y06_191126/job_log_01449909.txt
HTAR: a   instcat_y06_191126/job_log_01449910.txt
HTAR: a   instcat_y06_191126/job_log_01449911.txt
HTAR: a   instcat_y06_191126/job_log_01449912.txt
HTAR: a   instcat_y06_191126/job_log_01449938.txt
HTAR: a   instcat_y06_191126/job_log_01449948.txt
HTAR: a   instcat_y06_191126/job_log_01449949.txt
HTAR: a   instcat_y06_191126/job_log_01449950.txt
HTAR: a   instcat_y06_191126/job_log_01449951.txt
HTAR: a   instcat_y06_191126/job_log_01449966.txt
HTAR: a   instcat_y06_191126/job_log_01449967.txt
HTAR: a   instcat_y06_191126/job_log_01450095.txt
HTAR: a   instcat_y06_191126/job_log_01450096.txt
HTAR: a   instcat_y06_191126/job_log_01450097.txt
HTAR: a   instcat_y06_191126/job_log_01450116.txt
HTAR: a   instcat_y06_191126/job_log_01450117.txt
HTAR: a   instcat_y06_191126/job_log_01450369.txt
HTAR: a   instcat_y06_191126/job_log_01450503.txt
HTAR: a   instcat_y06_191126/job_log_01450504.txt
HTAR: a   instcat_y06_191126/job_log_01450505.txt
HTAR: a   instcat_y06_191126/job_log_01450506.txt
HTAR: a   instcat_y06_191126/job_log_01450507.txt
HTAR: a   instcat_y06_191126/job_log_01450508.txt
HTAR: a   instcat_y06_191126/job_log_01450509.txt
HTAR: a   instcat_y06_191126/job_log_01450510.txt
HTAR: a   instcat_y06_191126/job_log_01450511.txt
HTAR: a   instcat_y06_191126/job_log_01450512.txt
HTAR: a   instcat_y06_191126/job_log_01450513.txt
HTAR: a   instcat_y06_191126/job_log_01450514.txt
HTAR: a   instcat_y06_191126/job_log_01450515.txt
HTAR: a   instcat_y06_191126/job_log_01450516.txt
HTAR: a   instcat_y06_191126/job_log_01450517.txt
HTAR: a   instcat_y06_191126/job_log_01450518.txt
HTAR: a   instcat_y06_191126/job_log_01450519.txt
HTAR: a   instcat_y06_191126/job_log_01450520.txt
HTAR: a   instcat_y06_191126/job_log_01450521.txt
HTAR: a   instcat_y06_191126/job_log_01450522.txt
HTAR: a   instcat_y06_191126/job_log_01450523.txt
HTAR: a   instcat_y06_191126/job_log_01450524.txt
HTAR: a   instcat_y06_191126/job_log_01450525.txt
HTAR: a   instcat_y06_191126/job_log_01450526.txt
HTAR: a   instcat_y06_191126/job_log_01450527.txt
HTAR: a   instcat_y06_191126/job_log_01450528.txt
HTAR: a   instcat_y06_191126/job_log_01450529.txt
HTAR: a   instcat_y06_191126/job_log_01450530.txt
HTAR: a   instcat_y06_191126/job_log_01450531.txt
HTAR: a   instcat_y06_191126/job_log_01450532.txt
HTAR: a   instcat_y06_191126/job_log_01450533.txt
HTAR: a   instcat_y06_191126/job_log_01450534.txt
HTAR: a   instcat_y06_191126/job_log_01450535.txt
HTAR: a   instcat_y06_191126/job_log_01450536.txt
HTAR: a   instcat_y06_191126/job_log_01450537.txt
HTAR: a   instcat_y06_191126/job_log_01450538.txt
HTAR: a   instcat_y06_191126/job_log_01450539.txt
HTAR: a   instcat_y06_191126/job_log_01450540.txt
HTAR: a   instcat_y06_191126/job_log_01450541.txt
HTAR: a   instcat_y06_191126/job_log_01450542.txt
HTAR: a   instcat_y06_191126/job_log_01450543.txt
HTAR: a   instcat_y06_191126/job_log_01450544.txt
HTAR: a   instcat_y06_191126/job_log_01450545.txt
HTAR: a   instcat_y06_191126/job_log_01450546.txt
HTAR: a   instcat_y06_191126/job_log_01450547.txt
HTAR: a   instcat_y06_191126/job_log_01450548.txt
HTAR: a   instcat_y06_191126/job_log_01450549.txt
HTAR: a   instcat_y06_191126/job_log_01450550.txt
HTAR: a   instcat_y06_191126/job_log_01450551.txt
HTAR: a   instcat_y06_191126/job_log_01450552.txt
HTAR: a   instcat_y06_191126/job_log_01450553.txt
HTAR: a   instcat_y06_191126/job_log_01450554.txt
HTAR: a   instcat_y06_191126/job_log_01450555.txt
HTAR: a   instcat_y06_191126/job_log_01450556.txt
HTAR: a   instcat_y06_191126/job_log_01450557.txt
HTAR: a   instcat_y06_191126/job_log_01450558.txt
HTAR: a   instcat_y06_191126/job_log_01450559.txt
HTAR: a   instcat_y06_191126/job_log_01450560.txt
HTAR: a   instcat_y06_191126/job_log_01450561.txt
HTAR: a   instcat_y06_191126/job_log_01450562.txt
HTAR: a   instcat_y06_191126/job_log_01450563.txt
HTAR: a   instcat_y06_191126/job_log_01450564.txt
HTAR: a   instcat_y06_191126/job_log_01450565.txt
HTAR: a   instcat_y06_191126/job_log_01450566.txt
HTAR: a   instcat_y06_191126/job_log_01450567.txt
HTAR: a   instcat_y06_191126/job_log_01450568.txt
HTAR: a   instcat_y06_191126/job_log_01450569.txt
HTAR: a   instcat_y06_191126/job_log_01450570.txt
HTAR: a   instcat_y06_191126/job_log_01450571.txt
HTAR: a   instcat_y06_191126/job_log_01450572.txt
HTAR: a   instcat_y06_191126/job_log_01450573.txt
HTAR: a   instcat_y06_191126/job_log_01450574.txt
HTAR: a   instcat_y06_191126/job_log_01450575.txt
HTAR: a   instcat_y06_191126/job_log_01450576.txt
HTAR: a   instcat_y06_191126/job_log_01450577.txt
HTAR: a   /tmp/HTAR_CF_CHK_40224_1580785951
HTAR Create complete for /home/projects/desc/DC2_ImSim/Run2.2i/instCat/y06_191126/01448807to01450577.tar. 557,687,184,896 bytes written for 240 member files, max threads: 50 Transfer time: 3829.056 seconds (145.646 MB/s) wallclock/user/sys: 3830.873 4623.262 1410.559 seconds
HTAR: HTAR SUCCESSFUL
HTAR: a   instcat_y06_191126/01450578.tar
HTAR: a   instcat_y06_191126/01450579.tar
HTAR: a   instcat_y06_191126/01450580.tar
HTAR: a   instcat_y06_191126/01450581.tar
HTAR: a   instcat_y06_191126/01450582.tar
HTAR: a   instcat_y06_191126/01450583.tar
HTAR: a   instcat_y06_191126/01450584.tar
HTAR: a   instcat_y06_191126/01450585.tar
HTAR: a   instcat_y06_191126/01450586.tar
HTAR: a   instcat_y06_191126/01450587.tar
HTAR: a   instcat_y06_191126/01450588.tar
HTAR: a   instcat_y06_191126/01450589.tar
HTAR: a   instcat_y06_191126/01450590.tar
HTAR: a   instcat_y06_191126/01450591.tar
HTAR: a   instcat_y06_191126/01450592.tar
HTAR: a   instcat_y06_191126/01450593.tar
HTAR: a   instcat_y06_191126/01450594.tar
HTAR: a   instcat_y06_191126/01450595.tar
HTAR: a   instcat_y06_191126/01450596.tar
HTAR: a   instcat_y06_191126/01450597.tar
HTAR: a   instcat_y06_191126/01450598.tar
HTAR: a   instcat_y06_191126/01451053.tar
HTAR: a   instcat_y06_191126/01451061.tar
HTAR: a   instcat_y06_191126/01451090.tar
HTAR: a   instcat_y06_191126/01451096.tar
HTAR: a   instcat_y06_191126/01451097.tar
HTAR: a   instcat_y06_191126/01451098.tar
HTAR: a   instcat_y06_191126/01451099.tar
HTAR: a   instcat_y06_191126/01451402.tar
HTAR: a   instcat_y06_191126/01451404.tar
HTAR: a   instcat_y06_191126/01451405.tar
HTAR: a   instcat_y06_191126/01451406.tar
HTAR: a   instcat_y06_191126/01451410.tar
HTAR: a   instcat_y06_191126/01451411.tar
HTAR: a   instcat_y06_191126/01451412.tar
HTAR: a   instcat_y06_191126/01451418.tar
HTAR: a   instcat_y06_191126/01451444.tar
HTAR: a   instcat_y06_191126/01451446.tar
HTAR: a   instcat_y06_191126/01451447.tar
HTAR: a   instcat_y06_191126/01451450.tar
HTAR: a   instcat_y06_191126/01451455.tar
HTAR: a   instcat_y06_191126/01451456.tar
HTAR: a   instcat_y06_191126/01451457.tar
HTAR: a   instcat_y06_191126/01451475.tar
HTAR: a   instcat_y06_191126/01451476.tar
HTAR: a   instcat_y06_191126/01451477.tar
HTAR: a   instcat_y06_191126/01451478.tar
HTAR: a   instcat_y06_191126/01451494.tar
HTAR: a   instcat_y06_191126/01451522.tar
HTAR: a   instcat_y06_191126/01451523.tar
HTAR: a   instcat_y06_191126/01451524.tar
HTAR: a   instcat_y06_191126/01451525.tar
HTAR: a   instcat_y06_191126/01451535.tar
HTAR: a   instcat_y06_191126/01451536.tar
HTAR: a   instcat_y06_191126/01451577.tar
HTAR: a   instcat_y06_191126/01451600.tar
HTAR: a   instcat_y06_191126/01451601.tar
HTAR: a   instcat_y06_191126/01451807.tar
HTAR: a   instcat_y06_191126/01451808.tar
HTAR: a   instcat_y06_191126/01451809.tar
HTAR: a   instcat_y06_191126/01451810.tar
HTAR: a   instcat_y06_191126/01451811.tar
HTAR: a   instcat_y06_191126/01451812.tar
HTAR: a   instcat_y06_191126/01451813.tar
HTAR: a   instcat_y06_191126/01451814.tar
HTAR: a   instcat_y06_191126/01451815.tar
HTAR: a   instcat_y06_191126/01451816.tar
HTAR: a   instcat_y06_191126/01451817.tar
HTAR: a   instcat_y06_191126/01451818.tar
HTAR: a   instcat_y06_191126/01451819.tar
HTAR: a   instcat_y06_191126/01451820.tar
HTAR: a   instcat_y06_191126/01451821.tar
HTAR: a   instcat_y06_191126/01451822.tar
HTAR: a   instcat_y06_191126/01451823.tar
HTAR: a   instcat_y06_191126/01451824.tar
HTAR: a   instcat_y06_191126/01451825.tar
HTAR: a   instcat_y06_191126/01451826.tar
HTAR: a   instcat_y06_191126/01451827.tar
HTAR: a   instcat_y06_191126/01451841.tar
HTAR: a   instcat_y06_191126/01451842.tar
HTAR: a   instcat_y06_191126/01451843.tar
HTAR: a   instcat_y06_191126/01451844.tar
HTAR: a   instcat_y06_191126/01451845.tar
HTAR: a   instcat_y06_191126/01451846.tar
HTAR: a   instcat_y06_191126/01451847.tar
HTAR: a   instcat_y06_191126/01451848.tar
HTAR: a   instcat_y06_191126/01451849.tar
HTAR: a   instcat_y06_191126/01451850.tar
HTAR: a   instcat_y06_191126/01451851.tar
HTAR: a   instcat_y06_191126/01451852.tar
HTAR: a   instcat_y06_191126/01451853.tar
HTAR: a   instcat_y06_191126/01452049.tar
HTAR: a   instcat_y06_191126/01452050.tar
HTAR: a   instcat_y06_191126/01452051.tar
HTAR: a   instcat_y06_191126/01452081.tar
HTAR: a   instcat_y06_191126/01452114.tar
HTAR: a   instcat_y06_191126/01452115.tar
HTAR: a   instcat_y06_191126/01452116.tar
HTAR: a   instcat_y06_191126/01452117.tar
HTAR: a   instcat_y06_191126/01452552.tar
HTAR: a   instcat_y06_191126/01452553.tar
HTAR: a   instcat_y06_191126/01452554.tar
HTAR: a   instcat_y06_191126/01452555.tar
HTAR: a   instcat_y06_191126/01452556.tar
HTAR: a   instcat_y06_191126/01452557.tar
HTAR: a   instcat_y06_191126/01452558.tar
HTAR: a   instcat_y06_191126/01452559.tar
HTAR: a   instcat_y06_191126/01452560.tar
HTAR: a   instcat_y06_191126/01452561.tar
HTAR: a   instcat_y06_191126/01452562.tar
HTAR: a   instcat_y06_191126/01452563.tar
HTAR: a   instcat_y06_191126/01452564.tar
HTAR: a   instcat_y06_191126/01452565.tar
HTAR: a   instcat_y06_191126/01452566.tar
HTAR: a   instcat_y06_191126/01452567.tar
HTAR: a   instcat_y06_191126/01452568.tar
HTAR: a   instcat_y06_191126/01452569.tar
HTAR: a   instcat_y06_191126/01452570.tar
HTAR: a   instcat_y06_191126/01452571.tar
HTAR: a   instcat_y06_191126/01452731.tar
HTAR: a   instcat_y06_191126/job_log_01450578.txt
HTAR: a   instcat_y06_191126/job_log_01450579.txt
HTAR: a   instcat_y06_191126/job_log_01450580.txt
HTAR: a   instcat_y06_191126/job_log_01450581.txt
HTAR: a   instcat_y06_191126/job_log_01450582.txt
HTAR: a   instcat_y06_191126/job_log_01450583.txt
HTAR: a   instcat_y06_191126/job_log_01450584.txt
HTAR: a   instcat_y06_191126/job_log_01450585.txt
HTAR: a   instcat_y06_191126/job_log_01450586.txt
HTAR: a   instcat_y06_191126/job_log_01450587.txt
HTAR: a   instcat_y06_191126/job_log_01450588.txt
HTAR: a   instcat_y06_191126/job_log_01450589.txt
HTAR: a   instcat_y06_191126/job_log_01450590.txt
HTAR: a   instcat_y06_191126/job_log_01450591.txt
HTAR: a   instcat_y06_191126/job_log_01450592.txt
HTAR: a   instcat_y06_191126/job_log_01450593.txt
HTAR: a   instcat_y06_191126/job_log_01450594.txt
HTAR: a   instcat_y06_191126/job_log_01450595.txt
HTAR: a   instcat_y06_191126/job_log_01450596.txt
HTAR: a   instcat_y06_191126/job_log_01450597.txt
HTAR: a   instcat_y06_191126/job_log_01450598.txt
HTAR: a   instcat_y06_191126/job_log_01451053.txt
HTAR: a   instcat_y06_191126/job_log_01451061.txt
HTAR: a   instcat_y06_191126/job_log_01451090.txt
HTAR: a   instcat_y06_191126/job_log_01451096.txt
HTAR: a   instcat_y06_191126/job_log_01451097.txt
HTAR: a   instcat_y06_191126/job_log_01451098.txt
HTAR: a   instcat_y06_191126/job_log_01451099.txt
HTAR: a   instcat_y06_191126/job_log_01451402.txt
HTAR: a   instcat_y06_191126/job_log_01451404.txt
HTAR: a   instcat_y06_191126/job_log_01451405.txt
HTAR: a   instcat_y06_191126/job_log_01451406.txt
HTAR: a   instcat_y06_191126/job_log_01451410.txt
HTAR: a   instcat_y06_191126/job_log_01451411.txt
HTAR: a   instcat_y06_191126/job_log_01451412.txt
HTAR: a   instcat_y06_191126/job_log_01451418.txt
HTAR: a   instcat_y06_191126/job_log_01451444.txt
HTAR: a   instcat_y06_191126/job_log_01451446.txt
HTAR: a   instcat_y06_191126/job_log_01451447.txt
HTAR: a   instcat_y06_191126/job_log_01451450.txt
HTAR: a   instcat_y06_191126/job_log_01451455.txt
HTAR: a   instcat_y06_191126/job_log_01451456.txt
HTAR: a   instcat_y06_191126/job_log_01451457.txt
HTAR: a   instcat_y06_191126/job_log_01451475.txt
HTAR: a   instcat_y06_191126/job_log_01451476.txt
HTAR: a   instcat_y06_191126/job_log_01451477.txt
HTAR: a   instcat_y06_191126/job_log_01451478.txt
HTAR: a   instcat_y06_191126/job_log_01451494.txt
HTAR: a   instcat_y06_191126/job_log_01451522.txt
HTAR: a   instcat_y06_191126/job_log_01451523.txt
HTAR: a   instcat_y06_191126/job_log_01451524.txt
HTAR: a   instcat_y06_191126/job_log_01451525.txt
HTAR: a   instcat_y06_191126/job_log_01451535.txt
HTAR: a   instcat_y06_191126/job_log_01451536.txt
HTAR: a   instcat_y06_191126/job_log_01451577.txt
HTAR: a   instcat_y06_191126/job_log_01451600.txt
HTAR: a   instcat_y06_191126/job_log_01451601.txt
HTAR: a   instcat_y06_191126/job_log_01451807.txt
HTAR: a   instcat_y06_191126/job_log_01451808.txt
HTAR: a   instcat_y06_191126/job_log_01451809.txt
HTAR: a   instcat_y06_191126/job_log_01451810.txt
HTAR: a   instcat_y06_191126/job_log_01451811.txt
HTAR: a   instcat_y06_191126/job_log_01451812.txt
HTAR: a   instcat_y06_191126/job_log_01451813.txt
HTAR: a   instcat_y06_191126/job_log_01451814.txt
HTAR: a   instcat_y06_191126/job_log_01451815.txt
HTAR: a   instcat_y06_191126/job_log_01451816.txt
HTAR: a   instcat_y06_191126/job_log_01451817.txt
HTAR: a   instcat_y06_191126/job_log_01451818.txt
HTAR: a   instcat_y06_191126/job_log_01451819.txt
HTAR: a   instcat_y06_191126/job_log_01451820.txt
HTAR: a   instcat_y06_191126/job_log_01451821.txt
HTAR: a   instcat_y06_191126/job_log_01451822.txt
HTAR: a   instcat_y06_191126/job_log_01451823.txt
HTAR: a   instcat_y06_191126/job_log_01451824.txt
HTAR: a   instcat_y06_191126/job_log_01451825.txt
HTAR: a   instcat_y06_191126/job_log_01451826.txt
HTAR: a   instcat_y06_191126/job_log_01451827.txt
HTAR: a   instcat_y06_191126/job_log_01451841.txt
HTAR: a   instcat_y06_191126/job_log_01451842.txt
HTAR: a   instcat_y06_191126/job_log_01451843.txt
HTAR: a   instcat_y06_191126/job_log_01451844.txt
HTAR: a   instcat_y06_191126/job_log_01451845.txt
HTAR: a   instcat_y06_191126/job_log_01451846.txt
HTAR: a   instcat_y06_191126/job_log_01451847.txt
HTAR: a   instcat_y06_191126/job_log_01451848.txt
HTAR: a   instcat_y06_191126/job_log_01451849.txt
HTAR: a   instcat_y06_191126/job_log_01451850.txt
HTAR: a   instcat_y06_191126/job_log_01451851.txt
HTAR: a   instcat_y06_191126/job_log_01451852.txt
HTAR: a   instcat_y06_191126/job_log_01451853.txt
HTAR: a   instcat_y06_191126/job_log_01452049.txt
HTAR: a   instcat_y06_191126/job_log_01452050.txt
HTAR: a   instcat_y06_191126/job_log_01452051.txt
HTAR: a   instcat_y06_191126/job_log_01452081.txt
HTAR: a   instcat_y06_191126/job_log_01452114.txt
HTAR: a   instcat_y06_191126/job_log_01452115.txt
HTAR: a   instcat_y06_191126/job_log_01452116.txt
HTAR: a   instcat_y06_191126/job_log_01452117.txt
HTAR: a   instcat_y06_191126/job_log_01452552.txt
HTAR: a   instcat_y06_191126/job_log_01452553.txt
HTAR: a   instcat_y06_191126/job_log_01452554.txt
HTAR: a   instcat_y06_191126/job_log_01452555.txt
HTAR: a   instcat_y06_191126/job_log_01452556.txt
HTAR: a   instcat_y06_191126/job_log_01452557.txt
HTAR: a   instcat_y06_191126/job_log_01452558.txt
HTAR: a   instcat_y06_191126/job_log_01452559.txt
HTAR: a   instcat_y06_191126/job_log_01452560.txt
HTAR: a   instcat_y06_191126/job_log_01452561.txt
HTAR: a   instcat_y06_191126/job_log_01452562.txt
HTAR: a   instcat_y06_191126/job_log_01452563.txt
HTAR: a   instcat_y06_191126/job_log_01452564.txt
HTAR: a   instcat_y06_191126/job_log_01452565.txt
HTAR: a   instcat_y06_191126/job_log_01452566.txt
HTAR: a   instcat_y06_191126/job_log_01452567.txt
HTAR: a   instcat_y06_191126/job_log_01452568.txt
HTAR: a   instcat_y06_191126/job_log_01452569.txt
HTAR: a   instcat_y06_191126/job_log_01452570.txt
HTAR: a   instcat_y06_191126/job_log_01452571.txt
HTAR: a   instcat_y06_191126/job_log_01452731.txt
HTAR: a   /tmp/HTAR_CF_CHK_6677_1580789785
HTAR Create complete for /home/projects/desc/DC2_ImSim/Run2.2i/instCat/y06_191126/01450578to01452731.tar. 545,745,071,616 bytes written for 240 member files, max threads: 50 Transfer time: 4202.090 seconds (129.875 MB/s) wallclock/user/sys: 4203.322 4812.287 1363.492 seconds
HTAR: HTAR SUCCESSFUL
HTAR: a   instcat_y06_191126/01452759.tar
HTAR: a   instcat_y06_191126/01452954.tar
HTAR: a   instcat_y06_191126/01452955.tar
HTAR: a   instcat_y06_191126/01452956.tar
HTAR: a   instcat_y06_191126/01452957.tar
HTAR: a   instcat_y06_191126/01452958.tar
HTAR: a   instcat_y06_191126/01452959.tar
HTAR: a   instcat_y06_191126/01452960.tar
HTAR: a   instcat_y06_191126/01452993.tar
HTAR: a   instcat_y06_191126/01452994.tar
HTAR: a   instcat_y06_191126/01452995.tar
HTAR: a   instcat_y06_191126/01452996.tar
HTAR: a   instcat_y06_191126/01452997.tar
HTAR: a   instcat_y06_191126/01452998.tar
HTAR: a   instcat_y06_191126/01452999.tar
HTAR: a   instcat_y06_191126/01453271.tar
HTAR: a   instcat_y06_191126/01453272.tar
HTAR: a   instcat_y06_191126/01453273.tar
HTAR: a   instcat_y06_191126/01453274.tar
HTAR: a   instcat_y06_191126/01453275.tar
HTAR: a   instcat_y06_191126/01453276.tar
HTAR: a   instcat_y06_191126/01453277.tar
HTAR: a   instcat_y06_191126/01453278.tar
HTAR: a   instcat_y06_191126/01453279.tar
HTAR: a   instcat_y06_191126/01453280.tar
HTAR: a   instcat_y06_191126/01453281.tar
HTAR: a   instcat_y06_191126/01453282.tar
HTAR: a   instcat_y06_191126/01453283.tar
HTAR: a   instcat_y06_191126/01453284.tar
HTAR: a   instcat_y06_191126/01453285.tar
HTAR: a   instcat_y06_191126/01453286.tar
HTAR: a   instcat_y06_191126/01453287.tar
HTAR: a   instcat_y06_191126/01453288.tar
HTAR: a   instcat_y06_191126/01453289.tar
HTAR: a   instcat_y06_191126/01453290.tar
HTAR: a   instcat_y06_191126/01453575.tar
HTAR: a   instcat_y06_191126/01453613.tar
HTAR: a   instcat_y06_191126/01453655.tar
HTAR: a   instcat_y06_191126/01453702.tar
HTAR: a   instcat_y06_191126/01453718.tar
HTAR: a   instcat_y06_191126/01453719.tar
HTAR: a   instcat_y06_191126/01453720.tar
HTAR: a   instcat_y06_191126/01453721.tar
HTAR: a   instcat_y06_191126/01453722.tar
HTAR: a   instcat_y06_191126/01453762.tar
HTAR: a   instcat_y06_191126/01453763.tar
HTAR: a   instcat_y06_191126/01453764.tar
HTAR: a   instcat_y06_191126/01453765.tar
HTAR: a   instcat_y06_191126/01453766.tar
HTAR: a   instcat_y06_191126/01453996.tar
HTAR: a   instcat_y06_191126/01453997.tar
HTAR: a   instcat_y06_191126/01453998.tar
HTAR: a   instcat_y06_191126/01453999.tar
HTAR: a   instcat_y06_191126/01454000.tar
HTAR: a   instcat_y06_191126/01454001.tar
HTAR: a   instcat_y06_191126/01454002.tar
HTAR: a   instcat_y06_191126/01454003.tar
HTAR: a   instcat_y06_191126/01454004.tar
HTAR: a   instcat_y06_191126/01454005.tar
HTAR: a   instcat_y06_191126/01454006.tar
HTAR: a   instcat_y06_191126/01454007.tar
HTAR: a   instcat_y06_191126/01454008.tar
HTAR: a   instcat_y06_191126/01454009.tar
HTAR: a   instcat_y06_191126/01454010.tar
HTAR: a   instcat_y06_191126/01454011.tar
HTAR: a   instcat_y06_191126/01454012.tar
HTAR: a   instcat_y06_191126/01454013.tar
HTAR: a   instcat_y06_191126/01454014.tar
HTAR: a   instcat_y06_191126/01454015.tar
HTAR: a   instcat_y06_191126/01454218.tar
HTAR: a   instcat_y06_191126/01454264.tar
HTAR: a   instcat_y06_191126/01454713.tar
HTAR: a   instcat_y06_191126/01454714.tar
HTAR: a   instcat_y06_191126/01454715.tar
HTAR: a   instcat_y06_191126/01454716.tar
HTAR: a   instcat_y06_191126/01454717.tar
HTAR: a   instcat_y06_191126/01454718.tar
HTAR: a   instcat_y06_191126/01454719.tar
HTAR: a   instcat_y06_191126/01454720.tar
HTAR: a   instcat_y06_191126/01454721.tar
HTAR: a   instcat_y06_191126/01454722.tar
HTAR: a   instcat_y06_191126/01454723.tar
HTAR: a   instcat_y06_191126/01454724.tar
HTAR: a   instcat_y06_191126/01454725.tar
HTAR: a   instcat_y06_191126/01454726.tar
HTAR: a   instcat_y06_191126/01454727.tar
HTAR: a   instcat_y06_191126/01454728.tar
HTAR: a   instcat_y06_191126/01454729.tar
HTAR: a   instcat_y06_191126/01454730.tar
HTAR: a   instcat_y06_191126/01454731.tar
HTAR: a   instcat_y06_191126/01454732.tar
HTAR: a   instcat_y06_191126/01455419.tar
HTAR: a   instcat_y06_191126/01455420.tar
HTAR: a   instcat_y06_191126/01455421.tar
HTAR: a   instcat_y06_191126/01455422.tar
HTAR: a   instcat_y06_191126/01455423.tar
HTAR: a   instcat_y06_191126/01455424.tar
HTAR: a   instcat_y06_191126/01455425.tar
HTAR: a   instcat_y06_191126/01455426.tar
HTAR: a   instcat_y06_191126/01455427.tar
HTAR: a   instcat_y06_191126/01455428.tar
HTAR: a   instcat_y06_191126/01455429.tar
HTAR: a   instcat_y06_191126/01455430.tar
HTAR: a   instcat_y06_191126/01455431.tar
HTAR: a   instcat_y06_191126/01455432.tar
HTAR: a   instcat_y06_191126/01455433.tar
HTAR: a   instcat_y06_191126/01455434.tar
HTAR: a   instcat_y06_191126/01455435.tar
HTAR: a   instcat_y06_191126/01455436.tar
HTAR: a   instcat_y06_191126/01455437.tar
HTAR: a   instcat_y06_191126/01455438.tar
HTAR: a   instcat_y06_191126/01455478.tar
HTAR: a   instcat_y06_191126/01455479.tar
HTAR: a   instcat_y06_191126/01455480.tar
HTAR: a   instcat_y06_191126/01455488.tar
HTAR: a   instcat_y06_191126/01455489.tar
HTAR: a   instcat_y06_191126/01455490.tar
HTAR: a   instcat_y06_191126/01455523.tar
HTAR: a   instcat_y06_191126/01455524.tar
HTAR: a   instcat_y06_191126/01455531.tar
HTAR: a   instcat_y06_191126/job_log_01452759.txt
HTAR: a   instcat_y06_191126/job_log_01452954.txt
HTAR: a   instcat_y06_191126/job_log_01452955.txt
HTAR: a   instcat_y06_191126/job_log_01452956.txt
HTAR: a   instcat_y06_191126/job_log_01452957.txt
HTAR: a   instcat_y06_191126/job_log_01452958.txt
HTAR: a   instcat_y06_191126/job_log_01452959.txt
HTAR: a   instcat_y06_191126/job_log_01452960.txt
HTAR: a   instcat_y06_191126/job_log_01452993.txt
HTAR: a   instcat_y06_191126/job_log_01452994.txt
HTAR: a   instcat_y06_191126/job_log_01452995.txt
HTAR: a   instcat_y06_191126/job_log_01452996.txt
HTAR: a   instcat_y06_191126/job_log_01452997.txt
HTAR: a   instcat_y06_191126/job_log_01452998.txt
HTAR: a   instcat_y06_191126/job_log_01452999.txt
HTAR: a   instcat_y06_191126/job_log_01453271.txt
HTAR: a   instcat_y06_191126/job_log_01453272.txt
HTAR: a   instcat_y06_191126/job_log_01453273.txt
HTAR: a   instcat_y06_191126/job_log_01453274.txt
HTAR: a   instcat_y06_191126/job_log_01453275.txt
HTAR: a   instcat_y06_191126/job_log_01453276.txt
HTAR: a   instcat_y06_191126/job_log_01453277.txt
HTAR: a   instcat_y06_191126/job_log_01453278.txt
HTAR: a   instcat_y06_191126/job_log_01453279.txt
HTAR: a   instcat_y06_191126/job_log_01453280.txt
HTAR: a   instcat_y06_191126/job_log_01453281.txt
HTAR: a   instcat_y06_191126/job_log_01453282.txt
HTAR: a   instcat_y06_191126/job_log_01453283.txt
HTAR: a   instcat_y06_191126/job_log_01453284.txt
HTAR: a   instcat_y06_191126/job_log_01453285.txt
HTAR: a   instcat_y06_191126/job_log_01453286.txt
HTAR: a   instcat_y06_191126/job_log_01453287.txt
HTAR: a   instcat_y06_191126/job_log_01453288.txt
HTAR: a   instcat_y06_191126/job_log_01453289.txt
HTAR: a   instcat_y06_191126/job_log_01453290.txt
HTAR: a   instcat_y06_191126/job_log_01453575.txt
HTAR: a   instcat_y06_191126/job_log_01453613.txt
HTAR: a   instcat_y06_191126/job_log_01453655.txt
HTAR: a   instcat_y06_191126/job_log_01453702.txt
HTAR: a   instcat_y06_191126/job_log_01453718.txt
HTAR: a   instcat_y06_191126/job_log_01453719.txt
HTAR: a   instcat_y06_191126/job_log_01453720.txt
HTAR: a   instcat_y06_191126/job_log_01453721.txt
HTAR: a   instcat_y06_191126/job_log_01453722.txt
HTAR: a   instcat_y06_191126/job_log_01453762.txt
HTAR: a   instcat_y06_191126/job_log_01453763.txt
HTAR: a   instcat_y06_191126/job_log_01453764.txt
HTAR: a   instcat_y06_191126/job_log_01453765.txt
HTAR: a   instcat_y06_191126/job_log_01453766.txt
HTAR: a   instcat_y06_191126/job_log_01453996.txt
HTAR: a   instcat_y06_191126/job_log_01453997.txt
HTAR: a   instcat_y06_191126/job_log_01453998.txt
HTAR: a   instcat_y06_191126/job_log_01453999.txt
HTAR: a   instcat_y06_191126/job_log_01454000.txt
HTAR: a   instcat_y06_191126/job_log_01454001.txt
HTAR: a   instcat_y06_191126/job_log_01454002.txt
HTAR: a   instcat_y06_191126/job_log_01454003.txt
HTAR: a   instcat_y06_191126/job_log_01454004.txt
HTAR: a   instcat_y06_191126/job_log_01454005.txt
HTAR: a   instcat_y06_191126/job_log_01454006.txt
HTAR: a   instcat_y06_191126/job_log_01454007.txt
HTAR: a   instcat_y06_191126/job_log_01454008.txt
HTAR: a   instcat_y06_191126/job_log_01454009.txt
HTAR: a   instcat_y06_191126/job_log_01454010.txt
HTAR: a   instcat_y06_191126/job_log_01454011.txt
HTAR: a   instcat_y06_191126/job_log_01454012.txt
HTAR: a   instcat_y06_191126/job_log_01454013.txt
HTAR: a   instcat_y06_191126/job_log_01454014.txt
HTAR: a   instcat_y06_191126/job_log_01454015.txt
HTAR: a   instcat_y06_191126/job_log_01454218.txt
HTAR: a   instcat_y06_191126/job_log_01454264.txt
HTAR: a   instcat_y06_191126/job_log_01454713.txt
HTAR: a   instcat_y06_191126/job_log_01454714.txt
HTAR: a   instcat_y06_191126/job_log_01454715.txt
HTAR: a   instcat_y06_191126/job_log_01454716.txt
HTAR: a   instcat_y06_191126/job_log_01454717.txt
HTAR: a   instcat_y06_191126/job_log_01454718.txt
HTAR: a   instcat_y06_191126/job_log_01454719.txt
HTAR: a   instcat_y06_191126/job_log_01454720.txt
HTAR: a   instcat_y06_191126/job_log_01454721.txt
HTAR: a   instcat_y06_191126/job_log_01454722.txt
HTAR: a   instcat_y06_191126/job_log_01454723.txt
HTAR: a   instcat_y06_191126/job_log_01454724.txt
HTAR: a   instcat_y06_191126/job_log_01454725.txt
HTAR: a   instcat_y06_191126/job_log_01454726.txt
HTAR: a   instcat_y06_191126/job_log_01454727.txt
HTAR: a   instcat_y06_191126/job_log_01454728.txt
HTAR: a   instcat_y06_191126/job_log_01454729.txt
HTAR: a   instcat_y06_191126/job_log_01454730.txt
HTAR: a   instcat_y06_191126/job_log_01454731.txt
HTAR: a   instcat_y06_191126/job_log_01454732.txt
HTAR: a   instcat_y06_191126/job_log_01455419.txt
HTAR: a   instcat_y06_191126/job_log_01455420.txt
HTAR: a   instcat_y06_191126/job_log_01455421.txt
HTAR: a   instcat_y06_191126/job_log_01455422.txt
HTAR: a   instcat_y06_191126/job_log_01455423.txt
HTAR: a   instcat_y06_191126/job_log_01455424.txt
HTAR: a   instcat_y06_191126/job_log_01455425.txt
HTAR: a   instcat_y06_191126/job_log_01455426.txt
HTAR: a   instcat_y06_191126/job_log_01455427.txt
HTAR: a   instcat_y06_191126/job_log_01455428.txt
HTAR: a   instcat_y06_191126/job_log_01455429.txt
HTAR: a   instcat_y06_191126/job_log_01455430.txt
HTAR: a   instcat_y06_191126/job_log_01455431.txt
HTAR: a   instcat_y06_191126/job_log_01455432.txt
HTAR: a   instcat_y06_191126/job_log_01455433.txt
HTAR: a   instcat_y06_191126/job_log_01455434.txt
HTAR: a   instcat_y06_191126/job_log_01455435.txt
HTAR: a   instcat_y06_191126/job_log_01455436.txt
HTAR: a   instcat_y06_191126/job_log_01455437.txt
HTAR: a   instcat_y06_191126/job_log_01455438.txt
HTAR: a   instcat_y06_191126/job_log_01455478.txt
HTAR: a   instcat_y06_191126/job_log_01455479.txt
HTAR: a   instcat_y06_191126/job_log_01455480.txt
HTAR: a   instcat_y06_191126/job_log_01455488.txt
HTAR: a   instcat_y06_191126/job_log_01455489.txt
HTAR: a   instcat_y06_191126/job_log_01455490.txt
HTAR: a   instcat_y06_191126/job_log_01455523.txt
HTAR: a   instcat_y06_191126/job_log_01455524.txt
HTAR: a   instcat_y06_191126/job_log_01455531.txt
HTAR: a   /tmp/HTAR_CF_CHK_508_1580793992
HTAR Create complete for /home/projects/desc/DC2_ImSim/Run2.2i/instCat/y06_191126/01452759to01455531.tar. 560,128,974,336 bytes written for 240 member files, max threads: 50 Transfer time: 3512.094 seconds (159.486 MB/s) wallclock/user/sys: 3514.446 4441.095 1321.514 seconds
HTAR: HTAR SUCCESSFUL
