HTAR: a   instcat_y06_191126/01409596.tar
HTAR: a   instcat_y06_191126/01409597.tar
HTAR: a   instcat_y06_191126/01409598.tar
HTAR: a   instcat_y06_191126/01409599.tar
HTAR: a   instcat_y06_191126/01409600.tar
HTAR: a   instcat_y06_191126/01409601.tar
HTAR: a   instcat_y06_191126/01409602.tar
HTAR: a   instcat_y06_191126/01409603.tar
HTAR: a   instcat_y06_191126/01409604.tar
HTAR: a   instcat_y06_191126/01409605.tar
HTAR: a   instcat_y06_191126/01409606.tar
HTAR: a   instcat_y06_191126/01409607.tar
HTAR: a   instcat_y06_191126/01409608.tar
HTAR: a   instcat_y06_191126/01409609.tar
HTAR: a   instcat_y06_191126/01409610.tar
HTAR: a   instcat_y06_191126/01409611.tar
HTAR: a   instcat_y06_191126/01409612.tar
HTAR: a   instcat_y06_191126/01409613.tar
HTAR: a   instcat_y06_191126/01409616.tar
HTAR: a   instcat_y06_191126/01409621.tar
HTAR: a   instcat_y06_191126/01409622.tar
HTAR: a   instcat_y06_191126/01409840.tar
HTAR: a   instcat_y06_191126/01409841.tar
HTAR: a   instcat_y06_191126/01409842.tar
HTAR: a   instcat_y06_191126/01409843.tar
HTAR: a   instcat_y06_191126/01410629.tar
HTAR: a   instcat_y06_191126/01410661.tar
HTAR: a   instcat_y06_191126/01410776.tar
HTAR: a   instcat_y06_191126/01411482.tar
HTAR: a   instcat_y06_191126/01411483.tar
HTAR: a   instcat_y06_191126/01411484.tar
HTAR: a   instcat_y06_191126/01411511.tar
HTAR: a   instcat_y06_191126/01411512.tar
HTAR: a   instcat_y06_191126/01411513.tar
HTAR: a   instcat_y06_191126/01411514.tar
HTAR: a   instcat_y06_191126/01411664.tar
HTAR: a   instcat_y06_191126/01411665.tar
HTAR: a   instcat_y06_191126/01411666.tar
HTAR: a   instcat_y06_191126/01411667.tar
HTAR: a   instcat_y06_191126/01411668.tar
HTAR: a   instcat_y06_191126/01411733.tar
HTAR: a   instcat_y06_191126/01412261.tar
HTAR: a   instcat_y06_191126/01412262.tar
HTAR: a   instcat_y06_191126/01412263.tar
HTAR: a   instcat_y06_191126/01412264.tar
HTAR: a   instcat_y06_191126/01412265.tar
HTAR: a   instcat_y06_191126/01412266.tar
HTAR: a   instcat_y06_191126/01412267.tar
HTAR: a   instcat_y06_191126/01412272.tar
HTAR: a   instcat_y06_191126/01412273.tar
HTAR: a   instcat_y06_191126/01412274.tar
HTAR: a   instcat_y06_191126/01412275.tar
HTAR: a   instcat_y06_191126/01412276.tar
HTAR: a   instcat_y06_191126/01412277.tar
HTAR: a   instcat_y06_191126/01412278.tar
HTAR: a   instcat_y06_191126/01412279.tar
HTAR: a   instcat_y06_191126/01412280.tar
HTAR: a   instcat_y06_191126/01412281.tar
HTAR: a   instcat_y06_191126/01412282.tar
HTAR: a   instcat_y06_191126/01412283.tar
HTAR: a   instcat_y06_191126/01412284.tar
HTAR: a   instcat_y06_191126/01412285.tar
HTAR: a   instcat_y06_191126/01412286.tar
HTAR: a   instcat_y06_191126/01412287.tar
HTAR: a   instcat_y06_191126/01412288.tar
HTAR: a   instcat_y06_191126/01412289.tar
HTAR: a   instcat_y06_191126/01412290.tar
HTAR: a   instcat_y06_191126/01412291.tar
HTAR: a   instcat_y06_191126/01412292.tar
HTAR: a   instcat_y06_191126/01412293.tar
HTAR: a   instcat_y06_191126/01412294.tar
HTAR: a   instcat_y06_191126/01412295.tar
HTAR: a   instcat_y06_191126/01412296.tar
HTAR: a   instcat_y06_191126/01412297.tar
HTAR: a   instcat_y06_191126/01412298.tar
HTAR: a   instcat_y06_191126/01412299.tar
HTAR: a   instcat_y06_191126/01412300.tar
HTAR: a   instcat_y06_191126/01412301.tar
HTAR: a   instcat_y06_191126/01412302.tar
HTAR: a   instcat_y06_191126/01412303.tar
HTAR: a   instcat_y06_191126/01412304.tar
HTAR: a   instcat_y06_191126/01412305.tar
HTAR: a   instcat_y06_191126/01412306.tar
HTAR: a   instcat_y06_191126/01412307.tar
HTAR: a   instcat_y06_191126/01412308.tar
HTAR: a   instcat_y06_191126/01412309.tar
HTAR: a   instcat_y06_191126/01412310.tar
HTAR: a   instcat_y06_191126/01412311.tar
HTAR: a   instcat_y06_191126/01412312.tar
HTAR: a   instcat_y06_191126/01412313.tar
HTAR: a   instcat_y06_191126/01412314.tar
HTAR: a   instcat_y06_191126/01412315.tar
HTAR: a   instcat_y06_191126/01412316.tar
HTAR: a   instcat_y06_191126/01412317.tar
HTAR: a   instcat_y06_191126/01412318.tar
HTAR: a   instcat_y06_191126/01412319.tar
HTAR: a   instcat_y06_191126/01412320.tar
HTAR: a   instcat_y06_191126/01412321.tar
HTAR: a   instcat_y06_191126/01412322.tar
HTAR: a   instcat_y06_191126/01412323.tar
HTAR: a   instcat_y06_191126/01412324.tar
HTAR: a   instcat_y06_191126/01412325.tar
HTAR: a   instcat_y06_191126/01412326.tar
HTAR: a   instcat_y06_191126/01412327.tar
HTAR: a   instcat_y06_191126/01412328.tar
HTAR: a   instcat_y06_191126/01412329.tar
HTAR: a   instcat_y06_191126/01412330.tar
HTAR: a   instcat_y06_191126/01412331.tar
HTAR: a   instcat_y06_191126/01412332.tar
HTAR: a   instcat_y06_191126/01412333.tar
HTAR: a   instcat_y06_191126/01412334.tar
HTAR: a   instcat_y06_191126/01412335.tar
HTAR: a   instcat_y06_191126/01412336.tar
HTAR: a   instcat_y06_191126/01412337.tar
HTAR: a   instcat_y06_191126/01412338.tar
HTAR: a   instcat_y06_191126/01412339.tar
HTAR: a   instcat_y06_191126/01412340.tar
HTAR: a   instcat_y06_191126/01412341.tar
HTAR: a   instcat_y06_191126/01412342.tar
HTAR: a   instcat_y06_191126/01412343.tar
HTAR: a   instcat_y06_191126/job_log_01409596.txt
HTAR: a   instcat_y06_191126/job_log_01409597.txt
HTAR: a   instcat_y06_191126/job_log_01409598.txt
HTAR: a   instcat_y06_191126/job_log_01409599.txt
HTAR: a   instcat_y06_191126/job_log_01409600.txt
HTAR: a   instcat_y06_191126/job_log_01409601.txt
HTAR: a   instcat_y06_191126/job_log_01409602.txt
HTAR: a   instcat_y06_191126/job_log_01409603.txt
HTAR: a   instcat_y06_191126/job_log_01409604.txt
HTAR: a   instcat_y06_191126/job_log_01409605.txt
HTAR: a   instcat_y06_191126/job_log_01409606.txt
HTAR: a   instcat_y06_191126/job_log_01409607.txt
HTAR: a   instcat_y06_191126/job_log_01409608.txt
HTAR: a   instcat_y06_191126/job_log_01409609.txt
HTAR: a   instcat_y06_191126/job_log_01409610.txt
HTAR: a   instcat_y06_191126/job_log_01409611.txt
HTAR: a   instcat_y06_191126/job_log_01409612.txt
HTAR: a   instcat_y06_191126/job_log_01409613.txt
HTAR: a   instcat_y06_191126/job_log_01409616.txt
HTAR: a   instcat_y06_191126/job_log_01409621.txt
HTAR: a   instcat_y06_191126/job_log_01409622.txt
HTAR: a   instcat_y06_191126/job_log_01409840.txt
HTAR: a   instcat_y06_191126/job_log_01409841.txt
HTAR: a   instcat_y06_191126/job_log_01409842.txt
HTAR: a   instcat_y06_191126/job_log_01409843.txt
HTAR: a   instcat_y06_191126/job_log_01410629.txt
HTAR: a   instcat_y06_191126/job_log_01410661.txt
HTAR: a   instcat_y06_191126/job_log_01410776.txt
HTAR: a   instcat_y06_191126/job_log_01411482.txt
HTAR: a   instcat_y06_191126/job_log_01411483.txt
HTAR: a   instcat_y06_191126/job_log_01411484.txt
HTAR: a   instcat_y06_191126/job_log_01411511.txt
HTAR: a   instcat_y06_191126/job_log_01411512.txt
HTAR: a   instcat_y06_191126/job_log_01411513.txt
HTAR: a   instcat_y06_191126/job_log_01411514.txt
HTAR: a   instcat_y06_191126/job_log_01411664.txt
HTAR: a   instcat_y06_191126/job_log_01411665.txt
HTAR: a   instcat_y06_191126/job_log_01411666.txt
HTAR: a   instcat_y06_191126/job_log_01411667.txt
HTAR: a   instcat_y06_191126/job_log_01411668.txt
HTAR: a   instcat_y06_191126/job_log_01411733.txt
HTAR: a   instcat_y06_191126/job_log_01412261.txt
HTAR: a   instcat_y06_191126/job_log_01412262.txt
HTAR: a   instcat_y06_191126/job_log_01412263.txt
HTAR: a   instcat_y06_191126/job_log_01412264.txt
HTAR: a   instcat_y06_191126/job_log_01412265.txt
HTAR: a   instcat_y06_191126/job_log_01412266.txt
HTAR: a   instcat_y06_191126/job_log_01412267.txt
HTAR: a   instcat_y06_191126/job_log_01412272.txt
HTAR: a   instcat_y06_191126/job_log_01412273.txt
HTAR: a   instcat_y06_191126/job_log_01412274.txt
HTAR: a   instcat_y06_191126/job_log_01412275.txt
HTAR: a   instcat_y06_191126/job_log_01412276.txt
HTAR: a   instcat_y06_191126/job_log_01412277.txt
HTAR: a   instcat_y06_191126/job_log_01412278.txt
HTAR: a   instcat_y06_191126/job_log_01412279.txt
HTAR: a   instcat_y06_191126/job_log_01412280.txt
HTAR: a   instcat_y06_191126/job_log_01412281.txt
HTAR: a   instcat_y06_191126/job_log_01412282.txt
HTAR: a   instcat_y06_191126/job_log_01412283.txt
HTAR: a   instcat_y06_191126/job_log_01412284.txt
HTAR: a   instcat_y06_191126/job_log_01412285.txt
HTAR: a   instcat_y06_191126/job_log_01412286.txt
HTAR: a   instcat_y06_191126/job_log_01412287.txt
HTAR: a   instcat_y06_191126/job_log_01412288.txt
HTAR: a   instcat_y06_191126/job_log_01412289.txt
HTAR: a   instcat_y06_191126/job_log_01412290.txt
HTAR: a   instcat_y06_191126/job_log_01412291.txt
HTAR: a   instcat_y06_191126/job_log_01412292.txt
HTAR: a   instcat_y06_191126/job_log_01412293.txt
HTAR: a   instcat_y06_191126/job_log_01412294.txt
HTAR: a   instcat_y06_191126/job_log_01412295.txt
HTAR: a   instcat_y06_191126/job_log_01412296.txt
HTAR: a   instcat_y06_191126/job_log_01412297.txt
HTAR: a   instcat_y06_191126/job_log_01412298.txt
HTAR: a   instcat_y06_191126/job_log_01412299.txt
HTAR: a   instcat_y06_191126/job_log_01412300.txt
HTAR: a   instcat_y06_191126/job_log_01412301.txt
HTAR: a   instcat_y06_191126/job_log_01412302.txt
HTAR: a   instcat_y06_191126/job_log_01412303.txt
HTAR: a   instcat_y06_191126/job_log_01412304.txt
HTAR: a   instcat_y06_191126/job_log_01412305.txt
HTAR: a   instcat_y06_191126/job_log_01412306.txt
HTAR: a   instcat_y06_191126/job_log_01412307.txt
HTAR: a   instcat_y06_191126/job_log_01412308.txt
HTAR: a   instcat_y06_191126/job_log_01412309.txt
HTAR: a   instcat_y06_191126/job_log_01412310.txt
HTAR: a   instcat_y06_191126/job_log_01412311.txt
HTAR: a   instcat_y06_191126/job_log_01412312.txt
HTAR: a   instcat_y06_191126/job_log_01412313.txt
HTAR: a   instcat_y06_191126/job_log_01412314.txt
HTAR: a   instcat_y06_191126/job_log_01412315.txt
HTAR: a   instcat_y06_191126/job_log_01412316.txt
HTAR: a   instcat_y06_191126/job_log_01412317.txt
HTAR: a   instcat_y06_191126/job_log_01412318.txt
HTAR: a   instcat_y06_191126/job_log_01412319.txt
HTAR: a   instcat_y06_191126/job_log_01412320.txt
HTAR: a   instcat_y06_191126/job_log_01412321.txt
HTAR: a   instcat_y06_191126/job_log_01412322.txt
HTAR: a   instcat_y06_191126/job_log_01412323.txt
HTAR: a   instcat_y06_191126/job_log_01412324.txt
HTAR: a   instcat_y06_191126/job_log_01412325.txt
HTAR: a   instcat_y06_191126/job_log_01412326.txt
HTAR: a   instcat_y06_191126/job_log_01412327.txt
HTAR: a   instcat_y06_191126/job_log_01412328.txt
HTAR: a   instcat_y06_191126/job_log_01412329.txt
HTAR: a   instcat_y06_191126/job_log_01412330.txt
HTAR: a   instcat_y06_191126/job_log_01412331.txt
HTAR: a   instcat_y06_191126/job_log_01412332.txt
HTAR: a   instcat_y06_191126/job_log_01412333.txt
HTAR: a   instcat_y06_191126/job_log_01412334.txt
HTAR: a   instcat_y06_191126/job_log_01412335.txt
HTAR: a   instcat_y06_191126/job_log_01412336.txt
HTAR: a   instcat_y06_191126/job_log_01412337.txt
HTAR: a   instcat_y06_191126/job_log_01412338.txt
HTAR: a   instcat_y06_191126/job_log_01412339.txt
HTAR: a   instcat_y06_191126/job_log_01412340.txt
HTAR: a   instcat_y06_191126/job_log_01412341.txt
HTAR: a   instcat_y06_191126/job_log_01412342.txt
HTAR: a   instcat_y06_191126/job_log_01412343.txt
HTAR: a   /tmp/HTAR_CF_CHK_9593_1580772080
HTAR Create complete for /home/projects/desc/DC2_ImSim/Run2.2i/instCat/y06_191126/01409596to01412343.tar. 550,923,726,336 bytes written for 240 member files, max threads: 50 Transfer time: 4017.992 seconds (137.114 MB/s) wallclock/user/sys: 4019.199 4686.308 1898.995 seconds
HTAR: HTAR SUCCESSFUL
HTAR: a   instcat_y06_191126/01412344.tar
HTAR: a   instcat_y06_191126/01412345.tar
HTAR: a   instcat_y06_191126/01412346.tar
HTAR: a   instcat_y06_191126/01412347.tar
HTAR: a   instcat_y06_191126/01412348.tar
HTAR: a   instcat_y06_191126/01412349.tar
HTAR: a   instcat_y06_191126/01412350.tar
HTAR: a   instcat_y06_191126/01412351.tar
HTAR: a   instcat_y06_191126/01412352.tar
HTAR: a   instcat_y06_191126/01412353.tar
HTAR: a   instcat_y06_191126/01412354.tar
HTAR: a   instcat_y06_191126/01412355.tar
HTAR: a   instcat_y06_191126/01412356.tar
HTAR: a   instcat_y06_191126/01412357.tar
HTAR: a   instcat_y06_191126/01412358.tar
HTAR: a   instcat_y06_191126/01412359.tar
HTAR: a   instcat_y06_191126/01412360.tar
HTAR: a   instcat_y06_191126/01412361.tar
HTAR: a   instcat_y06_191126/01412362.tar
HTAR: a   instcat_y06_191126/01412363.tar
HTAR: a   instcat_y06_191126/01412364.tar
HTAR: a   instcat_y06_191126/01412365.tar
HTAR: a   instcat_y06_191126/01412366.tar
HTAR: a   instcat_y06_191126/01412367.tar
HTAR: a   instcat_y06_191126/01412368.tar
HTAR: a   instcat_y06_191126/01412369.tar
HTAR: a   instcat_y06_191126/01412370.tar
HTAR: a   instcat_y06_191126/01412467.tar
HTAR: a   instcat_y06_191126/01412468.tar
HTAR: a   instcat_y06_191126/01412469.tar
HTAR: a   instcat_y06_191126/01412470.tar
HTAR: a   instcat_y06_191126/01412472.tar
HTAR: a   instcat_y06_191126/01412475.tar
HTAR: a   instcat_y06_191126/01412498.tar
HTAR: a   instcat_y06_191126/01412499.tar
HTAR: a   instcat_y06_191126/01412500.tar
HTAR: a   instcat_y06_191126/01412502.tar
HTAR: a   instcat_y06_191126/01412503.tar
HTAR: a   instcat_y06_191126/01412504.tar
HTAR: a   instcat_y06_191126/01412505.tar
HTAR: a   instcat_y06_191126/01412506.tar
HTAR: a   instcat_y06_191126/01412547.tar
HTAR: a   instcat_y06_191126/01412607.tar
HTAR: a   instcat_y06_191126/01412613.tar
HTAR: a   instcat_y06_191126/01412623.tar
HTAR: a   instcat_y06_191126/01412626.tar
HTAR: a   instcat_y06_191126/01413075.tar
HTAR: a   instcat_y06_191126/01413076.tar
HTAR: a   instcat_y06_191126/01413077.tar
HTAR: a   instcat_y06_191126/01413078.tar
HTAR: a   instcat_y06_191126/01413079.tar
HTAR: a   instcat_y06_191126/01413106.tar
HTAR: a   instcat_y06_191126/01413107.tar
HTAR: a   instcat_y06_191126/01413108.tar
HTAR: a   instcat_y06_191126/01413109.tar
HTAR: a   instcat_y06_191126/01413110.tar
HTAR: a   instcat_y06_191126/01413111.tar
HTAR: a   instcat_y06_191126/01413112.tar
HTAR: a   instcat_y06_191126/01413114.tar
HTAR: a   instcat_y06_191126/01413115.tar
HTAR: a   instcat_y06_191126/01413116.tar
HTAR: a   instcat_y06_191126/01413118.tar
HTAR: a   instcat_y06_191126/01413120.tar
HTAR: a   instcat_y06_191126/01413121.tar
HTAR: a   instcat_y06_191126/01413122.tar
HTAR: a   instcat_y06_191126/01413124.tar
HTAR: a   instcat_y06_191126/01413125.tar
HTAR: a   instcat_y06_191126/01413126.tar
HTAR: a   instcat_y06_191126/01413128.tar
HTAR: a   instcat_y06_191126/01413598.tar
HTAR: a   instcat_y06_191126/01413599.tar
HTAR: a   instcat_y06_191126/01413600.tar
HTAR: a   instcat_y06_191126/01413602.tar
HTAR: a   instcat_y06_191126/01413603.tar
HTAR: a   instcat_y06_191126/01413604.tar
HTAR: a   instcat_y06_191126/01413605.tar
HTAR: a   instcat_y06_191126/01413634.tar
HTAR: a   instcat_y06_191126/01413636.tar
HTAR: a   instcat_y06_191126/01413637.tar
HTAR: a   instcat_y06_191126/01413638.tar
HTAR: a   instcat_y06_191126/01413639.tar
HTAR: a   instcat_y06_191126/01413640.tar
HTAR: a   instcat_y06_191126/01413641.tar
HTAR: a   instcat_y06_191126/01413642.tar
HTAR: a   instcat_y06_191126/01413643.tar
HTAR: a   instcat_y06_191126/01413644.tar
HTAR: a   instcat_y06_191126/01413645.tar
HTAR: a   instcat_y06_191126/01413646.tar
HTAR: a   instcat_y06_191126/01413647.tar
HTAR: a   instcat_y06_191126/01413648.tar
HTAR: a   instcat_y06_191126/01413649.tar
HTAR: a   instcat_y06_191126/01413670.tar
HTAR: a   instcat_y06_191126/01413671.tar
HTAR: a   instcat_y06_191126/01413672.tar
HTAR: a   instcat_y06_191126/01413673.tar
HTAR: a   instcat_y06_191126/01413674.tar
HTAR: a   instcat_y06_191126/01413675.tar
HTAR: a   instcat_y06_191126/01413676.tar
HTAR: a   instcat_y06_191126/01413677.tar
HTAR: a   instcat_y06_191126/01413678.tar
HTAR: a   instcat_y06_191126/01413685.tar
HTAR: a   instcat_y06_191126/01413705.tar
HTAR: a   instcat_y06_191126/01413706.tar
HTAR: a   instcat_y06_191126/01413707.tar
HTAR: a   instcat_y06_191126/01413708.tar
HTAR: a   instcat_y06_191126/01413709.tar
HTAR: a   instcat_y06_191126/01413710.tar
HTAR: a   instcat_y06_191126/01413711.tar
HTAR: a   instcat_y06_191126/01413712.tar
HTAR: a   instcat_y06_191126/01413713.tar
HTAR: a   instcat_y06_191126/01413714.tar
HTAR: a   instcat_y06_191126/01413738.tar
HTAR: a   instcat_y06_191126/01413739.tar
HTAR: a   instcat_y06_191126/01413740.tar
HTAR: a   instcat_y06_191126/01413741.tar
HTAR: a   instcat_y06_191126/01413743.tar
HTAR: a   instcat_y06_191126/01413744.tar
HTAR: a   instcat_y06_191126/01413745.tar
HTAR: a   instcat_y06_191126/01413746.tar
HTAR: a   instcat_y06_191126/01413747.tar
HTAR: a   instcat_y06_191126/job_log_01412344.txt
HTAR: a   instcat_y06_191126/job_log_01412345.txt
HTAR: a   instcat_y06_191126/job_log_01412346.txt
HTAR: a   instcat_y06_191126/job_log_01412347.txt
HTAR: a   instcat_y06_191126/job_log_01412348.txt
HTAR: a   instcat_y06_191126/job_log_01412349.txt
HTAR: a   instcat_y06_191126/job_log_01412350.txt
HTAR: a   instcat_y06_191126/job_log_01412351.txt
HTAR: a   instcat_y06_191126/job_log_01412352.txt
HTAR: a   instcat_y06_191126/job_log_01412353.txt
HTAR: a   instcat_y06_191126/job_log_01412354.txt
HTAR: a   instcat_y06_191126/job_log_01412355.txt
HTAR: a   instcat_y06_191126/job_log_01412356.txt
HTAR: a   instcat_y06_191126/job_log_01412357.txt
HTAR: a   instcat_y06_191126/job_log_01412358.txt
HTAR: a   instcat_y06_191126/job_log_01412359.txt
HTAR: a   instcat_y06_191126/job_log_01412360.txt
HTAR: a   instcat_y06_191126/job_log_01412361.txt
HTAR: a   instcat_y06_191126/job_log_01412362.txt
HTAR: a   instcat_y06_191126/job_log_01412363.txt
HTAR: a   instcat_y06_191126/job_log_01412364.txt
HTAR: a   instcat_y06_191126/job_log_01412365.txt
HTAR: a   instcat_y06_191126/job_log_01412366.txt
HTAR: a   instcat_y06_191126/job_log_01412367.txt
HTAR: a   instcat_y06_191126/job_log_01412368.txt
HTAR: a   instcat_y06_191126/job_log_01412369.txt
HTAR: a   instcat_y06_191126/job_log_01412370.txt
HTAR: a   instcat_y06_191126/job_log_01412467.txt
HTAR: a   instcat_y06_191126/job_log_01412468.txt
HTAR: a   instcat_y06_191126/job_log_01412469.txt
HTAR: a   instcat_y06_191126/job_log_01412470.txt
HTAR: a   instcat_y06_191126/job_log_01412472.txt
HTAR: a   instcat_y06_191126/job_log_01412475.txt
HTAR: a   instcat_y06_191126/job_log_01412498.txt
HTAR: a   instcat_y06_191126/job_log_01412499.txt
HTAR: a   instcat_y06_191126/job_log_01412500.txt
HTAR: a   instcat_y06_191126/job_log_01412502.txt
HTAR: a   instcat_y06_191126/job_log_01412503.txt
HTAR: a   instcat_y06_191126/job_log_01412504.txt
HTAR: a   instcat_y06_191126/job_log_01412505.txt
HTAR: a   instcat_y06_191126/job_log_01412506.txt
HTAR: a   instcat_y06_191126/job_log_01412547.txt
HTAR: a   instcat_y06_191126/job_log_01412607.txt
HTAR: a   instcat_y06_191126/job_log_01412613.txt
HTAR: a   instcat_y06_191126/job_log_01412623.txt
HTAR: a   instcat_y06_191126/job_log_01412626.txt
HTAR: a   instcat_y06_191126/job_log_01413075.txt
HTAR: a   instcat_y06_191126/job_log_01413076.txt
HTAR: a   instcat_y06_191126/job_log_01413077.txt
HTAR: a   instcat_y06_191126/job_log_01413078.txt
HTAR: a   instcat_y06_191126/job_log_01413079.txt
HTAR: a   instcat_y06_191126/job_log_01413106.txt
HTAR: a   instcat_y06_191126/job_log_01413107.txt
HTAR: a   instcat_y06_191126/job_log_01413108.txt
HTAR: a   instcat_y06_191126/job_log_01413109.txt
HTAR: a   instcat_y06_191126/job_log_01413110.txt
HTAR: a   instcat_y06_191126/job_log_01413111.txt
HTAR: a   instcat_y06_191126/job_log_01413112.txt
HTAR: a   instcat_y06_191126/job_log_01413114.txt
HTAR: a   instcat_y06_191126/job_log_01413115.txt
HTAR: a   instcat_y06_191126/job_log_01413116.txt
HTAR: a   instcat_y06_191126/job_log_01413118.txt
HTAR: a   instcat_y06_191126/job_log_01413120.txt
HTAR: a   instcat_y06_191126/job_log_01413121.txt
HTAR: a   instcat_y06_191126/job_log_01413122.txt
HTAR: a   instcat_y06_191126/job_log_01413124.txt
HTAR: a   instcat_y06_191126/job_log_01413125.txt
HTAR: a   instcat_y06_191126/job_log_01413126.txt
HTAR: a   instcat_y06_191126/job_log_01413128.txt
HTAR: a   instcat_y06_191126/job_log_01413598.txt
HTAR: a   instcat_y06_191126/job_log_01413599.txt
HTAR: a   instcat_y06_191126/job_log_01413600.txt
HTAR: a   instcat_y06_191126/job_log_01413602.txt
HTAR: a   instcat_y06_191126/job_log_01413603.txt
HTAR: a   instcat_y06_191126/job_log_01413604.txt
HTAR: a   instcat_y06_191126/job_log_01413605.txt
HTAR: a   instcat_y06_191126/job_log_01413634.txt
HTAR: a   instcat_y06_191126/job_log_01413636.txt
HTAR: a   instcat_y06_191126/job_log_01413637.txt
HTAR: a   instcat_y06_191126/job_log_01413638.txt
HTAR: a   instcat_y06_191126/job_log_01413639.txt
HTAR: a   instcat_y06_191126/job_log_01413640.txt
HTAR: a   instcat_y06_191126/job_log_01413641.txt
HTAR: a   instcat_y06_191126/job_log_01413642.txt
HTAR: a   instcat_y06_191126/job_log_01413643.txt
HTAR: a   instcat_y06_191126/job_log_01413644.txt
HTAR: a   instcat_y06_191126/job_log_01413645.txt
HTAR: a   instcat_y06_191126/job_log_01413646.txt
HTAR: a   instcat_y06_191126/job_log_01413647.txt
HTAR: a   instcat_y06_191126/job_log_01413648.txt
HTAR: a   instcat_y06_191126/job_log_01413649.txt
HTAR: a   instcat_y06_191126/job_log_01413670.txt
HTAR: a   instcat_y06_191126/job_log_01413671.txt
HTAR: a   instcat_y06_191126/job_log_01413672.txt
HTAR: a   instcat_y06_191126/job_log_01413673.txt
HTAR: a   instcat_y06_191126/job_log_01413674.txt
HTAR: a   instcat_y06_191126/job_log_01413675.txt
HTAR: a   instcat_y06_191126/job_log_01413676.txt
HTAR: a   instcat_y06_191126/job_log_01413677.txt
HTAR: a   instcat_y06_191126/job_log_01413678.txt
HTAR: a   instcat_y06_191126/job_log_01413685.txt
HTAR: a   instcat_y06_191126/job_log_01413705.txt
HTAR: a   instcat_y06_191126/job_log_01413706.txt
HTAR: a   instcat_y06_191126/job_log_01413707.txt
HTAR: a   instcat_y06_191126/job_log_01413708.txt
HTAR: a   instcat_y06_191126/job_log_01413709.txt
HTAR: a   instcat_y06_191126/job_log_01413710.txt
HTAR: a   instcat_y06_191126/job_log_01413711.txt
HTAR: a   instcat_y06_191126/job_log_01413712.txt
HTAR: a   instcat_y06_191126/job_log_01413713.txt
HTAR: a   instcat_y06_191126/job_log_01413714.txt
HTAR: a   instcat_y06_191126/job_log_01413738.txt
HTAR: a   instcat_y06_191126/job_log_01413739.txt
HTAR: a   instcat_y06_191126/job_log_01413740.txt
HTAR: a   instcat_y06_191126/job_log_01413741.txt
HTAR: a   instcat_y06_191126/job_log_01413743.txt
HTAR: a   instcat_y06_191126/job_log_01413744.txt
HTAR: a   instcat_y06_191126/job_log_01413745.txt
HTAR: a   instcat_y06_191126/job_log_01413746.txt
HTAR: a   instcat_y06_191126/job_log_01413747.txt
HTAR: a   /tmp/HTAR_CF_CHK_49664_1580776102
HTAR Create complete for /home/projects/desc/DC2_ImSim/Run2.2i/instCat/y06_191126/01412344to01413747.tar. 553,041,839,616 bytes written for 240 member files, max threads: 50 Transfer time: 4112.923 seconds (134.464 MB/s) wallclock/user/sys: 4114.143 4723.961 2098.037 seconds
HTAR: HTAR SUCCESSFUL
HTAR: a   instcat_y06_191126/01413748.tar
HTAR: a   instcat_y06_191126/01413749.tar
HTAR: a   instcat_y06_191126/01413750.tar
HTAR: a   instcat_y06_191126/01413751.tar
HTAR: a   instcat_y06_191126/01413752.tar
HTAR: a   instcat_y06_191126/01413791.tar
HTAR: a   instcat_y06_191126/01413792.tar
HTAR: a   instcat_y06_191126/01413793.tar
HTAR: a   instcat_y06_191126/01413794.tar
HTAR: a   instcat_y06_191126/01413795.tar
HTAR: a   instcat_y06_191126/01413796.tar
HTAR: a   instcat_y06_191126/01413797.tar
HTAR: a   instcat_y06_191126/01413798.tar
HTAR: a   instcat_y06_191126/01413799.tar
HTAR: a   instcat_y06_191126/01413800.tar
HTAR: a   instcat_y06_191126/01413801.tar
HTAR: a   instcat_y06_191126/01413802.tar
HTAR: a   instcat_y06_191126/01413803.tar
HTAR: a   instcat_y06_191126/01413804.tar
HTAR: a   instcat_y06_191126/01413805.tar
HTAR: a   instcat_y06_191126/01413806.tar
HTAR: a   instcat_y06_191126/01413807.tar
HTAR: a   instcat_y06_191126/01413808.tar
HTAR: a   instcat_y06_191126/01413809.tar
HTAR: a   instcat_y06_191126/01413810.tar
HTAR: a   instcat_y06_191126/01413811.tar
HTAR: a   instcat_y06_191126/01413812.tar
HTAR: a   instcat_y06_191126/01413833.tar
HTAR: a   instcat_y06_191126/01413834.tar
HTAR: a   instcat_y06_191126/01413835.tar
HTAR: a   instcat_y06_191126/01413836.tar
HTAR: a   instcat_y06_191126/01413837.tar
HTAR: a   instcat_y06_191126/01413838.tar
HTAR: a   instcat_y06_191126/01413839.tar
HTAR: a   instcat_y06_191126/01413840.tar
HTAR: a   instcat_y06_191126/01413841.tar
HTAR: a   instcat_y06_191126/01413842.tar
HTAR: a   instcat_y06_191126/01413843.tar
HTAR: a   instcat_y06_191126/01413844.tar
HTAR: a   instcat_y06_191126/01413845.tar
HTAR: a   instcat_y06_191126/01413846.tar
HTAR: a   instcat_y06_191126/01413847.tar
HTAR: a   instcat_y06_191126/01413848.tar
HTAR: a   instcat_y06_191126/01413849.tar
HTAR: a   instcat_y06_191126/01413850.tar
HTAR: a   instcat_y06_191126/01413857.tar
HTAR: a   instcat_y06_191126/01413858.tar
HTAR: a   instcat_y06_191126/01413859.tar
HTAR: a   instcat_y06_191126/01413860.tar
HTAR: a   instcat_y06_191126/01413861.tar
HTAR: a   instcat_y06_191126/01413863.tar
HTAR: a   instcat_y06_191126/01413864.tar
HTAR: a   instcat_y06_191126/01413865.tar
HTAR: a   instcat_y06_191126/01413866.tar
HTAR: a   instcat_y06_191126/01413867.tar
HTAR: a   instcat_y06_191126/01413868.tar
HTAR: a   instcat_y06_191126/01413869.tar
HTAR: a   instcat_y06_191126/01413870.tar
HTAR: a   instcat_y06_191126/01413871.tar
HTAR: a   instcat_y06_191126/01413872.tar
HTAR: a   instcat_y06_191126/01413873.tar
HTAR: a   instcat_y06_191126/01413890.tar
HTAR: a   instcat_y06_191126/01413891.tar
HTAR: a   instcat_y06_191126/01413892.tar
HTAR: a   instcat_y06_191126/01413893.tar
HTAR: a   instcat_y06_191126/01413894.tar
HTAR: a   instcat_y06_191126/01413897.tar
HTAR: a   instcat_y06_191126/01413898.tar
HTAR: a   instcat_y06_191126/01413899.tar
HTAR: a   instcat_y06_191126/01413900.tar
HTAR: a   instcat_y06_191126/01413901.tar
HTAR: a   instcat_y06_191126/01413902.tar
HTAR: a   instcat_y06_191126/01413903.tar
HTAR: a   instcat_y06_191126/01413904.tar
HTAR: a   instcat_y06_191126/01413905.tar
HTAR: a   instcat_y06_191126/01413906.tar
HTAR: a   instcat_y06_191126/01414016.tar
HTAR: a   instcat_y06_191126/01414017.tar
HTAR: a   instcat_y06_191126/01414018.tar
HTAR: a   instcat_y06_191126/01414019.tar
HTAR: a   instcat_y06_191126/01414020.tar
HTAR: a   instcat_y06_191126/01414021.tar
HTAR: a   instcat_y06_191126/01414022.tar
HTAR: a   instcat_y06_191126/01414023.tar
HTAR: a   instcat_y06_191126/01414024.tar
HTAR: a   instcat_y06_191126/01414025.tar
HTAR: a   instcat_y06_191126/01414026.tar
HTAR: a   instcat_y06_191126/01414027.tar
HTAR: a   instcat_y06_191126/01414028.tar
HTAR: a   instcat_y06_191126/01414029.tar
HTAR: a   instcat_y06_191126/01414030.tar
HTAR: a   instcat_y06_191126/01414031.tar
HTAR: a   instcat_y06_191126/01414032.tar
HTAR: a   instcat_y06_191126/01414033.tar
HTAR: a   instcat_y06_191126/01414034.tar
HTAR: a   instcat_y06_191126/01414035.tar
HTAR: a   instcat_y06_191126/01414036.tar
HTAR: a   instcat_y06_191126/01414037.tar
HTAR: a   instcat_y06_191126/01414038.tar
HTAR: a   instcat_y06_191126/01414039.tar
HTAR: a   instcat_y06_191126/01414040.tar
HTAR: a   instcat_y06_191126/01414041.tar
HTAR: a   instcat_y06_191126/01414042.tar
HTAR: a   instcat_y06_191126/01414043.tar
HTAR: a   instcat_y06_191126/01414044.tar
HTAR: a   instcat_y06_191126/01414045.tar
HTAR: a   instcat_y06_191126/01414046.tar
HTAR: a   instcat_y06_191126/01414047.tar
HTAR: a   instcat_y06_191126/01414048.tar
HTAR: a   instcat_y06_191126/01414049.tar
HTAR: a   instcat_y06_191126/01414050.tar
HTAR: a   instcat_y06_191126/01414051.tar
HTAR: a   instcat_y06_191126/01414052.tar
HTAR: a   instcat_y06_191126/01414053.tar
HTAR: a   instcat_y06_191126/01414054.tar
HTAR: a   instcat_y06_191126/01414055.tar
HTAR: a   instcat_y06_191126/01414056.tar
HTAR: a   instcat_y06_191126/01414057.tar
HTAR: a   instcat_y06_191126/01414058.tar
HTAR: a   instcat_y06_191126/01414059.tar
HTAR: a   instcat_y06_191126/job_log_01413748.txt
HTAR: a   instcat_y06_191126/job_log_01413749.txt
HTAR: a   instcat_y06_191126/job_log_01413750.txt
HTAR: a   instcat_y06_191126/job_log_01413751.txt
HTAR: a   instcat_y06_191126/job_log_01413752.txt
HTAR: a   instcat_y06_191126/job_log_01413791.txt
HTAR: a   instcat_y06_191126/job_log_01413792.txt
HTAR: a   instcat_y06_191126/job_log_01413793.txt
HTAR: a   instcat_y06_191126/job_log_01413794.txt
HTAR: a   instcat_y06_191126/job_log_01413795.txt
HTAR: a   instcat_y06_191126/job_log_01413796.txt
HTAR: a   instcat_y06_191126/job_log_01413797.txt
HTAR: a   instcat_y06_191126/job_log_01413798.txt
HTAR: a   instcat_y06_191126/job_log_01413799.txt
HTAR: a   instcat_y06_191126/job_log_01413800.txt
HTAR: a   instcat_y06_191126/job_log_01413801.txt
HTAR: a   instcat_y06_191126/job_log_01413802.txt
HTAR: a   instcat_y06_191126/job_log_01413803.txt
HTAR: a   instcat_y06_191126/job_log_01413804.txt
HTAR: a   instcat_y06_191126/job_log_01413805.txt
HTAR: a   instcat_y06_191126/job_log_01413806.txt
HTAR: a   instcat_y06_191126/job_log_01413807.txt
HTAR: a   instcat_y06_191126/job_log_01413808.txt
HTAR: a   instcat_y06_191126/job_log_01413809.txt
HTAR: a   instcat_y06_191126/job_log_01413810.txt
HTAR: a   instcat_y06_191126/job_log_01413811.txt
HTAR: a   instcat_y06_191126/job_log_01413812.txt
HTAR: a   instcat_y06_191126/job_log_01413833.txt
HTAR: a   instcat_y06_191126/job_log_01413834.txt
HTAR: a   instcat_y06_191126/job_log_01413835.txt
HTAR: a   instcat_y06_191126/job_log_01413836.txt
HTAR: a   instcat_y06_191126/job_log_01413837.txt
HTAR: a   instcat_y06_191126/job_log_01413838.txt
HTAR: a   instcat_y06_191126/job_log_01413839.txt
HTAR: a   instcat_y06_191126/job_log_01413840.txt
HTAR: a   instcat_y06_191126/job_log_01413841.txt
HTAR: a   instcat_y06_191126/job_log_01413842.txt
HTAR: a   instcat_y06_191126/job_log_01413843.txt
HTAR: a   instcat_y06_191126/job_log_01413844.txt
HTAR: a   instcat_y06_191126/job_log_01413845.txt
HTAR: a   instcat_y06_191126/job_log_01413846.txt
HTAR: a   instcat_y06_191126/job_log_01413847.txt
HTAR: a   instcat_y06_191126/job_log_01413848.txt
HTAR: a   instcat_y06_191126/job_log_01413849.txt
HTAR: a   instcat_y06_191126/job_log_01413850.txt
HTAR: a   instcat_y06_191126/job_log_01413857.txt
HTAR: a   instcat_y06_191126/job_log_01413858.txt
HTAR: a   instcat_y06_191126/job_log_01413859.txt
HTAR: a   instcat_y06_191126/job_log_01413860.txt
HTAR: a   instcat_y06_191126/job_log_01413861.txt
HTAR: a   instcat_y06_191126/job_log_01413863.txt
HTAR: a   instcat_y06_191126/job_log_01413864.txt
HTAR: a   instcat_y06_191126/job_log_01413865.txt
HTAR: a   instcat_y06_191126/job_log_01413866.txt
HTAR: a   instcat_y06_191126/job_log_01413867.txt
HTAR: a   instcat_y06_191126/job_log_01413868.txt
HTAR: a   instcat_y06_191126/job_log_01413869.txt
HTAR: a   instcat_y06_191126/job_log_01413870.txt
HTAR: a   instcat_y06_191126/job_log_01413871.txt
HTAR: a   instcat_y06_191126/job_log_01413872.txt
HTAR: a   instcat_y06_191126/job_log_01413873.txt
HTAR: a   instcat_y06_191126/job_log_01413890.txt
HTAR: a   instcat_y06_191126/job_log_01413891.txt
HTAR: a   instcat_y06_191126/job_log_01413892.txt
HTAR: a   instcat_y06_191126/job_log_01413893.txt
HTAR: a   instcat_y06_191126/job_log_01413894.txt
HTAR: a   instcat_y06_191126/job_log_01413897.txt
HTAR: a   instcat_y06_191126/job_log_01413898.txt
HTAR: a   instcat_y06_191126/job_log_01413899.txt
HTAR: a   instcat_y06_191126/job_log_01413900.txt
HTAR: a   instcat_y06_191126/job_log_01413901.txt
HTAR: a   instcat_y06_191126/job_log_01413902.txt
HTAR: a   instcat_y06_191126/job_log_01413903.txt
HTAR: a   instcat_y06_191126/job_log_01413904.txt
HTAR: a   instcat_y06_191126/job_log_01413905.txt
HTAR: a   instcat_y06_191126/job_log_01413906.txt
HTAR: a   instcat_y06_191126/job_log_01414016.txt
HTAR: a   instcat_y06_191126/job_log_01414017.txt
HTAR: a   instcat_y06_191126/job_log_01414018.txt
HTAR: a   instcat_y06_191126/job_log_01414019.txt
HTAR: a   instcat_y06_191126/job_log_01414020.txt
HTAR: a   instcat_y06_191126/job_log_01414021.txt
HTAR: a   instcat_y06_191126/job_log_01414022.txt
HTAR: a   instcat_y06_191126/job_log_01414023.txt
HTAR: a   instcat_y06_191126/job_log_01414024.txt
HTAR: a   instcat_y06_191126/job_log_01414025.txt
HTAR: a   instcat_y06_191126/job_log_01414026.txt
HTAR: a   instcat_y06_191126/job_log_01414027.txt
HTAR: a   instcat_y06_191126/job_log_01414028.txt
HTAR: a   instcat_y06_191126/job_log_01414029.txt
HTAR: a   instcat_y06_191126/job_log_01414030.txt
HTAR: a   instcat_y06_191126/job_log_01414031.txt
HTAR: a   instcat_y06_191126/job_log_01414032.txt
HTAR: a   instcat_y06_191126/job_log_01414033.txt
HTAR: a   instcat_y06_191126/job_log_01414034.txt
HTAR: a   instcat_y06_191126/job_log_01414035.txt
HTAR: a   instcat_y06_191126/job_log_01414036.txt
HTAR: a   instcat_y06_191126/job_log_01414037.txt
HTAR: a   instcat_y06_191126/job_log_01414038.txt
HTAR: a   instcat_y06_191126/job_log_01414039.txt
HTAR: a   instcat_y06_191126/job_log_01414040.txt
HTAR: a   instcat_y06_191126/job_log_01414041.txt
HTAR: a   instcat_y06_191126/job_log_01414042.txt
HTAR: a   instcat_y06_191126/job_log_01414043.txt
HTAR: a   instcat_y06_191126/job_log_01414044.txt
HTAR: a   instcat_y06_191126/job_log_01414045.txt
HTAR: a   instcat_y06_191126/job_log_01414046.txt
HTAR: a   instcat_y06_191126/job_log_01414047.txt
HTAR: a   instcat_y06_191126/job_log_01414048.txt
HTAR: a   instcat_y06_191126/job_log_01414049.txt
HTAR: a   instcat_y06_191126/job_log_01414050.txt
HTAR: a   instcat_y06_191126/job_log_01414051.txt
HTAR: a   instcat_y06_191126/job_log_01414052.txt
HTAR: a   instcat_y06_191126/job_log_01414053.txt
HTAR: a   instcat_y06_191126/job_log_01414054.txt
HTAR: a   instcat_y06_191126/job_log_01414055.txt
HTAR: a   instcat_y06_191126/job_log_01414056.txt
HTAR: a   instcat_y06_191126/job_log_01414057.txt
HTAR: a   instcat_y06_191126/job_log_01414058.txt
HTAR: a   instcat_y06_191126/job_log_01414059.txt
HTAR: a   /tmp/HTAR_CF_CHK_50436_1580780219
HTAR Create complete for /home/projects/desc/DC2_ImSim/Run2.2i/instCat/y06_191126/01413748to01414059.tar. 558,445,886,976 bytes written for 240 member files, max threads: 50 Transfer time: 3944.691 seconds (141.569 MB/s) wallclock/user/sys: 3945.535 4629.668 1878.176 seconds
HTAR: HTAR SUCCESSFUL
HTAR: a   instcat_y06_191126/01414060.tar
HTAR: a   instcat_y06_191126/01414061.tar
HTAR: a   instcat_y06_191126/01414062.tar
HTAR: a   instcat_y06_191126/01414063.tar
HTAR: a   instcat_y06_191126/01414539.tar
HTAR: a   instcat_y06_191126/01414540.tar
HTAR: a   instcat_y06_191126/01414541.tar
HTAR: a   instcat_y06_191126/01414545.tar
HTAR: a   instcat_y06_191126/01414574.tar
HTAR: a   instcat_y06_191126/01414575.tar
HTAR: a   instcat_y06_191126/01414576.tar
HTAR: a   instcat_y06_191126/01414580.tar
HTAR: a   instcat_y06_191126/01414599.tar
HTAR: a   instcat_y06_191126/01414601.tar
HTAR: a   instcat_y06_191126/01414602.tar
HTAR: a   instcat_y06_191126/01414603.tar
HTAR: a   instcat_y06_191126/01414604.tar
HTAR: a   instcat_y06_191126/01414630.tar
HTAR: a   instcat_y06_191126/01414631.tar
HTAR: a   instcat_y06_191126/01414632.tar
HTAR: a   instcat_y06_191126/01414633.tar
HTAR: a   instcat_y06_191126/01414634.tar
HTAR: a   instcat_y06_191126/01414635.tar
HTAR: a   instcat_y06_191126/01414886.tar
HTAR: a   instcat_y06_191126/01415786.tar
HTAR: a   instcat_y06_191126/01415791.tar
HTAR: a   instcat_y06_191126/01415792.tar
HTAR: a   instcat_y06_191126/01415793.tar
HTAR: a   instcat_y06_191126/01415794.tar
HTAR: a   instcat_y06_191126/01415800.tar
HTAR: a   instcat_y06_191126/01415801.tar
HTAR: a   instcat_y06_191126/01415818.tar
HTAR: a   instcat_y06_191126/01415819.tar
HTAR: a   instcat_y06_191126/01415825.tar
HTAR: a   instcat_y06_191126/01415826.tar
HTAR: a   instcat_y06_191126/01415827.tar
HTAR: a   instcat_y06_191126/01415828.tar
HTAR: a   instcat_y06_191126/01415829.tar
HTAR: a   instcat_y06_191126/01415836.tar
HTAR: a   instcat_y06_191126/01415837.tar
HTAR: a   instcat_y06_191126/01415875.tar
HTAR: a   instcat_y06_191126/01415876.tar
HTAR: a   instcat_y06_191126/01415877.tar
HTAR: a   instcat_y06_191126/01415902.tar
HTAR: a   instcat_y06_191126/01415903.tar
HTAR: a   instcat_y06_191126/01415904.tar
HTAR: a   instcat_y06_191126/01415905.tar
HTAR: a   instcat_y06_191126/01415917.tar
HTAR: a   instcat_y06_191126/01415926.tar
HTAR: a   instcat_y06_191126/01415927.tar
HTAR: a   instcat_y06_191126/01415928.tar
HTAR: a   instcat_y06_191126/01415929.tar
HTAR: a   instcat_y06_191126/01415934.tar
HTAR: a   instcat_y06_191126/01415935.tar
HTAR: a   instcat_y06_191126/01415936.tar
HTAR: a   instcat_y06_191126/01415937.tar
HTAR: a   instcat_y06_191126/01415938.tar
HTAR: a   instcat_y06_191126/01415939.tar
HTAR: a   instcat_y06_191126/01415940.tar
HTAR: a   instcat_y06_191126/01415941.tar
HTAR: a   instcat_y06_191126/01415942.tar
HTAR: a   instcat_y06_191126/01415943.tar
HTAR: a   instcat_y06_191126/01415944.tar
HTAR: a   instcat_y06_191126/01415956.tar
HTAR: a   instcat_y06_191126/01415965.tar
HTAR: a   instcat_y06_191126/01415966.tar
HTAR: a   instcat_y06_191126/01415967.tar
HTAR: a   instcat_y06_191126/01415969.tar
HTAR: a   instcat_y06_191126/01415970.tar
HTAR: a   instcat_y06_191126/01415971.tar
HTAR: a   instcat_y06_191126/01415972.tar
HTAR: a   instcat_y06_191126/01415973.tar
HTAR: a   instcat_y06_191126/01415974.tar
HTAR: a   instcat_y06_191126/01415975.tar
HTAR: a   instcat_y06_191126/01415977.tar
HTAR: a   instcat_y06_191126/01415979.tar
HTAR: a   instcat_y06_191126/01415980.tar
HTAR: a   instcat_y06_191126/01415981.tar
HTAR: a   instcat_y06_191126/01415982.tar
HTAR: a   instcat_y06_191126/01415983.tar
HTAR: a   instcat_y06_191126/01416005.tar
HTAR: a   instcat_y06_191126/01416015.tar
HTAR: a   instcat_y06_191126/01416017.tar
HTAR: a   instcat_y06_191126/01416019.tar
HTAR: a   instcat_y06_191126/01416055.tar
HTAR: a   instcat_y06_191126/01416056.tar
HTAR: a   instcat_y06_191126/01416057.tar
HTAR: a   instcat_y06_191126/01416063.tar
HTAR: a   instcat_y06_191126/01416083.tar
HTAR: a   instcat_y06_191126/01416084.tar
HTAR: a   instcat_y06_191126/01416085.tar
HTAR: a   instcat_y06_191126/01416137.tar
HTAR: a   instcat_y06_191126/01416212.tar
HTAR: a   instcat_y06_191126/01416213.tar
HTAR: a   instcat_y06_191126/01416214.tar
HTAR: a   instcat_y06_191126/01416215.tar
HTAR: a   instcat_y06_191126/01416216.tar
HTAR: a   instcat_y06_191126/01416217.tar
HTAR: a   instcat_y06_191126/01416218.tar
HTAR: a   instcat_y06_191126/01416219.tar
HTAR: a   instcat_y06_191126/01416220.tar
HTAR: a   instcat_y06_191126/01416221.tar
HTAR: a   instcat_y06_191126/01416222.tar
HTAR: a   instcat_y06_191126/01416223.tar
HTAR: a   instcat_y06_191126/01416224.tar
HTAR: a   instcat_y06_191126/01416225.tar
HTAR: a   instcat_y06_191126/01416226.tar
HTAR: a   instcat_y06_191126/01416227.tar
HTAR: a   instcat_y06_191126/01416228.tar
HTAR: a   instcat_y06_191126/01416229.tar
HTAR: a   instcat_y06_191126/01416230.tar
HTAR: a   instcat_y06_191126/01416231.tar
HTAR: a   instcat_y06_191126/01416233.tar
HTAR: a   instcat_y06_191126/01416240.tar
HTAR: a   instcat_y06_191126/01416241.tar
HTAR: a   instcat_y06_191126/01416678.tar
HTAR: a   instcat_y06_191126/01416679.tar
HTAR: a   instcat_y06_191126/01416680.tar
HTAR: a   instcat_y06_191126/01416681.tar
HTAR: a   instcat_y06_191126/01416682.tar
HTAR: a   instcat_y06_191126/job_log_01414060.txt
HTAR: a   instcat_y06_191126/job_log_01414061.txt
HTAR: a   instcat_y06_191126/job_log_01414062.txt
HTAR: a   instcat_y06_191126/job_log_01414063.txt
HTAR: a   instcat_y06_191126/job_log_01414539.txt
HTAR: a   instcat_y06_191126/job_log_01414540.txt
HTAR: a   instcat_y06_191126/job_log_01414541.txt
HTAR: a   instcat_y06_191126/job_log_01414545.txt
HTAR: a   instcat_y06_191126/job_log_01414574.txt
HTAR: a   instcat_y06_191126/job_log_01414575.txt
HTAR: a   instcat_y06_191126/job_log_01414576.txt
HTAR: a   instcat_y06_191126/job_log_01414580.txt
HTAR: a   instcat_y06_191126/job_log_01414599.txt
HTAR: a   instcat_y06_191126/job_log_01414601.txt
HTAR: a   instcat_y06_191126/job_log_01414602.txt
HTAR: a   instcat_y06_191126/job_log_01414603.txt
HTAR: a   instcat_y06_191126/job_log_01414604.txt
HTAR: a   instcat_y06_191126/job_log_01414630.txt
HTAR: a   instcat_y06_191126/job_log_01414631.txt
HTAR: a   instcat_y06_191126/job_log_01414632.txt
HTAR: a   instcat_y06_191126/job_log_01414633.txt
HTAR: a   instcat_y06_191126/job_log_01414634.txt
HTAR: a   instcat_y06_191126/job_log_01414635.txt
HTAR: a   instcat_y06_191126/job_log_01414886.txt
HTAR: a   instcat_y06_191126/job_log_01415786.txt
HTAR: a   instcat_y06_191126/job_log_01415791.txt
HTAR: a   instcat_y06_191126/job_log_01415792.txt
HTAR: a   instcat_y06_191126/job_log_01415793.txt
HTAR: a   instcat_y06_191126/job_log_01415794.txt
HTAR: a   instcat_y06_191126/job_log_01415800.txt
HTAR: a   instcat_y06_191126/job_log_01415801.txt
HTAR: a   instcat_y06_191126/job_log_01415818.txt
HTAR: a   instcat_y06_191126/job_log_01415819.txt
HTAR: a   instcat_y06_191126/job_log_01415825.txt
HTAR: a   instcat_y06_191126/job_log_01415826.txt
HTAR: a   instcat_y06_191126/job_log_01415827.txt
HTAR: a   instcat_y06_191126/job_log_01415828.txt
HTAR: a   instcat_y06_191126/job_log_01415829.txt
HTAR: a   instcat_y06_191126/job_log_01415836.txt
HTAR: a   instcat_y06_191126/job_log_01415837.txt
HTAR: a   instcat_y06_191126/job_log_01415875.txt
HTAR: a   instcat_y06_191126/job_log_01415876.txt
HTAR: a   instcat_y06_191126/job_log_01415877.txt
HTAR: a   instcat_y06_191126/job_log_01415902.txt
HTAR: a   instcat_y06_191126/job_log_01415903.txt
HTAR: a   instcat_y06_191126/job_log_01415904.txt
HTAR: a   instcat_y06_191126/job_log_01415905.txt
HTAR: a   instcat_y06_191126/job_log_01415917.txt
HTAR: a   instcat_y06_191126/job_log_01415926.txt
HTAR: a   instcat_y06_191126/job_log_01415927.txt
HTAR: a   instcat_y06_191126/job_log_01415928.txt
HTAR: a   instcat_y06_191126/job_log_01415929.txt
HTAR: a   instcat_y06_191126/job_log_01415934.txt
HTAR: a   instcat_y06_191126/job_log_01415935.txt
HTAR: a   instcat_y06_191126/job_log_01415936.txt
HTAR: a   instcat_y06_191126/job_log_01415937.txt
HTAR: a   instcat_y06_191126/job_log_01415938.txt
HTAR: a   instcat_y06_191126/job_log_01415939.txt
HTAR: a   instcat_y06_191126/job_log_01415940.txt
HTAR: a   instcat_y06_191126/job_log_01415941.txt
HTAR: a   instcat_y06_191126/job_log_01415942.txt
HTAR: a   instcat_y06_191126/job_log_01415943.txt
HTAR: a   instcat_y06_191126/job_log_01415944.txt
HTAR: a   instcat_y06_191126/job_log_01415956.txt
HTAR: a   instcat_y06_191126/job_log_01415965.txt
HTAR: a   instcat_y06_191126/job_log_01415966.txt
HTAR: a   instcat_y06_191126/job_log_01415967.txt
HTAR: a   instcat_y06_191126/job_log_01415969.txt
HTAR: a   instcat_y06_191126/job_log_01415970.txt
HTAR: a   instcat_y06_191126/job_log_01415971.txt
HTAR: a   instcat_y06_191126/job_log_01415972.txt
HTAR: a   instcat_y06_191126/job_log_01415973.txt
HTAR: a   instcat_y06_191126/job_log_01415974.txt
HTAR: a   instcat_y06_191126/job_log_01415975.txt
HTAR: a   instcat_y06_191126/job_log_01415977.txt
HTAR: a   instcat_y06_191126/job_log_01415979.txt
HTAR: a   instcat_y06_191126/job_log_01415980.txt
HTAR: a   instcat_y06_191126/job_log_01415981.txt
HTAR: a   instcat_y06_191126/job_log_01415982.txt
HTAR: a   instcat_y06_191126/job_log_01415983.txt
HTAR: a   instcat_y06_191126/job_log_01416005.txt
HTAR: a   instcat_y06_191126/job_log_01416015.txt
HTAR: a   instcat_y06_191126/job_log_01416017.txt
HTAR: a   instcat_y06_191126/job_log_01416019.txt
HTAR: a   instcat_y06_191126/job_log_01416055.txt
HTAR: a   instcat_y06_191126/job_log_01416056.txt
HTAR: a   instcat_y06_191126/job_log_01416057.txt
HTAR: a   instcat_y06_191126/job_log_01416063.txt
HTAR: a   instcat_y06_191126/job_log_01416083.txt
HTAR: a   instcat_y06_191126/job_log_01416084.txt
HTAR: a   instcat_y06_191126/job_log_01416085.txt
HTAR: a   instcat_y06_191126/job_log_01416137.txt
HTAR: a   instcat_y06_191126/job_log_01416212.txt
HTAR: a   instcat_y06_191126/job_log_01416213.txt
HTAR: a   instcat_y06_191126/job_log_01416214.txt
HTAR: a   instcat_y06_191126/job_log_01416215.txt
HTAR: a   instcat_y06_191126/job_log_01416216.txt
HTAR: a   instcat_y06_191126/job_log_01416217.txt
HTAR: a   instcat_y06_191126/job_log_01416218.txt
HTAR: a   instcat_y06_191126/job_log_01416219.txt
HTAR: a   instcat_y06_191126/job_log_01416220.txt
HTAR: a   instcat_y06_191126/job_log_01416221.txt
HTAR: a   instcat_y06_191126/job_log_01416222.txt
HTAR: a   instcat_y06_191126/job_log_01416223.txt
HTAR: a   instcat_y06_191126/job_log_01416224.txt
HTAR: a   instcat_y06_191126/job_log_01416225.txt
HTAR: a   instcat_y06_191126/job_log_01416226.txt
HTAR: a   instcat_y06_191126/job_log_01416227.txt
HTAR: a   instcat_y06_191126/job_log_01416228.txt
HTAR: a   instcat_y06_191126/job_log_01416229.txt
HTAR: a   instcat_y06_191126/job_log_01416230.txt
HTAR: a   instcat_y06_191126/job_log_01416231.txt
HTAR: a   instcat_y06_191126/job_log_01416233.txt
HTAR: a   instcat_y06_191126/job_log_01416240.txt
HTAR: a   instcat_y06_191126/job_log_01416241.txt
HTAR: a   instcat_y06_191126/job_log_01416678.txt
HTAR: a   instcat_y06_191126/job_log_01416679.txt
HTAR: a   instcat_y06_191126/job_log_01416680.txt
HTAR: a   instcat_y06_191126/job_log_01416681.txt
HTAR: a   instcat_y06_191126/job_log_01416682.txt
HTAR: a   /tmp/HTAR_CF_CHK_18264_1580784167
HTAR Create complete for /home/projects/desc/DC2_ImSim/Run2.2i/instCat/y06_191126/01414060to01416682.tar. 540,733,789,696 bytes written for 240 member files, max threads: 50 Transfer time: 3659.262 seconds (147.771 MB/s) wallclock/user/sys: 3660.398 4274.607 1785.465 seconds
HTAR: HTAR SUCCESSFUL
HTAR: a   instcat_y06_191126/01416683.tar
HTAR: a   instcat_y06_191126/01416684.tar
HTAR: a   instcat_y06_191126/01416685.tar
HTAR: a   instcat_y06_191126/01416686.tar
HTAR: a   instcat_y06_191126/01416687.tar
HTAR: a   instcat_y06_191126/01416688.tar
HTAR: a   instcat_y06_191126/01416689.tar
HTAR: a   instcat_y06_191126/01416690.tar
HTAR: a   instcat_y06_191126/01416691.tar
HTAR: a   instcat_y06_191126/01416692.tar
HTAR: a   instcat_y06_191126/01416693.tar
HTAR: a   instcat_y06_191126/01416694.tar
HTAR: a   instcat_y06_191126/01416695.tar
HTAR: a   instcat_y06_191126/01416696.tar
HTAR: a   instcat_y06_191126/01416697.tar
HTAR: a   instcat_y06_191126/01416698.tar
HTAR: a   instcat_y06_191126/01416709.tar
HTAR: a   instcat_y06_191126/01416710.tar
HTAR: a   instcat_y06_191126/01416711.tar
HTAR: a   instcat_y06_191126/01416712.tar
HTAR: a   instcat_y06_191126/01416713.tar
HTAR: a   instcat_y06_191126/01416714.tar
HTAR: a   instcat_y06_191126/01416715.tar
HTAR: a   instcat_y06_191126/01416716.tar
HTAR: a   instcat_y06_191126/01416723.tar
HTAR: a   instcat_y06_191126/01416732.tar
HTAR: a   instcat_y06_191126/01416755.tar
HTAR: a   instcat_y06_191126/01416756.tar
HTAR: a   instcat_y06_191126/01416757.tar
HTAR: a   instcat_y06_191126/01416758.tar
HTAR: a   instcat_y06_191126/01416759.tar
HTAR: a   instcat_y06_191126/01416760.tar
HTAR: a   instcat_y06_191126/01416761.tar
HTAR: a   instcat_y06_191126/01416762.tar
HTAR: a   instcat_y06_191126/01416764.tar
HTAR: a   instcat_y06_191126/01416778.tar
HTAR: a   instcat_y06_191126/01416779.tar
HTAR: a   instcat_y06_191126/01416808.tar
HTAR: a   instcat_y06_191126/01416832.tar
HTAR: a   instcat_y06_191126/01416919.tar
HTAR: a   instcat_y06_191126/01416926.tar
HTAR: a   instcat_y06_191126/01416927.tar
HTAR: a   instcat_y06_191126/01416928.tar
HTAR: a   instcat_y06_191126/01416959.tar
HTAR: a   instcat_y06_191126/01416995.tar
HTAR: a   instcat_y06_191126/01416996.tar
HTAR: a   instcat_y06_191126/01416997.tar
HTAR: a   instcat_y06_191126/01416998.tar
HTAR: a   instcat_y06_191126/01416999.tar
HTAR: a   instcat_y06_191126/01417000.tar
HTAR: a   instcat_y06_191126/01417001.tar
HTAR: a   instcat_y06_191126/01417014.tar
HTAR: a   instcat_y06_191126/01417429.tar
HTAR: a   instcat_y06_191126/01417471.tar
HTAR: a   instcat_y06_191126/01417472.tar
HTAR: a   instcat_y06_191126/01417473.tar
HTAR: a   instcat_y06_191126/01417474.tar
HTAR: a   instcat_y06_191126/01417475.tar
HTAR: a   instcat_y06_191126/01417476.tar
HTAR: a   instcat_y06_191126/01417477.tar
HTAR: a   instcat_y06_191126/01417478.tar
HTAR: a   instcat_y06_191126/01417479.tar
HTAR: a   instcat_y06_191126/01417480.tar
HTAR: a   instcat_y06_191126/01417481.tar
HTAR: a   instcat_y06_191126/01417482.tar
HTAR: a   instcat_y06_191126/01417483.tar
HTAR: a   instcat_y06_191126/01417484.tar
HTAR: a   instcat_y06_191126/01417485.tar
HTAR: a   instcat_y06_191126/01417486.tar
HTAR: a   instcat_y06_191126/01417487.tar
HTAR: a   instcat_y06_191126/01417488.tar
HTAR: a   instcat_y06_191126/01417489.tar
HTAR: a   instcat_y06_191126/01417490.tar
HTAR: a   instcat_y06_191126/01417491.tar
HTAR: a   instcat_y06_191126/01417535.tar
HTAR: a   instcat_y06_191126/01417536.tar
HTAR: a   instcat_y06_191126/01417537.tar
HTAR: a   instcat_y06_191126/01417538.tar
HTAR: a   instcat_y06_191126/01417539.tar
HTAR: a   instcat_y06_191126/01417540.tar
HTAR: a   instcat_y06_191126/01417541.tar
HTAR: a   instcat_y06_191126/01417542.tar
HTAR: a   instcat_y06_191126/01417543.tar
HTAR: a   instcat_y06_191126/01417544.tar
HTAR: a   instcat_y06_191126/01417545.tar
HTAR: a   instcat_y06_191126/01417546.tar
HTAR: a   instcat_y06_191126/01417547.tar
HTAR: a   instcat_y06_191126/01417548.tar
HTAR: a   instcat_y06_191126/01417549.tar
HTAR: a   instcat_y06_191126/01417550.tar
HTAR: a   instcat_y06_191126/01417551.tar
HTAR: a   instcat_y06_191126/01417552.tar
HTAR: a   instcat_y06_191126/01417553.tar
HTAR: a   instcat_y06_191126/01417554.tar
HTAR: a   instcat_y06_191126/01417555.tar
HTAR: a   instcat_y06_191126/01417559.tar
HTAR: a   instcat_y06_191126/01417560.tar
HTAR: a   instcat_y06_191126/01417561.tar
HTAR: a   instcat_y06_191126/01417579.tar
HTAR: a   instcat_y06_191126/01417580.tar
HTAR: a   instcat_y06_191126/01417582.tar
HTAR: a   instcat_y06_191126/01417584.tar
HTAR: a   instcat_y06_191126/01417585.tar
HTAR: a   instcat_y06_191126/01417586.tar
HTAR: a   instcat_y06_191126/01417587.tar
HTAR: a   instcat_y06_191126/01417588.tar
HTAR: a   instcat_y06_191126/01417589.tar
HTAR: a   instcat_y06_191126/01417590.tar
HTAR: a   instcat_y06_191126/01417591.tar
HTAR: a   instcat_y06_191126/01417592.tar
HTAR: a   instcat_y06_191126/01417593.tar
HTAR: a   instcat_y06_191126/01417716.tar
HTAR: a   instcat_y06_191126/01417717.tar
HTAR: a   instcat_y06_191126/01417796.tar
HTAR: a   instcat_y06_191126/01418313.tar
HTAR: a   instcat_y06_191126/01418314.tar
HTAR: a   instcat_y06_191126/01418315.tar
HTAR: a   instcat_y06_191126/01418316.tar
HTAR: a   instcat_y06_191126/01418317.tar
HTAR: a   instcat_y06_191126/01418318.tar
HTAR: a   instcat_y06_191126/job_log_01416683.txt
HTAR: a   instcat_y06_191126/job_log_01416684.txt
HTAR: a   instcat_y06_191126/job_log_01416685.txt
HTAR: a   instcat_y06_191126/job_log_01416686.txt
HTAR: a   instcat_y06_191126/job_log_01416687.txt
HTAR: a   instcat_y06_191126/job_log_01416688.txt
HTAR: a   instcat_y06_191126/job_log_01416689.txt
HTAR: a   instcat_y06_191126/job_log_01416690.txt
HTAR: a   instcat_y06_191126/job_log_01416691.txt
HTAR: a   instcat_y06_191126/job_log_01416692.txt
HTAR: a   instcat_y06_191126/job_log_01416693.txt
HTAR: a   instcat_y06_191126/job_log_01416694.txt
HTAR: a   instcat_y06_191126/job_log_01416695.txt
HTAR: a   instcat_y06_191126/job_log_01416696.txt
HTAR: a   instcat_y06_191126/job_log_01416697.txt
HTAR: a   instcat_y06_191126/job_log_01416698.txt
HTAR: a   instcat_y06_191126/job_log_01416709.txt
HTAR: a   instcat_y06_191126/job_log_01416710.txt
HTAR: a   instcat_y06_191126/job_log_01416711.txt
HTAR: a   instcat_y06_191126/job_log_01416712.txt
HTAR: a   instcat_y06_191126/job_log_01416713.txt
HTAR: a   instcat_y06_191126/job_log_01416714.txt
HTAR: a   instcat_y06_191126/job_log_01416715.txt
HTAR: a   instcat_y06_191126/job_log_01416716.txt
HTAR: a   instcat_y06_191126/job_log_01416723.txt
HTAR: a   instcat_y06_191126/job_log_01416732.txt
HTAR: a   instcat_y06_191126/job_log_01416755.txt
HTAR: a   instcat_y06_191126/job_log_01416756.txt
HTAR: a   instcat_y06_191126/job_log_01416757.txt
HTAR: a   instcat_y06_191126/job_log_01416758.txt
HTAR: a   instcat_y06_191126/job_log_01416759.txt
HTAR: a   instcat_y06_191126/job_log_01416760.txt
HTAR: a   instcat_y06_191126/job_log_01416761.txt
HTAR: a   instcat_y06_191126/job_log_01416762.txt
HTAR: a   instcat_y06_191126/job_log_01416764.txt
HTAR: a   instcat_y06_191126/job_log_01416778.txt
HTAR: a   instcat_y06_191126/job_log_01416779.txt
HTAR: a   instcat_y06_191126/job_log_01416808.txt
HTAR: a   instcat_y06_191126/job_log_01416832.txt
HTAR: a   instcat_y06_191126/job_log_01416919.txt
HTAR: a   instcat_y06_191126/job_log_01416926.txt
HTAR: a   instcat_y06_191126/job_log_01416927.txt
HTAR: a   instcat_y06_191126/job_log_01416928.txt
HTAR: a   instcat_y06_191126/job_log_01416959.txt
HTAR: a   instcat_y06_191126/job_log_01416995.txt
HTAR: a   instcat_y06_191126/job_log_01416996.txt
HTAR: a   instcat_y06_191126/job_log_01416997.txt
HTAR: a   instcat_y06_191126/job_log_01416998.txt
HTAR: a   instcat_y06_191126/job_log_01416999.txt
HTAR: a   instcat_y06_191126/job_log_01417000.txt
HTAR: a   instcat_y06_191126/job_log_01417001.txt
HTAR: a   instcat_y06_191126/job_log_01417014.txt
HTAR: a   instcat_y06_191126/job_log_01417429.txt
HTAR: a   instcat_y06_191126/job_log_01417471.txt
HTAR: a   instcat_y06_191126/job_log_01417472.txt
HTAR: a   instcat_y06_191126/job_log_01417473.txt
HTAR: a   instcat_y06_191126/job_log_01417474.txt
HTAR: a   instcat_y06_191126/job_log_01417475.txt
HTAR: a   instcat_y06_191126/job_log_01417476.txt
HTAR: a   instcat_y06_191126/job_log_01417477.txt
HTAR: a   instcat_y06_191126/job_log_01417478.txt
HTAR: a   instcat_y06_191126/job_log_01417479.txt
HTAR: a   instcat_y06_191126/job_log_01417480.txt
HTAR: a   instcat_y06_191126/job_log_01417481.txt
HTAR: a   instcat_y06_191126/job_log_01417482.txt
HTAR: a   instcat_y06_191126/job_log_01417483.txt
HTAR: a   instcat_y06_191126/job_log_01417484.txt
HTAR: a   instcat_y06_191126/job_log_01417485.txt
HTAR: a   instcat_y06_191126/job_log_01417486.txt
HTAR: a   instcat_y06_191126/job_log_01417487.txt
HTAR: a   instcat_y06_191126/job_log_01417488.txt
HTAR: a   instcat_y06_191126/job_log_01417489.txt
HTAR: a   instcat_y06_191126/job_log_01417490.txt
HTAR: a   instcat_y06_191126/job_log_01417491.txt
HTAR: a   instcat_y06_191126/job_log_01417535.txt
HTAR: a   instcat_y06_191126/job_log_01417536.txt
HTAR: a   instcat_y06_191126/job_log_01417537.txt
HTAR: a   instcat_y06_191126/job_log_01417538.txt
HTAR: a   instcat_y06_191126/job_log_01417539.txt
HTAR: a   instcat_y06_191126/job_log_01417540.txt
HTAR: a   instcat_y06_191126/job_log_01417541.txt
HTAR: a   instcat_y06_191126/job_log_01417542.txt
HTAR: a   instcat_y06_191126/job_log_01417543.txt
HTAR: a   instcat_y06_191126/job_log_01417544.txt
HTAR: a   instcat_y06_191126/job_log_01417545.txt
HTAR: a   instcat_y06_191126/job_log_01417546.txt
HTAR: a   instcat_y06_191126/job_log_01417547.txt
HTAR: a   instcat_y06_191126/job_log_01417548.txt
HTAR: a   instcat_y06_191126/job_log_01417549.txt
HTAR: a   instcat_y06_191126/job_log_01417550.txt
HTAR: a   instcat_y06_191126/job_log_01417551.txt
HTAR: a   instcat_y06_191126/job_log_01417552.txt
HTAR: a   instcat_y06_191126/job_log_01417553.txt
HTAR: a   instcat_y06_191126/job_log_01417554.txt
HTAR: a   instcat_y06_191126/job_log_01417555.txt
HTAR: a   instcat_y06_191126/job_log_01417559.txt
HTAR: a   instcat_y06_191126/job_log_01417560.txt
HTAR: a   instcat_y06_191126/job_log_01417561.txt
HTAR: a   instcat_y06_191126/job_log_01417579.txt
HTAR: a   instcat_y06_191126/job_log_01417580.txt
HTAR: a   instcat_y06_191126/job_log_01417582.txt
HTAR: a   instcat_y06_191126/job_log_01417584.txt
HTAR: a   instcat_y06_191126/job_log_01417585.txt
HTAR: a   instcat_y06_191126/job_log_01417586.txt
HTAR: a   instcat_y06_191126/job_log_01417587.txt
HTAR: a   instcat_y06_191126/job_log_01417588.txt
HTAR: a   instcat_y06_191126/job_log_01417589.txt
HTAR: a   instcat_y06_191126/job_log_01417590.txt
HTAR: a   instcat_y06_191126/job_log_01417591.txt
HTAR: a   instcat_y06_191126/job_log_01417592.txt
HTAR: a   instcat_y06_191126/job_log_01417593.txt
HTAR: a   instcat_y06_191126/job_log_01417716.txt
HTAR: a   instcat_y06_191126/job_log_01417717.txt
HTAR: a   instcat_y06_191126/job_log_01417796.txt
HTAR: a   instcat_y06_191126/job_log_01418313.txt
HTAR: a   instcat_y06_191126/job_log_01418314.txt
HTAR: a   instcat_y06_191126/job_log_01418315.txt
HTAR: a   instcat_y06_191126/job_log_01418316.txt
HTAR: a   instcat_y06_191126/job_log_01418317.txt
HTAR: a   instcat_y06_191126/job_log_01418318.txt
HTAR: a   /tmp/HTAR_CF_CHK_60018_1580787830
HTAR Create complete for /home/projects/desc/DC2_ImSim/Run2.2i/instCat/y06_191126/01416683to01418318.tar. 550,515,570,176 bytes written for 240 member files, max threads: 50 Transfer time: 3597.469 seconds (153.029 MB/s) wallclock/user/sys: 3598.464 4332.599 1607.022 seconds
HTAR: HTAR SUCCESSFUL
HTAR: a   instcat_y06_191126/01418319.tar
HTAR: a   instcat_y06_191126/01418320.tar
HTAR: a   instcat_y06_191126/01418321.tar
HTAR: a   instcat_y06_191126/01418322.tar
HTAR: a   instcat_y06_191126/01418323.tar
HTAR: a   instcat_y06_191126/01418324.tar
HTAR: a   instcat_y06_191126/01418325.tar
HTAR: a   instcat_y06_191126/01418326.tar
HTAR: a   instcat_y06_191126/01418327.tar
HTAR: a   instcat_y06_191126/01418328.tar
HTAR: a   instcat_y06_191126/01418329.tar
HTAR: a   instcat_y06_191126/01418330.tar
HTAR: a   instcat_y06_191126/01418331.tar
HTAR: a   instcat_y06_191126/01418332.tar
HTAR: a   instcat_y06_191126/01418333.tar
HTAR: a   instcat_y06_191126/01418643.tar
HTAR: a   instcat_y06_191126/01418644.tar
HTAR: a   instcat_y06_191126/01418693.tar
HTAR: a   instcat_y06_191126/01418694.tar
HTAR: a   instcat_y06_191126/01418703.tar
HTAR: a   instcat_y06_191126/01419149.tar
HTAR: a   instcat_y06_191126/01419150.tar
HTAR: a   instcat_y06_191126/01419151.tar
HTAR: a   instcat_y06_191126/01419152.tar
HTAR: a   instcat_y06_191126/01419153.tar
HTAR: a   instcat_y06_191126/01419154.tar
HTAR: a   instcat_y06_191126/01419155.tar
HTAR: a   instcat_y06_191126/01419156.tar
HTAR: a   instcat_y06_191126/01419157.tar
HTAR: a   instcat_y06_191126/01419158.tar
HTAR: a   instcat_y06_191126/01419159.tar
HTAR: a   instcat_y06_191126/01419160.tar
HTAR: a   instcat_y06_191126/01419161.tar
HTAR: a   instcat_y06_191126/01419162.tar
HTAR: a   instcat_y06_191126/01419163.tar
HTAR: a   instcat_y06_191126/01419164.tar
HTAR: a   instcat_y06_191126/01419165.tar
HTAR: a   instcat_y06_191126/01419166.tar
HTAR: a   instcat_y06_191126/01419167.tar
HTAR: a   instcat_y06_191126/01419168.tar
HTAR: a   instcat_y06_191126/01419298.tar
HTAR: a   instcat_y06_191126/01419299.tar
HTAR: a   instcat_y06_191126/01419339.tar
HTAR: a   instcat_y06_191126/01419340.tar
HTAR: a   instcat_y06_191126/01419344.tar
HTAR: a   instcat_y06_191126/01419345.tar
HTAR: a   instcat_y06_191126/01419350.tar
HTAR: a   instcat_y06_191126/01419351.tar
HTAR: a   instcat_y06_191126/01419352.tar
HTAR: a   instcat_y06_191126/01419353.tar
HTAR: a   instcat_y06_191126/01419354.tar
HTAR: a   instcat_y06_191126/01419355.tar
HTAR: a   instcat_y06_191126/01419356.tar
HTAR: a   instcat_y06_191126/01419373.tar
HTAR: a   instcat_y06_191126/01419374.tar
HTAR: a   instcat_y06_191126/01419375.tar
HTAR: a   instcat_y06_191126/01419379.tar
HTAR: a   instcat_y06_191126/01419381.tar
HTAR: a   instcat_y06_191126/01419386.tar
HTAR: a   instcat_y06_191126/01419387.tar
HTAR: a   instcat_y06_191126/01419388.tar
HTAR: a   instcat_y06_191126/01419389.tar
HTAR: a   instcat_y06_191126/01419390.tar
HTAR: a   instcat_y06_191126/01419391.tar
HTAR: a   instcat_y06_191126/01419392.tar
HTAR: a   instcat_y06_191126/01419393.tar
HTAR: a   instcat_y06_191126/01419394.tar
HTAR: a   instcat_y06_191126/01419412.tar
HTAR: a   instcat_y06_191126/01419413.tar
HTAR: a   instcat_y06_191126/01419414.tar
HTAR: a   instcat_y06_191126/01419415.tar
HTAR: a   instcat_y06_191126/01419416.tar
HTAR: a   instcat_y06_191126/01419417.tar
HTAR: a   instcat_y06_191126/01419418.tar
HTAR: a   instcat_y06_191126/01419419.tar
HTAR: a   instcat_y06_191126/01419429.tar
HTAR: a   instcat_y06_191126/01419430.tar
HTAR: a   instcat_y06_191126/01419431.tar
HTAR: a   instcat_y06_191126/01419432.tar
HTAR: a   instcat_y06_191126/01419433.tar
HTAR: a   instcat_y06_191126/01419434.tar
HTAR: a   instcat_y06_191126/01419435.tar
HTAR: a   instcat_y06_191126/01419436.tar
HTAR: a   instcat_y06_191126/01419452.tar
HTAR: a   instcat_y06_191126/01419453.tar
HTAR: a   instcat_y06_191126/01419454.tar
HTAR: a   instcat_y06_191126/01419455.tar
HTAR: a   instcat_y06_191126/01419456.tar
HTAR: a   instcat_y06_191126/01419458.tar
HTAR: a   instcat_y06_191126/01419465.tar
HTAR: a   instcat_y06_191126/01419466.tar
HTAR: a   instcat_y06_191126/01419467.tar
HTAR: a   instcat_y06_191126/01419468.tar
HTAR: a   instcat_y06_191126/01419469.tar
HTAR: a   instcat_y06_191126/01419470.tar
HTAR: a   instcat_y06_191126/01419473.tar
HTAR: a   instcat_y06_191126/01419474.tar
HTAR: a   instcat_y06_191126/01419475.tar
HTAR: a   instcat_y06_191126/01419476.tar
HTAR: a   instcat_y06_191126/01419477.tar
HTAR: a   instcat_y06_191126/01419478.tar
HTAR: a   instcat_y06_191126/01419479.tar
HTAR: a   instcat_y06_191126/01419487.tar
HTAR: a   instcat_y06_191126/01419489.tar
HTAR: a   instcat_y06_191126/01419490.tar
HTAR: a   instcat_y06_191126/01419507.tar
HTAR: a   instcat_y06_191126/01419508.tar
HTAR: a   instcat_y06_191126/01419509.tar
HTAR: a   instcat_y06_191126/01419510.tar
HTAR: a   instcat_y06_191126/01419511.tar
HTAR: a   instcat_y06_191126/01419523.tar
HTAR: a   instcat_y06_191126/01419524.tar
HTAR: a   instcat_y06_191126/01419530.tar
HTAR: a   instcat_y06_191126/01419531.tar
HTAR: a   instcat_y06_191126/01419548.tar
HTAR: a   instcat_y06_191126/01419549.tar
HTAR: a   instcat_y06_191126/01419550.tar
HTAR: a   instcat_y06_191126/01419551.tar
HTAR: a   instcat_y06_191126/01419552.tar
HTAR: a   instcat_y06_191126/01419561.tar
HTAR: a   instcat_y06_191126/job_log_01418319.txt
HTAR: a   instcat_y06_191126/job_log_01418320.txt
HTAR: a   instcat_y06_191126/job_log_01418321.txt
HTAR: a   instcat_y06_191126/job_log_01418322.txt
HTAR: a   instcat_y06_191126/job_log_01418323.txt
HTAR: a   instcat_y06_191126/job_log_01418324.txt
HTAR: a   instcat_y06_191126/job_log_01418325.txt
HTAR: a   instcat_y06_191126/job_log_01418326.txt
HTAR: a   instcat_y06_191126/job_log_01418327.txt
HTAR: a   instcat_y06_191126/job_log_01418328.txt
HTAR: a   instcat_y06_191126/job_log_01418329.txt
HTAR: a   instcat_y06_191126/job_log_01418330.txt
HTAR: a   instcat_y06_191126/job_log_01418331.txt
HTAR: a   instcat_y06_191126/job_log_01418332.txt
HTAR: a   instcat_y06_191126/job_log_01418333.txt
HTAR: a   instcat_y06_191126/job_log_01418643.txt
HTAR: a   instcat_y06_191126/job_log_01418644.txt
HTAR: a   instcat_y06_191126/job_log_01418693.txt
HTAR: a   instcat_y06_191126/job_log_01418694.txt
HTAR: a   instcat_y06_191126/job_log_01418703.txt
HTAR: a   instcat_y06_191126/job_log_01419149.txt
HTAR: a   instcat_y06_191126/job_log_01419150.txt
HTAR: a   instcat_y06_191126/job_log_01419151.txt
HTAR: a   instcat_y06_191126/job_log_01419152.txt
HTAR: a   instcat_y06_191126/job_log_01419153.txt
HTAR: a   instcat_y06_191126/job_log_01419154.txt
HTAR: a   instcat_y06_191126/job_log_01419155.txt
HTAR: a   instcat_y06_191126/job_log_01419156.txt
HTAR: a   instcat_y06_191126/job_log_01419157.txt
HTAR: a   instcat_y06_191126/job_log_01419158.txt
HTAR: a   instcat_y06_191126/job_log_01419159.txt
HTAR: a   instcat_y06_191126/job_log_01419160.txt
HTAR: a   instcat_y06_191126/job_log_01419161.txt
HTAR: a   instcat_y06_191126/job_log_01419162.txt
HTAR: a   instcat_y06_191126/job_log_01419163.txt
HTAR: a   instcat_y06_191126/job_log_01419164.txt
HTAR: a   instcat_y06_191126/job_log_01419165.txt
HTAR: a   instcat_y06_191126/job_log_01419166.txt
HTAR: a   instcat_y06_191126/job_log_01419167.txt
HTAR: a   instcat_y06_191126/job_log_01419168.txt
HTAR: a   instcat_y06_191126/job_log_01419298.txt
HTAR: a   instcat_y06_191126/job_log_01419299.txt
HTAR: a   instcat_y06_191126/job_log_01419339.txt
HTAR: a   instcat_y06_191126/job_log_01419340.txt
HTAR: a   instcat_y06_191126/job_log_01419344.txt
HTAR: a   instcat_y06_191126/job_log_01419345.txt
HTAR: a   instcat_y06_191126/job_log_01419350.txt
HTAR: a   instcat_y06_191126/job_log_01419351.txt
HTAR: a   instcat_y06_191126/job_log_01419352.txt
HTAR: a   instcat_y06_191126/job_log_01419353.txt
HTAR: a   instcat_y06_191126/job_log_01419354.txt
HTAR: a   instcat_y06_191126/job_log_01419355.txt
HTAR: a   instcat_y06_191126/job_log_01419356.txt
HTAR: a   instcat_y06_191126/job_log_01419373.txt
HTAR: a   instcat_y06_191126/job_log_01419374.txt
HTAR: a   instcat_y06_191126/job_log_01419375.txt
HTAR: a   instcat_y06_191126/job_log_01419379.txt
HTAR: a   instcat_y06_191126/job_log_01419381.txt
HTAR: a   instcat_y06_191126/job_log_01419386.txt
HTAR: a   instcat_y06_191126/job_log_01419387.txt
HTAR: a   instcat_y06_191126/job_log_01419388.txt
HTAR: a   instcat_y06_191126/job_log_01419389.txt
HTAR: a   instcat_y06_191126/job_log_01419390.txt
HTAR: a   instcat_y06_191126/job_log_01419391.txt
HTAR: a   instcat_y06_191126/job_log_01419392.txt
HTAR: a   instcat_y06_191126/job_log_01419393.txt
HTAR: a   instcat_y06_191126/job_log_01419394.txt
HTAR: a   instcat_y06_191126/job_log_01419412.txt
HTAR: a   instcat_y06_191126/job_log_01419413.txt
HTAR: a   instcat_y06_191126/job_log_01419414.txt
HTAR: a   instcat_y06_191126/job_log_01419415.txt
HTAR: a   instcat_y06_191126/job_log_01419416.txt
HTAR: a   instcat_y06_191126/job_log_01419417.txt
HTAR: a   instcat_y06_191126/job_log_01419418.txt
HTAR: a   instcat_y06_191126/job_log_01419419.txt
HTAR: a   instcat_y06_191126/job_log_01419429.txt
HTAR: a   instcat_y06_191126/job_log_01419430.txt
HTAR: a   instcat_y06_191126/job_log_01419431.txt
HTAR: a   instcat_y06_191126/job_log_01419432.txt
HTAR: a   instcat_y06_191126/job_log_01419433.txt
HTAR: a   instcat_y06_191126/job_log_01419434.txt
HTAR: a   instcat_y06_191126/job_log_01419435.txt
HTAR: a   instcat_y06_191126/job_log_01419436.txt
HTAR: a   instcat_y06_191126/job_log_01419452.txt
HTAR: a   instcat_y06_191126/job_log_01419453.txt
HTAR: a   instcat_y06_191126/job_log_01419454.txt
HTAR: a   instcat_y06_191126/job_log_01419455.txt
HTAR: a   instcat_y06_191126/job_log_01419456.txt
HTAR: a   instcat_y06_191126/job_log_01419458.txt
HTAR: a   instcat_y06_191126/job_log_01419465.txt
HTAR: a   instcat_y06_191126/job_log_01419466.txt
HTAR: a   instcat_y06_191126/job_log_01419467.txt
HTAR: a   instcat_y06_191126/job_log_01419468.txt
HTAR: a   instcat_y06_191126/job_log_01419469.txt
HTAR: a   instcat_y06_191126/job_log_01419470.txt
HTAR: a   instcat_y06_191126/job_log_01419473.txt
HTAR: a   instcat_y06_191126/job_log_01419474.txt
HTAR: a   instcat_y06_191126/job_log_01419475.txt
HTAR: a   instcat_y06_191126/job_log_01419476.txt
HTAR: a   instcat_y06_191126/job_log_01419477.txt
HTAR: a   instcat_y06_191126/job_log_01419478.txt
HTAR: a   instcat_y06_191126/job_log_01419479.txt
HTAR: a   instcat_y06_191126/job_log_01419487.txt
HTAR: a   instcat_y06_191126/job_log_01419489.txt
HTAR: a   instcat_y06_191126/job_log_01419490.txt
HTAR: a   instcat_y06_191126/job_log_01419507.txt
HTAR: a   instcat_y06_191126/job_log_01419508.txt
HTAR: a   instcat_y06_191126/job_log_01419509.txt
HTAR: a   instcat_y06_191126/job_log_01419510.txt
HTAR: a   instcat_y06_191126/job_log_01419511.txt
HTAR: a   instcat_y06_191126/job_log_01419523.txt
HTAR: a   instcat_y06_191126/job_log_01419524.txt
HTAR: a   instcat_y06_191126/job_log_01419530.txt
HTAR: a   instcat_y06_191126/job_log_01419531.txt
HTAR: a   instcat_y06_191126/job_log_01419548.txt
HTAR: a   instcat_y06_191126/job_log_01419549.txt
HTAR: a   instcat_y06_191126/job_log_01419550.txt
HTAR: a   instcat_y06_191126/job_log_01419551.txt
HTAR: a   instcat_y06_191126/job_log_01419552.txt
HTAR: a   instcat_y06_191126/job_log_01419561.txt
HTAR: a   /tmp/HTAR_CF_CHK_56514_1580791432
HTAR Create complete for /home/projects/desc/DC2_ImSim/Run2.2i/instCat/y06_191126/01418319to01419561.tar. 553,057,424,896 bytes written for 240 member files, max threads: 50 Transfer time: 3831.109 seconds (144.360 MB/s) wallclock/user/sys: 3832.133 4538.731 1812.447 seconds
HTAR: HTAR SUCCESSFUL
