HTAR: a   instcat_y06_191126/01466618.tar
HTAR: a   instcat_y06_191126/01466619.tar
HTAR: a   instcat_y06_191126/01466620.tar
HTAR: a   instcat_y06_191126/01466621.tar
HTAR: a   instcat_y06_191126/01466622.tar
HTAR: a   instcat_y06_191126/01466623.tar
HTAR: a   instcat_y06_191126/01466624.tar
HTAR: a   instcat_y06_191126/01466733.tar
HTAR: a   instcat_y06_191126/01466734.tar
HTAR: a   instcat_y06_191126/01466735.tar
HTAR: a   instcat_y06_191126/01466736.tar
HTAR: a   instcat_y06_191126/01466738.tar
HTAR: a   instcat_y06_191126/01466740.tar
HTAR: a   instcat_y06_191126/01466741.tar
HTAR: a   instcat_y06_191126/01466742.tar
HTAR: a   instcat_y06_191126/01466743.tar
HTAR: a   instcat_y06_191126/01466744.tar
HTAR: a   instcat_y06_191126/01466745.tar
HTAR: a   instcat_y06_191126/01466746.tar
HTAR: a   instcat_y06_191126/01466747.tar
HTAR: a   instcat_y06_191126/01466768.tar
HTAR: a   instcat_y06_191126/01466769.tar
HTAR: a   instcat_y06_191126/01466770.tar
HTAR: a   instcat_y06_191126/01466771.tar
HTAR: a   instcat_y06_191126/01466772.tar
HTAR: a   instcat_y06_191126/01466778.tar
HTAR: a   instcat_y06_191126/01466779.tar
HTAR: a   instcat_y06_191126/01466780.tar
HTAR: a   instcat_y06_191126/01466781.tar
HTAR: a   instcat_y06_191126/01466782.tar
HTAR: a   instcat_y06_191126/01466785.tar
HTAR: a   instcat_y06_191126/01466873.tar
HTAR: a   instcat_y06_191126/01466874.tar
HTAR: a   instcat_y06_191126/01467193.tar
HTAR: a   instcat_y06_191126/01467225.tar
HTAR: a   instcat_y06_191126/01467255.tar
HTAR: a   instcat_y06_191126/01467268.tar
HTAR: a   instcat_y06_191126/01467284.tar
HTAR: a   instcat_y06_191126/01467285.tar
HTAR: a   instcat_y06_191126/01467286.tar
HTAR: a   instcat_y06_191126/01467292.tar
HTAR: a   instcat_y06_191126/01467293.tar
HTAR: a   instcat_y06_191126/01467294.tar
HTAR: a   instcat_y06_191126/01467295.tar
HTAR: a   instcat_y06_191126/01467296.tar
HTAR: a   instcat_y06_191126/01467297.tar
HTAR: a   instcat_y06_191126/01467299.tar
HTAR: a   instcat_y06_191126/01467300.tar
HTAR: a   instcat_y06_191126/01467301.tar
HTAR: a   instcat_y06_191126/01467302.tar
HTAR: a   instcat_y06_191126/01467303.tar
HTAR: a   instcat_y06_191126/01467304.tar
HTAR: a   instcat_y06_191126/01467305.tar
HTAR: a   instcat_y06_191126/01467306.tar
HTAR: a   instcat_y06_191126/01467307.tar
HTAR: a   instcat_y06_191126/01467308.tar
HTAR: a   instcat_y06_191126/01467309.tar
HTAR: a   instcat_y06_191126/01467310.tar
HTAR: a   instcat_y06_191126/01467781.tar
HTAR: a   instcat_y06_191126/01468056.tar
HTAR: a   instcat_y06_191126/01468057.tar
HTAR: a   instcat_y06_191126/01468058.tar
HTAR: a   instcat_y06_191126/01468059.tar
HTAR: a   instcat_y06_191126/01468061.tar
HTAR: a   instcat_y06_191126/01468096.tar
HTAR: a   instcat_y06_191126/01468098.tar
HTAR: a   instcat_y06_191126/01468099.tar
HTAR: a   instcat_y06_191126/01468104.tar
HTAR: a   instcat_y06_191126/01468142.tar
HTAR: a   instcat_y06_191126/01468143.tar
HTAR: a   instcat_y06_191126/01468189.tar
HTAR: a   instcat_y06_191126/01468190.tar
HTAR: a   instcat_y06_191126/01468191.tar
HTAR: a   instcat_y06_191126/01468597.tar
HTAR: a   instcat_y06_191126/01468598.tar
HTAR: a   instcat_y06_191126/01468599.tar
HTAR: a   instcat_y06_191126/01468600.tar
HTAR: a   instcat_y06_191126/01468601.tar
HTAR: a   instcat_y06_191126/01468602.tar
HTAR: a   instcat_y06_191126/01468603.tar
HTAR: a   instcat_y06_191126/01468604.tar
HTAR: a   instcat_y06_191126/01468605.tar
HTAR: a   instcat_y06_191126/01468606.tar
HTAR: a   instcat_y06_191126/01468607.tar
HTAR: a   instcat_y06_191126/01468608.tar
HTAR: a   instcat_y06_191126/01468609.tar
HTAR: a   instcat_y06_191126/01468610.tar
HTAR: a   instcat_y06_191126/01468611.tar
HTAR: a   instcat_y06_191126/01468612.tar
HTAR: a   instcat_y06_191126/01468613.tar
HTAR: a   instcat_y06_191126/01468614.tar
HTAR: a   instcat_y06_191126/01468615.tar
HTAR: a   instcat_y06_191126/01468616.tar
HTAR: a   instcat_y06_191126/01468617.tar
HTAR: a   instcat_y06_191126/01468618.tar
HTAR: a   instcat_y06_191126/01468619.tar
HTAR: a   instcat_y06_191126/01468620.tar
HTAR: a   instcat_y06_191126/01468621.tar
HTAR: a   instcat_y06_191126/01468622.tar
HTAR: a   instcat_y06_191126/01468623.tar
HTAR: a   instcat_y06_191126/01468624.tar
HTAR: a   instcat_y06_191126/01468625.tar
HTAR: a   instcat_y06_191126/01468626.tar
HTAR: a   instcat_y06_191126/01468627.tar
HTAR: a   instcat_y06_191126/01468628.tar
HTAR: a   instcat_y06_191126/01468629.tar
HTAR: a   instcat_y06_191126/01468630.tar
HTAR: a   instcat_y06_191126/01468631.tar
HTAR: a   instcat_y06_191126/01468632.tar
HTAR: a   instcat_y06_191126/01468633.tar
HTAR: a   instcat_y06_191126/01468634.tar
HTAR: a   instcat_y06_191126/01468635.tar
HTAR: a   instcat_y06_191126/01468636.tar
HTAR: a   instcat_y06_191126/01468637.tar
HTAR: a   instcat_y06_191126/01468638.tar
HTAR: a   instcat_y06_191126/01468639.tar
HTAR: a   instcat_y06_191126/01468640.tar
HTAR: a   instcat_y06_191126/01468641.tar
HTAR: a   instcat_y06_191126/01468642.tar
HTAR: a   instcat_y06_191126/01468643.tar
HTAR: a   instcat_y06_191126/job_log_01466618.txt
HTAR: a   instcat_y06_191126/job_log_01466619.txt
HTAR: a   instcat_y06_191126/job_log_01466620.txt
HTAR: a   instcat_y06_191126/job_log_01466621.txt
HTAR: a   instcat_y06_191126/job_log_01466622.txt
HTAR: a   instcat_y06_191126/job_log_01466623.txt
HTAR: a   instcat_y06_191126/job_log_01466624.txt
HTAR: a   instcat_y06_191126/job_log_01466733.txt
HTAR: a   instcat_y06_191126/job_log_01466734.txt
HTAR: a   instcat_y06_191126/job_log_01466735.txt
HTAR: a   instcat_y06_191126/job_log_01466736.txt
HTAR: a   instcat_y06_191126/job_log_01466738.txt
HTAR: a   instcat_y06_191126/job_log_01466740.txt
HTAR: a   instcat_y06_191126/job_log_01466741.txt
HTAR: a   instcat_y06_191126/job_log_01466742.txt
HTAR: a   instcat_y06_191126/job_log_01466743.txt
HTAR: a   instcat_y06_191126/job_log_01466744.txt
HTAR: a   instcat_y06_191126/job_log_01466745.txt
HTAR: a   instcat_y06_191126/job_log_01466746.txt
HTAR: a   instcat_y06_191126/job_log_01466747.txt
HTAR: a   instcat_y06_191126/job_log_01466768.txt
HTAR: a   instcat_y06_191126/job_log_01466769.txt
HTAR: a   instcat_y06_191126/job_log_01466770.txt
HTAR: a   instcat_y06_191126/job_log_01466771.txt
HTAR: a   instcat_y06_191126/job_log_01466772.txt
HTAR: a   instcat_y06_191126/job_log_01466778.txt
HTAR: a   instcat_y06_191126/job_log_01466779.txt
HTAR: a   instcat_y06_191126/job_log_01466780.txt
HTAR: a   instcat_y06_191126/job_log_01466781.txt
HTAR: a   instcat_y06_191126/job_log_01466782.txt
HTAR: a   instcat_y06_191126/job_log_01466785.txt
HTAR: a   instcat_y06_191126/job_log_01466873.txt
HTAR: a   instcat_y06_191126/job_log_01466874.txt
HTAR: a   instcat_y06_191126/job_log_01467193.txt
HTAR: a   instcat_y06_191126/job_log_01467225.txt
HTAR: a   instcat_y06_191126/job_log_01467255.txt
HTAR: a   instcat_y06_191126/job_log_01467268.txt
HTAR: a   instcat_y06_191126/job_log_01467284.txt
HTAR: a   instcat_y06_191126/job_log_01467285.txt
HTAR: a   instcat_y06_191126/job_log_01467286.txt
HTAR: a   instcat_y06_191126/job_log_01467292.txt
HTAR: a   instcat_y06_191126/job_log_01467293.txt
HTAR: a   instcat_y06_191126/job_log_01467294.txt
HTAR: a   instcat_y06_191126/job_log_01467295.txt
HTAR: a   instcat_y06_191126/job_log_01467296.txt
HTAR: a   instcat_y06_191126/job_log_01467297.txt
HTAR: a   instcat_y06_191126/job_log_01467299.txt
HTAR: a   instcat_y06_191126/job_log_01467300.txt
HTAR: a   instcat_y06_191126/job_log_01467301.txt
HTAR: a   instcat_y06_191126/job_log_01467302.txt
HTAR: a   instcat_y06_191126/job_log_01467303.txt
HTAR: a   instcat_y06_191126/job_log_01467304.txt
HTAR: a   instcat_y06_191126/job_log_01467305.txt
HTAR: a   instcat_y06_191126/job_log_01467306.txt
HTAR: a   instcat_y06_191126/job_log_01467307.txt
HTAR: a   instcat_y06_191126/job_log_01467308.txt
HTAR: a   instcat_y06_191126/job_log_01467309.txt
HTAR: a   instcat_y06_191126/job_log_01467310.txt
HTAR: a   instcat_y06_191126/job_log_01467781.txt
HTAR: a   instcat_y06_191126/job_log_01468056.txt
HTAR: a   instcat_y06_191126/job_log_01468057.txt
HTAR: a   instcat_y06_191126/job_log_01468058.txt
HTAR: a   instcat_y06_191126/job_log_01468059.txt
HTAR: a   instcat_y06_191126/job_log_01468061.txt
HTAR: a   instcat_y06_191126/job_log_01468096.txt
HTAR: a   instcat_y06_191126/job_log_01468098.txt
HTAR: a   instcat_y06_191126/job_log_01468099.txt
HTAR: a   instcat_y06_191126/job_log_01468104.txt
HTAR: a   instcat_y06_191126/job_log_01468142.txt
HTAR: a   instcat_y06_191126/job_log_01468143.txt
HTAR: a   instcat_y06_191126/job_log_01468189.txt
HTAR: a   instcat_y06_191126/job_log_01468190.txt
HTAR: a   instcat_y06_191126/job_log_01468191.txt
HTAR: a   instcat_y06_191126/job_log_01468597.txt
HTAR: a   instcat_y06_191126/job_log_01468598.txt
HTAR: a   instcat_y06_191126/job_log_01468599.txt
HTAR: a   instcat_y06_191126/job_log_01468600.txt
HTAR: a   instcat_y06_191126/job_log_01468601.txt
HTAR: a   instcat_y06_191126/job_log_01468602.txt
HTAR: a   instcat_y06_191126/job_log_01468603.txt
HTAR: a   instcat_y06_191126/job_log_01468604.txt
HTAR: a   instcat_y06_191126/job_log_01468605.txt
HTAR: a   instcat_y06_191126/job_log_01468606.txt
HTAR: a   instcat_y06_191126/job_log_01468607.txt
HTAR: a   instcat_y06_191126/job_log_01468608.txt
HTAR: a   instcat_y06_191126/job_log_01468609.txt
HTAR: a   instcat_y06_191126/job_log_01468610.txt
HTAR: a   instcat_y06_191126/job_log_01468611.txt
HTAR: a   instcat_y06_191126/job_log_01468612.txt
HTAR: a   instcat_y06_191126/job_log_01468613.txt
HTAR: a   instcat_y06_191126/job_log_01468614.txt
HTAR: a   instcat_y06_191126/job_log_01468615.txt
HTAR: a   instcat_y06_191126/job_log_01468616.txt
HTAR: a   instcat_y06_191126/job_log_01468617.txt
HTAR: a   instcat_y06_191126/job_log_01468618.txt
HTAR: a   instcat_y06_191126/job_log_01468619.txt
HTAR: a   instcat_y06_191126/job_log_01468620.txt
HTAR: a   instcat_y06_191126/job_log_01468621.txt
HTAR: a   instcat_y06_191126/job_log_01468622.txt
HTAR: a   instcat_y06_191126/job_log_01468623.txt
HTAR: a   instcat_y06_191126/job_log_01468624.txt
HTAR: a   instcat_y06_191126/job_log_01468625.txt
HTAR: a   instcat_y06_191126/job_log_01468626.txt
HTAR: a   instcat_y06_191126/job_log_01468627.txt
HTAR: a   instcat_y06_191126/job_log_01468628.txt
HTAR: a   instcat_y06_191126/job_log_01468629.txt
HTAR: a   instcat_y06_191126/job_log_01468630.txt
HTAR: a   instcat_y06_191126/job_log_01468631.txt
HTAR: a   instcat_y06_191126/job_log_01468632.txt
HTAR: a   instcat_y06_191126/job_log_01468633.txt
HTAR: a   instcat_y06_191126/job_log_01468634.txt
HTAR: a   instcat_y06_191126/job_log_01468635.txt
HTAR: a   instcat_y06_191126/job_log_01468636.txt
HTAR: a   instcat_y06_191126/job_log_01468637.txt
HTAR: a   instcat_y06_191126/job_log_01468638.txt
HTAR: a   instcat_y06_191126/job_log_01468639.txt
HTAR: a   instcat_y06_191126/job_log_01468640.txt
HTAR: a   instcat_y06_191126/job_log_01468641.txt
HTAR: a   instcat_y06_191126/job_log_01468642.txt
HTAR: a   instcat_y06_191126/job_log_01468643.txt
HTAR: a   /tmp/HTAR_CF_CHK_47192_1580772102
HTAR Create complete for /home/projects/desc/DC2_ImSim/Run2.2i/instCat/y06_191126/01466618to01468643.tar. 553,690,256,896 bytes written for 240 member files, max threads: 50 Transfer time: 4458.111 seconds (124.198 MB/s) wallclock/user/sys: 4459.110 5271.808 2077.601 seconds
HTAR: HTAR SUCCESSFUL
HTAR: a   instcat_y06_191126/01468644.tar
HTAR: a   instcat_y06_191126/01468645.tar
HTAR: a   instcat_y06_191126/01468646.tar
HTAR: a   instcat_y06_191126/01468647.tar
HTAR: a   instcat_y06_191126/01468648.tar
HTAR: a   instcat_y06_191126/01468649.tar
HTAR: a   instcat_y06_191126/01468650.tar
HTAR: a   instcat_y06_191126/01468651.tar
HTAR: a   instcat_y06_191126/01468652.tar
HTAR: a   instcat_y06_191126/01468653.tar
HTAR: a   instcat_y06_191126/01468654.tar
HTAR: a   instcat_y06_191126/01468655.tar
HTAR: a   instcat_y06_191126/01468656.tar
HTAR: a   instcat_y06_191126/01468657.tar
HTAR: a   instcat_y06_191126/01468658.tar
HTAR: a   instcat_y06_191126/01468659.tar
HTAR: a   instcat_y06_191126/01468660.tar
HTAR: a   instcat_y06_191126/01468661.tar
HTAR: a   instcat_y06_191126/01468662.tar
HTAR: a   instcat_y06_191126/01468663.tar
HTAR: a   instcat_y06_191126/01468664.tar
HTAR: a   instcat_y06_191126/01468665.tar
HTAR: a   instcat_y06_191126/01468666.tar
HTAR: a   instcat_y06_191126/01468667.tar
HTAR: a   instcat_y06_191126/01468668.tar
HTAR: a   instcat_y06_191126/01468669.tar
HTAR: a   instcat_y06_191126/01468670.tar
HTAR: a   instcat_y06_191126/01468671.tar
HTAR: a   instcat_y06_191126/01468672.tar
HTAR: a   instcat_y06_191126/01468673.tar
HTAR: a   instcat_y06_191126/01468674.tar
HTAR: a   instcat_y06_191126/01468675.tar
HTAR: a   instcat_y06_191126/01468676.tar
HTAR: a   instcat_y06_191126/01468677.tar
HTAR: a   instcat_y06_191126/01468678.tar
HTAR: a   instcat_y06_191126/01468679.tar
HTAR: a   instcat_y06_191126/01468680.tar
HTAR: a   instcat_y06_191126/01468681.tar
HTAR: a   instcat_y06_191126/01468682.tar
HTAR: a   instcat_y06_191126/01468683.tar
HTAR: a   instcat_y06_191126/01468684.tar
HTAR: a   instcat_y06_191126/01468685.tar
HTAR: a   instcat_y06_191126/01468686.tar
HTAR: a   instcat_y06_191126/01468687.tar
HTAR: a   instcat_y06_191126/01468688.tar
HTAR: a   instcat_y06_191126/01468689.tar
HTAR: a   instcat_y06_191126/01468690.tar
HTAR: a   instcat_y06_191126/01468691.tar
HTAR: a   instcat_y06_191126/01468692.tar
HTAR: a   instcat_y06_191126/01468741.tar
HTAR: a   instcat_y06_191126/01468770.tar
HTAR: a   instcat_y06_191126/01468772.tar
HTAR: a   instcat_y06_191126/01468773.tar
HTAR: a   instcat_y06_191126/01468774.tar
HTAR: a   instcat_y06_191126/01468776.tar
HTAR: a   instcat_y06_191126/01468810.tar
HTAR: a   instcat_y06_191126/01468836.tar
HTAR: a   instcat_y06_191126/01468837.tar
HTAR: a   instcat_y06_191126/01468838.tar
HTAR: a   instcat_y06_191126/01468839.tar
HTAR: a   instcat_y06_191126/01468845.tar
HTAR: a   instcat_y06_191126/01468846.tar
HTAR: a   instcat_y06_191126/01468847.tar
HTAR: a   instcat_y06_191126/01468848.tar
HTAR: a   instcat_y06_191126/01468849.tar
HTAR: a   instcat_y06_191126/01468850.tar
HTAR: a   instcat_y06_191126/01468851.tar
HTAR: a   instcat_y06_191126/01468858.tar
HTAR: a   instcat_y06_191126/01468859.tar
HTAR: a   instcat_y06_191126/01468860.tar
HTAR: a   instcat_y06_191126/01468861.tar
HTAR: a   instcat_y06_191126/01468862.tar
HTAR: a   instcat_y06_191126/01468864.tar
HTAR: a   instcat_y06_191126/01468865.tar
HTAR: a   instcat_y06_191126/01468866.tar
HTAR: a   instcat_y06_191126/01468867.tar
HTAR: a   instcat_y06_191126/01468875.tar
HTAR: a   instcat_y06_191126/01468876.tar
HTAR: a   instcat_y06_191126/01468879.tar
HTAR: a   instcat_y06_191126/01468880.tar
HTAR: a   instcat_y06_191126/01468881.tar
HTAR: a   instcat_y06_191126/01468882.tar
HTAR: a   instcat_y06_191126/01468886.tar
HTAR: a   instcat_y06_191126/01468887.tar
HTAR: a   instcat_y06_191126/01468888.tar
HTAR: a   instcat_y06_191126/01468889.tar
HTAR: a   instcat_y06_191126/01468890.tar
HTAR: a   instcat_y06_191126/01468891.tar
HTAR: a   instcat_y06_191126/01468892.tar
HTAR: a   instcat_y06_191126/01468893.tar
HTAR: a   instcat_y06_191126/01468894.tar
HTAR: a   instcat_y06_191126/01468895.tar
HTAR: a   instcat_y06_191126/01468896.tar
HTAR: a   instcat_y06_191126/01468897.tar
HTAR: a   instcat_y06_191126/01468921.tar
HTAR: a   instcat_y06_191126/01468922.tar
HTAR: a   instcat_y06_191126/01468923.tar
HTAR: a   instcat_y06_191126/01468924.tar
HTAR: a   instcat_y06_191126/01468925.tar
HTAR: a   instcat_y06_191126/01468926.tar
HTAR: a   instcat_y06_191126/01468927.tar
HTAR: a   instcat_y06_191126/01468928.tar
HTAR: a   instcat_y06_191126/01469385.tar
HTAR: a   instcat_y06_191126/01469386.tar
HTAR: a   instcat_y06_191126/01469387.tar
HTAR: a   instcat_y06_191126/01469388.tar
HTAR: a   instcat_y06_191126/01469389.tar
HTAR: a   instcat_y06_191126/01469390.tar
HTAR: a   instcat_y06_191126/01469391.tar
HTAR: a   instcat_y06_191126/01469392.tar
HTAR: a   instcat_y06_191126/01469395.tar
HTAR: a   instcat_y06_191126/01469396.tar
HTAR: a   instcat_y06_191126/01469425.tar
HTAR: a   instcat_y06_191126/01469426.tar
HTAR: a   instcat_y06_191126/01469427.tar
HTAR: a   instcat_y06_191126/01469428.tar
HTAR: a   instcat_y06_191126/01469429.tar
HTAR: a   instcat_y06_191126/01469430.tar
HTAR: a   instcat_y06_191126/01469431.tar
HTAR: a   instcat_y06_191126/01469433.tar
HTAR: a   instcat_y06_191126/job_log_01468644.txt
HTAR: a   instcat_y06_191126/job_log_01468645.txt
HTAR: a   instcat_y06_191126/job_log_01468646.txt
HTAR: a   instcat_y06_191126/job_log_01468647.txt
HTAR: a   instcat_y06_191126/job_log_01468648.txt
HTAR: a   instcat_y06_191126/job_log_01468649.txt
HTAR: a   instcat_y06_191126/job_log_01468650.txt
HTAR: a   instcat_y06_191126/job_log_01468651.txt
HTAR: a   instcat_y06_191126/job_log_01468652.txt
HTAR: a   instcat_y06_191126/job_log_01468653.txt
HTAR: a   instcat_y06_191126/job_log_01468654.txt
HTAR: a   instcat_y06_191126/job_log_01468655.txt
HTAR: a   instcat_y06_191126/job_log_01468656.txt
HTAR: a   instcat_y06_191126/job_log_01468657.txt
HTAR: a   instcat_y06_191126/job_log_01468658.txt
HTAR: a   instcat_y06_191126/job_log_01468659.txt
HTAR: a   instcat_y06_191126/job_log_01468660.txt
HTAR: a   instcat_y06_191126/job_log_01468661.txt
HTAR: a   instcat_y06_191126/job_log_01468662.txt
HTAR: a   instcat_y06_191126/job_log_01468663.txt
HTAR: a   instcat_y06_191126/job_log_01468664.txt
HTAR: a   instcat_y06_191126/job_log_01468665.txt
HTAR: a   instcat_y06_191126/job_log_01468666.txt
HTAR: a   instcat_y06_191126/job_log_01468667.txt
HTAR: a   instcat_y06_191126/job_log_01468668.txt
HTAR: a   instcat_y06_191126/job_log_01468669.txt
HTAR: a   instcat_y06_191126/job_log_01468670.txt
HTAR: a   instcat_y06_191126/job_log_01468671.txt
HTAR: a   instcat_y06_191126/job_log_01468672.txt
HTAR: a   instcat_y06_191126/job_log_01468673.txt
HTAR: a   instcat_y06_191126/job_log_01468674.txt
HTAR: a   instcat_y06_191126/job_log_01468675.txt
HTAR: a   instcat_y06_191126/job_log_01468676.txt
HTAR: a   instcat_y06_191126/job_log_01468677.txt
HTAR: a   instcat_y06_191126/job_log_01468678.txt
HTAR: a   instcat_y06_191126/job_log_01468679.txt
HTAR: a   instcat_y06_191126/job_log_01468680.txt
HTAR: a   instcat_y06_191126/job_log_01468681.txt
HTAR: a   instcat_y06_191126/job_log_01468682.txt
HTAR: a   instcat_y06_191126/job_log_01468683.txt
HTAR: a   instcat_y06_191126/job_log_01468684.txt
HTAR: a   instcat_y06_191126/job_log_01468685.txt
HTAR: a   instcat_y06_191126/job_log_01468686.txt
HTAR: a   instcat_y06_191126/job_log_01468687.txt
HTAR: a   instcat_y06_191126/job_log_01468688.txt
HTAR: a   instcat_y06_191126/job_log_01468689.txt
HTAR: a   instcat_y06_191126/job_log_01468690.txt
HTAR: a   instcat_y06_191126/job_log_01468691.txt
HTAR: a   instcat_y06_191126/job_log_01468692.txt
HTAR: a   instcat_y06_191126/job_log_01468741.txt
HTAR: a   instcat_y06_191126/job_log_01468770.txt
HTAR: a   instcat_y06_191126/job_log_01468772.txt
HTAR: a   instcat_y06_191126/job_log_01468773.txt
HTAR: a   instcat_y06_191126/job_log_01468774.txt
HTAR: a   instcat_y06_191126/job_log_01468776.txt
HTAR: a   instcat_y06_191126/job_log_01468810.txt
HTAR: a   instcat_y06_191126/job_log_01468836.txt
HTAR: a   instcat_y06_191126/job_log_01468837.txt
HTAR: a   instcat_y06_191126/job_log_01468838.txt
HTAR: a   instcat_y06_191126/job_log_01468839.txt
HTAR: a   instcat_y06_191126/job_log_01468845.txt
HTAR: a   instcat_y06_191126/job_log_01468846.txt
HTAR: a   instcat_y06_191126/job_log_01468847.txt
HTAR: a   instcat_y06_191126/job_log_01468848.txt
HTAR: a   instcat_y06_191126/job_log_01468849.txt
HTAR: a   instcat_y06_191126/job_log_01468850.txt
HTAR: a   instcat_y06_191126/job_log_01468851.txt
HTAR: a   instcat_y06_191126/job_log_01468858.txt
HTAR: a   instcat_y06_191126/job_log_01468859.txt
HTAR: a   instcat_y06_191126/job_log_01468860.txt
HTAR: a   instcat_y06_191126/job_log_01468861.txt
HTAR: a   instcat_y06_191126/job_log_01468862.txt
HTAR: a   instcat_y06_191126/job_log_01468864.txt
HTAR: a   instcat_y06_191126/job_log_01468865.txt
HTAR: a   instcat_y06_191126/job_log_01468866.txt
HTAR: a   instcat_y06_191126/job_log_01468867.txt
HTAR: a   instcat_y06_191126/job_log_01468875.txt
HTAR: a   instcat_y06_191126/job_log_01468876.txt
HTAR: a   instcat_y06_191126/job_log_01468879.txt
HTAR: a   instcat_y06_191126/job_log_01468880.txt
HTAR: a   instcat_y06_191126/job_log_01468881.txt
HTAR: a   instcat_y06_191126/job_log_01468882.txt
HTAR: a   instcat_y06_191126/job_log_01468886.txt
HTAR: a   instcat_y06_191126/job_log_01468887.txt
HTAR: a   instcat_y06_191126/job_log_01468888.txt
HTAR: a   instcat_y06_191126/job_log_01468889.txt
HTAR: a   instcat_y06_191126/job_log_01468890.txt
HTAR: a   instcat_y06_191126/job_log_01468891.txt
HTAR: a   instcat_y06_191126/job_log_01468892.txt
HTAR: a   instcat_y06_191126/job_log_01468893.txt
HTAR: a   instcat_y06_191126/job_log_01468894.txt
HTAR: a   instcat_y06_191126/job_log_01468895.txt
HTAR: a   instcat_y06_191126/job_log_01468896.txt
HTAR: a   instcat_y06_191126/job_log_01468897.txt
HTAR: a   instcat_y06_191126/job_log_01468921.txt
HTAR: a   instcat_y06_191126/job_log_01468922.txt
HTAR: a   instcat_y06_191126/job_log_01468923.txt
HTAR: a   instcat_y06_191126/job_log_01468924.txt
HTAR: a   instcat_y06_191126/job_log_01468925.txt
HTAR: a   instcat_y06_191126/job_log_01468926.txt
HTAR: a   instcat_y06_191126/job_log_01468927.txt
HTAR: a   instcat_y06_191126/job_log_01468928.txt
HTAR: a   instcat_y06_191126/job_log_01469385.txt
HTAR: a   instcat_y06_191126/job_log_01469386.txt
HTAR: a   instcat_y06_191126/job_log_01469387.txt
HTAR: a   instcat_y06_191126/job_log_01469388.txt
HTAR: a   instcat_y06_191126/job_log_01469389.txt
HTAR: a   instcat_y06_191126/job_log_01469390.txt
HTAR: a   instcat_y06_191126/job_log_01469391.txt
HTAR: a   instcat_y06_191126/job_log_01469392.txt
HTAR: a   instcat_y06_191126/job_log_01469395.txt
HTAR: a   instcat_y06_191126/job_log_01469396.txt
HTAR: a   instcat_y06_191126/job_log_01469425.txt
HTAR: a   instcat_y06_191126/job_log_01469426.txt
HTAR: a   instcat_y06_191126/job_log_01469427.txt
HTAR: a   instcat_y06_191126/job_log_01469428.txt
HTAR: a   instcat_y06_191126/job_log_01469429.txt
HTAR: a   instcat_y06_191126/job_log_01469430.txt
HTAR: a   instcat_y06_191126/job_log_01469431.txt
HTAR: a   instcat_y06_191126/job_log_01469433.txt
HTAR: a   /tmp/HTAR_CF_CHK_37785_1580776563
HTAR Create complete for /home/projects/desc/DC2_ImSim/Run2.2i/instCat/y06_191126/01468644to01469433.tar. 535,408,190,976 bytes written for 240 member files, max threads: 50 Transfer time: 4088.582 seconds (130.952 MB/s) wallclock/user/sys: 4089.724 4879.219 1873.723 seconds
HTAR: HTAR SUCCESSFUL
HTAR: a   instcat_y06_191126/01469434.tar
HTAR: a   instcat_y06_191126/01469435.tar
HTAR: a   instcat_y06_191126/01469472.tar
HTAR: a   instcat_y06_191126/01469594.tar
HTAR: a   instcat_y06_191126/01469595.tar
HTAR: a   instcat_y06_191126/01469596.tar
HTAR: a   instcat_y06_191126/01469597.tar
HTAR: a   instcat_y06_191126/01469600.tar
HTAR: a   instcat_y06_191126/01469601.tar
HTAR: a   instcat_y06_191126/01469602.tar
HTAR: a   instcat_y06_191126/01469642.tar
HTAR: a   instcat_y06_191126/01469650.tar
HTAR: a   instcat_y06_191126/01469651.tar
HTAR: a   instcat_y06_191126/01469652.tar
HTAR: a   instcat_y06_191126/01469653.tar
HTAR: a   instcat_y06_191126/01469654.tar
HTAR: a   instcat_y06_191126/01469655.tar
HTAR: a   instcat_y06_191126/01469860.tar
HTAR: a   instcat_y06_191126/01469863.tar
HTAR: a   instcat_y06_191126/01469864.tar
HTAR: a   instcat_y06_191126/01469874.tar
HTAR: a   instcat_y06_191126/01469879.tar
HTAR: a   instcat_y06_191126/01469880.tar
HTAR: a   instcat_y06_191126/01469881.tar
HTAR: a   instcat_y06_191126/01469882.tar
HTAR: a   instcat_y06_191126/01470020.tar
HTAR: a   instcat_y06_191126/01470035.tar
HTAR: a   instcat_y06_191126/01470036.tar
HTAR: a   instcat_y06_191126/01470037.tar
HTAR: a   instcat_y06_191126/01470038.tar
HTAR: a   instcat_y06_191126/01470039.tar
HTAR: a   instcat_y06_191126/01470067.tar
HTAR: a   instcat_y06_191126/01470068.tar
HTAR: a   instcat_y06_191126/01470069.tar
HTAR: a   instcat_y06_191126/01470070.tar
HTAR: a   instcat_y06_191126/01470071.tar
HTAR: a   instcat_y06_191126/01470078.tar
HTAR: a   instcat_y06_191126/01470171.tar
HTAR: a   instcat_y06_191126/01470172.tar
HTAR: a   instcat_y06_191126/01470173.tar
HTAR: a   instcat_y06_191126/01470174.tar
HTAR: a   instcat_y06_191126/01470175.tar
HTAR: a   instcat_y06_191126/01470176.tar
HTAR: a   instcat_y06_191126/01470177.tar
HTAR: a   instcat_y06_191126/01470223.tar
HTAR: a   instcat_y06_191126/01470224.tar
HTAR: a   instcat_y06_191126/01470225.tar
HTAR: a   instcat_y06_191126/01470226.tar
HTAR: a   instcat_y06_191126/01470227.tar
HTAR: a   instcat_y06_191126/01470496.tar
HTAR: a   instcat_y06_191126/01470497.tar
HTAR: a   instcat_y06_191126/01470498.tar
HTAR: a   instcat_y06_191126/01470499.tar
HTAR: a   instcat_y06_191126/01470500.tar
HTAR: a   instcat_y06_191126/01470501.tar
HTAR: a   instcat_y06_191126/01470502.tar
HTAR: a   instcat_y06_191126/01470503.tar
HTAR: a   instcat_y06_191126/01470504.tar
HTAR: a   instcat_y06_191126/01470505.tar
HTAR: a   instcat_y06_191126/01470506.tar
HTAR: a   instcat_y06_191126/01470507.tar
HTAR: a   instcat_y06_191126/01470508.tar
HTAR: a   instcat_y06_191126/01470509.tar
HTAR: a   instcat_y06_191126/01470510.tar
HTAR: a   instcat_y06_191126/01470511.tar
HTAR: a   instcat_y06_191126/01470512.tar
HTAR: a   instcat_y06_191126/01470513.tar
HTAR: a   instcat_y06_191126/01470514.tar
HTAR: a   instcat_y06_191126/01470515.tar
HTAR: a   instcat_y06_191126/01470516.tar
HTAR: a   instcat_y06_191126/01470517.tar
HTAR: a   instcat_y06_191126/01470518.tar
HTAR: a   instcat_y06_191126/01470519.tar
HTAR: a   instcat_y06_191126/01470520.tar
HTAR: a   instcat_y06_191126/01470521.tar
HTAR: a   instcat_y06_191126/01470522.tar
HTAR: a   instcat_y06_191126/01470523.tar
HTAR: a   instcat_y06_191126/01470524.tar
HTAR: a   instcat_y06_191126/01470525.tar
HTAR: a   instcat_y06_191126/01470526.tar
HTAR: a   instcat_y06_191126/01470527.tar
HTAR: a   instcat_y06_191126/01470528.tar
HTAR: a   instcat_y06_191126/01470529.tar
HTAR: a   instcat_y06_191126/01470530.tar
HTAR: a   instcat_y06_191126/01470531.tar
HTAR: a   instcat_y06_191126/01470532.tar
HTAR: a   instcat_y06_191126/01470533.tar
HTAR: a   instcat_y06_191126/01470534.tar
HTAR: a   instcat_y06_191126/01470535.tar
HTAR: a   instcat_y06_191126/01470536.tar
HTAR: a   instcat_y06_191126/01470537.tar
HTAR: a   instcat_y06_191126/01470538.tar
HTAR: a   instcat_y06_191126/01470539.tar
HTAR: a   instcat_y06_191126/01470540.tar
HTAR: a   instcat_y06_191126/01470541.tar
HTAR: a   instcat_y06_191126/01470542.tar
HTAR: a   instcat_y06_191126/01470543.tar
HTAR: a   instcat_y06_191126/01470544.tar
HTAR: a   instcat_y06_191126/01470545.tar
HTAR: a   instcat_y06_191126/01470546.tar
HTAR: a   instcat_y06_191126/01470547.tar
HTAR: a   instcat_y06_191126/01470548.tar
HTAR: a   instcat_y06_191126/01470549.tar
HTAR: a   instcat_y06_191126/01470550.tar
HTAR: a   instcat_y06_191126/01470551.tar
HTAR: a   instcat_y06_191126/01470552.tar
HTAR: a   instcat_y06_191126/01470553.tar
HTAR: a   instcat_y06_191126/01470554.tar
HTAR: a   instcat_y06_191126/01470555.tar
HTAR: a   instcat_y06_191126/01470556.tar
HTAR: a   instcat_y06_191126/01470557.tar
HTAR: a   instcat_y06_191126/01470558.tar
HTAR: a   instcat_y06_191126/01470559.tar
HTAR: a   instcat_y06_191126/01470560.tar
HTAR: a   instcat_y06_191126/01470561.tar
HTAR: a   instcat_y06_191126/01470562.tar
HTAR: a   instcat_y06_191126/01470563.tar
HTAR: a   instcat_y06_191126/01470564.tar
HTAR: a   instcat_y06_191126/01470565.tar
HTAR: a   instcat_y06_191126/01470566.tar
HTAR: a   instcat_y06_191126/job_log_01469434.txt
HTAR: a   instcat_y06_191126/job_log_01469435.txt
HTAR: a   instcat_y06_191126/job_log_01469472.txt
HTAR: a   instcat_y06_191126/job_log_01469594.txt
HTAR: a   instcat_y06_191126/job_log_01469595.txt
HTAR: a   instcat_y06_191126/job_log_01469596.txt
HTAR: a   instcat_y06_191126/job_log_01469597.txt
HTAR: a   instcat_y06_191126/job_log_01469600.txt
HTAR: a   instcat_y06_191126/job_log_01469601.txt
HTAR: a   instcat_y06_191126/job_log_01469602.txt
HTAR: a   instcat_y06_191126/job_log_01469642.txt
HTAR: a   instcat_y06_191126/job_log_01469650.txt
HTAR: a   instcat_y06_191126/job_log_01469651.txt
HTAR: a   instcat_y06_191126/job_log_01469652.txt
HTAR: a   instcat_y06_191126/job_log_01469653.txt
HTAR: a   instcat_y06_191126/job_log_01469654.txt
HTAR: a   instcat_y06_191126/job_log_01469655.txt
HTAR: a   instcat_y06_191126/job_log_01469860.txt
HTAR: a   instcat_y06_191126/job_log_01469863.txt
HTAR: a   instcat_y06_191126/job_log_01469864.txt
HTAR: a   instcat_y06_191126/job_log_01469874.txt
HTAR: a   instcat_y06_191126/job_log_01469879.txt
HTAR: a   instcat_y06_191126/job_log_01469880.txt
HTAR: a   instcat_y06_191126/job_log_01469881.txt
HTAR: a   instcat_y06_191126/job_log_01469882.txt
HTAR: a   instcat_y06_191126/job_log_01470020.txt
HTAR: a   instcat_y06_191126/job_log_01470035.txt
HTAR: a   instcat_y06_191126/job_log_01470036.txt
HTAR: a   instcat_y06_191126/job_log_01470037.txt
HTAR: a   instcat_y06_191126/job_log_01470038.txt
HTAR: a   instcat_y06_191126/job_log_01470039.txt
HTAR: a   instcat_y06_191126/job_log_01470067.txt
HTAR: a   instcat_y06_191126/job_log_01470068.txt
HTAR: a   instcat_y06_191126/job_log_01470069.txt
HTAR: a   instcat_y06_191126/job_log_01470070.txt
HTAR: a   instcat_y06_191126/job_log_01470071.txt
HTAR: a   instcat_y06_191126/job_log_01470078.txt
HTAR: a   instcat_y06_191126/job_log_01470171.txt
HTAR: a   instcat_y06_191126/job_log_01470172.txt
HTAR: a   instcat_y06_191126/job_log_01470173.txt
HTAR: a   instcat_y06_191126/job_log_01470174.txt
HTAR: a   instcat_y06_191126/job_log_01470175.txt
HTAR: a   instcat_y06_191126/job_log_01470176.txt
HTAR: a   instcat_y06_191126/job_log_01470177.txt
HTAR: a   instcat_y06_191126/job_log_01470223.txt
HTAR: a   instcat_y06_191126/job_log_01470224.txt
HTAR: a   instcat_y06_191126/job_log_01470225.txt
HTAR: a   instcat_y06_191126/job_log_01470226.txt
HTAR: a   instcat_y06_191126/job_log_01470227.txt
HTAR: a   instcat_y06_191126/job_log_01470496.txt
HTAR: a   instcat_y06_191126/job_log_01470497.txt
HTAR: a   instcat_y06_191126/job_log_01470498.txt
HTAR: a   instcat_y06_191126/job_log_01470499.txt
HTAR: a   instcat_y06_191126/job_log_01470500.txt
HTAR: a   instcat_y06_191126/job_log_01470501.txt
HTAR: a   instcat_y06_191126/job_log_01470502.txt
HTAR: a   instcat_y06_191126/job_log_01470503.txt
HTAR: a   instcat_y06_191126/job_log_01470504.txt
HTAR: a   instcat_y06_191126/job_log_01470505.txt
HTAR: a   instcat_y06_191126/job_log_01470506.txt
HTAR: a   instcat_y06_191126/job_log_01470507.txt
HTAR: a   instcat_y06_191126/job_log_01470508.txt
HTAR: a   instcat_y06_191126/job_log_01470509.txt
HTAR: a   instcat_y06_191126/job_log_01470510.txt
HTAR: a   instcat_y06_191126/job_log_01470511.txt
HTAR: a   instcat_y06_191126/job_log_01470512.txt
HTAR: a   instcat_y06_191126/job_log_01470513.txt
HTAR: a   instcat_y06_191126/job_log_01470514.txt
HTAR: a   instcat_y06_191126/job_log_01470515.txt
HTAR: a   instcat_y06_191126/job_log_01470516.txt
HTAR: a   instcat_y06_191126/job_log_01470517.txt
HTAR: a   instcat_y06_191126/job_log_01470518.txt
HTAR: a   instcat_y06_191126/job_log_01470519.txt
HTAR: a   instcat_y06_191126/job_log_01470520.txt
HTAR: a   instcat_y06_191126/job_log_01470521.txt
HTAR: a   instcat_y06_191126/job_log_01470522.txt
HTAR: a   instcat_y06_191126/job_log_01470523.txt
HTAR: a   instcat_y06_191126/job_log_01470524.txt
HTAR: a   instcat_y06_191126/job_log_01470525.txt
HTAR: a   instcat_y06_191126/job_log_01470526.txt
HTAR: a   instcat_y06_191126/job_log_01470527.txt
HTAR: a   instcat_y06_191126/job_log_01470528.txt
HTAR: a   instcat_y06_191126/job_log_01470529.txt
HTAR: a   instcat_y06_191126/job_log_01470530.txt
HTAR: a   instcat_y06_191126/job_log_01470531.txt
HTAR: a   instcat_y06_191126/job_log_01470532.txt
HTAR: a   instcat_y06_191126/job_log_01470533.txt
HTAR: a   instcat_y06_191126/job_log_01470534.txt
HTAR: a   instcat_y06_191126/job_log_01470535.txt
HTAR: a   instcat_y06_191126/job_log_01470536.txt
HTAR: a   instcat_y06_191126/job_log_01470537.txt
HTAR: a   instcat_y06_191126/job_log_01470538.txt
HTAR: a   instcat_y06_191126/job_log_01470539.txt
HTAR: a   instcat_y06_191126/job_log_01470540.txt
HTAR: a   instcat_y06_191126/job_log_01470541.txt
HTAR: a   instcat_y06_191126/job_log_01470542.txt
HTAR: a   instcat_y06_191126/job_log_01470543.txt
HTAR: a   instcat_y06_191126/job_log_01470544.txt
HTAR: a   instcat_y06_191126/job_log_01470545.txt
HTAR: a   instcat_y06_191126/job_log_01470546.txt
HTAR: a   instcat_y06_191126/job_log_01470547.txt
HTAR: a   instcat_y06_191126/job_log_01470548.txt
HTAR: a   instcat_y06_191126/job_log_01470549.txt
HTAR: a   instcat_y06_191126/job_log_01470550.txt
HTAR: a   instcat_y06_191126/job_log_01470551.txt
HTAR: a   instcat_y06_191126/job_log_01470552.txt
HTAR: a   instcat_y06_191126/job_log_01470553.txt
HTAR: a   instcat_y06_191126/job_log_01470554.txt
HTAR: a   instcat_y06_191126/job_log_01470555.txt
HTAR: a   instcat_y06_191126/job_log_01470556.txt
HTAR: a   instcat_y06_191126/job_log_01470557.txt
HTAR: a   instcat_y06_191126/job_log_01470558.txt
HTAR: a   instcat_y06_191126/job_log_01470559.txt
HTAR: a   instcat_y06_191126/job_log_01470560.txt
HTAR: a   instcat_y06_191126/job_log_01470561.txt
HTAR: a   instcat_y06_191126/job_log_01470562.txt
HTAR: a   instcat_y06_191126/job_log_01470563.txt
HTAR: a   instcat_y06_191126/job_log_01470564.txt
HTAR: a   instcat_y06_191126/job_log_01470565.txt
HTAR: a   instcat_y06_191126/job_log_01470566.txt
HTAR: a   /tmp/HTAR_CF_CHK_3875_1580780656
HTAR Create complete for /home/projects/desc/DC2_ImSim/Run2.2i/instCat/y06_191126/01469434to01470566.tar. 564,176,723,456 bytes written for 240 member files, max threads: 50 Transfer time: 4126.046 seconds (136.735 MB/s) wallclock/user/sys: 4127.601 4828.958 1783.489 seconds
HTAR: HTAR SUCCESSFUL
HTAR: a   instcat_y06_191126/01470567.tar
HTAR: a   instcat_y06_191126/01470568.tar
HTAR: a   instcat_y06_191126/01470569.tar
HTAR: a   instcat_y06_191126/01470570.tar
HTAR: a   instcat_y06_191126/01470571.tar
HTAR: a   instcat_y06_191126/01470572.tar
HTAR: a   instcat_y06_191126/01470573.tar
HTAR: a   instcat_y06_191126/01470574.tar
HTAR: a   instcat_y06_191126/01470575.tar
HTAR: a   instcat_y06_191126/01470576.tar
HTAR: a   instcat_y06_191126/01470577.tar
HTAR: a   instcat_y06_191126/01470578.tar
HTAR: a   instcat_y06_191126/01470579.tar
HTAR: a   instcat_y06_191126/01470580.tar
HTAR: a   instcat_y06_191126/01470581.tar
HTAR: a   instcat_y06_191126/01470582.tar
HTAR: a   instcat_y06_191126/01470583.tar
HTAR: a   instcat_y06_191126/01470584.tar
HTAR: a   instcat_y06_191126/01470585.tar
HTAR: a   instcat_y06_191126/01470586.tar
HTAR: a   instcat_y06_191126/01470587.tar
HTAR: a   instcat_y06_191126/01470588.tar
HTAR: a   instcat_y06_191126/01470589.tar
HTAR: a   instcat_y06_191126/01470590.tar
HTAR: a   instcat_y06_191126/01470591.tar
HTAR: a   instcat_y06_191126/01470911.tar
HTAR: a   instcat_y06_191126/01470912.tar
HTAR: a   instcat_y06_191126/01470915.tar
HTAR: a   instcat_y06_191126/01470916.tar
HTAR: a   instcat_y06_191126/01470917.tar
HTAR: a   instcat_y06_191126/01470918.tar
HTAR: a   instcat_y06_191126/01470919.tar
HTAR: a   instcat_y06_191126/01470920.tar
HTAR: a   instcat_y06_191126/01470921.tar
HTAR: a   instcat_y06_191126/01470922.tar
HTAR: a   instcat_y06_191126/01470923.tar
HTAR: a   instcat_y06_191126/01470924.tar
HTAR: a   instcat_y06_191126/01470938.tar
HTAR: a   instcat_y06_191126/01470939.tar
HTAR: a   instcat_y06_191126/01470940.tar
HTAR: a   instcat_y06_191126/01470941.tar
HTAR: a   instcat_y06_191126/01470942.tar
HTAR: a   instcat_y06_191126/01470943.tar
HTAR: a   instcat_y06_191126/01470944.tar
HTAR: a   instcat_y06_191126/01470945.tar
HTAR: a   instcat_y06_191126/01470946.tar
HTAR: a   instcat_y06_191126/01470947.tar
HTAR: a   instcat_y06_191126/01470948.tar
HTAR: a   instcat_y06_191126/01470949.tar
HTAR: a   instcat_y06_191126/01470950.tar
HTAR: a   instcat_y06_191126/01470951.tar
HTAR: a   instcat_y06_191126/01470952.tar
HTAR: a   instcat_y06_191126/01470953.tar
HTAR: a   instcat_y06_191126/01470954.tar
HTAR: a   instcat_y06_191126/01470955.tar
HTAR: a   instcat_y06_191126/01470956.tar
HTAR: a   instcat_y06_191126/01470957.tar
HTAR: a   instcat_y06_191126/01470959.tar
HTAR: a   instcat_y06_191126/01470961.tar
HTAR: a   instcat_y06_191126/01470964.tar
HTAR: a   instcat_y06_191126/01470965.tar
HTAR: a   instcat_y06_191126/01470966.tar
HTAR: a   instcat_y06_191126/01470967.tar
HTAR: a   instcat_y06_191126/01470968.tar
HTAR: a   instcat_y06_191126/01471398.tar
HTAR: a   instcat_y06_191126/01471399.tar
HTAR: a   instcat_y06_191126/01471400.tar
HTAR: a   instcat_y06_191126/01471401.tar
HTAR: a   instcat_y06_191126/01471402.tar
HTAR: a   instcat_y06_191126/01471403.tar
HTAR: a   instcat_y06_191126/01471404.tar
HTAR: a   instcat_y06_191126/01471405.tar
HTAR: a   instcat_y06_191126/01471406.tar
HTAR: a   instcat_y06_191126/01471407.tar
HTAR: a   instcat_y06_191126/01471408.tar
HTAR: a   instcat_y06_191126/01471409.tar
HTAR: a   instcat_y06_191126/01471410.tar
HTAR: a   instcat_y06_191126/01471411.tar
HTAR: a   instcat_y06_191126/01471412.tar
HTAR: a   instcat_y06_191126/01471413.tar
HTAR: a   instcat_y06_191126/01471414.tar
HTAR: a   instcat_y06_191126/01471415.tar
HTAR: a   instcat_y06_191126/01471416.tar
HTAR: a   instcat_y06_191126/01471417.tar
HTAR: a   instcat_y06_191126/01471418.tar
HTAR: a   instcat_y06_191126/01471419.tar
HTAR: a   instcat_y06_191126/01471420.tar
HTAR: a   instcat_y06_191126/01471423.tar
HTAR: a   instcat_y06_191126/01471424.tar
HTAR: a   instcat_y06_191126/01471425.tar
HTAR: a   instcat_y06_191126/01471426.tar
HTAR: a   instcat_y06_191126/01471464.tar
HTAR: a   instcat_y06_191126/01471465.tar
HTAR: a   instcat_y06_191126/01471466.tar
HTAR: a   instcat_y06_191126/01471467.tar
HTAR: a   instcat_y06_191126/01471471.tar
HTAR: a   instcat_y06_191126/01471472.tar
HTAR: a   instcat_y06_191126/01471705.tar
HTAR: a   instcat_y06_191126/01471706.tar
HTAR: a   instcat_y06_191126/01471710.tar
HTAR: a   instcat_y06_191126/01471711.tar
HTAR: a   instcat_y06_191126/01471712.tar
HTAR: a   instcat_y06_191126/01471713.tar
HTAR: a   instcat_y06_191126/01471714.tar
HTAR: a   instcat_y06_191126/01471715.tar
HTAR: a   instcat_y06_191126/01471716.tar
HTAR: a   instcat_y06_191126/01471717.tar
HTAR: a   instcat_y06_191126/01471727.tar
HTAR: a   instcat_y06_191126/01471728.tar
HTAR: a   instcat_y06_191126/01471735.tar
HTAR: a   instcat_y06_191126/01472110.tar
HTAR: a   instcat_y06_191126/01472111.tar
HTAR: a   instcat_y06_191126/01472112.tar
HTAR: a   instcat_y06_191126/01472113.tar
HTAR: a   instcat_y06_191126/01472114.tar
HTAR: a   instcat_y06_191126/01472115.tar
HTAR: a   instcat_y06_191126/01472116.tar
HTAR: a   instcat_y06_191126/01472117.tar
HTAR: a   instcat_y06_191126/01472118.tar
HTAR: a   instcat_y06_191126/01472119.tar
HTAR: a   instcat_y06_191126/job_log_01470567.txt
HTAR: a   instcat_y06_191126/job_log_01470568.txt
HTAR: a   instcat_y06_191126/job_log_01470569.txt
HTAR: a   instcat_y06_191126/job_log_01470570.txt
HTAR: a   instcat_y06_191126/job_log_01470571.txt
HTAR: a   instcat_y06_191126/job_log_01470572.txt
HTAR: a   instcat_y06_191126/job_log_01470573.txt
HTAR: a   instcat_y06_191126/job_log_01470574.txt
HTAR: a   instcat_y06_191126/job_log_01470575.txt
HTAR: a   instcat_y06_191126/job_log_01470576.txt
HTAR: a   instcat_y06_191126/job_log_01470577.txt
HTAR: a   instcat_y06_191126/job_log_01470578.txt
HTAR: a   instcat_y06_191126/job_log_01470579.txt
HTAR: a   instcat_y06_191126/job_log_01470580.txt
HTAR: a   instcat_y06_191126/job_log_01470581.txt
HTAR: a   instcat_y06_191126/job_log_01470582.txt
HTAR: a   instcat_y06_191126/job_log_01470583.txt
HTAR: a   instcat_y06_191126/job_log_01470584.txt
HTAR: a   instcat_y06_191126/job_log_01470585.txt
HTAR: a   instcat_y06_191126/job_log_01470586.txt
HTAR: a   instcat_y06_191126/job_log_01470587.txt
HTAR: a   instcat_y06_191126/job_log_01470588.txt
HTAR: a   instcat_y06_191126/job_log_01470589.txt
HTAR: a   instcat_y06_191126/job_log_01470590.txt
HTAR: a   instcat_y06_191126/job_log_01470591.txt
HTAR: a   instcat_y06_191126/job_log_01470911.txt
HTAR: a   instcat_y06_191126/job_log_01470912.txt
HTAR: a   instcat_y06_191126/job_log_01470915.txt
HTAR: a   instcat_y06_191126/job_log_01470916.txt
HTAR: a   instcat_y06_191126/job_log_01470917.txt
HTAR: a   instcat_y06_191126/job_log_01470918.txt
HTAR: a   instcat_y06_191126/job_log_01470919.txt
HTAR: a   instcat_y06_191126/job_log_01470920.txt
HTAR: a   instcat_y06_191126/job_log_01470921.txt
HTAR: a   instcat_y06_191126/job_log_01470922.txt
HTAR: a   instcat_y06_191126/job_log_01470923.txt
HTAR: a   instcat_y06_191126/job_log_01470924.txt
HTAR: a   instcat_y06_191126/job_log_01470938.txt
HTAR: a   instcat_y06_191126/job_log_01470939.txt
HTAR: a   instcat_y06_191126/job_log_01470940.txt
HTAR: a   instcat_y06_191126/job_log_01470941.txt
HTAR: a   instcat_y06_191126/job_log_01470942.txt
HTAR: a   instcat_y06_191126/job_log_01470943.txt
HTAR: a   instcat_y06_191126/job_log_01470944.txt
HTAR: a   instcat_y06_191126/job_log_01470945.txt
HTAR: a   instcat_y06_191126/job_log_01470946.txt
HTAR: a   instcat_y06_191126/job_log_01470947.txt
HTAR: a   instcat_y06_191126/job_log_01470948.txt
HTAR: a   instcat_y06_191126/job_log_01470949.txt
HTAR: a   instcat_y06_191126/job_log_01470950.txt
HTAR: a   instcat_y06_191126/job_log_01470951.txt
HTAR: a   instcat_y06_191126/job_log_01470952.txt
HTAR: a   instcat_y06_191126/job_log_01470953.txt
HTAR: a   instcat_y06_191126/job_log_01470954.txt
HTAR: a   instcat_y06_191126/job_log_01470955.txt
HTAR: a   instcat_y06_191126/job_log_01470956.txt
HTAR: a   instcat_y06_191126/job_log_01470957.txt
HTAR: a   instcat_y06_191126/job_log_01470959.txt
HTAR: a   instcat_y06_191126/job_log_01470961.txt
HTAR: a   instcat_y06_191126/job_log_01470964.txt
HTAR: a   instcat_y06_191126/job_log_01470965.txt
HTAR: a   instcat_y06_191126/job_log_01470966.txt
HTAR: a   instcat_y06_191126/job_log_01470967.txt
HTAR: a   instcat_y06_191126/job_log_01470968.txt
HTAR: a   instcat_y06_191126/job_log_01471398.txt
HTAR: a   instcat_y06_191126/job_log_01471399.txt
HTAR: a   instcat_y06_191126/job_log_01471400.txt
HTAR: a   instcat_y06_191126/job_log_01471401.txt
HTAR: a   instcat_y06_191126/job_log_01471402.txt
HTAR: a   instcat_y06_191126/job_log_01471403.txt
HTAR: a   instcat_y06_191126/job_log_01471404.txt
HTAR: a   instcat_y06_191126/job_log_01471405.txt
HTAR: a   instcat_y06_191126/job_log_01471406.txt
HTAR: a   instcat_y06_191126/job_log_01471407.txt
HTAR: a   instcat_y06_191126/job_log_01471408.txt
HTAR: a   instcat_y06_191126/job_log_01471409.txt
HTAR: a   instcat_y06_191126/job_log_01471410.txt
HTAR: a   instcat_y06_191126/job_log_01471411.txt
HTAR: a   instcat_y06_191126/job_log_01471412.txt
HTAR: a   instcat_y06_191126/job_log_01471413.txt
HTAR: a   instcat_y06_191126/job_log_01471414.txt
HTAR: a   instcat_y06_191126/job_log_01471415.txt
HTAR: a   instcat_y06_191126/job_log_01471416.txt
HTAR: a   instcat_y06_191126/job_log_01471417.txt
HTAR: a   instcat_y06_191126/job_log_01471418.txt
HTAR: a   instcat_y06_191126/job_log_01471419.txt
HTAR: a   instcat_y06_191126/job_log_01471420.txt
HTAR: a   instcat_y06_191126/job_log_01471423.txt
HTAR: a   instcat_y06_191126/job_log_01471424.txt
HTAR: a   instcat_y06_191126/job_log_01471425.txt
HTAR: a   instcat_y06_191126/job_log_01471426.txt
HTAR: a   instcat_y06_191126/job_log_01471464.txt
HTAR: a   instcat_y06_191126/job_log_01471465.txt
HTAR: a   instcat_y06_191126/job_log_01471466.txt
HTAR: a   instcat_y06_191126/job_log_01471467.txt
HTAR: a   instcat_y06_191126/job_log_01471471.txt
HTAR: a   instcat_y06_191126/job_log_01471472.txt
HTAR: a   instcat_y06_191126/job_log_01471705.txt
HTAR: a   instcat_y06_191126/job_log_01471706.txt
HTAR: a   instcat_y06_191126/job_log_01471710.txt
HTAR: a   instcat_y06_191126/job_log_01471711.txt
HTAR: a   instcat_y06_191126/job_log_01471712.txt
HTAR: a   instcat_y06_191126/job_log_01471713.txt
HTAR: a   instcat_y06_191126/job_log_01471714.txt
HTAR: a   instcat_y06_191126/job_log_01471715.txt
HTAR: a   instcat_y06_191126/job_log_01471716.txt
HTAR: a   instcat_y06_191126/job_log_01471717.txt
HTAR: a   instcat_y06_191126/job_log_01471727.txt
HTAR: a   instcat_y06_191126/job_log_01471728.txt
HTAR: a   instcat_y06_191126/job_log_01471735.txt
HTAR: a   instcat_y06_191126/job_log_01472110.txt
HTAR: a   instcat_y06_191126/job_log_01472111.txt
HTAR: a   instcat_y06_191126/job_log_01472112.txt
HTAR: a   instcat_y06_191126/job_log_01472113.txt
HTAR: a   instcat_y06_191126/job_log_01472114.txt
HTAR: a   instcat_y06_191126/job_log_01472115.txt
HTAR: a   instcat_y06_191126/job_log_01472116.txt
HTAR: a   instcat_y06_191126/job_log_01472117.txt
HTAR: a   instcat_y06_191126/job_log_01472118.txt
HTAR: a   instcat_y06_191126/job_log_01472119.txt
HTAR: a   /tmp/HTAR_CF_CHK_29010_1580784788
HTAR Create complete for /home/projects/desc/DC2_ImSim/Run2.2i/instCat/y06_191126/01470567to01472119.tar. 549,441,179,136 bytes written for 240 member files, max threads: 50 Transfer time: 3976.109 seconds (138.186 MB/s) wallclock/user/sys: 3978.198 4704.758 1762.462 seconds
HTAR: HTAR SUCCESSFUL
HTAR: a   instcat_y06_191126/01472120.tar
HTAR: a   instcat_y06_191126/01472121.tar
HTAR: a   instcat_y06_191126/01472122.tar
HTAR: a   instcat_y06_191126/01472123.tar
HTAR: a   instcat_y06_191126/01472124.tar
HTAR: a   instcat_y06_191126/01472125.tar
HTAR: a   instcat_y06_191126/01472126.tar
HTAR: a   instcat_y06_191126/01472127.tar
HTAR: a   instcat_y06_191126/01472128.tar
HTAR: a   instcat_y06_191126/01472129.tar
HTAR: a   instcat_y06_191126/01472158.tar
HTAR: a   instcat_y06_191126/01472164.tar
HTAR: a   instcat_y06_191126/01472173.tar
HTAR: a   instcat_y06_191126/01472174.tar
HTAR: a   instcat_y06_191126/01472175.tar
HTAR: a   instcat_y06_191126/01472176.tar
HTAR: a   instcat_y06_191126/01472177.tar
HTAR: a   instcat_y06_191126/01472178.tar
HTAR: a   instcat_y06_191126/01472224.tar
HTAR: a   instcat_y06_191126/01472225.tar
HTAR: a   instcat_y06_191126/01472326.tar
HTAR: a   instcat_y06_191126/01472759.tar
HTAR: a   instcat_y06_191126/01472760.tar
HTAR: a   instcat_y06_191126/01472761.tar
HTAR: a   instcat_y06_191126/01472762.tar
HTAR: a   instcat_y06_191126/01472763.tar
HTAR: a   instcat_y06_191126/01472764.tar
HTAR: a   instcat_y06_191126/01472765.tar
HTAR: a   instcat_y06_191126/01472766.tar
HTAR: a   instcat_y06_191126/01472767.tar
HTAR: a   instcat_y06_191126/01472768.tar
HTAR: a   instcat_y06_191126/01472769.tar
HTAR: a   instcat_y06_191126/01472770.tar
HTAR: a   instcat_y06_191126/01472771.tar
HTAR: a   instcat_y06_191126/01472772.tar
HTAR: a   instcat_y06_191126/01472773.tar
HTAR: a   instcat_y06_191126/01472774.tar
HTAR: a   instcat_y06_191126/01472775.tar
HTAR: a   instcat_y06_191126/01472776.tar
HTAR: a   instcat_y06_191126/01472777.tar
HTAR: a   instcat_y06_191126/01472778.tar
HTAR: a   instcat_y06_191126/01472926.tar
HTAR: a   instcat_y06_191126/01472927.tar
HTAR: a   instcat_y06_191126/01472948.tar
HTAR: a   instcat_y06_191126/01472949.tar
HTAR: a   instcat_y06_191126/01473429.tar
HTAR: a   instcat_y06_191126/01473430.tar
HTAR: a   instcat_y06_191126/01473431.tar
HTAR: a   instcat_y06_191126/01473432.tar
HTAR: a   instcat_y06_191126/01473433.tar
HTAR: a   instcat_y06_191126/01473434.tar
HTAR: a   instcat_y06_191126/01473435.tar
HTAR: a   instcat_y06_191126/01473436.tar
HTAR: a   instcat_y06_191126/01473437.tar
HTAR: a   instcat_y06_191126/01473438.tar
HTAR: a   instcat_y06_191126/01473439.tar
HTAR: a   instcat_y06_191126/01473440.tar
HTAR: a   instcat_y06_191126/01473441.tar
HTAR: a   instcat_y06_191126/01473442.tar
HTAR: a   instcat_y06_191126/01473443.tar
HTAR: a   instcat_y06_191126/01473444.tar
HTAR: a   instcat_y06_191126/01473445.tar
HTAR: a   instcat_y06_191126/01473446.tar
HTAR: a   instcat_y06_191126/01473447.tar
HTAR: a   instcat_y06_191126/01473448.tar
HTAR: a   instcat_y06_191126/01473613.tar
HTAR: a   instcat_y06_191126/01473643.tar
HTAR: a   instcat_y06_191126/01473645.tar
HTAR: a   instcat_y06_191126/01473647.tar
HTAR: a   instcat_y06_191126/01473648.tar
HTAR: a   instcat_y06_191126/01473664.tar
HTAR: a   instcat_y06_191126/01473665.tar
HTAR: a   instcat_y06_191126/01473679.tar
HTAR: a   instcat_y06_191126/01473680.tar
HTAR: a   instcat_y06_191126/01473685.tar
HTAR: a   instcat_y06_191126/01473703.tar
HTAR: a   instcat_y06_191126/01473704.tar
HTAR: a   instcat_y06_191126/01474117.tar
HTAR: a   instcat_y06_191126/01474118.tar
HTAR: a   instcat_y06_191126/01474119.tar
HTAR: a   instcat_y06_191126/01474120.tar
HTAR: a   instcat_y06_191126/01474121.tar
HTAR: a   instcat_y06_191126/01474122.tar
HTAR: a   instcat_y06_191126/01474123.tar
HTAR: a   instcat_y06_191126/01474124.tar
HTAR: a   instcat_y06_191126/01474125.tar
HTAR: a   instcat_y06_191126/01474126.tar
HTAR: a   instcat_y06_191126/01474127.tar
HTAR: a   instcat_y06_191126/01474128.tar
HTAR: a   instcat_y06_191126/01474129.tar
HTAR: a   instcat_y06_191126/01474130.tar
HTAR: a   instcat_y06_191126/01474131.tar
HTAR: a   instcat_y06_191126/01474132.tar
HTAR: a   instcat_y06_191126/01474133.tar
HTAR: a   instcat_y06_191126/01474134.tar
HTAR: a   instcat_y06_191126/01474135.tar
HTAR: a   instcat_y06_191126/01474136.tar
HTAR: a   instcat_y06_191126/01474165.tar
HTAR: a   instcat_y06_191126/01474214.tar
HTAR: a   instcat_y06_191126/01474215.tar
HTAR: a   instcat_y06_191126/01474785.tar
HTAR: a   instcat_y06_191126/01474786.tar
HTAR: a   instcat_y06_191126/01474787.tar
HTAR: a   instcat_y06_191126/01474788.tar
HTAR: a   instcat_y06_191126/01474789.tar
HTAR: a   instcat_y06_191126/01474790.tar
HTAR: a   instcat_y06_191126/01474791.tar
HTAR: a   instcat_y06_191126/01474792.tar
HTAR: a   instcat_y06_191126/01474793.tar
HTAR: a   instcat_y06_191126/01474794.tar
HTAR: a   instcat_y06_191126/01474795.tar
HTAR: a   instcat_y06_191126/01474796.tar
HTAR: a   instcat_y06_191126/01474797.tar
HTAR: a   instcat_y06_191126/01474798.tar
HTAR: a   instcat_y06_191126/01474799.tar
HTAR: a   instcat_y06_191126/01474800.tar
HTAR: a   instcat_y06_191126/01474801.tar
HTAR: a   instcat_y06_191126/01474802.tar
HTAR: a   instcat_y06_191126/01474803.tar
HTAR: a   instcat_y06_191126/01474804.tar
HTAR: a   instcat_y06_191126/job_log_01472120.txt
HTAR: a   instcat_y06_191126/job_log_01472121.txt
HTAR: a   instcat_y06_191126/job_log_01472122.txt
HTAR: a   instcat_y06_191126/job_log_01472123.txt
HTAR: a   instcat_y06_191126/job_log_01472124.txt
HTAR: a   instcat_y06_191126/job_log_01472125.txt
HTAR: a   instcat_y06_191126/job_log_01472126.txt
HTAR: a   instcat_y06_191126/job_log_01472127.txt
HTAR: a   instcat_y06_191126/job_log_01472128.txt
HTAR: a   instcat_y06_191126/job_log_01472129.txt
HTAR: a   instcat_y06_191126/job_log_01472158.txt
HTAR: a   instcat_y06_191126/job_log_01472164.txt
HTAR: a   instcat_y06_191126/job_log_01472173.txt
HTAR: a   instcat_y06_191126/job_log_01472174.txt
HTAR: a   instcat_y06_191126/job_log_01472175.txt
HTAR: a   instcat_y06_191126/job_log_01472176.txt
HTAR: a   instcat_y06_191126/job_log_01472177.txt
HTAR: a   instcat_y06_191126/job_log_01472178.txt
HTAR: a   instcat_y06_191126/job_log_01472224.txt
HTAR: a   instcat_y06_191126/job_log_01472225.txt
HTAR: a   instcat_y06_191126/job_log_01472326.txt
HTAR: a   instcat_y06_191126/job_log_01472759.txt
HTAR: a   instcat_y06_191126/job_log_01472760.txt
HTAR: a   instcat_y06_191126/job_log_01472761.txt
HTAR: a   instcat_y06_191126/job_log_01472762.txt
HTAR: a   instcat_y06_191126/job_log_01472763.txt
HTAR: a   instcat_y06_191126/job_log_01472764.txt
HTAR: a   instcat_y06_191126/job_log_01472765.txt
HTAR: a   instcat_y06_191126/job_log_01472766.txt
HTAR: a   instcat_y06_191126/job_log_01472767.txt
HTAR: a   instcat_y06_191126/job_log_01472768.txt
HTAR: a   instcat_y06_191126/job_log_01472769.txt
HTAR: a   instcat_y06_191126/job_log_01472770.txt
HTAR: a   instcat_y06_191126/job_log_01472771.txt
HTAR: a   instcat_y06_191126/job_log_01472772.txt
HTAR: a   instcat_y06_191126/job_log_01472773.txt
HTAR: a   instcat_y06_191126/job_log_01472774.txt
HTAR: a   instcat_y06_191126/job_log_01472775.txt
HTAR: a   instcat_y06_191126/job_log_01472776.txt
HTAR: a   instcat_y06_191126/job_log_01472777.txt
HTAR: a   instcat_y06_191126/job_log_01472778.txt
HTAR: a   instcat_y06_191126/job_log_01472926.txt
HTAR: a   instcat_y06_191126/job_log_01472927.txt
HTAR: a   instcat_y06_191126/job_log_01472948.txt
HTAR: a   instcat_y06_191126/job_log_01472949.txt
HTAR: a   instcat_y06_191126/job_log_01473429.txt
HTAR: a   instcat_y06_191126/job_log_01473430.txt
HTAR: a   instcat_y06_191126/job_log_01473431.txt
HTAR: a   instcat_y06_191126/job_log_01473432.txt
HTAR: a   instcat_y06_191126/job_log_01473433.txt
HTAR: a   instcat_y06_191126/job_log_01473434.txt
HTAR: a   instcat_y06_191126/job_log_01473435.txt
HTAR: a   instcat_y06_191126/job_log_01473436.txt
HTAR: a   instcat_y06_191126/job_log_01473437.txt
HTAR: a   instcat_y06_191126/job_log_01473438.txt
HTAR: a   instcat_y06_191126/job_log_01473439.txt
HTAR: a   instcat_y06_191126/job_log_01473440.txt
HTAR: a   instcat_y06_191126/job_log_01473441.txt
HTAR: a   instcat_y06_191126/job_log_01473442.txt
HTAR: a   instcat_y06_191126/job_log_01473443.txt
HTAR: a   instcat_y06_191126/job_log_01473444.txt
HTAR: a   instcat_y06_191126/job_log_01473445.txt
HTAR: a   instcat_y06_191126/job_log_01473446.txt
HTAR: a   instcat_y06_191126/job_log_01473447.txt
HTAR: a   instcat_y06_191126/job_log_01473448.txt
HTAR: a   instcat_y06_191126/job_log_01473613.txt
HTAR: a   instcat_y06_191126/job_log_01473643.txt
HTAR: a   instcat_y06_191126/job_log_01473645.txt
HTAR: a   instcat_y06_191126/job_log_01473647.txt
HTAR: a   instcat_y06_191126/job_log_01473648.txt
HTAR: a   instcat_y06_191126/job_log_01473664.txt
HTAR: a   instcat_y06_191126/job_log_01473665.txt
HTAR: a   instcat_y06_191126/job_log_01473679.txt
HTAR: a   instcat_y06_191126/job_log_01473680.txt
HTAR: a   instcat_y06_191126/job_log_01473685.txt
HTAR: a   instcat_y06_191126/job_log_01473703.txt
HTAR: a   instcat_y06_191126/job_log_01473704.txt
HTAR: a   instcat_y06_191126/job_log_01474117.txt
HTAR: a   instcat_y06_191126/job_log_01474118.txt
HTAR: a   instcat_y06_191126/job_log_01474119.txt
HTAR: a   instcat_y06_191126/job_log_01474120.txt
HTAR: a   instcat_y06_191126/job_log_01474121.txt
HTAR: a   instcat_y06_191126/job_log_01474122.txt
HTAR: a   instcat_y06_191126/job_log_01474123.txt
HTAR: a   instcat_y06_191126/job_log_01474124.txt
HTAR: a   instcat_y06_191126/job_log_01474125.txt
HTAR: a   instcat_y06_191126/job_log_01474126.txt
HTAR: a   instcat_y06_191126/job_log_01474127.txt
HTAR: a   instcat_y06_191126/job_log_01474128.txt
HTAR: a   instcat_y06_191126/job_log_01474129.txt
HTAR: a   instcat_y06_191126/job_log_01474130.txt
HTAR: a   instcat_y06_191126/job_log_01474131.txt
HTAR: a   instcat_y06_191126/job_log_01474132.txt
HTAR: a   instcat_y06_191126/job_log_01474133.txt
HTAR: a   instcat_y06_191126/job_log_01474134.txt
HTAR: a   instcat_y06_191126/job_log_01474135.txt
HTAR: a   instcat_y06_191126/job_log_01474136.txt
HTAR: a   instcat_y06_191126/job_log_01474165.txt
HTAR: a   instcat_y06_191126/job_log_01474214.txt
HTAR: a   instcat_y06_191126/job_log_01474215.txt
HTAR: a   instcat_y06_191126/job_log_01474785.txt
HTAR: a   instcat_y06_191126/job_log_01474786.txt
HTAR: a   instcat_y06_191126/job_log_01474787.txt
HTAR: a   instcat_y06_191126/job_log_01474788.txt
HTAR: a   instcat_y06_191126/job_log_01474789.txt
HTAR: a   instcat_y06_191126/job_log_01474790.txt
HTAR: a   instcat_y06_191126/job_log_01474791.txt
HTAR: a   instcat_y06_191126/job_log_01474792.txt
HTAR: a   instcat_y06_191126/job_log_01474793.txt
HTAR: a   instcat_y06_191126/job_log_01474794.txt
HTAR: a   instcat_y06_191126/job_log_01474795.txt
HTAR: a   instcat_y06_191126/job_log_01474796.txt
HTAR: a   instcat_y06_191126/job_log_01474797.txt
HTAR: a   instcat_y06_191126/job_log_01474798.txt
HTAR: a   instcat_y06_191126/job_log_01474799.txt
HTAR: a   instcat_y06_191126/job_log_01474800.txt
HTAR: a   instcat_y06_191126/job_log_01474801.txt
HTAR: a   instcat_y06_191126/job_log_01474802.txt
HTAR: a   instcat_y06_191126/job_log_01474803.txt
HTAR: a   instcat_y06_191126/job_log_01474804.txt
HTAR: a   /tmp/HTAR_CF_CHK_21192_1580788767
HTAR Create complete for /home/projects/desc/DC2_ImSim/Run2.2i/instCat/y06_191126/01472120to01474804.tar. 556,804,834,816 bytes written for 240 member files, max threads: 50 Transfer time: 4082.458 seconds (136.390 MB/s) wallclock/user/sys: 4083.439 4734.946 1903.878 seconds
HTAR: HTAR SUCCESSFUL
HTAR: a   instcat_y06_191126/01474936.tar
HTAR: a   instcat_y06_191126/01474938.tar
HTAR: a   instcat_y06_191126/01474939.tar
HTAR: a   instcat_y06_191126/01474978.tar
HTAR: a   instcat_y06_191126/01474979.tar
HTAR: a   instcat_y06_191126/01474980.tar
HTAR: a   instcat_y06_191126/01474981.tar
HTAR: a   instcat_y06_191126/01474982.tar
HTAR: a   instcat_y06_191126/01474983.tar
HTAR: a   instcat_y06_191126/01474984.tar
HTAR: a   instcat_y06_191126/01475006.tar
HTAR: a   instcat_y06_191126/01475007.tar
HTAR: a   instcat_y06_191126/01475008.tar
HTAR: a   instcat_y06_191126/01475009.tar
HTAR: a   instcat_y06_191126/01475010.tar
HTAR: a   instcat_y06_191126/01475014.tar
HTAR: a   instcat_y06_191126/01475015.tar
HTAR: a   instcat_y06_191126/01475016.tar
HTAR: a   instcat_y06_191126/01475017.tar
HTAR: a   instcat_y06_191126/01475018.tar
HTAR: a   instcat_y06_191126/01475019.tar
HTAR: a   instcat_y06_191126/01475020.tar
HTAR: a   instcat_y06_191126/01475021.tar
HTAR: a   instcat_y06_191126/01475022.tar
HTAR: a   instcat_y06_191126/01475023.tar
HTAR: a   instcat_y06_191126/01475024.tar
HTAR: a   instcat_y06_191126/01475025.tar
HTAR: a   instcat_y06_191126/01475026.tar
HTAR: a   instcat_y06_191126/01475027.tar
HTAR: a   instcat_y06_191126/01475028.tar
HTAR: a   instcat_y06_191126/01475029.tar
HTAR: a   instcat_y06_191126/01475030.tar
HTAR: a   instcat_y06_191126/01475034.tar
HTAR: a   instcat_y06_191126/01475065.tar
HTAR: a   instcat_y06_191126/01475066.tar
HTAR: a   instcat_y06_191126/01475067.tar
HTAR: a   instcat_y06_191126/01475068.tar
HTAR: a   instcat_y06_191126/01475069.tar
HTAR: a   instcat_y06_191126/01475070.tar
HTAR: a   instcat_y06_191126/01475071.tar
HTAR: a   instcat_y06_191126/01475072.tar
HTAR: a   instcat_y06_191126/01475073.tar
HTAR: a   instcat_y06_191126/01475074.tar
HTAR: a   instcat_y06_191126/01475075.tar
HTAR: a   instcat_y06_191126/01475076.tar
HTAR: a   instcat_y06_191126/01475077.tar
HTAR: a   instcat_y06_191126/01475078.tar
HTAR: a   instcat_y06_191126/01475079.tar
HTAR: a   instcat_y06_191126/01476252.tar
HTAR: a   instcat_y06_191126/01476317.tar
HTAR: a   instcat_y06_191126/01476319.tar
HTAR: a   instcat_y06_191126/01476320.tar
HTAR: a   instcat_y06_191126/01476321.tar
HTAR: a   instcat_y06_191126/01476322.tar
HTAR: a   instcat_y06_191126/01476323.tar
HTAR: a   instcat_y06_191126/01476330.tar
HTAR: a   instcat_y06_191126/01476331.tar
HTAR: a   instcat_y06_191126/01476332.tar
HTAR: a   instcat_y06_191126/01476343.tar
HTAR: a   instcat_y06_191126/01476345.tar
HTAR: a   instcat_y06_191126/01476346.tar
HTAR: a   instcat_y06_191126/01476347.tar
HTAR: a   instcat_y06_191126/01476348.tar
HTAR: a   instcat_y06_191126/01476349.tar
HTAR: a   instcat_y06_191126/01476366.tar
HTAR: a   instcat_y06_191126/01476367.tar
HTAR: a   instcat_y06_191126/01476368.tar
HTAR: a   instcat_y06_191126/01476379.tar
HTAR: a   instcat_y06_191126/01476424.tar
HTAR: a   instcat_y06_191126/job_log_01474936.txt
HTAR: a   instcat_y06_191126/job_log_01474938.txt
HTAR: a   instcat_y06_191126/job_log_01474939.txt
HTAR: a   instcat_y06_191126/job_log_01474978.txt
HTAR: a   instcat_y06_191126/job_log_01474979.txt
HTAR: a   instcat_y06_191126/job_log_01474980.txt
HTAR: a   instcat_y06_191126/job_log_01474981.txt
HTAR: a   instcat_y06_191126/job_log_01474982.txt
HTAR: a   instcat_y06_191126/job_log_01474983.txt
HTAR: a   instcat_y06_191126/job_log_01474984.txt
HTAR: a   instcat_y06_191126/job_log_01475006.txt
HTAR: a   instcat_y06_191126/job_log_01475007.txt
HTAR: a   instcat_y06_191126/job_log_01475008.txt
HTAR: a   instcat_y06_191126/job_log_01475009.txt
HTAR: a   instcat_y06_191126/job_log_01475010.txt
HTAR: a   instcat_y06_191126/job_log_01475014.txt
HTAR: a   instcat_y06_191126/job_log_01475015.txt
HTAR: a   instcat_y06_191126/job_log_01475016.txt
HTAR: a   instcat_y06_191126/job_log_01475017.txt
HTAR: a   instcat_y06_191126/job_log_01475018.txt
HTAR: a   instcat_y06_191126/job_log_01475019.txt
HTAR: a   instcat_y06_191126/job_log_01475020.txt
HTAR: a   instcat_y06_191126/job_log_01475021.txt
HTAR: a   instcat_y06_191126/job_log_01475022.txt
HTAR: a   instcat_y06_191126/job_log_01475023.txt
HTAR: a   instcat_y06_191126/job_log_01475024.txt
HTAR: a   instcat_y06_191126/job_log_01475025.txt
HTAR: a   instcat_y06_191126/job_log_01475026.txt
HTAR: a   instcat_y06_191126/job_log_01475027.txt
HTAR: a   instcat_y06_191126/job_log_01475028.txt
HTAR: a   instcat_y06_191126/job_log_01475029.txt
HTAR: a   instcat_y06_191126/job_log_01475030.txt
HTAR: a   instcat_y06_191126/job_log_01475034.txt
HTAR: a   instcat_y06_191126/job_log_01475065.txt
HTAR: a   instcat_y06_191126/job_log_01475066.txt
HTAR: a   instcat_y06_191126/job_log_01475067.txt
HTAR: a   instcat_y06_191126/job_log_01475068.txt
HTAR: a   instcat_y06_191126/job_log_01475069.txt
HTAR: a   instcat_y06_191126/job_log_01475070.txt
HTAR: a   instcat_y06_191126/job_log_01475071.txt
HTAR: a   instcat_y06_191126/job_log_01475072.txt
HTAR: a   instcat_y06_191126/job_log_01475073.txt
HTAR: a   instcat_y06_191126/job_log_01475074.txt
HTAR: a   instcat_y06_191126/job_log_01475075.txt
HTAR: a   instcat_y06_191126/job_log_01475076.txt
HTAR: a   instcat_y06_191126/job_log_01475077.txt
HTAR: a   instcat_y06_191126/job_log_01475078.txt
HTAR: a   instcat_y06_191126/job_log_01475079.txt
HTAR: a   instcat_y06_191126/job_log_01476252.txt
HTAR: a   instcat_y06_191126/job_log_01476317.txt
HTAR: a   instcat_y06_191126/job_log_01476319.txt
HTAR: a   instcat_y06_191126/job_log_01476320.txt
HTAR: a   instcat_y06_191126/job_log_01476321.txt
HTAR: a   instcat_y06_191126/job_log_01476322.txt
HTAR: a   instcat_y06_191126/job_log_01476323.txt
HTAR: a   instcat_y06_191126/job_log_01476330.txt
HTAR: a   instcat_y06_191126/job_log_01476331.txt
HTAR: a   instcat_y06_191126/job_log_01476332.txt
HTAR: a   instcat_y06_191126/job_log_01476343.txt
HTAR: a   instcat_y06_191126/job_log_01476345.txt
HTAR: a   instcat_y06_191126/job_log_01476346.txt
HTAR: a   instcat_y06_191126/job_log_01476347.txt
HTAR: a   instcat_y06_191126/job_log_01476348.txt
HTAR: a   instcat_y06_191126/job_log_01476349.txt
HTAR: a   instcat_y06_191126/job_log_01476366.txt
HTAR: a   instcat_y06_191126/job_log_01476367.txt
HTAR: a   instcat_y06_191126/job_log_01476368.txt
HTAR: a   instcat_y06_191126/job_log_01476379.txt
HTAR: a   instcat_y06_191126/job_log_01476424.txt
HTAR: a   /tmp/HTAR_CF_CHK_40301_1580792853
HTAR Create complete for /home/projects/desc/DC2_ImSim/Run2.2i/instCat/y06_191126/01474936to01476424.tar. 305,686,306,816 bytes written for 138 member files, max threads: 50 Transfer time: 2214.135 seconds (138.061 MB/s) wallclock/user/sys: 2214.700 2600.723 1034.043 seconds
HTAR: HTAR SUCCESSFUL
