HTAR: a   instcat_y06_191126/01435417.tar
HTAR: a   instcat_y06_191126/01435418.tar
HTAR: a   instcat_y06_191126/01435419.tar
HTAR: a   instcat_y06_191126/01435420.tar
HTAR: a   instcat_y06_191126/01436057.tar
HTAR: a   instcat_y06_191126/01436058.tar
HTAR: a   instcat_y06_191126/01436059.tar
HTAR: a   instcat_y06_191126/01436060.tar
HTAR: a   instcat_y06_191126/01436061.tar
HTAR: a   instcat_y06_191126/01436062.tar
HTAR: a   instcat_y06_191126/01436063.tar
HTAR: a   instcat_y06_191126/01436064.tar
HTAR: a   instcat_y06_191126/01436065.tar
HTAR: a   instcat_y06_191126/01436066.tar
HTAR: a   instcat_y06_191126/01436067.tar
HTAR: a   instcat_y06_191126/01436068.tar
HTAR: a   instcat_y06_191126/01436069.tar
HTAR: a   instcat_y06_191126/01436070.tar
HTAR: a   instcat_y06_191126/01436071.tar
HTAR: a   instcat_y06_191126/01436072.tar
HTAR: a   instcat_y06_191126/01436073.tar
HTAR: a   instcat_y06_191126/01436074.tar
HTAR: a   instcat_y06_191126/01436075.tar
HTAR: a   instcat_y06_191126/01436076.tar
HTAR: a   instcat_y06_191126/01436077.tar
HTAR: a   instcat_y06_191126/01436078.tar
HTAR: a   instcat_y06_191126/01436079.tar
HTAR: a   instcat_y06_191126/01436080.tar
HTAR: a   instcat_y06_191126/01436081.tar
HTAR: a   instcat_y06_191126/01436082.tar
HTAR: a   instcat_y06_191126/01436083.tar
HTAR: a   instcat_y06_191126/01436084.tar
HTAR: a   instcat_y06_191126/01436085.tar
HTAR: a   instcat_y06_191126/01436086.tar
HTAR: a   instcat_y06_191126/01436087.tar
HTAR: a   instcat_y06_191126/01436088.tar
HTAR: a   instcat_y06_191126/01436089.tar
HTAR: a   instcat_y06_191126/01436090.tar
HTAR: a   instcat_y06_191126/01436091.tar
HTAR: a   instcat_y06_191126/01436092.tar
HTAR: a   instcat_y06_191126/01436093.tar
HTAR: a   instcat_y06_191126/01436094.tar
HTAR: a   instcat_y06_191126/01436095.tar
HTAR: a   instcat_y06_191126/01436096.tar
HTAR: a   instcat_y06_191126/01436097.tar
HTAR: a   instcat_y06_191126/01436098.tar
HTAR: a   instcat_y06_191126/01436099.tar
HTAR: a   instcat_y06_191126/01436100.tar
HTAR: a   instcat_y06_191126/01436101.tar
HTAR: a   instcat_y06_191126/01436102.tar
HTAR: a   instcat_y06_191126/01436103.tar
HTAR: a   instcat_y06_191126/01436104.tar
HTAR: a   instcat_y06_191126/01436105.tar
HTAR: a   instcat_y06_191126/01436106.tar
HTAR: a   instcat_y06_191126/01436107.tar
HTAR: a   instcat_y06_191126/01436108.tar
HTAR: a   instcat_y06_191126/01436109.tar
HTAR: a   instcat_y06_191126/01436110.tar
HTAR: a   instcat_y06_191126/01436111.tar
HTAR: a   instcat_y06_191126/01436112.tar
HTAR: a   instcat_y06_191126/01436113.tar
HTAR: a   instcat_y06_191126/01436114.tar
HTAR: a   instcat_y06_191126/01436115.tar
HTAR: a   instcat_y06_191126/01436116.tar
HTAR: a   instcat_y06_191126/01436117.tar
HTAR: a   instcat_y06_191126/01436118.tar
HTAR: a   instcat_y06_191126/01436119.tar
HTAR: a   instcat_y06_191126/01436120.tar
HTAR: a   instcat_y06_191126/01436121.tar
HTAR: a   instcat_y06_191126/01436122.tar
HTAR: a   instcat_y06_191126/01436123.tar
HTAR: a   instcat_y06_191126/01436124.tar
HTAR: a   instcat_y06_191126/01436125.tar
HTAR: a   instcat_y06_191126/01436126.tar
HTAR: a   instcat_y06_191126/01436127.tar
HTAR: a   instcat_y06_191126/01436128.tar
HTAR: a   instcat_y06_191126/01436129.tar
HTAR: a   instcat_y06_191126/01436130.tar
HTAR: a   instcat_y06_191126/01436131.tar
HTAR: a   instcat_y06_191126/01436132.tar
HTAR: a   instcat_y06_191126/01436133.tar
HTAR: a   instcat_y06_191126/01436134.tar
HTAR: a   instcat_y06_191126/01436135.tar
HTAR: a   instcat_y06_191126/01436136.tar
HTAR: a   instcat_y06_191126/01436137.tar
HTAR: a   instcat_y06_191126/01436138.tar
HTAR: a   instcat_y06_191126/01436139.tar
HTAR: a   instcat_y06_191126/01436140.tar
HTAR: a   instcat_y06_191126/01436141.tar
HTAR: a   instcat_y06_191126/01436142.tar
HTAR: a   instcat_y06_191126/01436143.tar
HTAR: a   instcat_y06_191126/01436144.tar
HTAR: a   instcat_y06_191126/01436145.tar
HTAR: a   instcat_y06_191126/01436146.tar
HTAR: a   instcat_y06_191126/01436147.tar
HTAR: a   instcat_y06_191126/01436148.tar
HTAR: a   instcat_y06_191126/01436149.tar
HTAR: a   instcat_y06_191126/01436150.tar
HTAR: a   instcat_y06_191126/01436151.tar
HTAR: a   instcat_y06_191126/01436152.tar
HTAR: a   instcat_y06_191126/01436153.tar
HTAR: a   instcat_y06_191126/01436154.tar
HTAR: a   instcat_y06_191126/01436155.tar
HTAR: a   instcat_y06_191126/01436156.tar
HTAR: a   instcat_y06_191126/01436157.tar
HTAR: a   instcat_y06_191126/01436177.tar
HTAR: a   instcat_y06_191126/01436178.tar
HTAR: a   instcat_y06_191126/01436179.tar
HTAR: a   instcat_y06_191126/01436180.tar
HTAR: a   instcat_y06_191126/01436181.tar
HTAR: a   instcat_y06_191126/01436182.tar
HTAR: a   instcat_y06_191126/01436183.tar
HTAR: a   instcat_y06_191126/01436184.tar
HTAR: a   instcat_y06_191126/01436185.tar
HTAR: a   instcat_y06_191126/01436186.tar
HTAR: a   instcat_y06_191126/01436206.tar
HTAR: a   instcat_y06_191126/01436207.tar
HTAR: a   instcat_y06_191126/01436208.tar
HTAR: a   instcat_y06_191126/01436209.tar
HTAR: a   instcat_y06_191126/01436210.tar
HTAR: a   instcat_y06_191126/job_log_01435417.txt
HTAR: a   instcat_y06_191126/job_log_01435418.txt
HTAR: a   instcat_y06_191126/job_log_01435419.txt
HTAR: a   instcat_y06_191126/job_log_01435420.txt
HTAR: a   instcat_y06_191126/job_log_01436057.txt
HTAR: a   instcat_y06_191126/job_log_01436058.txt
HTAR: a   instcat_y06_191126/job_log_01436059.txt
HTAR: a   instcat_y06_191126/job_log_01436060.txt
HTAR: a   instcat_y06_191126/job_log_01436061.txt
HTAR: a   instcat_y06_191126/job_log_01436062.txt
HTAR: a   instcat_y06_191126/job_log_01436063.txt
HTAR: a   instcat_y06_191126/job_log_01436064.txt
HTAR: a   instcat_y06_191126/job_log_01436065.txt
HTAR: a   instcat_y06_191126/job_log_01436066.txt
HTAR: a   instcat_y06_191126/job_log_01436067.txt
HTAR: a   instcat_y06_191126/job_log_01436068.txt
HTAR: a   instcat_y06_191126/job_log_01436069.txt
HTAR: a   instcat_y06_191126/job_log_01436070.txt
HTAR: a   instcat_y06_191126/job_log_01436071.txt
HTAR: a   instcat_y06_191126/job_log_01436072.txt
HTAR: a   instcat_y06_191126/job_log_01436073.txt
HTAR: a   instcat_y06_191126/job_log_01436074.txt
HTAR: a   instcat_y06_191126/job_log_01436075.txt
HTAR: a   instcat_y06_191126/job_log_01436076.txt
HTAR: a   instcat_y06_191126/job_log_01436077.txt
HTAR: a   instcat_y06_191126/job_log_01436078.txt
HTAR: a   instcat_y06_191126/job_log_01436079.txt
HTAR: a   instcat_y06_191126/job_log_01436080.txt
HTAR: a   instcat_y06_191126/job_log_01436081.txt
HTAR: a   instcat_y06_191126/job_log_01436082.txt
HTAR: a   instcat_y06_191126/job_log_01436083.txt
HTAR: a   instcat_y06_191126/job_log_01436084.txt
HTAR: a   instcat_y06_191126/job_log_01436085.txt
HTAR: a   instcat_y06_191126/job_log_01436086.txt
HTAR: a   instcat_y06_191126/job_log_01436087.txt
HTAR: a   instcat_y06_191126/job_log_01436088.txt
HTAR: a   instcat_y06_191126/job_log_01436089.txt
HTAR: a   instcat_y06_191126/job_log_01436090.txt
HTAR: a   instcat_y06_191126/job_log_01436091.txt
HTAR: a   instcat_y06_191126/job_log_01436092.txt
HTAR: a   instcat_y06_191126/job_log_01436093.txt
HTAR: a   instcat_y06_191126/job_log_01436094.txt
HTAR: a   instcat_y06_191126/job_log_01436095.txt
HTAR: a   instcat_y06_191126/job_log_01436096.txt
HTAR: a   instcat_y06_191126/job_log_01436097.txt
HTAR: a   instcat_y06_191126/job_log_01436098.txt
HTAR: a   instcat_y06_191126/job_log_01436099.txt
HTAR: a   instcat_y06_191126/job_log_01436100.txt
HTAR: a   instcat_y06_191126/job_log_01436101.txt
HTAR: a   instcat_y06_191126/job_log_01436102.txt
HTAR: a   instcat_y06_191126/job_log_01436103.txt
HTAR: a   instcat_y06_191126/job_log_01436104.txt
HTAR: a   instcat_y06_191126/job_log_01436105.txt
HTAR: a   instcat_y06_191126/job_log_01436106.txt
HTAR: a   instcat_y06_191126/job_log_01436107.txt
HTAR: a   instcat_y06_191126/job_log_01436108.txt
HTAR: a   instcat_y06_191126/job_log_01436109.txt
HTAR: a   instcat_y06_191126/job_log_01436110.txt
HTAR: a   instcat_y06_191126/job_log_01436111.txt
HTAR: a   instcat_y06_191126/job_log_01436112.txt
HTAR: a   instcat_y06_191126/job_log_01436113.txt
HTAR: a   instcat_y06_191126/job_log_01436114.txt
HTAR: a   instcat_y06_191126/job_log_01436115.txt
HTAR: a   instcat_y06_191126/job_log_01436116.txt
HTAR: a   instcat_y06_191126/job_log_01436117.txt
HTAR: a   instcat_y06_191126/job_log_01436118.txt
HTAR: a   instcat_y06_191126/job_log_01436119.txt
HTAR: a   instcat_y06_191126/job_log_01436120.txt
HTAR: a   instcat_y06_191126/job_log_01436121.txt
HTAR: a   instcat_y06_191126/job_log_01436122.txt
HTAR: a   instcat_y06_191126/job_log_01436123.txt
HTAR: a   instcat_y06_191126/job_log_01436124.txt
HTAR: a   instcat_y06_191126/job_log_01436125.txt
HTAR: a   instcat_y06_191126/job_log_01436126.txt
HTAR: a   instcat_y06_191126/job_log_01436127.txt
HTAR: a   instcat_y06_191126/job_log_01436128.txt
HTAR: a   instcat_y06_191126/job_log_01436129.txt
HTAR: a   instcat_y06_191126/job_log_01436130.txt
HTAR: a   instcat_y06_191126/job_log_01436131.txt
HTAR: a   instcat_y06_191126/job_log_01436132.txt
HTAR: a   instcat_y06_191126/job_log_01436133.txt
HTAR: a   instcat_y06_191126/job_log_01436134.txt
HTAR: a   instcat_y06_191126/job_log_01436135.txt
HTAR: a   instcat_y06_191126/job_log_01436136.txt
HTAR: a   instcat_y06_191126/job_log_01436137.txt
HTAR: a   instcat_y06_191126/job_log_01436138.txt
HTAR: a   instcat_y06_191126/job_log_01436139.txt
HTAR: a   instcat_y06_191126/job_log_01436140.txt
HTAR: a   instcat_y06_191126/job_log_01436141.txt
HTAR: a   instcat_y06_191126/job_log_01436142.txt
HTAR: a   instcat_y06_191126/job_log_01436143.txt
HTAR: a   instcat_y06_191126/job_log_01436144.txt
HTAR: a   instcat_y06_191126/job_log_01436145.txt
HTAR: a   instcat_y06_191126/job_log_01436146.txt
HTAR: a   instcat_y06_191126/job_log_01436147.txt
HTAR: a   instcat_y06_191126/job_log_01436148.txt
HTAR: a   instcat_y06_191126/job_log_01436149.txt
HTAR: a   instcat_y06_191126/job_log_01436150.txt
HTAR: a   instcat_y06_191126/job_log_01436151.txt
HTAR: a   instcat_y06_191126/job_log_01436152.txt
HTAR: a   instcat_y06_191126/job_log_01436153.txt
HTAR: a   instcat_y06_191126/job_log_01436154.txt
HTAR: a   instcat_y06_191126/job_log_01436155.txt
HTAR: a   instcat_y06_191126/job_log_01436156.txt
HTAR: a   instcat_y06_191126/job_log_01436157.txt
HTAR: a   instcat_y06_191126/job_log_01436177.txt
HTAR: a   instcat_y06_191126/job_log_01436178.txt
HTAR: a   instcat_y06_191126/job_log_01436179.txt
HTAR: a   instcat_y06_191126/job_log_01436180.txt
HTAR: a   instcat_y06_191126/job_log_01436181.txt
HTAR: a   instcat_y06_191126/job_log_01436182.txt
HTAR: a   instcat_y06_191126/job_log_01436183.txt
HTAR: a   instcat_y06_191126/job_log_01436184.txt
HTAR: a   instcat_y06_191126/job_log_01436185.txt
HTAR: a   instcat_y06_191126/job_log_01436186.txt
HTAR: a   instcat_y06_191126/job_log_01436206.txt
HTAR: a   instcat_y06_191126/job_log_01436207.txt
HTAR: a   instcat_y06_191126/job_log_01436208.txt
HTAR: a   instcat_y06_191126/job_log_01436209.txt
HTAR: a   instcat_y06_191126/job_log_01436210.txt
HTAR: a   /tmp/HTAR_CF_CHK_7744_1580772090
HTAR Create complete for /home/projects/desc/DC2_ImSim/Run2.2i/instCat/y06_191126/01435417to01436210.tar. 565,573,172,736 bytes written for 240 member files, max threads: 50 Transfer time: 7284.331 seconds (77.642 MB/s) wallclock/user/sys: 7287.038 5759.031 2605.970 seconds
HTAR: HTAR SUCCESSFUL
HTAR: a   instcat_y06_191126/01436211.tar
HTAR: a   instcat_y06_191126/01436212.tar
HTAR: a   instcat_y06_191126/01436213.tar
HTAR: a   instcat_y06_191126/01436215.tar
HTAR: a   instcat_y06_191126/01436253.tar
HTAR: a   instcat_y06_191126/01436254.tar
HTAR: a   instcat_y06_191126/01436259.tar
HTAR: a   instcat_y06_191126/01436380.tar
HTAR: a   instcat_y06_191126/01436381.tar
HTAR: a   instcat_y06_191126/01436382.tar
HTAR: a   instcat_y06_191126/01436383.tar
HTAR: a   instcat_y06_191126/01436384.tar
HTAR: a   instcat_y06_191126/01436404.tar
HTAR: a   instcat_y06_191126/01436405.tar
HTAR: a   instcat_y06_191126/01436406.tar
HTAR: a   instcat_y06_191126/01436415.tar
HTAR: a   instcat_y06_191126/01436443.tar
HTAR: a   instcat_y06_191126/01436445.tar
HTAR: a   instcat_y06_191126/01436446.tar
HTAR: a   instcat_y06_191126/01436447.tar
HTAR: a   instcat_y06_191126/01436739.tar
HTAR: a   instcat_y06_191126/01436740.tar
HTAR: a   instcat_y06_191126/01436741.tar
HTAR: a   instcat_y06_191126/01436742.tar
HTAR: a   instcat_y06_191126/01436743.tar
HTAR: a   instcat_y06_191126/01436744.tar
HTAR: a   instcat_y06_191126/01436745.tar
HTAR: a   instcat_y06_191126/01436746.tar
HTAR: a   instcat_y06_191126/01436747.tar
HTAR: a   instcat_y06_191126/01436748.tar
HTAR: a   instcat_y06_191126/01436749.tar
HTAR: a   instcat_y06_191126/01436750.tar
HTAR: a   instcat_y06_191126/01436751.tar
HTAR: a   instcat_y06_191126/01436752.tar
HTAR: a   instcat_y06_191126/01436753.tar
HTAR: a   instcat_y06_191126/01436754.tar
HTAR: a   instcat_y06_191126/01436755.tar
HTAR: a   instcat_y06_191126/01436756.tar
HTAR: a   instcat_y06_191126/01436757.tar
HTAR: a   instcat_y06_191126/01436758.tar
HTAR: a   instcat_y06_191126/01436949.tar
HTAR: a   instcat_y06_191126/01436950.tar
HTAR: a   instcat_y06_191126/01436951.tar
HTAR: a   instcat_y06_191126/01436952.tar
HTAR: a   instcat_y06_191126/01436953.tar
HTAR: a   instcat_y06_191126/01436954.tar
HTAR: a   instcat_y06_191126/01436955.tar
HTAR: a   instcat_y06_191126/01436956.tar
HTAR: a   instcat_y06_191126/01436968.tar
HTAR: a   instcat_y06_191126/01436969.tar
HTAR: a   instcat_y06_191126/01436970.tar
HTAR: a   instcat_y06_191126/01436971.tar
HTAR: a   instcat_y06_191126/01436972.tar
HTAR: a   instcat_y06_191126/01437131.tar
HTAR: a   instcat_y06_191126/01437156.tar
HTAR: a   instcat_y06_191126/01437157.tar
HTAR: a   instcat_y06_191126/01437158.tar
HTAR: a   instcat_y06_191126/01437159.tar
HTAR: a   instcat_y06_191126/01437160.tar
HTAR: a   instcat_y06_191126/01437161.tar
HTAR: a   instcat_y06_191126/01437163.tar
HTAR: a   instcat_y06_191126/01437165.tar
HTAR: a   instcat_y06_191126/01437166.tar
HTAR: a   instcat_y06_191126/01437167.tar
HTAR: a   instcat_y06_191126/01437168.tar
HTAR: a   instcat_y06_191126/01437169.tar
HTAR: a   instcat_y06_191126/01437170.tar
HTAR: a   instcat_y06_191126/01437172.tar
HTAR: a   instcat_y06_191126/01437173.tar
HTAR: a   instcat_y06_191126/01437174.tar
HTAR: a   instcat_y06_191126/01437178.tar
HTAR: a   instcat_y06_191126/01437179.tar
HTAR: a   instcat_y06_191126/01437180.tar
HTAR: a   instcat_y06_191126/01437181.tar
HTAR: a   instcat_y06_191126/01437182.tar
HTAR: a   instcat_y06_191126/01437183.tar
HTAR: a   instcat_y06_191126/01437547.tar
HTAR: a   instcat_y06_191126/01437548.tar
HTAR: a   instcat_y06_191126/01437561.tar
HTAR: a   instcat_y06_191126/01437562.tar
HTAR: a   instcat_y06_191126/01437563.tar
HTAR: a   instcat_y06_191126/01437564.tar
HTAR: a   instcat_y06_191126/01437565.tar
HTAR: a   instcat_y06_191126/01437566.tar
HTAR: a   instcat_y06_191126/01437567.tar
HTAR: a   instcat_y06_191126/01437568.tar
HTAR: a   instcat_y06_191126/01437569.tar
HTAR: a   instcat_y06_191126/01437570.tar
HTAR: a   instcat_y06_191126/01437571.tar
HTAR: a   instcat_y06_191126/01437572.tar
HTAR: a   instcat_y06_191126/01437573.tar
HTAR: a   instcat_y06_191126/01437574.tar
HTAR: a   instcat_y06_191126/01437575.tar
HTAR: a   instcat_y06_191126/01437576.tar
HTAR: a   instcat_y06_191126/01437577.tar
HTAR: a   instcat_y06_191126/01437578.tar
HTAR: a   instcat_y06_191126/01437579.tar
HTAR: a   instcat_y06_191126/01437580.tar
HTAR: a   instcat_y06_191126/01437718.tar
HTAR: a   instcat_y06_191126/01437719.tar
HTAR: a   instcat_y06_191126/01437720.tar
HTAR: a   instcat_y06_191126/01437730.tar
HTAR: a   instcat_y06_191126/01437731.tar
HTAR: a   instcat_y06_191126/01437732.tar
HTAR: a   instcat_y06_191126/01437740.tar
HTAR: a   instcat_y06_191126/01437741.tar
HTAR: a   instcat_y06_191126/01437742.tar
HTAR: a   instcat_y06_191126/01437743.tar
HTAR: a   instcat_y06_191126/01437748.tar
HTAR: a   instcat_y06_191126/01437749.tar
HTAR: a   instcat_y06_191126/01437807.tar
HTAR: a   instcat_y06_191126/01437808.tar
HTAR: a   instcat_y06_191126/01437834.tar
HTAR: a   instcat_y06_191126/01437835.tar
HTAR: a   instcat_y06_191126/01437881.tar
HTAR: a   instcat_y06_191126/01437886.tar
HTAR: a   instcat_y06_191126/01438287.tar
HTAR: a   instcat_y06_191126/01438328.tar
HTAR: a   instcat_y06_191126/01438329.tar
HTAR: a   instcat_y06_191126/01438330.tar
HTAR: a   instcat_y06_191126/job_log_01436211.txt
HTAR: a   instcat_y06_191126/job_log_01436212.txt
HTAR: a   instcat_y06_191126/job_log_01436213.txt
HTAR: a   instcat_y06_191126/job_log_01436215.txt
HTAR: a   instcat_y06_191126/job_log_01436253.txt
HTAR: a   instcat_y06_191126/job_log_01436254.txt
HTAR: a   instcat_y06_191126/job_log_01436259.txt
HTAR: a   instcat_y06_191126/job_log_01436380.txt
HTAR: a   instcat_y06_191126/job_log_01436381.txt
HTAR: a   instcat_y06_191126/job_log_01436382.txt
HTAR: a   instcat_y06_191126/job_log_01436383.txt
HTAR: a   instcat_y06_191126/job_log_01436384.txt
HTAR: a   instcat_y06_191126/job_log_01436404.txt
HTAR: a   instcat_y06_191126/job_log_01436405.txt
HTAR: a   instcat_y06_191126/job_log_01436406.txt
HTAR: a   instcat_y06_191126/job_log_01436415.txt
HTAR: a   instcat_y06_191126/job_log_01436443.txt
HTAR: a   instcat_y06_191126/job_log_01436445.txt
HTAR: a   instcat_y06_191126/job_log_01436446.txt
HTAR: a   instcat_y06_191126/job_log_01436447.txt
HTAR: a   instcat_y06_191126/job_log_01436739.txt
HTAR: a   instcat_y06_191126/job_log_01436740.txt
HTAR: a   instcat_y06_191126/job_log_01436741.txt
HTAR: a   instcat_y06_191126/job_log_01436742.txt
HTAR: a   instcat_y06_191126/job_log_01436743.txt
HTAR: a   instcat_y06_191126/job_log_01436744.txt
HTAR: a   instcat_y06_191126/job_log_01436745.txt
HTAR: a   instcat_y06_191126/job_log_01436746.txt
HTAR: a   instcat_y06_191126/job_log_01436747.txt
HTAR: a   instcat_y06_191126/job_log_01436748.txt
HTAR: a   instcat_y06_191126/job_log_01436749.txt
HTAR: a   instcat_y06_191126/job_log_01436750.txt
HTAR: a   instcat_y06_191126/job_log_01436751.txt
HTAR: a   instcat_y06_191126/job_log_01436752.txt
HTAR: a   instcat_y06_191126/job_log_01436753.txt
HTAR: a   instcat_y06_191126/job_log_01436754.txt
HTAR: a   instcat_y06_191126/job_log_01436755.txt
HTAR: a   instcat_y06_191126/job_log_01436756.txt
HTAR: a   instcat_y06_191126/job_log_01436757.txt
HTAR: a   instcat_y06_191126/job_log_01436758.txt
HTAR: a   instcat_y06_191126/job_log_01436949.txt
HTAR: a   instcat_y06_191126/job_log_01436950.txt
HTAR: a   instcat_y06_191126/job_log_01436951.txt
HTAR: a   instcat_y06_191126/job_log_01436952.txt
HTAR: a   instcat_y06_191126/job_log_01436953.txt
HTAR: a   instcat_y06_191126/job_log_01436954.txt
HTAR: a   instcat_y06_191126/job_log_01436955.txt
HTAR: a   instcat_y06_191126/job_log_01436956.txt
HTAR: a   instcat_y06_191126/job_log_01436968.txt
HTAR: a   instcat_y06_191126/job_log_01436969.txt
HTAR: a   instcat_y06_191126/job_log_01436970.txt
HTAR: a   instcat_y06_191126/job_log_01436971.txt
HTAR: a   instcat_y06_191126/job_log_01436972.txt
HTAR: a   instcat_y06_191126/job_log_01437131.txt
HTAR: a   instcat_y06_191126/job_log_01437156.txt
HTAR: a   instcat_y06_191126/job_log_01437157.txt
HTAR: a   instcat_y06_191126/job_log_01437158.txt
HTAR: a   instcat_y06_191126/job_log_01437159.txt
HTAR: a   instcat_y06_191126/job_log_01437160.txt
HTAR: a   instcat_y06_191126/job_log_01437161.txt
HTAR: a   instcat_y06_191126/job_log_01437163.txt
HTAR: a   instcat_y06_191126/job_log_01437165.txt
HTAR: a   instcat_y06_191126/job_log_01437166.txt
HTAR: a   instcat_y06_191126/job_log_01437167.txt
HTAR: a   instcat_y06_191126/job_log_01437168.txt
HTAR: a   instcat_y06_191126/job_log_01437169.txt
HTAR: a   instcat_y06_191126/job_log_01437170.txt
HTAR: a   instcat_y06_191126/job_log_01437172.txt
HTAR: a   instcat_y06_191126/job_log_01437173.txt
HTAR: a   instcat_y06_191126/job_log_01437174.txt
HTAR: a   instcat_y06_191126/job_log_01437178.txt
HTAR: a   instcat_y06_191126/job_log_01437179.txt
HTAR: a   instcat_y06_191126/job_log_01437180.txt
HTAR: a   instcat_y06_191126/job_log_01437181.txt
HTAR: a   instcat_y06_191126/job_log_01437182.txt
HTAR: a   instcat_y06_191126/job_log_01437183.txt
HTAR: a   instcat_y06_191126/job_log_01437547.txt
HTAR: a   instcat_y06_191126/job_log_01437548.txt
HTAR: a   instcat_y06_191126/job_log_01437561.txt
HTAR: a   instcat_y06_191126/job_log_01437562.txt
HTAR: a   instcat_y06_191126/job_log_01437563.txt
HTAR: a   instcat_y06_191126/job_log_01437564.txt
HTAR: a   instcat_y06_191126/job_log_01437565.txt
HTAR: a   instcat_y06_191126/job_log_01437566.txt
HTAR: a   instcat_y06_191126/job_log_01437567.txt
HTAR: a   instcat_y06_191126/job_log_01437568.txt
HTAR: a   instcat_y06_191126/job_log_01437569.txt
HTAR: a   instcat_y06_191126/job_log_01437570.txt
HTAR: a   instcat_y06_191126/job_log_01437571.txt
HTAR: a   instcat_y06_191126/job_log_01437572.txt
HTAR: a   instcat_y06_191126/job_log_01437573.txt
HTAR: a   instcat_y06_191126/job_log_01437574.txt
HTAR: a   instcat_y06_191126/job_log_01437575.txt
HTAR: a   instcat_y06_191126/job_log_01437576.txt
HTAR: a   instcat_y06_191126/job_log_01437577.txt
HTAR: a   instcat_y06_191126/job_log_01437578.txt
HTAR: a   instcat_y06_191126/job_log_01437579.txt
HTAR: a   instcat_y06_191126/job_log_01437580.txt
HTAR: a   instcat_y06_191126/job_log_01437718.txt
HTAR: a   instcat_y06_191126/job_log_01437719.txt
HTAR: a   instcat_y06_191126/job_log_01437720.txt
HTAR: a   instcat_y06_191126/job_log_01437730.txt
HTAR: a   instcat_y06_191126/job_log_01437731.txt
HTAR: a   instcat_y06_191126/job_log_01437732.txt
HTAR: a   instcat_y06_191126/job_log_01437740.txt
HTAR: a   instcat_y06_191126/job_log_01437741.txt
HTAR: a   instcat_y06_191126/job_log_01437742.txt
HTAR: a   instcat_y06_191126/job_log_01437743.txt
HTAR: a   instcat_y06_191126/job_log_01437748.txt
HTAR: a   instcat_y06_191126/job_log_01437749.txt
HTAR: a   instcat_y06_191126/job_log_01437807.txt
HTAR: a   instcat_y06_191126/job_log_01437808.txt
HTAR: a   instcat_y06_191126/job_log_01437834.txt
HTAR: a   instcat_y06_191126/job_log_01437835.txt
HTAR: a   instcat_y06_191126/job_log_01437881.txt
HTAR: a   instcat_y06_191126/job_log_01437886.txt
HTAR: a   instcat_y06_191126/job_log_01438287.txt
HTAR: a   instcat_y06_191126/job_log_01438328.txt
HTAR: a   instcat_y06_191126/job_log_01438329.txt
HTAR: a   instcat_y06_191126/job_log_01438330.txt
HTAR: a   /tmp/HTAR_CF_CHK_10922_1580779379
HTAR Create complete for /home/projects/desc/DC2_ImSim/Run2.2i/instCat/y06_191126/01436211to01438330.tar. 545,748,082,176 bytes written for 240 member files, max threads: 50 Transfer time: 4069.432 seconds (134.109 MB/s) wallclock/user/sys: 4070.425 4941.970 1896.813 seconds
HTAR: HTAR SUCCESSFUL
HTAR: a   instcat_y06_191126/01438331.tar
HTAR: a   instcat_y06_191126/01438332.tar
HTAR: a   instcat_y06_191126/01438333.tar
HTAR: a   instcat_y06_191126/01438334.tar
HTAR: a   instcat_y06_191126/01438335.tar
HTAR: a   instcat_y06_191126/01438336.tar
HTAR: a   instcat_y06_191126/01438337.tar
HTAR: a   instcat_y06_191126/01438338.tar
HTAR: a   instcat_y06_191126/01438339.tar
HTAR: a   instcat_y06_191126/01438340.tar
HTAR: a   instcat_y06_191126/01438341.tar
HTAR: a   instcat_y06_191126/01438342.tar
HTAR: a   instcat_y06_191126/01438343.tar
HTAR: a   instcat_y06_191126/01438344.tar
HTAR: a   instcat_y06_191126/01438345.tar
HTAR: a   instcat_y06_191126/01438346.tar
HTAR: a   instcat_y06_191126/01438347.tar
HTAR: a   instcat_y06_191126/01438439.tar
HTAR: a   instcat_y06_191126/01438440.tar
HTAR: a   instcat_y06_191126/01438441.tar
HTAR: a   instcat_y06_191126/01438442.tar
HTAR: a   instcat_y06_191126/01438443.tar
HTAR: a   instcat_y06_191126/01438444.tar
HTAR: a   instcat_y06_191126/01438445.tar
HTAR: a   instcat_y06_191126/01438446.tar
HTAR: a   instcat_y06_191126/01438447.tar
HTAR: a   instcat_y06_191126/01438448.tar
HTAR: a   instcat_y06_191126/01438449.tar
HTAR: a   instcat_y06_191126/01438450.tar
HTAR: a   instcat_y06_191126/01438466.tar
HTAR: a   instcat_y06_191126/01438467.tar
HTAR: a   instcat_y06_191126/01438470.tar
HTAR: a   instcat_y06_191126/01438471.tar
HTAR: a   instcat_y06_191126/01438472.tar
HTAR: a   instcat_y06_191126/01438473.tar
HTAR: a   instcat_y06_191126/01438474.tar
HTAR: a   instcat_y06_191126/01438475.tar
HTAR: a   instcat_y06_191126/01438476.tar
HTAR: a   instcat_y06_191126/01438477.tar
HTAR: a   instcat_y06_191126/01438478.tar
HTAR: a   instcat_y06_191126/01438479.tar
HTAR: a   instcat_y06_191126/01438481.tar
HTAR: a   instcat_y06_191126/01438497.tar
HTAR: a   instcat_y06_191126/01438498.tar
HTAR: a   instcat_y06_191126/01439089.tar
HTAR: a   instcat_y06_191126/01439090.tar
HTAR: a   instcat_y06_191126/01439091.tar
HTAR: a   instcat_y06_191126/01439092.tar
HTAR: a   instcat_y06_191126/01439093.tar
HTAR: a   instcat_y06_191126/01439094.tar
HTAR: a   instcat_y06_191126/01439095.tar
HTAR: a   instcat_y06_191126/01439096.tar
HTAR: a   instcat_y06_191126/01439097.tar
HTAR: a   instcat_y06_191126/01439098.tar
HTAR: a   instcat_y06_191126/01439099.tar
HTAR: a   instcat_y06_191126/01439100.tar
HTAR: a   instcat_y06_191126/01439101.tar
HTAR: a   instcat_y06_191126/01439102.tar
HTAR: a   instcat_y06_191126/01439103.tar
HTAR: a   instcat_y06_191126/01439104.tar
HTAR: a   instcat_y06_191126/01439105.tar
HTAR: a   instcat_y06_191126/01439106.tar
HTAR: a   instcat_y06_191126/01439107.tar
HTAR: a   instcat_y06_191126/01439108.tar
HTAR: a   instcat_y06_191126/01439481.tar
HTAR: a   instcat_y06_191126/01439507.tar
HTAR: a   instcat_y06_191126/01439508.tar
HTAR: a   instcat_y06_191126/01439512.tar
HTAR: a   instcat_y06_191126/01439513.tar
HTAR: a   instcat_y06_191126/01439708.tar
HTAR: a   instcat_y06_191126/01439709.tar
HTAR: a   instcat_y06_191126/01439710.tar
HTAR: a   instcat_y06_191126/01439711.tar
HTAR: a   instcat_y06_191126/01439712.tar
HTAR: a   instcat_y06_191126/01439713.tar
HTAR: a   instcat_y06_191126/01439714.tar
HTAR: a   instcat_y06_191126/01439715.tar
HTAR: a   instcat_y06_191126/01439716.tar
HTAR: a   instcat_y06_191126/01439717.tar
HTAR: a   instcat_y06_191126/01439718.tar
HTAR: a   instcat_y06_191126/01439719.tar
HTAR: a   instcat_y06_191126/01439720.tar
HTAR: a   instcat_y06_191126/01439721.tar
HTAR: a   instcat_y06_191126/01439722.tar
HTAR: a   instcat_y06_191126/01439723.tar
HTAR: a   instcat_y06_191126/01439724.tar
HTAR: a   instcat_y06_191126/01439725.tar
HTAR: a   instcat_y06_191126/01439726.tar
HTAR: a   instcat_y06_191126/01439727.tar
HTAR: a   instcat_y06_191126/01439732.tar
HTAR: a   instcat_y06_191126/01439734.tar
HTAR: a   instcat_y06_191126/01439735.tar
HTAR: a   instcat_y06_191126/01439736.tar
HTAR: a   instcat_y06_191126/01439737.tar
HTAR: a   instcat_y06_191126/01439738.tar
HTAR: a   instcat_y06_191126/01439739.tar
HTAR: a   instcat_y06_191126/01439740.tar
HTAR: a   instcat_y06_191126/01439741.tar
HTAR: a   instcat_y06_191126/01439748.tar
HTAR: a   instcat_y06_191126/01439749.tar
HTAR: a   instcat_y06_191126/01439750.tar
HTAR: a   instcat_y06_191126/01439791.tar
HTAR: a   instcat_y06_191126/01439792.tar
HTAR: a   instcat_y06_191126/01439793.tar
HTAR: a   instcat_y06_191126/01439794.tar
HTAR: a   instcat_y06_191126/01439795.tar
HTAR: a   instcat_y06_191126/01439796.tar
HTAR: a   instcat_y06_191126/01439797.tar
HTAR: a   instcat_y06_191126/01439798.tar
HTAR: a   instcat_y06_191126/01439800.tar
HTAR: a   instcat_y06_191126/01439810.tar
HTAR: a   instcat_y06_191126/01439811.tar
HTAR: a   instcat_y06_191126/01439812.tar
HTAR: a   instcat_y06_191126/01439816.tar
HTAR: a   instcat_y06_191126/01439833.tar
HTAR: a   instcat_y06_191126/01439834.tar
HTAR: a   instcat_y06_191126/01439835.tar
HTAR: a   instcat_y06_191126/01439836.tar
HTAR: a   instcat_y06_191126/01439866.tar
HTAR: a   instcat_y06_191126/01439867.tar
HTAR: a   instcat_y06_191126/job_log_01438331.txt
HTAR: a   instcat_y06_191126/job_log_01438332.txt
HTAR: a   instcat_y06_191126/job_log_01438333.txt
HTAR: a   instcat_y06_191126/job_log_01438334.txt
HTAR: a   instcat_y06_191126/job_log_01438335.txt
HTAR: a   instcat_y06_191126/job_log_01438336.txt
HTAR: a   instcat_y06_191126/job_log_01438337.txt
HTAR: a   instcat_y06_191126/job_log_01438338.txt
HTAR: a   instcat_y06_191126/job_log_01438339.txt
HTAR: a   instcat_y06_191126/job_log_01438340.txt
HTAR: a   instcat_y06_191126/job_log_01438341.txt
HTAR: a   instcat_y06_191126/job_log_01438342.txt
HTAR: a   instcat_y06_191126/job_log_01438343.txt
HTAR: a   instcat_y06_191126/job_log_01438344.txt
HTAR: a   instcat_y06_191126/job_log_01438345.txt
HTAR: a   instcat_y06_191126/job_log_01438346.txt
HTAR: a   instcat_y06_191126/job_log_01438347.txt
HTAR: a   instcat_y06_191126/job_log_01438439.txt
HTAR: a   instcat_y06_191126/job_log_01438440.txt
HTAR: a   instcat_y06_191126/job_log_01438441.txt
HTAR: a   instcat_y06_191126/job_log_01438442.txt
HTAR: a   instcat_y06_191126/job_log_01438443.txt
HTAR: a   instcat_y06_191126/job_log_01438444.txt
HTAR: a   instcat_y06_191126/job_log_01438445.txt
HTAR: a   instcat_y06_191126/job_log_01438446.txt
HTAR: a   instcat_y06_191126/job_log_01438447.txt
HTAR: a   instcat_y06_191126/job_log_01438448.txt
HTAR: a   instcat_y06_191126/job_log_01438449.txt
HTAR: a   instcat_y06_191126/job_log_01438450.txt
HTAR: a   instcat_y06_191126/job_log_01438466.txt
HTAR: a   instcat_y06_191126/job_log_01438467.txt
HTAR: a   instcat_y06_191126/job_log_01438470.txt
HTAR: a   instcat_y06_191126/job_log_01438471.txt
HTAR: a   instcat_y06_191126/job_log_01438472.txt
HTAR: a   instcat_y06_191126/job_log_01438473.txt
HTAR: a   instcat_y06_191126/job_log_01438474.txt
HTAR: a   instcat_y06_191126/job_log_01438475.txt
HTAR: a   instcat_y06_191126/job_log_01438476.txt
HTAR: a   instcat_y06_191126/job_log_01438477.txt
HTAR: a   instcat_y06_191126/job_log_01438478.txt
HTAR: a   instcat_y06_191126/job_log_01438479.txt
HTAR: a   instcat_y06_191126/job_log_01438481.txt
HTAR: a   instcat_y06_191126/job_log_01438497.txt
HTAR: a   instcat_y06_191126/job_log_01438498.txt
HTAR: a   instcat_y06_191126/job_log_01439089.txt
HTAR: a   instcat_y06_191126/job_log_01439090.txt
HTAR: a   instcat_y06_191126/job_log_01439091.txt
HTAR: a   instcat_y06_191126/job_log_01439092.txt
HTAR: a   instcat_y06_191126/job_log_01439093.txt
HTAR: a   instcat_y06_191126/job_log_01439094.txt
HTAR: a   instcat_y06_191126/job_log_01439095.txt
HTAR: a   instcat_y06_191126/job_log_01439096.txt
HTAR: a   instcat_y06_191126/job_log_01439097.txt
HTAR: a   instcat_y06_191126/job_log_01439098.txt
HTAR: a   instcat_y06_191126/job_log_01439099.txt
HTAR: a   instcat_y06_191126/job_log_01439100.txt
HTAR: a   instcat_y06_191126/job_log_01439101.txt
HTAR: a   instcat_y06_191126/job_log_01439102.txt
HTAR: a   instcat_y06_191126/job_log_01439103.txt
HTAR: a   instcat_y06_191126/job_log_01439104.txt
HTAR: a   instcat_y06_191126/job_log_01439105.txt
HTAR: a   instcat_y06_191126/job_log_01439106.txt
HTAR: a   instcat_y06_191126/job_log_01439107.txt
HTAR: a   instcat_y06_191126/job_log_01439108.txt
HTAR: a   instcat_y06_191126/job_log_01439481.txt
HTAR: a   instcat_y06_191126/job_log_01439507.txt
HTAR: a   instcat_y06_191126/job_log_01439508.txt
HTAR: a   instcat_y06_191126/job_log_01439512.txt
HTAR: a   instcat_y06_191126/job_log_01439513.txt
HTAR: a   instcat_y06_191126/job_log_01439708.txt
HTAR: a   instcat_y06_191126/job_log_01439709.txt
HTAR: a   instcat_y06_191126/job_log_01439710.txt
HTAR: a   instcat_y06_191126/job_log_01439711.txt
HTAR: a   instcat_y06_191126/job_log_01439712.txt
HTAR: a   instcat_y06_191126/job_log_01439713.txt
HTAR: a   instcat_y06_191126/job_log_01439714.txt
HTAR: a   instcat_y06_191126/job_log_01439715.txt
HTAR: a   instcat_y06_191126/job_log_01439716.txt
HTAR: a   instcat_y06_191126/job_log_01439717.txt
HTAR: a   instcat_y06_191126/job_log_01439718.txt
HTAR: a   instcat_y06_191126/job_log_01439719.txt
HTAR: a   instcat_y06_191126/job_log_01439720.txt
HTAR: a   instcat_y06_191126/job_log_01439721.txt
HTAR: a   instcat_y06_191126/job_log_01439722.txt
HTAR: a   instcat_y06_191126/job_log_01439723.txt
HTAR: a   instcat_y06_191126/job_log_01439724.txt
HTAR: a   instcat_y06_191126/job_log_01439725.txt
HTAR: a   instcat_y06_191126/job_log_01439726.txt
HTAR: a   instcat_y06_191126/job_log_01439727.txt
HTAR: a   instcat_y06_191126/job_log_01439732.txt
HTAR: a   instcat_y06_191126/job_log_01439734.txt
HTAR: a   instcat_y06_191126/job_log_01439735.txt
HTAR: a   instcat_y06_191126/job_log_01439736.txt
HTAR: a   instcat_y06_191126/job_log_01439737.txt
HTAR: a   instcat_y06_191126/job_log_01439738.txt
HTAR: a   instcat_y06_191126/job_log_01439739.txt
HTAR: a   instcat_y06_191126/job_log_01439740.txt
HTAR: a   instcat_y06_191126/job_log_01439741.txt
HTAR: a   instcat_y06_191126/job_log_01439748.txt
HTAR: a   instcat_y06_191126/job_log_01439749.txt
HTAR: a   instcat_y06_191126/job_log_01439750.txt
HTAR: a   instcat_y06_191126/job_log_01439791.txt
HTAR: a   instcat_y06_191126/job_log_01439792.txt
HTAR: a   instcat_y06_191126/job_log_01439793.txt
HTAR: a   instcat_y06_191126/job_log_01439794.txt
HTAR: a   instcat_y06_191126/job_log_01439795.txt
HTAR: a   instcat_y06_191126/job_log_01439796.txt
HTAR: a   instcat_y06_191126/job_log_01439797.txt
HTAR: a   instcat_y06_191126/job_log_01439798.txt
HTAR: a   instcat_y06_191126/job_log_01439800.txt
HTAR: a   instcat_y06_191126/job_log_01439810.txt
HTAR: a   instcat_y06_191126/job_log_01439811.txt
HTAR: a   instcat_y06_191126/job_log_01439812.txt
HTAR: a   instcat_y06_191126/job_log_01439816.txt
HTAR: a   instcat_y06_191126/job_log_01439833.txt
HTAR: a   instcat_y06_191126/job_log_01439834.txt
HTAR: a   instcat_y06_191126/job_log_01439835.txt
HTAR: a   instcat_y06_191126/job_log_01439836.txt
HTAR: a   instcat_y06_191126/job_log_01439866.txt
HTAR: a   instcat_y06_191126/job_log_01439867.txt
HTAR: a   /tmp/HTAR_CF_CHK_45662_1580783453
HTAR Create complete for /home/projects/desc/DC2_ImSim/Run2.2i/instCat/y06_191126/01438331to01439867.tar. 546,432,646,656 bytes written for 240 member files, max threads: 50 Transfer time: 3587.387 seconds (152.321 MB/s) wallclock/user/sys: 3588.666 4492.280 1408.831 seconds
HTAR: HTAR SUCCESSFUL
HTAR: a   instcat_y06_191126/01439868.tar
HTAR: a   instcat_y06_191126/01439869.tar
HTAR: a   instcat_y06_191126/01439870.tar
HTAR: a   instcat_y06_191126/01439871.tar
HTAR: a   instcat_y06_191126/01439872.tar
HTAR: a   instcat_y06_191126/01439873.tar
HTAR: a   instcat_y06_191126/01439874.tar
HTAR: a   instcat_y06_191126/01439876.tar
HTAR: a   instcat_y06_191126/01439877.tar
HTAR: a   instcat_y06_191126/01439878.tar
HTAR: a   instcat_y06_191126/01439879.tar
HTAR: a   instcat_y06_191126/01439880.tar
HTAR: a   instcat_y06_191126/01439881.tar
HTAR: a   instcat_y06_191126/01439882.tar
HTAR: a   instcat_y06_191126/01439883.tar
HTAR: a   instcat_y06_191126/01439884.tar
HTAR: a   instcat_y06_191126/01439905.tar
HTAR: a   instcat_y06_191126/01439907.tar
HTAR: a   instcat_y06_191126/01439908.tar
HTAR: a   instcat_y06_191126/01439909.tar
HTAR: a   instcat_y06_191126/01439910.tar
HTAR: a   instcat_y06_191126/01439911.tar
HTAR: a   instcat_y06_191126/01439915.tar
HTAR: a   instcat_y06_191126/01439916.tar
HTAR: a   instcat_y06_191126/01439917.tar
HTAR: a   instcat_y06_191126/01439918.tar
HTAR: a   instcat_y06_191126/01439920.tar
HTAR: a   instcat_y06_191126/01439921.tar
HTAR: a   instcat_y06_191126/01439922.tar
HTAR: a   instcat_y06_191126/01439923.tar
HTAR: a   instcat_y06_191126/01439924.tar
HTAR: a   instcat_y06_191126/01439925.tar
HTAR: a   instcat_y06_191126/01439942.tar
HTAR: a   instcat_y06_191126/01440513.tar
HTAR: a   instcat_y06_191126/01440514.tar
HTAR: a   instcat_y06_191126/01440515.tar
HTAR: a   instcat_y06_191126/01440516.tar
HTAR: a   instcat_y06_191126/01440517.tar
HTAR: a   instcat_y06_191126/01440518.tar
HTAR: a   instcat_y06_191126/01440519.tar
HTAR: a   instcat_y06_191126/01440520.tar
HTAR: a   instcat_y06_191126/01440521.tar
HTAR: a   instcat_y06_191126/01440522.tar
HTAR: a   instcat_y06_191126/01440523.tar
HTAR: a   instcat_y06_191126/01440524.tar
HTAR: a   instcat_y06_191126/01440525.tar
HTAR: a   instcat_y06_191126/01440526.tar
HTAR: a   instcat_y06_191126/01440527.tar
HTAR: a   instcat_y06_191126/01440528.tar
HTAR: a   instcat_y06_191126/01440529.tar
HTAR: a   instcat_y06_191126/01440530.tar
HTAR: a   instcat_y06_191126/01440531.tar
HTAR: a   instcat_y06_191126/01440532.tar
HTAR: a   instcat_y06_191126/01440533.tar
HTAR: a   instcat_y06_191126/01441286.tar
HTAR: a   instcat_y06_191126/01441287.tar
HTAR: a   instcat_y06_191126/01441288.tar
HTAR: a   instcat_y06_191126/01441289.tar
HTAR: a   instcat_y06_191126/01441290.tar
HTAR: a   instcat_y06_191126/01441291.tar
HTAR: a   instcat_y06_191126/01441292.tar
HTAR: a   instcat_y06_191126/01441293.tar
HTAR: a   instcat_y06_191126/01441294.tar
HTAR: a   instcat_y06_191126/01441295.tar
HTAR: a   instcat_y06_191126/01441296.tar
HTAR: a   instcat_y06_191126/01441297.tar
HTAR: a   instcat_y06_191126/01441298.tar
HTAR: a   instcat_y06_191126/01441299.tar
HTAR: a   instcat_y06_191126/01441300.tar
HTAR: a   instcat_y06_191126/01441301.tar
HTAR: a   instcat_y06_191126/01441302.tar
HTAR: a   instcat_y06_191126/01441303.tar
HTAR: a   instcat_y06_191126/01441304.tar
HTAR: a   instcat_y06_191126/01441305.tar
HTAR: a   instcat_y06_191126/01442092.tar
HTAR: a   instcat_y06_191126/01442093.tar
HTAR: a   instcat_y06_191126/01442094.tar
HTAR: a   instcat_y06_191126/01442095.tar
HTAR: a   instcat_y06_191126/01442096.tar
HTAR: a   instcat_y06_191126/01442097.tar
HTAR: a   instcat_y06_191126/01442098.tar
HTAR: a   instcat_y06_191126/01442099.tar
HTAR: a   instcat_y06_191126/01442100.tar
HTAR: a   instcat_y06_191126/01442101.tar
HTAR: a   instcat_y06_191126/01442102.tar
HTAR: a   instcat_y06_191126/01442103.tar
HTAR: a   instcat_y06_191126/01442104.tar
HTAR: a   instcat_y06_191126/01442109.tar
HTAR: a   instcat_y06_191126/01442110.tar
HTAR: a   instcat_y06_191126/01442113.tar
HTAR: a   instcat_y06_191126/01442115.tar
HTAR: a   instcat_y06_191126/01442116.tar
HTAR: a   instcat_y06_191126/01442117.tar
HTAR: a   instcat_y06_191126/01442118.tar
HTAR: a   instcat_y06_191126/01442133.tar
HTAR: a   instcat_y06_191126/01442134.tar
HTAR: a   instcat_y06_191126/01442135.tar
HTAR: a   instcat_y06_191126/01442136.tar
HTAR: a   instcat_y06_191126/01442137.tar
HTAR: a   instcat_y06_191126/01442138.tar
HTAR: a   instcat_y06_191126/01442139.tar
HTAR: a   instcat_y06_191126/01442140.tar
HTAR: a   instcat_y06_191126/01442141.tar
HTAR: a   instcat_y06_191126/01442142.tar
HTAR: a   instcat_y06_191126/01442148.tar
HTAR: a   instcat_y06_191126/01442151.tar
HTAR: a   instcat_y06_191126/01442187.tar
HTAR: a   instcat_y06_191126/01442190.tar
HTAR: a   instcat_y06_191126/01442191.tar
HTAR: a   instcat_y06_191126/01442197.tar
HTAR: a   instcat_y06_191126/01442198.tar
HTAR: a   instcat_y06_191126/01442199.tar
HTAR: a   instcat_y06_191126/01442200.tar
HTAR: a   instcat_y06_191126/01442201.tar
HTAR: a   instcat_y06_191126/01442202.tar
HTAR: a   instcat_y06_191126/01442230.tar
HTAR: a   instcat_y06_191126/01442231.tar
HTAR: a   instcat_y06_191126/01442232.tar
HTAR: a   instcat_y06_191126/01442233.tar
HTAR: a   instcat_y06_191126/01442235.tar
HTAR: a   instcat_y06_191126/job_log_01439868.txt
HTAR: a   instcat_y06_191126/job_log_01439869.txt
HTAR: a   instcat_y06_191126/job_log_01439870.txt
HTAR: a   instcat_y06_191126/job_log_01439871.txt
HTAR: a   instcat_y06_191126/job_log_01439872.txt
HTAR: a   instcat_y06_191126/job_log_01439873.txt
HTAR: a   instcat_y06_191126/job_log_01439874.txt
HTAR: a   instcat_y06_191126/job_log_01439876.txt
HTAR: a   instcat_y06_191126/job_log_01439877.txt
HTAR: a   instcat_y06_191126/job_log_01439878.txt
HTAR: a   instcat_y06_191126/job_log_01439879.txt
HTAR: a   instcat_y06_191126/job_log_01439880.txt
HTAR: a   instcat_y06_191126/job_log_01439881.txt
HTAR: a   instcat_y06_191126/job_log_01439882.txt
HTAR: a   instcat_y06_191126/job_log_01439883.txt
HTAR: a   instcat_y06_191126/job_log_01439884.txt
HTAR: a   instcat_y06_191126/job_log_01439905.txt
HTAR: a   instcat_y06_191126/job_log_01439907.txt
HTAR: a   instcat_y06_191126/job_log_01439908.txt
HTAR: a   instcat_y06_191126/job_log_01439909.txt
HTAR: a   instcat_y06_191126/job_log_01439910.txt
HTAR: a   instcat_y06_191126/job_log_01439911.txt
HTAR: a   instcat_y06_191126/job_log_01439915.txt
HTAR: a   instcat_y06_191126/job_log_01439916.txt
HTAR: a   instcat_y06_191126/job_log_01439917.txt
HTAR: a   instcat_y06_191126/job_log_01439918.txt
HTAR: a   instcat_y06_191126/job_log_01439920.txt
HTAR: a   instcat_y06_191126/job_log_01439921.txt
HTAR: a   instcat_y06_191126/job_log_01439922.txt
HTAR: a   instcat_y06_191126/job_log_01439923.txt
HTAR: a   instcat_y06_191126/job_log_01439924.txt
HTAR: a   instcat_y06_191126/job_log_01439925.txt
HTAR: a   instcat_y06_191126/job_log_01439942.txt
HTAR: a   instcat_y06_191126/job_log_01440513.txt
HTAR: a   instcat_y06_191126/job_log_01440514.txt
HTAR: a   instcat_y06_191126/job_log_01440515.txt
HTAR: a   instcat_y06_191126/job_log_01440516.txt
HTAR: a   instcat_y06_191126/job_log_01440517.txt
HTAR: a   instcat_y06_191126/job_log_01440518.txt
HTAR: a   instcat_y06_191126/job_log_01440519.txt
HTAR: a   instcat_y06_191126/job_log_01440520.txt
HTAR: a   instcat_y06_191126/job_log_01440521.txt
HTAR: a   instcat_y06_191126/job_log_01440522.txt
HTAR: a   instcat_y06_191126/job_log_01440523.txt
HTAR: a   instcat_y06_191126/job_log_01440524.txt
HTAR: a   instcat_y06_191126/job_log_01440525.txt
HTAR: a   instcat_y06_191126/job_log_01440526.txt
HTAR: a   instcat_y06_191126/job_log_01440527.txt
HTAR: a   instcat_y06_191126/job_log_01440528.txt
HTAR: a   instcat_y06_191126/job_log_01440529.txt
HTAR: a   instcat_y06_191126/job_log_01440530.txt
HTAR: a   instcat_y06_191126/job_log_01440531.txt
HTAR: a   instcat_y06_191126/job_log_01440532.txt
HTAR: a   instcat_y06_191126/job_log_01440533.txt
HTAR: a   instcat_y06_191126/job_log_01441286.txt
HTAR: a   instcat_y06_191126/job_log_01441287.txt
HTAR: a   instcat_y06_191126/job_log_01441288.txt
HTAR: a   instcat_y06_191126/job_log_01441289.txt
HTAR: a   instcat_y06_191126/job_log_01441290.txt
HTAR: a   instcat_y06_191126/job_log_01441291.txt
HTAR: a   instcat_y06_191126/job_log_01441292.txt
HTAR: a   instcat_y06_191126/job_log_01441293.txt
HTAR: a   instcat_y06_191126/job_log_01441294.txt
HTAR: a   instcat_y06_191126/job_log_01441295.txt
HTAR: a   instcat_y06_191126/job_log_01441296.txt
HTAR: a   instcat_y06_191126/job_log_01441297.txt
HTAR: a   instcat_y06_191126/job_log_01441298.txt
HTAR: a   instcat_y06_191126/job_log_01441299.txt
HTAR: a   instcat_y06_191126/job_log_01441300.txt
HTAR: a   instcat_y06_191126/job_log_01441301.txt
HTAR: a   instcat_y06_191126/job_log_01441302.txt
HTAR: a   instcat_y06_191126/job_log_01441303.txt
HTAR: a   instcat_y06_191126/job_log_01441304.txt
HTAR: a   instcat_y06_191126/job_log_01441305.txt
HTAR: a   instcat_y06_191126/job_log_01442092.txt
HTAR: a   instcat_y06_191126/job_log_01442093.txt
HTAR: a   instcat_y06_191126/job_log_01442094.txt
HTAR: a   instcat_y06_191126/job_log_01442095.txt
HTAR: a   instcat_y06_191126/job_log_01442096.txt
HTAR: a   instcat_y06_191126/job_log_01442097.txt
HTAR: a   instcat_y06_191126/job_log_01442098.txt
HTAR: a   instcat_y06_191126/job_log_01442099.txt
HTAR: a   instcat_y06_191126/job_log_01442100.txt
HTAR: a   instcat_y06_191126/job_log_01442101.txt
HTAR: a   instcat_y06_191126/job_log_01442102.txt
HTAR: a   instcat_y06_191126/job_log_01442103.txt
HTAR: a   instcat_y06_191126/job_log_01442104.txt
HTAR: a   instcat_y06_191126/job_log_01442109.txt
HTAR: a   instcat_y06_191126/job_log_01442110.txt
HTAR: a   instcat_y06_191126/job_log_01442113.txt
HTAR: a   instcat_y06_191126/job_log_01442115.txt
HTAR: a   instcat_y06_191126/job_log_01442116.txt
HTAR: a   instcat_y06_191126/job_log_01442117.txt
HTAR: a   instcat_y06_191126/job_log_01442118.txt
HTAR: a   instcat_y06_191126/job_log_01442133.txt
HTAR: a   instcat_y06_191126/job_log_01442134.txt
HTAR: a   instcat_y06_191126/job_log_01442135.txt
HTAR: a   instcat_y06_191126/job_log_01442136.txt
HTAR: a   instcat_y06_191126/job_log_01442137.txt
HTAR: a   instcat_y06_191126/job_log_01442138.txt
HTAR: a   instcat_y06_191126/job_log_01442139.txt
HTAR: a   instcat_y06_191126/job_log_01442140.txt
HTAR: a   instcat_y06_191126/job_log_01442141.txt
HTAR: a   instcat_y06_191126/job_log_01442142.txt
HTAR: a   instcat_y06_191126/job_log_01442148.txt
HTAR: a   instcat_y06_191126/job_log_01442151.txt
HTAR: a   instcat_y06_191126/job_log_01442187.txt
HTAR: a   instcat_y06_191126/job_log_01442190.txt
HTAR: a   instcat_y06_191126/job_log_01442191.txt
HTAR: a   instcat_y06_191126/job_log_01442197.txt
HTAR: a   instcat_y06_191126/job_log_01442198.txt
HTAR: a   instcat_y06_191126/job_log_01442199.txt
HTAR: a   instcat_y06_191126/job_log_01442200.txt
HTAR: a   instcat_y06_191126/job_log_01442201.txt
HTAR: a   instcat_y06_191126/job_log_01442202.txt
HTAR: a   instcat_y06_191126/job_log_01442230.txt
HTAR: a   instcat_y06_191126/job_log_01442231.txt
HTAR: a   instcat_y06_191126/job_log_01442232.txt
HTAR: a   instcat_y06_191126/job_log_01442233.txt
HTAR: a   instcat_y06_191126/job_log_01442235.txt
HTAR: a   /tmp/HTAR_CF_CHK_29861_1580787044
HTAR Create complete for /home/projects/desc/DC2_ImSim/Run2.2i/instCat/y06_191126/01439868to01442235.tar. 553,412,476,416 bytes written for 240 member files, max threads: 50 Transfer time: 3561.502 seconds (155.387 MB/s) wallclock/user/sys: 3562.608 4406.336 1304.951 seconds
HTAR: HTAR SUCCESSFUL
HTAR: a   instcat_y06_191126/01442236.tar
HTAR: a   instcat_y06_191126/01442237.tar
HTAR: a   instcat_y06_191126/01442239.tar
HTAR: a   instcat_y06_191126/01442242.tar
HTAR: a   instcat_y06_191126/01442266.tar
HTAR: a   instcat_y06_191126/01442267.tar
HTAR: a   instcat_y06_191126/01442268.tar
HTAR: a   instcat_y06_191126/01442307.tar
HTAR: a   instcat_y06_191126/01442519.tar
HTAR: a   instcat_y06_191126/01442520.tar
HTAR: a   instcat_y06_191126/01442521.tar
HTAR: a   instcat_y06_191126/01442522.tar
HTAR: a   instcat_y06_191126/01442544.tar
HTAR: a   instcat_y06_191126/01442545.tar
HTAR: a   instcat_y06_191126/01442546.tar
HTAR: a   instcat_y06_191126/01442591.tar
HTAR: a   instcat_y06_191126/01442592.tar
HTAR: a   instcat_y06_191126/01442593.tar
HTAR: a   instcat_y06_191126/01442594.tar
HTAR: a   instcat_y06_191126/01442595.tar
HTAR: a   instcat_y06_191126/01442596.tar
HTAR: a   instcat_y06_191126/01442597.tar
HTAR: a   instcat_y06_191126/01442630.tar
HTAR: a   instcat_y06_191126/01442631.tar
HTAR: a   instcat_y06_191126/01442632.tar
HTAR: a   instcat_y06_191126/01442633.tar
HTAR: a   instcat_y06_191126/01442634.tar
HTAR: a   instcat_y06_191126/01442635.tar
HTAR: a   instcat_y06_191126/01442636.tar
HTAR: a   instcat_y06_191126/01442672.tar
HTAR: a   instcat_y06_191126/01442679.tar
HTAR: a   instcat_y06_191126/01442687.tar
HTAR: a   instcat_y06_191126/01442707.tar
HTAR: a   instcat_y06_191126/01442728.tar
HTAR: a   instcat_y06_191126/01442746.tar
HTAR: a   instcat_y06_191126/01442747.tar
HTAR: a   instcat_y06_191126/01442748.tar
HTAR: a   instcat_y06_191126/01442749.tar
HTAR: a   instcat_y06_191126/01442750.tar
HTAR: a   instcat_y06_191126/01442751.tar
HTAR: a   instcat_y06_191126/01442752.tar
HTAR: a   instcat_y06_191126/01442779.tar
HTAR: a   instcat_y06_191126/01442780.tar
HTAR: a   instcat_y06_191126/01442781.tar
HTAR: a   instcat_y06_191126/01442782.tar
HTAR: a   instcat_y06_191126/01442783.tar
HTAR: a   instcat_y06_191126/01442784.tar
HTAR: a   instcat_y06_191126/01442785.tar
HTAR: a   instcat_y06_191126/01442787.tar
HTAR: a   instcat_y06_191126/01442788.tar
HTAR: a   instcat_y06_191126/01442789.tar
HTAR: a   instcat_y06_191126/01442790.tar
HTAR: a   instcat_y06_191126/01442791.tar
HTAR: a   instcat_y06_191126/01442815.tar
HTAR: a   instcat_y06_191126/01442816.tar
HTAR: a   instcat_y06_191126/01442817.tar
HTAR: a   instcat_y06_191126/01442818.tar
HTAR: a   instcat_y06_191126/01442819.tar
HTAR: a   instcat_y06_191126/01442820.tar
HTAR: a   instcat_y06_191126/01442846.tar
HTAR: a   instcat_y06_191126/01442848.tar
HTAR: a   instcat_y06_191126/01442896.tar
HTAR: a   instcat_y06_191126/01443137.tar
HTAR: a   instcat_y06_191126/01443151.tar
HTAR: a   instcat_y06_191126/01443158.tar
HTAR: a   instcat_y06_191126/01443159.tar
HTAR: a   instcat_y06_191126/01443160.tar
HTAR: a   instcat_y06_191126/01443161.tar
HTAR: a   instcat_y06_191126/01443173.tar
HTAR: a   instcat_y06_191126/01443174.tar
HTAR: a   instcat_y06_191126/01443175.tar
HTAR: a   instcat_y06_191126/01443176.tar
HTAR: a   instcat_y06_191126/01443177.tar
HTAR: a   instcat_y06_191126/01443178.tar
HTAR: a   instcat_y06_191126/01443187.tar
HTAR: a   instcat_y06_191126/01443188.tar
HTAR: a   instcat_y06_191126/01443189.tar
HTAR: a   instcat_y06_191126/01443190.tar
HTAR: a   instcat_y06_191126/01443191.tar
HTAR: a   instcat_y06_191126/01443192.tar
HTAR: a   instcat_y06_191126/01443193.tar
HTAR: a   instcat_y06_191126/01443203.tar
HTAR: a   instcat_y06_191126/01443204.tar
HTAR: a   instcat_y06_191126/01443205.tar
HTAR: a   instcat_y06_191126/01443210.tar
HTAR: a   instcat_y06_191126/01443211.tar
HTAR: a   instcat_y06_191126/01443212.tar
HTAR: a   instcat_y06_191126/01443213.tar
HTAR: a   instcat_y06_191126/01443214.tar
HTAR: a   instcat_y06_191126/01443215.tar
HTAR: a   instcat_y06_191126/01443217.tar
HTAR: a   instcat_y06_191126/01443218.tar
HTAR: a   instcat_y06_191126/01443219.tar
HTAR: a   instcat_y06_191126/01443220.tar
HTAR: a   instcat_y06_191126/01443221.tar
HTAR: a   instcat_y06_191126/01443222.tar
HTAR: a   instcat_y06_191126/01443223.tar
HTAR: a   instcat_y06_191126/01443274.tar
HTAR: a   instcat_y06_191126/01443276.tar
HTAR: a   instcat_y06_191126/01443277.tar
HTAR: a   instcat_y06_191126/01443278.tar
HTAR: a   instcat_y06_191126/01443279.tar
HTAR: a   instcat_y06_191126/01443280.tar
HTAR: a   instcat_y06_191126/01443281.tar
HTAR: a   instcat_y06_191126/01443283.tar
HTAR: a   instcat_y06_191126/01443284.tar
HTAR: a   instcat_y06_191126/01443285.tar
HTAR: a   instcat_y06_191126/01443286.tar
HTAR: a   instcat_y06_191126/01443287.tar
HTAR: a   instcat_y06_191126/01443288.tar
HTAR: a   instcat_y06_191126/01443289.tar
HTAR: a   instcat_y06_191126/01443290.tar
HTAR: a   instcat_y06_191126/01443291.tar
HTAR: a   instcat_y06_191126/01443292.tar
HTAR: a   instcat_y06_191126/01443293.tar
HTAR: a   instcat_y06_191126/01443294.tar
HTAR: a   instcat_y06_191126/01443295.tar
HTAR: a   instcat_y06_191126/01443296.tar
HTAR: a   instcat_y06_191126/01443298.tar
HTAR: a   instcat_y06_191126/01443365.tar
HTAR: a   instcat_y06_191126/job_log_01442236.txt
HTAR: a   instcat_y06_191126/job_log_01442237.txt
HTAR: a   instcat_y06_191126/job_log_01442239.txt
HTAR: a   instcat_y06_191126/job_log_01442242.txt
HTAR: a   instcat_y06_191126/job_log_01442266.txt
HTAR: a   instcat_y06_191126/job_log_01442267.txt
HTAR: a   instcat_y06_191126/job_log_01442268.txt
HTAR: a   instcat_y06_191126/job_log_01442307.txt
HTAR: a   instcat_y06_191126/job_log_01442519.txt
HTAR: a   instcat_y06_191126/job_log_01442520.txt
HTAR: a   instcat_y06_191126/job_log_01442521.txt
HTAR: a   instcat_y06_191126/job_log_01442522.txt
HTAR: a   instcat_y06_191126/job_log_01442544.txt
HTAR: a   instcat_y06_191126/job_log_01442545.txt
HTAR: a   instcat_y06_191126/job_log_01442546.txt
HTAR: a   instcat_y06_191126/job_log_01442591.txt
HTAR: a   instcat_y06_191126/job_log_01442592.txt
HTAR: a   instcat_y06_191126/job_log_01442593.txt
HTAR: a   instcat_y06_191126/job_log_01442594.txt
HTAR: a   instcat_y06_191126/job_log_01442595.txt
HTAR: a   instcat_y06_191126/job_log_01442596.txt
HTAR: a   instcat_y06_191126/job_log_01442597.txt
HTAR: a   instcat_y06_191126/job_log_01442630.txt
HTAR: a   instcat_y06_191126/job_log_01442631.txt
HTAR: a   instcat_y06_191126/job_log_01442632.txt
HTAR: a   instcat_y06_191126/job_log_01442633.txt
HTAR: a   instcat_y06_191126/job_log_01442634.txt
HTAR: a   instcat_y06_191126/job_log_01442635.txt
HTAR: a   instcat_y06_191126/job_log_01442636.txt
HTAR: a   instcat_y06_191126/job_log_01442672.txt
HTAR: a   instcat_y06_191126/job_log_01442679.txt
HTAR: a   instcat_y06_191126/job_log_01442687.txt
HTAR: a   instcat_y06_191126/job_log_01442707.txt
HTAR: a   instcat_y06_191126/job_log_01442728.txt
HTAR: a   instcat_y06_191126/job_log_01442746.txt
HTAR: a   instcat_y06_191126/job_log_01442747.txt
HTAR: a   instcat_y06_191126/job_log_01442748.txt
HTAR: a   instcat_y06_191126/job_log_01442749.txt
HTAR: a   instcat_y06_191126/job_log_01442750.txt
HTAR: a   instcat_y06_191126/job_log_01442751.txt
HTAR: a   instcat_y06_191126/job_log_01442752.txt
HTAR: a   instcat_y06_191126/job_log_01442779.txt
HTAR: a   instcat_y06_191126/job_log_01442780.txt
HTAR: a   instcat_y06_191126/job_log_01442781.txt
HTAR: a   instcat_y06_191126/job_log_01442782.txt
HTAR: a   instcat_y06_191126/job_log_01442783.txt
HTAR: a   instcat_y06_191126/job_log_01442784.txt
HTAR: a   instcat_y06_191126/job_log_01442785.txt
HTAR: a   instcat_y06_191126/job_log_01442787.txt
HTAR: a   instcat_y06_191126/job_log_01442788.txt
HTAR: a   instcat_y06_191126/job_log_01442789.txt
HTAR: a   instcat_y06_191126/job_log_01442790.txt
HTAR: a   instcat_y06_191126/job_log_01442791.txt
HTAR: a   instcat_y06_191126/job_log_01442815.txt
HTAR: a   instcat_y06_191126/job_log_01442816.txt
HTAR: a   instcat_y06_191126/job_log_01442817.txt
HTAR: a   instcat_y06_191126/job_log_01442818.txt
HTAR: a   instcat_y06_191126/job_log_01442819.txt
HTAR: a   instcat_y06_191126/job_log_01442820.txt
HTAR: a   instcat_y06_191126/job_log_01442846.txt
HTAR: a   instcat_y06_191126/job_log_01442848.txt
HTAR: a   instcat_y06_191126/job_log_01442896.txt
HTAR: a   instcat_y06_191126/job_log_01443137.txt
HTAR: a   instcat_y06_191126/job_log_01443151.txt
HTAR: a   instcat_y06_191126/job_log_01443158.txt
HTAR: a   instcat_y06_191126/job_log_01443159.txt
HTAR: a   instcat_y06_191126/job_log_01443160.txt
HTAR: a   instcat_y06_191126/job_log_01443161.txt
HTAR: a   instcat_y06_191126/job_log_01443173.txt
HTAR: a   instcat_y06_191126/job_log_01443174.txt
HTAR: a   instcat_y06_191126/job_log_01443175.txt
HTAR: a   instcat_y06_191126/job_log_01443176.txt
HTAR: a   instcat_y06_191126/job_log_01443177.txt
HTAR: a   instcat_y06_191126/job_log_01443178.txt
HTAR: a   instcat_y06_191126/job_log_01443187.txt
HTAR: a   instcat_y06_191126/job_log_01443188.txt
HTAR: a   instcat_y06_191126/job_log_01443189.txt
HTAR: a   instcat_y06_191126/job_log_01443190.txt
HTAR: a   instcat_y06_191126/job_log_01443191.txt
HTAR: a   instcat_y06_191126/job_log_01443192.txt
HTAR: a   instcat_y06_191126/job_log_01443193.txt
HTAR: a   instcat_y06_191126/job_log_01443203.txt
HTAR: a   instcat_y06_191126/job_log_01443204.txt
HTAR: a   instcat_y06_191126/job_log_01443205.txt
HTAR: a   instcat_y06_191126/job_log_01443210.txt
HTAR: a   instcat_y06_191126/job_log_01443211.txt
HTAR: a   instcat_y06_191126/job_log_01443212.txt
HTAR: a   instcat_y06_191126/job_log_01443213.txt
HTAR: a   instcat_y06_191126/job_log_01443214.txt
HTAR: a   instcat_y06_191126/job_log_01443215.txt
HTAR: a   instcat_y06_191126/job_log_01443217.txt
HTAR: a   instcat_y06_191126/job_log_01443218.txt
HTAR: a   instcat_y06_191126/job_log_01443219.txt
HTAR: a   instcat_y06_191126/job_log_01443220.txt
HTAR: a   instcat_y06_191126/job_log_01443221.txt
HTAR: a   instcat_y06_191126/job_log_01443222.txt
HTAR: a   instcat_y06_191126/job_log_01443223.txt
HTAR: a   instcat_y06_191126/job_log_01443274.txt
HTAR: a   instcat_y06_191126/job_log_01443276.txt
HTAR: a   instcat_y06_191126/job_log_01443277.txt
HTAR: a   instcat_y06_191126/job_log_01443278.txt
HTAR: a   instcat_y06_191126/job_log_01443279.txt
HTAR: a   instcat_y06_191126/job_log_01443280.txt
HTAR: a   instcat_y06_191126/job_log_01443281.txt
HTAR: a   instcat_y06_191126/job_log_01443283.txt
HTAR: a   instcat_y06_191126/job_log_01443284.txt
HTAR: a   instcat_y06_191126/job_log_01443285.txt
HTAR: a   instcat_y06_191126/job_log_01443286.txt
HTAR: a   instcat_y06_191126/job_log_01443287.txt
HTAR: a   instcat_y06_191126/job_log_01443288.txt
HTAR: a   instcat_y06_191126/job_log_01443289.txt
HTAR: a   instcat_y06_191126/job_log_01443290.txt
HTAR: a   instcat_y06_191126/job_log_01443291.txt
HTAR: a   instcat_y06_191126/job_log_01443292.txt
HTAR: a   instcat_y06_191126/job_log_01443293.txt
HTAR: a   instcat_y06_191126/job_log_01443294.txt
HTAR: a   instcat_y06_191126/job_log_01443295.txt
HTAR: a   instcat_y06_191126/job_log_01443296.txt
HTAR: a   instcat_y06_191126/job_log_01443298.txt
HTAR: a   instcat_y06_191126/job_log_01443365.txt
HTAR: a   /tmp/HTAR_CF_CHK_5211_1580790610
HTAR Create complete for /home/projects/desc/DC2_ImSim/Run2.2i/instCat/y06_191126/01442236to01443365.tar. 526,953,606,656 bytes written for 240 member files, max threads: 50 Transfer time: 3258.060 seconds (161.738 MB/s) wallclock/user/sys: 3259.358 4132.223 1198.128 seconds
HTAR: HTAR SUCCESSFUL
HTAR: a   instcat_y06_191126/01443377.tar
HTAR: a   instcat_y06_191126/01443378.tar
HTAR: a   instcat_y06_191126/01443791.tar
HTAR: a   instcat_y06_191126/01443792.tar
HTAR: a   instcat_y06_191126/01443793.tar
HTAR: a   instcat_y06_191126/01443794.tar
HTAR: a   instcat_y06_191126/01443795.tar
HTAR: a   instcat_y06_191126/01443796.tar
HTAR: a   instcat_y06_191126/01443797.tar
HTAR: a   instcat_y06_191126/01443807.tar
HTAR: a   instcat_y06_191126/01443809.tar
HTAR: a   instcat_y06_191126/01443838.tar
HTAR: a   instcat_y06_191126/01443839.tar
HTAR: a   instcat_y06_191126/01443853.tar
HTAR: a   instcat_y06_191126/01443868.tar
HTAR: a   instcat_y06_191126/01443869.tar
HTAR: a   instcat_y06_191126/01443870.tar
HTAR: a   instcat_y06_191126/01443871.tar
HTAR: a   instcat_y06_191126/01443872.tar
HTAR: a   instcat_y06_191126/01443873.tar
HTAR: a   instcat_y06_191126/01443874.tar
HTAR: a   instcat_y06_191126/01443878.tar
HTAR: a   instcat_y06_191126/01443879.tar
HTAR: a   instcat_y06_191126/01443880.tar
HTAR: a   instcat_y06_191126/01443881.tar
HTAR: a   instcat_y06_191126/01443882.tar
HTAR: a   instcat_y06_191126/01443883.tar
HTAR: a   instcat_y06_191126/01443884.tar
HTAR: a   instcat_y06_191126/01443885.tar
HTAR: a   instcat_y06_191126/01443886.tar
HTAR: a   instcat_y06_191126/01443889.tar
HTAR: a   instcat_y06_191126/01443890.tar
HTAR: a   instcat_y06_191126/01443891.tar
HTAR: a   instcat_y06_191126/01443892.tar
HTAR: a   instcat_y06_191126/01443893.tar
HTAR: a   instcat_y06_191126/01443894.tar
HTAR: a   instcat_y06_191126/01443895.tar
HTAR: a   instcat_y06_191126/01443896.tar
HTAR: a   instcat_y06_191126/01443897.tar
HTAR: a   instcat_y06_191126/01443898.tar
HTAR: a   instcat_y06_191126/01443899.tar
HTAR: a   instcat_y06_191126/01443900.tar
HTAR: a   instcat_y06_191126/01443901.tar
HTAR: a   instcat_y06_191126/01443911.tar
HTAR: a   instcat_y06_191126/01443912.tar
HTAR: a   instcat_y06_191126/01443913.tar
HTAR: a   instcat_y06_191126/01443924.tar
HTAR: a   instcat_y06_191126/01443925.tar
HTAR: a   instcat_y06_191126/01443926.tar
HTAR: a   instcat_y06_191126/01443927.tar
HTAR: a   instcat_y06_191126/01443928.tar
HTAR: a   instcat_y06_191126/01443929.tar
HTAR: a   instcat_y06_191126/01443930.tar
HTAR: a   instcat_y06_191126/01443937.tar
HTAR: a   instcat_y06_191126/01443938.tar
HTAR: a   instcat_y06_191126/01443947.tar
HTAR: a   instcat_y06_191126/01443948.tar
HTAR: a   instcat_y06_191126/01443949.tar
HTAR: a   instcat_y06_191126/01443950.tar
HTAR: a   instcat_y06_191126/01443951.tar
HTAR: a   instcat_y06_191126/01443952.tar
HTAR: a   instcat_y06_191126/01443953.tar
HTAR: a   instcat_y06_191126/01443966.tar
HTAR: a   instcat_y06_191126/01444003.tar
HTAR: a   instcat_y06_191126/01444004.tar
HTAR: a   instcat_y06_191126/01444005.tar
HTAR: a   instcat_y06_191126/01444006.tar
HTAR: a   instcat_y06_191126/01444668.tar
HTAR: a   instcat_y06_191126/01444669.tar
HTAR: a   instcat_y06_191126/01444670.tar
HTAR: a   instcat_y06_191126/01444671.tar
HTAR: a   instcat_y06_191126/01444672.tar
HTAR: a   instcat_y06_191126/01444673.tar
HTAR: a   instcat_y06_191126/01444674.tar
HTAR: a   instcat_y06_191126/01444675.tar
HTAR: a   instcat_y06_191126/01444710.tar
HTAR: a   instcat_y06_191126/01444711.tar
HTAR: a   instcat_y06_191126/01444712.tar
HTAR: a   instcat_y06_191126/01444713.tar
HTAR: a   instcat_y06_191126/01444714.tar
HTAR: a   instcat_y06_191126/01444715.tar
HTAR: a   instcat_y06_191126/01444716.tar
HTAR: a   instcat_y06_191126/01444717.tar
HTAR: a   instcat_y06_191126/01444720.tar
HTAR: a   instcat_y06_191126/01444903.tar
HTAR: a   instcat_y06_191126/01444904.tar
HTAR: a   instcat_y06_191126/01444935.tar
HTAR: a   instcat_y06_191126/01444936.tar
HTAR: a   instcat_y06_191126/01444937.tar
HTAR: a   instcat_y06_191126/01444966.tar
HTAR: a   instcat_y06_191126/01444967.tar
HTAR: a   instcat_y06_191126/01444968.tar
HTAR: a   instcat_y06_191126/01444969.tar
HTAR: a   instcat_y06_191126/01444989.tar
HTAR: a   instcat_y06_191126/01444990.tar
HTAR: a   instcat_y06_191126/01445001.tar
HTAR: a   instcat_y06_191126/01445002.tar
HTAR: a   instcat_y06_191126/01445003.tar
HTAR: a   instcat_y06_191126/01445005.tar
HTAR: a   instcat_y06_191126/01445006.tar
HTAR: a   instcat_y06_191126/01445029.tar
HTAR: a   instcat_y06_191126/01445030.tar
HTAR: a   instcat_y06_191126/01445031.tar
HTAR: a   instcat_y06_191126/01445034.tar
HTAR: a   instcat_y06_191126/01445042.tar
HTAR: a   instcat_y06_191126/01445043.tar
HTAR: a   instcat_y06_191126/01445044.tar
HTAR: a   instcat_y06_191126/01445045.tar
HTAR: a   instcat_y06_191126/01445046.tar
HTAR: a   instcat_y06_191126/01445070.tar
HTAR: a   instcat_y06_191126/01445074.tar
HTAR: a   instcat_y06_191126/01445075.tar
HTAR: a   instcat_y06_191126/01445076.tar
HTAR: a   instcat_y06_191126/01445077.tar
HTAR: a   instcat_y06_191126/01445078.tar
HTAR: a   instcat_y06_191126/01445080.tar
HTAR: a   instcat_y06_191126/01445081.tar
HTAR: a   instcat_y06_191126/01445082.tar
HTAR: a   instcat_y06_191126/01445083.tar
HTAR: a   instcat_y06_191126/01445084.tar
HTAR: a   instcat_y06_191126/job_log_01443377.txt
HTAR: a   instcat_y06_191126/job_log_01443378.txt
HTAR: a   instcat_y06_191126/job_log_01443791.txt
HTAR: a   instcat_y06_191126/job_log_01443792.txt
HTAR: a   instcat_y06_191126/job_log_01443793.txt
HTAR: a   instcat_y06_191126/job_log_01443794.txt
HTAR: a   instcat_y06_191126/job_log_01443795.txt
HTAR: a   instcat_y06_191126/job_log_01443796.txt
HTAR: a   instcat_y06_191126/job_log_01443797.txt
HTAR: a   instcat_y06_191126/job_log_01443807.txt
HTAR: a   instcat_y06_191126/job_log_01443809.txt
HTAR: a   instcat_y06_191126/job_log_01443838.txt
HTAR: a   instcat_y06_191126/job_log_01443839.txt
HTAR: a   instcat_y06_191126/job_log_01443853.txt
HTAR: a   instcat_y06_191126/job_log_01443868.txt
HTAR: a   instcat_y06_191126/job_log_01443869.txt
HTAR: a   instcat_y06_191126/job_log_01443870.txt
HTAR: a   instcat_y06_191126/job_log_01443871.txt
HTAR: a   instcat_y06_191126/job_log_01443872.txt
HTAR: a   instcat_y06_191126/job_log_01443873.txt
HTAR: a   instcat_y06_191126/job_log_01443874.txt
HTAR: a   instcat_y06_191126/job_log_01443878.txt
HTAR: a   instcat_y06_191126/job_log_01443879.txt
HTAR: a   instcat_y06_191126/job_log_01443880.txt
HTAR: a   instcat_y06_191126/job_log_01443881.txt
HTAR: a   instcat_y06_191126/job_log_01443882.txt
HTAR: a   instcat_y06_191126/job_log_01443883.txt
HTAR: a   instcat_y06_191126/job_log_01443884.txt
HTAR: a   instcat_y06_191126/job_log_01443885.txt
HTAR: a   instcat_y06_191126/job_log_01443886.txt
HTAR: a   instcat_y06_191126/job_log_01443889.txt
HTAR: a   instcat_y06_191126/job_log_01443890.txt
HTAR: a   instcat_y06_191126/job_log_01443891.txt
HTAR: a   instcat_y06_191126/job_log_01443892.txt
HTAR: a   instcat_y06_191126/job_log_01443893.txt
HTAR: a   instcat_y06_191126/job_log_01443894.txt
HTAR: a   instcat_y06_191126/job_log_01443895.txt
HTAR: a   instcat_y06_191126/job_log_01443896.txt
HTAR: a   instcat_y06_191126/job_log_01443897.txt
HTAR: a   instcat_y06_191126/job_log_01443898.txt
HTAR: a   instcat_y06_191126/job_log_01443899.txt
HTAR: a   instcat_y06_191126/job_log_01443900.txt
HTAR: a   instcat_y06_191126/job_log_01443901.txt
HTAR: a   instcat_y06_191126/job_log_01443911.txt
HTAR: a   instcat_y06_191126/job_log_01443912.txt
HTAR: a   instcat_y06_191126/job_log_01443913.txt
HTAR: a   instcat_y06_191126/job_log_01443924.txt
HTAR: a   instcat_y06_191126/job_log_01443925.txt
HTAR: a   instcat_y06_191126/job_log_01443926.txt
HTAR: a   instcat_y06_191126/job_log_01443927.txt
HTAR: a   instcat_y06_191126/job_log_01443928.txt
HTAR: a   instcat_y06_191126/job_log_01443929.txt
HTAR: a   instcat_y06_191126/job_log_01443930.txt
HTAR: a   instcat_y06_191126/job_log_01443937.txt
HTAR: a   instcat_y06_191126/job_log_01443938.txt
HTAR: a   instcat_y06_191126/job_log_01443947.txt
HTAR: a   instcat_y06_191126/job_log_01443948.txt
HTAR: a   instcat_y06_191126/job_log_01443949.txt
HTAR: a   instcat_y06_191126/job_log_01443950.txt
HTAR: a   instcat_y06_191126/job_log_01443951.txt
HTAR: a   instcat_y06_191126/job_log_01443952.txt
HTAR: a   instcat_y06_191126/job_log_01443953.txt
HTAR: a   instcat_y06_191126/job_log_01443966.txt
HTAR: a   instcat_y06_191126/job_log_01444003.txt
HTAR: a   instcat_y06_191126/job_log_01444004.txt
HTAR: a   instcat_y06_191126/job_log_01444005.txt
HTAR: a   instcat_y06_191126/job_log_01444006.txt
HTAR: a   instcat_y06_191126/job_log_01444668.txt
HTAR: a   instcat_y06_191126/job_log_01444669.txt
HTAR: a   instcat_y06_191126/job_log_01444670.txt
HTAR: a   instcat_y06_191126/job_log_01444671.txt
HTAR: a   instcat_y06_191126/job_log_01444672.txt
HTAR: a   instcat_y06_191126/job_log_01444673.txt
HTAR: a   instcat_y06_191126/job_log_01444674.txt
HTAR: a   instcat_y06_191126/job_log_01444675.txt
HTAR: a   instcat_y06_191126/job_log_01444710.txt
HTAR: a   instcat_y06_191126/job_log_01444711.txt
HTAR: a   instcat_y06_191126/job_log_01444712.txt
HTAR: a   instcat_y06_191126/job_log_01444713.txt
HTAR: a   instcat_y06_191126/job_log_01444714.txt
HTAR: a   instcat_y06_191126/job_log_01444715.txt
HTAR: a   instcat_y06_191126/job_log_01444716.txt
HTAR: a   instcat_y06_191126/job_log_01444717.txt
HTAR: a   instcat_y06_191126/job_log_01444720.txt
HTAR: a   instcat_y06_191126/job_log_01444903.txt
HTAR: a   instcat_y06_191126/job_log_01444904.txt
HTAR: a   instcat_y06_191126/job_log_01444935.txt
HTAR: a   instcat_y06_191126/job_log_01444936.txt
HTAR: a   instcat_y06_191126/job_log_01444937.txt
HTAR: a   instcat_y06_191126/job_log_01444966.txt
HTAR: a   instcat_y06_191126/job_log_01444967.txt
HTAR: a   instcat_y06_191126/job_log_01444968.txt
HTAR: a   instcat_y06_191126/job_log_01444969.txt
HTAR: a   instcat_y06_191126/job_log_01444989.txt
HTAR: a   instcat_y06_191126/job_log_01444990.txt
HTAR: a   instcat_y06_191126/job_log_01445001.txt
HTAR: a   instcat_y06_191126/job_log_01445002.txt
HTAR: a   instcat_y06_191126/job_log_01445003.txt
HTAR: a   instcat_y06_191126/job_log_01445005.txt
HTAR: a   instcat_y06_191126/job_log_01445006.txt
HTAR: a   instcat_y06_191126/job_log_01445029.txt
HTAR: a   instcat_y06_191126/job_log_01445030.txt
HTAR: a   instcat_y06_191126/job_log_01445031.txt
HTAR: a   instcat_y06_191126/job_log_01445034.txt
HTAR: a   instcat_y06_191126/job_log_01445042.txt
HTAR: a   instcat_y06_191126/job_log_01445043.txt
HTAR: a   instcat_y06_191126/job_log_01445044.txt
HTAR: a   instcat_y06_191126/job_log_01445045.txt
HTAR: a   instcat_y06_191126/job_log_01445046.txt
HTAR: a   instcat_y06_191126/job_log_01445070.txt
HTAR: a   instcat_y06_191126/job_log_01445074.txt
HTAR: a   instcat_y06_191126/job_log_01445075.txt
HTAR: a   instcat_y06_191126/job_log_01445076.txt
HTAR: a   instcat_y06_191126/job_log_01445077.txt
HTAR: a   instcat_y06_191126/job_log_01445078.txt
HTAR: a   instcat_y06_191126/job_log_01445080.txt
HTAR: a   instcat_y06_191126/job_log_01445081.txt
HTAR: a   instcat_y06_191126/job_log_01445082.txt
HTAR: a   instcat_y06_191126/job_log_01445083.txt
HTAR: a   instcat_y06_191126/job_log_01445084.txt
HTAR: a   /tmp/HTAR_CF_CHK_48206_1580793871
HTAR Create complete for /home/projects/desc/DC2_ImSim/Run2.2i/instCat/y06_191126/01443377to01445084.tar. 558,910,547,456 bytes written for 240 member files, max threads: 50 Transfer time: 3458.195 seconds (161.619 MB/s) wallclock/user/sys: 3459.140 4454.445 1272.977 seconds
HTAR: HTAR SUCCESSFUL
