HTAR: a   instcat_y06_191126/01288914.tar
HTAR: a   instcat_y06_191126/01288915.tar
HTAR: a   instcat_y06_191126/01288916.tar
HTAR: a   instcat_y06_191126/01288917.tar
HTAR: a   instcat_y06_191126/01288918.tar
HTAR: a   instcat_y06_191126/01288919.tar
HTAR: a   instcat_y06_191126/01288923.tar
HTAR: a   instcat_y06_191126/01288924.tar
HTAR: a   instcat_y06_191126/01288925.tar
HTAR: a   instcat_y06_191126/01288926.tar
HTAR: a   instcat_y06_191126/01288927.tar
HTAR: a   instcat_y06_191126/01288928.tar
HTAR: a   instcat_y06_191126/01288932.tar
HTAR: a   instcat_y06_191126/01288933.tar
HTAR: a   instcat_y06_191126/01288934.tar
HTAR: a   instcat_y06_191126/01288935.tar
HTAR: a   instcat_y06_191126/01288936.tar
HTAR: a   instcat_y06_191126/01288937.tar
HTAR: a   instcat_y06_191126/01288938.tar
HTAR: a   instcat_y06_191126/01288939.tar
HTAR: a   instcat_y06_191126/01288945.tar
HTAR: a   instcat_y06_191126/01288946.tar
HTAR: a   instcat_y06_191126/01288947.tar
HTAR: a   instcat_y06_191126/01288948.tar
HTAR: a   instcat_y06_191126/01288949.tar
HTAR: a   instcat_y06_191126/01288950.tar
HTAR: a   instcat_y06_191126/01288951.tar
HTAR: a   instcat_y06_191126/01288962.tar
HTAR: a   instcat_y06_191126/01288963.tar
HTAR: a   instcat_y06_191126/01288965.tar
HTAR: a   instcat_y06_191126/01288966.tar
HTAR: a   instcat_y06_191126/01288967.tar
HTAR: a   instcat_y06_191126/01288974.tar
HTAR: a   instcat_y06_191126/01288975.tar
HTAR: a   instcat_y06_191126/01288976.tar
HTAR: a   instcat_y06_191126/01288987.tar
HTAR: a   instcat_y06_191126/01288988.tar
HTAR: a   instcat_y06_191126/01288989.tar
HTAR: a   instcat_y06_191126/01289006.tar
HTAR: a   instcat_y06_191126/01289846.tar
HTAR: a   instcat_y06_191126/01289847.tar
HTAR: a   instcat_y06_191126/01289848.tar
HTAR: a   instcat_y06_191126/01290590.tar
HTAR: a   instcat_y06_191126/01290591.tar
HTAR: a   instcat_y06_191126/01290592.tar
HTAR: a   instcat_y06_191126/01290593.tar
HTAR: a   instcat_y06_191126/01290594.tar
HTAR: a   instcat_y06_191126/01290595.tar
HTAR: a   instcat_y06_191126/01290596.tar
HTAR: a   instcat_y06_191126/01290597.tar
HTAR: a   instcat_y06_191126/01290598.tar
HTAR: a   instcat_y06_191126/01290599.tar
HTAR: a   instcat_y06_191126/01290600.tar
HTAR: a   instcat_y06_191126/01290601.tar
HTAR: a   instcat_y06_191126/01290602.tar
HTAR: a   instcat_y06_191126/01290603.tar
HTAR: a   instcat_y06_191126/01290604.tar
HTAR: a   instcat_y06_191126/01290605.tar
HTAR: a   instcat_y06_191126/01290606.tar
HTAR: a   instcat_y06_191126/01290607.tar
HTAR: a   instcat_y06_191126/01290608.tar
HTAR: a   instcat_y06_191126/01290609.tar
HTAR: a   instcat_y06_191126/01290610.tar
HTAR: a   instcat_y06_191126/01290611.tar
HTAR: a   instcat_y06_191126/01290612.tar
HTAR: a   instcat_y06_191126/01290613.tar
HTAR: a   instcat_y06_191126/01290614.tar
HTAR: a   instcat_y06_191126/01290618.tar
HTAR: a   instcat_y06_191126/01290619.tar
HTAR: a   instcat_y06_191126/01290620.tar
HTAR: a   instcat_y06_191126/01290621.tar
HTAR: a   instcat_y06_191126/01290622.tar
HTAR: a   instcat_y06_191126/01290623.tar
HTAR: a   instcat_y06_191126/01290627.tar
HTAR: a   instcat_y06_191126/01290628.tar
HTAR: a   instcat_y06_191126/01290629.tar
HTAR: a   instcat_y06_191126/01290630.tar
HTAR: a   instcat_y06_191126/01290631.tar
HTAR: a   instcat_y06_191126/01290632.tar
HTAR: a   instcat_y06_191126/01290633.tar
HTAR: a   instcat_y06_191126/01290643.tar
HTAR: a   instcat_y06_191126/01290644.tar
HTAR: a   instcat_y06_191126/01290645.tar
HTAR: a   instcat_y06_191126/01290646.tar
HTAR: a   instcat_y06_191126/01290647.tar
HTAR: a   instcat_y06_191126/01290648.tar
HTAR: a   instcat_y06_191126/01290649.tar
HTAR: a   instcat_y06_191126/01290650.tar
HTAR: a   instcat_y06_191126/01290653.tar
HTAR: a   instcat_y06_191126/01290654.tar
HTAR: a   instcat_y06_191126/01290655.tar
HTAR: a   instcat_y06_191126/01290656.tar
HTAR: a   instcat_y06_191126/01290657.tar
HTAR: a   instcat_y06_191126/01290658.tar
HTAR: a   instcat_y06_191126/01290659.tar
HTAR: a   instcat_y06_191126/01290660.tar
HTAR: a   instcat_y06_191126/01290661.tar
HTAR: a   instcat_y06_191126/01290662.tar
HTAR: a   instcat_y06_191126/01290663.tar
HTAR: a   instcat_y06_191126/01290669.tar
HTAR: a   instcat_y06_191126/01290670.tar
HTAR: a   instcat_y06_191126/01290671.tar
HTAR: a   instcat_y06_191126/01290672.tar
HTAR: a   instcat_y06_191126/01290690.tar
HTAR: a   instcat_y06_191126/01290691.tar
HTAR: a   instcat_y06_191126/01290695.tar
HTAR: a   instcat_y06_191126/01290697.tar
HTAR: a   instcat_y06_191126/01290698.tar
HTAR: a   instcat_y06_191126/01290699.tar
HTAR: a   instcat_y06_191126/01290702.tar
HTAR: a   instcat_y06_191126/01290704.tar
HTAR: a   instcat_y06_191126/01290705.tar
HTAR: a   instcat_y06_191126/01290724.tar
HTAR: a   instcat_y06_191126/01290731.tar
HTAR: a   instcat_y06_191126/01291411.tar
HTAR: a   instcat_y06_191126/01291412.tar
HTAR: a   instcat_y06_191126/01291413.tar
HTAR: a   instcat_y06_191126/01291415.tar
HTAR: a   instcat_y06_191126/01291416.tar
HTAR: a   instcat_y06_191126/01291418.tar
HTAR: a   instcat_y06_191126/job_log_01288914.txt
HTAR: a   instcat_y06_191126/job_log_01288915.txt
HTAR: a   instcat_y06_191126/job_log_01288916.txt
HTAR: a   instcat_y06_191126/job_log_01288917.txt
HTAR: a   instcat_y06_191126/job_log_01288918.txt
HTAR: a   instcat_y06_191126/job_log_01288919.txt
HTAR: a   instcat_y06_191126/job_log_01288923.txt
HTAR: a   instcat_y06_191126/job_log_01288924.txt
HTAR: a   instcat_y06_191126/job_log_01288925.txt
HTAR: a   instcat_y06_191126/job_log_01288926.txt
HTAR: a   instcat_y06_191126/job_log_01288927.txt
HTAR: a   instcat_y06_191126/job_log_01288928.txt
HTAR: a   instcat_y06_191126/job_log_01288932.txt
HTAR: a   instcat_y06_191126/job_log_01288933.txt
HTAR: a   instcat_y06_191126/job_log_01288934.txt
HTAR: a   instcat_y06_191126/job_log_01288935.txt
HTAR: a   instcat_y06_191126/job_log_01288936.txt
HTAR: a   instcat_y06_191126/job_log_01288937.txt
HTAR: a   instcat_y06_191126/job_log_01288938.txt
HTAR: a   instcat_y06_191126/job_log_01288939.txt
HTAR: a   instcat_y06_191126/job_log_01288945.txt
HTAR: a   instcat_y06_191126/job_log_01288946.txt
HTAR: a   instcat_y06_191126/job_log_01288947.txt
HTAR: a   instcat_y06_191126/job_log_01288948.txt
HTAR: a   instcat_y06_191126/job_log_01288949.txt
HTAR: a   instcat_y06_191126/job_log_01288950.txt
HTAR: a   instcat_y06_191126/job_log_01288951.txt
HTAR: a   instcat_y06_191126/job_log_01288962.txt
HTAR: a   instcat_y06_191126/job_log_01288963.txt
HTAR: a   instcat_y06_191126/job_log_01288965.txt
HTAR: a   instcat_y06_191126/job_log_01288966.txt
HTAR: a   instcat_y06_191126/job_log_01288967.txt
HTAR: a   instcat_y06_191126/job_log_01288974.txt
HTAR: a   instcat_y06_191126/job_log_01288975.txt
HTAR: a   instcat_y06_191126/job_log_01288976.txt
HTAR: a   instcat_y06_191126/job_log_01288987.txt
HTAR: a   instcat_y06_191126/job_log_01288988.txt
HTAR: a   instcat_y06_191126/job_log_01288989.txt
HTAR: a   instcat_y06_191126/job_log_01289006.txt
HTAR: a   instcat_y06_191126/job_log_01289846.txt
HTAR: a   instcat_y06_191126/job_log_01289847.txt
HTAR: a   instcat_y06_191126/job_log_01289848.txt
HTAR: a   instcat_y06_191126/job_log_01290590.txt
HTAR: a   instcat_y06_191126/job_log_01290591.txt
HTAR: a   instcat_y06_191126/job_log_01290592.txt
HTAR: a   instcat_y06_191126/job_log_01290593.txt
HTAR: a   instcat_y06_191126/job_log_01290594.txt
HTAR: a   instcat_y06_191126/job_log_01290595.txt
HTAR: a   instcat_y06_191126/job_log_01290596.txt
HTAR: a   instcat_y06_191126/job_log_01290597.txt
HTAR: a   instcat_y06_191126/job_log_01290598.txt
HTAR: a   instcat_y06_191126/job_log_01290599.txt
HTAR: a   instcat_y06_191126/job_log_01290600.txt
HTAR: a   instcat_y06_191126/job_log_01290601.txt
HTAR: a   instcat_y06_191126/job_log_01290602.txt
HTAR: a   instcat_y06_191126/job_log_01290603.txt
HTAR: a   instcat_y06_191126/job_log_01290604.txt
HTAR: a   instcat_y06_191126/job_log_01290605.txt
HTAR: a   instcat_y06_191126/job_log_01290606.txt
HTAR: a   instcat_y06_191126/job_log_01290607.txt
HTAR: a   instcat_y06_191126/job_log_01290608.txt
HTAR: a   instcat_y06_191126/job_log_01290609.txt
HTAR: a   instcat_y06_191126/job_log_01290610.txt
HTAR: a   instcat_y06_191126/job_log_01290611.txt
HTAR: a   instcat_y06_191126/job_log_01290612.txt
HTAR: a   instcat_y06_191126/job_log_01290613.txt
HTAR: a   instcat_y06_191126/job_log_01290614.txt
HTAR: a   instcat_y06_191126/job_log_01290618.txt
HTAR: a   instcat_y06_191126/job_log_01290619.txt
HTAR: a   instcat_y06_191126/job_log_01290620.txt
HTAR: a   instcat_y06_191126/job_log_01290621.txt
HTAR: a   instcat_y06_191126/job_log_01290622.txt
HTAR: a   instcat_y06_191126/job_log_01290623.txt
HTAR: a   instcat_y06_191126/job_log_01290627.txt
HTAR: a   instcat_y06_191126/job_log_01290628.txt
HTAR: a   instcat_y06_191126/job_log_01290629.txt
HTAR: a   instcat_y06_191126/job_log_01290630.txt
HTAR: a   instcat_y06_191126/job_log_01290631.txt
HTAR: a   instcat_y06_191126/job_log_01290632.txt
HTAR: a   instcat_y06_191126/job_log_01290633.txt
HTAR: a   instcat_y06_191126/job_log_01290643.txt
HTAR: a   instcat_y06_191126/job_log_01290644.txt
HTAR: a   instcat_y06_191126/job_log_01290645.txt
HTAR: a   instcat_y06_191126/job_log_01290646.txt
HTAR: a   instcat_y06_191126/job_log_01290647.txt
HTAR: a   instcat_y06_191126/job_log_01290648.txt
HTAR: a   instcat_y06_191126/job_log_01290649.txt
HTAR: a   instcat_y06_191126/job_log_01290650.txt
HTAR: a   instcat_y06_191126/job_log_01290653.txt
HTAR: a   instcat_y06_191126/job_log_01290654.txt
HTAR: a   instcat_y06_191126/job_log_01290655.txt
HTAR: a   instcat_y06_191126/job_log_01290656.txt
HTAR: a   instcat_y06_191126/job_log_01290657.txt
HTAR: a   instcat_y06_191126/job_log_01290658.txt
HTAR: a   instcat_y06_191126/job_log_01290659.txt
HTAR: a   instcat_y06_191126/job_log_01290660.txt
HTAR: a   instcat_y06_191126/job_log_01290661.txt
HTAR: a   instcat_y06_191126/job_log_01290662.txt
HTAR: a   instcat_y06_191126/job_log_01290663.txt
HTAR: a   instcat_y06_191126/job_log_01290669.txt
HTAR: a   instcat_y06_191126/job_log_01290670.txt
HTAR: a   instcat_y06_191126/job_log_01290671.txt
HTAR: a   instcat_y06_191126/job_log_01290672.txt
HTAR: a   instcat_y06_191126/job_log_01290690.txt
HTAR: a   instcat_y06_191126/job_log_01290691.txt
HTAR: a   instcat_y06_191126/job_log_01290695.txt
HTAR: a   instcat_y06_191126/job_log_01290697.txt
HTAR: a   instcat_y06_191126/job_log_01290698.txt
HTAR: a   instcat_y06_191126/job_log_01290699.txt
HTAR: a   instcat_y06_191126/job_log_01290702.txt
HTAR: a   instcat_y06_191126/job_log_01290704.txt
HTAR: a   instcat_y06_191126/job_log_01290705.txt
HTAR: a   instcat_y06_191126/job_log_01290724.txt
HTAR: a   instcat_y06_191126/job_log_01290731.txt
HTAR: a   instcat_y06_191126/job_log_01291411.txt
HTAR: a   instcat_y06_191126/job_log_01291412.txt
HTAR: a   instcat_y06_191126/job_log_01291413.txt
HTAR: a   instcat_y06_191126/job_log_01291415.txt
HTAR: a   instcat_y06_191126/job_log_01291416.txt
HTAR: a   instcat_y06_191126/job_log_01291418.txt
HTAR: a   /tmp/HTAR_CF_CHK_11120_1580772077
HTAR Create complete for /home/projects/desc/DC2_ImSim/Run2.2i/instCat/y06_191126/01288914to01291418.tar. 539,271,988,736 bytes written for 240 member files, max threads: 50 Transfer time: 3381.964 seconds (159.455 MB/s) wallclock/user/sys: 3383.017 4137.274 1356.997 seconds
HTAR: HTAR SUCCESSFUL
HTAR: a   instcat_y06_191126/01291419.tar
HTAR: a   instcat_y06_191126/01291428.tar
HTAR: a   instcat_y06_191126/01291549.tar
HTAR: a   instcat_y06_191126/01291550.tar
HTAR: a   instcat_y06_191126/01291551.tar
HTAR: a   instcat_y06_191126/01291552.tar
HTAR: a   instcat_y06_191126/01291577.tar
HTAR: a   instcat_y06_191126/01291578.tar
HTAR: a   instcat_y06_191126/01292282.tar
HTAR: a   instcat_y06_191126/01292283.tar
HTAR: a   instcat_y06_191126/01292300.tar
HTAR: a   instcat_y06_191126/01292303.tar
HTAR: a   instcat_y06_191126/01292304.tar
HTAR: a   instcat_y06_191126/01292334.tar
HTAR: a   instcat_y06_191126/01292335.tar
HTAR: a   instcat_y06_191126/01292336.tar
HTAR: a   instcat_y06_191126/01292337.tar
HTAR: a   instcat_y06_191126/01292338.tar
HTAR: a   instcat_y06_191126/01293794.tar
HTAR: a   instcat_y06_191126/01293799.tar
HTAR: a   instcat_y06_191126/01293848.tar
HTAR: a   instcat_y06_191126/01294683.tar
HTAR: a   instcat_y06_191126/01294684.tar
HTAR: a   instcat_y06_191126/01294685.tar
HTAR: a   instcat_y06_191126/01294686.tar
HTAR: a   instcat_y06_191126/01294688.tar
HTAR: a   instcat_y06_191126/01294689.tar
HTAR: a   instcat_y06_191126/01294690.tar
HTAR: a   instcat_y06_191126/01294691.tar
HTAR: a   instcat_y06_191126/01294692.tar
HTAR: a   instcat_y06_191126/01294705.tar
HTAR: a   instcat_y06_191126/01294724.tar
HTAR: a   instcat_y06_191126/01294725.tar
HTAR: a   instcat_y06_191126/01294726.tar
HTAR: a   instcat_y06_191126/01294727.tar
HTAR: a   instcat_y06_191126/01295505.tar
HTAR: a   instcat_y06_191126/01295543.tar
HTAR: a   instcat_y06_191126/01295548.tar
HTAR: a   instcat_y06_191126/01295549.tar
HTAR: a   instcat_y06_191126/01296418.tar
HTAR: a   instcat_y06_191126/01296423.tar
HTAR: a   instcat_y06_191126/01296424.tar
HTAR: a   instcat_y06_191126/01296462.tar
HTAR: a   instcat_y06_191126/01298222.tar
HTAR: a   instcat_y06_191126/01298225.tar
HTAR: a   instcat_y06_191126/01298229.tar
HTAR: a   instcat_y06_191126/01298235.tar
HTAR: a   instcat_y06_191126/01298239.tar
HTAR: a   instcat_y06_191126/01298242.tar
HTAR: a   instcat_y06_191126/01298276.tar
HTAR: a   instcat_y06_191126/01298283.tar
HTAR: a   instcat_y06_191126/01298284.tar
HTAR: a   instcat_y06_191126/01298285.tar
HTAR: a   instcat_y06_191126/01298286.tar
HTAR: a   instcat_y06_191126/01298287.tar
HTAR: a   instcat_y06_191126/01298291.tar
HTAR: a   instcat_y06_191126/01298292.tar
HTAR: a   instcat_y06_191126/01298296.tar
HTAR: a   instcat_y06_191126/01298297.tar
HTAR: a   instcat_y06_191126/01298298.tar
HTAR: a   instcat_y06_191126/01298303.tar
HTAR: a   instcat_y06_191126/01298335.tar
HTAR: a   instcat_y06_191126/01298336.tar
HTAR: a   instcat_y06_191126/01298339.tar
HTAR: a   instcat_y06_191126/01299177.tar
HTAR: a   instcat_y06_191126/01299181.tar
HTAR: a   instcat_y06_191126/01299182.tar
HTAR: a   instcat_y06_191126/01299183.tar
HTAR: a   instcat_y06_191126/01299184.tar
HTAR: a   instcat_y06_191126/01299185.tar
HTAR: a   instcat_y06_191126/01299186.tar
HTAR: a   instcat_y06_191126/01299187.tar
HTAR: a   instcat_y06_191126/01299190.tar
HTAR: a   instcat_y06_191126/01299286.tar
HTAR: a   instcat_y06_191126/01299864.tar
HTAR: a   instcat_y06_191126/01299878.tar
HTAR: a   instcat_y06_191126/01299880.tar
HTAR: a   instcat_y06_191126/01302335.tar
HTAR: a   instcat_y06_191126/01302337.tar
HTAR: a   instcat_y06_191126/01302338.tar
HTAR: a   instcat_y06_191126/01304231.tar
HTAR: a   instcat_y06_191126/01304233.tar
HTAR: a   instcat_y06_191126/01306196.tar
HTAR: a   instcat_y06_191126/01306202.tar
HTAR: a   instcat_y06_191126/01306203.tar
HTAR: a   instcat_y06_191126/01306204.tar
HTAR: a   instcat_y06_191126/01306205.tar
HTAR: a   instcat_y06_191126/01306214.tar
HTAR: a   instcat_y06_191126/01307040.tar
HTAR: a   instcat_y06_191126/01307041.tar
HTAR: a   instcat_y06_191126/01307051.tar
HTAR: a   instcat_y06_191126/01307052.tar
HTAR: a   instcat_y06_191126/01307053.tar
HTAR: a   instcat_y06_191126/01307054.tar
HTAR: a   instcat_y06_191126/01307055.tar
HTAR: a   instcat_y06_191126/01307056.tar
HTAR: a   instcat_y06_191126/01307082.tar
HTAR: a   instcat_y06_191126/01309808.tar
HTAR: a   instcat_y06_191126/01309816.tar
HTAR: a   instcat_y06_191126/01309822.tar
HTAR: a   instcat_y06_191126/01309833.tar
HTAR: a   instcat_y06_191126/01309837.tar
HTAR: a   instcat_y06_191126/01309838.tar
HTAR: a   instcat_y06_191126/01309839.tar
HTAR: a   instcat_y06_191126/01311053.tar
HTAR: a   instcat_y06_191126/01312876.tar
HTAR: a   instcat_y06_191126/01312914.tar
HTAR: a   instcat_y06_191126/01313842.tar
HTAR: a   instcat_y06_191126/01315793.tar
HTAR: a   instcat_y06_191126/01367407.tar
HTAR: a   instcat_y06_191126/01368765.tar
HTAR: a   instcat_y06_191126/01383125.tar
HTAR: a   instcat_y06_191126/01383127.tar
HTAR: a   instcat_y06_191126/01383172.tar
HTAR: a   instcat_y06_191126/01383175.tar
HTAR: a   instcat_y06_191126/01383182.tar
HTAR: a   instcat_y06_191126/01383191.tar
HTAR: a   instcat_y06_191126/01383201.tar
HTAR: a   instcat_y06_191126/01384071.tar
HTAR: a   instcat_y06_191126/01384073.tar
HTAR: a   instcat_y06_191126/job_log_01291419.txt
HTAR: a   instcat_y06_191126/job_log_01291428.txt
HTAR: a   instcat_y06_191126/job_log_01291549.txt
HTAR: a   instcat_y06_191126/job_log_01291550.txt
HTAR: a   instcat_y06_191126/job_log_01291551.txt
HTAR: a   instcat_y06_191126/job_log_01291552.txt
HTAR: a   instcat_y06_191126/job_log_01291577.txt
HTAR: a   instcat_y06_191126/job_log_01291578.txt
HTAR: a   instcat_y06_191126/job_log_01292282.txt
HTAR: a   instcat_y06_191126/job_log_01292283.txt
HTAR: a   instcat_y06_191126/job_log_01292300.txt
HTAR: a   instcat_y06_191126/job_log_01292303.txt
HTAR: a   instcat_y06_191126/job_log_01292304.txt
HTAR: a   instcat_y06_191126/job_log_01292334.txt
HTAR: a   instcat_y06_191126/job_log_01292335.txt
HTAR: a   instcat_y06_191126/job_log_01292336.txt
HTAR: a   instcat_y06_191126/job_log_01292337.txt
HTAR: a   instcat_y06_191126/job_log_01292338.txt
HTAR: a   instcat_y06_191126/job_log_01293794.txt
HTAR: a   instcat_y06_191126/job_log_01293799.txt
HTAR: a   instcat_y06_191126/job_log_01293848.txt
HTAR: a   instcat_y06_191126/job_log_01294683.txt
HTAR: a   instcat_y06_191126/job_log_01294684.txt
HTAR: a   instcat_y06_191126/job_log_01294685.txt
HTAR: a   instcat_y06_191126/job_log_01294686.txt
HTAR: a   instcat_y06_191126/job_log_01294688.txt
HTAR: a   instcat_y06_191126/job_log_01294689.txt
HTAR: a   instcat_y06_191126/job_log_01294690.txt
HTAR: a   instcat_y06_191126/job_log_01294691.txt
HTAR: a   instcat_y06_191126/job_log_01294692.txt
HTAR: a   instcat_y06_191126/job_log_01294705.txt
HTAR: a   instcat_y06_191126/job_log_01294724.txt
HTAR: a   instcat_y06_191126/job_log_01294725.txt
HTAR: a   instcat_y06_191126/job_log_01294726.txt
HTAR: a   instcat_y06_191126/job_log_01294727.txt
HTAR: a   instcat_y06_191126/job_log_01295505.txt
HTAR: a   instcat_y06_191126/job_log_01295543.txt
HTAR: a   instcat_y06_191126/job_log_01295548.txt
HTAR: a   instcat_y06_191126/job_log_01295549.txt
HTAR: a   instcat_y06_191126/job_log_01296418.txt
HTAR: a   instcat_y06_191126/job_log_01296423.txt
HTAR: a   instcat_y06_191126/job_log_01296424.txt
HTAR: a   instcat_y06_191126/job_log_01296462.txt
HTAR: a   instcat_y06_191126/job_log_01298222.txt
HTAR: a   instcat_y06_191126/job_log_01298225.txt
HTAR: a   instcat_y06_191126/job_log_01298229.txt
HTAR: a   instcat_y06_191126/job_log_01298235.txt
HTAR: a   instcat_y06_191126/job_log_01298239.txt
HTAR: a   instcat_y06_191126/job_log_01298242.txt
HTAR: a   instcat_y06_191126/job_log_01298276.txt
HTAR: a   instcat_y06_191126/job_log_01298283.txt
HTAR: a   instcat_y06_191126/job_log_01298284.txt
HTAR: a   instcat_y06_191126/job_log_01298285.txt
HTAR: a   instcat_y06_191126/job_log_01298286.txt
HTAR: a   instcat_y06_191126/job_log_01298287.txt
HTAR: a   instcat_y06_191126/job_log_01298291.txt
HTAR: a   instcat_y06_191126/job_log_01298292.txt
HTAR: a   instcat_y06_191126/job_log_01298296.txt
HTAR: a   instcat_y06_191126/job_log_01298297.txt
HTAR: a   instcat_y06_191126/job_log_01298298.txt
HTAR: a   instcat_y06_191126/job_log_01298303.txt
HTAR: a   instcat_y06_191126/job_log_01298335.txt
HTAR: a   instcat_y06_191126/job_log_01298336.txt
HTAR: a   instcat_y06_191126/job_log_01298339.txt
HTAR: a   instcat_y06_191126/job_log_01299177.txt
HTAR: a   instcat_y06_191126/job_log_01299181.txt
HTAR: a   instcat_y06_191126/job_log_01299182.txt
HTAR: a   instcat_y06_191126/job_log_01299183.txt
HTAR: a   instcat_y06_191126/job_log_01299184.txt
HTAR: a   instcat_y06_191126/job_log_01299185.txt
HTAR: a   instcat_y06_191126/job_log_01299186.txt
HTAR: a   instcat_y06_191126/job_log_01299187.txt
HTAR: a   instcat_y06_191126/job_log_01299190.txt
HTAR: a   instcat_y06_191126/job_log_01299286.txt
HTAR: a   instcat_y06_191126/job_log_01299864.txt
HTAR: a   instcat_y06_191126/job_log_01299878.txt
HTAR: a   instcat_y06_191126/job_log_01299880.txt
HTAR: a   instcat_y06_191126/job_log_01302335.txt
HTAR: a   instcat_y06_191126/job_log_01302337.txt
HTAR: a   instcat_y06_191126/job_log_01302338.txt
HTAR: a   instcat_y06_191126/job_log_01304231.txt
HTAR: a   instcat_y06_191126/job_log_01304233.txt
HTAR: a   instcat_y06_191126/job_log_01306196.txt
HTAR: a   instcat_y06_191126/job_log_01306202.txt
HTAR: a   instcat_y06_191126/job_log_01306203.txt
HTAR: a   instcat_y06_191126/job_log_01306204.txt
HTAR: a   instcat_y06_191126/job_log_01306205.txt
HTAR: a   instcat_y06_191126/job_log_01306214.txt
HTAR: a   instcat_y06_191126/job_log_01307040.txt
HTAR: a   instcat_y06_191126/job_log_01307041.txt
HTAR: a   instcat_y06_191126/job_log_01307051.txt
HTAR: a   instcat_y06_191126/job_log_01307052.txt
HTAR: a   instcat_y06_191126/job_log_01307053.txt
HTAR: a   instcat_y06_191126/job_log_01307054.txt
HTAR: a   instcat_y06_191126/job_log_01307055.txt
HTAR: a   instcat_y06_191126/job_log_01307056.txt
HTAR: a   instcat_y06_191126/job_log_01307082.txt
HTAR: a   instcat_y06_191126/job_log_01309808.txt
HTAR: a   instcat_y06_191126/job_log_01309816.txt
HTAR: a   instcat_y06_191126/job_log_01309822.txt
HTAR: a   instcat_y06_191126/job_log_01309833.txt
HTAR: a   instcat_y06_191126/job_log_01309837.txt
HTAR: a   instcat_y06_191126/job_log_01309838.txt
HTAR: a   instcat_y06_191126/job_log_01309839.txt
HTAR: a   instcat_y06_191126/job_log_01311053.txt
HTAR: a   instcat_y06_191126/job_log_01312876.txt
HTAR: a   instcat_y06_191126/job_log_01312914.txt
HTAR: a   instcat_y06_191126/job_log_01313842.txt
HTAR: a   instcat_y06_191126/job_log_01315793.txt
HTAR: a   instcat_y06_191126/job_log_01367407.txt
HTAR: a   instcat_y06_191126/job_log_01368765.txt
HTAR: a   instcat_y06_191126/job_log_01383125.txt
HTAR: a   instcat_y06_191126/job_log_01383127.txt
HTAR: a   instcat_y06_191126/job_log_01383172.txt
HTAR: a   instcat_y06_191126/job_log_01383175.txt
HTAR: a   instcat_y06_191126/job_log_01383182.txt
HTAR: a   instcat_y06_191126/job_log_01383191.txt
HTAR: a   instcat_y06_191126/job_log_01383201.txt
HTAR: a   instcat_y06_191126/job_log_01384071.txt
HTAR: a   instcat_y06_191126/job_log_01384073.txt
HTAR: a   /tmp/HTAR_CF_CHK_41581_1580775462
HTAR Create complete for /home/projects/desc/DC2_ImSim/Run2.2i/instCat/y06_191126/01291419to01384073.tar. 481,164,576,256 bytes written for 240 member files, max threads: 50 Transfer time: 2953.847 seconds (162.894 MB/s) wallclock/user/sys: 2955.076 3702.844 1100.482 seconds
HTAR: HTAR SUCCESSFUL
HTAR: a   instcat_y06_191126/01384075.tar
HTAR: a   instcat_y06_191126/01384076.tar
HTAR: a   instcat_y06_191126/01384088.tar
HTAR: a   instcat_y06_191126/01384089.tar
HTAR: a   instcat_y06_191126/01384115.tar
HTAR: a   instcat_y06_191126/01384118.tar
HTAR: a   instcat_y06_191126/01384119.tar
HTAR: a   instcat_y06_191126/01384129.tar
HTAR: a   instcat_y06_191126/01384130.tar
HTAR: a   instcat_y06_191126/01384131.tar
HTAR: a   instcat_y06_191126/01384136.tar
HTAR: a   instcat_y06_191126/01384137.tar
HTAR: a   instcat_y06_191126/01384138.tar
HTAR: a   instcat_y06_191126/01384139.tar
HTAR: a   instcat_y06_191126/01384184.tar
HTAR: a   instcat_y06_191126/01384185.tar
HTAR: a   instcat_y06_191126/01384187.tar
HTAR: a   instcat_y06_191126/01385066.tar
HTAR: a   instcat_y06_191126/01385067.tar
HTAR: a   instcat_y06_191126/01385068.tar
HTAR: a   instcat_y06_191126/01385069.tar
HTAR: a   instcat_y06_191126/01385071.tar
HTAR: a   instcat_y06_191126/01385103.tar
HTAR: a   instcat_y06_191126/01385105.tar
HTAR: a   instcat_y06_191126/01385106.tar
HTAR: a   instcat_y06_191126/01385107.tar
HTAR: a   instcat_y06_191126/01385108.tar
HTAR: a   instcat_y06_191126/01385125.tar
HTAR: a   instcat_y06_191126/01385126.tar
HTAR: a   instcat_y06_191126/01385127.tar
HTAR: a   instcat_y06_191126/01385128.tar
HTAR: a   instcat_y06_191126/01385131.tar
HTAR: a   instcat_y06_191126/01385132.tar
HTAR: a   instcat_y06_191126/01385133.tar
HTAR: a   instcat_y06_191126/01385134.tar
HTAR: a   instcat_y06_191126/01385135.tar
HTAR: a   instcat_y06_191126/01385136.tar
HTAR: a   instcat_y06_191126/01385137.tar
HTAR: a   instcat_y06_191126/01385138.tar
HTAR: a   instcat_y06_191126/01385139.tar
HTAR: a   instcat_y06_191126/01385140.tar
HTAR: a   instcat_y06_191126/01385141.tar
HTAR: a   instcat_y06_191126/01385142.tar
HTAR: a   instcat_y06_191126/01385143.tar
HTAR: a   instcat_y06_191126/01385144.tar
HTAR: a   instcat_y06_191126/01385145.tar
HTAR: a   instcat_y06_191126/01385146.tar
HTAR: a   instcat_y06_191126/01385147.tar
HTAR: a   instcat_y06_191126/01385148.tar
HTAR: a   instcat_y06_191126/01385149.tar
HTAR: a   instcat_y06_191126/01385150.tar
HTAR: a   instcat_y06_191126/01385151.tar
HTAR: a   instcat_y06_191126/01385176.tar
HTAR: a   instcat_y06_191126/01385195.tar
HTAR: a   instcat_y06_191126/01396131.tar
HTAR: a   instcat_y06_191126/01398044.tar
HTAR: a   instcat_y06_191126/01398045.tar
HTAR: a   instcat_y06_191126/01398046.tar
HTAR: a   instcat_y06_191126/01398047.tar
HTAR: a   instcat_y06_191126/01398048.tar
HTAR: a   instcat_y06_191126/01398049.tar
HTAR: a   instcat_y06_191126/01398051.tar
HTAR: a   instcat_y06_191126/01398081.tar
HTAR: a   instcat_y06_191126/01398082.tar
HTAR: a   instcat_y06_191126/01398083.tar
HTAR: a   instcat_y06_191126/01398084.tar
HTAR: a   instcat_y06_191126/01398085.tar
HTAR: a   instcat_y06_191126/01398086.tar
HTAR: a   instcat_y06_191126/01398087.tar
HTAR: a   instcat_y06_191126/01398130.tar
HTAR: a   instcat_y06_191126/01398131.tar
HTAR: a   instcat_y06_191126/01398166.tar
HTAR: a   instcat_y06_191126/01398167.tar
HTAR: a   instcat_y06_191126/01398168.tar
HTAR: a   instcat_y06_191126/01398169.tar
HTAR: a   instcat_y06_191126/01398170.tar
HTAR: a   instcat_y06_191126/01398188.tar
HTAR: a   instcat_y06_191126/01398219.tar
HTAR: a   instcat_y06_191126/01398221.tar
HTAR: a   instcat_y06_191126/01398229.tar
HTAR: a   instcat_y06_191126/01398230.tar
HTAR: a   instcat_y06_191126/01400181.tar
HTAR: a   instcat_y06_191126/01400184.tar
HTAR: a   instcat_y06_191126/01400185.tar
HTAR: a   instcat_y06_191126/01400186.tar
HTAR: a   instcat_y06_191126/01400248.tar
HTAR: a   instcat_y06_191126/01400249.tar
HTAR: a   instcat_y06_191126/01400250.tar
HTAR: a   instcat_y06_191126/01400262.tar
HTAR: a   instcat_y06_191126/01401102.tar
HTAR: a   instcat_y06_191126/01401125.tar
HTAR: a   instcat_y06_191126/01401126.tar
HTAR: a   instcat_y06_191126/01401127.tar
HTAR: a   instcat_y06_191126/01401128.tar
HTAR: a   instcat_y06_191126/01401163.tar
HTAR: a   instcat_y06_191126/01401164.tar
HTAR: a   instcat_y06_191126/01401167.tar
HTAR: a   instcat_y06_191126/01401172.tar
HTAR: a   instcat_y06_191126/01402980.tar
HTAR: a   instcat_y06_191126/01403021.tar
HTAR: a   instcat_y06_191126/01403022.tar
HTAR: a   instcat_y06_191126/01403023.tar
HTAR: a   instcat_y06_191126/01403024.tar
HTAR: a   instcat_y06_191126/01403045.tar
HTAR: a   instcat_y06_191126/01403046.tar
HTAR: a   instcat_y06_191126/01403047.tar
HTAR: a   instcat_y06_191126/01403787.tar
HTAR: a   instcat_y06_191126/01403788.tar
HTAR: a   instcat_y06_191126/01403789.tar
HTAR: a   instcat_y06_191126/01403790.tar
HTAR: a   instcat_y06_191126/01403799.tar
HTAR: a   instcat_y06_191126/01403800.tar
HTAR: a   instcat_y06_191126/01403801.tar
HTAR: a   instcat_y06_191126/01403802.tar
HTAR: a   instcat_y06_191126/01403803.tar
HTAR: a   instcat_y06_191126/01403804.tar
HTAR: a   instcat_y06_191126/01403809.tar
HTAR: a   instcat_y06_191126/01403810.tar
HTAR: a   instcat_y06_191126/01403811.tar
HTAR: a   instcat_y06_191126/01403812.tar
HTAR: a   instcat_y06_191126/job_log_01384075.txt
HTAR: a   instcat_y06_191126/job_log_01384076.txt
HTAR: a   instcat_y06_191126/job_log_01384088.txt
HTAR: a   instcat_y06_191126/job_log_01384089.txt
HTAR: a   instcat_y06_191126/job_log_01384115.txt
HTAR: a   instcat_y06_191126/job_log_01384118.txt
HTAR: a   instcat_y06_191126/job_log_01384119.txt
HTAR: a   instcat_y06_191126/job_log_01384129.txt
HTAR: a   instcat_y06_191126/job_log_01384130.txt
HTAR: a   instcat_y06_191126/job_log_01384131.txt
HTAR: a   instcat_y06_191126/job_log_01384136.txt
HTAR: a   instcat_y06_191126/job_log_01384137.txt
HTAR: a   instcat_y06_191126/job_log_01384138.txt
HTAR: a   instcat_y06_191126/job_log_01384139.txt
HTAR: a   instcat_y06_191126/job_log_01384184.txt
HTAR: a   instcat_y06_191126/job_log_01384185.txt
HTAR: a   instcat_y06_191126/job_log_01384187.txt
HTAR: a   instcat_y06_191126/job_log_01385066.txt
HTAR: a   instcat_y06_191126/job_log_01385067.txt
HTAR: a   instcat_y06_191126/job_log_01385068.txt
HTAR: a   instcat_y06_191126/job_log_01385069.txt
HTAR: a   instcat_y06_191126/job_log_01385071.txt
HTAR: a   instcat_y06_191126/job_log_01385103.txt
HTAR: a   instcat_y06_191126/job_log_01385105.txt
HTAR: a   instcat_y06_191126/job_log_01385106.txt
HTAR: a   instcat_y06_191126/job_log_01385107.txt
HTAR: a   instcat_y06_191126/job_log_01385108.txt
HTAR: a   instcat_y06_191126/job_log_01385125.txt
HTAR: a   instcat_y06_191126/job_log_01385126.txt
HTAR: a   instcat_y06_191126/job_log_01385127.txt
HTAR: a   instcat_y06_191126/job_log_01385128.txt
HTAR: a   instcat_y06_191126/job_log_01385131.txt
HTAR: a   instcat_y06_191126/job_log_01385132.txt
HTAR: a   instcat_y06_191126/job_log_01385133.txt
HTAR: a   instcat_y06_191126/job_log_01385134.txt
HTAR: a   instcat_y06_191126/job_log_01385135.txt
HTAR: a   instcat_y06_191126/job_log_01385136.txt
HTAR: a   instcat_y06_191126/job_log_01385137.txt
HTAR: a   instcat_y06_191126/job_log_01385138.txt
HTAR: a   instcat_y06_191126/job_log_01385139.txt
HTAR: a   instcat_y06_191126/job_log_01385140.txt
HTAR: a   instcat_y06_191126/job_log_01385141.txt
HTAR: a   instcat_y06_191126/job_log_01385142.txt
HTAR: a   instcat_y06_191126/job_log_01385143.txt
HTAR: a   instcat_y06_191126/job_log_01385144.txt
HTAR: a   instcat_y06_191126/job_log_01385145.txt
HTAR: a   instcat_y06_191126/job_log_01385146.txt
HTAR: a   instcat_y06_191126/job_log_01385147.txt
HTAR: a   instcat_y06_191126/job_log_01385148.txt
HTAR: a   instcat_y06_191126/job_log_01385149.txt
HTAR: a   instcat_y06_191126/job_log_01385150.txt
HTAR: a   instcat_y06_191126/job_log_01385151.txt
HTAR: a   instcat_y06_191126/job_log_01385176.txt
HTAR: a   instcat_y06_191126/job_log_01385195.txt
HTAR: a   instcat_y06_191126/job_log_01396131.txt
HTAR: a   instcat_y06_191126/job_log_01398044.txt
HTAR: a   instcat_y06_191126/job_log_01398045.txt
HTAR: a   instcat_y06_191126/job_log_01398046.txt
HTAR: a   instcat_y06_191126/job_log_01398047.txt
HTAR: a   instcat_y06_191126/job_log_01398048.txt
HTAR: a   instcat_y06_191126/job_log_01398049.txt
HTAR: a   instcat_y06_191126/job_log_01398051.txt
HTAR: a   instcat_y06_191126/job_log_01398081.txt
HTAR: a   instcat_y06_191126/job_log_01398082.txt
HTAR: a   instcat_y06_191126/job_log_01398083.txt
HTAR: a   instcat_y06_191126/job_log_01398084.txt
HTAR: a   instcat_y06_191126/job_log_01398085.txt
HTAR: a   instcat_y06_191126/job_log_01398086.txt
HTAR: a   instcat_y06_191126/job_log_01398087.txt
HTAR: a   instcat_y06_191126/job_log_01398130.txt
HTAR: a   instcat_y06_191126/job_log_01398131.txt
HTAR: a   instcat_y06_191126/job_log_01398166.txt
HTAR: a   instcat_y06_191126/job_log_01398167.txt
HTAR: a   instcat_y06_191126/job_log_01398168.txt
HTAR: a   instcat_y06_191126/job_log_01398169.txt
HTAR: a   instcat_y06_191126/job_log_01398170.txt
HTAR: a   instcat_y06_191126/job_log_01398188.txt
HTAR: a   instcat_y06_191126/job_log_01398219.txt
HTAR: a   instcat_y06_191126/job_log_01398221.txt
HTAR: a   instcat_y06_191126/job_log_01398229.txt
HTAR: a   instcat_y06_191126/job_log_01398230.txt
HTAR: a   instcat_y06_191126/job_log_01400181.txt
HTAR: a   instcat_y06_191126/job_log_01400184.txt
HTAR: a   instcat_y06_191126/job_log_01400185.txt
HTAR: a   instcat_y06_191126/job_log_01400186.txt
HTAR: a   instcat_y06_191126/job_log_01400248.txt
HTAR: a   instcat_y06_191126/job_log_01400249.txt
HTAR: a   instcat_y06_191126/job_log_01400250.txt
HTAR: a   instcat_y06_191126/job_log_01400262.txt
HTAR: a   instcat_y06_191126/job_log_01401102.txt
HTAR: a   instcat_y06_191126/job_log_01401125.txt
HTAR: a   instcat_y06_191126/job_log_01401126.txt
HTAR: a   instcat_y06_191126/job_log_01401127.txt
HTAR: a   instcat_y06_191126/job_log_01401128.txt
HTAR: a   instcat_y06_191126/job_log_01401163.txt
HTAR: a   instcat_y06_191126/job_log_01401164.txt
HTAR: a   instcat_y06_191126/job_log_01401167.txt
HTAR: a   instcat_y06_191126/job_log_01401172.txt
HTAR: a   instcat_y06_191126/job_log_01402980.txt
HTAR: a   instcat_y06_191126/job_log_01403021.txt
HTAR: a   instcat_y06_191126/job_log_01403022.txt
HTAR: a   instcat_y06_191126/job_log_01403023.txt
HTAR: a   instcat_y06_191126/job_log_01403024.txt
HTAR: a   instcat_y06_191126/job_log_01403045.txt
HTAR: a   instcat_y06_191126/job_log_01403046.txt
HTAR: a   instcat_y06_191126/job_log_01403047.txt
HTAR: a   instcat_y06_191126/job_log_01403787.txt
HTAR: a   instcat_y06_191126/job_log_01403788.txt
HTAR: a   instcat_y06_191126/job_log_01403789.txt
HTAR: a   instcat_y06_191126/job_log_01403790.txt
HTAR: a   instcat_y06_191126/job_log_01403799.txt
HTAR: a   instcat_y06_191126/job_log_01403800.txt
HTAR: a   instcat_y06_191126/job_log_01403801.txt
HTAR: a   instcat_y06_191126/job_log_01403802.txt
HTAR: a   instcat_y06_191126/job_log_01403803.txt
HTAR: a   instcat_y06_191126/job_log_01403804.txt
HTAR: a   instcat_y06_191126/job_log_01403809.txt
HTAR: a   instcat_y06_191126/job_log_01403810.txt
HTAR: a   instcat_y06_191126/job_log_01403811.txt
HTAR: a   instcat_y06_191126/job_log_01403812.txt
HTAR: a   /tmp/HTAR_CF_CHK_54613_1580778420
HTAR Create complete for /home/projects/desc/DC2_ImSim/Run2.2i/instCat/y06_191126/01384075to01403812.tar. 496,286,178,816 bytes written for 240 member files, max threads: 50 Transfer time: 3163.343 seconds (156.887 MB/s) wallclock/user/sys: 3164.648 3878.331 1001.994 seconds
HTAR: HTAR SUCCESSFUL
HTAR: a   instcat_y06_191126/01403816.tar
HTAR: a   instcat_y06_191126/01403817.tar
HTAR: a   instcat_y06_191126/01403818.tar
HTAR: a   instcat_y06_191126/01403819.tar
HTAR: a   instcat_y06_191126/01403820.tar
HTAR: a   instcat_y06_191126/01403821.tar
HTAR: a   instcat_y06_191126/01403822.tar
HTAR: a   instcat_y06_191126/01403823.tar
HTAR: a   instcat_y06_191126/01403824.tar
HTAR: a   instcat_y06_191126/01403825.tar
HTAR: a   instcat_y06_191126/01403826.tar
HTAR: a   instcat_y06_191126/01403827.tar
HTAR: a   instcat_y06_191126/01403828.tar
HTAR: a   instcat_y06_191126/01403834.tar
HTAR: a   instcat_y06_191126/01403841.tar
HTAR: a   instcat_y06_191126/01403842.tar
HTAR: a   instcat_y06_191126/01403843.tar
HTAR: a   instcat_y06_191126/01403844.tar
HTAR: a   instcat_y06_191126/01403845.tar
HTAR: a   instcat_y06_191126/01403846.tar
HTAR: a   instcat_y06_191126/01404489.tar
HTAR: a   instcat_y06_191126/01404490.tar
HTAR: a   instcat_y06_191126/01404491.tar
HTAR: a   instcat_y06_191126/01404816.tar
HTAR: a   instcat_y06_191126/01404817.tar
HTAR: a   instcat_y06_191126/01404874.tar
HTAR: a   instcat_y06_191126/01404875.tar
HTAR: a   instcat_y06_191126/01404876.tar
HTAR: a   instcat_y06_191126/01404877.tar
HTAR: a   instcat_y06_191126/01404878.tar
HTAR: a   instcat_y06_191126/01404879.tar
HTAR: a   instcat_y06_191126/01404880.tar
HTAR: a   instcat_y06_191126/01404882.tar
HTAR: a   instcat_y06_191126/01404883.tar
HTAR: a   instcat_y06_191126/01404884.tar
HTAR: a   instcat_y06_191126/01404885.tar
HTAR: a   instcat_y06_191126/01404886.tar
HTAR: a   instcat_y06_191126/01404887.tar
HTAR: a   instcat_y06_191126/01404888.tar
HTAR: a   instcat_y06_191126/01404889.tar
HTAR: a   instcat_y06_191126/01404890.tar
HTAR: a   instcat_y06_191126/01404892.tar
HTAR: a   instcat_y06_191126/01404894.tar
HTAR: a   instcat_y06_191126/01404895.tar
HTAR: a   instcat_y06_191126/01404896.tar
HTAR: a   instcat_y06_191126/01404897.tar
HTAR: a   instcat_y06_191126/01404898.tar
HTAR: a   instcat_y06_191126/01404900.tar
HTAR: a   instcat_y06_191126/01404901.tar
HTAR: a   instcat_y06_191126/01404978.tar
HTAR: a   instcat_y06_191126/01404979.tar
HTAR: a   instcat_y06_191126/01404980.tar
HTAR: a   instcat_y06_191126/01404989.tar
HTAR: a   instcat_y06_191126/01404990.tar
HTAR: a   instcat_y06_191126/01404993.tar
HTAR: a   instcat_y06_191126/01404994.tar
HTAR: a   instcat_y06_191126/01404995.tar
HTAR: a   instcat_y06_191126/01404996.tar
HTAR: a   instcat_y06_191126/01404997.tar
HTAR: a   instcat_y06_191126/01404998.tar
HTAR: a   instcat_y06_191126/01404999.tar
HTAR: a   instcat_y06_191126/01405000.tar
HTAR: a   instcat_y06_191126/01405001.tar
HTAR: a   instcat_y06_191126/01405002.tar
HTAR: a   instcat_y06_191126/01405003.tar
HTAR: a   instcat_y06_191126/01405005.tar
HTAR: a   instcat_y06_191126/01405006.tar
HTAR: a   instcat_y06_191126/01405007.tar
HTAR: a   instcat_y06_191126/01405008.tar
HTAR: a   instcat_y06_191126/01405009.tar
HTAR: a   instcat_y06_191126/01405010.tar
HTAR: a   instcat_y06_191126/01405011.tar
HTAR: a   instcat_y06_191126/01405012.tar
HTAR: a   instcat_y06_191126/01405013.tar
HTAR: a   instcat_y06_191126/01405014.tar
HTAR: a   instcat_y06_191126/01405015.tar
HTAR: a   instcat_y06_191126/01405016.tar
HTAR: a   instcat_y06_191126/01405017.tar
HTAR: a   instcat_y06_191126/01405018.tar
HTAR: a   instcat_y06_191126/01405021.tar
HTAR: a   instcat_y06_191126/01405057.tar
HTAR: a   instcat_y06_191126/01405058.tar
HTAR: a   instcat_y06_191126/01405059.tar
HTAR: a   instcat_y06_191126/01405060.tar
HTAR: a   instcat_y06_191126/01405061.tar
HTAR: a   instcat_y06_191126/01405210.tar
HTAR: a   instcat_y06_191126/01405211.tar
HTAR: a   instcat_y06_191126/01405851.tar
HTAR: a   instcat_y06_191126/01405852.tar
HTAR: a   instcat_y06_191126/01405853.tar
HTAR: a   instcat_y06_191126/01405854.tar
HTAR: a   instcat_y06_191126/01405855.tar
HTAR: a   instcat_y06_191126/01405856.tar
HTAR: a   instcat_y06_191126/01405857.tar
HTAR: a   instcat_y06_191126/01405858.tar
HTAR: a   instcat_y06_191126/01405859.tar
HTAR: a   instcat_y06_191126/01405860.tar
HTAR: a   instcat_y06_191126/01405861.tar
HTAR: a   instcat_y06_191126/01405862.tar
HTAR: a   instcat_y06_191126/01405880.tar
HTAR: a   instcat_y06_191126/01405881.tar
HTAR: a   instcat_y06_191126/01405882.tar
HTAR: a   instcat_y06_191126/01405883.tar
HTAR: a   instcat_y06_191126/01405884.tar
HTAR: a   instcat_y06_191126/01405885.tar
HTAR: a   instcat_y06_191126/01405886.tar
HTAR: a   instcat_y06_191126/01405887.tar
HTAR: a   instcat_y06_191126/01405888.tar
HTAR: a   instcat_y06_191126/01405889.tar
HTAR: a   instcat_y06_191126/01405892.tar
HTAR: a   instcat_y06_191126/01405893.tar
HTAR: a   instcat_y06_191126/01405894.tar
HTAR: a   instcat_y06_191126/01405916.tar
HTAR: a   instcat_y06_191126/01405917.tar
HTAR: a   instcat_y06_191126/01405918.tar
HTAR: a   instcat_y06_191126/01405954.tar
HTAR: a   instcat_y06_191126/01405956.tar
HTAR: a   instcat_y06_191126/01405957.tar
HTAR: a   instcat_y06_191126/01405958.tar
HTAR: a   instcat_y06_191126/01406105.tar
HTAR: a   instcat_y06_191126/job_log_01403816.txt
HTAR: a   instcat_y06_191126/job_log_01403817.txt
HTAR: a   instcat_y06_191126/job_log_01403818.txt
HTAR: a   instcat_y06_191126/job_log_01403819.txt
HTAR: a   instcat_y06_191126/job_log_01403820.txt
HTAR: a   instcat_y06_191126/job_log_01403821.txt
HTAR: a   instcat_y06_191126/job_log_01403822.txt
HTAR: a   instcat_y06_191126/job_log_01403823.txt
HTAR: a   instcat_y06_191126/job_log_01403824.txt
HTAR: a   instcat_y06_191126/job_log_01403825.txt
HTAR: a   instcat_y06_191126/job_log_01403826.txt
HTAR: a   instcat_y06_191126/job_log_01403827.txt
HTAR: a   instcat_y06_191126/job_log_01403828.txt
HTAR: a   instcat_y06_191126/job_log_01403834.txt
HTAR: a   instcat_y06_191126/job_log_01403841.txt
HTAR: a   instcat_y06_191126/job_log_01403842.txt
HTAR: a   instcat_y06_191126/job_log_01403843.txt
HTAR: a   instcat_y06_191126/job_log_01403844.txt
HTAR: a   instcat_y06_191126/job_log_01403845.txt
HTAR: a   instcat_y06_191126/job_log_01403846.txt
HTAR: a   instcat_y06_191126/job_log_01404489.txt
HTAR: a   instcat_y06_191126/job_log_01404490.txt
HTAR: a   instcat_y06_191126/job_log_01404491.txt
HTAR: a   instcat_y06_191126/job_log_01404816.txt
HTAR: a   instcat_y06_191126/job_log_01404817.txt
HTAR: a   instcat_y06_191126/job_log_01404874.txt
HTAR: a   instcat_y06_191126/job_log_01404875.txt
HTAR: a   instcat_y06_191126/job_log_01404876.txt
HTAR: a   instcat_y06_191126/job_log_01404877.txt
HTAR: a   instcat_y06_191126/job_log_01404878.txt
HTAR: a   instcat_y06_191126/job_log_01404879.txt
HTAR: a   instcat_y06_191126/job_log_01404880.txt
HTAR: a   instcat_y06_191126/job_log_01404882.txt
HTAR: a   instcat_y06_191126/job_log_01404883.txt
HTAR: a   instcat_y06_191126/job_log_01404884.txt
HTAR: a   instcat_y06_191126/job_log_01404885.txt
HTAR: a   instcat_y06_191126/job_log_01404886.txt
HTAR: a   instcat_y06_191126/job_log_01404887.txt
HTAR: a   instcat_y06_191126/job_log_01404888.txt
HTAR: a   instcat_y06_191126/job_log_01404889.txt
HTAR: a   instcat_y06_191126/job_log_01404890.txt
HTAR: a   instcat_y06_191126/job_log_01404892.txt
HTAR: a   instcat_y06_191126/job_log_01404894.txt
HTAR: a   instcat_y06_191126/job_log_01404895.txt
HTAR: a   instcat_y06_191126/job_log_01404896.txt
HTAR: a   instcat_y06_191126/job_log_01404897.txt
HTAR: a   instcat_y06_191126/job_log_01404898.txt
HTAR: a   instcat_y06_191126/job_log_01404900.txt
HTAR: a   instcat_y06_191126/job_log_01404901.txt
HTAR: a   instcat_y06_191126/job_log_01404978.txt
HTAR: a   instcat_y06_191126/job_log_01404979.txt
HTAR: a   instcat_y06_191126/job_log_01404980.txt
HTAR: a   instcat_y06_191126/job_log_01404989.txt
HTAR: a   instcat_y06_191126/job_log_01404990.txt
HTAR: a   instcat_y06_191126/job_log_01404993.txt
HTAR: a   instcat_y06_191126/job_log_01404994.txt
HTAR: a   instcat_y06_191126/job_log_01404995.txt
HTAR: a   instcat_y06_191126/job_log_01404996.txt
HTAR: a   instcat_y06_191126/job_log_01404997.txt
HTAR: a   instcat_y06_191126/job_log_01404998.txt
HTAR: a   instcat_y06_191126/job_log_01404999.txt
HTAR: a   instcat_y06_191126/job_log_01405000.txt
HTAR: a   instcat_y06_191126/job_log_01405001.txt
HTAR: a   instcat_y06_191126/job_log_01405002.txt
HTAR: a   instcat_y06_191126/job_log_01405003.txt
HTAR: a   instcat_y06_191126/job_log_01405005.txt
HTAR: a   instcat_y06_191126/job_log_01405006.txt
HTAR: a   instcat_y06_191126/job_log_01405007.txt
HTAR: a   instcat_y06_191126/job_log_01405008.txt
HTAR: a   instcat_y06_191126/job_log_01405009.txt
HTAR: a   instcat_y06_191126/job_log_01405010.txt
HTAR: a   instcat_y06_191126/job_log_01405011.txt
HTAR: a   instcat_y06_191126/job_log_01405012.txt
HTAR: a   instcat_y06_191126/job_log_01405013.txt
HTAR: a   instcat_y06_191126/job_log_01405014.txt
HTAR: a   instcat_y06_191126/job_log_01405015.txt
HTAR: a   instcat_y06_191126/job_log_01405016.txt
HTAR: a   instcat_y06_191126/job_log_01405017.txt
HTAR: a   instcat_y06_191126/job_log_01405018.txt
HTAR: a   instcat_y06_191126/job_log_01405021.txt
HTAR: a   instcat_y06_191126/job_log_01405057.txt
HTAR: a   instcat_y06_191126/job_log_01405058.txt
HTAR: a   instcat_y06_191126/job_log_01405059.txt
HTAR: a   instcat_y06_191126/job_log_01405060.txt
HTAR: a   instcat_y06_191126/job_log_01405061.txt
HTAR: a   instcat_y06_191126/job_log_01405210.txt
HTAR: a   instcat_y06_191126/job_log_01405211.txt
HTAR: a   instcat_y06_191126/job_log_01405851.txt
HTAR: a   instcat_y06_191126/job_log_01405852.txt
HTAR: a   instcat_y06_191126/job_log_01405853.txt
HTAR: a   instcat_y06_191126/job_log_01405854.txt
HTAR: a   instcat_y06_191126/job_log_01405855.txt
HTAR: a   instcat_y06_191126/job_log_01405856.txt
HTAR: a   instcat_y06_191126/job_log_01405857.txt
HTAR: a   instcat_y06_191126/job_log_01405858.txt
HTAR: a   instcat_y06_191126/job_log_01405859.txt
HTAR: a   instcat_y06_191126/job_log_01405860.txt
HTAR: a   instcat_y06_191126/job_log_01405861.txt
HTAR: a   instcat_y06_191126/job_log_01405862.txt
HTAR: a   instcat_y06_191126/job_log_01405880.txt
HTAR: a   instcat_y06_191126/job_log_01405881.txt
HTAR: a   instcat_y06_191126/job_log_01405882.txt
HTAR: a   instcat_y06_191126/job_log_01405883.txt
HTAR: a   instcat_y06_191126/job_log_01405884.txt
HTAR: a   instcat_y06_191126/job_log_01405885.txt
HTAR: a   instcat_y06_191126/job_log_01405886.txt
HTAR: a   instcat_y06_191126/job_log_01405887.txt
HTAR: a   instcat_y06_191126/job_log_01405888.txt
HTAR: a   instcat_y06_191126/job_log_01405889.txt
HTAR: a   instcat_y06_191126/job_log_01405892.txt
HTAR: a   instcat_y06_191126/job_log_01405893.txt
HTAR: a   instcat_y06_191126/job_log_01405894.txt
HTAR: a   instcat_y06_191126/job_log_01405916.txt
HTAR: a   instcat_y06_191126/job_log_01405917.txt
HTAR: a   instcat_y06_191126/job_log_01405918.txt
HTAR: a   instcat_y06_191126/job_log_01405954.txt
HTAR: a   instcat_y06_191126/job_log_01405956.txt
HTAR: a   instcat_y06_191126/job_log_01405957.txt
HTAR: a   instcat_y06_191126/job_log_01405958.txt
HTAR: a   instcat_y06_191126/job_log_01406105.txt
HTAR: a   /tmp/HTAR_CF_CHK_32345_1580781588
HTAR Create complete for /home/projects/desc/DC2_ImSim/Run2.2i/instCat/y06_191126/01403816to01406105.tar. 533,645,917,696 bytes written for 240 member files, max threads: 50 Transfer time: 3094.276 seconds (172.462 MB/s) wallclock/user/sys: 3095.578 4049.632 1008.790 seconds
HTAR: HTAR SUCCESSFUL
HTAR: a   instcat_y06_191126/01406106.tar
HTAR: a   instcat_y06_191126/01406107.tar
HTAR: a   instcat_y06_191126/01406108.tar
HTAR: a   instcat_y06_191126/01406109.tar
HTAR: a   instcat_y06_191126/01406110.tar
HTAR: a   instcat_y06_191126/01406111.tar
HTAR: a   instcat_y06_191126/01406112.tar
HTAR: a   instcat_y06_191126/01406113.tar
HTAR: a   instcat_y06_191126/01406114.tar
HTAR: a   instcat_y06_191126/01406115.tar
HTAR: a   instcat_y06_191126/01406788.tar
HTAR: a   instcat_y06_191126/01406826.tar
HTAR: a   instcat_y06_191126/01406827.tar
HTAR: a   instcat_y06_191126/01406828.tar
HTAR: a   instcat_y06_191126/01406829.tar
HTAR: a   instcat_y06_191126/01406830.tar
HTAR: a   instcat_y06_191126/01406831.tar
HTAR: a   instcat_y06_191126/01406832.tar
HTAR: a   instcat_y06_191126/01406833.tar
HTAR: a   instcat_y06_191126/01406834.tar
HTAR: a   instcat_y06_191126/01406835.tar
HTAR: a   instcat_y06_191126/01406836.tar
HTAR: a   instcat_y06_191126/01406837.tar
HTAR: a   instcat_y06_191126/01406838.tar
HTAR: a   instcat_y06_191126/01406839.tar
HTAR: a   instcat_y06_191126/01406840.tar
HTAR: a   instcat_y06_191126/01406841.tar
HTAR: a   instcat_y06_191126/01406842.tar
HTAR: a   instcat_y06_191126/01406843.tar
HTAR: a   instcat_y06_191126/01406844.tar
HTAR: a   instcat_y06_191126/01406845.tar
HTAR: a   instcat_y06_191126/01406846.tar
HTAR: a   instcat_y06_191126/01406850.tar
HTAR: a   instcat_y06_191126/01406851.tar
HTAR: a   instcat_y06_191126/01406852.tar
HTAR: a   instcat_y06_191126/01406853.tar
HTAR: a   instcat_y06_191126/01406854.tar
HTAR: a   instcat_y06_191126/01406855.tar
HTAR: a   instcat_y06_191126/01406856.tar
HTAR: a   instcat_y06_191126/01406871.tar
HTAR: a   instcat_y06_191126/01406872.tar
HTAR: a   instcat_y06_191126/01406873.tar
HTAR: a   instcat_y06_191126/01406874.tar
HTAR: a   instcat_y06_191126/01406875.tar
HTAR: a   instcat_y06_191126/01406876.tar
HTAR: a   instcat_y06_191126/01406878.tar
HTAR: a   instcat_y06_191126/01406879.tar
HTAR: a   instcat_y06_191126/01406880.tar
HTAR: a   instcat_y06_191126/01406881.tar
HTAR: a   instcat_y06_191126/01406882.tar
HTAR: a   instcat_y06_191126/01406883.tar
HTAR: a   instcat_y06_191126/01406884.tar
HTAR: a   instcat_y06_191126/01406885.tar
HTAR: a   instcat_y06_191126/01406886.tar
HTAR: a   instcat_y06_191126/01406887.tar
HTAR: a   instcat_y06_191126/01406888.tar
HTAR: a   instcat_y06_191126/01406891.tar
HTAR: a   instcat_y06_191126/01406892.tar
HTAR: a   instcat_y06_191126/01406893.tar
HTAR: a   instcat_y06_191126/01406894.tar
HTAR: a   instcat_y06_191126/01406895.tar
HTAR: a   instcat_y06_191126/01406936.tar
HTAR: a   instcat_y06_191126/01406937.tar
HTAR: a   instcat_y06_191126/01406938.tar
HTAR: a   instcat_y06_191126/01406939.tar
HTAR: a   instcat_y06_191126/01406940.tar
HTAR: a   instcat_y06_191126/01406941.tar
HTAR: a   instcat_y06_191126/01406942.tar
HTAR: a   instcat_y06_191126/01406943.tar
HTAR: a   instcat_y06_191126/01406944.tar
HTAR: a   instcat_y06_191126/01406945.tar
HTAR: a   instcat_y06_191126/01406946.tar
HTAR: a   instcat_y06_191126/01406947.tar
HTAR: a   instcat_y06_191126/01406948.tar
HTAR: a   instcat_y06_191126/01406949.tar
HTAR: a   instcat_y06_191126/01406950.tar
HTAR: a   instcat_y06_191126/01406951.tar
HTAR: a   instcat_y06_191126/01406952.tar
HTAR: a   instcat_y06_191126/01406953.tar
HTAR: a   instcat_y06_191126/01406954.tar
HTAR: a   instcat_y06_191126/01406955.tar
HTAR: a   instcat_y06_191126/01407664.tar
HTAR: a   instcat_y06_191126/01407665.tar
HTAR: a   instcat_y06_191126/01407666.tar
HTAR: a   instcat_y06_191126/01407667.tar
HTAR: a   instcat_y06_191126/01407668.tar
HTAR: a   instcat_y06_191126/01407669.tar
HTAR: a   instcat_y06_191126/01407670.tar
HTAR: a   instcat_y06_191126/01407671.tar
HTAR: a   instcat_y06_191126/01407672.tar
HTAR: a   instcat_y06_191126/01407673.tar
HTAR: a   instcat_y06_191126/01407674.tar
HTAR: a   instcat_y06_191126/01407675.tar
HTAR: a   instcat_y06_191126/01407676.tar
HTAR: a   instcat_y06_191126/01407677.tar
HTAR: a   instcat_y06_191126/01407678.tar
HTAR: a   instcat_y06_191126/01407679.tar
HTAR: a   instcat_y06_191126/01407680.tar
HTAR: a   instcat_y06_191126/01407681.tar
HTAR: a   instcat_y06_191126/01407682.tar
HTAR: a   instcat_y06_191126/01407683.tar
HTAR: a   instcat_y06_191126/01407730.tar
HTAR: a   instcat_y06_191126/01407731.tar
HTAR: a   instcat_y06_191126/01407732.tar
HTAR: a   instcat_y06_191126/01407733.tar
HTAR: a   instcat_y06_191126/01407734.tar
HTAR: a   instcat_y06_191126/01407735.tar
HTAR: a   instcat_y06_191126/01407736.tar
HTAR: a   instcat_y06_191126/01407737.tar
HTAR: a   instcat_y06_191126/01407738.tar
HTAR: a   instcat_y06_191126/01407739.tar
HTAR: a   instcat_y06_191126/01407740.tar
HTAR: a   instcat_y06_191126/01407741.tar
HTAR: a   instcat_y06_191126/01407777.tar
HTAR: a   instcat_y06_191126/01407778.tar
HTAR: a   instcat_y06_191126/01407779.tar
HTAR: a   instcat_y06_191126/01407780.tar
HTAR: a   instcat_y06_191126/01407781.tar
HTAR: a   instcat_y06_191126/01407782.tar
HTAR: a   instcat_y06_191126/01407783.tar
HTAR: a   instcat_y06_191126/job_log_01406106.txt
HTAR: a   instcat_y06_191126/job_log_01406107.txt
HTAR: a   instcat_y06_191126/job_log_01406108.txt
HTAR: a   instcat_y06_191126/job_log_01406109.txt
HTAR: a   instcat_y06_191126/job_log_01406110.txt
HTAR: a   instcat_y06_191126/job_log_01406111.txt
HTAR: a   instcat_y06_191126/job_log_01406112.txt
HTAR: a   instcat_y06_191126/job_log_01406113.txt
HTAR: a   instcat_y06_191126/job_log_01406114.txt
HTAR: a   instcat_y06_191126/job_log_01406115.txt
HTAR: a   instcat_y06_191126/job_log_01406788.txt
HTAR: a   instcat_y06_191126/job_log_01406826.txt
HTAR: a   instcat_y06_191126/job_log_01406827.txt
HTAR: a   instcat_y06_191126/job_log_01406828.txt
HTAR: a   instcat_y06_191126/job_log_01406829.txt
HTAR: a   instcat_y06_191126/job_log_01406830.txt
HTAR: a   instcat_y06_191126/job_log_01406831.txt
HTAR: a   instcat_y06_191126/job_log_01406832.txt
HTAR: a   instcat_y06_191126/job_log_01406833.txt
HTAR: a   instcat_y06_191126/job_log_01406834.txt
HTAR: a   instcat_y06_191126/job_log_01406835.txt
HTAR: a   instcat_y06_191126/job_log_01406836.txt
HTAR: a   instcat_y06_191126/job_log_01406837.txt
HTAR: a   instcat_y06_191126/job_log_01406838.txt
HTAR: a   instcat_y06_191126/job_log_01406839.txt
HTAR: a   instcat_y06_191126/job_log_01406840.txt
HTAR: a   instcat_y06_191126/job_log_01406841.txt
HTAR: a   instcat_y06_191126/job_log_01406842.txt
HTAR: a   instcat_y06_191126/job_log_01406843.txt
HTAR: a   instcat_y06_191126/job_log_01406844.txt
HTAR: a   instcat_y06_191126/job_log_01406845.txt
HTAR: a   instcat_y06_191126/job_log_01406846.txt
HTAR: a   instcat_y06_191126/job_log_01406850.txt
HTAR: a   instcat_y06_191126/job_log_01406851.txt
HTAR: a   instcat_y06_191126/job_log_01406852.txt
HTAR: a   instcat_y06_191126/job_log_01406853.txt
HTAR: a   instcat_y06_191126/job_log_01406854.txt
HTAR: a   instcat_y06_191126/job_log_01406855.txt
HTAR: a   instcat_y06_191126/job_log_01406856.txt
HTAR: a   instcat_y06_191126/job_log_01406871.txt
HTAR: a   instcat_y06_191126/job_log_01406872.txt
HTAR: a   instcat_y06_191126/job_log_01406873.txt
HTAR: a   instcat_y06_191126/job_log_01406874.txt
HTAR: a   instcat_y06_191126/job_log_01406875.txt
HTAR: a   instcat_y06_191126/job_log_01406876.txt
HTAR: a   instcat_y06_191126/job_log_01406878.txt
HTAR: a   instcat_y06_191126/job_log_01406879.txt
HTAR: a   instcat_y06_191126/job_log_01406880.txt
HTAR: a   instcat_y06_191126/job_log_01406881.txt
HTAR: a   instcat_y06_191126/job_log_01406882.txt
HTAR: a   instcat_y06_191126/job_log_01406883.txt
HTAR: a   instcat_y06_191126/job_log_01406884.txt
HTAR: a   instcat_y06_191126/job_log_01406885.txt
HTAR: a   instcat_y06_191126/job_log_01406886.txt
HTAR: a   instcat_y06_191126/job_log_01406887.txt
HTAR: a   instcat_y06_191126/job_log_01406888.txt
HTAR: a   instcat_y06_191126/job_log_01406891.txt
HTAR: a   instcat_y06_191126/job_log_01406892.txt
HTAR: a   instcat_y06_191126/job_log_01406893.txt
HTAR: a   instcat_y06_191126/job_log_01406894.txt
HTAR: a   instcat_y06_191126/job_log_01406895.txt
HTAR: a   instcat_y06_191126/job_log_01406936.txt
HTAR: a   instcat_y06_191126/job_log_01406937.txt
HTAR: a   instcat_y06_191126/job_log_01406938.txt
HTAR: a   instcat_y06_191126/job_log_01406939.txt
HTAR: a   instcat_y06_191126/job_log_01406940.txt
HTAR: a   instcat_y06_191126/job_log_01406941.txt
HTAR: a   instcat_y06_191126/job_log_01406942.txt
HTAR: a   instcat_y06_191126/job_log_01406943.txt
HTAR: a   instcat_y06_191126/job_log_01406944.txt
HTAR: a   instcat_y06_191126/job_log_01406945.txt
HTAR: a   instcat_y06_191126/job_log_01406946.txt
HTAR: a   instcat_y06_191126/job_log_01406947.txt
HTAR: a   instcat_y06_191126/job_log_01406948.txt
HTAR: a   instcat_y06_191126/job_log_01406949.txt
HTAR: a   instcat_y06_191126/job_log_01406950.txt
HTAR: a   instcat_y06_191126/job_log_01406951.txt
HTAR: a   instcat_y06_191126/job_log_01406952.txt
HTAR: a   instcat_y06_191126/job_log_01406953.txt
HTAR: a   instcat_y06_191126/job_log_01406954.txt
HTAR: a   instcat_y06_191126/job_log_01406955.txt
HTAR: a   instcat_y06_191126/job_log_01407664.txt
HTAR: a   instcat_y06_191126/job_log_01407665.txt
HTAR: a   instcat_y06_191126/job_log_01407666.txt
HTAR: a   instcat_y06_191126/job_log_01407667.txt
HTAR: a   instcat_y06_191126/job_log_01407668.txt
HTAR: a   instcat_y06_191126/job_log_01407669.txt
HTAR: a   instcat_y06_191126/job_log_01407670.txt
HTAR: a   instcat_y06_191126/job_log_01407671.txt
HTAR: a   instcat_y06_191126/job_log_01407672.txt
HTAR: a   instcat_y06_191126/job_log_01407673.txt
HTAR: a   instcat_y06_191126/job_log_01407674.txt
HTAR: a   instcat_y06_191126/job_log_01407675.txt
HTAR: a   instcat_y06_191126/job_log_01407676.txt
HTAR: a   instcat_y06_191126/job_log_01407677.txt
HTAR: a   instcat_y06_191126/job_log_01407678.txt
HTAR: a   instcat_y06_191126/job_log_01407679.txt
HTAR: a   instcat_y06_191126/job_log_01407680.txt
HTAR: a   instcat_y06_191126/job_log_01407681.txt
HTAR: a   instcat_y06_191126/job_log_01407682.txt
HTAR: a   instcat_y06_191126/job_log_01407683.txt
HTAR: a   instcat_y06_191126/job_log_01407730.txt
HTAR: a   instcat_y06_191126/job_log_01407731.txt
HTAR: a   instcat_y06_191126/job_log_01407732.txt
HTAR: a   instcat_y06_191126/job_log_01407733.txt
HTAR: a   instcat_y06_191126/job_log_01407734.txt
HTAR: a   instcat_y06_191126/job_log_01407735.txt
HTAR: a   instcat_y06_191126/job_log_01407736.txt
HTAR: a   instcat_y06_191126/job_log_01407737.txt
HTAR: a   instcat_y06_191126/job_log_01407738.txt
HTAR: a   instcat_y06_191126/job_log_01407739.txt
HTAR: a   instcat_y06_191126/job_log_01407740.txt
HTAR: a   instcat_y06_191126/job_log_01407741.txt
HTAR: a   instcat_y06_191126/job_log_01407777.txt
HTAR: a   instcat_y06_191126/job_log_01407778.txt
HTAR: a   instcat_y06_191126/job_log_01407779.txt
HTAR: a   instcat_y06_191126/job_log_01407780.txt
HTAR: a   instcat_y06_191126/job_log_01407781.txt
HTAR: a   instcat_y06_191126/job_log_01407782.txt
HTAR: a   instcat_y06_191126/job_log_01407783.txt
HTAR: a   /tmp/HTAR_CF_CHK_14121_1580784686
HTAR Create complete for /home/projects/desc/DC2_ImSim/Run2.2i/instCat/y06_191126/01406106to01407783.tar. 566,177,639,936 bytes written for 240 member files, max threads: 50 Transfer time: 3339.349 seconds (169.547 MB/s) wallclock/user/sys: 3340.440 4331.605 1139.739 seconds
HTAR: HTAR SUCCESSFUL
HTAR: a   instcat_y06_191126/01407784.tar
HTAR: a   instcat_y06_191126/01407785.tar
HTAR: a   instcat_y06_191126/01407786.tar
HTAR: a   instcat_y06_191126/01407787.tar
HTAR: a   instcat_y06_191126/01407788.tar
HTAR: a   instcat_y06_191126/01407789.tar
HTAR: a   instcat_y06_191126/01407790.tar
HTAR: a   instcat_y06_191126/01407794.tar
HTAR: a   instcat_y06_191126/01407795.tar
HTAR: a   instcat_y06_191126/01407796.tar
HTAR: a   instcat_y06_191126/01407797.tar
HTAR: a   instcat_y06_191126/01407798.tar
HTAR: a   instcat_y06_191126/01407799.tar
HTAR: a   instcat_y06_191126/01407800.tar
HTAR: a   instcat_y06_191126/01407801.tar
HTAR: a   instcat_y06_191126/01407802.tar
HTAR: a   instcat_y06_191126/01407803.tar
HTAR: a   instcat_y06_191126/01407804.tar
HTAR: a   instcat_y06_191126/01407805.tar
HTAR: a   instcat_y06_191126/01407806.tar
HTAR: a   instcat_y06_191126/01407807.tar
HTAR: a   instcat_y06_191126/01407811.tar
HTAR: a   instcat_y06_191126/01407812.tar
HTAR: a   instcat_y06_191126/01407813.tar
HTAR: a   instcat_y06_191126/01407814.tar
HTAR: a   instcat_y06_191126/01407815.tar
HTAR: a   instcat_y06_191126/01407816.tar
HTAR: a   instcat_y06_191126/01407817.tar
HTAR: a   instcat_y06_191126/01407818.tar
HTAR: a   instcat_y06_191126/01407819.tar
HTAR: a   instcat_y06_191126/01407820.tar
HTAR: a   instcat_y06_191126/01407821.tar
HTAR: a   instcat_y06_191126/01407822.tar
HTAR: a   instcat_y06_191126/01407824.tar
HTAR: a   instcat_y06_191126/01407825.tar
HTAR: a   instcat_y06_191126/01407829.tar
HTAR: a   instcat_y06_191126/01407830.tar
HTAR: a   instcat_y06_191126/01407831.tar
HTAR: a   instcat_y06_191126/01407832.tar
HTAR: a   instcat_y06_191126/01407833.tar
HTAR: a   instcat_y06_191126/01407834.tar
HTAR: a   instcat_y06_191126/01407835.tar
HTAR: a   instcat_y06_191126/01407836.tar
HTAR: a   instcat_y06_191126/01407837.tar
HTAR: a   instcat_y06_191126/01407838.tar
HTAR: a   instcat_y06_191126/01407839.tar
HTAR: a   instcat_y06_191126/01407840.tar
HTAR: a   instcat_y06_191126/01407841.tar
HTAR: a   instcat_y06_191126/01407847.tar
HTAR: a   instcat_y06_191126/01407848.tar
HTAR: a   instcat_y06_191126/01407849.tar
HTAR: a   instcat_y06_191126/01407850.tar
HTAR: a   instcat_y06_191126/01407851.tar
HTAR: a   instcat_y06_191126/01407852.tar
HTAR: a   instcat_y06_191126/01407853.tar
HTAR: a   instcat_y06_191126/01407854.tar
HTAR: a   instcat_y06_191126/01407855.tar
HTAR: a   instcat_y06_191126/01407856.tar
HTAR: a   instcat_y06_191126/01407857.tar
HTAR: a   instcat_y06_191126/01407859.tar
HTAR: a   instcat_y06_191126/01407860.tar
HTAR: a   instcat_y06_191126/01407861.tar
HTAR: a   instcat_y06_191126/01407862.tar
HTAR: a   instcat_y06_191126/01407863.tar
HTAR: a   instcat_y06_191126/01407866.tar
HTAR: a   instcat_y06_191126/01407867.tar
HTAR: a   instcat_y06_191126/01407884.tar
HTAR: a   instcat_y06_191126/01407885.tar
HTAR: a   instcat_y06_191126/01407886.tar
HTAR: a   instcat_y06_191126/01407887.tar
HTAR: a   instcat_y06_191126/01407888.tar
HTAR: a   instcat_y06_191126/01407915.tar
HTAR: a   instcat_y06_191126/01407916.tar
HTAR: a   instcat_y06_191126/01407917.tar
HTAR: a   instcat_y06_191126/01407919.tar
HTAR: a   instcat_y06_191126/01407930.tar
HTAR: a   instcat_y06_191126/01407931.tar
HTAR: a   instcat_y06_191126/01407975.tar
HTAR: a   instcat_y06_191126/01407990.tar
HTAR: a   instcat_y06_191126/01408605.tar
HTAR: a   instcat_y06_191126/01408606.tar
HTAR: a   instcat_y06_191126/01408607.tar
HTAR: a   instcat_y06_191126/01408608.tar
HTAR: a   instcat_y06_191126/01408609.tar
HTAR: a   instcat_y06_191126/01408610.tar
HTAR: a   instcat_y06_191126/01408611.tar
HTAR: a   instcat_y06_191126/01408612.tar
HTAR: a   instcat_y06_191126/01408613.tar
HTAR: a   instcat_y06_191126/01408614.tar
HTAR: a   instcat_y06_191126/01408615.tar
HTAR: a   instcat_y06_191126/01408616.tar
HTAR: a   instcat_y06_191126/01408617.tar
HTAR: a   instcat_y06_191126/01408618.tar
HTAR: a   instcat_y06_191126/01408619.tar
HTAR: a   instcat_y06_191126/01408620.tar
HTAR: a   instcat_y06_191126/01408621.tar
HTAR: a   instcat_y06_191126/01408622.tar
HTAR: a   instcat_y06_191126/01408623.tar
HTAR: a   instcat_y06_191126/01408624.tar
HTAR: a   instcat_y06_191126/01408846.tar
HTAR: a   instcat_y06_191126/01408850.tar
HTAR: a   instcat_y06_191126/01408851.tar
HTAR: a   instcat_y06_191126/01408853.tar
HTAR: a   instcat_y06_191126/01408854.tar
HTAR: a   instcat_y06_191126/01408855.tar
HTAR: a   instcat_y06_191126/01408856.tar
HTAR: a   instcat_y06_191126/01408896.tar
HTAR: a   instcat_y06_191126/01408898.tar
HTAR: a   instcat_y06_191126/01408900.tar
HTAR: a   instcat_y06_191126/01408901.tar
HTAR: a   instcat_y06_191126/01408902.tar
HTAR: a   instcat_y06_191126/01408904.tar
HTAR: a   instcat_y06_191126/01408909.tar
HTAR: a   instcat_y06_191126/01409499.tar
HTAR: a   instcat_y06_191126/01409501.tar
HTAR: a   instcat_y06_191126/01409540.tar
HTAR: a   instcat_y06_191126/01409543.tar
HTAR: a   instcat_y06_191126/01409551.tar
HTAR: a   instcat_y06_191126/01409594.tar
HTAR: a   instcat_y06_191126/01409595.tar
HTAR: a   instcat_y06_191126/job_log_01407784.txt
HTAR: a   instcat_y06_191126/job_log_01407785.txt
HTAR: a   instcat_y06_191126/job_log_01407786.txt
HTAR: a   instcat_y06_191126/job_log_01407787.txt
HTAR: a   instcat_y06_191126/job_log_01407788.txt
HTAR: a   instcat_y06_191126/job_log_01407789.txt
HTAR: a   instcat_y06_191126/job_log_01407790.txt
HTAR: a   instcat_y06_191126/job_log_01407794.txt
HTAR: a   instcat_y06_191126/job_log_01407795.txt
HTAR: a   instcat_y06_191126/job_log_01407796.txt
HTAR: a   instcat_y06_191126/job_log_01407797.txt
HTAR: a   instcat_y06_191126/job_log_01407798.txt
HTAR: a   instcat_y06_191126/job_log_01407799.txt
HTAR: a   instcat_y06_191126/job_log_01407800.txt
HTAR: a   instcat_y06_191126/job_log_01407801.txt
HTAR: a   instcat_y06_191126/job_log_01407802.txt
HTAR: a   instcat_y06_191126/job_log_01407803.txt
HTAR: a   instcat_y06_191126/job_log_01407804.txt
HTAR: a   instcat_y06_191126/job_log_01407805.txt
HTAR: a   instcat_y06_191126/job_log_01407806.txt
HTAR: a   instcat_y06_191126/job_log_01407807.txt
HTAR: a   instcat_y06_191126/job_log_01407811.txt
HTAR: a   instcat_y06_191126/job_log_01407812.txt
HTAR: a   instcat_y06_191126/job_log_01407813.txt
HTAR: a   instcat_y06_191126/job_log_01407814.txt
HTAR: a   instcat_y06_191126/job_log_01407815.txt
HTAR: a   instcat_y06_191126/job_log_01407816.txt
HTAR: a   instcat_y06_191126/job_log_01407817.txt
HTAR: a   instcat_y06_191126/job_log_01407818.txt
HTAR: a   instcat_y06_191126/job_log_01407819.txt
HTAR: a   instcat_y06_191126/job_log_01407820.txt
HTAR: a   instcat_y06_191126/job_log_01407821.txt
HTAR: a   instcat_y06_191126/job_log_01407822.txt
HTAR: a   instcat_y06_191126/job_log_01407824.txt
HTAR: a   instcat_y06_191126/job_log_01407825.txt
HTAR: a   instcat_y06_191126/job_log_01407829.txt
HTAR: a   instcat_y06_191126/job_log_01407830.txt
HTAR: a   instcat_y06_191126/job_log_01407831.txt
HTAR: a   instcat_y06_191126/job_log_01407832.txt
HTAR: a   instcat_y06_191126/job_log_01407833.txt
HTAR: a   instcat_y06_191126/job_log_01407834.txt
HTAR: a   instcat_y06_191126/job_log_01407835.txt
HTAR: a   instcat_y06_191126/job_log_01407836.txt
HTAR: a   instcat_y06_191126/job_log_01407837.txt
HTAR: a   instcat_y06_191126/job_log_01407838.txt
HTAR: a   instcat_y06_191126/job_log_01407839.txt
HTAR: a   instcat_y06_191126/job_log_01407840.txt
HTAR: a   instcat_y06_191126/job_log_01407841.txt
HTAR: a   instcat_y06_191126/job_log_01407847.txt
HTAR: a   instcat_y06_191126/job_log_01407848.txt
HTAR: a   instcat_y06_191126/job_log_01407849.txt
HTAR: a   instcat_y06_191126/job_log_01407850.txt
HTAR: a   instcat_y06_191126/job_log_01407851.txt
HTAR: a   instcat_y06_191126/job_log_01407852.txt
HTAR: a   instcat_y06_191126/job_log_01407853.txt
HTAR: a   instcat_y06_191126/job_log_01407854.txt
HTAR: a   instcat_y06_191126/job_log_01407855.txt
HTAR: a   instcat_y06_191126/job_log_01407856.txt
HTAR: a   instcat_y06_191126/job_log_01407857.txt
HTAR: a   instcat_y06_191126/job_log_01407859.txt
HTAR: a   instcat_y06_191126/job_log_01407860.txt
HTAR: a   instcat_y06_191126/job_log_01407861.txt
HTAR: a   instcat_y06_191126/job_log_01407862.txt
HTAR: a   instcat_y06_191126/job_log_01407863.txt
HTAR: a   instcat_y06_191126/job_log_01407866.txt
HTAR: a   instcat_y06_191126/job_log_01407867.txt
HTAR: a   instcat_y06_191126/job_log_01407884.txt
HTAR: a   instcat_y06_191126/job_log_01407885.txt
HTAR: a   instcat_y06_191126/job_log_01407886.txt
HTAR: a   instcat_y06_191126/job_log_01407887.txt
HTAR: a   instcat_y06_191126/job_log_01407888.txt
HTAR: a   instcat_y06_191126/job_log_01407915.txt
HTAR: a   instcat_y06_191126/job_log_01407916.txt
HTAR: a   instcat_y06_191126/job_log_01407917.txt
HTAR: a   instcat_y06_191126/job_log_01407919.txt
HTAR: a   instcat_y06_191126/job_log_01407930.txt
HTAR: a   instcat_y06_191126/job_log_01407931.txt
HTAR: a   instcat_y06_191126/job_log_01407975.txt
HTAR: a   instcat_y06_191126/job_log_01407990.txt
HTAR: a   instcat_y06_191126/job_log_01408605.txt
HTAR: a   instcat_y06_191126/job_log_01408606.txt
HTAR: a   instcat_y06_191126/job_log_01408607.txt
HTAR: a   instcat_y06_191126/job_log_01408608.txt
HTAR: a   instcat_y06_191126/job_log_01408609.txt
HTAR: a   instcat_y06_191126/job_log_01408610.txt
HTAR: a   instcat_y06_191126/job_log_01408611.txt
HTAR: a   instcat_y06_191126/job_log_01408612.txt
HTAR: a   instcat_y06_191126/job_log_01408613.txt
HTAR: a   instcat_y06_191126/job_log_01408614.txt
HTAR: a   instcat_y06_191126/job_log_01408615.txt
HTAR: a   instcat_y06_191126/job_log_01408616.txt
HTAR: a   instcat_y06_191126/job_log_01408617.txt
HTAR: a   instcat_y06_191126/job_log_01408618.txt
HTAR: a   instcat_y06_191126/job_log_01408619.txt
HTAR: a   instcat_y06_191126/job_log_01408620.txt
HTAR: a   instcat_y06_191126/job_log_01408621.txt
HTAR: a   instcat_y06_191126/job_log_01408622.txt
HTAR: a   instcat_y06_191126/job_log_01408623.txt
HTAR: a   instcat_y06_191126/job_log_01408624.txt
HTAR: a   instcat_y06_191126/job_log_01408846.txt
HTAR: a   instcat_y06_191126/job_log_01408850.txt
HTAR: a   instcat_y06_191126/job_log_01408851.txt
HTAR: a   instcat_y06_191126/job_log_01408853.txt
HTAR: a   instcat_y06_191126/job_log_01408854.txt
HTAR: a   instcat_y06_191126/job_log_01408855.txt
HTAR: a   instcat_y06_191126/job_log_01408856.txt
HTAR: a   instcat_y06_191126/job_log_01408896.txt
HTAR: a   instcat_y06_191126/job_log_01408898.txt
HTAR: a   instcat_y06_191126/job_log_01408900.txt
HTAR: a   instcat_y06_191126/job_log_01408901.txt
HTAR: a   instcat_y06_191126/job_log_01408902.txt
HTAR: a   instcat_y06_191126/job_log_01408904.txt
HTAR: a   instcat_y06_191126/job_log_01408909.txt
HTAR: a   instcat_y06_191126/job_log_01409499.txt
HTAR: a   instcat_y06_191126/job_log_01409501.txt
HTAR: a   instcat_y06_191126/job_log_01409540.txt
HTAR: a   instcat_y06_191126/job_log_01409543.txt
HTAR: a   instcat_y06_191126/job_log_01409551.txt
HTAR: a   instcat_y06_191126/job_log_01409594.txt
HTAR: a   instcat_y06_191126/job_log_01409595.txt
HTAR: a   /tmp/HTAR_CF_CHK_44148_1580788029
HTAR Create complete for /home/projects/desc/DC2_ImSim/Run2.2i/instCat/y06_191126/01407784to01409595.tar. 530,661,121,536 bytes written for 240 member files, max threads: 50 Transfer time: 3069.386 seconds (172.888 MB/s) wallclock/user/sys: 3070.374 3877.076 1102.183 seconds
HTAR: HTAR SUCCESSFUL
