HTAR: a   y02_instCat_missing/00390559.tar
HTAR: a   y02_instCat_missing/00390560.tar
HTAR: a   y02_instCat_missing/00390561.tar
HTAR: a   y02_instCat_missing/00397280.tar
HTAR: a   y02_instCat_missing/00397323.tar
HTAR: a   y02_instCat_missing/00398414.tar
HTAR: a   y02_instCat_missing/00398415.tar
HTAR: a   y02_instCat_missing/00400355.tar
HTAR: a   y02_instCat_missing/00400423.tar
HTAR: a   y02_instCat_missing/00400424.tar
HTAR: a   y02_instCat_missing/00400425.tar
HTAR: a   y02_instCat_missing/00400438.tar
HTAR: a   y02_instCat_missing/00400439.tar
HTAR: a   y02_instCat_missing/00400459.tar
HTAR: a   y02_instCat_missing/00400460.tar
HTAR: a   y02_instCat_missing/00400461.tar
HTAR: a   y02_instCat_missing/00401608.tar
HTAR: a   y02_instCat_missing/00401609.tar
HTAR: a   y02_instCat_missing/00401613.tar
HTAR: a   y02_instCat_missing/00401614.tar
HTAR: a   y02_instCat_missing/00401615.tar
HTAR: a   y02_instCat_missing/00401650.tar
HTAR: a   y02_instCat_missing/00401651.tar
HTAR: a   y02_instCat_missing/00401652.tar
HTAR: a   y02_instCat_missing/00401661.tar
HTAR: a   y02_instCat_missing/00406949.tar
HTAR: a   y02_instCat_missing/00406953.tar
HTAR: a   y02_instCat_missing/00406954.tar
HTAR: a   y02_instCat_missing/00406977.tar
HTAR: a   y02_instCat_missing/00406978.tar
HTAR: a   y02_instCat_missing/00406979.tar
HTAR: a   y02_instCat_missing/00406980.tar
HTAR: a   y02_instCat_missing/00406993.tar
HTAR: a   y02_instCat_missing/00406994.tar
HTAR: a   y02_instCat_missing/00406995.tar
HTAR: a   y02_instCat_missing/00407888.tar
HTAR: a   y02_instCat_missing/00407889.tar
HTAR: a   y02_instCat_missing/00407915.tar
HTAR: a   y02_instCat_missing/00407917.tar
HTAR: a   y02_instCat_missing/00407918.tar
HTAR: a   y02_instCat_missing/00407926.tar
HTAR: a   y02_instCat_missing/00407927.tar
HTAR: a   y02_instCat_missing/00407928.tar
HTAR: a   y02_instCat_missing/00407929.tar
HTAR: a   y02_instCat_missing/00407939.tar
HTAR: a   y02_instCat_missing/00407940.tar
HTAR: a   y02_instCat_missing/00407941.tar
HTAR: a   y02_instCat_missing/00407942.tar
HTAR: a   y02_instCat_missing/00407943.tar
HTAR: a   y02_instCat_missing/00407944.tar
HTAR: a   y02_instCat_missing/00407945.tar
HTAR: a   y02_instCat_missing/00407946.tar
HTAR: a   y02_instCat_missing/00407949.tar
HTAR: a   y02_instCat_missing/00410886.tar
HTAR: a   y02_instCat_missing/00410958.tar
HTAR: a   y02_instCat_missing/00410959.tar
HTAR: a   y02_instCat_missing/00410960.tar
HTAR: a   y02_instCat_missing/00410961.tar
HTAR: a   y02_instCat_missing/00410965.tar
HTAR: a   y02_instCat_missing/00410966.tar
HTAR: a   y02_instCat_missing/00410985.tar
HTAR: a   y02_instCat_missing/00410986.tar
HTAR: a   y02_instCat_missing/00410987.tar
HTAR: a   y02_instCat_missing/00410994.tar
HTAR: a   y02_instCat_missing/00410995.tar
HTAR: a   y02_instCat_missing/00414861.tar
HTAR: a   y02_instCat_missing/00414867.tar
HTAR: a   y02_instCat_missing/00414868.tar
HTAR: a   y02_instCat_missing/00414869.tar
HTAR: a   y02_instCat_missing/00414871.tar
HTAR: a   y02_instCat_missing/00414872.tar
HTAR: a   y02_instCat_missing/00414891.tar
HTAR: a   y02_instCat_missing/00414892.tar
HTAR: a   y02_instCat_missing/00414907.tar
HTAR: a   y02_instCat_missing/00414908.tar
HTAR: a   y02_instCat_missing/00414909.tar
HTAR: a   y02_instCat_missing/00414910.tar
HTAR: a   y02_instCat_missing/00414911.tar
HTAR: a   y02_instCat_missing/00414912.tar
HTAR: a   y02_instCat_missing/00414913.tar
HTAR: a   y02_instCat_missing/00415021.tar
HTAR: a   y02_instCat_missing/00417003.tar
HTAR: a   y02_instCat_missing/00417004.tar
HTAR: a   y02_instCat_missing/00417005.tar
HTAR: a   y02_instCat_missing/00417052.tar
HTAR: a   y02_instCat_missing/00417053.tar
HTAR: a   y02_instCat_missing/00417054.tar
HTAR: a   y02_instCat_missing/00417108.tar
HTAR: a   y02_instCat_missing/00418192.tar
HTAR: a   y02_instCat_missing/00418193.tar
HTAR: a   y02_instCat_missing/00418203.tar
HTAR: a   y02_instCat_missing/00418204.tar
HTAR: a   y02_instCat_missing/00418206.tar
HTAR: a   y02_instCat_missing/00418226.tar
HTAR: a   y02_instCat_missing/00418227.tar
HTAR: a   y02_instCat_missing/00418966.tar
HTAR: a   y02_instCat_missing/00418998.tar
HTAR: a   y02_instCat_missing/00418999.tar
HTAR: a   y02_instCat_missing/00419022.tar
HTAR: a   y02_instCat_missing/00419025.tar
HTAR: a   y02_instCat_missing/00419026.tar
HTAR: a   y02_instCat_missing/00419027.tar
HTAR: a   y02_instCat_missing/00419045.tar
HTAR: a   y02_instCat_missing/job_log_00390559.txt
HTAR: a   y02_instCat_missing/job_log_00390560.txt
HTAR: a   y02_instCat_missing/job_log_00390561.txt
HTAR: a   y02_instCat_missing/job_log_00397280.txt
HTAR: a   y02_instCat_missing/job_log_00397323.txt
HTAR: a   y02_instCat_missing/job_log_00398414.txt
HTAR: a   y02_instCat_missing/job_log_00398415.txt
HTAR: a   y02_instCat_missing/job_log_00400355.txt
HTAR: a   y02_instCat_missing/job_log_00400423.txt
HTAR: a   y02_instCat_missing/job_log_00400424.txt
HTAR: a   y02_instCat_missing/job_log_00400425.txt
HTAR: a   y02_instCat_missing/job_log_00400438.txt
HTAR: a   y02_instCat_missing/job_log_00400439.txt
HTAR: a   y02_instCat_missing/job_log_00400459.txt
HTAR: a   y02_instCat_missing/job_log_00400460.txt
HTAR: a   y02_instCat_missing/job_log_00400461.txt
HTAR: a   y02_instCat_missing/job_log_00401608.txt
HTAR: a   y02_instCat_missing/job_log_00401609.txt
HTAR: a   y02_instCat_missing/job_log_00401613.txt
HTAR: a   y02_instCat_missing/job_log_00401614.txt
HTAR: a   y02_instCat_missing/job_log_00401615.txt
HTAR: a   y02_instCat_missing/job_log_00401650.txt
HTAR: a   y02_instCat_missing/job_log_00401651.txt
HTAR: a   y02_instCat_missing/job_log_00401652.txt
HTAR: a   y02_instCat_missing/job_log_00401661.txt
HTAR: a   y02_instCat_missing/job_log_00406949.txt
HTAR: a   y02_instCat_missing/job_log_00406953.txt
HTAR: a   y02_instCat_missing/job_log_00406954.txt
HTAR: a   y02_instCat_missing/job_log_00406977.txt
HTAR: a   y02_instCat_missing/job_log_00406978.txt
HTAR: a   y02_instCat_missing/job_log_00406979.txt
HTAR: a   y02_instCat_missing/job_log_00406980.txt
HTAR: a   y02_instCat_missing/job_log_00406993.txt
HTAR: a   y02_instCat_missing/job_log_00406994.txt
HTAR: a   y02_instCat_missing/job_log_00406995.txt
HTAR: a   y02_instCat_missing/job_log_00407888.txt
HTAR: a   y02_instCat_missing/job_log_00407889.txt
HTAR: a   y02_instCat_missing/job_log_00407915.txt
HTAR: a   y02_instCat_missing/job_log_00407917.txt
HTAR: a   y02_instCat_missing/job_log_00407918.txt
HTAR: a   y02_instCat_missing/job_log_00407926.txt
HTAR: a   y02_instCat_missing/job_log_00407927.txt
HTAR: a   y02_instCat_missing/job_log_00407928.txt
HTAR: a   y02_instCat_missing/job_log_00407929.txt
HTAR: a   y02_instCat_missing/job_log_00407939.txt
HTAR: a   y02_instCat_missing/job_log_00407940.txt
HTAR: a   y02_instCat_missing/job_log_00407941.txt
HTAR: a   y02_instCat_missing/job_log_00407942.txt
HTAR: a   y02_instCat_missing/job_log_00407943.txt
HTAR: a   y02_instCat_missing/job_log_00407944.txt
HTAR: a   y02_instCat_missing/job_log_00407945.txt
HTAR: a   y02_instCat_missing/job_log_00407946.txt
HTAR: a   y02_instCat_missing/job_log_00407949.txt
HTAR: a   y02_instCat_missing/job_log_00410886.txt
HTAR: a   y02_instCat_missing/job_log_00410958.txt
HTAR: a   y02_instCat_missing/job_log_00410959.txt
HTAR: a   y02_instCat_missing/job_log_00410960.txt
HTAR: a   y02_instCat_missing/job_log_00410961.txt
HTAR: a   y02_instCat_missing/job_log_00410965.txt
HTAR: a   y02_instCat_missing/job_log_00410966.txt
HTAR: a   y02_instCat_missing/job_log_00410985.txt
HTAR: a   y02_instCat_missing/job_log_00410986.txt
HTAR: a   y02_instCat_missing/job_log_00410987.txt
HTAR: a   y02_instCat_missing/job_log_00410994.txt
HTAR: a   y02_instCat_missing/job_log_00410995.txt
HTAR: a   y02_instCat_missing/job_log_00414861.txt
HTAR: a   y02_instCat_missing/job_log_00414867.txt
HTAR: a   y02_instCat_missing/job_log_00414868.txt
HTAR: a   y02_instCat_missing/job_log_00414869.txt
HTAR: a   y02_instCat_missing/job_log_00414871.txt
HTAR: a   y02_instCat_missing/job_log_00414872.txt
HTAR: a   y02_instCat_missing/job_log_00414891.txt
HTAR: a   y02_instCat_missing/job_log_00414892.txt
HTAR: a   y02_instCat_missing/job_log_00414907.txt
HTAR: a   y02_instCat_missing/job_log_00414908.txt
HTAR: a   y02_instCat_missing/job_log_00414909.txt
HTAR: a   y02_instCat_missing/job_log_00414910.txt
HTAR: a   y02_instCat_missing/job_log_00414911.txt
HTAR: a   y02_instCat_missing/job_log_00414912.txt
HTAR: a   y02_instCat_missing/job_log_00414913.txt
HTAR: a   y02_instCat_missing/job_log_00415021.txt
HTAR: a   y02_instCat_missing/job_log_00417003.txt
HTAR: a   y02_instCat_missing/job_log_00417004.txt
HTAR: a   y02_instCat_missing/job_log_00417005.txt
HTAR: a   y02_instCat_missing/job_log_00417052.txt
HTAR: a   y02_instCat_missing/job_log_00417053.txt
HTAR: a   y02_instCat_missing/job_log_00417054.txt
HTAR: a   y02_instCat_missing/job_log_00417108.txt
HTAR: a   y02_instCat_missing/job_log_00418192.txt
HTAR: a   y02_instCat_missing/job_log_00418193.txt
HTAR: a   y02_instCat_missing/job_log_00418203.txt
HTAR: a   y02_instCat_missing/job_log_00418204.txt
HTAR: a   y02_instCat_missing/job_log_00418206.txt
HTAR: a   y02_instCat_missing/job_log_00418226.txt
HTAR: a   y02_instCat_missing/job_log_00418227.txt
HTAR: a   y02_instCat_missing/job_log_00418966.txt
HTAR: a   y02_instCat_missing/job_log_00418998.txt
HTAR: a   y02_instCat_missing/job_log_00418999.txt
HTAR: a   y02_instCat_missing/job_log_00419022.txt
HTAR: a   y02_instCat_missing/job_log_00419025.txt
HTAR: a   y02_instCat_missing/job_log_00419026.txt
HTAR: a   y02_instCat_missing/job_log_00419027.txt
HTAR: a   y02_instCat_missing/job_log_00419045.txt
HTAR: a   /tmp/HTAR_CF_CHK_28806_1587133668
HTAR Create complete for /home/projects/desc/DC2_ImSim/Run2.2i/instCat/y02_missing/00390559to00419045.tar. 502,358,905,856 bytes written for 206 member files, max threads: 50 Transfer time: 3355.515 seconds (149.711 MB/s) wallclock/user/sys: 3362.166 3920.820 1544.627 seconds
HTAR: HTAR SUCCESSFUL
HTAR: a   y02_instCat_missing/00419062.tar
HTAR: a   y02_instCat_missing/00419063.tar
HTAR: a   y02_instCat_missing/00419068.tar
HTAR: a   y02_instCat_missing/00419774.tar
HTAR: a   y02_instCat_missing/00419805.tar
HTAR: a   y02_instCat_missing/00419840.tar
HTAR: a   y02_instCat_missing/00419908.tar
HTAR: a   y02_instCat_missing/00420765.tar
HTAR: a   y02_instCat_missing/00420779.tar
HTAR: a   y02_instCat_missing/00420780.tar
HTAR: a   y02_instCat_missing/00420801.tar
HTAR: a   y02_instCat_missing/00420802.tar
HTAR: a   y02_instCat_missing/00420803.tar
HTAR: a   y02_instCat_missing/00420809.tar
HTAR: a   y02_instCat_missing/00420810.tar
HTAR: a   y02_instCat_missing/00420828.tar
HTAR: a   y02_instCat_missing/00420829.tar
HTAR: a   y02_instCat_missing/00420879.tar
HTAR: a   y02_instCat_missing/00421637.tar
HTAR: a   y02_instCat_missing/00421642.tar
HTAR: a   y02_instCat_missing/00421643.tar
HTAR: a   y02_instCat_missing/00421646.tar
HTAR: a   y02_instCat_missing/00421647.tar
HTAR: a   y02_instCat_missing/00421676.tar
HTAR: a   y02_instCat_missing/00421677.tar
HTAR: a   y02_instCat_missing/00421680.tar
HTAR: a   y02_instCat_missing/00421684.tar
HTAR: a   y02_instCat_missing/00421685.tar
HTAR: a   y02_instCat_missing/00421686.tar
HTAR: a   y02_instCat_missing/00421689.tar
HTAR: a   y02_instCat_missing/00421690.tar
HTAR: a   y02_instCat_missing/00421724.tar
HTAR: a   y02_instCat_missing/00425485.tar
HTAR: a   y02_instCat_missing/00425492.tar
HTAR: a   y02_instCat_missing/00425493.tar
HTAR: a   y02_instCat_missing/00425506.tar
HTAR: a   y02_instCat_missing/00425510.tar
HTAR: a   y02_instCat_missing/00425525.tar
HTAR: a   y02_instCat_missing/00425529.tar
HTAR: a   y02_instCat_missing/00426666.tar
HTAR: a   y02_instCat_missing/00426668.tar
HTAR: a   y02_instCat_missing/00426670.tar
HTAR: a   y02_instCat_missing/00426671.tar
HTAR: a   y02_instCat_missing/00426924.tar
HTAR: a   y02_instCat_missing/00426925.tar
HTAR: a   y02_instCat_missing/00426926.tar
HTAR: a   y02_instCat_missing/00426927.tar
HTAR: a   y02_instCat_missing/00426971.tar
HTAR: a   y02_instCat_missing/00426972.tar
HTAR: a   y02_instCat_missing/00426973.tar
HTAR: a   y02_instCat_missing/00426974.tar
HTAR: a   y02_instCat_missing/00427029.tar
HTAR: a   y02_instCat_missing/00427043.tar
HTAR: a   y02_instCat_missing/00427083.tar
HTAR: a   y02_instCat_missing/00427642.tar
HTAR: a   y02_instCat_missing/00427643.tar
HTAR: a   y02_instCat_missing/00427671.tar
HTAR: a   y02_instCat_missing/00427672.tar
HTAR: a   y02_instCat_missing/00427673.tar
HTAR: a   y02_instCat_missing/00428493.tar
HTAR: a   y02_instCat_missing/00428526.tar
HTAR: a   y02_instCat_missing/00430167.tar
HTAR: a   y02_instCat_missing/00430215.tar
HTAR: a   y02_instCat_missing/00431361.tar
HTAR: a   y02_instCat_missing/00431362.tar
HTAR: a   y02_instCat_missing/00431363.tar
HTAR: a   y02_instCat_missing/00431364.tar
HTAR: a   y02_instCat_missing/00431402.tar
HTAR: a   y02_instCat_missing/00431403.tar
HTAR: a   y02_instCat_missing/00431404.tar
HTAR: a   y02_instCat_missing/00431450.tar
HTAR: a   y02_instCat_missing/00433044.tar
HTAR: a   y02_instCat_missing/00433045.tar
HTAR: a   y02_instCat_missing/00433046.tar
HTAR: a   y02_instCat_missing/00433073.tar
HTAR: a   y02_instCat_missing/00433074.tar
HTAR: a   y02_instCat_missing/00433075.tar
HTAR: a   y02_instCat_missing/00433078.tar
HTAR: a   y02_instCat_missing/00433951.tar
HTAR: a   y02_instCat_missing/00433952.tar
HTAR: a   y02_instCat_missing/00433953.tar
HTAR: a   y02_instCat_missing/00433954.tar
HTAR: a   y02_instCat_missing/00433955.tar
HTAR: a   y02_instCat_missing/00433956.tar
HTAR: a   y02_instCat_missing/00433957.tar
HTAR: a   y02_instCat_missing/00433959.tar
HTAR: a   y02_instCat_missing/00433982.tar
HTAR: a   y02_instCat_missing/00433983.tar
HTAR: a   y02_instCat_missing/00433984.tar
HTAR: a   y02_instCat_missing/00433985.tar
HTAR: a   y02_instCat_missing/00433986.tar
HTAR: a   y02_instCat_missing/00433987.tar
HTAR: a   y02_instCat_missing/00433989.tar
HTAR: a   y02_instCat_missing/00433990.tar
HTAR: a   y02_instCat_missing/00433991.tar
HTAR: a   y02_instCat_missing/00434140.tar
HTAR: a   y02_instCat_missing/00436529.tar
HTAR: a   y02_instCat_missing/00436530.tar
HTAR: a   y02_instCat_missing/00436531.tar
HTAR: a   y02_instCat_missing/00436535.tar
HTAR: a   y02_instCat_missing/00436536.tar
HTAR: a   y02_instCat_missing/00436537.tar
HTAR: a   y02_instCat_missing/00436540.tar
HTAR: a   y02_instCat_missing/job_log_00419062.txt
HTAR: a   y02_instCat_missing/job_log_00419063.txt
HTAR: a   y02_instCat_missing/job_log_00419068.txt
HTAR: a   y02_instCat_missing/job_log_00419774.txt
HTAR: a   y02_instCat_missing/job_log_00419805.txt
HTAR: a   y02_instCat_missing/job_log_00419840.txt
HTAR: a   y02_instCat_missing/job_log_00419908.txt
HTAR: a   y02_instCat_missing/job_log_00420765.txt
HTAR: a   y02_instCat_missing/job_log_00420779.txt
HTAR: a   y02_instCat_missing/job_log_00420780.txt
HTAR: a   y02_instCat_missing/job_log_00420801.txt
HTAR: a   y02_instCat_missing/job_log_00420802.txt
HTAR: a   y02_instCat_missing/job_log_00420803.txt
HTAR: a   y02_instCat_missing/job_log_00420809.txt
HTAR: a   y02_instCat_missing/job_log_00420810.txt
HTAR: a   y02_instCat_missing/job_log_00420828.txt
HTAR: a   y02_instCat_missing/job_log_00420829.txt
HTAR: a   y02_instCat_missing/job_log_00420879.txt
HTAR: a   y02_instCat_missing/job_log_00421637.txt
HTAR: a   y02_instCat_missing/job_log_00421642.txt
HTAR: a   y02_instCat_missing/job_log_00421643.txt
HTAR: a   y02_instCat_missing/job_log_00421646.txt
HTAR: a   y02_instCat_missing/job_log_00421647.txt
HTAR: a   y02_instCat_missing/job_log_00421676.txt
HTAR: a   y02_instCat_missing/job_log_00421677.txt
HTAR: a   y02_instCat_missing/job_log_00421680.txt
HTAR: a   y02_instCat_missing/job_log_00421684.txt
HTAR: a   y02_instCat_missing/job_log_00421685.txt
HTAR: a   y02_instCat_missing/job_log_00421686.txt
HTAR: a   y02_instCat_missing/job_log_00421689.txt
HTAR: a   y02_instCat_missing/job_log_00421690.txt
HTAR: a   y02_instCat_missing/job_log_00421724.txt
HTAR: a   y02_instCat_missing/job_log_00425485.txt
HTAR: a   y02_instCat_missing/job_log_00425492.txt
HTAR: a   y02_instCat_missing/job_log_00425493.txt
HTAR: a   y02_instCat_missing/job_log_00425506.txt
HTAR: a   y02_instCat_missing/job_log_00425510.txt
HTAR: a   y02_instCat_missing/job_log_00425525.txt
HTAR: a   y02_instCat_missing/job_log_00425529.txt
HTAR: a   y02_instCat_missing/job_log_00426666.txt
HTAR: a   y02_instCat_missing/job_log_00426668.txt
HTAR: a   y02_instCat_missing/job_log_00426670.txt
HTAR: a   y02_instCat_missing/job_log_00426671.txt
HTAR: a   y02_instCat_missing/job_log_00426924.txt
HTAR: a   y02_instCat_missing/job_log_00426925.txt
HTAR: a   y02_instCat_missing/job_log_00426926.txt
HTAR: a   y02_instCat_missing/job_log_00426927.txt
HTAR: a   y02_instCat_missing/job_log_00426971.txt
HTAR: a   y02_instCat_missing/job_log_00426972.txt
HTAR: a   y02_instCat_missing/job_log_00426973.txt
HTAR: a   y02_instCat_missing/job_log_00426974.txt
HTAR: a   y02_instCat_missing/job_log_00427029.txt
HTAR: a   y02_instCat_missing/job_log_00427043.txt
HTAR: a   y02_instCat_missing/job_log_00427083.txt
HTAR: a   y02_instCat_missing/job_log_00427642.txt
HTAR: a   y02_instCat_missing/job_log_00427643.txt
HTAR: a   y02_instCat_missing/job_log_00427671.txt
HTAR: a   y02_instCat_missing/job_log_00427672.txt
HTAR: a   y02_instCat_missing/job_log_00427673.txt
HTAR: a   y02_instCat_missing/job_log_00428493.txt
HTAR: a   y02_instCat_missing/job_log_00428526.txt
HTAR: a   y02_instCat_missing/job_log_00430167.txt
HTAR: a   y02_instCat_missing/job_log_00430215.txt
HTAR: a   y02_instCat_missing/job_log_00431361.txt
HTAR: a   y02_instCat_missing/job_log_00431362.txt
HTAR: a   y02_instCat_missing/job_log_00431363.txt
HTAR: a   y02_instCat_missing/job_log_00431364.txt
HTAR: a   y02_instCat_missing/job_log_00431402.txt
HTAR: a   y02_instCat_missing/job_log_00431403.txt
HTAR: a   y02_instCat_missing/job_log_00431404.txt
HTAR: a   y02_instCat_missing/job_log_00431450.txt
HTAR: a   y02_instCat_missing/job_log_00433044.txt
HTAR: a   y02_instCat_missing/job_log_00433045.txt
HTAR: a   y02_instCat_missing/job_log_00433046.txt
HTAR: a   y02_instCat_missing/job_log_00433073.txt
HTAR: a   y02_instCat_missing/job_log_00433074.txt
HTAR: a   y02_instCat_missing/job_log_00433075.txt
HTAR: a   y02_instCat_missing/job_log_00433078.txt
HTAR: a   y02_instCat_missing/job_log_00433951.txt
HTAR: a   y02_instCat_missing/job_log_00433952.txt
HTAR: a   y02_instCat_missing/job_log_00433953.txt
HTAR: a   y02_instCat_missing/job_log_00433954.txt
HTAR: a   y02_instCat_missing/job_log_00433955.txt
HTAR: a   y02_instCat_missing/job_log_00433956.txt
HTAR: a   y02_instCat_missing/job_log_00433957.txt
HTAR: a   y02_instCat_missing/job_log_00433959.txt
HTAR: a   y02_instCat_missing/job_log_00433982.txt
HTAR: a   y02_instCat_missing/job_log_00433983.txt
HTAR: a   y02_instCat_missing/job_log_00433984.txt
HTAR: a   y02_instCat_missing/job_log_00433985.txt
HTAR: a   y02_instCat_missing/job_log_00433986.txt
HTAR: a   y02_instCat_missing/job_log_00433987.txt
HTAR: a   y02_instCat_missing/job_log_00433989.txt
HTAR: a   y02_instCat_missing/job_log_00433990.txt
HTAR: a   y02_instCat_missing/job_log_00433991.txt
HTAR: a   y02_instCat_missing/job_log_00434140.txt
HTAR: a   y02_instCat_missing/job_log_00436529.txt
HTAR: a   y02_instCat_missing/job_log_00436530.txt
HTAR: a   y02_instCat_missing/job_log_00436531.txt
HTAR: a   y02_instCat_missing/job_log_00436535.txt
HTAR: a   y02_instCat_missing/job_log_00436536.txt
HTAR: a   y02_instCat_missing/job_log_00436537.txt
HTAR: a   y02_instCat_missing/job_log_00436540.txt
HTAR: a   /tmp/HTAR_CF_CHK_32305_1587137048
HTAR Create complete for /home/projects/desc/DC2_ImSim/Run2.2i/instCat/y02_missing/00419062to00436540.tar. 502,583,274,496 bytes written for 206 member files, max threads: 50 Transfer time: 3198.402 seconds (157.136 MB/s) wallclock/user/sys: 3219.304 4006.705 1151.902 seconds
HTAR: HTAR SUCCESSFUL
HTAR: a   y02_instCat_missing/00436541.tar
HTAR: a   y02_instCat_missing/00436580.tar
HTAR: a   y02_instCat_missing/00436581.tar
HTAR: a   y02_instCat_missing/00436582.tar
HTAR: a   y02_instCat_missing/00436584.tar
HTAR: a   y02_instCat_missing/00436585.tar
HTAR: a   y02_instCat_missing/00440937.tar
HTAR: a   y02_instCat_missing/00440970.tar
HTAR: a   y02_instCat_missing/00440972.tar
HTAR: a   y02_instCat_missing/00441139.tar
HTAR: a   y02_instCat_missing/00441905.tar
HTAR: a   y02_instCat_missing/00443016.tar
HTAR: a   y02_instCat_missing/00443017.tar
HTAR: a   y02_instCat_missing/00443018.tar
HTAR: a   y02_instCat_missing/00443089.tar
HTAR: a   y02_instCat_missing/00443090.tar
HTAR: a   y02_instCat_missing/00443125.tar
HTAR: a   y02_instCat_missing/00443126.tar
HTAR: a   y02_instCat_missing/00443150.tar
HTAR: a   y02_instCat_missing/00443151.tar
HTAR: a   y02_instCat_missing/00443157.tar
HTAR: a   y02_instCat_missing/00443158.tar
HTAR: a   y02_instCat_missing/00443159.tar
HTAR: a   y02_instCat_missing/00443901.tar
HTAR: a   y02_instCat_missing/00444040.tar
HTAR: a   y02_instCat_missing/00444042.tar
HTAR: a   y02_instCat_missing/00444043.tar
HTAR: a   y02_instCat_missing/00444063.tar
HTAR: a   y02_instCat_missing/00444079.tar
HTAR: a   y02_instCat_missing/00444080.tar
HTAR: a   y02_instCat_missing/00444111.tar
HTAR: a   y02_instCat_missing/00444112.tar
HTAR: a   y02_instCat_missing/00444707.tar
HTAR: a   y02_instCat_missing/00444708.tar
HTAR: a   y02_instCat_missing/00444713.tar
HTAR: a   y02_instCat_missing/00444714.tar
HTAR: a   y02_instCat_missing/00444715.tar
HTAR: a   y02_instCat_missing/00444716.tar
HTAR: a   y02_instCat_missing/00444717.tar
HTAR: a   y02_instCat_missing/00444723.tar
HTAR: a   y02_instCat_missing/00444724.tar
HTAR: a   y02_instCat_missing/00444726.tar
HTAR: a   y02_instCat_missing/00447511.tar
HTAR: a   y02_instCat_missing/00447512.tar
HTAR: a   y02_instCat_missing/00447521.tar
HTAR: a   y02_instCat_missing/00447522.tar
HTAR: a   y02_instCat_missing/00447523.tar
HTAR: a   y02_instCat_missing/00447525.tar
HTAR: a   y02_instCat_missing/00448314.tar
HTAR: a   y02_instCat_missing/00448315.tar
HTAR: a   y02_instCat_missing/00448316.tar
HTAR: a   y02_instCat_missing/00451656.tar
HTAR: a   y02_instCat_missing/00451657.tar
HTAR: a   y02_instCat_missing/00451658.tar
HTAR: a   y02_instCat_missing/00451696.tar
HTAR: a   y02_instCat_missing/00451697.tar
HTAR: a   y02_instCat_missing/00451698.tar
HTAR: a   y02_instCat_missing/00451755.tar
HTAR: a   y02_instCat_missing/00451794.tar
HTAR: a   y02_instCat_missing/00451796.tar
HTAR: a   y02_instCat_missing/00451797.tar
HTAR: a   y02_instCat_missing/00452558.tar
HTAR: a   y02_instCat_missing/00452561.tar
HTAR: a   y02_instCat_missing/00452593.tar
HTAR: a   y02_instCat_missing/00452594.tar
HTAR: a   y02_instCat_missing/00453605.tar
HTAR: a   y02_instCat_missing/00456674.tar
HTAR: a   y02_instCat_missing/00456675.tar
HTAR: a   y02_instCat_missing/00456683.tar
HTAR: a   y02_instCat_missing/00456684.tar
HTAR: a   y02_instCat_missing/00456685.tar
HTAR: a   y02_instCat_missing/00456707.tar
HTAR: a   y02_instCat_missing/00456708.tar
HTAR: a   y02_instCat_missing/00456717.tar
HTAR: a   y02_instCat_missing/00456739.tar
HTAR: a   y02_instCat_missing/00456743.tar
HTAR: a   y02_instCat_missing/00456744.tar
HTAR: a   y02_instCat_missing/00456745.tar
HTAR: a   y02_instCat_missing/00456746.tar
HTAR: a   y02_instCat_missing/00456747.tar
HTAR: a   y02_instCat_missing/00456770.tar
HTAR: a   y02_instCat_missing/00456771.tar
HTAR: a   y02_instCat_missing/00456773.tar
HTAR: a   y02_instCat_missing/00456774.tar
HTAR: a   y02_instCat_missing/00456775.tar
HTAR: a   y02_instCat_missing/00456801.tar
HTAR: a   y02_instCat_missing/00456845.tar
HTAR: a   y02_instCat_missing/00457674.tar
HTAR: a   y02_instCat_missing/00457675.tar
HTAR: a   y02_instCat_missing/00457676.tar
HTAR: a   y02_instCat_missing/00457682.tar
HTAR: a   y02_instCat_missing/00457683.tar
HTAR: a   y02_instCat_missing/00457684.tar
HTAR: a   y02_instCat_missing/00457710.tar
HTAR: a   y02_instCat_missing/00457711.tar
HTAR: a   y02_instCat_missing/00457712.tar
HTAR: a   y02_instCat_missing/00457715.tar
HTAR: a   y02_instCat_missing/00457716.tar
HTAR: a   y02_instCat_missing/00458256.tar
HTAR: a   y02_instCat_missing/00458289.tar
HTAR: a   y02_instCat_missing/00458290.tar
HTAR: a   y02_instCat_missing/00458296.tar
HTAR: a   y02_instCat_missing/00458297.tar
HTAR: a   y02_instCat_missing/job_log_00436541.txt
HTAR: a   y02_instCat_missing/job_log_00436580.txt
HTAR: a   y02_instCat_missing/job_log_00436581.txt
HTAR: a   y02_instCat_missing/job_log_00436582.txt
HTAR: a   y02_instCat_missing/job_log_00436584.txt
HTAR: a   y02_instCat_missing/job_log_00436585.txt
HTAR: a   y02_instCat_missing/job_log_00440937.txt
HTAR: a   y02_instCat_missing/job_log_00440970.txt
HTAR: a   y02_instCat_missing/job_log_00440972.txt
HTAR: a   y02_instCat_missing/job_log_00441139.txt
HTAR: a   y02_instCat_missing/job_log_00441905.txt
HTAR: a   y02_instCat_missing/job_log_00443016.txt
HTAR: a   y02_instCat_missing/job_log_00443017.txt
HTAR: a   y02_instCat_missing/job_log_00443018.txt
HTAR: a   y02_instCat_missing/job_log_00443089.txt
HTAR: a   y02_instCat_missing/job_log_00443090.txt
HTAR: a   y02_instCat_missing/job_log_00443125.txt
HTAR: a   y02_instCat_missing/job_log_00443126.txt
HTAR: a   y02_instCat_missing/job_log_00443150.txt
HTAR: a   y02_instCat_missing/job_log_00443151.txt
HTAR: a   y02_instCat_missing/job_log_00443157.txt
HTAR: a   y02_instCat_missing/job_log_00443158.txt
HTAR: a   y02_instCat_missing/job_log_00443159.txt
HTAR: a   y02_instCat_missing/job_log_00443901.txt
HTAR: a   y02_instCat_missing/job_log_00444040.txt
HTAR: a   y02_instCat_missing/job_log_00444042.txt
HTAR: a   y02_instCat_missing/job_log_00444043.txt
HTAR: a   y02_instCat_missing/job_log_00444063.txt
HTAR: a   y02_instCat_missing/job_log_00444079.txt
HTAR: a   y02_instCat_missing/job_log_00444080.txt
HTAR: a   y02_instCat_missing/job_log_00444111.txt
HTAR: a   y02_instCat_missing/job_log_00444112.txt
HTAR: a   y02_instCat_missing/job_log_00444707.txt
HTAR: a   y02_instCat_missing/job_log_00444708.txt
HTAR: a   y02_instCat_missing/job_log_00444713.txt
HTAR: a   y02_instCat_missing/job_log_00444714.txt
HTAR: a   y02_instCat_missing/job_log_00444715.txt
HTAR: a   y02_instCat_missing/job_log_00444716.txt
HTAR: a   y02_instCat_missing/job_log_00444717.txt
HTAR: a   y02_instCat_missing/job_log_00444723.txt
HTAR: a   y02_instCat_missing/job_log_00444724.txt
HTAR: a   y02_instCat_missing/job_log_00444726.txt
HTAR: a   y02_instCat_missing/job_log_00447511.txt
HTAR: a   y02_instCat_missing/job_log_00447512.txt
HTAR: a   y02_instCat_missing/job_log_00447521.txt
HTAR: a   y02_instCat_missing/job_log_00447522.txt
HTAR: a   y02_instCat_missing/job_log_00447523.txt
HTAR: a   y02_instCat_missing/job_log_00447525.txt
HTAR: a   y02_instCat_missing/job_log_00448314.txt
HTAR: a   y02_instCat_missing/job_log_00448315.txt
HTAR: a   y02_instCat_missing/job_log_00448316.txt
HTAR: a   y02_instCat_missing/job_log_00451656.txt
HTAR: a   y02_instCat_missing/job_log_00451657.txt
HTAR: a   y02_instCat_missing/job_log_00451658.txt
HTAR: a   y02_instCat_missing/job_log_00451696.txt
HTAR: a   y02_instCat_missing/job_log_00451697.txt
HTAR: a   y02_instCat_missing/job_log_00451698.txt
HTAR: a   y02_instCat_missing/job_log_00451755.txt
HTAR: a   y02_instCat_missing/job_log_00451794.txt
HTAR: a   y02_instCat_missing/job_log_00451796.txt
HTAR: a   y02_instCat_missing/job_log_00451797.txt
HTAR: a   y02_instCat_missing/job_log_00452558.txt
HTAR: a   y02_instCat_missing/job_log_00452561.txt
HTAR: a   y02_instCat_missing/job_log_00452593.txt
HTAR: a   y02_instCat_missing/job_log_00452594.txt
HTAR: a   y02_instCat_missing/job_log_00453605.txt
HTAR: a   y02_instCat_missing/job_log_00456674.txt
HTAR: a   y02_instCat_missing/job_log_00456675.txt
HTAR: a   y02_instCat_missing/job_log_00456683.txt
HTAR: a   y02_instCat_missing/job_log_00456684.txt
HTAR: a   y02_instCat_missing/job_log_00456685.txt
HTAR: a   y02_instCat_missing/job_log_00456707.txt
HTAR: a   y02_instCat_missing/job_log_00456708.txt
HTAR: a   y02_instCat_missing/job_log_00456717.txt
HTAR: a   y02_instCat_missing/job_log_00456739.txt
HTAR: a   y02_instCat_missing/job_log_00456743.txt
HTAR: a   y02_instCat_missing/job_log_00456744.txt
HTAR: a   y02_instCat_missing/job_log_00456745.txt
HTAR: a   y02_instCat_missing/job_log_00456746.txt
HTAR: a   y02_instCat_missing/job_log_00456747.txt
HTAR: a   y02_instCat_missing/job_log_00456770.txt
HTAR: a   y02_instCat_missing/job_log_00456771.txt
HTAR: a   y02_instCat_missing/job_log_00456773.txt
HTAR: a   y02_instCat_missing/job_log_00456774.txt
HTAR: a   y02_instCat_missing/job_log_00456775.txt
HTAR: a   y02_instCat_missing/job_log_00456801.txt
HTAR: a   y02_instCat_missing/job_log_00456845.txt
HTAR: a   y02_instCat_missing/job_log_00457674.txt
HTAR: a   y02_instCat_missing/job_log_00457675.txt
HTAR: a   y02_instCat_missing/job_log_00457676.txt
HTAR: a   y02_instCat_missing/job_log_00457682.txt
HTAR: a   y02_instCat_missing/job_log_00457683.txt
HTAR: a   y02_instCat_missing/job_log_00457684.txt
HTAR: a   y02_instCat_missing/job_log_00457710.txt
HTAR: a   y02_instCat_missing/job_log_00457711.txt
HTAR: a   y02_instCat_missing/job_log_00457712.txt
HTAR: a   y02_instCat_missing/job_log_00457715.txt
HTAR: a   y02_instCat_missing/job_log_00457716.txt
HTAR: a   y02_instCat_missing/job_log_00458256.txt
HTAR: a   y02_instCat_missing/job_log_00458289.txt
HTAR: a   y02_instCat_missing/job_log_00458290.txt
HTAR: a   y02_instCat_missing/job_log_00458296.txt
HTAR: a   y02_instCat_missing/job_log_00458297.txt
HTAR: a   /tmp/HTAR_CF_CHK_5863_1587140277
HTAR Create complete for /home/projects/desc/DC2_ImSim/Run2.2i/instCat/y02_missing/00436541to00458297.tar. 502,223,246,336 bytes written for 206 member files, max threads: 50 Transfer time: 3212.933 seconds (156.313 MB/s) wallclock/user/sys: 3240.769 4015.383 1102.651 seconds
HTAR: HTAR SUCCESSFUL
HTAR: a   y02_instCat_missing/00458298.tar
HTAR: a   y02_instCat_missing/00458301.tar
HTAR: a   y02_instCat_missing/00458307.tar
HTAR: a   y02_instCat_missing/00458309.tar
HTAR: a   y02_instCat_missing/00458310.tar
HTAR: a   y02_instCat_missing/00458311.tar
HTAR: a   y02_instCat_missing/00458312.tar
HTAR: a   y02_instCat_missing/00458439.tar
HTAR: a   y02_instCat_missing/00458493.tar
HTAR: a   y02_instCat_missing/00458563.tar
HTAR: a   y02_instCat_missing/00458564.tar
HTAR: a   y02_instCat_missing/00458565.tar
HTAR: a   y02_instCat_missing/00458601.tar
HTAR: a   y02_instCat_missing/00458603.tar
HTAR: a   y02_instCat_missing/00458604.tar
HTAR: a   y02_instCat_missing/00458605.tar
HTAR: a   y02_instCat_missing/00458647.tar
HTAR: a   y02_instCat_missing/00458650.tar
HTAR: a   y02_instCat_missing/00460322.tar
HTAR: a   y02_instCat_missing/00460837.tar
HTAR: a   y02_instCat_missing/00460838.tar
HTAR: a   y02_instCat_missing/00460839.tar
HTAR: a   y02_instCat_missing/00462488.tar
HTAR: a   y02_instCat_missing/00462542.tar
HTAR: a   y02_instCat_missing/00462548.tar
HTAR: a   y02_instCat_missing/00462663.tar
HTAR: a   y02_instCat_missing/00462664.tar
HTAR: a   y02_instCat_missing/00462665.tar
HTAR: a   y02_instCat_missing/00462666.tar
HTAR: a   y02_instCat_missing/00462667.tar
HTAR: a   y02_instCat_missing/00462669.tar
HTAR: a   y02_instCat_missing/00462670.tar
HTAR: a   y02_instCat_missing/00462705.tar
HTAR: a   y02_instCat_missing/00462706.tar
HTAR: a   y02_instCat_missing/00462707.tar
HTAR: a   y02_instCat_missing/00462708.tar
HTAR: a   y02_instCat_missing/00462710.tar
HTAR: a   y02_instCat_missing/00462713.tar
HTAR: a   y02_instCat_missing/00462715.tar
HTAR: a   y02_instCat_missing/00462716.tar
HTAR: a   y02_instCat_missing/00462717.tar
HTAR: a   y02_instCat_missing/00463559.tar
HTAR: a   y02_instCat_missing/00463560.tar
HTAR: a   y02_instCat_missing/00464231.tar
HTAR: a   y02_instCat_missing/00466163.tar
HTAR: a   y02_instCat_missing/00466164.tar
HTAR: a   y02_instCat_missing/00466165.tar
HTAR: a   y02_instCat_missing/00466210.tar
HTAR: a   y02_instCat_missing/00466211.tar
HTAR: a   y02_instCat_missing/00466274.tar
HTAR: a   y02_instCat_missing/00466276.tar
HTAR: a   y02_instCat_missing/00466277.tar
HTAR: a   y02_instCat_missing/00466320.tar
HTAR: a   y02_instCat_missing/00466321.tar
HTAR: a   y02_instCat_missing/00466322.tar
HTAR: a   y02_instCat_missing/00466323.tar
HTAR: a   y02_instCat_missing/00466335.tar
HTAR: a   y02_instCat_missing/00466717.tar
HTAR: a   y02_instCat_missing/00466739.tar
HTAR: a   y02_instCat_missing/00466747.tar
HTAR: a   y02_instCat_missing/00466748.tar
HTAR: a   y02_instCat_missing/00466749.tar
HTAR: a   y02_instCat_missing/00466750.tar
HTAR: a   y02_instCat_missing/00466754.tar
HTAR: a   y02_instCat_missing/00466755.tar
HTAR: a   y02_instCat_missing/00466757.tar
HTAR: a   y02_instCat_missing/00466759.tar
HTAR: a   y02_instCat_missing/00466760.tar
HTAR: a   y02_instCat_missing/00466761.tar
HTAR: a   y02_instCat_missing/00466764.tar
HTAR: a   y02_instCat_missing/00466784.tar
HTAR: a   y02_instCat_missing/00467700.tar
HTAR: a   y02_instCat_missing/00468251.tar
HTAR: a   y02_instCat_missing/00468252.tar
HTAR: a   y02_instCat_missing/00468292.tar
HTAR: a   y02_instCat_missing/00468293.tar
HTAR: a   y02_instCat_missing/00468294.tar
HTAR: a   y02_instCat_missing/00468395.tar
HTAR: a   y02_instCat_missing/00469700.tar
HTAR: a   y02_instCat_missing/00469703.tar
HTAR: a   y02_instCat_missing/00469768.tar
HTAR: a   y02_instCat_missing/00469769.tar
HTAR: a   y02_instCat_missing/00469770.tar
HTAR: a   y02_instCat_missing/00469851.tar
HTAR: a   y02_instCat_missing/00469898.tar
HTAR: a   y02_instCat_missing/00471902.tar
HTAR: a   y02_instCat_missing/00471929.tar
HTAR: a   y02_instCat_missing/00471930.tar
HTAR: a   y02_instCat_missing/00471931.tar
HTAR: a   y02_instCat_missing/00471933.tar
HTAR: a   y02_instCat_missing/00471934.tar
HTAR: a   y02_instCat_missing/00471935.tar
HTAR: a   y02_instCat_missing/00471936.tar
HTAR: a   y02_instCat_missing/00471957.tar
HTAR: a   y02_instCat_missing/00471958.tar
HTAR: a   y02_instCat_missing/00471961.tar
HTAR: a   y02_instCat_missing/00471962.tar
HTAR: a   y02_instCat_missing/00471966.tar
HTAR: a   y02_instCat_missing/00471967.tar
HTAR: a   y02_instCat_missing/00471969.tar
HTAR: a   y02_instCat_missing/00471984.tar
HTAR: a   y02_instCat_missing/00471985.tar
HTAR: a   y02_instCat_missing/00471986.tar
HTAR: a   y02_instCat_missing/job_log_00458298.txt
HTAR: a   y02_instCat_missing/job_log_00458301.txt
HTAR: a   y02_instCat_missing/job_log_00458307.txt
HTAR: a   y02_instCat_missing/job_log_00458309.txt
HTAR: a   y02_instCat_missing/job_log_00458310.txt
HTAR: a   y02_instCat_missing/job_log_00458311.txt
HTAR: a   y02_instCat_missing/job_log_00458312.txt
HTAR: a   y02_instCat_missing/job_log_00458439.txt
HTAR: a   y02_instCat_missing/job_log_00458493.txt
HTAR: a   y02_instCat_missing/job_log_00458563.txt
HTAR: a   y02_instCat_missing/job_log_00458564.txt
HTAR: a   y02_instCat_missing/job_log_00458565.txt
HTAR: a   y02_instCat_missing/job_log_00458601.txt
HTAR: a   y02_instCat_missing/job_log_00458603.txt
HTAR: a   y02_instCat_missing/job_log_00458604.txt
HTAR: a   y02_instCat_missing/job_log_00458605.txt
HTAR: a   y02_instCat_missing/job_log_00458647.txt
HTAR: a   y02_instCat_missing/job_log_00458650.txt
HTAR: a   y02_instCat_missing/job_log_00460322.txt
HTAR: a   y02_instCat_missing/job_log_00460837.txt
HTAR: a   y02_instCat_missing/job_log_00460838.txt
HTAR: a   y02_instCat_missing/job_log_00460839.txt
HTAR: a   y02_instCat_missing/job_log_00462488.txt
HTAR: a   y02_instCat_missing/job_log_00462542.txt
HTAR: a   y02_instCat_missing/job_log_00462548.txt
HTAR: a   y02_instCat_missing/job_log_00462663.txt
HTAR: a   y02_instCat_missing/job_log_00462664.txt
HTAR: a   y02_instCat_missing/job_log_00462665.txt
HTAR: a   y02_instCat_missing/job_log_00462666.txt
HTAR: a   y02_instCat_missing/job_log_00462667.txt
HTAR: a   y02_instCat_missing/job_log_00462669.txt
HTAR: a   y02_instCat_missing/job_log_00462670.txt
HTAR: a   y02_instCat_missing/job_log_00462705.txt
HTAR: a   y02_instCat_missing/job_log_00462706.txt
HTAR: a   y02_instCat_missing/job_log_00462707.txt
HTAR: a   y02_instCat_missing/job_log_00462708.txt
HTAR: a   y02_instCat_missing/job_log_00462710.txt
HTAR: a   y02_instCat_missing/job_log_00462713.txt
HTAR: a   y02_instCat_missing/job_log_00462715.txt
HTAR: a   y02_instCat_missing/job_log_00462716.txt
HTAR: a   y02_instCat_missing/job_log_00462717.txt
HTAR: a   y02_instCat_missing/job_log_00463559.txt
HTAR: a   y02_instCat_missing/job_log_00463560.txt
HTAR: a   y02_instCat_missing/job_log_00464231.txt
HTAR: a   y02_instCat_missing/job_log_00466163.txt
HTAR: a   y02_instCat_missing/job_log_00466164.txt
HTAR: a   y02_instCat_missing/job_log_00466165.txt
HTAR: a   y02_instCat_missing/job_log_00466210.txt
HTAR: a   y02_instCat_missing/job_log_00466211.txt
HTAR: a   y02_instCat_missing/job_log_00466274.txt
HTAR: a   y02_instCat_missing/job_log_00466276.txt
HTAR: a   y02_instCat_missing/job_log_00466277.txt
HTAR: a   y02_instCat_missing/job_log_00466320.txt
HTAR: a   y02_instCat_missing/job_log_00466321.txt
HTAR: a   y02_instCat_missing/job_log_00466322.txt
HTAR: a   y02_instCat_missing/job_log_00466323.txt
HTAR: a   y02_instCat_missing/job_log_00466335.txt
HTAR: a   y02_instCat_missing/job_log_00466717.txt
HTAR: a   y02_instCat_missing/job_log_00466739.txt
HTAR: a   y02_instCat_missing/job_log_00466747.txt
HTAR: a   y02_instCat_missing/job_log_00466748.txt
HTAR: a   y02_instCat_missing/job_log_00466749.txt
HTAR: a   y02_instCat_missing/job_log_00466750.txt
HTAR: a   y02_instCat_missing/job_log_00466754.txt
HTAR: a   y02_instCat_missing/job_log_00466755.txt
HTAR: a   y02_instCat_missing/job_log_00466757.txt
HTAR: a   y02_instCat_missing/job_log_00466759.txt
HTAR: a   y02_instCat_missing/job_log_00466760.txt
HTAR: a   y02_instCat_missing/job_log_00466761.txt
HTAR: a   y02_instCat_missing/job_log_00466764.txt
HTAR: a   y02_instCat_missing/job_log_00466784.txt
HTAR: a   y02_instCat_missing/job_log_00467700.txt
HTAR: a   y02_instCat_missing/job_log_00468251.txt
HTAR: a   y02_instCat_missing/job_log_00468252.txt
HTAR: a   y02_instCat_missing/job_log_00468292.txt
HTAR: a   y02_instCat_missing/job_log_00468293.txt
HTAR: a   y02_instCat_missing/job_log_00468294.txt
HTAR: a   y02_instCat_missing/job_log_00468395.txt
HTAR: a   y02_instCat_missing/job_log_00469700.txt
HTAR: a   y02_instCat_missing/job_log_00469703.txt
HTAR: a   y02_instCat_missing/job_log_00469768.txt
HTAR: a   y02_instCat_missing/job_log_00469769.txt
HTAR: a   y02_instCat_missing/job_log_00469770.txt
HTAR: a   y02_instCat_missing/job_log_00469851.txt
HTAR: a   y02_instCat_missing/job_log_00469898.txt
HTAR: a   y02_instCat_missing/job_log_00471902.txt
HTAR: a   y02_instCat_missing/job_log_00471929.txt
HTAR: a   y02_instCat_missing/job_log_00471930.txt
HTAR: a   y02_instCat_missing/job_log_00471931.txt
HTAR: a   y02_instCat_missing/job_log_00471933.txt
HTAR: a   y02_instCat_missing/job_log_00471934.txt
HTAR: a   y02_instCat_missing/job_log_00471935.txt
HTAR: a   y02_instCat_missing/job_log_00471936.txt
HTAR: a   y02_instCat_missing/job_log_00471957.txt
HTAR: a   y02_instCat_missing/job_log_00471958.txt
HTAR: a   y02_instCat_missing/job_log_00471961.txt
HTAR: a   y02_instCat_missing/job_log_00471962.txt
HTAR: a   y02_instCat_missing/job_log_00471966.txt
HTAR: a   y02_instCat_missing/job_log_00471967.txt
HTAR: a   y02_instCat_missing/job_log_00471969.txt
HTAR: a   y02_instCat_missing/job_log_00471984.txt
HTAR: a   y02_instCat_missing/job_log_00471985.txt
HTAR: a   y02_instCat_missing/job_log_00471986.txt
HTAR: a   /tmp/HTAR_CF_CHK_42706_1587143496
HTAR Create complete for /home/projects/desc/DC2_ImSim/Run2.2i/instCat/y02_missing/00458298to00471986.tar. 502,829,741,056 bytes written for 206 member files, max threads: 50 Transfer time: 3109.388 seconds (161.713 MB/s) wallclock/user/sys: 3112.686 4088.005 1073.070 seconds
HTAR: HTAR SUCCESSFUL
HTAR: a   y02_instCat_missing/00471999.tar
HTAR: a   y02_instCat_missing/00472000.tar
HTAR: a   y02_instCat_missing/00472001.tar
HTAR: a   y02_instCat_missing/00472007.tar
HTAR: a   y02_instCat_missing/00472017.tar
HTAR: a   y02_instCat_missing/00472072.tar
HTAR: a   y02_instCat_missing/00472133.tar
HTAR: a   y02_instCat_missing/00472134.tar
HTAR: a   y02_instCat_missing/00472135.tar
HTAR: a   y02_instCat_missing/00472136.tar
HTAR: a   y02_instCat_missing/00472137.tar
HTAR: a   y02_instCat_missing/00472177.tar
HTAR: a   y02_instCat_missing/00472178.tar
HTAR: a   y02_instCat_missing/00472180.tar
HTAR: a   y02_instCat_missing/00472181.tar
HTAR: a   y02_instCat_missing/00474334.tar
HTAR: a   y02_instCat_missing/00474335.tar
HTAR: a   y02_instCat_missing/00474336.tar
HTAR: a   y02_instCat_missing/00474349.tar
HTAR: a   y02_instCat_missing/00474350.tar
HTAR: a   y02_instCat_missing/00474893.tar
HTAR: a   y02_instCat_missing/00475689.tar
HTAR: a   y02_instCat_missing/00475690.tar
HTAR: a   y02_instCat_missing/00475691.tar
HTAR: a   y02_instCat_missing/00475694.tar
HTAR: a   y02_instCat_missing/00475712.tar
HTAR: a   y02_instCat_missing/00476317.tar
HTAR: a   y02_instCat_missing/00476321.tar
HTAR: a   y02_instCat_missing/00476323.tar
HTAR: a   y02_instCat_missing/00477803.tar
HTAR: a   y02_instCat_missing/00478930.tar
HTAR: a   y02_instCat_missing/00478978.tar
HTAR: a   y02_instCat_missing/00478990.tar
HTAR: a   y02_instCat_missing/00478991.tar
HTAR: a   y02_instCat_missing/00478992.tar
HTAR: a   y02_instCat_missing/00479027.tar
HTAR: a   y02_instCat_missing/00479028.tar
HTAR: a   y02_instCat_missing/00479029.tar
HTAR: a   y02_instCat_missing/00479033.tar
HTAR: a   y02_instCat_missing/00479036.tar
HTAR: a   y02_instCat_missing/00479069.tar
HTAR: a   y02_instCat_missing/00479070.tar
HTAR: a   y02_instCat_missing/00479265.tar
HTAR: a   y02_instCat_missing/00479266.tar
HTAR: a   y02_instCat_missing/00479267.tar
HTAR: a   y02_instCat_missing/00479274.tar
HTAR: a   y02_instCat_missing/00479275.tar
HTAR: a   y02_instCat_missing/00479296.tar
HTAR: a   y02_instCat_missing/00479297.tar
HTAR: a   y02_instCat_missing/00479298.tar
HTAR: a   y02_instCat_missing/00479306.tar
HTAR: a   y02_instCat_missing/00479473.tar
HTAR: a   y02_instCat_missing/00479511.tar
HTAR: a   y02_instCat_missing/00479512.tar
HTAR: a   y02_instCat_missing/00479541.tar
HTAR: a   y02_instCat_missing/00479542.tar
HTAR: a   y02_instCat_missing/00479590.tar
HTAR: a   y02_instCat_missing/00479661.tar
HTAR: a   y02_instCat_missing/00479662.tar
HTAR: a   y02_instCat_missing/00479665.tar
HTAR: a   y02_instCat_missing/00479688.tar
HTAR: a   y02_instCat_missing/00479693.tar
HTAR: a   y02_instCat_missing/00479696.tar
HTAR: a   y02_instCat_missing/00479779.tar
HTAR: a   y02_instCat_missing/00480300.tar
HTAR: a   y02_instCat_missing/00480301.tar
HTAR: a   y02_instCat_missing/00480302.tar
HTAR: a   y02_instCat_missing/00480303.tar
HTAR: a   y02_instCat_missing/00480340.tar
HTAR: a   y02_instCat_missing/00480341.tar
HTAR: a   y02_instCat_missing/00480342.tar
HTAR: a   y02_instCat_missing/00480344.tar
HTAR: a   y02_instCat_missing/00480375.tar
HTAR: a   y02_instCat_missing/00480679.tar
HTAR: a   y02_instCat_missing/00480910.tar
HTAR: a   y02_instCat_missing/00481382.tar
HTAR: a   y02_instCat_missing/00481383.tar
HTAR: a   y02_instCat_missing/00481384.tar
HTAR: a   y02_instCat_missing/00484233.tar
HTAR: a   y02_instCat_missing/00484234.tar
HTAR: a   y02_instCat_missing/00484235.tar
HTAR: a   y02_instCat_missing/00484237.tar
HTAR: a   y02_instCat_missing/00484238.tar
HTAR: a   y02_instCat_missing/00484263.tar
HTAR: a   y02_instCat_missing/00484324.tar
HTAR: a   y02_instCat_missing/00491549.tar
HTAR: a   y02_instCat_missing/00491590.tar
HTAR: a   y02_instCat_missing/00492033.tar
HTAR: a   y02_instCat_missing_remaining/00484264.tar
HTAR: a   y02_instCat_missing_remaining/00484265.tar
HTAR: a   y02_instCat_missing_remaining/00484267.tar
HTAR: a   y02_instCat_missing_remaining/00484277.tar
HTAR: a   y02_instCat_missing_remaining/00492034.tar
HTAR: a   y02_instCat_missing_remaining/00492035.tar
HTAR: a   y02_instCat_missing_remaining/00496958.tar
HTAR: a   y02_instCat_missing_remaining/00496961.tar
HTAR: a   y02_instCat_missing_remaining/00496978.tar
HTAR: a   y02_instCat_missing_remaining/00496988.tar
HTAR: a   y02_instCat_missing_remaining/00497008.tar
HTAR: a   y02_instCat_missing_remaining/00497042.tar
HTAR: a   y02_instCat_missing_remaining/00497043.tar
HTAR: a   y02_instCat_missing/job_log_00471999.txt
HTAR: a   y02_instCat_missing/job_log_00472000.txt
HTAR: a   y02_instCat_missing/job_log_00472001.txt
HTAR: a   y02_instCat_missing/job_log_00472007.txt
HTAR: a   y02_instCat_missing/job_log_00472017.txt
HTAR: a   y02_instCat_missing/job_log_00472072.txt
HTAR: a   y02_instCat_missing/job_log_00472133.txt
HTAR: a   y02_instCat_missing/job_log_00472134.txt
HTAR: a   y02_instCat_missing/job_log_00472135.txt
HTAR: a   y02_instCat_missing/job_log_00472136.txt
HTAR: a   y02_instCat_missing/job_log_00472137.txt
HTAR: a   y02_instCat_missing/job_log_00472177.txt
HTAR: a   y02_instCat_missing/job_log_00472178.txt
HTAR: a   y02_instCat_missing/job_log_00472180.txt
HTAR: a   y02_instCat_missing/job_log_00472181.txt
HTAR: a   y02_instCat_missing/job_log_00474334.txt
HTAR: a   y02_instCat_missing/job_log_00474335.txt
HTAR: a   y02_instCat_missing/job_log_00474336.txt
HTAR: a   y02_instCat_missing/job_log_00474349.txt
HTAR: a   y02_instCat_missing/job_log_00474350.txt
HTAR: a   y02_instCat_missing/job_log_00474893.txt
HTAR: a   y02_instCat_missing/job_log_00475689.txt
HTAR: a   y02_instCat_missing/job_log_00475690.txt
HTAR: a   y02_instCat_missing/job_log_00475691.txt
HTAR: a   y02_instCat_missing/job_log_00475694.txt
HTAR: a   y02_instCat_missing/job_log_00475712.txt
HTAR: a   y02_instCat_missing/job_log_00476317.txt
HTAR: a   y02_instCat_missing/job_log_00476321.txt
HTAR: a   y02_instCat_missing/job_log_00476323.txt
HTAR: a   y02_instCat_missing/job_log_00477803.txt
HTAR: a   y02_instCat_missing/job_log_00478930.txt
HTAR: a   y02_instCat_missing/job_log_00478978.txt
HTAR: a   y02_instCat_missing/job_log_00478990.txt
HTAR: a   y02_instCat_missing/job_log_00478991.txt
HTAR: a   y02_instCat_missing/job_log_00478992.txt
HTAR: a   y02_instCat_missing/job_log_00479027.txt
HTAR: a   y02_instCat_missing/job_log_00479028.txt
HTAR: a   y02_instCat_missing/job_log_00479029.txt
HTAR: a   y02_instCat_missing/job_log_00479033.txt
HTAR: a   y02_instCat_missing/job_log_00479036.txt
HTAR: a   y02_instCat_missing/job_log_00479069.txt
HTAR: a   y02_instCat_missing/job_log_00479070.txt
HTAR: a   y02_instCat_missing/job_log_00479265.txt
HTAR: a   y02_instCat_missing/job_log_00479266.txt
HTAR: a   y02_instCat_missing/job_log_00479267.txt
HTAR: a   y02_instCat_missing/job_log_00479274.txt
HTAR: a   y02_instCat_missing/job_log_00479275.txt
HTAR: a   y02_instCat_missing/job_log_00479296.txt
HTAR: a   y02_instCat_missing/job_log_00479297.txt
HTAR: a   y02_instCat_missing/job_log_00479298.txt
HTAR: a   y02_instCat_missing/job_log_00479306.txt
HTAR: a   y02_instCat_missing/job_log_00479473.txt
HTAR: a   y02_instCat_missing/job_log_00479511.txt
HTAR: a   y02_instCat_missing/job_log_00479512.txt
HTAR: a   y02_instCat_missing/job_log_00479541.txt
HTAR: a   y02_instCat_missing/job_log_00479542.txt
HTAR: a   y02_instCat_missing/job_log_00479590.txt
HTAR: a   y02_instCat_missing/job_log_00479661.txt
HTAR: a   y02_instCat_missing/job_log_00479662.txt
HTAR: a   y02_instCat_missing/job_log_00479665.txt
HTAR: a   y02_instCat_missing/job_log_00479688.txt
HTAR: a   y02_instCat_missing/job_log_00479693.txt
HTAR: a   y02_instCat_missing/job_log_00479696.txt
HTAR: a   y02_instCat_missing/job_log_00479779.txt
HTAR: a   y02_instCat_missing/job_log_00480300.txt
HTAR: a   y02_instCat_missing/job_log_00480301.txt
HTAR: a   y02_instCat_missing/job_log_00480302.txt
HTAR: a   y02_instCat_missing/job_log_00480303.txt
HTAR: a   y02_instCat_missing/job_log_00480340.txt
HTAR: a   y02_instCat_missing/job_log_00480341.txt
HTAR: a   y02_instCat_missing/job_log_00480342.txt
HTAR: a   y02_instCat_missing/job_log_00480344.txt
HTAR: a   y02_instCat_missing/job_log_00480375.txt
HTAR: a   y02_instCat_missing/job_log_00480679.txt
HTAR: a   y02_instCat_missing/job_log_00480910.txt
HTAR: a   y02_instCat_missing/job_log_00481382.txt
HTAR: a   y02_instCat_missing/job_log_00481383.txt
HTAR: a   y02_instCat_missing/job_log_00481384.txt
HTAR: a   y02_instCat_missing/job_log_00484233.txt
HTAR: a   y02_instCat_missing/job_log_00484234.txt
HTAR: a   y02_instCat_missing/job_log_00484235.txt
HTAR: a   y02_instCat_missing/job_log_00484237.txt
HTAR: a   y02_instCat_missing/job_log_00484238.txt
HTAR: a   y02_instCat_missing/job_log_00484263.txt
HTAR: a   y02_instCat_missing/job_log_00484324.txt
HTAR: a   y02_instCat_missing/job_log_00491549.txt
HTAR: a   y02_instCat_missing/job_log_00491590.txt
HTAR: a   y02_instCat_missing/job_log_00492033.txt
HTAR: a   y02_instCat_missing_remaining/job_log_00484264.txt
HTAR: a   y02_instCat_missing_remaining/job_log_00484265.txt
HTAR: a   y02_instCat_missing_remaining/job_log_00484267.txt
HTAR: a   y02_instCat_missing_remaining/job_log_00484277.txt
HTAR: a   y02_instCat_missing_remaining/job_log_00492034.txt
HTAR: a   y02_instCat_missing_remaining/job_log_00492035.txt
HTAR: a   y02_instCat_missing_remaining/job_log_00496958.txt
HTAR: a   y02_instCat_missing_remaining/job_log_00496961.txt
HTAR: a   y02_instCat_missing_remaining/job_log_00496978.txt
HTAR: a   y02_instCat_missing_remaining/job_log_00496988.txt
HTAR: a   y02_instCat_missing_remaining/job_log_00497008.txt
HTAR: a   y02_instCat_missing_remaining/job_log_00497042.txt
HTAR: a   y02_instCat_missing_remaining/job_log_00497043.txt
HTAR: a   /tmp/HTAR_CF_CHK_59408_1587146611
HTAR Create complete for /home/projects/desc/DC2_ImSim/Run2.2i/instCat/y02_missing/00471999to00497043.tar. 493,042,169,856 bytes written for 202 member files, max threads: 50 Transfer time: 3025.558 seconds (162.959 MB/s) wallclock/user/sys: 3028.400 3853.787 1048.717 seconds
HTAR: HTAR SUCCESSFUL
