HTAR: a   DC2_ImSim/Run2.1i/instCat/00385844to00445379/00425492.tar.gz
HTAR: a   DC2_ImSim/Run2.1i/instCat/00385844to00445379/00425493.tar.gz
HTAR: a   DC2_ImSim/Run2.1i/instCat/00385844to00445379/00425494.tar.gz
HTAR: a   DC2_ImSim/Run2.1i/instCat/00385844to00445379/00425495.tar.gz
HTAR: a   DC2_ImSim/Run2.1i/instCat/00385844to00445379/00425504.tar.gz
HTAR: a   DC2_ImSim/Run2.1i/instCat/00385844to00445379/00425505.tar.gz
HTAR: a   DC2_ImSim/Run2.1i/instCat/00385844to00445379/00425506.tar.gz
HTAR: a   DC2_ImSim/Run2.1i/instCat/00385844to00445379/00425507.tar.gz
HTAR: a   DC2_ImSim/Run2.1i/instCat/00385844to00445379/00425508.tar.gz
HTAR: a   DC2_ImSim/Run2.1i/instCat/00385844to00445379/00425509.tar.gz
HTAR: a   DC2_ImSim/Run2.1i/instCat/00385844to00445379/00425510.tar.gz
HTAR: a   DC2_ImSim/Run2.1i/instCat/00385844to00445379/00425511.tar.gz
HTAR: a   DC2_ImSim/Run2.1i/instCat/00385844to00445379/00425525.tar.gz
HTAR: a   DC2_ImSim/Run2.1i/instCat/00385844to00445379/00425526.tar.gz
HTAR: a   DC2_ImSim/Run2.1i/instCat/00385844to00445379/00425528.tar.gz
HTAR: a   DC2_ImSim/Run2.1i/instCat/00385844to00445379/00425529.tar.gz
HTAR: a   DC2_ImSim/Run2.1i/instCat/00385844to00445379/00425539.tar.gz
HTAR: a   DC2_ImSim/Run2.1i/instCat/00385844to00445379/00425540.tar.gz
HTAR: a   DC2_ImSim/Run2.1i/instCat/00385844to00445379/00425541.tar.gz
HTAR: a   DC2_ImSim/Run2.1i/instCat/00385844to00445379/00425542.tar.gz
HTAR: a   DC2_ImSim/Run2.1i/instCat/00385844to00445379/00425543.tar.gz
HTAR: a   DC2_ImSim/Run2.1i/instCat/00385844to00445379/00425552.tar.gz
HTAR: a   DC2_ImSim/Run2.1i/instCat/00385844to00445379/00425553.tar.gz
HTAR: a   DC2_ImSim/Run2.1i/instCat/00385844to00445379/00425793.tar.gz
HTAR: a   DC2_ImSim/Run2.1i/instCat/00385844to00445379/00425795.tar.gz
HTAR: a   DC2_ImSim/Run2.1i/instCat/00385844to00445379/00425797.tar.gz
HTAR: a   DC2_ImSim/Run2.1i/instCat/00385844to00445379/00425798.tar.gz
HTAR: a   DC2_ImSim/Run2.1i/instCat/00385844to00445379/00426599.tar.gz
HTAR: a   DC2_ImSim/Run2.1i/instCat/00385844to00445379/00426600.tar.gz
HTAR: a   DC2_ImSim/Run2.1i/instCat/00385844to00445379/00426639.tar.gz
HTAR: a   DC2_ImSim/Run2.1i/instCat/00385844to00445379/00426658.tar.gz
HTAR: a   DC2_ImSim/Run2.1i/instCat/00385844to00445379/00426659.tar.gz
HTAR: a   DC2_ImSim/Run2.1i/instCat/00385844to00445379/00426662.tar.gz
HTAR: a   DC2_ImSim/Run2.1i/instCat/00385844to00445379/00426663.tar.gz
HTAR: a   DC2_ImSim/Run2.1i/instCat/00385844to00445379/00426664.tar.gz
HTAR: a   DC2_ImSim/Run2.1i/instCat/00385844to00445379/00426665.tar.gz
HTAR: a   DC2_ImSim/Run2.1i/instCat/00385844to00445379/00426666.tar.gz
HTAR: a   DC2_ImSim/Run2.1i/instCat/00385844to00445379/00426667.tar.gz
HTAR: a   DC2_ImSim/Run2.1i/instCat/00385844to00445379/00426668.tar.gz
HTAR: a   DC2_ImSim/Run2.1i/instCat/00385844to00445379/00426669.tar.gz
HTAR: a   DC2_ImSim/Run2.1i/instCat/00385844to00445379/00426670.tar.gz
HTAR: a   DC2_ImSim/Run2.1i/instCat/00385844to00445379/00426671.tar.gz
HTAR: a   DC2_ImSim/Run2.1i/instCat/00385844to00445379/00426672.tar.gz
HTAR: a   DC2_ImSim/Run2.1i/instCat/00385844to00445379/00426673.tar.gz
HTAR: a   DC2_ImSim/Run2.1i/instCat/00385844to00445379/00426674.tar.gz
HTAR: a   DC2_ImSim/Run2.1i/instCat/00385844to00445379/00426716.tar.gz
HTAR: a   DC2_ImSim/Run2.1i/instCat/00385844to00445379/00426717.tar.gz
HTAR: a   DC2_ImSim/Run2.1i/instCat/00385844to00445379/00426721.tar.gz
HTAR: a   DC2_ImSim/Run2.1i/instCat/00385844to00445379/00426722.tar.gz
HTAR: a   DC2_ImSim/Run2.1i/instCat/00385844to00445379/00426744.tar.gz
HTAR: a   DC2_ImSim/Run2.1i/instCat/00385844to00445379/00426748.tar.gz
HTAR: a   DC2_ImSim/Run2.1i/instCat/00385844to00445379/00426921.tar.gz
HTAR: a   DC2_ImSim/Run2.1i/instCat/00385844to00445379/00426922.tar.gz
HTAR: a   DC2_ImSim/Run2.1i/instCat/00385844to00445379/00426923.tar.gz
HTAR: a   DC2_ImSim/Run2.1i/instCat/00385844to00445379/00426924.tar.gz
HTAR: a   DC2_ImSim/Run2.1i/instCat/00385844to00445379/00426925.tar.gz
HTAR: a   DC2_ImSim/Run2.1i/instCat/00385844to00445379/00426926.tar.gz
HTAR: a   DC2_ImSim/Run2.1i/instCat/00385844to00445379/00426927.tar.gz
HTAR: a   DC2_ImSim/Run2.1i/instCat/00385844to00445379/00426928.tar.gz
HTAR: a   DC2_ImSim/Run2.1i/instCat/00385844to00445379/00426929.tar.gz
HTAR: a   DC2_ImSim/Run2.1i/instCat/00385844to00445379/00426930.tar.gz
HTAR: a   DC2_ImSim/Run2.1i/instCat/00385844to00445379/00426967.tar.gz
HTAR: a   DC2_ImSim/Run2.1i/instCat/00385844to00445379/00426968.tar.gz
HTAR: a   DC2_ImSim/Run2.1i/instCat/00385844to00445379/00426969.tar.gz
HTAR: a   DC2_ImSim/Run2.1i/instCat/00385844to00445379/00426970.tar.gz
HTAR: a   DC2_ImSim/Run2.1i/instCat/00385844to00445379/00426971.tar.gz
HTAR: a   DC2_ImSim/Run2.1i/instCat/00385844to00445379/00426972.tar.gz
HTAR: a   DC2_ImSim/Run2.1i/instCat/00385844to00445379/00426973.tar.gz
HTAR: a   DC2_ImSim/Run2.1i/instCat/00385844to00445379/00426974.tar.gz
HTAR: a   DC2_ImSim/Run2.1i/instCat/00385844to00445379/00426975.tar.gz
HTAR: a   DC2_ImSim/Run2.1i/instCat/00385844to00445379/00426976.tar.gz
HTAR: a   DC2_ImSim/Run2.1i/instCat/00385844to00445379/00426987.tar.gz
HTAR: a   DC2_ImSim/Run2.1i/instCat/00385844to00445379/00426988.tar.gz
HTAR: a   DC2_ImSim/Run2.1i/instCat/00385844to00445379/00427019.tar.gz
HTAR: a   DC2_ImSim/Run2.1i/instCat/00385844to00445379/00427020.tar.gz
HTAR: a   DC2_ImSim/Run2.1i/instCat/00385844to00445379/00427027.tar.gz
HTAR: a   DC2_ImSim/Run2.1i/instCat/00385844to00445379/00427028.tar.gz
HTAR: a   DC2_ImSim/Run2.1i/instCat/00385844to00445379/00427029.tar.gz
HTAR: a   DC2_ImSim/Run2.1i/instCat/00385844to00445379/00427030.tar.gz
HTAR: a   DC2_ImSim/Run2.1i/instCat/00385844to00445379/00427031.tar.gz
HTAR: a   DC2_ImSim/Run2.1i/instCat/00385844to00445379/00427039.tar.gz
HTAR: a   DC2_ImSim/Run2.1i/instCat/00385844to00445379/00427040.tar.gz
HTAR: a   DC2_ImSim/Run2.1i/instCat/00385844to00445379/00427041.tar.gz
HTAR: a   DC2_ImSim/Run2.1i/instCat/00385844to00445379/00427042.tar.gz
HTAR: a   DC2_ImSim/Run2.1i/instCat/00385844to00445379/00427043.tar.gz
HTAR: a   DC2_ImSim/Run2.1i/instCat/00385844to00445379/00427044.tar.gz
HTAR: a   DC2_ImSim/Run2.1i/instCat/00385844to00445379/00427045.tar.gz
HTAR: a   DC2_ImSim/Run2.1i/instCat/00385844to00445379/00427046.tar.gz
HTAR: a   DC2_ImSim/Run2.1i/instCat/00385844to00445379/00427069.tar.gz
HTAR: a   DC2_ImSim/Run2.1i/instCat/00385844to00445379/00427070.tar.gz
HTAR: a   DC2_ImSim/Run2.1i/instCat/00385844to00445379/00427074.tar.gz
HTAR: a   DC2_ImSim/Run2.1i/instCat/00385844to00445379/00427075.tar.gz
HTAR: a   DC2_ImSim/Run2.1i/instCat/00385844to00445379/00427078.tar.gz
HTAR: a   DC2_ImSim/Run2.1i/instCat/00385844to00445379/00427082.tar.gz
HTAR: a   DC2_ImSim/Run2.1i/instCat/00385844to00445379/00427083.tar.gz
HTAR: a   DC2_ImSim/Run2.1i/instCat/00385844to00445379/00427084.tar.gz
HTAR: a   DC2_ImSim/Run2.1i/instCat/00385844to00445379/00427085.tar.gz
HTAR: a   DC2_ImSim/Run2.1i/instCat/00385844to00445379/00427086.tar.gz
HTAR: a   DC2_ImSim/Run2.1i/instCat/00385844to00445379/00427087.tar.gz
HTAR: a   DC2_ImSim/Run2.1i/instCat/00385844to00445379/00427089.tar.gz
HTAR: a   DC2_ImSim/Run2.1i/instCat/00385844to00445379/00427090.tar.gz
HTAR: a   DC2_ImSim/Run2.1i/instCat/00385844to00445379/00427091.tar.gz
HTAR: a   DC2_ImSim/Run2.1i/instCat/00385844to00445379/00427620.tar.gz
HTAR: a   DC2_ImSim/Run2.1i/instCat/00385844to00445379/00427631.tar.gz
HTAR: a   DC2_ImSim/Run2.1i/instCat/00385844to00445379/00427632.tar.gz
HTAR: a   DC2_ImSim/Run2.1i/instCat/00385844to00445379/00427633.tar.gz
HTAR: a   DC2_ImSim/Run2.1i/instCat/00385844to00445379/00427634.tar.gz
HTAR: a   DC2_ImSim/Run2.1i/instCat/00385844to00445379/00427635.tar.gz
HTAR: a   DC2_ImSim/Run2.1i/instCat/00385844to00445379/00427636.tar.gz
HTAR: a   DC2_ImSim/Run2.1i/instCat/00385844to00445379/00427637.tar.gz
HTAR: a   DC2_ImSim/Run2.1i/instCat/00385844to00445379/00427640.tar.gz
HTAR: a   DC2_ImSim/Run2.1i/instCat/00385844to00445379/00427641.tar.gz
HTAR: a   DC2_ImSim/Run2.1i/instCat/00385844to00445379/00427642.tar.gz
HTAR: a   DC2_ImSim/Run2.1i/instCat/00385844to00445379/00427643.tar.gz
HTAR: a   /tmp/HTAR_CF_CHK_26498_1561045887
HTAR Create complete for /home/projects/desc/DC2_ImSim/Run2.1i/instCat/00385844to00445379/00425492to00427643.tar. 499,268,093,440 bytes written for 114 member files, max threads: 2 Transfer time: 2654.955 seconds (188.051 MB/s) wallclock/user/sys: 2655.372 3140.464 1384.185 seconds
HTAR: HTAR SUCCESSFUL
HTAR: a   DC2_ImSim/Run2.1i/instCat/00385844to00445379/00427644.tar.gz
HTAR: a   DC2_ImSim/Run2.1i/instCat/00385844to00445379/00427645.tar.gz
HTAR: a   DC2_ImSim/Run2.1i/instCat/00385844to00445379/00427654.tar.gz
HTAR: a   DC2_ImSim/Run2.1i/instCat/00385844to00445379/00427656.tar.gz
HTAR: a   DC2_ImSim/Run2.1i/instCat/00385844to00445379/00427657.tar.gz
HTAR: a   DC2_ImSim/Run2.1i/instCat/00385844to00445379/00427658.tar.gz
HTAR: a   DC2_ImSim/Run2.1i/instCat/00385844to00445379/00427659.tar.gz
HTAR: a   DC2_ImSim/Run2.1i/instCat/00385844to00445379/00427660.tar.gz
HTAR: a   DC2_ImSim/Run2.1i/instCat/00385844to00445379/00427670.tar.gz
HTAR: a   DC2_ImSim/Run2.1i/instCat/00385844to00445379/00427671.tar.gz
HTAR: a   DC2_ImSim/Run2.1i/instCat/00385844to00445379/00427672.tar.gz
HTAR: a   DC2_ImSim/Run2.1i/instCat/00385844to00445379/00427673.tar.gz
HTAR: a   DC2_ImSim/Run2.1i/instCat/00385844to00445379/00427674.tar.gz
HTAR: a   DC2_ImSim/Run2.1i/instCat/00385844to00445379/00427675.tar.gz
HTAR: a   DC2_ImSim/Run2.1i/instCat/00385844to00445379/00427677.tar.gz
HTAR: a   DC2_ImSim/Run2.1i/instCat/00385844to00445379/00427696.tar.gz
HTAR: a   DC2_ImSim/Run2.1i/instCat/00385844to00445379/00427712.tar.gz
HTAR: a   DC2_ImSim/Run2.1i/instCat/00385844to00445379/00427713.tar.gz
HTAR: a   DC2_ImSim/Run2.1i/instCat/00385844to00445379/00427714.tar.gz
HTAR: a   DC2_ImSim/Run2.1i/instCat/00385844to00445379/00427715.tar.gz
HTAR: a   DC2_ImSim/Run2.1i/instCat/00385844to00445379/00427748.tar.gz
HTAR: a   DC2_ImSim/Run2.1i/instCat/00385844to00445379/00427751.tar.gz
HTAR: a   DC2_ImSim/Run2.1i/instCat/00385844to00445379/00428443.tar.gz
HTAR: a   DC2_ImSim/Run2.1i/instCat/00385844to00445379/00428444.tar.gz
HTAR: a   DC2_ImSim/Run2.1i/instCat/00385844to00445379/00428458.tar.gz
HTAR: a   DC2_ImSim/Run2.1i/instCat/00385844to00445379/00428459.tar.gz
HTAR: a   DC2_ImSim/Run2.1i/instCat/00385844to00445379/00428460.tar.gz
HTAR: a   DC2_ImSim/Run2.1i/instCat/00385844to00445379/00428485.tar.gz
HTAR: a   DC2_ImSim/Run2.1i/instCat/00385844to00445379/00428491.tar.gz
HTAR: a   DC2_ImSim/Run2.1i/instCat/00385844to00445379/00428492.tar.gz
HTAR: a   DC2_ImSim/Run2.1i/instCat/00385844to00445379/00428493.tar.gz
HTAR: a   DC2_ImSim/Run2.1i/instCat/00385844to00445379/00428494.tar.gz
HTAR: a   DC2_ImSim/Run2.1i/instCat/00385844to00445379/00428495.tar.gz
HTAR: a   DC2_ImSim/Run2.1i/instCat/00385844to00445379/00428496.tar.gz
HTAR: a   DC2_ImSim/Run2.1i/instCat/00385844to00445379/00428499.tar.gz
HTAR: a   DC2_ImSim/Run2.1i/instCat/00385844to00445379/00428500.tar.gz
HTAR: a   DC2_ImSim/Run2.1i/instCat/00385844to00445379/00428513.tar.gz
HTAR: a   DC2_ImSim/Run2.1i/instCat/00385844to00445379/00428514.tar.gz
HTAR: a   DC2_ImSim/Run2.1i/instCat/00385844to00445379/00428524.tar.gz
HTAR: a   DC2_ImSim/Run2.1i/instCat/00385844to00445379/00428525.tar.gz
HTAR: a   DC2_ImSim/Run2.1i/instCat/00385844to00445379/00428526.tar.gz
HTAR: a   DC2_ImSim/Run2.1i/instCat/00385844to00445379/00428527.tar.gz
HTAR: a   DC2_ImSim/Run2.1i/instCat/00385844to00445379/00428528.tar.gz
HTAR: a   DC2_ImSim/Run2.1i/instCat/00385844to00445379/00428529.tar.gz
HTAR: a   DC2_ImSim/Run2.1i/instCat/00385844to00445379/00428530.tar.gz
HTAR: a   DC2_ImSim/Run2.1i/instCat/00385844to00445379/00428535.tar.gz
HTAR: a   DC2_ImSim/Run2.1i/instCat/00385844to00445379/00428537.tar.gz
HTAR: a   DC2_ImSim/Run2.1i/instCat/00385844to00445379/00428550.tar.gz
HTAR: a   DC2_ImSim/Run2.1i/instCat/00385844to00445379/00428551.tar.gz
HTAR: a   DC2_ImSim/Run2.1i/instCat/00385844to00445379/00428555.tar.gz
HTAR: a   DC2_ImSim/Run2.1i/instCat/00385844to00445379/00428582.tar.gz
HTAR: a   DC2_ImSim/Run2.1i/instCat/00385844to00445379/00428584.tar.gz
HTAR: a   DC2_ImSim/Run2.1i/instCat/00385844to00445379/00429117.tar.gz
HTAR: a   DC2_ImSim/Run2.1i/instCat/00385844to00445379/00430011.tar.gz
HTAR: a   DC2_ImSim/Run2.1i/instCat/00385844to00445379/00430053.tar.gz
HTAR: a   DC2_ImSim/Run2.1i/instCat/00385844to00445379/00430054.tar.gz
HTAR: a   DC2_ImSim/Run2.1i/instCat/00385844to00445379/00430055.tar.gz
HTAR: a   DC2_ImSim/Run2.1i/instCat/00385844to00445379/00430056.tar.gz
HTAR: a   DC2_ImSim/Run2.1i/instCat/00385844to00445379/00430057.tar.gz
HTAR: a   DC2_ImSim/Run2.1i/instCat/00385844to00445379/00430058.tar.gz
HTAR: a   DC2_ImSim/Run2.1i/instCat/00385844to00445379/00430060.tar.gz
HTAR: a   DC2_ImSim/Run2.1i/instCat/00385844to00445379/00430092.tar.gz
HTAR: a   DC2_ImSim/Run2.1i/instCat/00385844to00445379/00430093.tar.gz
HTAR: a   DC2_ImSim/Run2.1i/instCat/00385844to00445379/00430094.tar.gz
HTAR: a   DC2_ImSim/Run2.1i/instCat/00385844to00445379/00430095.tar.gz
HTAR: a   DC2_ImSim/Run2.1i/instCat/00385844to00445379/00430096.tar.gz
HTAR: a   DC2_ImSim/Run2.1i/instCat/00385844to00445379/00430097.tar.gz
HTAR: a   DC2_ImSim/Run2.1i/instCat/00385844to00445379/00430098.tar.gz
HTAR: a   DC2_ImSim/Run2.1i/instCat/00385844to00445379/00430099.tar.gz
HTAR: a   DC2_ImSim/Run2.1i/instCat/00385844to00445379/00430100.tar.gz
HTAR: a   DC2_ImSim/Run2.1i/instCat/00385844to00445379/00430120.tar.gz
HTAR: a   DC2_ImSim/Run2.1i/instCat/00385844to00445379/00430161.tar.gz
HTAR: a   DC2_ImSim/Run2.1i/instCat/00385844to00445379/00430164.tar.gz
HTAR: a   DC2_ImSim/Run2.1i/instCat/00385844to00445379/00430165.tar.gz
HTAR: a   DC2_ImSim/Run2.1i/instCat/00385844to00445379/00430166.tar.gz
HTAR: a   DC2_ImSim/Run2.1i/instCat/00385844to00445379/00430167.tar.gz
HTAR: a   DC2_ImSim/Run2.1i/instCat/00385844to00445379/00430168.tar.gz
HTAR: a   DC2_ImSim/Run2.1i/instCat/00385844to00445379/00430169.tar.gz
HTAR: a   DC2_ImSim/Run2.1i/instCat/00385844to00445379/00430213.tar.gz
HTAR: a   DC2_ImSim/Run2.1i/instCat/00385844to00445379/00430214.tar.gz
HTAR: a   DC2_ImSim/Run2.1i/instCat/00385844to00445379/00430215.tar.gz
HTAR: a   DC2_ImSim/Run2.1i/instCat/00385844to00445379/00430216.tar.gz
HTAR: a   DC2_ImSim/Run2.1i/instCat/00385844to00445379/00430217.tar.gz
HTAR: a   DC2_ImSim/Run2.1i/instCat/00385844to00445379/00430218.tar.gz
HTAR: a   DC2_ImSim/Run2.1i/instCat/00385844to00445379/00430407.tar.gz
HTAR: a   DC2_ImSim/Run2.1i/instCat/00385844to00445379/00431123.tar.gz
HTAR: a   DC2_ImSim/Run2.1i/instCat/00385844to00445379/00431124.tar.gz
HTAR: a   DC2_ImSim/Run2.1i/instCat/00385844to00445379/00431134.tar.gz
HTAR: a   DC2_ImSim/Run2.1i/instCat/00385844to00445379/00431136.tar.gz
HTAR: a   DC2_ImSim/Run2.1i/instCat/00385844to00445379/00431138.tar.gz
HTAR: a   DC2_ImSim/Run2.1i/instCat/00385844to00445379/00431185.tar.gz
HTAR: a   DC2_ImSim/Run2.1i/instCat/00385844to00445379/00431186.tar.gz
HTAR: a   DC2_ImSim/Run2.1i/instCat/00385844to00445379/00431192.tar.gz
HTAR: a   DC2_ImSim/Run2.1i/instCat/00385844to00445379/00431193.tar.gz
HTAR: a   DC2_ImSim/Run2.1i/instCat/00385844to00445379/00431194.tar.gz
HTAR: a   DC2_ImSim/Run2.1i/instCat/00385844to00445379/00431195.tar.gz
HTAR: a   DC2_ImSim/Run2.1i/instCat/00385844to00445379/00431196.tar.gz
HTAR: a   DC2_ImSim/Run2.1i/instCat/00385844to00445379/00431197.tar.gz
HTAR: a   DC2_ImSim/Run2.1i/instCat/00385844to00445379/00431296.tar.gz
HTAR: a   DC2_ImSim/Run2.1i/instCat/00385844to00445379/00431302.tar.gz
HTAR: a   DC2_ImSim/Run2.1i/instCat/00385844to00445379/00431303.tar.gz
HTAR: a   DC2_ImSim/Run2.1i/instCat/00385844to00445379/00431304.tar.gz
HTAR: a   DC2_ImSim/Run2.1i/instCat/00385844to00445379/00431305.tar.gz
HTAR: a   DC2_ImSim/Run2.1i/instCat/00385844to00445379/00431351.tar.gz
HTAR: a   DC2_ImSim/Run2.1i/instCat/00385844to00445379/00431352.tar.gz
HTAR: a   DC2_ImSim/Run2.1i/instCat/00385844to00445379/00431353.tar.gz
HTAR: a   DC2_ImSim/Run2.1i/instCat/00385844to00445379/00431356.tar.gz
HTAR: a   DC2_ImSim/Run2.1i/instCat/00385844to00445379/00431357.tar.gz
HTAR: a   DC2_ImSim/Run2.1i/instCat/00385844to00445379/00431360.tar.gz
HTAR: a   DC2_ImSim/Run2.1i/instCat/00385844to00445379/00431361.tar.gz
HTAR: a   DC2_ImSim/Run2.1i/instCat/00385844to00445379/00431362.tar.gz
HTAR: a   DC2_ImSim/Run2.1i/instCat/00385844to00445379/00431363.tar.gz
HTAR: a   DC2_ImSim/Run2.1i/instCat/00385844to00445379/00431364.tar.gz
HTAR: a   DC2_ImSim/Run2.1i/instCat/00385844to00445379/00431365.tar.gz
HTAR: a   /tmp/HTAR_CF_CHK_51359_1561048547
HTAR Create complete for /home/projects/desc/DC2_ImSim/Run2.1i/instCat/00385844to00445379/00427644to00431365.tar. 492,847,549,952 bytes written for 114 member files, max threads: 2 Transfer time: 2647.267 seconds (186.172 MB/s) wallclock/user/sys: 2648.343 3111.267 1372.965 seconds
HTAR: HTAR SUCCESSFUL
HTAR: a   DC2_ImSim/Run2.1i/instCat/00385844to00445379/00431366.tar.gz
HTAR: a   DC2_ImSim/Run2.1i/instCat/00385844to00445379/00431367.tar.gz
HTAR: a   DC2_ImSim/Run2.1i/instCat/00385844to00445379/00431368.tar.gz
HTAR: a   DC2_ImSim/Run2.1i/instCat/00385844to00445379/00431369.tar.gz
HTAR: a   DC2_ImSim/Run2.1i/instCat/00385844to00445379/00431398.tar.gz
HTAR: a   DC2_ImSim/Run2.1i/instCat/00385844to00445379/00431400.tar.gz
HTAR: a   DC2_ImSim/Run2.1i/instCat/00385844to00445379/00431401.tar.gz
HTAR: a   DC2_ImSim/Run2.1i/instCat/00385844to00445379/00431402.tar.gz
HTAR: a   DC2_ImSim/Run2.1i/instCat/00385844to00445379/00431403.tar.gz
HTAR: a   DC2_ImSim/Run2.1i/instCat/00385844to00445379/00431404.tar.gz
HTAR: a   DC2_ImSim/Run2.1i/instCat/00385844to00445379/00431405.tar.gz
HTAR: a   DC2_ImSim/Run2.1i/instCat/00385844to00445379/00431406.tar.gz
HTAR: a   DC2_ImSim/Run2.1i/instCat/00385844to00445379/00431407.tar.gz
HTAR: a   DC2_ImSim/Run2.1i/instCat/00385844to00445379/00431408.tar.gz
HTAR: a   DC2_ImSim/Run2.1i/instCat/00385844to00445379/00431437.tar.gz
HTAR: a   DC2_ImSim/Run2.1i/instCat/00385844to00445379/00431438.tar.gz
HTAR: a   DC2_ImSim/Run2.1i/instCat/00385844to00445379/00431448.tar.gz
HTAR: a   DC2_ImSim/Run2.1i/instCat/00385844to00445379/00431449.tar.gz
HTAR: a   DC2_ImSim/Run2.1i/instCat/00385844to00445379/00431450.tar.gz
HTAR: a   DC2_ImSim/Run2.1i/instCat/00385844to00445379/00433034.tar.gz
HTAR: a   DC2_ImSim/Run2.1i/instCat/00385844to00445379/00433035.tar.gz
HTAR: a   DC2_ImSim/Run2.1i/instCat/00385844to00445379/00433036.tar.gz
HTAR: a   DC2_ImSim/Run2.1i/instCat/00385844to00445379/00433037.tar.gz
HTAR: a   DC2_ImSim/Run2.1i/instCat/00385844to00445379/00433038.tar.gz
HTAR: a   DC2_ImSim/Run2.1i/instCat/00385844to00445379/00433039.tar.gz
HTAR: a   DC2_ImSim/Run2.1i/instCat/00385844to00445379/00433040.tar.gz
HTAR: a   DC2_ImSim/Run2.1i/instCat/00385844to00445379/00433042.tar.gz
HTAR: a   DC2_ImSim/Run2.1i/instCat/00385844to00445379/00433043.tar.gz
HTAR: a   DC2_ImSim/Run2.1i/instCat/00385844to00445379/00433044.tar.gz
HTAR: a   DC2_ImSim/Run2.1i/instCat/00385844to00445379/00433045.tar.gz
HTAR: a   DC2_ImSim/Run2.1i/instCat/00385844to00445379/00433046.tar.gz
HTAR: a   DC2_ImSim/Run2.1i/instCat/00385844to00445379/00433047.tar.gz
HTAR: a   DC2_ImSim/Run2.1i/instCat/00385844to00445379/00433048.tar.gz
HTAR: a   DC2_ImSim/Run2.1i/instCat/00385844to00445379/00433068.tar.gz
HTAR: a   DC2_ImSim/Run2.1i/instCat/00385844to00445379/00433070.tar.gz
HTAR: a   DC2_ImSim/Run2.1i/instCat/00385844to00445379/00433071.tar.gz
HTAR: a   DC2_ImSim/Run2.1i/instCat/00385844to00445379/00433072.tar.gz
HTAR: a   DC2_ImSim/Run2.1i/instCat/00385844to00445379/00433073.tar.gz
HTAR: a   DC2_ImSim/Run2.1i/instCat/00385844to00445379/00433074.tar.gz
HTAR: a   DC2_ImSim/Run2.1i/instCat/00385844to00445379/00433075.tar.gz
HTAR: a   DC2_ImSim/Run2.1i/instCat/00385844to00445379/00433076.tar.gz
HTAR: a   DC2_ImSim/Run2.1i/instCat/00385844to00445379/00433077.tar.gz
HTAR: a   DC2_ImSim/Run2.1i/instCat/00385844to00445379/00433078.tar.gz
HTAR: a   DC2_ImSim/Run2.1i/instCat/00385844to00445379/00433079.tar.gz
HTAR: a   DC2_ImSim/Run2.1i/instCat/00385844to00445379/00433080.tar.gz
HTAR: a   DC2_ImSim/Run2.1i/instCat/00385844to00445379/00433091.tar.gz
HTAR: a   DC2_ImSim/Run2.1i/instCat/00385844to00445379/00433092.tar.gz
HTAR: a   DC2_ImSim/Run2.1i/instCat/00385844to00445379/00433093.tar.gz
HTAR: a   DC2_ImSim/Run2.1i/instCat/00385844to00445379/00433094.tar.gz
HTAR: a   DC2_ImSim/Run2.1i/instCat/00385844to00445379/00433095.tar.gz
HTAR: a   DC2_ImSim/Run2.1i/instCat/00385844to00445379/00433096.tar.gz
HTAR: a   DC2_ImSim/Run2.1i/instCat/00385844to00445379/00433097.tar.gz
HTAR: a   DC2_ImSim/Run2.1i/instCat/00385844to00445379/00433126.tar.gz
HTAR: a   DC2_ImSim/Run2.1i/instCat/00385844to00445379/00433127.tar.gz
HTAR: a   DC2_ImSim/Run2.1i/instCat/00385844to00445379/00433128.tar.gz
HTAR: a   DC2_ImSim/Run2.1i/instCat/00385844to00445379/00433129.tar.gz
HTAR: a   DC2_ImSim/Run2.1i/instCat/00385844to00445379/00433130.tar.gz
HTAR: a   DC2_ImSim/Run2.1i/instCat/00385844to00445379/00433131.tar.gz
HTAR: a   DC2_ImSim/Run2.1i/instCat/00385844to00445379/00433132.tar.gz
HTAR: a   DC2_ImSim/Run2.1i/instCat/00385844to00445379/00433140.tar.gz
HTAR: a   DC2_ImSim/Run2.1i/instCat/00385844to00445379/00433177.tar.gz
HTAR: a   DC2_ImSim/Run2.1i/instCat/00385844to00445379/00433184.tar.gz
HTAR: a   DC2_ImSim/Run2.1i/instCat/00385844to00445379/00433185.tar.gz
HTAR: a   DC2_ImSim/Run2.1i/instCat/00385844to00445379/00433186.tar.gz
HTAR: a   DC2_ImSim/Run2.1i/instCat/00385844to00445379/00433187.tar.gz
HTAR: a   DC2_ImSim/Run2.1i/instCat/00385844to00445379/00433188.tar.gz
HTAR: a   DC2_ImSim/Run2.1i/instCat/00385844to00445379/00433189.tar.gz
HTAR: a   DC2_ImSim/Run2.1i/instCat/00385844to00445379/00433190.tar.gz
HTAR: a   DC2_ImSim/Run2.1i/instCat/00385844to00445379/00433192.tar.gz
HTAR: a   DC2_ImSim/Run2.1i/instCat/00385844to00445379/00433193.tar.gz
HTAR: a   DC2_ImSim/Run2.1i/instCat/00385844to00445379/00433211.tar.gz
HTAR: a   DC2_ImSim/Run2.1i/instCat/00385844to00445379/00433214.tar.gz
HTAR: a   DC2_ImSim/Run2.1i/instCat/00385844to00445379/00433215.tar.gz
HTAR: a   DC2_ImSim/Run2.1i/instCat/00385844to00445379/00433216.tar.gz
HTAR: a   DC2_ImSim/Run2.1i/instCat/00385844to00445379/00433217.tar.gz
HTAR: a   DC2_ImSim/Run2.1i/instCat/00385844to00445379/00433218.tar.gz
HTAR: a   DC2_ImSim/Run2.1i/instCat/00385844to00445379/00433219.tar.gz
HTAR: a   DC2_ImSim/Run2.1i/instCat/00385844to00445379/00433220.tar.gz
HTAR: a   DC2_ImSim/Run2.1i/instCat/00385844to00445379/00433222.tar.gz
HTAR: a   DC2_ImSim/Run2.1i/instCat/00385844to00445379/00433223.tar.gz
HTAR: a   DC2_ImSim/Run2.1i/instCat/00385844to00445379/00433224.tar.gz
HTAR: a   DC2_ImSim/Run2.1i/instCat/00385844to00445379/00433374.tar.gz
HTAR: a   DC2_ImSim/Run2.1i/instCat/00385844to00445379/00433380.tar.gz
HTAR: a   DC2_ImSim/Run2.1i/instCat/00385844to00445379/00433395.tar.gz
HTAR: a   DC2_ImSim/Run2.1i/instCat/00385844to00445379/00433869.tar.gz
HTAR: a   DC2_ImSim/Run2.1i/instCat/00385844to00445379/00433870.tar.gz
HTAR: a   DC2_ImSim/Run2.1i/instCat/00385844to00445379/00433873.tar.gz
HTAR: a   DC2_ImSim/Run2.1i/instCat/00385844to00445379/00433874.tar.gz
HTAR: a   DC2_ImSim/Run2.1i/instCat/00385844to00445379/00433944.tar.gz
HTAR: a   DC2_ImSim/Run2.1i/instCat/00385844to00445379/00433947.tar.gz
HTAR: a   DC2_ImSim/Run2.1i/instCat/00385844to00445379/00433948.tar.gz
HTAR: a   DC2_ImSim/Run2.1i/instCat/00385844to00445379/00433949.tar.gz
HTAR: a   DC2_ImSim/Run2.1i/instCat/00385844to00445379/00433950.tar.gz
HTAR: a   DC2_ImSim/Run2.1i/instCat/00385844to00445379/00433951.tar.gz
HTAR: a   DC2_ImSim/Run2.1i/instCat/00385844to00445379/00433952.tar.gz
HTAR: a   DC2_ImSim/Run2.1i/instCat/00385844to00445379/00433953.tar.gz
HTAR: a   DC2_ImSim/Run2.1i/instCat/00385844to00445379/00433954.tar.gz
HTAR: a   DC2_ImSim/Run2.1i/instCat/00385844to00445379/00433955.tar.gz
HTAR: a   DC2_ImSim/Run2.1i/instCat/00385844to00445379/00433956.tar.gz
HTAR: a   DC2_ImSim/Run2.1i/instCat/00385844to00445379/00433957.tar.gz
HTAR: a   DC2_ImSim/Run2.1i/instCat/00385844to00445379/00433958.tar.gz
HTAR: a   DC2_ImSim/Run2.1i/instCat/00385844to00445379/00433959.tar.gz
HTAR: a   DC2_ImSim/Run2.1i/instCat/00385844to00445379/00433960.tar.gz
HTAR: a   DC2_ImSim/Run2.1i/instCat/00385844to00445379/00433961.tar.gz
HTAR: a   DC2_ImSim/Run2.1i/instCat/00385844to00445379/00433962.tar.gz
HTAR: a   DC2_ImSim/Run2.1i/instCat/00385844to00445379/00433963.tar.gz
HTAR: a   DC2_ImSim/Run2.1i/instCat/00385844to00445379/00433964.tar.gz
HTAR: a   DC2_ImSim/Run2.1i/instCat/00385844to00445379/00433966.tar.gz
HTAR: a   DC2_ImSim/Run2.1i/instCat/00385844to00445379/00433980.tar.gz
HTAR: a   DC2_ImSim/Run2.1i/instCat/00385844to00445379/00433981.tar.gz
HTAR: a   DC2_ImSim/Run2.1i/instCat/00385844to00445379/00433982.tar.gz
HTAR: a   DC2_ImSim/Run2.1i/instCat/00385844to00445379/00433983.tar.gz
HTAR: a   DC2_ImSim/Run2.1i/instCat/00385844to00445379/00433984.tar.gz
HTAR: a   DC2_ImSim/Run2.1i/instCat/00385844to00445379/00433985.tar.gz
HTAR: a   /tmp/HTAR_CF_CHK_32352_1561051197
HTAR Create complete for /home/projects/desc/DC2_ImSim/Run2.1i/instCat/00385844to00445379/00431366to00433985.tar. 513,651,895,296 bytes written for 114 member files, max threads: 2 Transfer time: 2729.894 seconds (188.158 MB/s) wallclock/user/sys: 2730.859 3230.855 1425.979 seconds
HTAR: HTAR SUCCESSFUL
HTAR: a   DC2_ImSim/Run2.1i/instCat/00385844to00445379/00433986.tar.gz
HTAR: a   DC2_ImSim/Run2.1i/instCat/00385844to00445379/00433987.tar.gz
HTAR: a   DC2_ImSim/Run2.1i/instCat/00385844to00445379/00433988.tar.gz
HTAR: a   DC2_ImSim/Run2.1i/instCat/00385844to00445379/00433989.tar.gz
HTAR: a   DC2_ImSim/Run2.1i/instCat/00385844to00445379/00433990.tar.gz
HTAR: a   DC2_ImSim/Run2.1i/instCat/00385844to00445379/00433991.tar.gz
HTAR: a   DC2_ImSim/Run2.1i/instCat/00385844to00445379/00433992.tar.gz
HTAR: a   DC2_ImSim/Run2.1i/instCat/00385844to00445379/00433993.tar.gz
HTAR: a   DC2_ImSim/Run2.1i/instCat/00385844to00445379/00433995.tar.gz
HTAR: a   DC2_ImSim/Run2.1i/instCat/00385844to00445379/00433996.tar.gz
HTAR: a   DC2_ImSim/Run2.1i/instCat/00385844to00445379/00434049.tar.gz
HTAR: a   DC2_ImSim/Run2.1i/instCat/00385844to00445379/00434086.tar.gz
HTAR: a   DC2_ImSim/Run2.1i/instCat/00385844to00445379/00434087.tar.gz
HTAR: a   DC2_ImSim/Run2.1i/instCat/00385844to00445379/00434088.tar.gz
HTAR: a   DC2_ImSim/Run2.1i/instCat/00385844to00445379/00434089.tar.gz
HTAR: a   DC2_ImSim/Run2.1i/instCat/00385844to00445379/00434090.tar.gz
HTAR: a   DC2_ImSim/Run2.1i/instCat/00385844to00445379/00434107.tar.gz
HTAR: a   DC2_ImSim/Run2.1i/instCat/00385844to00445379/00434110.tar.gz
HTAR: a   DC2_ImSim/Run2.1i/instCat/00385844to00445379/00434111.tar.gz
HTAR: a   DC2_ImSim/Run2.1i/instCat/00385844to00445379/00434112.tar.gz
HTAR: a   DC2_ImSim/Run2.1i/instCat/00385844to00445379/00434113.tar.gz
HTAR: a   DC2_ImSim/Run2.1i/instCat/00385844to00445379/00434124.tar.gz
HTAR: a   DC2_ImSim/Run2.1i/instCat/00385844to00445379/00434139.tar.gz
HTAR: a   DC2_ImSim/Run2.1i/instCat/00385844to00445379/00434140.tar.gz
HTAR: a   DC2_ImSim/Run2.1i/instCat/00385844to00445379/00434141.tar.gz
HTAR: a   DC2_ImSim/Run2.1i/instCat/00385844to00445379/00434142.tar.gz
HTAR: a   DC2_ImSim/Run2.1i/instCat/00385844to00445379/00434174.tar.gz
HTAR: a   DC2_ImSim/Run2.1i/instCat/00385844to00445379/00434175.tar.gz
HTAR: a   DC2_ImSim/Run2.1i/instCat/00385844to00445379/00434176.tar.gz
HTAR: a   DC2_ImSim/Run2.1i/instCat/00385844to00445379/00434209.tar.gz
HTAR: a   DC2_ImSim/Run2.1i/instCat/00385844to00445379/00434210.tar.gz
HTAR: a   DC2_ImSim/Run2.1i/instCat/00385844to00445379/00434211.tar.gz
HTAR: a   DC2_ImSim/Run2.1i/instCat/00385844to00445379/00434219.tar.gz
HTAR: a   DC2_ImSim/Run2.1i/instCat/00385844to00445379/00435687.tar.gz
HTAR: a   DC2_ImSim/Run2.1i/instCat/00385844to00445379/00435716.tar.gz
HTAR: a   DC2_ImSim/Run2.1i/instCat/00385844to00445379/00436426.tar.gz
HTAR: a   DC2_ImSim/Run2.1i/instCat/00385844to00445379/00436427.tar.gz
HTAR: a   DC2_ImSim/Run2.1i/instCat/00385844to00445379/00436457.tar.gz
HTAR: a   DC2_ImSim/Run2.1i/instCat/00385844to00445379/00436459.tar.gz
HTAR: a   DC2_ImSim/Run2.1i/instCat/00385844to00445379/00436477.tar.gz
HTAR: a   DC2_ImSim/Run2.1i/instCat/00385844to00445379/00436490.tar.gz
HTAR: a   DC2_ImSim/Run2.1i/instCat/00385844to00445379/00436491.tar.gz
HTAR: a   DC2_ImSim/Run2.1i/instCat/00385844to00445379/00436492.tar.gz
HTAR: a   DC2_ImSim/Run2.1i/instCat/00385844to00445379/00436493.tar.gz
HTAR: a   DC2_ImSim/Run2.1i/instCat/00385844to00445379/00436494.tar.gz
HTAR: a   DC2_ImSim/Run2.1i/instCat/00385844to00445379/00436495.tar.gz
HTAR: a   DC2_ImSim/Run2.1i/instCat/00385844to00445379/00436496.tar.gz
HTAR: a   DC2_ImSim/Run2.1i/instCat/00385844to00445379/00436497.tar.gz
HTAR: a   DC2_ImSim/Run2.1i/instCat/00385844to00445379/00436500.tar.gz
HTAR: a   DC2_ImSim/Run2.1i/instCat/00385844to00445379/00436526.tar.gz
HTAR: a   DC2_ImSim/Run2.1i/instCat/00385844to00445379/00436527.tar.gz
HTAR: a   DC2_ImSim/Run2.1i/instCat/00385844to00445379/00436528.tar.gz
HTAR: a   DC2_ImSim/Run2.1i/instCat/00385844to00445379/00436529.tar.gz
HTAR: a   DC2_ImSim/Run2.1i/instCat/00385844to00445379/00436530.tar.gz
HTAR: a   DC2_ImSim/Run2.1i/instCat/00385844to00445379/00436531.tar.gz
HTAR: a   DC2_ImSim/Run2.1i/instCat/00385844to00445379/00436532.tar.gz
HTAR: a   DC2_ImSim/Run2.1i/instCat/00385844to00445379/00436533.tar.gz
HTAR: a   DC2_ImSim/Run2.1i/instCat/00385844to00445379/00436534.tar.gz
HTAR: a   DC2_ImSim/Run2.1i/instCat/00385844to00445379/00436535.tar.gz
HTAR: a   DC2_ImSim/Run2.1i/instCat/00385844to00445379/00436536.tar.gz
HTAR: a   DC2_ImSim/Run2.1i/instCat/00385844to00445379/00436537.tar.gz
HTAR: a   DC2_ImSim/Run2.1i/instCat/00385844to00445379/00436538.tar.gz
HTAR: a   DC2_ImSim/Run2.1i/instCat/00385844to00445379/00436539.tar.gz
HTAR: a   DC2_ImSim/Run2.1i/instCat/00385844to00445379/00436540.tar.gz
HTAR: a   DC2_ImSim/Run2.1i/instCat/00385844to00445379/00436541.tar.gz
HTAR: a   DC2_ImSim/Run2.1i/instCat/00385844to00445379/00436542.tar.gz
HTAR: a   DC2_ImSim/Run2.1i/instCat/00385844to00445379/00436543.tar.gz
HTAR: a   DC2_ImSim/Run2.1i/instCat/00385844to00445379/00436578.tar.gz
HTAR: a   DC2_ImSim/Run2.1i/instCat/00385844to00445379/00436579.tar.gz
HTAR: a   DC2_ImSim/Run2.1i/instCat/00385844to00445379/00436580.tar.gz
HTAR: a   DC2_ImSim/Run2.1i/instCat/00385844to00445379/00436581.tar.gz
HTAR: a   DC2_ImSim/Run2.1i/instCat/00385844to00445379/00436582.tar.gz
HTAR: a   DC2_ImSim/Run2.1i/instCat/00385844to00445379/00436583.tar.gz
HTAR: a   DC2_ImSim/Run2.1i/instCat/00385844to00445379/00436584.tar.gz
HTAR: a   DC2_ImSim/Run2.1i/instCat/00385844to00445379/00436585.tar.gz
HTAR: a   DC2_ImSim/Run2.1i/instCat/00385844to00445379/00436586.tar.gz
HTAR: a   DC2_ImSim/Run2.1i/instCat/00385844to00445379/00436587.tar.gz
HTAR: a   DC2_ImSim/Run2.1i/instCat/00385844to00445379/00436773.tar.gz
HTAR: a   DC2_ImSim/Run2.1i/instCat/00385844to00445379/00437321.tar.gz
HTAR: a   DC2_ImSim/Run2.1i/instCat/00385844to00445379/00437322.tar.gz
HTAR: a   DC2_ImSim/Run2.1i/instCat/00385844to00445379/00437323.tar.gz
HTAR: a   DC2_ImSim/Run2.1i/instCat/00385844to00445379/00437324.tar.gz
HTAR: a   DC2_ImSim/Run2.1i/instCat/00385844to00445379/00437350.tar.gz
HTAR: a   DC2_ImSim/Run2.1i/instCat/00385844to00445379/00437352.tar.gz
HTAR: a   DC2_ImSim/Run2.1i/instCat/00385844to00445379/00437353.tar.gz
HTAR: a   DC2_ImSim/Run2.1i/instCat/00385844to00445379/00440935.tar.gz
HTAR: a   DC2_ImSim/Run2.1i/instCat/00385844to00445379/00440936.tar.gz
HTAR: a   DC2_ImSim/Run2.1i/instCat/00385844to00445379/00440937.tar.gz
HTAR: a   DC2_ImSim/Run2.1i/instCat/00385844to00445379/00440938.tar.gz
HTAR: a   DC2_ImSim/Run2.1i/instCat/00385844to00445379/00440939.tar.gz
HTAR: a   DC2_ImSim/Run2.1i/instCat/00385844to00445379/00440940.tar.gz
HTAR: a   DC2_ImSim/Run2.1i/instCat/00385844to00445379/00440941.tar.gz
HTAR: a   DC2_ImSim/Run2.1i/instCat/00385844to00445379/00440942.tar.gz
HTAR: a   DC2_ImSim/Run2.1i/instCat/00385844to00445379/00440943.tar.gz
HTAR: a   DC2_ImSim/Run2.1i/instCat/00385844to00445379/00440944.tar.gz
HTAR: a   DC2_ImSim/Run2.1i/instCat/00385844to00445379/00440970.tar.gz
HTAR: a   DC2_ImSim/Run2.1i/instCat/00385844to00445379/00440971.tar.gz
HTAR: a   DC2_ImSim/Run2.1i/instCat/00385844to00445379/00440972.tar.gz
HTAR: a   DC2_ImSim/Run2.1i/instCat/00385844to00445379/00440973.tar.gz
HTAR: a   DC2_ImSim/Run2.1i/instCat/00385844to00445379/00440974.tar.gz
HTAR: a   DC2_ImSim/Run2.1i/instCat/00385844to00445379/00440975.tar.gz
HTAR: a   DC2_ImSim/Run2.1i/instCat/00385844to00445379/00440977.tar.gz
HTAR: a   DC2_ImSim/Run2.1i/instCat/00385844to00445379/00440978.tar.gz
HTAR: a   DC2_ImSim/Run2.1i/instCat/00385844to00445379/00440979.tar.gz
HTAR: a   DC2_ImSim/Run2.1i/instCat/00385844to00445379/00441017.tar.gz
HTAR: a   DC2_ImSim/Run2.1i/instCat/00385844to00445379/00441138.tar.gz
HTAR: a   DC2_ImSim/Run2.1i/instCat/00385844to00445379/00441139.tar.gz
HTAR: a   DC2_ImSim/Run2.1i/instCat/00385844to00445379/00441140.tar.gz
HTAR: a   DC2_ImSim/Run2.1i/instCat/00385844to00445379/00441141.tar.gz
HTAR: a   DC2_ImSim/Run2.1i/instCat/00385844to00445379/00441142.tar.gz
HTAR: a   DC2_ImSim/Run2.1i/instCat/00385844to00445379/00441188.tar.gz
HTAR: a   DC2_ImSim/Run2.1i/instCat/00385844to00445379/00441189.tar.gz
HTAR: a   DC2_ImSim/Run2.1i/instCat/00385844to00445379/00441190.tar.gz
HTAR: a   DC2_ImSim/Run2.1i/instCat/00385844to00445379/00441191.tar.gz
HTAR: a   /tmp/HTAR_CF_CHK_18796_1561053931
HTAR Create complete for /home/projects/desc/DC2_ImSim/Run2.1i/instCat/00385844to00445379/00433986to00441191.tar. 529,038,458,880 bytes written for 114 member files, max threads: 2 Transfer time: 2867.900 seconds (184.469 MB/s) wallclock/user/sys: 2868.821 3391.022 1503.921 seconds
HTAR: HTAR SUCCESSFUL
HTAR: a   DC2_ImSim/Run2.1i/instCat/00385844to00445379/00441192.tar.gz
HTAR: a   DC2_ImSim/Run2.1i/instCat/00385844to00445379/00441194.tar.gz
HTAR: a   DC2_ImSim/Run2.1i/instCat/00385844to00445379/00441902.tar.gz
HTAR: a   DC2_ImSim/Run2.1i/instCat/00385844to00445379/00441903.tar.gz
HTAR: a   DC2_ImSim/Run2.1i/instCat/00385844to00445379/00441904.tar.gz
HTAR: a   DC2_ImSim/Run2.1i/instCat/00385844to00445379/00441905.tar.gz
HTAR: a   DC2_ImSim/Run2.1i/instCat/00385844to00445379/00441906.tar.gz
HTAR: a   DC2_ImSim/Run2.1i/instCat/00385844to00445379/00441907.tar.gz
HTAR: a   DC2_ImSim/Run2.1i/instCat/00385844to00445379/00442282.tar.gz
HTAR: a   DC2_ImSim/Run2.1i/instCat/00385844to00445379/00442296.tar.gz
HTAR: a   DC2_ImSim/Run2.1i/instCat/00385844to00445379/00442297.tar.gz
HTAR: a   DC2_ImSim/Run2.1i/instCat/00385844to00445379/00442354.tar.gz
HTAR: a   DC2_ImSim/Run2.1i/instCat/00385844to00445379/00442355.tar.gz
HTAR: a   DC2_ImSim/Run2.1i/instCat/00385844to00445379/00442356.tar.gz
HTAR: a   DC2_ImSim/Run2.1i/instCat/00385844to00445379/00442357.tar.gz
HTAR: a   DC2_ImSim/Run2.1i/instCat/00385844to00445379/00442358.tar.gz
HTAR: a   DC2_ImSim/Run2.1i/instCat/00385844to00445379/00442412.tar.gz
HTAR: a   DC2_ImSim/Run2.1i/instCat/00385844to00445379/00442413.tar.gz
HTAR: a   DC2_ImSim/Run2.1i/instCat/00385844to00445379/00442414.tar.gz
HTAR: a   DC2_ImSim/Run2.1i/instCat/00385844to00445379/00442415.tar.gz
HTAR: a   DC2_ImSim/Run2.1i/instCat/00385844to00445379/00443001.tar.gz
HTAR: a   DC2_ImSim/Run2.1i/instCat/00385844to00445379/00443002.tar.gz
HTAR: a   DC2_ImSim/Run2.1i/instCat/00385844to00445379/00443003.tar.gz
HTAR: a   DC2_ImSim/Run2.1i/instCat/00385844to00445379/00443004.tar.gz
HTAR: a   DC2_ImSim/Run2.1i/instCat/00385844to00445379/00443005.tar.gz
HTAR: a   DC2_ImSim/Run2.1i/instCat/00385844to00445379/00443014.tar.gz
HTAR: a   DC2_ImSim/Run2.1i/instCat/00385844to00445379/00443015.tar.gz
HTAR: a   DC2_ImSim/Run2.1i/instCat/00385844to00445379/00443016.tar.gz
HTAR: a   DC2_ImSim/Run2.1i/instCat/00385844to00445379/00443017.tar.gz
HTAR: a   DC2_ImSim/Run2.1i/instCat/00385844to00445379/00443018.tar.gz
HTAR: a   DC2_ImSim/Run2.1i/instCat/00385844to00445379/00443019.tar.gz
HTAR: a   DC2_ImSim/Run2.1i/instCat/00385844to00445379/00443020.tar.gz
HTAR: a   DC2_ImSim/Run2.1i/instCat/00385844to00445379/00443021.tar.gz
HTAR: a   DC2_ImSim/Run2.1i/instCat/00385844to00445379/00443025.tar.gz
HTAR: a   DC2_ImSim/Run2.1i/instCat/00385844to00445379/00443026.tar.gz
HTAR: a   DC2_ImSim/Run2.1i/instCat/00385844to00445379/00443027.tar.gz
HTAR: a   DC2_ImSim/Run2.1i/instCat/00385844to00445379/00443046.tar.gz
HTAR: a   DC2_ImSim/Run2.1i/instCat/00385844to00445379/00443055.tar.gz
HTAR: a   DC2_ImSim/Run2.1i/instCat/00385844to00445379/00443056.tar.gz
HTAR: a   DC2_ImSim/Run2.1i/instCat/00385844to00445379/00443057.tar.gz
HTAR: a   DC2_ImSim/Run2.1i/instCat/00385844to00445379/00443077.tar.gz
HTAR: a   DC2_ImSim/Run2.1i/instCat/00385844to00445379/00443078.tar.gz
HTAR: a   DC2_ImSim/Run2.1i/instCat/00385844to00445379/00443079.tar.gz
HTAR: a   DC2_ImSim/Run2.1i/instCat/00385844to00445379/00443080.tar.gz
HTAR: a   DC2_ImSim/Run2.1i/instCat/00385844to00445379/00443081.tar.gz
HTAR: a   DC2_ImSim/Run2.1i/instCat/00385844to00445379/00443082.tar.gz
HTAR: a   DC2_ImSim/Run2.1i/instCat/00385844to00445379/00443083.tar.gz
HTAR: a   DC2_ImSim/Run2.1i/instCat/00385844to00445379/00443084.tar.gz
HTAR: a   DC2_ImSim/Run2.1i/instCat/00385844to00445379/00443085.tar.gz
HTAR: a   DC2_ImSim/Run2.1i/instCat/00385844to00445379/00443086.tar.gz
HTAR: a   DC2_ImSim/Run2.1i/instCat/00385844to00445379/00443087.tar.gz
HTAR: a   DC2_ImSim/Run2.1i/instCat/00385844to00445379/00443088.tar.gz
HTAR: a   DC2_ImSim/Run2.1i/instCat/00385844to00445379/00443089.tar.gz
HTAR: a   DC2_ImSim/Run2.1i/instCat/00385844to00445379/00443090.tar.gz
HTAR: a   DC2_ImSim/Run2.1i/instCat/00385844to00445379/00443091.tar.gz
HTAR: a   DC2_ImSim/Run2.1i/instCat/00385844to00445379/00443092.tar.gz
HTAR: a   DC2_ImSim/Run2.1i/instCat/00385844to00445379/00443093.tar.gz
HTAR: a   DC2_ImSim/Run2.1i/instCat/00385844to00445379/00443094.tar.gz
HTAR: a   DC2_ImSim/Run2.1i/instCat/00385844to00445379/00443095.tar.gz
HTAR: a   DC2_ImSim/Run2.1i/instCat/00385844to00445379/00443096.tar.gz
HTAR: a   DC2_ImSim/Run2.1i/instCat/00385844to00445379/00443097.tar.gz
HTAR: a   DC2_ImSim/Run2.1i/instCat/00385844to00445379/00443098.tar.gz
HTAR: a   DC2_ImSim/Run2.1i/instCat/00385844to00445379/00443099.tar.gz
HTAR: a   DC2_ImSim/Run2.1i/instCat/00385844to00445379/00443100.tar.gz
HTAR: a   DC2_ImSim/Run2.1i/instCat/00385844to00445379/00443101.tar.gz
HTAR: a   DC2_ImSim/Run2.1i/instCat/00385844to00445379/00443102.tar.gz
HTAR: a   DC2_ImSim/Run2.1i/instCat/00385844to00445379/00443103.tar.gz
HTAR: a   DC2_ImSim/Run2.1i/instCat/00385844to00445379/00443109.tar.gz
HTAR: a   DC2_ImSim/Run2.1i/instCat/00385844to00445379/00443110.tar.gz
HTAR: a   DC2_ImSim/Run2.1i/instCat/00385844to00445379/00443111.tar.gz
HTAR: a   DC2_ImSim/Run2.1i/instCat/00385844to00445379/00443114.tar.gz
HTAR: a   DC2_ImSim/Run2.1i/instCat/00385844to00445379/00443115.tar.gz
HTAR: a   DC2_ImSim/Run2.1i/instCat/00385844to00445379/00443116.tar.gz
HTAR: a   DC2_ImSim/Run2.1i/instCat/00385844to00445379/00443117.tar.gz
HTAR: a   DC2_ImSim/Run2.1i/instCat/00385844to00445379/00443118.tar.gz
HTAR: a   DC2_ImSim/Run2.1i/instCat/00385844to00445379/00443120.tar.gz
HTAR: a   DC2_ImSim/Run2.1i/instCat/00385844to00445379/00443121.tar.gz
HTAR: a   DC2_ImSim/Run2.1i/instCat/00385844to00445379/00443122.tar.gz
HTAR: a   DC2_ImSim/Run2.1i/instCat/00385844to00445379/00443123.tar.gz
HTAR: a   DC2_ImSim/Run2.1i/instCat/00385844to00445379/00443124.tar.gz
HTAR: a   DC2_ImSim/Run2.1i/instCat/00385844to00445379/00443125.tar.gz
HTAR: a   DC2_ImSim/Run2.1i/instCat/00385844to00445379/00443126.tar.gz
HTAR: a   DC2_ImSim/Run2.1i/instCat/00385844to00445379/00443127.tar.gz
HTAR: a   DC2_ImSim/Run2.1i/instCat/00385844to00445379/00443128.tar.gz
HTAR: a   DC2_ImSim/Run2.1i/instCat/00385844to00445379/00443131.tar.gz
HTAR: a   DC2_ImSim/Run2.1i/instCat/00385844to00445379/00443134.tar.gz
HTAR: a   DC2_ImSim/Run2.1i/instCat/00385844to00445379/00443138.tar.gz
HTAR: a   DC2_ImSim/Run2.1i/instCat/00385844to00445379/00443139.tar.gz
HTAR: a   DC2_ImSim/Run2.1i/instCat/00385844to00445379/00443142.tar.gz
HTAR: a   DC2_ImSim/Run2.1i/instCat/00385844to00445379/00443143.tar.gz
HTAR: a   DC2_ImSim/Run2.1i/instCat/00385844to00445379/00443147.tar.gz
HTAR: a   DC2_ImSim/Run2.1i/instCat/00385844to00445379/00443148.tar.gz
HTAR: a   DC2_ImSim/Run2.1i/instCat/00385844to00445379/00443149.tar.gz
HTAR: a   DC2_ImSim/Run2.1i/instCat/00385844to00445379/00443150.tar.gz
HTAR: a   DC2_ImSim/Run2.1i/instCat/00385844to00445379/00443151.tar.gz
HTAR: a   DC2_ImSim/Run2.1i/instCat/00385844to00445379/00443152.tar.gz
HTAR: a   DC2_ImSim/Run2.1i/instCat/00385844to00445379/00443153.tar.gz
HTAR: a   DC2_ImSim/Run2.1i/instCat/00385844to00445379/00443155.tar.gz
HTAR: a   DC2_ImSim/Run2.1i/instCat/00385844to00445379/00443156.tar.gz
HTAR: a   DC2_ImSim/Run2.1i/instCat/00385844to00445379/00443157.tar.gz
HTAR: a   DC2_ImSim/Run2.1i/instCat/00385844to00445379/00443158.tar.gz
HTAR: a   DC2_ImSim/Run2.1i/instCat/00385844to00445379/00443159.tar.gz
HTAR: a   DC2_ImSim/Run2.1i/instCat/00385844to00445379/00443160.tar.gz
HTAR: a   DC2_ImSim/Run2.1i/instCat/00385844to00445379/00443161.tar.gz
HTAR: a   DC2_ImSim/Run2.1i/instCat/00385844to00445379/00443162.tar.gz
HTAR: a   DC2_ImSim/Run2.1i/instCat/00385844to00445379/00443168.tar.gz
HTAR: a   DC2_ImSim/Run2.1i/instCat/00385844to00445379/00443176.tar.gz
HTAR: a   DC2_ImSim/Run2.1i/instCat/00385844to00445379/00443177.tar.gz
HTAR: a   DC2_ImSim/Run2.1i/instCat/00385844to00445379/00443178.tar.gz
HTAR: a   DC2_ImSim/Run2.1i/instCat/00385844to00445379/00443185.tar.gz
HTAR: a   DC2_ImSim/Run2.1i/instCat/00385844to00445379/00443353.tar.gz
HTAR: a   DC2_ImSim/Run2.1i/instCat/00385844to00445379/00443356.tar.gz
HTAR: a   DC2_ImSim/Run2.1i/instCat/00385844to00445379/00443458.tar.gz
HTAR: a   DC2_ImSim/Run2.1i/instCat/00385844to00445379/00443459.tar.gz
HTAR: a   /tmp/HTAR_CF_CHK_50699_1561056803
HTAR Create complete for /home/projects/desc/DC2_ImSim/Run2.1i/instCat/00385844to00445379/00441192to00443459.tar. 504,267,647,488 bytes written for 114 member files, max threads: 2 Transfer time: 2753.231 seconds (183.155 MB/s) wallclock/user/sys: 2754.251 3255.296 1446.865 seconds
HTAR: HTAR SUCCESSFUL
HTAR: a   DC2_ImSim/Run2.1i/instCat/00385844to00445379/00443854.tar.gz
HTAR: a   DC2_ImSim/Run2.1i/instCat/00385844to00445379/00443855.tar.gz
HTAR: a   DC2_ImSim/Run2.1i/instCat/00385844to00445379/00443858.tar.gz
HTAR: a   DC2_ImSim/Run2.1i/instCat/00385844to00445379/00443859.tar.gz
HTAR: a   DC2_ImSim/Run2.1i/instCat/00385844to00445379/00443860.tar.gz
HTAR: a   DC2_ImSim/Run2.1i/instCat/00385844to00445379/00443861.tar.gz
HTAR: a   DC2_ImSim/Run2.1i/instCat/00385844to00445379/00443897.tar.gz
HTAR: a   DC2_ImSim/Run2.1i/instCat/00385844to00445379/00443898.tar.gz
HTAR: a   DC2_ImSim/Run2.1i/instCat/00385844to00445379/00443900.tar.gz
HTAR: a   DC2_ImSim/Run2.1i/instCat/00385844to00445379/00443901.tar.gz
HTAR: a   DC2_ImSim/Run2.1i/instCat/00385844to00445379/00443902.tar.gz
HTAR: a   DC2_ImSim/Run2.1i/instCat/00385844to00445379/00443961.tar.gz
HTAR: a   DC2_ImSim/Run2.1i/instCat/00385844to00445379/00443962.tar.gz
HTAR: a   DC2_ImSim/Run2.1i/instCat/00385844to00445379/00443964.tar.gz
HTAR: a   DC2_ImSim/Run2.1i/instCat/00385844to00445379/00443965.tar.gz
HTAR: a   DC2_ImSim/Run2.1i/instCat/00385844to00445379/00443966.tar.gz
HTAR: a   DC2_ImSim/Run2.1i/instCat/00385844to00445379/00443967.tar.gz
HTAR: a   DC2_ImSim/Run2.1i/instCat/00385844to00445379/00443975.tar.gz
HTAR: a   DC2_ImSim/Run2.1i/instCat/00385844to00445379/00443976.tar.gz
HTAR: a   DC2_ImSim/Run2.1i/instCat/00385844to00445379/00444009.tar.gz
HTAR: a   DC2_ImSim/Run2.1i/instCat/00385844to00445379/00444010.tar.gz
HTAR: a   DC2_ImSim/Run2.1i/instCat/00385844to00445379/00444011.tar.gz
HTAR: a   DC2_ImSim/Run2.1i/instCat/00385844to00445379/00444012.tar.gz
HTAR: a   DC2_ImSim/Run2.1i/instCat/00385844to00445379/00444013.tar.gz
HTAR: a   DC2_ImSim/Run2.1i/instCat/00385844to00445379/00444038.tar.gz
HTAR: a   DC2_ImSim/Run2.1i/instCat/00385844to00445379/00444039.tar.gz
HTAR: a   DC2_ImSim/Run2.1i/instCat/00385844to00445379/00444040.tar.gz
HTAR: a   DC2_ImSim/Run2.1i/instCat/00385844to00445379/00444041.tar.gz
HTAR: a   DC2_ImSim/Run2.1i/instCat/00385844to00445379/00444042.tar.gz
HTAR: a   DC2_ImSim/Run2.1i/instCat/00385844to00445379/00444043.tar.gz
HTAR: a   DC2_ImSim/Run2.1i/instCat/00385844to00445379/00444044.tar.gz
HTAR: a   DC2_ImSim/Run2.1i/instCat/00385844to00445379/00444045.tar.gz
HTAR: a   DC2_ImSim/Run2.1i/instCat/00385844to00445379/00444046.tar.gz
HTAR: a   DC2_ImSim/Run2.1i/instCat/00385844to00445379/00444061.tar.gz
HTAR: a   DC2_ImSim/Run2.1i/instCat/00385844to00445379/00444062.tar.gz
HTAR: a   DC2_ImSim/Run2.1i/instCat/00385844to00445379/00444063.tar.gz
HTAR: a   DC2_ImSim/Run2.1i/instCat/00385844to00445379/00444064.tar.gz
HTAR: a   DC2_ImSim/Run2.1i/instCat/00385844to00445379/00444065.tar.gz
HTAR: a   DC2_ImSim/Run2.1i/instCat/00385844to00445379/00444077.tar.gz
HTAR: a   DC2_ImSim/Run2.1i/instCat/00385844to00445379/00444078.tar.gz
HTAR: a   DC2_ImSim/Run2.1i/instCat/00385844to00445379/00444079.tar.gz
HTAR: a   DC2_ImSim/Run2.1i/instCat/00385844to00445379/00444080.tar.gz
HTAR: a   DC2_ImSim/Run2.1i/instCat/00385844to00445379/00444086.tar.gz
HTAR: a   DC2_ImSim/Run2.1i/instCat/00385844to00445379/00444087.tar.gz
HTAR: a   DC2_ImSim/Run2.1i/instCat/00385844to00445379/00444088.tar.gz
HTAR: a   DC2_ImSim/Run2.1i/instCat/00385844to00445379/00444089.tar.gz
HTAR: a   DC2_ImSim/Run2.1i/instCat/00385844to00445379/00444105.tar.gz
HTAR: a   DC2_ImSim/Run2.1i/instCat/00385844to00445379/00444108.tar.gz
HTAR: a   DC2_ImSim/Run2.1i/instCat/00385844to00445379/00444109.tar.gz
HTAR: a   DC2_ImSim/Run2.1i/instCat/00385844to00445379/00444110.tar.gz
HTAR: a   DC2_ImSim/Run2.1i/instCat/00385844to00445379/00444111.tar.gz
HTAR: a   DC2_ImSim/Run2.1i/instCat/00385844to00445379/00444112.tar.gz
HTAR: a   DC2_ImSim/Run2.1i/instCat/00385844to00445379/00444113.tar.gz
HTAR: a   DC2_ImSim/Run2.1i/instCat/00385844to00445379/00444114.tar.gz
HTAR: a   DC2_ImSim/Run2.1i/instCat/00385844to00445379/00444119.tar.gz
HTAR: a   DC2_ImSim/Run2.1i/instCat/00385844to00445379/00444161.tar.gz
HTAR: a   DC2_ImSim/Run2.1i/instCat/00385844to00445379/00444164.tar.gz
HTAR: a   DC2_ImSim/Run2.1i/instCat/00385844to00445379/00444597.tar.gz
HTAR: a   DC2_ImSim/Run2.1i/instCat/00385844to00445379/00444602.tar.gz
HTAR: a   DC2_ImSim/Run2.1i/instCat/00385844to00445379/00444603.tar.gz
HTAR: a   DC2_ImSim/Run2.1i/instCat/00385844to00445379/00444694.tar.gz
HTAR: a   DC2_ImSim/Run2.1i/instCat/00385844to00445379/00444695.tar.gz
HTAR: a   DC2_ImSim/Run2.1i/instCat/00385844to00445379/00444696.tar.gz
HTAR: a   DC2_ImSim/Run2.1i/instCat/00385844to00445379/00444697.tar.gz
HTAR: a   DC2_ImSim/Run2.1i/instCat/00385844to00445379/00444698.tar.gz
HTAR: a   DC2_ImSim/Run2.1i/instCat/00385844to00445379/00444699.tar.gz
HTAR: a   DC2_ImSim/Run2.1i/instCat/00385844to00445379/00444700.tar.gz
HTAR: a   DC2_ImSim/Run2.1i/instCat/00385844to00445379/00444704.tar.gz
HTAR: a   DC2_ImSim/Run2.1i/instCat/00385844to00445379/00444705.tar.gz
HTAR: a   DC2_ImSim/Run2.1i/instCat/00385844to00445379/00444706.tar.gz
HTAR: a   DC2_ImSim/Run2.1i/instCat/00385844to00445379/00444707.tar.gz
HTAR: a   DC2_ImSim/Run2.1i/instCat/00385844to00445379/00444708.tar.gz
HTAR: a   DC2_ImSim/Run2.1i/instCat/00385844to00445379/00444709.tar.gz
HTAR: a   DC2_ImSim/Run2.1i/instCat/00385844to00445379/00444710.tar.gz
HTAR: a   DC2_ImSim/Run2.1i/instCat/00385844to00445379/00444711.tar.gz
HTAR: a   DC2_ImSim/Run2.1i/instCat/00385844to00445379/00444712.tar.gz
HTAR: a   DC2_ImSim/Run2.1i/instCat/00385844to00445379/00444713.tar.gz
HTAR: a   DC2_ImSim/Run2.1i/instCat/00385844to00445379/00444714.tar.gz
HTAR: a   DC2_ImSim/Run2.1i/instCat/00385844to00445379/00444715.tar.gz
HTAR: a   DC2_ImSim/Run2.1i/instCat/00385844to00445379/00444716.tar.gz
HTAR: a   DC2_ImSim/Run2.1i/instCat/00385844to00445379/00444717.tar.gz
HTAR: a   DC2_ImSim/Run2.1i/instCat/00385844to00445379/00444718.tar.gz
HTAR: a   DC2_ImSim/Run2.1i/instCat/00385844to00445379/00444719.tar.gz
HTAR: a   DC2_ImSim/Run2.1i/instCat/00385844to00445379/00444720.tar.gz
HTAR: a   DC2_ImSim/Run2.1i/instCat/00385844to00445379/00444722.tar.gz
HTAR: a   DC2_ImSim/Run2.1i/instCat/00385844to00445379/00444723.tar.gz
HTAR: a   DC2_ImSim/Run2.1i/instCat/00385844to00445379/00444724.tar.gz
HTAR: a   DC2_ImSim/Run2.1i/instCat/00385844to00445379/00444725.tar.gz
HTAR: a   DC2_ImSim/Run2.1i/instCat/00385844to00445379/00444726.tar.gz
HTAR: a   DC2_ImSim/Run2.1i/instCat/00385844to00445379/00444727.tar.gz
HTAR: a   DC2_ImSim/Run2.1i/instCat/00385844to00445379/00444736.tar.gz
HTAR: a   DC2_ImSim/Run2.1i/instCat/00385844to00445379/00444750.tar.gz
HTAR: a   DC2_ImSim/Run2.1i/instCat/00385844to00445379/00444752.tar.gz
HTAR: a   DC2_ImSim/Run2.1i/instCat/00385844to00445379/00444807.tar.gz
HTAR: a   DC2_ImSim/Run2.1i/instCat/00385844to00445379/00444831.tar.gz
HTAR: a   DC2_ImSim/Run2.1i/instCat/00385844to00445379/00444832.tar.gz
HTAR: a   DC2_ImSim/Run2.1i/instCat/00385844to00445379/00444833.tar.gz
HTAR: a   DC2_ImSim/Run2.1i/instCat/00385844to00445379/00444834.tar.gz
HTAR: a   DC2_ImSim/Run2.1i/instCat/00385844to00445379/00444835.tar.gz
HTAR: a   DC2_ImSim/Run2.1i/instCat/00385844to00445379/00444836.tar.gz
HTAR: a   DC2_ImSim/Run2.1i/instCat/00385844to00445379/00444890.tar.gz
HTAR: a   DC2_ImSim/Run2.1i/instCat/00385844to00445379/00444891.tar.gz
HTAR: a   DC2_ImSim/Run2.1i/instCat/00385844to00445379/00444893.tar.gz
HTAR: a   DC2_ImSim/Run2.1i/instCat/00385844to00445379/00444894.tar.gz
HTAR: a   DC2_ImSim/Run2.1i/instCat/00385844to00445379/00444911.tar.gz
HTAR: a   DC2_ImSim/Run2.1i/instCat/00385844to00445379/00444912.tar.gz
HTAR: a   /tmp/HTAR_CF_CHK_24068_1561059560
HTAR Create complete for /home/projects/desc/DC2_ImSim/Run2.1i/instCat/00385844to00445379/00443854to00444912.tar. 467,532,945,408 bytes written for 106 member files, max threads: 2 Transfer time: 2617.277 seconds (178.633 MB/s) wallclock/user/sys: 2618.277 3084.599 1390.505 seconds
HTAR: HTAR SUCCESSFUL
