HTAR: a   DC2_ImSim/Run2.1i/instCat/00385844to00445379/00389475.tar.gz
HTAR: a   DC2_ImSim/Run2.1i/instCat/00385844to00445379/00390557.tar.gz
HTAR: a   DC2_ImSim/Run2.1i/instCat/00385844to00445379/00390558.tar.gz
HTAR: a   DC2_ImSim/Run2.1i/instCat/00385844to00445379/00390559.tar.gz
HTAR: a   DC2_ImSim/Run2.1i/instCat/00385844to00445379/00390560.tar.gz
HTAR: a   DC2_ImSim/Run2.1i/instCat/00385844to00445379/00390561.tar.gz
HTAR: a   DC2_ImSim/Run2.1i/instCat/00385844to00445379/00390562.tar.gz
HTAR: a   DC2_ImSim/Run2.1i/instCat/00385844to00445379/00390563.tar.gz
HTAR: a   DC2_ImSim/Run2.1i/instCat/00385844to00445379/00390564.tar.gz
HTAR: a   DC2_ImSim/Run2.1i/instCat/00385844to00445379/00390565.tar.gz
HTAR: a   DC2_ImSim/Run2.1i/instCat/00385844to00445379/00390567.tar.gz
HTAR: a   DC2_ImSim/Run2.1i/instCat/00385844to00445379/00390568.tar.gz
HTAR: a   DC2_ImSim/Run2.1i/instCat/00385844to00445379/00390569.tar.gz
HTAR: a   DC2_ImSim/Run2.1i/instCat/00385844to00445379/00390570.tar.gz
HTAR: a   DC2_ImSim/Run2.1i/instCat/00385844to00445379/00390573.tar.gz
HTAR: a   DC2_ImSim/Run2.1i/instCat/00385844to00445379/00390601.tar.gz
HTAR: a   DC2_ImSim/Run2.1i/instCat/00385844to00445379/00392632.tar.gz
HTAR: a   DC2_ImSim/Run2.1i/instCat/00385844to00445379/00392683.tar.gz
HTAR: a   DC2_ImSim/Run2.1i/instCat/00385844to00445379/00395387.tar.gz
HTAR: a   DC2_ImSim/Run2.1i/instCat/00385844to00445379/00397276.tar.gz
HTAR: a   DC2_ImSim/Run2.1i/instCat/00385844to00445379/00397277.tar.gz
HTAR: a   DC2_ImSim/Run2.1i/instCat/00385844to00445379/00397278.tar.gz
HTAR: a   DC2_ImSim/Run2.1i/instCat/00385844to00445379/00397279.tar.gz
HTAR: a   DC2_ImSim/Run2.1i/instCat/00385844to00445379/00397280.tar.gz
HTAR: a   DC2_ImSim/Run2.1i/instCat/00385844to00445379/00397281.tar.gz
HTAR: a   DC2_ImSim/Run2.1i/instCat/00385844to00445379/00397282.tar.gz
HTAR: a   DC2_ImSim/Run2.1i/instCat/00385844to00445379/00397283.tar.gz
HTAR: a   DC2_ImSim/Run2.1i/instCat/00385844to00445379/00397284.tar.gz
HTAR: a   DC2_ImSim/Run2.1i/instCat/00385844to00445379/00397285.tar.gz
HTAR: a   DC2_ImSim/Run2.1i/instCat/00385844to00445379/00397286.tar.gz
HTAR: a   DC2_ImSim/Run2.1i/instCat/00385844to00445379/00397287.tar.gz
HTAR: a   DC2_ImSim/Run2.1i/instCat/00385844to00445379/00397288.tar.gz
HTAR: a   DC2_ImSim/Run2.1i/instCat/00385844to00445379/00397289.tar.gz
HTAR: a   DC2_ImSim/Run2.1i/instCat/00385844to00445379/00397319.tar.gz
HTAR: a   DC2_ImSim/Run2.1i/instCat/00385844to00445379/00397320.tar.gz
HTAR: a   DC2_ImSim/Run2.1i/instCat/00385844to00445379/00397321.tar.gz
HTAR: a   DC2_ImSim/Run2.1i/instCat/00385844to00445379/00397322.tar.gz
HTAR: a   DC2_ImSim/Run2.1i/instCat/00385844to00445379/00397323.tar.gz
HTAR: a   DC2_ImSim/Run2.1i/instCat/00385844to00445379/00397326.tar.gz
HTAR: a   DC2_ImSim/Run2.1i/instCat/00385844to00445379/00397327.tar.gz
HTAR: a   DC2_ImSim/Run2.1i/instCat/00385844to00445379/00397328.tar.gz
HTAR: a   DC2_ImSim/Run2.1i/instCat/00385844to00445379/00397329.tar.gz
HTAR: a   DC2_ImSim/Run2.1i/instCat/00385844to00445379/00397330.tar.gz
HTAR: a   DC2_ImSim/Run2.1i/instCat/00385844to00445379/00397331.tar.gz
HTAR: a   DC2_ImSim/Run2.1i/instCat/00385844to00445379/00397332.tar.gz
HTAR: a   DC2_ImSim/Run2.1i/instCat/00385844to00445379/00397334.tar.gz
HTAR: a   DC2_ImSim/Run2.1i/instCat/00385844to00445379/00398401.tar.gz
HTAR: a   DC2_ImSim/Run2.1i/instCat/00385844to00445379/00398406.tar.gz
HTAR: a   DC2_ImSim/Run2.1i/instCat/00385844to00445379/00398407.tar.gz
HTAR: a   DC2_ImSim/Run2.1i/instCat/00385844to00445379/00398408.tar.gz
HTAR: a   DC2_ImSim/Run2.1i/instCat/00385844to00445379/00398409.tar.gz
HTAR: a   DC2_ImSim/Run2.1i/instCat/00385844to00445379/00398412.tar.gz
HTAR: a   DC2_ImSim/Run2.1i/instCat/00385844to00445379/00398413.tar.gz
HTAR: a   DC2_ImSim/Run2.1i/instCat/00385844to00445379/00398414.tar.gz
HTAR: a   DC2_ImSim/Run2.1i/instCat/00385844to00445379/00398415.tar.gz
HTAR: a   DC2_ImSim/Run2.1i/instCat/00385844to00445379/00398416.tar.gz
HTAR: a   DC2_ImSim/Run2.1i/instCat/00385844to00445379/00398417.tar.gz
HTAR: a   DC2_ImSim/Run2.1i/instCat/00385844to00445379/00398418.tar.gz
HTAR: a   DC2_ImSim/Run2.1i/instCat/00385844to00445379/00398419.tar.gz
HTAR: a   DC2_ImSim/Run2.1i/instCat/00385844to00445379/00398421.tar.gz
HTAR: a   DC2_ImSim/Run2.1i/instCat/00385844to00445379/00399391.tar.gz
HTAR: a   DC2_ImSim/Run2.1i/instCat/00385844to00445379/00399393.tar.gz
HTAR: a   DC2_ImSim/Run2.1i/instCat/00385844to00445379/00400302.tar.gz
HTAR: a   DC2_ImSim/Run2.1i/instCat/00385844to00445379/00400329.tar.gz
HTAR: a   DC2_ImSim/Run2.1i/instCat/00385844to00445379/00400330.tar.gz
HTAR: a   DC2_ImSim/Run2.1i/instCat/00385844to00445379/00400331.tar.gz
HTAR: a   DC2_ImSim/Run2.1i/instCat/00385844to00445379/00400332.tar.gz
HTAR: a   DC2_ImSim/Run2.1i/instCat/00385844to00445379/00400353.tar.gz
HTAR: a   DC2_ImSim/Run2.1i/instCat/00385844to00445379/00400354.tar.gz
HTAR: a   DC2_ImSim/Run2.1i/instCat/00385844to00445379/00400355.tar.gz
HTAR: a   DC2_ImSim/Run2.1i/instCat/00385844to00445379/00400356.tar.gz
HTAR: a   DC2_ImSim/Run2.1i/instCat/00385844to00445379/00400357.tar.gz
HTAR: a   DC2_ImSim/Run2.1i/instCat/00385844to00445379/00400358.tar.gz
HTAR: a   DC2_ImSim/Run2.1i/instCat/00385844to00445379/00400388.tar.gz
HTAR: a   DC2_ImSim/Run2.1i/instCat/00385844to00445379/00400390.tar.gz
HTAR: a   DC2_ImSim/Run2.1i/instCat/00385844to00445379/00400391.tar.gz
HTAR: a   DC2_ImSim/Run2.1i/instCat/00385844to00445379/00400420.tar.gz
HTAR: a   DC2_ImSim/Run2.1i/instCat/00385844to00445379/00400421.tar.gz
HTAR: a   DC2_ImSim/Run2.1i/instCat/00385844to00445379/00400422.tar.gz
HTAR: a   DC2_ImSim/Run2.1i/instCat/00385844to00445379/00400423.tar.gz
HTAR: a   DC2_ImSim/Run2.1i/instCat/00385844to00445379/00400424.tar.gz
HTAR: a   DC2_ImSim/Run2.1i/instCat/00385844to00445379/00400425.tar.gz
HTAR: a   DC2_ImSim/Run2.1i/instCat/00385844to00445379/00400426.tar.gz
HTAR: a   DC2_ImSim/Run2.1i/instCat/00385844to00445379/00400427.tar.gz
HTAR: a   DC2_ImSim/Run2.1i/instCat/00385844to00445379/00400428.tar.gz
HTAR: a   DC2_ImSim/Run2.1i/instCat/00385844to00445379/00400429.tar.gz
HTAR: a   DC2_ImSim/Run2.1i/instCat/00385844to00445379/00400430.tar.gz
HTAR: a   DC2_ImSim/Run2.1i/instCat/00385844to00445379/00400436.tar.gz
HTAR: a   DC2_ImSim/Run2.1i/instCat/00385844to00445379/00400438.tar.gz
HTAR: a   DC2_ImSim/Run2.1i/instCat/00385844to00445379/00400439.tar.gz
HTAR: a   DC2_ImSim/Run2.1i/instCat/00385844to00445379/00400440.tar.gz
HTAR: a   DC2_ImSim/Run2.1i/instCat/00385844to00445379/00400447.tar.gz
HTAR: a   DC2_ImSim/Run2.1i/instCat/00385844to00445379/00400457.tar.gz
HTAR: a   DC2_ImSim/Run2.1i/instCat/00385844to00445379/00400458.tar.gz
HTAR: a   DC2_ImSim/Run2.1i/instCat/00385844to00445379/00400459.tar.gz
HTAR: a   DC2_ImSim/Run2.1i/instCat/00385844to00445379/00400460.tar.gz
HTAR: a   DC2_ImSim/Run2.1i/instCat/00385844to00445379/00400461.tar.gz
HTAR: a   DC2_ImSim/Run2.1i/instCat/00385844to00445379/00400462.tar.gz
HTAR: a   DC2_ImSim/Run2.1i/instCat/00385844to00445379/00400463.tar.gz
HTAR: a   DC2_ImSim/Run2.1i/instCat/00385844to00445379/00400464.tar.gz
HTAR: a   DC2_ImSim/Run2.1i/instCat/00385844to00445379/00401604.tar.gz
HTAR: a   DC2_ImSim/Run2.1i/instCat/00385844to00445379/00401605.tar.gz
HTAR: a   DC2_ImSim/Run2.1i/instCat/00385844to00445379/00401606.tar.gz
HTAR: a   DC2_ImSim/Run2.1i/instCat/00385844to00445379/00401607.tar.gz
HTAR: a   DC2_ImSim/Run2.1i/instCat/00385844to00445379/00401608.tar.gz
HTAR: a   DC2_ImSim/Run2.1i/instCat/00385844to00445379/00401609.tar.gz
HTAR: a   DC2_ImSim/Run2.1i/instCat/00385844to00445379/00401610.tar.gz
HTAR: a   DC2_ImSim/Run2.1i/instCat/00385844to00445379/00401611.tar.gz
HTAR: a   DC2_ImSim/Run2.1i/instCat/00385844to00445379/00401612.tar.gz
HTAR: a   DC2_ImSim/Run2.1i/instCat/00385844to00445379/00401613.tar.gz
HTAR: a   DC2_ImSim/Run2.1i/instCat/00385844to00445379/00401614.tar.gz
HTAR: a   DC2_ImSim/Run2.1i/instCat/00385844to00445379/00401615.tar.gz
HTAR: a   DC2_ImSim/Run2.1i/instCat/00385844to00445379/00401616.tar.gz
HTAR: a   DC2_ImSim/Run2.1i/instCat/00385844to00445379/00401650.tar.gz
HTAR: a   /tmp/HTAR_CF_CHK_33896_1561045884
HTAR Create complete for /home/projects/desc/DC2_ImSim/Run2.1i/instCat/00385844to00445379/00389475to00401650.tar. 522,413,562,880 bytes written for 114 member files, max threads: 3 Transfer time: 3160.213 seconds (165.310 MB/s) wallclock/user/sys: 3160.489 3771.276 1656.741 seconds
HTAR: HTAR SUCCESSFUL
HTAR: a   DC2_ImSim/Run2.1i/instCat/00385844to00445379/00401651.tar.gz
HTAR: a   DC2_ImSim/Run2.1i/instCat/00385844to00445379/00401652.tar.gz
HTAR: a   DC2_ImSim/Run2.1i/instCat/00385844to00445379/00401653.tar.gz
HTAR: a   DC2_ImSim/Run2.1i/instCat/00385844to00445379/00401654.tar.gz
HTAR: a   DC2_ImSim/Run2.1i/instCat/00385844to00445379/00401658.tar.gz
HTAR: a   DC2_ImSim/Run2.1i/instCat/00385844to00445379/00401659.tar.gz
HTAR: a   DC2_ImSim/Run2.1i/instCat/00385844to00445379/00401660.tar.gz
HTAR: a   DC2_ImSim/Run2.1i/instCat/00385844to00445379/00401661.tar.gz
HTAR: a   DC2_ImSim/Run2.1i/instCat/00385844to00445379/00401662.tar.gz
HTAR: a   DC2_ImSim/Run2.1i/instCat/00385844to00445379/00401663.tar.gz
HTAR: a   DC2_ImSim/Run2.1i/instCat/00385844to00445379/00401664.tar.gz
HTAR: a   DC2_ImSim/Run2.1i/instCat/00385844to00445379/00401665.tar.gz
HTAR: a   DC2_ImSim/Run2.1i/instCat/00385844to00445379/00405644.tar.gz
HTAR: a   DC2_ImSim/Run2.1i/instCat/00385844to00445379/00405723.tar.gz
HTAR: a   DC2_ImSim/Run2.1i/instCat/00385844to00445379/00405725.tar.gz
HTAR: a   DC2_ImSim/Run2.1i/instCat/00385844to00445379/00406941.tar.gz
HTAR: a   DC2_ImSim/Run2.1i/instCat/00385844to00445379/00406948.tar.gz
HTAR: a   DC2_ImSim/Run2.1i/instCat/00385844to00445379/00406949.tar.gz
HTAR: a   DC2_ImSim/Run2.1i/instCat/00385844to00445379/00406950.tar.gz
HTAR: a   DC2_ImSim/Run2.1i/instCat/00385844to00445379/00406951.tar.gz
HTAR: a   DC2_ImSim/Run2.1i/instCat/00385844to00445379/00406952.tar.gz
HTAR: a   DC2_ImSim/Run2.1i/instCat/00385844to00445379/00406953.tar.gz
HTAR: a   DC2_ImSim/Run2.1i/instCat/00385844to00445379/00406954.tar.gz
HTAR: a   DC2_ImSim/Run2.1i/instCat/00385844to00445379/00406955.tar.gz
HTAR: a   DC2_ImSim/Run2.1i/instCat/00385844to00445379/00406956.tar.gz
HTAR: a   DC2_ImSim/Run2.1i/instCat/00385844to00445379/00406957.tar.gz
HTAR: a   DC2_ImSim/Run2.1i/instCat/00385844to00445379/00406958.tar.gz
HTAR: a   DC2_ImSim/Run2.1i/instCat/00385844to00445379/00406960.tar.gz
HTAR: a   DC2_ImSim/Run2.1i/instCat/00385844to00445379/00406969.tar.gz
HTAR: a   DC2_ImSim/Run2.1i/instCat/00385844to00445379/00406971.tar.gz
HTAR: a   DC2_ImSim/Run2.1i/instCat/00385844to00445379/00406972.tar.gz
HTAR: a   DC2_ImSim/Run2.1i/instCat/00385844to00445379/00406973.tar.gz
HTAR: a   DC2_ImSim/Run2.1i/instCat/00385844to00445379/00406974.tar.gz
HTAR: a   DC2_ImSim/Run2.1i/instCat/00385844to00445379/00406975.tar.gz
HTAR: a   DC2_ImSim/Run2.1i/instCat/00385844to00445379/00406976.tar.gz
HTAR: a   DC2_ImSim/Run2.1i/instCat/00385844to00445379/00406977.tar.gz
HTAR: a   DC2_ImSim/Run2.1i/instCat/00385844to00445379/00406978.tar.gz
HTAR: a   DC2_ImSim/Run2.1i/instCat/00385844to00445379/00406979.tar.gz
HTAR: a   DC2_ImSim/Run2.1i/instCat/00385844to00445379/00406980.tar.gz
HTAR: a   DC2_ImSim/Run2.1i/instCat/00385844to00445379/00406981.tar.gz
HTAR: a   DC2_ImSim/Run2.1i/instCat/00385844to00445379/00406982.tar.gz
HTAR: a   DC2_ImSim/Run2.1i/instCat/00385844to00445379/00406990.tar.gz
HTAR: a   DC2_ImSim/Run2.1i/instCat/00385844to00445379/00406991.tar.gz
HTAR: a   DC2_ImSim/Run2.1i/instCat/00385844to00445379/00406992.tar.gz
HTAR: a   DC2_ImSim/Run2.1i/instCat/00385844to00445379/00406993.tar.gz
HTAR: a   DC2_ImSim/Run2.1i/instCat/00385844to00445379/00406994.tar.gz
HTAR: a   DC2_ImSim/Run2.1i/instCat/00385844to00445379/00406995.tar.gz
HTAR: a   DC2_ImSim/Run2.1i/instCat/00385844to00445379/00406996.tar.gz
HTAR: a   DC2_ImSim/Run2.1i/instCat/00385844to00445379/00406997.tar.gz
HTAR: a   DC2_ImSim/Run2.1i/instCat/00385844to00445379/00406998.tar.gz
HTAR: a   DC2_ImSim/Run2.1i/instCat/00385844to00445379/00407000.tar.gz
HTAR: a   DC2_ImSim/Run2.1i/instCat/00385844to00445379/00407038.tar.gz
HTAR: a   DC2_ImSim/Run2.1i/instCat/00385844to00445379/00407039.tar.gz
HTAR: a   DC2_ImSim/Run2.1i/instCat/00385844to00445379/00407052.tar.gz
HTAR: a   DC2_ImSim/Run2.1i/instCat/00385844to00445379/00407061.tar.gz
HTAR: a   DC2_ImSim/Run2.1i/instCat/00385844to00445379/00407064.tar.gz
HTAR: a   DC2_ImSim/Run2.1i/instCat/00385844to00445379/00407846.tar.gz
HTAR: a   DC2_ImSim/Run2.1i/instCat/00385844to00445379/00407862.tar.gz
HTAR: a   DC2_ImSim/Run2.1i/instCat/00385844to00445379/00407863.tar.gz
HTAR: a   DC2_ImSim/Run2.1i/instCat/00385844to00445379/00407885.tar.gz
HTAR: a   DC2_ImSim/Run2.1i/instCat/00385844to00445379/00407886.tar.gz
HTAR: a   DC2_ImSim/Run2.1i/instCat/00385844to00445379/00407887.tar.gz
HTAR: a   DC2_ImSim/Run2.1i/instCat/00385844to00445379/00407888.tar.gz
HTAR: a   DC2_ImSim/Run2.1i/instCat/00385844to00445379/00407889.tar.gz
HTAR: a   DC2_ImSim/Run2.1i/instCat/00385844to00445379/00407890.tar.gz
HTAR: a   DC2_ImSim/Run2.1i/instCat/00385844to00445379/00407891.tar.gz
HTAR: a   DC2_ImSim/Run2.1i/instCat/00385844to00445379/00407892.tar.gz
HTAR: a   DC2_ImSim/Run2.1i/instCat/00385844to00445379/00407893.tar.gz
HTAR: a   DC2_ImSim/Run2.1i/instCat/00385844to00445379/00407894.tar.gz
HTAR: a   DC2_ImSim/Run2.1i/instCat/00385844to00445379/00407895.tar.gz
HTAR: a   DC2_ImSim/Run2.1i/instCat/00385844to00445379/00407909.tar.gz
HTAR: a   DC2_ImSim/Run2.1i/instCat/00385844to00445379/00407912.tar.gz
HTAR: a   DC2_ImSim/Run2.1i/instCat/00385844to00445379/00407913.tar.gz
HTAR: a   DC2_ImSim/Run2.1i/instCat/00385844to00445379/00407914.tar.gz
HTAR: a   DC2_ImSim/Run2.1i/instCat/00385844to00445379/00407915.tar.gz
HTAR: a   DC2_ImSim/Run2.1i/instCat/00385844to00445379/00407916.tar.gz
HTAR: a   DC2_ImSim/Run2.1i/instCat/00385844to00445379/00407917.tar.gz
HTAR: a   DC2_ImSim/Run2.1i/instCat/00385844to00445379/00407918.tar.gz
HTAR: a   DC2_ImSim/Run2.1i/instCat/00385844to00445379/00407919.tar.gz
HTAR: a   DC2_ImSim/Run2.1i/instCat/00385844to00445379/00407920.tar.gz
HTAR: a   DC2_ImSim/Run2.1i/instCat/00385844to00445379/00407921.tar.gz
HTAR: a   DC2_ImSim/Run2.1i/instCat/00385844to00445379/00407922.tar.gz
HTAR: a   DC2_ImSim/Run2.1i/instCat/00385844to00445379/00407923.tar.gz
HTAR: a   DC2_ImSim/Run2.1i/instCat/00385844to00445379/00407924.tar.gz
HTAR: a   DC2_ImSim/Run2.1i/instCat/00385844to00445379/00407925.tar.gz
HTAR: a   DC2_ImSim/Run2.1i/instCat/00385844to00445379/00407926.tar.gz
HTAR: a   DC2_ImSim/Run2.1i/instCat/00385844to00445379/00407927.tar.gz
HTAR: a   DC2_ImSim/Run2.1i/instCat/00385844to00445379/00407928.tar.gz
HTAR: a   DC2_ImSim/Run2.1i/instCat/00385844to00445379/00407929.tar.gz
HTAR: a   DC2_ImSim/Run2.1i/instCat/00385844to00445379/00407930.tar.gz
HTAR: a   DC2_ImSim/Run2.1i/instCat/00385844to00445379/00407931.tar.gz
HTAR: a   DC2_ImSim/Run2.1i/instCat/00385844to00445379/00407932.tar.gz
HTAR: a   DC2_ImSim/Run2.1i/instCat/00385844to00445379/00407935.tar.gz
HTAR: a   DC2_ImSim/Run2.1i/instCat/00385844to00445379/00407937.tar.gz
HTAR: a   DC2_ImSim/Run2.1i/instCat/00385844to00445379/00407938.tar.gz
HTAR: a   DC2_ImSim/Run2.1i/instCat/00385844to00445379/00407939.tar.gz
HTAR: a   DC2_ImSim/Run2.1i/instCat/00385844to00445379/00407940.tar.gz
HTAR: a   DC2_ImSim/Run2.1i/instCat/00385844to00445379/00407941.tar.gz
HTAR: a   DC2_ImSim/Run2.1i/instCat/00385844to00445379/00407942.tar.gz
HTAR: a   DC2_ImSim/Run2.1i/instCat/00385844to00445379/00407943.tar.gz
HTAR: a   DC2_ImSim/Run2.1i/instCat/00385844to00445379/00407944.tar.gz
HTAR: a   DC2_ImSim/Run2.1i/instCat/00385844to00445379/00407945.tar.gz
HTAR: a   DC2_ImSim/Run2.1i/instCat/00385844to00445379/00407946.tar.gz
HTAR: a   DC2_ImSim/Run2.1i/instCat/00385844to00445379/00407947.tar.gz
HTAR: a   DC2_ImSim/Run2.1i/instCat/00385844to00445379/00407948.tar.gz
HTAR: a   DC2_ImSim/Run2.1i/instCat/00385844to00445379/00407949.tar.gz
HTAR: a   DC2_ImSim/Run2.1i/instCat/00385844to00445379/00407950.tar.gz
HTAR: a   DC2_ImSim/Run2.1i/instCat/00385844to00445379/00407951.tar.gz
HTAR: a   DC2_ImSim/Run2.1i/instCat/00385844to00445379/00407952.tar.gz
HTAR: a   DC2_ImSim/Run2.1i/instCat/00385844to00445379/00407953.tar.gz
HTAR: a   DC2_ImSim/Run2.1i/instCat/00385844to00445379/00407955.tar.gz
HTAR: a   DC2_ImSim/Run2.1i/instCat/00385844to00445379/00408880.tar.gz
HTAR: a   DC2_ImSim/Run2.1i/instCat/00385844to00445379/00408905.tar.gz
HTAR: a   DC2_ImSim/Run2.1i/instCat/00385844to00445379/00408906.tar.gz
HTAR: a   /tmp/HTAR_CF_CHK_16667_1561049047
HTAR Create complete for /home/projects/desc/DC2_ImSim/Run2.1i/instCat/00385844to00445379/00401651to00408906.tar. 509,345,099,264 bytes written for 114 member files, max threads: 3 Transfer time: 3148.031 seconds (161.798 MB/s) wallclock/user/sys: 3148.463 3761.128 1639.881 seconds
HTAR: HTAR SUCCESSFUL
HTAR: a   DC2_ImSim/Run2.1i/instCat/00385844to00445379/00408907.tar.gz
HTAR: a   DC2_ImSim/Run2.1i/instCat/00385844to00445379/00408908.tar.gz
HTAR: a   DC2_ImSim/Run2.1i/instCat/00385844to00445379/00408910.tar.gz
HTAR: a   DC2_ImSim/Run2.1i/instCat/00385844to00445379/00408941.tar.gz
HTAR: a   DC2_ImSim/Run2.1i/instCat/00385844to00445379/00408942.tar.gz
HTAR: a   DC2_ImSim/Run2.1i/instCat/00385844to00445379/00408943.tar.gz
HTAR: a   DC2_ImSim/Run2.1i/instCat/00385844to00445379/00408944.tar.gz
HTAR: a   DC2_ImSim/Run2.1i/instCat/00385844to00445379/00408945.tar.gz
HTAR: a   DC2_ImSim/Run2.1i/instCat/00385844to00445379/00408946.tar.gz
HTAR: a   DC2_ImSim/Run2.1i/instCat/00385844to00445379/00409036.tar.gz
HTAR: a   DC2_ImSim/Run2.1i/instCat/00385844to00445379/00409038.tar.gz
HTAR: a   DC2_ImSim/Run2.1i/instCat/00385844to00445379/00409076.tar.gz
HTAR: a   DC2_ImSim/Run2.1i/instCat/00385844to00445379/00409077.tar.gz
HTAR: a   DC2_ImSim/Run2.1i/instCat/00385844to00445379/00409086.tar.gz
HTAR: a   DC2_ImSim/Run2.1i/instCat/00385844to00445379/00409107.tar.gz
HTAR: a   DC2_ImSim/Run2.1i/instCat/00385844to00445379/00409109.tar.gz
HTAR: a   DC2_ImSim/Run2.1i/instCat/00385844to00445379/00409991.tar.gz
HTAR: a   DC2_ImSim/Run2.1i/instCat/00385844to00445379/00409992.tar.gz
HTAR: a   DC2_ImSim/Run2.1i/instCat/00385844to00445379/00409993.tar.gz
HTAR: a   DC2_ImSim/Run2.1i/instCat/00385844to00445379/00410027.tar.gz
HTAR: a   DC2_ImSim/Run2.1i/instCat/00385844to00445379/00410028.tar.gz
HTAR: a   DC2_ImSim/Run2.1i/instCat/00385844to00445379/00410029.tar.gz
HTAR: a   DC2_ImSim/Run2.1i/instCat/00385844to00445379/00410030.tar.gz
HTAR: a   DC2_ImSim/Run2.1i/instCat/00385844to00445379/00410064.tar.gz
HTAR: a   DC2_ImSim/Run2.1i/instCat/00385844to00445379/00410065.tar.gz
HTAR: a   DC2_ImSim/Run2.1i/instCat/00385844to00445379/00410066.tar.gz
HTAR: a   DC2_ImSim/Run2.1i/instCat/00385844to00445379/00410067.tar.gz
HTAR: a   DC2_ImSim/Run2.1i/instCat/00385844to00445379/00410068.tar.gz
HTAR: a   DC2_ImSim/Run2.1i/instCat/00385844to00445379/00410069.tar.gz
HTAR: a   DC2_ImSim/Run2.1i/instCat/00385844to00445379/00410847.tar.gz
HTAR: a   DC2_ImSim/Run2.1i/instCat/00385844to00445379/00410851.tar.gz
HTAR: a   DC2_ImSim/Run2.1i/instCat/00385844to00445379/00410852.tar.gz
HTAR: a   DC2_ImSim/Run2.1i/instCat/00385844to00445379/00410869.tar.gz
HTAR: a   DC2_ImSim/Run2.1i/instCat/00385844to00445379/00410870.tar.gz
HTAR: a   DC2_ImSim/Run2.1i/instCat/00385844to00445379/00410872.tar.gz
HTAR: a   DC2_ImSim/Run2.1i/instCat/00385844to00445379/00410880.tar.gz
HTAR: a   DC2_ImSim/Run2.1i/instCat/00385844to00445379/00410886.tar.gz
HTAR: a   DC2_ImSim/Run2.1i/instCat/00385844to00445379/00410901.tar.gz
HTAR: a   DC2_ImSim/Run2.1i/instCat/00385844to00445379/00410924.tar.gz
HTAR: a   DC2_ImSim/Run2.1i/instCat/00385844to00445379/00410925.tar.gz
HTAR: a   DC2_ImSim/Run2.1i/instCat/00385844to00445379/00410927.tar.gz
HTAR: a   DC2_ImSim/Run2.1i/instCat/00385844to00445379/00410928.tar.gz
HTAR: a   DC2_ImSim/Run2.1i/instCat/00385844to00445379/00410930.tar.gz
HTAR: a   DC2_ImSim/Run2.1i/instCat/00385844to00445379/00410956.tar.gz
HTAR: a   DC2_ImSim/Run2.1i/instCat/00385844to00445379/00410957.tar.gz
HTAR: a   DC2_ImSim/Run2.1i/instCat/00385844to00445379/00410958.tar.gz
HTAR: a   DC2_ImSim/Run2.1i/instCat/00385844to00445379/00410959.tar.gz
HTAR: a   DC2_ImSim/Run2.1i/instCat/00385844to00445379/00410960.tar.gz
HTAR: a   DC2_ImSim/Run2.1i/instCat/00385844to00445379/00410961.tar.gz
HTAR: a   DC2_ImSim/Run2.1i/instCat/00385844to00445379/00410962.tar.gz
HTAR: a   DC2_ImSim/Run2.1i/instCat/00385844to00445379/00410963.tar.gz
HTAR: a   DC2_ImSim/Run2.1i/instCat/00385844to00445379/00410964.tar.gz
HTAR: a   DC2_ImSim/Run2.1i/instCat/00385844to00445379/00410965.tar.gz
HTAR: a   DC2_ImSim/Run2.1i/instCat/00385844to00445379/00410966.tar.gz
HTAR: a   DC2_ImSim/Run2.1i/instCat/00385844to00445379/00410967.tar.gz
HTAR: a   DC2_ImSim/Run2.1i/instCat/00385844to00445379/00410968.tar.gz
HTAR: a   DC2_ImSim/Run2.1i/instCat/00385844to00445379/00410982.tar.gz
HTAR: a   DC2_ImSim/Run2.1i/instCat/00385844to00445379/00410983.tar.gz
HTAR: a   DC2_ImSim/Run2.1i/instCat/00385844to00445379/00410984.tar.gz
HTAR: a   DC2_ImSim/Run2.1i/instCat/00385844to00445379/00410985.tar.gz
HTAR: a   DC2_ImSim/Run2.1i/instCat/00385844to00445379/00410986.tar.gz
HTAR: a   DC2_ImSim/Run2.1i/instCat/00385844to00445379/00410987.tar.gz
HTAR: a   DC2_ImSim/Run2.1i/instCat/00385844to00445379/00410988.tar.gz
HTAR: a   DC2_ImSim/Run2.1i/instCat/00385844to00445379/00410989.tar.gz
HTAR: a   DC2_ImSim/Run2.1i/instCat/00385844to00445379/00410990.tar.gz
HTAR: a   DC2_ImSim/Run2.1i/instCat/00385844to00445379/00410994.tar.gz
HTAR: a   DC2_ImSim/Run2.1i/instCat/00385844to00445379/00410995.tar.gz
HTAR: a   DC2_ImSim/Run2.1i/instCat/00385844to00445379/00410996.tar.gz
HTAR: a   DC2_ImSim/Run2.1i/instCat/00385844to00445379/00410997.tar.gz
HTAR: a   DC2_ImSim/Run2.1i/instCat/00385844to00445379/00411029.tar.gz
HTAR: a   DC2_ImSim/Run2.1i/instCat/00385844to00445379/00411030.tar.gz
HTAR: a   DC2_ImSim/Run2.1i/instCat/00385844to00445379/00411031.tar.gz
HTAR: a   DC2_ImSim/Run2.1i/instCat/00385844to00445379/00411074.tar.gz
HTAR: a   DC2_ImSim/Run2.1i/instCat/00385844to00445379/00412954.tar.gz
HTAR: a   DC2_ImSim/Run2.1i/instCat/00385844to00445379/00413021.tar.gz
HTAR: a   DC2_ImSim/Run2.1i/instCat/00385844to00445379/00413058.tar.gz
HTAR: a   DC2_ImSim/Run2.1i/instCat/00385844to00445379/00414856.tar.gz
HTAR: a   DC2_ImSim/Run2.1i/instCat/00385844to00445379/00414858.tar.gz
HTAR: a   DC2_ImSim/Run2.1i/instCat/00385844to00445379/00414859.tar.gz
HTAR: a   DC2_ImSim/Run2.1i/instCat/00385844to00445379/00414860.tar.gz
HTAR: a   DC2_ImSim/Run2.1i/instCat/00385844to00445379/00414861.tar.gz
HTAR: a   DC2_ImSim/Run2.1i/instCat/00385844to00445379/00414862.tar.gz
HTAR: a   DC2_ImSim/Run2.1i/instCat/00385844to00445379/00414863.tar.gz
HTAR: a   DC2_ImSim/Run2.1i/instCat/00385844to00445379/00414864.tar.gz
HTAR: a   DC2_ImSim/Run2.1i/instCat/00385844to00445379/00414865.tar.gz
HTAR: a   DC2_ImSim/Run2.1i/instCat/00385844to00445379/00414866.tar.gz
HTAR: a   DC2_ImSim/Run2.1i/instCat/00385844to00445379/00414867.tar.gz
HTAR: a   DC2_ImSim/Run2.1i/instCat/00385844to00445379/00414868.tar.gz
HTAR: a   DC2_ImSim/Run2.1i/instCat/00385844to00445379/00414869.tar.gz
HTAR: a   DC2_ImSim/Run2.1i/instCat/00385844to00445379/00414870.tar.gz
HTAR: a   DC2_ImSim/Run2.1i/instCat/00385844to00445379/00414871.tar.gz
HTAR: a   DC2_ImSim/Run2.1i/instCat/00385844to00445379/00414872.tar.gz
HTAR: a   DC2_ImSim/Run2.1i/instCat/00385844to00445379/00414873.tar.gz
HTAR: a   DC2_ImSim/Run2.1i/instCat/00385844to00445379/00414874.tar.gz
HTAR: a   DC2_ImSim/Run2.1i/instCat/00385844to00445379/00414875.tar.gz
HTAR: a   DC2_ImSim/Run2.1i/instCat/00385844to00445379/00414886.tar.gz
HTAR: a   DC2_ImSim/Run2.1i/instCat/00385844to00445379/00414888.tar.gz
HTAR: a   DC2_ImSim/Run2.1i/instCat/00385844to00445379/00414889.tar.gz
HTAR: a   DC2_ImSim/Run2.1i/instCat/00385844to00445379/00414890.tar.gz
HTAR: a   DC2_ImSim/Run2.1i/instCat/00385844to00445379/00414891.tar.gz
HTAR: a   DC2_ImSim/Run2.1i/instCat/00385844to00445379/00414892.tar.gz
HTAR: a   DC2_ImSim/Run2.1i/instCat/00385844to00445379/00414893.tar.gz
HTAR: a   DC2_ImSim/Run2.1i/instCat/00385844to00445379/00414904.tar.gz
HTAR: a   DC2_ImSim/Run2.1i/instCat/00385844to00445379/00414905.tar.gz
HTAR: a   DC2_ImSim/Run2.1i/instCat/00385844to00445379/00414906.tar.gz
HTAR: a   DC2_ImSim/Run2.1i/instCat/00385844to00445379/00414907.tar.gz
HTAR: a   DC2_ImSim/Run2.1i/instCat/00385844to00445379/00414908.tar.gz
HTAR: a   DC2_ImSim/Run2.1i/instCat/00385844to00445379/00414909.tar.gz
HTAR: a   DC2_ImSim/Run2.1i/instCat/00385844to00445379/00414910.tar.gz
HTAR: a   DC2_ImSim/Run2.1i/instCat/00385844to00445379/00414911.tar.gz
HTAR: a   DC2_ImSim/Run2.1i/instCat/00385844to00445379/00414912.tar.gz
HTAR: a   DC2_ImSim/Run2.1i/instCat/00385844to00445379/00414913.tar.gz
HTAR: a   DC2_ImSim/Run2.1i/instCat/00385844to00445379/00414914.tar.gz
HTAR: a   DC2_ImSim/Run2.1i/instCat/00385844to00445379/00414915.tar.gz
HTAR: a   /tmp/HTAR_CF_CHK_40975_1561052199
HTAR Create complete for /home/projects/desc/DC2_ImSim/Run2.1i/instCat/00385844to00445379/00408907to00414915.tar. 485,112,103,936 bytes written for 114 member files, max threads: 3 Transfer time: 2975.321 seconds (163.045 MB/s) wallclock/user/sys: 2975.776 3548.075 1556.745 seconds
HTAR: HTAR SUCCESSFUL
HTAR: a   DC2_ImSim/Run2.1i/instCat/00385844to00445379/00414955.tar.gz
HTAR: a   DC2_ImSim/Run2.1i/instCat/00385844to00445379/00414956.tar.gz
HTAR: a   DC2_ImSim/Run2.1i/instCat/00385844to00445379/00414962.tar.gz
HTAR: a   DC2_ImSim/Run2.1i/instCat/00385844to00445379/00414963.tar.gz
HTAR: a   DC2_ImSim/Run2.1i/instCat/00385844to00445379/00414991.tar.gz
HTAR: a   DC2_ImSim/Run2.1i/instCat/00385844to00445379/00414992.tar.gz
HTAR: a   DC2_ImSim/Run2.1i/instCat/00385844to00445379/00414999.tar.gz
HTAR: a   DC2_ImSim/Run2.1i/instCat/00385844to00445379/00415000.tar.gz
HTAR: a   DC2_ImSim/Run2.1i/instCat/00385844to00445379/00415001.tar.gz
HTAR: a   DC2_ImSim/Run2.1i/instCat/00385844to00445379/00415002.tar.gz
HTAR: a   DC2_ImSim/Run2.1i/instCat/00385844to00445379/00415003.tar.gz
HTAR: a   DC2_ImSim/Run2.1i/instCat/00385844to00445379/00415004.tar.gz
HTAR: a   DC2_ImSim/Run2.1i/instCat/00385844to00445379/00415005.tar.gz
HTAR: a   DC2_ImSim/Run2.1i/instCat/00385844to00445379/00415006.tar.gz
HTAR: a   DC2_ImSim/Run2.1i/instCat/00385844to00445379/00415016.tar.gz
HTAR: a   DC2_ImSim/Run2.1i/instCat/00385844to00445379/00415021.tar.gz
HTAR: a   DC2_ImSim/Run2.1i/instCat/00385844to00445379/00415022.tar.gz
HTAR: a   DC2_ImSim/Run2.1i/instCat/00385844to00445379/00415023.tar.gz
HTAR: a   DC2_ImSim/Run2.1i/instCat/00385844to00445379/00415024.tar.gz
HTAR: a   DC2_ImSim/Run2.1i/instCat/00385844to00445379/00415025.tar.gz
HTAR: a   DC2_ImSim/Run2.1i/instCat/00385844to00445379/00415026.tar.gz
HTAR: a   DC2_ImSim/Run2.1i/instCat/00385844to00445379/00415027.tar.gz
HTAR: a   DC2_ImSim/Run2.1i/instCat/00385844to00445379/00415028.tar.gz
HTAR: a   DC2_ImSim/Run2.1i/instCat/00385844to00445379/00415029.tar.gz
HTAR: a   DC2_ImSim/Run2.1i/instCat/00385844to00445379/00415030.tar.gz
HTAR: a   DC2_ImSim/Run2.1i/instCat/00385844to00445379/00415031.tar.gz
HTAR: a   DC2_ImSim/Run2.1i/instCat/00385844to00445379/00415032.tar.gz
HTAR: a   DC2_ImSim/Run2.1i/instCat/00385844to00445379/00415033.tar.gz
HTAR: a   DC2_ImSim/Run2.1i/instCat/00385844to00445379/00415035.tar.gz
HTAR: a   DC2_ImSim/Run2.1i/instCat/00385844to00445379/00416920.tar.gz
HTAR: a   DC2_ImSim/Run2.1i/instCat/00385844to00445379/00416922.tar.gz
HTAR: a   DC2_ImSim/Run2.1i/instCat/00385844to00445379/00416924.tar.gz
HTAR: a   DC2_ImSim/Run2.1i/instCat/00385844to00445379/00416925.tar.gz
HTAR: a   DC2_ImSim/Run2.1i/instCat/00385844to00445379/00416926.tar.gz
HTAR: a   DC2_ImSim/Run2.1i/instCat/00385844to00445379/00416928.tar.gz
HTAR: a   DC2_ImSim/Run2.1i/instCat/00385844to00445379/00416951.tar.gz
HTAR: a   DC2_ImSim/Run2.1i/instCat/00385844to00445379/00416953.tar.gz
HTAR: a   DC2_ImSim/Run2.1i/instCat/00385844to00445379/00416954.tar.gz
HTAR: a   DC2_ImSim/Run2.1i/instCat/00385844to00445379/00416955.tar.gz
HTAR: a   DC2_ImSim/Run2.1i/instCat/00385844to00445379/00416956.tar.gz
HTAR: a   DC2_ImSim/Run2.1i/instCat/00385844to00445379/00416957.tar.gz
HTAR: a   DC2_ImSim/Run2.1i/instCat/00385844to00445379/00416958.tar.gz
HTAR: a   DC2_ImSim/Run2.1i/instCat/00385844to00445379/00416959.tar.gz
HTAR: a   DC2_ImSim/Run2.1i/instCat/00385844to00445379/00417001.tar.gz
HTAR: a   DC2_ImSim/Run2.1i/instCat/00385844to00445379/00417002.tar.gz
HTAR: a   DC2_ImSim/Run2.1i/instCat/00385844to00445379/00417003.tar.gz
HTAR: a   DC2_ImSim/Run2.1i/instCat/00385844to00445379/00417004.tar.gz
HTAR: a   DC2_ImSim/Run2.1i/instCat/00385844to00445379/00417005.tar.gz
HTAR: a   DC2_ImSim/Run2.1i/instCat/00385844to00445379/00417006.tar.gz
HTAR: a   DC2_ImSim/Run2.1i/instCat/00385844to00445379/00417007.tar.gz
HTAR: a   DC2_ImSim/Run2.1i/instCat/00385844to00445379/00417010.tar.gz
HTAR: a   DC2_ImSim/Run2.1i/instCat/00385844to00445379/00417049.tar.gz
HTAR: a   DC2_ImSim/Run2.1i/instCat/00385844to00445379/00417050.tar.gz
HTAR: a   DC2_ImSim/Run2.1i/instCat/00385844to00445379/00417051.tar.gz
HTAR: a   DC2_ImSim/Run2.1i/instCat/00385844to00445379/00417052.tar.gz
HTAR: a   DC2_ImSim/Run2.1i/instCat/00385844to00445379/00417053.tar.gz
HTAR: a   DC2_ImSim/Run2.1i/instCat/00385844to00445379/00417054.tar.gz
HTAR: a   DC2_ImSim/Run2.1i/instCat/00385844to00445379/00417055.tar.gz
HTAR: a   DC2_ImSim/Run2.1i/instCat/00385844to00445379/00417056.tar.gz
HTAR: a   DC2_ImSim/Run2.1i/instCat/00385844to00445379/00417061.tar.gz
HTAR: a   DC2_ImSim/Run2.1i/instCat/00385844to00445379/00417062.tar.gz
HTAR: a   DC2_ImSim/Run2.1i/instCat/00385844to00445379/00417063.tar.gz
HTAR: a   DC2_ImSim/Run2.1i/instCat/00385844to00445379/00417067.tar.gz
HTAR: a   DC2_ImSim/Run2.1i/instCat/00385844to00445379/00417068.tar.gz
HTAR: a   DC2_ImSim/Run2.1i/instCat/00385844to00445379/00417069.tar.gz
HTAR: a   DC2_ImSim/Run2.1i/instCat/00385844to00445379/00417070.tar.gz
HTAR: a   DC2_ImSim/Run2.1i/instCat/00385844to00445379/00417071.tar.gz
HTAR: a   DC2_ImSim/Run2.1i/instCat/00385844to00445379/00417096.tar.gz
HTAR: a   DC2_ImSim/Run2.1i/instCat/00385844to00445379/00417097.tar.gz
HTAR: a   DC2_ImSim/Run2.1i/instCat/00385844to00445379/00417098.tar.gz
HTAR: a   DC2_ImSim/Run2.1i/instCat/00385844to00445379/00417100.tar.gz
HTAR: a   DC2_ImSim/Run2.1i/instCat/00385844to00445379/00417106.tar.gz
HTAR: a   DC2_ImSim/Run2.1i/instCat/00385844to00445379/00417107.tar.gz
HTAR: a   DC2_ImSim/Run2.1i/instCat/00385844to00445379/00417108.tar.gz
HTAR: a   DC2_ImSim/Run2.1i/instCat/00385844to00445379/00417974.tar.gz
HTAR: a   DC2_ImSim/Run2.1i/instCat/00385844to00445379/00418084.tar.gz
HTAR: a   DC2_ImSim/Run2.1i/instCat/00385844to00445379/00418143.tar.gz
HTAR: a   DC2_ImSim/Run2.1i/instCat/00385844to00445379/00418145.tar.gz
HTAR: a   DC2_ImSim/Run2.1i/instCat/00385844to00445379/00418154.tar.gz
HTAR: a   DC2_ImSim/Run2.1i/instCat/00385844to00445379/00418155.tar.gz
HTAR: a   DC2_ImSim/Run2.1i/instCat/00385844to00445379/00418156.tar.gz
HTAR: a   DC2_ImSim/Run2.1i/instCat/00385844to00445379/00418157.tar.gz
HTAR: a   DC2_ImSim/Run2.1i/instCat/00385844to00445379/00418158.tar.gz
HTAR: a   DC2_ImSim/Run2.1i/instCat/00385844to00445379/00418187.tar.gz
HTAR: a   DC2_ImSim/Run2.1i/instCat/00385844to00445379/00418188.tar.gz
HTAR: a   DC2_ImSim/Run2.1i/instCat/00385844to00445379/00418189.tar.gz
HTAR: a   DC2_ImSim/Run2.1i/instCat/00385844to00445379/00418190.tar.gz
HTAR: a   DC2_ImSim/Run2.1i/instCat/00385844to00445379/00418191.tar.gz
HTAR: a   DC2_ImSim/Run2.1i/instCat/00385844to00445379/00418192.tar.gz
HTAR: a   DC2_ImSim/Run2.1i/instCat/00385844to00445379/00418193.tar.gz
HTAR: a   DC2_ImSim/Run2.1i/instCat/00385844to00445379/00418194.tar.gz
HTAR: a   DC2_ImSim/Run2.1i/instCat/00385844to00445379/00418200.tar.gz
HTAR: a   DC2_ImSim/Run2.1i/instCat/00385844to00445379/00418201.tar.gz
HTAR: a   DC2_ImSim/Run2.1i/instCat/00385844to00445379/00418202.tar.gz
HTAR: a   DC2_ImSim/Run2.1i/instCat/00385844to00445379/00418203.tar.gz
HTAR: a   DC2_ImSim/Run2.1i/instCat/00385844to00445379/00418204.tar.gz
HTAR: a   DC2_ImSim/Run2.1i/instCat/00385844to00445379/00418205.tar.gz
HTAR: a   DC2_ImSim/Run2.1i/instCat/00385844to00445379/00418206.tar.gz
HTAR: a   DC2_ImSim/Run2.1i/instCat/00385844to00445379/00418207.tar.gz
HTAR: a   DC2_ImSim/Run2.1i/instCat/00385844to00445379/00418208.tar.gz
HTAR: a   DC2_ImSim/Run2.1i/instCat/00385844to00445379/00418209.tar.gz
HTAR: a   DC2_ImSim/Run2.1i/instCat/00385844to00445379/00418216.tar.gz
HTAR: a   DC2_ImSim/Run2.1i/instCat/00385844to00445379/00418217.tar.gz
HTAR: a   DC2_ImSim/Run2.1i/instCat/00385844to00445379/00418224.tar.gz
HTAR: a   DC2_ImSim/Run2.1i/instCat/00385844to00445379/00418225.tar.gz
HTAR: a   DC2_ImSim/Run2.1i/instCat/00385844to00445379/00418226.tar.gz
HTAR: a   DC2_ImSim/Run2.1i/instCat/00385844to00445379/00418227.tar.gz
HTAR: a   DC2_ImSim/Run2.1i/instCat/00385844to00445379/00418228.tar.gz
HTAR: a   DC2_ImSim/Run2.1i/instCat/00385844to00445379/00418951.tar.gz
HTAR: a   DC2_ImSim/Run2.1i/instCat/00385844to00445379/00418963.tar.gz
HTAR: a   DC2_ImSim/Run2.1i/instCat/00385844to00445379/00418964.tar.gz
HTAR: a   DC2_ImSim/Run2.1i/instCat/00385844to00445379/00418965.tar.gz
HTAR: a   DC2_ImSim/Run2.1i/instCat/00385844to00445379/00418966.tar.gz
HTAR: a   DC2_ImSim/Run2.1i/instCat/00385844to00445379/00418967.tar.gz
HTAR: a   /tmp/HTAR_CF_CHK_9888_1561055178
HTAR Create complete for /home/projects/desc/DC2_ImSim/Run2.1i/instCat/00385844to00445379/00414955to00418967.tar. 498,594,715,648 bytes written for 114 member files, max threads: 2 Transfer time: 3088.879 seconds (161.416 MB/s) wallclock/user/sys: 3089.815 3675.120 1619.442 seconds
HTAR: HTAR SUCCESSFUL
HTAR: a   DC2_ImSim/Run2.1i/instCat/00385844to00445379/00418968.tar.gz
HTAR: a   DC2_ImSim/Run2.1i/instCat/00385844to00445379/00418969.tar.gz
HTAR: a   DC2_ImSim/Run2.1i/instCat/00385844to00445379/00418970.tar.gz
HTAR: a   DC2_ImSim/Run2.1i/instCat/00385844to00445379/00418974.tar.gz
HTAR: a   DC2_ImSim/Run2.1i/instCat/00385844to00445379/00418996.tar.gz
HTAR: a   DC2_ImSim/Run2.1i/instCat/00385844to00445379/00418997.tar.gz
HTAR: a   DC2_ImSim/Run2.1i/instCat/00385844to00445379/00418998.tar.gz
HTAR: a   DC2_ImSim/Run2.1i/instCat/00385844to00445379/00418999.tar.gz
HTAR: a   DC2_ImSim/Run2.1i/instCat/00385844to00445379/00419000.tar.gz
HTAR: a   DC2_ImSim/Run2.1i/instCat/00385844to00445379/00419001.tar.gz
HTAR: a   DC2_ImSim/Run2.1i/instCat/00385844to00445379/00419002.tar.gz
HTAR: a   DC2_ImSim/Run2.1i/instCat/00385844to00445379/00419005.tar.gz
HTAR: a   DC2_ImSim/Run2.1i/instCat/00385844to00445379/00419011.tar.gz
HTAR: a   DC2_ImSim/Run2.1i/instCat/00385844to00445379/00419012.tar.gz
HTAR: a   DC2_ImSim/Run2.1i/instCat/00385844to00445379/00419013.tar.gz
HTAR: a   DC2_ImSim/Run2.1i/instCat/00385844to00445379/00419014.tar.gz
HTAR: a   DC2_ImSim/Run2.1i/instCat/00385844to00445379/00419015.tar.gz
HTAR: a   DC2_ImSim/Run2.1i/instCat/00385844to00445379/00419019.tar.gz
HTAR: a   DC2_ImSim/Run2.1i/instCat/00385844to00445379/00419020.tar.gz
HTAR: a   DC2_ImSim/Run2.1i/instCat/00385844to00445379/00419021.tar.gz
HTAR: a   DC2_ImSim/Run2.1i/instCat/00385844to00445379/00419022.tar.gz
HTAR: a   DC2_ImSim/Run2.1i/instCat/00385844to00445379/00419023.tar.gz
HTAR: a   DC2_ImSim/Run2.1i/instCat/00385844to00445379/00419024.tar.gz
HTAR: a   DC2_ImSim/Run2.1i/instCat/00385844to00445379/00419025.tar.gz
HTAR: a   DC2_ImSim/Run2.1i/instCat/00385844to00445379/00419026.tar.gz
HTAR: a   DC2_ImSim/Run2.1i/instCat/00385844to00445379/00419027.tar.gz
HTAR: a   DC2_ImSim/Run2.1i/instCat/00385844to00445379/00419028.tar.gz
HTAR: a   DC2_ImSim/Run2.1i/instCat/00385844to00445379/00419029.tar.gz
HTAR: a   DC2_ImSim/Run2.1i/instCat/00385844to00445379/00419030.tar.gz
HTAR: a   DC2_ImSim/Run2.1i/instCat/00385844to00445379/00419040.tar.gz
HTAR: a   DC2_ImSim/Run2.1i/instCat/00385844to00445379/00419043.tar.gz
HTAR: a   DC2_ImSim/Run2.1i/instCat/00385844to00445379/00419044.tar.gz
HTAR: a   DC2_ImSim/Run2.1i/instCat/00385844to00445379/00419045.tar.gz
HTAR: a   DC2_ImSim/Run2.1i/instCat/00385844to00445379/00419046.tar.gz
HTAR: a   DC2_ImSim/Run2.1i/instCat/00385844to00445379/00419047.tar.gz
HTAR: a   DC2_ImSim/Run2.1i/instCat/00385844to00445379/00419048.tar.gz
HTAR: a   DC2_ImSim/Run2.1i/instCat/00385844to00445379/00419049.tar.gz
HTAR: a   DC2_ImSim/Run2.1i/instCat/00385844to00445379/00419059.tar.gz
HTAR: a   DC2_ImSim/Run2.1i/instCat/00385844to00445379/00419060.tar.gz
HTAR: a   DC2_ImSim/Run2.1i/instCat/00385844to00445379/00419061.tar.gz
HTAR: a   DC2_ImSim/Run2.1i/instCat/00385844to00445379/00419062.tar.gz
HTAR: a   DC2_ImSim/Run2.1i/instCat/00385844to00445379/00419063.tar.gz
HTAR: a   DC2_ImSim/Run2.1i/instCat/00385844to00445379/00419064.tar.gz
HTAR: a   DC2_ImSim/Run2.1i/instCat/00385844to00445379/00419065.tar.gz
HTAR: a   DC2_ImSim/Run2.1i/instCat/00385844to00445379/00419068.tar.gz
HTAR: a   DC2_ImSim/Run2.1i/instCat/00385844to00445379/00419069.tar.gz
HTAR: a   DC2_ImSim/Run2.1i/instCat/00385844to00445379/00419101.tar.gz
HTAR: a   DC2_ImSim/Run2.1i/instCat/00385844to00445379/00419116.tar.gz
HTAR: a   DC2_ImSim/Run2.1i/instCat/00385844to00445379/00419117.tar.gz
HTAR: a   DC2_ImSim/Run2.1i/instCat/00385844to00445379/00419118.tar.gz
HTAR: a   DC2_ImSim/Run2.1i/instCat/00385844to00445379/00419119.tar.gz
HTAR: a   DC2_ImSim/Run2.1i/instCat/00385844to00445379/00419121.tar.gz
HTAR: a   DC2_ImSim/Run2.1i/instCat/00385844to00445379/00419127.tar.gz
HTAR: a   DC2_ImSim/Run2.1i/instCat/00385844to00445379/00419145.tar.gz
HTAR: a   DC2_ImSim/Run2.1i/instCat/00385844to00445379/00419146.tar.gz
HTAR: a   DC2_ImSim/Run2.1i/instCat/00385844to00445379/00419148.tar.gz
HTAR: a   DC2_ImSim/Run2.1i/instCat/00385844to00445379/00419149.tar.gz
HTAR: a   DC2_ImSim/Run2.1i/instCat/00385844to00445379/00419180.tar.gz
HTAR: a   DC2_ImSim/Run2.1i/instCat/00385844to00445379/00419181.tar.gz
HTAR: a   DC2_ImSim/Run2.1i/instCat/00385844to00445379/00419719.tar.gz
HTAR: a   DC2_ImSim/Run2.1i/instCat/00385844to00445379/00419770.tar.gz
HTAR: a   DC2_ImSim/Run2.1i/instCat/00385844to00445379/00419772.tar.gz
HTAR: a   DC2_ImSim/Run2.1i/instCat/00385844to00445379/00419773.tar.gz
HTAR: a   DC2_ImSim/Run2.1i/instCat/00385844to00445379/00419774.tar.gz
HTAR: a   DC2_ImSim/Run2.1i/instCat/00385844to00445379/00419775.tar.gz
HTAR: a   DC2_ImSim/Run2.1i/instCat/00385844to00445379/00419776.tar.gz
HTAR: a   DC2_ImSim/Run2.1i/instCat/00385844to00445379/00419777.tar.gz
HTAR: a   DC2_ImSim/Run2.1i/instCat/00385844to00445379/00419779.tar.gz
HTAR: a   DC2_ImSim/Run2.1i/instCat/00385844to00445379/00419784.tar.gz
HTAR: a   DC2_ImSim/Run2.1i/instCat/00385844to00445379/00419785.tar.gz
HTAR: a   DC2_ImSim/Run2.1i/instCat/00385844to00445379/00419786.tar.gz
HTAR: a   DC2_ImSim/Run2.1i/instCat/00385844to00445379/00419802.tar.gz
HTAR: a   DC2_ImSim/Run2.1i/instCat/00385844to00445379/00419803.tar.gz
HTAR: a   DC2_ImSim/Run2.1i/instCat/00385844to00445379/00419804.tar.gz
HTAR: a   DC2_ImSim/Run2.1i/instCat/00385844to00445379/00419805.tar.gz
HTAR: a   DC2_ImSim/Run2.1i/instCat/00385844to00445379/00419806.tar.gz
HTAR: a   DC2_ImSim/Run2.1i/instCat/00385844to00445379/00419807.tar.gz
HTAR: a   DC2_ImSim/Run2.1i/instCat/00385844to00445379/00419809.tar.gz
HTAR: a   DC2_ImSim/Run2.1i/instCat/00385844to00445379/00419810.tar.gz
HTAR: a   DC2_ImSim/Run2.1i/instCat/00385844to00445379/00419811.tar.gz
HTAR: a   DC2_ImSim/Run2.1i/instCat/00385844to00445379/00419818.tar.gz
HTAR: a   DC2_ImSim/Run2.1i/instCat/00385844to00445379/00419819.tar.gz
HTAR: a   DC2_ImSim/Run2.1i/instCat/00385844to00445379/00419820.tar.gz
HTAR: a   DC2_ImSim/Run2.1i/instCat/00385844to00445379/00419836.tar.gz
HTAR: a   DC2_ImSim/Run2.1i/instCat/00385844to00445379/00419837.tar.gz
HTAR: a   DC2_ImSim/Run2.1i/instCat/00385844to00445379/00419838.tar.gz
HTAR: a   DC2_ImSim/Run2.1i/instCat/00385844to00445379/00419839.tar.gz
HTAR: a   DC2_ImSim/Run2.1i/instCat/00385844to00445379/00419840.tar.gz
HTAR: a   DC2_ImSim/Run2.1i/instCat/00385844to00445379/00419907.tar.gz
HTAR: a   DC2_ImSim/Run2.1i/instCat/00385844to00445379/00419908.tar.gz
HTAR: a   DC2_ImSim/Run2.1i/instCat/00385844to00445379/00420609.tar.gz
HTAR: a   DC2_ImSim/Run2.1i/instCat/00385844to00445379/00420611.tar.gz
HTAR: a   DC2_ImSim/Run2.1i/instCat/00385844to00445379/00420653.tar.gz
HTAR: a   DC2_ImSim/Run2.1i/instCat/00385844to00445379/00420710.tar.gz
HTAR: a   DC2_ImSim/Run2.1i/instCat/00385844to00445379/00420714.tar.gz
HTAR: a   DC2_ImSim/Run2.1i/instCat/00385844to00445379/00420715.tar.gz
HTAR: a   DC2_ImSim/Run2.1i/instCat/00385844to00445379/00420716.tar.gz
HTAR: a   DC2_ImSim/Run2.1i/instCat/00385844to00445379/00420717.tar.gz
HTAR: a   DC2_ImSim/Run2.1i/instCat/00385844to00445379/00420718.tar.gz
HTAR: a   DC2_ImSim/Run2.1i/instCat/00385844to00445379/00420719.tar.gz
HTAR: a   DC2_ImSim/Run2.1i/instCat/00385844to00445379/00420720.tar.gz
HTAR: a   DC2_ImSim/Run2.1i/instCat/00385844to00445379/00420721.tar.gz
HTAR: a   DC2_ImSim/Run2.1i/instCat/00385844to00445379/00420722.tar.gz
HTAR: a   DC2_ImSim/Run2.1i/instCat/00385844to00445379/00420723.tar.gz
HTAR: a   DC2_ImSim/Run2.1i/instCat/00385844to00445379/00420758.tar.gz
HTAR: a   DC2_ImSim/Run2.1i/instCat/00385844to00445379/00420759.tar.gz
HTAR: a   DC2_ImSim/Run2.1i/instCat/00385844to00445379/00420760.tar.gz
HTAR: a   DC2_ImSim/Run2.1i/instCat/00385844to00445379/00420761.tar.gz
HTAR: a   DC2_ImSim/Run2.1i/instCat/00385844to00445379/00420762.tar.gz
HTAR: a   DC2_ImSim/Run2.1i/instCat/00385844to00445379/00420763.tar.gz
HTAR: a   DC2_ImSim/Run2.1i/instCat/00385844to00445379/00420764.tar.gz
HTAR: a   DC2_ImSim/Run2.1i/instCat/00385844to00445379/00420765.tar.gz
HTAR: a   DC2_ImSim/Run2.1i/instCat/00385844to00445379/00420766.tar.gz
HTAR: a   DC2_ImSim/Run2.1i/instCat/00385844to00445379/00420768.tar.gz
HTAR: a   /tmp/HTAR_CF_CHK_62968_1561058270
HTAR Create complete for /home/projects/desc/DC2_ImSim/Run2.1i/instCat/00385844to00445379/00418968to00420768.tar. 518,551,546,880 bytes written for 114 member files, max threads: 3 Transfer time: 3214.727 seconds (161.305 MB/s) wallclock/user/sys: 3215.216 3830.961 1692.580 seconds
HTAR: HTAR SUCCESSFUL
HTAR: a   DC2_ImSim/Run2.1i/instCat/00385844to00445379/00420769.tar.gz
HTAR: a   DC2_ImSim/Run2.1i/instCat/00385844to00445379/00420770.tar.gz
HTAR: a   DC2_ImSim/Run2.1i/instCat/00385844to00445379/00420776.tar.gz
HTAR: a   DC2_ImSim/Run2.1i/instCat/00385844to00445379/00420777.tar.gz
HTAR: a   DC2_ImSim/Run2.1i/instCat/00385844to00445379/00420778.tar.gz
HTAR: a   DC2_ImSim/Run2.1i/instCat/00385844to00445379/00420779.tar.gz
HTAR: a   DC2_ImSim/Run2.1i/instCat/00385844to00445379/00420780.tar.gz
HTAR: a   DC2_ImSim/Run2.1i/instCat/00385844to00445379/00420781.tar.gz
HTAR: a   DC2_ImSim/Run2.1i/instCat/00385844to00445379/00420782.tar.gz
HTAR: a   DC2_ImSim/Run2.1i/instCat/00385844to00445379/00420783.tar.gz
HTAR: a   DC2_ImSim/Run2.1i/instCat/00385844to00445379/00420784.tar.gz
HTAR: a   DC2_ImSim/Run2.1i/instCat/00385844to00445379/00420785.tar.gz
HTAR: a   DC2_ImSim/Run2.1i/instCat/00385844to00445379/00420787.tar.gz
HTAR: a   DC2_ImSim/Run2.1i/instCat/00385844to00445379/00420795.tar.gz
HTAR: a   DC2_ImSim/Run2.1i/instCat/00385844to00445379/00420800.tar.gz
HTAR: a   DC2_ImSim/Run2.1i/instCat/00385844to00445379/00420801.tar.gz
HTAR: a   DC2_ImSim/Run2.1i/instCat/00385844to00445379/00420802.tar.gz
HTAR: a   DC2_ImSim/Run2.1i/instCat/00385844to00445379/00420803.tar.gz
HTAR: a   DC2_ImSim/Run2.1i/instCat/00385844to00445379/00420804.tar.gz
HTAR: a   DC2_ImSim/Run2.1i/instCat/00385844to00445379/00420805.tar.gz
HTAR: a   DC2_ImSim/Run2.1i/instCat/00385844to00445379/00420806.tar.gz
HTAR: a   DC2_ImSim/Run2.1i/instCat/00385844to00445379/00420807.tar.gz
HTAR: a   DC2_ImSim/Run2.1i/instCat/00385844to00445379/00420808.tar.gz
HTAR: a   DC2_ImSim/Run2.1i/instCat/00385844to00445379/00420809.tar.gz
HTAR: a   DC2_ImSim/Run2.1i/instCat/00385844to00445379/00420810.tar.gz
HTAR: a   DC2_ImSim/Run2.1i/instCat/00385844to00445379/00420811.tar.gz
HTAR: a   DC2_ImSim/Run2.1i/instCat/00385844to00445379/00420812.tar.gz
HTAR: a   DC2_ImSim/Run2.1i/instCat/00385844to00445379/00420813.tar.gz
HTAR: a   DC2_ImSim/Run2.1i/instCat/00385844to00445379/00420820.tar.gz
HTAR: a   DC2_ImSim/Run2.1i/instCat/00385844to00445379/00420821.tar.gz
HTAR: a   DC2_ImSim/Run2.1i/instCat/00385844to00445379/00420822.tar.gz
HTAR: a   DC2_ImSim/Run2.1i/instCat/00385844to00445379/00420826.tar.gz
HTAR: a   DC2_ImSim/Run2.1i/instCat/00385844to00445379/00420827.tar.gz
HTAR: a   DC2_ImSim/Run2.1i/instCat/00385844to00445379/00420828.tar.gz
HTAR: a   DC2_ImSim/Run2.1i/instCat/00385844to00445379/00420829.tar.gz
HTAR: a   DC2_ImSim/Run2.1i/instCat/00385844to00445379/00420830.tar.gz
HTAR: a   DC2_ImSim/Run2.1i/instCat/00385844to00445379/00420831.tar.gz
HTAR: a   DC2_ImSim/Run2.1i/instCat/00385844to00445379/00420833.tar.gz
HTAR: a   DC2_ImSim/Run2.1i/instCat/00385844to00445379/00420834.tar.gz
HTAR: a   DC2_ImSim/Run2.1i/instCat/00385844to00445379/00420836.tar.gz
HTAR: a   DC2_ImSim/Run2.1i/instCat/00385844to00445379/00420865.tar.gz
HTAR: a   DC2_ImSim/Run2.1i/instCat/00385844to00445379/00420866.tar.gz
HTAR: a   DC2_ImSim/Run2.1i/instCat/00385844to00445379/00420867.tar.gz
HTAR: a   DC2_ImSim/Run2.1i/instCat/00385844to00445379/00420870.tar.gz
HTAR: a   DC2_ImSim/Run2.1i/instCat/00385844to00445379/00420877.tar.gz
HTAR: a   DC2_ImSim/Run2.1i/instCat/00385844to00445379/00420878.tar.gz
HTAR: a   DC2_ImSim/Run2.1i/instCat/00385844to00445379/00420879.tar.gz
HTAR: a   DC2_ImSim/Run2.1i/instCat/00385844to00445379/00420880.tar.gz
HTAR: a   DC2_ImSim/Run2.1i/instCat/00385844to00445379/00420881.tar.gz
HTAR: a   DC2_ImSim/Run2.1i/instCat/00385844to00445379/00420901.tar.gz
HTAR: a   DC2_ImSim/Run2.1i/instCat/00385844to00445379/00421633.tar.gz
HTAR: a   DC2_ImSim/Run2.1i/instCat/00385844to00445379/00421634.tar.gz
HTAR: a   DC2_ImSim/Run2.1i/instCat/00385844to00445379/00421635.tar.gz
HTAR: a   DC2_ImSim/Run2.1i/instCat/00385844to00445379/00421636.tar.gz
HTAR: a   DC2_ImSim/Run2.1i/instCat/00385844to00445379/00421637.tar.gz
HTAR: a   DC2_ImSim/Run2.1i/instCat/00385844to00445379/00421638.tar.gz
HTAR: a   DC2_ImSim/Run2.1i/instCat/00385844to00445379/00421639.tar.gz
HTAR: a   DC2_ImSim/Run2.1i/instCat/00385844to00445379/00421640.tar.gz
HTAR: a   DC2_ImSim/Run2.1i/instCat/00385844to00445379/00421641.tar.gz
HTAR: a   DC2_ImSim/Run2.1i/instCat/00385844to00445379/00421642.tar.gz
HTAR: a   DC2_ImSim/Run2.1i/instCat/00385844to00445379/00421643.tar.gz
HTAR: a   DC2_ImSim/Run2.1i/instCat/00385844to00445379/00421644.tar.gz
HTAR: a   DC2_ImSim/Run2.1i/instCat/00385844to00445379/00421645.tar.gz
HTAR: a   DC2_ImSim/Run2.1i/instCat/00385844to00445379/00421646.tar.gz
HTAR: a   DC2_ImSim/Run2.1i/instCat/00385844to00445379/00421647.tar.gz
HTAR: a   DC2_ImSim/Run2.1i/instCat/00385844to00445379/00421648.tar.gz
HTAR: a   DC2_ImSim/Run2.1i/instCat/00385844to00445379/00421649.tar.gz
HTAR: a   DC2_ImSim/Run2.1i/instCat/00385844to00445379/00421650.tar.gz
HTAR: a   DC2_ImSim/Run2.1i/instCat/00385844to00445379/00421672.tar.gz
HTAR: a   DC2_ImSim/Run2.1i/instCat/00385844to00445379/00421673.tar.gz
HTAR: a   DC2_ImSim/Run2.1i/instCat/00385844to00445379/00421674.tar.gz
HTAR: a   DC2_ImSim/Run2.1i/instCat/00385844to00445379/00421675.tar.gz
HTAR: a   DC2_ImSim/Run2.1i/instCat/00385844to00445379/00421676.tar.gz
HTAR: a   DC2_ImSim/Run2.1i/instCat/00385844to00445379/00421677.tar.gz
HTAR: a   DC2_ImSim/Run2.1i/instCat/00385844to00445379/00421678.tar.gz
HTAR: a   DC2_ImSim/Run2.1i/instCat/00385844to00445379/00421679.tar.gz
HTAR: a   DC2_ImSim/Run2.1i/instCat/00385844to00445379/00421680.tar.gz
HTAR: a   DC2_ImSim/Run2.1i/instCat/00385844to00445379/00421681.tar.gz
HTAR: a   DC2_ImSim/Run2.1i/instCat/00385844to00445379/00421682.tar.gz
HTAR: a   DC2_ImSim/Run2.1i/instCat/00385844to00445379/00421684.tar.gz
HTAR: a   DC2_ImSim/Run2.1i/instCat/00385844to00445379/00421685.tar.gz
HTAR: a   DC2_ImSim/Run2.1i/instCat/00385844to00445379/00421686.tar.gz
HTAR: a   DC2_ImSim/Run2.1i/instCat/00385844to00445379/00421687.tar.gz
HTAR: a   DC2_ImSim/Run2.1i/instCat/00385844to00445379/00421688.tar.gz
HTAR: a   DC2_ImSim/Run2.1i/instCat/00385844to00445379/00421689.tar.gz
HTAR: a   DC2_ImSim/Run2.1i/instCat/00385844to00445379/00421690.tar.gz
HTAR: a   DC2_ImSim/Run2.1i/instCat/00385844to00445379/00421691.tar.gz
HTAR: a   DC2_ImSim/Run2.1i/instCat/00385844to00445379/00421692.tar.gz
HTAR: a   DC2_ImSim/Run2.1i/instCat/00385844to00445379/00421693.tar.gz
HTAR: a   DC2_ImSim/Run2.1i/instCat/00385844to00445379/00421694.tar.gz
HTAR: a   DC2_ImSim/Run2.1i/instCat/00385844to00445379/00421695.tar.gz
HTAR: a   DC2_ImSim/Run2.1i/instCat/00385844to00445379/00421724.tar.gz
HTAR: a   DC2_ImSim/Run2.1i/instCat/00385844to00445379/00421725.tar.gz
HTAR: a   DC2_ImSim/Run2.1i/instCat/00385844to00445379/00421726.tar.gz
HTAR: a   DC2_ImSim/Run2.1i/instCat/00385844to00445379/00421727.tar.gz
HTAR: a   DC2_ImSim/Run2.1i/instCat/00385844to00445379/00421729.tar.gz
HTAR: a   DC2_ImSim/Run2.1i/instCat/00385844to00445379/00424471.tar.gz
HTAR: a   DC2_ImSim/Run2.1i/instCat/00385844to00445379/00424472.tar.gz
HTAR: a   DC2_ImSim/Run2.1i/instCat/00385844to00445379/00424474.tar.gz
HTAR: a   DC2_ImSim/Run2.1i/instCat/00385844to00445379/00424475.tar.gz
HTAR: a   DC2_ImSim/Run2.1i/instCat/00385844to00445379/00424476.tar.gz
HTAR: a   DC2_ImSim/Run2.1i/instCat/00385844to00445379/00424488.tar.gz
HTAR: a   DC2_ImSim/Run2.1i/instCat/00385844to00445379/00425453.tar.gz
HTAR: a   DC2_ImSim/Run2.1i/instCat/00385844to00445379/00425457.tar.gz
HTAR: a   DC2_ImSim/Run2.1i/instCat/00385844to00445379/00425458.tar.gz
HTAR: a   DC2_ImSim/Run2.1i/instCat/00385844to00445379/00425465.tar.gz
HTAR: a   DC2_ImSim/Run2.1i/instCat/00385844to00445379/00425466.tar.gz
HTAR: a   DC2_ImSim/Run2.1i/instCat/00385844to00445379/00425472.tar.gz
HTAR: a   DC2_ImSim/Run2.1i/instCat/00385844to00445379/00425473.tar.gz
HTAR: a   DC2_ImSim/Run2.1i/instCat/00385844to00445379/00425474.tar.gz
HTAR: a   DC2_ImSim/Run2.1i/instCat/00385844to00445379/00425483.tar.gz
HTAR: a   DC2_ImSim/Run2.1i/instCat/00385844to00445379/00425484.tar.gz
HTAR: a   DC2_ImSim/Run2.1i/instCat/00385844to00445379/00425485.tar.gz
HTAR: a   DC2_ImSim/Run2.1i/instCat/00385844to00445379/00425491.tar.gz
HTAR: a   /tmp/HTAR_CF_CHK_50474_1561061488
HTAR Create complete for /home/projects/desc/DC2_ImSim/Run2.1i/instCat/00385844to00445379/00420769to00425491.tar. 528,581,683,200 bytes written for 114 member files, max threads: 2 Transfer time: 3618.791 seconds (146.066 MB/s) wallclock/user/sys: 3619.292 4214.795 1996.564 seconds
HTAR: HTAR SUCCESSFUL
