HTAR: a   instcat_y01_191109/00000230.tar.gz
HTAR: a   instcat_y01_191109/00000231.tar.gz
HTAR: a   instcat_y01_191109/00000232.tar.gz
HTAR: a   instcat_y01_191109/00000233.tar.gz
HTAR: a   instcat_y01_191109/00000234.tar.gz
HTAR: a   instcat_y01_191109/00000235.tar.gz
HTAR: a   instcat_y01_191109/00000236.tar.gz
HTAR: a   instcat_y01_191109/00000237.tar.gz
HTAR: a   instcat_y01_191109/00000238.tar.gz
HTAR: a   instcat_y01_191109/00000239.tar.gz
HTAR: a   instcat_y01_191109/00000240.tar.gz
HTAR: a   instcat_y01_191109/00000241.tar.gz
HTAR: a   instcat_y01_191109/00000242.tar.gz
HTAR: a   instcat_y01_191109/00000243.tar.gz
HTAR: a   instcat_y01_191109/00000244.tar.gz
HTAR: a   instcat_y01_191109/00000245.tar.gz
HTAR: a   instcat_y01_191109/00000246.tar.gz
HTAR: a   instcat_y01_191109/00000247.tar.gz
HTAR: a   instcat_y01_191109/00000248.tar.gz
HTAR: a   instcat_y01_191109/00000249.tar.gz
HTAR: a   instcat_y01_191109/00000250.tar.gz
HTAR: a   instcat_y01_191109/00000251.tar.gz
HTAR: a   instcat_y01_191109/00000252.tar.gz
HTAR: a   instcat_y01_191109/00000253.tar.gz
HTAR: a   instcat_y01_191109/00000254.tar.gz
HTAR: a   instcat_y01_191109/00000255.tar.gz
HTAR: a   instcat_y01_191109/00000256.tar.gz
HTAR: a   instcat_y01_191109/00000257.tar.gz
HTAR: a   instcat_y01_191109/00000258.tar.gz
HTAR: a   instcat_y01_191109/00000259.tar.gz
HTAR: a   instcat_y01_191109/00000260.tar.gz
HTAR: a   instcat_y01_191109/00000261.tar.gz
HTAR: a   instcat_y01_191109/00000262.tar.gz
HTAR: a   instcat_y01_191109/00000263.tar.gz
HTAR: a   instcat_y01_191109/00000264.tar.gz
HTAR: a   instcat_y01_191109/00000265.tar.gz
HTAR: a   instcat_y01_191109/00000266.tar.gz
HTAR: a   instcat_y01_191109/00000267.tar.gz
HTAR: a   instcat_y01_191109/00000268.tar.gz
HTAR: a   instcat_y01_191109/00000269.tar.gz
HTAR: a   instcat_y01_191109/00000270.tar.gz
HTAR: a   instcat_y01_191109/00000271.tar.gz
HTAR: a   instcat_y01_191109/00000272.tar.gz
HTAR: a   instcat_y01_191109/00000273.tar.gz
HTAR: a   instcat_y01_191109/00000274.tar.gz
HTAR: a   instcat_y01_191109/00000275.tar.gz
HTAR: a   instcat_y01_191109/00000276.tar.gz
HTAR: a   instcat_y01_191109/00000277.tar.gz
HTAR: a   instcat_y01_191109/00000278.tar.gz
HTAR: a   instcat_y01_191109/00000279.tar.gz
HTAR: a   instcat_y01_191109/00000280.tar.gz
HTAR: a   instcat_y01_191109/00000281.tar.gz
HTAR: a   instcat_y01_191109/00000282.tar.gz
HTAR: a   instcat_y01_191109/00000283.tar.gz
HTAR: a   instcat_y01_191109/00000284.tar.gz
HTAR: a   instcat_y01_191109/00000285.tar.gz
HTAR: a   instcat_y01_191109/00000286.tar.gz
HTAR: a   instcat_y01_191109/00000287.tar.gz
HTAR: a   instcat_y01_191109/00000288.tar.gz
HTAR: a   instcat_y01_191109/00000289.tar.gz
HTAR: a   instcat_y01_191109/00000290.tar.gz
HTAR: a   instcat_y01_191109/00000291.tar.gz
HTAR: a   instcat_y01_191109/00000292.tar.gz
HTAR: a   instcat_y01_191109/00000293.tar.gz
HTAR: a   instcat_y01_191109/00000294.tar.gz
HTAR: a   instcat_y01_191109/00000295.tar.gz
HTAR: a   instcat_y01_191109/00000296.tar.gz
HTAR: a   instcat_y01_191109/00000297.tar.gz
HTAR: a   instcat_y01_191109/00000298.tar.gz
HTAR: a   instcat_y01_191109/00000299.tar.gz
HTAR: a   instcat_y01_191109/00000300.tar.gz
HTAR: a   instcat_y01_191109/00000301.tar.gz
HTAR: a   instcat_y01_191109/00000302.tar.gz
HTAR: a   instcat_y01_191109/00000303.tar.gz
HTAR: a   instcat_y01_191109/00000304.tar.gz
HTAR: a   instcat_y01_191109/00000305.tar.gz
HTAR: a   instcat_y01_191109/00000306.tar.gz
HTAR: a   instcat_y01_191109/00000307.tar.gz
HTAR: a   instcat_y01_191109/00000308.tar.gz
HTAR: a   instcat_y01_191109/00000309.tar.gz
HTAR: a   instcat_y01_191109/00000310.tar.gz
HTAR: a   instcat_y01_191109/00000311.tar.gz
HTAR: a   instcat_y01_191109/00000312.tar.gz
HTAR: a   instcat_y01_191109/00000313.tar.gz
HTAR: a   instcat_y01_191109/00000314.tar.gz
HTAR: a   instcat_y01_191109/00000315.tar.gz
HTAR: a   instcat_y01_191109/00000316.tar.gz
HTAR: a   instcat_y01_191109/00000317.tar.gz
HTAR: a   instcat_y01_191109/00000318.tar.gz
HTAR: a   instcat_y01_191109/00000319.tar.gz
HTAR: a   instcat_y01_191109/00000320.tar.gz
HTAR: a   instcat_y01_191109/00000321.tar.gz
HTAR: a   instcat_y01_191109/00000322.tar.gz
HTAR: a   instcat_y01_191109/00000323.tar.gz
HTAR: a   instcat_y01_191109/00000324.tar.gz
HTAR: a   instcat_y01_191109/00000325.tar.gz
HTAR: a   instcat_y01_191109/00001472.tar.gz
HTAR: a   instcat_y01_191109/00001474.tar.gz
HTAR: a   instcat_y01_191109/00001500.tar.gz
HTAR: a   instcat_y01_191109/00001502.tar.gz
HTAR: a   instcat_y01_191109/00002166.tar.gz
HTAR: a   instcat_y01_191109/00002168.tar.gz
HTAR: a   instcat_y01_191109/00002181.tar.gz
HTAR: a   instcat_y01_191109/00002184.tar.gz
HTAR: a   instcat_y01_191109/00002188.tar.gz
HTAR: a   instcat_y01_191109/00002205.tar.gz
HTAR: a   instcat_y01_191109/00002208.tar.gz
HTAR: a   instcat_y01_191109/00002229.tar.gz
HTAR: a   instcat_y01_191109/00002230.tar.gz
HTAR: a   instcat_y01_191109/00002231.tar.gz
HTAR: a   instcat_y01_191109/00002232.tar.gz
HTAR: a   instcat_y01_191109/00002233.tar.gz
HTAR: a   instcat_y01_191109/00002234.tar.gz
HTAR: a   instcat_y01_191109/00002235.tar.gz
HTAR: a   instcat_y01_191109/00002236.tar.gz
HTAR: a   instcat_y01_191109/00002237.tar.gz
HTAR: a   instcat_y01_191109/00002238.tar.gz
HTAR: a   instcat_y01_191109/00002239.tar.gz
HTAR: a   instcat_y01_191109/00002240.tar.gz
HTAR: a   instcat_y01_191109/00002241.tar.gz
HTAR: a   instcat_y01_191109/00002242.tar.gz
HTAR: a   instcat_y01_191109/job_log_00000230.txt
HTAR: a   instcat_y01_191109/job_log_00000231.txt
HTAR: a   instcat_y01_191109/job_log_00000232.txt
HTAR: a   instcat_y01_191109/job_log_00000233.txt
HTAR: a   instcat_y01_191109/job_log_00000234.txt
HTAR: a   instcat_y01_191109/job_log_00000235.txt
HTAR: a   instcat_y01_191109/job_log_00000236.txt
HTAR: a   instcat_y01_191109/job_log_00000237.txt
HTAR: a   instcat_y01_191109/job_log_00000238.txt
HTAR: a   instcat_y01_191109/job_log_00000239.txt
HTAR: a   instcat_y01_191109/job_log_00000240.txt
HTAR: a   instcat_y01_191109/job_log_00000241.txt
HTAR: a   instcat_y01_191109/job_log_00000242.txt
HTAR: a   instcat_y01_191109/job_log_00000243.txt
HTAR: a   instcat_y01_191109/job_log_00000244.txt
HTAR: a   instcat_y01_191109/job_log_00000245.txt
HTAR: a   instcat_y01_191109/job_log_00000246.txt
HTAR: a   instcat_y01_191109/job_log_00000247.txt
HTAR: a   instcat_y01_191109/job_log_00000248.txt
HTAR: a   instcat_y01_191109/job_log_00000249.txt
HTAR: a   instcat_y01_191109/job_log_00000250.txt
HTAR: a   instcat_y01_191109/job_log_00000251.txt
HTAR: a   instcat_y01_191109/job_log_00000252.txt
HTAR: a   instcat_y01_191109/job_log_00000253.txt
HTAR: a   instcat_y01_191109/job_log_00000254.txt
HTAR: a   instcat_y01_191109/job_log_00000255.txt
HTAR: a   instcat_y01_191109/job_log_00000256.txt
HTAR: a   instcat_y01_191109/job_log_00000257.txt
HTAR: a   instcat_y01_191109/job_log_00000258.txt
HTAR: a   instcat_y01_191109/job_log_00000259.txt
HTAR: a   instcat_y01_191109/job_log_00000260.txt
HTAR: a   instcat_y01_191109/job_log_00000261.txt
HTAR: a   instcat_y01_191109/job_log_00000262.txt
HTAR: a   instcat_y01_191109/job_log_00000263.txt
HTAR: a   instcat_y01_191109/job_log_00000264.txt
HTAR: a   instcat_y01_191109/job_log_00000265.txt
HTAR: a   instcat_y01_191109/job_log_00000266.txt
HTAR: a   instcat_y01_191109/job_log_00000267.txt
HTAR: a   instcat_y01_191109/job_log_00000268.txt
HTAR: a   instcat_y01_191109/job_log_00000269.txt
HTAR: a   instcat_y01_191109/job_log_00000270.txt
HTAR: a   instcat_y01_191109/job_log_00000271.txt
HTAR: a   instcat_y01_191109/job_log_00000272.txt
HTAR: a   instcat_y01_191109/job_log_00000273.txt
HTAR: a   instcat_y01_191109/job_log_00000274.txt
HTAR: a   instcat_y01_191109/job_log_00000275.txt
HTAR: a   instcat_y01_191109/job_log_00000276.txt
HTAR: a   instcat_y01_191109/job_log_00000277.txt
HTAR: a   instcat_y01_191109/job_log_00000278.txt
HTAR: a   instcat_y01_191109/job_log_00000279.txt
HTAR: a   instcat_y01_191109/job_log_00000280.txt
HTAR: a   instcat_y01_191109/job_log_00000281.txt
HTAR: a   instcat_y01_191109/job_log_00000282.txt
HTAR: a   instcat_y01_191109/job_log_00000283.txt
HTAR: a   instcat_y01_191109/job_log_00000284.txt
HTAR: a   instcat_y01_191109/job_log_00000285.txt
HTAR: a   instcat_y01_191109/job_log_00000286.txt
HTAR: a   instcat_y01_191109/job_log_00000287.txt
HTAR: a   instcat_y01_191109/job_log_00000288.txt
HTAR: a   instcat_y01_191109/job_log_00000289.txt
HTAR: a   instcat_y01_191109/job_log_00000290.txt
HTAR: a   instcat_y01_191109/job_log_00000291.txt
HTAR: a   instcat_y01_191109/job_log_00000292.txt
HTAR: a   instcat_y01_191109/job_log_00000293.txt
HTAR: a   instcat_y01_191109/job_log_00000294.txt
HTAR: a   instcat_y01_191109/job_log_00000295.txt
HTAR: a   instcat_y01_191109/job_log_00000296.txt
HTAR: a   instcat_y01_191109/job_log_00000297.txt
HTAR: a   instcat_y01_191109/job_log_00000298.txt
HTAR: a   instcat_y01_191109/job_log_00000299.txt
HTAR: a   instcat_y01_191109/job_log_00000300.txt
HTAR: a   instcat_y01_191109/job_log_00000301.txt
HTAR: a   instcat_y01_191109/job_log_00000302.txt
HTAR: a   instcat_y01_191109/job_log_00000303.txt
HTAR: a   instcat_y01_191109/job_log_00000304.txt
HTAR: a   instcat_y01_191109/job_log_00000305.txt
HTAR: a   instcat_y01_191109/job_log_00000306.txt
HTAR: a   instcat_y01_191109/job_log_00000307.txt
HTAR: a   instcat_y01_191109/job_log_00000308.txt
HTAR: a   instcat_y01_191109/job_log_00000309.txt
HTAR: a   instcat_y01_191109/job_log_00000310.txt
HTAR: a   instcat_y01_191109/job_log_00000311.txt
HTAR: a   instcat_y01_191109/job_log_00000312.txt
HTAR: a   instcat_y01_191109/job_log_00000313.txt
HTAR: a   instcat_y01_191109/job_log_00000314.txt
HTAR: a   instcat_y01_191109/job_log_00000315.txt
HTAR: a   instcat_y01_191109/job_log_00000316.txt
HTAR: a   instcat_y01_191109/job_log_00000317.txt
HTAR: a   instcat_y01_191109/job_log_00000318.txt
HTAR: a   instcat_y01_191109/job_log_00000319.txt
HTAR: a   instcat_y01_191109/job_log_00000320.txt
HTAR: a   instcat_y01_191109/job_log_00000321.txt
HTAR: a   instcat_y01_191109/job_log_00000322.txt
HTAR: a   instcat_y01_191109/job_log_00000323.txt
HTAR: a   instcat_y01_191109/job_log_00000324.txt
HTAR: a   instcat_y01_191109/job_log_00000325.txt
HTAR: a   instcat_y01_191109/job_log_00001472.txt
HTAR: a   instcat_y01_191109/job_log_00001474.txt
HTAR: a   instcat_y01_191109/job_log_00001500.txt
HTAR: a   instcat_y01_191109/job_log_00001502.txt
HTAR: a   instcat_y01_191109/job_log_00002166.txt
HTAR: a   instcat_y01_191109/job_log_00002168.txt
HTAR: a   instcat_y01_191109/job_log_00002181.txt
HTAR: a   instcat_y01_191109/job_log_00002184.txt
HTAR: a   instcat_y01_191109/job_log_00002188.txt
HTAR: a   instcat_y01_191109/job_log_00002205.txt
HTAR: a   instcat_y01_191109/job_log_00002208.txt
HTAR: a   instcat_y01_191109/job_log_00002229.txt
HTAR: a   instcat_y01_191109/job_log_00002230.txt
HTAR: a   instcat_y01_191109/job_log_00002231.txt
HTAR: a   instcat_y01_191109/job_log_00002232.txt
HTAR: a   instcat_y01_191109/job_log_00002233.txt
HTAR: a   instcat_y01_191109/job_log_00002234.txt
HTAR: a   instcat_y01_191109/job_log_00002235.txt
HTAR: a   instcat_y01_191109/job_log_00002236.txt
HTAR: a   instcat_y01_191109/job_log_00002237.txt
HTAR: a   instcat_y01_191109/job_log_00002238.txt
HTAR: a   instcat_y01_191109/job_log_00002239.txt
HTAR: a   instcat_y01_191109/job_log_00002240.txt
HTAR: a   instcat_y01_191109/job_log_00002241.txt
HTAR: a   instcat_y01_191109/job_log_00002242.txt
HTAR: a   /tmp/HTAR_CF_CHK_4407_1578349576
HTAR Create complete for /home/projects/desc/DC2_ImSim/Run2.2i/instCat/y01_191109/00000230to00002242.tar. 558,836,070,912 bytes written for 242 member files, max threads: 50 Transfer time: 5012.253 seconds (111.494 MB/s) wallclock/user/sys: 5014.696 5810.330 1867.310 seconds
HTAR: HTAR SUCCESSFUL
HTAR: a   instcat_y01_191109/00002243.tar.gz
HTAR: a   instcat_y01_191109/00002244.tar.gz
HTAR: a   instcat_y01_191109/00002245.tar.gz
HTAR: a   instcat_y01_191109/00002246.tar.gz
HTAR: a   instcat_y01_191109/00002247.tar.gz
HTAR: a   instcat_y01_191109/00002248.tar.gz
HTAR: a   instcat_y01_191109/00002249.tar.gz
HTAR: a   instcat_y01_191109/00002278.tar.gz
HTAR: a   instcat_y01_191109/00002330.tar.gz
HTAR: a   instcat_y01_191109/00002331.tar.gz
HTAR: a   instcat_y01_191109/00002332.tar.gz
HTAR: a   instcat_y01_191109/00002333.tar.gz
HTAR: a   instcat_y01_191109/00002334.tar.gz
HTAR: a   instcat_y01_191109/00002335.tar.gz
HTAR: a   instcat_y01_191109/00002336.tar.gz
HTAR: a   instcat_y01_191109/00002337.tar.gz
HTAR: a   instcat_y01_191109/00002338.tar.gz
HTAR: a   instcat_y01_191109/00002339.tar.gz
HTAR: a   instcat_y01_191109/00002340.tar.gz
HTAR: a   instcat_y01_191109/00002341.tar.gz
HTAR: a   instcat_y01_191109/00002342.tar.gz
HTAR: a   instcat_y01_191109/00002343.tar.gz
HTAR: a   instcat_y01_191109/00002344.tar.gz
HTAR: a   instcat_y01_191109/00002345.tar.gz
HTAR: a   instcat_y01_191109/00002346.tar.gz
HTAR: a   instcat_y01_191109/00002347.tar.gz
HTAR: a   instcat_y01_191109/00002348.tar.gz
HTAR: a   instcat_y01_191109/00002349.tar.gz
HTAR: a   instcat_y01_191109/00002928.tar.gz
HTAR: a   instcat_y01_191109/00002929.tar.gz
HTAR: a   instcat_y01_191109/00002930.tar.gz
HTAR: a   instcat_y01_191109/00002931.tar.gz
HTAR: a   instcat_y01_191109/00002932.tar.gz
HTAR: a   instcat_y01_191109/00002933.tar.gz
HTAR: a   instcat_y01_191109/00002934.tar.gz
HTAR: a   instcat_y01_191109/00002935.tar.gz
HTAR: a   instcat_y01_191109/00002936.tar.gz
HTAR: a   instcat_y01_191109/00002937.tar.gz
HTAR: a   instcat_y01_191109/00002938.tar.gz
HTAR: a   instcat_y01_191109/00002939.tar.gz
HTAR: a   instcat_y01_191109/00002940.tar.gz
HTAR: a   instcat_y01_191109/00002941.tar.gz
HTAR: a   instcat_y01_191109/00002942.tar.gz
HTAR: a   instcat_y01_191109/00002943.tar.gz
HTAR: a   instcat_y01_191109/00002944.tar.gz
HTAR: a   instcat_y01_191109/00002945.tar.gz
HTAR: a   instcat_y01_191109/00002946.tar.gz
HTAR: a   instcat_y01_191109/00002947.tar.gz
HTAR: a   instcat_y01_191109/00003026.tar.gz
HTAR: a   instcat_y01_191109/00003029.tar.gz
HTAR: a   instcat_y01_191109/00003030.tar.gz
HTAR: a   instcat_y01_191109/00003031.tar.gz
HTAR: a   instcat_y01_191109/00003032.tar.gz
HTAR: a   instcat_y01_191109/00003033.tar.gz
HTAR: a   instcat_y01_191109/00003034.tar.gz
HTAR: a   instcat_y01_191109/00003040.tar.gz
HTAR: a   instcat_y01_191109/00003041.tar.gz
HTAR: a   instcat_y01_191109/00003114.tar.gz
HTAR: a   instcat_y01_191109/00003116.tar.gz
HTAR: a   instcat_y01_191109/00003117.tar.gz
HTAR: a   instcat_y01_191109/00003118.tar.gz
HTAR: a   instcat_y01_191109/00003119.tar.gz
HTAR: a   instcat_y01_191109/00003120.tar.gz
HTAR: a   instcat_y01_191109/00003647.tar.gz
HTAR: a   instcat_y01_191109/00003648.tar.gz
HTAR: a   instcat_y01_191109/00003649.tar.gz
HTAR: a   instcat_y01_191109/00003650.tar.gz
HTAR: a   instcat_y01_191109/00003651.tar.gz
HTAR: a   instcat_y01_191109/00003652.tar.gz
HTAR: a   instcat_y01_191109/00003653.tar.gz
HTAR: a   instcat_y01_191109/00003654.tar.gz
HTAR: a   instcat_y01_191109/00003655.tar.gz
HTAR: a   instcat_y01_191109/00003656.tar.gz
HTAR: a   instcat_y01_191109/00003657.tar.gz
HTAR: a   instcat_y01_191109/00003658.tar.gz
HTAR: a   instcat_y01_191109/00003659.tar.gz
HTAR: a   instcat_y01_191109/00003660.tar.gz
HTAR: a   instcat_y01_191109/00003661.tar.gz
HTAR: a   instcat_y01_191109/00003662.tar.gz
HTAR: a   instcat_y01_191109/00003663.tar.gz
HTAR: a   instcat_y01_191109/00003664.tar.gz
HTAR: a   instcat_y01_191109/00003665.tar.gz
HTAR: a   instcat_y01_191109/00003666.tar.gz
HTAR: a   instcat_y01_191109/00004325.tar.gz
HTAR: a   instcat_y01_191109/00004355.tar.gz
HTAR: a   instcat_y01_191109/00004356.tar.gz
HTAR: a   instcat_y01_191109/00004357.tar.gz
HTAR: a   instcat_y01_191109/00004564.tar.gz
HTAR: a   instcat_y01_191109/00004565.tar.gz
HTAR: a   instcat_y01_191109/00004566.tar.gz
HTAR: a   instcat_y01_191109/00004567.tar.gz
HTAR: a   instcat_y01_191109/00004568.tar.gz
HTAR: a   instcat_y01_191109/00004569.tar.gz
HTAR: a   instcat_y01_191109/00004570.tar.gz
HTAR: a   instcat_y01_191109/00004571.tar.gz
HTAR: a   instcat_y01_191109/00004572.tar.gz
HTAR: a   instcat_y01_191109/00004573.tar.gz
HTAR: a   instcat_y01_191109/00004574.tar.gz
HTAR: a   instcat_y01_191109/00004575.tar.gz
HTAR: a   instcat_y01_191109/00004576.tar.gz
HTAR: a   instcat_y01_191109/00004577.tar.gz
HTAR: a   instcat_y01_191109/00004578.tar.gz
HTAR: a   instcat_y01_191109/00004579.tar.gz
HTAR: a   instcat_y01_191109/00004580.tar.gz
HTAR: a   instcat_y01_191109/00004581.tar.gz
HTAR: a   instcat_y01_191109/00004582.tar.gz
HTAR: a   instcat_y01_191109/00004583.tar.gz
HTAR: a   instcat_y01_191109/00005763.tar.gz
HTAR: a   instcat_y01_191109/00005770.tar.gz
HTAR: a   instcat_y01_191109/00005863.tar.gz
HTAR: a   instcat_y01_191109/00005871.tar.gz
HTAR: a   instcat_y01_191109/00005874.tar.gz
HTAR: a   instcat_y01_191109/00005875.tar.gz
HTAR: a   instcat_y01_191109/00005877.tar.gz
HTAR: a   instcat_y01_191109/00005878.tar.gz
HTAR: a   instcat_y01_191109/00005879.tar.gz
HTAR: a   instcat_y01_191109/00005880.tar.gz
HTAR: a   instcat_y01_191109/00005881.tar.gz
HTAR: a   instcat_y01_191109/00005882.tar.gz
HTAR: a   instcat_y01_191109/00005883.tar.gz
HTAR: a   instcat_y01_191109/00005884.tar.gz
HTAR: a   instcat_y01_191109/job_log_00002243.txt
HTAR: a   instcat_y01_191109/job_log_00002244.txt
HTAR: a   instcat_y01_191109/job_log_00002245.txt
HTAR: a   instcat_y01_191109/job_log_00002246.txt
HTAR: a   instcat_y01_191109/job_log_00002247.txt
HTAR: a   instcat_y01_191109/job_log_00002248.txt
HTAR: a   instcat_y01_191109/job_log_00002249.txt
HTAR: a   instcat_y01_191109/job_log_00002278.txt
HTAR: a   instcat_y01_191109/job_log_00002330.txt
HTAR: a   instcat_y01_191109/job_log_00002331.txt
HTAR: a   instcat_y01_191109/job_log_00002332.txt
HTAR: a   instcat_y01_191109/job_log_00002333.txt
HTAR: a   instcat_y01_191109/job_log_00002334.txt
HTAR: a   instcat_y01_191109/job_log_00002335.txt
HTAR: a   instcat_y01_191109/job_log_00002336.txt
HTAR: a   instcat_y01_191109/job_log_00002337.txt
HTAR: a   instcat_y01_191109/job_log_00002338.txt
HTAR: a   instcat_y01_191109/job_log_00002339.txt
HTAR: a   instcat_y01_191109/job_log_00002340.txt
HTAR: a   instcat_y01_191109/job_log_00002341.txt
HTAR: a   instcat_y01_191109/job_log_00002342.txt
HTAR: a   instcat_y01_191109/job_log_00002343.txt
HTAR: a   instcat_y01_191109/job_log_00002344.txt
HTAR: a   instcat_y01_191109/job_log_00002345.txt
HTAR: a   instcat_y01_191109/job_log_00002346.txt
HTAR: a   instcat_y01_191109/job_log_00002347.txt
HTAR: a   instcat_y01_191109/job_log_00002348.txt
HTAR: a   instcat_y01_191109/job_log_00002349.txt
HTAR: a   instcat_y01_191109/job_log_00002928.txt
HTAR: a   instcat_y01_191109/job_log_00002929.txt
HTAR: a   instcat_y01_191109/job_log_00002930.txt
HTAR: a   instcat_y01_191109/job_log_00002931.txt
HTAR: a   instcat_y01_191109/job_log_00002932.txt
HTAR: a   instcat_y01_191109/job_log_00002933.txt
HTAR: a   instcat_y01_191109/job_log_00002934.txt
HTAR: a   instcat_y01_191109/job_log_00002935.txt
HTAR: a   instcat_y01_191109/job_log_00002936.txt
HTAR: a   instcat_y01_191109/job_log_00002937.txt
HTAR: a   instcat_y01_191109/job_log_00002938.txt
HTAR: a   instcat_y01_191109/job_log_00002939.txt
HTAR: a   instcat_y01_191109/job_log_00002940.txt
HTAR: a   instcat_y01_191109/job_log_00002941.txt
HTAR: a   instcat_y01_191109/job_log_00002942.txt
HTAR: a   instcat_y01_191109/job_log_00002943.txt
HTAR: a   instcat_y01_191109/job_log_00002944.txt
HTAR: a   instcat_y01_191109/job_log_00002945.txt
HTAR: a   instcat_y01_191109/job_log_00002946.txt
HTAR: a   instcat_y01_191109/job_log_00002947.txt
HTAR: a   instcat_y01_191109/job_log_00003026.txt
HTAR: a   instcat_y01_191109/job_log_00003029.txt
HTAR: a   instcat_y01_191109/job_log_00003030.txt
HTAR: a   instcat_y01_191109/job_log_00003031.txt
HTAR: a   instcat_y01_191109/job_log_00003032.txt
HTAR: a   instcat_y01_191109/job_log_00003033.txt
HTAR: a   instcat_y01_191109/job_log_00003034.txt
HTAR: a   instcat_y01_191109/job_log_00003040.txt
HTAR: a   instcat_y01_191109/job_log_00003041.txt
HTAR: a   instcat_y01_191109/job_log_00003114.txt
HTAR: a   instcat_y01_191109/job_log_00003116.txt
HTAR: a   instcat_y01_191109/job_log_00003117.txt
HTAR: a   instcat_y01_191109/job_log_00003118.txt
HTAR: a   instcat_y01_191109/job_log_00003119.txt
HTAR: a   instcat_y01_191109/job_log_00003120.txt
HTAR: a   instcat_y01_191109/job_log_00003647.txt
HTAR: a   instcat_y01_191109/job_log_00003648.txt
HTAR: a   instcat_y01_191109/job_log_00003649.txt
HTAR: a   instcat_y01_191109/job_log_00003650.txt
HTAR: a   instcat_y01_191109/job_log_00003651.txt
HTAR: a   instcat_y01_191109/job_log_00003652.txt
HTAR: a   instcat_y01_191109/job_log_00003653.txt
HTAR: a   instcat_y01_191109/job_log_00003654.txt
HTAR: a   instcat_y01_191109/job_log_00003655.txt
HTAR: a   instcat_y01_191109/job_log_00003656.txt
HTAR: a   instcat_y01_191109/job_log_00003657.txt
HTAR: a   instcat_y01_191109/job_log_00003658.txt
HTAR: a   instcat_y01_191109/job_log_00003659.txt
HTAR: a   instcat_y01_191109/job_log_00003660.txt
HTAR: a   instcat_y01_191109/job_log_00003661.txt
HTAR: a   instcat_y01_191109/job_log_00003662.txt
HTAR: a   instcat_y01_191109/job_log_00003663.txt
HTAR: a   instcat_y01_191109/job_log_00003664.txt
HTAR: a   instcat_y01_191109/job_log_00003665.txt
HTAR: a   instcat_y01_191109/job_log_00003666.txt
HTAR: a   instcat_y01_191109/job_log_00004325.txt
HTAR: a   instcat_y01_191109/job_log_00004355.txt
HTAR: a   instcat_y01_191109/job_log_00004356.txt
HTAR: a   instcat_y01_191109/job_log_00004357.txt
HTAR: a   instcat_y01_191109/job_log_00004564.txt
HTAR: a   instcat_y01_191109/job_log_00004565.txt
HTAR: a   instcat_y01_191109/job_log_00004566.txt
HTAR: a   instcat_y01_191109/job_log_00004567.txt
HTAR: a   instcat_y01_191109/job_log_00004568.txt
HTAR: a   instcat_y01_191109/job_log_00004569.txt
HTAR: a   instcat_y01_191109/job_log_00004570.txt
HTAR: a   instcat_y01_191109/job_log_00004571.txt
HTAR: a   instcat_y01_191109/job_log_00004572.txt
HTAR: a   instcat_y01_191109/job_log_00004573.txt
HTAR: a   instcat_y01_191109/job_log_00004574.txt
HTAR: a   instcat_y01_191109/job_log_00004575.txt
HTAR: a   instcat_y01_191109/job_log_00004576.txt
HTAR: a   instcat_y01_191109/job_log_00004577.txt
HTAR: a   instcat_y01_191109/job_log_00004578.txt
HTAR: a   instcat_y01_191109/job_log_00004579.txt
HTAR: a   instcat_y01_191109/job_log_00004580.txt
HTAR: a   instcat_y01_191109/job_log_00004581.txt
HTAR: a   instcat_y01_191109/job_log_00004582.txt
HTAR: a   instcat_y01_191109/job_log_00004583.txt
HTAR: a   instcat_y01_191109/job_log_00005763.txt
HTAR: a   instcat_y01_191109/job_log_00005770.txt
HTAR: a   instcat_y01_191109/job_log_00005863.txt
HTAR: a   instcat_y01_191109/job_log_00005871.txt
HTAR: a   instcat_y01_191109/job_log_00005874.txt
HTAR: a   instcat_y01_191109/job_log_00005875.txt
HTAR: a   instcat_y01_191109/job_log_00005877.txt
HTAR: a   instcat_y01_191109/job_log_00005878.txt
HTAR: a   instcat_y01_191109/job_log_00005879.txt
HTAR: a   instcat_y01_191109/job_log_00005880.txt
HTAR: a   instcat_y01_191109/job_log_00005881.txt
HTAR: a   instcat_y01_191109/job_log_00005882.txt
HTAR: a   instcat_y01_191109/job_log_00005883.txt
HTAR: a   instcat_y01_191109/job_log_00005884.txt
HTAR: a   /tmp/HTAR_CF_CHK_33419_1578354597
HTAR Create complete for /home/projects/desc/DC2_ImSim/Run2.2i/instCat/y01_191109/00002243to00005884.tar. 560,471,034,368 bytes written for 242 member files, max threads: 50 Transfer time: 4549.635 seconds (123.190 MB/s) wallclock/user/sys: 4555.235 5445.016 1875.936 seconds
HTAR: HTAR SUCCESSFUL
HTAR: a   instcat_y01_191109/00005885.tar.gz
HTAR: a   instcat_y01_191109/00005886.tar.gz
HTAR: a   instcat_y01_191109/00005887.tar.gz
HTAR: a   instcat_y01_191109/00005888.tar.gz
HTAR: a   instcat_y01_191109/00005889.tar.gz
HTAR: a   instcat_y01_191109/00005890.tar.gz
HTAR: a   instcat_y01_191109/00005891.tar.gz
HTAR: a   instcat_y01_191109/00005895.tar.gz
HTAR: a   instcat_y01_191109/00005897.tar.gz
HTAR: a   instcat_y01_191109/00005898.tar.gz
HTAR: a   instcat_y01_191109/00006476.tar.gz
HTAR: a   instcat_y01_191109/00006797.tar.gz
HTAR: a   instcat_y01_191109/00006822.tar.gz
HTAR: a   instcat_y01_191109/00006823.tar.gz
HTAR: a   instcat_y01_191109/00006824.tar.gz
HTAR: a   instcat_y01_191109/00006825.tar.gz
HTAR: a   instcat_y01_191109/00006826.tar.gz
HTAR: a   instcat_y01_191109/00006827.tar.gz
HTAR: a   instcat_y01_191109/00006830.tar.gz
HTAR: a   instcat_y01_191109/00006852.tar.gz
HTAR: a   instcat_y01_191109/00006853.tar.gz
HTAR: a   instcat_y01_191109/00006854.tar.gz
HTAR: a   instcat_y01_191109/00006855.tar.gz
HTAR: a   instcat_y01_191109/00006856.tar.gz
HTAR: a   instcat_y01_191109/00007231.tar.gz
HTAR: a   instcat_y01_191109/00007234.tar.gz
HTAR: a   instcat_y01_191109/00007235.tar.gz
HTAR: a   instcat_y01_191109/00007236.tar.gz
HTAR: a   instcat_y01_191109/00007248.tar.gz
HTAR: a   instcat_y01_191109/00007249.tar.gz
HTAR: a   instcat_y01_191109/00007371.tar.gz
HTAR: a   instcat_y01_191109/00007372.tar.gz
HTAR: a   instcat_y01_191109/00007906.tar.gz
HTAR: a   instcat_y01_191109/00007910.tar.gz
HTAR: a   instcat_y01_191109/00007916.tar.gz
HTAR: a   instcat_y01_191109/00007917.tar.gz
HTAR: a   instcat_y01_191109/00007940.tar.gz
HTAR: a   instcat_y01_191109/00007946.tar.gz
HTAR: a   instcat_y01_191109/00007955.tar.gz
HTAR: a   instcat_y01_191109/00007975.tar.gz
HTAR: a   instcat_y01_191109/00007976.tar.gz
HTAR: a   instcat_y01_191109/00007977.tar.gz
HTAR: a   instcat_y01_191109/00007978.tar.gz
HTAR: a   instcat_y01_191109/00007979.tar.gz
HTAR: a   instcat_y01_191109/00007991.tar.gz
HTAR: a   instcat_y01_191109/00007992.tar.gz
HTAR: a   instcat_y01_191109/00007993.tar.gz
HTAR: a   instcat_y01_191109/00007994.tar.gz
HTAR: a   instcat_y01_191109/00007995.tar.gz
HTAR: a   instcat_y01_191109/00007996.tar.gz
HTAR: a   instcat_y01_191109/00007997.tar.gz
HTAR: a   instcat_y01_191109/00007998.tar.gz
HTAR: a   instcat_y01_191109/00007999.tar.gz
HTAR: a   instcat_y01_191109/00008000.tar.gz
HTAR: a   instcat_y01_191109/00008001.tar.gz
HTAR: a   instcat_y01_191109/00008002.tar.gz
HTAR: a   instcat_y01_191109/00008003.tar.gz
HTAR: a   instcat_y01_191109/00008004.tar.gz
HTAR: a   instcat_y01_191109/00008005.tar.gz
HTAR: a   instcat_y01_191109/00008006.tar.gz
HTAR: a   instcat_y01_191109/00008007.tar.gz
HTAR: a   instcat_y01_191109/00008008.tar.gz
HTAR: a   instcat_y01_191109/00008025.tar.gz
HTAR: a   instcat_y01_191109/00008026.tar.gz
HTAR: a   instcat_y01_191109/00008027.tar.gz
HTAR: a   instcat_y01_191109/00008028.tar.gz
HTAR: a   instcat_y01_191109/00008029.tar.gz
HTAR: a   instcat_y01_191109/00008030.tar.gz
HTAR: a   instcat_y01_191109/00008031.tar.gz
HTAR: a   instcat_y01_191109/00008032.tar.gz
HTAR: a   instcat_y01_191109/00008034.tar.gz
HTAR: a   instcat_y01_191109/00008042.tar.gz
HTAR: a   instcat_y01_191109/00008043.tar.gz
HTAR: a   instcat_y01_191109/00008044.tar.gz
HTAR: a   instcat_y01_191109/00008045.tar.gz
HTAR: a   instcat_y01_191109/00008046.tar.gz
HTAR: a   instcat_y01_191109/00008047.tar.gz
HTAR: a   instcat_y01_191109/00008048.tar.gz
HTAR: a   instcat_y01_191109/00008049.tar.gz
HTAR: a   instcat_y01_191109/00008050.tar.gz
HTAR: a   instcat_y01_191109/00008068.tar.gz
HTAR: a   instcat_y01_191109/00008069.tar.gz
HTAR: a   instcat_y01_191109/00008763.tar.gz
HTAR: a   instcat_y01_191109/00008764.tar.gz
HTAR: a   instcat_y01_191109/00008765.tar.gz
HTAR: a   instcat_y01_191109/00008806.tar.gz
HTAR: a   instcat_y01_191109/00008807.tar.gz
HTAR: a   instcat_y01_191109/00008808.tar.gz
HTAR: a   instcat_y01_191109/00010819.tar.gz
HTAR: a   instcat_y01_191109/00010842.tar.gz
HTAR: a   instcat_y01_191109/00010843.tar.gz
HTAR: a   instcat_y01_191109/00010853.tar.gz
HTAR: a   instcat_y01_191109/00010854.tar.gz
HTAR: a   instcat_y01_191109/00010871.tar.gz
HTAR: a   instcat_y01_191109/00010873.tar.gz
HTAR: a   instcat_y01_191109/00010874.tar.gz
HTAR: a   instcat_y01_191109/00010875.tar.gz
HTAR: a   instcat_y01_191109/00010897.tar.gz
HTAR: a   instcat_y01_191109/00012365.tar.gz
HTAR: a   instcat_y01_191109/00012444.tar.gz
HTAR: a   instcat_y01_191109/00012445.tar.gz
HTAR: a   instcat_y01_191109/00012446.tar.gz
HTAR: a   instcat_y01_191109/00012447.tar.gz
HTAR: a   instcat_y01_191109/00012448.tar.gz
HTAR: a   instcat_y01_191109/00012449.tar.gz
HTAR: a   instcat_y01_191109/00012450.tar.gz
HTAR: a   instcat_y01_191109/00012451.tar.gz
HTAR: a   instcat_y01_191109/00012452.tar.gz
HTAR: a   instcat_y01_191109/00012453.tar.gz
HTAR: a   instcat_y01_191109/00012454.tar.gz
HTAR: a   instcat_y01_191109/00012455.tar.gz
HTAR: a   instcat_y01_191109/00012456.tar.gz
HTAR: a   instcat_y01_191109/00012457.tar.gz
HTAR: a   instcat_y01_191109/00012458.tar.gz
HTAR: a   instcat_y01_191109/00012459.tar.gz
HTAR: a   instcat_y01_191109/00012460.tar.gz
HTAR: a   instcat_y01_191109/00012461.tar.gz
HTAR: a   instcat_y01_191109/00012462.tar.gz
HTAR: a   instcat_y01_191109/00012464.tar.gz
HTAR: a   instcat_y01_191109/00012465.tar.gz
HTAR: a   instcat_y01_191109/00012466.tar.gz
HTAR: a   instcat_y01_191109/job_log_00005885.txt
HTAR: a   instcat_y01_191109/job_log_00005886.txt
HTAR: a   instcat_y01_191109/job_log_00005887.txt
HTAR: a   instcat_y01_191109/job_log_00005888.txt
HTAR: a   instcat_y01_191109/job_log_00005889.txt
HTAR: a   instcat_y01_191109/job_log_00005890.txt
HTAR: a   instcat_y01_191109/job_log_00005891.txt
HTAR: a   instcat_y01_191109/job_log_00005895.txt
HTAR: a   instcat_y01_191109/job_log_00005897.txt
HTAR: a   instcat_y01_191109/job_log_00005898.txt
HTAR: a   instcat_y01_191109/job_log_00006476.txt
HTAR: a   instcat_y01_191109/job_log_00006797.txt
HTAR: a   instcat_y01_191109/job_log_00006822.txt
HTAR: a   instcat_y01_191109/job_log_00006823.txt
HTAR: a   instcat_y01_191109/job_log_00006824.txt
HTAR: a   instcat_y01_191109/job_log_00006825.txt
HTAR: a   instcat_y01_191109/job_log_00006826.txt
HTAR: a   instcat_y01_191109/job_log_00006827.txt
HTAR: a   instcat_y01_191109/job_log_00006830.txt
HTAR: a   instcat_y01_191109/job_log_00006852.txt
HTAR: a   instcat_y01_191109/job_log_00006853.txt
HTAR: a   instcat_y01_191109/job_log_00006854.txt
HTAR: a   instcat_y01_191109/job_log_00006855.txt
HTAR: a   instcat_y01_191109/job_log_00006856.txt
HTAR: a   instcat_y01_191109/job_log_00007231.txt
HTAR: a   instcat_y01_191109/job_log_00007234.txt
HTAR: a   instcat_y01_191109/job_log_00007235.txt
HTAR: a   instcat_y01_191109/job_log_00007236.txt
HTAR: a   instcat_y01_191109/job_log_00007248.txt
HTAR: a   instcat_y01_191109/job_log_00007249.txt
HTAR: a   instcat_y01_191109/job_log_00007371.txt
HTAR: a   instcat_y01_191109/job_log_00007372.txt
HTAR: a   instcat_y01_191109/job_log_00007906.txt
HTAR: a   instcat_y01_191109/job_log_00007910.txt
HTAR: a   instcat_y01_191109/job_log_00007916.txt
HTAR: a   instcat_y01_191109/job_log_00007917.txt
HTAR: a   instcat_y01_191109/job_log_00007940.txt
HTAR: a   instcat_y01_191109/job_log_00007946.txt
HTAR: a   instcat_y01_191109/job_log_00007955.txt
HTAR: a   instcat_y01_191109/job_log_00007975.txt
HTAR: a   instcat_y01_191109/job_log_00007976.txt
HTAR: a   instcat_y01_191109/job_log_00007977.txt
HTAR: a   instcat_y01_191109/job_log_00007978.txt
HTAR: a   instcat_y01_191109/job_log_00007979.txt
HTAR: a   instcat_y01_191109/job_log_00007991.txt
HTAR: a   instcat_y01_191109/job_log_00007992.txt
HTAR: a   instcat_y01_191109/job_log_00007993.txt
HTAR: a   instcat_y01_191109/job_log_00007994.txt
HTAR: a   instcat_y01_191109/job_log_00007995.txt
HTAR: a   instcat_y01_191109/job_log_00007996.txt
HTAR: a   instcat_y01_191109/job_log_00007997.txt
HTAR: a   instcat_y01_191109/job_log_00007998.txt
HTAR: a   instcat_y01_191109/job_log_00007999.txt
HTAR: a   instcat_y01_191109/job_log_00008000.txt
HTAR: a   instcat_y01_191109/job_log_00008001.txt
HTAR: a   instcat_y01_191109/job_log_00008002.txt
HTAR: a   instcat_y01_191109/job_log_00008003.txt
HTAR: a   instcat_y01_191109/job_log_00008004.txt
HTAR: a   instcat_y01_191109/job_log_00008005.txt
HTAR: a   instcat_y01_191109/job_log_00008006.txt
HTAR: a   instcat_y01_191109/job_log_00008007.txt
HTAR: a   instcat_y01_191109/job_log_00008008.txt
HTAR: a   instcat_y01_191109/job_log_00008025.txt
HTAR: a   instcat_y01_191109/job_log_00008026.txt
HTAR: a   instcat_y01_191109/job_log_00008027.txt
HTAR: a   instcat_y01_191109/job_log_00008028.txt
HTAR: a   instcat_y01_191109/job_log_00008029.txt
HTAR: a   instcat_y01_191109/job_log_00008030.txt
HTAR: a   instcat_y01_191109/job_log_00008031.txt
HTAR: a   instcat_y01_191109/job_log_00008032.txt
HTAR: a   instcat_y01_191109/job_log_00008034.txt
HTAR: a   instcat_y01_191109/job_log_00008042.txt
HTAR: a   instcat_y01_191109/job_log_00008043.txt
HTAR: a   instcat_y01_191109/job_log_00008044.txt
HTAR: a   instcat_y01_191109/job_log_00008045.txt
HTAR: a   instcat_y01_191109/job_log_00008046.txt
HTAR: a   instcat_y01_191109/job_log_00008047.txt
HTAR: a   instcat_y01_191109/job_log_00008048.txt
HTAR: a   instcat_y01_191109/job_log_00008049.txt
HTAR: a   instcat_y01_191109/job_log_00008050.txt
HTAR: a   instcat_y01_191109/job_log_00008068.txt
HTAR: a   instcat_y01_191109/job_log_00008069.txt
HTAR: a   instcat_y01_191109/job_log_00008763.txt
HTAR: a   instcat_y01_191109/job_log_00008764.txt
HTAR: a   instcat_y01_191109/job_log_00008765.txt
HTAR: a   instcat_y01_191109/job_log_00008806.txt
HTAR: a   instcat_y01_191109/job_log_00008807.txt
HTAR: a   instcat_y01_191109/job_log_00008808.txt
HTAR: a   instcat_y01_191109/job_log_00010819.txt
HTAR: a   instcat_y01_191109/job_log_00010842.txt
HTAR: a   instcat_y01_191109/job_log_00010843.txt
HTAR: a   instcat_y01_191109/job_log_00010853.txt
HTAR: a   instcat_y01_191109/job_log_00010854.txt
HTAR: a   instcat_y01_191109/job_log_00010871.txt
HTAR: a   instcat_y01_191109/job_log_00010873.txt
HTAR: a   instcat_y01_191109/job_log_00010874.txt
HTAR: a   instcat_y01_191109/job_log_00010875.txt
HTAR: a   instcat_y01_191109/job_log_00010897.txt
HTAR: a   instcat_y01_191109/job_log_00012365.txt
HTAR: a   instcat_y01_191109/job_log_00012444.txt
HTAR: a   instcat_y01_191109/job_log_00012445.txt
HTAR: a   instcat_y01_191109/job_log_00012446.txt
HTAR: a   instcat_y01_191109/job_log_00012447.txt
HTAR: a   instcat_y01_191109/job_log_00012448.txt
HTAR: a   instcat_y01_191109/job_log_00012449.txt
HTAR: a   instcat_y01_191109/job_log_00012450.txt
HTAR: a   instcat_y01_191109/job_log_00012451.txt
HTAR: a   instcat_y01_191109/job_log_00012452.txt
HTAR: a   instcat_y01_191109/job_log_00012453.txt
HTAR: a   instcat_y01_191109/job_log_00012454.txt
HTAR: a   instcat_y01_191109/job_log_00012455.txt
HTAR: a   instcat_y01_191109/job_log_00012456.txt
HTAR: a   instcat_y01_191109/job_log_00012457.txt
HTAR: a   instcat_y01_191109/job_log_00012458.txt
HTAR: a   instcat_y01_191109/job_log_00012459.txt
HTAR: a   instcat_y01_191109/job_log_00012460.txt
HTAR: a   instcat_y01_191109/job_log_00012461.txt
HTAR: a   instcat_y01_191109/job_log_00012462.txt
HTAR: a   instcat_y01_191109/job_log_00012464.txt
HTAR: a   instcat_y01_191109/job_log_00012465.txt
HTAR: a   instcat_y01_191109/job_log_00012466.txt
HTAR: a   /tmp/HTAR_CF_CHK_59476_1578359181
HTAR Create complete for /home/projects/desc/DC2_ImSim/Run2.2i/instCat/y01_191109/00005885to00012466.tar. 536,501,015,040 bytes written for 242 member files, max threads: 50 Transfer time: 3562.446 seconds (150.599 MB/s) wallclock/user/sys: 3594.293 4593.726 1336.655 seconds
HTAR: HTAR SUCCESSFUL
HTAR: a   instcat_y01_191109/00012467.tar.gz
HTAR: a   instcat_y01_191109/00012468.tar.gz
HTAR: a   instcat_y01_191109/00012469.tar.gz
HTAR: a   instcat_y01_191109/00012470.tar.gz
HTAR: a   instcat_y01_191109/00012471.tar.gz
HTAR: a   instcat_y01_191109/00012472.tar.gz
HTAR: a   instcat_y01_191109/00012473.tar.gz
HTAR: a   instcat_y01_191109/00012474.tar.gz
HTAR: a   instcat_y01_191109/00012475.tar.gz
HTAR: a   instcat_y01_191109/00012476.tar.gz
HTAR: a   instcat_y01_191109/00012477.tar.gz
HTAR: a   instcat_y01_191109/00012478.tar.gz
HTAR: a   instcat_y01_191109/00012479.tar.gz
HTAR: a   instcat_y01_191109/00012480.tar.gz
HTAR: a   instcat_y01_191109/00012481.tar.gz
HTAR: a   instcat_y01_191109/00012482.tar.gz
HTAR: a   instcat_y01_191109/00012483.tar.gz
HTAR: a   instcat_y01_191109/00012484.tar.gz
HTAR: a   instcat_y01_191109/00013171.tar.gz
HTAR: a   instcat_y01_191109/00013172.tar.gz
HTAR: a   instcat_y01_191109/00013173.tar.gz
HTAR: a   instcat_y01_191109/00013213.tar.gz
HTAR: a   instcat_y01_191109/00013214.tar.gz
HTAR: a   instcat_y01_191109/00013215.tar.gz
HTAR: a   instcat_y01_191109/00013216.tar.gz
HTAR: a   instcat_y01_191109/00013217.tar.gz
HTAR: a   instcat_y01_191109/00013262.tar.gz
HTAR: a   instcat_y01_191109/00013263.tar.gz
HTAR: a   instcat_y01_191109/00013267.tar.gz
HTAR: a   instcat_y01_191109/00013268.tar.gz
HTAR: a   instcat_y01_191109/00013271.tar.gz
HTAR: a   instcat_y01_191109/00013272.tar.gz
HTAR: a   instcat_y01_191109/00013273.tar.gz
HTAR: a   instcat_y01_191109/00013274.tar.gz
HTAR: a   instcat_y01_191109/00013275.tar.gz
HTAR: a   instcat_y01_191109/00013276.tar.gz
HTAR: a   instcat_y01_191109/00013277.tar.gz
HTAR: a   instcat_y01_191109/00013278.tar.gz
HTAR: a   instcat_y01_191109/00013279.tar.gz
HTAR: a   instcat_y01_191109/00013280.tar.gz
HTAR: a   instcat_y01_191109/00013283.tar.gz
HTAR: a   instcat_y01_191109/00013284.tar.gz
HTAR: a   instcat_y01_191109/00013285.tar.gz
HTAR: a   instcat_y01_191109/00013286.tar.gz
HTAR: a   instcat_y01_191109/00013287.tar.gz
HTAR: a   instcat_y01_191109/00013288.tar.gz
HTAR: a   instcat_y01_191109/00013289.tar.gz
HTAR: a   instcat_y01_191109/00013290.tar.gz
HTAR: a   instcat_y01_191109/00013291.tar.gz
HTAR: a   instcat_y01_191109/00013315.tar.gz
HTAR: a   instcat_y01_191109/00013316.tar.gz
HTAR: a   instcat_y01_191109/00013319.tar.gz
HTAR: a   instcat_y01_191109/00013320.tar.gz
HTAR: a   instcat_y01_191109/00013321.tar.gz
HTAR: a   instcat_y01_191109/00013322.tar.gz
HTAR: a   instcat_y01_191109/00013323.tar.gz
HTAR: a   instcat_y01_191109/00013326.tar.gz
HTAR: a   instcat_y01_191109/00013327.tar.gz
HTAR: a   instcat_y01_191109/00013328.tar.gz
HTAR: a   instcat_y01_191109/00013329.tar.gz
HTAR: a   instcat_y01_191109/00013330.tar.gz
HTAR: a   instcat_y01_191109/00013331.tar.gz
HTAR: a   instcat_y01_191109/00013332.tar.gz
HTAR: a   instcat_y01_191109/00013333.tar.gz
HTAR: a   instcat_y01_191109/00013334.tar.gz
HTAR: a   instcat_y01_191109/00013335.tar.gz
HTAR: a   instcat_y01_191109/00013337.tar.gz
HTAR: a   instcat_y01_191109/00013338.tar.gz
HTAR: a   instcat_y01_191109/00013339.tar.gz
HTAR: a   instcat_y01_191109/00013340.tar.gz
HTAR: a   instcat_y01_191109/00013341.tar.gz
HTAR: a   instcat_y01_191109/00013342.tar.gz
HTAR: a   instcat_y01_191109/00013343.tar.gz
HTAR: a   instcat_y01_191109/00013344.tar.gz
HTAR: a   instcat_y01_191109/00013345.tar.gz
HTAR: a   instcat_y01_191109/00013405.tar.gz
HTAR: a   instcat_y01_191109/00013406.tar.gz
HTAR: a   instcat_y01_191109/00013407.tar.gz
HTAR: a   instcat_y01_191109/00013408.tar.gz
HTAR: a   instcat_y01_191109/00013847.tar.gz
HTAR: a   instcat_y01_191109/00013876.tar.gz
HTAR: a   instcat_y01_191109/00013877.tar.gz
HTAR: a   instcat_y01_191109/00015764.tar.gz
HTAR: a   instcat_y01_191109/00015765.tar.gz
HTAR: a   instcat_y01_191109/00016865.tar.gz
HTAR: a   instcat_y01_191109/00016868.tar.gz
HTAR: a   instcat_y01_191109/00016894.tar.gz
HTAR: a   instcat_y01_191109/00016912.tar.gz
HTAR: a   instcat_y01_191109/00016921.tar.gz
HTAR: a   instcat_y01_191109/00016922.tar.gz
HTAR: a   instcat_y01_191109/00016923.tar.gz
HTAR: a   instcat_y01_191109/00016924.tar.gz
HTAR: a   instcat_y01_191109/00024144.tar.gz
HTAR: a   instcat_y01_191109/00024174.tar.gz
HTAR: a   instcat_y01_191109/00027746.tar.gz
HTAR: a   instcat_y01_191109/00027747.tar.gz
HTAR: a   instcat_y01_191109/00030982.tar.gz
HTAR: a   instcat_y01_191109/00032061.tar.gz
HTAR: a   instcat_y01_191109/00032062.tar.gz
HTAR: a   instcat_y01_191109/00032101.tar.gz
HTAR: a   instcat_y01_191109/00032645.tar.gz
HTAR: a   instcat_y01_191109/00032648.tar.gz
HTAR: a   instcat_y01_191109/00032652.tar.gz
HTAR: a   instcat_y01_191109/00032664.tar.gz
HTAR: a   instcat_y01_191109/00032677.tar.gz
HTAR: a   instcat_y01_191109/00032678.tar.gz
HTAR: a   instcat_y01_191109/00032679.tar.gz
HTAR: a   instcat_y01_191109/00032680.tar.gz
HTAR: a   instcat_y01_191109/00032681.tar.gz
HTAR: a   instcat_y01_191109/00032682.tar.gz
HTAR: a   instcat_y01_191109/00032683.tar.gz
HTAR: a   instcat_y01_191109/00032684.tar.gz
HTAR: a   instcat_y01_191109/00032685.tar.gz
HTAR: a   instcat_y01_191109/00032686.tar.gz
HTAR: a   instcat_y01_191109/00032687.tar.gz
HTAR: a   instcat_y01_191109/00032691.tar.gz
HTAR: a   instcat_y01_191109/00032692.tar.gz
HTAR: a   instcat_y01_191109/00032693.tar.gz
HTAR: a   instcat_y01_191109/00032705.tar.gz
HTAR: a   instcat_y01_191109/00033678.tar.gz
HTAR: a   instcat_y01_191109/00033679.tar.gz
HTAR: a   instcat_y01_191109/job_log_00012467.txt
HTAR: a   instcat_y01_191109/job_log_00012468.txt
HTAR: a   instcat_y01_191109/job_log_00012469.txt
HTAR: a   instcat_y01_191109/job_log_00012470.txt
HTAR: a   instcat_y01_191109/job_log_00012471.txt
HTAR: a   instcat_y01_191109/job_log_00012472.txt
HTAR: a   instcat_y01_191109/job_log_00012473.txt
HTAR: a   instcat_y01_191109/job_log_00012474.txt
HTAR: a   instcat_y01_191109/job_log_00012475.txt
HTAR: a   instcat_y01_191109/job_log_00012476.txt
HTAR: a   instcat_y01_191109/job_log_00012477.txt
HTAR: a   instcat_y01_191109/job_log_00012478.txt
HTAR: a   instcat_y01_191109/job_log_00012479.txt
HTAR: a   instcat_y01_191109/job_log_00012480.txt
HTAR: a   instcat_y01_191109/job_log_00012481.txt
HTAR: a   instcat_y01_191109/job_log_00012482.txt
HTAR: a   instcat_y01_191109/job_log_00012483.txt
HTAR: a   instcat_y01_191109/job_log_00012484.txt
HTAR: a   instcat_y01_191109/job_log_00013171.txt
HTAR: a   instcat_y01_191109/job_log_00013172.txt
HTAR: a   instcat_y01_191109/job_log_00013173.txt
HTAR: a   instcat_y01_191109/job_log_00013213.txt
HTAR: a   instcat_y01_191109/job_log_00013214.txt
HTAR: a   instcat_y01_191109/job_log_00013215.txt
HTAR: a   instcat_y01_191109/job_log_00013216.txt
HTAR: a   instcat_y01_191109/job_log_00013217.txt
HTAR: a   instcat_y01_191109/job_log_00013262.txt
HTAR: a   instcat_y01_191109/job_log_00013263.txt
HTAR: a   instcat_y01_191109/job_log_00013267.txt
HTAR: a   instcat_y01_191109/job_log_00013268.txt
HTAR: a   instcat_y01_191109/job_log_00013271.txt
HTAR: a   instcat_y01_191109/job_log_00013272.txt
HTAR: a   instcat_y01_191109/job_log_00013273.txt
HTAR: a   instcat_y01_191109/job_log_00013274.txt
HTAR: a   instcat_y01_191109/job_log_00013275.txt
HTAR: a   instcat_y01_191109/job_log_00013276.txt
HTAR: a   instcat_y01_191109/job_log_00013277.txt
HTAR: a   instcat_y01_191109/job_log_00013278.txt
HTAR: a   instcat_y01_191109/job_log_00013279.txt
HTAR: a   instcat_y01_191109/job_log_00013280.txt
HTAR: a   instcat_y01_191109/job_log_00013283.txt
HTAR: a   instcat_y01_191109/job_log_00013284.txt
HTAR: a   instcat_y01_191109/job_log_00013285.txt
HTAR: a   instcat_y01_191109/job_log_00013286.txt
HTAR: a   instcat_y01_191109/job_log_00013287.txt
HTAR: a   instcat_y01_191109/job_log_00013288.txt
HTAR: a   instcat_y01_191109/job_log_00013289.txt
HTAR: a   instcat_y01_191109/job_log_00013290.txt
HTAR: a   instcat_y01_191109/job_log_00013291.txt
HTAR: a   instcat_y01_191109/job_log_00013315.txt
HTAR: a   instcat_y01_191109/job_log_00013316.txt
HTAR: a   instcat_y01_191109/job_log_00013319.txt
HTAR: a   instcat_y01_191109/job_log_00013320.txt
HTAR: a   instcat_y01_191109/job_log_00013321.txt
HTAR: a   instcat_y01_191109/job_log_00013322.txt
HTAR: a   instcat_y01_191109/job_log_00013323.txt
HTAR: a   instcat_y01_191109/job_log_00013326.txt
HTAR: a   instcat_y01_191109/job_log_00013327.txt
HTAR: a   instcat_y01_191109/job_log_00013328.txt
HTAR: a   instcat_y01_191109/job_log_00013329.txt
HTAR: a   instcat_y01_191109/job_log_00013330.txt
HTAR: a   instcat_y01_191109/job_log_00013331.txt
HTAR: a   instcat_y01_191109/job_log_00013332.txt
HTAR: a   instcat_y01_191109/job_log_00013333.txt
HTAR: a   instcat_y01_191109/job_log_00013334.txt
HTAR: a   instcat_y01_191109/job_log_00013335.txt
HTAR: a   instcat_y01_191109/job_log_00013337.txt
HTAR: a   instcat_y01_191109/job_log_00013338.txt
HTAR: a   instcat_y01_191109/job_log_00013339.txt
HTAR: a   instcat_y01_191109/job_log_00013340.txt
HTAR: a   instcat_y01_191109/job_log_00013341.txt
HTAR: a   instcat_y01_191109/job_log_00013342.txt
HTAR: a   instcat_y01_191109/job_log_00013343.txt
HTAR: a   instcat_y01_191109/job_log_00013344.txt
HTAR: a   instcat_y01_191109/job_log_00013345.txt
HTAR: a   instcat_y01_191109/job_log_00013405.txt
HTAR: a   instcat_y01_191109/job_log_00013406.txt
HTAR: a   instcat_y01_191109/job_log_00013407.txt
HTAR: a   instcat_y01_191109/job_log_00013408.txt
HTAR: a   instcat_y01_191109/job_log_00013847.txt
HTAR: a   instcat_y01_191109/job_log_00013876.txt
HTAR: a   instcat_y01_191109/job_log_00013877.txt
HTAR: a   instcat_y01_191109/job_log_00015764.txt
HTAR: a   instcat_y01_191109/job_log_00015765.txt
HTAR: a   instcat_y01_191109/job_log_00016865.txt
HTAR: a   instcat_y01_191109/job_log_00016868.txt
HTAR: a   instcat_y01_191109/job_log_00016894.txt
HTAR: a   instcat_y01_191109/job_log_00016912.txt
HTAR: a   instcat_y01_191109/job_log_00016921.txt
HTAR: a   instcat_y01_191109/job_log_00016922.txt
HTAR: a   instcat_y01_191109/job_log_00016923.txt
HTAR: a   instcat_y01_191109/job_log_00016924.txt
HTAR: a   instcat_y01_191109/job_log_00024144.txt
HTAR: a   instcat_y01_191109/job_log_00024174.txt
HTAR: a   instcat_y01_191109/job_log_00027746.txt
HTAR: a   instcat_y01_191109/job_log_00027747.txt
HTAR: a   instcat_y01_191109/job_log_00030982.txt
HTAR: a   instcat_y01_191109/job_log_00032061.txt
HTAR: a   instcat_y01_191109/job_log_00032062.txt
HTAR: a   instcat_y01_191109/job_log_00032101.txt
HTAR: a   instcat_y01_191109/job_log_00032645.txt
HTAR: a   instcat_y01_191109/job_log_00032648.txt
HTAR: a   instcat_y01_191109/job_log_00032652.txt
HTAR: a   instcat_y01_191109/job_log_00032664.txt
HTAR: a   instcat_y01_191109/job_log_00032677.txt
HTAR: a   instcat_y01_191109/job_log_00032678.txt
HTAR: a   instcat_y01_191109/job_log_00032679.txt
HTAR: a   instcat_y01_191109/job_log_00032680.txt
HTAR: a   instcat_y01_191109/job_log_00032681.txt
HTAR: a   instcat_y01_191109/job_log_00032682.txt
HTAR: a   instcat_y01_191109/job_log_00032683.txt
HTAR: a   instcat_y01_191109/job_log_00032684.txt
HTAR: a   instcat_y01_191109/job_log_00032685.txt
HTAR: a   instcat_y01_191109/job_log_00032686.txt
HTAR: a   instcat_y01_191109/job_log_00032687.txt
HTAR: a   instcat_y01_191109/job_log_00032691.txt
HTAR: a   instcat_y01_191109/job_log_00032692.txt
HTAR: a   instcat_y01_191109/job_log_00032693.txt
HTAR: a   instcat_y01_191109/job_log_00032705.txt
HTAR: a   instcat_y01_191109/job_log_00033678.txt
HTAR: a   instcat_y01_191109/job_log_00033679.txt
HTAR: a   /tmp/HTAR_CF_CHK_36548_1578362751
HTAR Create complete for /home/projects/desc/DC2_ImSim/Run2.2i/instCat/y01_191109/00012467to00033679.tar. 527,106,959,872 bytes written for 242 member files, max threads: 50 Transfer time: 3790.161 seconds (139.072 MB/s) wallclock/user/sys: 3794.814 4691.373 1395.852 seconds
HTAR: HTAR SUCCESSFUL
HTAR: a   instcat_y01_191109/00033714.tar.gz
HTAR: a   instcat_y01_191109/00033715.tar.gz
HTAR: a   instcat_y01_191109/00033716.tar.gz
HTAR: a   instcat_y01_191109/00033717.tar.gz
HTAR: a   instcat_y01_191109/00033719.tar.gz
HTAR: a   instcat_y01_191109/00033720.tar.gz
HTAR: a   instcat_y01_191109/00033721.tar.gz
HTAR: a   instcat_y01_191109/00033722.tar.gz
HTAR: a   instcat_y01_191109/00033723.tar.gz
HTAR: a   instcat_y01_191109/00033724.tar.gz
HTAR: a   instcat_y01_191109/00033725.tar.gz
HTAR: a   instcat_y01_191109/00035135.tar.gz
HTAR: a   instcat_y01_191109/00035171.tar.gz
HTAR: a   instcat_y01_191109/00035172.tar.gz
HTAR: a   instcat_y01_191109/00035173.tar.gz
HTAR: a   instcat_y01_191109/00037609.tar.gz
HTAR: a   instcat_y01_191109/00037610.tar.gz
HTAR: a   instcat_y01_191109/00037656.tar.gz
HTAR: a   instcat_y01_191109/00037657.tar.gz
HTAR: a   instcat_y01_191109/00037658.tar.gz
HTAR: a   instcat_y01_191109/00039425.tar.gz
HTAR: a   instcat_y01_191109/00039426.tar.gz
HTAR: a   instcat_y01_191109/00039427.tar.gz
HTAR: a   instcat_y01_191109/00039428.tar.gz
HTAR: a   instcat_y01_191109/00039466.tar.gz
HTAR: a   instcat_y01_191109/00039478.tar.gz
HTAR: a   instcat_y01_191109/00039479.tar.gz
HTAR: a   instcat_y01_191109/00039480.tar.gz
HTAR: a   instcat_y01_191109/00040243.tar.gz
HTAR: a   instcat_y01_191109/00040246.tar.gz
HTAR: a   instcat_y01_191109/00040247.tar.gz
HTAR: a   instcat_y01_191109/00040248.tar.gz
HTAR: a   instcat_y01_191109/00040266.tar.gz
HTAR: a   instcat_y01_191109/00040267.tar.gz
HTAR: a   instcat_y01_191109/00040275.tar.gz
HTAR: a   instcat_y01_191109/00040276.tar.gz
HTAR: a   instcat_y01_191109/00040277.tar.gz
HTAR: a   instcat_y01_191109/00040282.tar.gz
HTAR: a   instcat_y01_191109/00040283.tar.gz
HTAR: a   instcat_y01_191109/00040316.tar.gz
HTAR: a   instcat_y01_191109/00040317.tar.gz
HTAR: a   instcat_y01_191109/00040318.tar.gz
HTAR: a   instcat_y01_191109/00040319.tar.gz
HTAR: a   instcat_y01_191109/00040320.tar.gz
HTAR: a   instcat_y01_191109/00040321.tar.gz
HTAR: a   instcat_y01_191109/00040322.tar.gz
HTAR: a   instcat_y01_191109/00040323.tar.gz
HTAR: a   instcat_y01_191109/00040324.tar.gz
HTAR: a   instcat_y01_191109/00040325.tar.gz
HTAR: a   instcat_y01_191109/00040326.tar.gz
HTAR: a   instcat_y01_191109/00040327.tar.gz
HTAR: a   instcat_y01_191109/00040328.tar.gz
HTAR: a   instcat_y01_191109/00040329.tar.gz
HTAR: a   instcat_y01_191109/00040330.tar.gz
HTAR: a   instcat_y01_191109/00040331.tar.gz
HTAR: a   instcat_y01_191109/00040349.tar.gz
HTAR: a   instcat_y01_191109/00040350.tar.gz
HTAR: a   instcat_y01_191109/00040351.tar.gz
HTAR: a   instcat_y01_191109/00040352.tar.gz
HTAR: a   instcat_y01_191109/00040353.tar.gz
HTAR: a   instcat_y01_191109/00040354.tar.gz
HTAR: a   instcat_y01_191109/00040355.tar.gz
HTAR: a   instcat_y01_191109/00040356.tar.gz
HTAR: a   instcat_y01_191109/00040357.tar.gz
HTAR: a   instcat_y01_191109/00040358.tar.gz
HTAR: a   instcat_y01_191109/00040359.tar.gz
HTAR: a   instcat_y01_191109/00040360.tar.gz
HTAR: a   instcat_y01_191109/00040382.tar.gz
HTAR: a   instcat_y01_191109/00040383.tar.gz
HTAR: a   instcat_y01_191109/00040385.tar.gz
HTAR: a   instcat_y01_191109/00040386.tar.gz
HTAR: a   instcat_y01_191109/00040428.tar.gz
HTAR: a   instcat_y01_191109/00046278.tar.gz
HTAR: a   instcat_y01_191109/00046289.tar.gz
HTAR: a   instcat_y01_191109/00046291.tar.gz
HTAR: a   instcat_y01_191109/00046292.tar.gz
HTAR: a   instcat_y01_191109/00046306.tar.gz
HTAR: a   instcat_y01_191109/00046319.tar.gz
HTAR: a   instcat_y01_191109/00046322.tar.gz
HTAR: a   instcat_y01_191109/00048971.tar.gz
HTAR: a   instcat_y01_191109/00051618.tar.gz
HTAR: a   instcat_y01_191109/00051621.tar.gz
HTAR: a   instcat_y01_191109/00051622.tar.gz
HTAR: a   instcat_y01_191109/00051625.tar.gz
HTAR: a   instcat_y01_191109/00051626.tar.gz
HTAR: a   instcat_y01_191109/00052527.tar.gz
HTAR: a   instcat_y01_191109/00052529.tar.gz
HTAR: a   instcat_y01_191109/00052541.tar.gz
HTAR: a   instcat_y01_191109/00052542.tar.gz
HTAR: a   instcat_y01_191109/00052543.tar.gz
HTAR: a   instcat_y01_191109/00052544.tar.gz
HTAR: a   instcat_y01_191109/00053397.tar.gz
HTAR: a   instcat_y01_191109/00053398.tar.gz
HTAR: a   instcat_y01_191109/00053402.tar.gz
HTAR: a   instcat_y01_191109/00053411.tar.gz
HTAR: a   instcat_y01_191109/00054300.tar.gz
HTAR: a   instcat_y01_191109/00055224.tar.gz
HTAR: a   instcat_y01_191109/00055244.tar.gz
HTAR: a   instcat_y01_191109/00057155.tar.gz
HTAR: a   instcat_y01_191109/00057156.tar.gz
HTAR: a   instcat_y01_191109/00057157.tar.gz
HTAR: a   instcat_y01_191109/00057158.tar.gz
HTAR: a   instcat_y01_191109/00057159.tar.gz
HTAR: a   instcat_y01_191109/00057160.tar.gz
HTAR: a   instcat_y01_191109/00057161.tar.gz
HTAR: a   instcat_y01_191109/00057162.tar.gz
HTAR: a   instcat_y01_191109/00057202.tar.gz
HTAR: a   instcat_y01_191109/00060783.tar.gz
HTAR: a   instcat_y01_191109/00060888.tar.gz
HTAR: a   instcat_y01_191109/00060889.tar.gz
HTAR: a   instcat_y01_191109/00060890.tar.gz
HTAR: a   instcat_y01_191109/00060891.tar.gz
HTAR: a   instcat_y01_191109/00060892.tar.gz
HTAR: a   instcat_y01_191109/00060897.tar.gz
HTAR: a   instcat_y01_191109/00060898.tar.gz
HTAR: a   instcat_y01_191109/00060902.tar.gz
HTAR: a   instcat_y01_191109/00060918.tar.gz
HTAR: a   instcat_y01_191109/00060919.tar.gz
HTAR: a   instcat_y01_191109/00062621.tar.gz
HTAR: a   instcat_y01_191109/00062622.tar.gz
HTAR: a   instcat_y01_191109/00064483.tar.gz
HTAR: a   instcat_y01_191109/job_log_00033714.txt
HTAR: a   instcat_y01_191109/job_log_00033715.txt
HTAR: a   instcat_y01_191109/job_log_00033716.txt
HTAR: a   instcat_y01_191109/job_log_00033717.txt
HTAR: a   instcat_y01_191109/job_log_00033719.txt
HTAR: a   instcat_y01_191109/job_log_00033720.txt
HTAR: a   instcat_y01_191109/job_log_00033721.txt
HTAR: a   instcat_y01_191109/job_log_00033722.txt
HTAR: a   instcat_y01_191109/job_log_00033723.txt
HTAR: a   instcat_y01_191109/job_log_00033724.txt
HTAR: a   instcat_y01_191109/job_log_00033725.txt
HTAR: a   instcat_y01_191109/job_log_00035135.txt
HTAR: a   instcat_y01_191109/job_log_00035171.txt
HTAR: a   instcat_y01_191109/job_log_00035172.txt
HTAR: a   instcat_y01_191109/job_log_00035173.txt
HTAR: a   instcat_y01_191109/job_log_00037609.txt
HTAR: a   instcat_y01_191109/job_log_00037610.txt
HTAR: a   instcat_y01_191109/job_log_00037656.txt
HTAR: a   instcat_y01_191109/job_log_00037657.txt
HTAR: a   instcat_y01_191109/job_log_00037658.txt
HTAR: a   instcat_y01_191109/job_log_00039425.txt
HTAR: a   instcat_y01_191109/job_log_00039426.txt
HTAR: a   instcat_y01_191109/job_log_00039427.txt
HTAR: a   instcat_y01_191109/job_log_00039428.txt
HTAR: a   instcat_y01_191109/job_log_00039466.txt
HTAR: a   instcat_y01_191109/job_log_00039478.txt
HTAR: a   instcat_y01_191109/job_log_00039479.txt
HTAR: a   instcat_y01_191109/job_log_00039480.txt
HTAR: a   instcat_y01_191109/job_log_00040243.txt
HTAR: a   instcat_y01_191109/job_log_00040246.txt
HTAR: a   instcat_y01_191109/job_log_00040247.txt
HTAR: a   instcat_y01_191109/job_log_00040248.txt
HTAR: a   instcat_y01_191109/job_log_00040266.txt
HTAR: a   instcat_y01_191109/job_log_00040267.txt
HTAR: a   instcat_y01_191109/job_log_00040275.txt
HTAR: a   instcat_y01_191109/job_log_00040276.txt
HTAR: a   instcat_y01_191109/job_log_00040277.txt
HTAR: a   instcat_y01_191109/job_log_00040282.txt
HTAR: a   instcat_y01_191109/job_log_00040283.txt
HTAR: a   instcat_y01_191109/job_log_00040316.txt
HTAR: a   instcat_y01_191109/job_log_00040317.txt
HTAR: a   instcat_y01_191109/job_log_00040318.txt
HTAR: a   instcat_y01_191109/job_log_00040319.txt
HTAR: a   instcat_y01_191109/job_log_00040320.txt
HTAR: a   instcat_y01_191109/job_log_00040321.txt
HTAR: a   instcat_y01_191109/job_log_00040322.txt
HTAR: a   instcat_y01_191109/job_log_00040323.txt
HTAR: a   instcat_y01_191109/job_log_00040324.txt
HTAR: a   instcat_y01_191109/job_log_00040325.txt
HTAR: a   instcat_y01_191109/job_log_00040326.txt
HTAR: a   instcat_y01_191109/job_log_00040327.txt
HTAR: a   instcat_y01_191109/job_log_00040328.txt
HTAR: a   instcat_y01_191109/job_log_00040329.txt
HTAR: a   instcat_y01_191109/job_log_00040330.txt
HTAR: a   instcat_y01_191109/job_log_00040331.txt
HTAR: a   instcat_y01_191109/job_log_00040349.txt
HTAR: a   instcat_y01_191109/job_log_00040350.txt
HTAR: a   instcat_y01_191109/job_log_00040351.txt
HTAR: a   instcat_y01_191109/job_log_00040352.txt
HTAR: a   instcat_y01_191109/job_log_00040353.txt
HTAR: a   instcat_y01_191109/job_log_00040354.txt
HTAR: a   instcat_y01_191109/job_log_00040355.txt
HTAR: a   instcat_y01_191109/job_log_00040356.txt
HTAR: a   instcat_y01_191109/job_log_00040357.txt
HTAR: a   instcat_y01_191109/job_log_00040358.txt
HTAR: a   instcat_y01_191109/job_log_00040359.txt
HTAR: a   instcat_y01_191109/job_log_00040360.txt
HTAR: a   instcat_y01_191109/job_log_00040382.txt
HTAR: a   instcat_y01_191109/job_log_00040383.txt
HTAR: a   instcat_y01_191109/job_log_00040385.txt
HTAR: a   instcat_y01_191109/job_log_00040386.txt
HTAR: a   instcat_y01_191109/job_log_00040428.txt
HTAR: a   instcat_y01_191109/job_log_00046278.txt
HTAR: a   instcat_y01_191109/job_log_00046289.txt
HTAR: a   instcat_y01_191109/job_log_00046291.txt
HTAR: a   instcat_y01_191109/job_log_00046292.txt
HTAR: a   instcat_y01_191109/job_log_00046306.txt
HTAR: a   instcat_y01_191109/job_log_00046319.txt
HTAR: a   instcat_y01_191109/job_log_00046322.txt
HTAR: a   instcat_y01_191109/job_log_00048971.txt
HTAR: a   instcat_y01_191109/job_log_00051618.txt
HTAR: a   instcat_y01_191109/job_log_00051621.txt
HTAR: a   instcat_y01_191109/job_log_00051622.txt
HTAR: a   instcat_y01_191109/job_log_00051625.txt
HTAR: a   instcat_y01_191109/job_log_00051626.txt
HTAR: a   instcat_y01_191109/job_log_00052527.txt
HTAR: a   instcat_y01_191109/job_log_00052529.txt
HTAR: a   instcat_y01_191109/job_log_00052541.txt
HTAR: a   instcat_y01_191109/job_log_00052542.txt
HTAR: a   instcat_y01_191109/job_log_00052543.txt
HTAR: a   instcat_y01_191109/job_log_00052544.txt
HTAR: a   instcat_y01_191109/job_log_00053397.txt
HTAR: a   instcat_y01_191109/job_log_00053398.txt
HTAR: a   instcat_y01_191109/job_log_00053402.txt
HTAR: a   instcat_y01_191109/job_log_00053411.txt
HTAR: a   instcat_y01_191109/job_log_00054300.txt
HTAR: a   instcat_y01_191109/job_log_00055224.txt
HTAR: a   instcat_y01_191109/job_log_00055244.txt
HTAR: a   instcat_y01_191109/job_log_00057155.txt
HTAR: a   instcat_y01_191109/job_log_00057156.txt
HTAR: a   instcat_y01_191109/job_log_00057157.txt
HTAR: a   instcat_y01_191109/job_log_00057158.txt
HTAR: a   instcat_y01_191109/job_log_00057159.txt
HTAR: a   instcat_y01_191109/job_log_00057160.txt
HTAR: a   instcat_y01_191109/job_log_00057161.txt
HTAR: a   instcat_y01_191109/job_log_00057162.txt
HTAR: a   instcat_y01_191109/job_log_00057202.txt
HTAR: a   instcat_y01_191109/job_log_00060783.txt
HTAR: a   instcat_y01_191109/job_log_00060888.txt
HTAR: a   instcat_y01_191109/job_log_00060889.txt
HTAR: a   instcat_y01_191109/job_log_00060890.txt
HTAR: a   instcat_y01_191109/job_log_00060891.txt
HTAR: a   instcat_y01_191109/job_log_00060892.txt
HTAR: a   instcat_y01_191109/job_log_00060897.txt
HTAR: a   instcat_y01_191109/job_log_00060898.txt
HTAR: a   instcat_y01_191109/job_log_00060902.txt
HTAR: a   instcat_y01_191109/job_log_00060918.txt
HTAR: a   instcat_y01_191109/job_log_00060919.txt
HTAR: a   instcat_y01_191109/job_log_00062621.txt
HTAR: a   instcat_y01_191109/job_log_00062622.txt
HTAR: a   instcat_y01_191109/job_log_00064483.txt
HTAR: a   /tmp/HTAR_CF_CHK_12195_1578366550
HTAR Create complete for /home/projects/desc/DC2_ImSim/Run2.2i/instCat/y01_191109/00033714to00064483.tar. 517,484,068,864 bytes written for 242 member files, max threads: 50 Transfer time: 3662.192 seconds (141.304 MB/s) wallclock/user/sys: 3668.392 4518.997 1420.804 seconds
HTAR: HTAR SUCCESSFUL
HTAR: a   instcat_y01_191109/00064486.tar.gz
HTAR: a   instcat_y01_191109/00064487.tar.gz
HTAR: a   instcat_y01_191109/00064497.tar.gz
HTAR: a   instcat_y01_191109/00064498.tar.gz
HTAR: a   instcat_y01_191109/00064516.tar.gz
HTAR: a   instcat_y01_191109/00064519.tar.gz
HTAR: a   instcat_y01_191109/00064520.tar.gz
HTAR: a   instcat_y01_191109/00067992.tar.gz
HTAR: a   instcat_y01_191109/00068003.tar.gz
HTAR: a   instcat_y01_191109/00068021.tar.gz
HTAR: a   instcat_y01_191109/00068022.tar.gz
HTAR: a   instcat_y01_191109/00076032.tar.gz
HTAR: a   instcat_y01_191109/00080926.tar.gz
HTAR: a   instcat_y01_191109/00080930.tar.gz
HTAR: a   instcat_y01_191109/00082951.tar.gz
HTAR: a   instcat_y01_191109/00083918.tar.gz
HTAR: a   instcat_y01_191109/00083921.tar.gz
HTAR: a   instcat_y01_191109/00083949.tar.gz
HTAR: a   instcat_y01_191109/00085168.tar.gz
HTAR: a   instcat_y01_191109/00087164.tar.gz
HTAR: a   instcat_y01_191109/00087189.tar.gz
HTAR: a   instcat_y01_191109/00087190.tar.gz
HTAR: a   instcat_y01_191109/00159468.tar.gz
HTAR: a   instcat_y01_191109/00159469.tar.gz
HTAR: a   instcat_y01_191109/00159470.tar.gz
HTAR: a   instcat_y01_191109/00159471.tar.gz
HTAR: a   instcat_y01_191109/00159476.tar.gz
HTAR: a   instcat_y01_191109/00159477.tar.gz
HTAR: a   instcat_y01_191109/00159478.tar.gz
HTAR: a   instcat_y01_191109/00159479.tar.gz
HTAR: a   instcat_y01_191109/00159480.tar.gz
HTAR: a   instcat_y01_191109/00159481.tar.gz
HTAR: a   instcat_y01_191109/00159487.tar.gz
HTAR: a   instcat_y01_191109/00159488.tar.gz
HTAR: a   instcat_y01_191109/00159489.tar.gz
HTAR: a   instcat_y01_191109/00159490.tar.gz
HTAR: a   instcat_y01_191109/00159491.tar.gz
HTAR: a   instcat_y01_191109/00159492.tar.gz
HTAR: a   instcat_y01_191109/00159493.tar.gz
HTAR: a   instcat_y01_191109/00159494.tar.gz
HTAR: a   instcat_y01_191109/00159495.tar.gz
HTAR: a   instcat_y01_191109/00159496.tar.gz
HTAR: a   instcat_y01_191109/00159507.tar.gz
HTAR: a   instcat_y01_191109/00159508.tar.gz
HTAR: a   instcat_y01_191109/00159509.tar.gz
HTAR: a   instcat_y01_191109/00159519.tar.gz
HTAR: a   instcat_y01_191109/00159520.tar.gz
HTAR: a   instcat_y01_191109/00159521.tar.gz
HTAR: a   instcat_y01_191109/00159522.tar.gz
HTAR: a   instcat_y01_191109/00159523.tar.gz
HTAR: a   instcat_y01_191109/00159541.tar.gz
HTAR: a   instcat_y01_191109/00159542.tar.gz
HTAR: a   instcat_y01_191109/00159543.tar.gz
HTAR: a   instcat_y01_191109/00159582.tar.gz
HTAR: a   instcat_y01_191109/00159583.tar.gz
HTAR: a   instcat_y01_191109/00159584.tar.gz
HTAR: a   instcat_y01_191109/00159585.tar.gz
HTAR: a   instcat_y01_191109/00160354.tar.gz
HTAR: a   instcat_y01_191109/00160355.tar.gz
HTAR: a   instcat_y01_191109/00160356.tar.gz
HTAR: a   instcat_y01_191109/00160357.tar.gz
HTAR: a   instcat_y01_191109/00160358.tar.gz
HTAR: a   instcat_y01_191109/00160359.tar.gz
HTAR: a   instcat_y01_191109/00160379.tar.gz
HTAR: a   instcat_y01_191109/00160380.tar.gz
HTAR: a   instcat_y01_191109/00160381.tar.gz
HTAR: a   instcat_y01_191109/00160382.tar.gz
HTAR: a   instcat_y01_191109/00160384.tar.gz
HTAR: a   instcat_y01_191109/00160385.tar.gz
HTAR: a   instcat_y01_191109/00160912.tar.gz
HTAR: a   instcat_y01_191109/00160913.tar.gz
HTAR: a   instcat_y01_191109/00160914.tar.gz
HTAR: a   instcat_y01_191109/00160957.tar.gz
HTAR: a   instcat_y01_191109/00160958.tar.gz
HTAR: a   instcat_y01_191109/00160959.tar.gz
HTAR: a   instcat_y01_191109/00161016.tar.gz
HTAR: a   instcat_y01_191109/00161019.tar.gz
HTAR: a   instcat_y01_191109/00161020.tar.gz
HTAR: a   instcat_y01_191109/00161021.tar.gz
HTAR: a   instcat_y01_191109/00161022.tar.gz
HTAR: a   instcat_y01_191109/00161024.tar.gz
HTAR: a   instcat_y01_191109/00161026.tar.gz
HTAR: a   instcat_y01_191109/00161027.tar.gz
HTAR: a   instcat_y01_191109/00161984.tar.gz
HTAR: a   instcat_y01_191109/00162699.tar.gz
HTAR: a   instcat_y01_191109/00162700.tar.gz
HTAR: a   instcat_y01_191109/00166955.tar.gz
HTAR: a   instcat_y01_191109/00166957.tar.gz
HTAR: a   instcat_y01_191109/00166958.tar.gz
HTAR: a   instcat_y01_191109/00166959.tar.gz
HTAR: a   instcat_y01_191109/00166960.tar.gz
HTAR: a   instcat_y01_191109/00166974.tar.gz
HTAR: a   instcat_y01_191109/00167850.tar.gz
HTAR: a   instcat_y01_191109/00167851.tar.gz
HTAR: a   instcat_y01_191109/00167852.tar.gz
HTAR: a   instcat_y01_191109/00167853.tar.gz
HTAR: a   instcat_y01_191109/00167854.tar.gz
HTAR: a   instcat_y01_191109/00167855.tar.gz
HTAR: a   instcat_y01_191109/00167856.tar.gz
HTAR: a   instcat_y01_191109/00167857.tar.gz
HTAR: a   instcat_y01_191109/00167858.tar.gz
HTAR: a   instcat_y01_191109/00167859.tar.gz
HTAR: a   instcat_y01_191109/00167860.tar.gz
HTAR: a   instcat_y01_191109/00167861.tar.gz
HTAR: a   instcat_y01_191109/00167862.tar.gz
HTAR: a   instcat_y01_191109/00167863.tar.gz
HTAR: a   instcat_y01_191109/00167864.tar.gz
HTAR: a   instcat_y01_191109/00167865.tar.gz
HTAR: a   instcat_y01_191109/00167866.tar.gz
HTAR: a   instcat_y01_191109/00167867.tar.gz
HTAR: a   instcat_y01_191109/00167873.tar.gz
HTAR: a   instcat_y01_191109/00167874.tar.gz
HTAR: a   instcat_y01_191109/00167875.tar.gz
HTAR: a   instcat_y01_191109/00167876.tar.gz
HTAR: a   instcat_y01_191109/00167877.tar.gz
HTAR: a   instcat_y01_191109/00167878.tar.gz
HTAR: a   instcat_y01_191109/00167879.tar.gz
HTAR: a   instcat_y01_191109/00167880.tar.gz
HTAR: a   instcat_y01_191109/00167881.tar.gz
HTAR: a   instcat_y01_191109/00167882.tar.gz
HTAR: a   instcat_y01_191109/00167883.tar.gz
HTAR: a   instcat_y01_191109/job_log_00064486.txt
HTAR: a   instcat_y01_191109/job_log_00064487.txt
HTAR: a   instcat_y01_191109/job_log_00064497.txt
HTAR: a   instcat_y01_191109/job_log_00064498.txt
HTAR: a   instcat_y01_191109/job_log_00064516.txt
HTAR: a   instcat_y01_191109/job_log_00064519.txt
HTAR: a   instcat_y01_191109/job_log_00064520.txt
HTAR: a   instcat_y01_191109/job_log_00067992.txt
HTAR: a   instcat_y01_191109/job_log_00068003.txt
HTAR: a   instcat_y01_191109/job_log_00068021.txt
HTAR: a   instcat_y01_191109/job_log_00068022.txt
HTAR: a   instcat_y01_191109/job_log_00076032.txt
HTAR: a   instcat_y01_191109/job_log_00080926.txt
HTAR: a   instcat_y01_191109/job_log_00080930.txt
HTAR: a   instcat_y01_191109/job_log_00082951.txt
HTAR: a   instcat_y01_191109/job_log_00083918.txt
HTAR: a   instcat_y01_191109/job_log_00083921.txt
HTAR: a   instcat_y01_191109/job_log_00083949.txt
HTAR: a   instcat_y01_191109/job_log_00085168.txt
HTAR: a   instcat_y01_191109/job_log_00087164.txt
HTAR: a   instcat_y01_191109/job_log_00087189.txt
HTAR: a   instcat_y01_191109/job_log_00087190.txt
HTAR: a   instcat_y01_191109/job_log_00159468.txt
HTAR: a   instcat_y01_191109/job_log_00159469.txt
HTAR: a   instcat_y01_191109/job_log_00159470.txt
HTAR: a   instcat_y01_191109/job_log_00159471.txt
HTAR: a   instcat_y01_191109/job_log_00159476.txt
HTAR: a   instcat_y01_191109/job_log_00159477.txt
HTAR: a   instcat_y01_191109/job_log_00159478.txt
HTAR: a   instcat_y01_191109/job_log_00159479.txt
HTAR: a   instcat_y01_191109/job_log_00159480.txt
HTAR: a   instcat_y01_191109/job_log_00159481.txt
HTAR: a   instcat_y01_191109/job_log_00159487.txt
HTAR: a   instcat_y01_191109/job_log_00159488.txt
HTAR: a   instcat_y01_191109/job_log_00159489.txt
HTAR: a   instcat_y01_191109/job_log_00159490.txt
HTAR: a   instcat_y01_191109/job_log_00159491.txt
HTAR: a   instcat_y01_191109/job_log_00159492.txt
HTAR: a   instcat_y01_191109/job_log_00159493.txt
HTAR: a   instcat_y01_191109/job_log_00159494.txt
HTAR: a   instcat_y01_191109/job_log_00159495.txt
HTAR: a   instcat_y01_191109/job_log_00159496.txt
HTAR: a   instcat_y01_191109/job_log_00159507.txt
HTAR: a   instcat_y01_191109/job_log_00159508.txt
HTAR: a   instcat_y01_191109/job_log_00159509.txt
HTAR: a   instcat_y01_191109/job_log_00159519.txt
HTAR: a   instcat_y01_191109/job_log_00159520.txt
HTAR: a   instcat_y01_191109/job_log_00159521.txt
HTAR: a   instcat_y01_191109/job_log_00159522.txt
HTAR: a   instcat_y01_191109/job_log_00159523.txt
HTAR: a   instcat_y01_191109/job_log_00159541.txt
HTAR: a   instcat_y01_191109/job_log_00159542.txt
HTAR: a   instcat_y01_191109/job_log_00159543.txt
HTAR: a   instcat_y01_191109/job_log_00159582.txt
HTAR: a   instcat_y01_191109/job_log_00159583.txt
HTAR: a   instcat_y01_191109/job_log_00159584.txt
HTAR: a   instcat_y01_191109/job_log_00159585.txt
HTAR: a   instcat_y01_191109/job_log_00160354.txt
HTAR: a   instcat_y01_191109/job_log_00160355.txt
HTAR: a   instcat_y01_191109/job_log_00160356.txt
HTAR: a   instcat_y01_191109/job_log_00160357.txt
HTAR: a   instcat_y01_191109/job_log_00160358.txt
HTAR: a   instcat_y01_191109/job_log_00160359.txt
HTAR: a   instcat_y01_191109/job_log_00160379.txt
HTAR: a   instcat_y01_191109/job_log_00160380.txt
HTAR: a   instcat_y01_191109/job_log_00160381.txt
HTAR: a   instcat_y01_191109/job_log_00160382.txt
HTAR: a   instcat_y01_191109/job_log_00160384.txt
HTAR: a   instcat_y01_191109/job_log_00160385.txt
HTAR: a   instcat_y01_191109/job_log_00160912.txt
HTAR: a   instcat_y01_191109/job_log_00160913.txt
HTAR: a   instcat_y01_191109/job_log_00160914.txt
HTAR: a   instcat_y01_191109/job_log_00160957.txt
HTAR: a   instcat_y01_191109/job_log_00160958.txt
HTAR: a   instcat_y01_191109/job_log_00160959.txt
HTAR: a   instcat_y01_191109/job_log_00161016.txt
HTAR: a   instcat_y01_191109/job_log_00161019.txt
HTAR: a   instcat_y01_191109/job_log_00161020.txt
HTAR: a   instcat_y01_191109/job_log_00161021.txt
HTAR: a   instcat_y01_191109/job_log_00161022.txt
HTAR: a   instcat_y01_191109/job_log_00161024.txt
HTAR: a   instcat_y01_191109/job_log_00161026.txt
HTAR: a   instcat_y01_191109/job_log_00161027.txt
HTAR: a   instcat_y01_191109/job_log_00161984.txt
HTAR: a   instcat_y01_191109/job_log_00162699.txt
HTAR: a   instcat_y01_191109/job_log_00162700.txt
HTAR: a   instcat_y01_191109/job_log_00166955.txt
HTAR: a   instcat_y01_191109/job_log_00166957.txt
HTAR: a   instcat_y01_191109/job_log_00166958.txt
HTAR: a   instcat_y01_191109/job_log_00166959.txt
HTAR: a   instcat_y01_191109/job_log_00166960.txt
HTAR: a   instcat_y01_191109/job_log_00166974.txt
HTAR: a   instcat_y01_191109/job_log_00167850.txt
HTAR: a   instcat_y01_191109/job_log_00167851.txt
HTAR: a   instcat_y01_191109/job_log_00167852.txt
HTAR: a   instcat_y01_191109/job_log_00167853.txt
HTAR: a   instcat_y01_191109/job_log_00167854.txt
HTAR: a   instcat_y01_191109/job_log_00167855.txt
HTAR: a   instcat_y01_191109/job_log_00167856.txt
HTAR: a   instcat_y01_191109/job_log_00167857.txt
HTAR: a   instcat_y01_191109/job_log_00167858.txt
HTAR: a   instcat_y01_191109/job_log_00167859.txt
HTAR: a   instcat_y01_191109/job_log_00167860.txt
HTAR: a   instcat_y01_191109/job_log_00167861.txt
HTAR: a   instcat_y01_191109/job_log_00167862.txt
HTAR: a   instcat_y01_191109/job_log_00167863.txt
HTAR: a   instcat_y01_191109/job_log_00167864.txt
HTAR: a   instcat_y01_191109/job_log_00167865.txt
HTAR: a   instcat_y01_191109/job_log_00167866.txt
HTAR: a   instcat_y01_191109/job_log_00167867.txt
HTAR: a   instcat_y01_191109/job_log_00167873.txt
HTAR: a   instcat_y01_191109/job_log_00167874.txt
HTAR: a   instcat_y01_191109/job_log_00167875.txt
HTAR: a   instcat_y01_191109/job_log_00167876.txt
HTAR: a   instcat_y01_191109/job_log_00167877.txt
HTAR: a   instcat_y01_191109/job_log_00167878.txt
HTAR: a   instcat_y01_191109/job_log_00167879.txt
HTAR: a   instcat_y01_191109/job_log_00167880.txt
HTAR: a   instcat_y01_191109/job_log_00167881.txt
HTAR: a   instcat_y01_191109/job_log_00167882.txt
HTAR: a   instcat_y01_191109/job_log_00167883.txt
HTAR: a   /tmp/HTAR_CF_CHK_50712_1578370220
HTAR Create complete for /home/projects/desc/DC2_ImSim/Run2.2i/instCat/y01_191109/00064486to00167883.tar. 515,936,903,680 bytes written for 242 member files, max threads: 50 Transfer time: 3700.801 seconds (139.412 MB/s) wallclock/user/sys: 3705.874 4511.547 1503.066 seconds
HTAR: HTAR SUCCESSFUL
