HTAR: a   instcat_y01_191109/00250897.tar.gz
HTAR: a   instcat_y01_191109/00250898.tar.gz
HTAR: a   instcat_y01_191109/00250899.tar.gz
HTAR: a   instcat_y01_191109/00250900.tar.gz
HTAR: a   instcat_y01_191109/00250901.tar.gz
HTAR: a   instcat_y01_191109/00250902.tar.gz
HTAR: a   instcat_y01_191109/00250903.tar.gz
HTAR: a   instcat_y01_191109/00250904.tar.gz
HTAR: a   instcat_y01_191109/00250905.tar.gz
HTAR: a   instcat_y01_191109/00250906.tar.gz
HTAR: a   instcat_y01_191109/00250907.tar.gz
HTAR: a   instcat_y01_191109/00250908.tar.gz
HTAR: a   instcat_y01_191109/00250909.tar.gz
HTAR: a   instcat_y01_191109/00250910.tar.gz
HTAR: a   instcat_y01_191109/00250911.tar.gz
HTAR: a   instcat_y01_191109/00250912.tar.gz
HTAR: a   instcat_y01_191109/00250913.tar.gz
HTAR: a   instcat_y01_191109/00250914.tar.gz
HTAR: a   instcat_y01_191109/00250915.tar.gz
HTAR: a   instcat_y01_191109/00250916.tar.gz
HTAR: a   instcat_y01_191109/00250917.tar.gz
HTAR: a   instcat_y01_191109/00250918.tar.gz
HTAR: a   instcat_y01_191109/00250919.tar.gz
HTAR: a   instcat_y01_191109/00250920.tar.gz
HTAR: a   instcat_y01_191109/00250921.tar.gz
HTAR: a   instcat_y01_191109/00250922.tar.gz
HTAR: a   instcat_y01_191109/00250923.tar.gz
HTAR: a   instcat_y01_191109/00250924.tar.gz
HTAR: a   instcat_y01_191109/00250925.tar.gz
HTAR: a   instcat_y01_191109/00250926.tar.gz
HTAR: a   instcat_y01_191109/00250927.tar.gz
HTAR: a   instcat_y01_191109/00250928.tar.gz
HTAR: a   instcat_y01_191109/00250929.tar.gz
HTAR: a   instcat_y01_191109/00250930.tar.gz
HTAR: a   instcat_y01_191109/00250931.tar.gz
HTAR: a   instcat_y01_191109/00250932.tar.gz
HTAR: a   instcat_y01_191109/00250933.tar.gz
HTAR: a   instcat_y01_191109/00250934.tar.gz
HTAR: a   instcat_y01_191109/00250935.tar.gz
HTAR: a   instcat_y01_191109/00250936.tar.gz
HTAR: a   instcat_y01_191109/00250937.tar.gz
HTAR: a   instcat_y01_191109/00250938.tar.gz
HTAR: a   instcat_y01_191109/00250939.tar.gz
HTAR: a   instcat_y01_191109/00250940.tar.gz
HTAR: a   instcat_y01_191109/00250941.tar.gz
HTAR: a   instcat_y01_191109/00250942.tar.gz
HTAR: a   instcat_y01_191109/00250943.tar.gz
HTAR: a   instcat_y01_191109/00250944.tar.gz
HTAR: a   instcat_y01_191109/00250945.tar.gz
HTAR: a   instcat_y01_191109/00250946.tar.gz
HTAR: a   instcat_y01_191109/00250947.tar.gz
HTAR: a   instcat_y01_191109/00250948.tar.gz
HTAR: a   instcat_y01_191109/00250949.tar.gz
HTAR: a   instcat_y01_191109/00250950.tar.gz
HTAR: a   instcat_y01_191109/00250951.tar.gz
HTAR: a   instcat_y01_191109/00250952.tar.gz
HTAR: a   instcat_y01_191109/00250953.tar.gz
HTAR: a   instcat_y01_191109/00250954.tar.gz
HTAR: a   instcat_y01_191109/00250955.tar.gz
HTAR: a   instcat_y01_191109/00250956.tar.gz
HTAR: a   instcat_y01_191109/00250957.tar.gz
HTAR: a   instcat_y01_191109/00250958.tar.gz
HTAR: a   instcat_y01_191109/00250959.tar.gz
HTAR: a   instcat_y01_191109/00251759.tar.gz
HTAR: a   instcat_y01_191109/00252229.tar.gz
HTAR: a   instcat_y01_191109/00252230.tar.gz
HTAR: a   instcat_y01_191109/00252231.tar.gz
HTAR: a   instcat_y01_191109/00252376.tar.gz
HTAR: a   instcat_y01_191109/00252377.tar.gz
HTAR: a   instcat_y01_191109/00252378.tar.gz
HTAR: a   instcat_y01_191109/00252380.tar.gz
HTAR: a   instcat_y01_191109/00252419.tar.gz
HTAR: a   instcat_y01_191109/00252421.tar.gz
HTAR: a   instcat_y01_191109/00252422.tar.gz
HTAR: a   instcat_y01_191109/00252424.tar.gz
HTAR: a   instcat_y01_191109/00252892.tar.gz
HTAR: a   instcat_y01_191109/00252895.tar.gz
HTAR: a   instcat_y01_191109/00252931.tar.gz
HTAR: a   instcat_y01_191109/00252932.tar.gz
HTAR: a   instcat_y01_191109/00252933.tar.gz
HTAR: a   instcat_y01_191109/00252934.tar.gz
HTAR: a   instcat_y01_191109/00252935.tar.gz
HTAR: a   instcat_y01_191109/00252936.tar.gz
HTAR: a   instcat_y01_191109/00252937.tar.gz
HTAR: a   instcat_y01_191109/00252938.tar.gz
HTAR: a   instcat_y01_191109/00252939.tar.gz
HTAR: a   instcat_y01_191109/00252940.tar.gz
HTAR: a   instcat_y01_191109/00252941.tar.gz
HTAR: a   instcat_y01_191109/00252942.tar.gz
HTAR: a   instcat_y01_191109/00252943.tar.gz
HTAR: a   instcat_y01_191109/00252944.tar.gz
HTAR: a   instcat_y01_191109/00252945.tar.gz
HTAR: a   instcat_y01_191109/00252946.tar.gz
HTAR: a   instcat_y01_191109/00252947.tar.gz
HTAR: a   instcat_y01_191109/00252948.tar.gz
HTAR: a   instcat_y01_191109/00252949.tar.gz
HTAR: a   instcat_y01_191109/00252950.tar.gz
HTAR: a   instcat_y01_191109/00252951.tar.gz
HTAR: a   instcat_y01_191109/00252952.tar.gz
HTAR: a   instcat_y01_191109/00252953.tar.gz
HTAR: a   instcat_y01_191109/00252954.tar.gz
HTAR: a   instcat_y01_191109/00252955.tar.gz
HTAR: a   instcat_y01_191109/00252956.tar.gz
HTAR: a   instcat_y01_191109/00252957.tar.gz
HTAR: a   instcat_y01_191109/00252958.tar.gz
HTAR: a   instcat_y01_191109/00252959.tar.gz
HTAR: a   instcat_y01_191109/00252960.tar.gz
HTAR: a   instcat_y01_191109/00252961.tar.gz
HTAR: a   instcat_y01_191109/00252962.tar.gz
HTAR: a   instcat_y01_191109/00252963.tar.gz
HTAR: a   instcat_y01_191109/00252964.tar.gz
HTAR: a   instcat_y01_191109/00252965.tar.gz
HTAR: a   instcat_y01_191109/00252966.tar.gz
HTAR: a   instcat_y01_191109/00252967.tar.gz
HTAR: a   instcat_y01_191109/00252968.tar.gz
HTAR: a   instcat_y01_191109/00252969.tar.gz
HTAR: a   instcat_y01_191109/00252970.tar.gz
HTAR: a   instcat_y01_191109/00252971.tar.gz
HTAR: a   instcat_y01_191109/00252972.tar.gz
HTAR: a   instcat_y01_191109/00252973.tar.gz
HTAR: a   instcat_y01_191109/00252974.tar.gz
HTAR: a   instcat_y01_191109/job_log_00250897.txt
HTAR: a   instcat_y01_191109/job_log_00250898.txt
HTAR: a   instcat_y01_191109/job_log_00250899.txt
HTAR: a   instcat_y01_191109/job_log_00250900.txt
HTAR: a   instcat_y01_191109/job_log_00250901.txt
HTAR: a   instcat_y01_191109/job_log_00250902.txt
HTAR: a   instcat_y01_191109/job_log_00250903.txt
HTAR: a   instcat_y01_191109/job_log_00250904.txt
HTAR: a   instcat_y01_191109/job_log_00250905.txt
HTAR: a   instcat_y01_191109/job_log_00250906.txt
HTAR: a   instcat_y01_191109/job_log_00250907.txt
HTAR: a   instcat_y01_191109/job_log_00250908.txt
HTAR: a   instcat_y01_191109/job_log_00250909.txt
HTAR: a   instcat_y01_191109/job_log_00250910.txt
HTAR: a   instcat_y01_191109/job_log_00250911.txt
HTAR: a   instcat_y01_191109/job_log_00250912.txt
HTAR: a   instcat_y01_191109/job_log_00250913.txt
HTAR: a   instcat_y01_191109/job_log_00250914.txt
HTAR: a   instcat_y01_191109/job_log_00250915.txt
HTAR: a   instcat_y01_191109/job_log_00250916.txt
HTAR: a   instcat_y01_191109/job_log_00250917.txt
HTAR: a   instcat_y01_191109/job_log_00250918.txt
HTAR: a   instcat_y01_191109/job_log_00250919.txt
HTAR: a   instcat_y01_191109/job_log_00250920.txt
HTAR: a   instcat_y01_191109/job_log_00250921.txt
HTAR: a   instcat_y01_191109/job_log_00250922.txt
HTAR: a   instcat_y01_191109/job_log_00250923.txt
HTAR: a   instcat_y01_191109/job_log_00250924.txt
HTAR: a   instcat_y01_191109/job_log_00250925.txt
HTAR: a   instcat_y01_191109/job_log_00250926.txt
HTAR: a   instcat_y01_191109/job_log_00250927.txt
HTAR: a   instcat_y01_191109/job_log_00250928.txt
HTAR: a   instcat_y01_191109/job_log_00250929.txt
HTAR: a   instcat_y01_191109/job_log_00250930.txt
HTAR: a   instcat_y01_191109/job_log_00250931.txt
HTAR: a   instcat_y01_191109/job_log_00250932.txt
HTAR: a   instcat_y01_191109/job_log_00250933.txt
HTAR: a   instcat_y01_191109/job_log_00250934.txt
HTAR: a   instcat_y01_191109/job_log_00250935.txt
HTAR: a   instcat_y01_191109/job_log_00250936.txt
HTAR: a   instcat_y01_191109/job_log_00250937.txt
HTAR: a   instcat_y01_191109/job_log_00250938.txt
HTAR: a   instcat_y01_191109/job_log_00250939.txt
HTAR: a   instcat_y01_191109/job_log_00250940.txt
HTAR: a   instcat_y01_191109/job_log_00250941.txt
HTAR: a   instcat_y01_191109/job_log_00250942.txt
HTAR: a   instcat_y01_191109/job_log_00250943.txt
HTAR: a   instcat_y01_191109/job_log_00250944.txt
HTAR: a   instcat_y01_191109/job_log_00250945.txt
HTAR: a   instcat_y01_191109/job_log_00250946.txt
HTAR: a   instcat_y01_191109/job_log_00250947.txt
HTAR: a   instcat_y01_191109/job_log_00250948.txt
HTAR: a   instcat_y01_191109/job_log_00250949.txt
HTAR: a   instcat_y01_191109/job_log_00250950.txt
HTAR: a   instcat_y01_191109/job_log_00250951.txt
HTAR: a   instcat_y01_191109/job_log_00250952.txt
HTAR: a   instcat_y01_191109/job_log_00250953.txt
HTAR: a   instcat_y01_191109/job_log_00250954.txt
HTAR: a   instcat_y01_191109/job_log_00250955.txt
HTAR: a   instcat_y01_191109/job_log_00250956.txt
HTAR: a   instcat_y01_191109/job_log_00250957.txt
HTAR: a   instcat_y01_191109/job_log_00250958.txt
HTAR: a   instcat_y01_191109/job_log_00250959.txt
HTAR: a   instcat_y01_191109/job_log_00251759.txt
HTAR: a   instcat_y01_191109/job_log_00252229.txt
HTAR: a   instcat_y01_191109/job_log_00252230.txt
HTAR: a   instcat_y01_191109/job_log_00252231.txt
HTAR: a   instcat_y01_191109/job_log_00252376.txt
HTAR: a   instcat_y01_191109/job_log_00252377.txt
HTAR: a   instcat_y01_191109/job_log_00252378.txt
HTAR: a   instcat_y01_191109/job_log_00252380.txt
HTAR: a   instcat_y01_191109/job_log_00252419.txt
HTAR: a   instcat_y01_191109/job_log_00252421.txt
HTAR: a   instcat_y01_191109/job_log_00252422.txt
HTAR: a   instcat_y01_191109/job_log_00252424.txt
HTAR: a   instcat_y01_191109/job_log_00252892.txt
HTAR: a   instcat_y01_191109/job_log_00252895.txt
HTAR: a   instcat_y01_191109/job_log_00252931.txt
HTAR: a   instcat_y01_191109/job_log_00252932.txt
HTAR: a   instcat_y01_191109/job_log_00252933.txt
HTAR: a   instcat_y01_191109/job_log_00252934.txt
HTAR: a   instcat_y01_191109/job_log_00252935.txt
HTAR: a   instcat_y01_191109/job_log_00252936.txt
HTAR: a   instcat_y01_191109/job_log_00252937.txt
HTAR: a   instcat_y01_191109/job_log_00252938.txt
HTAR: a   instcat_y01_191109/job_log_00252939.txt
HTAR: a   instcat_y01_191109/job_log_00252940.txt
HTAR: a   instcat_y01_191109/job_log_00252941.txt
HTAR: a   instcat_y01_191109/job_log_00252942.txt
HTAR: a   instcat_y01_191109/job_log_00252943.txt
HTAR: a   instcat_y01_191109/job_log_00252944.txt
HTAR: a   instcat_y01_191109/job_log_00252945.txt
HTAR: a   instcat_y01_191109/job_log_00252946.txt
HTAR: a   instcat_y01_191109/job_log_00252947.txt
HTAR: a   instcat_y01_191109/job_log_00252948.txt
HTAR: a   instcat_y01_191109/job_log_00252949.txt
HTAR: a   instcat_y01_191109/job_log_00252950.txt
HTAR: a   instcat_y01_191109/job_log_00252951.txt
HTAR: a   instcat_y01_191109/job_log_00252952.txt
HTAR: a   instcat_y01_191109/job_log_00252953.txt
HTAR: a   instcat_y01_191109/job_log_00252954.txt
HTAR: a   instcat_y01_191109/job_log_00252955.txt
HTAR: a   instcat_y01_191109/job_log_00252956.txt
HTAR: a   instcat_y01_191109/job_log_00252957.txt
HTAR: a   instcat_y01_191109/job_log_00252958.txt
HTAR: a   instcat_y01_191109/job_log_00252959.txt
HTAR: a   instcat_y01_191109/job_log_00252960.txt
HTAR: a   instcat_y01_191109/job_log_00252961.txt
HTAR: a   instcat_y01_191109/job_log_00252962.txt
HTAR: a   instcat_y01_191109/job_log_00252963.txt
HTAR: a   instcat_y01_191109/job_log_00252964.txt
HTAR: a   instcat_y01_191109/job_log_00252965.txt
HTAR: a   instcat_y01_191109/job_log_00252966.txt
HTAR: a   instcat_y01_191109/job_log_00252967.txt
HTAR: a   instcat_y01_191109/job_log_00252968.txt
HTAR: a   instcat_y01_191109/job_log_00252969.txt
HTAR: a   instcat_y01_191109/job_log_00252970.txt
HTAR: a   instcat_y01_191109/job_log_00252971.txt
HTAR: a   instcat_y01_191109/job_log_00252972.txt
HTAR: a   instcat_y01_191109/job_log_00252973.txt
HTAR: a   instcat_y01_191109/job_log_00252974.txt
HTAR: a   /tmp/HTAR_CF_CHK_35006_1578349599
HTAR Create complete for /home/projects/desc/DC2_ImSim/Run2.2i/instCat/y01_191109/00250897to00252974.tar. 564,867,256,832 bytes written for 242 member files, max threads: 50 Transfer time: 4866.026 seconds (116.084 MB/s) wallclock/user/sys: 4867.878 5657.217 2273.426 seconds
HTAR: HTAR SUCCESSFUL
HTAR: a   instcat_y01_191109/00252975.tar.gz
HTAR: a   instcat_y01_191109/00252976.tar.gz
HTAR: a   instcat_y01_191109/00252977.tar.gz
HTAR: a   instcat_y01_191109/00252978.tar.gz
HTAR: a   instcat_y01_191109/00252979.tar.gz
HTAR: a   instcat_y01_191109/00252980.tar.gz
HTAR: a   instcat_y01_191109/00252981.tar.gz
HTAR: a   instcat_y01_191109/00252982.tar.gz
HTAR: a   instcat_y01_191109/00252983.tar.gz
HTAR: a   instcat_y01_191109/00252984.tar.gz
HTAR: a   instcat_y01_191109/00252985.tar.gz
HTAR: a   instcat_y01_191109/00252986.tar.gz
HTAR: a   instcat_y01_191109/00252987.tar.gz
HTAR: a   instcat_y01_191109/00252988.tar.gz
HTAR: a   instcat_y01_191109/00252989.tar.gz
HTAR: a   instcat_y01_191109/00252990.tar.gz
HTAR: a   instcat_y01_191109/00252991.tar.gz
HTAR: a   instcat_y01_191109/00252992.tar.gz
HTAR: a   instcat_y01_191109/00252993.tar.gz
HTAR: a   instcat_y01_191109/00252994.tar.gz
HTAR: a   instcat_y01_191109/00252995.tar.gz
HTAR: a   instcat_y01_191109/00252996.tar.gz
HTAR: a   instcat_y01_191109/00252997.tar.gz
HTAR: a   instcat_y01_191109/00252998.tar.gz
HTAR: a   instcat_y01_191109/00252999.tar.gz
HTAR: a   instcat_y01_191109/00253000.tar.gz
HTAR: a   instcat_y01_191109/00253001.tar.gz
HTAR: a   instcat_y01_191109/00253002.tar.gz
HTAR: a   instcat_y01_191109/00253003.tar.gz
HTAR: a   instcat_y01_191109/00253004.tar.gz
HTAR: a   instcat_y01_191109/00253005.tar.gz
HTAR: a   instcat_y01_191109/00253006.tar.gz
HTAR: a   instcat_y01_191109/00253007.tar.gz
HTAR: a   instcat_y01_191109/00253008.tar.gz
HTAR: a   instcat_y01_191109/00253009.tar.gz
HTAR: a   instcat_y01_191109/00253010.tar.gz
HTAR: a   instcat_y01_191109/00253011.tar.gz
HTAR: a   instcat_y01_191109/00253012.tar.gz
HTAR: a   instcat_y01_191109/00253013.tar.gz
HTAR: a   instcat_y01_191109/00253014.tar.gz
HTAR: a   instcat_y01_191109/00253015.tar.gz
HTAR: a   instcat_y01_191109/00253016.tar.gz
HTAR: a   instcat_y01_191109/00253017.tar.gz
HTAR: a   instcat_y01_191109/00253018.tar.gz
HTAR: a   instcat_y01_191109/00253019.tar.gz
HTAR: a   instcat_y01_191109/00253020.tar.gz
HTAR: a   instcat_y01_191109/00253021.tar.gz
HTAR: a   instcat_y01_191109/00253022.tar.gz
HTAR: a   instcat_y01_191109/00253023.tar.gz
HTAR: a   instcat_y01_191109/00253024.tar.gz
HTAR: a   instcat_y01_191109/00253025.tar.gz
HTAR: a   instcat_y01_191109/00253026.tar.gz
HTAR: a   instcat_y01_191109/00253642.tar.gz
HTAR: a   instcat_y01_191109/00253645.tar.gz
HTAR: a   instcat_y01_191109/00253646.tar.gz
HTAR: a   instcat_y01_191109/00253647.tar.gz
HTAR: a   instcat_y01_191109/00253674.tar.gz
HTAR: a   instcat_y01_191109/00253676.tar.gz
HTAR: a   instcat_y01_191109/00253680.tar.gz
HTAR: a   instcat_y01_191109/00254312.tar.gz
HTAR: a   instcat_y01_191109/00254314.tar.gz
HTAR: a   instcat_y01_191109/00254316.tar.gz
HTAR: a   instcat_y01_191109/00254317.tar.gz
HTAR: a   instcat_y01_191109/00254318.tar.gz
HTAR: a   instcat_y01_191109/00254319.tar.gz
HTAR: a   instcat_y01_191109/00254339.tar.gz
HTAR: a   instcat_y01_191109/00254343.tar.gz
HTAR: a   instcat_y01_191109/00254344.tar.gz
HTAR: a   instcat_y01_191109/00254345.tar.gz
HTAR: a   instcat_y01_191109/00254346.tar.gz
HTAR: a   instcat_y01_191109/00254347.tar.gz
HTAR: a   instcat_y01_191109/00254349.tar.gz
HTAR: a   instcat_y01_191109/00254356.tar.gz
HTAR: a   instcat_y01_191109/00254357.tar.gz
HTAR: a   instcat_y01_191109/00254358.tar.gz
HTAR: a   instcat_y01_191109/00254359.tar.gz
HTAR: a   instcat_y01_191109/00254360.tar.gz
HTAR: a   instcat_y01_191109/00254364.tar.gz
HTAR: a   instcat_y01_191109/00254373.tar.gz
HTAR: a   instcat_y01_191109/00254376.tar.gz
HTAR: a   instcat_y01_191109/00254378.tar.gz
HTAR: a   instcat_y01_191109/00254379.tar.gz
HTAR: a   instcat_y01_191109/00254380.tar.gz
HTAR: a   instcat_y01_191109/00254381.tar.gz
HTAR: a   instcat_y01_191109/00254382.tar.gz
HTAR: a   instcat_y01_191109/00254407.tar.gz
HTAR: a   instcat_y01_191109/00254890.tar.gz
HTAR: a   instcat_y01_191109/00254914.tar.gz
HTAR: a   instcat_y01_191109/00254915.tar.gz
HTAR: a   instcat_y01_191109/00254916.tar.gz
HTAR: a   instcat_y01_191109/00254917.tar.gz
HTAR: a   instcat_y01_191109/00254918.tar.gz
HTAR: a   instcat_y01_191109/00254919.tar.gz
HTAR: a   instcat_y01_191109/00254920.tar.gz
HTAR: a   instcat_y01_191109/00254921.tar.gz
HTAR: a   instcat_y01_191109/00254922.tar.gz
HTAR: a   instcat_y01_191109/00254923.tar.gz
HTAR: a   instcat_y01_191109/00254924.tar.gz
HTAR: a   instcat_y01_191109/00254925.tar.gz
HTAR: a   instcat_y01_191109/00254926.tar.gz
HTAR: a   instcat_y01_191109/00254927.tar.gz
HTAR: a   instcat_y01_191109/00254928.tar.gz
HTAR: a   instcat_y01_191109/00254929.tar.gz
HTAR: a   instcat_y01_191109/00254930.tar.gz
HTAR: a   instcat_y01_191109/00254931.tar.gz
HTAR: a   instcat_y01_191109/00254932.tar.gz
HTAR: a   instcat_y01_191109/00254933.tar.gz
HTAR: a   instcat_y01_191109/00254934.tar.gz
HTAR: a   instcat_y01_191109/00254935.tar.gz
HTAR: a   instcat_y01_191109/00254936.tar.gz
HTAR: a   instcat_y01_191109/00254937.tar.gz
HTAR: a   instcat_y01_191109/00254938.tar.gz
HTAR: a   instcat_y01_191109/00254939.tar.gz
HTAR: a   instcat_y01_191109/00254940.tar.gz
HTAR: a   instcat_y01_191109/00254941.tar.gz
HTAR: a   instcat_y01_191109/00254942.tar.gz
HTAR: a   instcat_y01_191109/00254943.tar.gz
HTAR: a   instcat_y01_191109/00254944.tar.gz
HTAR: a   instcat_y01_191109/00254945.tar.gz
HTAR: a   instcat_y01_191109/00254946.tar.gz
HTAR: a   instcat_y01_191109/00254947.tar.gz
HTAR: a   instcat_y01_191109/job_log_00252975.txt
HTAR: a   instcat_y01_191109/job_log_00252976.txt
HTAR: a   instcat_y01_191109/job_log_00252977.txt
HTAR: a   instcat_y01_191109/job_log_00252978.txt
HTAR: a   instcat_y01_191109/job_log_00252979.txt
HTAR: a   instcat_y01_191109/job_log_00252980.txt
HTAR: a   instcat_y01_191109/job_log_00252981.txt
HTAR: a   instcat_y01_191109/job_log_00252982.txt
HTAR: a   instcat_y01_191109/job_log_00252983.txt
HTAR: a   instcat_y01_191109/job_log_00252984.txt
HTAR: a   instcat_y01_191109/job_log_00252985.txt
HTAR: a   instcat_y01_191109/job_log_00252986.txt
HTAR: a   instcat_y01_191109/job_log_00252987.txt
HTAR: a   instcat_y01_191109/job_log_00252988.txt
HTAR: a   instcat_y01_191109/job_log_00252989.txt
HTAR: a   instcat_y01_191109/job_log_00252990.txt
HTAR: a   instcat_y01_191109/job_log_00252991.txt
HTAR: a   instcat_y01_191109/job_log_00252992.txt
HTAR: a   instcat_y01_191109/job_log_00252993.txt
HTAR: a   instcat_y01_191109/job_log_00252994.txt
HTAR: a   instcat_y01_191109/job_log_00252995.txt
HTAR: a   instcat_y01_191109/job_log_00252996.txt
HTAR: a   instcat_y01_191109/job_log_00252997.txt
HTAR: a   instcat_y01_191109/job_log_00252998.txt
HTAR: a   instcat_y01_191109/job_log_00252999.txt
HTAR: a   instcat_y01_191109/job_log_00253000.txt
HTAR: a   instcat_y01_191109/job_log_00253001.txt
HTAR: a   instcat_y01_191109/job_log_00253002.txt
HTAR: a   instcat_y01_191109/job_log_00253003.txt
HTAR: a   instcat_y01_191109/job_log_00253004.txt
HTAR: a   instcat_y01_191109/job_log_00253005.txt
HTAR: a   instcat_y01_191109/job_log_00253006.txt
HTAR: a   instcat_y01_191109/job_log_00253007.txt
HTAR: a   instcat_y01_191109/job_log_00253008.txt
HTAR: a   instcat_y01_191109/job_log_00253009.txt
HTAR: a   instcat_y01_191109/job_log_00253010.txt
HTAR: a   instcat_y01_191109/job_log_00253011.txt
HTAR: a   instcat_y01_191109/job_log_00253012.txt
HTAR: a   instcat_y01_191109/job_log_00253013.txt
HTAR: a   instcat_y01_191109/job_log_00253014.txt
HTAR: a   instcat_y01_191109/job_log_00253015.txt
HTAR: a   instcat_y01_191109/job_log_00253016.txt
HTAR: a   instcat_y01_191109/job_log_00253017.txt
HTAR: a   instcat_y01_191109/job_log_00253018.txt
HTAR: a   instcat_y01_191109/job_log_00253019.txt
HTAR: a   instcat_y01_191109/job_log_00253020.txt
HTAR: a   instcat_y01_191109/job_log_00253021.txt
HTAR: a   instcat_y01_191109/job_log_00253022.txt
HTAR: a   instcat_y01_191109/job_log_00253023.txt
HTAR: a   instcat_y01_191109/job_log_00253024.txt
HTAR: a   instcat_y01_191109/job_log_00253025.txt
HTAR: a   instcat_y01_191109/job_log_00253026.txt
HTAR: a   instcat_y01_191109/job_log_00253642.txt
HTAR: a   instcat_y01_191109/job_log_00253645.txt
HTAR: a   instcat_y01_191109/job_log_00253646.txt
HTAR: a   instcat_y01_191109/job_log_00253647.txt
HTAR: a   instcat_y01_191109/job_log_00253674.txt
HTAR: a   instcat_y01_191109/job_log_00253676.txt
HTAR: a   instcat_y01_191109/job_log_00253680.txt
HTAR: a   instcat_y01_191109/job_log_00254312.txt
HTAR: a   instcat_y01_191109/job_log_00254314.txt
HTAR: a   instcat_y01_191109/job_log_00254316.txt
HTAR: a   instcat_y01_191109/job_log_00254317.txt
HTAR: a   instcat_y01_191109/job_log_00254318.txt
HTAR: a   instcat_y01_191109/job_log_00254319.txt
HTAR: a   instcat_y01_191109/job_log_00254339.txt
HTAR: a   instcat_y01_191109/job_log_00254343.txt
HTAR: a   instcat_y01_191109/job_log_00254344.txt
HTAR: a   instcat_y01_191109/job_log_00254345.txt
HTAR: a   instcat_y01_191109/job_log_00254346.txt
HTAR: a   instcat_y01_191109/job_log_00254347.txt
HTAR: a   instcat_y01_191109/job_log_00254349.txt
HTAR: a   instcat_y01_191109/job_log_00254356.txt
HTAR: a   instcat_y01_191109/job_log_00254357.txt
HTAR: a   instcat_y01_191109/job_log_00254358.txt
HTAR: a   instcat_y01_191109/job_log_00254359.txt
HTAR: a   instcat_y01_191109/job_log_00254360.txt
HTAR: a   instcat_y01_191109/job_log_00254364.txt
HTAR: a   instcat_y01_191109/job_log_00254373.txt
HTAR: a   instcat_y01_191109/job_log_00254376.txt
HTAR: a   instcat_y01_191109/job_log_00254378.txt
HTAR: a   instcat_y01_191109/job_log_00254379.txt
HTAR: a   instcat_y01_191109/job_log_00254380.txt
HTAR: a   instcat_y01_191109/job_log_00254381.txt
HTAR: a   instcat_y01_191109/job_log_00254382.txt
HTAR: a   instcat_y01_191109/job_log_00254407.txt
HTAR: a   instcat_y01_191109/job_log_00254890.txt
HTAR: a   instcat_y01_191109/job_log_00254914.txt
HTAR: a   instcat_y01_191109/job_log_00254915.txt
HTAR: a   instcat_y01_191109/job_log_00254916.txt
HTAR: a   instcat_y01_191109/job_log_00254917.txt
HTAR: a   instcat_y01_191109/job_log_00254918.txt
HTAR: a   instcat_y01_191109/job_log_00254919.txt
HTAR: a   instcat_y01_191109/job_log_00254920.txt
HTAR: a   instcat_y01_191109/job_log_00254921.txt
HTAR: a   instcat_y01_191109/job_log_00254922.txt
HTAR: a   instcat_y01_191109/job_log_00254923.txt
HTAR: a   instcat_y01_191109/job_log_00254924.txt
HTAR: a   instcat_y01_191109/job_log_00254925.txt
HTAR: a   instcat_y01_191109/job_log_00254926.txt
HTAR: a   instcat_y01_191109/job_log_00254927.txt
HTAR: a   instcat_y01_191109/job_log_00254928.txt
HTAR: a   instcat_y01_191109/job_log_00254929.txt
HTAR: a   instcat_y01_191109/job_log_00254930.txt
HTAR: a   instcat_y01_191109/job_log_00254931.txt
HTAR: a   instcat_y01_191109/job_log_00254932.txt
HTAR: a   instcat_y01_191109/job_log_00254933.txt
HTAR: a   instcat_y01_191109/job_log_00254934.txt
HTAR: a   instcat_y01_191109/job_log_00254935.txt
HTAR: a   instcat_y01_191109/job_log_00254936.txt
HTAR: a   instcat_y01_191109/job_log_00254937.txt
HTAR: a   instcat_y01_191109/job_log_00254938.txt
HTAR: a   instcat_y01_191109/job_log_00254939.txt
HTAR: a   instcat_y01_191109/job_log_00254940.txt
HTAR: a   instcat_y01_191109/job_log_00254941.txt
HTAR: a   instcat_y01_191109/job_log_00254942.txt
HTAR: a   instcat_y01_191109/job_log_00254943.txt
HTAR: a   instcat_y01_191109/job_log_00254944.txt
HTAR: a   instcat_y01_191109/job_log_00254945.txt
HTAR: a   instcat_y01_191109/job_log_00254946.txt
HTAR: a   instcat_y01_191109/job_log_00254947.txt
HTAR: a   /tmp/HTAR_CF_CHK_7913_1578354471
HTAR Create complete for /home/projects/desc/DC2_ImSim/Run2.2i/instCat/y01_191109/00252975to00254947.tar. 564,340,066,816 bytes written for 242 member files, max threads: 50 Transfer time: 4752.047 seconds (118.757 MB/s) wallclock/user/sys: 4755.621 5664.949 2279.593 seconds
HTAR: HTAR SUCCESSFUL
HTAR: a   instcat_y01_191109/00254948.tar.gz
HTAR: a   instcat_y01_191109/00254949.tar.gz
HTAR: a   instcat_y01_191109/00254950.tar.gz
HTAR: a   instcat_y01_191109/00254951.tar.gz
HTAR: a   instcat_y01_191109/00254952.tar.gz
HTAR: a   instcat_y01_191109/00254953.tar.gz
HTAR: a   instcat_y01_191109/00254954.tar.gz
HTAR: a   instcat_y01_191109/00254955.tar.gz
HTAR: a   instcat_y01_191109/00254956.tar.gz
HTAR: a   instcat_y01_191109/00254957.tar.gz
HTAR: a   instcat_y01_191109/00254958.tar.gz
HTAR: a   instcat_y01_191109/00254959.tar.gz
HTAR: a   instcat_y01_191109/00254960.tar.gz
HTAR: a   instcat_y01_191109/00254961.tar.gz
HTAR: a   instcat_y01_191109/00254962.tar.gz
HTAR: a   instcat_y01_191109/00254963.tar.gz
HTAR: a   instcat_y01_191109/00254964.tar.gz
HTAR: a   instcat_y01_191109/00254965.tar.gz
HTAR: a   instcat_y01_191109/00254966.tar.gz
HTAR: a   instcat_y01_191109/00254967.tar.gz
HTAR: a   instcat_y01_191109/00254968.tar.gz
HTAR: a   instcat_y01_191109/00254969.tar.gz
HTAR: a   instcat_y01_191109/00254970.tar.gz
HTAR: a   instcat_y01_191109/00254971.tar.gz
HTAR: a   instcat_y01_191109/00254972.tar.gz
HTAR: a   instcat_y01_191109/00254973.tar.gz
HTAR: a   instcat_y01_191109/00254974.tar.gz
HTAR: a   instcat_y01_191109/00254975.tar.gz
HTAR: a   instcat_y01_191109/00254976.tar.gz
HTAR: a   instcat_y01_191109/00254977.tar.gz
HTAR: a   instcat_y01_191109/00254978.tar.gz
HTAR: a   instcat_y01_191109/00254979.tar.gz
HTAR: a   instcat_y01_191109/00254980.tar.gz
HTAR: a   instcat_y01_191109/00254981.tar.gz
HTAR: a   instcat_y01_191109/00254982.tar.gz
HTAR: a   instcat_y01_191109/00254983.tar.gz
HTAR: a   instcat_y01_191109/00254984.tar.gz
HTAR: a   instcat_y01_191109/00254985.tar.gz
HTAR: a   instcat_y01_191109/00254986.tar.gz
HTAR: a   instcat_y01_191109/00254987.tar.gz
HTAR: a   instcat_y01_191109/00254988.tar.gz
HTAR: a   instcat_y01_191109/00254989.tar.gz
HTAR: a   instcat_y01_191109/00254990.tar.gz
HTAR: a   instcat_y01_191109/00254991.tar.gz
HTAR: a   instcat_y01_191109/00254992.tar.gz
HTAR: a   instcat_y01_191109/00254993.tar.gz
HTAR: a   instcat_y01_191109/00254994.tar.gz
HTAR: a   instcat_y01_191109/00254995.tar.gz
HTAR: a   instcat_y01_191109/00254996.tar.gz
HTAR: a   instcat_y01_191109/00254997.tar.gz
HTAR: a   instcat_y01_191109/00254998.tar.gz
HTAR: a   instcat_y01_191109/00254999.tar.gz
HTAR: a   instcat_y01_191109/00255000.tar.gz
HTAR: a   instcat_y01_191109/00255001.tar.gz
HTAR: a   instcat_y01_191109/00255002.tar.gz
HTAR: a   instcat_y01_191109/00255003.tar.gz
HTAR: a   instcat_y01_191109/00255004.tar.gz
HTAR: a   instcat_y01_191109/00255005.tar.gz
HTAR: a   instcat_y01_191109/00255006.tar.gz
HTAR: a   instcat_y01_191109/00255007.tar.gz
HTAR: a   instcat_y01_191109/00255008.tar.gz
HTAR: a   instcat_y01_191109/00255009.tar.gz
HTAR: a   instcat_y01_191109/00256276.tar.gz
HTAR: a   instcat_y01_191109/00256304.tar.gz
HTAR: a   instcat_y01_191109/00256305.tar.gz
HTAR: a   instcat_y01_191109/00256306.tar.gz
HTAR: a   instcat_y01_191109/00256307.tar.gz
HTAR: a   instcat_y01_191109/00256308.tar.gz
HTAR: a   instcat_y01_191109/00256309.tar.gz
HTAR: a   instcat_y01_191109/00256310.tar.gz
HTAR: a   instcat_y01_191109/00256311.tar.gz
HTAR: a   instcat_y01_191109/00256312.tar.gz
HTAR: a   instcat_y01_191109/00256313.tar.gz
HTAR: a   instcat_y01_191109/00256314.tar.gz
HTAR: a   instcat_y01_191109/00256315.tar.gz
HTAR: a   instcat_y01_191109/00256316.tar.gz
HTAR: a   instcat_y01_191109/00256317.tar.gz
HTAR: a   instcat_y01_191109/00256318.tar.gz
HTAR: a   instcat_y01_191109/00256319.tar.gz
HTAR: a   instcat_y01_191109/00256320.tar.gz
HTAR: a   instcat_y01_191109/00256321.tar.gz
HTAR: a   instcat_y01_191109/00256322.tar.gz
HTAR: a   instcat_y01_191109/00256323.tar.gz
HTAR: a   instcat_y01_191109/00256345.tar.gz
HTAR: a   instcat_y01_191109/00256346.tar.gz
HTAR: a   instcat_y01_191109/00256347.tar.gz
HTAR: a   instcat_y01_191109/00256348.tar.gz
HTAR: a   instcat_y01_191109/00256349.tar.gz
HTAR: a   instcat_y01_191109/00256350.tar.gz
HTAR: a   instcat_y01_191109/00256351.tar.gz
HTAR: a   instcat_y01_191109/00256352.tar.gz
HTAR: a   instcat_y01_191109/00256353.tar.gz
HTAR: a   instcat_y01_191109/00256375.tar.gz
HTAR: a   instcat_y01_191109/00256377.tar.gz
HTAR: a   instcat_y01_191109/00256378.tar.gz
HTAR: a   instcat_y01_191109/00256379.tar.gz
HTAR: a   instcat_y01_191109/00256380.tar.gz
HTAR: a   instcat_y01_191109/00256381.tar.gz
HTAR: a   instcat_y01_191109/00256382.tar.gz
HTAR: a   instcat_y01_191109/00256383.tar.gz
HTAR: a   instcat_y01_191109/00256393.tar.gz
HTAR: a   instcat_y01_191109/00256905.tar.gz
HTAR: a   instcat_y01_191109/00256930.tar.gz
HTAR: a   instcat_y01_191109/00256935.tar.gz
HTAR: a   instcat_y01_191109/00256936.tar.gz
HTAR: a   instcat_y01_191109/00256959.tar.gz
HTAR: a   instcat_y01_191109/00256960.tar.gz
HTAR: a   instcat_y01_191109/00256981.tar.gz
HTAR: a   instcat_y01_191109/00256982.tar.gz
HTAR: a   instcat_y01_191109/00256983.tar.gz
HTAR: a   instcat_y01_191109/00256984.tar.gz
HTAR: a   instcat_y01_191109/00256985.tar.gz
HTAR: a   instcat_y01_191109/00256986.tar.gz
HTAR: a   instcat_y01_191109/00256987.tar.gz
HTAR: a   instcat_y01_191109/00256988.tar.gz
HTAR: a   instcat_y01_191109/00256989.tar.gz
HTAR: a   instcat_y01_191109/00256990.tar.gz
HTAR: a   instcat_y01_191109/00256991.tar.gz
HTAR: a   instcat_y01_191109/00256992.tar.gz
HTAR: a   instcat_y01_191109/00256993.tar.gz
HTAR: a   instcat_y01_191109/00256994.tar.gz
HTAR: a   instcat_y01_191109/job_log_00254948.txt
HTAR: a   instcat_y01_191109/job_log_00254949.txt
HTAR: a   instcat_y01_191109/job_log_00254950.txt
HTAR: a   instcat_y01_191109/job_log_00254951.txt
HTAR: a   instcat_y01_191109/job_log_00254952.txt
HTAR: a   instcat_y01_191109/job_log_00254953.txt
HTAR: a   instcat_y01_191109/job_log_00254954.txt
HTAR: a   instcat_y01_191109/job_log_00254955.txt
HTAR: a   instcat_y01_191109/job_log_00254956.txt
HTAR: a   instcat_y01_191109/job_log_00254957.txt
HTAR: a   instcat_y01_191109/job_log_00254958.txt
HTAR: a   instcat_y01_191109/job_log_00254959.txt
HTAR: a   instcat_y01_191109/job_log_00254960.txt
HTAR: a   instcat_y01_191109/job_log_00254961.txt
HTAR: a   instcat_y01_191109/job_log_00254962.txt
HTAR: a   instcat_y01_191109/job_log_00254963.txt
HTAR: a   instcat_y01_191109/job_log_00254964.txt
HTAR: a   instcat_y01_191109/job_log_00254965.txt
HTAR: a   instcat_y01_191109/job_log_00254966.txt
HTAR: a   instcat_y01_191109/job_log_00254967.txt
HTAR: a   instcat_y01_191109/job_log_00254968.txt
HTAR: a   instcat_y01_191109/job_log_00254969.txt
HTAR: a   instcat_y01_191109/job_log_00254970.txt
HTAR: a   instcat_y01_191109/job_log_00254971.txt
HTAR: a   instcat_y01_191109/job_log_00254972.txt
HTAR: a   instcat_y01_191109/job_log_00254973.txt
HTAR: a   instcat_y01_191109/job_log_00254974.txt
HTAR: a   instcat_y01_191109/job_log_00254975.txt
HTAR: a   instcat_y01_191109/job_log_00254976.txt
HTAR: a   instcat_y01_191109/job_log_00254977.txt
HTAR: a   instcat_y01_191109/job_log_00254978.txt
HTAR: a   instcat_y01_191109/job_log_00254979.txt
HTAR: a   instcat_y01_191109/job_log_00254980.txt
HTAR: a   instcat_y01_191109/job_log_00254981.txt
HTAR: a   instcat_y01_191109/job_log_00254982.txt
HTAR: a   instcat_y01_191109/job_log_00254983.txt
HTAR: a   instcat_y01_191109/job_log_00254984.txt
HTAR: a   instcat_y01_191109/job_log_00254985.txt
HTAR: a   instcat_y01_191109/job_log_00254986.txt
HTAR: a   instcat_y01_191109/job_log_00254987.txt
HTAR: a   instcat_y01_191109/job_log_00254988.txt
HTAR: a   instcat_y01_191109/job_log_00254989.txt
HTAR: a   instcat_y01_191109/job_log_00254990.txt
HTAR: a   instcat_y01_191109/job_log_00254991.txt
HTAR: a   instcat_y01_191109/job_log_00254992.txt
HTAR: a   instcat_y01_191109/job_log_00254993.txt
HTAR: a   instcat_y01_191109/job_log_00254994.txt
HTAR: a   instcat_y01_191109/job_log_00254995.txt
HTAR: a   instcat_y01_191109/job_log_00254996.txt
HTAR: a   instcat_y01_191109/job_log_00254997.txt
HTAR: a   instcat_y01_191109/job_log_00254998.txt
HTAR: a   instcat_y01_191109/job_log_00254999.txt
HTAR: a   instcat_y01_191109/job_log_00255000.txt
HTAR: a   instcat_y01_191109/job_log_00255001.txt
HTAR: a   instcat_y01_191109/job_log_00255002.txt
HTAR: a   instcat_y01_191109/job_log_00255003.txt
HTAR: a   instcat_y01_191109/job_log_00255004.txt
HTAR: a   instcat_y01_191109/job_log_00255005.txt
HTAR: a   instcat_y01_191109/job_log_00255006.txt
HTAR: a   instcat_y01_191109/job_log_00255007.txt
HTAR: a   instcat_y01_191109/job_log_00255008.txt
HTAR: a   instcat_y01_191109/job_log_00255009.txt
HTAR: a   instcat_y01_191109/job_log_00256276.txt
HTAR: a   instcat_y01_191109/job_log_00256304.txt
HTAR: a   instcat_y01_191109/job_log_00256305.txt
HTAR: a   instcat_y01_191109/job_log_00256306.txt
HTAR: a   instcat_y01_191109/job_log_00256307.txt
HTAR: a   instcat_y01_191109/job_log_00256308.txt
HTAR: a   instcat_y01_191109/job_log_00256309.txt
HTAR: a   instcat_y01_191109/job_log_00256310.txt
HTAR: a   instcat_y01_191109/job_log_00256311.txt
HTAR: a   instcat_y01_191109/job_log_00256312.txt
HTAR: a   instcat_y01_191109/job_log_00256313.txt
HTAR: a   instcat_y01_191109/job_log_00256314.txt
HTAR: a   instcat_y01_191109/job_log_00256315.txt
HTAR: a   instcat_y01_191109/job_log_00256316.txt
HTAR: a   instcat_y01_191109/job_log_00256317.txt
HTAR: a   instcat_y01_191109/job_log_00256318.txt
HTAR: a   instcat_y01_191109/job_log_00256319.txt
HTAR: a   instcat_y01_191109/job_log_00256320.txt
HTAR: a   instcat_y01_191109/job_log_00256321.txt
HTAR: a   instcat_y01_191109/job_log_00256322.txt
HTAR: a   instcat_y01_191109/job_log_00256323.txt
HTAR: a   instcat_y01_191109/job_log_00256345.txt
HTAR: a   instcat_y01_191109/job_log_00256346.txt
HTAR: a   instcat_y01_191109/job_log_00256347.txt
HTAR: a   instcat_y01_191109/job_log_00256348.txt
HTAR: a   instcat_y01_191109/job_log_00256349.txt
HTAR: a   instcat_y01_191109/job_log_00256350.txt
HTAR: a   instcat_y01_191109/job_log_00256351.txt
HTAR: a   instcat_y01_191109/job_log_00256352.txt
HTAR: a   instcat_y01_191109/job_log_00256353.txt
HTAR: a   instcat_y01_191109/job_log_00256375.txt
HTAR: a   instcat_y01_191109/job_log_00256377.txt
HTAR: a   instcat_y01_191109/job_log_00256378.txt
HTAR: a   instcat_y01_191109/job_log_00256379.txt
HTAR: a   instcat_y01_191109/job_log_00256380.txt
HTAR: a   instcat_y01_191109/job_log_00256381.txt
HTAR: a   instcat_y01_191109/job_log_00256382.txt
HTAR: a   instcat_y01_191109/job_log_00256383.txt
HTAR: a   instcat_y01_191109/job_log_00256393.txt
HTAR: a   instcat_y01_191109/job_log_00256905.txt
HTAR: a   instcat_y01_191109/job_log_00256930.txt
HTAR: a   instcat_y01_191109/job_log_00256935.txt
HTAR: a   instcat_y01_191109/job_log_00256936.txt
HTAR: a   instcat_y01_191109/job_log_00256959.txt
HTAR: a   instcat_y01_191109/job_log_00256960.txt
HTAR: a   instcat_y01_191109/job_log_00256981.txt
HTAR: a   instcat_y01_191109/job_log_00256982.txt
HTAR: a   instcat_y01_191109/job_log_00256983.txt
HTAR: a   instcat_y01_191109/job_log_00256984.txt
HTAR: a   instcat_y01_191109/job_log_00256985.txt
HTAR: a   instcat_y01_191109/job_log_00256986.txt
HTAR: a   instcat_y01_191109/job_log_00256987.txt
HTAR: a   instcat_y01_191109/job_log_00256988.txt
HTAR: a   instcat_y01_191109/job_log_00256989.txt
HTAR: a   instcat_y01_191109/job_log_00256990.txt
HTAR: a   instcat_y01_191109/job_log_00256991.txt
HTAR: a   instcat_y01_191109/job_log_00256992.txt
HTAR: a   instcat_y01_191109/job_log_00256993.txt
HTAR: a   instcat_y01_191109/job_log_00256994.txt
HTAR: a   /tmp/HTAR_CF_CHK_48073_1578359229
HTAR Create complete for /home/projects/desc/DC2_ImSim/Run2.2i/instCat/y01_191109/00254948to00256994.tar. 569,754,003,968 bytes written for 242 member files, max threads: 50 Transfer time: 4681.009 seconds (121.716 MB/s) wallclock/user/sys: 4684.251 5326.076 2395.847 seconds
HTAR: HTAR SUCCESSFUL
HTAR: a   instcat_y01_191109/00256995.tar.gz
HTAR: a   instcat_y01_191109/00256996.tar.gz
HTAR: a   instcat_y01_191109/00256997.tar.gz
HTAR: a   instcat_y01_191109/00256998.tar.gz
HTAR: a   instcat_y01_191109/00256999.tar.gz
HTAR: a   instcat_y01_191109/00257000.tar.gz
HTAR: a   instcat_y01_191109/00257061.tar.gz
HTAR: a   instcat_y01_191109/00257697.tar.gz
HTAR: a   instcat_y01_191109/00257698.tar.gz
HTAR: a   instcat_y01_191109/00257699.tar.gz
HTAR: a   instcat_y01_191109/00257700.tar.gz
HTAR: a   instcat_y01_191109/00257701.tar.gz
HTAR: a   instcat_y01_191109/00257702.tar.gz
HTAR: a   instcat_y01_191109/00257703.tar.gz
HTAR: a   instcat_y01_191109/00257704.tar.gz
HTAR: a   instcat_y01_191109/00257705.tar.gz
HTAR: a   instcat_y01_191109/00257706.tar.gz
HTAR: a   instcat_y01_191109/00257707.tar.gz
HTAR: a   instcat_y01_191109/00257708.tar.gz
HTAR: a   instcat_y01_191109/00257709.tar.gz
HTAR: a   instcat_y01_191109/00257710.tar.gz
HTAR: a   instcat_y01_191109/00257711.tar.gz
HTAR: a   instcat_y01_191109/00257712.tar.gz
HTAR: a   instcat_y01_191109/00257713.tar.gz
HTAR: a   instcat_y01_191109/00257714.tar.gz
HTAR: a   instcat_y01_191109/00257715.tar.gz
HTAR: a   instcat_y01_191109/00257716.tar.gz
HTAR: a   instcat_y01_191109/00257717.tar.gz
HTAR: a   instcat_y01_191109/00257718.tar.gz
HTAR: a   instcat_y01_191109/00257719.tar.gz
HTAR: a   instcat_y01_191109/00257720.tar.gz
HTAR: a   instcat_y01_191109/00257721.tar.gz
HTAR: a   instcat_y01_191109/00257722.tar.gz
HTAR: a   instcat_y01_191109/00257762.tar.gz
HTAR: a   instcat_y01_191109/00257763.tar.gz
HTAR: a   instcat_y01_191109/00257764.tar.gz
HTAR: a   instcat_y01_191109/00257765.tar.gz
HTAR: a   instcat_y01_191109/00257766.tar.gz
HTAR: a   instcat_y01_191109/00257767.tar.gz
HTAR: a   instcat_y01_191109/00257768.tar.gz
HTAR: a   instcat_y01_191109/00257769.tar.gz
HTAR: a   instcat_y01_191109/00257770.tar.gz
HTAR: a   instcat_y01_191109/00257771.tar.gz
HTAR: a   instcat_y01_191109/00257774.tar.gz
HTAR: a   instcat_y01_191109/00257796.tar.gz
HTAR: a   instcat_y01_191109/00257797.tar.gz
HTAR: a   instcat_y01_191109/00257798.tar.gz
HTAR: a   instcat_y01_191109/00257799.tar.gz
HTAR: a   instcat_y01_191109/00257800.tar.gz
HTAR: a   instcat_y01_191109/00257801.tar.gz
HTAR: a   instcat_y01_191109/00257802.tar.gz
HTAR: a   instcat_y01_191109/00258314.tar.gz
HTAR: a   instcat_y01_191109/00258315.tar.gz
HTAR: a   instcat_y01_191109/00258352.tar.gz
HTAR: a   instcat_y01_191109/00258391.tar.gz
HTAR: a   instcat_y01_191109/00258392.tar.gz
HTAR: a   instcat_y01_191109/00258393.tar.gz
HTAR: a   instcat_y01_191109/00258394.tar.gz
HTAR: a   instcat_y01_191109/00258395.tar.gz
HTAR: a   instcat_y01_191109/00258396.tar.gz
HTAR: a   instcat_y01_191109/00258397.tar.gz
HTAR: a   instcat_y01_191109/00258398.tar.gz
HTAR: a   instcat_y01_191109/00258399.tar.gz
HTAR: a   instcat_y01_191109/00258400.tar.gz
HTAR: a   instcat_y01_191109/00258401.tar.gz
HTAR: a   instcat_y01_191109/00258402.tar.gz
HTAR: a   instcat_y01_191109/00258403.tar.gz
HTAR: a   instcat_y01_191109/00258404.tar.gz
HTAR: a   instcat_y01_191109/00258405.tar.gz
HTAR: a   instcat_y01_191109/00258406.tar.gz
HTAR: a   instcat_y01_191109/00258407.tar.gz
HTAR: a   instcat_y01_191109/00258408.tar.gz
HTAR: a   instcat_y01_191109/00258409.tar.gz
HTAR: a   instcat_y01_191109/00258410.tar.gz
HTAR: a   instcat_y01_191109/00259016.tar.gz
HTAR: a   instcat_y01_191109/00259017.tar.gz
HTAR: a   instcat_y01_191109/00259018.tar.gz
HTAR: a   instcat_y01_191109/00259064.tar.gz
HTAR: a   instcat_y01_191109/00259065.tar.gz
HTAR: a   instcat_y01_191109/00259066.tar.gz
HTAR: a   instcat_y01_191109/00259067.tar.gz
HTAR: a   instcat_y01_191109/00259068.tar.gz
HTAR: a   instcat_y01_191109/00259069.tar.gz
HTAR: a   instcat_y01_191109/00259070.tar.gz
HTAR: a   instcat_y01_191109/00259071.tar.gz
HTAR: a   instcat_y01_191109/00259072.tar.gz
HTAR: a   instcat_y01_191109/00259073.tar.gz
HTAR: a   instcat_y01_191109/00259074.tar.gz
HTAR: a   instcat_y01_191109/00259075.tar.gz
HTAR: a   instcat_y01_191109/00259076.tar.gz
HTAR: a   instcat_y01_191109/00259077.tar.gz
HTAR: a   instcat_y01_191109/00259078.tar.gz
HTAR: a   instcat_y01_191109/00259079.tar.gz
HTAR: a   instcat_y01_191109/00259080.tar.gz
HTAR: a   instcat_y01_191109/00259081.tar.gz
HTAR: a   instcat_y01_191109/00259082.tar.gz
HTAR: a   instcat_y01_191109/00259083.tar.gz
HTAR: a   instcat_y01_191109/00259133.tar.gz
HTAR: a   instcat_y01_191109/00260434.tar.gz
HTAR: a   instcat_y01_191109/00260435.tar.gz
HTAR: a   instcat_y01_191109/00260436.tar.gz
HTAR: a   instcat_y01_191109/00260437.tar.gz
HTAR: a   instcat_y01_191109/00260438.tar.gz
HTAR: a   instcat_y01_191109/00260439.tar.gz
HTAR: a   instcat_y01_191109/00260440.tar.gz
HTAR: a   instcat_y01_191109/00260441.tar.gz
HTAR: a   instcat_y01_191109/00260442.tar.gz
HTAR: a   instcat_y01_191109/00260443.tar.gz
HTAR: a   instcat_y01_191109/00260444.tar.gz
HTAR: a   instcat_y01_191109/00260445.tar.gz
HTAR: a   instcat_y01_191109/00260446.tar.gz
HTAR: a   instcat_y01_191109/00260447.tar.gz
HTAR: a   instcat_y01_191109/00260448.tar.gz
HTAR: a   instcat_y01_191109/00260449.tar.gz
HTAR: a   instcat_y01_191109/00260450.tar.gz
HTAR: a   instcat_y01_191109/00260451.tar.gz
HTAR: a   instcat_y01_191109/00260452.tar.gz
HTAR: a   instcat_y01_191109/00260453.tar.gz
HTAR: a   instcat_y01_191109/00260454.tar.gz
HTAR: a   instcat_y01_191109/00260455.tar.gz
HTAR: a   instcat_y01_191109/00260456.tar.gz
HTAR: a   instcat_y01_191109/job_log_00256995.txt
HTAR: a   instcat_y01_191109/job_log_00256996.txt
HTAR: a   instcat_y01_191109/job_log_00256997.txt
HTAR: a   instcat_y01_191109/job_log_00256998.txt
HTAR: a   instcat_y01_191109/job_log_00256999.txt
HTAR: a   instcat_y01_191109/job_log_00257000.txt
HTAR: a   instcat_y01_191109/job_log_00257061.txt
HTAR: a   instcat_y01_191109/job_log_00257697.txt
HTAR: a   instcat_y01_191109/job_log_00257698.txt
HTAR: a   instcat_y01_191109/job_log_00257699.txt
HTAR: a   instcat_y01_191109/job_log_00257700.txt
HTAR: a   instcat_y01_191109/job_log_00257701.txt
HTAR: a   instcat_y01_191109/job_log_00257702.txt
HTAR: a   instcat_y01_191109/job_log_00257703.txt
HTAR: a   instcat_y01_191109/job_log_00257704.txt
HTAR: a   instcat_y01_191109/job_log_00257705.txt
HTAR: a   instcat_y01_191109/job_log_00257706.txt
HTAR: a   instcat_y01_191109/job_log_00257707.txt
HTAR: a   instcat_y01_191109/job_log_00257708.txt
HTAR: a   instcat_y01_191109/job_log_00257709.txt
HTAR: a   instcat_y01_191109/job_log_00257710.txt
HTAR: a   instcat_y01_191109/job_log_00257711.txt
HTAR: a   instcat_y01_191109/job_log_00257712.txt
HTAR: a   instcat_y01_191109/job_log_00257713.txt
HTAR: a   instcat_y01_191109/job_log_00257714.txt
HTAR: a   instcat_y01_191109/job_log_00257715.txt
HTAR: a   instcat_y01_191109/job_log_00257716.txt
HTAR: a   instcat_y01_191109/job_log_00257717.txt
HTAR: a   instcat_y01_191109/job_log_00257718.txt
HTAR: a   instcat_y01_191109/job_log_00257719.txt
HTAR: a   instcat_y01_191109/job_log_00257720.txt
HTAR: a   instcat_y01_191109/job_log_00257721.txt
HTAR: a   instcat_y01_191109/job_log_00257722.txt
HTAR: a   instcat_y01_191109/job_log_00257762.txt
HTAR: a   instcat_y01_191109/job_log_00257763.txt
HTAR: a   instcat_y01_191109/job_log_00257764.txt
HTAR: a   instcat_y01_191109/job_log_00257765.txt
HTAR: a   instcat_y01_191109/job_log_00257766.txt
HTAR: a   instcat_y01_191109/job_log_00257767.txt
HTAR: a   instcat_y01_191109/job_log_00257768.txt
HTAR: a   instcat_y01_191109/job_log_00257769.txt
HTAR: a   instcat_y01_191109/job_log_00257770.txt
HTAR: a   instcat_y01_191109/job_log_00257771.txt
HTAR: a   instcat_y01_191109/job_log_00257774.txt
HTAR: a   instcat_y01_191109/job_log_00257796.txt
HTAR: a   instcat_y01_191109/job_log_00257797.txt
HTAR: a   instcat_y01_191109/job_log_00257798.txt
HTAR: a   instcat_y01_191109/job_log_00257799.txt
HTAR: a   instcat_y01_191109/job_log_00257800.txt
HTAR: a   instcat_y01_191109/job_log_00257801.txt
HTAR: a   instcat_y01_191109/job_log_00257802.txt
HTAR: a   instcat_y01_191109/job_log_00258314.txt
HTAR: a   instcat_y01_191109/job_log_00258315.txt
HTAR: a   instcat_y01_191109/job_log_00258352.txt
HTAR: a   instcat_y01_191109/job_log_00258391.txt
HTAR: a   instcat_y01_191109/job_log_00258392.txt
HTAR: a   instcat_y01_191109/job_log_00258393.txt
HTAR: a   instcat_y01_191109/job_log_00258394.txt
HTAR: a   instcat_y01_191109/job_log_00258395.txt
HTAR: a   instcat_y01_191109/job_log_00258396.txt
HTAR: a   instcat_y01_191109/job_log_00258397.txt
HTAR: a   instcat_y01_191109/job_log_00258398.txt
HTAR: a   instcat_y01_191109/job_log_00258399.txt
HTAR: a   instcat_y01_191109/job_log_00258400.txt
HTAR: a   instcat_y01_191109/job_log_00258401.txt
HTAR: a   instcat_y01_191109/job_log_00258402.txt
HTAR: a   instcat_y01_191109/job_log_00258403.txt
HTAR: a   instcat_y01_191109/job_log_00258404.txt
HTAR: a   instcat_y01_191109/job_log_00258405.txt
HTAR: a   instcat_y01_191109/job_log_00258406.txt
HTAR: a   instcat_y01_191109/job_log_00258407.txt
HTAR: a   instcat_y01_191109/job_log_00258408.txt
HTAR: a   instcat_y01_191109/job_log_00258409.txt
HTAR: a   instcat_y01_191109/job_log_00258410.txt
HTAR: a   instcat_y01_191109/job_log_00259016.txt
HTAR: a   instcat_y01_191109/job_log_00259017.txt
HTAR: a   instcat_y01_191109/job_log_00259018.txt
HTAR: a   instcat_y01_191109/job_log_00259064.txt
HTAR: a   instcat_y01_191109/job_log_00259065.txt
HTAR: a   instcat_y01_191109/job_log_00259066.txt
HTAR: a   instcat_y01_191109/job_log_00259067.txt
HTAR: a   instcat_y01_191109/job_log_00259068.txt
HTAR: a   instcat_y01_191109/job_log_00259069.txt
HTAR: a   instcat_y01_191109/job_log_00259070.txt
HTAR: a   instcat_y01_191109/job_log_00259071.txt
HTAR: a   instcat_y01_191109/job_log_00259072.txt
HTAR: a   instcat_y01_191109/job_log_00259073.txt
HTAR: a   instcat_y01_191109/job_log_00259074.txt
HTAR: a   instcat_y01_191109/job_log_00259075.txt
HTAR: a   instcat_y01_191109/job_log_00259076.txt
HTAR: a   instcat_y01_191109/job_log_00259077.txt
HTAR: a   instcat_y01_191109/job_log_00259078.txt
HTAR: a   instcat_y01_191109/job_log_00259079.txt
HTAR: a   instcat_y01_191109/job_log_00259080.txt
HTAR: a   instcat_y01_191109/job_log_00259081.txt
HTAR: a   instcat_y01_191109/job_log_00259082.txt
HTAR: a   instcat_y01_191109/job_log_00259083.txt
HTAR: a   instcat_y01_191109/job_log_00259133.txt
HTAR: a   instcat_y01_191109/job_log_00260434.txt
HTAR: a   instcat_y01_191109/job_log_00260435.txt
HTAR: a   instcat_y01_191109/job_log_00260436.txt
HTAR: a   instcat_y01_191109/job_log_00260437.txt
HTAR: a   instcat_y01_191109/job_log_00260438.txt
HTAR: a   instcat_y01_191109/job_log_00260439.txt
HTAR: a   instcat_y01_191109/job_log_00260440.txt
HTAR: a   instcat_y01_191109/job_log_00260441.txt
HTAR: a   instcat_y01_191109/job_log_00260442.txt
HTAR: a   instcat_y01_191109/job_log_00260443.txt
HTAR: a   instcat_y01_191109/job_log_00260444.txt
HTAR: a   instcat_y01_191109/job_log_00260445.txt
HTAR: a   instcat_y01_191109/job_log_00260446.txt
HTAR: a   instcat_y01_191109/job_log_00260447.txt
HTAR: a   instcat_y01_191109/job_log_00260448.txt
HTAR: a   instcat_y01_191109/job_log_00260449.txt
HTAR: a   instcat_y01_191109/job_log_00260450.txt
HTAR: a   instcat_y01_191109/job_log_00260451.txt
HTAR: a   instcat_y01_191109/job_log_00260452.txt
HTAR: a   instcat_y01_191109/job_log_00260453.txt
HTAR: a   instcat_y01_191109/job_log_00260454.txt
HTAR: a   instcat_y01_191109/job_log_00260455.txt
HTAR: a   instcat_y01_191109/job_log_00260456.txt
HTAR: a   /tmp/HTAR_CF_CHK_33888_1578363926
HTAR Create complete for /home/projects/desc/DC2_ImSim/Run2.2i/instCat/y01_191109/00256995to00260456.tar. 561,845,359,616 bytes written for 242 member files, max threads: 50 Transfer time: 4169.721 seconds (134.744 MB/s) wallclock/user/sys: 4181.455 4917.637 1967.760 seconds
HTAR: HTAR SUCCESSFUL
HTAR: a   instcat_y01_191109/00260457.tar.gz
HTAR: a   instcat_y01_191109/00260458.tar.gz
HTAR: a   instcat_y01_191109/00260459.tar.gz
HTAR: a   instcat_y01_191109/00260460.tar.gz
HTAR: a   instcat_y01_191109/00260461.tar.gz
HTAR: a   instcat_y01_191109/00260462.tar.gz
HTAR: a   instcat_y01_191109/00260463.tar.gz
HTAR: a   instcat_y01_191109/00260464.tar.gz
HTAR: a   instcat_y01_191109/00260465.tar.gz
HTAR: a   instcat_y01_191109/00260466.tar.gz
HTAR: a   instcat_y01_191109/00260467.tar.gz
HTAR: a   instcat_y01_191109/00260468.tar.gz
HTAR: a   instcat_y01_191109/00260469.tar.gz
HTAR: a   instcat_y01_191109/00260470.tar.gz
HTAR: a   instcat_y01_191109/00260471.tar.gz
HTAR: a   instcat_y01_191109/00260472.tar.gz
HTAR: a   instcat_y01_191109/00260473.tar.gz
HTAR: a   instcat_y01_191109/00260474.tar.gz
HTAR: a   instcat_y01_191109/00260475.tar.gz
HTAR: a   instcat_y01_191109/00260476.tar.gz
HTAR: a   instcat_y01_191109/00260477.tar.gz
HTAR: a   instcat_y01_191109/00260478.tar.gz
HTAR: a   instcat_y01_191109/00260479.tar.gz
HTAR: a   instcat_y01_191109/00260480.tar.gz
HTAR: a   instcat_y01_191109/00260481.tar.gz
HTAR: a   instcat_y01_191109/00260482.tar.gz
HTAR: a   instcat_y01_191109/00260483.tar.gz
HTAR: a   instcat_y01_191109/00260484.tar.gz
HTAR: a   instcat_y01_191109/00260485.tar.gz
HTAR: a   instcat_y01_191109/00260486.tar.gz
HTAR: a   instcat_y01_191109/00260487.tar.gz
HTAR: a   instcat_y01_191109/00260488.tar.gz
HTAR: a   instcat_y01_191109/00260489.tar.gz
HTAR: a   instcat_y01_191109/00260490.tar.gz
HTAR: a   instcat_y01_191109/00260491.tar.gz
HTAR: a   instcat_y01_191109/00260492.tar.gz
HTAR: a   instcat_y01_191109/00260493.tar.gz
HTAR: a   instcat_y01_191109/00260494.tar.gz
HTAR: a   instcat_y01_191109/00260495.tar.gz
HTAR: a   instcat_y01_191109/00260496.tar.gz
HTAR: a   instcat_y01_191109/00260497.tar.gz
HTAR: a   instcat_y01_191109/00260498.tar.gz
HTAR: a   instcat_y01_191109/00260499.tar.gz
HTAR: a   instcat_y01_191109/00260500.tar.gz
HTAR: a   instcat_y01_191109/00260501.tar.gz
HTAR: a   instcat_y01_191109/00260502.tar.gz
HTAR: a   instcat_y01_191109/00260503.tar.gz
HTAR: a   instcat_y01_191109/00260504.tar.gz
HTAR: a   instcat_y01_191109/00260505.tar.gz
HTAR: a   instcat_y01_191109/00260506.tar.gz
HTAR: a   instcat_y01_191109/00260507.tar.gz
HTAR: a   instcat_y01_191109/00260508.tar.gz
HTAR: a   instcat_y01_191109/00260509.tar.gz
HTAR: a   instcat_y01_191109/00260510.tar.gz
HTAR: a   instcat_y01_191109/00260511.tar.gz
HTAR: a   instcat_y01_191109/00260512.tar.gz
HTAR: a   instcat_y01_191109/00260513.tar.gz
HTAR: a   instcat_y01_191109/00260514.tar.gz
HTAR: a   instcat_y01_191109/00260515.tar.gz
HTAR: a   instcat_y01_191109/00260516.tar.gz
HTAR: a   instcat_y01_191109/00260517.tar.gz
HTAR: a   instcat_y01_191109/00260518.tar.gz
HTAR: a   instcat_y01_191109/00260519.tar.gz
HTAR: a   instcat_y01_191109/00260520.tar.gz
HTAR: a   instcat_y01_191109/00260521.tar.gz
HTAR: a   instcat_y01_191109/00260522.tar.gz
HTAR: a   instcat_y01_191109/00260523.tar.gz
HTAR: a   instcat_y01_191109/00260524.tar.gz
HTAR: a   instcat_y01_191109/00260525.tar.gz
HTAR: a   instcat_y01_191109/00260526.tar.gz
HTAR: a   instcat_y01_191109/00260527.tar.gz
HTAR: a   instcat_y01_191109/00260528.tar.gz
HTAR: a   instcat_y01_191109/00260529.tar.gz
HTAR: a   instcat_y01_191109/00261178.tar.gz
HTAR: a   instcat_y01_191109/00261201.tar.gz
HTAR: a   instcat_y01_191109/00261315.tar.gz
HTAR: a   instcat_y01_191109/00261316.tar.gz
HTAR: a   instcat_y01_191109/00261317.tar.gz
HTAR: a   instcat_y01_191109/00261318.tar.gz
HTAR: a   instcat_y01_191109/00261319.tar.gz
HTAR: a   instcat_y01_191109/00261320.tar.gz
HTAR: a   instcat_y01_191109/00261321.tar.gz
HTAR: a   instcat_y01_191109/00261322.tar.gz
HTAR: a   instcat_y01_191109/00261323.tar.gz
HTAR: a   instcat_y01_191109/00261324.tar.gz
HTAR: a   instcat_y01_191109/00261325.tar.gz
HTAR: a   instcat_y01_191109/00261358.tar.gz
HTAR: a   instcat_y01_191109/00261359.tar.gz
HTAR: a   instcat_y01_191109/00261360.tar.gz
HTAR: a   instcat_y01_191109/00261361.tar.gz
HTAR: a   instcat_y01_191109/00261362.tar.gz
HTAR: a   instcat_y01_191109/00261364.tar.gz
HTAR: a   instcat_y01_191109/00261365.tar.gz
HTAR: a   instcat_y01_191109/00261366.tar.gz
HTAR: a   instcat_y01_191109/00261367.tar.gz
HTAR: a   instcat_y01_191109/00261369.tar.gz
HTAR: a   instcat_y01_191109/00261426.tar.gz
HTAR: a   instcat_y01_191109/00261855.tar.gz
HTAR: a   instcat_y01_191109/00261892.tar.gz
HTAR: a   instcat_y01_191109/00261906.tar.gz
HTAR: a   instcat_y01_191109/00261942.tar.gz
HTAR: a   instcat_y01_191109/00261955.tar.gz
HTAR: a   instcat_y01_191109/00261956.tar.gz
HTAR: a   instcat_y01_191109/00261957.tar.gz
HTAR: a   instcat_y01_191109/00261958.tar.gz
HTAR: a   instcat_y01_191109/00261959.tar.gz
HTAR: a   instcat_y01_191109/00261960.tar.gz
HTAR: a   instcat_y01_191109/00261961.tar.gz
HTAR: a   instcat_y01_191109/00261962.tar.gz
HTAR: a   instcat_y01_191109/00261986.tar.gz
HTAR: a   instcat_y01_191109/00261987.tar.gz
HTAR: a   instcat_y01_191109/00261988.tar.gz
HTAR: a   instcat_y01_191109/00261990.tar.gz
HTAR: a   instcat_y01_191109/00261991.tar.gz
HTAR: a   instcat_y01_191109/00261992.tar.gz
HTAR: a   instcat_y01_191109/00261993.tar.gz
HTAR: a   instcat_y01_191109/00262006.tar.gz
HTAR: a   instcat_y01_191109/00262007.tar.gz
HTAR: a   instcat_y01_191109/00262008.tar.gz
HTAR: a   instcat_y01_191109/00262009.tar.gz
HTAR: a   instcat_y01_191109/00262010.tar.gz
HTAR: a   instcat_y01_191109/job_log_00260457.txt
HTAR: a   instcat_y01_191109/job_log_00260458.txt
HTAR: a   instcat_y01_191109/job_log_00260459.txt
HTAR: a   instcat_y01_191109/job_log_00260460.txt
HTAR: a   instcat_y01_191109/job_log_00260461.txt
HTAR: a   instcat_y01_191109/job_log_00260462.txt
HTAR: a   instcat_y01_191109/job_log_00260463.txt
HTAR: a   instcat_y01_191109/job_log_00260464.txt
HTAR: a   instcat_y01_191109/job_log_00260465.txt
HTAR: a   instcat_y01_191109/job_log_00260466.txt
HTAR: a   instcat_y01_191109/job_log_00260467.txt
HTAR: a   instcat_y01_191109/job_log_00260468.txt
HTAR: a   instcat_y01_191109/job_log_00260469.txt
HTAR: a   instcat_y01_191109/job_log_00260470.txt
HTAR: a   instcat_y01_191109/job_log_00260471.txt
HTAR: a   instcat_y01_191109/job_log_00260472.txt
HTAR: a   instcat_y01_191109/job_log_00260473.txt
HTAR: a   instcat_y01_191109/job_log_00260474.txt
HTAR: a   instcat_y01_191109/job_log_00260475.txt
HTAR: a   instcat_y01_191109/job_log_00260476.txt
HTAR: a   instcat_y01_191109/job_log_00260477.txt
HTAR: a   instcat_y01_191109/job_log_00260478.txt
HTAR: a   instcat_y01_191109/job_log_00260479.txt
HTAR: a   instcat_y01_191109/job_log_00260480.txt
HTAR: a   instcat_y01_191109/job_log_00260481.txt
HTAR: a   instcat_y01_191109/job_log_00260482.txt
HTAR: a   instcat_y01_191109/job_log_00260483.txt
HTAR: a   instcat_y01_191109/job_log_00260484.txt
HTAR: a   instcat_y01_191109/job_log_00260485.txt
HTAR: a   instcat_y01_191109/job_log_00260486.txt
HTAR: a   instcat_y01_191109/job_log_00260487.txt
HTAR: a   instcat_y01_191109/job_log_00260488.txt
HTAR: a   instcat_y01_191109/job_log_00260489.txt
HTAR: a   instcat_y01_191109/job_log_00260490.txt
HTAR: a   instcat_y01_191109/job_log_00260491.txt
HTAR: a   instcat_y01_191109/job_log_00260492.txt
HTAR: a   instcat_y01_191109/job_log_00260493.txt
HTAR: a   instcat_y01_191109/job_log_00260494.txt
HTAR: a   instcat_y01_191109/job_log_00260495.txt
HTAR: a   instcat_y01_191109/job_log_00260496.txt
HTAR: a   instcat_y01_191109/job_log_00260497.txt
HTAR: a   instcat_y01_191109/job_log_00260498.txt
HTAR: a   instcat_y01_191109/job_log_00260499.txt
HTAR: a   instcat_y01_191109/job_log_00260500.txt
HTAR: a   instcat_y01_191109/job_log_00260501.txt
HTAR: a   instcat_y01_191109/job_log_00260502.txt
HTAR: a   instcat_y01_191109/job_log_00260503.txt
HTAR: a   instcat_y01_191109/job_log_00260504.txt
HTAR: a   instcat_y01_191109/job_log_00260505.txt
HTAR: a   instcat_y01_191109/job_log_00260506.txt
HTAR: a   instcat_y01_191109/job_log_00260507.txt
HTAR: a   instcat_y01_191109/job_log_00260508.txt
HTAR: a   instcat_y01_191109/job_log_00260509.txt
HTAR: a   instcat_y01_191109/job_log_00260510.txt
HTAR: a   instcat_y01_191109/job_log_00260511.txt
HTAR: a   instcat_y01_191109/job_log_00260512.txt
HTAR: a   instcat_y01_191109/job_log_00260513.txt
HTAR: a   instcat_y01_191109/job_log_00260514.txt
HTAR: a   instcat_y01_191109/job_log_00260515.txt
HTAR: a   instcat_y01_191109/job_log_00260516.txt
HTAR: a   instcat_y01_191109/job_log_00260517.txt
HTAR: a   instcat_y01_191109/job_log_00260518.txt
HTAR: a   instcat_y01_191109/job_log_00260519.txt
HTAR: a   instcat_y01_191109/job_log_00260520.txt
HTAR: a   instcat_y01_191109/job_log_00260521.txt
HTAR: a   instcat_y01_191109/job_log_00260522.txt
HTAR: a   instcat_y01_191109/job_log_00260523.txt
HTAR: a   instcat_y01_191109/job_log_00260524.txt
HTAR: a   instcat_y01_191109/job_log_00260525.txt
HTAR: a   instcat_y01_191109/job_log_00260526.txt
HTAR: a   instcat_y01_191109/job_log_00260527.txt
HTAR: a   instcat_y01_191109/job_log_00260528.txt
HTAR: a   instcat_y01_191109/job_log_00260529.txt
HTAR: a   instcat_y01_191109/job_log_00261178.txt
HTAR: a   instcat_y01_191109/job_log_00261201.txt
HTAR: a   instcat_y01_191109/job_log_00261315.txt
HTAR: a   instcat_y01_191109/job_log_00261316.txt
HTAR: a   instcat_y01_191109/job_log_00261317.txt
HTAR: a   instcat_y01_191109/job_log_00261318.txt
HTAR: a   instcat_y01_191109/job_log_00261319.txt
HTAR: a   instcat_y01_191109/job_log_00261320.txt
HTAR: a   instcat_y01_191109/job_log_00261321.txt
HTAR: a   instcat_y01_191109/job_log_00261322.txt
HTAR: a   instcat_y01_191109/job_log_00261323.txt
HTAR: a   instcat_y01_191109/job_log_00261324.txt
HTAR: a   instcat_y01_191109/job_log_00261325.txt
HTAR: a   instcat_y01_191109/job_log_00261358.txt
HTAR: a   instcat_y01_191109/job_log_00261359.txt
HTAR: a   instcat_y01_191109/job_log_00261360.txt
HTAR: a   instcat_y01_191109/job_log_00261361.txt
HTAR: a   instcat_y01_191109/job_log_00261362.txt
HTAR: a   instcat_y01_191109/job_log_00261364.txt
HTAR: a   instcat_y01_191109/job_log_00261365.txt
HTAR: a   instcat_y01_191109/job_log_00261366.txt
HTAR: a   instcat_y01_191109/job_log_00261367.txt
HTAR: a   instcat_y01_191109/job_log_00261369.txt
HTAR: a   instcat_y01_191109/job_log_00261426.txt
HTAR: a   instcat_y01_191109/job_log_00261855.txt
HTAR: a   instcat_y01_191109/job_log_00261892.txt
HTAR: a   instcat_y01_191109/job_log_00261906.txt
HTAR: a   instcat_y01_191109/job_log_00261942.txt
HTAR: a   instcat_y01_191109/job_log_00261955.txt
HTAR: a   instcat_y01_191109/job_log_00261956.txt
HTAR: a   instcat_y01_191109/job_log_00261957.txt
HTAR: a   instcat_y01_191109/job_log_00261958.txt
HTAR: a   instcat_y01_191109/job_log_00261959.txt
HTAR: a   instcat_y01_191109/job_log_00261960.txt
HTAR: a   instcat_y01_191109/job_log_00261961.txt
HTAR: a   instcat_y01_191109/job_log_00261962.txt
HTAR: a   instcat_y01_191109/job_log_00261986.txt
HTAR: a   instcat_y01_191109/job_log_00261987.txt
HTAR: a   instcat_y01_191109/job_log_00261988.txt
HTAR: a   instcat_y01_191109/job_log_00261990.txt
HTAR: a   instcat_y01_191109/job_log_00261991.txt
HTAR: a   instcat_y01_191109/job_log_00261992.txt
HTAR: a   instcat_y01_191109/job_log_00261993.txt
HTAR: a   instcat_y01_191109/job_log_00262006.txt
HTAR: a   instcat_y01_191109/job_log_00262007.txt
HTAR: a   instcat_y01_191109/job_log_00262008.txt
HTAR: a   instcat_y01_191109/job_log_00262009.txt
HTAR: a   instcat_y01_191109/job_log_00262010.txt
HTAR: a   /tmp/HTAR_CF_CHK_28526_1578368103
HTAR Create complete for /home/projects/desc/DC2_ImSim/Run2.2i/instCat/y01_191109/00260457to00262010.tar. 564,134,943,744 bytes written for 242 member files, max threads: 50 Transfer time: 4149.202 seconds (135.962 MB/s) wallclock/user/sys: 4154.422 4892.027 1996.095 seconds
HTAR: HTAR SUCCESSFUL
HTAR: a   instcat_y01_191109/00262012.tar.gz
HTAR: a   instcat_y01_191109/00262025.tar.gz
HTAR: a   instcat_y01_191109/00262026.tar.gz
HTAR: a   instcat_y01_191109/00262027.tar.gz
HTAR: a   instcat_y01_191109/00262029.tar.gz
HTAR: a   instcat_y01_191109/00262030.tar.gz
HTAR: a   instcat_y01_191109/00262031.tar.gz
HTAR: a   instcat_y01_191109/00262032.tar.gz
HTAR: a   instcat_y01_191109/00262033.tar.gz
HTAR: a   instcat_y01_191109/00262034.tar.gz
HTAR: a   instcat_y01_191109/00262035.tar.gz
HTAR: a   instcat_y01_191109/00262036.tar.gz
HTAR: a   instcat_y01_191109/00262075.tar.gz
HTAR: a   instcat_y01_191109/00262076.tar.gz
HTAR: a   instcat_y01_191109/00262077.tar.gz
HTAR: a   instcat_y01_191109/00262078.tar.gz
HTAR: a   instcat_y01_191109/00262527.tar.gz
HTAR: a   instcat_y01_191109/00262528.tar.gz
HTAR: a   instcat_y01_191109/00262529.tar.gz
HTAR: a   instcat_y01_191109/00262530.tar.gz
HTAR: a   instcat_y01_191109/00262531.tar.gz
HTAR: a   instcat_y01_191109/00262532.tar.gz
HTAR: a   instcat_y01_191109/00262533.tar.gz
HTAR: a   instcat_y01_191109/00262534.tar.gz
HTAR: a   instcat_y01_191109/00262535.tar.gz
HTAR: a   instcat_y01_191109/00262536.tar.gz
HTAR: a   instcat_y01_191109/00262537.tar.gz
HTAR: a   instcat_y01_191109/00262538.tar.gz
HTAR: a   instcat_y01_191109/00262539.tar.gz
HTAR: a   instcat_y01_191109/00262540.tar.gz
HTAR: a   instcat_y01_191109/00262541.tar.gz
HTAR: a   instcat_y01_191109/00262542.tar.gz
HTAR: a   instcat_y01_191109/00262543.tar.gz
HTAR: a   instcat_y01_191109/00262544.tar.gz
HTAR: a   instcat_y01_191109/00262545.tar.gz
HTAR: a   instcat_y01_191109/00262546.tar.gz
HTAR: a   instcat_y01_191109/00262547.tar.gz
HTAR: a   instcat_y01_191109/00262548.tar.gz
HTAR: a   instcat_y01_191109/00262549.tar.gz
HTAR: a   instcat_y01_191109/00262550.tar.gz
HTAR: a   instcat_y01_191109/00262551.tar.gz
HTAR: a   instcat_y01_191109/00262552.tar.gz
HTAR: a   instcat_y01_191109/00262553.tar.gz
HTAR: a   instcat_y01_191109/00262554.tar.gz
HTAR: a   instcat_y01_191109/00262555.tar.gz
HTAR: a   instcat_y01_191109/00262556.tar.gz
HTAR: a   instcat_y01_191109/00262557.tar.gz
HTAR: a   instcat_y01_191109/00262558.tar.gz
HTAR: a   instcat_y01_191109/00262559.tar.gz
HTAR: a   instcat_y01_191109/00262560.tar.gz
HTAR: a   instcat_y01_191109/00262561.tar.gz
HTAR: a   instcat_y01_191109/00262562.tar.gz
HTAR: a   instcat_y01_191109/00262563.tar.gz
HTAR: a   instcat_y01_191109/00262564.tar.gz
HTAR: a   instcat_y01_191109/00262565.tar.gz
HTAR: a   instcat_y01_191109/00262566.tar.gz
HTAR: a   instcat_y01_191109/00262567.tar.gz
HTAR: a   instcat_y01_191109/00262568.tar.gz
HTAR: a   instcat_y01_191109/00262569.tar.gz
HTAR: a   instcat_y01_191109/00262570.tar.gz
HTAR: a   instcat_y01_191109/00262571.tar.gz
HTAR: a   instcat_y01_191109/00262572.tar.gz
HTAR: a   instcat_y01_191109/00262573.tar.gz
HTAR: a   instcat_y01_191109/00262574.tar.gz
HTAR: a   instcat_y01_191109/00262575.tar.gz
HTAR: a   instcat_y01_191109/00262576.tar.gz
HTAR: a   instcat_y01_191109/00262577.tar.gz
HTAR: a   instcat_y01_191109/00262578.tar.gz
HTAR: a   instcat_y01_191109/00262579.tar.gz
HTAR: a   instcat_y01_191109/00262580.tar.gz
HTAR: a   instcat_y01_191109/00262581.tar.gz
HTAR: a   instcat_y01_191109/00262582.tar.gz
HTAR: a   instcat_y01_191109/00262583.tar.gz
HTAR: a   instcat_y01_191109/00262584.tar.gz
HTAR: a   instcat_y01_191109/00262585.tar.gz
HTAR: a   instcat_y01_191109/00262586.tar.gz
HTAR: a   instcat_y01_191109/00262587.tar.gz
HTAR: a   instcat_y01_191109/00262588.tar.gz
HTAR: a   instcat_y01_191109/00262589.tar.gz
HTAR: a   instcat_y01_191109/00262590.tar.gz
HTAR: a   instcat_y01_191109/00262591.tar.gz
HTAR: a   instcat_y01_191109/00262592.tar.gz
HTAR: a   instcat_y01_191109/00262593.tar.gz
HTAR: a   instcat_y01_191109/00262594.tar.gz
HTAR: a   instcat_y01_191109/00262595.tar.gz
HTAR: a   instcat_y01_191109/00262596.tar.gz
HTAR: a   instcat_y01_191109/00262597.tar.gz
HTAR: a   instcat_y01_191109/00262598.tar.gz
HTAR: a   instcat_y01_191109/00262599.tar.gz
HTAR: a   instcat_y01_191109/00262600.tar.gz
HTAR: a   instcat_y01_191109/00262601.tar.gz
HTAR: a   instcat_y01_191109/00262602.tar.gz
HTAR: a   instcat_y01_191109/00262603.tar.gz
HTAR: a   instcat_y01_191109/00262604.tar.gz
HTAR: a   instcat_y01_191109/00262605.tar.gz
HTAR: a   instcat_y01_191109/00262606.tar.gz
HTAR: a   instcat_y01_191109/00262607.tar.gz
HTAR: a   instcat_y01_191109/00262608.tar.gz
HTAR: a   instcat_y01_191109/00262609.tar.gz
HTAR: a   instcat_y01_191109/00262610.tar.gz
HTAR: a   instcat_y01_191109/00262611.tar.gz
HTAR: a   instcat_y01_191109/00262612.tar.gz
HTAR: a   instcat_y01_191109/00262613.tar.gz
HTAR: a   instcat_y01_191109/00262614.tar.gz
HTAR: a   instcat_y01_191109/00262615.tar.gz
HTAR: a   instcat_y01_191109/00262616.tar.gz
HTAR: a   instcat_y01_191109/00262617.tar.gz
HTAR: a   instcat_y01_191109/00262618.tar.gz
HTAR: a   instcat_y01_191109/00262619.tar.gz
HTAR: a   instcat_y01_191109/00262620.tar.gz
HTAR: a   instcat_y01_191109/00262621.tar.gz
HTAR: a   instcat_y01_191109/00262622.tar.gz
HTAR: a   instcat_y01_191109/job_log_00262012.txt
HTAR: a   instcat_y01_191109/job_log_00262025.txt
HTAR: a   instcat_y01_191109/job_log_00262026.txt
HTAR: a   instcat_y01_191109/job_log_00262027.txt
HTAR: a   instcat_y01_191109/job_log_00262029.txt
HTAR: a   instcat_y01_191109/job_log_00262030.txt
HTAR: a   instcat_y01_191109/job_log_00262031.txt
HTAR: a   instcat_y01_191109/job_log_00262032.txt
HTAR: a   instcat_y01_191109/job_log_00262033.txt
HTAR: a   instcat_y01_191109/job_log_00262034.txt
HTAR: a   instcat_y01_191109/job_log_00262035.txt
HTAR: a   instcat_y01_191109/job_log_00262036.txt
HTAR: a   instcat_y01_191109/job_log_00262075.txt
HTAR: a   instcat_y01_191109/job_log_00262076.txt
HTAR: a   instcat_y01_191109/job_log_00262077.txt
HTAR: a   instcat_y01_191109/job_log_00262078.txt
HTAR: a   instcat_y01_191109/job_log_00262527.txt
HTAR: a   instcat_y01_191109/job_log_00262528.txt
HTAR: a   instcat_y01_191109/job_log_00262529.txt
HTAR: a   instcat_y01_191109/job_log_00262530.txt
HTAR: a   instcat_y01_191109/job_log_00262531.txt
HTAR: a   instcat_y01_191109/job_log_00262532.txt
HTAR: a   instcat_y01_191109/job_log_00262533.txt
HTAR: a   instcat_y01_191109/job_log_00262534.txt
HTAR: a   instcat_y01_191109/job_log_00262535.txt
HTAR: a   instcat_y01_191109/job_log_00262536.txt
HTAR: a   instcat_y01_191109/job_log_00262537.txt
HTAR: a   instcat_y01_191109/job_log_00262538.txt
HTAR: a   instcat_y01_191109/job_log_00262539.txt
HTAR: a   instcat_y01_191109/job_log_00262540.txt
HTAR: a   instcat_y01_191109/job_log_00262541.txt
HTAR: a   instcat_y01_191109/job_log_00262542.txt
HTAR: a   instcat_y01_191109/job_log_00262543.txt
HTAR: a   instcat_y01_191109/job_log_00262544.txt
HTAR: a   instcat_y01_191109/job_log_00262545.txt
HTAR: a   instcat_y01_191109/job_log_00262546.txt
HTAR: a   instcat_y01_191109/job_log_00262547.txt
HTAR: a   instcat_y01_191109/job_log_00262548.txt
HTAR: a   instcat_y01_191109/job_log_00262549.txt
HTAR: a   instcat_y01_191109/job_log_00262550.txt
HTAR: a   instcat_y01_191109/job_log_00262551.txt
HTAR: a   instcat_y01_191109/job_log_00262552.txt
HTAR: a   instcat_y01_191109/job_log_00262553.txt
HTAR: a   instcat_y01_191109/job_log_00262554.txt
HTAR: a   instcat_y01_191109/job_log_00262555.txt
HTAR: a   instcat_y01_191109/job_log_00262556.txt
HTAR: a   instcat_y01_191109/job_log_00262557.txt
HTAR: a   instcat_y01_191109/job_log_00262558.txt
HTAR: a   instcat_y01_191109/job_log_00262559.txt
HTAR: a   instcat_y01_191109/job_log_00262560.txt
HTAR: a   instcat_y01_191109/job_log_00262561.txt
HTAR: a   instcat_y01_191109/job_log_00262562.txt
HTAR: a   instcat_y01_191109/job_log_00262563.txt
HTAR: a   instcat_y01_191109/job_log_00262564.txt
HTAR: a   instcat_y01_191109/job_log_00262565.txt
HTAR: a   instcat_y01_191109/job_log_00262566.txt
HTAR: a   instcat_y01_191109/job_log_00262567.txt
HTAR: a   instcat_y01_191109/job_log_00262568.txt
HTAR: a   instcat_y01_191109/job_log_00262569.txt
HTAR: a   instcat_y01_191109/job_log_00262570.txt
HTAR: a   instcat_y01_191109/job_log_00262571.txt
HTAR: a   instcat_y01_191109/job_log_00262572.txt
HTAR: a   instcat_y01_191109/job_log_00262573.txt
HTAR: a   instcat_y01_191109/job_log_00262574.txt
HTAR: a   instcat_y01_191109/job_log_00262575.txt
HTAR: a   instcat_y01_191109/job_log_00262576.txt
HTAR: a   instcat_y01_191109/job_log_00262577.txt
HTAR: a   instcat_y01_191109/job_log_00262578.txt
HTAR: a   instcat_y01_191109/job_log_00262579.txt
HTAR: a   instcat_y01_191109/job_log_00262580.txt
HTAR: a   instcat_y01_191109/job_log_00262581.txt
HTAR: a   instcat_y01_191109/job_log_00262582.txt
HTAR: a   instcat_y01_191109/job_log_00262583.txt
HTAR: a   instcat_y01_191109/job_log_00262584.txt
HTAR: a   instcat_y01_191109/job_log_00262585.txt
HTAR: a   instcat_y01_191109/job_log_00262586.txt
HTAR: a   instcat_y01_191109/job_log_00262587.txt
HTAR: a   instcat_y01_191109/job_log_00262588.txt
HTAR: a   instcat_y01_191109/job_log_00262589.txt
HTAR: a   instcat_y01_191109/job_log_00262590.txt
HTAR: a   instcat_y01_191109/job_log_00262591.txt
HTAR: a   instcat_y01_191109/job_log_00262592.txt
HTAR: a   instcat_y01_191109/job_log_00262593.txt
HTAR: a   instcat_y01_191109/job_log_00262594.txt
HTAR: a   instcat_y01_191109/job_log_00262595.txt
HTAR: a   instcat_y01_191109/job_log_00262596.txt
HTAR: a   instcat_y01_191109/job_log_00262597.txt
HTAR: a   instcat_y01_191109/job_log_00262598.txt
HTAR: a   instcat_y01_191109/job_log_00262599.txt
HTAR: a   instcat_y01_191109/job_log_00262600.txt
HTAR: a   instcat_y01_191109/job_log_00262601.txt
HTAR: a   instcat_y01_191109/job_log_00262602.txt
HTAR: a   instcat_y01_191109/job_log_00262603.txt
HTAR: a   instcat_y01_191109/job_log_00262604.txt
HTAR: a   instcat_y01_191109/job_log_00262605.txt
HTAR: a   instcat_y01_191109/job_log_00262606.txt
HTAR: a   instcat_y01_191109/job_log_00262607.txt
HTAR: a   instcat_y01_191109/job_log_00262608.txt
HTAR: a   instcat_y01_191109/job_log_00262609.txt
HTAR: a   instcat_y01_191109/job_log_00262610.txt
HTAR: a   instcat_y01_191109/job_log_00262611.txt
HTAR: a   instcat_y01_191109/job_log_00262612.txt
HTAR: a   instcat_y01_191109/job_log_00262613.txt
HTAR: a   instcat_y01_191109/job_log_00262614.txt
HTAR: a   instcat_y01_191109/job_log_00262615.txt
HTAR: a   instcat_y01_191109/job_log_00262616.txt
HTAR: a   instcat_y01_191109/job_log_00262617.txt
HTAR: a   instcat_y01_191109/job_log_00262618.txt
HTAR: a   instcat_y01_191109/job_log_00262619.txt
HTAR: a   instcat_y01_191109/job_log_00262620.txt
HTAR: a   instcat_y01_191109/job_log_00262621.txt
HTAR: a   instcat_y01_191109/job_log_00262622.txt
HTAR: a   /tmp/HTAR_CF_CHK_3703_1578372259
HTAR Create complete for /home/projects/desc/DC2_ImSim/Run2.2i/instCat/y01_191109/00262012to00262622.tar. 528,322,651,648 bytes written for 224 member files, max threads: 50 Transfer time: 3879.057 seconds (136.199 MB/s) wallclock/user/sys: 3882.804 4594.343 1856.738 seconds
HTAR: HTAR SUCCESSFUL
