HTAR: a   instcat_y01_191109/00226883.tar.gz
HTAR: a   instcat_y01_191109/00226913.tar.gz
HTAR: a   instcat_y01_191109/00226922.tar.gz
HTAR: a   instcat_y01_191109/00226923.tar.gz
HTAR: a   instcat_y01_191109/00226968.tar.gz
HTAR: a   instcat_y01_191109/00226969.tar.gz
HTAR: a   instcat_y01_191109/00226978.tar.gz
HTAR: a   instcat_y01_191109/00226979.tar.gz
HTAR: a   instcat_y01_191109/00226980.tar.gz
HTAR: a   instcat_y01_191109/00226981.tar.gz
HTAR: a   instcat_y01_191109/00226982.tar.gz
HTAR: a   instcat_y01_191109/00226983.tar.gz
HTAR: a   instcat_y01_191109/00226984.tar.gz
HTAR: a   instcat_y01_191109/00226985.tar.gz
HTAR: a   instcat_y01_191109/00226986.tar.gz
HTAR: a   instcat_y01_191109/00226987.tar.gz
HTAR: a   instcat_y01_191109/00227024.tar.gz
HTAR: a   instcat_y01_191109/00227025.tar.gz
HTAR: a   instcat_y01_191109/00227026.tar.gz
HTAR: a   instcat_y01_191109/00227027.tar.gz
HTAR: a   instcat_y01_191109/00227028.tar.gz
HTAR: a   instcat_y01_191109/00227029.tar.gz
HTAR: a   instcat_y01_191109/00227030.tar.gz
HTAR: a   instcat_y01_191109/00227031.tar.gz
HTAR: a   instcat_y01_191109/00227032.tar.gz
HTAR: a   instcat_y01_191109/00227033.tar.gz
HTAR: a   instcat_y01_191109/00227707.tar.gz
HTAR: a   instcat_y01_191109/00227708.tar.gz
HTAR: a   instcat_y01_191109/00227709.tar.gz
HTAR: a   instcat_y01_191109/00227710.tar.gz
HTAR: a   instcat_y01_191109/00227711.tar.gz
HTAR: a   instcat_y01_191109/00227712.tar.gz
HTAR: a   instcat_y01_191109/00227713.tar.gz
HTAR: a   instcat_y01_191109/00227715.tar.gz
HTAR: a   instcat_y01_191109/00227716.tar.gz
HTAR: a   instcat_y01_191109/00227717.tar.gz
HTAR: a   instcat_y01_191109/00227718.tar.gz
HTAR: a   instcat_y01_191109/00227719.tar.gz
HTAR: a   instcat_y01_191109/00227720.tar.gz
HTAR: a   instcat_y01_191109/00227721.tar.gz
HTAR: a   instcat_y01_191109/00227722.tar.gz
HTAR: a   instcat_y01_191109/00227723.tar.gz
HTAR: a   instcat_y01_191109/00227724.tar.gz
HTAR: a   instcat_y01_191109/00227725.tar.gz
HTAR: a   instcat_y01_191109/00227726.tar.gz
HTAR: a   instcat_y01_191109/00227727.tar.gz
HTAR: a   instcat_y01_191109/00227728.tar.gz
HTAR: a   instcat_y01_191109/00227729.tar.gz
HTAR: a   instcat_y01_191109/00227730.tar.gz
HTAR: a   instcat_y01_191109/00227731.tar.gz
HTAR: a   instcat_y01_191109/00227732.tar.gz
HTAR: a   instcat_y01_191109/00227733.tar.gz
HTAR: a   instcat_y01_191109/00227734.tar.gz
HTAR: a   instcat_y01_191109/00227735.tar.gz
HTAR: a   instcat_y01_191109/00227736.tar.gz
HTAR: a   instcat_y01_191109/00227737.tar.gz
HTAR: a   instcat_y01_191109/00227738.tar.gz
HTAR: a   instcat_y01_191109/00227739.tar.gz
HTAR: a   instcat_y01_191109/00227740.tar.gz
HTAR: a   instcat_y01_191109/00227741.tar.gz
HTAR: a   instcat_y01_191109/00227742.tar.gz
HTAR: a   instcat_y01_191109/00227743.tar.gz
HTAR: a   instcat_y01_191109/00227744.tar.gz
HTAR: a   instcat_y01_191109/00227745.tar.gz
HTAR: a   instcat_y01_191109/00227746.tar.gz
HTAR: a   instcat_y01_191109/00227747.tar.gz
HTAR: a   instcat_y01_191109/00227748.tar.gz
HTAR: a   instcat_y01_191109/00227749.tar.gz
HTAR: a   instcat_y01_191109/00227750.tar.gz
HTAR: a   instcat_y01_191109/00227751.tar.gz
HTAR: a   instcat_y01_191109/00227752.tar.gz
HTAR: a   instcat_y01_191109/00227753.tar.gz
HTAR: a   instcat_y01_191109/00227754.tar.gz
HTAR: a   instcat_y01_191109/00227755.tar.gz
HTAR: a   instcat_y01_191109/00227756.tar.gz
HTAR: a   instcat_y01_191109/00227757.tar.gz
HTAR: a   instcat_y01_191109/00227758.tar.gz
HTAR: a   instcat_y01_191109/00227759.tar.gz
HTAR: a   instcat_y01_191109/00227760.tar.gz
HTAR: a   instcat_y01_191109/00227761.tar.gz
HTAR: a   instcat_y01_191109/00227762.tar.gz
HTAR: a   instcat_y01_191109/00227763.tar.gz
HTAR: a   instcat_y01_191109/00227764.tar.gz
HTAR: a   instcat_y01_191109/00227765.tar.gz
HTAR: a   instcat_y01_191109/00227766.tar.gz
HTAR: a   instcat_y01_191109/00227767.tar.gz
HTAR: a   instcat_y01_191109/00227768.tar.gz
HTAR: a   instcat_y01_191109/00227769.tar.gz
HTAR: a   instcat_y01_191109/00227770.tar.gz
HTAR: a   instcat_y01_191109/00227771.tar.gz
HTAR: a   instcat_y01_191109/00227772.tar.gz
HTAR: a   instcat_y01_191109/00227773.tar.gz
HTAR: a   instcat_y01_191109/00227774.tar.gz
HTAR: a   instcat_y01_191109/00227775.tar.gz
HTAR: a   instcat_y01_191109/00227776.tar.gz
HTAR: a   instcat_y01_191109/00227777.tar.gz
HTAR: a   instcat_y01_191109/00227778.tar.gz
HTAR: a   instcat_y01_191109/00227779.tar.gz
HTAR: a   instcat_y01_191109/00227780.tar.gz
HTAR: a   instcat_y01_191109/00227781.tar.gz
HTAR: a   instcat_y01_191109/00227782.tar.gz
HTAR: a   instcat_y01_191109/00227783.tar.gz
HTAR: a   instcat_y01_191109/00227784.tar.gz
HTAR: a   instcat_y01_191109/00227785.tar.gz
HTAR: a   instcat_y01_191109/00227786.tar.gz
HTAR: a   instcat_y01_191109/00227787.tar.gz
HTAR: a   instcat_y01_191109/00227788.tar.gz
HTAR: a   instcat_y01_191109/00227789.tar.gz
HTAR: a   instcat_y01_191109/00227790.tar.gz
HTAR: a   instcat_y01_191109/00227791.tar.gz
HTAR: a   instcat_y01_191109/00227792.tar.gz
HTAR: a   instcat_y01_191109/00227793.tar.gz
HTAR: a   instcat_y01_191109/00227794.tar.gz
HTAR: a   instcat_y01_191109/00227795.tar.gz
HTAR: a   instcat_y01_191109/00227796.tar.gz
HTAR: a   instcat_y01_191109/00227797.tar.gz
HTAR: a   instcat_y01_191109/00227798.tar.gz
HTAR: a   instcat_y01_191109/00227799.tar.gz
HTAR: a   instcat_y01_191109/00227800.tar.gz
HTAR: a   instcat_y01_191109/00227801.tar.gz
HTAR: a   instcat_y01_191109/00227802.tar.gz
HTAR: a   instcat_y01_191109/job_log_00226883.txt
HTAR: a   instcat_y01_191109/job_log_00226913.txt
HTAR: a   instcat_y01_191109/job_log_00226922.txt
HTAR: a   instcat_y01_191109/job_log_00226923.txt
HTAR: a   instcat_y01_191109/job_log_00226968.txt
HTAR: a   instcat_y01_191109/job_log_00226969.txt
HTAR: a   instcat_y01_191109/job_log_00226978.txt
HTAR: a   instcat_y01_191109/job_log_00226979.txt
HTAR: a   instcat_y01_191109/job_log_00226980.txt
HTAR: a   instcat_y01_191109/job_log_00226981.txt
HTAR: a   instcat_y01_191109/job_log_00226982.txt
HTAR: a   instcat_y01_191109/job_log_00226983.txt
HTAR: a   instcat_y01_191109/job_log_00226984.txt
HTAR: a   instcat_y01_191109/job_log_00226985.txt
HTAR: a   instcat_y01_191109/job_log_00226986.txt
HTAR: a   instcat_y01_191109/job_log_00226987.txt
HTAR: a   instcat_y01_191109/job_log_00227024.txt
HTAR: a   instcat_y01_191109/job_log_00227025.txt
HTAR: a   instcat_y01_191109/job_log_00227026.txt
HTAR: a   instcat_y01_191109/job_log_00227027.txt
HTAR: a   instcat_y01_191109/job_log_00227028.txt
HTAR: a   instcat_y01_191109/job_log_00227029.txt
HTAR: a   instcat_y01_191109/job_log_00227030.txt
HTAR: a   instcat_y01_191109/job_log_00227031.txt
HTAR: a   instcat_y01_191109/job_log_00227032.txt
HTAR: a   instcat_y01_191109/job_log_00227033.txt
HTAR: a   instcat_y01_191109/job_log_00227707.txt
HTAR: a   instcat_y01_191109/job_log_00227708.txt
HTAR: a   instcat_y01_191109/job_log_00227709.txt
HTAR: a   instcat_y01_191109/job_log_00227710.txt
HTAR: a   instcat_y01_191109/job_log_00227711.txt
HTAR: a   instcat_y01_191109/job_log_00227712.txt
HTAR: a   instcat_y01_191109/job_log_00227713.txt
HTAR: a   instcat_y01_191109/job_log_00227715.txt
HTAR: a   instcat_y01_191109/job_log_00227716.txt
HTAR: a   instcat_y01_191109/job_log_00227717.txt
HTAR: a   instcat_y01_191109/job_log_00227718.txt
HTAR: a   instcat_y01_191109/job_log_00227719.txt
HTAR: a   instcat_y01_191109/job_log_00227720.txt
HTAR: a   instcat_y01_191109/job_log_00227721.txt
HTAR: a   instcat_y01_191109/job_log_00227722.txt
HTAR: a   instcat_y01_191109/job_log_00227723.txt
HTAR: a   instcat_y01_191109/job_log_00227724.txt
HTAR: a   instcat_y01_191109/job_log_00227725.txt
HTAR: a   instcat_y01_191109/job_log_00227726.txt
HTAR: a   instcat_y01_191109/job_log_00227727.txt
HTAR: a   instcat_y01_191109/job_log_00227728.txt
HTAR: a   instcat_y01_191109/job_log_00227729.txt
HTAR: a   instcat_y01_191109/job_log_00227730.txt
HTAR: a   instcat_y01_191109/job_log_00227731.txt
HTAR: a   instcat_y01_191109/job_log_00227732.txt
HTAR: a   instcat_y01_191109/job_log_00227733.txt
HTAR: a   instcat_y01_191109/job_log_00227734.txt
HTAR: a   instcat_y01_191109/job_log_00227735.txt
HTAR: a   instcat_y01_191109/job_log_00227736.txt
HTAR: a   instcat_y01_191109/job_log_00227737.txt
HTAR: a   instcat_y01_191109/job_log_00227738.txt
HTAR: a   instcat_y01_191109/job_log_00227739.txt
HTAR: a   instcat_y01_191109/job_log_00227740.txt
HTAR: a   instcat_y01_191109/job_log_00227741.txt
HTAR: a   instcat_y01_191109/job_log_00227742.txt
HTAR: a   instcat_y01_191109/job_log_00227743.txt
HTAR: a   instcat_y01_191109/job_log_00227744.txt
HTAR: a   instcat_y01_191109/job_log_00227745.txt
HTAR: a   instcat_y01_191109/job_log_00227746.txt
HTAR: a   instcat_y01_191109/job_log_00227747.txt
HTAR: a   instcat_y01_191109/job_log_00227748.txt
HTAR: a   instcat_y01_191109/job_log_00227749.txt
HTAR: a   instcat_y01_191109/job_log_00227750.txt
HTAR: a   instcat_y01_191109/job_log_00227751.txt
HTAR: a   instcat_y01_191109/job_log_00227752.txt
HTAR: a   instcat_y01_191109/job_log_00227753.txt
HTAR: a   instcat_y01_191109/job_log_00227754.txt
HTAR: a   instcat_y01_191109/job_log_00227755.txt
HTAR: a   instcat_y01_191109/job_log_00227756.txt
HTAR: a   instcat_y01_191109/job_log_00227757.txt
HTAR: a   instcat_y01_191109/job_log_00227758.txt
HTAR: a   instcat_y01_191109/job_log_00227759.txt
HTAR: a   instcat_y01_191109/job_log_00227760.txt
HTAR: a   instcat_y01_191109/job_log_00227761.txt
HTAR: a   instcat_y01_191109/job_log_00227762.txt
HTAR: a   instcat_y01_191109/job_log_00227763.txt
HTAR: a   instcat_y01_191109/job_log_00227764.txt
HTAR: a   instcat_y01_191109/job_log_00227765.txt
HTAR: a   instcat_y01_191109/job_log_00227766.txt
HTAR: a   instcat_y01_191109/job_log_00227767.txt
HTAR: a   instcat_y01_191109/job_log_00227768.txt
HTAR: a   instcat_y01_191109/job_log_00227769.txt
HTAR: a   instcat_y01_191109/job_log_00227770.txt
HTAR: a   instcat_y01_191109/job_log_00227771.txt
HTAR: a   instcat_y01_191109/job_log_00227772.txt
HTAR: a   instcat_y01_191109/job_log_00227773.txt
HTAR: a   instcat_y01_191109/job_log_00227774.txt
HTAR: a   instcat_y01_191109/job_log_00227775.txt
HTAR: a   instcat_y01_191109/job_log_00227776.txt
HTAR: a   instcat_y01_191109/job_log_00227777.txt
HTAR: a   instcat_y01_191109/job_log_00227778.txt
HTAR: a   instcat_y01_191109/job_log_00227779.txt
HTAR: a   instcat_y01_191109/job_log_00227780.txt
HTAR: a   instcat_y01_191109/job_log_00227781.txt
HTAR: a   instcat_y01_191109/job_log_00227782.txt
HTAR: a   instcat_y01_191109/job_log_00227783.txt
HTAR: a   instcat_y01_191109/job_log_00227784.txt
HTAR: a   instcat_y01_191109/job_log_00227785.txt
HTAR: a   instcat_y01_191109/job_log_00227786.txt
HTAR: a   instcat_y01_191109/job_log_00227787.txt
HTAR: a   instcat_y01_191109/job_log_00227788.txt
HTAR: a   instcat_y01_191109/job_log_00227789.txt
HTAR: a   instcat_y01_191109/job_log_00227790.txt
HTAR: a   instcat_y01_191109/job_log_00227791.txt
HTAR: a   instcat_y01_191109/job_log_00227792.txt
HTAR: a   instcat_y01_191109/job_log_00227793.txt
HTAR: a   instcat_y01_191109/job_log_00227794.txt
HTAR: a   instcat_y01_191109/job_log_00227795.txt
HTAR: a   instcat_y01_191109/job_log_00227796.txt
HTAR: a   instcat_y01_191109/job_log_00227797.txt
HTAR: a   instcat_y01_191109/job_log_00227798.txt
HTAR: a   instcat_y01_191109/job_log_00227799.txt
HTAR: a   instcat_y01_191109/job_log_00227800.txt
HTAR: a   instcat_y01_191109/job_log_00227801.txt
HTAR: a   instcat_y01_191109/job_log_00227802.txt
HTAR: a   /tmp/HTAR_CF_CHK_42103_1578349591
HTAR Create complete for /home/projects/desc/DC2_ImSim/Run2.2i/instCat/y01_191109/00226883to00227802.tar. 554,695,540,224 bytes written for 242 member files, max threads: 50 Transfer time: 4401.063 seconds (126.037 MB/s) wallclock/user/sys: 4402.983 5196.205 2033.666 seconds
HTAR: HTAR SUCCESSFUL
HTAR: a   instcat_y01_191109/00227803.tar.gz
HTAR: a   instcat_y01_191109/00227804.tar.gz
HTAR: a   instcat_y01_191109/00227805.tar.gz
HTAR: a   instcat_y01_191109/00227806.tar.gz
HTAR: a   instcat_y01_191109/00227807.tar.gz
HTAR: a   instcat_y01_191109/00227808.tar.gz
HTAR: a   instcat_y01_191109/00227809.tar.gz
HTAR: a   instcat_y01_191109/00227810.tar.gz
HTAR: a   instcat_y01_191109/00227811.tar.gz
HTAR: a   instcat_y01_191109/00227812.tar.gz
HTAR: a   instcat_y01_191109/00227813.tar.gz
HTAR: a   instcat_y01_191109/00227814.tar.gz
HTAR: a   instcat_y01_191109/00227815.tar.gz
HTAR: a   instcat_y01_191109/00227816.tar.gz
HTAR: a   instcat_y01_191109/00227817.tar.gz
HTAR: a   instcat_y01_191109/00227818.tar.gz
HTAR: a   instcat_y01_191109/00227819.tar.gz
HTAR: a   instcat_y01_191109/00227824.tar.gz
HTAR: a   instcat_y01_191109/00227837.tar.gz
HTAR: a   instcat_y01_191109/00227879.tar.gz
HTAR: a   instcat_y01_191109/00227880.tar.gz
HTAR: a   instcat_y01_191109/00227881.tar.gz
HTAR: a   instcat_y01_191109/00227882.tar.gz
HTAR: a   instcat_y01_191109/00227883.tar.gz
HTAR: a   instcat_y01_191109/00227884.tar.gz
HTAR: a   instcat_y01_191109/00227885.tar.gz
HTAR: a   instcat_y01_191109/00227889.tar.gz
HTAR: a   instcat_y01_191109/00227890.tar.gz
HTAR: a   instcat_y01_191109/00227891.tar.gz
HTAR: a   instcat_y01_191109/00227892.tar.gz
HTAR: a   instcat_y01_191109/00227893.tar.gz
HTAR: a   instcat_y01_191109/00227894.tar.gz
HTAR: a   instcat_y01_191109/00227895.tar.gz
HTAR: a   instcat_y01_191109/00227914.tar.gz
HTAR: a   instcat_y01_191109/00227915.tar.gz
HTAR: a   instcat_y01_191109/00227916.tar.gz
HTAR: a   instcat_y01_191109/00227917.tar.gz
HTAR: a   instcat_y01_191109/00227918.tar.gz
HTAR: a   instcat_y01_191109/00227919.tar.gz
HTAR: a   instcat_y01_191109/00227920.tar.gz
HTAR: a   instcat_y01_191109/00227922.tar.gz
HTAR: a   instcat_y01_191109/00227923.tar.gz
HTAR: a   instcat_y01_191109/00227924.tar.gz
HTAR: a   instcat_y01_191109/00227925.tar.gz
HTAR: a   instcat_y01_191109/00227926.tar.gz
HTAR: a   instcat_y01_191109/00227927.tar.gz
HTAR: a   instcat_y01_191109/00227928.tar.gz
HTAR: a   instcat_y01_191109/00227946.tar.gz
HTAR: a   instcat_y01_191109/00227947.tar.gz
HTAR: a   instcat_y01_191109/00227948.tar.gz
HTAR: a   instcat_y01_191109/00227949.tar.gz
HTAR: a   instcat_y01_191109/00227950.tar.gz
HTAR: a   instcat_y01_191109/00227951.tar.gz
HTAR: a   instcat_y01_191109/00227952.tar.gz
HTAR: a   instcat_y01_191109/00227953.tar.gz
HTAR: a   instcat_y01_191109/00227954.tar.gz
HTAR: a   instcat_y01_191109/00227971.tar.gz
HTAR: a   instcat_y01_191109/00227972.tar.gz
HTAR: a   instcat_y01_191109/00227973.tar.gz
HTAR: a   instcat_y01_191109/00227974.tar.gz
HTAR: a   instcat_y01_191109/00227975.tar.gz
HTAR: a   instcat_y01_191109/00227976.tar.gz
HTAR: a   instcat_y01_191109/00227977.tar.gz
HTAR: a   instcat_y01_191109/00227978.tar.gz
HTAR: a   instcat_y01_191109/00227981.tar.gz
HTAR: a   instcat_y01_191109/00227982.tar.gz
HTAR: a   instcat_y01_191109/00227983.tar.gz
HTAR: a   instcat_y01_191109/00227984.tar.gz
HTAR: a   instcat_y01_191109/00227985.tar.gz
HTAR: a   instcat_y01_191109/00227986.tar.gz
HTAR: a   instcat_y01_191109/00227987.tar.gz
HTAR: a   instcat_y01_191109/00228013.tar.gz
HTAR: a   instcat_y01_191109/00228014.tar.gz
HTAR: a   instcat_y01_191109/00228018.tar.gz
HTAR: a   instcat_y01_191109/00228019.tar.gz
HTAR: a   instcat_y01_191109/00228020.tar.gz
HTAR: a   instcat_y01_191109/00228021.tar.gz
HTAR: a   instcat_y01_191109/00228037.tar.gz
HTAR: a   instcat_y01_191109/00228038.tar.gz
HTAR: a   instcat_y01_191109/00228039.tar.gz
HTAR: a   instcat_y01_191109/00228069.tar.gz
HTAR: a   instcat_y01_191109/00228070.tar.gz
HTAR: a   instcat_y01_191109/00228071.tar.gz
HTAR: a   instcat_y01_191109/00228072.tar.gz
HTAR: a   instcat_y01_191109/00228090.tar.gz
HTAR: a   instcat_y01_191109/00228091.tar.gz
HTAR: a   instcat_y01_191109/00228092.tar.gz
HTAR: a   instcat_y01_191109/00228093.tar.gz
HTAR: a   instcat_y01_191109/00228094.tar.gz
HTAR: a   instcat_y01_191109/00228095.tar.gz
HTAR: a   instcat_y01_191109/00228096.tar.gz
HTAR: a   instcat_y01_191109/00228097.tar.gz
HTAR: a   instcat_y01_191109/00228098.tar.gz
HTAR: a   instcat_y01_191109/00228099.tar.gz
HTAR: a   instcat_y01_191109/00228838.tar.gz
HTAR: a   instcat_y01_191109/00228869.tar.gz
HTAR: a   instcat_y01_191109/00228872.tar.gz
HTAR: a   instcat_y01_191109/00228873.tar.gz
HTAR: a   instcat_y01_191109/00228935.tar.gz
HTAR: a   instcat_y01_191109/00229203.tar.gz
HTAR: a   instcat_y01_191109/00229204.tar.gz
HTAR: a   instcat_y01_191109/00229205.tar.gz
HTAR: a   instcat_y01_191109/00229206.tar.gz
HTAR: a   instcat_y01_191109/00229207.tar.gz
HTAR: a   instcat_y01_191109/00229208.tar.gz
HTAR: a   instcat_y01_191109/00229209.tar.gz
HTAR: a   instcat_y01_191109/00229210.tar.gz
HTAR: a   instcat_y01_191109/00229211.tar.gz
HTAR: a   instcat_y01_191109/00229212.tar.gz
HTAR: a   instcat_y01_191109/00229213.tar.gz
HTAR: a   instcat_y01_191109/00229214.tar.gz
HTAR: a   instcat_y01_191109/00229215.tar.gz
HTAR: a   instcat_y01_191109/00229216.tar.gz
HTAR: a   instcat_y01_191109/00229217.tar.gz
HTAR: a   instcat_y01_191109/00229218.tar.gz
HTAR: a   instcat_y01_191109/00229219.tar.gz
HTAR: a   instcat_y01_191109/00229220.tar.gz
HTAR: a   instcat_y01_191109/00229221.tar.gz
HTAR: a   instcat_y01_191109/00229222.tar.gz
HTAR: a   instcat_y01_191109/00229223.tar.gz
HTAR: a   instcat_y01_191109/00229224.tar.gz
HTAR: a   instcat_y01_191109/job_log_00227803.txt
HTAR: a   instcat_y01_191109/job_log_00227804.txt
HTAR: a   instcat_y01_191109/job_log_00227805.txt
HTAR: a   instcat_y01_191109/job_log_00227806.txt
HTAR: a   instcat_y01_191109/job_log_00227807.txt
HTAR: a   instcat_y01_191109/job_log_00227808.txt
HTAR: a   instcat_y01_191109/job_log_00227809.txt
HTAR: a   instcat_y01_191109/job_log_00227810.txt
HTAR: a   instcat_y01_191109/job_log_00227811.txt
HTAR: a   instcat_y01_191109/job_log_00227812.txt
HTAR: a   instcat_y01_191109/job_log_00227813.txt
HTAR: a   instcat_y01_191109/job_log_00227814.txt
HTAR: a   instcat_y01_191109/job_log_00227815.txt
HTAR: a   instcat_y01_191109/job_log_00227816.txt
HTAR: a   instcat_y01_191109/job_log_00227817.txt
HTAR: a   instcat_y01_191109/job_log_00227818.txt
HTAR: a   instcat_y01_191109/job_log_00227819.txt
HTAR: a   instcat_y01_191109/job_log_00227824.txt
HTAR: a   instcat_y01_191109/job_log_00227837.txt
HTAR: a   instcat_y01_191109/job_log_00227879.txt
HTAR: a   instcat_y01_191109/job_log_00227880.txt
HTAR: a   instcat_y01_191109/job_log_00227881.txt
HTAR: a   instcat_y01_191109/job_log_00227882.txt
HTAR: a   instcat_y01_191109/job_log_00227883.txt
HTAR: a   instcat_y01_191109/job_log_00227884.txt
HTAR: a   instcat_y01_191109/job_log_00227885.txt
HTAR: a   instcat_y01_191109/job_log_00227889.txt
HTAR: a   instcat_y01_191109/job_log_00227890.txt
HTAR: a   instcat_y01_191109/job_log_00227891.txt
HTAR: a   instcat_y01_191109/job_log_00227892.txt
HTAR: a   instcat_y01_191109/job_log_00227893.txt
HTAR: a   instcat_y01_191109/job_log_00227894.txt
HTAR: a   instcat_y01_191109/job_log_00227895.txt
HTAR: a   instcat_y01_191109/job_log_00227914.txt
HTAR: a   instcat_y01_191109/job_log_00227915.txt
HTAR: a   instcat_y01_191109/job_log_00227916.txt
HTAR: a   instcat_y01_191109/job_log_00227917.txt
HTAR: a   instcat_y01_191109/job_log_00227918.txt
HTAR: a   instcat_y01_191109/job_log_00227919.txt
HTAR: a   instcat_y01_191109/job_log_00227920.txt
HTAR: a   instcat_y01_191109/job_log_00227922.txt
HTAR: a   instcat_y01_191109/job_log_00227923.txt
HTAR: a   instcat_y01_191109/job_log_00227924.txt
HTAR: a   instcat_y01_191109/job_log_00227925.txt
HTAR: a   instcat_y01_191109/job_log_00227926.txt
HTAR: a   instcat_y01_191109/job_log_00227927.txt
HTAR: a   instcat_y01_191109/job_log_00227928.txt
HTAR: a   instcat_y01_191109/job_log_00227946.txt
HTAR: a   instcat_y01_191109/job_log_00227947.txt
HTAR: a   instcat_y01_191109/job_log_00227948.txt
HTAR: a   instcat_y01_191109/job_log_00227949.txt
HTAR: a   instcat_y01_191109/job_log_00227950.txt
HTAR: a   instcat_y01_191109/job_log_00227951.txt
HTAR: a   instcat_y01_191109/job_log_00227952.txt
HTAR: a   instcat_y01_191109/job_log_00227953.txt
HTAR: a   instcat_y01_191109/job_log_00227954.txt
HTAR: a   instcat_y01_191109/job_log_00227971.txt
HTAR: a   instcat_y01_191109/job_log_00227972.txt
HTAR: a   instcat_y01_191109/job_log_00227973.txt
HTAR: a   instcat_y01_191109/job_log_00227974.txt
HTAR: a   instcat_y01_191109/job_log_00227975.txt
HTAR: a   instcat_y01_191109/job_log_00227976.txt
HTAR: a   instcat_y01_191109/job_log_00227977.txt
HTAR: a   instcat_y01_191109/job_log_00227978.txt
HTAR: a   instcat_y01_191109/job_log_00227981.txt
HTAR: a   instcat_y01_191109/job_log_00227982.txt
HTAR: a   instcat_y01_191109/job_log_00227983.txt
HTAR: a   instcat_y01_191109/job_log_00227984.txt
HTAR: a   instcat_y01_191109/job_log_00227985.txt
HTAR: a   instcat_y01_191109/job_log_00227986.txt
HTAR: a   instcat_y01_191109/job_log_00227987.txt
HTAR: a   instcat_y01_191109/job_log_00228013.txt
HTAR: a   instcat_y01_191109/job_log_00228014.txt
HTAR: a   instcat_y01_191109/job_log_00228018.txt
HTAR: a   instcat_y01_191109/job_log_00228019.txt
HTAR: a   instcat_y01_191109/job_log_00228020.txt
HTAR: a   instcat_y01_191109/job_log_00228021.txt
HTAR: a   instcat_y01_191109/job_log_00228037.txt
HTAR: a   instcat_y01_191109/job_log_00228038.txt
HTAR: a   instcat_y01_191109/job_log_00228039.txt
HTAR: a   instcat_y01_191109/job_log_00228069.txt
HTAR: a   instcat_y01_191109/job_log_00228070.txt
HTAR: a   instcat_y01_191109/job_log_00228071.txt
HTAR: a   instcat_y01_191109/job_log_00228072.txt
HTAR: a   instcat_y01_191109/job_log_00228090.txt
HTAR: a   instcat_y01_191109/job_log_00228091.txt
HTAR: a   instcat_y01_191109/job_log_00228092.txt
HTAR: a   instcat_y01_191109/job_log_00228093.txt
HTAR: a   instcat_y01_191109/job_log_00228094.txt
HTAR: a   instcat_y01_191109/job_log_00228095.txt
HTAR: a   instcat_y01_191109/job_log_00228096.txt
HTAR: a   instcat_y01_191109/job_log_00228097.txt
HTAR: a   instcat_y01_191109/job_log_00228098.txt
HTAR: a   instcat_y01_191109/job_log_00228099.txt
HTAR: a   instcat_y01_191109/job_log_00228838.txt
HTAR: a   instcat_y01_191109/job_log_00228869.txt
HTAR: a   instcat_y01_191109/job_log_00228872.txt
HTAR: a   instcat_y01_191109/job_log_00228873.txt
HTAR: a   instcat_y01_191109/job_log_00228935.txt
HTAR: a   instcat_y01_191109/job_log_00229203.txt
HTAR: a   instcat_y01_191109/job_log_00229204.txt
HTAR: a   instcat_y01_191109/job_log_00229205.txt
HTAR: a   instcat_y01_191109/job_log_00229206.txt
HTAR: a   instcat_y01_191109/job_log_00229207.txt
HTAR: a   instcat_y01_191109/job_log_00229208.txt
HTAR: a   instcat_y01_191109/job_log_00229209.txt
HTAR: a   instcat_y01_191109/job_log_00229210.txt
HTAR: a   instcat_y01_191109/job_log_00229211.txt
HTAR: a   instcat_y01_191109/job_log_00229212.txt
HTAR: a   instcat_y01_191109/job_log_00229213.txt
HTAR: a   instcat_y01_191109/job_log_00229214.txt
HTAR: a   instcat_y01_191109/job_log_00229215.txt
HTAR: a   instcat_y01_191109/job_log_00229216.txt
HTAR: a   instcat_y01_191109/job_log_00229217.txt
HTAR: a   instcat_y01_191109/job_log_00229218.txt
HTAR: a   instcat_y01_191109/job_log_00229219.txt
HTAR: a   instcat_y01_191109/job_log_00229220.txt
HTAR: a   instcat_y01_191109/job_log_00229221.txt
HTAR: a   instcat_y01_191109/job_log_00229222.txt
HTAR: a   instcat_y01_191109/job_log_00229223.txt
HTAR: a   instcat_y01_191109/job_log_00229224.txt
HTAR: a   /tmp/HTAR_CF_CHK_38946_1578353999
HTAR Create complete for /home/projects/desc/DC2_ImSim/Run2.2i/instCat/y01_191109/00227803to00229224.tar. 562,775,561,728 bytes written for 242 member files, max threads: 50 Transfer time: 4470.968 seconds (125.873 MB/s) wallclock/user/sys: 4475.181 5495.467 1945.200 seconds
HTAR: HTAR SUCCESSFUL
HTAR: a   instcat_y01_191109/00229225.tar.gz
HTAR: a   instcat_y01_191109/00229226.tar.gz
HTAR: a   instcat_y01_191109/00229227.tar.gz
HTAR: a   instcat_y01_191109/00229228.tar.gz
HTAR: a   instcat_y01_191109/00229229.tar.gz
HTAR: a   instcat_y01_191109/00229230.tar.gz
HTAR: a   instcat_y01_191109/00229231.tar.gz
HTAR: a   instcat_y01_191109/00229232.tar.gz
HTAR: a   instcat_y01_191109/00229233.tar.gz
HTAR: a   instcat_y01_191109/00229234.tar.gz
HTAR: a   instcat_y01_191109/00229235.tar.gz
HTAR: a   instcat_y01_191109/00229236.tar.gz
HTAR: a   instcat_y01_191109/00229237.tar.gz
HTAR: a   instcat_y01_191109/00229238.tar.gz
HTAR: a   instcat_y01_191109/00229239.tar.gz
HTAR: a   instcat_y01_191109/00229240.tar.gz
HTAR: a   instcat_y01_191109/00229241.tar.gz
HTAR: a   instcat_y01_191109/00229242.tar.gz
HTAR: a   instcat_y01_191109/00229243.tar.gz
HTAR: a   instcat_y01_191109/00229244.tar.gz
HTAR: a   instcat_y01_191109/00229245.tar.gz
HTAR: a   instcat_y01_191109/00229246.tar.gz
HTAR: a   instcat_y01_191109/00229247.tar.gz
HTAR: a   instcat_y01_191109/00229248.tar.gz
HTAR: a   instcat_y01_191109/00229249.tar.gz
HTAR: a   instcat_y01_191109/00229250.tar.gz
HTAR: a   instcat_y01_191109/00229251.tar.gz
HTAR: a   instcat_y01_191109/00229252.tar.gz
HTAR: a   instcat_y01_191109/00229253.tar.gz
HTAR: a   instcat_y01_191109/00229254.tar.gz
HTAR: a   instcat_y01_191109/00229255.tar.gz
HTAR: a   instcat_y01_191109/00229256.tar.gz
HTAR: a   instcat_y01_191109/00229257.tar.gz
HTAR: a   instcat_y01_191109/00229258.tar.gz
HTAR: a   instcat_y01_191109/00229259.tar.gz
HTAR: a   instcat_y01_191109/00229260.tar.gz
HTAR: a   instcat_y01_191109/00229261.tar.gz
HTAR: a   instcat_y01_191109/00229262.tar.gz
HTAR: a   instcat_y01_191109/00229263.tar.gz
HTAR: a   instcat_y01_191109/00229264.tar.gz
HTAR: a   instcat_y01_191109/00229265.tar.gz
HTAR: a   instcat_y01_191109/00229266.tar.gz
HTAR: a   instcat_y01_191109/00229267.tar.gz
HTAR: a   instcat_y01_191109/00229268.tar.gz
HTAR: a   instcat_y01_191109/00229269.tar.gz
HTAR: a   instcat_y01_191109/00229270.tar.gz
HTAR: a   instcat_y01_191109/00229271.tar.gz
HTAR: a   instcat_y01_191109/00229272.tar.gz
HTAR: a   instcat_y01_191109/00229273.tar.gz
HTAR: a   instcat_y01_191109/00229274.tar.gz
HTAR: a   instcat_y01_191109/00229275.tar.gz
HTAR: a   instcat_y01_191109/00229276.tar.gz
HTAR: a   instcat_y01_191109/00229277.tar.gz
HTAR: a   instcat_y01_191109/00229278.tar.gz
HTAR: a   instcat_y01_191109/00229279.tar.gz
HTAR: a   instcat_y01_191109/00229280.tar.gz
HTAR: a   instcat_y01_191109/00229281.tar.gz
HTAR: a   instcat_y01_191109/00229282.tar.gz
HTAR: a   instcat_y01_191109/00229283.tar.gz
HTAR: a   instcat_y01_191109/00229284.tar.gz
HTAR: a   instcat_y01_191109/00229285.tar.gz
HTAR: a   instcat_y01_191109/00229286.tar.gz
HTAR: a   instcat_y01_191109/00229287.tar.gz
HTAR: a   instcat_y01_191109/00229288.tar.gz
HTAR: a   instcat_y01_191109/00229289.tar.gz
HTAR: a   instcat_y01_191109/00229290.tar.gz
HTAR: a   instcat_y01_191109/00229291.tar.gz
HTAR: a   instcat_y01_191109/00229292.tar.gz
HTAR: a   instcat_y01_191109/00229293.tar.gz
HTAR: a   instcat_y01_191109/00229294.tar.gz
HTAR: a   instcat_y01_191109/00229295.tar.gz
HTAR: a   instcat_y01_191109/00229296.tar.gz
HTAR: a   instcat_y01_191109/00229297.tar.gz
HTAR: a   instcat_y01_191109/00229298.tar.gz
HTAR: a   instcat_y01_191109/00230216.tar.gz
HTAR: a   instcat_y01_191109/00230218.tar.gz
HTAR: a   instcat_y01_191109/00230220.tar.gz
HTAR: a   instcat_y01_191109/00230232.tar.gz
HTAR: a   instcat_y01_191109/00230247.tar.gz
HTAR: a   instcat_y01_191109/00230248.tar.gz
HTAR: a   instcat_y01_191109/00230250.tar.gz
HTAR: a   instcat_y01_191109/00230260.tar.gz
HTAR: a   instcat_y01_191109/00230264.tar.gz
HTAR: a   instcat_y01_191109/00230265.tar.gz
HTAR: a   instcat_y01_191109/00230404.tar.gz
HTAR: a   instcat_y01_191109/00230589.tar.gz
HTAR: a   instcat_y01_191109/00230590.tar.gz
HTAR: a   instcat_y01_191109/00230591.tar.gz
HTAR: a   instcat_y01_191109/00230597.tar.gz
HTAR: a   instcat_y01_191109/00230598.tar.gz
HTAR: a   instcat_y01_191109/00230599.tar.gz
HTAR: a   instcat_y01_191109/00230633.tar.gz
HTAR: a   instcat_y01_191109/00230634.tar.gz
HTAR: a   instcat_y01_191109/00230635.tar.gz
HTAR: a   instcat_y01_191109/00230637.tar.gz
HTAR: a   instcat_y01_191109/00230641.tar.gz
HTAR: a   instcat_y01_191109/00230642.tar.gz
HTAR: a   instcat_y01_191109/00230694.tar.gz
HTAR: a   instcat_y01_191109/00230695.tar.gz
HTAR: a   instcat_y01_191109/00230696.tar.gz
HTAR: a   instcat_y01_191109/00230697.tar.gz
HTAR: a   instcat_y01_191109/00230698.tar.gz
HTAR: a   instcat_y01_191109/00230699.tar.gz
HTAR: a   instcat_y01_191109/00230700.tar.gz
HTAR: a   instcat_y01_191109/00230701.tar.gz
HTAR: a   instcat_y01_191109/00230702.tar.gz
HTAR: a   instcat_y01_191109/00230703.tar.gz
HTAR: a   instcat_y01_191109/00230704.tar.gz
HTAR: a   instcat_y01_191109/00230705.tar.gz
HTAR: a   instcat_y01_191109/00230713.tar.gz
HTAR: a   instcat_y01_191109/00230714.tar.gz
HTAR: a   instcat_y01_191109/00230716.tar.gz
HTAR: a   instcat_y01_191109/00230717.tar.gz
HTAR: a   instcat_y01_191109/00230718.tar.gz
HTAR: a   instcat_y01_191109/00230719.tar.gz
HTAR: a   instcat_y01_191109/00230720.tar.gz
HTAR: a   instcat_y01_191109/00230721.tar.gz
HTAR: a   instcat_y01_191109/00230730.tar.gz
HTAR: a   instcat_y01_191109/00230731.tar.gz
HTAR: a   instcat_y01_191109/00230732.tar.gz
HTAR: a   instcat_y01_191109/00230733.tar.gz
HTAR: a   instcat_y01_191109/job_log_00229225.txt
HTAR: a   instcat_y01_191109/job_log_00229226.txt
HTAR: a   instcat_y01_191109/job_log_00229227.txt
HTAR: a   instcat_y01_191109/job_log_00229228.txt
HTAR: a   instcat_y01_191109/job_log_00229229.txt
HTAR: a   instcat_y01_191109/job_log_00229230.txt
HTAR: a   instcat_y01_191109/job_log_00229231.txt
HTAR: a   instcat_y01_191109/job_log_00229232.txt
HTAR: a   instcat_y01_191109/job_log_00229233.txt
HTAR: a   instcat_y01_191109/job_log_00229234.txt
HTAR: a   instcat_y01_191109/job_log_00229235.txt
HTAR: a   instcat_y01_191109/job_log_00229236.txt
HTAR: a   instcat_y01_191109/job_log_00229237.txt
HTAR: a   instcat_y01_191109/job_log_00229238.txt
HTAR: a   instcat_y01_191109/job_log_00229239.txt
HTAR: a   instcat_y01_191109/job_log_00229240.txt
HTAR: a   instcat_y01_191109/job_log_00229241.txt
HTAR: a   instcat_y01_191109/job_log_00229242.txt
HTAR: a   instcat_y01_191109/job_log_00229243.txt
HTAR: a   instcat_y01_191109/job_log_00229244.txt
HTAR: a   instcat_y01_191109/job_log_00229245.txt
HTAR: a   instcat_y01_191109/job_log_00229246.txt
HTAR: a   instcat_y01_191109/job_log_00229247.txt
HTAR: a   instcat_y01_191109/job_log_00229248.txt
HTAR: a   instcat_y01_191109/job_log_00229249.txt
HTAR: a   instcat_y01_191109/job_log_00229250.txt
HTAR: a   instcat_y01_191109/job_log_00229251.txt
HTAR: a   instcat_y01_191109/job_log_00229252.txt
HTAR: a   instcat_y01_191109/job_log_00229253.txt
HTAR: a   instcat_y01_191109/job_log_00229254.txt
HTAR: a   instcat_y01_191109/job_log_00229255.txt
HTAR: a   instcat_y01_191109/job_log_00229256.txt
HTAR: a   instcat_y01_191109/job_log_00229257.txt
HTAR: a   instcat_y01_191109/job_log_00229258.txt
HTAR: a   instcat_y01_191109/job_log_00229259.txt
HTAR: a   instcat_y01_191109/job_log_00229260.txt
HTAR: a   instcat_y01_191109/job_log_00229261.txt
HTAR: a   instcat_y01_191109/job_log_00229262.txt
HTAR: a   instcat_y01_191109/job_log_00229263.txt
HTAR: a   instcat_y01_191109/job_log_00229264.txt
HTAR: a   instcat_y01_191109/job_log_00229265.txt
HTAR: a   instcat_y01_191109/job_log_00229266.txt
HTAR: a   instcat_y01_191109/job_log_00229267.txt
HTAR: a   instcat_y01_191109/job_log_00229268.txt
HTAR: a   instcat_y01_191109/job_log_00229269.txt
HTAR: a   instcat_y01_191109/job_log_00229270.txt
HTAR: a   instcat_y01_191109/job_log_00229271.txt
HTAR: a   instcat_y01_191109/job_log_00229272.txt
HTAR: a   instcat_y01_191109/job_log_00229273.txt
HTAR: a   instcat_y01_191109/job_log_00229274.txt
HTAR: a   instcat_y01_191109/job_log_00229275.txt
HTAR: a   instcat_y01_191109/job_log_00229276.txt
HTAR: a   instcat_y01_191109/job_log_00229277.txt
HTAR: a   instcat_y01_191109/job_log_00229278.txt
HTAR: a   instcat_y01_191109/job_log_00229279.txt
HTAR: a   instcat_y01_191109/job_log_00229280.txt
HTAR: a   instcat_y01_191109/job_log_00229281.txt
HTAR: a   instcat_y01_191109/job_log_00229282.txt
HTAR: a   instcat_y01_191109/job_log_00229283.txt
HTAR: a   instcat_y01_191109/job_log_00229284.txt
HTAR: a   instcat_y01_191109/job_log_00229285.txt
HTAR: a   instcat_y01_191109/job_log_00229286.txt
HTAR: a   instcat_y01_191109/job_log_00229287.txt
HTAR: a   instcat_y01_191109/job_log_00229288.txt
HTAR: a   instcat_y01_191109/job_log_00229289.txt
HTAR: a   instcat_y01_191109/job_log_00229290.txt
HTAR: a   instcat_y01_191109/job_log_00229291.txt
HTAR: a   instcat_y01_191109/job_log_00229292.txt
HTAR: a   instcat_y01_191109/job_log_00229293.txt
HTAR: a   instcat_y01_191109/job_log_00229294.txt
HTAR: a   instcat_y01_191109/job_log_00229295.txt
HTAR: a   instcat_y01_191109/job_log_00229296.txt
HTAR: a   instcat_y01_191109/job_log_00229297.txt
HTAR: a   instcat_y01_191109/job_log_00229298.txt
HTAR: a   instcat_y01_191109/job_log_00230216.txt
HTAR: a   instcat_y01_191109/job_log_00230218.txt
HTAR: a   instcat_y01_191109/job_log_00230220.txt
HTAR: a   instcat_y01_191109/job_log_00230232.txt
HTAR: a   instcat_y01_191109/job_log_00230247.txt
HTAR: a   instcat_y01_191109/job_log_00230248.txt
HTAR: a   instcat_y01_191109/job_log_00230250.txt
HTAR: a   instcat_y01_191109/job_log_00230260.txt
HTAR: a   instcat_y01_191109/job_log_00230264.txt
HTAR: a   instcat_y01_191109/job_log_00230265.txt
HTAR: a   instcat_y01_191109/job_log_00230404.txt
HTAR: a   instcat_y01_191109/job_log_00230589.txt
HTAR: a   instcat_y01_191109/job_log_00230590.txt
HTAR: a   instcat_y01_191109/job_log_00230591.txt
HTAR: a   instcat_y01_191109/job_log_00230597.txt
HTAR: a   instcat_y01_191109/job_log_00230598.txt
HTAR: a   instcat_y01_191109/job_log_00230599.txt
HTAR: a   instcat_y01_191109/job_log_00230633.txt
HTAR: a   instcat_y01_191109/job_log_00230634.txt
HTAR: a   instcat_y01_191109/job_log_00230635.txt
HTAR: a   instcat_y01_191109/job_log_00230637.txt
HTAR: a   instcat_y01_191109/job_log_00230641.txt
HTAR: a   instcat_y01_191109/job_log_00230642.txt
HTAR: a   instcat_y01_191109/job_log_00230694.txt
HTAR: a   instcat_y01_191109/job_log_00230695.txt
HTAR: a   instcat_y01_191109/job_log_00230696.txt
HTAR: a   instcat_y01_191109/job_log_00230697.txt
HTAR: a   instcat_y01_191109/job_log_00230698.txt
HTAR: a   instcat_y01_191109/job_log_00230699.txt
HTAR: a   instcat_y01_191109/job_log_00230700.txt
HTAR: a   instcat_y01_191109/job_log_00230701.txt
HTAR: a   instcat_y01_191109/job_log_00230702.txt
HTAR: a   instcat_y01_191109/job_log_00230703.txt
HTAR: a   instcat_y01_191109/job_log_00230704.txt
HTAR: a   instcat_y01_191109/job_log_00230705.txt
HTAR: a   instcat_y01_191109/job_log_00230713.txt
HTAR: a   instcat_y01_191109/job_log_00230714.txt
HTAR: a   instcat_y01_191109/job_log_00230716.txt
HTAR: a   instcat_y01_191109/job_log_00230717.txt
HTAR: a   instcat_y01_191109/job_log_00230718.txt
HTAR: a   instcat_y01_191109/job_log_00230719.txt
HTAR: a   instcat_y01_191109/job_log_00230720.txt
HTAR: a   instcat_y01_191109/job_log_00230721.txt
HTAR: a   instcat_y01_191109/job_log_00230730.txt
HTAR: a   instcat_y01_191109/job_log_00230731.txt
HTAR: a   instcat_y01_191109/job_log_00230732.txt
HTAR: a   instcat_y01_191109/job_log_00230733.txt
HTAR: a   /tmp/HTAR_CF_CHK_45269_1578358476
HTAR Create complete for /home/projects/desc/DC2_ImSim/Run2.2i/instCat/y01_191109/00229225to00230733.tar. 550,010,037,760 bytes written for 242 member files, max threads: 50 Transfer time: 4373.242 seconds (125.767 MB/s) wallclock/user/sys: 4377.086 5064.192 1972.255 seconds
HTAR: HTAR SUCCESSFUL
HTAR: a   instcat_y01_191109/00230734.tar.gz
HTAR: a   instcat_y01_191109/00230735.tar.gz
HTAR: a   instcat_y01_191109/00230736.tar.gz
HTAR: a   instcat_y01_191109/00230737.tar.gz
HTAR: a   instcat_y01_191109/00230738.tar.gz
HTAR: a   instcat_y01_191109/00230739.tar.gz
HTAR: a   instcat_y01_191109/00230740.tar.gz
HTAR: a   instcat_y01_191109/00230741.tar.gz
HTAR: a   instcat_y01_191109/00230742.tar.gz
HTAR: a   instcat_y01_191109/00230743.tar.gz
HTAR: a   instcat_y01_191109/00230744.tar.gz
HTAR: a   instcat_y01_191109/00230750.tar.gz
HTAR: a   instcat_y01_191109/00230752.tar.gz
HTAR: a   instcat_y01_191109/00230773.tar.gz
HTAR: a   instcat_y01_191109/00230774.tar.gz
HTAR: a   instcat_y01_191109/00230775.tar.gz
HTAR: a   instcat_y01_191109/00230776.tar.gz
HTAR: a   instcat_y01_191109/00230781.tar.gz
HTAR: a   instcat_y01_191109/00230782.tar.gz
HTAR: a   instcat_y01_191109/00230801.tar.gz
HTAR: a   instcat_y01_191109/00230802.tar.gz
HTAR: a   instcat_y01_191109/00230810.tar.gz
HTAR: a   instcat_y01_191109/00230830.tar.gz
HTAR: a   instcat_y01_191109/00230831.tar.gz
HTAR: a   instcat_y01_191109/00230832.tar.gz
HTAR: a   instcat_y01_191109/00230842.tar.gz
HTAR: a   instcat_y01_191109/00230872.tar.gz
HTAR: a   instcat_y01_191109/00230922.tar.gz
HTAR: a   instcat_y01_191109/00231412.tar.gz
HTAR: a   instcat_y01_191109/00231413.tar.gz
HTAR: a   instcat_y01_191109/00231414.tar.gz
HTAR: a   instcat_y01_191109/00231415.tar.gz
HTAR: a   instcat_y01_191109/00231416.tar.gz
HTAR: a   instcat_y01_191109/00231417.tar.gz
HTAR: a   instcat_y01_191109/00231418.tar.gz
HTAR: a   instcat_y01_191109/00231419.tar.gz
HTAR: a   instcat_y01_191109/00231420.tar.gz
HTAR: a   instcat_y01_191109/00231421.tar.gz
HTAR: a   instcat_y01_191109/00231422.tar.gz
HTAR: a   instcat_y01_191109/00231423.tar.gz
HTAR: a   instcat_y01_191109/00231424.tar.gz
HTAR: a   instcat_y01_191109/00231425.tar.gz
HTAR: a   instcat_y01_191109/00231426.tar.gz
HTAR: a   instcat_y01_191109/00231427.tar.gz
HTAR: a   instcat_y01_191109/00231428.tar.gz
HTAR: a   instcat_y01_191109/00231429.tar.gz
HTAR: a   instcat_y01_191109/00231430.tar.gz
HTAR: a   instcat_y01_191109/00231431.tar.gz
HTAR: a   instcat_y01_191109/00231432.tar.gz
HTAR: a   instcat_y01_191109/00231433.tar.gz
HTAR: a   instcat_y01_191109/00231434.tar.gz
HTAR: a   instcat_y01_191109/00231435.tar.gz
HTAR: a   instcat_y01_191109/00231436.tar.gz
HTAR: a   instcat_y01_191109/00231437.tar.gz
HTAR: a   instcat_y01_191109/00231438.tar.gz
HTAR: a   instcat_y01_191109/00231439.tar.gz
HTAR: a   instcat_y01_191109/00231440.tar.gz
HTAR: a   instcat_y01_191109/00231441.tar.gz
HTAR: a   instcat_y01_191109/00231442.tar.gz
HTAR: a   instcat_y01_191109/00231443.tar.gz
HTAR: a   instcat_y01_191109/00231444.tar.gz
HTAR: a   instcat_y01_191109/00231445.tar.gz
HTAR: a   instcat_y01_191109/00231446.tar.gz
HTAR: a   instcat_y01_191109/00231447.tar.gz
HTAR: a   instcat_y01_191109/00231448.tar.gz
HTAR: a   instcat_y01_191109/00231449.tar.gz
HTAR: a   instcat_y01_191109/00231450.tar.gz
HTAR: a   instcat_y01_191109/00231451.tar.gz
HTAR: a   instcat_y01_191109/00231452.tar.gz
HTAR: a   instcat_y01_191109/00231453.tar.gz
HTAR: a   instcat_y01_191109/00231454.tar.gz
HTAR: a   instcat_y01_191109/00231455.tar.gz
HTAR: a   instcat_y01_191109/00231456.tar.gz
HTAR: a   instcat_y01_191109/00231457.tar.gz
HTAR: a   instcat_y01_191109/00231458.tar.gz
HTAR: a   instcat_y01_191109/00231459.tar.gz
HTAR: a   instcat_y01_191109/00231460.tar.gz
HTAR: a   instcat_y01_191109/00231461.tar.gz
HTAR: a   instcat_y01_191109/00231462.tar.gz
HTAR: a   instcat_y01_191109/00231463.tar.gz
HTAR: a   instcat_y01_191109/00231464.tar.gz
HTAR: a   instcat_y01_191109/00231465.tar.gz
HTAR: a   instcat_y01_191109/00231466.tar.gz
HTAR: a   instcat_y01_191109/00231467.tar.gz
HTAR: a   instcat_y01_191109/00231468.tar.gz
HTAR: a   instcat_y01_191109/00231469.tar.gz
HTAR: a   instcat_y01_191109/00231470.tar.gz
HTAR: a   instcat_y01_191109/00231471.tar.gz
HTAR: a   instcat_y01_191109/00231472.tar.gz
HTAR: a   instcat_y01_191109/00231473.tar.gz
HTAR: a   instcat_y01_191109/00231474.tar.gz
HTAR: a   instcat_y01_191109/00231475.tar.gz
HTAR: a   instcat_y01_191109/00231476.tar.gz
HTAR: a   instcat_y01_191109/00231477.tar.gz
HTAR: a   instcat_y01_191109/00231478.tar.gz
HTAR: a   instcat_y01_191109/00231479.tar.gz
HTAR: a   instcat_y01_191109/00231480.tar.gz
HTAR: a   instcat_y01_191109/00231481.tar.gz
HTAR: a   instcat_y01_191109/00231482.tar.gz
HTAR: a   instcat_y01_191109/00231483.tar.gz
HTAR: a   instcat_y01_191109/00231484.tar.gz
HTAR: a   instcat_y01_191109/00231485.tar.gz
HTAR: a   instcat_y01_191109/00231486.tar.gz
HTAR: a   instcat_y01_191109/00231487.tar.gz
HTAR: a   instcat_y01_191109/00231488.tar.gz
HTAR: a   instcat_y01_191109/00231489.tar.gz
HTAR: a   instcat_y01_191109/00231490.tar.gz
HTAR: a   instcat_y01_191109/00231491.tar.gz
HTAR: a   instcat_y01_191109/00231492.tar.gz
HTAR: a   instcat_y01_191109/00231493.tar.gz
HTAR: a   instcat_y01_191109/00231494.tar.gz
HTAR: a   instcat_y01_191109/00231495.tar.gz
HTAR: a   instcat_y01_191109/00231496.tar.gz
HTAR: a   instcat_y01_191109/00231497.tar.gz
HTAR: a   instcat_y01_191109/00231498.tar.gz
HTAR: a   instcat_y01_191109/00231499.tar.gz
HTAR: a   instcat_y01_191109/00231500.tar.gz
HTAR: a   instcat_y01_191109/00231501.tar.gz
HTAR: a   instcat_y01_191109/00231502.tar.gz
HTAR: a   instcat_y01_191109/00231503.tar.gz
HTAR: a   instcat_y01_191109/00231504.tar.gz
HTAR: a   instcat_y01_191109/job_log_00230734.txt
HTAR: a   instcat_y01_191109/job_log_00230735.txt
HTAR: a   instcat_y01_191109/job_log_00230736.txt
HTAR: a   instcat_y01_191109/job_log_00230737.txt
HTAR: a   instcat_y01_191109/job_log_00230738.txt
HTAR: a   instcat_y01_191109/job_log_00230739.txt
HTAR: a   instcat_y01_191109/job_log_00230740.txt
HTAR: a   instcat_y01_191109/job_log_00230741.txt
HTAR: a   instcat_y01_191109/job_log_00230742.txt
HTAR: a   instcat_y01_191109/job_log_00230743.txt
HTAR: a   instcat_y01_191109/job_log_00230744.txt
HTAR: a   instcat_y01_191109/job_log_00230750.txt
HTAR: a   instcat_y01_191109/job_log_00230752.txt
HTAR: a   instcat_y01_191109/job_log_00230773.txt
HTAR: a   instcat_y01_191109/job_log_00230774.txt
HTAR: a   instcat_y01_191109/job_log_00230775.txt
HTAR: a   instcat_y01_191109/job_log_00230776.txt
HTAR: a   instcat_y01_191109/job_log_00230781.txt
HTAR: a   instcat_y01_191109/job_log_00230782.txt
HTAR: a   instcat_y01_191109/job_log_00230801.txt
HTAR: a   instcat_y01_191109/job_log_00230802.txt
HTAR: a   instcat_y01_191109/job_log_00230810.txt
HTAR: a   instcat_y01_191109/job_log_00230830.txt
HTAR: a   instcat_y01_191109/job_log_00230831.txt
HTAR: a   instcat_y01_191109/job_log_00230832.txt
HTAR: a   instcat_y01_191109/job_log_00230842.txt
HTAR: a   instcat_y01_191109/job_log_00230872.txt
HTAR: a   instcat_y01_191109/job_log_00230922.txt
HTAR: a   instcat_y01_191109/job_log_00231412.txt
HTAR: a   instcat_y01_191109/job_log_00231413.txt
HTAR: a   instcat_y01_191109/job_log_00231414.txt
HTAR: a   instcat_y01_191109/job_log_00231415.txt
HTAR: a   instcat_y01_191109/job_log_00231416.txt
HTAR: a   instcat_y01_191109/job_log_00231417.txt
HTAR: a   instcat_y01_191109/job_log_00231418.txt
HTAR: a   instcat_y01_191109/job_log_00231419.txt
HTAR: a   instcat_y01_191109/job_log_00231420.txt
HTAR: a   instcat_y01_191109/job_log_00231421.txt
HTAR: a   instcat_y01_191109/job_log_00231422.txt
HTAR: a   instcat_y01_191109/job_log_00231423.txt
HTAR: a   instcat_y01_191109/job_log_00231424.txt
HTAR: a   instcat_y01_191109/job_log_00231425.txt
HTAR: a   instcat_y01_191109/job_log_00231426.txt
HTAR: a   instcat_y01_191109/job_log_00231427.txt
HTAR: a   instcat_y01_191109/job_log_00231428.txt
HTAR: a   instcat_y01_191109/job_log_00231429.txt
HTAR: a   instcat_y01_191109/job_log_00231430.txt
HTAR: a   instcat_y01_191109/job_log_00231431.txt
HTAR: a   instcat_y01_191109/job_log_00231432.txt
HTAR: a   instcat_y01_191109/job_log_00231433.txt
HTAR: a   instcat_y01_191109/job_log_00231434.txt
HTAR: a   instcat_y01_191109/job_log_00231435.txt
HTAR: a   instcat_y01_191109/job_log_00231436.txt
HTAR: a   instcat_y01_191109/job_log_00231437.txt
HTAR: a   instcat_y01_191109/job_log_00231438.txt
HTAR: a   instcat_y01_191109/job_log_00231439.txt
HTAR: a   instcat_y01_191109/job_log_00231440.txt
HTAR: a   instcat_y01_191109/job_log_00231441.txt
HTAR: a   instcat_y01_191109/job_log_00231442.txt
HTAR: a   instcat_y01_191109/job_log_00231443.txt
HTAR: a   instcat_y01_191109/job_log_00231444.txt
HTAR: a   instcat_y01_191109/job_log_00231445.txt
HTAR: a   instcat_y01_191109/job_log_00231446.txt
HTAR: a   instcat_y01_191109/job_log_00231447.txt
HTAR: a   instcat_y01_191109/job_log_00231448.txt
HTAR: a   instcat_y01_191109/job_log_00231449.txt
HTAR: a   instcat_y01_191109/job_log_00231450.txt
HTAR: a   instcat_y01_191109/job_log_00231451.txt
HTAR: a   instcat_y01_191109/job_log_00231452.txt
HTAR: a   instcat_y01_191109/job_log_00231453.txt
HTAR: a   instcat_y01_191109/job_log_00231454.txt
HTAR: a   instcat_y01_191109/job_log_00231455.txt
HTAR: a   instcat_y01_191109/job_log_00231456.txt
HTAR: a   instcat_y01_191109/job_log_00231457.txt
HTAR: a   instcat_y01_191109/job_log_00231458.txt
HTAR: a   instcat_y01_191109/job_log_00231459.txt
HTAR: a   instcat_y01_191109/job_log_00231460.txt
HTAR: a   instcat_y01_191109/job_log_00231461.txt
HTAR: a   instcat_y01_191109/job_log_00231462.txt
HTAR: a   instcat_y01_191109/job_log_00231463.txt
HTAR: a   instcat_y01_191109/job_log_00231464.txt
HTAR: a   instcat_y01_191109/job_log_00231465.txt
HTAR: a   instcat_y01_191109/job_log_00231466.txt
HTAR: a   instcat_y01_191109/job_log_00231467.txt
HTAR: a   instcat_y01_191109/job_log_00231468.txt
HTAR: a   instcat_y01_191109/job_log_00231469.txt
HTAR: a   instcat_y01_191109/job_log_00231470.txt
HTAR: a   instcat_y01_191109/job_log_00231471.txt
HTAR: a   instcat_y01_191109/job_log_00231472.txt
HTAR: a   instcat_y01_191109/job_log_00231473.txt
HTAR: a   instcat_y01_191109/job_log_00231474.txt
HTAR: a   instcat_y01_191109/job_log_00231475.txt
HTAR: a   instcat_y01_191109/job_log_00231476.txt
HTAR: a   instcat_y01_191109/job_log_00231477.txt
HTAR: a   instcat_y01_191109/job_log_00231478.txt
HTAR: a   instcat_y01_191109/job_log_00231479.txt
HTAR: a   instcat_y01_191109/job_log_00231480.txt
HTAR: a   instcat_y01_191109/job_log_00231481.txt
HTAR: a   instcat_y01_191109/job_log_00231482.txt
HTAR: a   instcat_y01_191109/job_log_00231483.txt
HTAR: a   instcat_y01_191109/job_log_00231484.txt
HTAR: a   instcat_y01_191109/job_log_00231485.txt
HTAR: a   instcat_y01_191109/job_log_00231486.txt
HTAR: a   instcat_y01_191109/job_log_00231487.txt
HTAR: a   instcat_y01_191109/job_log_00231488.txt
HTAR: a   instcat_y01_191109/job_log_00231489.txt
HTAR: a   instcat_y01_191109/job_log_00231490.txt
HTAR: a   instcat_y01_191109/job_log_00231491.txt
HTAR: a   instcat_y01_191109/job_log_00231492.txt
HTAR: a   instcat_y01_191109/job_log_00231493.txt
HTAR: a   instcat_y01_191109/job_log_00231494.txt
HTAR: a   instcat_y01_191109/job_log_00231495.txt
HTAR: a   instcat_y01_191109/job_log_00231496.txt
HTAR: a   instcat_y01_191109/job_log_00231497.txt
HTAR: a   instcat_y01_191109/job_log_00231498.txt
HTAR: a   instcat_y01_191109/job_log_00231499.txt
HTAR: a   instcat_y01_191109/job_log_00231500.txt
HTAR: a   instcat_y01_191109/job_log_00231501.txt
HTAR: a   instcat_y01_191109/job_log_00231502.txt
HTAR: a   instcat_y01_191109/job_log_00231503.txt
HTAR: a   instcat_y01_191109/job_log_00231504.txt
HTAR: a   /tmp/HTAR_CF_CHK_4018_1578362857
HTAR Create complete for /home/projects/desc/DC2_ImSim/Run2.2i/instCat/y01_191109/00230734to00231504.tar. 566,536,378,880 bytes written for 242 member files, max threads: 50 Transfer time: 4358.112 seconds (129.996 MB/s) wallclock/user/sys: 4363.248 5097.637 2100.645 seconds
HTAR: HTAR SUCCESSFUL
HTAR: a   instcat_y01_191109/00231505.tar.gz
HTAR: a   instcat_y01_191109/00231506.tar.gz
HTAR: a   instcat_y01_191109/00231507.tar.gz
HTAR: a   instcat_y01_191109/00232032.tar.gz
HTAR: a   instcat_y01_191109/00232047.tar.gz
HTAR: a   instcat_y01_191109/00232758.tar.gz
HTAR: a   instcat_y01_191109/00233123.tar.gz
HTAR: a   instcat_y01_191109/00233170.tar.gz
HTAR: a   instcat_y01_191109/00233171.tar.gz
HTAR: a   instcat_y01_191109/00233511.tar.gz
HTAR: a   instcat_y01_191109/00233512.tar.gz
HTAR: a   instcat_y01_191109/00233513.tar.gz
HTAR: a   instcat_y01_191109/00233514.tar.gz
HTAR: a   instcat_y01_191109/00233515.tar.gz
HTAR: a   instcat_y01_191109/00233516.tar.gz
HTAR: a   instcat_y01_191109/00233517.tar.gz
HTAR: a   instcat_y01_191109/00233518.tar.gz
HTAR: a   instcat_y01_191109/00233519.tar.gz
HTAR: a   instcat_y01_191109/00233520.tar.gz
HTAR: a   instcat_y01_191109/00233521.tar.gz
HTAR: a   instcat_y01_191109/00233522.tar.gz
HTAR: a   instcat_y01_191109/00233523.tar.gz
HTAR: a   instcat_y01_191109/00233524.tar.gz
HTAR: a   instcat_y01_191109/00233525.tar.gz
HTAR: a   instcat_y01_191109/00233526.tar.gz
HTAR: a   instcat_y01_191109/00233527.tar.gz
HTAR: a   instcat_y01_191109/00233528.tar.gz
HTAR: a   instcat_y01_191109/00233529.tar.gz
HTAR: a   instcat_y01_191109/00233530.tar.gz
HTAR: a   instcat_y01_191109/00233531.tar.gz
HTAR: a   instcat_y01_191109/00233532.tar.gz
HTAR: a   instcat_y01_191109/00233533.tar.gz
HTAR: a   instcat_y01_191109/00233534.tar.gz
HTAR: a   instcat_y01_191109/00233535.tar.gz
HTAR: a   instcat_y01_191109/00233536.tar.gz
HTAR: a   instcat_y01_191109/00233537.tar.gz
HTAR: a   instcat_y01_191109/00233538.tar.gz
HTAR: a   instcat_y01_191109/00233539.tar.gz
HTAR: a   instcat_y01_191109/00233540.tar.gz
HTAR: a   instcat_y01_191109/00233541.tar.gz
HTAR: a   instcat_y01_191109/00233542.tar.gz
HTAR: a   instcat_y01_191109/00233543.tar.gz
HTAR: a   instcat_y01_191109/00233544.tar.gz
HTAR: a   instcat_y01_191109/00233545.tar.gz
HTAR: a   instcat_y01_191109/00233546.tar.gz
HTAR: a   instcat_y01_191109/00233547.tar.gz
HTAR: a   instcat_y01_191109/00233548.tar.gz
HTAR: a   instcat_y01_191109/00233549.tar.gz
HTAR: a   instcat_y01_191109/00233550.tar.gz
HTAR: a   instcat_y01_191109/00233551.tar.gz
HTAR: a   instcat_y01_191109/00233552.tar.gz
HTAR: a   instcat_y01_191109/00233553.tar.gz
HTAR: a   instcat_y01_191109/00233554.tar.gz
HTAR: a   instcat_y01_191109/00233555.tar.gz
HTAR: a   instcat_y01_191109/00233556.tar.gz
HTAR: a   instcat_y01_191109/00233557.tar.gz
HTAR: a   instcat_y01_191109/00233558.tar.gz
HTAR: a   instcat_y01_191109/00233559.tar.gz
HTAR: a   instcat_y01_191109/00233560.tar.gz
HTAR: a   instcat_y01_191109/00233561.tar.gz
HTAR: a   instcat_y01_191109/00233562.tar.gz
HTAR: a   instcat_y01_191109/00233563.tar.gz
HTAR: a   instcat_y01_191109/00233564.tar.gz
HTAR: a   instcat_y01_191109/00233565.tar.gz
HTAR: a   instcat_y01_191109/00233566.tar.gz
HTAR: a   instcat_y01_191109/00233567.tar.gz
HTAR: a   instcat_y01_191109/00233568.tar.gz
HTAR: a   instcat_y01_191109/00233569.tar.gz
HTAR: a   instcat_y01_191109/00233570.tar.gz
HTAR: a   instcat_y01_191109/00233571.tar.gz
HTAR: a   instcat_y01_191109/00233572.tar.gz
HTAR: a   instcat_y01_191109/00233573.tar.gz
HTAR: a   instcat_y01_191109/00233574.tar.gz
HTAR: a   instcat_y01_191109/00233575.tar.gz
HTAR: a   instcat_y01_191109/00233576.tar.gz
HTAR: a   instcat_y01_191109/00233577.tar.gz
HTAR: a   instcat_y01_191109/00233578.tar.gz
HTAR: a   instcat_y01_191109/00233579.tar.gz
HTAR: a   instcat_y01_191109/00233580.tar.gz
HTAR: a   instcat_y01_191109/00233581.tar.gz
HTAR: a   instcat_y01_191109/00233582.tar.gz
HTAR: a   instcat_y01_191109/00233583.tar.gz
HTAR: a   instcat_y01_191109/00233584.tar.gz
HTAR: a   instcat_y01_191109/00233585.tar.gz
HTAR: a   instcat_y01_191109/00233586.tar.gz
HTAR: a   instcat_y01_191109/00233587.tar.gz
HTAR: a   instcat_y01_191109/00233588.tar.gz
HTAR: a   instcat_y01_191109/00233589.tar.gz
HTAR: a   instcat_y01_191109/00233590.tar.gz
HTAR: a   instcat_y01_191109/00233591.tar.gz
HTAR: a   instcat_y01_191109/00233592.tar.gz
HTAR: a   instcat_y01_191109/00233593.tar.gz
HTAR: a   instcat_y01_191109/00233594.tar.gz
HTAR: a   instcat_y01_191109/00233595.tar.gz
HTAR: a   instcat_y01_191109/00233596.tar.gz
HTAR: a   instcat_y01_191109/00233597.tar.gz
HTAR: a   instcat_y01_191109/00233598.tar.gz
HTAR: a   instcat_y01_191109/00233599.tar.gz
HTAR: a   instcat_y01_191109/00233600.tar.gz
HTAR: a   instcat_y01_191109/00233601.tar.gz
HTAR: a   instcat_y01_191109/00233602.tar.gz
HTAR: a   instcat_y01_191109/00233603.tar.gz
HTAR: a   instcat_y01_191109/00233604.tar.gz
HTAR: a   instcat_y01_191109/00233605.tar.gz
HTAR: a   instcat_y01_191109/00233606.tar.gz
HTAR: a   instcat_y01_191109/00235013.tar.gz
HTAR: a   instcat_y01_191109/00235014.tar.gz
HTAR: a   instcat_y01_191109/00235015.tar.gz
HTAR: a   instcat_y01_191109/00235016.tar.gz
HTAR: a   instcat_y01_191109/00235017.tar.gz
HTAR: a   instcat_y01_191109/00235018.tar.gz
HTAR: a   instcat_y01_191109/00235019.tar.gz
HTAR: a   instcat_y01_191109/00235020.tar.gz
HTAR: a   instcat_y01_191109/00235021.tar.gz
HTAR: a   instcat_y01_191109/00235022.tar.gz
HTAR: a   instcat_y01_191109/00235023.tar.gz
HTAR: a   instcat_y01_191109/00235024.tar.gz
HTAR: a   instcat_y01_191109/00235025.tar.gz
HTAR: a   instcat_y01_191109/00235026.tar.gz
HTAR: a   instcat_y01_191109/00235027.tar.gz
HTAR: a   instcat_y01_191109/00235028.tar.gz
HTAR: a   instcat_y01_191109/job_log_00231505.txt
HTAR: a   instcat_y01_191109/job_log_00231506.txt
HTAR: a   instcat_y01_191109/job_log_00231507.txt
HTAR: a   instcat_y01_191109/job_log_00232032.txt
HTAR: a   instcat_y01_191109/job_log_00232047.txt
HTAR: a   instcat_y01_191109/job_log_00232758.txt
HTAR: a   instcat_y01_191109/job_log_00233123.txt
HTAR: a   instcat_y01_191109/job_log_00233170.txt
HTAR: a   instcat_y01_191109/job_log_00233171.txt
HTAR: a   instcat_y01_191109/job_log_00233511.txt
HTAR: a   instcat_y01_191109/job_log_00233512.txt
HTAR: a   instcat_y01_191109/job_log_00233513.txt
HTAR: a   instcat_y01_191109/job_log_00233514.txt
HTAR: a   instcat_y01_191109/job_log_00233515.txt
HTAR: a   instcat_y01_191109/job_log_00233516.txt
HTAR: a   instcat_y01_191109/job_log_00233517.txt
HTAR: a   instcat_y01_191109/job_log_00233518.txt
HTAR: a   instcat_y01_191109/job_log_00233519.txt
HTAR: a   instcat_y01_191109/job_log_00233520.txt
HTAR: a   instcat_y01_191109/job_log_00233521.txt
HTAR: a   instcat_y01_191109/job_log_00233522.txt
HTAR: a   instcat_y01_191109/job_log_00233523.txt
HTAR: a   instcat_y01_191109/job_log_00233524.txt
HTAR: a   instcat_y01_191109/job_log_00233525.txt
HTAR: a   instcat_y01_191109/job_log_00233526.txt
HTAR: a   instcat_y01_191109/job_log_00233527.txt
HTAR: a   instcat_y01_191109/job_log_00233528.txt
HTAR: a   instcat_y01_191109/job_log_00233529.txt
HTAR: a   instcat_y01_191109/job_log_00233530.txt
HTAR: a   instcat_y01_191109/job_log_00233531.txt
HTAR: a   instcat_y01_191109/job_log_00233532.txt
HTAR: a   instcat_y01_191109/job_log_00233533.txt
HTAR: a   instcat_y01_191109/job_log_00233534.txt
HTAR: a   instcat_y01_191109/job_log_00233535.txt
HTAR: a   instcat_y01_191109/job_log_00233536.txt
HTAR: a   instcat_y01_191109/job_log_00233537.txt
HTAR: a   instcat_y01_191109/job_log_00233538.txt
HTAR: a   instcat_y01_191109/job_log_00233539.txt
HTAR: a   instcat_y01_191109/job_log_00233540.txt
HTAR: a   instcat_y01_191109/job_log_00233541.txt
HTAR: a   instcat_y01_191109/job_log_00233542.txt
HTAR: a   instcat_y01_191109/job_log_00233543.txt
HTAR: a   instcat_y01_191109/job_log_00233544.txt
HTAR: a   instcat_y01_191109/job_log_00233545.txt
HTAR: a   instcat_y01_191109/job_log_00233546.txt
HTAR: a   instcat_y01_191109/job_log_00233547.txt
HTAR: a   instcat_y01_191109/job_log_00233548.txt
HTAR: a   instcat_y01_191109/job_log_00233549.txt
HTAR: a   instcat_y01_191109/job_log_00233550.txt
HTAR: a   instcat_y01_191109/job_log_00233551.txt
HTAR: a   instcat_y01_191109/job_log_00233552.txt
HTAR: a   instcat_y01_191109/job_log_00233553.txt
HTAR: a   instcat_y01_191109/job_log_00233554.txt
HTAR: a   instcat_y01_191109/job_log_00233555.txt
HTAR: a   instcat_y01_191109/job_log_00233556.txt
HTAR: a   instcat_y01_191109/job_log_00233557.txt
HTAR: a   instcat_y01_191109/job_log_00233558.txt
HTAR: a   instcat_y01_191109/job_log_00233559.txt
HTAR: a   instcat_y01_191109/job_log_00233560.txt
HTAR: a   instcat_y01_191109/job_log_00233561.txt
HTAR: a   instcat_y01_191109/job_log_00233562.txt
HTAR: a   instcat_y01_191109/job_log_00233563.txt
HTAR: a   instcat_y01_191109/job_log_00233564.txt
HTAR: a   instcat_y01_191109/job_log_00233565.txt
HTAR: a   instcat_y01_191109/job_log_00233566.txt
HTAR: a   instcat_y01_191109/job_log_00233567.txt
HTAR: a   instcat_y01_191109/job_log_00233568.txt
HTAR: a   instcat_y01_191109/job_log_00233569.txt
HTAR: a   instcat_y01_191109/job_log_00233570.txt
HTAR: a   instcat_y01_191109/job_log_00233571.txt
HTAR: a   instcat_y01_191109/job_log_00233572.txt
HTAR: a   instcat_y01_191109/job_log_00233573.txt
HTAR: a   instcat_y01_191109/job_log_00233574.txt
HTAR: a   instcat_y01_191109/job_log_00233575.txt
HTAR: a   instcat_y01_191109/job_log_00233576.txt
HTAR: a   instcat_y01_191109/job_log_00233577.txt
HTAR: a   instcat_y01_191109/job_log_00233578.txt
HTAR: a   instcat_y01_191109/job_log_00233579.txt
HTAR: a   instcat_y01_191109/job_log_00233580.txt
HTAR: a   instcat_y01_191109/job_log_00233581.txt
HTAR: a   instcat_y01_191109/job_log_00233582.txt
HTAR: a   instcat_y01_191109/job_log_00233583.txt
HTAR: a   instcat_y01_191109/job_log_00233584.txt
HTAR: a   instcat_y01_191109/job_log_00233585.txt
HTAR: a   instcat_y01_191109/job_log_00233586.txt
HTAR: a   instcat_y01_191109/job_log_00233587.txt
HTAR: a   instcat_y01_191109/job_log_00233588.txt
HTAR: a   instcat_y01_191109/job_log_00233589.txt
HTAR: a   instcat_y01_191109/job_log_00233590.txt
HTAR: a   instcat_y01_191109/job_log_00233591.txt
HTAR: a   instcat_y01_191109/job_log_00233592.txt
HTAR: a   instcat_y01_191109/job_log_00233593.txt
HTAR: a   instcat_y01_191109/job_log_00233594.txt
HTAR: a   instcat_y01_191109/job_log_00233595.txt
HTAR: a   instcat_y01_191109/job_log_00233596.txt
HTAR: a   instcat_y01_191109/job_log_00233597.txt
HTAR: a   instcat_y01_191109/job_log_00233598.txt
HTAR: a   instcat_y01_191109/job_log_00233599.txt
HTAR: a   instcat_y01_191109/job_log_00233600.txt
HTAR: a   instcat_y01_191109/job_log_00233601.txt
HTAR: a   instcat_y01_191109/job_log_00233602.txt
HTAR: a   instcat_y01_191109/job_log_00233603.txt
HTAR: a   instcat_y01_191109/job_log_00233604.txt
HTAR: a   instcat_y01_191109/job_log_00233605.txt
HTAR: a   instcat_y01_191109/job_log_00233606.txt
HTAR: a   instcat_y01_191109/job_log_00235013.txt
HTAR: a   instcat_y01_191109/job_log_00235014.txt
HTAR: a   instcat_y01_191109/job_log_00235015.txt
HTAR: a   instcat_y01_191109/job_log_00235016.txt
HTAR: a   instcat_y01_191109/job_log_00235017.txt
HTAR: a   instcat_y01_191109/job_log_00235018.txt
HTAR: a   instcat_y01_191109/job_log_00235019.txt
HTAR: a   instcat_y01_191109/job_log_00235020.txt
HTAR: a   instcat_y01_191109/job_log_00235021.txt
HTAR: a   instcat_y01_191109/job_log_00235022.txt
HTAR: a   instcat_y01_191109/job_log_00235023.txt
HTAR: a   instcat_y01_191109/job_log_00235024.txt
HTAR: a   instcat_y01_191109/job_log_00235025.txt
HTAR: a   instcat_y01_191109/job_log_00235026.txt
HTAR: a   instcat_y01_191109/job_log_00235027.txt
HTAR: a   instcat_y01_191109/job_log_00235028.txt
HTAR: a   /tmp/HTAR_CF_CHK_43338_1578367287
HTAR Create complete for /home/projects/desc/DC2_ImSim/Run2.2i/instCat/y01_191109/00231505to00235028.tar. 561,089,801,216 bytes written for 242 member files, max threads: 50 Transfer time: 4120.355 seconds (136.175 MB/s) wallclock/user/sys: 4187.736 4844.670 1970.463 seconds
HTAR: HTAR SUCCESSFUL
HTAR: a   instcat_y01_191109/00235029.tar.gz
HTAR: a   instcat_y01_191109/00235030.tar.gz
HTAR: a   instcat_y01_191109/00235031.tar.gz
HTAR: a   instcat_y01_191109/00235032.tar.gz
HTAR: a   instcat_y01_191109/00235033.tar.gz
HTAR: a   instcat_y01_191109/00235051.tar.gz
HTAR: a   instcat_y01_191109/00235052.tar.gz
HTAR: a   instcat_y01_191109/00235053.tar.gz
HTAR: a   instcat_y01_191109/00235054.tar.gz
HTAR: a   instcat_y01_191109/00235056.tar.gz
HTAR: a   instcat_y01_191109/00235057.tar.gz
HTAR: a   instcat_y01_191109/00235058.tar.gz
HTAR: a   instcat_y01_191109/00235059.tar.gz
HTAR: a   instcat_y01_191109/00235060.tar.gz
HTAR: a   instcat_y01_191109/00235061.tar.gz
HTAR: a   instcat_y01_191109/00235062.tar.gz
HTAR: a   instcat_y01_191109/00235063.tar.gz
HTAR: a   instcat_y01_191109/00235064.tar.gz
HTAR: a   instcat_y01_191109/00235065.tar.gz
HTAR: a   instcat_y01_191109/00235066.tar.gz
HTAR: a   instcat_y01_191109/00235067.tar.gz
HTAR: a   instcat_y01_191109/00235068.tar.gz
HTAR: a   instcat_y01_191109/00235069.tar.gz
HTAR: a   instcat_y01_191109/00235070.tar.gz
HTAR: a   instcat_y01_191109/00235080.tar.gz
HTAR: a   instcat_y01_191109/00235082.tar.gz
HTAR: a   instcat_y01_191109/00235084.tar.gz
HTAR: a   instcat_y01_191109/00235085.tar.gz
HTAR: a   instcat_y01_191109/00235086.tar.gz
HTAR: a   instcat_y01_191109/00235087.tar.gz
HTAR: a   instcat_y01_191109/00235088.tar.gz
HTAR: a   instcat_y01_191109/00235149.tar.gz
HTAR: a   instcat_y01_191109/00235151.tar.gz
HTAR: a   instcat_y01_191109/00235154.tar.gz
HTAR: a   instcat_y01_191109/00235334.tar.gz
HTAR: a   instcat_y01_191109/00235738.tar.gz
HTAR: a   instcat_y01_191109/00235739.tar.gz
HTAR: a   instcat_y01_191109/00235740.tar.gz
HTAR: a   instcat_y01_191109/00235741.tar.gz
HTAR: a   instcat_y01_191109/00235742.tar.gz
HTAR: a   instcat_y01_191109/00235743.tar.gz
HTAR: a   instcat_y01_191109/00235744.tar.gz
HTAR: a   instcat_y01_191109/00235745.tar.gz
HTAR: a   instcat_y01_191109/00235746.tar.gz
HTAR: a   instcat_y01_191109/00235747.tar.gz
HTAR: a   instcat_y01_191109/00235748.tar.gz
HTAR: a   instcat_y01_191109/00235749.tar.gz
HTAR: a   instcat_y01_191109/00235750.tar.gz
HTAR: a   instcat_y01_191109/00235751.tar.gz
HTAR: a   instcat_y01_191109/00235752.tar.gz
HTAR: a   instcat_y01_191109/00235753.tar.gz
HTAR: a   instcat_y01_191109/00235754.tar.gz
HTAR: a   instcat_y01_191109/00235755.tar.gz
HTAR: a   instcat_y01_191109/00235756.tar.gz
HTAR: a   instcat_y01_191109/00235757.tar.gz
HTAR: a   instcat_y01_191109/00235784.tar.gz
HTAR: a   instcat_y01_191109/00235785.tar.gz
HTAR: a   instcat_y01_191109/00235790.tar.gz
HTAR: a   instcat_y01_191109/00235870.tar.gz
HTAR: a   instcat_y01_191109/00235877.tar.gz
HTAR: a   instcat_y01_191109/00235878.tar.gz
HTAR: a   instcat_y01_191109/00235880.tar.gz
HTAR: a   instcat_y01_191109/00235891.tar.gz
HTAR: a   instcat_y01_191109/00235892.tar.gz
HTAR: a   instcat_y01_191109/00235893.tar.gz
HTAR: a   instcat_y01_191109/00235894.tar.gz
HTAR: a   instcat_y01_191109/00235895.tar.gz
HTAR: a   instcat_y01_191109/00235896.tar.gz
HTAR: a   instcat_y01_191109/00235897.tar.gz
HTAR: a   instcat_y01_191109/00235898.tar.gz
HTAR: a   instcat_y01_191109/00235899.tar.gz
HTAR: a   instcat_y01_191109/00235996.tar.gz
HTAR: a   instcat_y01_191109/00235997.tar.gz
HTAR: a   instcat_y01_191109/00236418.tar.gz
HTAR: a   instcat_y01_191109/00236458.tar.gz
HTAR: a   instcat_y01_191109/00236472.tar.gz
HTAR: a   instcat_y01_191109/00236473.tar.gz
HTAR: a   instcat_y01_191109/00236474.tar.gz
HTAR: a   instcat_y01_191109/00236475.tar.gz
HTAR: a   instcat_y01_191109/00236476.tar.gz
HTAR: a   instcat_y01_191109/00236477.tar.gz
HTAR: a   instcat_y01_191109/00236478.tar.gz
HTAR: a   instcat_y01_191109/00236479.tar.gz
HTAR: a   instcat_y01_191109/00236480.tar.gz
HTAR: a   instcat_y01_191109/00236481.tar.gz
HTAR: a   instcat_y01_191109/00236482.tar.gz
HTAR: a   instcat_y01_191109/00236483.tar.gz
HTAR: a   instcat_y01_191109/00236484.tar.gz
HTAR: a   instcat_y01_191109/00236485.tar.gz
HTAR: a   instcat_y01_191109/00236486.tar.gz
HTAR: a   instcat_y01_191109/00236487.tar.gz
HTAR: a   instcat_y01_191109/00236488.tar.gz
HTAR: a   instcat_y01_191109/00236489.tar.gz
HTAR: a   instcat_y01_191109/00236490.tar.gz
HTAR: a   instcat_y01_191109/00236491.tar.gz
HTAR: a   instcat_y01_191109/00236614.tar.gz
HTAR: a   instcat_y01_191109/00236787.tar.gz
HTAR: a   instcat_y01_191109/00236788.tar.gz
HTAR: a   instcat_y01_191109/00236789.tar.gz
HTAR: a   instcat_y01_191109/00236832.tar.gz
HTAR: a   instcat_y01_191109/00236833.tar.gz
HTAR: a   instcat_y01_191109/00236834.tar.gz
HTAR: a   instcat_y01_191109/00237176.tar.gz
HTAR: a   instcat_y01_191109/00237177.tar.gz
HTAR: a   instcat_y01_191109/00237178.tar.gz
HTAR: a   instcat_y01_191109/00237179.tar.gz
HTAR: a   instcat_y01_191109/00237180.tar.gz
HTAR: a   instcat_y01_191109/00237181.tar.gz
HTAR: a   instcat_y01_191109/00237182.tar.gz
HTAR: a   instcat_y01_191109/00237183.tar.gz
HTAR: a   instcat_y01_191109/00237184.tar.gz
HTAR: a   instcat_y01_191109/00237185.tar.gz
HTAR: a   instcat_y01_191109/00237186.tar.gz
HTAR: a   instcat_y01_191109/00237187.tar.gz
HTAR: a   instcat_y01_191109/00237188.tar.gz
HTAR: a   instcat_y01_191109/00237189.tar.gz
HTAR: a   instcat_y01_191109/00237190.tar.gz
HTAR: a   instcat_y01_191109/00237191.tar.gz
HTAR: a   instcat_y01_191109/00237192.tar.gz
HTAR: a   instcat_y01_191109/00237193.tar.gz
HTAR: a   instcat_y01_191109/00237194.tar.gz
HTAR: a   instcat_y01_191109/job_log_00235029.txt
HTAR: a   instcat_y01_191109/job_log_00235030.txt
HTAR: a   instcat_y01_191109/job_log_00235031.txt
HTAR: a   instcat_y01_191109/job_log_00235032.txt
HTAR: a   instcat_y01_191109/job_log_00235033.txt
HTAR: a   instcat_y01_191109/job_log_00235051.txt
HTAR: a   instcat_y01_191109/job_log_00235052.txt
HTAR: a   instcat_y01_191109/job_log_00235053.txt
HTAR: a   instcat_y01_191109/job_log_00235054.txt
HTAR: a   instcat_y01_191109/job_log_00235056.txt
HTAR: a   instcat_y01_191109/job_log_00235057.txt
HTAR: a   instcat_y01_191109/job_log_00235058.txt
HTAR: a   instcat_y01_191109/job_log_00235059.txt
HTAR: a   instcat_y01_191109/job_log_00235060.txt
HTAR: a   instcat_y01_191109/job_log_00235061.txt
HTAR: a   instcat_y01_191109/job_log_00235062.txt
HTAR: a   instcat_y01_191109/job_log_00235063.txt
HTAR: a   instcat_y01_191109/job_log_00235064.txt
HTAR: a   instcat_y01_191109/job_log_00235065.txt
HTAR: a   instcat_y01_191109/job_log_00235066.txt
HTAR: a   instcat_y01_191109/job_log_00235067.txt
HTAR: a   instcat_y01_191109/job_log_00235068.txt
HTAR: a   instcat_y01_191109/job_log_00235069.txt
HTAR: a   instcat_y01_191109/job_log_00235070.txt
HTAR: a   instcat_y01_191109/job_log_00235080.txt
HTAR: a   instcat_y01_191109/job_log_00235082.txt
HTAR: a   instcat_y01_191109/job_log_00235084.txt
HTAR: a   instcat_y01_191109/job_log_00235085.txt
HTAR: a   instcat_y01_191109/job_log_00235086.txt
HTAR: a   instcat_y01_191109/job_log_00235087.txt
HTAR: a   instcat_y01_191109/job_log_00235088.txt
HTAR: a   instcat_y01_191109/job_log_00235149.txt
HTAR: a   instcat_y01_191109/job_log_00235151.txt
HTAR: a   instcat_y01_191109/job_log_00235154.txt
HTAR: a   instcat_y01_191109/job_log_00235334.txt
HTAR: a   instcat_y01_191109/job_log_00235738.txt
HTAR: a   instcat_y01_191109/job_log_00235739.txt
HTAR: a   instcat_y01_191109/job_log_00235740.txt
HTAR: a   instcat_y01_191109/job_log_00235741.txt
HTAR: a   instcat_y01_191109/job_log_00235742.txt
HTAR: a   instcat_y01_191109/job_log_00235743.txt
HTAR: a   instcat_y01_191109/job_log_00235744.txt
HTAR: a   instcat_y01_191109/job_log_00235745.txt
HTAR: a   instcat_y01_191109/job_log_00235746.txt
HTAR: a   instcat_y01_191109/job_log_00235747.txt
HTAR: a   instcat_y01_191109/job_log_00235748.txt
HTAR: a   instcat_y01_191109/job_log_00235749.txt
HTAR: a   instcat_y01_191109/job_log_00235750.txt
HTAR: a   instcat_y01_191109/job_log_00235751.txt
HTAR: a   instcat_y01_191109/job_log_00235752.txt
HTAR: a   instcat_y01_191109/job_log_00235753.txt
HTAR: a   instcat_y01_191109/job_log_00235754.txt
HTAR: a   instcat_y01_191109/job_log_00235755.txt
HTAR: a   instcat_y01_191109/job_log_00235756.txt
HTAR: a   instcat_y01_191109/job_log_00235757.txt
HTAR: a   instcat_y01_191109/job_log_00235784.txt
HTAR: a   instcat_y01_191109/job_log_00235785.txt
HTAR: a   instcat_y01_191109/job_log_00235790.txt
HTAR: a   instcat_y01_191109/job_log_00235870.txt
HTAR: a   instcat_y01_191109/job_log_00235877.txt
HTAR: a   instcat_y01_191109/job_log_00235878.txt
HTAR: a   instcat_y01_191109/job_log_00235880.txt
HTAR: a   instcat_y01_191109/job_log_00235891.txt
HTAR: a   instcat_y01_191109/job_log_00235892.txt
HTAR: a   instcat_y01_191109/job_log_00235893.txt
HTAR: a   instcat_y01_191109/job_log_00235894.txt
HTAR: a   instcat_y01_191109/job_log_00235895.txt
HTAR: a   instcat_y01_191109/job_log_00235896.txt
HTAR: a   instcat_y01_191109/job_log_00235897.txt
HTAR: a   instcat_y01_191109/job_log_00235898.txt
HTAR: a   instcat_y01_191109/job_log_00235899.txt
HTAR: a   instcat_y01_191109/job_log_00235996.txt
HTAR: a   instcat_y01_191109/job_log_00235997.txt
HTAR: a   instcat_y01_191109/job_log_00236418.txt
HTAR: a   instcat_y01_191109/job_log_00236458.txt
HTAR: a   instcat_y01_191109/job_log_00236472.txt
HTAR: a   instcat_y01_191109/job_log_00236473.txt
HTAR: a   instcat_y01_191109/job_log_00236474.txt
HTAR: a   instcat_y01_191109/job_log_00236475.txt
HTAR: a   instcat_y01_191109/job_log_00236476.txt
HTAR: a   instcat_y01_191109/job_log_00236477.txt
HTAR: a   instcat_y01_191109/job_log_00236478.txt
HTAR: a   instcat_y01_191109/job_log_00236479.txt
HTAR: a   instcat_y01_191109/job_log_00236480.txt
HTAR: a   instcat_y01_191109/job_log_00236481.txt
HTAR: a   instcat_y01_191109/job_log_00236482.txt
HTAR: a   instcat_y01_191109/job_log_00236483.txt
HTAR: a   instcat_y01_191109/job_log_00236484.txt
HTAR: a   instcat_y01_191109/job_log_00236485.txt
HTAR: a   instcat_y01_191109/job_log_00236486.txt
HTAR: a   instcat_y01_191109/job_log_00236487.txt
HTAR: a   instcat_y01_191109/job_log_00236488.txt
HTAR: a   instcat_y01_191109/job_log_00236489.txt
HTAR: a   instcat_y01_191109/job_log_00236490.txt
HTAR: a   instcat_y01_191109/job_log_00236491.txt
HTAR: a   instcat_y01_191109/job_log_00236614.txt
HTAR: a   instcat_y01_191109/job_log_00236787.txt
HTAR: a   instcat_y01_191109/job_log_00236788.txt
HTAR: a   instcat_y01_191109/job_log_00236789.txt
HTAR: a   instcat_y01_191109/job_log_00236832.txt
HTAR: a   instcat_y01_191109/job_log_00236833.txt
HTAR: a   instcat_y01_191109/job_log_00236834.txt
HTAR: a   instcat_y01_191109/job_log_00237176.txt
HTAR: a   instcat_y01_191109/job_log_00237177.txt
HTAR: a   instcat_y01_191109/job_log_00237178.txt
HTAR: a   instcat_y01_191109/job_log_00237179.txt
HTAR: a   instcat_y01_191109/job_log_00237180.txt
HTAR: a   instcat_y01_191109/job_log_00237181.txt
HTAR: a   instcat_y01_191109/job_log_00237182.txt
HTAR: a   instcat_y01_191109/job_log_00237183.txt
HTAR: a   instcat_y01_191109/job_log_00237184.txt
HTAR: a   instcat_y01_191109/job_log_00237185.txt
HTAR: a   instcat_y01_191109/job_log_00237186.txt
HTAR: a   instcat_y01_191109/job_log_00237187.txt
HTAR: a   instcat_y01_191109/job_log_00237188.txt
HTAR: a   instcat_y01_191109/job_log_00237189.txt
HTAR: a   instcat_y01_191109/job_log_00237190.txt
HTAR: a   instcat_y01_191109/job_log_00237191.txt
HTAR: a   instcat_y01_191109/job_log_00237192.txt
HTAR: a   instcat_y01_191109/job_log_00237193.txt
HTAR: a   instcat_y01_191109/job_log_00237194.txt
HTAR: a   /tmp/HTAR_CF_CHK_1372_1578371417
HTAR Create complete for /home/projects/desc/DC2_ImSim/Run2.2i/instCat/y01_191109/00235029to00237194.tar. 567,855,358,464 bytes written for 242 member files, max threads: 50 Transfer time: 4166.145 seconds (136.302 MB/s) wallclock/user/sys: 4172.506 4888.818 2021.816 seconds
HTAR: HTAR SUCCESSFUL
