HTAR: a   instcat_y01_191109/00192928.tar.gz
HTAR: a   instcat_y01_191109/00192929.tar.gz
HTAR: a   instcat_y01_191109/00192930.tar.gz
HTAR: a   instcat_y01_191109/00192931.tar.gz
HTAR: a   instcat_y01_191109/00192932.tar.gz
HTAR: a   instcat_y01_191109/00192933.tar.gz
HTAR: a   instcat_y01_191109/00192934.tar.gz
HTAR: a   instcat_y01_191109/00192935.tar.gz
HTAR: a   instcat_y01_191109/00192936.tar.gz
HTAR: a   instcat_y01_191109/00192937.tar.gz
HTAR: a   instcat_y01_191109/00192938.tar.gz
HTAR: a   instcat_y01_191109/00192939.tar.gz
HTAR: a   instcat_y01_191109/00192940.tar.gz
HTAR: a   instcat_y01_191109/00192941.tar.gz
HTAR: a   instcat_y01_191109/00192942.tar.gz
HTAR: a   instcat_y01_191109/00192943.tar.gz
HTAR: a   instcat_y01_191109/00192944.tar.gz
HTAR: a   instcat_y01_191109/00192945.tar.gz
HTAR: a   instcat_y01_191109/00192946.tar.gz
HTAR: a   instcat_y01_191109/00192947.tar.gz
HTAR: a   instcat_y01_191109/00192948.tar.gz
HTAR: a   instcat_y01_191109/00192949.tar.gz
HTAR: a   instcat_y01_191109/00192950.tar.gz
HTAR: a   instcat_y01_191109/00192951.tar.gz
HTAR: a   instcat_y01_191109/00192952.tar.gz
HTAR: a   instcat_y01_191109/00192953.tar.gz
HTAR: a   instcat_y01_191109/00192954.tar.gz
HTAR: a   instcat_y01_191109/00192955.tar.gz
HTAR: a   instcat_y01_191109/00192956.tar.gz
HTAR: a   instcat_y01_191109/00192957.tar.gz
HTAR: a   instcat_y01_191109/00192958.tar.gz
HTAR: a   instcat_y01_191109/00192959.tar.gz
HTAR: a   instcat_y01_191109/00192960.tar.gz
HTAR: a   instcat_y01_191109/00192961.tar.gz
HTAR: a   instcat_y01_191109/00192962.tar.gz
HTAR: a   instcat_y01_191109/00192963.tar.gz
HTAR: a   instcat_y01_191109/00192964.tar.gz
HTAR: a   instcat_y01_191109/00192965.tar.gz
HTAR: a   instcat_y01_191109/00192966.tar.gz
HTAR: a   instcat_y01_191109/00192967.tar.gz
HTAR: a   instcat_y01_191109/00192968.tar.gz
HTAR: a   instcat_y01_191109/00192969.tar.gz
HTAR: a   instcat_y01_191109/00192970.tar.gz
HTAR: a   instcat_y01_191109/00192971.tar.gz
HTAR: a   instcat_y01_191109/00192972.tar.gz
HTAR: a   instcat_y01_191109/00192973.tar.gz
HTAR: a   instcat_y01_191109/00192974.tar.gz
HTAR: a   instcat_y01_191109/00192975.tar.gz
HTAR: a   instcat_y01_191109/00192976.tar.gz
HTAR: a   instcat_y01_191109/00192977.tar.gz
HTAR: a   instcat_y01_191109/00192978.tar.gz
HTAR: a   instcat_y01_191109/00192979.tar.gz
HTAR: a   instcat_y01_191109/00192980.tar.gz
HTAR: a   instcat_y01_191109/00192981.tar.gz
HTAR: a   instcat_y01_191109/00192982.tar.gz
HTAR: a   instcat_y01_191109/00192983.tar.gz
HTAR: a   instcat_y01_191109/00192984.tar.gz
HTAR: a   instcat_y01_191109/00192985.tar.gz
HTAR: a   instcat_y01_191109/00192986.tar.gz
HTAR: a   instcat_y01_191109/00192987.tar.gz
HTAR: a   instcat_y01_191109/00192988.tar.gz
HTAR: a   instcat_y01_191109/00192989.tar.gz
HTAR: a   instcat_y01_191109/00192990.tar.gz
HTAR: a   instcat_y01_191109/00193007.tar.gz
HTAR: a   instcat_y01_191109/00193008.tar.gz
HTAR: a   instcat_y01_191109/00193009.tar.gz
HTAR: a   instcat_y01_191109/00193010.tar.gz
HTAR: a   instcat_y01_191109/00193035.tar.gz
HTAR: a   instcat_y01_191109/00193036.tar.gz
HTAR: a   instcat_y01_191109/00193037.tar.gz
HTAR: a   instcat_y01_191109/00193038.tar.gz
HTAR: a   instcat_y01_191109/00193044.tar.gz
HTAR: a   instcat_y01_191109/00193046.tar.gz
HTAR: a   instcat_y01_191109/00193047.tar.gz
HTAR: a   instcat_y01_191109/00193048.tar.gz
HTAR: a   instcat_y01_191109/00193049.tar.gz
HTAR: a   instcat_y01_191109/00193050.tar.gz
HTAR: a   instcat_y01_191109/00193051.tar.gz
HTAR: a   instcat_y01_191109/00193052.tar.gz
HTAR: a   instcat_y01_191109/00193076.tar.gz
HTAR: a   instcat_y01_191109/00193077.tar.gz
HTAR: a   instcat_y01_191109/00193078.tar.gz
HTAR: a   instcat_y01_191109/00193079.tar.gz
HTAR: a   instcat_y01_191109/00193080.tar.gz
HTAR: a   instcat_y01_191109/00193081.tar.gz
HTAR: a   instcat_y01_191109/00193084.tar.gz
HTAR: a   instcat_y01_191109/00193085.tar.gz
HTAR: a   instcat_y01_191109/00193086.tar.gz
HTAR: a   instcat_y01_191109/00193087.tar.gz
HTAR: a   instcat_y01_191109/00193088.tar.gz
HTAR: a   instcat_y01_191109/00193089.tar.gz
HTAR: a   instcat_y01_191109/00193090.tar.gz
HTAR: a   instcat_y01_191109/00193091.tar.gz
HTAR: a   instcat_y01_191109/00193092.tar.gz
HTAR: a   instcat_y01_191109/00193107.tar.gz
HTAR: a   instcat_y01_191109/00193108.tar.gz
HTAR: a   instcat_y01_191109/00193109.tar.gz
HTAR: a   instcat_y01_191109/00193110.tar.gz
HTAR: a   instcat_y01_191109/00193111.tar.gz
HTAR: a   instcat_y01_191109/00193112.tar.gz
HTAR: a   instcat_y01_191109/00193113.tar.gz
HTAR: a   instcat_y01_191109/00193122.tar.gz
HTAR: a   instcat_y01_191109/00193123.tar.gz
HTAR: a   instcat_y01_191109/00193124.tar.gz
HTAR: a   instcat_y01_191109/00193125.tar.gz
HTAR: a   instcat_y01_191109/00193126.tar.gz
HTAR: a   instcat_y01_191109/00193127.tar.gz
HTAR: a   instcat_y01_191109/00193130.tar.gz
HTAR: a   instcat_y01_191109/00193140.tar.gz
HTAR: a   instcat_y01_191109/00193141.tar.gz
HTAR: a   instcat_y01_191109/00193142.tar.gz
HTAR: a   instcat_y01_191109/00193143.tar.gz
HTAR: a   instcat_y01_191109/00193144.tar.gz
HTAR: a   instcat_y01_191109/00193145.tar.gz
HTAR: a   instcat_y01_191109/00193146.tar.gz
HTAR: a   instcat_y01_191109/00193147.tar.gz
HTAR: a   instcat_y01_191109/00193148.tar.gz
HTAR: a   instcat_y01_191109/00193149.tar.gz
HTAR: a   instcat_y01_191109/00193150.tar.gz
HTAR: a   instcat_y01_191109/00193162.tar.gz
HTAR: a   instcat_y01_191109/00193163.tar.gz
HTAR: a   instcat_y01_191109/job_log_00192928.txt
HTAR: a   instcat_y01_191109/job_log_00192929.txt
HTAR: a   instcat_y01_191109/job_log_00192930.txt
HTAR: a   instcat_y01_191109/job_log_00192931.txt
HTAR: a   instcat_y01_191109/job_log_00192932.txt
HTAR: a   instcat_y01_191109/job_log_00192933.txt
HTAR: a   instcat_y01_191109/job_log_00192934.txt
HTAR: a   instcat_y01_191109/job_log_00192935.txt
HTAR: a   instcat_y01_191109/job_log_00192936.txt
HTAR: a   instcat_y01_191109/job_log_00192937.txt
HTAR: a   instcat_y01_191109/job_log_00192938.txt
HTAR: a   instcat_y01_191109/job_log_00192939.txt
HTAR: a   instcat_y01_191109/job_log_00192940.txt
HTAR: a   instcat_y01_191109/job_log_00192941.txt
HTAR: a   instcat_y01_191109/job_log_00192942.txt
HTAR: a   instcat_y01_191109/job_log_00192943.txt
HTAR: a   instcat_y01_191109/job_log_00192944.txt
HTAR: a   instcat_y01_191109/job_log_00192945.txt
HTAR: a   instcat_y01_191109/job_log_00192946.txt
HTAR: a   instcat_y01_191109/job_log_00192947.txt
HTAR: a   instcat_y01_191109/job_log_00192948.txt
HTAR: a   instcat_y01_191109/job_log_00192949.txt
HTAR: a   instcat_y01_191109/job_log_00192950.txt
HTAR: a   instcat_y01_191109/job_log_00192951.txt
HTAR: a   instcat_y01_191109/job_log_00192952.txt
HTAR: a   instcat_y01_191109/job_log_00192953.txt
HTAR: a   instcat_y01_191109/job_log_00192954.txt
HTAR: a   instcat_y01_191109/job_log_00192955.txt
HTAR: a   instcat_y01_191109/job_log_00192956.txt
HTAR: a   instcat_y01_191109/job_log_00192957.txt
HTAR: a   instcat_y01_191109/job_log_00192958.txt
HTAR: a   instcat_y01_191109/job_log_00192959.txt
HTAR: a   instcat_y01_191109/job_log_00192960.txt
HTAR: a   instcat_y01_191109/job_log_00192961.txt
HTAR: a   instcat_y01_191109/job_log_00192962.txt
HTAR: a   instcat_y01_191109/job_log_00192963.txt
HTAR: a   instcat_y01_191109/job_log_00192964.txt
HTAR: a   instcat_y01_191109/job_log_00192965.txt
HTAR: a   instcat_y01_191109/job_log_00192966.txt
HTAR: a   instcat_y01_191109/job_log_00192967.txt
HTAR: a   instcat_y01_191109/job_log_00192968.txt
HTAR: a   instcat_y01_191109/job_log_00192969.txt
HTAR: a   instcat_y01_191109/job_log_00192970.txt
HTAR: a   instcat_y01_191109/job_log_00192971.txt
HTAR: a   instcat_y01_191109/job_log_00192972.txt
HTAR: a   instcat_y01_191109/job_log_00192973.txt
HTAR: a   instcat_y01_191109/job_log_00192974.txt
HTAR: a   instcat_y01_191109/job_log_00192975.txt
HTAR: a   instcat_y01_191109/job_log_00192976.txt
HTAR: a   instcat_y01_191109/job_log_00192977.txt
HTAR: a   instcat_y01_191109/job_log_00192978.txt
HTAR: a   instcat_y01_191109/job_log_00192979.txt
HTAR: a   instcat_y01_191109/job_log_00192980.txt
HTAR: a   instcat_y01_191109/job_log_00192981.txt
HTAR: a   instcat_y01_191109/job_log_00192982.txt
HTAR: a   instcat_y01_191109/job_log_00192983.txt
HTAR: a   instcat_y01_191109/job_log_00192984.txt
HTAR: a   instcat_y01_191109/job_log_00192985.txt
HTAR: a   instcat_y01_191109/job_log_00192986.txt
HTAR: a   instcat_y01_191109/job_log_00192987.txt
HTAR: a   instcat_y01_191109/job_log_00192988.txt
HTAR: a   instcat_y01_191109/job_log_00192989.txt
HTAR: a   instcat_y01_191109/job_log_00192990.txt
HTAR: a   instcat_y01_191109/job_log_00193007.txt
HTAR: a   instcat_y01_191109/job_log_00193008.txt
HTAR: a   instcat_y01_191109/job_log_00193009.txt
HTAR: a   instcat_y01_191109/job_log_00193010.txt
HTAR: a   instcat_y01_191109/job_log_00193035.txt
HTAR: a   instcat_y01_191109/job_log_00193036.txt
HTAR: a   instcat_y01_191109/job_log_00193037.txt
HTAR: a   instcat_y01_191109/job_log_00193038.txt
HTAR: a   instcat_y01_191109/job_log_00193044.txt
HTAR: a   instcat_y01_191109/job_log_00193046.txt
HTAR: a   instcat_y01_191109/job_log_00193047.txt
HTAR: a   instcat_y01_191109/job_log_00193048.txt
HTAR: a   instcat_y01_191109/job_log_00193049.txt
HTAR: a   instcat_y01_191109/job_log_00193050.txt
HTAR: a   instcat_y01_191109/job_log_00193051.txt
HTAR: a   instcat_y01_191109/job_log_00193052.txt
HTAR: a   instcat_y01_191109/job_log_00193076.txt
HTAR: a   instcat_y01_191109/job_log_00193077.txt
HTAR: a   instcat_y01_191109/job_log_00193078.txt
HTAR: a   instcat_y01_191109/job_log_00193079.txt
HTAR: a   instcat_y01_191109/job_log_00193080.txt
HTAR: a   instcat_y01_191109/job_log_00193081.txt
HTAR: a   instcat_y01_191109/job_log_00193084.txt
HTAR: a   instcat_y01_191109/job_log_00193085.txt
HTAR: a   instcat_y01_191109/job_log_00193086.txt
HTAR: a   instcat_y01_191109/job_log_00193087.txt
HTAR: a   instcat_y01_191109/job_log_00193088.txt
HTAR: a   instcat_y01_191109/job_log_00193089.txt
HTAR: a   instcat_y01_191109/job_log_00193090.txt
HTAR: a   instcat_y01_191109/job_log_00193091.txt
HTAR: a   instcat_y01_191109/job_log_00193092.txt
HTAR: a   instcat_y01_191109/job_log_00193107.txt
HTAR: a   instcat_y01_191109/job_log_00193108.txt
HTAR: a   instcat_y01_191109/job_log_00193109.txt
HTAR: a   instcat_y01_191109/job_log_00193110.txt
HTAR: a   instcat_y01_191109/job_log_00193111.txt
HTAR: a   instcat_y01_191109/job_log_00193112.txt
HTAR: a   instcat_y01_191109/job_log_00193113.txt
HTAR: a   instcat_y01_191109/job_log_00193122.txt
HTAR: a   instcat_y01_191109/job_log_00193123.txt
HTAR: a   instcat_y01_191109/job_log_00193124.txt
HTAR: a   instcat_y01_191109/job_log_00193125.txt
HTAR: a   instcat_y01_191109/job_log_00193126.txt
HTAR: a   instcat_y01_191109/job_log_00193127.txt
HTAR: a   instcat_y01_191109/job_log_00193130.txt
HTAR: a   instcat_y01_191109/job_log_00193140.txt
HTAR: a   instcat_y01_191109/job_log_00193141.txt
HTAR: a   instcat_y01_191109/job_log_00193142.txt
HTAR: a   instcat_y01_191109/job_log_00193143.txt
HTAR: a   instcat_y01_191109/job_log_00193144.txt
HTAR: a   instcat_y01_191109/job_log_00193145.txt
HTAR: a   instcat_y01_191109/job_log_00193146.txt
HTAR: a   instcat_y01_191109/job_log_00193147.txt
HTAR: a   instcat_y01_191109/job_log_00193148.txt
HTAR: a   instcat_y01_191109/job_log_00193149.txt
HTAR: a   instcat_y01_191109/job_log_00193150.txt
HTAR: a   instcat_y01_191109/job_log_00193162.txt
HTAR: a   instcat_y01_191109/job_log_00193163.txt
HTAR: a   /tmp/HTAR_CF_CHK_19580_1578349582
HTAR Create complete for /home/projects/desc/DC2_ImSim/Run2.2i/instCat/y01_191109/00192928to00193163.tar. 558,779,331,584 bytes written for 242 member files, max threads: 50 Transfer time: 4653.925 seconds (120.066 MB/s) wallclock/user/sys: 4655.772 4884.308 2980.481 seconds
HTAR: HTAR SUCCESSFUL
HTAR: a   instcat_y01_191109/00193164.tar.gz
HTAR: a   instcat_y01_191109/00193165.tar.gz
HTAR: a   instcat_y01_191109/00193166.tar.gz
HTAR: a   instcat_y01_191109/00193167.tar.gz
HTAR: a   instcat_y01_191109/00193168.tar.gz
HTAR: a   instcat_y01_191109/00193169.tar.gz
HTAR: a   instcat_y01_191109/00193170.tar.gz
HTAR: a   instcat_y01_191109/00193181.tar.gz
HTAR: a   instcat_y01_191109/00193182.tar.gz
HTAR: a   instcat_y01_191109/00193183.tar.gz
HTAR: a   instcat_y01_191109/00193184.tar.gz
HTAR: a   instcat_y01_191109/00193185.tar.gz
HTAR: a   instcat_y01_191109/00193186.tar.gz
HTAR: a   instcat_y01_191109/00193187.tar.gz
HTAR: a   instcat_y01_191109/00193188.tar.gz
HTAR: a   instcat_y01_191109/00193189.tar.gz
HTAR: a   instcat_y01_191109/00193190.tar.gz
HTAR: a   instcat_y01_191109/00193230.tar.gz
HTAR: a   instcat_y01_191109/00193231.tar.gz
HTAR: a   instcat_y01_191109/00193232.tar.gz
HTAR: a   instcat_y01_191109/00193233.tar.gz
HTAR: a   instcat_y01_191109/00193234.tar.gz
HTAR: a   instcat_y01_191109/00193235.tar.gz
HTAR: a   instcat_y01_191109/00193236.tar.gz
HTAR: a   instcat_y01_191109/00193237.tar.gz
HTAR: a   instcat_y01_191109/00193246.tar.gz
HTAR: a   instcat_y01_191109/00193247.tar.gz
HTAR: a   instcat_y01_191109/00193248.tar.gz
HTAR: a   instcat_y01_191109/00193266.tar.gz
HTAR: a   instcat_y01_191109/00193274.tar.gz
HTAR: a   instcat_y01_191109/00193776.tar.gz
HTAR: a   instcat_y01_191109/00193777.tar.gz
HTAR: a   instcat_y01_191109/00193778.tar.gz
HTAR: a   instcat_y01_191109/00193779.tar.gz
HTAR: a   instcat_y01_191109/00193780.tar.gz
HTAR: a   instcat_y01_191109/00193781.tar.gz
HTAR: a   instcat_y01_191109/00193782.tar.gz
HTAR: a   instcat_y01_191109/00193783.tar.gz
HTAR: a   instcat_y01_191109/00193784.tar.gz
HTAR: a   instcat_y01_191109/00193785.tar.gz
HTAR: a   instcat_y01_191109/00193800.tar.gz
HTAR: a   instcat_y01_191109/00193801.tar.gz
HTAR: a   instcat_y01_191109/00193802.tar.gz
HTAR: a   instcat_y01_191109/00193803.tar.gz
HTAR: a   instcat_y01_191109/00193804.tar.gz
HTAR: a   instcat_y01_191109/00193805.tar.gz
HTAR: a   instcat_y01_191109/00193806.tar.gz
HTAR: a   instcat_y01_191109/00193807.tar.gz
HTAR: a   instcat_y01_191109/00193810.tar.gz
HTAR: a   instcat_y01_191109/00193811.tar.gz
HTAR: a   instcat_y01_191109/00193812.tar.gz
HTAR: a   instcat_y01_191109/00193819.tar.gz
HTAR: a   instcat_y01_191109/00193820.tar.gz
HTAR: a   instcat_y01_191109/00193821.tar.gz
HTAR: a   instcat_y01_191109/00193822.tar.gz
HTAR: a   instcat_y01_191109/00193823.tar.gz
HTAR: a   instcat_y01_191109/00193824.tar.gz
HTAR: a   instcat_y01_191109/00193825.tar.gz
HTAR: a   instcat_y01_191109/00193826.tar.gz
HTAR: a   instcat_y01_191109/00193827.tar.gz
HTAR: a   instcat_y01_191109/00193828.tar.gz
HTAR: a   instcat_y01_191109/00193829.tar.gz
HTAR: a   instcat_y01_191109/00193830.tar.gz
HTAR: a   instcat_y01_191109/00193833.tar.gz
HTAR: a   instcat_y01_191109/00193834.tar.gz
HTAR: a   instcat_y01_191109/00193835.tar.gz
HTAR: a   instcat_y01_191109/00193836.tar.gz
HTAR: a   instcat_y01_191109/00193837.tar.gz
HTAR: a   instcat_y01_191109/00193838.tar.gz
HTAR: a   instcat_y01_191109/00193839.tar.gz
HTAR: a   instcat_y01_191109/00193840.tar.gz
HTAR: a   instcat_y01_191109/00193841.tar.gz
HTAR: a   instcat_y01_191109/00193842.tar.gz
HTAR: a   instcat_y01_191109/00193843.tar.gz
HTAR: a   instcat_y01_191109/00193844.tar.gz
HTAR: a   instcat_y01_191109/00193845.tar.gz
HTAR: a   instcat_y01_191109/00193846.tar.gz
HTAR: a   instcat_y01_191109/00193847.tar.gz
HTAR: a   instcat_y01_191109/00193848.tar.gz
HTAR: a   instcat_y01_191109/00193849.tar.gz
HTAR: a   instcat_y01_191109/00193850.tar.gz
HTAR: a   instcat_y01_191109/00193851.tar.gz
HTAR: a   instcat_y01_191109/00193859.tar.gz
HTAR: a   instcat_y01_191109/00193860.tar.gz
HTAR: a   instcat_y01_191109/00193861.tar.gz
HTAR: a   instcat_y01_191109/00193880.tar.gz
HTAR: a   instcat_y01_191109/00193881.tar.gz
HTAR: a   instcat_y01_191109/00193882.tar.gz
HTAR: a   instcat_y01_191109/00193883.tar.gz
HTAR: a   instcat_y01_191109/00193884.tar.gz
HTAR: a   instcat_y01_191109/00193885.tar.gz
HTAR: a   instcat_y01_191109/00193886.tar.gz
HTAR: a   instcat_y01_191109/00193887.tar.gz
HTAR: a   instcat_y01_191109/00193888.tar.gz
HTAR: a   instcat_y01_191109/00193890.tar.gz
HTAR: a   instcat_y01_191109/00193891.tar.gz
HTAR: a   instcat_y01_191109/00193899.tar.gz
HTAR: a   instcat_y01_191109/00193900.tar.gz
HTAR: a   instcat_y01_191109/00193901.tar.gz
HTAR: a   instcat_y01_191109/00193902.tar.gz
HTAR: a   instcat_y01_191109/00194105.tar.gz
HTAR: a   instcat_y01_191109/00194107.tar.gz
HTAR: a   instcat_y01_191109/00194108.tar.gz
HTAR: a   instcat_y01_191109/00194109.tar.gz
HTAR: a   instcat_y01_191109/00194845.tar.gz
HTAR: a   instcat_y01_191109/00194846.tar.gz
HTAR: a   instcat_y01_191109/00194847.tar.gz
HTAR: a   instcat_y01_191109/00194848.tar.gz
HTAR: a   instcat_y01_191109/00194849.tar.gz
HTAR: a   instcat_y01_191109/00194850.tar.gz
HTAR: a   instcat_y01_191109/00194851.tar.gz
HTAR: a   instcat_y01_191109/00194852.tar.gz
HTAR: a   instcat_y01_191109/00194856.tar.gz
HTAR: a   instcat_y01_191109/00194857.tar.gz
HTAR: a   instcat_y01_191109/00194858.tar.gz
HTAR: a   instcat_y01_191109/00194859.tar.gz
HTAR: a   instcat_y01_191109/00194860.tar.gz
HTAR: a   instcat_y01_191109/00194861.tar.gz
HTAR: a   instcat_y01_191109/00194862.tar.gz
HTAR: a   instcat_y01_191109/00194863.tar.gz
HTAR: a   instcat_y01_191109/00194864.tar.gz
HTAR: a   instcat_y01_191109/job_log_00193164.txt
HTAR: a   instcat_y01_191109/job_log_00193165.txt
HTAR: a   instcat_y01_191109/job_log_00193166.txt
HTAR: a   instcat_y01_191109/job_log_00193167.txt
HTAR: a   instcat_y01_191109/job_log_00193168.txt
HTAR: a   instcat_y01_191109/job_log_00193169.txt
HTAR: a   instcat_y01_191109/job_log_00193170.txt
HTAR: a   instcat_y01_191109/job_log_00193181.txt
HTAR: a   instcat_y01_191109/job_log_00193182.txt
HTAR: a   instcat_y01_191109/job_log_00193183.txt
HTAR: a   instcat_y01_191109/job_log_00193184.txt
HTAR: a   instcat_y01_191109/job_log_00193185.txt
HTAR: a   instcat_y01_191109/job_log_00193186.txt
HTAR: a   instcat_y01_191109/job_log_00193187.txt
HTAR: a   instcat_y01_191109/job_log_00193188.txt
HTAR: a   instcat_y01_191109/job_log_00193189.txt
HTAR: a   instcat_y01_191109/job_log_00193190.txt
HTAR: a   instcat_y01_191109/job_log_00193230.txt
HTAR: a   instcat_y01_191109/job_log_00193231.txt
HTAR: a   instcat_y01_191109/job_log_00193232.txt
HTAR: a   instcat_y01_191109/job_log_00193233.txt
HTAR: a   instcat_y01_191109/job_log_00193234.txt
HTAR: a   instcat_y01_191109/job_log_00193235.txt
HTAR: a   instcat_y01_191109/job_log_00193236.txt
HTAR: a   instcat_y01_191109/job_log_00193237.txt
HTAR: a   instcat_y01_191109/job_log_00193246.txt
HTAR: a   instcat_y01_191109/job_log_00193247.txt
HTAR: a   instcat_y01_191109/job_log_00193248.txt
HTAR: a   instcat_y01_191109/job_log_00193266.txt
HTAR: a   instcat_y01_191109/job_log_00193274.txt
HTAR: a   instcat_y01_191109/job_log_00193776.txt
HTAR: a   instcat_y01_191109/job_log_00193777.txt
HTAR: a   instcat_y01_191109/job_log_00193778.txt
HTAR: a   instcat_y01_191109/job_log_00193779.txt
HTAR: a   instcat_y01_191109/job_log_00193780.txt
HTAR: a   instcat_y01_191109/job_log_00193781.txt
HTAR: a   instcat_y01_191109/job_log_00193782.txt
HTAR: a   instcat_y01_191109/job_log_00193783.txt
HTAR: a   instcat_y01_191109/job_log_00193784.txt
HTAR: a   instcat_y01_191109/job_log_00193785.txt
HTAR: a   instcat_y01_191109/job_log_00193800.txt
HTAR: a   instcat_y01_191109/job_log_00193801.txt
HTAR: a   instcat_y01_191109/job_log_00193802.txt
HTAR: a   instcat_y01_191109/job_log_00193803.txt
HTAR: a   instcat_y01_191109/job_log_00193804.txt
HTAR: a   instcat_y01_191109/job_log_00193805.txt
HTAR: a   instcat_y01_191109/job_log_00193806.txt
HTAR: a   instcat_y01_191109/job_log_00193807.txt
HTAR: a   instcat_y01_191109/job_log_00193810.txt
HTAR: a   instcat_y01_191109/job_log_00193811.txt
HTAR: a   instcat_y01_191109/job_log_00193812.txt
HTAR: a   instcat_y01_191109/job_log_00193819.txt
HTAR: a   instcat_y01_191109/job_log_00193820.txt
HTAR: a   instcat_y01_191109/job_log_00193821.txt
HTAR: a   instcat_y01_191109/job_log_00193822.txt
HTAR: a   instcat_y01_191109/job_log_00193823.txt
HTAR: a   instcat_y01_191109/job_log_00193824.txt
HTAR: a   instcat_y01_191109/job_log_00193825.txt
HTAR: a   instcat_y01_191109/job_log_00193826.txt
HTAR: a   instcat_y01_191109/job_log_00193827.txt
HTAR: a   instcat_y01_191109/job_log_00193828.txt
HTAR: a   instcat_y01_191109/job_log_00193829.txt
HTAR: a   instcat_y01_191109/job_log_00193830.txt
HTAR: a   instcat_y01_191109/job_log_00193833.txt
HTAR: a   instcat_y01_191109/job_log_00193834.txt
HTAR: a   instcat_y01_191109/job_log_00193835.txt
HTAR: a   instcat_y01_191109/job_log_00193836.txt
HTAR: a   instcat_y01_191109/job_log_00193837.txt
HTAR: a   instcat_y01_191109/job_log_00193838.txt
HTAR: a   instcat_y01_191109/job_log_00193839.txt
HTAR: a   instcat_y01_191109/job_log_00193840.txt
HTAR: a   instcat_y01_191109/job_log_00193841.txt
HTAR: a   instcat_y01_191109/job_log_00193842.txt
HTAR: a   instcat_y01_191109/job_log_00193843.txt
HTAR: a   instcat_y01_191109/job_log_00193844.txt
HTAR: a   instcat_y01_191109/job_log_00193845.txt
HTAR: a   instcat_y01_191109/job_log_00193846.txt
HTAR: a   instcat_y01_191109/job_log_00193847.txt
HTAR: a   instcat_y01_191109/job_log_00193848.txt
HTAR: a   instcat_y01_191109/job_log_00193849.txt
HTAR: a   instcat_y01_191109/job_log_00193850.txt
HTAR: a   instcat_y01_191109/job_log_00193851.txt
HTAR: a   instcat_y01_191109/job_log_00193859.txt
HTAR: a   instcat_y01_191109/job_log_00193860.txt
HTAR: a   instcat_y01_191109/job_log_00193861.txt
HTAR: a   instcat_y01_191109/job_log_00193880.txt
HTAR: a   instcat_y01_191109/job_log_00193881.txt
HTAR: a   instcat_y01_191109/job_log_00193882.txt
HTAR: a   instcat_y01_191109/job_log_00193883.txt
HTAR: a   instcat_y01_191109/job_log_00193884.txt
HTAR: a   instcat_y01_191109/job_log_00193885.txt
HTAR: a   instcat_y01_191109/job_log_00193886.txt
HTAR: a   instcat_y01_191109/job_log_00193887.txt
HTAR: a   instcat_y01_191109/job_log_00193888.txt
HTAR: a   instcat_y01_191109/job_log_00193890.txt
HTAR: a   instcat_y01_191109/job_log_00193891.txt
HTAR: a   instcat_y01_191109/job_log_00193899.txt
HTAR: a   instcat_y01_191109/job_log_00193900.txt
HTAR: a   instcat_y01_191109/job_log_00193901.txt
HTAR: a   instcat_y01_191109/job_log_00193902.txt
HTAR: a   instcat_y01_191109/job_log_00194105.txt
HTAR: a   instcat_y01_191109/job_log_00194107.txt
HTAR: a   instcat_y01_191109/job_log_00194108.txt
HTAR: a   instcat_y01_191109/job_log_00194109.txt
HTAR: a   instcat_y01_191109/job_log_00194845.txt
HTAR: a   instcat_y01_191109/job_log_00194846.txt
HTAR: a   instcat_y01_191109/job_log_00194847.txt
HTAR: a   instcat_y01_191109/job_log_00194848.txt
HTAR: a   instcat_y01_191109/job_log_00194849.txt
HTAR: a   instcat_y01_191109/job_log_00194850.txt
HTAR: a   instcat_y01_191109/job_log_00194851.txt
HTAR: a   instcat_y01_191109/job_log_00194852.txt
HTAR: a   instcat_y01_191109/job_log_00194856.txt
HTAR: a   instcat_y01_191109/job_log_00194857.txt
HTAR: a   instcat_y01_191109/job_log_00194858.txt
HTAR: a   instcat_y01_191109/job_log_00194859.txt
HTAR: a   instcat_y01_191109/job_log_00194860.txt
HTAR: a   instcat_y01_191109/job_log_00194861.txt
HTAR: a   instcat_y01_191109/job_log_00194862.txt
HTAR: a   instcat_y01_191109/job_log_00194863.txt
HTAR: a   instcat_y01_191109/job_log_00194864.txt
HTAR: a   /tmp/HTAR_CF_CHK_64438_1578354242
HTAR Create complete for /home/projects/desc/DC2_ImSim/Run2.2i/instCat/y01_191109/00193164to00194864.tar. 547,810,341,888 bytes written for 242 member files, max threads: 50 Transfer time: 4276.746 seconds (128.090 MB/s) wallclock/user/sys: 4280.244 4680.652 2698.670 seconds
HTAR: HTAR SUCCESSFUL
HTAR: a   instcat_y01_191109/00194905.tar.gz
HTAR: a   instcat_y01_191109/00194906.tar.gz
HTAR: a   instcat_y01_191109/00194907.tar.gz
HTAR: a   instcat_y01_191109/00194908.tar.gz
HTAR: a   instcat_y01_191109/00194909.tar.gz
HTAR: a   instcat_y01_191109/00194910.tar.gz
HTAR: a   instcat_y01_191109/00194911.tar.gz
HTAR: a   instcat_y01_191109/00194912.tar.gz
HTAR: a   instcat_y01_191109/00194916.tar.gz
HTAR: a   instcat_y01_191109/00194917.tar.gz
HTAR: a   instcat_y01_191109/00194918.tar.gz
HTAR: a   instcat_y01_191109/00194919.tar.gz
HTAR: a   instcat_y01_191109/00194920.tar.gz
HTAR: a   instcat_y01_191109/00194921.tar.gz
HTAR: a   instcat_y01_191109/00194922.tar.gz
HTAR: a   instcat_y01_191109/00194923.tar.gz
HTAR: a   instcat_y01_191109/00194924.tar.gz
HTAR: a   instcat_y01_191109/00195529.tar.gz
HTAR: a   instcat_y01_191109/00195530.tar.gz
HTAR: a   instcat_y01_191109/00195531.tar.gz
HTAR: a   instcat_y01_191109/00195532.tar.gz
HTAR: a   instcat_y01_191109/00195533.tar.gz
HTAR: a   instcat_y01_191109/00195534.tar.gz
HTAR: a   instcat_y01_191109/00195535.tar.gz
HTAR: a   instcat_y01_191109/00195536.tar.gz
HTAR: a   instcat_y01_191109/00195537.tar.gz
HTAR: a   instcat_y01_191109/00195538.tar.gz
HTAR: a   instcat_y01_191109/00195539.tar.gz
HTAR: a   instcat_y01_191109/00195540.tar.gz
HTAR: a   instcat_y01_191109/00195541.tar.gz
HTAR: a   instcat_y01_191109/00195542.tar.gz
HTAR: a   instcat_y01_191109/00195543.tar.gz
HTAR: a   instcat_y01_191109/00195544.tar.gz
HTAR: a   instcat_y01_191109/00195545.tar.gz
HTAR: a   instcat_y01_191109/00195546.tar.gz
HTAR: a   instcat_y01_191109/00195547.tar.gz
HTAR: a   instcat_y01_191109/00195548.tar.gz
HTAR: a   instcat_y01_191109/00195549.tar.gz
HTAR: a   instcat_y01_191109/00195550.tar.gz
HTAR: a   instcat_y01_191109/00195551.tar.gz
HTAR: a   instcat_y01_191109/00195552.tar.gz
HTAR: a   instcat_y01_191109/00195553.tar.gz
HTAR: a   instcat_y01_191109/00195554.tar.gz
HTAR: a   instcat_y01_191109/00195555.tar.gz
HTAR: a   instcat_y01_191109/00195556.tar.gz
HTAR: a   instcat_y01_191109/00195557.tar.gz
HTAR: a   instcat_y01_191109/00195558.tar.gz
HTAR: a   instcat_y01_191109/00195559.tar.gz
HTAR: a   instcat_y01_191109/00195560.tar.gz
HTAR: a   instcat_y01_191109/00195561.tar.gz
HTAR: a   instcat_y01_191109/00195562.tar.gz
HTAR: a   instcat_y01_191109/00195563.tar.gz
HTAR: a   instcat_y01_191109/00195564.tar.gz
HTAR: a   instcat_y01_191109/00195565.tar.gz
HTAR: a   instcat_y01_191109/00195566.tar.gz
HTAR: a   instcat_y01_191109/00195567.tar.gz
HTAR: a   instcat_y01_191109/00195568.tar.gz
HTAR: a   instcat_y01_191109/00195569.tar.gz
HTAR: a   instcat_y01_191109/00195570.tar.gz
HTAR: a   instcat_y01_191109/00195571.tar.gz
HTAR: a   instcat_y01_191109/00195572.tar.gz
HTAR: a   instcat_y01_191109/00195573.tar.gz
HTAR: a   instcat_y01_191109/00195574.tar.gz
HTAR: a   instcat_y01_191109/00195575.tar.gz
HTAR: a   instcat_y01_191109/00195576.tar.gz
HTAR: a   instcat_y01_191109/00195577.tar.gz
HTAR: a   instcat_y01_191109/00195578.tar.gz
HTAR: a   instcat_y01_191109/00195579.tar.gz
HTAR: a   instcat_y01_191109/00195580.tar.gz
HTAR: a   instcat_y01_191109/00195581.tar.gz
HTAR: a   instcat_y01_191109/00195582.tar.gz
HTAR: a   instcat_y01_191109/00195583.tar.gz
HTAR: a   instcat_y01_191109/00195584.tar.gz
HTAR: a   instcat_y01_191109/00195585.tar.gz
HTAR: a   instcat_y01_191109/00195586.tar.gz
HTAR: a   instcat_y01_191109/00195587.tar.gz
HTAR: a   instcat_y01_191109/00195588.tar.gz
HTAR: a   instcat_y01_191109/00195589.tar.gz
HTAR: a   instcat_y01_191109/00195590.tar.gz
HTAR: a   instcat_y01_191109/00195591.tar.gz
HTAR: a   instcat_y01_191109/00195592.tar.gz
HTAR: a   instcat_y01_191109/00195593.tar.gz
HTAR: a   instcat_y01_191109/00195594.tar.gz
HTAR: a   instcat_y01_191109/00195595.tar.gz
HTAR: a   instcat_y01_191109/00195596.tar.gz
HTAR: a   instcat_y01_191109/00195597.tar.gz
HTAR: a   instcat_y01_191109/00195598.tar.gz
HTAR: a   instcat_y01_191109/00195599.tar.gz
HTAR: a   instcat_y01_191109/00195600.tar.gz
HTAR: a   instcat_y01_191109/00195601.tar.gz
HTAR: a   instcat_y01_191109/00195602.tar.gz
HTAR: a   instcat_y01_191109/00195603.tar.gz
HTAR: a   instcat_y01_191109/00195604.tar.gz
HTAR: a   instcat_y01_191109/00195605.tar.gz
HTAR: a   instcat_y01_191109/00195606.tar.gz
HTAR: a   instcat_y01_191109/00195607.tar.gz
HTAR: a   instcat_y01_191109/00195608.tar.gz
HTAR: a   instcat_y01_191109/00195609.tar.gz
HTAR: a   instcat_y01_191109/00195610.tar.gz
HTAR: a   instcat_y01_191109/00195611.tar.gz
HTAR: a   instcat_y01_191109/00195612.tar.gz
HTAR: a   instcat_y01_191109/00195613.tar.gz
HTAR: a   instcat_y01_191109/00195614.tar.gz
HTAR: a   instcat_y01_191109/00195615.tar.gz
HTAR: a   instcat_y01_191109/00195616.tar.gz
HTAR: a   instcat_y01_191109/00195617.tar.gz
HTAR: a   instcat_y01_191109/00195618.tar.gz
HTAR: a   instcat_y01_191109/00195619.tar.gz
HTAR: a   instcat_y01_191109/00195620.tar.gz
HTAR: a   instcat_y01_191109/00195621.tar.gz
HTAR: a   instcat_y01_191109/00195622.tar.gz
HTAR: a   instcat_y01_191109/00195623.tar.gz
HTAR: a   instcat_y01_191109/00195624.tar.gz
HTAR: a   instcat_y01_191109/00196420.tar.gz
HTAR: a   instcat_y01_191109/00196437.tar.gz
HTAR: a   instcat_y01_191109/00196438.tar.gz
HTAR: a   instcat_y01_191109/00196451.tar.gz
HTAR: a   instcat_y01_191109/00196475.tar.gz
HTAR: a   instcat_y01_191109/00196476.tar.gz
HTAR: a   instcat_y01_191109/00196477.tar.gz
HTAR: a   instcat_y01_191109/00196497.tar.gz
HTAR: a   instcat_y01_191109/job_log_00194905.txt
HTAR: a   instcat_y01_191109/job_log_00194906.txt
HTAR: a   instcat_y01_191109/job_log_00194907.txt
HTAR: a   instcat_y01_191109/job_log_00194908.txt
HTAR: a   instcat_y01_191109/job_log_00194909.txt
HTAR: a   instcat_y01_191109/job_log_00194910.txt
HTAR: a   instcat_y01_191109/job_log_00194911.txt
HTAR: a   instcat_y01_191109/job_log_00194912.txt
HTAR: a   instcat_y01_191109/job_log_00194916.txt
HTAR: a   instcat_y01_191109/job_log_00194917.txt
HTAR: a   instcat_y01_191109/job_log_00194918.txt
HTAR: a   instcat_y01_191109/job_log_00194919.txt
HTAR: a   instcat_y01_191109/job_log_00194920.txt
HTAR: a   instcat_y01_191109/job_log_00194921.txt
HTAR: a   instcat_y01_191109/job_log_00194922.txt
HTAR: a   instcat_y01_191109/job_log_00194923.txt
HTAR: a   instcat_y01_191109/job_log_00194924.txt
HTAR: a   instcat_y01_191109/job_log_00195529.txt
HTAR: a   instcat_y01_191109/job_log_00195530.txt
HTAR: a   instcat_y01_191109/job_log_00195531.txt
HTAR: a   instcat_y01_191109/job_log_00195532.txt
HTAR: a   instcat_y01_191109/job_log_00195533.txt
HTAR: a   instcat_y01_191109/job_log_00195534.txt
HTAR: a   instcat_y01_191109/job_log_00195535.txt
HTAR: a   instcat_y01_191109/job_log_00195536.txt
HTAR: a   instcat_y01_191109/job_log_00195537.txt
HTAR: a   instcat_y01_191109/job_log_00195538.txt
HTAR: a   instcat_y01_191109/job_log_00195539.txt
HTAR: a   instcat_y01_191109/job_log_00195540.txt
HTAR: a   instcat_y01_191109/job_log_00195541.txt
HTAR: a   instcat_y01_191109/job_log_00195542.txt
HTAR: a   instcat_y01_191109/job_log_00195543.txt
HTAR: a   instcat_y01_191109/job_log_00195544.txt
HTAR: a   instcat_y01_191109/job_log_00195545.txt
HTAR: a   instcat_y01_191109/job_log_00195546.txt
HTAR: a   instcat_y01_191109/job_log_00195547.txt
HTAR: a   instcat_y01_191109/job_log_00195548.txt
HTAR: a   instcat_y01_191109/job_log_00195549.txt
HTAR: a   instcat_y01_191109/job_log_00195550.txt
HTAR: a   instcat_y01_191109/job_log_00195551.txt
HTAR: a   instcat_y01_191109/job_log_00195552.txt
HTAR: a   instcat_y01_191109/job_log_00195553.txt
HTAR: a   instcat_y01_191109/job_log_00195554.txt
HTAR: a   instcat_y01_191109/job_log_00195555.txt
HTAR: a   instcat_y01_191109/job_log_00195556.txt
HTAR: a   instcat_y01_191109/job_log_00195557.txt
HTAR: a   instcat_y01_191109/job_log_00195558.txt
HTAR: a   instcat_y01_191109/job_log_00195559.txt
HTAR: a   instcat_y01_191109/job_log_00195560.txt
HTAR: a   instcat_y01_191109/job_log_00195561.txt
HTAR: a   instcat_y01_191109/job_log_00195562.txt
HTAR: a   instcat_y01_191109/job_log_00195563.txt
HTAR: a   instcat_y01_191109/job_log_00195564.txt
HTAR: a   instcat_y01_191109/job_log_00195565.txt
HTAR: a   instcat_y01_191109/job_log_00195566.txt
HTAR: a   instcat_y01_191109/job_log_00195567.txt
HTAR: a   instcat_y01_191109/job_log_00195568.txt
HTAR: a   instcat_y01_191109/job_log_00195569.txt
HTAR: a   instcat_y01_191109/job_log_00195570.txt
HTAR: a   instcat_y01_191109/job_log_00195571.txt
HTAR: a   instcat_y01_191109/job_log_00195572.txt
HTAR: a   instcat_y01_191109/job_log_00195573.txt
HTAR: a   instcat_y01_191109/job_log_00195574.txt
HTAR: a   instcat_y01_191109/job_log_00195575.txt
HTAR: a   instcat_y01_191109/job_log_00195576.txt
HTAR: a   instcat_y01_191109/job_log_00195577.txt
HTAR: a   instcat_y01_191109/job_log_00195578.txt
HTAR: a   instcat_y01_191109/job_log_00195579.txt
HTAR: a   instcat_y01_191109/job_log_00195580.txt
HTAR: a   instcat_y01_191109/job_log_00195581.txt
HTAR: a   instcat_y01_191109/job_log_00195582.txt
HTAR: a   instcat_y01_191109/job_log_00195583.txt
HTAR: a   instcat_y01_191109/job_log_00195584.txt
HTAR: a   instcat_y01_191109/job_log_00195585.txt
HTAR: a   instcat_y01_191109/job_log_00195586.txt
HTAR: a   instcat_y01_191109/job_log_00195587.txt
HTAR: a   instcat_y01_191109/job_log_00195588.txt
HTAR: a   instcat_y01_191109/job_log_00195589.txt
HTAR: a   instcat_y01_191109/job_log_00195590.txt
HTAR: a   instcat_y01_191109/job_log_00195591.txt
HTAR: a   instcat_y01_191109/job_log_00195592.txt
HTAR: a   instcat_y01_191109/job_log_00195593.txt
HTAR: a   instcat_y01_191109/job_log_00195594.txt
HTAR: a   instcat_y01_191109/job_log_00195595.txt
HTAR: a   instcat_y01_191109/job_log_00195596.txt
HTAR: a   instcat_y01_191109/job_log_00195597.txt
HTAR: a   instcat_y01_191109/job_log_00195598.txt
HTAR: a   instcat_y01_191109/job_log_00195599.txt
HTAR: a   instcat_y01_191109/job_log_00195600.txt
HTAR: a   instcat_y01_191109/job_log_00195601.txt
HTAR: a   instcat_y01_191109/job_log_00195602.txt
HTAR: a   instcat_y01_191109/job_log_00195603.txt
HTAR: a   instcat_y01_191109/job_log_00195604.txt
HTAR: a   instcat_y01_191109/job_log_00195605.txt
HTAR: a   instcat_y01_191109/job_log_00195606.txt
HTAR: a   instcat_y01_191109/job_log_00195607.txt
HTAR: a   instcat_y01_191109/job_log_00195608.txt
HTAR: a   instcat_y01_191109/job_log_00195609.txt
HTAR: a   instcat_y01_191109/job_log_00195610.txt
HTAR: a   instcat_y01_191109/job_log_00195611.txt
HTAR: a   instcat_y01_191109/job_log_00195612.txt
HTAR: a   instcat_y01_191109/job_log_00195613.txt
HTAR: a   instcat_y01_191109/job_log_00195614.txt
HTAR: a   instcat_y01_191109/job_log_00195615.txt
HTAR: a   instcat_y01_191109/job_log_00195616.txt
HTAR: a   instcat_y01_191109/job_log_00195617.txt
HTAR: a   instcat_y01_191109/job_log_00195618.txt
HTAR: a   instcat_y01_191109/job_log_00195619.txt
HTAR: a   instcat_y01_191109/job_log_00195620.txt
HTAR: a   instcat_y01_191109/job_log_00195621.txt
HTAR: a   instcat_y01_191109/job_log_00195622.txt
HTAR: a   instcat_y01_191109/job_log_00195623.txt
HTAR: a   instcat_y01_191109/job_log_00195624.txt
HTAR: a   instcat_y01_191109/job_log_00196420.txt
HTAR: a   instcat_y01_191109/job_log_00196437.txt
HTAR: a   instcat_y01_191109/job_log_00196438.txt
HTAR: a   instcat_y01_191109/job_log_00196451.txt
HTAR: a   instcat_y01_191109/job_log_00196475.txt
HTAR: a   instcat_y01_191109/job_log_00196476.txt
HTAR: a   instcat_y01_191109/job_log_00196477.txt
HTAR: a   instcat_y01_191109/job_log_00196497.txt
HTAR: a   /tmp/HTAR_CF_CHK_40523_1578358526
HTAR Create complete for /home/projects/desc/DC2_ImSim/Run2.2i/instCat/y01_191109/00194905to00196497.tar. 568,717,912,576 bytes written for 242 member files, max threads: 50 Transfer time: 4345.805 seconds (130.866 MB/s) wallclock/user/sys: 4349.943 4565.061 2691.620 seconds
HTAR: HTAR SUCCESSFUL
HTAR: a   instcat_y01_191109/00196568.tar.gz
HTAR: a   instcat_y01_191109/00196569.tar.gz
HTAR: a   instcat_y01_191109/00196570.tar.gz
HTAR: a   instcat_y01_191109/00196590.tar.gz
HTAR: a   instcat_y01_191109/00196609.tar.gz
HTAR: a   instcat_y01_191109/00196610.tar.gz
HTAR: a   instcat_y01_191109/00196611.tar.gz
HTAR: a   instcat_y01_191109/00196645.tar.gz
HTAR: a   instcat_y01_191109/00197356.tar.gz
HTAR: a   instcat_y01_191109/00197394.tar.gz
HTAR: a   instcat_y01_191109/00197400.tar.gz
HTAR: a   instcat_y01_191109/00197401.tar.gz
HTAR: a   instcat_y01_191109/00197402.tar.gz
HTAR: a   instcat_y01_191109/00197403.tar.gz
HTAR: a   instcat_y01_191109/00197422.tar.gz
HTAR: a   instcat_y01_191109/00197423.tar.gz
HTAR: a   instcat_y01_191109/00197424.tar.gz
HTAR: a   instcat_y01_191109/00197425.tar.gz
HTAR: a   instcat_y01_191109/00197426.tar.gz
HTAR: a   instcat_y01_191109/00197427.tar.gz
HTAR: a   instcat_y01_191109/00197428.tar.gz
HTAR: a   instcat_y01_191109/00197429.tar.gz
HTAR: a   instcat_y01_191109/00197430.tar.gz
HTAR: a   instcat_y01_191109/00197431.tar.gz
HTAR: a   instcat_y01_191109/00197437.tar.gz
HTAR: a   instcat_y01_191109/00197438.tar.gz
HTAR: a   instcat_y01_191109/00197476.tar.gz
HTAR: a   instcat_y01_191109/00197477.tar.gz
HTAR: a   instcat_y01_191109/00197478.tar.gz
HTAR: a   instcat_y01_191109/00197479.tar.gz
HTAR: a   instcat_y01_191109/00197480.tar.gz
HTAR: a   instcat_y01_191109/00197483.tar.gz
HTAR: a   instcat_y01_191109/00199450.tar.gz
HTAR: a   instcat_y01_191109/00199496.tar.gz
HTAR: a   instcat_y01_191109/00199497.tar.gz
HTAR: a   instcat_y01_191109/00199498.tar.gz
HTAR: a   instcat_y01_191109/00199499.tar.gz
HTAR: a   instcat_y01_191109/00199500.tar.gz
HTAR: a   instcat_y01_191109/00199504.tar.gz
HTAR: a   instcat_y01_191109/00199505.tar.gz
HTAR: a   instcat_y01_191109/00199532.tar.gz
HTAR: a   instcat_y01_191109/00199533.tar.gz
HTAR: a   instcat_y01_191109/00199534.tar.gz
HTAR: a   instcat_y01_191109/00199535.tar.gz
HTAR: a   instcat_y01_191109/00199540.tar.gz
HTAR: a   instcat_y01_191109/00199541.tar.gz
HTAR: a   instcat_y01_191109/00199648.tar.gz
HTAR: a   instcat_y01_191109/00199649.tar.gz
HTAR: a   instcat_y01_191109/00199650.tar.gz
HTAR: a   instcat_y01_191109/00199651.tar.gz
HTAR: a   instcat_y01_191109/00199652.tar.gz
HTAR: a   instcat_y01_191109/00200152.tar.gz
HTAR: a   instcat_y01_191109/00200182.tar.gz
HTAR: a   instcat_y01_191109/00200184.tar.gz
HTAR: a   instcat_y01_191109/00200190.tar.gz
HTAR: a   instcat_y01_191109/00200191.tar.gz
HTAR: a   instcat_y01_191109/00200192.tar.gz
HTAR: a   instcat_y01_191109/00200193.tar.gz
HTAR: a   instcat_y01_191109/00200221.tar.gz
HTAR: a   instcat_y01_191109/00200222.tar.gz
HTAR: a   instcat_y01_191109/00200705.tar.gz
HTAR: a   instcat_y01_191109/00200706.tar.gz
HTAR: a   instcat_y01_191109/00200707.tar.gz
HTAR: a   instcat_y01_191109/00200708.tar.gz
HTAR: a   instcat_y01_191109/00200709.tar.gz
HTAR: a   instcat_y01_191109/00200710.tar.gz
HTAR: a   instcat_y01_191109/00200711.tar.gz
HTAR: a   instcat_y01_191109/00200712.tar.gz
HTAR: a   instcat_y01_191109/00200713.tar.gz
HTAR: a   instcat_y01_191109/00200714.tar.gz
HTAR: a   instcat_y01_191109/00200715.tar.gz
HTAR: a   instcat_y01_191109/00200716.tar.gz
HTAR: a   instcat_y01_191109/00200717.tar.gz
HTAR: a   instcat_y01_191109/00200718.tar.gz
HTAR: a   instcat_y01_191109/00200719.tar.gz
HTAR: a   instcat_y01_191109/00200720.tar.gz
HTAR: a   instcat_y01_191109/00200721.tar.gz
HTAR: a   instcat_y01_191109/00200722.tar.gz
HTAR: a   instcat_y01_191109/00200723.tar.gz
HTAR: a   instcat_y01_191109/00200724.tar.gz
HTAR: a   instcat_y01_191109/00200725.tar.gz
HTAR: a   instcat_y01_191109/00200735.tar.gz
HTAR: a   instcat_y01_191109/00200736.tar.gz
HTAR: a   instcat_y01_191109/00200737.tar.gz
HTAR: a   instcat_y01_191109/00200738.tar.gz
HTAR: a   instcat_y01_191109/00200739.tar.gz
HTAR: a   instcat_y01_191109/00200740.tar.gz
HTAR: a   instcat_y01_191109/00200741.tar.gz
HTAR: a   instcat_y01_191109/00200746.tar.gz
HTAR: a   instcat_y01_191109/00200747.tar.gz
HTAR: a   instcat_y01_191109/00200748.tar.gz
HTAR: a   instcat_y01_191109/00200749.tar.gz
HTAR: a   instcat_y01_191109/00200750.tar.gz
HTAR: a   instcat_y01_191109/00200751.tar.gz
HTAR: a   instcat_y01_191109/00200752.tar.gz
HTAR: a   instcat_y01_191109/00200753.tar.gz
HTAR: a   instcat_y01_191109/00200754.tar.gz
HTAR: a   instcat_y01_191109/00200810.tar.gz
HTAR: a   instcat_y01_191109/00200811.tar.gz
HTAR: a   instcat_y01_191109/00200812.tar.gz
HTAR: a   instcat_y01_191109/00200813.tar.gz
HTAR: a   instcat_y01_191109/00200814.tar.gz
HTAR: a   instcat_y01_191109/00200815.tar.gz
HTAR: a   instcat_y01_191109/00200816.tar.gz
HTAR: a   instcat_y01_191109/00200819.tar.gz
HTAR: a   instcat_y01_191109/00200823.tar.gz
HTAR: a   instcat_y01_191109/00200824.tar.gz
HTAR: a   instcat_y01_191109/00200825.tar.gz
HTAR: a   instcat_y01_191109/00200826.tar.gz
HTAR: a   instcat_y01_191109/00200891.tar.gz
HTAR: a   instcat_y01_191109/00200906.tar.gz
HTAR: a   instcat_y01_191109/00200907.tar.gz
HTAR: a   instcat_y01_191109/00200908.tar.gz
HTAR: a   instcat_y01_191109/00200909.tar.gz
HTAR: a   instcat_y01_191109/00200931.tar.gz
HTAR: a   instcat_y01_191109/00200932.tar.gz
HTAR: a   instcat_y01_191109/00200933.tar.gz
HTAR: a   instcat_y01_191109/00200934.tar.gz
HTAR: a   instcat_y01_191109/00200935.tar.gz
HTAR: a   instcat_y01_191109/00200936.tar.gz
HTAR: a   instcat_y01_191109/00200937.tar.gz
HTAR: a   instcat_y01_191109/job_log_00196568.txt
HTAR: a   instcat_y01_191109/job_log_00196569.txt
HTAR: a   instcat_y01_191109/job_log_00196570.txt
HTAR: a   instcat_y01_191109/job_log_00196590.txt
HTAR: a   instcat_y01_191109/job_log_00196609.txt
HTAR: a   instcat_y01_191109/job_log_00196610.txt
HTAR: a   instcat_y01_191109/job_log_00196611.txt
HTAR: a   instcat_y01_191109/job_log_00196645.txt
HTAR: a   instcat_y01_191109/job_log_00197356.txt
HTAR: a   instcat_y01_191109/job_log_00197394.txt
HTAR: a   instcat_y01_191109/job_log_00197400.txt
HTAR: a   instcat_y01_191109/job_log_00197401.txt
HTAR: a   instcat_y01_191109/job_log_00197402.txt
HTAR: a   instcat_y01_191109/job_log_00197403.txt
HTAR: a   instcat_y01_191109/job_log_00197422.txt
HTAR: a   instcat_y01_191109/job_log_00197423.txt
HTAR: a   instcat_y01_191109/job_log_00197424.txt
HTAR: a   instcat_y01_191109/job_log_00197425.txt
HTAR: a   instcat_y01_191109/job_log_00197426.txt
HTAR: a   instcat_y01_191109/job_log_00197427.txt
HTAR: a   instcat_y01_191109/job_log_00197428.txt
HTAR: a   instcat_y01_191109/job_log_00197429.txt
HTAR: a   instcat_y01_191109/job_log_00197430.txt
HTAR: a   instcat_y01_191109/job_log_00197431.txt
HTAR: a   instcat_y01_191109/job_log_00197437.txt
HTAR: a   instcat_y01_191109/job_log_00197438.txt
HTAR: a   instcat_y01_191109/job_log_00197476.txt
HTAR: a   instcat_y01_191109/job_log_00197477.txt
HTAR: a   instcat_y01_191109/job_log_00197478.txt
HTAR: a   instcat_y01_191109/job_log_00197479.txt
HTAR: a   instcat_y01_191109/job_log_00197480.txt
HTAR: a   instcat_y01_191109/job_log_00197483.txt
HTAR: a   instcat_y01_191109/job_log_00199450.txt
HTAR: a   instcat_y01_191109/job_log_00199496.txt
HTAR: a   instcat_y01_191109/job_log_00199497.txt
HTAR: a   instcat_y01_191109/job_log_00199498.txt
HTAR: a   instcat_y01_191109/job_log_00199499.txt
HTAR: a   instcat_y01_191109/job_log_00199500.txt
HTAR: a   instcat_y01_191109/job_log_00199504.txt
HTAR: a   instcat_y01_191109/job_log_00199505.txt
HTAR: a   instcat_y01_191109/job_log_00199532.txt
HTAR: a   instcat_y01_191109/job_log_00199533.txt
HTAR: a   instcat_y01_191109/job_log_00199534.txt
HTAR: a   instcat_y01_191109/job_log_00199535.txt
HTAR: a   instcat_y01_191109/job_log_00199540.txt
HTAR: a   instcat_y01_191109/job_log_00199541.txt
HTAR: a   instcat_y01_191109/job_log_00199648.txt
HTAR: a   instcat_y01_191109/job_log_00199649.txt
HTAR: a   instcat_y01_191109/job_log_00199650.txt
HTAR: a   instcat_y01_191109/job_log_00199651.txt
HTAR: a   instcat_y01_191109/job_log_00199652.txt
HTAR: a   instcat_y01_191109/job_log_00200152.txt
HTAR: a   instcat_y01_191109/job_log_00200182.txt
HTAR: a   instcat_y01_191109/job_log_00200184.txt
HTAR: a   instcat_y01_191109/job_log_00200190.txt
HTAR: a   instcat_y01_191109/job_log_00200191.txt
HTAR: a   instcat_y01_191109/job_log_00200192.txt
HTAR: a   instcat_y01_191109/job_log_00200193.txt
HTAR: a   instcat_y01_191109/job_log_00200221.txt
HTAR: a   instcat_y01_191109/job_log_00200222.txt
HTAR: a   instcat_y01_191109/job_log_00200705.txt
HTAR: a   instcat_y01_191109/job_log_00200706.txt
HTAR: a   instcat_y01_191109/job_log_00200707.txt
HTAR: a   instcat_y01_191109/job_log_00200708.txt
HTAR: a   instcat_y01_191109/job_log_00200709.txt
HTAR: a   instcat_y01_191109/job_log_00200710.txt
HTAR: a   instcat_y01_191109/job_log_00200711.txt
HTAR: a   instcat_y01_191109/job_log_00200712.txt
HTAR: a   instcat_y01_191109/job_log_00200713.txt
HTAR: a   instcat_y01_191109/job_log_00200714.txt
HTAR: a   instcat_y01_191109/job_log_00200715.txt
HTAR: a   instcat_y01_191109/job_log_00200716.txt
HTAR: a   instcat_y01_191109/job_log_00200717.txt
HTAR: a   instcat_y01_191109/job_log_00200718.txt
HTAR: a   instcat_y01_191109/job_log_00200719.txt
HTAR: a   instcat_y01_191109/job_log_00200720.txt
HTAR: a   instcat_y01_191109/job_log_00200721.txt
HTAR: a   instcat_y01_191109/job_log_00200722.txt
HTAR: a   instcat_y01_191109/job_log_00200723.txt
HTAR: a   instcat_y01_191109/job_log_00200724.txt
HTAR: a   instcat_y01_191109/job_log_00200725.txt
HTAR: a   instcat_y01_191109/job_log_00200735.txt
HTAR: a   instcat_y01_191109/job_log_00200736.txt
HTAR: a   instcat_y01_191109/job_log_00200737.txt
HTAR: a   instcat_y01_191109/job_log_00200738.txt
HTAR: a   instcat_y01_191109/job_log_00200739.txt
HTAR: a   instcat_y01_191109/job_log_00200740.txt
HTAR: a   instcat_y01_191109/job_log_00200741.txt
HTAR: a   instcat_y01_191109/job_log_00200746.txt
HTAR: a   instcat_y01_191109/job_log_00200747.txt
HTAR: a   instcat_y01_191109/job_log_00200748.txt
HTAR: a   instcat_y01_191109/job_log_00200749.txt
HTAR: a   instcat_y01_191109/job_log_00200750.txt
HTAR: a   instcat_y01_191109/job_log_00200751.txt
HTAR: a   instcat_y01_191109/job_log_00200752.txt
HTAR: a   instcat_y01_191109/job_log_00200753.txt
HTAR: a   instcat_y01_191109/job_log_00200754.txt
HTAR: a   instcat_y01_191109/job_log_00200810.txt
HTAR: a   instcat_y01_191109/job_log_00200811.txt
HTAR: a   instcat_y01_191109/job_log_00200812.txt
HTAR: a   instcat_y01_191109/job_log_00200813.txt
HTAR: a   instcat_y01_191109/job_log_00200814.txt
HTAR: a   instcat_y01_191109/job_log_00200815.txt
HTAR: a   instcat_y01_191109/job_log_00200816.txt
HTAR: a   instcat_y01_191109/job_log_00200819.txt
HTAR: a   instcat_y01_191109/job_log_00200823.txt
HTAR: a   instcat_y01_191109/job_log_00200824.txt
HTAR: a   instcat_y01_191109/job_log_00200825.txt
HTAR: a   instcat_y01_191109/job_log_00200826.txt
HTAR: a   instcat_y01_191109/job_log_00200891.txt
HTAR: a   instcat_y01_191109/job_log_00200906.txt
HTAR: a   instcat_y01_191109/job_log_00200907.txt
HTAR: a   instcat_y01_191109/job_log_00200908.txt
HTAR: a   instcat_y01_191109/job_log_00200909.txt
HTAR: a   instcat_y01_191109/job_log_00200931.txt
HTAR: a   instcat_y01_191109/job_log_00200932.txt
HTAR: a   instcat_y01_191109/job_log_00200933.txt
HTAR: a   instcat_y01_191109/job_log_00200934.txt
HTAR: a   instcat_y01_191109/job_log_00200935.txt
HTAR: a   instcat_y01_191109/job_log_00200936.txt
HTAR: a   instcat_y01_191109/job_log_00200937.txt
HTAR: a   /tmp/HTAR_CF_CHK_21296_1578362880
HTAR Create complete for /home/projects/desc/DC2_ImSim/Run2.2i/instCat/y01_191109/00196568to00200937.tar. 548,542,484,992 bytes written for 242 member files, max threads: 50 Transfer time: 4356.394 seconds (125.917 MB/s) wallclock/user/sys: 4361.623 4968.448 2632.858 seconds
HTAR: HTAR SUCCESSFUL
HTAR: a   instcat_y01_191109/00200938.tar.gz
HTAR: a   instcat_y01_191109/00200939.tar.gz
HTAR: a   instcat_y01_191109/00200942.tar.gz
HTAR: a   instcat_y01_191109/00200943.tar.gz
HTAR: a   instcat_y01_191109/00201125.tar.gz
HTAR: a   instcat_y01_191109/00201126.tar.gz
HTAR: a   instcat_y01_191109/00201140.tar.gz
HTAR: a   instcat_y01_191109/00201143.tar.gz
HTAR: a   instcat_y01_191109/00201144.tar.gz
HTAR: a   instcat_y01_191109/00201664.tar.gz
HTAR: a   instcat_y01_191109/00201665.tar.gz
HTAR: a   instcat_y01_191109/00201666.tar.gz
HTAR: a   instcat_y01_191109/00201667.tar.gz
HTAR: a   instcat_y01_191109/00201668.tar.gz
HTAR: a   instcat_y01_191109/00201686.tar.gz
HTAR: a   instcat_y01_191109/00201687.tar.gz
HTAR: a   instcat_y01_191109/00201705.tar.gz
HTAR: a   instcat_y01_191109/00201706.tar.gz
HTAR: a   instcat_y01_191109/00201707.tar.gz
HTAR: a   instcat_y01_191109/00201724.tar.gz
HTAR: a   instcat_y01_191109/00201725.tar.gz
HTAR: a   instcat_y01_191109/00201726.tar.gz
HTAR: a   instcat_y01_191109/00201727.tar.gz
HTAR: a   instcat_y01_191109/00201728.tar.gz
HTAR: a   instcat_y01_191109/00201729.tar.gz
HTAR: a   instcat_y01_191109/00201755.tar.gz
HTAR: a   instcat_y01_191109/00201757.tar.gz
HTAR: a   instcat_y01_191109/00201758.tar.gz
HTAR: a   instcat_y01_191109/00201759.tar.gz
HTAR: a   instcat_y01_191109/00201760.tar.gz
HTAR: a   instcat_y01_191109/00202309.tar.gz
HTAR: a   instcat_y01_191109/00202440.tar.gz
HTAR: a   instcat_y01_191109/00202441.tar.gz
HTAR: a   instcat_y01_191109/00202442.tar.gz
HTAR: a   instcat_y01_191109/00202443.tar.gz
HTAR: a   instcat_y01_191109/00202444.tar.gz
HTAR: a   instcat_y01_191109/00202445.tar.gz
HTAR: a   instcat_y01_191109/00202446.tar.gz
HTAR: a   instcat_y01_191109/00202447.tar.gz
HTAR: a   instcat_y01_191109/00202448.tar.gz
HTAR: a   instcat_y01_191109/00202449.tar.gz
HTAR: a   instcat_y01_191109/00202450.tar.gz
HTAR: a   instcat_y01_191109/00202451.tar.gz
HTAR: a   instcat_y01_191109/00202452.tar.gz
HTAR: a   instcat_y01_191109/00202453.tar.gz
HTAR: a   instcat_y01_191109/00202454.tar.gz
HTAR: a   instcat_y01_191109/00202455.tar.gz
HTAR: a   instcat_y01_191109/00202456.tar.gz
HTAR: a   instcat_y01_191109/00202457.tar.gz
HTAR: a   instcat_y01_191109/00202458.tar.gz
HTAR: a   instcat_y01_191109/00202459.tar.gz
HTAR: a   instcat_y01_191109/00202460.tar.gz
HTAR: a   instcat_y01_191109/00202461.tar.gz
HTAR: a   instcat_y01_191109/00202462.tar.gz
HTAR: a   instcat_y01_191109/00202463.tar.gz
HTAR: a   instcat_y01_191109/00202464.tar.gz
HTAR: a   instcat_y01_191109/00202465.tar.gz
HTAR: a   instcat_y01_191109/00202466.tar.gz
HTAR: a   instcat_y01_191109/00202467.tar.gz
HTAR: a   instcat_y01_191109/00202468.tar.gz
HTAR: a   instcat_y01_191109/00202469.tar.gz
HTAR: a   instcat_y01_191109/00202470.tar.gz
HTAR: a   instcat_y01_191109/00202471.tar.gz
HTAR: a   instcat_y01_191109/00202472.tar.gz
HTAR: a   instcat_y01_191109/00202473.tar.gz
HTAR: a   instcat_y01_191109/00202474.tar.gz
HTAR: a   instcat_y01_191109/00202475.tar.gz
HTAR: a   instcat_y01_191109/00202476.tar.gz
HTAR: a   instcat_y01_191109/00202477.tar.gz
HTAR: a   instcat_y01_191109/00202478.tar.gz
HTAR: a   instcat_y01_191109/00202479.tar.gz
HTAR: a   instcat_y01_191109/00202480.tar.gz
HTAR: a   instcat_y01_191109/00202481.tar.gz
HTAR: a   instcat_y01_191109/00202482.tar.gz
HTAR: a   instcat_y01_191109/00202483.tar.gz
HTAR: a   instcat_y01_191109/00202484.tar.gz
HTAR: a   instcat_y01_191109/00202485.tar.gz
HTAR: a   instcat_y01_191109/00202486.tar.gz
HTAR: a   instcat_y01_191109/00202487.tar.gz
HTAR: a   instcat_y01_191109/00202488.tar.gz
HTAR: a   instcat_y01_191109/00202489.tar.gz
HTAR: a   instcat_y01_191109/00202490.tar.gz
HTAR: a   instcat_y01_191109/00202491.tar.gz
HTAR: a   instcat_y01_191109/00202492.tar.gz
HTAR: a   instcat_y01_191109/00202493.tar.gz
HTAR: a   instcat_y01_191109/00202494.tar.gz
HTAR: a   instcat_y01_191109/00202495.tar.gz
HTAR: a   instcat_y01_191109/00202496.tar.gz
HTAR: a   instcat_y01_191109/00202497.tar.gz
HTAR: a   instcat_y01_191109/00202498.tar.gz
HTAR: a   instcat_y01_191109/00202499.tar.gz
HTAR: a   instcat_y01_191109/00202500.tar.gz
HTAR: a   instcat_y01_191109/00202501.tar.gz
HTAR: a   instcat_y01_191109/00202502.tar.gz
HTAR: a   instcat_y01_191109/00202503.tar.gz
HTAR: a   instcat_y01_191109/00202504.tar.gz
HTAR: a   instcat_y01_191109/00202505.tar.gz
HTAR: a   instcat_y01_191109/00202506.tar.gz
HTAR: a   instcat_y01_191109/00202507.tar.gz
HTAR: a   instcat_y01_191109/00202508.tar.gz
HTAR: a   instcat_y01_191109/00202509.tar.gz
HTAR: a   instcat_y01_191109/00202510.tar.gz
HTAR: a   instcat_y01_191109/00202511.tar.gz
HTAR: a   instcat_y01_191109/00202512.tar.gz
HTAR: a   instcat_y01_191109/00202513.tar.gz
HTAR: a   instcat_y01_191109/00202514.tar.gz
HTAR: a   instcat_y01_191109/00202515.tar.gz
HTAR: a   instcat_y01_191109/00202516.tar.gz
HTAR: a   instcat_y01_191109/00202517.tar.gz
HTAR: a   instcat_y01_191109/00202518.tar.gz
HTAR: a   instcat_y01_191109/00202519.tar.gz
HTAR: a   instcat_y01_191109/00202520.tar.gz
HTAR: a   instcat_y01_191109/00202521.tar.gz
HTAR: a   instcat_y01_191109/00202522.tar.gz
HTAR: a   instcat_y01_191109/00202523.tar.gz
HTAR: a   instcat_y01_191109/00202524.tar.gz
HTAR: a   instcat_y01_191109/00202525.tar.gz
HTAR: a   instcat_y01_191109/00202526.tar.gz
HTAR: a   instcat_y01_191109/00202527.tar.gz
HTAR: a   instcat_y01_191109/00202528.tar.gz
HTAR: a   instcat_y01_191109/00202529.tar.gz
HTAR: a   instcat_y01_191109/job_log_00200938.txt
HTAR: a   instcat_y01_191109/job_log_00200939.txt
HTAR: a   instcat_y01_191109/job_log_00200942.txt
HTAR: a   instcat_y01_191109/job_log_00200943.txt
HTAR: a   instcat_y01_191109/job_log_00201125.txt
HTAR: a   instcat_y01_191109/job_log_00201126.txt
HTAR: a   instcat_y01_191109/job_log_00201140.txt
HTAR: a   instcat_y01_191109/job_log_00201143.txt
HTAR: a   instcat_y01_191109/job_log_00201144.txt
HTAR: a   instcat_y01_191109/job_log_00201664.txt
HTAR: a   instcat_y01_191109/job_log_00201665.txt
HTAR: a   instcat_y01_191109/job_log_00201666.txt
HTAR: a   instcat_y01_191109/job_log_00201667.txt
HTAR: a   instcat_y01_191109/job_log_00201668.txt
HTAR: a   instcat_y01_191109/job_log_00201686.txt
HTAR: a   instcat_y01_191109/job_log_00201687.txt
HTAR: a   instcat_y01_191109/job_log_00201705.txt
HTAR: a   instcat_y01_191109/job_log_00201706.txt
HTAR: a   instcat_y01_191109/job_log_00201707.txt
HTAR: a   instcat_y01_191109/job_log_00201724.txt
HTAR: a   instcat_y01_191109/job_log_00201725.txt
HTAR: a   instcat_y01_191109/job_log_00201726.txt
HTAR: a   instcat_y01_191109/job_log_00201727.txt
HTAR: a   instcat_y01_191109/job_log_00201728.txt
HTAR: a   instcat_y01_191109/job_log_00201729.txt
HTAR: a   instcat_y01_191109/job_log_00201755.txt
HTAR: a   instcat_y01_191109/job_log_00201757.txt
HTAR: a   instcat_y01_191109/job_log_00201758.txt
HTAR: a   instcat_y01_191109/job_log_00201759.txt
HTAR: a   instcat_y01_191109/job_log_00201760.txt
HTAR: a   instcat_y01_191109/job_log_00202309.txt
HTAR: a   instcat_y01_191109/job_log_00202440.txt
HTAR: a   instcat_y01_191109/job_log_00202441.txt
HTAR: a   instcat_y01_191109/job_log_00202442.txt
HTAR: a   instcat_y01_191109/job_log_00202443.txt
HTAR: a   instcat_y01_191109/job_log_00202444.txt
HTAR: a   instcat_y01_191109/job_log_00202445.txt
HTAR: a   instcat_y01_191109/job_log_00202446.txt
HTAR: a   instcat_y01_191109/job_log_00202447.txt
HTAR: a   instcat_y01_191109/job_log_00202448.txt
HTAR: a   instcat_y01_191109/job_log_00202449.txt
HTAR: a   instcat_y01_191109/job_log_00202450.txt
HTAR: a   instcat_y01_191109/job_log_00202451.txt
HTAR: a   instcat_y01_191109/job_log_00202452.txt
HTAR: a   instcat_y01_191109/job_log_00202453.txt
HTAR: a   instcat_y01_191109/job_log_00202454.txt
HTAR: a   instcat_y01_191109/job_log_00202455.txt
HTAR: a   instcat_y01_191109/job_log_00202456.txt
HTAR: a   instcat_y01_191109/job_log_00202457.txt
HTAR: a   instcat_y01_191109/job_log_00202458.txt
HTAR: a   instcat_y01_191109/job_log_00202459.txt
HTAR: a   instcat_y01_191109/job_log_00202460.txt
HTAR: a   instcat_y01_191109/job_log_00202461.txt
HTAR: a   instcat_y01_191109/job_log_00202462.txt
HTAR: a   instcat_y01_191109/job_log_00202463.txt
HTAR: a   instcat_y01_191109/job_log_00202464.txt
HTAR: a   instcat_y01_191109/job_log_00202465.txt
HTAR: a   instcat_y01_191109/job_log_00202466.txt
HTAR: a   instcat_y01_191109/job_log_00202467.txt
HTAR: a   instcat_y01_191109/job_log_00202468.txt
HTAR: a   instcat_y01_191109/job_log_00202469.txt
HTAR: a   instcat_y01_191109/job_log_00202470.txt
HTAR: a   instcat_y01_191109/job_log_00202471.txt
HTAR: a   instcat_y01_191109/job_log_00202472.txt
HTAR: a   instcat_y01_191109/job_log_00202473.txt
HTAR: a   instcat_y01_191109/job_log_00202474.txt
HTAR: a   instcat_y01_191109/job_log_00202475.txt
HTAR: a   instcat_y01_191109/job_log_00202476.txt
HTAR: a   instcat_y01_191109/job_log_00202477.txt
HTAR: a   instcat_y01_191109/job_log_00202478.txt
HTAR: a   instcat_y01_191109/job_log_00202479.txt
HTAR: a   instcat_y01_191109/job_log_00202480.txt
HTAR: a   instcat_y01_191109/job_log_00202481.txt
HTAR: a   instcat_y01_191109/job_log_00202482.txt
HTAR: a   instcat_y01_191109/job_log_00202483.txt
HTAR: a   instcat_y01_191109/job_log_00202484.txt
HTAR: a   instcat_y01_191109/job_log_00202485.txt
HTAR: a   instcat_y01_191109/job_log_00202486.txt
HTAR: a   instcat_y01_191109/job_log_00202487.txt
HTAR: a   instcat_y01_191109/job_log_00202488.txt
HTAR: a   instcat_y01_191109/job_log_00202489.txt
HTAR: a   instcat_y01_191109/job_log_00202490.txt
HTAR: a   instcat_y01_191109/job_log_00202491.txt
HTAR: a   instcat_y01_191109/job_log_00202492.txt
HTAR: a   instcat_y01_191109/job_log_00202493.txt
HTAR: a   instcat_y01_191109/job_log_00202494.txt
HTAR: a   instcat_y01_191109/job_log_00202495.txt
HTAR: a   instcat_y01_191109/job_log_00202496.txt
HTAR: a   instcat_y01_191109/job_log_00202497.txt
HTAR: a   instcat_y01_191109/job_log_00202498.txt
HTAR: a   instcat_y01_191109/job_log_00202499.txt
HTAR: a   instcat_y01_191109/job_log_00202500.txt
HTAR: a   instcat_y01_191109/job_log_00202501.txt
HTAR: a   instcat_y01_191109/job_log_00202502.txt
HTAR: a   instcat_y01_191109/job_log_00202503.txt
HTAR: a   instcat_y01_191109/job_log_00202504.txt
HTAR: a   instcat_y01_191109/job_log_00202505.txt
HTAR: a   instcat_y01_191109/job_log_00202506.txt
HTAR: a   instcat_y01_191109/job_log_00202507.txt
HTAR: a   instcat_y01_191109/job_log_00202508.txt
HTAR: a   instcat_y01_191109/job_log_00202509.txt
HTAR: a   instcat_y01_191109/job_log_00202510.txt
HTAR: a   instcat_y01_191109/job_log_00202511.txt
HTAR: a   instcat_y01_191109/job_log_00202512.txt
HTAR: a   instcat_y01_191109/job_log_00202513.txt
HTAR: a   instcat_y01_191109/job_log_00202514.txt
HTAR: a   instcat_y01_191109/job_log_00202515.txt
HTAR: a   instcat_y01_191109/job_log_00202516.txt
HTAR: a   instcat_y01_191109/job_log_00202517.txt
HTAR: a   instcat_y01_191109/job_log_00202518.txt
HTAR: a   instcat_y01_191109/job_log_00202519.txt
HTAR: a   instcat_y01_191109/job_log_00202520.txt
HTAR: a   instcat_y01_191109/job_log_00202521.txt
HTAR: a   instcat_y01_191109/job_log_00202522.txt
HTAR: a   instcat_y01_191109/job_log_00202523.txt
HTAR: a   instcat_y01_191109/job_log_00202524.txt
HTAR: a   instcat_y01_191109/job_log_00202525.txt
HTAR: a   instcat_y01_191109/job_log_00202526.txt
HTAR: a   instcat_y01_191109/job_log_00202527.txt
HTAR: a   instcat_y01_191109/job_log_00202528.txt
HTAR: a   instcat_y01_191109/job_log_00202529.txt
HTAR: a   /tmp/HTAR_CF_CHK_8257_1578367310
HTAR Create complete for /home/projects/desc/DC2_ImSim/Run2.2i/instCat/y01_191109/00200938to00202529.tar. 531,089,253,376 bytes written for 242 member files, max threads: 50 Transfer time: 4259.319 seconds (124.689 MB/s) wallclock/user/sys: 4329.205 3942.264 2567.528 seconds
HTAR: HTAR SUCCESSFUL
HTAR: a   instcat_y01_191109/00202530.tar.gz
HTAR: a   instcat_y01_191109/00202531.tar.gz
HTAR: a   instcat_y01_191109/00202532.tar.gz
HTAR: a   instcat_y01_191109/00202533.tar.gz
HTAR: a   instcat_y01_191109/00202534.tar.gz
HTAR: a   instcat_y01_191109/00202535.tar.gz
HTAR: a   instcat_y01_191109/00202548.tar.gz
HTAR: a   instcat_y01_191109/00202550.tar.gz
HTAR: a   instcat_y01_191109/00202551.tar.gz
HTAR: a   instcat_y01_191109/00202552.tar.gz
HTAR: a   instcat_y01_191109/00202580.tar.gz
HTAR: a   instcat_y01_191109/00202581.tar.gz
HTAR: a   instcat_y01_191109/00202583.tar.gz
HTAR: a   instcat_y01_191109/00202585.tar.gz
HTAR: a   instcat_y01_191109/00202586.tar.gz
HTAR: a   instcat_y01_191109/00202587.tar.gz
HTAR: a   instcat_y01_191109/00202588.tar.gz
HTAR: a   instcat_y01_191109/00202589.tar.gz
HTAR: a   instcat_y01_191109/00202590.tar.gz
HTAR: a   instcat_y01_191109/00202591.tar.gz
HTAR: a   instcat_y01_191109/00202592.tar.gz
HTAR: a   instcat_y01_191109/00202593.tar.gz
HTAR: a   instcat_y01_191109/00202594.tar.gz
HTAR: a   instcat_y01_191109/00202616.tar.gz
HTAR: a   instcat_y01_191109/00202617.tar.gz
HTAR: a   instcat_y01_191109/00202618.tar.gz
HTAR: a   instcat_y01_191109/00202619.tar.gz
HTAR: a   instcat_y01_191109/00202620.tar.gz
HTAR: a   instcat_y01_191109/00202626.tar.gz
HTAR: a   instcat_y01_191109/00202627.tar.gz
HTAR: a   instcat_y01_191109/00202628.tar.gz
HTAR: a   instcat_y01_191109/00202630.tar.gz
HTAR: a   instcat_y01_191109/00202635.tar.gz
HTAR: a   instcat_y01_191109/00202657.tar.gz
HTAR: a   instcat_y01_191109/00202658.tar.gz
HTAR: a   instcat_y01_191109/00202660.tar.gz
HTAR: a   instcat_y01_191109/00202662.tar.gz
HTAR: a   instcat_y01_191109/00202663.tar.gz
HTAR: a   instcat_y01_191109/00202664.tar.gz
HTAR: a   instcat_y01_191109/00202685.tar.gz
HTAR: a   instcat_y01_191109/00202686.tar.gz
HTAR: a   instcat_y01_191109/00202689.tar.gz
HTAR: a   instcat_y01_191109/00202691.tar.gz
HTAR: a   instcat_y01_191109/00202693.tar.gz
HTAR: a   instcat_y01_191109/00202696.tar.gz
HTAR: a   instcat_y01_191109/00202701.tar.gz
HTAR: a   instcat_y01_191109/00202751.tar.gz
HTAR: a   instcat_y01_191109/00203563.tar.gz
HTAR: a   instcat_y01_191109/00203564.tar.gz
HTAR: a   instcat_y01_191109/00203609.tar.gz
HTAR: a   instcat_y01_191109/00203610.tar.gz
HTAR: a   instcat_y01_191109/00203615.tar.gz
HTAR: a   instcat_y01_191109/00204387.tar.gz
HTAR: a   instcat_y01_191109/00204388.tar.gz
HTAR: a   instcat_y01_191109/00204389.tar.gz
HTAR: a   instcat_y01_191109/00204390.tar.gz
HTAR: a   instcat_y01_191109/00204391.tar.gz
HTAR: a   instcat_y01_191109/00204392.tar.gz
HTAR: a   instcat_y01_191109/00204393.tar.gz
HTAR: a   instcat_y01_191109/00204394.tar.gz
HTAR: a   instcat_y01_191109/00204395.tar.gz
HTAR: a   instcat_y01_191109/00204396.tar.gz
HTAR: a   instcat_y01_191109/00204397.tar.gz
HTAR: a   instcat_y01_191109/00204398.tar.gz
HTAR: a   instcat_y01_191109/00204399.tar.gz
HTAR: a   instcat_y01_191109/00204400.tar.gz
HTAR: a   instcat_y01_191109/00204401.tar.gz
HTAR: a   instcat_y01_191109/00204402.tar.gz
HTAR: a   instcat_y01_191109/00204403.tar.gz
HTAR: a   instcat_y01_191109/00204404.tar.gz
HTAR: a   instcat_y01_191109/00204405.tar.gz
HTAR: a   instcat_y01_191109/00204406.tar.gz
HTAR: a   instcat_y01_191109/00204407.tar.gz
HTAR: a   instcat_y01_191109/00204408.tar.gz
HTAR: a   instcat_y01_191109/00204409.tar.gz
HTAR: a   instcat_y01_191109/00204410.tar.gz
HTAR: a   instcat_y01_191109/00204411.tar.gz
HTAR: a   instcat_y01_191109/00204412.tar.gz
HTAR: a   instcat_y01_191109/00204413.tar.gz
HTAR: a   instcat_y01_191109/00204414.tar.gz
HTAR: a   instcat_y01_191109/00204415.tar.gz
HTAR: a   instcat_y01_191109/00204416.tar.gz
HTAR: a   instcat_y01_191109/00204417.tar.gz
HTAR: a   instcat_y01_191109/00204418.tar.gz
HTAR: a   instcat_y01_191109/00204419.tar.gz
HTAR: a   instcat_y01_191109/00204420.tar.gz
HTAR: a   instcat_y01_191109/00204421.tar.gz
HTAR: a   instcat_y01_191109/00204422.tar.gz
HTAR: a   instcat_y01_191109/00204423.tar.gz
HTAR: a   instcat_y01_191109/00204424.tar.gz
HTAR: a   instcat_y01_191109/00204425.tar.gz
HTAR: a   instcat_y01_191109/00204426.tar.gz
HTAR: a   instcat_y01_191109/00204427.tar.gz
HTAR: a   instcat_y01_191109/00204428.tar.gz
HTAR: a   instcat_y01_191109/00204429.tar.gz
HTAR: a   instcat_y01_191109/00204430.tar.gz
HTAR: a   instcat_y01_191109/00204431.tar.gz
HTAR: a   instcat_y01_191109/00204432.tar.gz
HTAR: a   instcat_y01_191109/00204433.tar.gz
HTAR: a   instcat_y01_191109/00204434.tar.gz
HTAR: a   instcat_y01_191109/00204435.tar.gz
HTAR: a   instcat_y01_191109/00204436.tar.gz
HTAR: a   instcat_y01_191109/00204437.tar.gz
HTAR: a   instcat_y01_191109/00204438.tar.gz
HTAR: a   instcat_y01_191109/00204439.tar.gz
HTAR: a   instcat_y01_191109/00204440.tar.gz
HTAR: a   instcat_y01_191109/00204441.tar.gz
HTAR: a   instcat_y01_191109/00204442.tar.gz
HTAR: a   instcat_y01_191109/00204443.tar.gz
HTAR: a   instcat_y01_191109/00204444.tar.gz
HTAR: a   instcat_y01_191109/00204445.tar.gz
HTAR: a   instcat_y01_191109/00204446.tar.gz
HTAR: a   instcat_y01_191109/00204447.tar.gz
HTAR: a   instcat_y01_191109/00204448.tar.gz
HTAR: a   instcat_y01_191109/00204449.tar.gz
HTAR: a   instcat_y01_191109/00204450.tar.gz
HTAR: a   instcat_y01_191109/00204451.tar.gz
HTAR: a   instcat_y01_191109/00204452.tar.gz
HTAR: a   instcat_y01_191109/00204453.tar.gz
HTAR: a   instcat_y01_191109/00204454.tar.gz
HTAR: a   instcat_y01_191109/00204455.tar.gz
HTAR: a   instcat_y01_191109/job_log_00202530.txt
HTAR: a   instcat_y01_191109/job_log_00202531.txt
HTAR: a   instcat_y01_191109/job_log_00202532.txt
HTAR: a   instcat_y01_191109/job_log_00202533.txt
HTAR: a   instcat_y01_191109/job_log_00202534.txt
HTAR: a   instcat_y01_191109/job_log_00202535.txt
HTAR: a   instcat_y01_191109/job_log_00202548.txt
HTAR: a   instcat_y01_191109/job_log_00202550.txt
HTAR: a   instcat_y01_191109/job_log_00202551.txt
HTAR: a   instcat_y01_191109/job_log_00202552.txt
HTAR: a   instcat_y01_191109/job_log_00202580.txt
HTAR: a   instcat_y01_191109/job_log_00202581.txt
HTAR: a   instcat_y01_191109/job_log_00202583.txt
HTAR: a   instcat_y01_191109/job_log_00202585.txt
HTAR: a   instcat_y01_191109/job_log_00202586.txt
HTAR: a   instcat_y01_191109/job_log_00202587.txt
HTAR: a   instcat_y01_191109/job_log_00202588.txt
HTAR: a   instcat_y01_191109/job_log_00202589.txt
HTAR: a   instcat_y01_191109/job_log_00202590.txt
HTAR: a   instcat_y01_191109/job_log_00202591.txt
HTAR: a   instcat_y01_191109/job_log_00202592.txt
HTAR: a   instcat_y01_191109/job_log_00202593.txt
HTAR: a   instcat_y01_191109/job_log_00202594.txt
HTAR: a   instcat_y01_191109/job_log_00202616.txt
HTAR: a   instcat_y01_191109/job_log_00202617.txt
HTAR: a   instcat_y01_191109/job_log_00202618.txt
HTAR: a   instcat_y01_191109/job_log_00202619.txt
HTAR: a   instcat_y01_191109/job_log_00202620.txt
HTAR: a   instcat_y01_191109/job_log_00202626.txt
HTAR: a   instcat_y01_191109/job_log_00202627.txt
HTAR: a   instcat_y01_191109/job_log_00202628.txt
HTAR: a   instcat_y01_191109/job_log_00202630.txt
HTAR: a   instcat_y01_191109/job_log_00202635.txt
HTAR: a   instcat_y01_191109/job_log_00202657.txt
HTAR: a   instcat_y01_191109/job_log_00202658.txt
HTAR: a   instcat_y01_191109/job_log_00202660.txt
HTAR: a   instcat_y01_191109/job_log_00202662.txt
HTAR: a   instcat_y01_191109/job_log_00202663.txt
HTAR: a   instcat_y01_191109/job_log_00202664.txt
HTAR: a   instcat_y01_191109/job_log_00202685.txt
HTAR: a   instcat_y01_191109/job_log_00202686.txt
HTAR: a   instcat_y01_191109/job_log_00202689.txt
HTAR: a   instcat_y01_191109/job_log_00202691.txt
HTAR: a   instcat_y01_191109/job_log_00202693.txt
HTAR: a   instcat_y01_191109/job_log_00202696.txt
HTAR: a   instcat_y01_191109/job_log_00202701.txt
HTAR: a   instcat_y01_191109/job_log_00202751.txt
HTAR: a   instcat_y01_191109/job_log_00203563.txt
HTAR: a   instcat_y01_191109/job_log_00203564.txt
HTAR: a   instcat_y01_191109/job_log_00203609.txt
HTAR: a   instcat_y01_191109/job_log_00203610.txt
HTAR: a   instcat_y01_191109/job_log_00203615.txt
HTAR: a   instcat_y01_191109/job_log_00204387.txt
HTAR: a   instcat_y01_191109/job_log_00204388.txt
HTAR: a   instcat_y01_191109/job_log_00204389.txt
HTAR: a   instcat_y01_191109/job_log_00204390.txt
HTAR: a   instcat_y01_191109/job_log_00204391.txt
HTAR: a   instcat_y01_191109/job_log_00204392.txt
HTAR: a   instcat_y01_191109/job_log_00204393.txt
HTAR: a   instcat_y01_191109/job_log_00204394.txt
HTAR: a   instcat_y01_191109/job_log_00204395.txt
HTAR: a   instcat_y01_191109/job_log_00204396.txt
HTAR: a   instcat_y01_191109/job_log_00204397.txt
HTAR: a   instcat_y01_191109/job_log_00204398.txt
HTAR: a   instcat_y01_191109/job_log_00204399.txt
HTAR: a   instcat_y01_191109/job_log_00204400.txt
HTAR: a   instcat_y01_191109/job_log_00204401.txt
HTAR: a   instcat_y01_191109/job_log_00204402.txt
HTAR: a   instcat_y01_191109/job_log_00204403.txt
HTAR: a   instcat_y01_191109/job_log_00204404.txt
HTAR: a   instcat_y01_191109/job_log_00204405.txt
HTAR: a   instcat_y01_191109/job_log_00204406.txt
HTAR: a   instcat_y01_191109/job_log_00204407.txt
HTAR: a   instcat_y01_191109/job_log_00204408.txt
HTAR: a   instcat_y01_191109/job_log_00204409.txt
HTAR: a   instcat_y01_191109/job_log_00204410.txt
HTAR: a   instcat_y01_191109/job_log_00204411.txt
HTAR: a   instcat_y01_191109/job_log_00204412.txt
HTAR: a   instcat_y01_191109/job_log_00204413.txt
HTAR: a   instcat_y01_191109/job_log_00204414.txt
HTAR: a   instcat_y01_191109/job_log_00204415.txt
HTAR: a   instcat_y01_191109/job_log_00204416.txt
HTAR: a   instcat_y01_191109/job_log_00204417.txt
HTAR: a   instcat_y01_191109/job_log_00204418.txt
HTAR: a   instcat_y01_191109/job_log_00204419.txt
HTAR: a   instcat_y01_191109/job_log_00204420.txt
HTAR: a   instcat_y01_191109/job_log_00204421.txt
HTAR: a   instcat_y01_191109/job_log_00204422.txt
HTAR: a   instcat_y01_191109/job_log_00204423.txt
HTAR: a   instcat_y01_191109/job_log_00204424.txt
HTAR: a   instcat_y01_191109/job_log_00204425.txt
HTAR: a   instcat_y01_191109/job_log_00204426.txt
HTAR: a   instcat_y01_191109/job_log_00204427.txt
HTAR: a   instcat_y01_191109/job_log_00204428.txt
HTAR: a   instcat_y01_191109/job_log_00204429.txt
HTAR: a   instcat_y01_191109/job_log_00204430.txt
HTAR: a   instcat_y01_191109/job_log_00204431.txt
HTAR: a   instcat_y01_191109/job_log_00204432.txt
HTAR: a   instcat_y01_191109/job_log_00204433.txt
HTAR: a   instcat_y01_191109/job_log_00204434.txt
HTAR: a   instcat_y01_191109/job_log_00204435.txt
HTAR: a   instcat_y01_191109/job_log_00204436.txt
HTAR: a   instcat_y01_191109/job_log_00204437.txt
HTAR: a   instcat_y01_191109/job_log_00204438.txt
HTAR: a   instcat_y01_191109/job_log_00204439.txt
HTAR: a   instcat_y01_191109/job_log_00204440.txt
HTAR: a   instcat_y01_191109/job_log_00204441.txt
HTAR: a   instcat_y01_191109/job_log_00204442.txt
HTAR: a   instcat_y01_191109/job_log_00204443.txt
HTAR: a   instcat_y01_191109/job_log_00204444.txt
HTAR: a   instcat_y01_191109/job_log_00204445.txt
HTAR: a   instcat_y01_191109/job_log_00204446.txt
HTAR: a   instcat_y01_191109/job_log_00204447.txt
HTAR: a   instcat_y01_191109/job_log_00204448.txt
HTAR: a   instcat_y01_191109/job_log_00204449.txt
HTAR: a   instcat_y01_191109/job_log_00204450.txt
HTAR: a   instcat_y01_191109/job_log_00204451.txt
HTAR: a   instcat_y01_191109/job_log_00204452.txt
HTAR: a   instcat_y01_191109/job_log_00204453.txt
HTAR: a   instcat_y01_191109/job_log_00204454.txt
HTAR: a   instcat_y01_191109/job_log_00204455.txt
HTAR: a   /tmp/HTAR_CF_CHK_22842_1578371579
HTAR Create complete for /home/projects/desc/DC2_ImSim/Run2.2i/instCat/y01_191109/00202530to00204455.tar. 559,970,185,216 bytes written for 242 member files, max threads: 50 Transfer time: 4506.234 seconds (124.266 MB/s) wallclock/user/sys: 4513.253 4282.640 2927.653 seconds
HTAR: HTAR SUCCESSFUL
