HTAR: a   instcat_y01_191109/00167884.tar.gz
HTAR: a   instcat_y01_191109/00167885.tar.gz
HTAR: a   instcat_y01_191109/00167886.tar.gz
HTAR: a   instcat_y01_191109/00167887.tar.gz
HTAR: a   instcat_y01_191109/00167898.tar.gz
HTAR: a   instcat_y01_191109/00167899.tar.gz
HTAR: a   instcat_y01_191109/00167900.tar.gz
HTAR: a   instcat_y01_191109/00167901.tar.gz
HTAR: a   instcat_y01_191109/00169754.tar.gz
HTAR: a   instcat_y01_191109/00169758.tar.gz
HTAR: a   instcat_y01_191109/00169759.tar.gz
HTAR: a   instcat_y01_191109/00169760.tar.gz
HTAR: a   instcat_y01_191109/00169761.tar.gz
HTAR: a   instcat_y01_191109/00169762.tar.gz
HTAR: a   instcat_y01_191109/00169763.tar.gz
HTAR: a   instcat_y01_191109/00169764.tar.gz
HTAR: a   instcat_y01_191109/00169765.tar.gz
HTAR: a   instcat_y01_191109/00169766.tar.gz
HTAR: a   instcat_y01_191109/00169767.tar.gz
HTAR: a   instcat_y01_191109/00169768.tar.gz
HTAR: a   instcat_y01_191109/00169769.tar.gz
HTAR: a   instcat_y01_191109/00169770.tar.gz
HTAR: a   instcat_y01_191109/00169773.tar.gz
HTAR: a   instcat_y01_191109/00169792.tar.gz
HTAR: a   instcat_y01_191109/00169793.tar.gz
HTAR: a   instcat_y01_191109/00169794.tar.gz
HTAR: a   instcat_y01_191109/00169795.tar.gz
HTAR: a   instcat_y01_191109/00169796.tar.gz
HTAR: a   instcat_y01_191109/00169798.tar.gz
HTAR: a   instcat_y01_191109/00169799.tar.gz
HTAR: a   instcat_y01_191109/00169800.tar.gz
HTAR: a   instcat_y01_191109/00169801.tar.gz
HTAR: a   instcat_y01_191109/00169802.tar.gz
HTAR: a   instcat_y01_191109/00169803.tar.gz
HTAR: a   instcat_y01_191109/00169804.tar.gz
HTAR: a   instcat_y01_191109/00169805.tar.gz
HTAR: a   instcat_y01_191109/00169806.tar.gz
HTAR: a   instcat_y01_191109/00169807.tar.gz
HTAR: a   instcat_y01_191109/00169808.tar.gz
HTAR: a   instcat_y01_191109/00169809.tar.gz
HTAR: a   instcat_y01_191109/00169810.tar.gz
HTAR: a   instcat_y01_191109/00169811.tar.gz
HTAR: a   instcat_y01_191109/00169812.tar.gz
HTAR: a   instcat_y01_191109/00169813.tar.gz
HTAR: a   instcat_y01_191109/00169814.tar.gz
HTAR: a   instcat_y01_191109/00169815.tar.gz
HTAR: a   instcat_y01_191109/00169816.tar.gz
HTAR: a   instcat_y01_191109/00169817.tar.gz
HTAR: a   instcat_y01_191109/00169818.tar.gz
HTAR: a   instcat_y01_191109/00169819.tar.gz
HTAR: a   instcat_y01_191109/00169820.tar.gz
HTAR: a   instcat_y01_191109/00169821.tar.gz
HTAR: a   instcat_y01_191109/00169822.tar.gz
HTAR: a   instcat_y01_191109/00169823.tar.gz
HTAR: a   instcat_y01_191109/00169824.tar.gz
HTAR: a   instcat_y01_191109/00169825.tar.gz
HTAR: a   instcat_y01_191109/00169826.tar.gz
HTAR: a   instcat_y01_191109/00169827.tar.gz
HTAR: a   instcat_y01_191109/00169828.tar.gz
HTAR: a   instcat_y01_191109/00169829.tar.gz
HTAR: a   instcat_y01_191109/00169830.tar.gz
HTAR: a   instcat_y01_191109/00169831.tar.gz
HTAR: a   instcat_y01_191109/00169836.tar.gz
HTAR: a   instcat_y01_191109/00169837.tar.gz
HTAR: a   instcat_y01_191109/00169838.tar.gz
HTAR: a   instcat_y01_191109/00169839.tar.gz
HTAR: a   instcat_y01_191109/00169840.tar.gz
HTAR: a   instcat_y01_191109/00169841.tar.gz
HTAR: a   instcat_y01_191109/00169847.tar.gz
HTAR: a   instcat_y01_191109/00169848.tar.gz
HTAR: a   instcat_y01_191109/00169849.tar.gz
HTAR: a   instcat_y01_191109/00169850.tar.gz
HTAR: a   instcat_y01_191109/00169851.tar.gz
HTAR: a   instcat_y01_191109/00169874.tar.gz
HTAR: a   instcat_y01_191109/00169890.tar.gz
HTAR: a   instcat_y01_191109/00169891.tar.gz
HTAR: a   instcat_y01_191109/00169892.tar.gz
HTAR: a   instcat_y01_191109/00169893.tar.gz
HTAR: a   instcat_y01_191109/00169894.tar.gz
HTAR: a   instcat_y01_191109/00169895.tar.gz
HTAR: a   instcat_y01_191109/00169901.tar.gz
HTAR: a   instcat_y01_191109/00169904.tar.gz
HTAR: a   instcat_y01_191109/00169906.tar.gz
HTAR: a   instcat_y01_191109/00173684.tar.gz
HTAR: a   instcat_y01_191109/00173691.tar.gz
HTAR: a   instcat_y01_191109/00173692.tar.gz
HTAR: a   instcat_y01_191109/00173693.tar.gz
HTAR: a   instcat_y01_191109/00173695.tar.gz
HTAR: a   instcat_y01_191109/00173729.tar.gz
HTAR: a   instcat_y01_191109/00173730.tar.gz
HTAR: a   instcat_y01_191109/00174534.tar.gz
HTAR: a   instcat_y01_191109/00174535.tar.gz
HTAR: a   instcat_y01_191109/00174536.tar.gz
HTAR: a   instcat_y01_191109/00174537.tar.gz
HTAR: a   instcat_y01_191109/00174538.tar.gz
HTAR: a   instcat_y01_191109/00174539.tar.gz
HTAR: a   instcat_y01_191109/00174540.tar.gz
HTAR: a   instcat_y01_191109/00174544.tar.gz
HTAR: a   instcat_y01_191109/00174545.tar.gz
HTAR: a   instcat_y01_191109/00174546.tar.gz
HTAR: a   instcat_y01_191109/00174547.tar.gz
HTAR: a   instcat_y01_191109/00174548.tar.gz
HTAR: a   instcat_y01_191109/00174549.tar.gz
HTAR: a   instcat_y01_191109/00174550.tar.gz
HTAR: a   instcat_y01_191109/00174551.tar.gz
HTAR: a   instcat_y01_191109/00174552.tar.gz
HTAR: a   instcat_y01_191109/00174553.tar.gz
HTAR: a   instcat_y01_191109/00174554.tar.gz
HTAR: a   instcat_y01_191109/00174555.tar.gz
HTAR: a   instcat_y01_191109/00174578.tar.gz
HTAR: a   instcat_y01_191109/00174579.tar.gz
HTAR: a   instcat_y01_191109/00174580.tar.gz
HTAR: a   instcat_y01_191109/00174581.tar.gz
HTAR: a   instcat_y01_191109/00174582.tar.gz
HTAR: a   instcat_y01_191109/00174583.tar.gz
HTAR: a   instcat_y01_191109/00174584.tar.gz
HTAR: a   instcat_y01_191109/00174585.tar.gz
HTAR: a   instcat_y01_191109/00174586.tar.gz
HTAR: a   instcat_y01_191109/00174587.tar.gz
HTAR: a   instcat_y01_191109/00174588.tar.gz
HTAR: a   instcat_y01_191109/00174593.tar.gz
HTAR: a   instcat_y01_191109/job_log_00167884.txt
HTAR: a   instcat_y01_191109/job_log_00167885.txt
HTAR: a   instcat_y01_191109/job_log_00167886.txt
HTAR: a   instcat_y01_191109/job_log_00167887.txt
HTAR: a   instcat_y01_191109/job_log_00167898.txt
HTAR: a   instcat_y01_191109/job_log_00167899.txt
HTAR: a   instcat_y01_191109/job_log_00167900.txt
HTAR: a   instcat_y01_191109/job_log_00167901.txt
HTAR: a   instcat_y01_191109/job_log_00169754.txt
HTAR: a   instcat_y01_191109/job_log_00169758.txt
HTAR: a   instcat_y01_191109/job_log_00169759.txt
HTAR: a   instcat_y01_191109/job_log_00169760.txt
HTAR: a   instcat_y01_191109/job_log_00169761.txt
HTAR: a   instcat_y01_191109/job_log_00169762.txt
HTAR: a   instcat_y01_191109/job_log_00169763.txt
HTAR: a   instcat_y01_191109/job_log_00169764.txt
HTAR: a   instcat_y01_191109/job_log_00169765.txt
HTAR: a   instcat_y01_191109/job_log_00169766.txt
HTAR: a   instcat_y01_191109/job_log_00169767.txt
HTAR: a   instcat_y01_191109/job_log_00169768.txt
HTAR: a   instcat_y01_191109/job_log_00169769.txt
HTAR: a   instcat_y01_191109/job_log_00169770.txt
HTAR: a   instcat_y01_191109/job_log_00169773.txt
HTAR: a   instcat_y01_191109/job_log_00169792.txt
HTAR: a   instcat_y01_191109/job_log_00169793.txt
HTAR: a   instcat_y01_191109/job_log_00169794.txt
HTAR: a   instcat_y01_191109/job_log_00169795.txt
HTAR: a   instcat_y01_191109/job_log_00169796.txt
HTAR: a   instcat_y01_191109/job_log_00169798.txt
HTAR: a   instcat_y01_191109/job_log_00169799.txt
HTAR: a   instcat_y01_191109/job_log_00169800.txt
HTAR: a   instcat_y01_191109/job_log_00169801.txt
HTAR: a   instcat_y01_191109/job_log_00169802.txt
HTAR: a   instcat_y01_191109/job_log_00169803.txt
HTAR: a   instcat_y01_191109/job_log_00169804.txt
HTAR: a   instcat_y01_191109/job_log_00169805.txt
HTAR: a   instcat_y01_191109/job_log_00169806.txt
HTAR: a   instcat_y01_191109/job_log_00169807.txt
HTAR: a   instcat_y01_191109/job_log_00169808.txt
HTAR: a   instcat_y01_191109/job_log_00169809.txt
HTAR: a   instcat_y01_191109/job_log_00169810.txt
HTAR: a   instcat_y01_191109/job_log_00169811.txt
HTAR: a   instcat_y01_191109/job_log_00169812.txt
HTAR: a   instcat_y01_191109/job_log_00169813.txt
HTAR: a   instcat_y01_191109/job_log_00169814.txt
HTAR: a   instcat_y01_191109/job_log_00169815.txt
HTAR: a   instcat_y01_191109/job_log_00169816.txt
HTAR: a   instcat_y01_191109/job_log_00169817.txt
HTAR: a   instcat_y01_191109/job_log_00169818.txt
HTAR: a   instcat_y01_191109/job_log_00169819.txt
HTAR: a   instcat_y01_191109/job_log_00169820.txt
HTAR: a   instcat_y01_191109/job_log_00169821.txt
HTAR: a   instcat_y01_191109/job_log_00169822.txt
HTAR: a   instcat_y01_191109/job_log_00169823.txt
HTAR: a   instcat_y01_191109/job_log_00169824.txt
HTAR: a   instcat_y01_191109/job_log_00169825.txt
HTAR: a   instcat_y01_191109/job_log_00169826.txt
HTAR: a   instcat_y01_191109/job_log_00169827.txt
HTAR: a   instcat_y01_191109/job_log_00169828.txt
HTAR: a   instcat_y01_191109/job_log_00169829.txt
HTAR: a   instcat_y01_191109/job_log_00169830.txt
HTAR: a   instcat_y01_191109/job_log_00169831.txt
HTAR: a   instcat_y01_191109/job_log_00169836.txt
HTAR: a   instcat_y01_191109/job_log_00169837.txt
HTAR: a   instcat_y01_191109/job_log_00169838.txt
HTAR: a   instcat_y01_191109/job_log_00169839.txt
HTAR: a   instcat_y01_191109/job_log_00169840.txt
HTAR: a   instcat_y01_191109/job_log_00169841.txt
HTAR: a   instcat_y01_191109/job_log_00169847.txt
HTAR: a   instcat_y01_191109/job_log_00169848.txt
HTAR: a   instcat_y01_191109/job_log_00169849.txt
HTAR: a   instcat_y01_191109/job_log_00169850.txt
HTAR: a   instcat_y01_191109/job_log_00169851.txt
HTAR: a   instcat_y01_191109/job_log_00169874.txt
HTAR: a   instcat_y01_191109/job_log_00169890.txt
HTAR: a   instcat_y01_191109/job_log_00169891.txt
HTAR: a   instcat_y01_191109/job_log_00169892.txt
HTAR: a   instcat_y01_191109/job_log_00169893.txt
HTAR: a   instcat_y01_191109/job_log_00169894.txt
HTAR: a   instcat_y01_191109/job_log_00169895.txt
HTAR: a   instcat_y01_191109/job_log_00169901.txt
HTAR: a   instcat_y01_191109/job_log_00169904.txt
HTAR: a   instcat_y01_191109/job_log_00169906.txt
HTAR: a   instcat_y01_191109/job_log_00173684.txt
HTAR: a   instcat_y01_191109/job_log_00173691.txt
HTAR: a   instcat_y01_191109/job_log_00173692.txt
HTAR: a   instcat_y01_191109/job_log_00173693.txt
HTAR: a   instcat_y01_191109/job_log_00173695.txt
HTAR: a   instcat_y01_191109/job_log_00173729.txt
HTAR: a   instcat_y01_191109/job_log_00173730.txt
HTAR: a   instcat_y01_191109/job_log_00174534.txt
HTAR: a   instcat_y01_191109/job_log_00174535.txt
HTAR: a   instcat_y01_191109/job_log_00174536.txt
HTAR: a   instcat_y01_191109/job_log_00174537.txt
HTAR: a   instcat_y01_191109/job_log_00174538.txt
HTAR: a   instcat_y01_191109/job_log_00174539.txt
HTAR: a   instcat_y01_191109/job_log_00174540.txt
HTAR: a   instcat_y01_191109/job_log_00174544.txt
HTAR: a   instcat_y01_191109/job_log_00174545.txt
HTAR: a   instcat_y01_191109/job_log_00174546.txt
HTAR: a   instcat_y01_191109/job_log_00174547.txt
HTAR: a   instcat_y01_191109/job_log_00174548.txt
HTAR: a   instcat_y01_191109/job_log_00174549.txt
HTAR: a   instcat_y01_191109/job_log_00174550.txt
HTAR: a   instcat_y01_191109/job_log_00174551.txt
HTAR: a   instcat_y01_191109/job_log_00174552.txt
HTAR: a   instcat_y01_191109/job_log_00174553.txt
HTAR: a   instcat_y01_191109/job_log_00174554.txt
HTAR: a   instcat_y01_191109/job_log_00174555.txt
HTAR: a   instcat_y01_191109/job_log_00174578.txt
HTAR: a   instcat_y01_191109/job_log_00174579.txt
HTAR: a   instcat_y01_191109/job_log_00174580.txt
HTAR: a   instcat_y01_191109/job_log_00174581.txt
HTAR: a   instcat_y01_191109/job_log_00174582.txt
HTAR: a   instcat_y01_191109/job_log_00174583.txt
HTAR: a   instcat_y01_191109/job_log_00174584.txt
HTAR: a   instcat_y01_191109/job_log_00174585.txt
HTAR: a   instcat_y01_191109/job_log_00174586.txt
HTAR: a   instcat_y01_191109/job_log_00174587.txt
HTAR: a   instcat_y01_191109/job_log_00174588.txt
HTAR: a   instcat_y01_191109/job_log_00174593.txt
HTAR: a   /tmp/HTAR_CF_CHK_43983_1578349579
HTAR Create complete for /home/projects/desc/DC2_ImSim/Run2.2i/instCat/y01_191109/00167884to00174593.tar. 543,235,534,848 bytes written for 242 member files, max threads: 44 Transfer time: 3929.494 seconds (138.246 MB/s) wallclock/user/sys: 3931.839 4340.951 2233.238 seconds
HTAR: HTAR SUCCESSFUL
HTAR: a   instcat_y01_191109/00174596.tar.gz
HTAR: a   instcat_y01_191109/00174598.tar.gz
HTAR: a   instcat_y01_191109/00174599.tar.gz
HTAR: a   instcat_y01_191109/00174600.tar.gz
HTAR: a   instcat_y01_191109/00174601.tar.gz
HTAR: a   instcat_y01_191109/00174602.tar.gz
HTAR: a   instcat_y01_191109/00177422.tar.gz
HTAR: a   instcat_y01_191109/00177423.tar.gz
HTAR: a   instcat_y01_191109/00177424.tar.gz
HTAR: a   instcat_y01_191109/00177480.tar.gz
HTAR: a   instcat_y01_191109/00177481.tar.gz
HTAR: a   instcat_y01_191109/00177482.tar.gz
HTAR: a   instcat_y01_191109/00178021.tar.gz
HTAR: a   instcat_y01_191109/00178142.tar.gz
HTAR: a   instcat_y01_191109/00178942.tar.gz
HTAR: a   instcat_y01_191109/00179080.tar.gz
HTAR: a   instcat_y01_191109/00179238.tar.gz
HTAR: a   instcat_y01_191109/00179239.tar.gz
HTAR: a   instcat_y01_191109/00179240.tar.gz
HTAR: a   instcat_y01_191109/00179254.tar.gz
HTAR: a   instcat_y01_191109/00179271.tar.gz
HTAR: a   instcat_y01_191109/00179272.tar.gz
HTAR: a   instcat_y01_191109/00179279.tar.gz
HTAR: a   instcat_y01_191109/00179285.tar.gz
HTAR: a   instcat_y01_191109/00179299.tar.gz
HTAR: a   instcat_y01_191109/00179305.tar.gz
HTAR: a   instcat_y01_191109/00179309.tar.gz
HTAR: a   instcat_y01_191109/00179966.tar.gz
HTAR: a   instcat_y01_191109/00179970.tar.gz
HTAR: a   instcat_y01_191109/00179971.tar.gz
HTAR: a   instcat_y01_191109/00179972.tar.gz
HTAR: a   instcat_y01_191109/00179973.tar.gz
HTAR: a   instcat_y01_191109/00179996.tar.gz
HTAR: a   instcat_y01_191109/00179997.tar.gz
HTAR: a   instcat_y01_191109/00179998.tar.gz
HTAR: a   instcat_y01_191109/00179999.tar.gz
HTAR: a   instcat_y01_191109/00180000.tar.gz
HTAR: a   instcat_y01_191109/00180001.tar.gz
HTAR: a   instcat_y01_191109/00180002.tar.gz
HTAR: a   instcat_y01_191109/00180003.tar.gz
HTAR: a   instcat_y01_191109/00180004.tar.gz
HTAR: a   instcat_y01_191109/00180005.tar.gz
HTAR: a   instcat_y01_191109/00180006.tar.gz
HTAR: a   instcat_y01_191109/00180007.tar.gz
HTAR: a   instcat_y01_191109/00180008.tar.gz
HTAR: a   instcat_y01_191109/00180009.tar.gz
HTAR: a   instcat_y01_191109/00180011.tar.gz
HTAR: a   instcat_y01_191109/00180012.tar.gz
HTAR: a   instcat_y01_191109/00180013.tar.gz
HTAR: a   instcat_y01_191109/00180014.tar.gz
HTAR: a   instcat_y01_191109/00180015.tar.gz
HTAR: a   instcat_y01_191109/00180067.tar.gz
HTAR: a   instcat_y01_191109/00180068.tar.gz
HTAR: a   instcat_y01_191109/00180073.tar.gz
HTAR: a   instcat_y01_191109/00180090.tar.gz
HTAR: a   instcat_y01_191109/00180091.tar.gz
HTAR: a   instcat_y01_191109/00180095.tar.gz
HTAR: a   instcat_y01_191109/00180134.tar.gz
HTAR: a   instcat_y01_191109/00180135.tar.gz
HTAR: a   instcat_y01_191109/00180136.tar.gz
HTAR: a   instcat_y01_191109/00180254.tar.gz
HTAR: a   instcat_y01_191109/00180879.tar.gz
HTAR: a   instcat_y01_191109/00180890.tar.gz
HTAR: a   instcat_y01_191109/00180891.tar.gz
HTAR: a   instcat_y01_191109/00180892.tar.gz
HTAR: a   instcat_y01_191109/00181108.tar.gz
HTAR: a   instcat_y01_191109/00181111.tar.gz
HTAR: a   instcat_y01_191109/00181170.tar.gz
HTAR: a   instcat_y01_191109/00181221.tar.gz
HTAR: a   instcat_y01_191109/00181228.tar.gz
HTAR: a   instcat_y01_191109/00181866.tar.gz
HTAR: a   instcat_y01_191109/00181867.tar.gz
HTAR: a   instcat_y01_191109/00181868.tar.gz
HTAR: a   instcat_y01_191109/00181869.tar.gz
HTAR: a   instcat_y01_191109/00181870.tar.gz
HTAR: a   instcat_y01_191109/00181898.tar.gz
HTAR: a   instcat_y01_191109/00181899.tar.gz
HTAR: a   instcat_y01_191109/00181900.tar.gz
HTAR: a   instcat_y01_191109/00181901.tar.gz
HTAR: a   instcat_y01_191109/00181902.tar.gz
HTAR: a   instcat_y01_191109/00181937.tar.gz
HTAR: a   instcat_y01_191109/00181938.tar.gz
HTAR: a   instcat_y01_191109/00181939.tar.gz
HTAR: a   instcat_y01_191109/00181940.tar.gz
HTAR: a   instcat_y01_191109/00181964.tar.gz
HTAR: a   instcat_y01_191109/00181965.tar.gz
HTAR: a   instcat_y01_191109/00181966.tar.gz
HTAR: a   instcat_y01_191109/00181970.tar.gz
HTAR: a   instcat_y01_191109/00181971.tar.gz
HTAR: a   instcat_y01_191109/00181972.tar.gz
HTAR: a   instcat_y01_191109/00182013.tar.gz
HTAR: a   instcat_y01_191109/00182014.tar.gz
HTAR: a   instcat_y01_191109/00182015.tar.gz
HTAR: a   instcat_y01_191109/00182016.tar.gz
HTAR: a   instcat_y01_191109/00182017.tar.gz
HTAR: a   instcat_y01_191109/00182018.tar.gz
HTAR: a   instcat_y01_191109/00182061.tar.gz
HTAR: a   instcat_y01_191109/00182062.tar.gz
HTAR: a   instcat_y01_191109/00182063.tar.gz
HTAR: a   instcat_y01_191109/00182064.tar.gz
HTAR: a   instcat_y01_191109/00182065.tar.gz
HTAR: a   instcat_y01_191109/00182113.tar.gz
HTAR: a   instcat_y01_191109/00182114.tar.gz
HTAR: a   instcat_y01_191109/00182849.tar.gz
HTAR: a   instcat_y01_191109/00182850.tar.gz
HTAR: a   instcat_y01_191109/00182852.tar.gz
HTAR: a   instcat_y01_191109/00182853.tar.gz
HTAR: a   instcat_y01_191109/00182865.tar.gz
HTAR: a   instcat_y01_191109/00182866.tar.gz
HTAR: a   instcat_y01_191109/00182867.tar.gz
HTAR: a   instcat_y01_191109/00182868.tar.gz
HTAR: a   instcat_y01_191109/00182869.tar.gz
HTAR: a   instcat_y01_191109/00182870.tar.gz
HTAR: a   instcat_y01_191109/00182875.tar.gz
HTAR: a   instcat_y01_191109/00182876.tar.gz
HTAR: a   instcat_y01_191109/00182877.tar.gz
HTAR: a   instcat_y01_191109/00182893.tar.gz
HTAR: a   instcat_y01_191109/00182894.tar.gz
HTAR: a   instcat_y01_191109/00182897.tar.gz
HTAR: a   instcat_y01_191109/00182908.tar.gz
HTAR: a   instcat_y01_191109/00182909.tar.gz
HTAR: a   instcat_y01_191109/job_log_00174596.txt
HTAR: a   instcat_y01_191109/job_log_00174598.txt
HTAR: a   instcat_y01_191109/job_log_00174599.txt
HTAR: a   instcat_y01_191109/job_log_00174600.txt
HTAR: a   instcat_y01_191109/job_log_00174601.txt
HTAR: a   instcat_y01_191109/job_log_00174602.txt
HTAR: a   instcat_y01_191109/job_log_00177422.txt
HTAR: a   instcat_y01_191109/job_log_00177423.txt
HTAR: a   instcat_y01_191109/job_log_00177424.txt
HTAR: a   instcat_y01_191109/job_log_00177480.txt
HTAR: a   instcat_y01_191109/job_log_00177481.txt
HTAR: a   instcat_y01_191109/job_log_00177482.txt
HTAR: a   instcat_y01_191109/job_log_00178021.txt
HTAR: a   instcat_y01_191109/job_log_00178142.txt
HTAR: a   instcat_y01_191109/job_log_00178942.txt
HTAR: a   instcat_y01_191109/job_log_00179080.txt
HTAR: a   instcat_y01_191109/job_log_00179238.txt
HTAR: a   instcat_y01_191109/job_log_00179239.txt
HTAR: a   instcat_y01_191109/job_log_00179240.txt
HTAR: a   instcat_y01_191109/job_log_00179254.txt
HTAR: a   instcat_y01_191109/job_log_00179271.txt
HTAR: a   instcat_y01_191109/job_log_00179272.txt
HTAR: a   instcat_y01_191109/job_log_00179279.txt
HTAR: a   instcat_y01_191109/job_log_00179285.txt
HTAR: a   instcat_y01_191109/job_log_00179299.txt
HTAR: a   instcat_y01_191109/job_log_00179305.txt
HTAR: a   instcat_y01_191109/job_log_00179309.txt
HTAR: a   instcat_y01_191109/job_log_00179966.txt
HTAR: a   instcat_y01_191109/job_log_00179970.txt
HTAR: a   instcat_y01_191109/job_log_00179971.txt
HTAR: a   instcat_y01_191109/job_log_00179972.txt
HTAR: a   instcat_y01_191109/job_log_00179973.txt
HTAR: a   instcat_y01_191109/job_log_00179996.txt
HTAR: a   instcat_y01_191109/job_log_00179997.txt
HTAR: a   instcat_y01_191109/job_log_00179998.txt
HTAR: a   instcat_y01_191109/job_log_00179999.txt
HTAR: a   instcat_y01_191109/job_log_00180000.txt
HTAR: a   instcat_y01_191109/job_log_00180001.txt
HTAR: a   instcat_y01_191109/job_log_00180002.txt
HTAR: a   instcat_y01_191109/job_log_00180003.txt
HTAR: a   instcat_y01_191109/job_log_00180004.txt
HTAR: a   instcat_y01_191109/job_log_00180005.txt
HTAR: a   instcat_y01_191109/job_log_00180006.txt
HTAR: a   instcat_y01_191109/job_log_00180007.txt
HTAR: a   instcat_y01_191109/job_log_00180008.txt
HTAR: a   instcat_y01_191109/job_log_00180009.txt
HTAR: a   instcat_y01_191109/job_log_00180011.txt
HTAR: a   instcat_y01_191109/job_log_00180012.txt
HTAR: a   instcat_y01_191109/job_log_00180013.txt
HTAR: a   instcat_y01_191109/job_log_00180014.txt
HTAR: a   instcat_y01_191109/job_log_00180015.txt
HTAR: a   instcat_y01_191109/job_log_00180067.txt
HTAR: a   instcat_y01_191109/job_log_00180068.txt
HTAR: a   instcat_y01_191109/job_log_00180073.txt
HTAR: a   instcat_y01_191109/job_log_00180090.txt
HTAR: a   instcat_y01_191109/job_log_00180091.txt
HTAR: a   instcat_y01_191109/job_log_00180095.txt
HTAR: a   instcat_y01_191109/job_log_00180134.txt
HTAR: a   instcat_y01_191109/job_log_00180135.txt
HTAR: a   instcat_y01_191109/job_log_00180136.txt
HTAR: a   instcat_y01_191109/job_log_00180254.txt
HTAR: a   instcat_y01_191109/job_log_00180879.txt
HTAR: a   instcat_y01_191109/job_log_00180890.txt
HTAR: a   instcat_y01_191109/job_log_00180891.txt
HTAR: a   instcat_y01_191109/job_log_00180892.txt
HTAR: a   instcat_y01_191109/job_log_00181108.txt
HTAR: a   instcat_y01_191109/job_log_00181111.txt
HTAR: a   instcat_y01_191109/job_log_00181170.txt
HTAR: a   instcat_y01_191109/job_log_00181221.txt
HTAR: a   instcat_y01_191109/job_log_00181228.txt
HTAR: a   instcat_y01_191109/job_log_00181866.txt
HTAR: a   instcat_y01_191109/job_log_00181867.txt
HTAR: a   instcat_y01_191109/job_log_00181868.txt
HTAR: a   instcat_y01_191109/job_log_00181869.txt
HTAR: a   instcat_y01_191109/job_log_00181870.txt
HTAR: a   instcat_y01_191109/job_log_00181898.txt
HTAR: a   instcat_y01_191109/job_log_00181899.txt
HTAR: a   instcat_y01_191109/job_log_00181900.txt
HTAR: a   instcat_y01_191109/job_log_00181901.txt
HTAR: a   instcat_y01_191109/job_log_00181902.txt
HTAR: a   instcat_y01_191109/job_log_00181937.txt
HTAR: a   instcat_y01_191109/job_log_00181938.txt
HTAR: a   instcat_y01_191109/job_log_00181939.txt
HTAR: a   instcat_y01_191109/job_log_00181940.txt
HTAR: a   instcat_y01_191109/job_log_00181964.txt
HTAR: a   instcat_y01_191109/job_log_00181965.txt
HTAR: a   instcat_y01_191109/job_log_00181966.txt
HTAR: a   instcat_y01_191109/job_log_00181970.txt
HTAR: a   instcat_y01_191109/job_log_00181971.txt
HTAR: a   instcat_y01_191109/job_log_00181972.txt
HTAR: a   instcat_y01_191109/job_log_00182013.txt
HTAR: a   instcat_y01_191109/job_log_00182014.txt
HTAR: a   instcat_y01_191109/job_log_00182015.txt
HTAR: a   instcat_y01_191109/job_log_00182016.txt
HTAR: a   instcat_y01_191109/job_log_00182017.txt
HTAR: a   instcat_y01_191109/job_log_00182018.txt
HTAR: a   instcat_y01_191109/job_log_00182061.txt
HTAR: a   instcat_y01_191109/job_log_00182062.txt
HTAR: a   instcat_y01_191109/job_log_00182063.txt
HTAR: a   instcat_y01_191109/job_log_00182064.txt
HTAR: a   instcat_y01_191109/job_log_00182065.txt
HTAR: a   instcat_y01_191109/job_log_00182113.txt
HTAR: a   instcat_y01_191109/job_log_00182114.txt
HTAR: a   instcat_y01_191109/job_log_00182849.txt
HTAR: a   instcat_y01_191109/job_log_00182850.txt
HTAR: a   instcat_y01_191109/job_log_00182852.txt
HTAR: a   instcat_y01_191109/job_log_00182853.txt
HTAR: a   instcat_y01_191109/job_log_00182865.txt
HTAR: a   instcat_y01_191109/job_log_00182866.txt
HTAR: a   instcat_y01_191109/job_log_00182867.txt
HTAR: a   instcat_y01_191109/job_log_00182868.txt
HTAR: a   instcat_y01_191109/job_log_00182869.txt
HTAR: a   instcat_y01_191109/job_log_00182870.txt
HTAR: a   instcat_y01_191109/job_log_00182875.txt
HTAR: a   instcat_y01_191109/job_log_00182876.txt
HTAR: a   instcat_y01_191109/job_log_00182877.txt
HTAR: a   instcat_y01_191109/job_log_00182893.txt
HTAR: a   instcat_y01_191109/job_log_00182894.txt
HTAR: a   instcat_y01_191109/job_log_00182897.txt
HTAR: a   instcat_y01_191109/job_log_00182908.txt
HTAR: a   instcat_y01_191109/job_log_00182909.txt
HTAR: a   /tmp/HTAR_CF_CHK_54988_1578353514
HTAR Create complete for /home/projects/desc/DC2_ImSim/Run2.2i/instCat/y01_191109/00174596to00182909.tar. 511,731,141,632 bytes written for 242 member files, max threads: 50 Transfer time: 3791.495 seconds (134.968 MB/s) wallclock/user/sys: 3794.551 4601.176 1640.761 seconds
HTAR: HTAR SUCCESSFUL
HTAR: a   instcat_y01_191109/00182910.tar.gz
HTAR: a   instcat_y01_191109/00182911.tar.gz
HTAR: a   instcat_y01_191109/00182912.tar.gz
HTAR: a   instcat_y01_191109/00182913.tar.gz
HTAR: a   instcat_y01_191109/00182914.tar.gz
HTAR: a   instcat_y01_191109/00182915.tar.gz
HTAR: a   instcat_y01_191109/00182920.tar.gz
HTAR: a   instcat_y01_191109/00182921.tar.gz
HTAR: a   instcat_y01_191109/00182922.tar.gz
HTAR: a   instcat_y01_191109/00182971.tar.gz
HTAR: a   instcat_y01_191109/00182985.tar.gz
HTAR: a   instcat_y01_191109/00182986.tar.gz
HTAR: a   instcat_y01_191109/00182987.tar.gz
HTAR: a   instcat_y01_191109/00182990.tar.gz
HTAR: a   instcat_y01_191109/00183031.tar.gz
HTAR: a   instcat_y01_191109/00183032.tar.gz
HTAR: a   instcat_y01_191109/00183034.tar.gz
HTAR: a   instcat_y01_191109/00183035.tar.gz
HTAR: a   instcat_y01_191109/00183036.tar.gz
HTAR: a   instcat_y01_191109/00183054.tar.gz
HTAR: a   instcat_y01_191109/00183055.tar.gz
HTAR: a   instcat_y01_191109/00183056.tar.gz
HTAR: a   instcat_y01_191109/00183057.tar.gz
HTAR: a   instcat_y01_191109/00183058.tar.gz
HTAR: a   instcat_y01_191109/00183059.tar.gz
HTAR: a   instcat_y01_191109/00183060.tar.gz
HTAR: a   instcat_y01_191109/00183092.tar.gz
HTAR: a   instcat_y01_191109/00183096.tar.gz
HTAR: a   instcat_y01_191109/00183767.tar.gz
HTAR: a   instcat_y01_191109/00183768.tar.gz
HTAR: a   instcat_y01_191109/00183769.tar.gz
HTAR: a   instcat_y01_191109/00183770.tar.gz
HTAR: a   instcat_y01_191109/00183771.tar.gz
HTAR: a   instcat_y01_191109/00183772.tar.gz
HTAR: a   instcat_y01_191109/00183773.tar.gz
HTAR: a   instcat_y01_191109/00183774.tar.gz
HTAR: a   instcat_y01_191109/00183780.tar.gz
HTAR: a   instcat_y01_191109/00183781.tar.gz
HTAR: a   instcat_y01_191109/00183809.tar.gz
HTAR: a   instcat_y01_191109/00183810.tar.gz
HTAR: a   instcat_y01_191109/00183811.tar.gz
HTAR: a   instcat_y01_191109/00183812.tar.gz
HTAR: a   instcat_y01_191109/00183813.tar.gz
HTAR: a   instcat_y01_191109/00183817.tar.gz
HTAR: a   instcat_y01_191109/00183818.tar.gz
HTAR: a   instcat_y01_191109/00183819.tar.gz
HTAR: a   instcat_y01_191109/00183820.tar.gz
HTAR: a   instcat_y01_191109/00183825.tar.gz
HTAR: a   instcat_y01_191109/00183826.tar.gz
HTAR: a   instcat_y01_191109/00183827.tar.gz
HTAR: a   instcat_y01_191109/00183841.tar.gz
HTAR: a   instcat_y01_191109/00183842.tar.gz
HTAR: a   instcat_y01_191109/00183850.tar.gz
HTAR: a   instcat_y01_191109/00183851.tar.gz
HTAR: a   instcat_y01_191109/00183852.tar.gz
HTAR: a   instcat_y01_191109/00183853.tar.gz
HTAR: a   instcat_y01_191109/00183854.tar.gz
HTAR: a   instcat_y01_191109/00183855.tar.gz
HTAR: a   instcat_y01_191109/00183856.tar.gz
HTAR: a   instcat_y01_191109/00183857.tar.gz
HTAR: a   instcat_y01_191109/00183859.tar.gz
HTAR: a   instcat_y01_191109/00183860.tar.gz
HTAR: a   instcat_y01_191109/00183861.tar.gz
HTAR: a   instcat_y01_191109/00183866.tar.gz
HTAR: a   instcat_y01_191109/00183867.tar.gz
HTAR: a   instcat_y01_191109/00183889.tar.gz
HTAR: a   instcat_y01_191109/00183890.tar.gz
HTAR: a   instcat_y01_191109/00183891.tar.gz
HTAR: a   instcat_y01_191109/00183892.tar.gz
HTAR: a   instcat_y01_191109/00183893.tar.gz
HTAR: a   instcat_y01_191109/00183894.tar.gz
HTAR: a   instcat_y01_191109/00183895.tar.gz
HTAR: a   instcat_y01_191109/00183903.tar.gz
HTAR: a   instcat_y01_191109/00183905.tar.gz
HTAR: a   instcat_y01_191109/00183906.tar.gz
HTAR: a   instcat_y01_191109/00183907.tar.gz
HTAR: a   instcat_y01_191109/00183908.tar.gz
HTAR: a   instcat_y01_191109/00183912.tar.gz
HTAR: a   instcat_y01_191109/00183913.tar.gz
HTAR: a   instcat_y01_191109/00183914.tar.gz
HTAR: a   instcat_y01_191109/00183915.tar.gz
HTAR: a   instcat_y01_191109/00184047.tar.gz
HTAR: a   instcat_y01_191109/00184613.tar.gz
HTAR: a   instcat_y01_191109/00184648.tar.gz
HTAR: a   instcat_y01_191109/00184656.tar.gz
HTAR: a   instcat_y01_191109/00184838.tar.gz
HTAR: a   instcat_y01_191109/00184839.tar.gz
HTAR: a   instcat_y01_191109/00184840.tar.gz
HTAR: a   instcat_y01_191109/00184841.tar.gz
HTAR: a   instcat_y01_191109/00184842.tar.gz
HTAR: a   instcat_y01_191109/00184843.tar.gz
HTAR: a   instcat_y01_191109/00184882.tar.gz
HTAR: a   instcat_y01_191109/00184883.tar.gz
HTAR: a   instcat_y01_191109/00184884.tar.gz
HTAR: a   instcat_y01_191109/00184885.tar.gz
HTAR: a   instcat_y01_191109/00184888.tar.gz
HTAR: a   instcat_y01_191109/00185595.tar.gz
HTAR: a   instcat_y01_191109/00185596.tar.gz
HTAR: a   instcat_y01_191109/00185597.tar.gz
HTAR: a   instcat_y01_191109/00185598.tar.gz
HTAR: a   instcat_y01_191109/00185599.tar.gz
HTAR: a   instcat_y01_191109/00185600.tar.gz
HTAR: a   instcat_y01_191109/00185601.tar.gz
HTAR: a   instcat_y01_191109/00185602.tar.gz
HTAR: a   instcat_y01_191109/00185603.tar.gz
HTAR: a   instcat_y01_191109/00185604.tar.gz
HTAR: a   instcat_y01_191109/00185605.tar.gz
HTAR: a   instcat_y01_191109/00185606.tar.gz
HTAR: a   instcat_y01_191109/00185607.tar.gz
HTAR: a   instcat_y01_191109/00185608.tar.gz
HTAR: a   instcat_y01_191109/00185609.tar.gz
HTAR: a   instcat_y01_191109/00185610.tar.gz
HTAR: a   instcat_y01_191109/00185611.tar.gz
HTAR: a   instcat_y01_191109/00185612.tar.gz
HTAR: a   instcat_y01_191109/00185613.tar.gz
HTAR: a   instcat_y01_191109/00185614.tar.gz
HTAR: a   instcat_y01_191109/00185615.tar.gz
HTAR: a   instcat_y01_191109/00185616.tar.gz
HTAR: a   instcat_y01_191109/00185617.tar.gz
HTAR: a   instcat_y01_191109/00185618.tar.gz
HTAR: a   instcat_y01_191109/00185619.tar.gz
HTAR: a   instcat_y01_191109/job_log_00182910.txt
HTAR: a   instcat_y01_191109/job_log_00182911.txt
HTAR: a   instcat_y01_191109/job_log_00182912.txt
HTAR: a   instcat_y01_191109/job_log_00182913.txt
HTAR: a   instcat_y01_191109/job_log_00182914.txt
HTAR: a   instcat_y01_191109/job_log_00182915.txt
HTAR: a   instcat_y01_191109/job_log_00182920.txt
HTAR: a   instcat_y01_191109/job_log_00182921.txt
HTAR: a   instcat_y01_191109/job_log_00182922.txt
HTAR: a   instcat_y01_191109/job_log_00182971.txt
HTAR: a   instcat_y01_191109/job_log_00182985.txt
HTAR: a   instcat_y01_191109/job_log_00182986.txt
HTAR: a   instcat_y01_191109/job_log_00182987.txt
HTAR: a   instcat_y01_191109/job_log_00182990.txt
HTAR: a   instcat_y01_191109/job_log_00183031.txt
HTAR: a   instcat_y01_191109/job_log_00183032.txt
HTAR: a   instcat_y01_191109/job_log_00183034.txt
HTAR: a   instcat_y01_191109/job_log_00183035.txt
HTAR: a   instcat_y01_191109/job_log_00183036.txt
HTAR: a   instcat_y01_191109/job_log_00183054.txt
HTAR: a   instcat_y01_191109/job_log_00183055.txt
HTAR: a   instcat_y01_191109/job_log_00183056.txt
HTAR: a   instcat_y01_191109/job_log_00183057.txt
HTAR: a   instcat_y01_191109/job_log_00183058.txt
HTAR: a   instcat_y01_191109/job_log_00183059.txt
HTAR: a   instcat_y01_191109/job_log_00183060.txt
HTAR: a   instcat_y01_191109/job_log_00183092.txt
HTAR: a   instcat_y01_191109/job_log_00183096.txt
HTAR: a   instcat_y01_191109/job_log_00183767.txt
HTAR: a   instcat_y01_191109/job_log_00183768.txt
HTAR: a   instcat_y01_191109/job_log_00183769.txt
HTAR: a   instcat_y01_191109/job_log_00183770.txt
HTAR: a   instcat_y01_191109/job_log_00183771.txt
HTAR: a   instcat_y01_191109/job_log_00183772.txt
HTAR: a   instcat_y01_191109/job_log_00183773.txt
HTAR: a   instcat_y01_191109/job_log_00183774.txt
HTAR: a   instcat_y01_191109/job_log_00183780.txt
HTAR: a   instcat_y01_191109/job_log_00183781.txt
HTAR: a   instcat_y01_191109/job_log_00183809.txt
HTAR: a   instcat_y01_191109/job_log_00183810.txt
HTAR: a   instcat_y01_191109/job_log_00183811.txt
HTAR: a   instcat_y01_191109/job_log_00183812.txt
HTAR: a   instcat_y01_191109/job_log_00183813.txt
HTAR: a   instcat_y01_191109/job_log_00183817.txt
HTAR: a   instcat_y01_191109/job_log_00183818.txt
HTAR: a   instcat_y01_191109/job_log_00183819.txt
HTAR: a   instcat_y01_191109/job_log_00183820.txt
HTAR: a   instcat_y01_191109/job_log_00183825.txt
HTAR: a   instcat_y01_191109/job_log_00183826.txt
HTAR: a   instcat_y01_191109/job_log_00183827.txt
HTAR: a   instcat_y01_191109/job_log_00183841.txt
HTAR: a   instcat_y01_191109/job_log_00183842.txt
HTAR: a   instcat_y01_191109/job_log_00183850.txt
HTAR: a   instcat_y01_191109/job_log_00183851.txt
HTAR: a   instcat_y01_191109/job_log_00183852.txt
HTAR: a   instcat_y01_191109/job_log_00183853.txt
HTAR: a   instcat_y01_191109/job_log_00183854.txt
HTAR: a   instcat_y01_191109/job_log_00183855.txt
HTAR: a   instcat_y01_191109/job_log_00183856.txt
HTAR: a   instcat_y01_191109/job_log_00183857.txt
HTAR: a   instcat_y01_191109/job_log_00183859.txt
HTAR: a   instcat_y01_191109/job_log_00183860.txt
HTAR: a   instcat_y01_191109/job_log_00183861.txt
HTAR: a   instcat_y01_191109/job_log_00183866.txt
HTAR: a   instcat_y01_191109/job_log_00183867.txt
HTAR: a   instcat_y01_191109/job_log_00183889.txt
HTAR: a   instcat_y01_191109/job_log_00183890.txt
HTAR: a   instcat_y01_191109/job_log_00183891.txt
HTAR: a   instcat_y01_191109/job_log_00183892.txt
HTAR: a   instcat_y01_191109/job_log_00183893.txt
HTAR: a   instcat_y01_191109/job_log_00183894.txt
HTAR: a   instcat_y01_191109/job_log_00183895.txt
HTAR: a   instcat_y01_191109/job_log_00183903.txt
HTAR: a   instcat_y01_191109/job_log_00183905.txt
HTAR: a   instcat_y01_191109/job_log_00183906.txt
HTAR: a   instcat_y01_191109/job_log_00183907.txt
HTAR: a   instcat_y01_191109/job_log_00183908.txt
HTAR: a   instcat_y01_191109/job_log_00183912.txt
HTAR: a   instcat_y01_191109/job_log_00183913.txt
HTAR: a   instcat_y01_191109/job_log_00183914.txt
HTAR: a   instcat_y01_191109/job_log_00183915.txt
HTAR: a   instcat_y01_191109/job_log_00184047.txt
HTAR: a   instcat_y01_191109/job_log_00184613.txt
HTAR: a   instcat_y01_191109/job_log_00184648.txt
HTAR: a   instcat_y01_191109/job_log_00184656.txt
HTAR: a   instcat_y01_191109/job_log_00184838.txt
HTAR: a   instcat_y01_191109/job_log_00184839.txt
HTAR: a   instcat_y01_191109/job_log_00184840.txt
HTAR: a   instcat_y01_191109/job_log_00184841.txt
HTAR: a   instcat_y01_191109/job_log_00184842.txt
HTAR: a   instcat_y01_191109/job_log_00184843.txt
HTAR: a   instcat_y01_191109/job_log_00184882.txt
HTAR: a   instcat_y01_191109/job_log_00184883.txt
HTAR: a   instcat_y01_191109/job_log_00184884.txt
HTAR: a   instcat_y01_191109/job_log_00184885.txt
HTAR: a   instcat_y01_191109/job_log_00184888.txt
HTAR: a   instcat_y01_191109/job_log_00185595.txt
HTAR: a   instcat_y01_191109/job_log_00185596.txt
HTAR: a   instcat_y01_191109/job_log_00185597.txt
HTAR: a   instcat_y01_191109/job_log_00185598.txt
HTAR: a   instcat_y01_191109/job_log_00185599.txt
HTAR: a   instcat_y01_191109/job_log_00185600.txt
HTAR: a   instcat_y01_191109/job_log_00185601.txt
HTAR: a   instcat_y01_191109/job_log_00185602.txt
HTAR: a   instcat_y01_191109/job_log_00185603.txt
HTAR: a   instcat_y01_191109/job_log_00185604.txt
HTAR: a   instcat_y01_191109/job_log_00185605.txt
HTAR: a   instcat_y01_191109/job_log_00185606.txt
HTAR: a   instcat_y01_191109/job_log_00185607.txt
HTAR: a   instcat_y01_191109/job_log_00185608.txt
HTAR: a   instcat_y01_191109/job_log_00185609.txt
HTAR: a   instcat_y01_191109/job_log_00185610.txt
HTAR: a   instcat_y01_191109/job_log_00185611.txt
HTAR: a   instcat_y01_191109/job_log_00185612.txt
HTAR: a   instcat_y01_191109/job_log_00185613.txt
HTAR: a   instcat_y01_191109/job_log_00185614.txt
HTAR: a   instcat_y01_191109/job_log_00185615.txt
HTAR: a   instcat_y01_191109/job_log_00185616.txt
HTAR: a   instcat_y01_191109/job_log_00185617.txt
HTAR: a   instcat_y01_191109/job_log_00185618.txt
HTAR: a   instcat_y01_191109/job_log_00185619.txt
HTAR: a   /tmp/HTAR_CF_CHK_44507_1578357313
HTAR Create complete for /home/projects/desc/DC2_ImSim/Run2.2i/instCat/y01_191109/00182910to00185619.tar. 520,903,674,880 bytes written for 242 member files, max threads: 50 Transfer time: 3695.523 seconds (140.955 MB/s) wallclock/user/sys: 3699.500 4522.871 1639.576 seconds
HTAR: HTAR SUCCESSFUL
HTAR: a   instcat_y01_191109/00185620.tar.gz
HTAR: a   instcat_y01_191109/00185621.tar.gz
HTAR: a   instcat_y01_191109/00185622.tar.gz
HTAR: a   instcat_y01_191109/00185623.tar.gz
HTAR: a   instcat_y01_191109/00185624.tar.gz
HTAR: a   instcat_y01_191109/00185625.tar.gz
HTAR: a   instcat_y01_191109/00185626.tar.gz
HTAR: a   instcat_y01_191109/00185627.tar.gz
HTAR: a   instcat_y01_191109/00185628.tar.gz
HTAR: a   instcat_y01_191109/00185629.tar.gz
HTAR: a   instcat_y01_191109/00185630.tar.gz
HTAR: a   instcat_y01_191109/00185631.tar.gz
HTAR: a   instcat_y01_191109/00185632.tar.gz
HTAR: a   instcat_y01_191109/00185633.tar.gz
HTAR: a   instcat_y01_191109/00185634.tar.gz
HTAR: a   instcat_y01_191109/00185635.tar.gz
HTAR: a   instcat_y01_191109/00185636.tar.gz
HTAR: a   instcat_y01_191109/00185637.tar.gz
HTAR: a   instcat_y01_191109/00185638.tar.gz
HTAR: a   instcat_y01_191109/00185639.tar.gz
HTAR: a   instcat_y01_191109/00185640.tar.gz
HTAR: a   instcat_y01_191109/00185641.tar.gz
HTAR: a   instcat_y01_191109/00185642.tar.gz
HTAR: a   instcat_y01_191109/00185643.tar.gz
HTAR: a   instcat_y01_191109/00185644.tar.gz
HTAR: a   instcat_y01_191109/00185645.tar.gz
HTAR: a   instcat_y01_191109/00185646.tar.gz
HTAR: a   instcat_y01_191109/00185647.tar.gz
HTAR: a   instcat_y01_191109/00185648.tar.gz
HTAR: a   instcat_y01_191109/00185649.tar.gz
HTAR: a   instcat_y01_191109/00185650.tar.gz
HTAR: a   instcat_y01_191109/00185651.tar.gz
HTAR: a   instcat_y01_191109/00185652.tar.gz
HTAR: a   instcat_y01_191109/00185653.tar.gz
HTAR: a   instcat_y01_191109/00185654.tar.gz
HTAR: a   instcat_y01_191109/00185655.tar.gz
HTAR: a   instcat_y01_191109/00185656.tar.gz
HTAR: a   instcat_y01_191109/00185657.tar.gz
HTAR: a   instcat_y01_191109/00185658.tar.gz
HTAR: a   instcat_y01_191109/00185659.tar.gz
HTAR: a   instcat_y01_191109/00185660.tar.gz
HTAR: a   instcat_y01_191109/00185661.tar.gz
HTAR: a   instcat_y01_191109/00185662.tar.gz
HTAR: a   instcat_y01_191109/00185663.tar.gz
HTAR: a   instcat_y01_191109/00185664.tar.gz
HTAR: a   instcat_y01_191109/00185665.tar.gz
HTAR: a   instcat_y01_191109/00185666.tar.gz
HTAR: a   instcat_y01_191109/00185667.tar.gz
HTAR: a   instcat_y01_191109/00185668.tar.gz
HTAR: a   instcat_y01_191109/00185669.tar.gz
HTAR: a   instcat_y01_191109/00185670.tar.gz
HTAR: a   instcat_y01_191109/00185671.tar.gz
HTAR: a   instcat_y01_191109/00185672.tar.gz
HTAR: a   instcat_y01_191109/00185673.tar.gz
HTAR: a   instcat_y01_191109/00185674.tar.gz
HTAR: a   instcat_y01_191109/00185675.tar.gz
HTAR: a   instcat_y01_191109/00185676.tar.gz
HTAR: a   instcat_y01_191109/00185677.tar.gz
HTAR: a   instcat_y01_191109/00185678.tar.gz
HTAR: a   instcat_y01_191109/00185679.tar.gz
HTAR: a   instcat_y01_191109/00185680.tar.gz
HTAR: a   instcat_y01_191109/00185681.tar.gz
HTAR: a   instcat_y01_191109/00185682.tar.gz
HTAR: a   instcat_y01_191109/00185683.tar.gz
HTAR: a   instcat_y01_191109/00185684.tar.gz
HTAR: a   instcat_y01_191109/00185685.tar.gz
HTAR: a   instcat_y01_191109/00185686.tar.gz
HTAR: a   instcat_y01_191109/00185687.tar.gz
HTAR: a   instcat_y01_191109/00185688.tar.gz
HTAR: a   instcat_y01_191109/00185689.tar.gz
HTAR: a   instcat_y01_191109/00185690.tar.gz
HTAR: a   instcat_y01_191109/00185733.tar.gz
HTAR: a   instcat_y01_191109/00185734.tar.gz
HTAR: a   instcat_y01_191109/00185735.tar.gz
HTAR: a   instcat_y01_191109/00185736.tar.gz
HTAR: a   instcat_y01_191109/00185758.tar.gz
HTAR: a   instcat_y01_191109/00185766.tar.gz
HTAR: a   instcat_y01_191109/00185767.tar.gz
HTAR: a   instcat_y01_191109/00185768.tar.gz
HTAR: a   instcat_y01_191109/00185770.tar.gz
HTAR: a   instcat_y01_191109/00185771.tar.gz
HTAR: a   instcat_y01_191109/00185772.tar.gz
HTAR: a   instcat_y01_191109/00185773.tar.gz
HTAR: a   instcat_y01_191109/00185774.tar.gz
HTAR: a   instcat_y01_191109/00185775.tar.gz
HTAR: a   instcat_y01_191109/00185776.tar.gz
HTAR: a   instcat_y01_191109/00185777.tar.gz
HTAR: a   instcat_y01_191109/00185782.tar.gz
HTAR: a   instcat_y01_191109/00185783.tar.gz
HTAR: a   instcat_y01_191109/00185784.tar.gz
HTAR: a   instcat_y01_191109/00185785.tar.gz
HTAR: a   instcat_y01_191109/00185813.tar.gz
HTAR: a   instcat_y01_191109/00185814.tar.gz
HTAR: a   instcat_y01_191109/00185819.tar.gz
HTAR: a   instcat_y01_191109/00185820.tar.gz
HTAR: a   instcat_y01_191109/00185821.tar.gz
HTAR: a   instcat_y01_191109/00185822.tar.gz
HTAR: a   instcat_y01_191109/00185823.tar.gz
HTAR: a   instcat_y01_191109/00185824.tar.gz
HTAR: a   instcat_y01_191109/00187479.tar.gz
HTAR: a   instcat_y01_191109/00187493.tar.gz
HTAR: a   instcat_y01_191109/00187494.tar.gz
HTAR: a   instcat_y01_191109/00187500.tar.gz
HTAR: a   instcat_y01_191109/00187501.tar.gz
HTAR: a   instcat_y01_191109/00187502.tar.gz
HTAR: a   instcat_y01_191109/00187503.tar.gz
HTAR: a   instcat_y01_191109/00187525.tar.gz
HTAR: a   instcat_y01_191109/00187528.tar.gz
HTAR: a   instcat_y01_191109/00187529.tar.gz
HTAR: a   instcat_y01_191109/00187532.tar.gz
HTAR: a   instcat_y01_191109/00187533.tar.gz
HTAR: a   instcat_y01_191109/00187534.tar.gz
HTAR: a   instcat_y01_191109/00187545.tar.gz
HTAR: a   instcat_y01_191109/00187546.tar.gz
HTAR: a   instcat_y01_191109/00187547.tar.gz
HTAR: a   instcat_y01_191109/00187552.tar.gz
HTAR: a   instcat_y01_191109/00187553.tar.gz
HTAR: a   instcat_y01_191109/00187556.tar.gz
HTAR: a   instcat_y01_191109/00187558.tar.gz
HTAR: a   instcat_y01_191109/00187559.tar.gz
HTAR: a   instcat_y01_191109/00187560.tar.gz
HTAR: a   instcat_y01_191109/job_log_00185620.txt
HTAR: a   instcat_y01_191109/job_log_00185621.txt
HTAR: a   instcat_y01_191109/job_log_00185622.txt
HTAR: a   instcat_y01_191109/job_log_00185623.txt
HTAR: a   instcat_y01_191109/job_log_00185624.txt
HTAR: a   instcat_y01_191109/job_log_00185625.txt
HTAR: a   instcat_y01_191109/job_log_00185626.txt
HTAR: a   instcat_y01_191109/job_log_00185627.txt
HTAR: a   instcat_y01_191109/job_log_00185628.txt
HTAR: a   instcat_y01_191109/job_log_00185629.txt
HTAR: a   instcat_y01_191109/job_log_00185630.txt
HTAR: a   instcat_y01_191109/job_log_00185631.txt
HTAR: a   instcat_y01_191109/job_log_00185632.txt
HTAR: a   instcat_y01_191109/job_log_00185633.txt
HTAR: a   instcat_y01_191109/job_log_00185634.txt
HTAR: a   instcat_y01_191109/job_log_00185635.txt
HTAR: a   instcat_y01_191109/job_log_00185636.txt
HTAR: a   instcat_y01_191109/job_log_00185637.txt
HTAR: a   instcat_y01_191109/job_log_00185638.txt
HTAR: a   instcat_y01_191109/job_log_00185639.txt
HTAR: a   instcat_y01_191109/job_log_00185640.txt
HTAR: a   instcat_y01_191109/job_log_00185641.txt
HTAR: a   instcat_y01_191109/job_log_00185642.txt
HTAR: a   instcat_y01_191109/job_log_00185643.txt
HTAR: a   instcat_y01_191109/job_log_00185644.txt
HTAR: a   instcat_y01_191109/job_log_00185645.txt
HTAR: a   instcat_y01_191109/job_log_00185646.txt
HTAR: a   instcat_y01_191109/job_log_00185647.txt
HTAR: a   instcat_y01_191109/job_log_00185648.txt
HTAR: a   instcat_y01_191109/job_log_00185649.txt
HTAR: a   instcat_y01_191109/job_log_00185650.txt
HTAR: a   instcat_y01_191109/job_log_00185651.txt
HTAR: a   instcat_y01_191109/job_log_00185652.txt
HTAR: a   instcat_y01_191109/job_log_00185653.txt
HTAR: a   instcat_y01_191109/job_log_00185654.txt
HTAR: a   instcat_y01_191109/job_log_00185655.txt
HTAR: a   instcat_y01_191109/job_log_00185656.txt
HTAR: a   instcat_y01_191109/job_log_00185657.txt
HTAR: a   instcat_y01_191109/job_log_00185658.txt
HTAR: a   instcat_y01_191109/job_log_00185659.txt
HTAR: a   instcat_y01_191109/job_log_00185660.txt
HTAR: a   instcat_y01_191109/job_log_00185661.txt
HTAR: a   instcat_y01_191109/job_log_00185662.txt
HTAR: a   instcat_y01_191109/job_log_00185663.txt
HTAR: a   instcat_y01_191109/job_log_00185664.txt
HTAR: a   instcat_y01_191109/job_log_00185665.txt
HTAR: a   instcat_y01_191109/job_log_00185666.txt
HTAR: a   instcat_y01_191109/job_log_00185667.txt
HTAR: a   instcat_y01_191109/job_log_00185668.txt
HTAR: a   instcat_y01_191109/job_log_00185669.txt
HTAR: a   instcat_y01_191109/job_log_00185670.txt
HTAR: a   instcat_y01_191109/job_log_00185671.txt
HTAR: a   instcat_y01_191109/job_log_00185672.txt
HTAR: a   instcat_y01_191109/job_log_00185673.txt
HTAR: a   instcat_y01_191109/job_log_00185674.txt
HTAR: a   instcat_y01_191109/job_log_00185675.txt
HTAR: a   instcat_y01_191109/job_log_00185676.txt
HTAR: a   instcat_y01_191109/job_log_00185677.txt
HTAR: a   instcat_y01_191109/job_log_00185678.txt
HTAR: a   instcat_y01_191109/job_log_00185679.txt
HTAR: a   instcat_y01_191109/job_log_00185680.txt
HTAR: a   instcat_y01_191109/job_log_00185681.txt
HTAR: a   instcat_y01_191109/job_log_00185682.txt
HTAR: a   instcat_y01_191109/job_log_00185683.txt
HTAR: a   instcat_y01_191109/job_log_00185684.txt
HTAR: a   instcat_y01_191109/job_log_00185685.txt
HTAR: a   instcat_y01_191109/job_log_00185686.txt
HTAR: a   instcat_y01_191109/job_log_00185687.txt
HTAR: a   instcat_y01_191109/job_log_00185688.txt
HTAR: a   instcat_y01_191109/job_log_00185689.txt
HTAR: a   instcat_y01_191109/job_log_00185690.txt
HTAR: a   instcat_y01_191109/job_log_00185733.txt
HTAR: a   instcat_y01_191109/job_log_00185734.txt
HTAR: a   instcat_y01_191109/job_log_00185735.txt
HTAR: a   instcat_y01_191109/job_log_00185736.txt
HTAR: a   instcat_y01_191109/job_log_00185758.txt
HTAR: a   instcat_y01_191109/job_log_00185766.txt
HTAR: a   instcat_y01_191109/job_log_00185767.txt
HTAR: a   instcat_y01_191109/job_log_00185768.txt
HTAR: a   instcat_y01_191109/job_log_00185770.txt
HTAR: a   instcat_y01_191109/job_log_00185771.txt
HTAR: a   instcat_y01_191109/job_log_00185772.txt
HTAR: a   instcat_y01_191109/job_log_00185773.txt
HTAR: a   instcat_y01_191109/job_log_00185774.txt
HTAR: a   instcat_y01_191109/job_log_00185775.txt
HTAR: a   instcat_y01_191109/job_log_00185776.txt
HTAR: a   instcat_y01_191109/job_log_00185777.txt
HTAR: a   instcat_y01_191109/job_log_00185782.txt
HTAR: a   instcat_y01_191109/job_log_00185783.txt
HTAR: a   instcat_y01_191109/job_log_00185784.txt
HTAR: a   instcat_y01_191109/job_log_00185785.txt
HTAR: a   instcat_y01_191109/job_log_00185813.txt
HTAR: a   instcat_y01_191109/job_log_00185814.txt
HTAR: a   instcat_y01_191109/job_log_00185819.txt
HTAR: a   instcat_y01_191109/job_log_00185820.txt
HTAR: a   instcat_y01_191109/job_log_00185821.txt
HTAR: a   instcat_y01_191109/job_log_00185822.txt
HTAR: a   instcat_y01_191109/job_log_00185823.txt
HTAR: a   instcat_y01_191109/job_log_00185824.txt
HTAR: a   instcat_y01_191109/job_log_00187479.txt
HTAR: a   instcat_y01_191109/job_log_00187493.txt
HTAR: a   instcat_y01_191109/job_log_00187494.txt
HTAR: a   instcat_y01_191109/job_log_00187500.txt
HTAR: a   instcat_y01_191109/job_log_00187501.txt
HTAR: a   instcat_y01_191109/job_log_00187502.txt
HTAR: a   instcat_y01_191109/job_log_00187503.txt
HTAR: a   instcat_y01_191109/job_log_00187525.txt
HTAR: a   instcat_y01_191109/job_log_00187528.txt
HTAR: a   instcat_y01_191109/job_log_00187529.txt
HTAR: a   instcat_y01_191109/job_log_00187532.txt
HTAR: a   instcat_y01_191109/job_log_00187533.txt
HTAR: a   instcat_y01_191109/job_log_00187534.txt
HTAR: a   instcat_y01_191109/job_log_00187545.txt
HTAR: a   instcat_y01_191109/job_log_00187546.txt
HTAR: a   instcat_y01_191109/job_log_00187547.txt
HTAR: a   instcat_y01_191109/job_log_00187552.txt
HTAR: a   instcat_y01_191109/job_log_00187553.txt
HTAR: a   instcat_y01_191109/job_log_00187556.txt
HTAR: a   instcat_y01_191109/job_log_00187558.txt
HTAR: a   instcat_y01_191109/job_log_00187559.txt
HTAR: a   instcat_y01_191109/job_log_00187560.txt
HTAR: a   /tmp/HTAR_CF_CHK_24609_1578361015
HTAR Create complete for /home/projects/desc/DC2_ImSim/Run2.2i/instCat/y01_191109/00185620to00187560.tar. 558,913,128,960 bytes written for 242 member files, max threads: 50 Transfer time: 3703.637 seconds (150.909 MB/s) wallclock/user/sys: 3707.099 4622.606 1447.715 seconds
HTAR: HTAR SUCCESSFUL
HTAR: a   instcat_y01_191109/00187561.tar.gz
HTAR: a   instcat_y01_191109/00187565.tar.gz
HTAR: a   instcat_y01_191109/00187566.tar.gz
HTAR: a   instcat_y01_191109/00187589.tar.gz
HTAR: a   instcat_y01_191109/00187591.tar.gz
HTAR: a   instcat_y01_191109/00187592.tar.gz
HTAR: a   instcat_y01_191109/00187593.tar.gz
HTAR: a   instcat_y01_191109/00187594.tar.gz
HTAR: a   instcat_y01_191109/00187595.tar.gz
HTAR: a   instcat_y01_191109/00187602.tar.gz
HTAR: a   instcat_y01_191109/00187603.tar.gz
HTAR: a   instcat_y01_191109/00187806.tar.gz
HTAR: a   instcat_y01_191109/00188991.tar.gz
HTAR: a   instcat_y01_191109/00188992.tar.gz
HTAR: a   instcat_y01_191109/00188997.tar.gz
HTAR: a   instcat_y01_191109/00188998.tar.gz
HTAR: a   instcat_y01_191109/00189239.tar.gz
HTAR: a   instcat_y01_191109/00189240.tar.gz
HTAR: a   instcat_y01_191109/00189282.tar.gz
HTAR: a   instcat_y01_191109/00189283.tar.gz
HTAR: a   instcat_y01_191109/00189284.tar.gz
HTAR: a   instcat_y01_191109/00189285.tar.gz
HTAR: a   instcat_y01_191109/00189298.tar.gz
HTAR: a   instcat_y01_191109/00189311.tar.gz
HTAR: a   instcat_y01_191109/00189312.tar.gz
HTAR: a   instcat_y01_191109/00189313.tar.gz
HTAR: a   instcat_y01_191109/00189314.tar.gz
HTAR: a   instcat_y01_191109/00189315.tar.gz
HTAR: a   instcat_y01_191109/00189316.tar.gz
HTAR: a   instcat_y01_191109/00189317.tar.gz
HTAR: a   instcat_y01_191109/00189318.tar.gz
HTAR: a   instcat_y01_191109/00189319.tar.gz
HTAR: a   instcat_y01_191109/00189320.tar.gz
HTAR: a   instcat_y01_191109/00189321.tar.gz
HTAR: a   instcat_y01_191109/00189322.tar.gz
HTAR: a   instcat_y01_191109/00189323.tar.gz
HTAR: a   instcat_y01_191109/00189324.tar.gz
HTAR: a   instcat_y01_191109/00189325.tar.gz
HTAR: a   instcat_y01_191109/00189371.tar.gz
HTAR: a   instcat_y01_191109/00189372.tar.gz
HTAR: a   instcat_y01_191109/00189373.tar.gz
HTAR: a   instcat_y01_191109/00189374.tar.gz
HTAR: a   instcat_y01_191109/00189375.tar.gz
HTAR: a   instcat_y01_191109/00189381.tar.gz
HTAR: a   instcat_y01_191109/00189382.tar.gz
HTAR: a   instcat_y01_191109/00189383.tar.gz
HTAR: a   instcat_y01_191109/00189388.tar.gz
HTAR: a   instcat_y01_191109/00189389.tar.gz
HTAR: a   instcat_y01_191109/00189390.tar.gz
HTAR: a   instcat_y01_191109/00189408.tar.gz
HTAR: a   instcat_y01_191109/00189409.tar.gz
HTAR: a   instcat_y01_191109/00189410.tar.gz
HTAR: a   instcat_y01_191109/00189437.tar.gz
HTAR: a   instcat_y01_191109/00189438.tar.gz
HTAR: a   instcat_y01_191109/00190185.tar.gz
HTAR: a   instcat_y01_191109/00190186.tar.gz
HTAR: a   instcat_y01_191109/00190188.tar.gz
HTAR: a   instcat_y01_191109/00190235.tar.gz
HTAR: a   instcat_y01_191109/00190240.tar.gz
HTAR: a   instcat_y01_191109/00190245.tar.gz
HTAR: a   instcat_y01_191109/00190246.tar.gz
HTAR: a   instcat_y01_191109/00190247.tar.gz
HTAR: a   instcat_y01_191109/00190261.tar.gz
HTAR: a   instcat_y01_191109/00190264.tar.gz
HTAR: a   instcat_y01_191109/00190265.tar.gz
HTAR: a   instcat_y01_191109/00190266.tar.gz
HTAR: a   instcat_y01_191109/00190267.tar.gz
HTAR: a   instcat_y01_191109/00190268.tar.gz
HTAR: a   instcat_y01_191109/00190269.tar.gz
HTAR: a   instcat_y01_191109/00190270.tar.gz
HTAR: a   instcat_y01_191109/00190271.tar.gz
HTAR: a   instcat_y01_191109/00190272.tar.gz
HTAR: a   instcat_y01_191109/00190278.tar.gz
HTAR: a   instcat_y01_191109/00190279.tar.gz
HTAR: a   instcat_y01_191109/00190280.tar.gz
HTAR: a   instcat_y01_191109/00190281.tar.gz
HTAR: a   instcat_y01_191109/00190282.tar.gz
HTAR: a   instcat_y01_191109/00190283.tar.gz
HTAR: a   instcat_y01_191109/00190284.tar.gz
HTAR: a   instcat_y01_191109/00190286.tar.gz
HTAR: a   instcat_y01_191109/00190287.tar.gz
HTAR: a   instcat_y01_191109/00190288.tar.gz
HTAR: a   instcat_y01_191109/00190289.tar.gz
HTAR: a   instcat_y01_191109/00190290.tar.gz
HTAR: a   instcat_y01_191109/00190291.tar.gz
HTAR: a   instcat_y01_191109/00190306.tar.gz
HTAR: a   instcat_y01_191109/00190307.tar.gz
HTAR: a   instcat_y01_191109/00190308.tar.gz
HTAR: a   instcat_y01_191109/00190309.tar.gz
HTAR: a   instcat_y01_191109/00190310.tar.gz
HTAR: a   instcat_y01_191109/00190311.tar.gz
HTAR: a   instcat_y01_191109/00190312.tar.gz
HTAR: a   instcat_y01_191109/00190313.tar.gz
HTAR: a   instcat_y01_191109/00190314.tar.gz
HTAR: a   instcat_y01_191109/00190320.tar.gz
HTAR: a   instcat_y01_191109/00190321.tar.gz
HTAR: a   instcat_y01_191109/00190322.tar.gz
HTAR: a   instcat_y01_191109/00190323.tar.gz
HTAR: a   instcat_y01_191109/00190325.tar.gz
HTAR: a   instcat_y01_191109/00190326.tar.gz
HTAR: a   instcat_y01_191109/00190327.tar.gz
HTAR: a   instcat_y01_191109/00190328.tar.gz
HTAR: a   instcat_y01_191109/00190329.tar.gz
HTAR: a   instcat_y01_191109/00190330.tar.gz
HTAR: a   instcat_y01_191109/00190331.tar.gz
HTAR: a   instcat_y01_191109/00190332.tar.gz
HTAR: a   instcat_y01_191109/00190333.tar.gz
HTAR: a   instcat_y01_191109/00190334.tar.gz
HTAR: a   instcat_y01_191109/00190335.tar.gz
HTAR: a   instcat_y01_191109/00190336.tar.gz
HTAR: a   instcat_y01_191109/00190337.tar.gz
HTAR: a   instcat_y01_191109/00190338.tar.gz
HTAR: a   instcat_y01_191109/00190339.tar.gz
HTAR: a   instcat_y01_191109/00190340.tar.gz
HTAR: a   instcat_y01_191109/00190349.tar.gz
HTAR: a   instcat_y01_191109/00190486.tar.gz
HTAR: a   instcat_y01_191109/00190487.tar.gz
HTAR: a   instcat_y01_191109/00190488.tar.gz
HTAR: a   instcat_y01_191109/00190489.tar.gz
HTAR: a   instcat_y01_191109/00190490.tar.gz
HTAR: a   instcat_y01_191109/00190491.tar.gz
HTAR: a   instcat_y01_191109/job_log_00187561.txt
HTAR: a   instcat_y01_191109/job_log_00187565.txt
HTAR: a   instcat_y01_191109/job_log_00187566.txt
HTAR: a   instcat_y01_191109/job_log_00187589.txt
HTAR: a   instcat_y01_191109/job_log_00187591.txt
HTAR: a   instcat_y01_191109/job_log_00187592.txt
HTAR: a   instcat_y01_191109/job_log_00187593.txt
HTAR: a   instcat_y01_191109/job_log_00187594.txt
HTAR: a   instcat_y01_191109/job_log_00187595.txt
HTAR: a   instcat_y01_191109/job_log_00187602.txt
HTAR: a   instcat_y01_191109/job_log_00187603.txt
HTAR: a   instcat_y01_191109/job_log_00187806.txt
HTAR: a   instcat_y01_191109/job_log_00188991.txt
HTAR: a   instcat_y01_191109/job_log_00188992.txt
HTAR: a   instcat_y01_191109/job_log_00188997.txt
HTAR: a   instcat_y01_191109/job_log_00188998.txt
HTAR: a   instcat_y01_191109/job_log_00189239.txt
HTAR: a   instcat_y01_191109/job_log_00189240.txt
HTAR: a   instcat_y01_191109/job_log_00189282.txt
HTAR: a   instcat_y01_191109/job_log_00189283.txt
HTAR: a   instcat_y01_191109/job_log_00189284.txt
HTAR: a   instcat_y01_191109/job_log_00189285.txt
HTAR: a   instcat_y01_191109/job_log_00189298.txt
HTAR: a   instcat_y01_191109/job_log_00189311.txt
HTAR: a   instcat_y01_191109/job_log_00189312.txt
HTAR: a   instcat_y01_191109/job_log_00189313.txt
HTAR: a   instcat_y01_191109/job_log_00189314.txt
HTAR: a   instcat_y01_191109/job_log_00189315.txt
HTAR: a   instcat_y01_191109/job_log_00189316.txt
HTAR: a   instcat_y01_191109/job_log_00189317.txt
HTAR: a   instcat_y01_191109/job_log_00189318.txt
HTAR: a   instcat_y01_191109/job_log_00189319.txt
HTAR: a   instcat_y01_191109/job_log_00189320.txt
HTAR: a   instcat_y01_191109/job_log_00189321.txt
HTAR: a   instcat_y01_191109/job_log_00189322.txt
HTAR: a   instcat_y01_191109/job_log_00189323.txt
HTAR: a   instcat_y01_191109/job_log_00189324.txt
HTAR: a   instcat_y01_191109/job_log_00189325.txt
HTAR: a   instcat_y01_191109/job_log_00189371.txt
HTAR: a   instcat_y01_191109/job_log_00189372.txt
HTAR: a   instcat_y01_191109/job_log_00189373.txt
HTAR: a   instcat_y01_191109/job_log_00189374.txt
HTAR: a   instcat_y01_191109/job_log_00189375.txt
HTAR: a   instcat_y01_191109/job_log_00189381.txt
HTAR: a   instcat_y01_191109/job_log_00189382.txt
HTAR: a   instcat_y01_191109/job_log_00189383.txt
HTAR: a   instcat_y01_191109/job_log_00189388.txt
HTAR: a   instcat_y01_191109/job_log_00189389.txt
HTAR: a   instcat_y01_191109/job_log_00189390.txt
HTAR: a   instcat_y01_191109/job_log_00189408.txt
HTAR: a   instcat_y01_191109/job_log_00189409.txt
HTAR: a   instcat_y01_191109/job_log_00189410.txt
HTAR: a   instcat_y01_191109/job_log_00189437.txt
HTAR: a   instcat_y01_191109/job_log_00189438.txt
HTAR: a   instcat_y01_191109/job_log_00190185.txt
HTAR: a   instcat_y01_191109/job_log_00190186.txt
HTAR: a   instcat_y01_191109/job_log_00190188.txt
HTAR: a   instcat_y01_191109/job_log_00190235.txt
HTAR: a   instcat_y01_191109/job_log_00190240.txt
HTAR: a   instcat_y01_191109/job_log_00190245.txt
HTAR: a   instcat_y01_191109/job_log_00190246.txt
HTAR: a   instcat_y01_191109/job_log_00190247.txt
HTAR: a   instcat_y01_191109/job_log_00190261.txt
HTAR: a   instcat_y01_191109/job_log_00190264.txt
HTAR: a   instcat_y01_191109/job_log_00190265.txt
HTAR: a   instcat_y01_191109/job_log_00190266.txt
HTAR: a   instcat_y01_191109/job_log_00190267.txt
HTAR: a   instcat_y01_191109/job_log_00190268.txt
HTAR: a   instcat_y01_191109/job_log_00190269.txt
HTAR: a   instcat_y01_191109/job_log_00190270.txt
HTAR: a   instcat_y01_191109/job_log_00190271.txt
HTAR: a   instcat_y01_191109/job_log_00190272.txt
HTAR: a   instcat_y01_191109/job_log_00190278.txt
HTAR: a   instcat_y01_191109/job_log_00190279.txt
HTAR: a   instcat_y01_191109/job_log_00190280.txt
HTAR: a   instcat_y01_191109/job_log_00190281.txt
HTAR: a   instcat_y01_191109/job_log_00190282.txt
HTAR: a   instcat_y01_191109/job_log_00190283.txt
HTAR: a   instcat_y01_191109/job_log_00190284.txt
HTAR: a   instcat_y01_191109/job_log_00190286.txt
HTAR: a   instcat_y01_191109/job_log_00190287.txt
HTAR: a   instcat_y01_191109/job_log_00190288.txt
HTAR: a   instcat_y01_191109/job_log_00190289.txt
HTAR: a   instcat_y01_191109/job_log_00190290.txt
HTAR: a   instcat_y01_191109/job_log_00190291.txt
HTAR: a   instcat_y01_191109/job_log_00190306.txt
HTAR: a   instcat_y01_191109/job_log_00190307.txt
HTAR: a   instcat_y01_191109/job_log_00190308.txt
HTAR: a   instcat_y01_191109/job_log_00190309.txt
HTAR: a   instcat_y01_191109/job_log_00190310.txt
HTAR: a   instcat_y01_191109/job_log_00190311.txt
HTAR: a   instcat_y01_191109/job_log_00190312.txt
HTAR: a   instcat_y01_191109/job_log_00190313.txt
HTAR: a   instcat_y01_191109/job_log_00190314.txt
HTAR: a   instcat_y01_191109/job_log_00190320.txt
HTAR: a   instcat_y01_191109/job_log_00190321.txt
HTAR: a   instcat_y01_191109/job_log_00190322.txt
HTAR: a   instcat_y01_191109/job_log_00190323.txt
HTAR: a   instcat_y01_191109/job_log_00190325.txt
HTAR: a   instcat_y01_191109/job_log_00190326.txt
HTAR: a   instcat_y01_191109/job_log_00190327.txt
HTAR: a   instcat_y01_191109/job_log_00190328.txt
HTAR: a   instcat_y01_191109/job_log_00190329.txt
HTAR: a   instcat_y01_191109/job_log_00190330.txt
HTAR: a   instcat_y01_191109/job_log_00190331.txt
HTAR: a   instcat_y01_191109/job_log_00190332.txt
HTAR: a   instcat_y01_191109/job_log_00190333.txt
HTAR: a   instcat_y01_191109/job_log_00190334.txt
HTAR: a   instcat_y01_191109/job_log_00190335.txt
HTAR: a   instcat_y01_191109/job_log_00190336.txt
HTAR: a   instcat_y01_191109/job_log_00190337.txt
HTAR: a   instcat_y01_191109/job_log_00190338.txt
HTAR: a   instcat_y01_191109/job_log_00190339.txt
HTAR: a   instcat_y01_191109/job_log_00190340.txt
HTAR: a   instcat_y01_191109/job_log_00190349.txt
HTAR: a   instcat_y01_191109/job_log_00190486.txt
HTAR: a   instcat_y01_191109/job_log_00190487.txt
HTAR: a   instcat_y01_191109/job_log_00190488.txt
HTAR: a   instcat_y01_191109/job_log_00190489.txt
HTAR: a   instcat_y01_191109/job_log_00190490.txt
HTAR: a   instcat_y01_191109/job_log_00190491.txt
HTAR: a   /tmp/HTAR_CF_CHK_62939_1578364726
HTAR Create complete for /home/projects/desc/DC2_ImSim/Run2.2i/instCat/y01_191109/00187561to00190491.tar. 522,279,972,352 bytes written for 242 member files, max threads: 50 Transfer time: 3667.391 seconds (142.412 MB/s) wallclock/user/sys: 3672.650 4345.730 1705.474 seconds
HTAR: HTAR SUCCESSFUL
HTAR: a   instcat_y01_191109/00190492.tar.gz
HTAR: a   instcat_y01_191109/00190493.tar.gz
HTAR: a   instcat_y01_191109/00190494.tar.gz
HTAR: a   instcat_y01_191109/00190495.tar.gz
HTAR: a   instcat_y01_191109/00190496.tar.gz
HTAR: a   instcat_y01_191109/00190498.tar.gz
HTAR: a   instcat_y01_191109/00190499.tar.gz
HTAR: a   instcat_y01_191109/00190500.tar.gz
HTAR: a   instcat_y01_191109/00190501.tar.gz
HTAR: a   instcat_y01_191109/00190502.tar.gz
HTAR: a   instcat_y01_191109/00190503.tar.gz
HTAR: a   instcat_y01_191109/00190504.tar.gz
HTAR: a   instcat_y01_191109/00190505.tar.gz
HTAR: a   instcat_y01_191109/00190506.tar.gz
HTAR: a   instcat_y01_191109/00190585.tar.gz
HTAR: a   instcat_y01_191109/00190604.tar.gz
HTAR: a   instcat_y01_191109/00190607.tar.gz
HTAR: a   instcat_y01_191109/00190612.tar.gz
HTAR: a   instcat_y01_191109/00190624.tar.gz
HTAR: a   instcat_y01_191109/00191126.tar.gz
HTAR: a   instcat_y01_191109/00191127.tar.gz
HTAR: a   instcat_y01_191109/00191128.tar.gz
HTAR: a   instcat_y01_191109/00191129.tar.gz
HTAR: a   instcat_y01_191109/00191133.tar.gz
HTAR: a   instcat_y01_191109/00191134.tar.gz
HTAR: a   instcat_y01_191109/00191135.tar.gz
HTAR: a   instcat_y01_191109/00191139.tar.gz
HTAR: a   instcat_y01_191109/00191140.tar.gz
HTAR: a   instcat_y01_191109/00191141.tar.gz
HTAR: a   instcat_y01_191109/00191143.tar.gz
HTAR: a   instcat_y01_191109/00191144.tar.gz
HTAR: a   instcat_y01_191109/00191145.tar.gz
HTAR: a   instcat_y01_191109/00191146.tar.gz
HTAR: a   instcat_y01_191109/00191152.tar.gz
HTAR: a   instcat_y01_191109/00191153.tar.gz
HTAR: a   instcat_y01_191109/00191157.tar.gz
HTAR: a   instcat_y01_191109/00191158.tar.gz
HTAR: a   instcat_y01_191109/00191159.tar.gz
HTAR: a   instcat_y01_191109/00191160.tar.gz
HTAR: a   instcat_y01_191109/00191167.tar.gz
HTAR: a   instcat_y01_191109/00191168.tar.gz
HTAR: a   instcat_y01_191109/00191169.tar.gz
HTAR: a   instcat_y01_191109/00191178.tar.gz
HTAR: a   instcat_y01_191109/00191179.tar.gz
HTAR: a   instcat_y01_191109/00191180.tar.gz
HTAR: a   instcat_y01_191109/00191216.tar.gz
HTAR: a   instcat_y01_191109/00191217.tar.gz
HTAR: a   instcat_y01_191109/00191250.tar.gz
HTAR: a   instcat_y01_191109/00191251.tar.gz
HTAR: a   instcat_y01_191109/00191252.tar.gz
HTAR: a   instcat_y01_191109/00191253.tar.gz
HTAR: a   instcat_y01_191109/00191280.tar.gz
HTAR: a   instcat_y01_191109/00191281.tar.gz
HTAR: a   instcat_y01_191109/00191282.tar.gz
HTAR: a   instcat_y01_191109/00191299.tar.gz
HTAR: a   instcat_y01_191109/00191339.tar.gz
HTAR: a   instcat_y01_191109/00191340.tar.gz
HTAR: a   instcat_y01_191109/00191341.tar.gz
HTAR: a   instcat_y01_191109/00191375.tar.gz
HTAR: a   instcat_y01_191109/00191376.tar.gz
HTAR: a   instcat_y01_191109/00191377.tar.gz
HTAR: a   instcat_y01_191109/00191378.tar.gz
HTAR: a   instcat_y01_191109/00191379.tar.gz
HTAR: a   instcat_y01_191109/00191380.tar.gz
HTAR: a   instcat_y01_191109/00191381.tar.gz
HTAR: a   instcat_y01_191109/00191417.tar.gz
HTAR: a   instcat_y01_191109/00191425.tar.gz
HTAR: a   instcat_y01_191109/00191426.tar.gz
HTAR: a   instcat_y01_191109/00191448.tar.gz
HTAR: a   instcat_y01_191109/00191449.tar.gz
HTAR: a   instcat_y01_191109/00192278.tar.gz
HTAR: a   instcat_y01_191109/00192279.tar.gz
HTAR: a   instcat_y01_191109/00192280.tar.gz
HTAR: a   instcat_y01_191109/00192308.tar.gz
HTAR: a   instcat_y01_191109/00192347.tar.gz
HTAR: a   instcat_y01_191109/00192348.tar.gz
HTAR: a   instcat_y01_191109/00192350.tar.gz
HTAR: a   instcat_y01_191109/00192351.tar.gz
HTAR: a   instcat_y01_191109/00192352.tar.gz
HTAR: a   instcat_y01_191109/00192353.tar.gz
HTAR: a   instcat_y01_191109/00192354.tar.gz
HTAR: a   instcat_y01_191109/00192355.tar.gz
HTAR: a   instcat_y01_191109/00192356.tar.gz
HTAR: a   instcat_y01_191109/00192357.tar.gz
HTAR: a   instcat_y01_191109/00192358.tar.gz
HTAR: a   instcat_y01_191109/00192359.tar.gz
HTAR: a   instcat_y01_191109/00192360.tar.gz
HTAR: a   instcat_y01_191109/00192379.tar.gz
HTAR: a   instcat_y01_191109/00192895.tar.gz
HTAR: a   instcat_y01_191109/00192896.tar.gz
HTAR: a   instcat_y01_191109/00192897.tar.gz
HTAR: a   instcat_y01_191109/00192898.tar.gz
HTAR: a   instcat_y01_191109/00192899.tar.gz
HTAR: a   instcat_y01_191109/00192900.tar.gz
HTAR: a   instcat_y01_191109/00192901.tar.gz
HTAR: a   instcat_y01_191109/00192902.tar.gz
HTAR: a   instcat_y01_191109/00192903.tar.gz
HTAR: a   instcat_y01_191109/00192904.tar.gz
HTAR: a   instcat_y01_191109/00192905.tar.gz
HTAR: a   instcat_y01_191109/00192906.tar.gz
HTAR: a   instcat_y01_191109/00192907.tar.gz
HTAR: a   instcat_y01_191109/00192908.tar.gz
HTAR: a   instcat_y01_191109/00192909.tar.gz
HTAR: a   instcat_y01_191109/00192910.tar.gz
HTAR: a   instcat_y01_191109/00192911.tar.gz
HTAR: a   instcat_y01_191109/00192912.tar.gz
HTAR: a   instcat_y01_191109/00192913.tar.gz
HTAR: a   instcat_y01_191109/00192914.tar.gz
HTAR: a   instcat_y01_191109/00192915.tar.gz
HTAR: a   instcat_y01_191109/00192916.tar.gz
HTAR: a   instcat_y01_191109/00192917.tar.gz
HTAR: a   instcat_y01_191109/00192918.tar.gz
HTAR: a   instcat_y01_191109/00192919.tar.gz
HTAR: a   instcat_y01_191109/00192920.tar.gz
HTAR: a   instcat_y01_191109/00192921.tar.gz
HTAR: a   instcat_y01_191109/00192922.tar.gz
HTAR: a   instcat_y01_191109/00192923.tar.gz
HTAR: a   instcat_y01_191109/00192924.tar.gz
HTAR: a   instcat_y01_191109/00192925.tar.gz
HTAR: a   instcat_y01_191109/00192926.tar.gz
HTAR: a   instcat_y01_191109/00192927.tar.gz
HTAR: a   instcat_y01_191109/job_log_00190492.txt
HTAR: a   instcat_y01_191109/job_log_00190493.txt
HTAR: a   instcat_y01_191109/job_log_00190494.txt
HTAR: a   instcat_y01_191109/job_log_00190495.txt
HTAR: a   instcat_y01_191109/job_log_00190496.txt
HTAR: a   instcat_y01_191109/job_log_00190498.txt
HTAR: a   instcat_y01_191109/job_log_00190499.txt
HTAR: a   instcat_y01_191109/job_log_00190500.txt
HTAR: a   instcat_y01_191109/job_log_00190501.txt
HTAR: a   instcat_y01_191109/job_log_00190502.txt
HTAR: a   instcat_y01_191109/job_log_00190503.txt
HTAR: a   instcat_y01_191109/job_log_00190504.txt
HTAR: a   instcat_y01_191109/job_log_00190505.txt
HTAR: a   instcat_y01_191109/job_log_00190506.txt
HTAR: a   instcat_y01_191109/job_log_00190585.txt
HTAR: a   instcat_y01_191109/job_log_00190604.txt
HTAR: a   instcat_y01_191109/job_log_00190607.txt
HTAR: a   instcat_y01_191109/job_log_00190612.txt
HTAR: a   instcat_y01_191109/job_log_00190624.txt
HTAR: a   instcat_y01_191109/job_log_00191126.txt
HTAR: a   instcat_y01_191109/job_log_00191127.txt
HTAR: a   instcat_y01_191109/job_log_00191128.txt
HTAR: a   instcat_y01_191109/job_log_00191129.txt
HTAR: a   instcat_y01_191109/job_log_00191133.txt
HTAR: a   instcat_y01_191109/job_log_00191134.txt
HTAR: a   instcat_y01_191109/job_log_00191135.txt
HTAR: a   instcat_y01_191109/job_log_00191139.txt
HTAR: a   instcat_y01_191109/job_log_00191140.txt
HTAR: a   instcat_y01_191109/job_log_00191141.txt
HTAR: a   instcat_y01_191109/job_log_00191143.txt
HTAR: a   instcat_y01_191109/job_log_00191144.txt
HTAR: a   instcat_y01_191109/job_log_00191145.txt
HTAR: a   instcat_y01_191109/job_log_00191146.txt
HTAR: a   instcat_y01_191109/job_log_00191152.txt
HTAR: a   instcat_y01_191109/job_log_00191153.txt
HTAR: a   instcat_y01_191109/job_log_00191157.txt
HTAR: a   instcat_y01_191109/job_log_00191158.txt
HTAR: a   instcat_y01_191109/job_log_00191159.txt
HTAR: a   instcat_y01_191109/job_log_00191160.txt
HTAR: a   instcat_y01_191109/job_log_00191167.txt
HTAR: a   instcat_y01_191109/job_log_00191168.txt
HTAR: a   instcat_y01_191109/job_log_00191169.txt
HTAR: a   instcat_y01_191109/job_log_00191178.txt
HTAR: a   instcat_y01_191109/job_log_00191179.txt
HTAR: a   instcat_y01_191109/job_log_00191180.txt
HTAR: a   instcat_y01_191109/job_log_00191216.txt
HTAR: a   instcat_y01_191109/job_log_00191217.txt
HTAR: a   instcat_y01_191109/job_log_00191250.txt
HTAR: a   instcat_y01_191109/job_log_00191251.txt
HTAR: a   instcat_y01_191109/job_log_00191252.txt
HTAR: a   instcat_y01_191109/job_log_00191253.txt
HTAR: a   instcat_y01_191109/job_log_00191280.txt
HTAR: a   instcat_y01_191109/job_log_00191281.txt
HTAR: a   instcat_y01_191109/job_log_00191282.txt
HTAR: a   instcat_y01_191109/job_log_00191299.txt
HTAR: a   instcat_y01_191109/job_log_00191339.txt
HTAR: a   instcat_y01_191109/job_log_00191340.txt
HTAR: a   instcat_y01_191109/job_log_00191341.txt
HTAR: a   instcat_y01_191109/job_log_00191375.txt
HTAR: a   instcat_y01_191109/job_log_00191376.txt
HTAR: a   instcat_y01_191109/job_log_00191377.txt
HTAR: a   instcat_y01_191109/job_log_00191378.txt
HTAR: a   instcat_y01_191109/job_log_00191379.txt
HTAR: a   instcat_y01_191109/job_log_00191380.txt
HTAR: a   instcat_y01_191109/job_log_00191381.txt
HTAR: a   instcat_y01_191109/job_log_00191417.txt
HTAR: a   instcat_y01_191109/job_log_00191425.txt
HTAR: a   instcat_y01_191109/job_log_00191426.txt
HTAR: a   instcat_y01_191109/job_log_00191448.txt
HTAR: a   instcat_y01_191109/job_log_00191449.txt
HTAR: a   instcat_y01_191109/job_log_00192278.txt
HTAR: a   instcat_y01_191109/job_log_00192279.txt
HTAR: a   instcat_y01_191109/job_log_00192280.txt
HTAR: a   instcat_y01_191109/job_log_00192308.txt
HTAR: a   instcat_y01_191109/job_log_00192347.txt
HTAR: a   instcat_y01_191109/job_log_00192348.txt
HTAR: a   instcat_y01_191109/job_log_00192350.txt
HTAR: a   instcat_y01_191109/job_log_00192351.txt
HTAR: a   instcat_y01_191109/job_log_00192352.txt
HTAR: a   instcat_y01_191109/job_log_00192353.txt
HTAR: a   instcat_y01_191109/job_log_00192354.txt
HTAR: a   instcat_y01_191109/job_log_00192355.txt
HTAR: a   instcat_y01_191109/job_log_00192356.txt
HTAR: a   instcat_y01_191109/job_log_00192357.txt
HTAR: a   instcat_y01_191109/job_log_00192358.txt
HTAR: a   instcat_y01_191109/job_log_00192359.txt
HTAR: a   instcat_y01_191109/job_log_00192360.txt
HTAR: a   instcat_y01_191109/job_log_00192379.txt
HTAR: a   instcat_y01_191109/job_log_00192895.txt
HTAR: a   instcat_y01_191109/job_log_00192896.txt
HTAR: a   instcat_y01_191109/job_log_00192897.txt
HTAR: a   instcat_y01_191109/job_log_00192898.txt
HTAR: a   instcat_y01_191109/job_log_00192899.txt
HTAR: a   instcat_y01_191109/job_log_00192900.txt
HTAR: a   instcat_y01_191109/job_log_00192901.txt
HTAR: a   instcat_y01_191109/job_log_00192902.txt
HTAR: a   instcat_y01_191109/job_log_00192903.txt
HTAR: a   instcat_y01_191109/job_log_00192904.txt
HTAR: a   instcat_y01_191109/job_log_00192905.txt
HTAR: a   instcat_y01_191109/job_log_00192906.txt
HTAR: a   instcat_y01_191109/job_log_00192907.txt
HTAR: a   instcat_y01_191109/job_log_00192908.txt
HTAR: a   instcat_y01_191109/job_log_00192909.txt
HTAR: a   instcat_y01_191109/job_log_00192910.txt
HTAR: a   instcat_y01_191109/job_log_00192911.txt
HTAR: a   instcat_y01_191109/job_log_00192912.txt
HTAR: a   instcat_y01_191109/job_log_00192913.txt
HTAR: a   instcat_y01_191109/job_log_00192914.txt
HTAR: a   instcat_y01_191109/job_log_00192915.txt
HTAR: a   instcat_y01_191109/job_log_00192916.txt
HTAR: a   instcat_y01_191109/job_log_00192917.txt
HTAR: a   instcat_y01_191109/job_log_00192918.txt
HTAR: a   instcat_y01_191109/job_log_00192919.txt
HTAR: a   instcat_y01_191109/job_log_00192920.txt
HTAR: a   instcat_y01_191109/job_log_00192921.txt
HTAR: a   instcat_y01_191109/job_log_00192922.txt
HTAR: a   instcat_y01_191109/job_log_00192923.txt
HTAR: a   instcat_y01_191109/job_log_00192924.txt
HTAR: a   instcat_y01_191109/job_log_00192925.txt
HTAR: a   instcat_y01_191109/job_log_00192926.txt
HTAR: a   instcat_y01_191109/job_log_00192927.txt
HTAR: a   /tmp/HTAR_CF_CHK_40187_1578368403
HTAR Create complete for /home/projects/desc/DC2_ImSim/Run2.2i/instCat/y01_191109/00190492to00192927.tar. 537,377,205,248 bytes written for 242 member files, max threads: 50 Transfer time: 4051.695 seconds (132.630 MB/s) wallclock/user/sys: 4057.343 4746.716 1967.469 seconds
HTAR: HTAR SUCCESSFUL
