HTAR: a   instcat_y01_191109/00237195.tar.gz
HTAR: a   instcat_y01_191109/00237254.tar.gz
HTAR: a   instcat_y01_191109/00237255.tar.gz
HTAR: a   instcat_y01_191109/00237260.tar.gz
HTAR: a   instcat_y01_191109/00237261.tar.gz
HTAR: a   instcat_y01_191109/00237262.tar.gz
HTAR: a   instcat_y01_191109/00237263.tar.gz
HTAR: a   instcat_y01_191109/00237270.tar.gz
HTAR: a   instcat_y01_191109/00237276.tar.gz
HTAR: a   instcat_y01_191109/00237289.tar.gz
HTAR: a   instcat_y01_191109/00237293.tar.gz
HTAR: a   instcat_y01_191109/00237294.tar.gz
HTAR: a   instcat_y01_191109/00237295.tar.gz
HTAR: a   instcat_y01_191109/00237301.tar.gz
HTAR: a   instcat_y01_191109/00237855.tar.gz
HTAR: a   instcat_y01_191109/00237856.tar.gz
HTAR: a   instcat_y01_191109/00237857.tar.gz
HTAR: a   instcat_y01_191109/00237885.tar.gz
HTAR: a   instcat_y01_191109/00237886.tar.gz
HTAR: a   instcat_y01_191109/00237906.tar.gz
HTAR: a   instcat_y01_191109/00237907.tar.gz
HTAR: a   instcat_y01_191109/00237908.tar.gz
HTAR: a   instcat_y01_191109/00237909.tar.gz
HTAR: a   instcat_y01_191109/00237910.tar.gz
HTAR: a   instcat_y01_191109/00237911.tar.gz
HTAR: a   instcat_y01_191109/00237912.tar.gz
HTAR: a   instcat_y01_191109/00237913.tar.gz
HTAR: a   instcat_y01_191109/00237914.tar.gz
HTAR: a   instcat_y01_191109/00237915.tar.gz
HTAR: a   instcat_y01_191109/00237916.tar.gz
HTAR: a   instcat_y01_191109/00237917.tar.gz
HTAR: a   instcat_y01_191109/00237918.tar.gz
HTAR: a   instcat_y01_191109/00237919.tar.gz
HTAR: a   instcat_y01_191109/00237920.tar.gz
HTAR: a   instcat_y01_191109/00237921.tar.gz
HTAR: a   instcat_y01_191109/00237922.tar.gz
HTAR: a   instcat_y01_191109/00237923.tar.gz
HTAR: a   instcat_y01_191109/00237924.tar.gz
HTAR: a   instcat_y01_191109/00237925.tar.gz
HTAR: a   instcat_y01_191109/00237926.tar.gz
HTAR: a   instcat_y01_191109/00237927.tar.gz
HTAR: a   instcat_y01_191109/00238027.tar.gz
HTAR: a   instcat_y01_191109/00238030.tar.gz
HTAR: a   instcat_y01_191109/00238031.tar.gz
HTAR: a   instcat_y01_191109/00238032.tar.gz
HTAR: a   instcat_y01_191109/00238033.tar.gz
HTAR: a   instcat_y01_191109/00238035.tar.gz
HTAR: a   instcat_y01_191109/00238036.tar.gz
HTAR: a   instcat_y01_191109/00238037.tar.gz
HTAR: a   instcat_y01_191109/00238039.tar.gz
HTAR: a   instcat_y01_191109/00238056.tar.gz
HTAR: a   instcat_y01_191109/00238057.tar.gz
HTAR: a   instcat_y01_191109/00238070.tar.gz
HTAR: a   instcat_y01_191109/00238071.tar.gz
HTAR: a   instcat_y01_191109/00238072.tar.gz
HTAR: a   instcat_y01_191109/00238073.tar.gz
HTAR: a   instcat_y01_191109/00238075.tar.gz
HTAR: a   instcat_y01_191109/00238081.tar.gz
HTAR: a   instcat_y01_191109/00238575.tar.gz
HTAR: a   instcat_y01_191109/00238585.tar.gz
HTAR: a   instcat_y01_191109/00238613.tar.gz
HTAR: a   instcat_y01_191109/00238614.tar.gz
HTAR: a   instcat_y01_191109/00238617.tar.gz
HTAR: a   instcat_y01_191109/00238618.tar.gz
HTAR: a   instcat_y01_191109/00238619.tar.gz
HTAR: a   instcat_y01_191109/00238620.tar.gz
HTAR: a   instcat_y01_191109/00238622.tar.gz
HTAR: a   instcat_y01_191109/00238623.tar.gz
HTAR: a   instcat_y01_191109/00238624.tar.gz
HTAR: a   instcat_y01_191109/00238625.tar.gz
HTAR: a   instcat_y01_191109/00238626.tar.gz
HTAR: a   instcat_y01_191109/00238627.tar.gz
HTAR: a   instcat_y01_191109/00238628.tar.gz
HTAR: a   instcat_y01_191109/00238629.tar.gz
HTAR: a   instcat_y01_191109/00238630.tar.gz
HTAR: a   instcat_y01_191109/00238631.tar.gz
HTAR: a   instcat_y01_191109/00238632.tar.gz
HTAR: a   instcat_y01_191109/00238633.tar.gz
HTAR: a   instcat_y01_191109/00238634.tar.gz
HTAR: a   instcat_y01_191109/00238635.tar.gz
HTAR: a   instcat_y01_191109/00238636.tar.gz
HTAR: a   instcat_y01_191109/00238637.tar.gz
HTAR: a   instcat_y01_191109/00238638.tar.gz
HTAR: a   instcat_y01_191109/00238639.tar.gz
HTAR: a   instcat_y01_191109/00238640.tar.gz
HTAR: a   instcat_y01_191109/00238641.tar.gz
HTAR: a   instcat_y01_191109/00238642.tar.gz
HTAR: a   instcat_y01_191109/00238643.tar.gz
HTAR: a   instcat_y01_191109/00238644.tar.gz
HTAR: a   instcat_y01_191109/00239366.tar.gz
HTAR: a   instcat_y01_191109/00239367.tar.gz
HTAR: a   instcat_y01_191109/00239368.tar.gz
HTAR: a   instcat_y01_191109/00239369.tar.gz
HTAR: a   instcat_y01_191109/00239370.tar.gz
HTAR: a   instcat_y01_191109/00239371.tar.gz
HTAR: a   instcat_y01_191109/00239372.tar.gz
HTAR: a   instcat_y01_191109/00239373.tar.gz
HTAR: a   instcat_y01_191109/00239374.tar.gz
HTAR: a   instcat_y01_191109/00239375.tar.gz
HTAR: a   instcat_y01_191109/00239376.tar.gz
HTAR: a   instcat_y01_191109/00239377.tar.gz
HTAR: a   instcat_y01_191109/00239378.tar.gz
HTAR: a   instcat_y01_191109/00239379.tar.gz
HTAR: a   instcat_y01_191109/00239380.tar.gz
HTAR: a   instcat_y01_191109/00239381.tar.gz
HTAR: a   instcat_y01_191109/00239382.tar.gz
HTAR: a   instcat_y01_191109/00239383.tar.gz
HTAR: a   instcat_y01_191109/00239384.tar.gz
HTAR: a   instcat_y01_191109/00239385.tar.gz
HTAR: a   instcat_y01_191109/00240793.tar.gz
HTAR: a   instcat_y01_191109/00240807.tar.gz
HTAR: a   instcat_y01_191109/00240808.tar.gz
HTAR: a   instcat_y01_191109/00240814.tar.gz
HTAR: a   instcat_y01_191109/00240844.tar.gz
HTAR: a   instcat_y01_191109/00240845.tar.gz
HTAR: a   instcat_y01_191109/00240846.tar.gz
HTAR: a   instcat_y01_191109/00240847.tar.gz
HTAR: a   instcat_y01_191109/00240848.tar.gz
HTAR: a   instcat_y01_191109/00240849.tar.gz
HTAR: a   instcat_y01_191109/00240850.tar.gz
HTAR: a   instcat_y01_191109/00240851.tar.gz
HTAR: a   instcat_y01_191109/job_log_00237195.txt
HTAR: a   instcat_y01_191109/job_log_00237254.txt
HTAR: a   instcat_y01_191109/job_log_00237255.txt
HTAR: a   instcat_y01_191109/job_log_00237260.txt
HTAR: a   instcat_y01_191109/job_log_00237261.txt
HTAR: a   instcat_y01_191109/job_log_00237262.txt
HTAR: a   instcat_y01_191109/job_log_00237263.txt
HTAR: a   instcat_y01_191109/job_log_00237270.txt
HTAR: a   instcat_y01_191109/job_log_00237276.txt
HTAR: a   instcat_y01_191109/job_log_00237289.txt
HTAR: a   instcat_y01_191109/job_log_00237293.txt
HTAR: a   instcat_y01_191109/job_log_00237294.txt
HTAR: a   instcat_y01_191109/job_log_00237295.txt
HTAR: a   instcat_y01_191109/job_log_00237301.txt
HTAR: a   instcat_y01_191109/job_log_00237855.txt
HTAR: a   instcat_y01_191109/job_log_00237856.txt
HTAR: a   instcat_y01_191109/job_log_00237857.txt
HTAR: a   instcat_y01_191109/job_log_00237885.txt
HTAR: a   instcat_y01_191109/job_log_00237886.txt
HTAR: a   instcat_y01_191109/job_log_00237906.txt
HTAR: a   instcat_y01_191109/job_log_00237907.txt
HTAR: a   instcat_y01_191109/job_log_00237908.txt
HTAR: a   instcat_y01_191109/job_log_00237909.txt
HTAR: a   instcat_y01_191109/job_log_00237910.txt
HTAR: a   instcat_y01_191109/job_log_00237911.txt
HTAR: a   instcat_y01_191109/job_log_00237912.txt
HTAR: a   instcat_y01_191109/job_log_00237913.txt
HTAR: a   instcat_y01_191109/job_log_00237914.txt
HTAR: a   instcat_y01_191109/job_log_00237915.txt
HTAR: a   instcat_y01_191109/job_log_00237916.txt
HTAR: a   instcat_y01_191109/job_log_00237917.txt
HTAR: a   instcat_y01_191109/job_log_00237918.txt
HTAR: a   instcat_y01_191109/job_log_00237919.txt
HTAR: a   instcat_y01_191109/job_log_00237920.txt
HTAR: a   instcat_y01_191109/job_log_00237921.txt
HTAR: a   instcat_y01_191109/job_log_00237922.txt
HTAR: a   instcat_y01_191109/job_log_00237923.txt
HTAR: a   instcat_y01_191109/job_log_00237924.txt
HTAR: a   instcat_y01_191109/job_log_00237925.txt
HTAR: a   instcat_y01_191109/job_log_00237926.txt
HTAR: a   instcat_y01_191109/job_log_00237927.txt
HTAR: a   instcat_y01_191109/job_log_00238027.txt
HTAR: a   instcat_y01_191109/job_log_00238030.txt
HTAR: a   instcat_y01_191109/job_log_00238031.txt
HTAR: a   instcat_y01_191109/job_log_00238032.txt
HTAR: a   instcat_y01_191109/job_log_00238033.txt
HTAR: a   instcat_y01_191109/job_log_00238035.txt
HTAR: a   instcat_y01_191109/job_log_00238036.txt
HTAR: a   instcat_y01_191109/job_log_00238037.txt
HTAR: a   instcat_y01_191109/job_log_00238039.txt
HTAR: a   instcat_y01_191109/job_log_00238056.txt
HTAR: a   instcat_y01_191109/job_log_00238057.txt
HTAR: a   instcat_y01_191109/job_log_00238070.txt
HTAR: a   instcat_y01_191109/job_log_00238071.txt
HTAR: a   instcat_y01_191109/job_log_00238072.txt
HTAR: a   instcat_y01_191109/job_log_00238073.txt
HTAR: a   instcat_y01_191109/job_log_00238075.txt
HTAR: a   instcat_y01_191109/job_log_00238081.txt
HTAR: a   instcat_y01_191109/job_log_00238575.txt
HTAR: a   instcat_y01_191109/job_log_00238585.txt
HTAR: a   instcat_y01_191109/job_log_00238613.txt
HTAR: a   instcat_y01_191109/job_log_00238614.txt
HTAR: a   instcat_y01_191109/job_log_00238617.txt
HTAR: a   instcat_y01_191109/job_log_00238618.txt
HTAR: a   instcat_y01_191109/job_log_00238619.txt
HTAR: a   instcat_y01_191109/job_log_00238620.txt
HTAR: a   instcat_y01_191109/job_log_00238622.txt
HTAR: a   instcat_y01_191109/job_log_00238623.txt
HTAR: a   instcat_y01_191109/job_log_00238624.txt
HTAR: a   instcat_y01_191109/job_log_00238625.txt
HTAR: a   instcat_y01_191109/job_log_00238626.txt
HTAR: a   instcat_y01_191109/job_log_00238627.txt
HTAR: a   instcat_y01_191109/job_log_00238628.txt
HTAR: a   instcat_y01_191109/job_log_00238629.txt
HTAR: a   instcat_y01_191109/job_log_00238630.txt
HTAR: a   instcat_y01_191109/job_log_00238631.txt
HTAR: a   instcat_y01_191109/job_log_00238632.txt
HTAR: a   instcat_y01_191109/job_log_00238633.txt
HTAR: a   instcat_y01_191109/job_log_00238634.txt
HTAR: a   instcat_y01_191109/job_log_00238635.txt
HTAR: a   instcat_y01_191109/job_log_00238636.txt
HTAR: a   instcat_y01_191109/job_log_00238637.txt
HTAR: a   instcat_y01_191109/job_log_00238638.txt
HTAR: a   instcat_y01_191109/job_log_00238639.txt
HTAR: a   instcat_y01_191109/job_log_00238640.txt
HTAR: a   instcat_y01_191109/job_log_00238641.txt
HTAR: a   instcat_y01_191109/job_log_00238642.txt
HTAR: a   instcat_y01_191109/job_log_00238643.txt
HTAR: a   instcat_y01_191109/job_log_00238644.txt
HTAR: a   instcat_y01_191109/job_log_00239366.txt
HTAR: a   instcat_y01_191109/job_log_00239367.txt
HTAR: a   instcat_y01_191109/job_log_00239368.txt
HTAR: a   instcat_y01_191109/job_log_00239369.txt
HTAR: a   instcat_y01_191109/job_log_00239370.txt
HTAR: a   instcat_y01_191109/job_log_00239371.txt
HTAR: a   instcat_y01_191109/job_log_00239372.txt
HTAR: a   instcat_y01_191109/job_log_00239373.txt
HTAR: a   instcat_y01_191109/job_log_00239374.txt
HTAR: a   instcat_y01_191109/job_log_00239375.txt
HTAR: a   instcat_y01_191109/job_log_00239376.txt
HTAR: a   instcat_y01_191109/job_log_00239377.txt
HTAR: a   instcat_y01_191109/job_log_00239378.txt
HTAR: a   instcat_y01_191109/job_log_00239379.txt
HTAR: a   instcat_y01_191109/job_log_00239380.txt
HTAR: a   instcat_y01_191109/job_log_00239381.txt
HTAR: a   instcat_y01_191109/job_log_00239382.txt
HTAR: a   instcat_y01_191109/job_log_00239383.txt
HTAR: a   instcat_y01_191109/job_log_00239384.txt
HTAR: a   instcat_y01_191109/job_log_00239385.txt
HTAR: a   instcat_y01_191109/job_log_00240793.txt
HTAR: a   instcat_y01_191109/job_log_00240807.txt
HTAR: a   instcat_y01_191109/job_log_00240808.txt
HTAR: a   instcat_y01_191109/job_log_00240814.txt
HTAR: a   instcat_y01_191109/job_log_00240844.txt
HTAR: a   instcat_y01_191109/job_log_00240845.txt
HTAR: a   instcat_y01_191109/job_log_00240846.txt
HTAR: a   instcat_y01_191109/job_log_00240847.txt
HTAR: a   instcat_y01_191109/job_log_00240848.txt
HTAR: a   instcat_y01_191109/job_log_00240849.txt
HTAR: a   instcat_y01_191109/job_log_00240850.txt
HTAR: a   instcat_y01_191109/job_log_00240851.txt
HTAR: a   /tmp/HTAR_CF_CHK_16143_1578349597
HTAR Create complete for /home/projects/desc/DC2_ImSim/Run2.2i/instCat/y01_191109/00237195to00240851.tar. 552,187,761,152 bytes written for 242 member files, max threads: 50 Transfer time: 4917.872 seconds (112.282 MB/s) wallclock/user/sys: 4922.606 5710.889 2334.551 seconds
HTAR: HTAR SUCCESSFUL
HTAR: a   instcat_y01_191109/00240852.tar.gz
HTAR: a   instcat_y01_191109/00240853.tar.gz
HTAR: a   instcat_y01_191109/00240854.tar.gz
HTAR: a   instcat_y01_191109/00240855.tar.gz
HTAR: a   instcat_y01_191109/00240856.tar.gz
HTAR: a   instcat_y01_191109/00240857.tar.gz
HTAR: a   instcat_y01_191109/00240858.tar.gz
HTAR: a   instcat_y01_191109/00240859.tar.gz
HTAR: a   instcat_y01_191109/00240860.tar.gz
HTAR: a   instcat_y01_191109/00240861.tar.gz
HTAR: a   instcat_y01_191109/00240864.tar.gz
HTAR: a   instcat_y01_191109/00240865.tar.gz
HTAR: a   instcat_y01_191109/00240866.tar.gz
HTAR: a   instcat_y01_191109/00240867.tar.gz
HTAR: a   instcat_y01_191109/00240899.tar.gz
HTAR: a   instcat_y01_191109/00240900.tar.gz
HTAR: a   instcat_y01_191109/00241985.tar.gz
HTAR: a   instcat_y01_191109/00241986.tar.gz
HTAR: a   instcat_y01_191109/00241987.tar.gz
HTAR: a   instcat_y01_191109/00241988.tar.gz
HTAR: a   instcat_y01_191109/00241989.tar.gz
HTAR: a   instcat_y01_191109/00241990.tar.gz
HTAR: a   instcat_y01_191109/00241991.tar.gz
HTAR: a   instcat_y01_191109/00241992.tar.gz
HTAR: a   instcat_y01_191109/00241993.tar.gz
HTAR: a   instcat_y01_191109/00241994.tar.gz
HTAR: a   instcat_y01_191109/00241995.tar.gz
HTAR: a   instcat_y01_191109/00241996.tar.gz
HTAR: a   instcat_y01_191109/00241997.tar.gz
HTAR: a   instcat_y01_191109/00241998.tar.gz
HTAR: a   instcat_y01_191109/00241999.tar.gz
HTAR: a   instcat_y01_191109/00242000.tar.gz
HTAR: a   instcat_y01_191109/00242001.tar.gz
HTAR: a   instcat_y01_191109/00242002.tar.gz
HTAR: a   instcat_y01_191109/00242003.tar.gz
HTAR: a   instcat_y01_191109/00242004.tar.gz
HTAR: a   instcat_y01_191109/00242005.tar.gz
HTAR: a   instcat_y01_191109/00242006.tar.gz
HTAR: a   instcat_y01_191109/00242007.tar.gz
HTAR: a   instcat_y01_191109/00242008.tar.gz
HTAR: a   instcat_y01_191109/00242009.tar.gz
HTAR: a   instcat_y01_191109/00242010.tar.gz
HTAR: a   instcat_y01_191109/00242011.tar.gz
HTAR: a   instcat_y01_191109/00242012.tar.gz
HTAR: a   instcat_y01_191109/00242013.tar.gz
HTAR: a   instcat_y01_191109/00242014.tar.gz
HTAR: a   instcat_y01_191109/00242015.tar.gz
HTAR: a   instcat_y01_191109/00242016.tar.gz
HTAR: a   instcat_y01_191109/00242017.tar.gz
HTAR: a   instcat_y01_191109/00242018.tar.gz
HTAR: a   instcat_y01_191109/00242019.tar.gz
HTAR: a   instcat_y01_191109/00242020.tar.gz
HTAR: a   instcat_y01_191109/00242021.tar.gz
HTAR: a   instcat_y01_191109/00242022.tar.gz
HTAR: a   instcat_y01_191109/00242023.tar.gz
HTAR: a   instcat_y01_191109/00242024.tar.gz
HTAR: a   instcat_y01_191109/00242025.tar.gz
HTAR: a   instcat_y01_191109/00242026.tar.gz
HTAR: a   instcat_y01_191109/00242027.tar.gz
HTAR: a   instcat_y01_191109/00242028.tar.gz
HTAR: a   instcat_y01_191109/00242029.tar.gz
HTAR: a   instcat_y01_191109/00242030.tar.gz
HTAR: a   instcat_y01_191109/00242031.tar.gz
HTAR: a   instcat_y01_191109/00242032.tar.gz
HTAR: a   instcat_y01_191109/00242033.tar.gz
HTAR: a   instcat_y01_191109/00242034.tar.gz
HTAR: a   instcat_y01_191109/00242035.tar.gz
HTAR: a   instcat_y01_191109/00242036.tar.gz
HTAR: a   instcat_y01_191109/00242037.tar.gz
HTAR: a   instcat_y01_191109/00242038.tar.gz
HTAR: a   instcat_y01_191109/00242039.tar.gz
HTAR: a   instcat_y01_191109/00242040.tar.gz
HTAR: a   instcat_y01_191109/00242041.tar.gz
HTAR: a   instcat_y01_191109/00242042.tar.gz
HTAR: a   instcat_y01_191109/00242043.tar.gz
HTAR: a   instcat_y01_191109/00242044.tar.gz
HTAR: a   instcat_y01_191109/00242045.tar.gz
HTAR: a   instcat_y01_191109/00242046.tar.gz
HTAR: a   instcat_y01_191109/00242047.tar.gz
HTAR: a   instcat_y01_191109/00242048.tar.gz
HTAR: a   instcat_y01_191109/00242049.tar.gz
HTAR: a   instcat_y01_191109/00242050.tar.gz
HTAR: a   instcat_y01_191109/00242051.tar.gz
HTAR: a   instcat_y01_191109/00242052.tar.gz
HTAR: a   instcat_y01_191109/00242053.tar.gz
HTAR: a   instcat_y01_191109/00242054.tar.gz
HTAR: a   instcat_y01_191109/00242055.tar.gz
HTAR: a   instcat_y01_191109/00242056.tar.gz
HTAR: a   instcat_y01_191109/00242057.tar.gz
HTAR: a   instcat_y01_191109/00242058.tar.gz
HTAR: a   instcat_y01_191109/00242059.tar.gz
HTAR: a   instcat_y01_191109/00242060.tar.gz
HTAR: a   instcat_y01_191109/00242061.tar.gz
HTAR: a   instcat_y01_191109/00242062.tar.gz
HTAR: a   instcat_y01_191109/00242063.tar.gz
HTAR: a   instcat_y01_191109/00242064.tar.gz
HTAR: a   instcat_y01_191109/00242065.tar.gz
HTAR: a   instcat_y01_191109/00242066.tar.gz
HTAR: a   instcat_y01_191109/00242067.tar.gz
HTAR: a   instcat_y01_191109/00242068.tar.gz
HTAR: a   instcat_y01_191109/00242069.tar.gz
HTAR: a   instcat_y01_191109/00242070.tar.gz
HTAR: a   instcat_y01_191109/00242071.tar.gz
HTAR: a   instcat_y01_191109/00242072.tar.gz
HTAR: a   instcat_y01_191109/00242073.tar.gz
HTAR: a   instcat_y01_191109/00242074.tar.gz
HTAR: a   instcat_y01_191109/00242075.tar.gz
HTAR: a   instcat_y01_191109/00242076.tar.gz
HTAR: a   instcat_y01_191109/00242077.tar.gz
HTAR: a   instcat_y01_191109/00242078.tar.gz
HTAR: a   instcat_y01_191109/00242079.tar.gz
HTAR: a   instcat_y01_191109/00242080.tar.gz
HTAR: a   instcat_y01_191109/00242271.tar.gz
HTAR: a   instcat_y01_191109/00242272.tar.gz
HTAR: a   instcat_y01_191109/00242287.tar.gz
HTAR: a   instcat_y01_191109/00242288.tar.gz
HTAR: a   instcat_y01_191109/00242417.tar.gz
HTAR: a   instcat_y01_191109/00242445.tar.gz
HTAR: a   instcat_y01_191109/00242462.tar.gz
HTAR: a   instcat_y01_191109/00242463.tar.gz
HTAR: a   instcat_y01_191109/00242464.tar.gz
HTAR: a   instcat_y01_191109/job_log_00240852.txt
HTAR: a   instcat_y01_191109/job_log_00240853.txt
HTAR: a   instcat_y01_191109/job_log_00240854.txt
HTAR: a   instcat_y01_191109/job_log_00240855.txt
HTAR: a   instcat_y01_191109/job_log_00240856.txt
HTAR: a   instcat_y01_191109/job_log_00240857.txt
HTAR: a   instcat_y01_191109/job_log_00240858.txt
HTAR: a   instcat_y01_191109/job_log_00240859.txt
HTAR: a   instcat_y01_191109/job_log_00240860.txt
HTAR: a   instcat_y01_191109/job_log_00240861.txt
HTAR: a   instcat_y01_191109/job_log_00240864.txt
HTAR: a   instcat_y01_191109/job_log_00240865.txt
HTAR: a   instcat_y01_191109/job_log_00240866.txt
HTAR: a   instcat_y01_191109/job_log_00240867.txt
HTAR: a   instcat_y01_191109/job_log_00240899.txt
HTAR: a   instcat_y01_191109/job_log_00240900.txt
HTAR: a   instcat_y01_191109/job_log_00241985.txt
HTAR: a   instcat_y01_191109/job_log_00241986.txt
HTAR: a   instcat_y01_191109/job_log_00241987.txt
HTAR: a   instcat_y01_191109/job_log_00241988.txt
HTAR: a   instcat_y01_191109/job_log_00241989.txt
HTAR: a   instcat_y01_191109/job_log_00241990.txt
HTAR: a   instcat_y01_191109/job_log_00241991.txt
HTAR: a   instcat_y01_191109/job_log_00241992.txt
HTAR: a   instcat_y01_191109/job_log_00241993.txt
HTAR: a   instcat_y01_191109/job_log_00241994.txt
HTAR: a   instcat_y01_191109/job_log_00241995.txt
HTAR: a   instcat_y01_191109/job_log_00241996.txt
HTAR: a   instcat_y01_191109/job_log_00241997.txt
HTAR: a   instcat_y01_191109/job_log_00241998.txt
HTAR: a   instcat_y01_191109/job_log_00241999.txt
HTAR: a   instcat_y01_191109/job_log_00242000.txt
HTAR: a   instcat_y01_191109/job_log_00242001.txt
HTAR: a   instcat_y01_191109/job_log_00242002.txt
HTAR: a   instcat_y01_191109/job_log_00242003.txt
HTAR: a   instcat_y01_191109/job_log_00242004.txt
HTAR: a   instcat_y01_191109/job_log_00242005.txt
HTAR: a   instcat_y01_191109/job_log_00242006.txt
HTAR: a   instcat_y01_191109/job_log_00242007.txt
HTAR: a   instcat_y01_191109/job_log_00242008.txt
HTAR: a   instcat_y01_191109/job_log_00242009.txt
HTAR: a   instcat_y01_191109/job_log_00242010.txt
HTAR: a   instcat_y01_191109/job_log_00242011.txt
HTAR: a   instcat_y01_191109/job_log_00242012.txt
HTAR: a   instcat_y01_191109/job_log_00242013.txt
HTAR: a   instcat_y01_191109/job_log_00242014.txt
HTAR: a   instcat_y01_191109/job_log_00242015.txt
HTAR: a   instcat_y01_191109/job_log_00242016.txt
HTAR: a   instcat_y01_191109/job_log_00242017.txt
HTAR: a   instcat_y01_191109/job_log_00242018.txt
HTAR: a   instcat_y01_191109/job_log_00242019.txt
HTAR: a   instcat_y01_191109/job_log_00242020.txt
HTAR: a   instcat_y01_191109/job_log_00242021.txt
HTAR: a   instcat_y01_191109/job_log_00242022.txt
HTAR: a   instcat_y01_191109/job_log_00242023.txt
HTAR: a   instcat_y01_191109/job_log_00242024.txt
HTAR: a   instcat_y01_191109/job_log_00242025.txt
HTAR: a   instcat_y01_191109/job_log_00242026.txt
HTAR: a   instcat_y01_191109/job_log_00242027.txt
HTAR: a   instcat_y01_191109/job_log_00242028.txt
HTAR: a   instcat_y01_191109/job_log_00242029.txt
HTAR: a   instcat_y01_191109/job_log_00242030.txt
HTAR: a   instcat_y01_191109/job_log_00242031.txt
HTAR: a   instcat_y01_191109/job_log_00242032.txt
HTAR: a   instcat_y01_191109/job_log_00242033.txt
HTAR: a   instcat_y01_191109/job_log_00242034.txt
HTAR: a   instcat_y01_191109/job_log_00242035.txt
HTAR: a   instcat_y01_191109/job_log_00242036.txt
HTAR: a   instcat_y01_191109/job_log_00242037.txt
HTAR: a   instcat_y01_191109/job_log_00242038.txt
HTAR: a   instcat_y01_191109/job_log_00242039.txt
HTAR: a   instcat_y01_191109/job_log_00242040.txt
HTAR: a   instcat_y01_191109/job_log_00242041.txt
HTAR: a   instcat_y01_191109/job_log_00242042.txt
HTAR: a   instcat_y01_191109/job_log_00242043.txt
HTAR: a   instcat_y01_191109/job_log_00242044.txt
HTAR: a   instcat_y01_191109/job_log_00242045.txt
HTAR: a   instcat_y01_191109/job_log_00242046.txt
HTAR: a   instcat_y01_191109/job_log_00242047.txt
HTAR: a   instcat_y01_191109/job_log_00242048.txt
HTAR: a   instcat_y01_191109/job_log_00242049.txt
HTAR: a   instcat_y01_191109/job_log_00242050.txt
HTAR: a   instcat_y01_191109/job_log_00242051.txt
HTAR: a   instcat_y01_191109/job_log_00242052.txt
HTAR: a   instcat_y01_191109/job_log_00242053.txt
HTAR: a   instcat_y01_191109/job_log_00242054.txt
HTAR: a   instcat_y01_191109/job_log_00242055.txt
HTAR: a   instcat_y01_191109/job_log_00242056.txt
HTAR: a   instcat_y01_191109/job_log_00242057.txt
HTAR: a   instcat_y01_191109/job_log_00242058.txt
HTAR: a   instcat_y01_191109/job_log_00242059.txt
HTAR: a   instcat_y01_191109/job_log_00242060.txt
HTAR: a   instcat_y01_191109/job_log_00242061.txt
HTAR: a   instcat_y01_191109/job_log_00242062.txt
HTAR: a   instcat_y01_191109/job_log_00242063.txt
HTAR: a   instcat_y01_191109/job_log_00242064.txt
HTAR: a   instcat_y01_191109/job_log_00242065.txt
HTAR: a   instcat_y01_191109/job_log_00242066.txt
HTAR: a   instcat_y01_191109/job_log_00242067.txt
HTAR: a   instcat_y01_191109/job_log_00242068.txt
HTAR: a   instcat_y01_191109/job_log_00242069.txt
HTAR: a   instcat_y01_191109/job_log_00242070.txt
HTAR: a   instcat_y01_191109/job_log_00242071.txt
HTAR: a   instcat_y01_191109/job_log_00242072.txt
HTAR: a   instcat_y01_191109/job_log_00242073.txt
HTAR: a   instcat_y01_191109/job_log_00242074.txt
HTAR: a   instcat_y01_191109/job_log_00242075.txt
HTAR: a   instcat_y01_191109/job_log_00242076.txt
HTAR: a   instcat_y01_191109/job_log_00242077.txt
HTAR: a   instcat_y01_191109/job_log_00242078.txt
HTAR: a   instcat_y01_191109/job_log_00242079.txt
HTAR: a   instcat_y01_191109/job_log_00242080.txt
HTAR: a   instcat_y01_191109/job_log_00242271.txt
HTAR: a   instcat_y01_191109/job_log_00242272.txt
HTAR: a   instcat_y01_191109/job_log_00242287.txt
HTAR: a   instcat_y01_191109/job_log_00242288.txt
HTAR: a   instcat_y01_191109/job_log_00242417.txt
HTAR: a   instcat_y01_191109/job_log_00242445.txt
HTAR: a   instcat_y01_191109/job_log_00242462.txt
HTAR: a   instcat_y01_191109/job_log_00242463.txt
HTAR: a   instcat_y01_191109/job_log_00242464.txt
HTAR: a   /tmp/HTAR_CF_CHK_40227_1578354522
HTAR Create complete for /home/projects/desc/DC2_ImSim/Run2.2i/instCat/y01_191109/00240852to00242464.tar. 566,245,725,184 bytes written for 242 member files, max threads: 50 Transfer time: 4819.435 seconds (117.492 MB/s) wallclock/user/sys: 4824.241 5765.950 2277.706 seconds
HTAR: HTAR SUCCESSFUL
HTAR: a   instcat_y01_191109/00242465.tar.gz
HTAR: a   instcat_y01_191109/00242466.tar.gz
HTAR: a   instcat_y01_191109/00242467.tar.gz
HTAR: a   instcat_y01_191109/00242468.tar.gz
HTAR: a   instcat_y01_191109/00242503.tar.gz
HTAR: a   instcat_y01_191109/00242504.tar.gz
HTAR: a   instcat_y01_191109/00242505.tar.gz
HTAR: a   instcat_y01_191109/00242506.tar.gz
HTAR: a   instcat_y01_191109/00242507.tar.gz
HTAR: a   instcat_y01_191109/00242508.tar.gz
HTAR: a   instcat_y01_191109/00242558.tar.gz
HTAR: a   instcat_y01_191109/00242559.tar.gz
HTAR: a   instcat_y01_191109/00242560.tar.gz
HTAR: a   instcat_y01_191109/00242561.tar.gz
HTAR: a   instcat_y01_191109/00242562.tar.gz
HTAR: a   instcat_y01_191109/00242563.tar.gz
HTAR: a   instcat_y01_191109/00242564.tar.gz
HTAR: a   instcat_y01_191109/00242565.tar.gz
HTAR: a   instcat_y01_191109/00242566.tar.gz
HTAR: a   instcat_y01_191109/00242567.tar.gz
HTAR: a   instcat_y01_191109/00242591.tar.gz
HTAR: a   instcat_y01_191109/00242592.tar.gz
HTAR: a   instcat_y01_191109/00242593.tar.gz
HTAR: a   instcat_y01_191109/00242594.tar.gz
HTAR: a   instcat_y01_191109/00242595.tar.gz
HTAR: a   instcat_y01_191109/00242596.tar.gz
HTAR: a   instcat_y01_191109/00242597.tar.gz
HTAR: a   instcat_y01_191109/00242598.tar.gz
HTAR: a   instcat_y01_191109/00242599.tar.gz
HTAR: a   instcat_y01_191109/00242600.tar.gz
HTAR: a   instcat_y01_191109/00242602.tar.gz
HTAR: a   instcat_y01_191109/00242603.tar.gz
HTAR: a   instcat_y01_191109/00242604.tar.gz
HTAR: a   instcat_y01_191109/00242661.tar.gz
HTAR: a   instcat_y01_191109/00242662.tar.gz
HTAR: a   instcat_y01_191109/00242968.tar.gz
HTAR: a   instcat_y01_191109/00242977.tar.gz
HTAR: a   instcat_y01_191109/00243017.tar.gz
HTAR: a   instcat_y01_191109/00243018.tar.gz
HTAR: a   instcat_y01_191109/00243019.tar.gz
HTAR: a   instcat_y01_191109/00243020.tar.gz
HTAR: a   instcat_y01_191109/00243021.tar.gz
HTAR: a   instcat_y01_191109/00243022.tar.gz
HTAR: a   instcat_y01_191109/00243023.tar.gz
HTAR: a   instcat_y01_191109/00243024.tar.gz
HTAR: a   instcat_y01_191109/00243025.tar.gz
HTAR: a   instcat_y01_191109/00243026.tar.gz
HTAR: a   instcat_y01_191109/00243028.tar.gz
HTAR: a   instcat_y01_191109/00243029.tar.gz
HTAR: a   instcat_y01_191109/00243030.tar.gz
HTAR: a   instcat_y01_191109/00243031.tar.gz
HTAR: a   instcat_y01_191109/00243032.tar.gz
HTAR: a   instcat_y01_191109/00243033.tar.gz
HTAR: a   instcat_y01_191109/00243034.tar.gz
HTAR: a   instcat_y01_191109/00243035.tar.gz
HTAR: a   instcat_y01_191109/00243036.tar.gz
HTAR: a   instcat_y01_191109/00243037.tar.gz
HTAR: a   instcat_y01_191109/00243038.tar.gz
HTAR: a   instcat_y01_191109/00243039.tar.gz
HTAR: a   instcat_y01_191109/00243040.tar.gz
HTAR: a   instcat_y01_191109/00243041.tar.gz
HTAR: a   instcat_y01_191109/00243042.tar.gz
HTAR: a   instcat_y01_191109/00243043.tar.gz
HTAR: a   instcat_y01_191109/00243050.tar.gz
HTAR: a   instcat_y01_191109/00243052.tar.gz
HTAR: a   instcat_y01_191109/00243088.tar.gz
HTAR: a   instcat_y01_191109/00243089.tar.gz
HTAR: a   instcat_y01_191109/00243720.tar.gz
HTAR: a   instcat_y01_191109/00243721.tar.gz
HTAR: a   instcat_y01_191109/00243722.tar.gz
HTAR: a   instcat_y01_191109/00243723.tar.gz
HTAR: a   instcat_y01_191109/00243724.tar.gz
HTAR: a   instcat_y01_191109/00243725.tar.gz
HTAR: a   instcat_y01_191109/00243726.tar.gz
HTAR: a   instcat_y01_191109/00243727.tar.gz
HTAR: a   instcat_y01_191109/00243728.tar.gz
HTAR: a   instcat_y01_191109/00243729.tar.gz
HTAR: a   instcat_y01_191109/00243730.tar.gz
HTAR: a   instcat_y01_191109/00243731.tar.gz
HTAR: a   instcat_y01_191109/00243732.tar.gz
HTAR: a   instcat_y01_191109/00243733.tar.gz
HTAR: a   instcat_y01_191109/00243734.tar.gz
HTAR: a   instcat_y01_191109/00243735.tar.gz
HTAR: a   instcat_y01_191109/00243736.tar.gz
HTAR: a   instcat_y01_191109/00243737.tar.gz
HTAR: a   instcat_y01_191109/00243738.tar.gz
HTAR: a   instcat_y01_191109/00243739.tar.gz
HTAR: a   instcat_y01_191109/00243740.tar.gz
HTAR: a   instcat_y01_191109/00243741.tar.gz
HTAR: a   instcat_y01_191109/00243742.tar.gz
HTAR: a   instcat_y01_191109/00243743.tar.gz
HTAR: a   instcat_y01_191109/00243744.tar.gz
HTAR: a   instcat_y01_191109/00243745.tar.gz
HTAR: a   instcat_y01_191109/00243746.tar.gz
HTAR: a   instcat_y01_191109/00243747.tar.gz
HTAR: a   instcat_y01_191109/00243748.tar.gz
HTAR: a   instcat_y01_191109/00243749.tar.gz
HTAR: a   instcat_y01_191109/00243750.tar.gz
HTAR: a   instcat_y01_191109/00243751.tar.gz
HTAR: a   instcat_y01_191109/00243752.tar.gz
HTAR: a   instcat_y01_191109/00243753.tar.gz
HTAR: a   instcat_y01_191109/00243754.tar.gz
HTAR: a   instcat_y01_191109/00243755.tar.gz
HTAR: a   instcat_y01_191109/00243756.tar.gz
HTAR: a   instcat_y01_191109/00243757.tar.gz
HTAR: a   instcat_y01_191109/00243758.tar.gz
HTAR: a   instcat_y01_191109/00243759.tar.gz
HTAR: a   instcat_y01_191109/00243760.tar.gz
HTAR: a   instcat_y01_191109/00243761.tar.gz
HTAR: a   instcat_y01_191109/00243762.tar.gz
HTAR: a   instcat_y01_191109/00243763.tar.gz
HTAR: a   instcat_y01_191109/00243764.tar.gz
HTAR: a   instcat_y01_191109/00243765.tar.gz
HTAR: a   instcat_y01_191109/00243766.tar.gz
HTAR: a   instcat_y01_191109/00243767.tar.gz
HTAR: a   instcat_y01_191109/00243768.tar.gz
HTAR: a   instcat_y01_191109/00243769.tar.gz
HTAR: a   instcat_y01_191109/00243770.tar.gz
HTAR: a   instcat_y01_191109/00243771.tar.gz
HTAR: a   instcat_y01_191109/00243772.tar.gz
HTAR: a   instcat_y01_191109/00243773.tar.gz
HTAR: a   instcat_y01_191109/job_log_00242465.txt
HTAR: a   instcat_y01_191109/job_log_00242466.txt
HTAR: a   instcat_y01_191109/job_log_00242467.txt
HTAR: a   instcat_y01_191109/job_log_00242468.txt
HTAR: a   instcat_y01_191109/job_log_00242503.txt
HTAR: a   instcat_y01_191109/job_log_00242504.txt
HTAR: a   instcat_y01_191109/job_log_00242505.txt
HTAR: a   instcat_y01_191109/job_log_00242506.txt
HTAR: a   instcat_y01_191109/job_log_00242507.txt
HTAR: a   instcat_y01_191109/job_log_00242508.txt
HTAR: a   instcat_y01_191109/job_log_00242558.txt
HTAR: a   instcat_y01_191109/job_log_00242559.txt
HTAR: a   instcat_y01_191109/job_log_00242560.txt
HTAR: a   instcat_y01_191109/job_log_00242561.txt
HTAR: a   instcat_y01_191109/job_log_00242562.txt
HTAR: a   instcat_y01_191109/job_log_00242563.txt
HTAR: a   instcat_y01_191109/job_log_00242564.txt
HTAR: a   instcat_y01_191109/job_log_00242565.txt
HTAR: a   instcat_y01_191109/job_log_00242566.txt
HTAR: a   instcat_y01_191109/job_log_00242567.txt
HTAR: a   instcat_y01_191109/job_log_00242591.txt
HTAR: a   instcat_y01_191109/job_log_00242592.txt
HTAR: a   instcat_y01_191109/job_log_00242593.txt
HTAR: a   instcat_y01_191109/job_log_00242594.txt
HTAR: a   instcat_y01_191109/job_log_00242595.txt
HTAR: a   instcat_y01_191109/job_log_00242596.txt
HTAR: a   instcat_y01_191109/job_log_00242597.txt
HTAR: a   instcat_y01_191109/job_log_00242598.txt
HTAR: a   instcat_y01_191109/job_log_00242599.txt
HTAR: a   instcat_y01_191109/job_log_00242600.txt
HTAR: a   instcat_y01_191109/job_log_00242602.txt
HTAR: a   instcat_y01_191109/job_log_00242603.txt
HTAR: a   instcat_y01_191109/job_log_00242604.txt
HTAR: a   instcat_y01_191109/job_log_00242661.txt
HTAR: a   instcat_y01_191109/job_log_00242662.txt
HTAR: a   instcat_y01_191109/job_log_00242968.txt
HTAR: a   instcat_y01_191109/job_log_00242977.txt
HTAR: a   instcat_y01_191109/job_log_00243017.txt
HTAR: a   instcat_y01_191109/job_log_00243018.txt
HTAR: a   instcat_y01_191109/job_log_00243019.txt
HTAR: a   instcat_y01_191109/job_log_00243020.txt
HTAR: a   instcat_y01_191109/job_log_00243021.txt
HTAR: a   instcat_y01_191109/job_log_00243022.txt
HTAR: a   instcat_y01_191109/job_log_00243023.txt
HTAR: a   instcat_y01_191109/job_log_00243024.txt
HTAR: a   instcat_y01_191109/job_log_00243025.txt
HTAR: a   instcat_y01_191109/job_log_00243026.txt
HTAR: a   instcat_y01_191109/job_log_00243028.txt
HTAR: a   instcat_y01_191109/job_log_00243029.txt
HTAR: a   instcat_y01_191109/job_log_00243030.txt
HTAR: a   instcat_y01_191109/job_log_00243031.txt
HTAR: a   instcat_y01_191109/job_log_00243032.txt
HTAR: a   instcat_y01_191109/job_log_00243033.txt
HTAR: a   instcat_y01_191109/job_log_00243034.txt
HTAR: a   instcat_y01_191109/job_log_00243035.txt
HTAR: a   instcat_y01_191109/job_log_00243036.txt
HTAR: a   instcat_y01_191109/job_log_00243037.txt
HTAR: a   instcat_y01_191109/job_log_00243038.txt
HTAR: a   instcat_y01_191109/job_log_00243039.txt
HTAR: a   instcat_y01_191109/job_log_00243040.txt
HTAR: a   instcat_y01_191109/job_log_00243041.txt
HTAR: a   instcat_y01_191109/job_log_00243042.txt
HTAR: a   instcat_y01_191109/job_log_00243043.txt
HTAR: a   instcat_y01_191109/job_log_00243050.txt
HTAR: a   instcat_y01_191109/job_log_00243052.txt
HTAR: a   instcat_y01_191109/job_log_00243088.txt
HTAR: a   instcat_y01_191109/job_log_00243089.txt
HTAR: a   instcat_y01_191109/job_log_00243720.txt
HTAR: a   instcat_y01_191109/job_log_00243721.txt
HTAR: a   instcat_y01_191109/job_log_00243722.txt
HTAR: a   instcat_y01_191109/job_log_00243723.txt
HTAR: a   instcat_y01_191109/job_log_00243724.txt
HTAR: a   instcat_y01_191109/job_log_00243725.txt
HTAR: a   instcat_y01_191109/job_log_00243726.txt
HTAR: a   instcat_y01_191109/job_log_00243727.txt
HTAR: a   instcat_y01_191109/job_log_00243728.txt
HTAR: a   instcat_y01_191109/job_log_00243729.txt
HTAR: a   instcat_y01_191109/job_log_00243730.txt
HTAR: a   instcat_y01_191109/job_log_00243731.txt
HTAR: a   instcat_y01_191109/job_log_00243732.txt
HTAR: a   instcat_y01_191109/job_log_00243733.txt
HTAR: a   instcat_y01_191109/job_log_00243734.txt
HTAR: a   instcat_y01_191109/job_log_00243735.txt
HTAR: a   instcat_y01_191109/job_log_00243736.txt
HTAR: a   instcat_y01_191109/job_log_00243737.txt
HTAR: a   instcat_y01_191109/job_log_00243738.txt
HTAR: a   instcat_y01_191109/job_log_00243739.txt
HTAR: a   instcat_y01_191109/job_log_00243740.txt
HTAR: a   instcat_y01_191109/job_log_00243741.txt
HTAR: a   instcat_y01_191109/job_log_00243742.txt
HTAR: a   instcat_y01_191109/job_log_00243743.txt
HTAR: a   instcat_y01_191109/job_log_00243744.txt
HTAR: a   instcat_y01_191109/job_log_00243745.txt
HTAR: a   instcat_y01_191109/job_log_00243746.txt
HTAR: a   instcat_y01_191109/job_log_00243747.txt
HTAR: a   instcat_y01_191109/job_log_00243748.txt
HTAR: a   instcat_y01_191109/job_log_00243749.txt
HTAR: a   instcat_y01_191109/job_log_00243750.txt
HTAR: a   instcat_y01_191109/job_log_00243751.txt
HTAR: a   instcat_y01_191109/job_log_00243752.txt
HTAR: a   instcat_y01_191109/job_log_00243753.txt
HTAR: a   instcat_y01_191109/job_log_00243754.txt
HTAR: a   instcat_y01_191109/job_log_00243755.txt
HTAR: a   instcat_y01_191109/job_log_00243756.txt
HTAR: a   instcat_y01_191109/job_log_00243757.txt
HTAR: a   instcat_y01_191109/job_log_00243758.txt
HTAR: a   instcat_y01_191109/job_log_00243759.txt
HTAR: a   instcat_y01_191109/job_log_00243760.txt
HTAR: a   instcat_y01_191109/job_log_00243761.txt
HTAR: a   instcat_y01_191109/job_log_00243762.txt
HTAR: a   instcat_y01_191109/job_log_00243763.txt
HTAR: a   instcat_y01_191109/job_log_00243764.txt
HTAR: a   instcat_y01_191109/job_log_00243765.txt
HTAR: a   instcat_y01_191109/job_log_00243766.txt
HTAR: a   instcat_y01_191109/job_log_00243767.txt
HTAR: a   instcat_y01_191109/job_log_00243768.txt
HTAR: a   instcat_y01_191109/job_log_00243769.txt
HTAR: a   instcat_y01_191109/job_log_00243770.txt
HTAR: a   instcat_y01_191109/job_log_00243771.txt
HTAR: a   instcat_y01_191109/job_log_00243772.txt
HTAR: a   instcat_y01_191109/job_log_00243773.txt
HTAR: a   /tmp/HTAR_CF_CHK_28200_1578359349
HTAR Create complete for /home/projects/desc/DC2_ImSim/Run2.2i/instCat/y01_191109/00242465to00243773.tar. 567,225,302,016 bytes written for 242 member files, max threads: 50 Transfer time: 4362.342 seconds (130.028 MB/s) wallclock/user/sys: 4367.301 5459.327 1866.753 seconds
HTAR: HTAR SUCCESSFUL
HTAR: a   instcat_y01_191109/00243774.tar.gz
HTAR: a   instcat_y01_191109/00243775.tar.gz
HTAR: a   instcat_y01_191109/00243776.tar.gz
HTAR: a   instcat_y01_191109/00243777.tar.gz
HTAR: a   instcat_y01_191109/00243778.tar.gz
HTAR: a   instcat_y01_191109/00243779.tar.gz
HTAR: a   instcat_y01_191109/00243780.tar.gz
HTAR: a   instcat_y01_191109/00243781.tar.gz
HTAR: a   instcat_y01_191109/00243782.tar.gz
HTAR: a   instcat_y01_191109/00243783.tar.gz
HTAR: a   instcat_y01_191109/00243784.tar.gz
HTAR: a   instcat_y01_191109/00243785.tar.gz
HTAR: a   instcat_y01_191109/00243786.tar.gz
HTAR: a   instcat_y01_191109/00243787.tar.gz
HTAR: a   instcat_y01_191109/00243788.tar.gz
HTAR: a   instcat_y01_191109/00243789.tar.gz
HTAR: a   instcat_y01_191109/00243790.tar.gz
HTAR: a   instcat_y01_191109/00243791.tar.gz
HTAR: a   instcat_y01_191109/00243792.tar.gz
HTAR: a   instcat_y01_191109/00243793.tar.gz
HTAR: a   instcat_y01_191109/00243794.tar.gz
HTAR: a   instcat_y01_191109/00243795.tar.gz
HTAR: a   instcat_y01_191109/00243796.tar.gz
HTAR: a   instcat_y01_191109/00243797.tar.gz
HTAR: a   instcat_y01_191109/00243798.tar.gz
HTAR: a   instcat_y01_191109/00243799.tar.gz
HTAR: a   instcat_y01_191109/00243800.tar.gz
HTAR: a   instcat_y01_191109/00243801.tar.gz
HTAR: a   instcat_y01_191109/00243802.tar.gz
HTAR: a   instcat_y01_191109/00243803.tar.gz
HTAR: a   instcat_y01_191109/00243804.tar.gz
HTAR: a   instcat_y01_191109/00243805.tar.gz
HTAR: a   instcat_y01_191109/00243806.tar.gz
HTAR: a   instcat_y01_191109/00243807.tar.gz
HTAR: a   instcat_y01_191109/00243808.tar.gz
HTAR: a   instcat_y01_191109/00243809.tar.gz
HTAR: a   instcat_y01_191109/00243810.tar.gz
HTAR: a   instcat_y01_191109/00243811.tar.gz
HTAR: a   instcat_y01_191109/00243812.tar.gz
HTAR: a   instcat_y01_191109/00243813.tar.gz
HTAR: a   instcat_y01_191109/00243814.tar.gz
HTAR: a   instcat_y01_191109/00243815.tar.gz
HTAR: a   instcat_y01_191109/00243838.tar.gz
HTAR: a   instcat_y01_191109/00243839.tar.gz
HTAR: a   instcat_y01_191109/00243840.tar.gz
HTAR: a   instcat_y01_191109/00243841.tar.gz
HTAR: a   instcat_y01_191109/00243842.tar.gz
HTAR: a   instcat_y01_191109/00243843.tar.gz
HTAR: a   instcat_y01_191109/00243844.tar.gz
HTAR: a   instcat_y01_191109/00243846.tar.gz
HTAR: a   instcat_y01_191109/00243847.tar.gz
HTAR: a   instcat_y01_191109/00243868.tar.gz
HTAR: a   instcat_y01_191109/00243869.tar.gz
HTAR: a   instcat_y01_191109/00243870.tar.gz
HTAR: a   instcat_y01_191109/00243871.tar.gz
HTAR: a   instcat_y01_191109/00243872.tar.gz
HTAR: a   instcat_y01_191109/00243873.tar.gz
HTAR: a   instcat_y01_191109/00243874.tar.gz
HTAR: a   instcat_y01_191109/00243875.tar.gz
HTAR: a   instcat_y01_191109/00243878.tar.gz
HTAR: a   instcat_y01_191109/00243887.tar.gz
HTAR: a   instcat_y01_191109/00243889.tar.gz
HTAR: a   instcat_y01_191109/00243891.tar.gz
HTAR: a   instcat_y01_191109/00243916.tar.gz
HTAR: a   instcat_y01_191109/00243920.tar.gz
HTAR: a   instcat_y01_191109/00243966.tar.gz
HTAR: a   instcat_y01_191109/00243967.tar.gz
HTAR: a   instcat_y01_191109/00243968.tar.gz
HTAR: a   instcat_y01_191109/00243969.tar.gz
HTAR: a   instcat_y01_191109/00244004.tar.gz
HTAR: a   instcat_y01_191109/00244005.tar.gz
HTAR: a   instcat_y01_191109/00244009.tar.gz
HTAR: a   instcat_y01_191109/00244010.tar.gz
HTAR: a   instcat_y01_191109/00244011.tar.gz
HTAR: a   instcat_y01_191109/00244018.tar.gz
HTAR: a   instcat_y01_191109/00244019.tar.gz
HTAR: a   instcat_y01_191109/00244020.tar.gz
HTAR: a   instcat_y01_191109/00244021.tar.gz
HTAR: a   instcat_y01_191109/00244022.tar.gz
HTAR: a   instcat_y01_191109/00244023.tar.gz
HTAR: a   instcat_y01_191109/00244028.tar.gz
HTAR: a   instcat_y01_191109/00244029.tar.gz
HTAR: a   instcat_y01_191109/00244068.tar.gz
HTAR: a   instcat_y01_191109/00244069.tar.gz
HTAR: a   instcat_y01_191109/00244070.tar.gz
HTAR: a   instcat_y01_191109/00244071.tar.gz
HTAR: a   instcat_y01_191109/00244072.tar.gz
HTAR: a   instcat_y01_191109/00244073.tar.gz
HTAR: a   instcat_y01_191109/00244116.tar.gz
HTAR: a   instcat_y01_191109/00244408.tar.gz
HTAR: a   instcat_y01_191109/00244410.tar.gz
HTAR: a   instcat_y01_191109/00244441.tar.gz
HTAR: a   instcat_y01_191109/00245181.tar.gz
HTAR: a   instcat_y01_191109/00245193.tar.gz
HTAR: a   instcat_y01_191109/00245194.tar.gz
HTAR: a   instcat_y01_191109/00245199.tar.gz
HTAR: a   instcat_y01_191109/00245200.tar.gz
HTAR: a   instcat_y01_191109/00245201.tar.gz
HTAR: a   instcat_y01_191109/00245202.tar.gz
HTAR: a   instcat_y01_191109/00245203.tar.gz
HTAR: a   instcat_y01_191109/00245206.tar.gz
HTAR: a   instcat_y01_191109/00245345.tar.gz
HTAR: a   instcat_y01_191109/00245346.tar.gz
HTAR: a   instcat_y01_191109/00245351.tar.gz
HTAR: a   instcat_y01_191109/00245352.tar.gz
HTAR: a   instcat_y01_191109/00245353.tar.gz
HTAR: a   instcat_y01_191109/00245354.tar.gz
HTAR: a   instcat_y01_191109/00245355.tar.gz
HTAR: a   instcat_y01_191109/00245356.tar.gz
HTAR: a   instcat_y01_191109/00246072.tar.gz
HTAR: a   instcat_y01_191109/00246119.tar.gz
HTAR: a   instcat_y01_191109/00246210.tar.gz
HTAR: a   instcat_y01_191109/00246211.tar.gz
HTAR: a   instcat_y01_191109/00246253.tar.gz
HTAR: a   instcat_y01_191109/00246254.tar.gz
HTAR: a   instcat_y01_191109/00246257.tar.gz
HTAR: a   instcat_y01_191109/00246306.tar.gz
HTAR: a   instcat_y01_191109/00246591.tar.gz
HTAR: a   instcat_y01_191109/00246608.tar.gz
HTAR: a   instcat_y01_191109/00246609.tar.gz
HTAR: a   instcat_y01_191109/00246610.tar.gz
HTAR: a   instcat_y01_191109/job_log_00243774.txt
HTAR: a   instcat_y01_191109/job_log_00243775.txt
HTAR: a   instcat_y01_191109/job_log_00243776.txt
HTAR: a   instcat_y01_191109/job_log_00243777.txt
HTAR: a   instcat_y01_191109/job_log_00243778.txt
HTAR: a   instcat_y01_191109/job_log_00243779.txt
HTAR: a   instcat_y01_191109/job_log_00243780.txt
HTAR: a   instcat_y01_191109/job_log_00243781.txt
HTAR: a   instcat_y01_191109/job_log_00243782.txt
HTAR: a   instcat_y01_191109/job_log_00243783.txt
HTAR: a   instcat_y01_191109/job_log_00243784.txt
HTAR: a   instcat_y01_191109/job_log_00243785.txt
HTAR: a   instcat_y01_191109/job_log_00243786.txt
HTAR: a   instcat_y01_191109/job_log_00243787.txt
HTAR: a   instcat_y01_191109/job_log_00243788.txt
HTAR: a   instcat_y01_191109/job_log_00243789.txt
HTAR: a   instcat_y01_191109/job_log_00243790.txt
HTAR: a   instcat_y01_191109/job_log_00243791.txt
HTAR: a   instcat_y01_191109/job_log_00243792.txt
HTAR: a   instcat_y01_191109/job_log_00243793.txt
HTAR: a   instcat_y01_191109/job_log_00243794.txt
HTAR: a   instcat_y01_191109/job_log_00243795.txt
HTAR: a   instcat_y01_191109/job_log_00243796.txt
HTAR: a   instcat_y01_191109/job_log_00243797.txt
HTAR: a   instcat_y01_191109/job_log_00243798.txt
HTAR: a   instcat_y01_191109/job_log_00243799.txt
HTAR: a   instcat_y01_191109/job_log_00243800.txt
HTAR: a   instcat_y01_191109/job_log_00243801.txt
HTAR: a   instcat_y01_191109/job_log_00243802.txt
HTAR: a   instcat_y01_191109/job_log_00243803.txt
HTAR: a   instcat_y01_191109/job_log_00243804.txt
HTAR: a   instcat_y01_191109/job_log_00243805.txt
HTAR: a   instcat_y01_191109/job_log_00243806.txt
HTAR: a   instcat_y01_191109/job_log_00243807.txt
HTAR: a   instcat_y01_191109/job_log_00243808.txt
HTAR: a   instcat_y01_191109/job_log_00243809.txt
HTAR: a   instcat_y01_191109/job_log_00243810.txt
HTAR: a   instcat_y01_191109/job_log_00243811.txt
HTAR: a   instcat_y01_191109/job_log_00243812.txt
HTAR: a   instcat_y01_191109/job_log_00243813.txt
HTAR: a   instcat_y01_191109/job_log_00243814.txt
HTAR: a   instcat_y01_191109/job_log_00243815.txt
HTAR: a   instcat_y01_191109/job_log_00243838.txt
HTAR: a   instcat_y01_191109/job_log_00243839.txt
HTAR: a   instcat_y01_191109/job_log_00243840.txt
HTAR: a   instcat_y01_191109/job_log_00243841.txt
HTAR: a   instcat_y01_191109/job_log_00243842.txt
HTAR: a   instcat_y01_191109/job_log_00243843.txt
HTAR: a   instcat_y01_191109/job_log_00243844.txt
HTAR: a   instcat_y01_191109/job_log_00243846.txt
HTAR: a   instcat_y01_191109/job_log_00243847.txt
HTAR: a   instcat_y01_191109/job_log_00243868.txt
HTAR: a   instcat_y01_191109/job_log_00243869.txt
HTAR: a   instcat_y01_191109/job_log_00243870.txt
HTAR: a   instcat_y01_191109/job_log_00243871.txt
HTAR: a   instcat_y01_191109/job_log_00243872.txt
HTAR: a   instcat_y01_191109/job_log_00243873.txt
HTAR: a   instcat_y01_191109/job_log_00243874.txt
HTAR: a   instcat_y01_191109/job_log_00243875.txt
HTAR: a   instcat_y01_191109/job_log_00243878.txt
HTAR: a   instcat_y01_191109/job_log_00243887.txt
HTAR: a   instcat_y01_191109/job_log_00243889.txt
HTAR: a   instcat_y01_191109/job_log_00243891.txt
HTAR: a   instcat_y01_191109/job_log_00243916.txt
HTAR: a   instcat_y01_191109/job_log_00243920.txt
HTAR: a   instcat_y01_191109/job_log_00243966.txt
HTAR: a   instcat_y01_191109/job_log_00243967.txt
HTAR: a   instcat_y01_191109/job_log_00243968.txt
HTAR: a   instcat_y01_191109/job_log_00243969.txt
HTAR: a   instcat_y01_191109/job_log_00244004.txt
HTAR: a   instcat_y01_191109/job_log_00244005.txt
HTAR: a   instcat_y01_191109/job_log_00244009.txt
HTAR: a   instcat_y01_191109/job_log_00244010.txt
HTAR: a   instcat_y01_191109/job_log_00244011.txt
HTAR: a   instcat_y01_191109/job_log_00244018.txt
HTAR: a   instcat_y01_191109/job_log_00244019.txt
HTAR: a   instcat_y01_191109/job_log_00244020.txt
HTAR: a   instcat_y01_191109/job_log_00244021.txt
HTAR: a   instcat_y01_191109/job_log_00244022.txt
HTAR: a   instcat_y01_191109/job_log_00244023.txt
HTAR: a   instcat_y01_191109/job_log_00244028.txt
HTAR: a   instcat_y01_191109/job_log_00244029.txt
HTAR: a   instcat_y01_191109/job_log_00244068.txt
HTAR: a   instcat_y01_191109/job_log_00244069.txt
HTAR: a   instcat_y01_191109/job_log_00244070.txt
HTAR: a   instcat_y01_191109/job_log_00244071.txt
HTAR: a   instcat_y01_191109/job_log_00244072.txt
HTAR: a   instcat_y01_191109/job_log_00244073.txt
HTAR: a   instcat_y01_191109/job_log_00244116.txt
HTAR: a   instcat_y01_191109/job_log_00244408.txt
HTAR: a   instcat_y01_191109/job_log_00244410.txt
HTAR: a   instcat_y01_191109/job_log_00244441.txt
HTAR: a   instcat_y01_191109/job_log_00245181.txt
HTAR: a   instcat_y01_191109/job_log_00245193.txt
HTAR: a   instcat_y01_191109/job_log_00245194.txt
HTAR: a   instcat_y01_191109/job_log_00245199.txt
HTAR: a   instcat_y01_191109/job_log_00245200.txt
HTAR: a   instcat_y01_191109/job_log_00245201.txt
HTAR: a   instcat_y01_191109/job_log_00245202.txt
HTAR: a   instcat_y01_191109/job_log_00245203.txt
HTAR: a   instcat_y01_191109/job_log_00245206.txt
HTAR: a   instcat_y01_191109/job_log_00245345.txt
HTAR: a   instcat_y01_191109/job_log_00245346.txt
HTAR: a   instcat_y01_191109/job_log_00245351.txt
HTAR: a   instcat_y01_191109/job_log_00245352.txt
HTAR: a   instcat_y01_191109/job_log_00245353.txt
HTAR: a   instcat_y01_191109/job_log_00245354.txt
HTAR: a   instcat_y01_191109/job_log_00245355.txt
HTAR: a   instcat_y01_191109/job_log_00245356.txt
HTAR: a   instcat_y01_191109/job_log_00246072.txt
HTAR: a   instcat_y01_191109/job_log_00246119.txt
HTAR: a   instcat_y01_191109/job_log_00246210.txt
HTAR: a   instcat_y01_191109/job_log_00246211.txt
HTAR: a   instcat_y01_191109/job_log_00246253.txt
HTAR: a   instcat_y01_191109/job_log_00246254.txt
HTAR: a   instcat_y01_191109/job_log_00246257.txt
HTAR: a   instcat_y01_191109/job_log_00246306.txt
HTAR: a   instcat_y01_191109/job_log_00246591.txt
HTAR: a   instcat_y01_191109/job_log_00246608.txt
HTAR: a   instcat_y01_191109/job_log_00246609.txt
HTAR: a   instcat_y01_191109/job_log_00246610.txt
HTAR: a   /tmp/HTAR_CF_CHK_29895_1578363720
HTAR Create complete for /home/projects/desc/DC2_ImSim/Run2.2i/instCat/y01_191109/00243774to00246610.tar. 543,982,857,728 bytes written for 242 member files, max threads: 50 Transfer time: 3642.259 seconds (149.353 MB/s) wallclock/user/sys: 3647.782 4627.411 1405.802 seconds
HTAR: HTAR SUCCESSFUL
HTAR: a   instcat_y01_191109/00246611.tar.gz
HTAR: a   instcat_y01_191109/00246612.tar.gz
HTAR: a   instcat_y01_191109/00246614.tar.gz
HTAR: a   instcat_y01_191109/00246615.tar.gz
HTAR: a   instcat_y01_191109/00246616.tar.gz
HTAR: a   instcat_y01_191109/00246617.tar.gz
HTAR: a   instcat_y01_191109/00246618.tar.gz
HTAR: a   instcat_y01_191109/00246619.tar.gz
HTAR: a   instcat_y01_191109/00246620.tar.gz
HTAR: a   instcat_y01_191109/00246645.tar.gz
HTAR: a   instcat_y01_191109/00246646.tar.gz
HTAR: a   instcat_y01_191109/00246647.tar.gz
HTAR: a   instcat_y01_191109/00246648.tar.gz
HTAR: a   instcat_y01_191109/00246649.tar.gz
HTAR: a   instcat_y01_191109/00246650.tar.gz
HTAR: a   instcat_y01_191109/00246651.tar.gz
HTAR: a   instcat_y01_191109/00246652.tar.gz
HTAR: a   instcat_y01_191109/00246653.tar.gz
HTAR: a   instcat_y01_191109/00246654.tar.gz
HTAR: a   instcat_y01_191109/00246655.tar.gz
HTAR: a   instcat_y01_191109/00246656.tar.gz
HTAR: a   instcat_y01_191109/00246661.tar.gz
HTAR: a   instcat_y01_191109/00246668.tar.gz
HTAR: a   instcat_y01_191109/00246697.tar.gz
HTAR: a   instcat_y01_191109/00246698.tar.gz
HTAR: a   instcat_y01_191109/00246699.tar.gz
HTAR: a   instcat_y01_191109/00246700.tar.gz
HTAR: a   instcat_y01_191109/00246702.tar.gz
HTAR: a   instcat_y01_191109/00246703.tar.gz
HTAR: a   instcat_y01_191109/00246704.tar.gz
HTAR: a   instcat_y01_191109/00246709.tar.gz
HTAR: a   instcat_y01_191109/00246710.tar.gz
HTAR: a   instcat_y01_191109/00246711.tar.gz
HTAR: a   instcat_y01_191109/00246712.tar.gz
HTAR: a   instcat_y01_191109/00246713.tar.gz
HTAR: a   instcat_y01_191109/00246714.tar.gz
HTAR: a   instcat_y01_191109/00246715.tar.gz
HTAR: a   instcat_y01_191109/00246716.tar.gz
HTAR: a   instcat_y01_191109/00247252.tar.gz
HTAR: a   instcat_y01_191109/00247253.tar.gz
HTAR: a   instcat_y01_191109/00247255.tar.gz
HTAR: a   instcat_y01_191109/00247256.tar.gz
HTAR: a   instcat_y01_191109/00247266.tar.gz
HTAR: a   instcat_y01_191109/00247270.tar.gz
HTAR: a   instcat_y01_191109/00247283.tar.gz
HTAR: a   instcat_y01_191109/00247284.tar.gz
HTAR: a   instcat_y01_191109/00247287.tar.gz
HTAR: a   instcat_y01_191109/00247289.tar.gz
HTAR: a   instcat_y01_191109/00247298.tar.gz
HTAR: a   instcat_y01_191109/00247302.tar.gz
HTAR: a   instcat_y01_191109/00247304.tar.gz
HTAR: a   instcat_y01_191109/00247305.tar.gz
HTAR: a   instcat_y01_191109/00247306.tar.gz
HTAR: a   instcat_y01_191109/00247401.tar.gz
HTAR: a   instcat_y01_191109/00247402.tar.gz
HTAR: a   instcat_y01_191109/00247440.tar.gz
HTAR: a   instcat_y01_191109/00247441.tar.gz
HTAR: a   instcat_y01_191109/00247442.tar.gz
HTAR: a   instcat_y01_191109/00247443.tar.gz
HTAR: a   instcat_y01_191109/00247444.tar.gz
HTAR: a   instcat_y01_191109/00248924.tar.gz
HTAR: a   instcat_y01_191109/00248925.tar.gz
HTAR: a   instcat_y01_191109/00248940.tar.gz
HTAR: a   instcat_y01_191109/00248955.tar.gz
HTAR: a   instcat_y01_191109/00248956.tar.gz
HTAR: a   instcat_y01_191109/00248962.tar.gz
HTAR: a   instcat_y01_191109/00248963.tar.gz
HTAR: a   instcat_y01_191109/00248966.tar.gz
HTAR: a   instcat_y01_191109/00248967.tar.gz
HTAR: a   instcat_y01_191109/00248968.tar.gz
HTAR: a   instcat_y01_191109/00248969.tar.gz
HTAR: a   instcat_y01_191109/00248970.tar.gz
HTAR: a   instcat_y01_191109/00248971.tar.gz
HTAR: a   instcat_y01_191109/00248973.tar.gz
HTAR: a   instcat_y01_191109/00248974.tar.gz
HTAR: a   instcat_y01_191109/00248975.tar.gz
HTAR: a   instcat_y01_191109/00248976.tar.gz
HTAR: a   instcat_y01_191109/00248977.tar.gz
HTAR: a   instcat_y01_191109/00249444.tar.gz
HTAR: a   instcat_y01_191109/00249445.tar.gz
HTAR: a   instcat_y01_191109/00249446.tar.gz
HTAR: a   instcat_y01_191109/00249447.tar.gz
HTAR: a   instcat_y01_191109/00249448.tar.gz
HTAR: a   instcat_y01_191109/00249449.tar.gz
HTAR: a   instcat_y01_191109/00249450.tar.gz
HTAR: a   instcat_y01_191109/00249451.tar.gz
HTAR: a   instcat_y01_191109/00249452.tar.gz
HTAR: a   instcat_y01_191109/00249453.tar.gz
HTAR: a   instcat_y01_191109/00249454.tar.gz
HTAR: a   instcat_y01_191109/00249455.tar.gz
HTAR: a   instcat_y01_191109/00249456.tar.gz
HTAR: a   instcat_y01_191109/00249457.tar.gz
HTAR: a   instcat_y01_191109/00249458.tar.gz
HTAR: a   instcat_y01_191109/00249459.tar.gz
HTAR: a   instcat_y01_191109/00249460.tar.gz
HTAR: a   instcat_y01_191109/00249461.tar.gz
HTAR: a   instcat_y01_191109/00249462.tar.gz
HTAR: a   instcat_y01_191109/00249463.tar.gz
HTAR: a   instcat_y01_191109/00249464.tar.gz
HTAR: a   instcat_y01_191109/00249465.tar.gz
HTAR: a   instcat_y01_191109/00249466.tar.gz
HTAR: a   instcat_y01_191109/00249467.tar.gz
HTAR: a   instcat_y01_191109/00249468.tar.gz
HTAR: a   instcat_y01_191109/00249469.tar.gz
HTAR: a   instcat_y01_191109/00249470.tar.gz
HTAR: a   instcat_y01_191109/00249471.tar.gz
HTAR: a   instcat_y01_191109/00249472.tar.gz
HTAR: a   instcat_y01_191109/00249473.tar.gz
HTAR: a   instcat_y01_191109/00249474.tar.gz
HTAR: a   instcat_y01_191109/00249475.tar.gz
HTAR: a   instcat_y01_191109/00249476.tar.gz
HTAR: a   instcat_y01_191109/00249477.tar.gz
HTAR: a   instcat_y01_191109/00249478.tar.gz
HTAR: a   instcat_y01_191109/00249479.tar.gz
HTAR: a   instcat_y01_191109/00249480.tar.gz
HTAR: a   instcat_y01_191109/00249481.tar.gz
HTAR: a   instcat_y01_191109/00249482.tar.gz
HTAR: a   instcat_y01_191109/00249483.tar.gz
HTAR: a   instcat_y01_191109/00249484.tar.gz
HTAR: a   instcat_y01_191109/00249485.tar.gz
HTAR: a   instcat_y01_191109/00249486.tar.gz
HTAR: a   instcat_y01_191109/job_log_00246611.txt
HTAR: a   instcat_y01_191109/job_log_00246612.txt
HTAR: a   instcat_y01_191109/job_log_00246614.txt
HTAR: a   instcat_y01_191109/job_log_00246615.txt
HTAR: a   instcat_y01_191109/job_log_00246616.txt
HTAR: a   instcat_y01_191109/job_log_00246617.txt
HTAR: a   instcat_y01_191109/job_log_00246618.txt
HTAR: a   instcat_y01_191109/job_log_00246619.txt
HTAR: a   instcat_y01_191109/job_log_00246620.txt
HTAR: a   instcat_y01_191109/job_log_00246645.txt
HTAR: a   instcat_y01_191109/job_log_00246646.txt
HTAR: a   instcat_y01_191109/job_log_00246647.txt
HTAR: a   instcat_y01_191109/job_log_00246648.txt
HTAR: a   instcat_y01_191109/job_log_00246649.txt
HTAR: a   instcat_y01_191109/job_log_00246650.txt
HTAR: a   instcat_y01_191109/job_log_00246651.txt
HTAR: a   instcat_y01_191109/job_log_00246652.txt
HTAR: a   instcat_y01_191109/job_log_00246653.txt
HTAR: a   instcat_y01_191109/job_log_00246654.txt
HTAR: a   instcat_y01_191109/job_log_00246655.txt
HTAR: a   instcat_y01_191109/job_log_00246656.txt
HTAR: a   instcat_y01_191109/job_log_00246661.txt
HTAR: a   instcat_y01_191109/job_log_00246668.txt
HTAR: a   instcat_y01_191109/job_log_00246697.txt
HTAR: a   instcat_y01_191109/job_log_00246698.txt
HTAR: a   instcat_y01_191109/job_log_00246699.txt
HTAR: a   instcat_y01_191109/job_log_00246700.txt
HTAR: a   instcat_y01_191109/job_log_00246702.txt
HTAR: a   instcat_y01_191109/job_log_00246703.txt
HTAR: a   instcat_y01_191109/job_log_00246704.txt
HTAR: a   instcat_y01_191109/job_log_00246709.txt
HTAR: a   instcat_y01_191109/job_log_00246710.txt
HTAR: a   instcat_y01_191109/job_log_00246711.txt
HTAR: a   instcat_y01_191109/job_log_00246712.txt
HTAR: a   instcat_y01_191109/job_log_00246713.txt
HTAR: a   instcat_y01_191109/job_log_00246714.txt
HTAR: a   instcat_y01_191109/job_log_00246715.txt
HTAR: a   instcat_y01_191109/job_log_00246716.txt
HTAR: a   instcat_y01_191109/job_log_00247252.txt
HTAR: a   instcat_y01_191109/job_log_00247253.txt
HTAR: a   instcat_y01_191109/job_log_00247255.txt
HTAR: a   instcat_y01_191109/job_log_00247256.txt
HTAR: a   instcat_y01_191109/job_log_00247266.txt
HTAR: a   instcat_y01_191109/job_log_00247270.txt
HTAR: a   instcat_y01_191109/job_log_00247283.txt
HTAR: a   instcat_y01_191109/job_log_00247284.txt
HTAR: a   instcat_y01_191109/job_log_00247287.txt
HTAR: a   instcat_y01_191109/job_log_00247289.txt
HTAR: a   instcat_y01_191109/job_log_00247298.txt
HTAR: a   instcat_y01_191109/job_log_00247302.txt
HTAR: a   instcat_y01_191109/job_log_00247304.txt
HTAR: a   instcat_y01_191109/job_log_00247305.txt
HTAR: a   instcat_y01_191109/job_log_00247306.txt
HTAR: a   instcat_y01_191109/job_log_00247401.txt
HTAR: a   instcat_y01_191109/job_log_00247402.txt
HTAR: a   instcat_y01_191109/job_log_00247440.txt
HTAR: a   instcat_y01_191109/job_log_00247441.txt
HTAR: a   instcat_y01_191109/job_log_00247442.txt
HTAR: a   instcat_y01_191109/job_log_00247443.txt
HTAR: a   instcat_y01_191109/job_log_00247444.txt
HTAR: a   instcat_y01_191109/job_log_00248924.txt
HTAR: a   instcat_y01_191109/job_log_00248925.txt
HTAR: a   instcat_y01_191109/job_log_00248940.txt
HTAR: a   instcat_y01_191109/job_log_00248955.txt
HTAR: a   instcat_y01_191109/job_log_00248956.txt
HTAR: a   instcat_y01_191109/job_log_00248962.txt
HTAR: a   instcat_y01_191109/job_log_00248963.txt
HTAR: a   instcat_y01_191109/job_log_00248966.txt
HTAR: a   instcat_y01_191109/job_log_00248967.txt
HTAR: a   instcat_y01_191109/job_log_00248968.txt
HTAR: a   instcat_y01_191109/job_log_00248969.txt
HTAR: a   instcat_y01_191109/job_log_00248970.txt
HTAR: a   instcat_y01_191109/job_log_00248971.txt
HTAR: a   instcat_y01_191109/job_log_00248973.txt
HTAR: a   instcat_y01_191109/job_log_00248974.txt
HTAR: a   instcat_y01_191109/job_log_00248975.txt
HTAR: a   instcat_y01_191109/job_log_00248976.txt
HTAR: a   instcat_y01_191109/job_log_00248977.txt
HTAR: a   instcat_y01_191109/job_log_00249444.txt
HTAR: a   instcat_y01_191109/job_log_00249445.txt
HTAR: a   instcat_y01_191109/job_log_00249446.txt
HTAR: a   instcat_y01_191109/job_log_00249447.txt
HTAR: a   instcat_y01_191109/job_log_00249448.txt
HTAR: a   instcat_y01_191109/job_log_00249449.txt
HTAR: a   instcat_y01_191109/job_log_00249450.txt
HTAR: a   instcat_y01_191109/job_log_00249451.txt
HTAR: a   instcat_y01_191109/job_log_00249452.txt
HTAR: a   instcat_y01_191109/job_log_00249453.txt
HTAR: a   instcat_y01_191109/job_log_00249454.txt
HTAR: a   instcat_y01_191109/job_log_00249455.txt
HTAR: a   instcat_y01_191109/job_log_00249456.txt
HTAR: a   instcat_y01_191109/job_log_00249457.txt
HTAR: a   instcat_y01_191109/job_log_00249458.txt
HTAR: a   instcat_y01_191109/job_log_00249459.txt
HTAR: a   instcat_y01_191109/job_log_00249460.txt
HTAR: a   instcat_y01_191109/job_log_00249461.txt
HTAR: a   instcat_y01_191109/job_log_00249462.txt
HTAR: a   instcat_y01_191109/job_log_00249463.txt
HTAR: a   instcat_y01_191109/job_log_00249464.txt
HTAR: a   instcat_y01_191109/job_log_00249465.txt
HTAR: a   instcat_y01_191109/job_log_00249466.txt
HTAR: a   instcat_y01_191109/job_log_00249467.txt
HTAR: a   instcat_y01_191109/job_log_00249468.txt
HTAR: a   instcat_y01_191109/job_log_00249469.txt
HTAR: a   instcat_y01_191109/job_log_00249470.txt
HTAR: a   instcat_y01_191109/job_log_00249471.txt
HTAR: a   instcat_y01_191109/job_log_00249472.txt
HTAR: a   instcat_y01_191109/job_log_00249473.txt
HTAR: a   instcat_y01_191109/job_log_00249474.txt
HTAR: a   instcat_y01_191109/job_log_00249475.txt
HTAR: a   instcat_y01_191109/job_log_00249476.txt
HTAR: a   instcat_y01_191109/job_log_00249477.txt
HTAR: a   instcat_y01_191109/job_log_00249478.txt
HTAR: a   instcat_y01_191109/job_log_00249479.txt
HTAR: a   instcat_y01_191109/job_log_00249480.txt
HTAR: a   instcat_y01_191109/job_log_00249481.txt
HTAR: a   instcat_y01_191109/job_log_00249482.txt
HTAR: a   instcat_y01_191109/job_log_00249483.txt
HTAR: a   instcat_y01_191109/job_log_00249484.txt
HTAR: a   instcat_y01_191109/job_log_00249485.txt
HTAR: a   instcat_y01_191109/job_log_00249486.txt
HTAR: a   /tmp/HTAR_CF_CHK_6293_1578367370
HTAR Create complete for /home/projects/desc/DC2_ImSim/Run2.2i/instCat/y01_191109/00246611to00249486.tar. 521,475,407,360 bytes written for 242 member files, max threads: 50 Transfer time: 3769.700 seconds (138.333 MB/s) wallclock/user/sys: 3774.699 4575.669 1667.661 seconds
HTAR: HTAR SUCCESSFUL
HTAR: a   instcat_y01_191109/00249487.tar.gz
HTAR: a   instcat_y01_191109/00249488.tar.gz
HTAR: a   instcat_y01_191109/00249489.tar.gz
HTAR: a   instcat_y01_191109/00249490.tar.gz
HTAR: a   instcat_y01_191109/00249491.tar.gz
HTAR: a   instcat_y01_191109/00249492.tar.gz
HTAR: a   instcat_y01_191109/00249493.tar.gz
HTAR: a   instcat_y01_191109/00249494.tar.gz
HTAR: a   instcat_y01_191109/00249495.tar.gz
HTAR: a   instcat_y01_191109/00249496.tar.gz
HTAR: a   instcat_y01_191109/00249497.tar.gz
HTAR: a   instcat_y01_191109/00249498.tar.gz
HTAR: a   instcat_y01_191109/00249499.tar.gz
HTAR: a   instcat_y01_191109/00249500.tar.gz
HTAR: a   instcat_y01_191109/00249501.tar.gz
HTAR: a   instcat_y01_191109/00249502.tar.gz
HTAR: a   instcat_y01_191109/00249503.tar.gz
HTAR: a   instcat_y01_191109/00249504.tar.gz
HTAR: a   instcat_y01_191109/00249505.tar.gz
HTAR: a   instcat_y01_191109/00249506.tar.gz
HTAR: a   instcat_y01_191109/00249507.tar.gz
HTAR: a   instcat_y01_191109/00249508.tar.gz
HTAR: a   instcat_y01_191109/00249509.tar.gz
HTAR: a   instcat_y01_191109/00249510.tar.gz
HTAR: a   instcat_y01_191109/00249511.tar.gz
HTAR: a   instcat_y01_191109/00249512.tar.gz
HTAR: a   instcat_y01_191109/00249513.tar.gz
HTAR: a   instcat_y01_191109/00249514.tar.gz
HTAR: a   instcat_y01_191109/00249515.tar.gz
HTAR: a   instcat_y01_191109/00249516.tar.gz
HTAR: a   instcat_y01_191109/00249517.tar.gz
HTAR: a   instcat_y01_191109/00249518.tar.gz
HTAR: a   instcat_y01_191109/00249519.tar.gz
HTAR: a   instcat_y01_191109/00249520.tar.gz
HTAR: a   instcat_y01_191109/00249521.tar.gz
HTAR: a   instcat_y01_191109/00249522.tar.gz
HTAR: a   instcat_y01_191109/00249523.tar.gz
HTAR: a   instcat_y01_191109/00249524.tar.gz
HTAR: a   instcat_y01_191109/00249525.tar.gz
HTAR: a   instcat_y01_191109/00249526.tar.gz
HTAR: a   instcat_y01_191109/00249527.tar.gz
HTAR: a   instcat_y01_191109/00249528.tar.gz
HTAR: a   instcat_y01_191109/00249529.tar.gz
HTAR: a   instcat_y01_191109/00249530.tar.gz
HTAR: a   instcat_y01_191109/00249531.tar.gz
HTAR: a   instcat_y01_191109/00249532.tar.gz
HTAR: a   instcat_y01_191109/00249533.tar.gz
HTAR: a   instcat_y01_191109/00249534.tar.gz
HTAR: a   instcat_y01_191109/00249535.tar.gz
HTAR: a   instcat_y01_191109/00249536.tar.gz
HTAR: a   instcat_y01_191109/00249537.tar.gz
HTAR: a   instcat_y01_191109/00249538.tar.gz
HTAR: a   instcat_y01_191109/00249539.tar.gz
HTAR: a   instcat_y01_191109/00250362.tar.gz
HTAR: a   instcat_y01_191109/00250363.tar.gz
HTAR: a   instcat_y01_191109/00250364.tar.gz
HTAR: a   instcat_y01_191109/00250374.tar.gz
HTAR: a   instcat_y01_191109/00250375.tar.gz
HTAR: a   instcat_y01_191109/00250378.tar.gz
HTAR: a   instcat_y01_191109/00250395.tar.gz
HTAR: a   instcat_y01_191109/00250396.tar.gz
HTAR: a   instcat_y01_191109/00250397.tar.gz
HTAR: a   instcat_y01_191109/00250406.tar.gz
HTAR: a   instcat_y01_191109/00250407.tar.gz
HTAR: a   instcat_y01_191109/00250408.tar.gz
HTAR: a   instcat_y01_191109/00250410.tar.gz
HTAR: a   instcat_y01_191109/00250443.tar.gz
HTAR: a   instcat_y01_191109/00250468.tar.gz
HTAR: a   instcat_y01_191109/00250487.tar.gz
HTAR: a   instcat_y01_191109/00250488.tar.gz
HTAR: a   instcat_y01_191109/00250489.tar.gz
HTAR: a   instcat_y01_191109/00250495.tar.gz
HTAR: a   instcat_y01_191109/00250496.tar.gz
HTAR: a   instcat_y01_191109/00250497.tar.gz
HTAR: a   instcat_y01_191109/00250498.tar.gz
HTAR: a   instcat_y01_191109/00250499.tar.gz
HTAR: a   instcat_y01_191109/00250504.tar.gz
HTAR: a   instcat_y01_191109/00250505.tar.gz
HTAR: a   instcat_y01_191109/00250507.tar.gz
HTAR: a   instcat_y01_191109/00250508.tar.gz
HTAR: a   instcat_y01_191109/00250806.tar.gz
HTAR: a   instcat_y01_191109/00250826.tar.gz
HTAR: a   instcat_y01_191109/00250827.tar.gz
HTAR: a   instcat_y01_191109/00250828.tar.gz
HTAR: a   instcat_y01_191109/00250834.tar.gz
HTAR: a   instcat_y01_191109/00250843.tar.gz
HTAR: a   instcat_y01_191109/00250860.tar.gz
HTAR: a   instcat_y01_191109/00250861.tar.gz
HTAR: a   instcat_y01_191109/00250864.tar.gz
HTAR: a   instcat_y01_191109/00250865.tar.gz
HTAR: a   instcat_y01_191109/00250866.tar.gz
HTAR: a   instcat_y01_191109/00250867.tar.gz
HTAR: a   instcat_y01_191109/00250868.tar.gz
HTAR: a   instcat_y01_191109/00250869.tar.gz
HTAR: a   instcat_y01_191109/00250870.tar.gz
HTAR: a   instcat_y01_191109/00250871.tar.gz
HTAR: a   instcat_y01_191109/00250872.tar.gz
HTAR: a   instcat_y01_191109/00250873.tar.gz
HTAR: a   instcat_y01_191109/00250874.tar.gz
HTAR: a   instcat_y01_191109/00250875.tar.gz
HTAR: a   instcat_y01_191109/00250876.tar.gz
HTAR: a   instcat_y01_191109/00250877.tar.gz
HTAR: a   instcat_y01_191109/00250878.tar.gz
HTAR: a   instcat_y01_191109/00250879.tar.gz
HTAR: a   instcat_y01_191109/00250880.tar.gz
HTAR: a   instcat_y01_191109/00250881.tar.gz
HTAR: a   instcat_y01_191109/00250882.tar.gz
HTAR: a   instcat_y01_191109/00250883.tar.gz
HTAR: a   instcat_y01_191109/00250884.tar.gz
HTAR: a   instcat_y01_191109/00250885.tar.gz
HTAR: a   instcat_y01_191109/00250886.tar.gz
HTAR: a   instcat_y01_191109/00250887.tar.gz
HTAR: a   instcat_y01_191109/00250888.tar.gz
HTAR: a   instcat_y01_191109/00250889.tar.gz
HTAR: a   instcat_y01_191109/00250890.tar.gz
HTAR: a   instcat_y01_191109/00250891.tar.gz
HTAR: a   instcat_y01_191109/00250892.tar.gz
HTAR: a   instcat_y01_191109/00250893.tar.gz
HTAR: a   instcat_y01_191109/00250894.tar.gz
HTAR: a   instcat_y01_191109/00250895.tar.gz
HTAR: a   instcat_y01_191109/00250896.tar.gz
HTAR: a   instcat_y01_191109/job_log_00249487.txt
HTAR: a   instcat_y01_191109/job_log_00249488.txt
HTAR: a   instcat_y01_191109/job_log_00249489.txt
HTAR: a   instcat_y01_191109/job_log_00249490.txt
HTAR: a   instcat_y01_191109/job_log_00249491.txt
HTAR: a   instcat_y01_191109/job_log_00249492.txt
HTAR: a   instcat_y01_191109/job_log_00249493.txt
HTAR: a   instcat_y01_191109/job_log_00249494.txt
HTAR: a   instcat_y01_191109/job_log_00249495.txt
HTAR: a   instcat_y01_191109/job_log_00249496.txt
HTAR: a   instcat_y01_191109/job_log_00249497.txt
HTAR: a   instcat_y01_191109/job_log_00249498.txt
HTAR: a   instcat_y01_191109/job_log_00249499.txt
HTAR: a   instcat_y01_191109/job_log_00249500.txt
HTAR: a   instcat_y01_191109/job_log_00249501.txt
HTAR: a   instcat_y01_191109/job_log_00249502.txt
HTAR: a   instcat_y01_191109/job_log_00249503.txt
HTAR: a   instcat_y01_191109/job_log_00249504.txt
HTAR: a   instcat_y01_191109/job_log_00249505.txt
HTAR: a   instcat_y01_191109/job_log_00249506.txt
HTAR: a   instcat_y01_191109/job_log_00249507.txt
HTAR: a   instcat_y01_191109/job_log_00249508.txt
HTAR: a   instcat_y01_191109/job_log_00249509.txt
HTAR: a   instcat_y01_191109/job_log_00249510.txt
HTAR: a   instcat_y01_191109/job_log_00249511.txt
HTAR: a   instcat_y01_191109/job_log_00249512.txt
HTAR: a   instcat_y01_191109/job_log_00249513.txt
HTAR: a   instcat_y01_191109/job_log_00249514.txt
HTAR: a   instcat_y01_191109/job_log_00249515.txt
HTAR: a   instcat_y01_191109/job_log_00249516.txt
HTAR: a   instcat_y01_191109/job_log_00249517.txt
HTAR: a   instcat_y01_191109/job_log_00249518.txt
HTAR: a   instcat_y01_191109/job_log_00249519.txt
HTAR: a   instcat_y01_191109/job_log_00249520.txt
HTAR: a   instcat_y01_191109/job_log_00249521.txt
HTAR: a   instcat_y01_191109/job_log_00249522.txt
HTAR: a   instcat_y01_191109/job_log_00249523.txt
HTAR: a   instcat_y01_191109/job_log_00249524.txt
HTAR: a   instcat_y01_191109/job_log_00249525.txt
HTAR: a   instcat_y01_191109/job_log_00249526.txt
HTAR: a   instcat_y01_191109/job_log_00249527.txt
HTAR: a   instcat_y01_191109/job_log_00249528.txt
HTAR: a   instcat_y01_191109/job_log_00249529.txt
HTAR: a   instcat_y01_191109/job_log_00249530.txt
HTAR: a   instcat_y01_191109/job_log_00249531.txt
HTAR: a   instcat_y01_191109/job_log_00249532.txt
HTAR: a   instcat_y01_191109/job_log_00249533.txt
HTAR: a   instcat_y01_191109/job_log_00249534.txt
HTAR: a   instcat_y01_191109/job_log_00249535.txt
HTAR: a   instcat_y01_191109/job_log_00249536.txt
HTAR: a   instcat_y01_191109/job_log_00249537.txt
HTAR: a   instcat_y01_191109/job_log_00249538.txt
HTAR: a   instcat_y01_191109/job_log_00249539.txt
HTAR: a   instcat_y01_191109/job_log_00250362.txt
HTAR: a   instcat_y01_191109/job_log_00250363.txt
HTAR: a   instcat_y01_191109/job_log_00250364.txt
HTAR: a   instcat_y01_191109/job_log_00250374.txt
HTAR: a   instcat_y01_191109/job_log_00250375.txt
HTAR: a   instcat_y01_191109/job_log_00250378.txt
HTAR: a   instcat_y01_191109/job_log_00250395.txt
HTAR: a   instcat_y01_191109/job_log_00250396.txt
HTAR: a   instcat_y01_191109/job_log_00250397.txt
HTAR: a   instcat_y01_191109/job_log_00250406.txt
HTAR: a   instcat_y01_191109/job_log_00250407.txt
HTAR: a   instcat_y01_191109/job_log_00250408.txt
HTAR: a   instcat_y01_191109/job_log_00250410.txt
HTAR: a   instcat_y01_191109/job_log_00250443.txt
HTAR: a   instcat_y01_191109/job_log_00250468.txt
HTAR: a   instcat_y01_191109/job_log_00250487.txt
HTAR: a   instcat_y01_191109/job_log_00250488.txt
HTAR: a   instcat_y01_191109/job_log_00250489.txt
HTAR: a   instcat_y01_191109/job_log_00250495.txt
HTAR: a   instcat_y01_191109/job_log_00250496.txt
HTAR: a   instcat_y01_191109/job_log_00250497.txt
HTAR: a   instcat_y01_191109/job_log_00250498.txt
HTAR: a   instcat_y01_191109/job_log_00250499.txt
HTAR: a   instcat_y01_191109/job_log_00250504.txt
HTAR: a   instcat_y01_191109/job_log_00250505.txt
HTAR: a   instcat_y01_191109/job_log_00250507.txt
HTAR: a   instcat_y01_191109/job_log_00250508.txt
HTAR: a   instcat_y01_191109/job_log_00250806.txt
HTAR: a   instcat_y01_191109/job_log_00250826.txt
HTAR: a   instcat_y01_191109/job_log_00250827.txt
HTAR: a   instcat_y01_191109/job_log_00250828.txt
HTAR: a   instcat_y01_191109/job_log_00250834.txt
HTAR: a   instcat_y01_191109/job_log_00250843.txt
HTAR: a   instcat_y01_191109/job_log_00250860.txt
HTAR: a   instcat_y01_191109/job_log_00250861.txt
HTAR: a   instcat_y01_191109/job_log_00250864.txt
HTAR: a   instcat_y01_191109/job_log_00250865.txt
HTAR: a   instcat_y01_191109/job_log_00250866.txt
HTAR: a   instcat_y01_191109/job_log_00250867.txt
HTAR: a   instcat_y01_191109/job_log_00250868.txt
HTAR: a   instcat_y01_191109/job_log_00250869.txt
HTAR: a   instcat_y01_191109/job_log_00250870.txt
HTAR: a   instcat_y01_191109/job_log_00250871.txt
HTAR: a   instcat_y01_191109/job_log_00250872.txt
HTAR: a   instcat_y01_191109/job_log_00250873.txt
HTAR: a   instcat_y01_191109/job_log_00250874.txt
HTAR: a   instcat_y01_191109/job_log_00250875.txt
HTAR: a   instcat_y01_191109/job_log_00250876.txt
HTAR: a   instcat_y01_191109/job_log_00250877.txt
HTAR: a   instcat_y01_191109/job_log_00250878.txt
HTAR: a   instcat_y01_191109/job_log_00250879.txt
HTAR: a   instcat_y01_191109/job_log_00250880.txt
HTAR: a   instcat_y01_191109/job_log_00250881.txt
HTAR: a   instcat_y01_191109/job_log_00250882.txt
HTAR: a   instcat_y01_191109/job_log_00250883.txt
HTAR: a   instcat_y01_191109/job_log_00250884.txt
HTAR: a   instcat_y01_191109/job_log_00250885.txt
HTAR: a   instcat_y01_191109/job_log_00250886.txt
HTAR: a   instcat_y01_191109/job_log_00250887.txt
HTAR: a   instcat_y01_191109/job_log_00250888.txt
HTAR: a   instcat_y01_191109/job_log_00250889.txt
HTAR: a   instcat_y01_191109/job_log_00250890.txt
HTAR: a   instcat_y01_191109/job_log_00250891.txt
HTAR: a   instcat_y01_191109/job_log_00250892.txt
HTAR: a   instcat_y01_191109/job_log_00250893.txt
HTAR: a   instcat_y01_191109/job_log_00250894.txt
HTAR: a   instcat_y01_191109/job_log_00250895.txt
HTAR: a   instcat_y01_191109/job_log_00250896.txt
HTAR: a   /tmp/HTAR_CF_CHK_45595_1578371146
HTAR Create complete for /home/projects/desc/DC2_ImSim/Run2.2i/instCat/y01_191109/00249487to00250896.tar. 552,404,812,288 bytes written for 242 member files, max threads: 50 Transfer time: 4338.154 seconds (127.336 MB/s) wallclock/user/sys: 4342.396 5119.690 2115.539 seconds
HTAR: HTAR SUCCESSFUL
