HTAR: a   instcat_y01_191109/00204456.tar.gz
HTAR: a   instcat_y01_191109/00204457.tar.gz
HTAR: a   instcat_y01_191109/00204458.tar.gz
HTAR: a   instcat_y01_191109/00204459.tar.gz
HTAR: a   instcat_y01_191109/00204460.tar.gz
HTAR: a   instcat_y01_191109/00204461.tar.gz
HTAR: a   instcat_y01_191109/00204462.tar.gz
HTAR: a   instcat_y01_191109/00204463.tar.gz
HTAR: a   instcat_y01_191109/00204464.tar.gz
HTAR: a   instcat_y01_191109/00204465.tar.gz
HTAR: a   instcat_y01_191109/00204466.tar.gz
HTAR: a   instcat_y01_191109/00204467.tar.gz
HTAR: a   instcat_y01_191109/00204468.tar.gz
HTAR: a   instcat_y01_191109/00204469.tar.gz
HTAR: a   instcat_y01_191109/00204470.tar.gz
HTAR: a   instcat_y01_191109/00204471.tar.gz
HTAR: a   instcat_y01_191109/00204472.tar.gz
HTAR: a   instcat_y01_191109/00204473.tar.gz
HTAR: a   instcat_y01_191109/00204474.tar.gz
HTAR: a   instcat_y01_191109/00204475.tar.gz
HTAR: a   instcat_y01_191109/00204476.tar.gz
HTAR: a   instcat_y01_191109/00204477.tar.gz
HTAR: a   instcat_y01_191109/00204478.tar.gz
HTAR: a   instcat_y01_191109/00204479.tar.gz
HTAR: a   instcat_y01_191109/00204480.tar.gz
HTAR: a   instcat_y01_191109/00204481.tar.gz
HTAR: a   instcat_y01_191109/00204482.tar.gz
HTAR: a   instcat_y01_191109/00204483.tar.gz
HTAR: a   instcat_y01_191109/00204516.tar.gz
HTAR: a   instcat_y01_191109/00204517.tar.gz
HTAR: a   instcat_y01_191109/00204519.tar.gz
HTAR: a   instcat_y01_191109/00204520.tar.gz
HTAR: a   instcat_y01_191109/00204521.tar.gz
HTAR: a   instcat_y01_191109/00204522.tar.gz
HTAR: a   instcat_y01_191109/00204523.tar.gz
HTAR: a   instcat_y01_191109/00204524.tar.gz
HTAR: a   instcat_y01_191109/00204553.tar.gz
HTAR: a   instcat_y01_191109/00204554.tar.gz
HTAR: a   instcat_y01_191109/00204555.tar.gz
HTAR: a   instcat_y01_191109/00204556.tar.gz
HTAR: a   instcat_y01_191109/00204558.tar.gz
HTAR: a   instcat_y01_191109/00204559.tar.gz
HTAR: a   instcat_y01_191109/00204560.tar.gz
HTAR: a   instcat_y01_191109/00204561.tar.gz
HTAR: a   instcat_y01_191109/00204562.tar.gz
HTAR: a   instcat_y01_191109/00204563.tar.gz
HTAR: a   instcat_y01_191109/00204593.tar.gz
HTAR: a   instcat_y01_191109/00204594.tar.gz
HTAR: a   instcat_y01_191109/00204595.tar.gz
HTAR: a   instcat_y01_191109/00204596.tar.gz
HTAR: a   instcat_y01_191109/00204597.tar.gz
HTAR: a   instcat_y01_191109/00204598.tar.gz
HTAR: a   instcat_y01_191109/00204648.tar.gz
HTAR: a   instcat_y01_191109/00204649.tar.gz
HTAR: a   instcat_y01_191109/00204650.tar.gz
HTAR: a   instcat_y01_191109/00204651.tar.gz
HTAR: a   instcat_y01_191109/00204661.tar.gz
HTAR: a   instcat_y01_191109/00204694.tar.gz
HTAR: a   instcat_y01_191109/00204704.tar.gz
HTAR: a   instcat_y01_191109/00204705.tar.gz
HTAR: a   instcat_y01_191109/00204706.tar.gz
HTAR: a   instcat_y01_191109/00204707.tar.gz
HTAR: a   instcat_y01_191109/00204708.tar.gz
HTAR: a   instcat_y01_191109/00204709.tar.gz
HTAR: a   instcat_y01_191109/00204710.tar.gz
HTAR: a   instcat_y01_191109/00204711.tar.gz
HTAR: a   instcat_y01_191109/00204712.tar.gz
HTAR: a   instcat_y01_191109/00204713.tar.gz
HTAR: a   instcat_y01_191109/00204714.tar.gz
HTAR: a   instcat_y01_191109/00204720.tar.gz
HTAR: a   instcat_y01_191109/00204721.tar.gz
HTAR: a   instcat_y01_191109/00204722.tar.gz
HTAR: a   instcat_y01_191109/00204753.tar.gz
HTAR: a   instcat_y01_191109/00204770.tar.gz
HTAR: a   instcat_y01_191109/00204771.tar.gz
HTAR: a   instcat_y01_191109/00205234.tar.gz
HTAR: a   instcat_y01_191109/00205235.tar.gz
HTAR: a   instcat_y01_191109/00205284.tar.gz
HTAR: a   instcat_y01_191109/00205302.tar.gz
HTAR: a   instcat_y01_191109/00205344.tar.gz
HTAR: a   instcat_y01_191109/00205345.tar.gz
HTAR: a   instcat_y01_191109/00205414.tar.gz
HTAR: a   instcat_y01_191109/00205416.tar.gz
HTAR: a   instcat_y01_191109/00205417.tar.gz
HTAR: a   instcat_y01_191109/00205418.tar.gz
HTAR: a   instcat_y01_191109/00205419.tar.gz
HTAR: a   instcat_y01_191109/00205426.tar.gz
HTAR: a   instcat_y01_191109/00205427.tar.gz
HTAR: a   instcat_y01_191109/00205458.tar.gz
HTAR: a   instcat_y01_191109/00205460.tar.gz
HTAR: a   instcat_y01_191109/00205461.tar.gz
HTAR: a   instcat_y01_191109/00205465.tar.gz
HTAR: a   instcat_y01_191109/00205467.tar.gz
HTAR: a   instcat_y01_191109/00205468.tar.gz
HTAR: a   instcat_y01_191109/00205469.tar.gz
HTAR: a   instcat_y01_191109/00206019.tar.gz
HTAR: a   instcat_y01_191109/00206020.tar.gz
HTAR: a   instcat_y01_191109/00206021.tar.gz
HTAR: a   instcat_y01_191109/00206022.tar.gz
HTAR: a   instcat_y01_191109/00206023.tar.gz
HTAR: a   instcat_y01_191109/00206028.tar.gz
HTAR: a   instcat_y01_191109/00206029.tar.gz
HTAR: a   instcat_y01_191109/00206030.tar.gz
HTAR: a   instcat_y01_191109/00206031.tar.gz
HTAR: a   instcat_y01_191109/00206032.tar.gz
HTAR: a   instcat_y01_191109/00206033.tar.gz
HTAR: a   instcat_y01_191109/00206034.tar.gz
HTAR: a   instcat_y01_191109/00206035.tar.gz
HTAR: a   instcat_y01_191109/00206037.tar.gz
HTAR: a   instcat_y01_191109/00206038.tar.gz
HTAR: a   instcat_y01_191109/00206039.tar.gz
HTAR: a   instcat_y01_191109/00206040.tar.gz
HTAR: a   instcat_y01_191109/00206041.tar.gz
HTAR: a   instcat_y01_191109/00206042.tar.gz
HTAR: a   instcat_y01_191109/00206043.tar.gz
HTAR: a   instcat_y01_191109/00206049.tar.gz
HTAR: a   instcat_y01_191109/00206050.tar.gz
HTAR: a   instcat_y01_191109/00206051.tar.gz
HTAR: a   instcat_y01_191109/00206052.tar.gz
HTAR: a   instcat_y01_191109/00206053.tar.gz
HTAR: a   instcat_y01_191109/00206054.tar.gz
HTAR: a   instcat_y01_191109/job_log_00204456.txt
HTAR: a   instcat_y01_191109/job_log_00204457.txt
HTAR: a   instcat_y01_191109/job_log_00204458.txt
HTAR: a   instcat_y01_191109/job_log_00204459.txt
HTAR: a   instcat_y01_191109/job_log_00204460.txt
HTAR: a   instcat_y01_191109/job_log_00204461.txt
HTAR: a   instcat_y01_191109/job_log_00204462.txt
HTAR: a   instcat_y01_191109/job_log_00204463.txt
HTAR: a   instcat_y01_191109/job_log_00204464.txt
HTAR: a   instcat_y01_191109/job_log_00204465.txt
HTAR: a   instcat_y01_191109/job_log_00204466.txt
HTAR: a   instcat_y01_191109/job_log_00204467.txt
HTAR: a   instcat_y01_191109/job_log_00204468.txt
HTAR: a   instcat_y01_191109/job_log_00204469.txt
HTAR: a   instcat_y01_191109/job_log_00204470.txt
HTAR: a   instcat_y01_191109/job_log_00204471.txt
HTAR: a   instcat_y01_191109/job_log_00204472.txt
HTAR: a   instcat_y01_191109/job_log_00204473.txt
HTAR: a   instcat_y01_191109/job_log_00204474.txt
HTAR: a   instcat_y01_191109/job_log_00204475.txt
HTAR: a   instcat_y01_191109/job_log_00204476.txt
HTAR: a   instcat_y01_191109/job_log_00204477.txt
HTAR: a   instcat_y01_191109/job_log_00204478.txt
HTAR: a   instcat_y01_191109/job_log_00204479.txt
HTAR: a   instcat_y01_191109/job_log_00204480.txt
HTAR: a   instcat_y01_191109/job_log_00204481.txt
HTAR: a   instcat_y01_191109/job_log_00204482.txt
HTAR: a   instcat_y01_191109/job_log_00204483.txt
HTAR: a   instcat_y01_191109/job_log_00204516.txt
HTAR: a   instcat_y01_191109/job_log_00204517.txt
HTAR: a   instcat_y01_191109/job_log_00204519.txt
HTAR: a   instcat_y01_191109/job_log_00204520.txt
HTAR: a   instcat_y01_191109/job_log_00204521.txt
HTAR: a   instcat_y01_191109/job_log_00204522.txt
HTAR: a   instcat_y01_191109/job_log_00204523.txt
HTAR: a   instcat_y01_191109/job_log_00204524.txt
HTAR: a   instcat_y01_191109/job_log_00204553.txt
HTAR: a   instcat_y01_191109/job_log_00204554.txt
HTAR: a   instcat_y01_191109/job_log_00204555.txt
HTAR: a   instcat_y01_191109/job_log_00204556.txt
HTAR: a   instcat_y01_191109/job_log_00204558.txt
HTAR: a   instcat_y01_191109/job_log_00204559.txt
HTAR: a   instcat_y01_191109/job_log_00204560.txt
HTAR: a   instcat_y01_191109/job_log_00204561.txt
HTAR: a   instcat_y01_191109/job_log_00204562.txt
HTAR: a   instcat_y01_191109/job_log_00204563.txt
HTAR: a   instcat_y01_191109/job_log_00204593.txt
HTAR: a   instcat_y01_191109/job_log_00204594.txt
HTAR: a   instcat_y01_191109/job_log_00204595.txt
HTAR: a   instcat_y01_191109/job_log_00204596.txt
HTAR: a   instcat_y01_191109/job_log_00204597.txt
HTAR: a   instcat_y01_191109/job_log_00204598.txt
HTAR: a   instcat_y01_191109/job_log_00204648.txt
HTAR: a   instcat_y01_191109/job_log_00204649.txt
HTAR: a   instcat_y01_191109/job_log_00204650.txt
HTAR: a   instcat_y01_191109/job_log_00204651.txt
HTAR: a   instcat_y01_191109/job_log_00204661.txt
HTAR: a   instcat_y01_191109/job_log_00204694.txt
HTAR: a   instcat_y01_191109/job_log_00204704.txt
HTAR: a   instcat_y01_191109/job_log_00204705.txt
HTAR: a   instcat_y01_191109/job_log_00204706.txt
HTAR: a   instcat_y01_191109/job_log_00204707.txt
HTAR: a   instcat_y01_191109/job_log_00204708.txt
HTAR: a   instcat_y01_191109/job_log_00204709.txt
HTAR: a   instcat_y01_191109/job_log_00204710.txt
HTAR: a   instcat_y01_191109/job_log_00204711.txt
HTAR: a   instcat_y01_191109/job_log_00204712.txt
HTAR: a   instcat_y01_191109/job_log_00204713.txt
HTAR: a   instcat_y01_191109/job_log_00204714.txt
HTAR: a   instcat_y01_191109/job_log_00204720.txt
HTAR: a   instcat_y01_191109/job_log_00204721.txt
HTAR: a   instcat_y01_191109/job_log_00204722.txt
HTAR: a   instcat_y01_191109/job_log_00204753.txt
HTAR: a   instcat_y01_191109/job_log_00204770.txt
HTAR: a   instcat_y01_191109/job_log_00204771.txt
HTAR: a   instcat_y01_191109/job_log_00205234.txt
HTAR: a   instcat_y01_191109/job_log_00205235.txt
HTAR: a   instcat_y01_191109/job_log_00205284.txt
HTAR: a   instcat_y01_191109/job_log_00205302.txt
HTAR: a   instcat_y01_191109/job_log_00205344.txt
HTAR: a   instcat_y01_191109/job_log_00205345.txt
HTAR: a   instcat_y01_191109/job_log_00205414.txt
HTAR: a   instcat_y01_191109/job_log_00205416.txt
HTAR: a   instcat_y01_191109/job_log_00205417.txt
HTAR: a   instcat_y01_191109/job_log_00205418.txt
HTAR: a   instcat_y01_191109/job_log_00205419.txt
HTAR: a   instcat_y01_191109/job_log_00205426.txt
HTAR: a   instcat_y01_191109/job_log_00205427.txt
HTAR: a   instcat_y01_191109/job_log_00205458.txt
HTAR: a   instcat_y01_191109/job_log_00205460.txt
HTAR: a   instcat_y01_191109/job_log_00205461.txt
HTAR: a   instcat_y01_191109/job_log_00205465.txt
HTAR: a   instcat_y01_191109/job_log_00205467.txt
HTAR: a   instcat_y01_191109/job_log_00205468.txt
HTAR: a   instcat_y01_191109/job_log_00205469.txt
HTAR: a   instcat_y01_191109/job_log_00206019.txt
HTAR: a   instcat_y01_191109/job_log_00206020.txt
HTAR: a   instcat_y01_191109/job_log_00206021.txt
HTAR: a   instcat_y01_191109/job_log_00206022.txt
HTAR: a   instcat_y01_191109/job_log_00206023.txt
HTAR: a   instcat_y01_191109/job_log_00206028.txt
HTAR: a   instcat_y01_191109/job_log_00206029.txt
HTAR: a   instcat_y01_191109/job_log_00206030.txt
HTAR: a   instcat_y01_191109/job_log_00206031.txt
HTAR: a   instcat_y01_191109/job_log_00206032.txt
HTAR: a   instcat_y01_191109/job_log_00206033.txt
HTAR: a   instcat_y01_191109/job_log_00206034.txt
HTAR: a   instcat_y01_191109/job_log_00206035.txt
HTAR: a   instcat_y01_191109/job_log_00206037.txt
HTAR: a   instcat_y01_191109/job_log_00206038.txt
HTAR: a   instcat_y01_191109/job_log_00206039.txt
HTAR: a   instcat_y01_191109/job_log_00206040.txt
HTAR: a   instcat_y01_191109/job_log_00206041.txt
HTAR: a   instcat_y01_191109/job_log_00206042.txt
HTAR: a   instcat_y01_191109/job_log_00206043.txt
HTAR: a   instcat_y01_191109/job_log_00206049.txt
HTAR: a   instcat_y01_191109/job_log_00206050.txt
HTAR: a   instcat_y01_191109/job_log_00206051.txt
HTAR: a   instcat_y01_191109/job_log_00206052.txt
HTAR: a   instcat_y01_191109/job_log_00206053.txt
HTAR: a   instcat_y01_191109/job_log_00206054.txt
HTAR: a   /tmp/HTAR_CF_CHK_34999_1578349585
HTAR Create complete for /home/projects/desc/DC2_ImSim/Run2.2i/instCat/y01_191109/00204456to00206054.tar. 550,300,135,424 bytes written for 242 member files, max threads: 50 Transfer time: 3867.651 seconds (142.283 MB/s) wallclock/user/sys: 3869.836 4916.568 1312.501 seconds
HTAR: HTAR SUCCESSFUL
HTAR: a   instcat_y01_191109/00206055.tar.gz
HTAR: a   instcat_y01_191109/00206056.tar.gz
HTAR: a   instcat_y01_191109/00206057.tar.gz
HTAR: a   instcat_y01_191109/00206058.tar.gz
HTAR: a   instcat_y01_191109/00206059.tar.gz
HTAR: a   instcat_y01_191109/00206066.tar.gz
HTAR: a   instcat_y01_191109/00206067.tar.gz
HTAR: a   instcat_y01_191109/00206068.tar.gz
HTAR: a   instcat_y01_191109/00206069.tar.gz
HTAR: a   instcat_y01_191109/00206070.tar.gz
HTAR: a   instcat_y01_191109/00206071.tar.gz
HTAR: a   instcat_y01_191109/00206072.tar.gz
HTAR: a   instcat_y01_191109/00206073.tar.gz
HTAR: a   instcat_y01_191109/00206074.tar.gz
HTAR: a   instcat_y01_191109/00206075.tar.gz
HTAR: a   instcat_y01_191109/00206076.tar.gz
HTAR: a   instcat_y01_191109/00206077.tar.gz
HTAR: a   instcat_y01_191109/00206078.tar.gz
HTAR: a   instcat_y01_191109/00206079.tar.gz
HTAR: a   instcat_y01_191109/00206080.tar.gz
HTAR: a   instcat_y01_191109/00206082.tar.gz
HTAR: a   instcat_y01_191109/00206083.tar.gz
HTAR: a   instcat_y01_191109/00206084.tar.gz
HTAR: a   instcat_y01_191109/00206085.tar.gz
HTAR: a   instcat_y01_191109/00206092.tar.gz
HTAR: a   instcat_y01_191109/00206093.tar.gz
HTAR: a   instcat_y01_191109/00206094.tar.gz
HTAR: a   instcat_y01_191109/00206095.tar.gz
HTAR: a   instcat_y01_191109/00206096.tar.gz
HTAR: a   instcat_y01_191109/00206097.tar.gz
HTAR: a   instcat_y01_191109/00206099.tar.gz
HTAR: a   instcat_y01_191109/00206101.tar.gz
HTAR: a   instcat_y01_191109/00206102.tar.gz
HTAR: a   instcat_y01_191109/00206103.tar.gz
HTAR: a   instcat_y01_191109/00206108.tar.gz
HTAR: a   instcat_y01_191109/00206109.tar.gz
HTAR: a   instcat_y01_191109/00206110.tar.gz
HTAR: a   instcat_y01_191109/00206111.tar.gz
HTAR: a   instcat_y01_191109/00206114.tar.gz
HTAR: a   instcat_y01_191109/00206120.tar.gz
HTAR: a   instcat_y01_191109/00206128.tar.gz
HTAR: a   instcat_y01_191109/00206133.tar.gz
HTAR: a   instcat_y01_191109/00206141.tar.gz
HTAR: a   instcat_y01_191109/00206143.tar.gz
HTAR: a   instcat_y01_191109/00206161.tar.gz
HTAR: a   instcat_y01_191109/00206167.tar.gz
HTAR: a   instcat_y01_191109/00206186.tar.gz
HTAR: a   instcat_y01_191109/00206195.tar.gz
HTAR: a   instcat_y01_191109/00206312.tar.gz
HTAR: a   instcat_y01_191109/00206313.tar.gz
HTAR: a   instcat_y01_191109/00206314.tar.gz
HTAR: a   instcat_y01_191109/00206315.tar.gz
HTAR: a   instcat_y01_191109/00206316.tar.gz
HTAR: a   instcat_y01_191109/00206317.tar.gz
HTAR: a   instcat_y01_191109/00206342.tar.gz
HTAR: a   instcat_y01_191109/00206343.tar.gz
HTAR: a   instcat_y01_191109/00206344.tar.gz
HTAR: a   instcat_y01_191109/00206345.tar.gz
HTAR: a   instcat_y01_191109/00206346.tar.gz
HTAR: a   instcat_y01_191109/00206347.tar.gz
HTAR: a   instcat_y01_191109/00207366.tar.gz
HTAR: a   instcat_y01_191109/00207368.tar.gz
HTAR: a   instcat_y01_191109/00207372.tar.gz
HTAR: a   instcat_y01_191109/00207731.tar.gz
HTAR: a   instcat_y01_191109/00207748.tar.gz
HTAR: a   instcat_y01_191109/00207760.tar.gz
HTAR: a   instcat_y01_191109/00207770.tar.gz
HTAR: a   instcat_y01_191109/00207772.tar.gz
HTAR: a   instcat_y01_191109/00207773.tar.gz
HTAR: a   instcat_y01_191109/00207774.tar.gz
HTAR: a   instcat_y01_191109/00207775.tar.gz
HTAR: a   instcat_y01_191109/00207781.tar.gz
HTAR: a   instcat_y01_191109/00207782.tar.gz
HTAR: a   instcat_y01_191109/00207783.tar.gz
HTAR: a   instcat_y01_191109/00207784.tar.gz
HTAR: a   instcat_y01_191109/00207789.tar.gz
HTAR: a   instcat_y01_191109/00207790.tar.gz
HTAR: a   instcat_y01_191109/00207791.tar.gz
HTAR: a   instcat_y01_191109/00207792.tar.gz
HTAR: a   instcat_y01_191109/00207793.tar.gz
HTAR: a   instcat_y01_191109/00207794.tar.gz
HTAR: a   instcat_y01_191109/00207795.tar.gz
HTAR: a   instcat_y01_191109/00207796.tar.gz
HTAR: a   instcat_y01_191109/00207797.tar.gz
HTAR: a   instcat_y01_191109/00207798.tar.gz
HTAR: a   instcat_y01_191109/00207799.tar.gz
HTAR: a   instcat_y01_191109/00207800.tar.gz
HTAR: a   instcat_y01_191109/00208601.tar.gz
HTAR: a   instcat_y01_191109/00208602.tar.gz
HTAR: a   instcat_y01_191109/00208604.tar.gz
HTAR: a   instcat_y01_191109/00208606.tar.gz
HTAR: a   instcat_y01_191109/00208635.tar.gz
HTAR: a   instcat_y01_191109/00208636.tar.gz
HTAR: a   instcat_y01_191109/00208637.tar.gz
HTAR: a   instcat_y01_191109/00208638.tar.gz
HTAR: a   instcat_y01_191109/00208639.tar.gz
HTAR: a   instcat_y01_191109/00208641.tar.gz
HTAR: a   instcat_y01_191109/00208685.tar.gz
HTAR: a   instcat_y01_191109/00208686.tar.gz
HTAR: a   instcat_y01_191109/00208721.tar.gz
HTAR: a   instcat_y01_191109/00208722.tar.gz
HTAR: a   instcat_y01_191109/00208723.tar.gz
HTAR: a   instcat_y01_191109/00208724.tar.gz
HTAR: a   instcat_y01_191109/00208725.tar.gz
HTAR: a   instcat_y01_191109/00208726.tar.gz
HTAR: a   instcat_y01_191109/00208727.tar.gz
HTAR: a   instcat_y01_191109/00208729.tar.gz
HTAR: a   instcat_y01_191109/00208730.tar.gz
HTAR: a   instcat_y01_191109/00208731.tar.gz
HTAR: a   instcat_y01_191109/00208732.tar.gz
HTAR: a   instcat_y01_191109/00208738.tar.gz
HTAR: a   instcat_y01_191109/00208739.tar.gz
HTAR: a   instcat_y01_191109/00208762.tar.gz
HTAR: a   instcat_y01_191109/00208763.tar.gz
HTAR: a   instcat_y01_191109/00208764.tar.gz
HTAR: a   instcat_y01_191109/00208765.tar.gz
HTAR: a   instcat_y01_191109/00208766.tar.gz
HTAR: a   instcat_y01_191109/00208768.tar.gz
HTAR: a   instcat_y01_191109/00208769.tar.gz
HTAR: a   instcat_y01_191109/00208770.tar.gz
HTAR: a   instcat_y01_191109/00208782.tar.gz
HTAR: a   instcat_y01_191109/job_log_00206055.txt
HTAR: a   instcat_y01_191109/job_log_00206056.txt
HTAR: a   instcat_y01_191109/job_log_00206057.txt
HTAR: a   instcat_y01_191109/job_log_00206058.txt
HTAR: a   instcat_y01_191109/job_log_00206059.txt
HTAR: a   instcat_y01_191109/job_log_00206066.txt
HTAR: a   instcat_y01_191109/job_log_00206067.txt
HTAR: a   instcat_y01_191109/job_log_00206068.txt
HTAR: a   instcat_y01_191109/job_log_00206069.txt
HTAR: a   instcat_y01_191109/job_log_00206070.txt
HTAR: a   instcat_y01_191109/job_log_00206071.txt
HTAR: a   instcat_y01_191109/job_log_00206072.txt
HTAR: a   instcat_y01_191109/job_log_00206073.txt
HTAR: a   instcat_y01_191109/job_log_00206074.txt
HTAR: a   instcat_y01_191109/job_log_00206075.txt
HTAR: a   instcat_y01_191109/job_log_00206076.txt
HTAR: a   instcat_y01_191109/job_log_00206077.txt
HTAR: a   instcat_y01_191109/job_log_00206078.txt
HTAR: a   instcat_y01_191109/job_log_00206079.txt
HTAR: a   instcat_y01_191109/job_log_00206080.txt
HTAR: a   instcat_y01_191109/job_log_00206082.txt
HTAR: a   instcat_y01_191109/job_log_00206083.txt
HTAR: a   instcat_y01_191109/job_log_00206084.txt
HTAR: a   instcat_y01_191109/job_log_00206085.txt
HTAR: a   instcat_y01_191109/job_log_00206092.txt
HTAR: a   instcat_y01_191109/job_log_00206093.txt
HTAR: a   instcat_y01_191109/job_log_00206094.txt
HTAR: a   instcat_y01_191109/job_log_00206095.txt
HTAR: a   instcat_y01_191109/job_log_00206096.txt
HTAR: a   instcat_y01_191109/job_log_00206097.txt
HTAR: a   instcat_y01_191109/job_log_00206099.txt
HTAR: a   instcat_y01_191109/job_log_00206101.txt
HTAR: a   instcat_y01_191109/job_log_00206102.txt
HTAR: a   instcat_y01_191109/job_log_00206103.txt
HTAR: a   instcat_y01_191109/job_log_00206108.txt
HTAR: a   instcat_y01_191109/job_log_00206109.txt
HTAR: a   instcat_y01_191109/job_log_00206110.txt
HTAR: a   instcat_y01_191109/job_log_00206111.txt
HTAR: a   instcat_y01_191109/job_log_00206114.txt
HTAR: a   instcat_y01_191109/job_log_00206120.txt
HTAR: a   instcat_y01_191109/job_log_00206128.txt
HTAR: a   instcat_y01_191109/job_log_00206133.txt
HTAR: a   instcat_y01_191109/job_log_00206141.txt
HTAR: a   instcat_y01_191109/job_log_00206143.txt
HTAR: a   instcat_y01_191109/job_log_00206161.txt
HTAR: a   instcat_y01_191109/job_log_00206167.txt
HTAR: a   instcat_y01_191109/job_log_00206186.txt
HTAR: a   instcat_y01_191109/job_log_00206195.txt
HTAR: a   instcat_y01_191109/job_log_00206312.txt
HTAR: a   instcat_y01_191109/job_log_00206313.txt
HTAR: a   instcat_y01_191109/job_log_00206314.txt
HTAR: a   instcat_y01_191109/job_log_00206315.txt
HTAR: a   instcat_y01_191109/job_log_00206316.txt
HTAR: a   instcat_y01_191109/job_log_00206317.txt
HTAR: a   instcat_y01_191109/job_log_00206342.txt
HTAR: a   instcat_y01_191109/job_log_00206343.txt
HTAR: a   instcat_y01_191109/job_log_00206344.txt
HTAR: a   instcat_y01_191109/job_log_00206345.txt
HTAR: a   instcat_y01_191109/job_log_00206346.txt
HTAR: a   instcat_y01_191109/job_log_00206347.txt
HTAR: a   instcat_y01_191109/job_log_00207366.txt
HTAR: a   instcat_y01_191109/job_log_00207368.txt
HTAR: a   instcat_y01_191109/job_log_00207372.txt
HTAR: a   instcat_y01_191109/job_log_00207731.txt
HTAR: a   instcat_y01_191109/job_log_00207748.txt
HTAR: a   instcat_y01_191109/job_log_00207760.txt
HTAR: a   instcat_y01_191109/job_log_00207770.txt
HTAR: a   instcat_y01_191109/job_log_00207772.txt
HTAR: a   instcat_y01_191109/job_log_00207773.txt
HTAR: a   instcat_y01_191109/job_log_00207774.txt
HTAR: a   instcat_y01_191109/job_log_00207775.txt
HTAR: a   instcat_y01_191109/job_log_00207781.txt
HTAR: a   instcat_y01_191109/job_log_00207782.txt
HTAR: a   instcat_y01_191109/job_log_00207783.txt
HTAR: a   instcat_y01_191109/job_log_00207784.txt
HTAR: a   instcat_y01_191109/job_log_00207789.txt
HTAR: a   instcat_y01_191109/job_log_00207790.txt
HTAR: a   instcat_y01_191109/job_log_00207791.txt
HTAR: a   instcat_y01_191109/job_log_00207792.txt
HTAR: a   instcat_y01_191109/job_log_00207793.txt
HTAR: a   instcat_y01_191109/job_log_00207794.txt
HTAR: a   instcat_y01_191109/job_log_00207795.txt
HTAR: a   instcat_y01_191109/job_log_00207796.txt
HTAR: a   instcat_y01_191109/job_log_00207797.txt
HTAR: a   instcat_y01_191109/job_log_00207798.txt
HTAR: a   instcat_y01_191109/job_log_00207799.txt
HTAR: a   instcat_y01_191109/job_log_00207800.txt
HTAR: a   instcat_y01_191109/job_log_00208601.txt
HTAR: a   instcat_y01_191109/job_log_00208602.txt
HTAR: a   instcat_y01_191109/job_log_00208604.txt
HTAR: a   instcat_y01_191109/job_log_00208606.txt
HTAR: a   instcat_y01_191109/job_log_00208635.txt
HTAR: a   instcat_y01_191109/job_log_00208636.txt
HTAR: a   instcat_y01_191109/job_log_00208637.txt
HTAR: a   instcat_y01_191109/job_log_00208638.txt
HTAR: a   instcat_y01_191109/job_log_00208639.txt
HTAR: a   instcat_y01_191109/job_log_00208641.txt
HTAR: a   instcat_y01_191109/job_log_00208685.txt
HTAR: a   instcat_y01_191109/job_log_00208686.txt
HTAR: a   instcat_y01_191109/job_log_00208721.txt
HTAR: a   instcat_y01_191109/job_log_00208722.txt
HTAR: a   instcat_y01_191109/job_log_00208723.txt
HTAR: a   instcat_y01_191109/job_log_00208724.txt
HTAR: a   instcat_y01_191109/job_log_00208725.txt
HTAR: a   instcat_y01_191109/job_log_00208726.txt
HTAR: a   instcat_y01_191109/job_log_00208727.txt
HTAR: a   instcat_y01_191109/job_log_00208729.txt
HTAR: a   instcat_y01_191109/job_log_00208730.txt
HTAR: a   instcat_y01_191109/job_log_00208731.txt
HTAR: a   instcat_y01_191109/job_log_00208732.txt
HTAR: a   instcat_y01_191109/job_log_00208738.txt
HTAR: a   instcat_y01_191109/job_log_00208739.txt
HTAR: a   instcat_y01_191109/job_log_00208762.txt
HTAR: a   instcat_y01_191109/job_log_00208763.txt
HTAR: a   instcat_y01_191109/job_log_00208764.txt
HTAR: a   instcat_y01_191109/job_log_00208765.txt
HTAR: a   instcat_y01_191109/job_log_00208766.txt
HTAR: a   instcat_y01_191109/job_log_00208768.txt
HTAR: a   instcat_y01_191109/job_log_00208769.txt
HTAR: a   instcat_y01_191109/job_log_00208770.txt
HTAR: a   instcat_y01_191109/job_log_00208782.txt
HTAR: a   /tmp/HTAR_CF_CHK_36881_1578353459
HTAR Create complete for /home/projects/desc/DC2_ImSim/Run2.2i/instCat/y01_191109/00206055to00208782.tar. 534,889,518,080 bytes written for 242 member files, max threads: 50 Transfer time: 3274.425 seconds (163.354 MB/s) wallclock/user/sys: 3278.335 4312.847 1110.399 seconds
HTAR: HTAR SUCCESSFUL
HTAR: a   instcat_y01_191109/00208783.tar.gz
HTAR: a   instcat_y01_191109/00208793.tar.gz
HTAR: a   instcat_y01_191109/00208794.tar.gz
HTAR: a   instcat_y01_191109/00208795.tar.gz
HTAR: a   instcat_y01_191109/00208799.tar.gz
HTAR: a   instcat_y01_191109/00208815.tar.gz
HTAR: a   instcat_y01_191109/00208816.tar.gz
HTAR: a   instcat_y01_191109/00208817.tar.gz
HTAR: a   instcat_y01_191109/00208818.tar.gz
HTAR: a   instcat_y01_191109/00208819.tar.gz
HTAR: a   instcat_y01_191109/00208851.tar.gz
HTAR: a   instcat_y01_191109/00208852.tar.gz
HTAR: a   instcat_y01_191109/00208858.tar.gz
HTAR: a   instcat_y01_191109/00208895.tar.gz
HTAR: a   instcat_y01_191109/00208898.tar.gz
HTAR: a   instcat_y01_191109/00208943.tar.gz
HTAR: a   instcat_y01_191109/00208944.tar.gz
HTAR: a   instcat_y01_191109/00208972.tar.gz
HTAR: a   instcat_y01_191109/00208973.tar.gz
HTAR: a   instcat_y01_191109/00208974.tar.gz
HTAR: a   instcat_y01_191109/00208999.tar.gz
HTAR: a   instcat_y01_191109/00209004.tar.gz
HTAR: a   instcat_y01_191109/00209005.tar.gz
HTAR: a   instcat_y01_191109/00209006.tar.gz
HTAR: a   instcat_y01_191109/00209007.tar.gz
HTAR: a   instcat_y01_191109/00209008.tar.gz
HTAR: a   instcat_y01_191109/00209009.tar.gz
HTAR: a   instcat_y01_191109/00209010.tar.gz
HTAR: a   instcat_y01_191109/00209011.tar.gz
HTAR: a   instcat_y01_191109/00209012.tar.gz
HTAR: a   instcat_y01_191109/00209013.tar.gz
HTAR: a   instcat_y01_191109/00209014.tar.gz
HTAR: a   instcat_y01_191109/00209015.tar.gz
HTAR: a   instcat_y01_191109/00209016.tar.gz
HTAR: a   instcat_y01_191109/00209017.tar.gz
HTAR: a   instcat_y01_191109/00209018.tar.gz
HTAR: a   instcat_y01_191109/00209019.tar.gz
HTAR: a   instcat_y01_191109/00209020.tar.gz
HTAR: a   instcat_y01_191109/00209021.tar.gz
HTAR: a   instcat_y01_191109/00209030.tar.gz
HTAR: a   instcat_y01_191109/00209031.tar.gz
HTAR: a   instcat_y01_191109/00209032.tar.gz
HTAR: a   instcat_y01_191109/00209033.tar.gz
HTAR: a   instcat_y01_191109/00209034.tar.gz
HTAR: a   instcat_y01_191109/00209035.tar.gz
HTAR: a   instcat_y01_191109/00209036.tar.gz
HTAR: a   instcat_y01_191109/00209037.tar.gz
HTAR: a   instcat_y01_191109/00209038.tar.gz
HTAR: a   instcat_y01_191109/00209039.tar.gz
HTAR: a   instcat_y01_191109/00209057.tar.gz
HTAR: a   instcat_y01_191109/00209058.tar.gz
HTAR: a   instcat_y01_191109/00209059.tar.gz
HTAR: a   instcat_y01_191109/00209060.tar.gz
HTAR: a   instcat_y01_191109/00209061.tar.gz
HTAR: a   instcat_y01_191109/00209062.tar.gz
HTAR: a   instcat_y01_191109/00209063.tar.gz
HTAR: a   instcat_y01_191109/00209064.tar.gz
HTAR: a   instcat_y01_191109/00209065.tar.gz
HTAR: a   instcat_y01_191109/00209066.tar.gz
HTAR: a   instcat_y01_191109/00209067.tar.gz
HTAR: a   instcat_y01_191109/00209068.tar.gz
HTAR: a   instcat_y01_191109/00209069.tar.gz
HTAR: a   instcat_y01_191109/00209079.tar.gz
HTAR: a   instcat_y01_191109/00209080.tar.gz
HTAR: a   instcat_y01_191109/00209081.tar.gz
HTAR: a   instcat_y01_191109/00209082.tar.gz
HTAR: a   instcat_y01_191109/00209083.tar.gz
HTAR: a   instcat_y01_191109/00209084.tar.gz
HTAR: a   instcat_y01_191109/00209085.tar.gz
HTAR: a   instcat_y01_191109/00209086.tar.gz
HTAR: a   instcat_y01_191109/00209087.tar.gz
HTAR: a   instcat_y01_191109/00209091.tar.gz
HTAR: a   instcat_y01_191109/00209770.tar.gz
HTAR: a   instcat_y01_191109/00209812.tar.gz
HTAR: a   instcat_y01_191109/00209815.tar.gz
HTAR: a   instcat_y01_191109/00209816.tar.gz
HTAR: a   instcat_y01_191109/00209817.tar.gz
HTAR: a   instcat_y01_191109/00209818.tar.gz
HTAR: a   instcat_y01_191109/00209819.tar.gz
HTAR: a   instcat_y01_191109/00209820.tar.gz
HTAR: a   instcat_y01_191109/00209822.tar.gz
HTAR: a   instcat_y01_191109/00209823.tar.gz
HTAR: a   instcat_y01_191109/00209824.tar.gz
HTAR: a   instcat_y01_191109/00209825.tar.gz
HTAR: a   instcat_y01_191109/00209826.tar.gz
HTAR: a   instcat_y01_191109/00209827.tar.gz
HTAR: a   instcat_y01_191109/00209828.tar.gz
HTAR: a   instcat_y01_191109/00209829.tar.gz
HTAR: a   instcat_y01_191109/00209841.tar.gz
HTAR: a   instcat_y01_191109/00209843.tar.gz
HTAR: a   instcat_y01_191109/00209846.tar.gz
HTAR: a   instcat_y01_191109/00209847.tar.gz
HTAR: a   instcat_y01_191109/00209848.tar.gz
HTAR: a   instcat_y01_191109/00209849.tar.gz
HTAR: a   instcat_y01_191109/00209850.tar.gz
HTAR: a   instcat_y01_191109/00209852.tar.gz
HTAR: a   instcat_y01_191109/00209853.tar.gz
HTAR: a   instcat_y01_191109/00209854.tar.gz
HTAR: a   instcat_y01_191109/00209855.tar.gz
HTAR: a   instcat_y01_191109/00209856.tar.gz
HTAR: a   instcat_y01_191109/00209857.tar.gz
HTAR: a   instcat_y01_191109/00209858.tar.gz
HTAR: a   instcat_y01_191109/00209859.tar.gz
HTAR: a   instcat_y01_191109/00209882.tar.gz
HTAR: a   instcat_y01_191109/00209887.tar.gz
HTAR: a   instcat_y01_191109/00209888.tar.gz
HTAR: a   instcat_y01_191109/00209889.tar.gz
HTAR: a   instcat_y01_191109/00209890.tar.gz
HTAR: a   instcat_y01_191109/00209891.tar.gz
HTAR: a   instcat_y01_191109/00209892.tar.gz
HTAR: a   instcat_y01_191109/00209893.tar.gz
HTAR: a   instcat_y01_191109/00209894.tar.gz
HTAR: a   instcat_y01_191109/00209895.tar.gz
HTAR: a   instcat_y01_191109/00209896.tar.gz
HTAR: a   instcat_y01_191109/00209897.tar.gz
HTAR: a   instcat_y01_191109/00209905.tar.gz
HTAR: a   instcat_y01_191109/00209907.tar.gz
HTAR: a   instcat_y01_191109/00209912.tar.gz
HTAR: a   instcat_y01_191109/00209913.tar.gz
HTAR: a   instcat_y01_191109/00209914.tar.gz
HTAR: a   instcat_y01_191109/00209940.tar.gz
HTAR: a   instcat_y01_191109/job_log_00208783.txt
HTAR: a   instcat_y01_191109/job_log_00208793.txt
HTAR: a   instcat_y01_191109/job_log_00208794.txt
HTAR: a   instcat_y01_191109/job_log_00208795.txt
HTAR: a   instcat_y01_191109/job_log_00208799.txt
HTAR: a   instcat_y01_191109/job_log_00208815.txt
HTAR: a   instcat_y01_191109/job_log_00208816.txt
HTAR: a   instcat_y01_191109/job_log_00208817.txt
HTAR: a   instcat_y01_191109/job_log_00208818.txt
HTAR: a   instcat_y01_191109/job_log_00208819.txt
HTAR: a   instcat_y01_191109/job_log_00208851.txt
HTAR: a   instcat_y01_191109/job_log_00208852.txt
HTAR: a   instcat_y01_191109/job_log_00208858.txt
HTAR: a   instcat_y01_191109/job_log_00208895.txt
HTAR: a   instcat_y01_191109/job_log_00208898.txt
HTAR: a   instcat_y01_191109/job_log_00208943.txt
HTAR: a   instcat_y01_191109/job_log_00208944.txt
HTAR: a   instcat_y01_191109/job_log_00208972.txt
HTAR: a   instcat_y01_191109/job_log_00208973.txt
HTAR: a   instcat_y01_191109/job_log_00208974.txt
HTAR: a   instcat_y01_191109/job_log_00208999.txt
HTAR: a   instcat_y01_191109/job_log_00209004.txt
HTAR: a   instcat_y01_191109/job_log_00209005.txt
HTAR: a   instcat_y01_191109/job_log_00209006.txt
HTAR: a   instcat_y01_191109/job_log_00209007.txt
HTAR: a   instcat_y01_191109/job_log_00209008.txt
HTAR: a   instcat_y01_191109/job_log_00209009.txt
HTAR: a   instcat_y01_191109/job_log_00209010.txt
HTAR: a   instcat_y01_191109/job_log_00209011.txt
HTAR: a   instcat_y01_191109/job_log_00209012.txt
HTAR: a   instcat_y01_191109/job_log_00209013.txt
HTAR: a   instcat_y01_191109/job_log_00209014.txt
HTAR: a   instcat_y01_191109/job_log_00209015.txt
HTAR: a   instcat_y01_191109/job_log_00209016.txt
HTAR: a   instcat_y01_191109/job_log_00209017.txt
HTAR: a   instcat_y01_191109/job_log_00209018.txt
HTAR: a   instcat_y01_191109/job_log_00209019.txt
HTAR: a   instcat_y01_191109/job_log_00209020.txt
HTAR: a   instcat_y01_191109/job_log_00209021.txt
HTAR: a   instcat_y01_191109/job_log_00209030.txt
HTAR: a   instcat_y01_191109/job_log_00209031.txt
HTAR: a   instcat_y01_191109/job_log_00209032.txt
HTAR: a   instcat_y01_191109/job_log_00209033.txt
HTAR: a   instcat_y01_191109/job_log_00209034.txt
HTAR: a   instcat_y01_191109/job_log_00209035.txt
HTAR: a   instcat_y01_191109/job_log_00209036.txt
HTAR: a   instcat_y01_191109/job_log_00209037.txt
HTAR: a   instcat_y01_191109/job_log_00209038.txt
HTAR: a   instcat_y01_191109/job_log_00209039.txt
HTAR: a   instcat_y01_191109/job_log_00209057.txt
HTAR: a   instcat_y01_191109/job_log_00209058.txt
HTAR: a   instcat_y01_191109/job_log_00209059.txt
HTAR: a   instcat_y01_191109/job_log_00209060.txt
HTAR: a   instcat_y01_191109/job_log_00209061.txt
HTAR: a   instcat_y01_191109/job_log_00209062.txt
HTAR: a   instcat_y01_191109/job_log_00209063.txt
HTAR: a   instcat_y01_191109/job_log_00209064.txt
HTAR: a   instcat_y01_191109/job_log_00209065.txt
HTAR: a   instcat_y01_191109/job_log_00209066.txt
HTAR: a   instcat_y01_191109/job_log_00209067.txt
HTAR: a   instcat_y01_191109/job_log_00209068.txt
HTAR: a   instcat_y01_191109/job_log_00209069.txt
HTAR: a   instcat_y01_191109/job_log_00209079.txt
HTAR: a   instcat_y01_191109/job_log_00209080.txt
HTAR: a   instcat_y01_191109/job_log_00209081.txt
HTAR: a   instcat_y01_191109/job_log_00209082.txt
HTAR: a   instcat_y01_191109/job_log_00209083.txt
HTAR: a   instcat_y01_191109/job_log_00209084.txt
HTAR: a   instcat_y01_191109/job_log_00209085.txt
HTAR: a   instcat_y01_191109/job_log_00209086.txt
HTAR: a   instcat_y01_191109/job_log_00209087.txt
HTAR: a   instcat_y01_191109/job_log_00209091.txt
HTAR: a   instcat_y01_191109/job_log_00209770.txt
HTAR: a   instcat_y01_191109/job_log_00209812.txt
HTAR: a   instcat_y01_191109/job_log_00209815.txt
HTAR: a   instcat_y01_191109/job_log_00209816.txt
HTAR: a   instcat_y01_191109/job_log_00209817.txt
HTAR: a   instcat_y01_191109/job_log_00209818.txt
HTAR: a   instcat_y01_191109/job_log_00209819.txt
HTAR: a   instcat_y01_191109/job_log_00209820.txt
HTAR: a   instcat_y01_191109/job_log_00209822.txt
HTAR: a   instcat_y01_191109/job_log_00209823.txt
HTAR: a   instcat_y01_191109/job_log_00209824.txt
HTAR: a   instcat_y01_191109/job_log_00209825.txt
HTAR: a   instcat_y01_191109/job_log_00209826.txt
HTAR: a   instcat_y01_191109/job_log_00209827.txt
HTAR: a   instcat_y01_191109/job_log_00209828.txt
HTAR: a   instcat_y01_191109/job_log_00209829.txt
HTAR: a   instcat_y01_191109/job_log_00209841.txt
HTAR: a   instcat_y01_191109/job_log_00209843.txt
HTAR: a   instcat_y01_191109/job_log_00209846.txt
HTAR: a   instcat_y01_191109/job_log_00209847.txt
HTAR: a   instcat_y01_191109/job_log_00209848.txt
HTAR: a   instcat_y01_191109/job_log_00209849.txt
HTAR: a   instcat_y01_191109/job_log_00209850.txt
HTAR: a   instcat_y01_191109/job_log_00209852.txt
HTAR: a   instcat_y01_191109/job_log_00209853.txt
HTAR: a   instcat_y01_191109/job_log_00209854.txt
HTAR: a   instcat_y01_191109/job_log_00209855.txt
HTAR: a   instcat_y01_191109/job_log_00209856.txt
HTAR: a   instcat_y01_191109/job_log_00209857.txt
HTAR: a   instcat_y01_191109/job_log_00209858.txt
HTAR: a   instcat_y01_191109/job_log_00209859.txt
HTAR: a   instcat_y01_191109/job_log_00209882.txt
HTAR: a   instcat_y01_191109/job_log_00209887.txt
HTAR: a   instcat_y01_191109/job_log_00209888.txt
HTAR: a   instcat_y01_191109/job_log_00209889.txt
HTAR: a   instcat_y01_191109/job_log_00209890.txt
HTAR: a   instcat_y01_191109/job_log_00209891.txt
HTAR: a   instcat_y01_191109/job_log_00209892.txt
HTAR: a   instcat_y01_191109/job_log_00209893.txt
HTAR: a   instcat_y01_191109/job_log_00209894.txt
HTAR: a   instcat_y01_191109/job_log_00209895.txt
HTAR: a   instcat_y01_191109/job_log_00209896.txt
HTAR: a   instcat_y01_191109/job_log_00209897.txt
HTAR: a   instcat_y01_191109/job_log_00209905.txt
HTAR: a   instcat_y01_191109/job_log_00209907.txt
HTAR: a   instcat_y01_191109/job_log_00209912.txt
HTAR: a   instcat_y01_191109/job_log_00209913.txt
HTAR: a   instcat_y01_191109/job_log_00209914.txt
HTAR: a   instcat_y01_191109/job_log_00209940.txt
HTAR: a   /tmp/HTAR_CF_CHK_45537_1578356740
HTAR Create complete for /home/projects/desc/DC2_ImSim/Run2.2i/instCat/y01_191109/00208783to00209940.tar. 543,192,865,792 bytes written for 242 member files, max threads: 50 Transfer time: 3459.880 seconds (156.998 MB/s) wallclock/user/sys: 3463.452 4529.331 1185.728 seconds
HTAR: HTAR SUCCESSFUL
HTAR: a   instcat_y01_191109/00209943.tar.gz
HTAR: a   instcat_y01_191109/00210469.tar.gz
HTAR: a   instcat_y01_191109/00210471.tar.gz
HTAR: a   instcat_y01_191109/00210472.tar.gz
HTAR: a   instcat_y01_191109/00210473.tar.gz
HTAR: a   instcat_y01_191109/00210474.tar.gz
HTAR: a   instcat_y01_191109/00210475.tar.gz
HTAR: a   instcat_y01_191109/00210476.tar.gz
HTAR: a   instcat_y01_191109/00210477.tar.gz
HTAR: a   instcat_y01_191109/00210522.tar.gz
HTAR: a   instcat_y01_191109/00210523.tar.gz
HTAR: a   instcat_y01_191109/00210524.tar.gz
HTAR: a   instcat_y01_191109/00210525.tar.gz
HTAR: a   instcat_y01_191109/00210526.tar.gz
HTAR: a   instcat_y01_191109/00210527.tar.gz
HTAR: a   instcat_y01_191109/00210528.tar.gz
HTAR: a   instcat_y01_191109/00210586.tar.gz
HTAR: a   instcat_y01_191109/00210587.tar.gz
HTAR: a   instcat_y01_191109/00210684.tar.gz
HTAR: a   instcat_y01_191109/00210697.tar.gz
HTAR: a   instcat_y01_191109/00210734.tar.gz
HTAR: a   instcat_y01_191109/00210735.tar.gz
HTAR: a   instcat_y01_191109/00210736.tar.gz
HTAR: a   instcat_y01_191109/00211087.tar.gz
HTAR: a   instcat_y01_191109/00211088.tar.gz
HTAR: a   instcat_y01_191109/00211089.tar.gz
HTAR: a   instcat_y01_191109/00211090.tar.gz
HTAR: a   instcat_y01_191109/00211091.tar.gz
HTAR: a   instcat_y01_191109/00211092.tar.gz
HTAR: a   instcat_y01_191109/00211096.tar.gz
HTAR: a   instcat_y01_191109/00211097.tar.gz
HTAR: a   instcat_y01_191109/00211098.tar.gz
HTAR: a   instcat_y01_191109/00211099.tar.gz
HTAR: a   instcat_y01_191109/00211100.tar.gz
HTAR: a   instcat_y01_191109/00211101.tar.gz
HTAR: a   instcat_y01_191109/00211102.tar.gz
HTAR: a   instcat_y01_191109/00211103.tar.gz
HTAR: a   instcat_y01_191109/00211127.tar.gz
HTAR: a   instcat_y01_191109/00211129.tar.gz
HTAR: a   instcat_y01_191109/00211130.tar.gz
HTAR: a   instcat_y01_191109/00211131.tar.gz
HTAR: a   instcat_y01_191109/00211132.tar.gz
HTAR: a   instcat_y01_191109/00211133.tar.gz
HTAR: a   instcat_y01_191109/00211134.tar.gz
HTAR: a   instcat_y01_191109/00211135.tar.gz
HTAR: a   instcat_y01_191109/00211139.tar.gz
HTAR: a   instcat_y01_191109/00211140.tar.gz
HTAR: a   instcat_y01_191109/00211141.tar.gz
HTAR: a   instcat_y01_191109/00211142.tar.gz
HTAR: a   instcat_y01_191109/00211143.tar.gz
HTAR: a   instcat_y01_191109/00211144.tar.gz
HTAR: a   instcat_y01_191109/00211145.tar.gz
HTAR: a   instcat_y01_191109/00211146.tar.gz
HTAR: a   instcat_y01_191109/00211147.tar.gz
HTAR: a   instcat_y01_191109/00211148.tar.gz
HTAR: a   instcat_y01_191109/00211149.tar.gz
HTAR: a   instcat_y01_191109/00211152.tar.gz
HTAR: a   instcat_y01_191109/00211153.tar.gz
HTAR: a   instcat_y01_191109/00211154.tar.gz
HTAR: a   instcat_y01_191109/00211155.tar.gz
HTAR: a   instcat_y01_191109/00211179.tar.gz
HTAR: a   instcat_y01_191109/00211180.tar.gz
HTAR: a   instcat_y01_191109/00211181.tar.gz
HTAR: a   instcat_y01_191109/00211182.tar.gz
HTAR: a   instcat_y01_191109/00211195.tar.gz
HTAR: a   instcat_y01_191109/00211196.tar.gz
HTAR: a   instcat_y01_191109/00211197.tar.gz
HTAR: a   instcat_y01_191109/00211198.tar.gz
HTAR: a   instcat_y01_191109/00211199.tar.gz
HTAR: a   instcat_y01_191109/00211200.tar.gz
HTAR: a   instcat_y01_191109/00211201.tar.gz
HTAR: a   instcat_y01_191109/00211226.tar.gz
HTAR: a   instcat_y01_191109/00211227.tar.gz
HTAR: a   instcat_y01_191109/00211228.tar.gz
HTAR: a   instcat_y01_191109/00211229.tar.gz
HTAR: a   instcat_y01_191109/00211230.tar.gz
HTAR: a   instcat_y01_191109/00211239.tar.gz
HTAR: a   instcat_y01_191109/00211240.tar.gz
HTAR: a   instcat_y01_191109/00211241.tar.gz
HTAR: a   instcat_y01_191109/00211242.tar.gz
HTAR: a   instcat_y01_191109/00211245.tar.gz
HTAR: a   instcat_y01_191109/00211262.tar.gz
HTAR: a   instcat_y01_191109/00211269.tar.gz
HTAR: a   instcat_y01_191109/00211270.tar.gz
HTAR: a   instcat_y01_191109/00211273.tar.gz
HTAR: a   instcat_y01_191109/00211274.tar.gz
HTAR: a   instcat_y01_191109/00211301.tar.gz
HTAR: a   instcat_y01_191109/00211302.tar.gz
HTAR: a   instcat_y01_191109/00211303.tar.gz
HTAR: a   instcat_y01_191109/00211304.tar.gz
HTAR: a   instcat_y01_191109/00211305.tar.gz
HTAR: a   instcat_y01_191109/00211306.tar.gz
HTAR: a   instcat_y01_191109/00211307.tar.gz
HTAR: a   instcat_y01_191109/00211319.tar.gz
HTAR: a   instcat_y01_191109/00211320.tar.gz
HTAR: a   instcat_y01_191109/00211321.tar.gz
HTAR: a   instcat_y01_191109/00211336.tar.gz
HTAR: a   instcat_y01_191109/00211341.tar.gz
HTAR: a   instcat_y01_191109/00211342.tar.gz
HTAR: a   instcat_y01_191109/00211343.tar.gz
HTAR: a   instcat_y01_191109/00211344.tar.gz
HTAR: a   instcat_y01_191109/00211345.tar.gz
HTAR: a   instcat_y01_191109/00211346.tar.gz
HTAR: a   instcat_y01_191109/00211356.tar.gz
HTAR: a   instcat_y01_191109/00211357.tar.gz
HTAR: a   instcat_y01_191109/00211393.tar.gz
HTAR: a   instcat_y01_191109/00211394.tar.gz
HTAR: a   instcat_y01_191109/00211395.tar.gz
HTAR: a   instcat_y01_191109/00211396.tar.gz
HTAR: a   instcat_y01_191109/00211397.tar.gz
HTAR: a   instcat_y01_191109/00211408.tar.gz
HTAR: a   instcat_y01_191109/00211409.tar.gz
HTAR: a   instcat_y01_191109/00211427.tar.gz
HTAR: a   instcat_y01_191109/00211428.tar.gz
HTAR: a   instcat_y01_191109/00211429.tar.gz
HTAR: a   instcat_y01_191109/00211431.tar.gz
HTAR: a   instcat_y01_191109/00211434.tar.gz
HTAR: a   instcat_y01_191109/00211451.tar.gz
HTAR: a   instcat_y01_191109/00211457.tar.gz
HTAR: a   instcat_y01_191109/00211471.tar.gz
HTAR: a   instcat_y01_191109/00211472.tar.gz
HTAR: a   instcat_y01_191109/job_log_00209943.txt
HTAR: a   instcat_y01_191109/job_log_00210469.txt
HTAR: a   instcat_y01_191109/job_log_00210471.txt
HTAR: a   instcat_y01_191109/job_log_00210472.txt
HTAR: a   instcat_y01_191109/job_log_00210473.txt
HTAR: a   instcat_y01_191109/job_log_00210474.txt
HTAR: a   instcat_y01_191109/job_log_00210475.txt
HTAR: a   instcat_y01_191109/job_log_00210476.txt
HTAR: a   instcat_y01_191109/job_log_00210477.txt
HTAR: a   instcat_y01_191109/job_log_00210522.txt
HTAR: a   instcat_y01_191109/job_log_00210523.txt
HTAR: a   instcat_y01_191109/job_log_00210524.txt
HTAR: a   instcat_y01_191109/job_log_00210525.txt
HTAR: a   instcat_y01_191109/job_log_00210526.txt
HTAR: a   instcat_y01_191109/job_log_00210527.txt
HTAR: a   instcat_y01_191109/job_log_00210528.txt
HTAR: a   instcat_y01_191109/job_log_00210586.txt
HTAR: a   instcat_y01_191109/job_log_00210587.txt
HTAR: a   instcat_y01_191109/job_log_00210684.txt
HTAR: a   instcat_y01_191109/job_log_00210697.txt
HTAR: a   instcat_y01_191109/job_log_00210734.txt
HTAR: a   instcat_y01_191109/job_log_00210735.txt
HTAR: a   instcat_y01_191109/job_log_00210736.txt
HTAR: a   instcat_y01_191109/job_log_00211087.txt
HTAR: a   instcat_y01_191109/job_log_00211088.txt
HTAR: a   instcat_y01_191109/job_log_00211089.txt
HTAR: a   instcat_y01_191109/job_log_00211090.txt
HTAR: a   instcat_y01_191109/job_log_00211091.txt
HTAR: a   instcat_y01_191109/job_log_00211092.txt
HTAR: a   instcat_y01_191109/job_log_00211096.txt
HTAR: a   instcat_y01_191109/job_log_00211097.txt
HTAR: a   instcat_y01_191109/job_log_00211098.txt
HTAR: a   instcat_y01_191109/job_log_00211099.txt
HTAR: a   instcat_y01_191109/job_log_00211100.txt
HTAR: a   instcat_y01_191109/job_log_00211101.txt
HTAR: a   instcat_y01_191109/job_log_00211102.txt
HTAR: a   instcat_y01_191109/job_log_00211103.txt
HTAR: a   instcat_y01_191109/job_log_00211127.txt
HTAR: a   instcat_y01_191109/job_log_00211129.txt
HTAR: a   instcat_y01_191109/job_log_00211130.txt
HTAR: a   instcat_y01_191109/job_log_00211131.txt
HTAR: a   instcat_y01_191109/job_log_00211132.txt
HTAR: a   instcat_y01_191109/job_log_00211133.txt
HTAR: a   instcat_y01_191109/job_log_00211134.txt
HTAR: a   instcat_y01_191109/job_log_00211135.txt
HTAR: a   instcat_y01_191109/job_log_00211139.txt
HTAR: a   instcat_y01_191109/job_log_00211140.txt
HTAR: a   instcat_y01_191109/job_log_00211141.txt
HTAR: a   instcat_y01_191109/job_log_00211142.txt
HTAR: a   instcat_y01_191109/job_log_00211143.txt
HTAR: a   instcat_y01_191109/job_log_00211144.txt
HTAR: a   instcat_y01_191109/job_log_00211145.txt
HTAR: a   instcat_y01_191109/job_log_00211146.txt
HTAR: a   instcat_y01_191109/job_log_00211147.txt
HTAR: a   instcat_y01_191109/job_log_00211148.txt
HTAR: a   instcat_y01_191109/job_log_00211149.txt
HTAR: a   instcat_y01_191109/job_log_00211152.txt
HTAR: a   instcat_y01_191109/job_log_00211153.txt
HTAR: a   instcat_y01_191109/job_log_00211154.txt
HTAR: a   instcat_y01_191109/job_log_00211155.txt
HTAR: a   instcat_y01_191109/job_log_00211179.txt
HTAR: a   instcat_y01_191109/job_log_00211180.txt
HTAR: a   instcat_y01_191109/job_log_00211181.txt
HTAR: a   instcat_y01_191109/job_log_00211182.txt
HTAR: a   instcat_y01_191109/job_log_00211195.txt
HTAR: a   instcat_y01_191109/job_log_00211196.txt
HTAR: a   instcat_y01_191109/job_log_00211197.txt
HTAR: a   instcat_y01_191109/job_log_00211198.txt
HTAR: a   instcat_y01_191109/job_log_00211199.txt
HTAR: a   instcat_y01_191109/job_log_00211200.txt
HTAR: a   instcat_y01_191109/job_log_00211201.txt
HTAR: a   instcat_y01_191109/job_log_00211226.txt
HTAR: a   instcat_y01_191109/job_log_00211227.txt
HTAR: a   instcat_y01_191109/job_log_00211228.txt
HTAR: a   instcat_y01_191109/job_log_00211229.txt
HTAR: a   instcat_y01_191109/job_log_00211230.txt
HTAR: a   instcat_y01_191109/job_log_00211239.txt
HTAR: a   instcat_y01_191109/job_log_00211240.txt
HTAR: a   instcat_y01_191109/job_log_00211241.txt
HTAR: a   instcat_y01_191109/job_log_00211242.txt
HTAR: a   instcat_y01_191109/job_log_00211245.txt
HTAR: a   instcat_y01_191109/job_log_00211262.txt
HTAR: a   instcat_y01_191109/job_log_00211269.txt
HTAR: a   instcat_y01_191109/job_log_00211270.txt
HTAR: a   instcat_y01_191109/job_log_00211273.txt
HTAR: a   instcat_y01_191109/job_log_00211274.txt
HTAR: a   instcat_y01_191109/job_log_00211301.txt
HTAR: a   instcat_y01_191109/job_log_00211302.txt
HTAR: a   instcat_y01_191109/job_log_00211303.txt
HTAR: a   instcat_y01_191109/job_log_00211304.txt
HTAR: a   instcat_y01_191109/job_log_00211305.txt
HTAR: a   instcat_y01_191109/job_log_00211306.txt
HTAR: a   instcat_y01_191109/job_log_00211307.txt
HTAR: a   instcat_y01_191109/job_log_00211319.txt
HTAR: a   instcat_y01_191109/job_log_00211320.txt
HTAR: a   instcat_y01_191109/job_log_00211321.txt
HTAR: a   instcat_y01_191109/job_log_00211336.txt
HTAR: a   instcat_y01_191109/job_log_00211341.txt
HTAR: a   instcat_y01_191109/job_log_00211342.txt
HTAR: a   instcat_y01_191109/job_log_00211343.txt
HTAR: a   instcat_y01_191109/job_log_00211344.txt
HTAR: a   instcat_y01_191109/job_log_00211345.txt
HTAR: a   instcat_y01_191109/job_log_00211346.txt
HTAR: a   instcat_y01_191109/job_log_00211356.txt
HTAR: a   instcat_y01_191109/job_log_00211357.txt
HTAR: a   instcat_y01_191109/job_log_00211393.txt
HTAR: a   instcat_y01_191109/job_log_00211394.txt
HTAR: a   instcat_y01_191109/job_log_00211395.txt
HTAR: a   instcat_y01_191109/job_log_00211396.txt
HTAR: a   instcat_y01_191109/job_log_00211397.txt
HTAR: a   instcat_y01_191109/job_log_00211408.txt
HTAR: a   instcat_y01_191109/job_log_00211409.txt
HTAR: a   instcat_y01_191109/job_log_00211427.txt
HTAR: a   instcat_y01_191109/job_log_00211428.txt
HTAR: a   instcat_y01_191109/job_log_00211429.txt
HTAR: a   instcat_y01_191109/job_log_00211431.txt
HTAR: a   instcat_y01_191109/job_log_00211434.txt
HTAR: a   instcat_y01_191109/job_log_00211451.txt
HTAR: a   instcat_y01_191109/job_log_00211457.txt
HTAR: a   instcat_y01_191109/job_log_00211471.txt
HTAR: a   instcat_y01_191109/job_log_00211472.txt
HTAR: a   /tmp/HTAR_CF_CHK_65332_1578360206
HTAR Create complete for /home/projects/desc/DC2_ImSim/Run2.2i/instCat/y01_191109/00209943to00211472.tar. 538,304,506,880 bytes written for 242 member files, max threads: 50 Transfer time: 3348.340 seconds (160.768 MB/s) wallclock/user/sys: 3351.378 4427.761 1147.135 seconds
HTAR: HTAR SUCCESSFUL
HTAR: a   instcat_y01_191109/00211473.tar.gz
HTAR: a   instcat_y01_191109/00211474.tar.gz
HTAR: a   instcat_y01_191109/00211476.tar.gz
HTAR: a   instcat_y01_191109/00211477.tar.gz
HTAR: a   instcat_y01_191109/00211478.tar.gz
HTAR: a   instcat_y01_191109/00211479.tar.gz
HTAR: a   instcat_y01_191109/00211481.tar.gz
HTAR: a   instcat_y01_191109/00211482.tar.gz
HTAR: a   instcat_y01_191109/00211483.tar.gz
HTAR: a   instcat_y01_191109/00211484.tar.gz
HTAR: a   instcat_y01_191109/00211485.tar.gz
HTAR: a   instcat_y01_191109/00211486.tar.gz
HTAR: a   instcat_y01_191109/00211487.tar.gz
HTAR: a   instcat_y01_191109/00211488.tar.gz
HTAR: a   instcat_y01_191109/00211489.tar.gz
HTAR: a   instcat_y01_191109/00211490.tar.gz
HTAR: a   instcat_y01_191109/00211509.tar.gz
HTAR: a   instcat_y01_191109/00211522.tar.gz
HTAR: a   instcat_y01_191109/00211523.tar.gz
HTAR: a   instcat_y01_191109/00211524.tar.gz
HTAR: a   instcat_y01_191109/00211526.tar.gz
HTAR: a   instcat_y01_191109/00211527.tar.gz
HTAR: a   instcat_y01_191109/00211528.tar.gz
HTAR: a   instcat_y01_191109/00211529.tar.gz
HTAR: a   instcat_y01_191109/00211530.tar.gz
HTAR: a   instcat_y01_191109/00211531.tar.gz
HTAR: a   instcat_y01_191109/00211532.tar.gz
HTAR: a   instcat_y01_191109/00211533.tar.gz
HTAR: a   instcat_y01_191109/00211534.tar.gz
HTAR: a   instcat_y01_191109/00211535.tar.gz
HTAR: a   instcat_y01_191109/00211536.tar.gz
HTAR: a   instcat_y01_191109/00211537.tar.gz
HTAR: a   instcat_y01_191109/00211538.tar.gz
HTAR: a   instcat_y01_191109/00211539.tar.gz
HTAR: a   instcat_y01_191109/00211540.tar.gz
HTAR: a   instcat_y01_191109/00211541.tar.gz
HTAR: a   instcat_y01_191109/00211542.tar.gz
HTAR: a   instcat_y01_191109/00211543.tar.gz
HTAR: a   instcat_y01_191109/00211544.tar.gz
HTAR: a   instcat_y01_191109/00211545.tar.gz
HTAR: a   instcat_y01_191109/00211546.tar.gz
HTAR: a   instcat_y01_191109/00211548.tar.gz
HTAR: a   instcat_y01_191109/00211549.tar.gz
HTAR: a   instcat_y01_191109/00211550.tar.gz
HTAR: a   instcat_y01_191109/00211551.tar.gz
HTAR: a   instcat_y01_191109/00211552.tar.gz
HTAR: a   instcat_y01_191109/00211553.tar.gz
HTAR: a   instcat_y01_191109/00211554.tar.gz
HTAR: a   instcat_y01_191109/00211555.tar.gz
HTAR: a   instcat_y01_191109/00211556.tar.gz
HTAR: a   instcat_y01_191109/00211557.tar.gz
HTAR: a   instcat_y01_191109/00211558.tar.gz
HTAR: a   instcat_y01_191109/00211559.tar.gz
HTAR: a   instcat_y01_191109/00211560.tar.gz
HTAR: a   instcat_y01_191109/00211950.tar.gz
HTAR: a   instcat_y01_191109/00211951.tar.gz
HTAR: a   instcat_y01_191109/00211952.tar.gz
HTAR: a   instcat_y01_191109/00211953.tar.gz
HTAR: a   instcat_y01_191109/00211954.tar.gz
HTAR: a   instcat_y01_191109/00211955.tar.gz
HTAR: a   instcat_y01_191109/00211956.tar.gz
HTAR: a   instcat_y01_191109/00211957.tar.gz
HTAR: a   instcat_y01_191109/00211958.tar.gz
HTAR: a   instcat_y01_191109/00211959.tar.gz
HTAR: a   instcat_y01_191109/00211960.tar.gz
HTAR: a   instcat_y01_191109/00211961.tar.gz
HTAR: a   instcat_y01_191109/00211962.tar.gz
HTAR: a   instcat_y01_191109/00211963.tar.gz
HTAR: a   instcat_y01_191109/00211964.tar.gz
HTAR: a   instcat_y01_191109/00211965.tar.gz
HTAR: a   instcat_y01_191109/00211966.tar.gz
HTAR: a   instcat_y01_191109/00211967.tar.gz
HTAR: a   instcat_y01_191109/00211968.tar.gz
HTAR: a   instcat_y01_191109/00211969.tar.gz
HTAR: a   instcat_y01_191109/00211970.tar.gz
HTAR: a   instcat_y01_191109/00211971.tar.gz
HTAR: a   instcat_y01_191109/00211972.tar.gz
HTAR: a   instcat_y01_191109/00211973.tar.gz
HTAR: a   instcat_y01_191109/00211974.tar.gz
HTAR: a   instcat_y01_191109/00211975.tar.gz
HTAR: a   instcat_y01_191109/00211976.tar.gz
HTAR: a   instcat_y01_191109/00211977.tar.gz
HTAR: a   instcat_y01_191109/00211978.tar.gz
HTAR: a   instcat_y01_191109/00211979.tar.gz
HTAR: a   instcat_y01_191109/00211980.tar.gz
HTAR: a   instcat_y01_191109/00211981.tar.gz
HTAR: a   instcat_y01_191109/00211982.tar.gz
HTAR: a   instcat_y01_191109/00211983.tar.gz
HTAR: a   instcat_y01_191109/00211984.tar.gz
HTAR: a   instcat_y01_191109/00211985.tar.gz
HTAR: a   instcat_y01_191109/00211986.tar.gz
HTAR: a   instcat_y01_191109/00211987.tar.gz
HTAR: a   instcat_y01_191109/00211988.tar.gz
HTAR: a   instcat_y01_191109/00211989.tar.gz
HTAR: a   instcat_y01_191109/00211990.tar.gz
HTAR: a   instcat_y01_191109/00211991.tar.gz
HTAR: a   instcat_y01_191109/00211992.tar.gz
HTAR: a   instcat_y01_191109/00211993.tar.gz
HTAR: a   instcat_y01_191109/00211994.tar.gz
HTAR: a   instcat_y01_191109/00211995.tar.gz
HTAR: a   instcat_y01_191109/00211996.tar.gz
HTAR: a   instcat_y01_191109/00211997.tar.gz
HTAR: a   instcat_y01_191109/00211998.tar.gz
HTAR: a   instcat_y01_191109/00211999.tar.gz
HTAR: a   instcat_y01_191109/00212000.tar.gz
HTAR: a   instcat_y01_191109/00212001.tar.gz
HTAR: a   instcat_y01_191109/00212002.tar.gz
HTAR: a   instcat_y01_191109/00212003.tar.gz
HTAR: a   instcat_y01_191109/00212004.tar.gz
HTAR: a   instcat_y01_191109/00212005.tar.gz
HTAR: a   instcat_y01_191109/00212006.tar.gz
HTAR: a   instcat_y01_191109/00212007.tar.gz
HTAR: a   instcat_y01_191109/00212008.tar.gz
HTAR: a   instcat_y01_191109/00212009.tar.gz
HTAR: a   instcat_y01_191109/00212010.tar.gz
HTAR: a   instcat_y01_191109/00212011.tar.gz
HTAR: a   instcat_y01_191109/00212012.tar.gz
HTAR: a   instcat_y01_191109/00212013.tar.gz
HTAR: a   instcat_y01_191109/00212014.tar.gz
HTAR: a   instcat_y01_191109/00212015.tar.gz
HTAR: a   instcat_y01_191109/00212016.tar.gz
HTAR: a   instcat_y01_191109/job_log_00211473.txt
HTAR: a   instcat_y01_191109/job_log_00211474.txt
HTAR: a   instcat_y01_191109/job_log_00211476.txt
HTAR: a   instcat_y01_191109/job_log_00211477.txt
HTAR: a   instcat_y01_191109/job_log_00211478.txt
HTAR: a   instcat_y01_191109/job_log_00211479.txt
HTAR: a   instcat_y01_191109/job_log_00211481.txt
HTAR: a   instcat_y01_191109/job_log_00211482.txt
HTAR: a   instcat_y01_191109/job_log_00211483.txt
HTAR: a   instcat_y01_191109/job_log_00211484.txt
HTAR: a   instcat_y01_191109/job_log_00211485.txt
HTAR: a   instcat_y01_191109/job_log_00211486.txt
HTAR: a   instcat_y01_191109/job_log_00211487.txt
HTAR: a   instcat_y01_191109/job_log_00211488.txt
HTAR: a   instcat_y01_191109/job_log_00211489.txt
HTAR: a   instcat_y01_191109/job_log_00211490.txt
HTAR: a   instcat_y01_191109/job_log_00211509.txt
HTAR: a   instcat_y01_191109/job_log_00211522.txt
HTAR: a   instcat_y01_191109/job_log_00211523.txt
HTAR: a   instcat_y01_191109/job_log_00211524.txt
HTAR: a   instcat_y01_191109/job_log_00211526.txt
HTAR: a   instcat_y01_191109/job_log_00211527.txt
HTAR: a   instcat_y01_191109/job_log_00211528.txt
HTAR: a   instcat_y01_191109/job_log_00211529.txt
HTAR: a   instcat_y01_191109/job_log_00211530.txt
HTAR: a   instcat_y01_191109/job_log_00211531.txt
HTAR: a   instcat_y01_191109/job_log_00211532.txt
HTAR: a   instcat_y01_191109/job_log_00211533.txt
HTAR: a   instcat_y01_191109/job_log_00211534.txt
HTAR: a   instcat_y01_191109/job_log_00211535.txt
HTAR: a   instcat_y01_191109/job_log_00211536.txt
HTAR: a   instcat_y01_191109/job_log_00211537.txt
HTAR: a   instcat_y01_191109/job_log_00211538.txt
HTAR: a   instcat_y01_191109/job_log_00211539.txt
HTAR: a   instcat_y01_191109/job_log_00211540.txt
HTAR: a   instcat_y01_191109/job_log_00211541.txt
HTAR: a   instcat_y01_191109/job_log_00211542.txt
HTAR: a   instcat_y01_191109/job_log_00211543.txt
HTAR: a   instcat_y01_191109/job_log_00211544.txt
HTAR: a   instcat_y01_191109/job_log_00211545.txt
HTAR: a   instcat_y01_191109/job_log_00211546.txt
HTAR: a   instcat_y01_191109/job_log_00211548.txt
HTAR: a   instcat_y01_191109/job_log_00211549.txt
HTAR: a   instcat_y01_191109/job_log_00211550.txt
HTAR: a   instcat_y01_191109/job_log_00211551.txt
HTAR: a   instcat_y01_191109/job_log_00211552.txt
HTAR: a   instcat_y01_191109/job_log_00211553.txt
HTAR: a   instcat_y01_191109/job_log_00211554.txt
HTAR: a   instcat_y01_191109/job_log_00211555.txt
HTAR: a   instcat_y01_191109/job_log_00211556.txt
HTAR: a   instcat_y01_191109/job_log_00211557.txt
HTAR: a   instcat_y01_191109/job_log_00211558.txt
HTAR: a   instcat_y01_191109/job_log_00211559.txt
HTAR: a   instcat_y01_191109/job_log_00211560.txt
HTAR: a   instcat_y01_191109/job_log_00211950.txt
HTAR: a   instcat_y01_191109/job_log_00211951.txt
HTAR: a   instcat_y01_191109/job_log_00211952.txt
HTAR: a   instcat_y01_191109/job_log_00211953.txt
HTAR: a   instcat_y01_191109/job_log_00211954.txt
HTAR: a   instcat_y01_191109/job_log_00211955.txt
HTAR: a   instcat_y01_191109/job_log_00211956.txt
HTAR: a   instcat_y01_191109/job_log_00211957.txt
HTAR: a   instcat_y01_191109/job_log_00211958.txt
HTAR: a   instcat_y01_191109/job_log_00211959.txt
HTAR: a   instcat_y01_191109/job_log_00211960.txt
HTAR: a   instcat_y01_191109/job_log_00211961.txt
HTAR: a   instcat_y01_191109/job_log_00211962.txt
HTAR: a   instcat_y01_191109/job_log_00211963.txt
HTAR: a   instcat_y01_191109/job_log_00211964.txt
HTAR: a   instcat_y01_191109/job_log_00211965.txt
HTAR: a   instcat_y01_191109/job_log_00211966.txt
HTAR: a   instcat_y01_191109/job_log_00211967.txt
HTAR: a   instcat_y01_191109/job_log_00211968.txt
HTAR: a   instcat_y01_191109/job_log_00211969.txt
HTAR: a   instcat_y01_191109/job_log_00211970.txt
HTAR: a   instcat_y01_191109/job_log_00211971.txt
HTAR: a   instcat_y01_191109/job_log_00211972.txt
HTAR: a   instcat_y01_191109/job_log_00211973.txt
HTAR: a   instcat_y01_191109/job_log_00211974.txt
HTAR: a   instcat_y01_191109/job_log_00211975.txt
HTAR: a   instcat_y01_191109/job_log_00211976.txt
HTAR: a   instcat_y01_191109/job_log_00211977.txt
HTAR: a   instcat_y01_191109/job_log_00211978.txt
HTAR: a   instcat_y01_191109/job_log_00211979.txt
HTAR: a   instcat_y01_191109/job_log_00211980.txt
HTAR: a   instcat_y01_191109/job_log_00211981.txt
HTAR: a   instcat_y01_191109/job_log_00211982.txt
HTAR: a   instcat_y01_191109/job_log_00211983.txt
HTAR: a   instcat_y01_191109/job_log_00211984.txt
HTAR: a   instcat_y01_191109/job_log_00211985.txt
HTAR: a   instcat_y01_191109/job_log_00211986.txt
HTAR: a   instcat_y01_191109/job_log_00211987.txt
HTAR: a   instcat_y01_191109/job_log_00211988.txt
HTAR: a   instcat_y01_191109/job_log_00211989.txt
HTAR: a   instcat_y01_191109/job_log_00211990.txt
HTAR: a   instcat_y01_191109/job_log_00211991.txt
HTAR: a   instcat_y01_191109/job_log_00211992.txt
HTAR: a   instcat_y01_191109/job_log_00211993.txt
HTAR: a   instcat_y01_191109/job_log_00211994.txt
HTAR: a   instcat_y01_191109/job_log_00211995.txt
HTAR: a   instcat_y01_191109/job_log_00211996.txt
HTAR: a   instcat_y01_191109/job_log_00211997.txt
HTAR: a   instcat_y01_191109/job_log_00211998.txt
HTAR: a   instcat_y01_191109/job_log_00211999.txt
HTAR: a   instcat_y01_191109/job_log_00212000.txt
HTAR: a   instcat_y01_191109/job_log_00212001.txt
HTAR: a   instcat_y01_191109/job_log_00212002.txt
HTAR: a   instcat_y01_191109/job_log_00212003.txt
HTAR: a   instcat_y01_191109/job_log_00212004.txt
HTAR: a   instcat_y01_191109/job_log_00212005.txt
HTAR: a   instcat_y01_191109/job_log_00212006.txt
HTAR: a   instcat_y01_191109/job_log_00212007.txt
HTAR: a   instcat_y01_191109/job_log_00212008.txt
HTAR: a   instcat_y01_191109/job_log_00212009.txt
HTAR: a   instcat_y01_191109/job_log_00212010.txt
HTAR: a   instcat_y01_191109/job_log_00212011.txt
HTAR: a   instcat_y01_191109/job_log_00212012.txt
HTAR: a   instcat_y01_191109/job_log_00212013.txt
HTAR: a   instcat_y01_191109/job_log_00212014.txt
HTAR: a   instcat_y01_191109/job_log_00212015.txt
HTAR: a   instcat_y01_191109/job_log_00212016.txt
HTAR: a   /tmp/HTAR_CF_CHK_10219_1578363561
HTAR Create complete for /home/projects/desc/DC2_ImSim/Run2.2i/instCat/y01_191109/00211473to00212016.tar. 570,417,011,712 bytes written for 242 member files, max threads: 50 Transfer time: 3708.500 seconds (153.813 MB/s) wallclock/user/sys: 3712.439 4863.249 1272.980 seconds
HTAR: HTAR SUCCESSFUL
HTAR: a   instcat_y01_191109/00212017.tar.gz
HTAR: a   instcat_y01_191109/00212018.tar.gz
HTAR: a   instcat_y01_191109/00212019.tar.gz
HTAR: a   instcat_y01_191109/00212020.tar.gz
HTAR: a   instcat_y01_191109/00212021.tar.gz
HTAR: a   instcat_y01_191109/00212022.tar.gz
HTAR: a   instcat_y01_191109/00212023.tar.gz
HTAR: a   instcat_y01_191109/00212024.tar.gz
HTAR: a   instcat_y01_191109/00212025.tar.gz
HTAR: a   instcat_y01_191109/00212026.tar.gz
HTAR: a   instcat_y01_191109/00212027.tar.gz
HTAR: a   instcat_y01_191109/00212028.tar.gz
HTAR: a   instcat_y01_191109/00212029.tar.gz
HTAR: a   instcat_y01_191109/00212030.tar.gz
HTAR: a   instcat_y01_191109/00212031.tar.gz
HTAR: a   instcat_y01_191109/00212032.tar.gz
HTAR: a   instcat_y01_191109/00212033.tar.gz
HTAR: a   instcat_y01_191109/00212034.tar.gz
HTAR: a   instcat_y01_191109/00212035.tar.gz
HTAR: a   instcat_y01_191109/00212036.tar.gz
HTAR: a   instcat_y01_191109/00212037.tar.gz
HTAR: a   instcat_y01_191109/00212038.tar.gz
HTAR: a   instcat_y01_191109/00212039.tar.gz
HTAR: a   instcat_y01_191109/00212040.tar.gz
HTAR: a   instcat_y01_191109/00212041.tar.gz
HTAR: a   instcat_y01_191109/00212042.tar.gz
HTAR: a   instcat_y01_191109/00212043.tar.gz
HTAR: a   instcat_y01_191109/00212044.tar.gz
HTAR: a   instcat_y01_191109/00212045.tar.gz
HTAR: a   instcat_y01_191109/00212046.tar.gz
HTAR: a   instcat_y01_191109/00212047.tar.gz
HTAR: a   instcat_y01_191109/00212048.tar.gz
HTAR: a   instcat_y01_191109/00212056.tar.gz
HTAR: a   instcat_y01_191109/00212069.tar.gz
HTAR: a   instcat_y01_191109/00212070.tar.gz
HTAR: a   instcat_y01_191109/00212071.tar.gz
HTAR: a   instcat_y01_191109/00212072.tar.gz
HTAR: a   instcat_y01_191109/00212073.tar.gz
HTAR: a   instcat_y01_191109/00212074.tar.gz
HTAR: a   instcat_y01_191109/00212075.tar.gz
HTAR: a   instcat_y01_191109/00212076.tar.gz
HTAR: a   instcat_y01_191109/00212077.tar.gz
HTAR: a   instcat_y01_191109/00212083.tar.gz
HTAR: a   instcat_y01_191109/00212084.tar.gz
HTAR: a   instcat_y01_191109/00212085.tar.gz
HTAR: a   instcat_y01_191109/00212086.tar.gz
HTAR: a   instcat_y01_191109/00212116.tar.gz
HTAR: a   instcat_y01_191109/00212117.tar.gz
HTAR: a   instcat_y01_191109/00212118.tar.gz
HTAR: a   instcat_y01_191109/00212119.tar.gz
HTAR: a   instcat_y01_191109/00212120.tar.gz
HTAR: a   instcat_y01_191109/00212125.tar.gz
HTAR: a   instcat_y01_191109/00212126.tar.gz
HTAR: a   instcat_y01_191109/00212127.tar.gz
HTAR: a   instcat_y01_191109/00212182.tar.gz
HTAR: a   instcat_y01_191109/00212184.tar.gz
HTAR: a   instcat_y01_191109/00212185.tar.gz
HTAR: a   instcat_y01_191109/00212186.tar.gz
HTAR: a   instcat_y01_191109/00212215.tar.gz
HTAR: a   instcat_y01_191109/00212216.tar.gz
HTAR: a   instcat_y01_191109/00212226.tar.gz
HTAR: a   instcat_y01_191109/00212228.tar.gz
HTAR: a   instcat_y01_191109/00212238.tar.gz
HTAR: a   instcat_y01_191109/00212242.tar.gz
HTAR: a   instcat_y01_191109/00212243.tar.gz
HTAR: a   instcat_y01_191109/00212251.tar.gz
HTAR: a   instcat_y01_191109/00212253.tar.gz
HTAR: a   instcat_y01_191109/00212254.tar.gz
HTAR: a   instcat_y01_191109/00212255.tar.gz
HTAR: a   instcat_y01_191109/00212699.tar.gz
HTAR: a   instcat_y01_191109/00212700.tar.gz
HTAR: a   instcat_y01_191109/00212701.tar.gz
HTAR: a   instcat_y01_191109/00212703.tar.gz
HTAR: a   instcat_y01_191109/00212704.tar.gz
HTAR: a   instcat_y01_191109/00212705.tar.gz
HTAR: a   instcat_y01_191109/00212706.tar.gz
HTAR: a   instcat_y01_191109/00212708.tar.gz
HTAR: a   instcat_y01_191109/00212709.tar.gz
HTAR: a   instcat_y01_191109/00212710.tar.gz
HTAR: a   instcat_y01_191109/00212711.tar.gz
HTAR: a   instcat_y01_191109/00212712.tar.gz
HTAR: a   instcat_y01_191109/00212737.tar.gz
HTAR: a   instcat_y01_191109/00212738.tar.gz
HTAR: a   instcat_y01_191109/00212739.tar.gz
HTAR: a   instcat_y01_191109/00212740.tar.gz
HTAR: a   instcat_y01_191109/00212741.tar.gz
HTAR: a   instcat_y01_191109/00212744.tar.gz
HTAR: a   instcat_y01_191109/00212745.tar.gz
HTAR: a   instcat_y01_191109/00212746.tar.gz
HTAR: a   instcat_y01_191109/00212747.tar.gz
HTAR: a   instcat_y01_191109/00212748.tar.gz
HTAR: a   instcat_y01_191109/00212804.tar.gz
HTAR: a   instcat_y01_191109/00212805.tar.gz
HTAR: a   instcat_y01_191109/00212806.tar.gz
HTAR: a   instcat_y01_191109/00212807.tar.gz
HTAR: a   instcat_y01_191109/00212842.tar.gz
HTAR: a   instcat_y01_191109/00212843.tar.gz
HTAR: a   instcat_y01_191109/00212844.tar.gz
HTAR: a   instcat_y01_191109/00212845.tar.gz
HTAR: a   instcat_y01_191109/00213012.tar.gz
HTAR: a   instcat_y01_191109/00213013.tar.gz
HTAR: a   instcat_y01_191109/00213014.tar.gz
HTAR: a   instcat_y01_191109/00213015.tar.gz
HTAR: a   instcat_y01_191109/00213051.tar.gz
HTAR: a   instcat_y01_191109/00213053.tar.gz
HTAR: a   instcat_y01_191109/00213054.tar.gz
HTAR: a   instcat_y01_191109/00213055.tar.gz
HTAR: a   instcat_y01_191109/00213088.tar.gz
HTAR: a   instcat_y01_191109/00213089.tar.gz
HTAR: a   instcat_y01_191109/00213133.tar.gz
HTAR: a   instcat_y01_191109/00213508.tar.gz
HTAR: a   instcat_y01_191109/00213509.tar.gz
HTAR: a   instcat_y01_191109/00213510.tar.gz
HTAR: a   instcat_y01_191109/00213511.tar.gz
HTAR: a   instcat_y01_191109/00213512.tar.gz
HTAR: a   instcat_y01_191109/00213513.tar.gz
HTAR: a   instcat_y01_191109/00213514.tar.gz
HTAR: a   instcat_y01_191109/00213515.tar.gz
HTAR: a   instcat_y01_191109/00213516.tar.gz
HTAR: a   instcat_y01_191109/00213517.tar.gz
HTAR: a   instcat_y01_191109/00213518.tar.gz
HTAR: a   instcat_y01_191109/job_log_00212017.txt
HTAR: a   instcat_y01_191109/job_log_00212018.txt
HTAR: a   instcat_y01_191109/job_log_00212019.txt
HTAR: a   instcat_y01_191109/job_log_00212020.txt
HTAR: a   instcat_y01_191109/job_log_00212021.txt
HTAR: a   instcat_y01_191109/job_log_00212022.txt
HTAR: a   instcat_y01_191109/job_log_00212023.txt
HTAR: a   instcat_y01_191109/job_log_00212024.txt
HTAR: a   instcat_y01_191109/job_log_00212025.txt
HTAR: a   instcat_y01_191109/job_log_00212026.txt
HTAR: a   instcat_y01_191109/job_log_00212027.txt
HTAR: a   instcat_y01_191109/job_log_00212028.txt
HTAR: a   instcat_y01_191109/job_log_00212029.txt
HTAR: a   instcat_y01_191109/job_log_00212030.txt
HTAR: a   instcat_y01_191109/job_log_00212031.txt
HTAR: a   instcat_y01_191109/job_log_00212032.txt
HTAR: a   instcat_y01_191109/job_log_00212033.txt
HTAR: a   instcat_y01_191109/job_log_00212034.txt
HTAR: a   instcat_y01_191109/job_log_00212035.txt
HTAR: a   instcat_y01_191109/job_log_00212036.txt
HTAR: a   instcat_y01_191109/job_log_00212037.txt
HTAR: a   instcat_y01_191109/job_log_00212038.txt
HTAR: a   instcat_y01_191109/job_log_00212039.txt
HTAR: a   instcat_y01_191109/job_log_00212040.txt
HTAR: a   instcat_y01_191109/job_log_00212041.txt
HTAR: a   instcat_y01_191109/job_log_00212042.txt
HTAR: a   instcat_y01_191109/job_log_00212043.txt
HTAR: a   instcat_y01_191109/job_log_00212044.txt
HTAR: a   instcat_y01_191109/job_log_00212045.txt
HTAR: a   instcat_y01_191109/job_log_00212046.txt
HTAR: a   instcat_y01_191109/job_log_00212047.txt
HTAR: a   instcat_y01_191109/job_log_00212048.txt
HTAR: a   instcat_y01_191109/job_log_00212056.txt
HTAR: a   instcat_y01_191109/job_log_00212069.txt
HTAR: a   instcat_y01_191109/job_log_00212070.txt
HTAR: a   instcat_y01_191109/job_log_00212071.txt
HTAR: a   instcat_y01_191109/job_log_00212072.txt
HTAR: a   instcat_y01_191109/job_log_00212073.txt
HTAR: a   instcat_y01_191109/job_log_00212074.txt
HTAR: a   instcat_y01_191109/job_log_00212075.txt
HTAR: a   instcat_y01_191109/job_log_00212076.txt
HTAR: a   instcat_y01_191109/job_log_00212077.txt
HTAR: a   instcat_y01_191109/job_log_00212083.txt
HTAR: a   instcat_y01_191109/job_log_00212084.txt
HTAR: a   instcat_y01_191109/job_log_00212085.txt
HTAR: a   instcat_y01_191109/job_log_00212086.txt
HTAR: a   instcat_y01_191109/job_log_00212116.txt
HTAR: a   instcat_y01_191109/job_log_00212117.txt
HTAR: a   instcat_y01_191109/job_log_00212118.txt
HTAR: a   instcat_y01_191109/job_log_00212119.txt
HTAR: a   instcat_y01_191109/job_log_00212120.txt
HTAR: a   instcat_y01_191109/job_log_00212125.txt
HTAR: a   instcat_y01_191109/job_log_00212126.txt
HTAR: a   instcat_y01_191109/job_log_00212127.txt
HTAR: a   instcat_y01_191109/job_log_00212182.txt
HTAR: a   instcat_y01_191109/job_log_00212184.txt
HTAR: a   instcat_y01_191109/job_log_00212185.txt
HTAR: a   instcat_y01_191109/job_log_00212186.txt
HTAR: a   instcat_y01_191109/job_log_00212215.txt
HTAR: a   instcat_y01_191109/job_log_00212216.txt
HTAR: a   instcat_y01_191109/job_log_00212226.txt
HTAR: a   instcat_y01_191109/job_log_00212228.txt
HTAR: a   instcat_y01_191109/job_log_00212238.txt
HTAR: a   instcat_y01_191109/job_log_00212242.txt
HTAR: a   instcat_y01_191109/job_log_00212243.txt
HTAR: a   instcat_y01_191109/job_log_00212251.txt
HTAR: a   instcat_y01_191109/job_log_00212253.txt
HTAR: a   instcat_y01_191109/job_log_00212254.txt
HTAR: a   instcat_y01_191109/job_log_00212255.txt
HTAR: a   instcat_y01_191109/job_log_00212699.txt
HTAR: a   instcat_y01_191109/job_log_00212700.txt
HTAR: a   instcat_y01_191109/job_log_00212701.txt
HTAR: a   instcat_y01_191109/job_log_00212703.txt
HTAR: a   instcat_y01_191109/job_log_00212704.txt
HTAR: a   instcat_y01_191109/job_log_00212705.txt
HTAR: a   instcat_y01_191109/job_log_00212706.txt
HTAR: a   instcat_y01_191109/job_log_00212708.txt
HTAR: a   instcat_y01_191109/job_log_00212709.txt
HTAR: a   instcat_y01_191109/job_log_00212710.txt
HTAR: a   instcat_y01_191109/job_log_00212711.txt
HTAR: a   instcat_y01_191109/job_log_00212712.txt
HTAR: a   instcat_y01_191109/job_log_00212737.txt
HTAR: a   instcat_y01_191109/job_log_00212738.txt
HTAR: a   instcat_y01_191109/job_log_00212739.txt
HTAR: a   instcat_y01_191109/job_log_00212740.txt
HTAR: a   instcat_y01_191109/job_log_00212741.txt
HTAR: a   instcat_y01_191109/job_log_00212744.txt
HTAR: a   instcat_y01_191109/job_log_00212745.txt
HTAR: a   instcat_y01_191109/job_log_00212746.txt
HTAR: a   instcat_y01_191109/job_log_00212747.txt
HTAR: a   instcat_y01_191109/job_log_00212748.txt
HTAR: a   instcat_y01_191109/job_log_00212804.txt
HTAR: a   instcat_y01_191109/job_log_00212805.txt
HTAR: a   instcat_y01_191109/job_log_00212806.txt
HTAR: a   instcat_y01_191109/job_log_00212807.txt
HTAR: a   instcat_y01_191109/job_log_00212842.txt
HTAR: a   instcat_y01_191109/job_log_00212843.txt
HTAR: a   instcat_y01_191109/job_log_00212844.txt
HTAR: a   instcat_y01_191109/job_log_00212845.txt
HTAR: a   instcat_y01_191109/job_log_00213012.txt
HTAR: a   instcat_y01_191109/job_log_00213013.txt
HTAR: a   instcat_y01_191109/job_log_00213014.txt
HTAR: a   instcat_y01_191109/job_log_00213015.txt
HTAR: a   instcat_y01_191109/job_log_00213051.txt
HTAR: a   instcat_y01_191109/job_log_00213053.txt
HTAR: a   instcat_y01_191109/job_log_00213054.txt
HTAR: a   instcat_y01_191109/job_log_00213055.txt
HTAR: a   instcat_y01_191109/job_log_00213088.txt
HTAR: a   instcat_y01_191109/job_log_00213089.txt
HTAR: a   instcat_y01_191109/job_log_00213133.txt
HTAR: a   instcat_y01_191109/job_log_00213508.txt
HTAR: a   instcat_y01_191109/job_log_00213509.txt
HTAR: a   instcat_y01_191109/job_log_00213510.txt
HTAR: a   instcat_y01_191109/job_log_00213511.txt
HTAR: a   instcat_y01_191109/job_log_00213512.txt
HTAR: a   instcat_y01_191109/job_log_00213513.txt
HTAR: a   instcat_y01_191109/job_log_00213514.txt
HTAR: a   instcat_y01_191109/job_log_00213515.txt
HTAR: a   instcat_y01_191109/job_log_00213516.txt
HTAR: a   instcat_y01_191109/job_log_00213517.txt
HTAR: a   instcat_y01_191109/job_log_00213518.txt
HTAR: a   /tmp/HTAR_CF_CHK_31803_1578367325
HTAR Create complete for /home/projects/desc/DC2_ImSim/Run2.2i/instCat/y01_191109/00212017to00213518.tar. 548,899,145,728 bytes written for 242 member files, max threads: 50 Transfer time: 3422.416 seconds (160.384 MB/s) wallclock/user/sys: 3473.184 4411.125 1141.617 seconds
HTAR: HTAR SUCCESSFUL
