HTAR: a   DC2_ImSim/Run2.1i/instCat/01116617to01181839/01165846.tar.gz
HTAR: a   DC2_ImSim/Run2.1i/instCat/01116617to01181839/01165847.tar.gz
HTAR: a   DC2_ImSim/Run2.1i/instCat/01116617to01181839/01165848.tar.gz
HTAR: a   DC2_ImSim/Run2.1i/instCat/01116617to01181839/01165850.tar.gz
HTAR: a   DC2_ImSim/Run2.1i/instCat/01116617to01181839/01165855.tar.gz
HTAR: a   DC2_ImSim/Run2.1i/instCat/01116617to01181839/01165856.tar.gz
HTAR: a   DC2_ImSim/Run2.1i/instCat/01116617to01181839/01165858.tar.gz
HTAR: a   DC2_ImSim/Run2.1i/instCat/01116617to01181839/01165859.tar.gz
HTAR: a   DC2_ImSim/Run2.1i/instCat/01116617to01181839/01165868.tar.gz
HTAR: a   DC2_ImSim/Run2.1i/instCat/01116617to01181839/01165869.tar.gz
HTAR: a   DC2_ImSim/Run2.1i/instCat/01116617to01181839/01165870.tar.gz
HTAR: a   DC2_ImSim/Run2.1i/instCat/01116617to01181839/01165871.tar.gz
HTAR: a   DC2_ImSim/Run2.1i/instCat/01116617to01181839/01165872.tar.gz
HTAR: a   DC2_ImSim/Run2.1i/instCat/01116617to01181839/01165873.tar.gz
HTAR: a   DC2_ImSim/Run2.1i/instCat/01116617to01181839/01165877.tar.gz
HTAR: a   DC2_ImSim/Run2.1i/instCat/01116617to01181839/01165879.tar.gz
HTAR: a   DC2_ImSim/Run2.1i/instCat/01116617to01181839/01165880.tar.gz
HTAR: a   DC2_ImSim/Run2.1i/instCat/01116617to01181839/01165881.tar.gz
HTAR: a   DC2_ImSim/Run2.1i/instCat/01116617to01181839/01165883.tar.gz
HTAR: a   DC2_ImSim/Run2.1i/instCat/01116617to01181839/01165894.tar.gz
HTAR: a   DC2_ImSim/Run2.1i/instCat/01116617to01181839/01165897.tar.gz
HTAR: a   DC2_ImSim/Run2.1i/instCat/01116617to01181839/01165898.tar.gz
HTAR: a   DC2_ImSim/Run2.1i/instCat/01116617to01181839/01165899.tar.gz
HTAR: a   DC2_ImSim/Run2.1i/instCat/01116617to01181839/01165900.tar.gz
HTAR: a   DC2_ImSim/Run2.1i/instCat/01116617to01181839/01165907.tar.gz
HTAR: a   DC2_ImSim/Run2.1i/instCat/01116617to01181839/01165914.tar.gz
HTAR: a   DC2_ImSim/Run2.1i/instCat/01116617to01181839/01165915.tar.gz
HTAR: a   DC2_ImSim/Run2.1i/instCat/01116617to01181839/01165916.tar.gz
HTAR: a   DC2_ImSim/Run2.1i/instCat/01116617to01181839/01165917.tar.gz
HTAR: a   DC2_ImSim/Run2.1i/instCat/01116617to01181839/01165918.tar.gz
HTAR: a   DC2_ImSim/Run2.1i/instCat/01116617to01181839/01165955.tar.gz
HTAR: a   DC2_ImSim/Run2.1i/instCat/01116617to01181839/01165956.tar.gz
HTAR: a   DC2_ImSim/Run2.1i/instCat/01116617to01181839/01165957.tar.gz
HTAR: a   DC2_ImSim/Run2.1i/instCat/01116617to01181839/01165958.tar.gz
HTAR: a   DC2_ImSim/Run2.1i/instCat/01116617to01181839/01165969.tar.gz
HTAR: a   DC2_ImSim/Run2.1i/instCat/01116617to01181839/01165975.tar.gz
HTAR: a   DC2_ImSim/Run2.1i/instCat/01116617to01181839/01165976.tar.gz
HTAR: a   DC2_ImSim/Run2.1i/instCat/01116617to01181839/01165977.tar.gz
HTAR: a   DC2_ImSim/Run2.1i/instCat/01116617to01181839/01165978.tar.gz
HTAR: a   DC2_ImSim/Run2.1i/instCat/01116617to01181839/01165979.tar.gz
HTAR: a   DC2_ImSim/Run2.1i/instCat/01116617to01181839/01165980.tar.gz
HTAR: a   DC2_ImSim/Run2.1i/instCat/01116617to01181839/01166840.tar.gz
HTAR: a   DC2_ImSim/Run2.1i/instCat/01116617to01181839/01166916.tar.gz
HTAR: a   DC2_ImSim/Run2.1i/instCat/01116617to01181839/01166917.tar.gz
HTAR: a   DC2_ImSim/Run2.1i/instCat/01116617to01181839/01168165.tar.gz
HTAR: a   DC2_ImSim/Run2.1i/instCat/01116617to01181839/01168166.tar.gz
HTAR: a   DC2_ImSim/Run2.1i/instCat/01116617to01181839/01168167.tar.gz
HTAR: a   DC2_ImSim/Run2.1i/instCat/01116617to01181839/01168168.tar.gz
HTAR: a   DC2_ImSim/Run2.1i/instCat/01116617to01181839/01168169.tar.gz
HTAR: a   DC2_ImSim/Run2.1i/instCat/01116617to01181839/01168190.tar.gz
HTAR: a   DC2_ImSim/Run2.1i/instCat/01116617to01181839/01168197.tar.gz
HTAR: a   DC2_ImSim/Run2.1i/instCat/01116617to01181839/01168198.tar.gz
HTAR: a   DC2_ImSim/Run2.1i/instCat/01116617to01181839/01168199.tar.gz
HTAR: a   DC2_ImSim/Run2.1i/instCat/01116617to01181839/01168200.tar.gz
HTAR: a   DC2_ImSim/Run2.1i/instCat/01116617to01181839/01168203.tar.gz
HTAR: a   DC2_ImSim/Run2.1i/instCat/01116617to01181839/01168204.tar.gz
HTAR: a   DC2_ImSim/Run2.1i/instCat/01116617to01181839/01168205.tar.gz
HTAR: a   DC2_ImSim/Run2.1i/instCat/01116617to01181839/01168206.tar.gz
HTAR: a   DC2_ImSim/Run2.1i/instCat/01116617to01181839/01168207.tar.gz
HTAR: a   DC2_ImSim/Run2.1i/instCat/01116617to01181839/01168208.tar.gz
HTAR: a   DC2_ImSim/Run2.1i/instCat/01116617to01181839/01168209.tar.gz
HTAR: a   DC2_ImSim/Run2.1i/instCat/01116617to01181839/01168210.tar.gz
HTAR: a   DC2_ImSim/Run2.1i/instCat/01116617to01181839/01168211.tar.gz
HTAR: a   DC2_ImSim/Run2.1i/instCat/01116617to01181839/01168212.tar.gz
HTAR: a   DC2_ImSim/Run2.1i/instCat/01116617to01181839/01168213.tar.gz
HTAR: a   DC2_ImSim/Run2.1i/instCat/01116617to01181839/01168214.tar.gz
HTAR: a   DC2_ImSim/Run2.1i/instCat/01116617to01181839/01168215.tar.gz
HTAR: a   DC2_ImSim/Run2.1i/instCat/01116617to01181839/01168216.tar.gz
HTAR: a   DC2_ImSim/Run2.1i/instCat/01116617to01181839/01168217.tar.gz
HTAR: a   DC2_ImSim/Run2.1i/instCat/01116617to01181839/01168218.tar.gz
HTAR: a   DC2_ImSim/Run2.1i/instCat/01116617to01181839/01168219.tar.gz
HTAR: a   DC2_ImSim/Run2.1i/instCat/01116617to01181839/01168223.tar.gz
HTAR: a   DC2_ImSim/Run2.1i/instCat/01116617to01181839/01168260.tar.gz
HTAR: a   DC2_ImSim/Run2.1i/instCat/01116617to01181839/01168261.tar.gz
HTAR: a   DC2_ImSim/Run2.1i/instCat/01116617to01181839/01168262.tar.gz
HTAR: a   DC2_ImSim/Run2.1i/instCat/01116617to01181839/01168263.tar.gz
HTAR: a   DC2_ImSim/Run2.1i/instCat/01116617to01181839/01168264.tar.gz
HTAR: a   DC2_ImSim/Run2.1i/instCat/01116617to01181839/01168265.tar.gz
HTAR: a   DC2_ImSim/Run2.1i/instCat/01116617to01181839/01168266.tar.gz
HTAR: a   DC2_ImSim/Run2.1i/instCat/01116617to01181839/01168268.tar.gz
HTAR: a   DC2_ImSim/Run2.1i/instCat/01116617to01181839/01168269.tar.gz
HTAR: a   DC2_ImSim/Run2.1i/instCat/01116617to01181839/01168270.tar.gz
HTAR: a   DC2_ImSim/Run2.1i/instCat/01116617to01181839/01168271.tar.gz
HTAR: a   DC2_ImSim/Run2.1i/instCat/01116617to01181839/01168272.tar.gz
HTAR: a   DC2_ImSim/Run2.1i/instCat/01116617to01181839/01168273.tar.gz
HTAR: a   DC2_ImSim/Run2.1i/instCat/01116617to01181839/01168274.tar.gz
HTAR: a   DC2_ImSim/Run2.1i/instCat/01116617to01181839/01168275.tar.gz
HTAR: a   DC2_ImSim/Run2.1i/instCat/01116617to01181839/01168276.tar.gz
HTAR: a   DC2_ImSim/Run2.1i/instCat/01116617to01181839/01168277.tar.gz
HTAR: a   DC2_ImSim/Run2.1i/instCat/01116617to01181839/01168278.tar.gz
HTAR: a   DC2_ImSim/Run2.1i/instCat/01116617to01181839/01168279.tar.gz
HTAR: a   DC2_ImSim/Run2.1i/instCat/01116617to01181839/01168280.tar.gz
HTAR: a   DC2_ImSim/Run2.1i/instCat/01116617to01181839/01168281.tar.gz
HTAR: a   DC2_ImSim/Run2.1i/instCat/01116617to01181839/01168282.tar.gz
HTAR: a   DC2_ImSim/Run2.1i/instCat/01116617to01181839/01168283.tar.gz
HTAR: a   DC2_ImSim/Run2.1i/instCat/01116617to01181839/01168284.tar.gz
HTAR: a   DC2_ImSim/Run2.1i/instCat/01116617to01181839/01168285.tar.gz
HTAR: a   DC2_ImSim/Run2.1i/instCat/01116617to01181839/01168286.tar.gz
HTAR: a   DC2_ImSim/Run2.1i/instCat/01116617to01181839/01168287.tar.gz
HTAR: a   DC2_ImSim/Run2.1i/instCat/01116617to01181839/01168288.tar.gz
HTAR: a   DC2_ImSim/Run2.1i/instCat/01116617to01181839/01168289.tar.gz
HTAR: a   DC2_ImSim/Run2.1i/instCat/01116617to01181839/01168292.tar.gz
HTAR: a   DC2_ImSim/Run2.1i/instCat/01116617to01181839/01168293.tar.gz
HTAR: a   DC2_ImSim/Run2.1i/instCat/01116617to01181839/01168294.tar.gz
HTAR: a   DC2_ImSim/Run2.1i/instCat/01116617to01181839/01168295.tar.gz
HTAR: a   DC2_ImSim/Run2.1i/instCat/01116617to01181839/01168296.tar.gz
HTAR: a   DC2_ImSim/Run2.1i/instCat/01116617to01181839/01168297.tar.gz
HTAR: a   DC2_ImSim/Run2.1i/instCat/01116617to01181839/01168298.tar.gz
HTAR: a   DC2_ImSim/Run2.1i/instCat/01116617to01181839/01168299.tar.gz
HTAR: a   DC2_ImSim/Run2.1i/instCat/01116617to01181839/01168300.tar.gz
HTAR: a   DC2_ImSim/Run2.1i/instCat/01116617to01181839/01168301.tar.gz
HTAR: a   DC2_ImSim/Run2.1i/instCat/01116617to01181839/01168302.tar.gz
HTAR: a   DC2_ImSim/Run2.1i/instCat/01116617to01181839/01168309.tar.gz
HTAR: a   DC2_ImSim/Run2.1i/instCat/01116617to01181839/01168310.tar.gz
HTAR: a   DC2_ImSim/Run2.1i/instCat/01116617to01181839/01168311.tar.gz
HTAR: a   DC2_ImSim/Run2.1i/instCat/01116617to01181839/01168312.tar.gz
HTAR: a   DC2_ImSim/Run2.1i/instCat/01116617to01181839/01168313.tar.gz
HTAR: a   DC2_ImSim/Run2.1i/instCat/01116617to01181839/01168314.tar.gz
HTAR: a   /tmp/HTAR_CF_CHK_26688_1561578700
HTAR Create complete for /home/projects/desc/DC2_ImSim/Run2.1i/instCat/01116617to01181839/01165846to01168314.tar. 522,291,332,608 bytes written for 118 member files, max threads: 2 Transfer time: 3150.321 seconds (165.790 MB/s) wallclock/user/sys: 3151.393 3733.260 1655.487 seconds
HTAR: HTAR SUCCESSFUL
HTAR: a   DC2_ImSim/Run2.1i/instCat/01116617to01181839/01168315.tar.gz
HTAR: a   DC2_ImSim/Run2.1i/instCat/01116617to01181839/01168316.tar.gz
HTAR: a   DC2_ImSim/Run2.1i/instCat/01116617to01181839/01168344.tar.gz
HTAR: a   DC2_ImSim/Run2.1i/instCat/01116617to01181839/01168346.tar.gz
HTAR: a   DC2_ImSim/Run2.1i/instCat/01116617to01181839/01168362.tar.gz
HTAR: a   DC2_ImSim/Run2.1i/instCat/01116617to01181839/01168363.tar.gz
HTAR: a   DC2_ImSim/Run2.1i/instCat/01116617to01181839/01168364.tar.gz
HTAR: a   DC2_ImSim/Run2.1i/instCat/01116617to01181839/01168365.tar.gz
HTAR: a   DC2_ImSim/Run2.1i/instCat/01116617to01181839/01168366.tar.gz
HTAR: a   DC2_ImSim/Run2.1i/instCat/01116617to01181839/01168367.tar.gz
HTAR: a   DC2_ImSim/Run2.1i/instCat/01116617to01181839/01168387.tar.gz
HTAR: a   DC2_ImSim/Run2.1i/instCat/01116617to01181839/01168392.tar.gz
HTAR: a   DC2_ImSim/Run2.1i/instCat/01116617to01181839/01168393.tar.gz
HTAR: a   DC2_ImSim/Run2.1i/instCat/01116617to01181839/01168396.tar.gz
HTAR: a   DC2_ImSim/Run2.1i/instCat/01116617to01181839/01168401.tar.gz
HTAR: a   DC2_ImSim/Run2.1i/instCat/01116617to01181839/01169213.tar.gz
HTAR: a   DC2_ImSim/Run2.1i/instCat/01116617to01181839/01169214.tar.gz
HTAR: a   DC2_ImSim/Run2.1i/instCat/01116617to01181839/01169215.tar.gz
HTAR: a   DC2_ImSim/Run2.1i/instCat/01116617to01181839/01169216.tar.gz
HTAR: a   DC2_ImSim/Run2.1i/instCat/01116617to01181839/01169217.tar.gz
HTAR: a   DC2_ImSim/Run2.1i/instCat/01116617to01181839/01169218.tar.gz
HTAR: a   DC2_ImSim/Run2.1i/instCat/01116617to01181839/01169219.tar.gz
HTAR: a   DC2_ImSim/Run2.1i/instCat/01116617to01181839/01169220.tar.gz
HTAR: a   DC2_ImSim/Run2.1i/instCat/01116617to01181839/01169221.tar.gz
HTAR: a   DC2_ImSim/Run2.1i/instCat/01116617to01181839/01169222.tar.gz
HTAR: a   DC2_ImSim/Run2.1i/instCat/01116617to01181839/01169223.tar.gz
HTAR: a   DC2_ImSim/Run2.1i/instCat/01116617to01181839/01169224.tar.gz
HTAR: a   DC2_ImSim/Run2.1i/instCat/01116617to01181839/01169225.tar.gz
HTAR: a   DC2_ImSim/Run2.1i/instCat/01116617to01181839/01169226.tar.gz
HTAR: a   DC2_ImSim/Run2.1i/instCat/01116617to01181839/01169227.tar.gz
HTAR: a   DC2_ImSim/Run2.1i/instCat/01116617to01181839/01169228.tar.gz
HTAR: a   DC2_ImSim/Run2.1i/instCat/01116617to01181839/01169229.tar.gz
HTAR: a   DC2_ImSim/Run2.1i/instCat/01116617to01181839/01169230.tar.gz
HTAR: a   DC2_ImSim/Run2.1i/instCat/01116617to01181839/01169231.tar.gz
HTAR: a   DC2_ImSim/Run2.1i/instCat/01116617to01181839/01169232.tar.gz
HTAR: a   DC2_ImSim/Run2.1i/instCat/01116617to01181839/01169253.tar.gz
HTAR: a   DC2_ImSim/Run2.1i/instCat/01116617to01181839/01169254.tar.gz
HTAR: a   DC2_ImSim/Run2.1i/instCat/01116617to01181839/01169261.tar.gz
HTAR: a   DC2_ImSim/Run2.1i/instCat/01116617to01181839/01169262.tar.gz
HTAR: a   DC2_ImSim/Run2.1i/instCat/01116617to01181839/01169263.tar.gz
HTAR: a   DC2_ImSim/Run2.1i/instCat/01116617to01181839/01169264.tar.gz
HTAR: a   DC2_ImSim/Run2.1i/instCat/01116617to01181839/01169265.tar.gz
HTAR: a   DC2_ImSim/Run2.1i/instCat/01116617to01181839/01169266.tar.gz
HTAR: a   DC2_ImSim/Run2.1i/instCat/01116617to01181839/01169267.tar.gz
HTAR: a   DC2_ImSim/Run2.1i/instCat/01116617to01181839/01169268.tar.gz
HTAR: a   DC2_ImSim/Run2.1i/instCat/01116617to01181839/01169269.tar.gz
HTAR: a   DC2_ImSim/Run2.1i/instCat/01116617to01181839/01169270.tar.gz
HTAR: a   DC2_ImSim/Run2.1i/instCat/01116617to01181839/01169271.tar.gz
HTAR: a   DC2_ImSim/Run2.1i/instCat/01116617to01181839/01169272.tar.gz
HTAR: a   DC2_ImSim/Run2.1i/instCat/01116617to01181839/01169273.tar.gz
HTAR: a   DC2_ImSim/Run2.1i/instCat/01116617to01181839/01169274.tar.gz
HTAR: a   DC2_ImSim/Run2.1i/instCat/01116617to01181839/01169275.tar.gz
HTAR: a   DC2_ImSim/Run2.1i/instCat/01116617to01181839/01169276.tar.gz
HTAR: a   DC2_ImSim/Run2.1i/instCat/01116617to01181839/01169277.tar.gz
HTAR: a   DC2_ImSim/Run2.1i/instCat/01116617to01181839/01169295.tar.gz
HTAR: a   DC2_ImSim/Run2.1i/instCat/01116617to01181839/01169320.tar.gz
HTAR: a   DC2_ImSim/Run2.1i/instCat/01116617to01181839/01169328.tar.gz
HTAR: a   DC2_ImSim/Run2.1i/instCat/01116617to01181839/01169361.tar.gz
HTAR: a   DC2_ImSim/Run2.1i/instCat/01116617to01181839/01169946.tar.gz
HTAR: a   DC2_ImSim/Run2.1i/instCat/01116617to01181839/01169954.tar.gz
HTAR: a   DC2_ImSim/Run2.1i/instCat/01116617to01181839/01169955.tar.gz
HTAR: a   DC2_ImSim/Run2.1i/instCat/01116617to01181839/01169956.tar.gz
HTAR: a   DC2_ImSim/Run2.1i/instCat/01116617to01181839/01169958.tar.gz
HTAR: a   DC2_ImSim/Run2.1i/instCat/01116617to01181839/01169959.tar.gz
HTAR: a   DC2_ImSim/Run2.1i/instCat/01116617to01181839/01169960.tar.gz
HTAR: a   DC2_ImSim/Run2.1i/instCat/01116617to01181839/01169961.tar.gz
HTAR: a   DC2_ImSim/Run2.1i/instCat/01116617to01181839/01169962.tar.gz
HTAR: a   DC2_ImSim/Run2.1i/instCat/01116617to01181839/01169963.tar.gz
HTAR: a   DC2_ImSim/Run2.1i/instCat/01116617to01181839/01169966.tar.gz
HTAR: a   DC2_ImSim/Run2.1i/instCat/01116617to01181839/01169967.tar.gz
HTAR: a   DC2_ImSim/Run2.1i/instCat/01116617to01181839/01170010.tar.gz
HTAR: a   DC2_ImSim/Run2.1i/instCat/01116617to01181839/01170013.tar.gz
HTAR: a   DC2_ImSim/Run2.1i/instCat/01116617to01181839/01170015.tar.gz
HTAR: a   DC2_ImSim/Run2.1i/instCat/01116617to01181839/01170019.tar.gz
HTAR: a   DC2_ImSim/Run2.1i/instCat/01116617to01181839/01170020.tar.gz
HTAR: a   DC2_ImSim/Run2.1i/instCat/01116617to01181839/01170021.tar.gz
HTAR: a   DC2_ImSim/Run2.1i/instCat/01116617to01181839/01170022.tar.gz
HTAR: a   DC2_ImSim/Run2.1i/instCat/01116617to01181839/01170027.tar.gz
HTAR: a   DC2_ImSim/Run2.1i/instCat/01116617to01181839/01170049.tar.gz
HTAR: a   DC2_ImSim/Run2.1i/instCat/01116617to01181839/01170050.tar.gz
HTAR: a   DC2_ImSim/Run2.1i/instCat/01116617to01181839/01170051.tar.gz
HTAR: a   DC2_ImSim/Run2.1i/instCat/01116617to01181839/01170052.tar.gz
HTAR: a   DC2_ImSim/Run2.1i/instCat/01116617to01181839/01170088.tar.gz
HTAR: a   DC2_ImSim/Run2.1i/instCat/01116617to01181839/01170092.tar.gz
HTAR: a   DC2_ImSim/Run2.1i/instCat/01116617to01181839/01170093.tar.gz
HTAR: a   DC2_ImSim/Run2.1i/instCat/01116617to01181839/01170095.tar.gz
HTAR: a   DC2_ImSim/Run2.1i/instCat/01116617to01181839/01170111.tar.gz
HTAR: a   DC2_ImSim/Run2.1i/instCat/01116617to01181839/01171790.tar.gz
HTAR: a   DC2_ImSim/Run2.1i/instCat/01116617to01181839/01171791.tar.gz
HTAR: a   DC2_ImSim/Run2.1i/instCat/01116617to01181839/01171792.tar.gz
HTAR: a   DC2_ImSim/Run2.1i/instCat/01116617to01181839/01171793.tar.gz
HTAR: a   DC2_ImSim/Run2.1i/instCat/01116617to01181839/01171794.tar.gz
HTAR: a   DC2_ImSim/Run2.1i/instCat/01116617to01181839/01171795.tar.gz
HTAR: a   DC2_ImSim/Run2.1i/instCat/01116617to01181839/01171796.tar.gz
HTAR: a   DC2_ImSim/Run2.1i/instCat/01116617to01181839/01171800.tar.gz
HTAR: a   DC2_ImSim/Run2.1i/instCat/01116617to01181839/01171801.tar.gz
HTAR: a   DC2_ImSim/Run2.1i/instCat/01116617to01181839/01171802.tar.gz
HTAR: a   DC2_ImSim/Run2.1i/instCat/01116617to01181839/01171803.tar.gz
HTAR: a   DC2_ImSim/Run2.1i/instCat/01116617to01181839/01171832.tar.gz
HTAR: a   DC2_ImSim/Run2.1i/instCat/01116617to01181839/01171833.tar.gz
HTAR: a   DC2_ImSim/Run2.1i/instCat/01116617to01181839/01171834.tar.gz
HTAR: a   DC2_ImSim/Run2.1i/instCat/01116617to01181839/01171835.tar.gz
HTAR: a   DC2_ImSim/Run2.1i/instCat/01116617to01181839/01171836.tar.gz
HTAR: a   DC2_ImSim/Run2.1i/instCat/01116617to01181839/01171840.tar.gz
HTAR: a   DC2_ImSim/Run2.1i/instCat/01116617to01181839/01171841.tar.gz
HTAR: a   DC2_ImSim/Run2.1i/instCat/01116617to01181839/01171842.tar.gz
HTAR: a   DC2_ImSim/Run2.1i/instCat/01116617to01181839/01171843.tar.gz
HTAR: a   DC2_ImSim/Run2.1i/instCat/01116617to01181839/01171844.tar.gz
HTAR: a   DC2_ImSim/Run2.1i/instCat/01116617to01181839/01171854.tar.gz
HTAR: a   DC2_ImSim/Run2.1i/instCat/01116617to01181839/01171855.tar.gz
HTAR: a   DC2_ImSim/Run2.1i/instCat/01116617to01181839/01171889.tar.gz
HTAR: a   DC2_ImSim/Run2.1i/instCat/01116617to01181839/01171890.tar.gz
HTAR: a   DC2_ImSim/Run2.1i/instCat/01116617to01181839/01172733.tar.gz
HTAR: a   DC2_ImSim/Run2.1i/instCat/01116617to01181839/01172734.tar.gz
HTAR: a   DC2_ImSim/Run2.1i/instCat/01116617to01181839/01172735.tar.gz
HTAR: a   DC2_ImSim/Run2.1i/instCat/01116617to01181839/01172736.tar.gz
HTAR: a   DC2_ImSim/Run2.1i/instCat/01116617to01181839/01172774.tar.gz
HTAR: a   DC2_ImSim/Run2.1i/instCat/01116617to01181839/01172775.tar.gz
HTAR: a   /tmp/HTAR_CF_CHK_7345_1561581854
HTAR Create complete for /home/projects/desc/DC2_ImSim/Run2.1i/instCat/01116617to01181839/01168315to01172775.tar. 519,368,279,552 bytes written for 118 member files, max threads: 2 Transfer time: 2978.179 seconds (174.391 MB/s) wallclock/user/sys: 2978.744 3522.223 1557.100 seconds
HTAR: HTAR SUCCESSFUL
HTAR: a   DC2_ImSim/Run2.1i/instCat/01116617to01181839/01172776.tar.gz
HTAR: a   DC2_ImSim/Run2.1i/instCat/01116617to01181839/01172777.tar.gz
HTAR: a   DC2_ImSim/Run2.1i/instCat/01116617to01181839/01172876.tar.gz
HTAR: a   DC2_ImSim/Run2.1i/instCat/01116617to01181839/01172962.tar.gz
HTAR: a   DC2_ImSim/Run2.1i/instCat/01116617to01181839/01172996.tar.gz
HTAR: a   DC2_ImSim/Run2.1i/instCat/01116617to01181839/01172997.tar.gz
HTAR: a   DC2_ImSim/Run2.1i/instCat/01116617to01181839/01173634.tar.gz
HTAR: a   DC2_ImSim/Run2.1i/instCat/01116617to01181839/01173674.tar.gz
HTAR: a   DC2_ImSim/Run2.1i/instCat/01116617to01181839/01173675.tar.gz
HTAR: a   DC2_ImSim/Run2.1i/instCat/01116617to01181839/01173715.tar.gz
HTAR: a   DC2_ImSim/Run2.1i/instCat/01116617to01181839/01173717.tar.gz
HTAR: a   DC2_ImSim/Run2.1i/instCat/01116617to01181839/01173719.tar.gz
HTAR: a   DC2_ImSim/Run2.1i/instCat/01116617to01181839/01173720.tar.gz
HTAR: a   DC2_ImSim/Run2.1i/instCat/01116617to01181839/01173723.tar.gz
HTAR: a   DC2_ImSim/Run2.1i/instCat/01116617to01181839/01173724.tar.gz
HTAR: a   DC2_ImSim/Run2.1i/instCat/01116617to01181839/01173725.tar.gz
HTAR: a   DC2_ImSim/Run2.1i/instCat/01116617to01181839/01173726.tar.gz
HTAR: a   DC2_ImSim/Run2.1i/instCat/01116617to01181839/01173727.tar.gz
HTAR: a   DC2_ImSim/Run2.1i/instCat/01116617to01181839/01173728.tar.gz
HTAR: a   DC2_ImSim/Run2.1i/instCat/01116617to01181839/01173762.tar.gz
HTAR: a   DC2_ImSim/Run2.1i/instCat/01116617to01181839/01173763.tar.gz
HTAR: a   DC2_ImSim/Run2.1i/instCat/01116617to01181839/01173764.tar.gz
HTAR: a   DC2_ImSim/Run2.1i/instCat/01116617to01181839/01173768.tar.gz
HTAR: a   DC2_ImSim/Run2.1i/instCat/01116617to01181839/01173772.tar.gz
HTAR: a   DC2_ImSim/Run2.1i/instCat/01116617to01181839/01173773.tar.gz
HTAR: a   DC2_ImSim/Run2.1i/instCat/01116617to01181839/01173774.tar.gz
HTAR: a   DC2_ImSim/Run2.1i/instCat/01116617to01181839/01173775.tar.gz
HTAR: a   DC2_ImSim/Run2.1i/instCat/01116617to01181839/01173776.tar.gz
HTAR: a   DC2_ImSim/Run2.1i/instCat/01116617to01181839/01173777.tar.gz
HTAR: a   DC2_ImSim/Run2.1i/instCat/01116617to01181839/01173783.tar.gz
HTAR: a   DC2_ImSim/Run2.1i/instCat/01116617to01181839/01173799.tar.gz
HTAR: a   DC2_ImSim/Run2.1i/instCat/01116617to01181839/01173809.tar.gz
HTAR: a   DC2_ImSim/Run2.1i/instCat/01116617to01181839/01173810.tar.gz
HTAR: a   DC2_ImSim/Run2.1i/instCat/01116617to01181839/01174344.tar.gz
HTAR: a   DC2_ImSim/Run2.1i/instCat/01116617to01181839/01174345.tar.gz
HTAR: a   DC2_ImSim/Run2.1i/instCat/01116617to01181839/01174346.tar.gz
HTAR: a   DC2_ImSim/Run2.1i/instCat/01116617to01181839/01174347.tar.gz
HTAR: a   DC2_ImSim/Run2.1i/instCat/01116617to01181839/01174348.tar.gz
HTAR: a   DC2_ImSim/Run2.1i/instCat/01116617to01181839/01174349.tar.gz
HTAR: a   DC2_ImSim/Run2.1i/instCat/01116617to01181839/01174350.tar.gz
HTAR: a   DC2_ImSim/Run2.1i/instCat/01116617to01181839/01174351.tar.gz
HTAR: a   DC2_ImSim/Run2.1i/instCat/01116617to01181839/01174352.tar.gz
HTAR: a   DC2_ImSim/Run2.1i/instCat/01116617to01181839/01174353.tar.gz
HTAR: a   DC2_ImSim/Run2.1i/instCat/01116617to01181839/01174354.tar.gz
HTAR: a   DC2_ImSim/Run2.1i/instCat/01116617to01181839/01174372.tar.gz
HTAR: a   DC2_ImSim/Run2.1i/instCat/01116617to01181839/01174373.tar.gz
HTAR: a   DC2_ImSim/Run2.1i/instCat/01116617to01181839/01174374.tar.gz
HTAR: a   DC2_ImSim/Run2.1i/instCat/01116617to01181839/01174375.tar.gz
HTAR: a   DC2_ImSim/Run2.1i/instCat/01116617to01181839/01174376.tar.gz
HTAR: a   DC2_ImSim/Run2.1i/instCat/01116617to01181839/01174377.tar.gz
HTAR: a   DC2_ImSim/Run2.1i/instCat/01116617to01181839/01174378.tar.gz
HTAR: a   DC2_ImSim/Run2.1i/instCat/01116617to01181839/01174379.tar.gz
HTAR: a   DC2_ImSim/Run2.1i/instCat/01116617to01181839/01174380.tar.gz
HTAR: a   DC2_ImSim/Run2.1i/instCat/01116617to01181839/01174381.tar.gz
HTAR: a   DC2_ImSim/Run2.1i/instCat/01116617to01181839/01174384.tar.gz
HTAR: a   DC2_ImSim/Run2.1i/instCat/01116617to01181839/01174385.tar.gz
HTAR: a   DC2_ImSim/Run2.1i/instCat/01116617to01181839/01174386.tar.gz
HTAR: a   DC2_ImSim/Run2.1i/instCat/01116617to01181839/01174387.tar.gz
HTAR: a   DC2_ImSim/Run2.1i/instCat/01116617to01181839/01174388.tar.gz
HTAR: a   DC2_ImSim/Run2.1i/instCat/01116617to01181839/01174389.tar.gz
HTAR: a   DC2_ImSim/Run2.1i/instCat/01116617to01181839/01174390.tar.gz
HTAR: a   DC2_ImSim/Run2.1i/instCat/01116617to01181839/01174391.tar.gz
HTAR: a   DC2_ImSim/Run2.1i/instCat/01116617to01181839/01174392.tar.gz
HTAR: a   DC2_ImSim/Run2.1i/instCat/01116617to01181839/01174393.tar.gz
HTAR: a   DC2_ImSim/Run2.1i/instCat/01116617to01181839/01174394.tar.gz
HTAR: a   DC2_ImSim/Run2.1i/instCat/01116617to01181839/01174395.tar.gz
HTAR: a   DC2_ImSim/Run2.1i/instCat/01116617to01181839/01174396.tar.gz
HTAR: a   DC2_ImSim/Run2.1i/instCat/01116617to01181839/01174397.tar.gz
HTAR: a   DC2_ImSim/Run2.1i/instCat/01116617to01181839/01174406.tar.gz
HTAR: a   DC2_ImSim/Run2.1i/instCat/01116617to01181839/01174407.tar.gz
HTAR: a   DC2_ImSim/Run2.1i/instCat/01116617to01181839/01174408.tar.gz
HTAR: a   DC2_ImSim/Run2.1i/instCat/01116617to01181839/01174411.tar.gz
HTAR: a   DC2_ImSim/Run2.1i/instCat/01116617to01181839/01174412.tar.gz
HTAR: a   DC2_ImSim/Run2.1i/instCat/01116617to01181839/01174417.tar.gz
HTAR: a   DC2_ImSim/Run2.1i/instCat/01116617to01181839/01174418.tar.gz
HTAR: a   DC2_ImSim/Run2.1i/instCat/01116617to01181839/01174419.tar.gz
HTAR: a   DC2_ImSim/Run2.1i/instCat/01116617to01181839/01174420.tar.gz
HTAR: a   DC2_ImSim/Run2.1i/instCat/01116617to01181839/01174421.tar.gz
HTAR: a   DC2_ImSim/Run2.1i/instCat/01116617to01181839/01174422.tar.gz
HTAR: a   DC2_ImSim/Run2.1i/instCat/01116617to01181839/01174423.tar.gz
HTAR: a   DC2_ImSim/Run2.1i/instCat/01116617to01181839/01174424.tar.gz
HTAR: a   DC2_ImSim/Run2.1i/instCat/01116617to01181839/01174425.tar.gz
HTAR: a   DC2_ImSim/Run2.1i/instCat/01116617to01181839/01174426.tar.gz
HTAR: a   DC2_ImSim/Run2.1i/instCat/01116617to01181839/01174430.tar.gz
HTAR: a   DC2_ImSim/Run2.1i/instCat/01116617to01181839/01174431.tar.gz
HTAR: a   DC2_ImSim/Run2.1i/instCat/01116617to01181839/01174432.tar.gz
HTAR: a   DC2_ImSim/Run2.1i/instCat/01116617to01181839/01174433.tar.gz
HTAR: a   DC2_ImSim/Run2.1i/instCat/01116617to01181839/01174434.tar.gz
HTAR: a   DC2_ImSim/Run2.1i/instCat/01116617to01181839/01174442.tar.gz
HTAR: a   DC2_ImSim/Run2.1i/instCat/01116617to01181839/01174443.tar.gz
HTAR: a   DC2_ImSim/Run2.1i/instCat/01116617to01181839/01174445.tar.gz
HTAR: a   DC2_ImSim/Run2.1i/instCat/01116617to01181839/01174446.tar.gz
HTAR: a   DC2_ImSim/Run2.1i/instCat/01116617to01181839/01174456.tar.gz
HTAR: a   DC2_ImSim/Run2.1i/instCat/01116617to01181839/01174460.tar.gz
HTAR: a   DC2_ImSim/Run2.1i/instCat/01116617to01181839/01174461.tar.gz
HTAR: a   DC2_ImSim/Run2.1i/instCat/01116617to01181839/01174462.tar.gz
HTAR: a   DC2_ImSim/Run2.1i/instCat/01116617to01181839/01174463.tar.gz
HTAR: a   DC2_ImSim/Run2.1i/instCat/01116617to01181839/01174464.tar.gz
HTAR: a   DC2_ImSim/Run2.1i/instCat/01116617to01181839/01174465.tar.gz
HTAR: a   DC2_ImSim/Run2.1i/instCat/01116617to01181839/01174466.tar.gz
HTAR: a   DC2_ImSim/Run2.1i/instCat/01116617to01181839/01174467.tar.gz
HTAR: a   DC2_ImSim/Run2.1i/instCat/01116617to01181839/01174468.tar.gz
HTAR: a   DC2_ImSim/Run2.1i/instCat/01116617to01181839/01174469.tar.gz
HTAR: a   DC2_ImSim/Run2.1i/instCat/01116617to01181839/01174470.tar.gz
HTAR: a   DC2_ImSim/Run2.1i/instCat/01116617to01181839/01174471.tar.gz
HTAR: a   DC2_ImSim/Run2.1i/instCat/01116617to01181839/01174472.tar.gz
HTAR: a   DC2_ImSim/Run2.1i/instCat/01116617to01181839/01174474.tar.gz
HTAR: a   DC2_ImSim/Run2.1i/instCat/01116617to01181839/01174475.tar.gz
HTAR: a   DC2_ImSim/Run2.1i/instCat/01116617to01181839/01174508.tar.gz
HTAR: a   DC2_ImSim/Run2.1i/instCat/01116617to01181839/01174509.tar.gz
HTAR: a   DC2_ImSim/Run2.1i/instCat/01116617to01181839/01174510.tar.gz
HTAR: a   DC2_ImSim/Run2.1i/instCat/01116617to01181839/01174511.tar.gz
HTAR: a   DC2_ImSim/Run2.1i/instCat/01116617to01181839/01174512.tar.gz
HTAR: a   DC2_ImSim/Run2.1i/instCat/01116617to01181839/01174513.tar.gz
HTAR: a   DC2_ImSim/Run2.1i/instCat/01116617to01181839/01174514.tar.gz
HTAR: a   DC2_ImSim/Run2.1i/instCat/01116617to01181839/01174515.tar.gz
HTAR: a   DC2_ImSim/Run2.1i/instCat/01116617to01181839/01174516.tar.gz
HTAR: a   DC2_ImSim/Run2.1i/instCat/01116617to01181839/01174519.tar.gz
HTAR: a   /tmp/HTAR_CF_CHK_39401_1561584836
HTAR Create complete for /home/projects/desc/DC2_ImSim/Run2.1i/instCat/01116617to01181839/01172776to01174519.tar. 538,270,724,608 bytes written for 118 member files, max threads: 2 Transfer time: 3186.105 seconds (168.943 MB/s) wallclock/user/sys: 3187.723 3756.837 1688.226 seconds
HTAR: HTAR SUCCESSFUL
HTAR: a   DC2_ImSim/Run2.1i/instCat/01116617to01181839/01174551.tar.gz
HTAR: a   DC2_ImSim/Run2.1i/instCat/01116617to01181839/01174552.tar.gz
HTAR: a   DC2_ImSim/Run2.1i/instCat/01116617to01181839/01174553.tar.gz
HTAR: a   DC2_ImSim/Run2.1i/instCat/01116617to01181839/01174554.tar.gz
HTAR: a   DC2_ImSim/Run2.1i/instCat/01116617to01181839/01174556.tar.gz
HTAR: a   DC2_ImSim/Run2.1i/instCat/01116617to01181839/01174557.tar.gz
HTAR: a   DC2_ImSim/Run2.1i/instCat/01116617to01181839/01174558.tar.gz
HTAR: a   DC2_ImSim/Run2.1i/instCat/01116617to01181839/01174560.tar.gz
HTAR: a   DC2_ImSim/Run2.1i/instCat/01116617to01181839/01174562.tar.gz
HTAR: a   DC2_ImSim/Run2.1i/instCat/01116617to01181839/01174584.tar.gz
HTAR: a   DC2_ImSim/Run2.1i/instCat/01116617to01181839/01174585.tar.gz
HTAR: a   DC2_ImSim/Run2.1i/instCat/01116617to01181839/01174586.tar.gz
HTAR: a   DC2_ImSim/Run2.1i/instCat/01116617to01181839/01174587.tar.gz
HTAR: a   DC2_ImSim/Run2.1i/instCat/01116617to01181839/01174588.tar.gz
HTAR: a   DC2_ImSim/Run2.1i/instCat/01116617to01181839/01174589.tar.gz
HTAR: a   DC2_ImSim/Run2.1i/instCat/01116617to01181839/01174590.tar.gz
HTAR: a   DC2_ImSim/Run2.1i/instCat/01116617to01181839/01174591.tar.gz
HTAR: a   DC2_ImSim/Run2.1i/instCat/01116617to01181839/01174593.tar.gz
HTAR: a   DC2_ImSim/Run2.1i/instCat/01116617to01181839/01174609.tar.gz
HTAR: a   DC2_ImSim/Run2.1i/instCat/01116617to01181839/01175349.tar.gz
HTAR: a   DC2_ImSim/Run2.1i/instCat/01116617to01181839/01175394.tar.gz
HTAR: a   DC2_ImSim/Run2.1i/instCat/01116617to01181839/01175395.tar.gz
HTAR: a   DC2_ImSim/Run2.1i/instCat/01116617to01181839/01175396.tar.gz
HTAR: a   DC2_ImSim/Run2.1i/instCat/01116617to01181839/01175435.tar.gz
HTAR: a   DC2_ImSim/Run2.1i/instCat/01116617to01181839/01175436.tar.gz
HTAR: a   DC2_ImSim/Run2.1i/instCat/01116617to01181839/01175437.tar.gz
HTAR: a   DC2_ImSim/Run2.1i/instCat/01116617to01181839/01175438.tar.gz
HTAR: a   DC2_ImSim/Run2.1i/instCat/01116617to01181839/01175451.tar.gz
HTAR: a   DC2_ImSim/Run2.1i/instCat/01116617to01181839/01175452.tar.gz
HTAR: a   DC2_ImSim/Run2.1i/instCat/01116617to01181839/01175453.tar.gz
HTAR: a   DC2_ImSim/Run2.1i/instCat/01116617to01181839/01175470.tar.gz
HTAR: a   DC2_ImSim/Run2.1i/instCat/01116617to01181839/01175493.tar.gz
HTAR: a   DC2_ImSim/Run2.1i/instCat/01116617to01181839/01176105.tar.gz
HTAR: a   DC2_ImSim/Run2.1i/instCat/01116617to01181839/01176106.tar.gz
HTAR: a   DC2_ImSim/Run2.1i/instCat/01116617to01181839/01176135.tar.gz
HTAR: a   DC2_ImSim/Run2.1i/instCat/01116617to01181839/01176136.tar.gz
HTAR: a   DC2_ImSim/Run2.1i/instCat/01116617to01181839/01176137.tar.gz
HTAR: a   DC2_ImSim/Run2.1i/instCat/01116617to01181839/01176138.tar.gz
HTAR: a   DC2_ImSim/Run2.1i/instCat/01116617to01181839/01176139.tar.gz
HTAR: a   DC2_ImSim/Run2.1i/instCat/01116617to01181839/01176140.tar.gz
HTAR: a   DC2_ImSim/Run2.1i/instCat/01116617to01181839/01176141.tar.gz
HTAR: a   DC2_ImSim/Run2.1i/instCat/01116617to01181839/01176146.tar.gz
HTAR: a   DC2_ImSim/Run2.1i/instCat/01116617to01181839/01176147.tar.gz
HTAR: a   DC2_ImSim/Run2.1i/instCat/01116617to01181839/01176148.tar.gz
HTAR: a   DC2_ImSim/Run2.1i/instCat/01116617to01181839/01176149.tar.gz
HTAR: a   DC2_ImSim/Run2.1i/instCat/01116617to01181839/01176150.tar.gz
HTAR: a   DC2_ImSim/Run2.1i/instCat/01116617to01181839/01176151.tar.gz
HTAR: a   DC2_ImSim/Run2.1i/instCat/01116617to01181839/01176152.tar.gz
HTAR: a   DC2_ImSim/Run2.1i/instCat/01116617to01181839/01176153.tar.gz
HTAR: a   DC2_ImSim/Run2.1i/instCat/01116617to01181839/01176154.tar.gz
HTAR: a   DC2_ImSim/Run2.1i/instCat/01116617to01181839/01176155.tar.gz
HTAR: a   DC2_ImSim/Run2.1i/instCat/01116617to01181839/01176156.tar.gz
HTAR: a   DC2_ImSim/Run2.1i/instCat/01116617to01181839/01176157.tar.gz
HTAR: a   DC2_ImSim/Run2.1i/instCat/01116617to01181839/01176158.tar.gz
HTAR: a   DC2_ImSim/Run2.1i/instCat/01116617to01181839/01176159.tar.gz
HTAR: a   DC2_ImSim/Run2.1i/instCat/01116617to01181839/01176160.tar.gz
HTAR: a   DC2_ImSim/Run2.1i/instCat/01116617to01181839/01176161.tar.gz
HTAR: a   DC2_ImSim/Run2.1i/instCat/01116617to01181839/01176162.tar.gz
HTAR: a   DC2_ImSim/Run2.1i/instCat/01116617to01181839/01176163.tar.gz
HTAR: a   DC2_ImSim/Run2.1i/instCat/01116617to01181839/01176164.tar.gz
HTAR: a   DC2_ImSim/Run2.1i/instCat/01116617to01181839/01176165.tar.gz
HTAR: a   DC2_ImSim/Run2.1i/instCat/01116617to01181839/01176172.tar.gz
HTAR: a   DC2_ImSim/Run2.1i/instCat/01116617to01181839/01176173.tar.gz
HTAR: a   DC2_ImSim/Run2.1i/instCat/01116617to01181839/01176194.tar.gz
HTAR: a   DC2_ImSim/Run2.1i/instCat/01116617to01181839/01176195.tar.gz
HTAR: a   DC2_ImSim/Run2.1i/instCat/01116617to01181839/01176196.tar.gz
HTAR: a   DC2_ImSim/Run2.1i/instCat/01116617to01181839/01176197.tar.gz
HTAR: a   DC2_ImSim/Run2.1i/instCat/01116617to01181839/01176198.tar.gz
HTAR: a   DC2_ImSim/Run2.1i/instCat/01116617to01181839/01176199.tar.gz
HTAR: a   DC2_ImSim/Run2.1i/instCat/01116617to01181839/01176208.tar.gz
HTAR: a   DC2_ImSim/Run2.1i/instCat/01116617to01181839/01176209.tar.gz
HTAR: a   DC2_ImSim/Run2.1i/instCat/01116617to01181839/01176210.tar.gz
HTAR: a   DC2_ImSim/Run2.1i/instCat/01116617to01181839/01176230.tar.gz
HTAR: a   DC2_ImSim/Run2.1i/instCat/01116617to01181839/01176231.tar.gz
HTAR: a   DC2_ImSim/Run2.1i/instCat/01116617to01181839/01176232.tar.gz
HTAR: a   DC2_ImSim/Run2.1i/instCat/01116617to01181839/01176233.tar.gz
HTAR: a   DC2_ImSim/Run2.1i/instCat/01116617to01181839/01176236.tar.gz
HTAR: a   DC2_ImSim/Run2.1i/instCat/01116617to01181839/01176237.tar.gz
HTAR: a   DC2_ImSim/Run2.1i/instCat/01116617to01181839/01176238.tar.gz
HTAR: a   DC2_ImSim/Run2.1i/instCat/01116617to01181839/01176239.tar.gz
HTAR: a   DC2_ImSim/Run2.1i/instCat/01116617to01181839/01176240.tar.gz
HTAR: a   DC2_ImSim/Run2.1i/instCat/01116617to01181839/01176241.tar.gz
HTAR: a   DC2_ImSim/Run2.1i/instCat/01116617to01181839/01176242.tar.gz
HTAR: a   DC2_ImSim/Run2.1i/instCat/01116617to01181839/01176243.tar.gz
HTAR: a   DC2_ImSim/Run2.1i/instCat/01116617to01181839/01176245.tar.gz
HTAR: a   DC2_ImSim/Run2.1i/instCat/01116617to01181839/01176246.tar.gz
HTAR: a   DC2_ImSim/Run2.1i/instCat/01116617to01181839/01176247.tar.gz
HTAR: a   DC2_ImSim/Run2.1i/instCat/01116617to01181839/01176248.tar.gz
HTAR: a   DC2_ImSim/Run2.1i/instCat/01116617to01181839/01176249.tar.gz
HTAR: a   DC2_ImSim/Run2.1i/instCat/01116617to01181839/01176250.tar.gz
HTAR: a   DC2_ImSim/Run2.1i/instCat/01116617to01181839/01176251.tar.gz
HTAR: a   DC2_ImSim/Run2.1i/instCat/01116617to01181839/01176252.tar.gz
HTAR: a   DC2_ImSim/Run2.1i/instCat/01116617to01181839/01176253.tar.gz
HTAR: a   DC2_ImSim/Run2.1i/instCat/01116617to01181839/01176257.tar.gz
HTAR: a   DC2_ImSim/Run2.1i/instCat/01116617to01181839/01176258.tar.gz
HTAR: a   DC2_ImSim/Run2.1i/instCat/01116617to01181839/01176259.tar.gz
HTAR: a   DC2_ImSim/Run2.1i/instCat/01116617to01181839/01176263.tar.gz
HTAR: a   DC2_ImSim/Run2.1i/instCat/01116617to01181839/01176271.tar.gz
HTAR: a   DC2_ImSim/Run2.1i/instCat/01116617to01181839/01176278.tar.gz
HTAR: a   DC2_ImSim/Run2.1i/instCat/01116617to01181839/01176279.tar.gz
HTAR: a   DC2_ImSim/Run2.1i/instCat/01116617to01181839/01176280.tar.gz
HTAR: a   DC2_ImSim/Run2.1i/instCat/01116617to01181839/01176298.tar.gz
HTAR: a   DC2_ImSim/Run2.1i/instCat/01116617to01181839/01176299.tar.gz
HTAR: a   DC2_ImSim/Run2.1i/instCat/01116617to01181839/01176300.tar.gz
HTAR: a   DC2_ImSim/Run2.1i/instCat/01116617to01181839/01176301.tar.gz
HTAR: a   DC2_ImSim/Run2.1i/instCat/01116617to01181839/01176302.tar.gz
HTAR: a   DC2_ImSim/Run2.1i/instCat/01116617to01181839/01176303.tar.gz
HTAR: a   DC2_ImSim/Run2.1i/instCat/01116617to01181839/01176304.tar.gz
HTAR: a   DC2_ImSim/Run2.1i/instCat/01116617to01181839/01176978.tar.gz
HTAR: a   DC2_ImSim/Run2.1i/instCat/01116617to01181839/01176979.tar.gz
HTAR: a   DC2_ImSim/Run2.1i/instCat/01116617to01181839/01176992.tar.gz
HTAR: a   DC2_ImSim/Run2.1i/instCat/01116617to01181839/01176995.tar.gz
HTAR: a   DC2_ImSim/Run2.1i/instCat/01116617to01181839/01176996.tar.gz
HTAR: a   DC2_ImSim/Run2.1i/instCat/01116617to01181839/01176997.tar.gz
HTAR: a   DC2_ImSim/Run2.1i/instCat/01116617to01181839/01176998.tar.gz
HTAR: a   DC2_ImSim/Run2.1i/instCat/01116617to01181839/01176999.tar.gz
HTAR: a   DC2_ImSim/Run2.1i/instCat/01116617to01181839/01177000.tar.gz
HTAR: a   DC2_ImSim/Run2.1i/instCat/01116617to01181839/01177001.tar.gz
HTAR: a   /tmp/HTAR_CF_CHK_27986_1561588025
HTAR Create complete for /home/projects/desc/DC2_ImSim/Run2.1i/instCat/01116617to01181839/01174551to01177001.tar. 501,158,135,296 bytes written for 118 member files, max threads: 2 Transfer time: 2984.406 seconds (167.926 MB/s) wallclock/user/sys: 2985.114 3511.107 1584.425 seconds
HTAR: HTAR SUCCESSFUL
HTAR: a   DC2_ImSim/Run2.1i/instCat/01116617to01181839/01177002.tar.gz
HTAR: a   DC2_ImSim/Run2.1i/instCat/01116617to01181839/01177012.tar.gz
HTAR: a   DC2_ImSim/Run2.1i/instCat/01116617to01181839/01177013.tar.gz
HTAR: a   DC2_ImSim/Run2.1i/instCat/01116617to01181839/01177014.tar.gz
HTAR: a   DC2_ImSim/Run2.1i/instCat/01116617to01181839/01177015.tar.gz
HTAR: a   DC2_ImSim/Run2.1i/instCat/01116617to01181839/01177017.tar.gz
HTAR: a   DC2_ImSim/Run2.1i/instCat/01116617to01181839/01177018.tar.gz
HTAR: a   DC2_ImSim/Run2.1i/instCat/01116617to01181839/01177033.tar.gz
HTAR: a   DC2_ImSim/Run2.1i/instCat/01116617to01181839/01177034.tar.gz
HTAR: a   DC2_ImSim/Run2.1i/instCat/01116617to01181839/01177036.tar.gz
HTAR: a   DC2_ImSim/Run2.1i/instCat/01116617to01181839/01177038.tar.gz
HTAR: a   DC2_ImSim/Run2.1i/instCat/01116617to01181839/01177143.tar.gz
HTAR: a   DC2_ImSim/Run2.1i/instCat/01116617to01181839/01177144.tar.gz
HTAR: a   DC2_ImSim/Run2.1i/instCat/01116617to01181839/01177145.tar.gz
HTAR: a   DC2_ImSim/Run2.1i/instCat/01116617to01181839/01177148.tar.gz
HTAR: a   DC2_ImSim/Run2.1i/instCat/01116617to01181839/01177159.tar.gz
HTAR: a   DC2_ImSim/Run2.1i/instCat/01116617to01181839/01177160.tar.gz
HTAR: a   DC2_ImSim/Run2.1i/instCat/01116617to01181839/01177161.tar.gz
HTAR: a   DC2_ImSim/Run2.1i/instCat/01116617to01181839/01177162.tar.gz
HTAR: a   DC2_ImSim/Run2.1i/instCat/01116617to01181839/01177163.tar.gz
HTAR: a   DC2_ImSim/Run2.1i/instCat/01116617to01181839/01177164.tar.gz
HTAR: a   DC2_ImSim/Run2.1i/instCat/01116617to01181839/01177165.tar.gz
HTAR: a   DC2_ImSim/Run2.1i/instCat/01116617to01181839/01177166.tar.gz
HTAR: a   DC2_ImSim/Run2.1i/instCat/01116617to01181839/01177167.tar.gz
HTAR: a   DC2_ImSim/Run2.1i/instCat/01116617to01181839/01177168.tar.gz
HTAR: a   DC2_ImSim/Run2.1i/instCat/01116617to01181839/01177169.tar.gz
HTAR: a   DC2_ImSim/Run2.1i/instCat/01116617to01181839/01177174.tar.gz
HTAR: a   DC2_ImSim/Run2.1i/instCat/01116617to01181839/01177175.tar.gz
HTAR: a   DC2_ImSim/Run2.1i/instCat/01116617to01181839/01177176.tar.gz
HTAR: a   DC2_ImSim/Run2.1i/instCat/01116617to01181839/01177177.tar.gz
HTAR: a   DC2_ImSim/Run2.1i/instCat/01116617to01181839/01177178.tar.gz
HTAR: a   DC2_ImSim/Run2.1i/instCat/01116617to01181839/01177284.tar.gz
HTAR: a   DC2_ImSim/Run2.1i/instCat/01116617to01181839/01177434.tar.gz
HTAR: a   DC2_ImSim/Run2.1i/instCat/01116617to01181839/01177435.tar.gz
HTAR: a   DC2_ImSim/Run2.1i/instCat/01116617to01181839/01178287.tar.gz
HTAR: a   DC2_ImSim/Run2.1i/instCat/01116617to01181839/01178288.tar.gz
HTAR: a   DC2_ImSim/Run2.1i/instCat/01116617to01181839/01178340.tar.gz
HTAR: a   DC2_ImSim/Run2.1i/instCat/01116617to01181839/01178341.tar.gz
HTAR: a   DC2_ImSim/Run2.1i/instCat/01116617to01181839/01178855.tar.gz
HTAR: a   DC2_ImSim/Run2.1i/instCat/01116617to01181839/01178856.tar.gz
HTAR: a   DC2_ImSim/Run2.1i/instCat/01116617to01181839/01178897.tar.gz
HTAR: a   DC2_ImSim/Run2.1i/instCat/01116617to01181839/01178898.tar.gz
HTAR: a   DC2_ImSim/Run2.1i/instCat/01116617to01181839/01178899.tar.gz
HTAR: a   DC2_ImSim/Run2.1i/instCat/01116617to01181839/01178900.tar.gz
HTAR: a   DC2_ImSim/Run2.1i/instCat/01116617to01181839/01178901.tar.gz
HTAR: a   DC2_ImSim/Run2.1i/instCat/01116617to01181839/01178902.tar.gz
HTAR: a   DC2_ImSim/Run2.1i/instCat/01116617to01181839/01178903.tar.gz
HTAR: a   DC2_ImSim/Run2.1i/instCat/01116617to01181839/01178904.tar.gz
HTAR: a   DC2_ImSim/Run2.1i/instCat/01116617to01181839/01178911.tar.gz
HTAR: a   DC2_ImSim/Run2.1i/instCat/01116617to01181839/01178912.tar.gz
HTAR: a   DC2_ImSim/Run2.1i/instCat/01116617to01181839/01178913.tar.gz
HTAR: a   DC2_ImSim/Run2.1i/instCat/01116617to01181839/01178914.tar.gz
HTAR: a   DC2_ImSim/Run2.1i/instCat/01116617to01181839/01178915.tar.gz
HTAR: a   DC2_ImSim/Run2.1i/instCat/01116617to01181839/01178916.tar.gz
HTAR: a   DC2_ImSim/Run2.1i/instCat/01116617to01181839/01178917.tar.gz
HTAR: a   DC2_ImSim/Run2.1i/instCat/01116617to01181839/01178921.tar.gz
HTAR: a   DC2_ImSim/Run2.1i/instCat/01116617to01181839/01178922.tar.gz
HTAR: a   DC2_ImSim/Run2.1i/instCat/01116617to01181839/01178923.tar.gz
HTAR: a   DC2_ImSim/Run2.1i/instCat/01116617to01181839/01178924.tar.gz
HTAR: a   DC2_ImSim/Run2.1i/instCat/01116617to01181839/01178925.tar.gz
HTAR: a   DC2_ImSim/Run2.1i/instCat/01116617to01181839/01178926.tar.gz
HTAR: a   DC2_ImSim/Run2.1i/instCat/01116617to01181839/01178927.tar.gz
HTAR: a   DC2_ImSim/Run2.1i/instCat/01116617to01181839/01178932.tar.gz
HTAR: a   DC2_ImSim/Run2.1i/instCat/01116617to01181839/01178933.tar.gz
HTAR: a   DC2_ImSim/Run2.1i/instCat/01116617to01181839/01178934.tar.gz
HTAR: a   DC2_ImSim/Run2.1i/instCat/01116617to01181839/01178935.tar.gz
HTAR: a   DC2_ImSim/Run2.1i/instCat/01116617to01181839/01178977.tar.gz
HTAR: a   DC2_ImSim/Run2.1i/instCat/01116617to01181839/01179119.tar.gz
HTAR: a   DC2_ImSim/Run2.1i/instCat/01116617to01181839/01179120.tar.gz
HTAR: a   DC2_ImSim/Run2.1i/instCat/01116617to01181839/01179121.tar.gz
HTAR: a   DC2_ImSim/Run2.1i/instCat/01116617to01181839/01179122.tar.gz
HTAR: a   DC2_ImSim/Run2.1i/instCat/01116617to01181839/01179124.tar.gz
HTAR: a   DC2_ImSim/Run2.1i/instCat/01116617to01181839/01179125.tar.gz
HTAR: a   DC2_ImSim/Run2.1i/instCat/01116617to01181839/01179129.tar.gz
HTAR: a   DC2_ImSim/Run2.1i/instCat/01116617to01181839/01179130.tar.gz
HTAR: a   DC2_ImSim/Run2.1i/instCat/01116617to01181839/01179213.tar.gz
HTAR: a   DC2_ImSim/Run2.1i/instCat/01116617to01181839/01179995.tar.gz
HTAR: a   DC2_ImSim/Run2.1i/instCat/01116617to01181839/01180079.tar.gz
HTAR: a   DC2_ImSim/Run2.1i/instCat/01116617to01181839/01180080.tar.gz
HTAR: a   DC2_ImSim/Run2.1i/instCat/01116617to01181839/01180104.tar.gz
HTAR: a   DC2_ImSim/Run2.1i/instCat/01116617to01181839/01180455.tar.gz
HTAR: a   DC2_ImSim/Run2.1i/instCat/01116617to01181839/01180456.tar.gz
HTAR: a   DC2_ImSim/Run2.1i/instCat/01116617to01181839/01180527.tar.gz
HTAR: a   DC2_ImSim/Run2.1i/instCat/01116617to01181839/01180528.tar.gz
HTAR: a   DC2_ImSim/Run2.1i/instCat/01116617to01181839/01180529.tar.gz
HTAR: a   DC2_ImSim/Run2.1i/instCat/01116617to01181839/01180530.tar.gz
HTAR: a   DC2_ImSim/Run2.1i/instCat/01116617to01181839/01180531.tar.gz
HTAR: a   DC2_ImSim/Run2.1i/instCat/01116617to01181839/01180579.tar.gz
HTAR: a   DC2_ImSim/Run2.1i/instCat/01116617to01181839/01180580.tar.gz
HTAR: a   DC2_ImSim/Run2.1i/instCat/01116617to01181839/01180581.tar.gz
HTAR: a   DC2_ImSim/Run2.1i/instCat/01116617to01181839/01180582.tar.gz
HTAR: a   DC2_ImSim/Run2.1i/instCat/01116617to01181839/01180583.tar.gz
HTAR: a   DC2_ImSim/Run2.1i/instCat/01116617to01181839/01180892.tar.gz
HTAR: a   DC2_ImSim/Run2.1i/instCat/01116617to01181839/01180893.tar.gz
HTAR: a   DC2_ImSim/Run2.1i/instCat/01116617to01181839/01180894.tar.gz
HTAR: a   DC2_ImSim/Run2.1i/instCat/01116617to01181839/01180895.tar.gz
HTAR: a   DC2_ImSim/Run2.1i/instCat/01116617to01181839/01180919.tar.gz
HTAR: a   DC2_ImSim/Run2.1i/instCat/01116617to01181839/01180920.tar.gz
HTAR: a   DC2_ImSim/Run2.1i/instCat/01116617to01181839/01180921.tar.gz
HTAR: a   DC2_ImSim/Run2.1i/instCat/01116617to01181839/01180922.tar.gz
HTAR: a   DC2_ImSim/Run2.1i/instCat/01116617to01181839/01180923.tar.gz
HTAR: a   DC2_ImSim/Run2.1i/instCat/01116617to01181839/01180933.tar.gz
HTAR: a   DC2_ImSim/Run2.1i/instCat/01116617to01181839/01180934.tar.gz
HTAR: a   DC2_ImSim/Run2.1i/instCat/01116617to01181839/01181652.tar.gz
HTAR: a   DC2_ImSim/Run2.1i/instCat/01116617to01181839/01181653.tar.gz
HTAR: a   DC2_ImSim/Run2.1i/instCat/01116617to01181839/01181654.tar.gz
HTAR: a   DC2_ImSim/Run2.1i/instCat/01116617to01181839/01181655.tar.gz
HTAR: a   DC2_ImSim/Run2.1i/instCat/01116617to01181839/01181708.tar.gz
HTAR: a   DC2_ImSim/Run2.1i/instCat/01116617to01181839/01181709.tar.gz
HTAR: a   DC2_ImSim/Run2.1i/instCat/01116617to01181839/01181710.tar.gz
HTAR: a   DC2_ImSim/Run2.1i/instCat/01116617to01181839/01181711.tar.gz
HTAR: a   DC2_ImSim/Run2.1i/instCat/01116617to01181839/01181742.tar.gz
HTAR: a   /tmp/HTAR_CF_CHK_25149_1561591013
HTAR Create complete for /home/projects/desc/DC2_ImSim/Run2.1i/instCat/01116617to01181839/01177002to01181742.tar. 493,346,633,728 bytes written for 112 member files, max threads: 3 Transfer time: 2883.230 seconds (171.109 MB/s) wallclock/user/sys: 2883.873 3407.087 1511.049 seconds
HTAR: HTAR SUCCESSFUL
