HTAR: a   DC2_ImSim/Run2.1i/instCat/01116617to01181839/01117618.tar.gz
HTAR: a   DC2_ImSim/Run2.1i/instCat/01116617to01181839/01125991.tar.gz
HTAR: a   DC2_ImSim/Run2.1i/instCat/01116617to01181839/01127037.tar.gz
HTAR: a   DC2_ImSim/Run2.1i/instCat/01116617to01181839/01127087.tar.gz
HTAR: a   DC2_ImSim/Run2.1i/instCat/01116617to01181839/01128099.tar.gz
HTAR: a   DC2_ImSim/Run2.1i/instCat/01116617to01181839/01131080.tar.gz
HTAR: a   DC2_ImSim/Run2.1i/instCat/01116617to01181839/01131081.tar.gz
HTAR: a   DC2_ImSim/Run2.1i/instCat/01116617to01181839/01131082.tar.gz
HTAR: a   DC2_ImSim/Run2.1i/instCat/01116617to01181839/01131083.tar.gz
HTAR: a   DC2_ImSim/Run2.1i/instCat/01116617to01181839/01131084.tar.gz
HTAR: a   DC2_ImSim/Run2.1i/instCat/01116617to01181839/01131091.tar.gz
HTAR: a   DC2_ImSim/Run2.1i/instCat/01116617to01181839/01131092.tar.gz
HTAR: a   DC2_ImSim/Run2.1i/instCat/01116617to01181839/01131094.tar.gz
HTAR: a   DC2_ImSim/Run2.1i/instCat/01116617to01181839/01131115.tar.gz
HTAR: a   DC2_ImSim/Run2.1i/instCat/01116617to01181839/01131116.tar.gz
HTAR: a   DC2_ImSim/Run2.1i/instCat/01116617to01181839/01131117.tar.gz
HTAR: a   DC2_ImSim/Run2.1i/instCat/01116617to01181839/01131118.tar.gz
HTAR: a   DC2_ImSim/Run2.1i/instCat/01116617to01181839/01131119.tar.gz
HTAR: a   DC2_ImSim/Run2.1i/instCat/01116617to01181839/01131120.tar.gz
HTAR: a   DC2_ImSim/Run2.1i/instCat/01116617to01181839/01131127.tar.gz
HTAR: a   DC2_ImSim/Run2.1i/instCat/01116617to01181839/01131129.tar.gz
HTAR: a   DC2_ImSim/Run2.1i/instCat/01116617to01181839/01131236.tar.gz
HTAR: a   DC2_ImSim/Run2.1i/instCat/01116617to01181839/01131237.tar.gz
HTAR: a   DC2_ImSim/Run2.1i/instCat/01116617to01181839/01131238.tar.gz
HTAR: a   DC2_ImSim/Run2.1i/instCat/01116617to01181839/01131239.tar.gz
HTAR: a   DC2_ImSim/Run2.1i/instCat/01116617to01181839/01131243.tar.gz
HTAR: a   DC2_ImSim/Run2.1i/instCat/01116617to01181839/01134272.tar.gz
HTAR: a   DC2_ImSim/Run2.1i/instCat/01116617to01181839/01134280.tar.gz
HTAR: a   DC2_ImSim/Run2.1i/instCat/01116617to01181839/01134283.tar.gz
HTAR: a   DC2_ImSim/Run2.1i/instCat/01116617to01181839/01134289.tar.gz
HTAR: a   DC2_ImSim/Run2.1i/instCat/01116617to01181839/01134290.tar.gz
HTAR: a   DC2_ImSim/Run2.1i/instCat/01116617to01181839/01134299.tar.gz
HTAR: a   DC2_ImSim/Run2.1i/instCat/01116617to01181839/01134300.tar.gz
HTAR: a   DC2_ImSim/Run2.1i/instCat/01116617to01181839/01134302.tar.gz
HTAR: a   DC2_ImSim/Run2.1i/instCat/01116617to01181839/01134303.tar.gz
HTAR: a   DC2_ImSim/Run2.1i/instCat/01116617to01181839/01134304.tar.gz
HTAR: a   DC2_ImSim/Run2.1i/instCat/01116617to01181839/01134308.tar.gz
HTAR: a   DC2_ImSim/Run2.1i/instCat/01116617to01181839/01134309.tar.gz
HTAR: a   DC2_ImSim/Run2.1i/instCat/01116617to01181839/01134310.tar.gz
HTAR: a   DC2_ImSim/Run2.1i/instCat/01116617to01181839/01134311.tar.gz
HTAR: a   DC2_ImSim/Run2.1i/instCat/01116617to01181839/01134319.tar.gz
HTAR: a   DC2_ImSim/Run2.1i/instCat/01116617to01181839/01134320.tar.gz
HTAR: a   DC2_ImSim/Run2.1i/instCat/01116617to01181839/01134338.tar.gz
HTAR: a   DC2_ImSim/Run2.1i/instCat/01116617to01181839/01134349.tar.gz
HTAR: a   DC2_ImSim/Run2.1i/instCat/01116617to01181839/01136033.tar.gz
HTAR: a   DC2_ImSim/Run2.1i/instCat/01116617to01181839/01136044.tar.gz
HTAR: a   DC2_ImSim/Run2.1i/instCat/01116617to01181839/01136052.tar.gz
HTAR: a   DC2_ImSim/Run2.1i/instCat/01116617to01181839/01136053.tar.gz
HTAR: a   DC2_ImSim/Run2.1i/instCat/01116617to01181839/01136054.tar.gz
HTAR: a   DC2_ImSim/Run2.1i/instCat/01116617to01181839/01136083.tar.gz
HTAR: a   DC2_ImSim/Run2.1i/instCat/01116617to01181839/01136091.tar.gz
HTAR: a   DC2_ImSim/Run2.1i/instCat/01116617to01181839/01136093.tar.gz
HTAR: a   DC2_ImSim/Run2.1i/instCat/01116617to01181839/01136104.tar.gz
HTAR: a   DC2_ImSim/Run2.1i/instCat/01116617to01181839/01136112.tar.gz
HTAR: a   DC2_ImSim/Run2.1i/instCat/01116617to01181839/01136113.tar.gz
HTAR: a   DC2_ImSim/Run2.1i/instCat/01116617to01181839/01136114.tar.gz
HTAR: a   DC2_ImSim/Run2.1i/instCat/01116617to01181839/01136115.tar.gz
HTAR: a   DC2_ImSim/Run2.1i/instCat/01116617to01181839/01136116.tar.gz
HTAR: a   DC2_ImSim/Run2.1i/instCat/01116617to01181839/01136119.tar.gz
HTAR: a   DC2_ImSim/Run2.1i/instCat/01116617to01181839/01136120.tar.gz
HTAR: a   DC2_ImSim/Run2.1i/instCat/01116617to01181839/01136121.tar.gz
HTAR: a   DC2_ImSim/Run2.1i/instCat/01116617to01181839/01138074.tar.gz
HTAR: a   DC2_ImSim/Run2.1i/instCat/01116617to01181839/01138076.tar.gz
HTAR: a   DC2_ImSim/Run2.1i/instCat/01116617to01181839/01138103.tar.gz
HTAR: a   DC2_ImSim/Run2.1i/instCat/01116617to01181839/01138104.tar.gz
HTAR: a   DC2_ImSim/Run2.1i/instCat/01116617to01181839/01138111.tar.gz
HTAR: a   DC2_ImSim/Run2.1i/instCat/01116617to01181839/01138112.tar.gz
HTAR: a   DC2_ImSim/Run2.1i/instCat/01116617to01181839/01138129.tar.gz
HTAR: a   DC2_ImSim/Run2.1i/instCat/01116617to01181839/01138133.tar.gz
HTAR: a   DC2_ImSim/Run2.1i/instCat/01116617to01181839/01138134.tar.gz
HTAR: a   DC2_ImSim/Run2.1i/instCat/01116617to01181839/01138135.tar.gz
HTAR: a   DC2_ImSim/Run2.1i/instCat/01116617to01181839/01138136.tar.gz
HTAR: a   DC2_ImSim/Run2.1i/instCat/01116617to01181839/01138137.tar.gz
HTAR: a   DC2_ImSim/Run2.1i/instCat/01116617to01181839/01138138.tar.gz
HTAR: a   DC2_ImSim/Run2.1i/instCat/01116617to01181839/01138139.tar.gz
HTAR: a   DC2_ImSim/Run2.1i/instCat/01116617to01181839/01138140.tar.gz
HTAR: a   DC2_ImSim/Run2.1i/instCat/01116617to01181839/01138144.tar.gz
HTAR: a   DC2_ImSim/Run2.1i/instCat/01116617to01181839/01138155.tar.gz
HTAR: a   DC2_ImSim/Run2.1i/instCat/01116617to01181839/01138156.tar.gz
HTAR: a   DC2_ImSim/Run2.1i/instCat/01116617to01181839/01138157.tar.gz
HTAR: a   DC2_ImSim/Run2.1i/instCat/01116617to01181839/01138158.tar.gz
HTAR: a   DC2_ImSim/Run2.1i/instCat/01116617to01181839/01138159.tar.gz
HTAR: a   DC2_ImSim/Run2.1i/instCat/01116617to01181839/01138165.tar.gz
HTAR: a   DC2_ImSim/Run2.1i/instCat/01116617to01181839/01138166.tar.gz
HTAR: a   DC2_ImSim/Run2.1i/instCat/01116617to01181839/01138167.tar.gz
HTAR: a   DC2_ImSim/Run2.1i/instCat/01116617to01181839/01138168.tar.gz
HTAR: a   DC2_ImSim/Run2.1i/instCat/01116617to01181839/01138169.tar.gz
HTAR: a   DC2_ImSim/Run2.1i/instCat/01116617to01181839/01138170.tar.gz
HTAR: a   DC2_ImSim/Run2.1i/instCat/01116617to01181839/01138175.tar.gz
HTAR: a   DC2_ImSim/Run2.1i/instCat/01116617to01181839/01138176.tar.gz
HTAR: a   DC2_ImSim/Run2.1i/instCat/01116617to01181839/01138177.tar.gz
HTAR: a   DC2_ImSim/Run2.1i/instCat/01116617to01181839/01138178.tar.gz
HTAR: a   DC2_ImSim/Run2.1i/instCat/01116617to01181839/01138203.tar.gz
HTAR: a   DC2_ImSim/Run2.1i/instCat/01116617to01181839/01139327.tar.gz
HTAR: a   DC2_ImSim/Run2.1i/instCat/01116617to01181839/01139328.tar.gz
HTAR: a   DC2_ImSim/Run2.1i/instCat/01116617to01181839/01140237.tar.gz
HTAR: a   DC2_ImSim/Run2.1i/instCat/01116617to01181839/01140272.tar.gz
HTAR: a   DC2_ImSim/Run2.1i/instCat/01116617to01181839/01140273.tar.gz
HTAR: a   DC2_ImSim/Run2.1i/instCat/01116617to01181839/01140274.tar.gz
HTAR: a   DC2_ImSim/Run2.1i/instCat/01116617to01181839/01140305.tar.gz
HTAR: a   DC2_ImSim/Run2.1i/instCat/01116617to01181839/01140306.tar.gz
HTAR: a   DC2_ImSim/Run2.1i/instCat/01116617to01181839/01140307.tar.gz
HTAR: a   DC2_ImSim/Run2.1i/instCat/01116617to01181839/01140308.tar.gz
HTAR: a   DC2_ImSim/Run2.1i/instCat/01116617to01181839/01141193.tar.gz
HTAR: a   DC2_ImSim/Run2.1i/instCat/01116617to01181839/01141194.tar.gz
HTAR: a   DC2_ImSim/Run2.1i/instCat/01116617to01181839/01141195.tar.gz
HTAR: a   DC2_ImSim/Run2.1i/instCat/01116617to01181839/01141196.tar.gz
HTAR: a   DC2_ImSim/Run2.1i/instCat/01116617to01181839/01141197.tar.gz
HTAR: a   DC2_ImSim/Run2.1i/instCat/01116617to01181839/01141198.tar.gz
HTAR: a   DC2_ImSim/Run2.1i/instCat/01116617to01181839/01141199.tar.gz
HTAR: a   DC2_ImSim/Run2.1i/instCat/01116617to01181839/01141216.tar.gz
HTAR: a   DC2_ImSim/Run2.1i/instCat/01116617to01181839/01141231.tar.gz
HTAR: a   DC2_ImSim/Run2.1i/instCat/01116617to01181839/01141232.tar.gz
HTAR: a   DC2_ImSim/Run2.1i/instCat/01116617to01181839/01141233.tar.gz
HTAR: a   DC2_ImSim/Run2.1i/instCat/01116617to01181839/01141234.tar.gz
HTAR: a   DC2_ImSim/Run2.1i/instCat/01116617to01181839/01141235.tar.gz
HTAR: a   DC2_ImSim/Run2.1i/instCat/01116617to01181839/01141236.tar.gz
HTAR: a   DC2_ImSim/Run2.1i/instCat/01116617to01181839/01141237.tar.gz
HTAR: a   /tmp/HTAR_CF_CHK_20119_1561578696
HTAR Create complete for /home/projects/desc/DC2_ImSim/Run2.1i/instCat/01116617to01181839/01117618to01141237.tar. 500,868,477,440 bytes written for 118 member files, max threads: 3 Transfer time: 3296.140 seconds (151.956 MB/s) wallclock/user/sys: 3296.502 3854.456 1812.474 seconds
HTAR: HTAR SUCCESSFUL
HTAR: a   DC2_ImSim/Run2.1i/instCat/01116617to01181839/01141238.tar.gz
HTAR: a   DC2_ImSim/Run2.1i/instCat/01116617to01181839/01141239.tar.gz
HTAR: a   DC2_ImSim/Run2.1i/instCat/01116617to01181839/01141245.tar.gz
HTAR: a   DC2_ImSim/Run2.1i/instCat/01116617to01181839/01141246.tar.gz
HTAR: a   DC2_ImSim/Run2.1i/instCat/01116617to01181839/01141247.tar.gz
HTAR: a   DC2_ImSim/Run2.1i/instCat/01116617to01181839/01141248.tar.gz
HTAR: a   DC2_ImSim/Run2.1i/instCat/01116617to01181839/01141249.tar.gz
HTAR: a   DC2_ImSim/Run2.1i/instCat/01116617to01181839/01141250.tar.gz
HTAR: a   DC2_ImSim/Run2.1i/instCat/01116617to01181839/01141251.tar.gz
HTAR: a   DC2_ImSim/Run2.1i/instCat/01116617to01181839/01141252.tar.gz
HTAR: a   DC2_ImSim/Run2.1i/instCat/01116617to01181839/01141253.tar.gz
HTAR: a   DC2_ImSim/Run2.1i/instCat/01116617to01181839/01141254.tar.gz
HTAR: a   DC2_ImSim/Run2.1i/instCat/01116617to01181839/01141255.tar.gz
HTAR: a   DC2_ImSim/Run2.1i/instCat/01116617to01181839/01141256.tar.gz
HTAR: a   DC2_ImSim/Run2.1i/instCat/01116617to01181839/01141257.tar.gz
HTAR: a   DC2_ImSim/Run2.1i/instCat/01116617to01181839/01141260.tar.gz
HTAR: a   DC2_ImSim/Run2.1i/instCat/01116617to01181839/01141261.tar.gz
HTAR: a   DC2_ImSim/Run2.1i/instCat/01116617to01181839/01141262.tar.gz
HTAR: a   DC2_ImSim/Run2.1i/instCat/01116617to01181839/01141263.tar.gz
HTAR: a   DC2_ImSim/Run2.1i/instCat/01116617to01181839/01141264.tar.gz
HTAR: a   DC2_ImSim/Run2.1i/instCat/01116617to01181839/01141265.tar.gz
HTAR: a   DC2_ImSim/Run2.1i/instCat/01116617to01181839/01141266.tar.gz
HTAR: a   DC2_ImSim/Run2.1i/instCat/01116617to01181839/01141267.tar.gz
HTAR: a   DC2_ImSim/Run2.1i/instCat/01116617to01181839/01141270.tar.gz
HTAR: a   DC2_ImSim/Run2.1i/instCat/01116617to01181839/01141271.tar.gz
HTAR: a   DC2_ImSim/Run2.1i/instCat/01116617to01181839/01141272.tar.gz
HTAR: a   DC2_ImSim/Run2.1i/instCat/01116617to01181839/01141273.tar.gz
HTAR: a   DC2_ImSim/Run2.1i/instCat/01116617to01181839/01141274.tar.gz
HTAR: a   DC2_ImSim/Run2.1i/instCat/01116617to01181839/01141275.tar.gz
HTAR: a   DC2_ImSim/Run2.1i/instCat/01116617to01181839/01141276.tar.gz
HTAR: a   DC2_ImSim/Run2.1i/instCat/01116617to01181839/01141277.tar.gz
HTAR: a   DC2_ImSim/Run2.1i/instCat/01116617to01181839/01141278.tar.gz
HTAR: a   DC2_ImSim/Run2.1i/instCat/01116617to01181839/01141279.tar.gz
HTAR: a   DC2_ImSim/Run2.1i/instCat/01116617to01181839/01141280.tar.gz
HTAR: a   DC2_ImSim/Run2.1i/instCat/01116617to01181839/01141281.tar.gz
HTAR: a   DC2_ImSim/Run2.1i/instCat/01116617to01181839/01141282.tar.gz
HTAR: a   DC2_ImSim/Run2.1i/instCat/01116617to01181839/01141283.tar.gz
HTAR: a   DC2_ImSim/Run2.1i/instCat/01116617to01181839/01141284.tar.gz
HTAR: a   DC2_ImSim/Run2.1i/instCat/01116617to01181839/01141285.tar.gz
HTAR: a   DC2_ImSim/Run2.1i/instCat/01116617to01181839/01141288.tar.gz
HTAR: a   DC2_ImSim/Run2.1i/instCat/01116617to01181839/01141289.tar.gz
HTAR: a   DC2_ImSim/Run2.1i/instCat/01116617to01181839/01141290.tar.gz
HTAR: a   DC2_ImSim/Run2.1i/instCat/01116617to01181839/01141299.tar.gz
HTAR: a   DC2_ImSim/Run2.1i/instCat/01116617to01181839/01144297.tar.gz
HTAR: a   DC2_ImSim/Run2.1i/instCat/01116617to01181839/01144307.tar.gz
HTAR: a   DC2_ImSim/Run2.1i/instCat/01116617to01181839/01144308.tar.gz
HTAR: a   DC2_ImSim/Run2.1i/instCat/01116617to01181839/01145151.tar.gz
HTAR: a   DC2_ImSim/Run2.1i/instCat/01116617to01181839/01145163.tar.gz
HTAR: a   DC2_ImSim/Run2.1i/instCat/01116617to01181839/01145164.tar.gz
HTAR: a   DC2_ImSim/Run2.1i/instCat/01116617to01181839/01145165.tar.gz
HTAR: a   DC2_ImSim/Run2.1i/instCat/01116617to01181839/01145166.tar.gz
HTAR: a   DC2_ImSim/Run2.1i/instCat/01116617to01181839/01145167.tar.gz
HTAR: a   DC2_ImSim/Run2.1i/instCat/01116617to01181839/01145168.tar.gz
HTAR: a   DC2_ImSim/Run2.1i/instCat/01116617to01181839/01145186.tar.gz
HTAR: a   DC2_ImSim/Run2.1i/instCat/01116617to01181839/01145198.tar.gz
HTAR: a   DC2_ImSim/Run2.1i/instCat/01116617to01181839/01145199.tar.gz
HTAR: a   DC2_ImSim/Run2.1i/instCat/01116617to01181839/01145200.tar.gz
HTAR: a   DC2_ImSim/Run2.1i/instCat/01116617to01181839/01145201.tar.gz
HTAR: a   DC2_ImSim/Run2.1i/instCat/01116617to01181839/01145202.tar.gz
HTAR: a   DC2_ImSim/Run2.1i/instCat/01116617to01181839/01145203.tar.gz
HTAR: a   DC2_ImSim/Run2.1i/instCat/01116617to01181839/01145204.tar.gz
HTAR: a   DC2_ImSim/Run2.1i/instCat/01116617to01181839/01145210.tar.gz
HTAR: a   DC2_ImSim/Run2.1i/instCat/01116617to01181839/01145211.tar.gz
HTAR: a   DC2_ImSim/Run2.1i/instCat/01116617to01181839/01145212.tar.gz
HTAR: a   DC2_ImSim/Run2.1i/instCat/01116617to01181839/01145213.tar.gz
HTAR: a   DC2_ImSim/Run2.1i/instCat/01116617to01181839/01145214.tar.gz
HTAR: a   DC2_ImSim/Run2.1i/instCat/01116617to01181839/01145215.tar.gz
HTAR: a   DC2_ImSim/Run2.1i/instCat/01116617to01181839/01145216.tar.gz
HTAR: a   DC2_ImSim/Run2.1i/instCat/01116617to01181839/01145217.tar.gz
HTAR: a   DC2_ImSim/Run2.1i/instCat/01116617to01181839/01145218.tar.gz
HTAR: a   DC2_ImSim/Run2.1i/instCat/01116617to01181839/01145239.tar.gz
HTAR: a   DC2_ImSim/Run2.1i/instCat/01116617to01181839/01145245.tar.gz
HTAR: a   DC2_ImSim/Run2.1i/instCat/01116617to01181839/01145246.tar.gz
HTAR: a   DC2_ImSim/Run2.1i/instCat/01116617to01181839/01145247.tar.gz
HTAR: a   DC2_ImSim/Run2.1i/instCat/01116617to01181839/01145248.tar.gz
HTAR: a   DC2_ImSim/Run2.1i/instCat/01116617to01181839/01145249.tar.gz
HTAR: a   DC2_ImSim/Run2.1i/instCat/01116617to01181839/01145250.tar.gz
HTAR: a   DC2_ImSim/Run2.1i/instCat/01116617to01181839/01145251.tar.gz
HTAR: a   DC2_ImSim/Run2.1i/instCat/01116617to01181839/01145252.tar.gz
HTAR: a   DC2_ImSim/Run2.1i/instCat/01116617to01181839/01145253.tar.gz
HTAR: a   DC2_ImSim/Run2.1i/instCat/01116617to01181839/01145254.tar.gz
HTAR: a   DC2_ImSim/Run2.1i/instCat/01116617to01181839/01145255.tar.gz
HTAR: a   DC2_ImSim/Run2.1i/instCat/01116617to01181839/01145266.tar.gz
HTAR: a   DC2_ImSim/Run2.1i/instCat/01116617to01181839/01145267.tar.gz
HTAR: a   DC2_ImSim/Run2.1i/instCat/01116617to01181839/01145268.tar.gz
HTAR: a   DC2_ImSim/Run2.1i/instCat/01116617to01181839/01145294.tar.gz
HTAR: a   DC2_ImSim/Run2.1i/instCat/01116617to01181839/01145296.tar.gz
HTAR: a   DC2_ImSim/Run2.1i/instCat/01116617to01181839/01145306.tar.gz
HTAR: a   DC2_ImSim/Run2.1i/instCat/01116617to01181839/01145307.tar.gz
HTAR: a   DC2_ImSim/Run2.1i/instCat/01116617to01181839/01145308.tar.gz
HTAR: a   DC2_ImSim/Run2.1i/instCat/01116617to01181839/01145348.tar.gz
HTAR: a   DC2_ImSim/Run2.1i/instCat/01116617to01181839/01148138.tar.gz
HTAR: a   DC2_ImSim/Run2.1i/instCat/01116617to01181839/01148139.tar.gz
HTAR: a   DC2_ImSim/Run2.1i/instCat/01116617to01181839/01148140.tar.gz
HTAR: a   DC2_ImSim/Run2.1i/instCat/01116617to01181839/01148141.tar.gz
HTAR: a   DC2_ImSim/Run2.1i/instCat/01116617to01181839/01148142.tar.gz
HTAR: a   DC2_ImSim/Run2.1i/instCat/01116617to01181839/01148146.tar.gz
HTAR: a   DC2_ImSim/Run2.1i/instCat/01116617to01181839/01148147.tar.gz
HTAR: a   DC2_ImSim/Run2.1i/instCat/01116617to01181839/01148182.tar.gz
HTAR: a   DC2_ImSim/Run2.1i/instCat/01116617to01181839/01148183.tar.gz
HTAR: a   DC2_ImSim/Run2.1i/instCat/01116617to01181839/01148184.tar.gz
HTAR: a   DC2_ImSim/Run2.1i/instCat/01116617to01181839/01148185.tar.gz
HTAR: a   DC2_ImSim/Run2.1i/instCat/01116617to01181839/01148186.tar.gz
HTAR: a   DC2_ImSim/Run2.1i/instCat/01116617to01181839/01148192.tar.gz
HTAR: a   DC2_ImSim/Run2.1i/instCat/01116617to01181839/01148193.tar.gz
HTAR: a   DC2_ImSim/Run2.1i/instCat/01116617to01181839/01148194.tar.gz
HTAR: a   DC2_ImSim/Run2.1i/instCat/01116617to01181839/01150143.tar.gz
HTAR: a   DC2_ImSim/Run2.1i/instCat/01116617to01181839/01150144.tar.gz
HTAR: a   DC2_ImSim/Run2.1i/instCat/01116617to01181839/01150145.tar.gz
HTAR: a   DC2_ImSim/Run2.1i/instCat/01116617to01181839/01150176.tar.gz
HTAR: a   DC2_ImSim/Run2.1i/instCat/01116617to01181839/01150177.tar.gz
HTAR: a   DC2_ImSim/Run2.1i/instCat/01116617to01181839/01150178.tar.gz
HTAR: a   DC2_ImSim/Run2.1i/instCat/01116617to01181839/01151122.tar.gz
HTAR: a   DC2_ImSim/Run2.1i/instCat/01116617to01181839/01151135.tar.gz
HTAR: a   DC2_ImSim/Run2.1i/instCat/01116617to01181839/01151136.tar.gz
HTAR: a   DC2_ImSim/Run2.1i/instCat/01116617to01181839/01151332.tar.gz
HTAR: a   DC2_ImSim/Run2.1i/instCat/01116617to01181839/01151333.tar.gz
HTAR: a   DC2_ImSim/Run2.1i/instCat/01116617to01181839/01151360.tar.gz
HTAR: a   /tmp/HTAR_CF_CHK_37531_1561581996
HTAR Create complete for /home/projects/desc/DC2_ImSim/Run2.1i/instCat/01116617to01181839/01141238to01151360.tar. 513,233,823,744 bytes written for 118 member files, max threads: 3 Transfer time: 3184.378 seconds (161.172 MB/s) wallclock/user/sys: 3184.949 3730.595 1719.949 seconds
HTAR: HTAR SUCCESSFUL
HTAR: a   DC2_ImSim/Run2.1i/instCat/01116617to01181839/01151375.tar.gz
HTAR: a   DC2_ImSim/Run2.1i/instCat/01116617to01181839/01151376.tar.gz
HTAR: a   DC2_ImSim/Run2.1i/instCat/01116617to01181839/01151377.tar.gz
HTAR: a   DC2_ImSim/Run2.1i/instCat/01116617to01181839/01151378.tar.gz
HTAR: a   DC2_ImSim/Run2.1i/instCat/01116617to01181839/01151379.tar.gz
HTAR: a   DC2_ImSim/Run2.1i/instCat/01116617to01181839/01151380.tar.gz
HTAR: a   DC2_ImSim/Run2.1i/instCat/01116617to01181839/01151382.tar.gz
HTAR: a   DC2_ImSim/Run2.1i/instCat/01116617to01181839/01151388.tar.gz
HTAR: a   DC2_ImSim/Run2.1i/instCat/01116617to01181839/01151389.tar.gz
HTAR: a   DC2_ImSim/Run2.1i/instCat/01116617to01181839/01151390.tar.gz
HTAR: a   DC2_ImSim/Run2.1i/instCat/01116617to01181839/01151391.tar.gz
HTAR: a   DC2_ImSim/Run2.1i/instCat/01116617to01181839/01151392.tar.gz
HTAR: a   DC2_ImSim/Run2.1i/instCat/01116617to01181839/01151393.tar.gz
HTAR: a   DC2_ImSim/Run2.1i/instCat/01116617to01181839/01151395.tar.gz
HTAR: a   DC2_ImSim/Run2.1i/instCat/01116617to01181839/01154191.tar.gz
HTAR: a   DC2_ImSim/Run2.1i/instCat/01116617to01181839/01154192.tar.gz
HTAR: a   DC2_ImSim/Run2.1i/instCat/01116617to01181839/01154193.tar.gz
HTAR: a   DC2_ImSim/Run2.1i/instCat/01116617to01181839/01154194.tar.gz
HTAR: a   DC2_ImSim/Run2.1i/instCat/01116617to01181839/01154195.tar.gz
HTAR: a   DC2_ImSim/Run2.1i/instCat/01116617to01181839/01154196.tar.gz
HTAR: a   DC2_ImSim/Run2.1i/instCat/01116617to01181839/01154197.tar.gz
HTAR: a   DC2_ImSim/Run2.1i/instCat/01116617to01181839/01154198.tar.gz
HTAR: a   DC2_ImSim/Run2.1i/instCat/01116617to01181839/01154199.tar.gz
HTAR: a   DC2_ImSim/Run2.1i/instCat/01116617to01181839/01154200.tar.gz
HTAR: a   DC2_ImSim/Run2.1i/instCat/01116617to01181839/01154204.tar.gz
HTAR: a   DC2_ImSim/Run2.1i/instCat/01116617to01181839/01154205.tar.gz
HTAR: a   DC2_ImSim/Run2.1i/instCat/01116617to01181839/01154222.tar.gz
HTAR: a   DC2_ImSim/Run2.1i/instCat/01116617to01181839/01154223.tar.gz
HTAR: a   DC2_ImSim/Run2.1i/instCat/01116617to01181839/01154224.tar.gz
HTAR: a   DC2_ImSim/Run2.1i/instCat/01116617to01181839/01154225.tar.gz
HTAR: a   DC2_ImSim/Run2.1i/instCat/01116617to01181839/01154226.tar.gz
HTAR: a   DC2_ImSim/Run2.1i/instCat/01116617to01181839/01154227.tar.gz
HTAR: a   DC2_ImSim/Run2.1i/instCat/01116617to01181839/01154228.tar.gz
HTAR: a   DC2_ImSim/Run2.1i/instCat/01116617to01181839/01154236.tar.gz
HTAR: a   DC2_ImSim/Run2.1i/instCat/01116617to01181839/01154237.tar.gz
HTAR: a   DC2_ImSim/Run2.1i/instCat/01116617to01181839/01154238.tar.gz
HTAR: a   DC2_ImSim/Run2.1i/instCat/01116617to01181839/01154239.tar.gz
HTAR: a   DC2_ImSim/Run2.1i/instCat/01116617to01181839/01154240.tar.gz
HTAR: a   DC2_ImSim/Run2.1i/instCat/01116617to01181839/01154279.tar.gz
HTAR: a   DC2_ImSim/Run2.1i/instCat/01116617to01181839/01154280.tar.gz
HTAR: a   DC2_ImSim/Run2.1i/instCat/01116617to01181839/01154308.tar.gz
HTAR: a   DC2_ImSim/Run2.1i/instCat/01116617to01181839/01154309.tar.gz
HTAR: a   DC2_ImSim/Run2.1i/instCat/01116617to01181839/01154310.tar.gz
HTAR: a   DC2_ImSim/Run2.1i/instCat/01116617to01181839/01154331.tar.gz
HTAR: a   DC2_ImSim/Run2.1i/instCat/01116617to01181839/01154332.tar.gz
HTAR: a   DC2_ImSim/Run2.1i/instCat/01116617to01181839/01154334.tar.gz
HTAR: a   DC2_ImSim/Run2.1i/instCat/01116617to01181839/01154335.tar.gz
HTAR: a   DC2_ImSim/Run2.1i/instCat/01116617to01181839/01154354.tar.gz
HTAR: a   DC2_ImSim/Run2.1i/instCat/01116617to01181839/01154356.tar.gz
HTAR: a   DC2_ImSim/Run2.1i/instCat/01116617to01181839/01154357.tar.gz
HTAR: a   DC2_ImSim/Run2.1i/instCat/01116617to01181839/01155488.tar.gz
HTAR: a   DC2_ImSim/Run2.1i/instCat/01116617to01181839/01155489.tar.gz
HTAR: a   DC2_ImSim/Run2.1i/instCat/01116617to01181839/01155490.tar.gz
HTAR: a   DC2_ImSim/Run2.1i/instCat/01116617to01181839/01155519.tar.gz
HTAR: a   DC2_ImSim/Run2.1i/instCat/01116617to01181839/01155520.tar.gz
HTAR: a   DC2_ImSim/Run2.1i/instCat/01116617to01181839/01155521.tar.gz
HTAR: a   DC2_ImSim/Run2.1i/instCat/01116617to01181839/01155522.tar.gz
HTAR: a   DC2_ImSim/Run2.1i/instCat/01116617to01181839/01155523.tar.gz
HTAR: a   DC2_ImSim/Run2.1i/instCat/01116617to01181839/01155524.tar.gz
HTAR: a   DC2_ImSim/Run2.1i/instCat/01116617to01181839/01155525.tar.gz
HTAR: a   DC2_ImSim/Run2.1i/instCat/01116617to01181839/01155526.tar.gz
HTAR: a   DC2_ImSim/Run2.1i/instCat/01116617to01181839/01155527.tar.gz
HTAR: a   DC2_ImSim/Run2.1i/instCat/01116617to01181839/01155528.tar.gz
HTAR: a   DC2_ImSim/Run2.1i/instCat/01116617to01181839/01155531.tar.gz
HTAR: a   DC2_ImSim/Run2.1i/instCat/01116617to01181839/01155532.tar.gz
HTAR: a   DC2_ImSim/Run2.1i/instCat/01116617to01181839/01155533.tar.gz
HTAR: a   DC2_ImSim/Run2.1i/instCat/01116617to01181839/01155534.tar.gz
HTAR: a   DC2_ImSim/Run2.1i/instCat/01116617to01181839/01155535.tar.gz
HTAR: a   DC2_ImSim/Run2.1i/instCat/01116617to01181839/01155536.tar.gz
HTAR: a   DC2_ImSim/Run2.1i/instCat/01116617to01181839/01155537.tar.gz
HTAR: a   DC2_ImSim/Run2.1i/instCat/01116617to01181839/01155538.tar.gz
HTAR: a   DC2_ImSim/Run2.1i/instCat/01116617to01181839/01155561.tar.gz
HTAR: a   DC2_ImSim/Run2.1i/instCat/01116617to01181839/01155562.tar.gz
HTAR: a   DC2_ImSim/Run2.1i/instCat/01116617to01181839/01155563.tar.gz
HTAR: a   DC2_ImSim/Run2.1i/instCat/01116617to01181839/01155564.tar.gz
HTAR: a   DC2_ImSim/Run2.1i/instCat/01116617to01181839/01155565.tar.gz
HTAR: a   DC2_ImSim/Run2.1i/instCat/01116617to01181839/01155566.tar.gz
HTAR: a   DC2_ImSim/Run2.1i/instCat/01116617to01181839/01155567.tar.gz
HTAR: a   DC2_ImSim/Run2.1i/instCat/01116617to01181839/01155568.tar.gz
HTAR: a   DC2_ImSim/Run2.1i/instCat/01116617to01181839/01155569.tar.gz
HTAR: a   DC2_ImSim/Run2.1i/instCat/01116617to01181839/01155572.tar.gz
HTAR: a   DC2_ImSim/Run2.1i/instCat/01116617to01181839/01155573.tar.gz
HTAR: a   DC2_ImSim/Run2.1i/instCat/01116617to01181839/01155574.tar.gz
HTAR: a   DC2_ImSim/Run2.1i/instCat/01116617to01181839/01155575.tar.gz
HTAR: a   DC2_ImSim/Run2.1i/instCat/01116617to01181839/01155576.tar.gz
HTAR: a   DC2_ImSim/Run2.1i/instCat/01116617to01181839/01155577.tar.gz
HTAR: a   DC2_ImSim/Run2.1i/instCat/01116617to01181839/01155578.tar.gz
HTAR: a   DC2_ImSim/Run2.1i/instCat/01116617to01181839/01155579.tar.gz
HTAR: a   DC2_ImSim/Run2.1i/instCat/01116617to01181839/01155580.tar.gz
HTAR: a   DC2_ImSim/Run2.1i/instCat/01116617to01181839/01155581.tar.gz
HTAR: a   DC2_ImSim/Run2.1i/instCat/01116617to01181839/01155582.tar.gz
HTAR: a   DC2_ImSim/Run2.1i/instCat/01116617to01181839/01155583.tar.gz
HTAR: a   DC2_ImSim/Run2.1i/instCat/01116617to01181839/01155584.tar.gz
HTAR: a   DC2_ImSim/Run2.1i/instCat/01116617to01181839/01155619.tar.gz
HTAR: a   DC2_ImSim/Run2.1i/instCat/01116617to01181839/01155620.tar.gz
HTAR: a   DC2_ImSim/Run2.1i/instCat/01116617to01181839/01155621.tar.gz
HTAR: a   DC2_ImSim/Run2.1i/instCat/01116617to01181839/01155622.tar.gz
HTAR: a   DC2_ImSim/Run2.1i/instCat/01116617to01181839/01155623.tar.gz
HTAR: a   DC2_ImSim/Run2.1i/instCat/01116617to01181839/01155624.tar.gz
HTAR: a   DC2_ImSim/Run2.1i/instCat/01116617to01181839/01155625.tar.gz
HTAR: a   DC2_ImSim/Run2.1i/instCat/01116617to01181839/01155650.tar.gz
HTAR: a   DC2_ImSim/Run2.1i/instCat/01116617to01181839/01156591.tar.gz
HTAR: a   DC2_ImSim/Run2.1i/instCat/01116617to01181839/01156600.tar.gz
HTAR: a   DC2_ImSim/Run2.1i/instCat/01116617to01181839/01156743.tar.gz
HTAR: a   DC2_ImSim/Run2.1i/instCat/01116617to01181839/01156744.tar.gz
HTAR: a   DC2_ImSim/Run2.1i/instCat/01116617to01181839/01157551.tar.gz
HTAR: a   DC2_ImSim/Run2.1i/instCat/01116617to01181839/01157595.tar.gz
HTAR: a   DC2_ImSim/Run2.1i/instCat/01116617to01181839/01157610.tar.gz
HTAR: a   DC2_ImSim/Run2.1i/instCat/01116617to01181839/01157611.tar.gz
HTAR: a   DC2_ImSim/Run2.1i/instCat/01116617to01181839/01157612.tar.gz
HTAR: a   DC2_ImSim/Run2.1i/instCat/01116617to01181839/01157613.tar.gz
HTAR: a   DC2_ImSim/Run2.1i/instCat/01116617to01181839/01157614.tar.gz
HTAR: a   DC2_ImSim/Run2.1i/instCat/01116617to01181839/01157620.tar.gz
HTAR: a   DC2_ImSim/Run2.1i/instCat/01116617to01181839/01157621.tar.gz
HTAR: a   DC2_ImSim/Run2.1i/instCat/01116617to01181839/01157650.tar.gz
HTAR: a   DC2_ImSim/Run2.1i/instCat/01116617to01181839/01157651.tar.gz
HTAR: a   DC2_ImSim/Run2.1i/instCat/01116617to01181839/01157652.tar.gz
HTAR: a   DC2_ImSim/Run2.1i/instCat/01116617to01181839/01157653.tar.gz
HTAR: a   /tmp/HTAR_CF_CHK_48046_1561585184
HTAR Create complete for /home/projects/desc/DC2_ImSim/Run2.1i/instCat/01116617to01181839/01151375to01157653.tar. 524,131,219,968 bytes written for 118 member files, max threads: 2 Transfer time: 3231.787 seconds (162.180 MB/s) wallclock/user/sys: 3232.444 3797.122 1733.856 seconds
HTAR: HTAR SUCCESSFUL
HTAR: a   DC2_ImSim/Run2.1i/instCat/01116617to01181839/01157655.tar.gz
HTAR: a   DC2_ImSim/Run2.1i/instCat/01116617to01181839/01157656.tar.gz
HTAR: a   DC2_ImSim/Run2.1i/instCat/01116617to01181839/01157657.tar.gz
HTAR: a   DC2_ImSim/Run2.1i/instCat/01116617to01181839/01157689.tar.gz
HTAR: a   DC2_ImSim/Run2.1i/instCat/01116617to01181839/01157690.tar.gz
HTAR: a   DC2_ImSim/Run2.1i/instCat/01116617to01181839/01157691.tar.gz
HTAR: a   DC2_ImSim/Run2.1i/instCat/01116617to01181839/01157692.tar.gz
HTAR: a   DC2_ImSim/Run2.1i/instCat/01116617to01181839/01157693.tar.gz
HTAR: a   DC2_ImSim/Run2.1i/instCat/01116617to01181839/01157694.tar.gz
HTAR: a   DC2_ImSim/Run2.1i/instCat/01116617to01181839/01157695.tar.gz
HTAR: a   DC2_ImSim/Run2.1i/instCat/01116617to01181839/01157696.tar.gz
HTAR: a   DC2_ImSim/Run2.1i/instCat/01116617to01181839/01157699.tar.gz
HTAR: a   DC2_ImSim/Run2.1i/instCat/01116617to01181839/01157700.tar.gz
HTAR: a   DC2_ImSim/Run2.1i/instCat/01116617to01181839/01157701.tar.gz
HTAR: a   DC2_ImSim/Run2.1i/instCat/01116617to01181839/01158519.tar.gz
HTAR: a   DC2_ImSim/Run2.1i/instCat/01116617to01181839/01158521.tar.gz
HTAR: a   DC2_ImSim/Run2.1i/instCat/01116617to01181839/01158533.tar.gz
HTAR: a   DC2_ImSim/Run2.1i/instCat/01116617to01181839/01158554.tar.gz
HTAR: a   DC2_ImSim/Run2.1i/instCat/01116617to01181839/01158555.tar.gz
HTAR: a   DC2_ImSim/Run2.1i/instCat/01116617to01181839/01158556.tar.gz
HTAR: a   DC2_ImSim/Run2.1i/instCat/01116617to01181839/01158557.tar.gz
HTAR: a   DC2_ImSim/Run2.1i/instCat/01116617to01181839/01159702.tar.gz
HTAR: a   DC2_ImSim/Run2.1i/instCat/01116617to01181839/01160436.tar.gz
HTAR: a   DC2_ImSim/Run2.1i/instCat/01116617to01181839/01160437.tar.gz
HTAR: a   DC2_ImSim/Run2.1i/instCat/01116617to01181839/01160438.tar.gz
HTAR: a   DC2_ImSim/Run2.1i/instCat/01116617to01181839/01160443.tar.gz
HTAR: a   DC2_ImSim/Run2.1i/instCat/01116617to01181839/01160444.tar.gz
HTAR: a   DC2_ImSim/Run2.1i/instCat/01116617to01181839/01160445.tar.gz
HTAR: a   DC2_ImSim/Run2.1i/instCat/01116617to01181839/01160446.tar.gz
HTAR: a   DC2_ImSim/Run2.1i/instCat/01116617to01181839/01160454.tar.gz
HTAR: a   DC2_ImSim/Run2.1i/instCat/01116617to01181839/01160455.tar.gz
HTAR: a   DC2_ImSim/Run2.1i/instCat/01116617to01181839/01160456.tar.gz
HTAR: a   DC2_ImSim/Run2.1i/instCat/01116617to01181839/01160457.tar.gz
HTAR: a   DC2_ImSim/Run2.1i/instCat/01116617to01181839/01160486.tar.gz
HTAR: a   DC2_ImSim/Run2.1i/instCat/01116617to01181839/01160487.tar.gz
HTAR: a   DC2_ImSim/Run2.1i/instCat/01116617to01181839/01160525.tar.gz
HTAR: a   DC2_ImSim/Run2.1i/instCat/01116617to01181839/01160536.tar.gz
HTAR: a   DC2_ImSim/Run2.1i/instCat/01116617to01181839/01160537.tar.gz
HTAR: a   DC2_ImSim/Run2.1i/instCat/01116617to01181839/01160538.tar.gz
HTAR: a   DC2_ImSim/Run2.1i/instCat/01116617to01181839/01160539.tar.gz
HTAR: a   DC2_ImSim/Run2.1i/instCat/01116617to01181839/01160540.tar.gz
HTAR: a   DC2_ImSim/Run2.1i/instCat/01116617to01181839/01160541.tar.gz
HTAR: a   DC2_ImSim/Run2.1i/instCat/01116617to01181839/01160542.tar.gz
HTAR: a   DC2_ImSim/Run2.1i/instCat/01116617to01181839/01160543.tar.gz
HTAR: a   DC2_ImSim/Run2.1i/instCat/01116617to01181839/01160549.tar.gz
HTAR: a   DC2_ImSim/Run2.1i/instCat/01116617to01181839/01160550.tar.gz
HTAR: a   DC2_ImSim/Run2.1i/instCat/01116617to01181839/01160551.tar.gz
HTAR: a   DC2_ImSim/Run2.1i/instCat/01116617to01181839/01160578.tar.gz
HTAR: a   DC2_ImSim/Run2.1i/instCat/01116617to01181839/01160579.tar.gz
HTAR: a   DC2_ImSim/Run2.1i/instCat/01116617to01181839/01160580.tar.gz
HTAR: a   DC2_ImSim/Run2.1i/instCat/01116617to01181839/01160581.tar.gz
HTAR: a   DC2_ImSim/Run2.1i/instCat/01116617to01181839/01160582.tar.gz
HTAR: a   DC2_ImSim/Run2.1i/instCat/01116617to01181839/01160583.tar.gz
HTAR: a   DC2_ImSim/Run2.1i/instCat/01116617to01181839/01160584.tar.gz
HTAR: a   DC2_ImSim/Run2.1i/instCat/01116617to01181839/01160585.tar.gz
HTAR: a   DC2_ImSim/Run2.1i/instCat/01116617to01181839/01160587.tar.gz
HTAR: a   DC2_ImSim/Run2.1i/instCat/01116617to01181839/01160588.tar.gz
HTAR: a   DC2_ImSim/Run2.1i/instCat/01116617to01181839/01161452.tar.gz
HTAR: a   DC2_ImSim/Run2.1i/instCat/01116617to01181839/01161453.tar.gz
HTAR: a   DC2_ImSim/Run2.1i/instCat/01116617to01181839/01161454.tar.gz
HTAR: a   DC2_ImSim/Run2.1i/instCat/01116617to01181839/01161455.tar.gz
HTAR: a   DC2_ImSim/Run2.1i/instCat/01116617to01181839/01161456.tar.gz
HTAR: a   DC2_ImSim/Run2.1i/instCat/01116617to01181839/01161472.tar.gz
HTAR: a   DC2_ImSim/Run2.1i/instCat/01116617to01181839/01161473.tar.gz
HTAR: a   DC2_ImSim/Run2.1i/instCat/01116617to01181839/01161474.tar.gz
HTAR: a   DC2_ImSim/Run2.1i/instCat/01116617to01181839/01161475.tar.gz
HTAR: a   DC2_ImSim/Run2.1i/instCat/01116617to01181839/01161476.tar.gz
HTAR: a   DC2_ImSim/Run2.1i/instCat/01116617to01181839/01161477.tar.gz
HTAR: a   DC2_ImSim/Run2.1i/instCat/01116617to01181839/01161478.tar.gz
HTAR: a   DC2_ImSim/Run2.1i/instCat/01116617to01181839/01161479.tar.gz
HTAR: a   DC2_ImSim/Run2.1i/instCat/01116617to01181839/01161485.tar.gz
HTAR: a   DC2_ImSim/Run2.1i/instCat/01116617to01181839/01161487.tar.gz
HTAR: a   DC2_ImSim/Run2.1i/instCat/01116617to01181839/01161488.tar.gz
HTAR: a   DC2_ImSim/Run2.1i/instCat/01116617to01181839/01161489.tar.gz
HTAR: a   DC2_ImSim/Run2.1i/instCat/01116617to01181839/01161490.tar.gz
HTAR: a   DC2_ImSim/Run2.1i/instCat/01116617to01181839/01161491.tar.gz
HTAR: a   DC2_ImSim/Run2.1i/instCat/01116617to01181839/01161492.tar.gz
HTAR: a   DC2_ImSim/Run2.1i/instCat/01116617to01181839/01161493.tar.gz
HTAR: a   DC2_ImSim/Run2.1i/instCat/01116617to01181839/01161562.tar.gz
HTAR: a   DC2_ImSim/Run2.1i/instCat/01116617to01181839/01162302.tar.gz
HTAR: a   DC2_ImSim/Run2.1i/instCat/01116617to01181839/01162432.tar.gz
HTAR: a   DC2_ImSim/Run2.1i/instCat/01116617to01181839/01162433.tar.gz
HTAR: a   DC2_ImSim/Run2.1i/instCat/01116617to01181839/01162434.tar.gz
HTAR: a   DC2_ImSim/Run2.1i/instCat/01116617to01181839/01162435.tar.gz
HTAR: a   DC2_ImSim/Run2.1i/instCat/01116617to01181839/01162436.tar.gz
HTAR: a   DC2_ImSim/Run2.1i/instCat/01116617to01181839/01162437.tar.gz
HTAR: a   DC2_ImSim/Run2.1i/instCat/01116617to01181839/01162438.tar.gz
HTAR: a   DC2_ImSim/Run2.1i/instCat/01116617to01181839/01162439.tar.gz
HTAR: a   DC2_ImSim/Run2.1i/instCat/01116617to01181839/01162440.tar.gz
HTAR: a   DC2_ImSim/Run2.1i/instCat/01116617to01181839/01162441.tar.gz
HTAR: a   DC2_ImSim/Run2.1i/instCat/01116617to01181839/01162442.tar.gz
HTAR: a   DC2_ImSim/Run2.1i/instCat/01116617to01181839/01162450.tar.gz
HTAR: a   DC2_ImSim/Run2.1i/instCat/01116617to01181839/01162451.tar.gz
HTAR: a   DC2_ImSim/Run2.1i/instCat/01116617to01181839/01162452.tar.gz
HTAR: a   DC2_ImSim/Run2.1i/instCat/01116617to01181839/01162453.tar.gz
HTAR: a   DC2_ImSim/Run2.1i/instCat/01116617to01181839/01162454.tar.gz
HTAR: a   DC2_ImSim/Run2.1i/instCat/01116617to01181839/01162455.tar.gz
HTAR: a   DC2_ImSim/Run2.1i/instCat/01116617to01181839/01162456.tar.gz
HTAR: a   DC2_ImSim/Run2.1i/instCat/01116617to01181839/01162457.tar.gz
HTAR: a   DC2_ImSim/Run2.1i/instCat/01116617to01181839/01162459.tar.gz
HTAR: a   DC2_ImSim/Run2.1i/instCat/01116617to01181839/01162491.tar.gz
HTAR: a   DC2_ImSim/Run2.1i/instCat/01116617to01181839/01162492.tar.gz
HTAR: a   DC2_ImSim/Run2.1i/instCat/01116617to01181839/01162493.tar.gz
HTAR: a   DC2_ImSim/Run2.1i/instCat/01116617to01181839/01162494.tar.gz
HTAR: a   DC2_ImSim/Run2.1i/instCat/01116617to01181839/01162495.tar.gz
HTAR: a   DC2_ImSim/Run2.1i/instCat/01116617to01181839/01162496.tar.gz
HTAR: a   DC2_ImSim/Run2.1i/instCat/01116617to01181839/01162497.tar.gz
HTAR: a   DC2_ImSim/Run2.1i/instCat/01116617to01181839/01162503.tar.gz
HTAR: a   DC2_ImSim/Run2.1i/instCat/01116617to01181839/01162504.tar.gz
HTAR: a   DC2_ImSim/Run2.1i/instCat/01116617to01181839/01162505.tar.gz
HTAR: a   DC2_ImSim/Run2.1i/instCat/01116617to01181839/01162506.tar.gz
HTAR: a   DC2_ImSim/Run2.1i/instCat/01116617to01181839/01162507.tar.gz
HTAR: a   DC2_ImSim/Run2.1i/instCat/01116617to01181839/01162508.tar.gz
HTAR: a   DC2_ImSim/Run2.1i/instCat/01116617to01181839/01162509.tar.gz
HTAR: a   DC2_ImSim/Run2.1i/instCat/01116617to01181839/01162510.tar.gz
HTAR: a   DC2_ImSim/Run2.1i/instCat/01116617to01181839/01162511.tar.gz
HTAR: a   DC2_ImSim/Run2.1i/instCat/01116617to01181839/01162512.tar.gz
HTAR: a   DC2_ImSim/Run2.1i/instCat/01116617to01181839/01162513.tar.gz
HTAR: a   /tmp/HTAR_CF_CHK_38473_1561588419
HTAR Create complete for /home/projects/desc/DC2_ImSim/Run2.1i/instCat/01116617to01181839/01157655to01162513.tar. 539,857,746,432 bytes written for 118 member files, max threads: 2 Transfer time: 3366.743 seconds (160.350 MB/s) wallclock/user/sys: 3367.585 3949.663 1813.294 seconds
HTAR: HTAR SUCCESSFUL
HTAR: a   DC2_ImSim/Run2.1i/instCat/01116617to01181839/01162514.tar.gz
HTAR: a   DC2_ImSim/Run2.1i/instCat/01116617to01181839/01162515.tar.gz
HTAR: a   DC2_ImSim/Run2.1i/instCat/01116617to01181839/01162535.tar.gz
HTAR: a   DC2_ImSim/Run2.1i/instCat/01116617to01181839/01162536.tar.gz
HTAR: a   DC2_ImSim/Run2.1i/instCat/01116617to01181839/01162563.tar.gz
HTAR: a   DC2_ImSim/Run2.1i/instCat/01116617to01181839/01162564.tar.gz
HTAR: a   DC2_ImSim/Run2.1i/instCat/01116617to01181839/01162565.tar.gz
HTAR: a   DC2_ImSim/Run2.1i/instCat/01116617to01181839/01162566.tar.gz
HTAR: a   DC2_ImSim/Run2.1i/instCat/01116617to01181839/01162567.tar.gz
HTAR: a   DC2_ImSim/Run2.1i/instCat/01116617to01181839/01162568.tar.gz
HTAR: a   DC2_ImSim/Run2.1i/instCat/01116617to01181839/01162569.tar.gz
HTAR: a   DC2_ImSim/Run2.1i/instCat/01116617to01181839/01162585.tar.gz
HTAR: a   DC2_ImSim/Run2.1i/instCat/01116617to01181839/01162586.tar.gz
HTAR: a   DC2_ImSim/Run2.1i/instCat/01116617to01181839/01162587.tar.gz
HTAR: a   DC2_ImSim/Run2.1i/instCat/01116617to01181839/01162588.tar.gz
HTAR: a   DC2_ImSim/Run2.1i/instCat/01116617to01181839/01162589.tar.gz
HTAR: a   DC2_ImSim/Run2.1i/instCat/01116617to01181839/01162590.tar.gz
HTAR: a   DC2_ImSim/Run2.1i/instCat/01116617to01181839/01162591.tar.gz
HTAR: a   DC2_ImSim/Run2.1i/instCat/01116617to01181839/01162592.tar.gz
HTAR: a   DC2_ImSim/Run2.1i/instCat/01116617to01181839/01162594.tar.gz
HTAR: a   DC2_ImSim/Run2.1i/instCat/01116617to01181839/01162595.tar.gz
HTAR: a   DC2_ImSim/Run2.1i/instCat/01116617to01181839/01162596.tar.gz
HTAR: a   DC2_ImSim/Run2.1i/instCat/01116617to01181839/01162598.tar.gz
HTAR: a   DC2_ImSim/Run2.1i/instCat/01116617to01181839/01162599.tar.gz
HTAR: a   DC2_ImSim/Run2.1i/instCat/01116617to01181839/01162601.tar.gz
HTAR: a   DC2_ImSim/Run2.1i/instCat/01116617to01181839/01162602.tar.gz
HTAR: a   DC2_ImSim/Run2.1i/instCat/01116617to01181839/01162611.tar.gz
HTAR: a   DC2_ImSim/Run2.1i/instCat/01116617to01181839/01162612.tar.gz
HTAR: a   DC2_ImSim/Run2.1i/instCat/01116617to01181839/01162634.tar.gz
HTAR: a   DC2_ImSim/Run2.1i/instCat/01116617to01181839/01164074.tar.gz
HTAR: a   DC2_ImSim/Run2.1i/instCat/01116617to01181839/01164075.tar.gz
HTAR: a   DC2_ImSim/Run2.1i/instCat/01116617to01181839/01164111.tar.gz
HTAR: a   DC2_ImSim/Run2.1i/instCat/01116617to01181839/01164115.tar.gz
HTAR: a   DC2_ImSim/Run2.1i/instCat/01116617to01181839/01164116.tar.gz
HTAR: a   DC2_ImSim/Run2.1i/instCat/01116617to01181839/01164130.tar.gz
HTAR: a   DC2_ImSim/Run2.1i/instCat/01116617to01181839/01164134.tar.gz
HTAR: a   DC2_ImSim/Run2.1i/instCat/01116617to01181839/01165688.tar.gz
HTAR: a   DC2_ImSim/Run2.1i/instCat/01116617to01181839/01165689.tar.gz
HTAR: a   DC2_ImSim/Run2.1i/instCat/01116617to01181839/01165690.tar.gz
HTAR: a   DC2_ImSim/Run2.1i/instCat/01116617to01181839/01165691.tar.gz
HTAR: a   DC2_ImSim/Run2.1i/instCat/01116617to01181839/01165692.tar.gz
HTAR: a   DC2_ImSim/Run2.1i/instCat/01116617to01181839/01165693.tar.gz
HTAR: a   DC2_ImSim/Run2.1i/instCat/01116617to01181839/01165694.tar.gz
HTAR: a   DC2_ImSim/Run2.1i/instCat/01116617to01181839/01165695.tar.gz
HTAR: a   DC2_ImSim/Run2.1i/instCat/01116617to01181839/01165696.tar.gz
HTAR: a   DC2_ImSim/Run2.1i/instCat/01116617to01181839/01165702.tar.gz
HTAR: a   DC2_ImSim/Run2.1i/instCat/01116617to01181839/01165703.tar.gz
HTAR: a   DC2_ImSim/Run2.1i/instCat/01116617to01181839/01165704.tar.gz
HTAR: a   DC2_ImSim/Run2.1i/instCat/01116617to01181839/01165705.tar.gz
HTAR: a   DC2_ImSim/Run2.1i/instCat/01116617to01181839/01165706.tar.gz
HTAR: a   DC2_ImSim/Run2.1i/instCat/01116617to01181839/01165707.tar.gz
HTAR: a   DC2_ImSim/Run2.1i/instCat/01116617to01181839/01165708.tar.gz
HTAR: a   DC2_ImSim/Run2.1i/instCat/01116617to01181839/01165709.tar.gz
HTAR: a   DC2_ImSim/Run2.1i/instCat/01116617to01181839/01165710.tar.gz
HTAR: a   DC2_ImSim/Run2.1i/instCat/01116617to01181839/01165711.tar.gz
HTAR: a   DC2_ImSim/Run2.1i/instCat/01116617to01181839/01165712.tar.gz
HTAR: a   DC2_ImSim/Run2.1i/instCat/01116617to01181839/01165713.tar.gz
HTAR: a   DC2_ImSim/Run2.1i/instCat/01116617to01181839/01165727.tar.gz
HTAR: a   DC2_ImSim/Run2.1i/instCat/01116617to01181839/01165728.tar.gz
HTAR: a   DC2_ImSim/Run2.1i/instCat/01116617to01181839/01165729.tar.gz
HTAR: a   DC2_ImSim/Run2.1i/instCat/01116617to01181839/01165730.tar.gz
HTAR: a   DC2_ImSim/Run2.1i/instCat/01116617to01181839/01165731.tar.gz
HTAR: a   DC2_ImSim/Run2.1i/instCat/01116617to01181839/01165732.tar.gz
HTAR: a   DC2_ImSim/Run2.1i/instCat/01116617to01181839/01165733.tar.gz
HTAR: a   DC2_ImSim/Run2.1i/instCat/01116617to01181839/01165734.tar.gz
HTAR: a   DC2_ImSim/Run2.1i/instCat/01116617to01181839/01165735.tar.gz
HTAR: a   DC2_ImSim/Run2.1i/instCat/01116617to01181839/01165736.tar.gz
HTAR: a   DC2_ImSim/Run2.1i/instCat/01116617to01181839/01165737.tar.gz
HTAR: a   DC2_ImSim/Run2.1i/instCat/01116617to01181839/01165738.tar.gz
HTAR: a   DC2_ImSim/Run2.1i/instCat/01116617to01181839/01165739.tar.gz
HTAR: a   DC2_ImSim/Run2.1i/instCat/01116617to01181839/01165740.tar.gz
HTAR: a   DC2_ImSim/Run2.1i/instCat/01116617to01181839/01165741.tar.gz
HTAR: a   DC2_ImSim/Run2.1i/instCat/01116617to01181839/01165742.tar.gz
HTAR: a   DC2_ImSim/Run2.1i/instCat/01116617to01181839/01165762.tar.gz
HTAR: a   DC2_ImSim/Run2.1i/instCat/01116617to01181839/01165763.tar.gz
HTAR: a   DC2_ImSim/Run2.1i/instCat/01116617to01181839/01165764.tar.gz
HTAR: a   DC2_ImSim/Run2.1i/instCat/01116617to01181839/01165765.tar.gz
HTAR: a   DC2_ImSim/Run2.1i/instCat/01116617to01181839/01165766.tar.gz
HTAR: a   DC2_ImSim/Run2.1i/instCat/01116617to01181839/01165767.tar.gz
HTAR: a   DC2_ImSim/Run2.1i/instCat/01116617to01181839/01165768.tar.gz
HTAR: a   DC2_ImSim/Run2.1i/instCat/01116617to01181839/01165769.tar.gz
HTAR: a   DC2_ImSim/Run2.1i/instCat/01116617to01181839/01165770.tar.gz
HTAR: a   DC2_ImSim/Run2.1i/instCat/01116617to01181839/01165771.tar.gz
HTAR: a   DC2_ImSim/Run2.1i/instCat/01116617to01181839/01165772.tar.gz
HTAR: a   DC2_ImSim/Run2.1i/instCat/01116617to01181839/01165773.tar.gz
HTAR: a   DC2_ImSim/Run2.1i/instCat/01116617to01181839/01165776.tar.gz
HTAR: a   DC2_ImSim/Run2.1i/instCat/01116617to01181839/01165784.tar.gz
HTAR: a   DC2_ImSim/Run2.1i/instCat/01116617to01181839/01165785.tar.gz
HTAR: a   DC2_ImSim/Run2.1i/instCat/01116617to01181839/01165786.tar.gz
HTAR: a   DC2_ImSim/Run2.1i/instCat/01116617to01181839/01165787.tar.gz
HTAR: a   DC2_ImSim/Run2.1i/instCat/01116617to01181839/01165788.tar.gz
HTAR: a   DC2_ImSim/Run2.1i/instCat/01116617to01181839/01165800.tar.gz
HTAR: a   DC2_ImSim/Run2.1i/instCat/01116617to01181839/01165801.tar.gz
HTAR: a   DC2_ImSim/Run2.1i/instCat/01116617to01181839/01165802.tar.gz
HTAR: a   DC2_ImSim/Run2.1i/instCat/01116617to01181839/01165803.tar.gz
HTAR: a   DC2_ImSim/Run2.1i/instCat/01116617to01181839/01165804.tar.gz
HTAR: a   DC2_ImSim/Run2.1i/instCat/01116617to01181839/01165805.tar.gz
HTAR: a   DC2_ImSim/Run2.1i/instCat/01116617to01181839/01165806.tar.gz
HTAR: a   DC2_ImSim/Run2.1i/instCat/01116617to01181839/01165807.tar.gz
HTAR: a   DC2_ImSim/Run2.1i/instCat/01116617to01181839/01165808.tar.gz
HTAR: a   DC2_ImSim/Run2.1i/instCat/01116617to01181839/01165809.tar.gz
HTAR: a   DC2_ImSim/Run2.1i/instCat/01116617to01181839/01165810.tar.gz
HTAR: a   DC2_ImSim/Run2.1i/instCat/01116617to01181839/01165818.tar.gz
HTAR: a   DC2_ImSim/Run2.1i/instCat/01116617to01181839/01165819.tar.gz
HTAR: a   DC2_ImSim/Run2.1i/instCat/01116617to01181839/01165820.tar.gz
HTAR: a   DC2_ImSim/Run2.1i/instCat/01116617to01181839/01165821.tar.gz
HTAR: a   DC2_ImSim/Run2.1i/instCat/01116617to01181839/01165822.tar.gz
HTAR: a   DC2_ImSim/Run2.1i/instCat/01116617to01181839/01165823.tar.gz
HTAR: a   DC2_ImSim/Run2.1i/instCat/01116617to01181839/01165824.tar.gz
HTAR: a   DC2_ImSim/Run2.1i/instCat/01116617to01181839/01165834.tar.gz
HTAR: a   DC2_ImSim/Run2.1i/instCat/01116617to01181839/01165835.tar.gz
HTAR: a   DC2_ImSim/Run2.1i/instCat/01116617to01181839/01165836.tar.gz
HTAR: a   DC2_ImSim/Run2.1i/instCat/01116617to01181839/01165837.tar.gz
HTAR: a   DC2_ImSim/Run2.1i/instCat/01116617to01181839/01165838.tar.gz
HTAR: a   DC2_ImSim/Run2.1i/instCat/01116617to01181839/01165839.tar.gz
HTAR: a   DC2_ImSim/Run2.1i/instCat/01116617to01181839/01165843.tar.gz
HTAR: a   DC2_ImSim/Run2.1i/instCat/01116617to01181839/01165844.tar.gz
HTAR: a   DC2_ImSim/Run2.1i/instCat/01116617to01181839/01165845.tar.gz
HTAR: a   /tmp/HTAR_CF_CHK_42987_1561591789
HTAR Create complete for /home/projects/desc/DC2_ImSim/Run2.1i/instCat/01116617to01181839/01162514to01165845.tar. 534,537,548,288 bytes written for 118 member files, max threads: 2 Transfer time: 3629.998 seconds (147.256 MB/s) wallclock/user/sys: 3630.772 3937.384 1900.628 seconds
HTAR: HTAR SUCCESSFUL
