HTAR: a   instcat_y05_191109/00992106.tar.gz
HTAR: a   instcat_y05_191109/00992107.tar.gz
HTAR: a   instcat_y05_191109/00992108.tar.gz
HTAR: a   instcat_y05_191109/00992109.tar.gz
HTAR: a   instcat_y05_191109/00992148.tar.gz
HTAR: a   instcat_y05_191109/00992149.tar.gz
HTAR: a   instcat_y05_191109/00992151.tar.gz
HTAR: a   instcat_y05_191109/00992152.tar.gz
HTAR: a   instcat_y05_191109/00992256.tar.gz
HTAR: a   instcat_y05_191109/00992257.tar.gz
HTAR: a   instcat_y05_191109/00992259.tar.gz
HTAR: a   instcat_y05_191109/00992262.tar.gz
HTAR: a   instcat_y05_191109/00992264.tar.gz
HTAR: a   instcat_y05_191109/00992265.tar.gz
HTAR: a   instcat_y05_191109/00992266.tar.gz
HTAR: a   instcat_y05_191109/00992267.tar.gz
HTAR: a   instcat_y05_191109/00992268.tar.gz
HTAR: a   instcat_y05_191109/00992269.tar.gz
HTAR: a   instcat_y05_191109/00992270.tar.gz
HTAR: a   instcat_y05_191109/00992272.tar.gz
HTAR: a   instcat_y05_191109/00992273.tar.gz
HTAR: a   instcat_y05_191109/00992274.tar.gz
HTAR: a   instcat_y05_191109/00992287.tar.gz
HTAR: a   instcat_y05_191109/00992288.tar.gz
HTAR: a   instcat_y05_191109/00992293.tar.gz
HTAR: a   instcat_y05_191109/00992294.tar.gz
HTAR: a   instcat_y05_191109/00992295.tar.gz
HTAR: a   instcat_y05_191109/00992296.tar.gz
HTAR: a   instcat_y05_191109/00992297.tar.gz
HTAR: a   instcat_y05_191109/00992299.tar.gz
HTAR: a   instcat_y05_191109/00992301.tar.gz
HTAR: a   instcat_y05_191109/00992302.tar.gz
HTAR: a   instcat_y05_191109/00992303.tar.gz
HTAR: a   instcat_y05_191109/00992304.tar.gz
HTAR: a   instcat_y05_191109/00992688.tar.gz
HTAR: a   instcat_y05_191109/00992689.tar.gz
HTAR: a   instcat_y05_191109/00992690.tar.gz
HTAR: a   instcat_y05_191109/00992691.tar.gz
HTAR: a   instcat_y05_191109/00992692.tar.gz
HTAR: a   instcat_y05_191109/00992693.tar.gz
HTAR: a   instcat_y05_191109/00992694.tar.gz
HTAR: a   instcat_y05_191109/00992867.tar.gz
HTAR: a   instcat_y05_191109/00992868.tar.gz
HTAR: a   instcat_y05_191109/00992870.tar.gz
HTAR: a   instcat_y05_191109/00992871.tar.gz
HTAR: a   instcat_y05_191109/00992874.tar.gz
HTAR: a   instcat_y05_191109/00992875.tar.gz
HTAR: a   instcat_y05_191109/00992876.tar.gz
HTAR: a   instcat_y05_191109/00992877.tar.gz
HTAR: a   instcat_y05_191109/00992909.tar.gz
HTAR: a   instcat_y05_191109/00992923.tar.gz
HTAR: a   instcat_y05_191109/00992934.tar.gz
HTAR: a   instcat_y05_191109/00992935.tar.gz
HTAR: a   instcat_y05_191109/00992936.tar.gz
HTAR: a   instcat_y05_191109/00992984.tar.gz
HTAR: a   instcat_y05_191109/00993419.tar.gz
HTAR: a   instcat_y05_191109/00993420.tar.gz
HTAR: a   instcat_y05_191109/00993421.tar.gz
HTAR: a   instcat_y05_191109/00993422.tar.gz
HTAR: a   instcat_y05_191109/00993423.tar.gz
HTAR: a   instcat_y05_191109/00993440.tar.gz
HTAR: a   instcat_y05_191109/00993443.tar.gz
HTAR: a   instcat_y05_191109/00993445.tar.gz
HTAR: a   instcat_y05_191109/00993451.tar.gz
HTAR: a   instcat_y05_191109/00993452.tar.gz
HTAR: a   instcat_y05_191109/00993453.tar.gz
HTAR: a   instcat_y05_191109/00993454.tar.gz
HTAR: a   instcat_y05_191109/00993455.tar.gz
HTAR: a   instcat_y05_191109/00993456.tar.gz
HTAR: a   instcat_y05_191109/00993457.tar.gz
HTAR: a   instcat_y05_191109/00993458.tar.gz
HTAR: a   instcat_y05_191109/00993459.tar.gz
HTAR: a   instcat_y05_191109/00993460.tar.gz
HTAR: a   instcat_y05_191109/00993461.tar.gz
HTAR: a   instcat_y05_191109/00993510.tar.gz
HTAR: a   instcat_y05_191109/00993512.tar.gz
HTAR: a   instcat_y05_191109/00993513.tar.gz
HTAR: a   instcat_y05_191109/00993514.tar.gz
HTAR: a   instcat_y05_191109/00993515.tar.gz
HTAR: a   instcat_y05_191109/00993519.tar.gz
HTAR: a   instcat_y05_191109/00993520.tar.gz
HTAR: a   instcat_y05_191109/00993521.tar.gz
HTAR: a   instcat_y05_191109/00993522.tar.gz
HTAR: a   instcat_y05_191109/00993523.tar.gz
HTAR: a   instcat_y05_191109/00993524.tar.gz
HTAR: a   instcat_y05_191109/00993525.tar.gz
HTAR: a   instcat_y05_191109/00993526.tar.gz
HTAR: a   instcat_y05_191109/00993731.tar.gz
HTAR: a   instcat_y05_191109/00994120.tar.gz
HTAR: a   instcat_y05_191109/00994121.tar.gz
HTAR: a   instcat_y05_191109/00994122.tar.gz
HTAR: a   instcat_y05_191109/00994123.tar.gz
HTAR: a   instcat_y05_191109/00994124.tar.gz
HTAR: a   instcat_y05_191109/00994125.tar.gz
HTAR: a   instcat_y05_191109/00994126.tar.gz
HTAR: a   instcat_y05_191109/00994127.tar.gz
HTAR: a   instcat_y05_191109/00994128.tar.gz
HTAR: a   instcat_y05_191109/00994129.tar.gz
HTAR: a   instcat_y05_191109/00994130.tar.gz
HTAR: a   instcat_y05_191109/00994131.tar.gz
HTAR: a   instcat_y05_191109/00994132.tar.gz
HTAR: a   instcat_y05_191109/00994133.tar.gz
HTAR: a   instcat_y05_191109/00994134.tar.gz
HTAR: a   instcat_y05_191109/00994135.tar.gz
HTAR: a   instcat_y05_191109/00994136.tar.gz
HTAR: a   instcat_y05_191109/00994137.tar.gz
HTAR: a   instcat_y05_191109/00994138.tar.gz
HTAR: a   instcat_y05_191109/00994139.tar.gz
HTAR: a   instcat_y05_191109/00994140.tar.gz
HTAR: a   instcat_y05_191109/00994141.tar.gz
HTAR: a   instcat_y05_191109/00994142.tar.gz
HTAR: a   instcat_y05_191109/00994143.tar.gz
HTAR: a   instcat_y05_191109/00994144.tar.gz
HTAR: a   instcat_y05_191109/00994145.tar.gz
HTAR: a   instcat_y05_191109/00994146.tar.gz
HTAR: a   instcat_y05_191109/00994147.tar.gz
HTAR: a   instcat_y05_191109/00994148.tar.gz
HTAR: a   instcat_y05_191109/00994149.tar.gz
HTAR: a   instcat_y05_191109/00994150.tar.gz
HTAR: a   instcat_y05_191109/00994151.tar.gz
HTAR: a   instcat_y05_191109/job_log_00992106.txt
HTAR: a   instcat_y05_191109/job_log_00992107.txt
HTAR: a   instcat_y05_191109/job_log_00992108.txt
HTAR: a   instcat_y05_191109/job_log_00992109.txt
HTAR: a   instcat_y05_191109/job_log_00992148.txt
HTAR: a   instcat_y05_191109/job_log_00992149.txt
HTAR: a   instcat_y05_191109/job_log_00992151.txt
HTAR: a   instcat_y05_191109/job_log_00992152.txt
HTAR: a   instcat_y05_191109/job_log_00992256.txt
HTAR: a   instcat_y05_191109/job_log_00992257.txt
HTAR: a   instcat_y05_191109/job_log_00992259.txt
HTAR: a   instcat_y05_191109/job_log_00992262.txt
HTAR: a   instcat_y05_191109/job_log_00992264.txt
HTAR: a   instcat_y05_191109/job_log_00992265.txt
HTAR: a   instcat_y05_191109/job_log_00992266.txt
HTAR: a   instcat_y05_191109/job_log_00992267.txt
HTAR: a   instcat_y05_191109/job_log_00992268.txt
HTAR: a   instcat_y05_191109/job_log_00992269.txt
HTAR: a   instcat_y05_191109/job_log_00992270.txt
HTAR: a   instcat_y05_191109/job_log_00992272.txt
HTAR: a   instcat_y05_191109/job_log_00992273.txt
HTAR: a   instcat_y05_191109/job_log_00992274.txt
HTAR: a   instcat_y05_191109/job_log_00992287.txt
HTAR: a   instcat_y05_191109/job_log_00992288.txt
HTAR: a   instcat_y05_191109/job_log_00992293.txt
HTAR: a   instcat_y05_191109/job_log_00992294.txt
HTAR: a   instcat_y05_191109/job_log_00992295.txt
HTAR: a   instcat_y05_191109/job_log_00992296.txt
HTAR: a   instcat_y05_191109/job_log_00992297.txt
HTAR: a   instcat_y05_191109/job_log_00992299.txt
HTAR: a   instcat_y05_191109/job_log_00992301.txt
HTAR: a   instcat_y05_191109/job_log_00992302.txt
HTAR: a   instcat_y05_191109/job_log_00992303.txt
HTAR: a   instcat_y05_191109/job_log_00992304.txt
HTAR: a   instcat_y05_191109/job_log_00992688.txt
HTAR: a   instcat_y05_191109/job_log_00992689.txt
HTAR: a   instcat_y05_191109/job_log_00992690.txt
HTAR: a   instcat_y05_191109/job_log_00992691.txt
HTAR: a   instcat_y05_191109/job_log_00992692.txt
HTAR: a   instcat_y05_191109/job_log_00992693.txt
HTAR: a   instcat_y05_191109/job_log_00992694.txt
HTAR: a   instcat_y05_191109/job_log_00992867.txt
HTAR: a   instcat_y05_191109/job_log_00992868.txt
HTAR: a   instcat_y05_191109/job_log_00992870.txt
HTAR: a   instcat_y05_191109/job_log_00992871.txt
HTAR: a   instcat_y05_191109/job_log_00992874.txt
HTAR: a   instcat_y05_191109/job_log_00992875.txt
HTAR: a   instcat_y05_191109/job_log_00992876.txt
HTAR: a   instcat_y05_191109/job_log_00992877.txt
HTAR: a   instcat_y05_191109/job_log_00992909.txt
HTAR: a   instcat_y05_191109/job_log_00992923.txt
HTAR: a   instcat_y05_191109/job_log_00992934.txt
HTAR: a   instcat_y05_191109/job_log_00992935.txt
HTAR: a   instcat_y05_191109/job_log_00992936.txt
HTAR: a   instcat_y05_191109/job_log_00992984.txt
HTAR: a   instcat_y05_191109/job_log_00993419.txt
HTAR: a   instcat_y05_191109/job_log_00993420.txt
HTAR: a   instcat_y05_191109/job_log_00993421.txt
HTAR: a   instcat_y05_191109/job_log_00993422.txt
HTAR: a   instcat_y05_191109/job_log_00993423.txt
HTAR: a   instcat_y05_191109/job_log_00993440.txt
HTAR: a   instcat_y05_191109/job_log_00993443.txt
HTAR: a   instcat_y05_191109/job_log_00993445.txt
HTAR: a   instcat_y05_191109/job_log_00993451.txt
HTAR: a   instcat_y05_191109/job_log_00993452.txt
HTAR: a   instcat_y05_191109/job_log_00993453.txt
HTAR: a   instcat_y05_191109/job_log_00993454.txt
HTAR: a   instcat_y05_191109/job_log_00993455.txt
HTAR: a   instcat_y05_191109/job_log_00993456.txt
HTAR: a   instcat_y05_191109/job_log_00993457.txt
HTAR: a   instcat_y05_191109/job_log_00993458.txt
HTAR: a   instcat_y05_191109/job_log_00993459.txt
HTAR: a   instcat_y05_191109/job_log_00993460.txt
HTAR: a   instcat_y05_191109/job_log_00993461.txt
HTAR: a   instcat_y05_191109/job_log_00993510.txt
HTAR: a   instcat_y05_191109/job_log_00993512.txt
HTAR: a   instcat_y05_191109/job_log_00993513.txt
HTAR: a   instcat_y05_191109/job_log_00993514.txt
HTAR: a   instcat_y05_191109/job_log_00993515.txt
HTAR: a   instcat_y05_191109/job_log_00993519.txt
HTAR: a   instcat_y05_191109/job_log_00993520.txt
HTAR: a   instcat_y05_191109/job_log_00993521.txt
HTAR: a   instcat_y05_191109/job_log_00993522.txt
HTAR: a   instcat_y05_191109/job_log_00993523.txt
HTAR: a   instcat_y05_191109/job_log_00993524.txt
HTAR: a   instcat_y05_191109/job_log_00993525.txt
HTAR: a   instcat_y05_191109/job_log_00993526.txt
HTAR: a   instcat_y05_191109/job_log_00993731.txt
HTAR: a   instcat_y05_191109/job_log_00994120.txt
HTAR: a   instcat_y05_191109/job_log_00994121.txt
HTAR: a   instcat_y05_191109/job_log_00994122.txt
HTAR: a   instcat_y05_191109/job_log_00994123.txt
HTAR: a   instcat_y05_191109/job_log_00994124.txt
HTAR: a   instcat_y05_191109/job_log_00994125.txt
HTAR: a   instcat_y05_191109/job_log_00994126.txt
HTAR: a   instcat_y05_191109/job_log_00994127.txt
HTAR: a   instcat_y05_191109/job_log_00994128.txt
HTAR: a   instcat_y05_191109/job_log_00994129.txt
HTAR: a   instcat_y05_191109/job_log_00994130.txt
HTAR: a   instcat_y05_191109/job_log_00994131.txt
HTAR: a   instcat_y05_191109/job_log_00994132.txt
HTAR: a   instcat_y05_191109/job_log_00994133.txt
HTAR: a   instcat_y05_191109/job_log_00994134.txt
HTAR: a   instcat_y05_191109/job_log_00994135.txt
HTAR: a   instcat_y05_191109/job_log_00994136.txt
HTAR: a   instcat_y05_191109/job_log_00994137.txt
HTAR: a   instcat_y05_191109/job_log_00994138.txt
HTAR: a   instcat_y05_191109/job_log_00994139.txt
HTAR: a   instcat_y05_191109/job_log_00994140.txt
HTAR: a   instcat_y05_191109/job_log_00994141.txt
HTAR: a   instcat_y05_191109/job_log_00994142.txt
HTAR: a   instcat_y05_191109/job_log_00994143.txt
HTAR: a   instcat_y05_191109/job_log_00994144.txt
HTAR: a   instcat_y05_191109/job_log_00994145.txt
HTAR: a   instcat_y05_191109/job_log_00994146.txt
HTAR: a   instcat_y05_191109/job_log_00994147.txt
HTAR: a   instcat_y05_191109/job_log_00994148.txt
HTAR: a   instcat_y05_191109/job_log_00994149.txt
HTAR: a   instcat_y05_191109/job_log_00994150.txt
HTAR: a   instcat_y05_191109/job_log_00994151.txt
HTAR: a   /tmp/HTAR_CF_CHK_23234_1580741459
HTAR Create complete for /home/projects/desc/DC2_ImSim/Run2.2i/instCat/y05_191109/00992106to00994151.tar. 540,251,693,056 bytes written for 240 member files, max threads: 50 Transfer time: 3640.170 seconds (148.414 MB/s) wallclock/user/sys: 3641.272 3822.641 1456.227 seconds
HTAR: HTAR SUCCESSFUL
HTAR: a   instcat_y05_191109/00994152.tar.gz
HTAR: a   instcat_y05_191109/00994153.tar.gz
HTAR: a   instcat_y05_191109/00994154.tar.gz
HTAR: a   instcat_y05_191109/00994155.tar.gz
HTAR: a   instcat_y05_191109/00994156.tar.gz
HTAR: a   instcat_y05_191109/00994157.tar.gz
HTAR: a   instcat_y05_191109/00994158.tar.gz
HTAR: a   instcat_y05_191109/00994159.tar.gz
HTAR: a   instcat_y05_191109/00994160.tar.gz
HTAR: a   instcat_y05_191109/00994161.tar.gz
HTAR: a   instcat_y05_191109/00994162.tar.gz
HTAR: a   instcat_y05_191109/00994163.tar.gz
HTAR: a   instcat_y05_191109/00994164.tar.gz
HTAR: a   instcat_y05_191109/00994165.tar.gz
HTAR: a   instcat_y05_191109/00994166.tar.gz
HTAR: a   instcat_y05_191109/00994167.tar.gz
HTAR: a   instcat_y05_191109/00994168.tar.gz
HTAR: a   instcat_y05_191109/00994169.tar.gz
HTAR: a   instcat_y05_191109/00994170.tar.gz
HTAR: a   instcat_y05_191109/00994171.tar.gz
HTAR: a   instcat_y05_191109/00994172.tar.gz
HTAR: a   instcat_y05_191109/00994173.tar.gz
HTAR: a   instcat_y05_191109/00994174.tar.gz
HTAR: a   instcat_y05_191109/00994175.tar.gz
HTAR: a   instcat_y05_191109/00994176.tar.gz
HTAR: a   instcat_y05_191109/00994177.tar.gz
HTAR: a   instcat_y05_191109/00994178.tar.gz
HTAR: a   instcat_y05_191109/00994179.tar.gz
HTAR: a   instcat_y05_191109/00994180.tar.gz
HTAR: a   instcat_y05_191109/00994181.tar.gz
HTAR: a   instcat_y05_191109/00994182.tar.gz
HTAR: a   instcat_y05_191109/00994183.tar.gz
HTAR: a   instcat_y05_191109/00994184.tar.gz
HTAR: a   instcat_y05_191109/00994185.tar.gz
HTAR: a   instcat_y05_191109/00994186.tar.gz
HTAR: a   instcat_y05_191109/00994187.tar.gz
HTAR: a   instcat_y05_191109/00994188.tar.gz
HTAR: a   instcat_y05_191109/00994189.tar.gz
HTAR: a   instcat_y05_191109/00994190.tar.gz
HTAR: a   instcat_y05_191109/00994191.tar.gz
HTAR: a   instcat_y05_191109/00994192.tar.gz
HTAR: a   instcat_y05_191109/00994193.tar.gz
HTAR: a   instcat_y05_191109/00994194.tar.gz
HTAR: a   instcat_y05_191109/00994195.tar.gz
HTAR: a   instcat_y05_191109/00994196.tar.gz
HTAR: a   instcat_y05_191109/00994197.tar.gz
HTAR: a   instcat_y05_191109/00994198.tar.gz
HTAR: a   instcat_y05_191109/00994199.tar.gz
HTAR: a   instcat_y05_191109/00994200.tar.gz
HTAR: a   instcat_y05_191109/00994201.tar.gz
HTAR: a   instcat_y05_191109/00994202.tar.gz
HTAR: a   instcat_y05_191109/00994203.tar.gz
HTAR: a   instcat_y05_191109/00994204.tar.gz
HTAR: a   instcat_y05_191109/00994205.tar.gz
HTAR: a   instcat_y05_191109/00994206.tar.gz
HTAR: a   instcat_y05_191109/00994207.tar.gz
HTAR: a   instcat_y05_191109/00994208.tar.gz
HTAR: a   instcat_y05_191109/00994209.tar.gz
HTAR: a   instcat_y05_191109/00994210.tar.gz
HTAR: a   instcat_y05_191109/00994211.tar.gz
HTAR: a   instcat_y05_191109/00994212.tar.gz
HTAR: a   instcat_y05_191109/00994213.tar.gz
HTAR: a   instcat_y05_191109/00994214.tar.gz
HTAR: a   instcat_y05_191109/00994215.tar.gz
HTAR: a   instcat_y05_191109/00994216.tar.gz
HTAR: a   instcat_y05_191109/00994243.tar.gz
HTAR: a   instcat_y05_191109/00994244.tar.gz
HTAR: a   instcat_y05_191109/00994245.tar.gz
HTAR: a   instcat_y05_191109/00994246.tar.gz
HTAR: a   instcat_y05_191109/00994247.tar.gz
HTAR: a   instcat_y05_191109/00994289.tar.gz
HTAR: a   instcat_y05_191109/00994294.tar.gz
HTAR: a   instcat_y05_191109/00994295.tar.gz
HTAR: a   instcat_y05_191109/00994297.tar.gz
HTAR: a   instcat_y05_191109/00994943.tar.gz
HTAR: a   instcat_y05_191109/00994944.tar.gz
HTAR: a   instcat_y05_191109/00994945.tar.gz
HTAR: a   instcat_y05_191109/00994946.tar.gz
HTAR: a   instcat_y05_191109/00994947.tar.gz
HTAR: a   instcat_y05_191109/00994948.tar.gz
HTAR: a   instcat_y05_191109/00994949.tar.gz
HTAR: a   instcat_y05_191109/00994950.tar.gz
HTAR: a   instcat_y05_191109/00994951.tar.gz
HTAR: a   instcat_y05_191109/00994962.tar.gz
HTAR: a   instcat_y05_191109/00994963.tar.gz
HTAR: a   instcat_y05_191109/00994964.tar.gz
HTAR: a   instcat_y05_191109/00994965.tar.gz
HTAR: a   instcat_y05_191109/00994966.tar.gz
HTAR: a   instcat_y05_191109/00994967.tar.gz
HTAR: a   instcat_y05_191109/00994968.tar.gz
HTAR: a   instcat_y05_191109/00994970.tar.gz
HTAR: a   instcat_y05_191109/00994982.tar.gz
HTAR: a   instcat_y05_191109/00994983.tar.gz
HTAR: a   instcat_y05_191109/00994984.tar.gz
HTAR: a   instcat_y05_191109/00994985.tar.gz
HTAR: a   instcat_y05_191109/00994986.tar.gz
HTAR: a   instcat_y05_191109/00994987.tar.gz
HTAR: a   instcat_y05_191109/00994988.tar.gz
HTAR: a   instcat_y05_191109/00994989.tar.gz
HTAR: a   instcat_y05_191109/00994992.tar.gz
HTAR: a   instcat_y05_191109/00994993.tar.gz
HTAR: a   instcat_y05_191109/00994994.tar.gz
HTAR: a   instcat_y05_191109/00994995.tar.gz
HTAR: a   instcat_y05_191109/00994996.tar.gz
HTAR: a   instcat_y05_191109/00994997.tar.gz
HTAR: a   instcat_y05_191109/00994998.tar.gz
HTAR: a   instcat_y05_191109/00994999.tar.gz
HTAR: a   instcat_y05_191109/00995000.tar.gz
HTAR: a   instcat_y05_191109/00995008.tar.gz
HTAR: a   instcat_y05_191109/00995009.tar.gz
HTAR: a   instcat_y05_191109/00995010.tar.gz
HTAR: a   instcat_y05_191109/00995011.tar.gz
HTAR: a   instcat_y05_191109/00995012.tar.gz
HTAR: a   instcat_y05_191109/00995014.tar.gz
HTAR: a   instcat_y05_191109/00995015.tar.gz
HTAR: a   instcat_y05_191109/00995016.tar.gz
HTAR: a   instcat_y05_191109/00995017.tar.gz
HTAR: a   instcat_y05_191109/00995018.tar.gz
HTAR: a   instcat_y05_191109/00995019.tar.gz
HTAR: a   instcat_y05_191109/00995020.tar.gz
HTAR: a   instcat_y05_191109/job_log_00994152.txt
HTAR: a   instcat_y05_191109/job_log_00994153.txt
HTAR: a   instcat_y05_191109/job_log_00994154.txt
HTAR: a   instcat_y05_191109/job_log_00994155.txt
HTAR: a   instcat_y05_191109/job_log_00994156.txt
HTAR: a   instcat_y05_191109/job_log_00994157.txt
HTAR: a   instcat_y05_191109/job_log_00994158.txt
HTAR: a   instcat_y05_191109/job_log_00994159.txt
HTAR: a   instcat_y05_191109/job_log_00994160.txt
HTAR: a   instcat_y05_191109/job_log_00994161.txt
HTAR: a   instcat_y05_191109/job_log_00994162.txt
HTAR: a   instcat_y05_191109/job_log_00994163.txt
HTAR: a   instcat_y05_191109/job_log_00994164.txt
HTAR: a   instcat_y05_191109/job_log_00994165.txt
HTAR: a   instcat_y05_191109/job_log_00994166.txt
HTAR: a   instcat_y05_191109/job_log_00994167.txt
HTAR: a   instcat_y05_191109/job_log_00994168.txt
HTAR: a   instcat_y05_191109/job_log_00994169.txt
HTAR: a   instcat_y05_191109/job_log_00994170.txt
HTAR: a   instcat_y05_191109/job_log_00994171.txt
HTAR: a   instcat_y05_191109/job_log_00994172.txt
HTAR: a   instcat_y05_191109/job_log_00994173.txt
HTAR: a   instcat_y05_191109/job_log_00994174.txt
HTAR: a   instcat_y05_191109/job_log_00994175.txt
HTAR: a   instcat_y05_191109/job_log_00994176.txt
HTAR: a   instcat_y05_191109/job_log_00994177.txt
HTAR: a   instcat_y05_191109/job_log_00994178.txt
HTAR: a   instcat_y05_191109/job_log_00994179.txt
HTAR: a   instcat_y05_191109/job_log_00994180.txt
HTAR: a   instcat_y05_191109/job_log_00994181.txt
HTAR: a   instcat_y05_191109/job_log_00994182.txt
HTAR: a   instcat_y05_191109/job_log_00994183.txt
HTAR: a   instcat_y05_191109/job_log_00994184.txt
HTAR: a   instcat_y05_191109/job_log_00994185.txt
HTAR: a   instcat_y05_191109/job_log_00994186.txt
HTAR: a   instcat_y05_191109/job_log_00994187.txt
HTAR: a   instcat_y05_191109/job_log_00994188.txt
HTAR: a   instcat_y05_191109/job_log_00994189.txt
HTAR: a   instcat_y05_191109/job_log_00994190.txt
HTAR: a   instcat_y05_191109/job_log_00994191.txt
HTAR: a   instcat_y05_191109/job_log_00994192.txt
HTAR: a   instcat_y05_191109/job_log_00994193.txt
HTAR: a   instcat_y05_191109/job_log_00994194.txt
HTAR: a   instcat_y05_191109/job_log_00994195.txt
HTAR: a   instcat_y05_191109/job_log_00994196.txt
HTAR: a   instcat_y05_191109/job_log_00994197.txt
HTAR: a   instcat_y05_191109/job_log_00994198.txt
HTAR: a   instcat_y05_191109/job_log_00994199.txt
HTAR: a   instcat_y05_191109/job_log_00994200.txt
HTAR: a   instcat_y05_191109/job_log_00994201.txt
HTAR: a   instcat_y05_191109/job_log_00994202.txt
HTAR: a   instcat_y05_191109/job_log_00994203.txt
HTAR: a   instcat_y05_191109/job_log_00994204.txt
HTAR: a   instcat_y05_191109/job_log_00994205.txt
HTAR: a   instcat_y05_191109/job_log_00994206.txt
HTAR: a   instcat_y05_191109/job_log_00994207.txt
HTAR: a   instcat_y05_191109/job_log_00994208.txt
HTAR: a   instcat_y05_191109/job_log_00994209.txt
HTAR: a   instcat_y05_191109/job_log_00994210.txt
HTAR: a   instcat_y05_191109/job_log_00994211.txt
HTAR: a   instcat_y05_191109/job_log_00994212.txt
HTAR: a   instcat_y05_191109/job_log_00994213.txt
HTAR: a   instcat_y05_191109/job_log_00994214.txt
HTAR: a   instcat_y05_191109/job_log_00994215.txt
HTAR: a   instcat_y05_191109/job_log_00994216.txt
HTAR: a   instcat_y05_191109/job_log_00994243.txt
HTAR: a   instcat_y05_191109/job_log_00994244.txt
HTAR: a   instcat_y05_191109/job_log_00994245.txt
HTAR: a   instcat_y05_191109/job_log_00994246.txt
HTAR: a   instcat_y05_191109/job_log_00994247.txt
HTAR: a   instcat_y05_191109/job_log_00994289.txt
HTAR: a   instcat_y05_191109/job_log_00994294.txt
HTAR: a   instcat_y05_191109/job_log_00994295.txt
HTAR: a   instcat_y05_191109/job_log_00994297.txt
HTAR: a   instcat_y05_191109/job_log_00994943.txt
HTAR: a   instcat_y05_191109/job_log_00994944.txt
HTAR: a   instcat_y05_191109/job_log_00994945.txt
HTAR: a   instcat_y05_191109/job_log_00994946.txt
HTAR: a   instcat_y05_191109/job_log_00994947.txt
HTAR: a   instcat_y05_191109/job_log_00994948.txt
HTAR: a   instcat_y05_191109/job_log_00994949.txt
HTAR: a   instcat_y05_191109/job_log_00994950.txt
HTAR: a   instcat_y05_191109/job_log_00994951.txt
HTAR: a   instcat_y05_191109/job_log_00994962.txt
HTAR: a   instcat_y05_191109/job_log_00994963.txt
HTAR: a   instcat_y05_191109/job_log_00994964.txt
HTAR: a   instcat_y05_191109/job_log_00994965.txt
HTAR: a   instcat_y05_191109/job_log_00994966.txt
HTAR: a   instcat_y05_191109/job_log_00994967.txt
HTAR: a   instcat_y05_191109/job_log_00994968.txt
HTAR: a   instcat_y05_191109/job_log_00994970.txt
HTAR: a   instcat_y05_191109/job_log_00994982.txt
HTAR: a   instcat_y05_191109/job_log_00994983.txt
HTAR: a   instcat_y05_191109/job_log_00994984.txt
HTAR: a   instcat_y05_191109/job_log_00994985.txt
HTAR: a   instcat_y05_191109/job_log_00994986.txt
HTAR: a   instcat_y05_191109/job_log_00994987.txt
HTAR: a   instcat_y05_191109/job_log_00994988.txt
HTAR: a   instcat_y05_191109/job_log_00994989.txt
HTAR: a   instcat_y05_191109/job_log_00994992.txt
HTAR: a   instcat_y05_191109/job_log_00994993.txt
HTAR: a   instcat_y05_191109/job_log_00994994.txt
HTAR: a   instcat_y05_191109/job_log_00994995.txt
HTAR: a   instcat_y05_191109/job_log_00994996.txt
HTAR: a   instcat_y05_191109/job_log_00994997.txt
HTAR: a   instcat_y05_191109/job_log_00994998.txt
HTAR: a   instcat_y05_191109/job_log_00994999.txt
HTAR: a   instcat_y05_191109/job_log_00995000.txt
HTAR: a   instcat_y05_191109/job_log_00995008.txt
HTAR: a   instcat_y05_191109/job_log_00995009.txt
HTAR: a   instcat_y05_191109/job_log_00995010.txt
HTAR: a   instcat_y05_191109/job_log_00995011.txt
HTAR: a   instcat_y05_191109/job_log_00995012.txt
HTAR: a   instcat_y05_191109/job_log_00995014.txt
HTAR: a   instcat_y05_191109/job_log_00995015.txt
HTAR: a   instcat_y05_191109/job_log_00995016.txt
HTAR: a   instcat_y05_191109/job_log_00995017.txt
HTAR: a   instcat_y05_191109/job_log_00995018.txt
HTAR: a   instcat_y05_191109/job_log_00995019.txt
HTAR: a   instcat_y05_191109/job_log_00995020.txt
HTAR: a   /tmp/HTAR_CF_CHK_2828_1580745105
HTAR Create complete for /home/projects/desc/DC2_ImSim/Run2.2i/instCat/y05_191109/00994152to00995020.tar. 559,170,783,232 bytes written for 240 member files, max threads: 50 Transfer time: 3767.855 seconds (148.406 MB/s) wallclock/user/sys: 3770.560 4190.580 1552.049 seconds
HTAR: HTAR SUCCESSFUL
HTAR: a   instcat_y05_191109/00995021.tar.gz
HTAR: a   instcat_y05_191109/00995022.tar.gz
HTAR: a   instcat_y05_191109/00995023.tar.gz
HTAR: a   instcat_y05_191109/00995024.tar.gz
HTAR: a   instcat_y05_191109/00995025.tar.gz
HTAR: a   instcat_y05_191109/00995028.tar.gz
HTAR: a   instcat_y05_191109/00995029.tar.gz
HTAR: a   instcat_y05_191109/00995030.tar.gz
HTAR: a   instcat_y05_191109/00995031.tar.gz
HTAR: a   instcat_y05_191109/00995032.tar.gz
HTAR: a   instcat_y05_191109/00995033.tar.gz
HTAR: a   instcat_y05_191109/00995034.tar.gz
HTAR: a   instcat_y05_191109/00995036.tar.gz
HTAR: a   instcat_y05_191109/00995037.tar.gz
HTAR: a   instcat_y05_191109/00995038.tar.gz
HTAR: a   instcat_y05_191109/00995040.tar.gz
HTAR: a   instcat_y05_191109/00995148.tar.gz
HTAR: a   instcat_y05_191109/00995149.tar.gz
HTAR: a   instcat_y05_191109/00995150.tar.gz
HTAR: a   instcat_y05_191109/00995174.tar.gz
HTAR: a   instcat_y05_191109/00995181.tar.gz
HTAR: a   instcat_y05_191109/00995182.tar.gz
HTAR: a   instcat_y05_191109/00995183.tar.gz
HTAR: a   instcat_y05_191109/00995242.tar.gz
HTAR: a   instcat_y05_191109/00995243.tar.gz
HTAR: a   instcat_y05_191109/00995244.tar.gz
HTAR: a   instcat_y05_191109/00995245.tar.gz
HTAR: a   instcat_y05_191109/00995535.tar.gz
HTAR: a   instcat_y05_191109/00995536.tar.gz
HTAR: a   instcat_y05_191109/00995537.tar.gz
HTAR: a   instcat_y05_191109/00995538.tar.gz
HTAR: a   instcat_y05_191109/00995539.tar.gz
HTAR: a   instcat_y05_191109/00995540.tar.gz
HTAR: a   instcat_y05_191109/00995541.tar.gz
HTAR: a   instcat_y05_191109/00995542.tar.gz
HTAR: a   instcat_y05_191109/00995543.tar.gz
HTAR: a   instcat_y05_191109/00995544.tar.gz
HTAR: a   instcat_y05_191109/00995545.tar.gz
HTAR: a   instcat_y05_191109/00995546.tar.gz
HTAR: a   instcat_y05_191109/00995547.tar.gz
HTAR: a   instcat_y05_191109/00995548.tar.gz
HTAR: a   instcat_y05_191109/00995549.tar.gz
HTAR: a   instcat_y05_191109/00995550.tar.gz
HTAR: a   instcat_y05_191109/00995551.tar.gz
HTAR: a   instcat_y05_191109/00995552.tar.gz
HTAR: a   instcat_y05_191109/00995553.tar.gz
HTAR: a   instcat_y05_191109/00995554.tar.gz
HTAR: a   instcat_y05_191109/00995555.tar.gz
HTAR: a   instcat_y05_191109/00995556.tar.gz
HTAR: a   instcat_y05_191109/00995557.tar.gz
HTAR: a   instcat_y05_191109/00995558.tar.gz
HTAR: a   instcat_y05_191109/00995559.tar.gz
HTAR: a   instcat_y05_191109/00995560.tar.gz
HTAR: a   instcat_y05_191109/00995561.tar.gz
HTAR: a   instcat_y05_191109/00995562.tar.gz
HTAR: a   instcat_y05_191109/00995563.tar.gz
HTAR: a   instcat_y05_191109/00995564.tar.gz
HTAR: a   instcat_y05_191109/00995565.tar.gz
HTAR: a   instcat_y05_191109/00995566.tar.gz
HTAR: a   instcat_y05_191109/00995567.tar.gz
HTAR: a   instcat_y05_191109/00995568.tar.gz
HTAR: a   instcat_y05_191109/00995569.tar.gz
HTAR: a   instcat_y05_191109/00995570.tar.gz
HTAR: a   instcat_y05_191109/00995571.tar.gz
HTAR: a   instcat_y05_191109/00995572.tar.gz
HTAR: a   instcat_y05_191109/00995573.tar.gz
HTAR: a   instcat_y05_191109/00995574.tar.gz
HTAR: a   instcat_y05_191109/00995575.tar.gz
HTAR: a   instcat_y05_191109/00995576.tar.gz
HTAR: a   instcat_y05_191109/00995577.tar.gz
HTAR: a   instcat_y05_191109/00995578.tar.gz
HTAR: a   instcat_y05_191109/00995579.tar.gz
HTAR: a   instcat_y05_191109/00995580.tar.gz
HTAR: a   instcat_y05_191109/00995581.tar.gz
HTAR: a   instcat_y05_191109/00995582.tar.gz
HTAR: a   instcat_y05_191109/00995583.tar.gz
HTAR: a   instcat_y05_191109/00995584.tar.gz
HTAR: a   instcat_y05_191109/00995585.tar.gz
HTAR: a   instcat_y05_191109/00995586.tar.gz
HTAR: a   instcat_y05_191109/00995587.tar.gz
HTAR: a   instcat_y05_191109/00995588.tar.gz
HTAR: a   instcat_y05_191109/00995589.tar.gz
HTAR: a   instcat_y05_191109/00995590.tar.gz
HTAR: a   instcat_y05_191109/00995591.tar.gz
HTAR: a   instcat_y05_191109/00995592.tar.gz
HTAR: a   instcat_y05_191109/00995593.tar.gz
HTAR: a   instcat_y05_191109/00995594.tar.gz
HTAR: a   instcat_y05_191109/00995595.tar.gz
HTAR: a   instcat_y05_191109/00995596.tar.gz
HTAR: a   instcat_y05_191109/00995597.tar.gz
HTAR: a   instcat_y05_191109/00995598.tar.gz
HTAR: a   instcat_y05_191109/00995599.tar.gz
HTAR: a   instcat_y05_191109/00995600.tar.gz
HTAR: a   instcat_y05_191109/00995601.tar.gz
HTAR: a   instcat_y05_191109/00995602.tar.gz
HTAR: a   instcat_y05_191109/00995603.tar.gz
HTAR: a   instcat_y05_191109/00995604.tar.gz
HTAR: a   instcat_y05_191109/00995605.tar.gz
HTAR: a   instcat_y05_191109/00995606.tar.gz
HTAR: a   instcat_y05_191109/00995607.tar.gz
HTAR: a   instcat_y05_191109/00995608.tar.gz
HTAR: a   instcat_y05_191109/00995609.tar.gz
HTAR: a   instcat_y05_191109/00995610.tar.gz
HTAR: a   instcat_y05_191109/00995611.tar.gz
HTAR: a   instcat_y05_191109/00995612.tar.gz
HTAR: a   instcat_y05_191109/00995613.tar.gz
HTAR: a   instcat_y05_191109/00995614.tar.gz
HTAR: a   instcat_y05_191109/00995615.tar.gz
HTAR: a   instcat_y05_191109/00995616.tar.gz
HTAR: a   instcat_y05_191109/00995617.tar.gz
HTAR: a   instcat_y05_191109/00995618.tar.gz
HTAR: a   instcat_y05_191109/00995619.tar.gz
HTAR: a   instcat_y05_191109/00995620.tar.gz
HTAR: a   instcat_y05_191109/00995621.tar.gz
HTAR: a   instcat_y05_191109/00995622.tar.gz
HTAR: a   instcat_y05_191109/00995623.tar.gz
HTAR: a   instcat_y05_191109/00995624.tar.gz
HTAR: a   instcat_y05_191109/00995625.tar.gz
HTAR: a   instcat_y05_191109/00995626.tar.gz
HTAR: a   instcat_y05_191109/00995627.tar.gz
HTAR: a   instcat_y05_191109/job_log_00995021.txt
HTAR: a   instcat_y05_191109/job_log_00995022.txt
HTAR: a   instcat_y05_191109/job_log_00995023.txt
HTAR: a   instcat_y05_191109/job_log_00995024.txt
HTAR: a   instcat_y05_191109/job_log_00995025.txt
HTAR: a   instcat_y05_191109/job_log_00995028.txt
HTAR: a   instcat_y05_191109/job_log_00995029.txt
HTAR: a   instcat_y05_191109/job_log_00995030.txt
HTAR: a   instcat_y05_191109/job_log_00995031.txt
HTAR: a   instcat_y05_191109/job_log_00995032.txt
HTAR: a   instcat_y05_191109/job_log_00995033.txt
HTAR: a   instcat_y05_191109/job_log_00995034.txt
HTAR: a   instcat_y05_191109/job_log_00995036.txt
HTAR: a   instcat_y05_191109/job_log_00995037.txt
HTAR: a   instcat_y05_191109/job_log_00995038.txt
HTAR: a   instcat_y05_191109/job_log_00995040.txt
HTAR: a   instcat_y05_191109/job_log_00995148.txt
HTAR: a   instcat_y05_191109/job_log_00995149.txt
HTAR: a   instcat_y05_191109/job_log_00995150.txt
HTAR: a   instcat_y05_191109/job_log_00995174.txt
HTAR: a   instcat_y05_191109/job_log_00995181.txt
HTAR: a   instcat_y05_191109/job_log_00995182.txt
HTAR: a   instcat_y05_191109/job_log_00995183.txt
HTAR: a   instcat_y05_191109/job_log_00995242.txt
HTAR: a   instcat_y05_191109/job_log_00995243.txt
HTAR: a   instcat_y05_191109/job_log_00995244.txt
HTAR: a   instcat_y05_191109/job_log_00995245.txt
HTAR: a   instcat_y05_191109/job_log_00995535.txt
HTAR: a   instcat_y05_191109/job_log_00995536.txt
HTAR: a   instcat_y05_191109/job_log_00995537.txt
HTAR: a   instcat_y05_191109/job_log_00995538.txt
HTAR: a   instcat_y05_191109/job_log_00995539.txt
HTAR: a   instcat_y05_191109/job_log_00995540.txt
HTAR: a   instcat_y05_191109/job_log_00995541.txt
HTAR: a   instcat_y05_191109/job_log_00995542.txt
HTAR: a   instcat_y05_191109/job_log_00995543.txt
HTAR: a   instcat_y05_191109/job_log_00995544.txt
HTAR: a   instcat_y05_191109/job_log_00995545.txt
HTAR: a   instcat_y05_191109/job_log_00995546.txt
HTAR: a   instcat_y05_191109/job_log_00995547.txt
HTAR: a   instcat_y05_191109/job_log_00995548.txt
HTAR: a   instcat_y05_191109/job_log_00995549.txt
HTAR: a   instcat_y05_191109/job_log_00995550.txt
HTAR: a   instcat_y05_191109/job_log_00995551.txt
HTAR: a   instcat_y05_191109/job_log_00995552.txt
HTAR: a   instcat_y05_191109/job_log_00995553.txt
HTAR: a   instcat_y05_191109/job_log_00995554.txt
HTAR: a   instcat_y05_191109/job_log_00995555.txt
HTAR: a   instcat_y05_191109/job_log_00995556.txt
HTAR: a   instcat_y05_191109/job_log_00995557.txt
HTAR: a   instcat_y05_191109/job_log_00995558.txt
HTAR: a   instcat_y05_191109/job_log_00995559.txt
HTAR: a   instcat_y05_191109/job_log_00995560.txt
HTAR: a   instcat_y05_191109/job_log_00995561.txt
HTAR: a   instcat_y05_191109/job_log_00995562.txt
HTAR: a   instcat_y05_191109/job_log_00995563.txt
HTAR: a   instcat_y05_191109/job_log_00995564.txt
HTAR: a   instcat_y05_191109/job_log_00995565.txt
HTAR: a   instcat_y05_191109/job_log_00995566.txt
HTAR: a   instcat_y05_191109/job_log_00995567.txt
HTAR: a   instcat_y05_191109/job_log_00995568.txt
HTAR: a   instcat_y05_191109/job_log_00995569.txt
HTAR: a   instcat_y05_191109/job_log_00995570.txt
HTAR: a   instcat_y05_191109/job_log_00995571.txt
HTAR: a   instcat_y05_191109/job_log_00995572.txt
HTAR: a   instcat_y05_191109/job_log_00995573.txt
HTAR: a   instcat_y05_191109/job_log_00995574.txt
HTAR: a   instcat_y05_191109/job_log_00995575.txt
HTAR: a   instcat_y05_191109/job_log_00995576.txt
HTAR: a   instcat_y05_191109/job_log_00995577.txt
HTAR: a   instcat_y05_191109/job_log_00995578.txt
HTAR: a   instcat_y05_191109/job_log_00995579.txt
HTAR: a   instcat_y05_191109/job_log_00995580.txt
HTAR: a   instcat_y05_191109/job_log_00995581.txt
HTAR: a   instcat_y05_191109/job_log_00995582.txt
HTAR: a   instcat_y05_191109/job_log_00995583.txt
HTAR: a   instcat_y05_191109/job_log_00995584.txt
HTAR: a   instcat_y05_191109/job_log_00995585.txt
HTAR: a   instcat_y05_191109/job_log_00995586.txt
HTAR: a   instcat_y05_191109/job_log_00995587.txt
HTAR: a   instcat_y05_191109/job_log_00995588.txt
HTAR: a   instcat_y05_191109/job_log_00995589.txt
HTAR: a   instcat_y05_191109/job_log_00995590.txt
HTAR: a   instcat_y05_191109/job_log_00995591.txt
HTAR: a   instcat_y05_191109/job_log_00995592.txt
HTAR: a   instcat_y05_191109/job_log_00995593.txt
HTAR: a   instcat_y05_191109/job_log_00995594.txt
HTAR: a   instcat_y05_191109/job_log_00995595.txt
HTAR: a   instcat_y05_191109/job_log_00995596.txt
HTAR: a   instcat_y05_191109/job_log_00995597.txt
HTAR: a   instcat_y05_191109/job_log_00995598.txt
HTAR: a   instcat_y05_191109/job_log_00995599.txt
HTAR: a   instcat_y05_191109/job_log_00995600.txt
HTAR: a   instcat_y05_191109/job_log_00995601.txt
HTAR: a   instcat_y05_191109/job_log_00995602.txt
HTAR: a   instcat_y05_191109/job_log_00995603.txt
HTAR: a   instcat_y05_191109/job_log_00995604.txt
HTAR: a   instcat_y05_191109/job_log_00995605.txt
HTAR: a   instcat_y05_191109/job_log_00995606.txt
HTAR: a   instcat_y05_191109/job_log_00995607.txt
HTAR: a   instcat_y05_191109/job_log_00995608.txt
HTAR: a   instcat_y05_191109/job_log_00995609.txt
HTAR: a   instcat_y05_191109/job_log_00995610.txt
HTAR: a   instcat_y05_191109/job_log_00995611.txt
HTAR: a   instcat_y05_191109/job_log_00995612.txt
HTAR: a   instcat_y05_191109/job_log_00995613.txt
HTAR: a   instcat_y05_191109/job_log_00995614.txt
HTAR: a   instcat_y05_191109/job_log_00995615.txt
HTAR: a   instcat_y05_191109/job_log_00995616.txt
HTAR: a   instcat_y05_191109/job_log_00995617.txt
HTAR: a   instcat_y05_191109/job_log_00995618.txt
HTAR: a   instcat_y05_191109/job_log_00995619.txt
HTAR: a   instcat_y05_191109/job_log_00995620.txt
HTAR: a   instcat_y05_191109/job_log_00995621.txt
HTAR: a   instcat_y05_191109/job_log_00995622.txt
HTAR: a   instcat_y05_191109/job_log_00995623.txt
HTAR: a   instcat_y05_191109/job_log_00995624.txt
HTAR: a   instcat_y05_191109/job_log_00995625.txt
HTAR: a   instcat_y05_191109/job_log_00995626.txt
HTAR: a   instcat_y05_191109/job_log_00995627.txt
HTAR: a   /tmp/HTAR_CF_CHK_38106_1580748884
HTAR Create complete for /home/projects/desc/DC2_ImSim/Run2.2i/instCat/y05_191109/00995021to00995627.tar. 555,217,257,984 bytes written for 240 member files, max threads: 50 Transfer time: 3401.521 seconds (163.226 MB/s) wallclock/user/sys: 3409.490 4044.353 1538.789 seconds
HTAR: HTAR SUCCESSFUL
HTAR: a   instcat_y05_191109/00995628.tar.gz
HTAR: a   instcat_y05_191109/00995629.tar.gz
HTAR: a   instcat_y05_191109/00995630.tar.gz
HTAR: a   instcat_y05_191109/00996198.tar.gz
HTAR: a   instcat_y05_191109/00996902.tar.gz
HTAR: a   instcat_y05_191109/00996910.tar.gz
HTAR: a   instcat_y05_191109/00996922.tar.gz
HTAR: a   instcat_y05_191109/00996923.tar.gz
HTAR: a   instcat_y05_191109/00996924.tar.gz
HTAR: a   instcat_y05_191109/00996925.tar.gz
HTAR: a   instcat_y05_191109/00996926.tar.gz
HTAR: a   instcat_y05_191109/00996927.tar.gz
HTAR: a   instcat_y05_191109/00996928.tar.gz
HTAR: a   instcat_y05_191109/00996929.tar.gz
HTAR: a   instcat_y05_191109/00996930.tar.gz
HTAR: a   instcat_y05_191109/00996931.tar.gz
HTAR: a   instcat_y05_191109/00996932.tar.gz
HTAR: a   instcat_y05_191109/00996933.tar.gz
HTAR: a   instcat_y05_191109/00996934.tar.gz
HTAR: a   instcat_y05_191109/00996935.tar.gz
HTAR: a   instcat_y05_191109/00996936.tar.gz
HTAR: a   instcat_y05_191109/00996937.tar.gz
HTAR: a   instcat_y05_191109/00996938.tar.gz
HTAR: a   instcat_y05_191109/00996939.tar.gz
HTAR: a   instcat_y05_191109/00996940.tar.gz
HTAR: a   instcat_y05_191109/00996941.tar.gz
HTAR: a   instcat_y05_191109/00996942.tar.gz
HTAR: a   instcat_y05_191109/00996943.tar.gz
HTAR: a   instcat_y05_191109/00996944.tar.gz
HTAR: a   instcat_y05_191109/00996945.tar.gz
HTAR: a   instcat_y05_191109/00996946.tar.gz
HTAR: a   instcat_y05_191109/00996947.tar.gz
HTAR: a   instcat_y05_191109/00996948.tar.gz
HTAR: a   instcat_y05_191109/00996949.tar.gz
HTAR: a   instcat_y05_191109/00996950.tar.gz
HTAR: a   instcat_y05_191109/00996951.tar.gz
HTAR: a   instcat_y05_191109/00996952.tar.gz
HTAR: a   instcat_y05_191109/00996953.tar.gz
HTAR: a   instcat_y05_191109/00996954.tar.gz
HTAR: a   instcat_y05_191109/00996955.tar.gz
HTAR: a   instcat_y05_191109/00996956.tar.gz
HTAR: a   instcat_y05_191109/00996957.tar.gz
HTAR: a   instcat_y05_191109/00996958.tar.gz
HTAR: a   instcat_y05_191109/00996959.tar.gz
HTAR: a   instcat_y05_191109/00996960.tar.gz
HTAR: a   instcat_y05_191109/00996961.tar.gz
HTAR: a   instcat_y05_191109/00996962.tar.gz
HTAR: a   instcat_y05_191109/00996963.tar.gz
HTAR: a   instcat_y05_191109/00996964.tar.gz
HTAR: a   instcat_y05_191109/00996965.tar.gz
HTAR: a   instcat_y05_191109/00996966.tar.gz
HTAR: a   instcat_y05_191109/00996967.tar.gz
HTAR: a   instcat_y05_191109/00996968.tar.gz
HTAR: a   instcat_y05_191109/00996969.tar.gz
HTAR: a   instcat_y05_191109/00996970.tar.gz
HTAR: a   instcat_y05_191109/00996971.tar.gz
HTAR: a   instcat_y05_191109/00996972.tar.gz
HTAR: a   instcat_y05_191109/00996973.tar.gz
HTAR: a   instcat_y05_191109/00996974.tar.gz
HTAR: a   instcat_y05_191109/00996975.tar.gz
HTAR: a   instcat_y05_191109/00996976.tar.gz
HTAR: a   instcat_y05_191109/00996977.tar.gz
HTAR: a   instcat_y05_191109/00996978.tar.gz
HTAR: a   instcat_y05_191109/00996979.tar.gz
HTAR: a   instcat_y05_191109/00996980.tar.gz
HTAR: a   instcat_y05_191109/00996981.tar.gz
HTAR: a   instcat_y05_191109/00996982.tar.gz
HTAR: a   instcat_y05_191109/00996983.tar.gz
HTAR: a   instcat_y05_191109/00996984.tar.gz
HTAR: a   instcat_y05_191109/00996985.tar.gz
HTAR: a   instcat_y05_191109/00996986.tar.gz
HTAR: a   instcat_y05_191109/00996987.tar.gz
HTAR: a   instcat_y05_191109/00996988.tar.gz
HTAR: a   instcat_y05_191109/00996989.tar.gz
HTAR: a   instcat_y05_191109/00996990.tar.gz
HTAR: a   instcat_y05_191109/00996991.tar.gz
HTAR: a   instcat_y05_191109/00996992.tar.gz
HTAR: a   instcat_y05_191109/00996993.tar.gz
HTAR: a   instcat_y05_191109/00996994.tar.gz
HTAR: a   instcat_y05_191109/00996995.tar.gz
HTAR: a   instcat_y05_191109/00996996.tar.gz
HTAR: a   instcat_y05_191109/00996997.tar.gz
HTAR: a   instcat_y05_191109/00996998.tar.gz
HTAR: a   instcat_y05_191109/00996999.tar.gz
HTAR: a   instcat_y05_191109/00997000.tar.gz
HTAR: a   instcat_y05_191109/00997001.tar.gz
HTAR: a   instcat_y05_191109/00997002.tar.gz
HTAR: a   instcat_y05_191109/00997003.tar.gz
HTAR: a   instcat_y05_191109/00997004.tar.gz
HTAR: a   instcat_y05_191109/00997005.tar.gz
HTAR: a   instcat_y05_191109/00997006.tar.gz
HTAR: a   instcat_y05_191109/00997007.tar.gz
HTAR: a   instcat_y05_191109/00997008.tar.gz
HTAR: a   instcat_y05_191109/00997009.tar.gz
HTAR: a   instcat_y05_191109/00997010.tar.gz
HTAR: a   instcat_y05_191109/00997011.tar.gz
HTAR: a   instcat_y05_191109/00997012.tar.gz
HTAR: a   instcat_y05_191109/00997013.tar.gz
HTAR: a   instcat_y05_191109/00997014.tar.gz
HTAR: a   instcat_y05_191109/00997015.tar.gz
HTAR: a   instcat_y05_191109/00997016.tar.gz
HTAR: a   instcat_y05_191109/00997017.tar.gz
HTAR: a   instcat_y05_191109/00997113.tar.gz
HTAR: a   instcat_y05_191109/00997114.tar.gz
HTAR: a   instcat_y05_191109/00997115.tar.gz
HTAR: a   instcat_y05_191109/00997116.tar.gz
HTAR: a   instcat_y05_191109/00997117.tar.gz
HTAR: a   instcat_y05_191109/00997118.tar.gz
HTAR: a   instcat_y05_191109/00997119.tar.gz
HTAR: a   instcat_y05_191109/00997120.tar.gz
HTAR: a   instcat_y05_191109/00997642.tar.gz
HTAR: a   instcat_y05_191109/00997643.tar.gz
HTAR: a   instcat_y05_191109/00997644.tar.gz
HTAR: a   instcat_y05_191109/00997645.tar.gz
HTAR: a   instcat_y05_191109/00997646.tar.gz
HTAR: a   instcat_y05_191109/00997647.tar.gz
HTAR: a   instcat_y05_191109/00997648.tar.gz
HTAR: a   instcat_y05_191109/00997649.tar.gz
HTAR: a   instcat_y05_191109/00997650.tar.gz
HTAR: a   instcat_y05_191109/00997651.tar.gz
HTAR: a   instcat_y05_191109/job_log_00995628.txt
HTAR: a   instcat_y05_191109/job_log_00995629.txt
HTAR: a   instcat_y05_191109/job_log_00995630.txt
HTAR: a   instcat_y05_191109/job_log_00996198.txt
HTAR: a   instcat_y05_191109/job_log_00996902.txt
HTAR: a   instcat_y05_191109/job_log_00996910.txt
HTAR: a   instcat_y05_191109/job_log_00996922.txt
HTAR: a   instcat_y05_191109/job_log_00996923.txt
HTAR: a   instcat_y05_191109/job_log_00996924.txt
HTAR: a   instcat_y05_191109/job_log_00996925.txt
HTAR: a   instcat_y05_191109/job_log_00996926.txt
HTAR: a   instcat_y05_191109/job_log_00996927.txt
HTAR: a   instcat_y05_191109/job_log_00996928.txt
HTAR: a   instcat_y05_191109/job_log_00996929.txt
HTAR: a   instcat_y05_191109/job_log_00996930.txt
HTAR: a   instcat_y05_191109/job_log_00996931.txt
HTAR: a   instcat_y05_191109/job_log_00996932.txt
HTAR: a   instcat_y05_191109/job_log_00996933.txt
HTAR: a   instcat_y05_191109/job_log_00996934.txt
HTAR: a   instcat_y05_191109/job_log_00996935.txt
HTAR: a   instcat_y05_191109/job_log_00996936.txt
HTAR: a   instcat_y05_191109/job_log_00996937.txt
HTAR: a   instcat_y05_191109/job_log_00996938.txt
HTAR: a   instcat_y05_191109/job_log_00996939.txt
HTAR: a   instcat_y05_191109/job_log_00996940.txt
HTAR: a   instcat_y05_191109/job_log_00996941.txt
HTAR: a   instcat_y05_191109/job_log_00996942.txt
HTAR: a   instcat_y05_191109/job_log_00996943.txt
HTAR: a   instcat_y05_191109/job_log_00996944.txt
HTAR: a   instcat_y05_191109/job_log_00996945.txt
HTAR: a   instcat_y05_191109/job_log_00996946.txt
HTAR: a   instcat_y05_191109/job_log_00996947.txt
HTAR: a   instcat_y05_191109/job_log_00996948.txt
HTAR: a   instcat_y05_191109/job_log_00996949.txt
HTAR: a   instcat_y05_191109/job_log_00996950.txt
HTAR: a   instcat_y05_191109/job_log_00996951.txt
HTAR: a   instcat_y05_191109/job_log_00996952.txt
HTAR: a   instcat_y05_191109/job_log_00996953.txt
HTAR: a   instcat_y05_191109/job_log_00996954.txt
HTAR: a   instcat_y05_191109/job_log_00996955.txt
HTAR: a   instcat_y05_191109/job_log_00996956.txt
HTAR: a   instcat_y05_191109/job_log_00996957.txt
HTAR: a   instcat_y05_191109/job_log_00996958.txt
HTAR: a   instcat_y05_191109/job_log_00996959.txt
HTAR: a   instcat_y05_191109/job_log_00996960.txt
HTAR: a   instcat_y05_191109/job_log_00996961.txt
HTAR: a   instcat_y05_191109/job_log_00996962.txt
HTAR: a   instcat_y05_191109/job_log_00996963.txt
HTAR: a   instcat_y05_191109/job_log_00996964.txt
HTAR: a   instcat_y05_191109/job_log_00996965.txt
HTAR: a   instcat_y05_191109/job_log_00996966.txt
HTAR: a   instcat_y05_191109/job_log_00996967.txt
HTAR: a   instcat_y05_191109/job_log_00996968.txt
HTAR: a   instcat_y05_191109/job_log_00996969.txt
HTAR: a   instcat_y05_191109/job_log_00996970.txt
HTAR: a   instcat_y05_191109/job_log_00996971.txt
HTAR: a   instcat_y05_191109/job_log_00996972.txt
HTAR: a   instcat_y05_191109/job_log_00996973.txt
HTAR: a   instcat_y05_191109/job_log_00996974.txt
HTAR: a   instcat_y05_191109/job_log_00996975.txt
HTAR: a   instcat_y05_191109/job_log_00996976.txt
HTAR: a   instcat_y05_191109/job_log_00996977.txt
HTAR: a   instcat_y05_191109/job_log_00996978.txt
HTAR: a   instcat_y05_191109/job_log_00996979.txt
HTAR: a   instcat_y05_191109/job_log_00996980.txt
HTAR: a   instcat_y05_191109/job_log_00996981.txt
HTAR: a   instcat_y05_191109/job_log_00996982.txt
HTAR: a   instcat_y05_191109/job_log_00996983.txt
HTAR: a   instcat_y05_191109/job_log_00996984.txt
HTAR: a   instcat_y05_191109/job_log_00996985.txt
HTAR: a   instcat_y05_191109/job_log_00996986.txt
HTAR: a   instcat_y05_191109/job_log_00996987.txt
HTAR: a   instcat_y05_191109/job_log_00996988.txt
HTAR: a   instcat_y05_191109/job_log_00996989.txt
HTAR: a   instcat_y05_191109/job_log_00996990.txt
HTAR: a   instcat_y05_191109/job_log_00996991.txt
HTAR: a   instcat_y05_191109/job_log_00996992.txt
HTAR: a   instcat_y05_191109/job_log_00996993.txt
HTAR: a   instcat_y05_191109/job_log_00996994.txt
HTAR: a   instcat_y05_191109/job_log_00996995.txt
HTAR: a   instcat_y05_191109/job_log_00996996.txt
HTAR: a   instcat_y05_191109/job_log_00996997.txt
HTAR: a   instcat_y05_191109/job_log_00996998.txt
HTAR: a   instcat_y05_191109/job_log_00996999.txt
HTAR: a   instcat_y05_191109/job_log_00997000.txt
HTAR: a   instcat_y05_191109/job_log_00997001.txt
HTAR: a   instcat_y05_191109/job_log_00997002.txt
HTAR: a   instcat_y05_191109/job_log_00997003.txt
HTAR: a   instcat_y05_191109/job_log_00997004.txt
HTAR: a   instcat_y05_191109/job_log_00997005.txt
HTAR: a   instcat_y05_191109/job_log_00997006.txt
HTAR: a   instcat_y05_191109/job_log_00997007.txt
HTAR: a   instcat_y05_191109/job_log_00997008.txt
HTAR: a   instcat_y05_191109/job_log_00997009.txt
HTAR: a   instcat_y05_191109/job_log_00997010.txt
HTAR: a   instcat_y05_191109/job_log_00997011.txt
HTAR: a   instcat_y05_191109/job_log_00997012.txt
HTAR: a   instcat_y05_191109/job_log_00997013.txt
HTAR: a   instcat_y05_191109/job_log_00997014.txt
HTAR: a   instcat_y05_191109/job_log_00997015.txt
HTAR: a   instcat_y05_191109/job_log_00997016.txt
HTAR: a   instcat_y05_191109/job_log_00997017.txt
HTAR: a   instcat_y05_191109/job_log_00997113.txt
HTAR: a   instcat_y05_191109/job_log_00997114.txt
HTAR: a   instcat_y05_191109/job_log_00997115.txt
HTAR: a   instcat_y05_191109/job_log_00997116.txt
HTAR: a   instcat_y05_191109/job_log_00997117.txt
HTAR: a   instcat_y05_191109/job_log_00997118.txt
HTAR: a   instcat_y05_191109/job_log_00997119.txt
HTAR: a   instcat_y05_191109/job_log_00997120.txt
HTAR: a   instcat_y05_191109/job_log_00997642.txt
HTAR: a   instcat_y05_191109/job_log_00997643.txt
HTAR: a   instcat_y05_191109/job_log_00997644.txt
HTAR: a   instcat_y05_191109/job_log_00997645.txt
HTAR: a   instcat_y05_191109/job_log_00997646.txt
HTAR: a   instcat_y05_191109/job_log_00997647.txt
HTAR: a   instcat_y05_191109/job_log_00997648.txt
HTAR: a   instcat_y05_191109/job_log_00997649.txt
HTAR: a   instcat_y05_191109/job_log_00997650.txt
HTAR: a   instcat_y05_191109/job_log_00997651.txt
HTAR: a   /tmp/HTAR_CF_CHK_64558_1580752288
HTAR Create complete for /home/projects/desc/DC2_ImSim/Run2.2i/instCat/y05_191109/00995628to00997651.tar. 560,234,217,472 bytes written for 240 member files, max threads: 50 Transfer time: 3567.678 seconds (157.030 MB/s) wallclock/user/sys: 3568.087 4181.497 1498.448 seconds
HTAR: HTAR SUCCESSFUL
HTAR: a   instcat_y05_191109/00997652.tar.gz
HTAR: a   instcat_y05_191109/00997653.tar.gz
HTAR: a   instcat_y05_191109/00997654.tar.gz
HTAR: a   instcat_y05_191109/00997655.tar.gz
HTAR: a   instcat_y05_191109/00997656.tar.gz
HTAR: a   instcat_y05_191109/00997657.tar.gz
HTAR: a   instcat_y05_191109/00997658.tar.gz
HTAR: a   instcat_y05_191109/00997659.tar.gz
HTAR: a   instcat_y05_191109/00997660.tar.gz
HTAR: a   instcat_y05_191109/00997661.tar.gz
HTAR: a   instcat_y05_191109/00997662.tar.gz
HTAR: a   instcat_y05_191109/00997663.tar.gz
HTAR: a   instcat_y05_191109/00997664.tar.gz
HTAR: a   instcat_y05_191109/00997665.tar.gz
HTAR: a   instcat_y05_191109/00997666.tar.gz
HTAR: a   instcat_y05_191109/00997667.tar.gz
HTAR: a   instcat_y05_191109/00997668.tar.gz
HTAR: a   instcat_y05_191109/00997669.tar.gz
HTAR: a   instcat_y05_191109/00997670.tar.gz
HTAR: a   instcat_y05_191109/00997671.tar.gz
HTAR: a   instcat_y05_191109/00997672.tar.gz
HTAR: a   instcat_y05_191109/00997673.tar.gz
HTAR: a   instcat_y05_191109/00997674.tar.gz
HTAR: a   instcat_y05_191109/00997675.tar.gz
HTAR: a   instcat_y05_191109/00997676.tar.gz
HTAR: a   instcat_y05_191109/00997677.tar.gz
HTAR: a   instcat_y05_191109/00997678.tar.gz
HTAR: a   instcat_y05_191109/00997679.tar.gz
HTAR: a   instcat_y05_191109/00997680.tar.gz
HTAR: a   instcat_y05_191109/00997681.tar.gz
HTAR: a   instcat_y05_191109/00997682.tar.gz
HTAR: a   instcat_y05_191109/00997683.tar.gz
HTAR: a   instcat_y05_191109/00997684.tar.gz
HTAR: a   instcat_y05_191109/00997685.tar.gz
HTAR: a   instcat_y05_191109/00997686.tar.gz
HTAR: a   instcat_y05_191109/00997687.tar.gz
HTAR: a   instcat_y05_191109/00997688.tar.gz
HTAR: a   instcat_y05_191109/00997689.tar.gz
HTAR: a   instcat_y05_191109/00997690.tar.gz
HTAR: a   instcat_y05_191109/00997691.tar.gz
HTAR: a   instcat_y05_191109/00997692.tar.gz
HTAR: a   instcat_y05_191109/00997693.tar.gz
HTAR: a   instcat_y05_191109/00997694.tar.gz
HTAR: a   instcat_y05_191109/00997695.tar.gz
HTAR: a   instcat_y05_191109/00997696.tar.gz
HTAR: a   instcat_y05_191109/00997697.tar.gz
HTAR: a   instcat_y05_191109/00997698.tar.gz
HTAR: a   instcat_y05_191109/00997699.tar.gz
HTAR: a   instcat_y05_191109/00997700.tar.gz
HTAR: a   instcat_y05_191109/00997701.tar.gz
HTAR: a   instcat_y05_191109/00997702.tar.gz
HTAR: a   instcat_y05_191109/00997703.tar.gz
HTAR: a   instcat_y05_191109/00997704.tar.gz
HTAR: a   instcat_y05_191109/00997705.tar.gz
HTAR: a   instcat_y05_191109/00997706.tar.gz
HTAR: a   instcat_y05_191109/00997707.tar.gz
HTAR: a   instcat_y05_191109/00997708.tar.gz
HTAR: a   instcat_y05_191109/00997709.tar.gz
HTAR: a   instcat_y05_191109/00997710.tar.gz
HTAR: a   instcat_y05_191109/00997711.tar.gz
HTAR: a   instcat_y05_191109/00997712.tar.gz
HTAR: a   instcat_y05_191109/00997713.tar.gz
HTAR: a   instcat_y05_191109/00997714.tar.gz
HTAR: a   instcat_y05_191109/00997715.tar.gz
HTAR: a   instcat_y05_191109/00997716.tar.gz
HTAR: a   instcat_y05_191109/00997717.tar.gz
HTAR: a   instcat_y05_191109/00997718.tar.gz
HTAR: a   instcat_y05_191109/00997719.tar.gz
HTAR: a   instcat_y05_191109/00997720.tar.gz
HTAR: a   instcat_y05_191109/00997721.tar.gz
HTAR: a   instcat_y05_191109/00997722.tar.gz
HTAR: a   instcat_y05_191109/00997723.tar.gz
HTAR: a   instcat_y05_191109/00997724.tar.gz
HTAR: a   instcat_y05_191109/00997725.tar.gz
HTAR: a   instcat_y05_191109/00997726.tar.gz
HTAR: a   instcat_y05_191109/00997727.tar.gz
HTAR: a   instcat_y05_191109/00997728.tar.gz
HTAR: a   instcat_y05_191109/00997729.tar.gz
HTAR: a   instcat_y05_191109/00997730.tar.gz
HTAR: a   instcat_y05_191109/00997731.tar.gz
HTAR: a   instcat_y05_191109/00997732.tar.gz
HTAR: a   instcat_y05_191109/00997733.tar.gz
HTAR: a   instcat_y05_191109/00997734.tar.gz
HTAR: a   instcat_y05_191109/00997735.tar.gz
HTAR: a   instcat_y05_191109/00997736.tar.gz
HTAR: a   instcat_y05_191109/00997737.tar.gz
HTAR: a   instcat_y05_191109/00997997.tar.gz
HTAR: a   instcat_y05_191109/00997998.tar.gz
HTAR: a   instcat_y05_191109/00997999.tar.gz
HTAR: a   instcat_y05_191109/00998000.tar.gz
HTAR: a   instcat_y05_191109/00998001.tar.gz
HTAR: a   instcat_y05_191109/00998002.tar.gz
HTAR: a   instcat_y05_191109/00998003.tar.gz
HTAR: a   instcat_y05_191109/00998004.tar.gz
HTAR: a   instcat_y05_191109/00998005.tar.gz
HTAR: a   instcat_y05_191109/00998006.tar.gz
HTAR: a   instcat_y05_191109/00998007.tar.gz
HTAR: a   instcat_y05_191109/00998008.tar.gz
HTAR: a   instcat_y05_191109/00998009.tar.gz
HTAR: a   instcat_y05_191109/00998010.tar.gz
HTAR: a   instcat_y05_191109/00998011.tar.gz
HTAR: a   instcat_y05_191109/00998012.tar.gz
HTAR: a   instcat_y05_191109/00998013.tar.gz
HTAR: a   instcat_y05_191109/00998014.tar.gz
HTAR: a   instcat_y05_191109/00998015.tar.gz
HTAR: a   instcat_y05_191109/00998016.tar.gz
HTAR: a   instcat_y05_191109/00998695.tar.gz
HTAR: a   instcat_y05_191109/00998696.tar.gz
HTAR: a   instcat_y05_191109/00998697.tar.gz
HTAR: a   instcat_y05_191109/00998698.tar.gz
HTAR: a   instcat_y05_191109/00998699.tar.gz
HTAR: a   instcat_y05_191109/00998700.tar.gz
HTAR: a   instcat_y05_191109/00998701.tar.gz
HTAR: a   instcat_y05_191109/00998702.tar.gz
HTAR: a   instcat_y05_191109/00998703.tar.gz
HTAR: a   instcat_y05_191109/00998704.tar.gz
HTAR: a   instcat_y05_191109/00998705.tar.gz
HTAR: a   instcat_y05_191109/00998706.tar.gz
HTAR: a   instcat_y05_191109/00998707.tar.gz
HTAR: a   instcat_y05_191109/00998708.tar.gz
HTAR: a   instcat_y05_191109/job_log_00997652.txt
HTAR: a   instcat_y05_191109/job_log_00997653.txt
HTAR: a   instcat_y05_191109/job_log_00997654.txt
HTAR: a   instcat_y05_191109/job_log_00997655.txt
HTAR: a   instcat_y05_191109/job_log_00997656.txt
HTAR: a   instcat_y05_191109/job_log_00997657.txt
HTAR: a   instcat_y05_191109/job_log_00997658.txt
HTAR: a   instcat_y05_191109/job_log_00997659.txt
HTAR: a   instcat_y05_191109/job_log_00997660.txt
HTAR: a   instcat_y05_191109/job_log_00997661.txt
HTAR: a   instcat_y05_191109/job_log_00997662.txt
HTAR: a   instcat_y05_191109/job_log_00997663.txt
HTAR: a   instcat_y05_191109/job_log_00997664.txt
HTAR: a   instcat_y05_191109/job_log_00997665.txt
HTAR: a   instcat_y05_191109/job_log_00997666.txt
HTAR: a   instcat_y05_191109/job_log_00997667.txt
HTAR: a   instcat_y05_191109/job_log_00997668.txt
HTAR: a   instcat_y05_191109/job_log_00997669.txt
HTAR: a   instcat_y05_191109/job_log_00997670.txt
HTAR: a   instcat_y05_191109/job_log_00997671.txt
HTAR: a   instcat_y05_191109/job_log_00997672.txt
HTAR: a   instcat_y05_191109/job_log_00997673.txt
HTAR: a   instcat_y05_191109/job_log_00997674.txt
HTAR: a   instcat_y05_191109/job_log_00997675.txt
HTAR: a   instcat_y05_191109/job_log_00997676.txt
HTAR: a   instcat_y05_191109/job_log_00997677.txt
HTAR: a   instcat_y05_191109/job_log_00997678.txt
HTAR: a   instcat_y05_191109/job_log_00997679.txt
HTAR: a   instcat_y05_191109/job_log_00997680.txt
HTAR: a   instcat_y05_191109/job_log_00997681.txt
HTAR: a   instcat_y05_191109/job_log_00997682.txt
HTAR: a   instcat_y05_191109/job_log_00997683.txt
HTAR: a   instcat_y05_191109/job_log_00997684.txt
HTAR: a   instcat_y05_191109/job_log_00997685.txt
HTAR: a   instcat_y05_191109/job_log_00997686.txt
HTAR: a   instcat_y05_191109/job_log_00997687.txt
HTAR: a   instcat_y05_191109/job_log_00997688.txt
HTAR: a   instcat_y05_191109/job_log_00997689.txt
HTAR: a   instcat_y05_191109/job_log_00997690.txt
HTAR: a   instcat_y05_191109/job_log_00997691.txt
HTAR: a   instcat_y05_191109/job_log_00997692.txt
HTAR: a   instcat_y05_191109/job_log_00997693.txt
HTAR: a   instcat_y05_191109/job_log_00997694.txt
HTAR: a   instcat_y05_191109/job_log_00997695.txt
HTAR: a   instcat_y05_191109/job_log_00997696.txt
HTAR: a   instcat_y05_191109/job_log_00997697.txt
HTAR: a   instcat_y05_191109/job_log_00997698.txt
HTAR: a   instcat_y05_191109/job_log_00997699.txt
HTAR: a   instcat_y05_191109/job_log_00997700.txt
HTAR: a   instcat_y05_191109/job_log_00997701.txt
HTAR: a   instcat_y05_191109/job_log_00997702.txt
HTAR: a   instcat_y05_191109/job_log_00997703.txt
HTAR: a   instcat_y05_191109/job_log_00997704.txt
HTAR: a   instcat_y05_191109/job_log_00997705.txt
HTAR: a   instcat_y05_191109/job_log_00997706.txt
HTAR: a   instcat_y05_191109/job_log_00997707.txt
HTAR: a   instcat_y05_191109/job_log_00997708.txt
HTAR: a   instcat_y05_191109/job_log_00997709.txt
HTAR: a   instcat_y05_191109/job_log_00997710.txt
HTAR: a   instcat_y05_191109/job_log_00997711.txt
HTAR: a   instcat_y05_191109/job_log_00997712.txt
HTAR: a   instcat_y05_191109/job_log_00997713.txt
HTAR: a   instcat_y05_191109/job_log_00997714.txt
HTAR: a   instcat_y05_191109/job_log_00997715.txt
HTAR: a   instcat_y05_191109/job_log_00997716.txt
HTAR: a   instcat_y05_191109/job_log_00997717.txt
HTAR: a   instcat_y05_191109/job_log_00997718.txt
HTAR: a   instcat_y05_191109/job_log_00997719.txt
HTAR: a   instcat_y05_191109/job_log_00997720.txt
HTAR: a   instcat_y05_191109/job_log_00997721.txt
HTAR: a   instcat_y05_191109/job_log_00997722.txt
HTAR: a   instcat_y05_191109/job_log_00997723.txt
HTAR: a   instcat_y05_191109/job_log_00997724.txt
HTAR: a   instcat_y05_191109/job_log_00997725.txt
HTAR: a   instcat_y05_191109/job_log_00997726.txt
HTAR: a   instcat_y05_191109/job_log_00997727.txt
HTAR: a   instcat_y05_191109/job_log_00997728.txt
HTAR: a   instcat_y05_191109/job_log_00997729.txt
HTAR: a   instcat_y05_191109/job_log_00997730.txt
HTAR: a   instcat_y05_191109/job_log_00997731.txt
HTAR: a   instcat_y05_191109/job_log_00997732.txt
HTAR: a   instcat_y05_191109/job_log_00997733.txt
HTAR: a   instcat_y05_191109/job_log_00997734.txt
HTAR: a   instcat_y05_191109/job_log_00997735.txt
HTAR: a   instcat_y05_191109/job_log_00997736.txt
HTAR: a   instcat_y05_191109/job_log_00997737.txt
HTAR: a   instcat_y05_191109/job_log_00997997.txt
HTAR: a   instcat_y05_191109/job_log_00997998.txt
HTAR: a   instcat_y05_191109/job_log_00997999.txt
HTAR: a   instcat_y05_191109/job_log_00998000.txt
HTAR: a   instcat_y05_191109/job_log_00998001.txt
HTAR: a   instcat_y05_191109/job_log_00998002.txt
HTAR: a   instcat_y05_191109/job_log_00998003.txt
HTAR: a   instcat_y05_191109/job_log_00998004.txt
HTAR: a   instcat_y05_191109/job_log_00998005.txt
HTAR: a   instcat_y05_191109/job_log_00998006.txt
HTAR: a   instcat_y05_191109/job_log_00998007.txt
HTAR: a   instcat_y05_191109/job_log_00998008.txt
HTAR: a   instcat_y05_191109/job_log_00998009.txt
HTAR: a   instcat_y05_191109/job_log_00998010.txt
HTAR: a   instcat_y05_191109/job_log_00998011.txt
HTAR: a   instcat_y05_191109/job_log_00998012.txt
HTAR: a   instcat_y05_191109/job_log_00998013.txt
HTAR: a   instcat_y05_191109/job_log_00998014.txt
HTAR: a   instcat_y05_191109/job_log_00998015.txt
HTAR: a   instcat_y05_191109/job_log_00998016.txt
HTAR: a   instcat_y05_191109/job_log_00998695.txt
HTAR: a   instcat_y05_191109/job_log_00998696.txt
HTAR: a   instcat_y05_191109/job_log_00998697.txt
HTAR: a   instcat_y05_191109/job_log_00998698.txt
HTAR: a   instcat_y05_191109/job_log_00998699.txt
HTAR: a   instcat_y05_191109/job_log_00998700.txt
HTAR: a   instcat_y05_191109/job_log_00998701.txt
HTAR: a   instcat_y05_191109/job_log_00998702.txt
HTAR: a   instcat_y05_191109/job_log_00998703.txt
HTAR: a   instcat_y05_191109/job_log_00998704.txt
HTAR: a   instcat_y05_191109/job_log_00998705.txt
HTAR: a   instcat_y05_191109/job_log_00998706.txt
HTAR: a   instcat_y05_191109/job_log_00998707.txt
HTAR: a   instcat_y05_191109/job_log_00998708.txt
HTAR: a   /tmp/HTAR_CF_CHK_43082_1580755860
HTAR Create complete for /home/projects/desc/DC2_ImSim/Run2.2i/instCat/y05_191109/00997652to00998708.tar. 570,182,087,680 bytes written for 240 member files, max threads: 50 Transfer time: 3569.851 seconds (159.722 MB/s) wallclock/user/sys: 3570.951 4354.663 1508.364 seconds
HTAR: HTAR SUCCESSFUL
HTAR: a   instcat_y05_191109/00998709.tar.gz
HTAR: a   instcat_y05_191109/00998710.tar.gz
HTAR: a   instcat_y05_191109/00998711.tar.gz
HTAR: a   instcat_y05_191109/00998712.tar.gz
HTAR: a   instcat_y05_191109/00998713.tar.gz
HTAR: a   instcat_y05_191109/00998714.tar.gz
HTAR: a   instcat_y05_191109/00998847.tar.gz
HTAR: a   instcat_y05_191109/00998877.tar.gz
HTAR: a   instcat_y05_191109/00999397.tar.gz
HTAR: a   instcat_y05_191109/00999398.tar.gz
HTAR: a   instcat_y05_191109/00999399.tar.gz
HTAR: a   instcat_y05_191109/00999400.tar.gz
HTAR: a   instcat_y05_191109/00999401.tar.gz
HTAR: a   instcat_y05_191109/00999402.tar.gz
HTAR: a   instcat_y05_191109/00999403.tar.gz
HTAR: a   instcat_y05_191109/00999404.tar.gz
HTAR: a   instcat_y05_191109/00999405.tar.gz
HTAR: a   instcat_y05_191109/00999406.tar.gz
HTAR: a   instcat_y05_191109/00999407.tar.gz
HTAR: a   instcat_y05_191109/00999408.tar.gz
HTAR: a   instcat_y05_191109/00999409.tar.gz
HTAR: a   instcat_y05_191109/00999410.tar.gz
HTAR: a   instcat_y05_191109/00999411.tar.gz
HTAR: a   instcat_y05_191109/00999412.tar.gz
HTAR: a   instcat_y05_191109/00999413.tar.gz
HTAR: a   instcat_y05_191109/00999414.tar.gz
HTAR: a   instcat_y05_191109/00999415.tar.gz
HTAR: a   instcat_y05_191109/00999416.tar.gz
HTAR: a   instcat_y05_191109/00999501.tar.gz
HTAR: a   instcat_y05_191109/00999502.tar.gz
HTAR: a   instcat_y05_191109/00999549.tar.gz
HTAR: a   instcat_y05_191109/00999550.tar.gz
HTAR: a   instcat_y05_191109/01000030.tar.gz
HTAR: a   instcat_y05_191109/01000068.tar.gz
HTAR: a   instcat_y05_191109/01000069.tar.gz
HTAR: a   instcat_y05_191109/01000077.tar.gz
HTAR: a   instcat_y05_191109/01000078.tar.gz
HTAR: a   instcat_y05_191109/01000079.tar.gz
HTAR: a   instcat_y05_191109/01000080.tar.gz
HTAR: a   instcat_y05_191109/01000081.tar.gz
HTAR: a   instcat_y05_191109/01000082.tar.gz
HTAR: a   instcat_y05_191109/01000083.tar.gz
HTAR: a   instcat_y05_191109/01000084.tar.gz
HTAR: a   instcat_y05_191109/01000085.tar.gz
HTAR: a   instcat_y05_191109/01000086.tar.gz
HTAR: a   instcat_y05_191109/01000087.tar.gz
HTAR: a   instcat_y05_191109/01000088.tar.gz
HTAR: a   instcat_y05_191109/01000089.tar.gz
HTAR: a   instcat_y05_191109/01000090.tar.gz
HTAR: a   instcat_y05_191109/01000091.tar.gz
HTAR: a   instcat_y05_191109/01000092.tar.gz
HTAR: a   instcat_y05_191109/01000093.tar.gz
HTAR: a   instcat_y05_191109/01000094.tar.gz
HTAR: a   instcat_y05_191109/01000095.tar.gz
HTAR: a   instcat_y05_191109/01000096.tar.gz
HTAR: a   instcat_y05_191109/01000700.tar.gz
HTAR: a   instcat_y05_191109/01000705.tar.gz
HTAR: a   instcat_y05_191109/01000709.tar.gz
HTAR: a   instcat_y05_191109/01000718.tar.gz
HTAR: a   instcat_y05_191109/01000743.tar.gz
HTAR: a   instcat_y05_191109/01000746.tar.gz
HTAR: a   instcat_y05_191109/01000750.tar.gz
HTAR: a   instcat_y05_191109/01000751.tar.gz
HTAR: a   instcat_y05_191109/01000752.tar.gz
HTAR: a   instcat_y05_191109/01000756.tar.gz
HTAR: a   instcat_y05_191109/01000757.tar.gz
HTAR: a   instcat_y05_191109/01000758.tar.gz
HTAR: a   instcat_y05_191109/01000767.tar.gz
HTAR: a   instcat_y05_191109/01000771.tar.gz
HTAR: a   instcat_y05_191109/01000775.tar.gz
HTAR: a   instcat_y05_191109/01000776.tar.gz
HTAR: a   instcat_y05_191109/01000777.tar.gz
HTAR: a   instcat_y05_191109/01000778.tar.gz
HTAR: a   instcat_y05_191109/01000779.tar.gz
HTAR: a   instcat_y05_191109/01000780.tar.gz
HTAR: a   instcat_y05_191109/01000781.tar.gz
HTAR: a   instcat_y05_191109/01000782.tar.gz
HTAR: a   instcat_y05_191109/01000783.tar.gz
HTAR: a   instcat_y05_191109/01000784.tar.gz
HTAR: a   instcat_y05_191109/01000785.tar.gz
HTAR: a   instcat_y05_191109/01000786.tar.gz
HTAR: a   instcat_y05_191109/01000787.tar.gz
HTAR: a   instcat_y05_191109/01000788.tar.gz
HTAR: a   instcat_y05_191109/01000789.tar.gz
HTAR: a   instcat_y05_191109/01000790.tar.gz
HTAR: a   instcat_y05_191109/01000791.tar.gz
HTAR: a   instcat_y05_191109/01000792.tar.gz
HTAR: a   instcat_y05_191109/01000793.tar.gz
HTAR: a   instcat_y05_191109/01000794.tar.gz
HTAR: a   instcat_y05_191109/01000795.tar.gz
HTAR: a   instcat_y05_191109/01000796.tar.gz
HTAR: a   instcat_y05_191109/01000797.tar.gz
HTAR: a   instcat_y05_191109/01000798.tar.gz
HTAR: a   instcat_y05_191109/01000799.tar.gz
HTAR: a   instcat_y05_191109/01000809.tar.gz
HTAR: a   instcat_y05_191109/01000811.tar.gz
HTAR: a   instcat_y05_191109/01000812.tar.gz
HTAR: a   instcat_y05_191109/01000813.tar.gz
HTAR: a   instcat_y05_191109/01000814.tar.gz
HTAR: a   instcat_y05_191109/01000815.tar.gz
HTAR: a   instcat_y05_191109/01000816.tar.gz
HTAR: a   instcat_y05_191109/01000817.tar.gz
HTAR: a   instcat_y05_191109/01000818.tar.gz
HTAR: a   instcat_y05_191109/01000819.tar.gz
HTAR: a   instcat_y05_191109/01000820.tar.gz
HTAR: a   instcat_y05_191109/01000821.tar.gz
HTAR: a   instcat_y05_191109/01000822.tar.gz
HTAR: a   instcat_y05_191109/01000823.tar.gz
HTAR: a   instcat_y05_191109/01000824.tar.gz
HTAR: a   instcat_y05_191109/01000825.tar.gz
HTAR: a   instcat_y05_191109/01000826.tar.gz
HTAR: a   instcat_y05_191109/01000827.tar.gz
HTAR: a   instcat_y05_191109/01000828.tar.gz
HTAR: a   instcat_y05_191109/01000831.tar.gz
HTAR: a   instcat_y05_191109/01000832.tar.gz
HTAR: a   instcat_y05_191109/01000851.tar.gz
HTAR: a   instcat_y05_191109/01000852.tar.gz
HTAR: a   instcat_y05_191109/01000855.tar.gz
HTAR: a   instcat_y05_191109/01000859.tar.gz
HTAR: a   instcat_y05_191109/01001404.tar.gz
HTAR: a   instcat_y05_191109/job_log_00998709.txt
HTAR: a   instcat_y05_191109/job_log_00998710.txt
HTAR: a   instcat_y05_191109/job_log_00998711.txt
HTAR: a   instcat_y05_191109/job_log_00998712.txt
HTAR: a   instcat_y05_191109/job_log_00998713.txt
HTAR: a   instcat_y05_191109/job_log_00998714.txt
HTAR: a   instcat_y05_191109/job_log_00998847.txt
HTAR: a   instcat_y05_191109/job_log_00998877.txt
HTAR: a   instcat_y05_191109/job_log_00999397.txt
HTAR: a   instcat_y05_191109/job_log_00999398.txt
HTAR: a   instcat_y05_191109/job_log_00999399.txt
HTAR: a   instcat_y05_191109/job_log_00999400.txt
HTAR: a   instcat_y05_191109/job_log_00999401.txt
HTAR: a   instcat_y05_191109/job_log_00999402.txt
HTAR: a   instcat_y05_191109/job_log_00999403.txt
HTAR: a   instcat_y05_191109/job_log_00999404.txt
HTAR: a   instcat_y05_191109/job_log_00999405.txt
HTAR: a   instcat_y05_191109/job_log_00999406.txt
HTAR: a   instcat_y05_191109/job_log_00999407.txt
HTAR: a   instcat_y05_191109/job_log_00999408.txt
HTAR: a   instcat_y05_191109/job_log_00999409.txt
HTAR: a   instcat_y05_191109/job_log_00999410.txt
HTAR: a   instcat_y05_191109/job_log_00999411.txt
HTAR: a   instcat_y05_191109/job_log_00999412.txt
HTAR: a   instcat_y05_191109/job_log_00999413.txt
HTAR: a   instcat_y05_191109/job_log_00999414.txt
HTAR: a   instcat_y05_191109/job_log_00999415.txt
HTAR: a   instcat_y05_191109/job_log_00999416.txt
HTAR: a   instcat_y05_191109/job_log_00999501.txt
HTAR: a   instcat_y05_191109/job_log_00999502.txt
HTAR: a   instcat_y05_191109/job_log_00999549.txt
HTAR: a   instcat_y05_191109/job_log_00999550.txt
HTAR: a   instcat_y05_191109/job_log_01000030.txt
HTAR: a   instcat_y05_191109/job_log_01000068.txt
HTAR: a   instcat_y05_191109/job_log_01000069.txt
HTAR: a   instcat_y05_191109/job_log_01000077.txt
HTAR: a   instcat_y05_191109/job_log_01000078.txt
HTAR: a   instcat_y05_191109/job_log_01000079.txt
HTAR: a   instcat_y05_191109/job_log_01000080.txt
HTAR: a   instcat_y05_191109/job_log_01000081.txt
HTAR: a   instcat_y05_191109/job_log_01000082.txt
HTAR: a   instcat_y05_191109/job_log_01000083.txt
HTAR: a   instcat_y05_191109/job_log_01000084.txt
HTAR: a   instcat_y05_191109/job_log_01000085.txt
HTAR: a   instcat_y05_191109/job_log_01000086.txt
HTAR: a   instcat_y05_191109/job_log_01000087.txt
HTAR: a   instcat_y05_191109/job_log_01000088.txt
HTAR: a   instcat_y05_191109/job_log_01000089.txt
HTAR: a   instcat_y05_191109/job_log_01000090.txt
HTAR: a   instcat_y05_191109/job_log_01000091.txt
HTAR: a   instcat_y05_191109/job_log_01000092.txt
HTAR: a   instcat_y05_191109/job_log_01000093.txt
HTAR: a   instcat_y05_191109/job_log_01000094.txt
HTAR: a   instcat_y05_191109/job_log_01000095.txt
HTAR: a   instcat_y05_191109/job_log_01000096.txt
HTAR: a   instcat_y05_191109/job_log_01000700.txt
HTAR: a   instcat_y05_191109/job_log_01000705.txt
HTAR: a   instcat_y05_191109/job_log_01000709.txt
HTAR: a   instcat_y05_191109/job_log_01000718.txt
HTAR: a   instcat_y05_191109/job_log_01000743.txt
HTAR: a   instcat_y05_191109/job_log_01000746.txt
HTAR: a   instcat_y05_191109/job_log_01000750.txt
HTAR: a   instcat_y05_191109/job_log_01000751.txt
HTAR: a   instcat_y05_191109/job_log_01000752.txt
HTAR: a   instcat_y05_191109/job_log_01000756.txt
HTAR: a   instcat_y05_191109/job_log_01000757.txt
HTAR: a   instcat_y05_191109/job_log_01000758.txt
HTAR: a   instcat_y05_191109/job_log_01000767.txt
HTAR: a   instcat_y05_191109/job_log_01000771.txt
HTAR: a   instcat_y05_191109/job_log_01000775.txt
HTAR: a   instcat_y05_191109/job_log_01000776.txt
HTAR: a   instcat_y05_191109/job_log_01000777.txt
HTAR: a   instcat_y05_191109/job_log_01000778.txt
HTAR: a   instcat_y05_191109/job_log_01000779.txt
HTAR: a   instcat_y05_191109/job_log_01000780.txt
HTAR: a   instcat_y05_191109/job_log_01000781.txt
HTAR: a   instcat_y05_191109/job_log_01000782.txt
HTAR: a   instcat_y05_191109/job_log_01000783.txt
HTAR: a   instcat_y05_191109/job_log_01000784.txt
HTAR: a   instcat_y05_191109/job_log_01000785.txt
HTAR: a   instcat_y05_191109/job_log_01000786.txt
HTAR: a   instcat_y05_191109/job_log_01000787.txt
HTAR: a   instcat_y05_191109/job_log_01000788.txt
HTAR: a   instcat_y05_191109/job_log_01000789.txt
HTAR: a   instcat_y05_191109/job_log_01000790.txt
HTAR: a   instcat_y05_191109/job_log_01000791.txt
HTAR: a   instcat_y05_191109/job_log_01000792.txt
HTAR: a   instcat_y05_191109/job_log_01000793.txt
HTAR: a   instcat_y05_191109/job_log_01000794.txt
HTAR: a   instcat_y05_191109/job_log_01000795.txt
HTAR: a   instcat_y05_191109/job_log_01000796.txt
HTAR: a   instcat_y05_191109/job_log_01000797.txt
HTAR: a   instcat_y05_191109/job_log_01000798.txt
HTAR: a   instcat_y05_191109/job_log_01000799.txt
HTAR: a   instcat_y05_191109/job_log_01000809.txt
HTAR: a   instcat_y05_191109/job_log_01000811.txt
HTAR: a   instcat_y05_191109/job_log_01000812.txt
HTAR: a   instcat_y05_191109/job_log_01000813.txt
HTAR: a   instcat_y05_191109/job_log_01000814.txt
HTAR: a   instcat_y05_191109/job_log_01000815.txt
HTAR: a   instcat_y05_191109/job_log_01000816.txt
HTAR: a   instcat_y05_191109/job_log_01000817.txt
HTAR: a   instcat_y05_191109/job_log_01000818.txt
HTAR: a   instcat_y05_191109/job_log_01000819.txt
HTAR: a   instcat_y05_191109/job_log_01000820.txt
HTAR: a   instcat_y05_191109/job_log_01000821.txt
HTAR: a   instcat_y05_191109/job_log_01000822.txt
HTAR: a   instcat_y05_191109/job_log_01000823.txt
HTAR: a   instcat_y05_191109/job_log_01000824.txt
HTAR: a   instcat_y05_191109/job_log_01000825.txt
HTAR: a   instcat_y05_191109/job_log_01000826.txt
HTAR: a   instcat_y05_191109/job_log_01000827.txt
HTAR: a   instcat_y05_191109/job_log_01000828.txt
HTAR: a   instcat_y05_191109/job_log_01000831.txt
HTAR: a   instcat_y05_191109/job_log_01000832.txt
HTAR: a   instcat_y05_191109/job_log_01000851.txt
HTAR: a   instcat_y05_191109/job_log_01000852.txt
HTAR: a   instcat_y05_191109/job_log_01000855.txt
HTAR: a   instcat_y05_191109/job_log_01000859.txt
HTAR: a   instcat_y05_191109/job_log_01001404.txt
HTAR: a   /tmp/HTAR_CF_CHK_5839_1580759434
HTAR Create complete for /home/projects/desc/DC2_ImSim/Run2.2i/instCat/y05_191109/00998709to01001404.tar. 545,499,519,488 bytes written for 240 member files, max threads: 50 Transfer time: 3946.066 seconds (138.239 MB/s) wallclock/user/sys: 3947.152 4645.029 1717.438 seconds
HTAR: HTAR SUCCESSFUL
HTAR: a   instcat_y05_191109/01001439.tar.gz
HTAR: a   instcat_y05_191109/01002925.tar.gz
HTAR: a   instcat_y05_191109/01002962.tar.gz
HTAR: a   instcat_y05_191109/01003660.tar.gz
HTAR: a   instcat_y05_191109/01003699.tar.gz
HTAR: a   instcat_y05_191109/01006001.tar.gz
HTAR: a   instcat_y05_191109/01006006.tar.gz
HTAR: a   instcat_y05_191109/01006007.tar.gz
HTAR: a   instcat_y05_191109/01006008.tar.gz
HTAR: a   instcat_y05_191109/01006009.tar.gz
HTAR: a   instcat_y05_191109/01006016.tar.gz
HTAR: a   instcat_y05_191109/01006017.tar.gz
HTAR: a   instcat_y05_191109/01006018.tar.gz
HTAR: a   instcat_y05_191109/01006019.tar.gz
HTAR: a   instcat_y05_191109/01006020.tar.gz
HTAR: a   instcat_y05_191109/01006021.tar.gz
HTAR: a   instcat_y05_191109/01006022.tar.gz
HTAR: a   instcat_y05_191109/01006023.tar.gz
HTAR: a   instcat_y05_191109/01006036.tar.gz
HTAR: a   instcat_y05_191109/01006037.tar.gz
HTAR: a   instcat_y05_191109/01006038.tar.gz
HTAR: a   instcat_y05_191109/01006039.tar.gz
HTAR: a   instcat_y05_191109/01006040.tar.gz
HTAR: a   instcat_y05_191109/01006041.tar.gz
HTAR: a   instcat_y05_191109/01006042.tar.gz
HTAR: a   instcat_y05_191109/01006043.tar.gz
HTAR: a   instcat_y05_191109/01006044.tar.gz
HTAR: a   instcat_y05_191109/01006045.tar.gz
HTAR: a   instcat_y05_191109/01006048.tar.gz
HTAR: a   instcat_y05_191109/01006049.tar.gz
HTAR: a   instcat_y05_191109/01006050.tar.gz
HTAR: a   instcat_y05_191109/01006051.tar.gz
HTAR: a   instcat_y05_191109/01006052.tar.gz
HTAR: a   instcat_y05_191109/01006053.tar.gz
HTAR: a   instcat_y05_191109/01006054.tar.gz
HTAR: a   instcat_y05_191109/01006055.tar.gz
HTAR: a   instcat_y05_191109/01006056.tar.gz
HTAR: a   instcat_y05_191109/01006057.tar.gz
HTAR: a   instcat_y05_191109/01006058.tar.gz
HTAR: a   instcat_y05_191109/01006059.tar.gz
HTAR: a   instcat_y05_191109/01006060.tar.gz
HTAR: a   instcat_y05_191109/01006061.tar.gz
HTAR: a   instcat_y05_191109/01006062.tar.gz
HTAR: a   instcat_y05_191109/01006063.tar.gz
HTAR: a   instcat_y05_191109/01006094.tar.gz
HTAR: a   instcat_y05_191109/01006095.tar.gz
HTAR: a   instcat_y05_191109/01006096.tar.gz
HTAR: a   instcat_y05_191109/01006097.tar.gz
HTAR: a   instcat_y05_191109/01006098.tar.gz
HTAR: a   instcat_y05_191109/01006099.tar.gz
HTAR: a   instcat_y05_191109/01006100.tar.gz
HTAR: a   instcat_y05_191109/01006101.tar.gz
HTAR: a   instcat_y05_191109/01006102.tar.gz
HTAR: a   instcat_y05_191109/01006104.tar.gz
HTAR: a   instcat_y05_191109/01006105.tar.gz
HTAR: a   instcat_y05_191109/01006106.tar.gz
HTAR: a   instcat_y05_191109/01006138.tar.gz
HTAR: a   instcat_y05_191109/01006144.tar.gz
HTAR: a   instcat_y05_191109/01006169.tar.gz
HTAR: a   instcat_y05_191109/01006661.tar.gz
HTAR: a   instcat_y05_191109/01006662.tar.gz
HTAR: a   instcat_y05_191109/01006663.tar.gz
HTAR: a   instcat_y05_191109/01006675.tar.gz
HTAR: a   instcat_y05_191109/01006697.tar.gz
HTAR: a   instcat_y05_191109/01006698.tar.gz
HTAR: a   instcat_y05_191109/01006706.tar.gz
HTAR: a   instcat_y05_191109/01006708.tar.gz
HTAR: a   instcat_y05_191109/01006709.tar.gz
HTAR: a   instcat_y05_191109/01006710.tar.gz
HTAR: a   instcat_y05_191109/01006718.tar.gz
HTAR: a   instcat_y05_191109/01007468.tar.gz
HTAR: a   instcat_y05_191109/01007469.tar.gz
HTAR: a   instcat_y05_191109/01008187.tar.gz
HTAR: a   instcat_y05_191109/01008188.tar.gz
HTAR: a   instcat_y05_191109/01008222.tar.gz
HTAR: a   instcat_y05_191109/01008223.tar.gz
HTAR: a   instcat_y05_191109/01008224.tar.gz
HTAR: a   instcat_y05_191109/01008225.tar.gz
HTAR: a   instcat_y05_191109/01008226.tar.gz
HTAR: a   instcat_y05_191109/01008258.tar.gz
HTAR: a   instcat_y05_191109/01008280.tar.gz
HTAR: a   instcat_y05_191109/01008288.tar.gz
HTAR: a   instcat_y05_191109/01008322.tar.gz
HTAR: a   instcat_y05_191109/01008323.tar.gz
HTAR: a   instcat_y05_191109/01008324.tar.gz
HTAR: a   instcat_y05_191109/01008355.tar.gz
HTAR: a   instcat_y05_191109/01008361.tar.gz
HTAR: a   instcat_y05_191109/01008381.tar.gz
HTAR: a   instcat_y05_191109/01008382.tar.gz
HTAR: a   instcat_y05_191109/01008401.tar.gz
HTAR: a   instcat_y05_191109/01008410.tar.gz
HTAR: a   instcat_y05_191109/01008412.tar.gz
HTAR: a   instcat_y05_191109/01008424.tar.gz
HTAR: a   instcat_y05_191109/01009020.tar.gz
HTAR: a   instcat_y05_191109/01009021.tar.gz
HTAR: a   instcat_y05_191109/01009022.tar.gz
HTAR: a   instcat_y05_191109/01009023.tar.gz
HTAR: a   instcat_y05_191109/01009024.tar.gz
HTAR: a   instcat_y05_191109/01009025.tar.gz
HTAR: a   instcat_y05_191109/01009026.tar.gz
HTAR: a   instcat_y05_191109/01009027.tar.gz
HTAR: a   instcat_y05_191109/01009028.tar.gz
HTAR: a   instcat_y05_191109/01009029.tar.gz
HTAR: a   instcat_y05_191109/01009030.tar.gz
HTAR: a   instcat_y05_191109/01009046.tar.gz
HTAR: a   instcat_y05_191109/01009047.tar.gz
HTAR: a   instcat_y05_191109/01009048.tar.gz
HTAR: a   instcat_y05_191109/01009049.tar.gz
HTAR: a   instcat_y05_191109/01009050.tar.gz
HTAR: a   instcat_y05_191109/01009051.tar.gz
HTAR: a   instcat_y05_191109/01009052.tar.gz
HTAR: a   instcat_y05_191109/01009715.tar.gz
HTAR: a   instcat_y05_191109/01009716.tar.gz
HTAR: a   instcat_y05_191109/01009717.tar.gz
HTAR: a   instcat_y05_191109/01009718.tar.gz
HTAR: a   instcat_y05_191109/01009719.tar.gz
HTAR: a   instcat_y05_191109/01009720.tar.gz
HTAR: a   instcat_y05_191109/01009721.tar.gz
HTAR: a   instcat_y05_191109/01009723.tar.gz
HTAR: a   instcat_y05_191109/01009801.tar.gz
HTAR: a   instcat_y05_191109/job_log_01001439.txt
HTAR: a   instcat_y05_191109/job_log_01002925.txt
HTAR: a   instcat_y05_191109/job_log_01002962.txt
HTAR: a   instcat_y05_191109/job_log_01003660.txt
HTAR: a   instcat_y05_191109/job_log_01003699.txt
HTAR: a   instcat_y05_191109/job_log_01006001.txt
HTAR: a   instcat_y05_191109/job_log_01006006.txt
HTAR: a   instcat_y05_191109/job_log_01006007.txt
HTAR: a   instcat_y05_191109/job_log_01006008.txt
HTAR: a   instcat_y05_191109/job_log_01006009.txt
HTAR: a   instcat_y05_191109/job_log_01006016.txt
HTAR: a   instcat_y05_191109/job_log_01006017.txt
HTAR: a   instcat_y05_191109/job_log_01006018.txt
HTAR: a   instcat_y05_191109/job_log_01006019.txt
HTAR: a   instcat_y05_191109/job_log_01006020.txt
HTAR: a   instcat_y05_191109/job_log_01006021.txt
HTAR: a   instcat_y05_191109/job_log_01006022.txt
HTAR: a   instcat_y05_191109/job_log_01006023.txt
HTAR: a   instcat_y05_191109/job_log_01006036.txt
HTAR: a   instcat_y05_191109/job_log_01006037.txt
HTAR: a   instcat_y05_191109/job_log_01006038.txt
HTAR: a   instcat_y05_191109/job_log_01006039.txt
HTAR: a   instcat_y05_191109/job_log_01006040.txt
HTAR: a   instcat_y05_191109/job_log_01006041.txt
HTAR: a   instcat_y05_191109/job_log_01006042.txt
HTAR: a   instcat_y05_191109/job_log_01006043.txt
HTAR: a   instcat_y05_191109/job_log_01006044.txt
HTAR: a   instcat_y05_191109/job_log_01006045.txt
HTAR: a   instcat_y05_191109/job_log_01006048.txt
HTAR: a   instcat_y05_191109/job_log_01006049.txt
HTAR: a   instcat_y05_191109/job_log_01006050.txt
HTAR: a   instcat_y05_191109/job_log_01006051.txt
HTAR: a   instcat_y05_191109/job_log_01006052.txt
HTAR: a   instcat_y05_191109/job_log_01006053.txt
HTAR: a   instcat_y05_191109/job_log_01006054.txt
HTAR: a   instcat_y05_191109/job_log_01006055.txt
HTAR: a   instcat_y05_191109/job_log_01006056.txt
HTAR: a   instcat_y05_191109/job_log_01006057.txt
HTAR: a   instcat_y05_191109/job_log_01006058.txt
HTAR: a   instcat_y05_191109/job_log_01006059.txt
HTAR: a   instcat_y05_191109/job_log_01006060.txt
HTAR: a   instcat_y05_191109/job_log_01006061.txt
HTAR: a   instcat_y05_191109/job_log_01006062.txt
HTAR: a   instcat_y05_191109/job_log_01006063.txt
HTAR: a   instcat_y05_191109/job_log_01006094.txt
HTAR: a   instcat_y05_191109/job_log_01006095.txt
HTAR: a   instcat_y05_191109/job_log_01006096.txt
HTAR: a   instcat_y05_191109/job_log_01006097.txt
HTAR: a   instcat_y05_191109/job_log_01006098.txt
HTAR: a   instcat_y05_191109/job_log_01006099.txt
HTAR: a   instcat_y05_191109/job_log_01006100.txt
HTAR: a   instcat_y05_191109/job_log_01006101.txt
HTAR: a   instcat_y05_191109/job_log_01006102.txt
HTAR: a   instcat_y05_191109/job_log_01006104.txt
HTAR: a   instcat_y05_191109/job_log_01006105.txt
HTAR: a   instcat_y05_191109/job_log_01006106.txt
HTAR: a   instcat_y05_191109/job_log_01006138.txt
HTAR: a   instcat_y05_191109/job_log_01006144.txt
HTAR: a   instcat_y05_191109/job_log_01006169.txt
HTAR: a   instcat_y05_191109/job_log_01006661.txt
HTAR: a   instcat_y05_191109/job_log_01006662.txt
HTAR: a   instcat_y05_191109/job_log_01006663.txt
HTAR: a   instcat_y05_191109/job_log_01006675.txt
HTAR: a   instcat_y05_191109/job_log_01006697.txt
HTAR: a   instcat_y05_191109/job_log_01006698.txt
HTAR: a   instcat_y05_191109/job_log_01006706.txt
HTAR: a   instcat_y05_191109/job_log_01006708.txt
HTAR: a   instcat_y05_191109/job_log_01006709.txt
HTAR: a   instcat_y05_191109/job_log_01006710.txt
HTAR: a   instcat_y05_191109/job_log_01006718.txt
HTAR: a   instcat_y05_191109/job_log_01007468.txt
HTAR: a   instcat_y05_191109/job_log_01007469.txt
HTAR: a   instcat_y05_191109/job_log_01008187.txt
HTAR: a   instcat_y05_191109/job_log_01008188.txt
HTAR: a   instcat_y05_191109/job_log_01008222.txt
HTAR: a   instcat_y05_191109/job_log_01008223.txt
HTAR: a   instcat_y05_191109/job_log_01008224.txt
HTAR: a   instcat_y05_191109/job_log_01008225.txt
HTAR: a   instcat_y05_191109/job_log_01008226.txt
HTAR: a   instcat_y05_191109/job_log_01008258.txt
HTAR: a   instcat_y05_191109/job_log_01008280.txt
HTAR: a   instcat_y05_191109/job_log_01008288.txt
HTAR: a   instcat_y05_191109/job_log_01008322.txt
HTAR: a   instcat_y05_191109/job_log_01008323.txt
HTAR: a   instcat_y05_191109/job_log_01008324.txt
HTAR: a   instcat_y05_191109/job_log_01008355.txt
HTAR: a   instcat_y05_191109/job_log_01008361.txt
HTAR: a   instcat_y05_191109/job_log_01008381.txt
HTAR: a   instcat_y05_191109/job_log_01008382.txt
HTAR: a   instcat_y05_191109/job_log_01008401.txt
HTAR: a   instcat_y05_191109/job_log_01008410.txt
HTAR: a   instcat_y05_191109/job_log_01008412.txt
HTAR: a   instcat_y05_191109/job_log_01008424.txt
HTAR: a   instcat_y05_191109/job_log_01009020.txt
HTAR: a   instcat_y05_191109/job_log_01009021.txt
HTAR: a   instcat_y05_191109/job_log_01009022.txt
HTAR: a   instcat_y05_191109/job_log_01009023.txt
HTAR: a   instcat_y05_191109/job_log_01009024.txt
HTAR: a   instcat_y05_191109/job_log_01009025.txt
HTAR: a   instcat_y05_191109/job_log_01009026.txt
HTAR: a   instcat_y05_191109/job_log_01009027.txt
HTAR: a   instcat_y05_191109/job_log_01009028.txt
HTAR: a   instcat_y05_191109/job_log_01009029.txt
HTAR: a   instcat_y05_191109/job_log_01009030.txt
HTAR: a   instcat_y05_191109/job_log_01009046.txt
HTAR: a   instcat_y05_191109/job_log_01009047.txt
HTAR: a   instcat_y05_191109/job_log_01009048.txt
HTAR: a   instcat_y05_191109/job_log_01009049.txt
HTAR: a   instcat_y05_191109/job_log_01009050.txt
HTAR: a   instcat_y05_191109/job_log_01009051.txt
HTAR: a   instcat_y05_191109/job_log_01009052.txt
HTAR: a   instcat_y05_191109/job_log_01009715.txt
HTAR: a   instcat_y05_191109/job_log_01009716.txt
HTAR: a   instcat_y05_191109/job_log_01009717.txt
HTAR: a   instcat_y05_191109/job_log_01009718.txt
HTAR: a   instcat_y05_191109/job_log_01009719.txt
HTAR: a   instcat_y05_191109/job_log_01009720.txt
HTAR: a   instcat_y05_191109/job_log_01009721.txt
HTAR: a   instcat_y05_191109/job_log_01009723.txt
HTAR: a   instcat_y05_191109/job_log_01009801.txt
HTAR: a   /tmp/HTAR_CF_CHK_13285_1580763385
HTAR Create complete for /home/projects/desc/DC2_ImSim/Run2.2i/instCat/y05_191109/01001439to01009801.tar. 516,594,324,992 bytes written for 240 member files, max threads: 50 Transfer time: 3507.760 seconds (147.272 MB/s) wallclock/user/sys: 3509.249 4287.595 1395.085 seconds
HTAR: HTAR SUCCESSFUL
HTAR: a   instcat_y05_191109/01009802.tar.gz
HTAR: a   instcat_y05_191109/01009803.tar.gz
HTAR: a   instcat_y05_191109/01009804.tar.gz
HTAR: a   instcat_y05_191109/01009805.tar.gz
HTAR: a   instcat_y05_191109/01009806.tar.gz
HTAR: a   instcat_y05_191109/01009807.tar.gz
HTAR: a   instcat_y05_191109/01009808.tar.gz
HTAR: a   instcat_y05_191109/01009809.tar.gz
HTAR: a   instcat_y05_191109/01009817.tar.gz
HTAR: a   instcat_y05_191109/01009818.tar.gz
HTAR: a   instcat_y05_191109/01009832.tar.gz
HTAR: a   instcat_y05_191109/01009833.tar.gz
HTAR: a   instcat_y05_191109/01009834.tar.gz
HTAR: a   instcat_y05_191109/01009835.tar.gz
HTAR: a   instcat_y05_191109/01009836.tar.gz
HTAR: a   instcat_y05_191109/01009837.tar.gz
HTAR: a   instcat_y05_191109/01009838.tar.gz
HTAR: a   instcat_y05_191109/01009839.tar.gz
HTAR: a   instcat_y05_191109/01010457.tar.gz
HTAR: a   instcat_y05_191109/01010458.tar.gz
HTAR: a   instcat_y05_191109/01010492.tar.gz
HTAR: a   instcat_y05_191109/01010494.tar.gz
HTAR: a   instcat_y05_191109/01010495.tar.gz
HTAR: a   instcat_y05_191109/01010496.tar.gz
HTAR: a   instcat_y05_191109/01010497.tar.gz
HTAR: a   instcat_y05_191109/01010498.tar.gz
HTAR: a   instcat_y05_191109/01010500.tar.gz
HTAR: a   instcat_y05_191109/01010501.tar.gz
HTAR: a   instcat_y05_191109/01010519.tar.gz
HTAR: a   instcat_y05_191109/01010520.tar.gz
HTAR: a   instcat_y05_191109/01010521.tar.gz
HTAR: a   instcat_y05_191109/01010522.tar.gz
HTAR: a   instcat_y05_191109/01010523.tar.gz
HTAR: a   instcat_y05_191109/01010524.tar.gz
HTAR: a   instcat_y05_191109/01010525.tar.gz
HTAR: a   instcat_y05_191109/01010526.tar.gz
HTAR: a   instcat_y05_191109/01010768.tar.gz
HTAR: a   instcat_y05_191109/01010769.tar.gz
HTAR: a   instcat_y05_191109/01011320.tar.gz
HTAR: a   instcat_y05_191109/01011323.tar.gz
HTAR: a   instcat_y05_191109/01011324.tar.gz
HTAR: a   instcat_y05_191109/01011325.tar.gz
HTAR: a   instcat_y05_191109/01011326.tar.gz
HTAR: a   instcat_y05_191109/01011327.tar.gz
HTAR: a   instcat_y05_191109/01011328.tar.gz
HTAR: a   instcat_y05_191109/01011329.tar.gz
HTAR: a   instcat_y05_191109/01011330.tar.gz
HTAR: a   instcat_y05_191109/01011331.tar.gz
HTAR: a   instcat_y05_191109/01011332.tar.gz
HTAR: a   instcat_y05_191109/01011333.tar.gz
HTAR: a   instcat_y05_191109/01011335.tar.gz
HTAR: a   instcat_y05_191109/01011337.tar.gz
HTAR: a   instcat_y05_191109/01011338.tar.gz
HTAR: a   instcat_y05_191109/01011339.tar.gz
HTAR: a   instcat_y05_191109/01011341.tar.gz
HTAR: a   instcat_y05_191109/01011342.tar.gz
HTAR: a   instcat_y05_191109/01011347.tar.gz
HTAR: a   instcat_y05_191109/01011349.tar.gz
HTAR: a   instcat_y05_191109/01011359.tar.gz
HTAR: a   instcat_y05_191109/01011430.tar.gz
HTAR: a   instcat_y05_191109/01011431.tar.gz
HTAR: a   instcat_y05_191109/01011432.tar.gz
HTAR: a   instcat_y05_191109/01011433.tar.gz
HTAR: a   instcat_y05_191109/01011434.tar.gz
HTAR: a   instcat_y05_191109/01012080.tar.gz
HTAR: a   instcat_y05_191109/01012081.tar.gz
HTAR: a   instcat_y05_191109/01012082.tar.gz
HTAR: a   instcat_y05_191109/01012086.tar.gz
HTAR: a   instcat_y05_191109/01012178.tar.gz
HTAR: a   instcat_y05_191109/01012179.tar.gz
HTAR: a   instcat_y05_191109/01012180.tar.gz
HTAR: a   instcat_y05_191109/01012181.tar.gz
HTAR: a   instcat_y05_191109/01012182.tar.gz
HTAR: a   instcat_y05_191109/01012194.tar.gz
HTAR: a   instcat_y05_191109/01012195.tar.gz
HTAR: a   instcat_y05_191109/01012234.tar.gz
HTAR: a   instcat_y05_191109/01012235.tar.gz
HTAR: a   instcat_y05_191109/01013516.tar.gz
HTAR: a   instcat_y05_191109/01013517.tar.gz
HTAR: a   instcat_y05_191109/01013518.tar.gz
HTAR: a   instcat_y05_191109/01013519.tar.gz
HTAR: a   instcat_y05_191109/01013520.tar.gz
HTAR: a   instcat_y05_191109/01013521.tar.gz
HTAR: a   instcat_y05_191109/01013522.tar.gz
HTAR: a   instcat_y05_191109/01013664.tar.gz
HTAR: a   instcat_y05_191109/01013665.tar.gz
HTAR: a   instcat_y05_191109/01013666.tar.gz
HTAR: a   instcat_y05_191109/01013667.tar.gz
HTAR: a   instcat_y05_191109/01013668.tar.gz
HTAR: a   instcat_y05_191109/01013669.tar.gz
HTAR: a   instcat_y05_191109/01013671.tar.gz
HTAR: a   instcat_y05_191109/01013673.tar.gz
HTAR: a   instcat_y05_191109/01013674.tar.gz
HTAR: a   instcat_y05_191109/01013675.tar.gz
HTAR: a   instcat_y05_191109/01013676.tar.gz
HTAR: a   instcat_y05_191109/01013677.tar.gz
HTAR: a   instcat_y05_191109/01013678.tar.gz
HTAR: a   instcat_y05_191109/01013679.tar.gz
HTAR: a   instcat_y05_191109/01013680.tar.gz
HTAR: a   instcat_y05_191109/01013681.tar.gz
HTAR: a   instcat_y05_191109/01013682.tar.gz
HTAR: a   instcat_y05_191109/01013683.tar.gz
HTAR: a   instcat_y05_191109/01013684.tar.gz
HTAR: a   instcat_y05_191109/01013702.tar.gz
HTAR: a   instcat_y05_191109/01013703.tar.gz
HTAR: a   instcat_y05_191109/01013704.tar.gz
HTAR: a   instcat_y05_191109/01013705.tar.gz
HTAR: a   instcat_y05_191109/01013706.tar.gz
HTAR: a   instcat_y05_191109/01013707.tar.gz
HTAR: a   instcat_y05_191109/01013708.tar.gz
HTAR: a   instcat_y05_191109/01013709.tar.gz
HTAR: a   instcat_y05_191109/01013710.tar.gz
HTAR: a   instcat_y05_191109/01013711.tar.gz
HTAR: a   instcat_y05_191109/01013712.tar.gz
HTAR: a   instcat_y05_191109/01013713.tar.gz
HTAR: a   instcat_y05_191109/01013714.tar.gz
HTAR: a   instcat_y05_191109/01013731.tar.gz
HTAR: a   instcat_y05_191109/01013732.tar.gz
HTAR: a   instcat_y05_191109/01013733.tar.gz
HTAR: a   instcat_y05_191109/01013734.tar.gz
HTAR: a   instcat_y05_191109/job_log_01009802.txt
HTAR: a   instcat_y05_191109/job_log_01009803.txt
HTAR: a   instcat_y05_191109/job_log_01009804.txt
HTAR: a   instcat_y05_191109/job_log_01009805.txt
HTAR: a   instcat_y05_191109/job_log_01009806.txt
HTAR: a   instcat_y05_191109/job_log_01009807.txt
HTAR: a   instcat_y05_191109/job_log_01009808.txt
HTAR: a   instcat_y05_191109/job_log_01009809.txt
HTAR: a   instcat_y05_191109/job_log_01009817.txt
HTAR: a   instcat_y05_191109/job_log_01009818.txt
HTAR: a   instcat_y05_191109/job_log_01009832.txt
HTAR: a   instcat_y05_191109/job_log_01009833.txt
HTAR: a   instcat_y05_191109/job_log_01009834.txt
HTAR: a   instcat_y05_191109/job_log_01009835.txt
HTAR: a   instcat_y05_191109/job_log_01009836.txt
HTAR: a   instcat_y05_191109/job_log_01009837.txt
HTAR: a   instcat_y05_191109/job_log_01009838.txt
HTAR: a   instcat_y05_191109/job_log_01009839.txt
HTAR: a   instcat_y05_191109/job_log_01010457.txt
HTAR: a   instcat_y05_191109/job_log_01010458.txt
HTAR: a   instcat_y05_191109/job_log_01010492.txt
HTAR: a   instcat_y05_191109/job_log_01010494.txt
HTAR: a   instcat_y05_191109/job_log_01010495.txt
HTAR: a   instcat_y05_191109/job_log_01010496.txt
HTAR: a   instcat_y05_191109/job_log_01010497.txt
HTAR: a   instcat_y05_191109/job_log_01010498.txt
HTAR: a   instcat_y05_191109/job_log_01010500.txt
HTAR: a   instcat_y05_191109/job_log_01010501.txt
HTAR: a   instcat_y05_191109/job_log_01010519.txt
HTAR: a   instcat_y05_191109/job_log_01010520.txt
HTAR: a   instcat_y05_191109/job_log_01010521.txt
HTAR: a   instcat_y05_191109/job_log_01010522.txt
HTAR: a   instcat_y05_191109/job_log_01010523.txt
HTAR: a   instcat_y05_191109/job_log_01010524.txt
HTAR: a   instcat_y05_191109/job_log_01010525.txt
HTAR: a   instcat_y05_191109/job_log_01010526.txt
HTAR: a   instcat_y05_191109/job_log_01010768.txt
HTAR: a   instcat_y05_191109/job_log_01010769.txt
HTAR: a   instcat_y05_191109/job_log_01011320.txt
HTAR: a   instcat_y05_191109/job_log_01011323.txt
HTAR: a   instcat_y05_191109/job_log_01011324.txt
HTAR: a   instcat_y05_191109/job_log_01011325.txt
HTAR: a   instcat_y05_191109/job_log_01011326.txt
HTAR: a   instcat_y05_191109/job_log_01011327.txt
HTAR: a   instcat_y05_191109/job_log_01011328.txt
HTAR: a   instcat_y05_191109/job_log_01011329.txt
HTAR: a   instcat_y05_191109/job_log_01011330.txt
HTAR: a   instcat_y05_191109/job_log_01011331.txt
HTAR: a   instcat_y05_191109/job_log_01011332.txt
HTAR: a   instcat_y05_191109/job_log_01011333.txt
HTAR: a   instcat_y05_191109/job_log_01011335.txt
HTAR: a   instcat_y05_191109/job_log_01011337.txt
HTAR: a   instcat_y05_191109/job_log_01011338.txt
HTAR: a   instcat_y05_191109/job_log_01011339.txt
HTAR: a   instcat_y05_191109/job_log_01011341.txt
HTAR: a   instcat_y05_191109/job_log_01011342.txt
HTAR: a   instcat_y05_191109/job_log_01011347.txt
HTAR: a   instcat_y05_191109/job_log_01011349.txt
HTAR: a   instcat_y05_191109/job_log_01011359.txt
HTAR: a   instcat_y05_191109/job_log_01011430.txt
HTAR: a   instcat_y05_191109/job_log_01011431.txt
HTAR: a   instcat_y05_191109/job_log_01011432.txt
HTAR: a   instcat_y05_191109/job_log_01011433.txt
HTAR: a   instcat_y05_191109/job_log_01011434.txt
HTAR: a   instcat_y05_191109/job_log_01012080.txt
HTAR: a   instcat_y05_191109/job_log_01012081.txt
HTAR: a   instcat_y05_191109/job_log_01012082.txt
HTAR: a   instcat_y05_191109/job_log_01012086.txt
HTAR: a   instcat_y05_191109/job_log_01012178.txt
HTAR: a   instcat_y05_191109/job_log_01012179.txt
HTAR: a   instcat_y05_191109/job_log_01012180.txt
HTAR: a   instcat_y05_191109/job_log_01012181.txt
HTAR: a   instcat_y05_191109/job_log_01012182.txt
HTAR: a   instcat_y05_191109/job_log_01012194.txt
HTAR: a   instcat_y05_191109/job_log_01012195.txt
HTAR: a   instcat_y05_191109/job_log_01012234.txt
HTAR: a   instcat_y05_191109/job_log_01012235.txt
HTAR: a   instcat_y05_191109/job_log_01013516.txt
HTAR: a   instcat_y05_191109/job_log_01013517.txt
HTAR: a   instcat_y05_191109/job_log_01013518.txt
HTAR: a   instcat_y05_191109/job_log_01013519.txt
HTAR: a   instcat_y05_191109/job_log_01013520.txt
HTAR: a   instcat_y05_191109/job_log_01013521.txt
HTAR: a   instcat_y05_191109/job_log_01013522.txt
HTAR: a   instcat_y05_191109/job_log_01013664.txt
HTAR: a   instcat_y05_191109/job_log_01013665.txt
HTAR: a   instcat_y05_191109/job_log_01013666.txt
HTAR: a   instcat_y05_191109/job_log_01013667.txt
HTAR: a   instcat_y05_191109/job_log_01013668.txt
HTAR: a   instcat_y05_191109/job_log_01013669.txt
HTAR: a   instcat_y05_191109/job_log_01013671.txt
HTAR: a   instcat_y05_191109/job_log_01013673.txt
HTAR: a   instcat_y05_191109/job_log_01013674.txt
HTAR: a   instcat_y05_191109/job_log_01013675.txt
HTAR: a   instcat_y05_191109/job_log_01013676.txt
HTAR: a   instcat_y05_191109/job_log_01013677.txt
HTAR: a   instcat_y05_191109/job_log_01013678.txt
HTAR: a   instcat_y05_191109/job_log_01013679.txt
HTAR: a   instcat_y05_191109/job_log_01013680.txt
HTAR: a   instcat_y05_191109/job_log_01013681.txt
HTAR: a   instcat_y05_191109/job_log_01013682.txt
HTAR: a   instcat_y05_191109/job_log_01013683.txt
HTAR: a   instcat_y05_191109/job_log_01013684.txt
HTAR: a   instcat_y05_191109/job_log_01013702.txt
HTAR: a   instcat_y05_191109/job_log_01013703.txt
HTAR: a   instcat_y05_191109/job_log_01013704.txt
HTAR: a   instcat_y05_191109/job_log_01013705.txt
HTAR: a   instcat_y05_191109/job_log_01013706.txt
HTAR: a   instcat_y05_191109/job_log_01013707.txt
HTAR: a   instcat_y05_191109/job_log_01013708.txt
HTAR: a   instcat_y05_191109/job_log_01013709.txt
HTAR: a   instcat_y05_191109/job_log_01013710.txt
HTAR: a   instcat_y05_191109/job_log_01013711.txt
HTAR: a   instcat_y05_191109/job_log_01013712.txt
HTAR: a   instcat_y05_191109/job_log_01013713.txt
HTAR: a   instcat_y05_191109/job_log_01013714.txt
HTAR: a   instcat_y05_191109/job_log_01013731.txt
HTAR: a   instcat_y05_191109/job_log_01013732.txt
HTAR: a   instcat_y05_191109/job_log_01013733.txt
HTAR: a   instcat_y05_191109/job_log_01013734.txt
HTAR: a   /tmp/HTAR_CF_CHK_6479_1580766897
HTAR Create complete for /home/projects/desc/DC2_ImSim/Run2.2i/instCat/y05_191109/01009802to01013734.tar. 530,954,632,192 bytes written for 240 member files, max threads: 50 Transfer time: 3681.004 seconds (144.242 MB/s) wallclock/user/sys: 3682.288 4392.866 1592.175 seconds
HTAR: HTAR SUCCESSFUL
