HTAR: a   instcat_y05_191109/01174418.tar.gz
HTAR: a   instcat_y05_191109/01174419.tar.gz
HTAR: a   instcat_y05_191109/01174420.tar.gz
HTAR: a   instcat_y05_191109/01174421.tar.gz
HTAR: a   instcat_y05_191109/01174422.tar.gz
HTAR: a   instcat_y05_191109/01174423.tar.gz
HTAR: a   instcat_y05_191109/01174424.tar.gz
HTAR: a   instcat_y05_191109/01174425.tar.gz
HTAR: a   instcat_y05_191109/01174426.tar.gz
HTAR: a   instcat_y05_191109/01174430.tar.gz
HTAR: a   instcat_y05_191109/01174431.tar.gz
HTAR: a   instcat_y05_191109/01174432.tar.gz
HTAR: a   instcat_y05_191109/01174433.tar.gz
HTAR: a   instcat_y05_191109/01174434.tar.gz
HTAR: a   instcat_y05_191109/01174442.tar.gz
HTAR: a   instcat_y05_191109/01174443.tar.gz
HTAR: a   instcat_y05_191109/01174445.tar.gz
HTAR: a   instcat_y05_191109/01174446.tar.gz
HTAR: a   instcat_y05_191109/01174456.tar.gz
HTAR: a   instcat_y05_191109/01174460.tar.gz
HTAR: a   instcat_y05_191109/01174461.tar.gz
HTAR: a   instcat_y05_191109/01174462.tar.gz
HTAR: a   instcat_y05_191109/01174463.tar.gz
HTAR: a   instcat_y05_191109/01174464.tar.gz
HTAR: a   instcat_y05_191109/01174465.tar.gz
HTAR: a   instcat_y05_191109/01174466.tar.gz
HTAR: a   instcat_y05_191109/01174467.tar.gz
HTAR: a   instcat_y05_191109/01174468.tar.gz
HTAR: a   instcat_y05_191109/01174469.tar.gz
HTAR: a   instcat_y05_191109/01174470.tar.gz
HTAR: a   instcat_y05_191109/01174471.tar.gz
HTAR: a   instcat_y05_191109/01174472.tar.gz
HTAR: a   instcat_y05_191109/01174474.tar.gz
HTAR: a   instcat_y05_191109/01174475.tar.gz
HTAR: a   instcat_y05_191109/01174508.tar.gz
HTAR: a   instcat_y05_191109/01174509.tar.gz
HTAR: a   instcat_y05_191109/01174510.tar.gz
HTAR: a   instcat_y05_191109/01174511.tar.gz
HTAR: a   instcat_y05_191109/01174512.tar.gz
HTAR: a   instcat_y05_191109/01174513.tar.gz
HTAR: a   instcat_y05_191109/01174514.tar.gz
HTAR: a   instcat_y05_191109/01174515.tar.gz
HTAR: a   instcat_y05_191109/01174516.tar.gz
HTAR: a   instcat_y05_191109/01174519.tar.gz
HTAR: a   instcat_y05_191109/01174551.tar.gz
HTAR: a   instcat_y05_191109/01174552.tar.gz
HTAR: a   instcat_y05_191109/01174553.tar.gz
HTAR: a   instcat_y05_191109/01174554.tar.gz
HTAR: a   instcat_y05_191109/01174555.tar.gz
HTAR: a   instcat_y05_191109/01174556.tar.gz
HTAR: a   instcat_y05_191109/01174557.tar.gz
HTAR: a   instcat_y05_191109/01174558.tar.gz
HTAR: a   instcat_y05_191109/01174560.tar.gz
HTAR: a   instcat_y05_191109/01174562.tar.gz
HTAR: a   instcat_y05_191109/01174584.tar.gz
HTAR: a   instcat_y05_191109/01174585.tar.gz
HTAR: a   instcat_y05_191109/01174586.tar.gz
HTAR: a   instcat_y05_191109/01174587.tar.gz
HTAR: a   instcat_y05_191109/01174588.tar.gz
HTAR: a   instcat_y05_191109/01174589.tar.gz
HTAR: a   instcat_y05_191109/01174590.tar.gz
HTAR: a   instcat_y05_191109/01174591.tar.gz
HTAR: a   instcat_y05_191109/01174593.tar.gz
HTAR: a   instcat_y05_191109/01174608.tar.gz
HTAR: a   instcat_y05_191109/01174609.tar.gz
HTAR: a   instcat_y05_191109/01175308.tar.gz
HTAR: a   instcat_y05_191109/01175309.tar.gz
HTAR: a   instcat_y05_191109/01175348.tar.gz
HTAR: a   instcat_y05_191109/01175349.tar.gz
HTAR: a   instcat_y05_191109/01175394.tar.gz
HTAR: a   instcat_y05_191109/01175395.tar.gz
HTAR: a   instcat_y05_191109/01175396.tar.gz
HTAR: a   instcat_y05_191109/01175435.tar.gz
HTAR: a   instcat_y05_191109/01175436.tar.gz
HTAR: a   instcat_y05_191109/01175437.tar.gz
HTAR: a   instcat_y05_191109/01175438.tar.gz
HTAR: a   instcat_y05_191109/01175451.tar.gz
HTAR: a   instcat_y05_191109/01175452.tar.gz
HTAR: a   instcat_y05_191109/01175453.tar.gz
HTAR: a   instcat_y05_191109/01175470.tar.gz
HTAR: a   instcat_y05_191109/01175493.tar.gz
HTAR: a   instcat_y05_191109/01176105.tar.gz
HTAR: a   instcat_y05_191109/01176106.tar.gz
HTAR: a   instcat_y05_191109/01176135.tar.gz
HTAR: a   instcat_y05_191109/01176136.tar.gz
HTAR: a   instcat_y05_191109/01176137.tar.gz
HTAR: a   instcat_y05_191109/01176138.tar.gz
HTAR: a   instcat_y05_191109/01176139.tar.gz
HTAR: a   instcat_y05_191109/01176140.tar.gz
HTAR: a   instcat_y05_191109/01176141.tar.gz
HTAR: a   instcat_y05_191109/01176146.tar.gz
HTAR: a   instcat_y05_191109/01176147.tar.gz
HTAR: a   instcat_y05_191109/01176148.tar.gz
HTAR: a   instcat_y05_191109/01176149.tar.gz
HTAR: a   instcat_y05_191109/01176150.tar.gz
HTAR: a   instcat_y05_191109/01176151.tar.gz
HTAR: a   instcat_y05_191109/01176152.tar.gz
HTAR: a   instcat_y05_191109/01176153.tar.gz
HTAR: a   instcat_y05_191109/01176154.tar.gz
HTAR: a   instcat_y05_191109/01176155.tar.gz
HTAR: a   instcat_y05_191109/01176156.tar.gz
HTAR: a   instcat_y05_191109/01176157.tar.gz
HTAR: a   instcat_y05_191109/01176158.tar.gz
HTAR: a   instcat_y05_191109/01176159.tar.gz
HTAR: a   instcat_y05_191109/01176160.tar.gz
HTAR: a   instcat_y05_191109/01176161.tar.gz
HTAR: a   instcat_y05_191109/01176162.tar.gz
HTAR: a   instcat_y05_191109/01176163.tar.gz
HTAR: a   instcat_y05_191109/01176164.tar.gz
HTAR: a   instcat_y05_191109/01176165.tar.gz
HTAR: a   instcat_y05_191109/01176172.tar.gz
HTAR: a   instcat_y05_191109/01176173.tar.gz
HTAR: a   instcat_y05_191109/01176194.tar.gz
HTAR: a   instcat_y05_191109/01176195.tar.gz
HTAR: a   instcat_y05_191109/01176196.tar.gz
HTAR: a   instcat_y05_191109/01176197.tar.gz
HTAR: a   instcat_y05_191109/01176198.tar.gz
HTAR: a   instcat_y05_191109/01176199.tar.gz
HTAR: a   instcat_y05_191109/01176208.tar.gz
HTAR: a   instcat_y05_191109/01176209.tar.gz
HTAR: a   instcat_y05_191109/job_log_01174418.txt
HTAR: a   instcat_y05_191109/job_log_01174419.txt
HTAR: a   instcat_y05_191109/job_log_01174420.txt
HTAR: a   instcat_y05_191109/job_log_01174421.txt
HTAR: a   instcat_y05_191109/job_log_01174422.txt
HTAR: a   instcat_y05_191109/job_log_01174423.txt
HTAR: a   instcat_y05_191109/job_log_01174424.txt
HTAR: a   instcat_y05_191109/job_log_01174425.txt
HTAR: a   instcat_y05_191109/job_log_01174426.txt
HTAR: a   instcat_y05_191109/job_log_01174430.txt
HTAR: a   instcat_y05_191109/job_log_01174431.txt
HTAR: a   instcat_y05_191109/job_log_01174432.txt
HTAR: a   instcat_y05_191109/job_log_01174433.txt
HTAR: a   instcat_y05_191109/job_log_01174434.txt
HTAR: a   instcat_y05_191109/job_log_01174442.txt
HTAR: a   instcat_y05_191109/job_log_01174443.txt
HTAR: a   instcat_y05_191109/job_log_01174445.txt
HTAR: a   instcat_y05_191109/job_log_01174446.txt
HTAR: a   instcat_y05_191109/job_log_01174456.txt
HTAR: a   instcat_y05_191109/job_log_01174460.txt
HTAR: a   instcat_y05_191109/job_log_01174461.txt
HTAR: a   instcat_y05_191109/job_log_01174462.txt
HTAR: a   instcat_y05_191109/job_log_01174463.txt
HTAR: a   instcat_y05_191109/job_log_01174464.txt
HTAR: a   instcat_y05_191109/job_log_01174465.txt
HTAR: a   instcat_y05_191109/job_log_01174466.txt
HTAR: a   instcat_y05_191109/job_log_01174467.txt
HTAR: a   instcat_y05_191109/job_log_01174468.txt
HTAR: a   instcat_y05_191109/job_log_01174469.txt
HTAR: a   instcat_y05_191109/job_log_01174470.txt
HTAR: a   instcat_y05_191109/job_log_01174471.txt
HTAR: a   instcat_y05_191109/job_log_01174472.txt
HTAR: a   instcat_y05_191109/job_log_01174474.txt
HTAR: a   instcat_y05_191109/job_log_01174475.txt
HTAR: a   instcat_y05_191109/job_log_01174508.txt
HTAR: a   instcat_y05_191109/job_log_01174509.txt
HTAR: a   instcat_y05_191109/job_log_01174510.txt
HTAR: a   instcat_y05_191109/job_log_01174511.txt
HTAR: a   instcat_y05_191109/job_log_01174512.txt
HTAR: a   instcat_y05_191109/job_log_01174513.txt
HTAR: a   instcat_y05_191109/job_log_01174514.txt
HTAR: a   instcat_y05_191109/job_log_01174515.txt
HTAR: a   instcat_y05_191109/job_log_01174516.txt
HTAR: a   instcat_y05_191109/job_log_01174519.txt
HTAR: a   instcat_y05_191109/job_log_01174551.txt
HTAR: a   instcat_y05_191109/job_log_01174552.txt
HTAR: a   instcat_y05_191109/job_log_01174553.txt
HTAR: a   instcat_y05_191109/job_log_01174554.txt
HTAR: a   instcat_y05_191109/job_log_01174555.txt
HTAR: a   instcat_y05_191109/job_log_01174556.txt
HTAR: a   instcat_y05_191109/job_log_01174557.txt
HTAR: a   instcat_y05_191109/job_log_01174558.txt
HTAR: a   instcat_y05_191109/job_log_01174560.txt
HTAR: a   instcat_y05_191109/job_log_01174562.txt
HTAR: a   instcat_y05_191109/job_log_01174584.txt
HTAR: a   instcat_y05_191109/job_log_01174585.txt
HTAR: a   instcat_y05_191109/job_log_01174586.txt
HTAR: a   instcat_y05_191109/job_log_01174587.txt
HTAR: a   instcat_y05_191109/job_log_01174588.txt
HTAR: a   instcat_y05_191109/job_log_01174589.txt
HTAR: a   instcat_y05_191109/job_log_01174590.txt
HTAR: a   instcat_y05_191109/job_log_01174591.txt
HTAR: a   instcat_y05_191109/job_log_01174593.txt
HTAR: a   instcat_y05_191109/job_log_01174608.txt
HTAR: a   instcat_y05_191109/job_log_01174609.txt
HTAR: a   instcat_y05_191109/job_log_01175308.txt
HTAR: a   instcat_y05_191109/job_log_01175309.txt
HTAR: a   instcat_y05_191109/job_log_01175348.txt
HTAR: a   instcat_y05_191109/job_log_01175349.txt
HTAR: a   instcat_y05_191109/job_log_01175394.txt
HTAR: a   instcat_y05_191109/job_log_01175395.txt
HTAR: a   instcat_y05_191109/job_log_01175396.txt
HTAR: a   instcat_y05_191109/job_log_01175435.txt
HTAR: a   instcat_y05_191109/job_log_01175436.txt
HTAR: a   instcat_y05_191109/job_log_01175437.txt
HTAR: a   instcat_y05_191109/job_log_01175438.txt
HTAR: a   instcat_y05_191109/job_log_01175451.txt
HTAR: a   instcat_y05_191109/job_log_01175452.txt
HTAR: a   instcat_y05_191109/job_log_01175453.txt
HTAR: a   instcat_y05_191109/job_log_01175470.txt
HTAR: a   instcat_y05_191109/job_log_01175493.txt
HTAR: a   instcat_y05_191109/job_log_01176105.txt
HTAR: a   instcat_y05_191109/job_log_01176106.txt
HTAR: a   instcat_y05_191109/job_log_01176135.txt
HTAR: a   instcat_y05_191109/job_log_01176136.txt
HTAR: a   instcat_y05_191109/job_log_01176137.txt
HTAR: a   instcat_y05_191109/job_log_01176138.txt
HTAR: a   instcat_y05_191109/job_log_01176139.txt
HTAR: a   instcat_y05_191109/job_log_01176140.txt
HTAR: a   instcat_y05_191109/job_log_01176141.txt
HTAR: a   instcat_y05_191109/job_log_01176146.txt
HTAR: a   instcat_y05_191109/job_log_01176147.txt
HTAR: a   instcat_y05_191109/job_log_01176148.txt
HTAR: a   instcat_y05_191109/job_log_01176149.txt
HTAR: a   instcat_y05_191109/job_log_01176150.txt
HTAR: a   instcat_y05_191109/job_log_01176151.txt
HTAR: a   instcat_y05_191109/job_log_01176152.txt
HTAR: a   instcat_y05_191109/job_log_01176153.txt
HTAR: a   instcat_y05_191109/job_log_01176154.txt
HTAR: a   instcat_y05_191109/job_log_01176155.txt
HTAR: a   instcat_y05_191109/job_log_01176156.txt
HTAR: a   instcat_y05_191109/job_log_01176157.txt
HTAR: a   instcat_y05_191109/job_log_01176158.txt
HTAR: a   instcat_y05_191109/job_log_01176159.txt
HTAR: a   instcat_y05_191109/job_log_01176160.txt
HTAR: a   instcat_y05_191109/job_log_01176161.txt
HTAR: a   instcat_y05_191109/job_log_01176162.txt
HTAR: a   instcat_y05_191109/job_log_01176163.txt
HTAR: a   instcat_y05_191109/job_log_01176164.txt
HTAR: a   instcat_y05_191109/job_log_01176165.txt
HTAR: a   instcat_y05_191109/job_log_01176172.txt
HTAR: a   instcat_y05_191109/job_log_01176173.txt
HTAR: a   instcat_y05_191109/job_log_01176194.txt
HTAR: a   instcat_y05_191109/job_log_01176195.txt
HTAR: a   instcat_y05_191109/job_log_01176196.txt
HTAR: a   instcat_y05_191109/job_log_01176197.txt
HTAR: a   instcat_y05_191109/job_log_01176198.txt
HTAR: a   instcat_y05_191109/job_log_01176199.txt
HTAR: a   instcat_y05_191109/job_log_01176208.txt
HTAR: a   instcat_y05_191109/job_log_01176209.txt
HTAR: a   /tmp/HTAR_CF_CHK_31219_1580741474
HTAR Create complete for /home/projects/desc/DC2_ImSim/Run2.2i/instCat/y05_191109/01174418to01176209.tar. 518,672,087,040 bytes written for 240 member files, max threads: 50 Transfer time: 5843.355 seconds (88.763 MB/s) wallclock/user/sys: 5846.392 4192.265 1826.929 seconds
HTAR: HTAR SUCCESSFUL
HTAR: a   instcat_y05_191109/01176210.tar.gz
HTAR: a   instcat_y05_191109/01176230.tar.gz
HTAR: a   instcat_y05_191109/01176231.tar.gz
HTAR: a   instcat_y05_191109/01176232.tar.gz
HTAR: a   instcat_y05_191109/01176233.tar.gz
HTAR: a   instcat_y05_191109/01176236.tar.gz
HTAR: a   instcat_y05_191109/01176237.tar.gz
HTAR: a   instcat_y05_191109/01176238.tar.gz
HTAR: a   instcat_y05_191109/01176239.tar.gz
HTAR: a   instcat_y05_191109/01176240.tar.gz
HTAR: a   instcat_y05_191109/01176241.tar.gz
HTAR: a   instcat_y05_191109/01176242.tar.gz
HTAR: a   instcat_y05_191109/01176243.tar.gz
HTAR: a   instcat_y05_191109/01176245.tar.gz
HTAR: a   instcat_y05_191109/01176246.tar.gz
HTAR: a   instcat_y05_191109/01176247.tar.gz
HTAR: a   instcat_y05_191109/01176248.tar.gz
HTAR: a   instcat_y05_191109/01176249.tar.gz
HTAR: a   instcat_y05_191109/01176250.tar.gz
HTAR: a   instcat_y05_191109/01176251.tar.gz
HTAR: a   instcat_y05_191109/01176252.tar.gz
HTAR: a   instcat_y05_191109/01176253.tar.gz
HTAR: a   instcat_y05_191109/01176257.tar.gz
HTAR: a   instcat_y05_191109/01176258.tar.gz
HTAR: a   instcat_y05_191109/01176259.tar.gz
HTAR: a   instcat_y05_191109/01176263.tar.gz
HTAR: a   instcat_y05_191109/01176271.tar.gz
HTAR: a   instcat_y05_191109/01176278.tar.gz
HTAR: a   instcat_y05_191109/01176279.tar.gz
HTAR: a   instcat_y05_191109/01176280.tar.gz
HTAR: a   instcat_y05_191109/01176298.tar.gz
HTAR: a   instcat_y05_191109/01176299.tar.gz
HTAR: a   instcat_y05_191109/01176300.tar.gz
HTAR: a   instcat_y05_191109/01176301.tar.gz
HTAR: a   instcat_y05_191109/01176302.tar.gz
HTAR: a   instcat_y05_191109/01176303.tar.gz
HTAR: a   instcat_y05_191109/01176304.tar.gz
HTAR: a   instcat_y05_191109/01176512.tar.gz
HTAR: a   instcat_y05_191109/01176513.tar.gz
HTAR: a   instcat_y05_191109/01176514.tar.gz
HTAR: a   instcat_y05_191109/01176515.tar.gz
HTAR: a   instcat_y05_191109/01176516.tar.gz
HTAR: a   instcat_y05_191109/01176517.tar.gz
HTAR: a   instcat_y05_191109/01176518.tar.gz
HTAR: a   instcat_y05_191109/01176519.tar.gz
HTAR: a   instcat_y05_191109/01176520.tar.gz
HTAR: a   instcat_y05_191109/01176521.tar.gz
HTAR: a   instcat_y05_191109/01176522.tar.gz
HTAR: a   instcat_y05_191109/01176523.tar.gz
HTAR: a   instcat_y05_191109/01176524.tar.gz
HTAR: a   instcat_y05_191109/01176525.tar.gz
HTAR: a   instcat_y05_191109/01176526.tar.gz
HTAR: a   instcat_y05_191109/01176527.tar.gz
HTAR: a   instcat_y05_191109/01176528.tar.gz
HTAR: a   instcat_y05_191109/01176529.tar.gz
HTAR: a   instcat_y05_191109/01176530.tar.gz
HTAR: a   instcat_y05_191109/01176531.tar.gz
HTAR: a   instcat_y05_191109/01176532.tar.gz
HTAR: a   instcat_y05_191109/01176533.tar.gz
HTAR: a   instcat_y05_191109/01176534.tar.gz
HTAR: a   instcat_y05_191109/01176535.tar.gz
HTAR: a   instcat_y05_191109/01176536.tar.gz
HTAR: a   instcat_y05_191109/01176537.tar.gz
HTAR: a   instcat_y05_191109/01176538.tar.gz
HTAR: a   instcat_y05_191109/01176539.tar.gz
HTAR: a   instcat_y05_191109/01176540.tar.gz
HTAR: a   instcat_y05_191109/01176541.tar.gz
HTAR: a   instcat_y05_191109/01176542.tar.gz
HTAR: a   instcat_y05_191109/01176543.tar.gz
HTAR: a   instcat_y05_191109/01176544.tar.gz
HTAR: a   instcat_y05_191109/01176545.tar.gz
HTAR: a   instcat_y05_191109/01176546.tar.gz
HTAR: a   instcat_y05_191109/01176547.tar.gz
HTAR: a   instcat_y05_191109/01176548.tar.gz
HTAR: a   instcat_y05_191109/01176549.tar.gz
HTAR: a   instcat_y05_191109/01176550.tar.gz
HTAR: a   instcat_y05_191109/01176551.tar.gz
HTAR: a   instcat_y05_191109/01176552.tar.gz
HTAR: a   instcat_y05_191109/01176553.tar.gz
HTAR: a   instcat_y05_191109/01176554.tar.gz
HTAR: a   instcat_y05_191109/01176555.tar.gz
HTAR: a   instcat_y05_191109/01176556.tar.gz
HTAR: a   instcat_y05_191109/01176557.tar.gz
HTAR: a   instcat_y05_191109/01176558.tar.gz
HTAR: a   instcat_y05_191109/01176559.tar.gz
HTAR: a   instcat_y05_191109/01176560.tar.gz
HTAR: a   instcat_y05_191109/01176561.tar.gz
HTAR: a   instcat_y05_191109/01176562.tar.gz
HTAR: a   instcat_y05_191109/01176563.tar.gz
HTAR: a   instcat_y05_191109/01176564.tar.gz
HTAR: a   instcat_y05_191109/01176565.tar.gz
HTAR: a   instcat_y05_191109/01176566.tar.gz
HTAR: a   instcat_y05_191109/01176567.tar.gz
HTAR: a   instcat_y05_191109/01176568.tar.gz
HTAR: a   instcat_y05_191109/01176569.tar.gz
HTAR: a   instcat_y05_191109/01176570.tar.gz
HTAR: a   instcat_y05_191109/01176571.tar.gz
HTAR: a   instcat_y05_191109/01176572.tar.gz
HTAR: a   instcat_y05_191109/01176573.tar.gz
HTAR: a   instcat_y05_191109/01176574.tar.gz
HTAR: a   instcat_y05_191109/01176575.tar.gz
HTAR: a   instcat_y05_191109/01176576.tar.gz
HTAR: a   instcat_y05_191109/01176577.tar.gz
HTAR: a   instcat_y05_191109/01176978.tar.gz
HTAR: a   instcat_y05_191109/01176979.tar.gz
HTAR: a   instcat_y05_191109/01176992.tar.gz
HTAR: a   instcat_y05_191109/01176995.tar.gz
HTAR: a   instcat_y05_191109/01176996.tar.gz
HTAR: a   instcat_y05_191109/01176997.tar.gz
HTAR: a   instcat_y05_191109/01176998.tar.gz
HTAR: a   instcat_y05_191109/01176999.tar.gz
HTAR: a   instcat_y05_191109/01177000.tar.gz
HTAR: a   instcat_y05_191109/01177001.tar.gz
HTAR: a   instcat_y05_191109/01177002.tar.gz
HTAR: a   instcat_y05_191109/01177012.tar.gz
HTAR: a   instcat_y05_191109/01177013.tar.gz
HTAR: a   instcat_y05_191109/01177014.tar.gz
HTAR: a   instcat_y05_191109/01177015.tar.gz
HTAR: a   instcat_y05_191109/01177017.tar.gz
HTAR: a   instcat_y05_191109/01177018.tar.gz
HTAR: a   instcat_y05_191109/job_log_01176210.txt
HTAR: a   instcat_y05_191109/job_log_01176230.txt
HTAR: a   instcat_y05_191109/job_log_01176231.txt
HTAR: a   instcat_y05_191109/job_log_01176232.txt
HTAR: a   instcat_y05_191109/job_log_01176233.txt
HTAR: a   instcat_y05_191109/job_log_01176236.txt
HTAR: a   instcat_y05_191109/job_log_01176237.txt
HTAR: a   instcat_y05_191109/job_log_01176238.txt
HTAR: a   instcat_y05_191109/job_log_01176239.txt
HTAR: a   instcat_y05_191109/job_log_01176240.txt
HTAR: a   instcat_y05_191109/job_log_01176241.txt
HTAR: a   instcat_y05_191109/job_log_01176242.txt
HTAR: a   instcat_y05_191109/job_log_01176243.txt
HTAR: a   instcat_y05_191109/job_log_01176245.txt
HTAR: a   instcat_y05_191109/job_log_01176246.txt
HTAR: a   instcat_y05_191109/job_log_01176247.txt
HTAR: a   instcat_y05_191109/job_log_01176248.txt
HTAR: a   instcat_y05_191109/job_log_01176249.txt
HTAR: a   instcat_y05_191109/job_log_01176250.txt
HTAR: a   instcat_y05_191109/job_log_01176251.txt
HTAR: a   instcat_y05_191109/job_log_01176252.txt
HTAR: a   instcat_y05_191109/job_log_01176253.txt
HTAR: a   instcat_y05_191109/job_log_01176257.txt
HTAR: a   instcat_y05_191109/job_log_01176258.txt
HTAR: a   instcat_y05_191109/job_log_01176259.txt
HTAR: a   instcat_y05_191109/job_log_01176263.txt
HTAR: a   instcat_y05_191109/job_log_01176271.txt
HTAR: a   instcat_y05_191109/job_log_01176278.txt
HTAR: a   instcat_y05_191109/job_log_01176279.txt
HTAR: a   instcat_y05_191109/job_log_01176280.txt
HTAR: a   instcat_y05_191109/job_log_01176298.txt
HTAR: a   instcat_y05_191109/job_log_01176299.txt
HTAR: a   instcat_y05_191109/job_log_01176300.txt
HTAR: a   instcat_y05_191109/job_log_01176301.txt
HTAR: a   instcat_y05_191109/job_log_01176302.txt
HTAR: a   instcat_y05_191109/job_log_01176303.txt
HTAR: a   instcat_y05_191109/job_log_01176304.txt
HTAR: a   instcat_y05_191109/job_log_01176512.txt
HTAR: a   instcat_y05_191109/job_log_01176513.txt
HTAR: a   instcat_y05_191109/job_log_01176514.txt
HTAR: a   instcat_y05_191109/job_log_01176515.txt
HTAR: a   instcat_y05_191109/job_log_01176516.txt
HTAR: a   instcat_y05_191109/job_log_01176517.txt
HTAR: a   instcat_y05_191109/job_log_01176518.txt
HTAR: a   instcat_y05_191109/job_log_01176519.txt
HTAR: a   instcat_y05_191109/job_log_01176520.txt
HTAR: a   instcat_y05_191109/job_log_01176521.txt
HTAR: a   instcat_y05_191109/job_log_01176522.txt
HTAR: a   instcat_y05_191109/job_log_01176523.txt
HTAR: a   instcat_y05_191109/job_log_01176524.txt
HTAR: a   instcat_y05_191109/job_log_01176525.txt
HTAR: a   instcat_y05_191109/job_log_01176526.txt
HTAR: a   instcat_y05_191109/job_log_01176527.txt
HTAR: a   instcat_y05_191109/job_log_01176528.txt
HTAR: a   instcat_y05_191109/job_log_01176529.txt
HTAR: a   instcat_y05_191109/job_log_01176530.txt
HTAR: a   instcat_y05_191109/job_log_01176531.txt
HTAR: a   instcat_y05_191109/job_log_01176532.txt
HTAR: a   instcat_y05_191109/job_log_01176533.txt
HTAR: a   instcat_y05_191109/job_log_01176534.txt
HTAR: a   instcat_y05_191109/job_log_01176535.txt
HTAR: a   instcat_y05_191109/job_log_01176536.txt
HTAR: a   instcat_y05_191109/job_log_01176537.txt
HTAR: a   instcat_y05_191109/job_log_01176538.txt
HTAR: a   instcat_y05_191109/job_log_01176539.txt
HTAR: a   instcat_y05_191109/job_log_01176540.txt
HTAR: a   instcat_y05_191109/job_log_01176541.txt
HTAR: a   instcat_y05_191109/job_log_01176542.txt
HTAR: a   instcat_y05_191109/job_log_01176543.txt
HTAR: a   instcat_y05_191109/job_log_01176544.txt
HTAR: a   instcat_y05_191109/job_log_01176545.txt
HTAR: a   instcat_y05_191109/job_log_01176546.txt
HTAR: a   instcat_y05_191109/job_log_01176547.txt
HTAR: a   instcat_y05_191109/job_log_01176548.txt
HTAR: a   instcat_y05_191109/job_log_01176549.txt
HTAR: a   instcat_y05_191109/job_log_01176550.txt
HTAR: a   instcat_y05_191109/job_log_01176551.txt
HTAR: a   instcat_y05_191109/job_log_01176552.txt
HTAR: a   instcat_y05_191109/job_log_01176553.txt
HTAR: a   instcat_y05_191109/job_log_01176554.txt
HTAR: a   instcat_y05_191109/job_log_01176555.txt
HTAR: a   instcat_y05_191109/job_log_01176556.txt
HTAR: a   instcat_y05_191109/job_log_01176557.txt
HTAR: a   instcat_y05_191109/job_log_01176558.txt
HTAR: a   instcat_y05_191109/job_log_01176559.txt
HTAR: a   instcat_y05_191109/job_log_01176560.txt
HTAR: a   instcat_y05_191109/job_log_01176561.txt
HTAR: a   instcat_y05_191109/job_log_01176562.txt
HTAR: a   instcat_y05_191109/job_log_01176563.txt
HTAR: a   instcat_y05_191109/job_log_01176564.txt
HTAR: a   instcat_y05_191109/job_log_01176565.txt
HTAR: a   instcat_y05_191109/job_log_01176566.txt
HTAR: a   instcat_y05_191109/job_log_01176567.txt
HTAR: a   instcat_y05_191109/job_log_01176568.txt
HTAR: a   instcat_y05_191109/job_log_01176569.txt
HTAR: a   instcat_y05_191109/job_log_01176570.txt
HTAR: a   instcat_y05_191109/job_log_01176571.txt
HTAR: a   instcat_y05_191109/job_log_01176572.txt
HTAR: a   instcat_y05_191109/job_log_01176573.txt
HTAR: a   instcat_y05_191109/job_log_01176574.txt
HTAR: a   instcat_y05_191109/job_log_01176575.txt
HTAR: a   instcat_y05_191109/job_log_01176576.txt
HTAR: a   instcat_y05_191109/job_log_01176577.txt
HTAR: a   instcat_y05_191109/job_log_01176978.txt
HTAR: a   instcat_y05_191109/job_log_01176979.txt
HTAR: a   instcat_y05_191109/job_log_01176992.txt
HTAR: a   instcat_y05_191109/job_log_01176995.txt
HTAR: a   instcat_y05_191109/job_log_01176996.txt
HTAR: a   instcat_y05_191109/job_log_01176997.txt
HTAR: a   instcat_y05_191109/job_log_01176998.txt
HTAR: a   instcat_y05_191109/job_log_01176999.txt
HTAR: a   instcat_y05_191109/job_log_01177000.txt
HTAR: a   instcat_y05_191109/job_log_01177001.txt
HTAR: a   instcat_y05_191109/job_log_01177002.txt
HTAR: a   instcat_y05_191109/job_log_01177012.txt
HTAR: a   instcat_y05_191109/job_log_01177013.txt
HTAR: a   instcat_y05_191109/job_log_01177014.txt
HTAR: a   instcat_y05_191109/job_log_01177015.txt
HTAR: a   instcat_y05_191109/job_log_01177017.txt
HTAR: a   instcat_y05_191109/job_log_01177018.txt
HTAR: a   /tmp/HTAR_CF_CHK_53430_1580747324
HTAR Create complete for /home/projects/desc/DC2_ImSim/Run2.2i/instCat/y05_191109/01176210to01177018.tar. 534,327,505,920 bytes written for 240 member files, max threads: 41 Transfer time: 4695.607 seconds (113.793 MB/s) wallclock/user/sys: 4698.721 4448.784 1603.371 seconds
HTAR: HTAR SUCCESSFUL
HTAR: a   instcat_y05_191109/01177033.tar.gz
HTAR: a   instcat_y05_191109/01177034.tar.gz
HTAR: a   instcat_y05_191109/01177035.tar.gz
HTAR: a   instcat_y05_191109/01177036.tar.gz
HTAR: a   instcat_y05_191109/01177037.tar.gz
HTAR: a   instcat_y05_191109/01177038.tar.gz
HTAR: a   instcat_y05_191109/01177143.tar.gz
HTAR: a   instcat_y05_191109/01177144.tar.gz
HTAR: a   instcat_y05_191109/01177145.tar.gz
HTAR: a   instcat_y05_191109/01177148.tar.gz
HTAR: a   instcat_y05_191109/01177159.tar.gz
HTAR: a   instcat_y05_191109/01177160.tar.gz
HTAR: a   instcat_y05_191109/01177161.tar.gz
HTAR: a   instcat_y05_191109/01177162.tar.gz
HTAR: a   instcat_y05_191109/01177163.tar.gz
HTAR: a   instcat_y05_191109/01177164.tar.gz
HTAR: a   instcat_y05_191109/01177165.tar.gz
HTAR: a   instcat_y05_191109/01177166.tar.gz
HTAR: a   instcat_y05_191109/01177167.tar.gz
HTAR: a   instcat_y05_191109/01177168.tar.gz
HTAR: a   instcat_y05_191109/01177169.tar.gz
HTAR: a   instcat_y05_191109/01177174.tar.gz
HTAR: a   instcat_y05_191109/01177175.tar.gz
HTAR: a   instcat_y05_191109/01177176.tar.gz
HTAR: a   instcat_y05_191109/01177177.tar.gz
HTAR: a   instcat_y05_191109/01177178.tar.gz
HTAR: a   instcat_y05_191109/01177284.tar.gz
HTAR: a   instcat_y05_191109/01177434.tar.gz
HTAR: a   instcat_y05_191109/01177435.tar.gz
HTAR: a   instcat_y05_191109/01178286.tar.gz
HTAR: a   instcat_y05_191109/01178287.tar.gz
HTAR: a   instcat_y05_191109/01178288.tar.gz
HTAR: a   instcat_y05_191109/01178323.tar.gz
HTAR: a   instcat_y05_191109/01178324.tar.gz
HTAR: a   instcat_y05_191109/01178334.tar.gz
HTAR: a   instcat_y05_191109/01178340.tar.gz
HTAR: a   instcat_y05_191109/01178341.tar.gz
HTAR: a   instcat_y05_191109/01178846.tar.gz
HTAR: a   instcat_y05_191109/01178855.tar.gz
HTAR: a   instcat_y05_191109/01178856.tar.gz
HTAR: a   instcat_y05_191109/01178857.tar.gz
HTAR: a   instcat_y05_191109/01178897.tar.gz
HTAR: a   instcat_y05_191109/01178898.tar.gz
HTAR: a   instcat_y05_191109/01178899.tar.gz
HTAR: a   instcat_y05_191109/01178900.tar.gz
HTAR: a   instcat_y05_191109/01178901.tar.gz
HTAR: a   instcat_y05_191109/01178902.tar.gz
HTAR: a   instcat_y05_191109/01178903.tar.gz
HTAR: a   instcat_y05_191109/01178904.tar.gz
HTAR: a   instcat_y05_191109/01178911.tar.gz
HTAR: a   instcat_y05_191109/01178912.tar.gz
HTAR: a   instcat_y05_191109/01178913.tar.gz
HTAR: a   instcat_y05_191109/01178914.tar.gz
HTAR: a   instcat_y05_191109/01178915.tar.gz
HTAR: a   instcat_y05_191109/01178916.tar.gz
HTAR: a   instcat_y05_191109/01178917.tar.gz
HTAR: a   instcat_y05_191109/01178921.tar.gz
HTAR: a   instcat_y05_191109/01178922.tar.gz
HTAR: a   instcat_y05_191109/01178923.tar.gz
HTAR: a   instcat_y05_191109/01178924.tar.gz
HTAR: a   instcat_y05_191109/01178925.tar.gz
HTAR: a   instcat_y05_191109/01178926.tar.gz
HTAR: a   instcat_y05_191109/01178927.tar.gz
HTAR: a   instcat_y05_191109/01178932.tar.gz
HTAR: a   instcat_y05_191109/01178933.tar.gz
HTAR: a   instcat_y05_191109/01178934.tar.gz
HTAR: a   instcat_y05_191109/01178935.tar.gz
HTAR: a   instcat_y05_191109/01178977.tar.gz
HTAR: a   instcat_y05_191109/01179119.tar.gz
HTAR: a   instcat_y05_191109/01179120.tar.gz
HTAR: a   instcat_y05_191109/01179121.tar.gz
HTAR: a   instcat_y05_191109/01179122.tar.gz
HTAR: a   instcat_y05_191109/01179124.tar.gz
HTAR: a   instcat_y05_191109/01179125.tar.gz
HTAR: a   instcat_y05_191109/01179129.tar.gz
HTAR: a   instcat_y05_191109/01179130.tar.gz
HTAR: a   instcat_y05_191109/01179213.tar.gz
HTAR: a   instcat_y05_191109/01179994.tar.gz
HTAR: a   instcat_y05_191109/01179995.tar.gz
HTAR: a   instcat_y05_191109/01180040.tar.gz
HTAR: a   instcat_y05_191109/01180041.tar.gz
HTAR: a   instcat_y05_191109/01180079.tar.gz
HTAR: a   instcat_y05_191109/01180080.tar.gz
HTAR: a   instcat_y05_191109/01180104.tar.gz
HTAR: a   instcat_y05_191109/01180455.tar.gz
HTAR: a   instcat_y05_191109/01180456.tar.gz
HTAR: a   instcat_y05_191109/01180527.tar.gz
HTAR: a   instcat_y05_191109/01180528.tar.gz
HTAR: a   instcat_y05_191109/01180529.tar.gz
HTAR: a   instcat_y05_191109/01180530.tar.gz
HTAR: a   instcat_y05_191109/01180531.tar.gz
HTAR: a   instcat_y05_191109/01180579.tar.gz
HTAR: a   instcat_y05_191109/01180580.tar.gz
HTAR: a   instcat_y05_191109/01180581.tar.gz
HTAR: a   instcat_y05_191109/01180582.tar.gz
HTAR: a   instcat_y05_191109/01180583.tar.gz
HTAR: a   instcat_y05_191109/01180892.tar.gz
HTAR: a   instcat_y05_191109/01180893.tar.gz
HTAR: a   instcat_y05_191109/01180894.tar.gz
HTAR: a   instcat_y05_191109/01180895.tar.gz
HTAR: a   instcat_y05_191109/01180919.tar.gz
HTAR: a   instcat_y05_191109/01180920.tar.gz
HTAR: a   instcat_y05_191109/01180921.tar.gz
HTAR: a   instcat_y05_191109/01180922.tar.gz
HTAR: a   instcat_y05_191109/01180923.tar.gz
HTAR: a   instcat_y05_191109/01180933.tar.gz
HTAR: a   instcat_y05_191109/01180934.tar.gz
HTAR: a   instcat_y05_191109/01181556.tar.gz
HTAR: a   instcat_y05_191109/01181557.tar.gz
HTAR: a   instcat_y05_191109/01181558.tar.gz
HTAR: a   instcat_y05_191109/01181559.tar.gz
HTAR: a   instcat_y05_191109/01181560.tar.gz
HTAR: a   instcat_y05_191109/01181561.tar.gz
HTAR: a   instcat_y05_191109/01181562.tar.gz
HTAR: a   instcat_y05_191109/01181563.tar.gz
HTAR: a   instcat_y05_191109/01181564.tar.gz
HTAR: a   instcat_y05_191109/01181565.tar.gz
HTAR: a   instcat_y05_191109/01181566.tar.gz
HTAR: a   instcat_y05_191109/01181567.tar.gz
HTAR: a   instcat_y05_191109/01181568.tar.gz
HTAR: a   instcat_y05_191109/job_log_01177033.txt
HTAR: a   instcat_y05_191109/job_log_01177034.txt
HTAR: a   instcat_y05_191109/job_log_01177035.txt
HTAR: a   instcat_y05_191109/job_log_01177036.txt
HTAR: a   instcat_y05_191109/job_log_01177037.txt
HTAR: a   instcat_y05_191109/job_log_01177038.txt
HTAR: a   instcat_y05_191109/job_log_01177143.txt
HTAR: a   instcat_y05_191109/job_log_01177144.txt
HTAR: a   instcat_y05_191109/job_log_01177145.txt
HTAR: a   instcat_y05_191109/job_log_01177148.txt
HTAR: a   instcat_y05_191109/job_log_01177159.txt
HTAR: a   instcat_y05_191109/job_log_01177160.txt
HTAR: a   instcat_y05_191109/job_log_01177161.txt
HTAR: a   instcat_y05_191109/job_log_01177162.txt
HTAR: a   instcat_y05_191109/job_log_01177163.txt
HTAR: a   instcat_y05_191109/job_log_01177164.txt
HTAR: a   instcat_y05_191109/job_log_01177165.txt
HTAR: a   instcat_y05_191109/job_log_01177166.txt
HTAR: a   instcat_y05_191109/job_log_01177167.txt
HTAR: a   instcat_y05_191109/job_log_01177168.txt
HTAR: a   instcat_y05_191109/job_log_01177169.txt
HTAR: a   instcat_y05_191109/job_log_01177174.txt
HTAR: a   instcat_y05_191109/job_log_01177175.txt
HTAR: a   instcat_y05_191109/job_log_01177176.txt
HTAR: a   instcat_y05_191109/job_log_01177177.txt
HTAR: a   instcat_y05_191109/job_log_01177178.txt
HTAR: a   instcat_y05_191109/job_log_01177284.txt
HTAR: a   instcat_y05_191109/job_log_01177434.txt
HTAR: a   instcat_y05_191109/job_log_01177435.txt
HTAR: a   instcat_y05_191109/job_log_01178286.txt
HTAR: a   instcat_y05_191109/job_log_01178287.txt
HTAR: a   instcat_y05_191109/job_log_01178288.txt
HTAR: a   instcat_y05_191109/job_log_01178323.txt
HTAR: a   instcat_y05_191109/job_log_01178324.txt
HTAR: a   instcat_y05_191109/job_log_01178334.txt
HTAR: a   instcat_y05_191109/job_log_01178340.txt
HTAR: a   instcat_y05_191109/job_log_01178341.txt
HTAR: a   instcat_y05_191109/job_log_01178846.txt
HTAR: a   instcat_y05_191109/job_log_01178855.txt
HTAR: a   instcat_y05_191109/job_log_01178856.txt
HTAR: a   instcat_y05_191109/job_log_01178857.txt
HTAR: a   instcat_y05_191109/job_log_01178897.txt
HTAR: a   instcat_y05_191109/job_log_01178898.txt
HTAR: a   instcat_y05_191109/job_log_01178899.txt
HTAR: a   instcat_y05_191109/job_log_01178900.txt
HTAR: a   instcat_y05_191109/job_log_01178901.txt
HTAR: a   instcat_y05_191109/job_log_01178902.txt
HTAR: a   instcat_y05_191109/job_log_01178903.txt
HTAR: a   instcat_y05_191109/job_log_01178904.txt
HTAR: a   instcat_y05_191109/job_log_01178911.txt
HTAR: a   instcat_y05_191109/job_log_01178912.txt
HTAR: a   instcat_y05_191109/job_log_01178913.txt
HTAR: a   instcat_y05_191109/job_log_01178914.txt
HTAR: a   instcat_y05_191109/job_log_01178915.txt
HTAR: a   instcat_y05_191109/job_log_01178916.txt
HTAR: a   instcat_y05_191109/job_log_01178917.txt
HTAR: a   instcat_y05_191109/job_log_01178921.txt
HTAR: a   instcat_y05_191109/job_log_01178922.txt
HTAR: a   instcat_y05_191109/job_log_01178923.txt
HTAR: a   instcat_y05_191109/job_log_01178924.txt
HTAR: a   instcat_y05_191109/job_log_01178925.txt
HTAR: a   instcat_y05_191109/job_log_01178926.txt
HTAR: a   instcat_y05_191109/job_log_01178927.txt
HTAR: a   instcat_y05_191109/job_log_01178932.txt
HTAR: a   instcat_y05_191109/job_log_01178933.txt
HTAR: a   instcat_y05_191109/job_log_01178934.txt
HTAR: a   instcat_y05_191109/job_log_01178935.txt
HTAR: a   instcat_y05_191109/job_log_01178977.txt
HTAR: a   instcat_y05_191109/job_log_01179119.txt
HTAR: a   instcat_y05_191109/job_log_01179120.txt
HTAR: a   instcat_y05_191109/job_log_01179121.txt
HTAR: a   instcat_y05_191109/job_log_01179122.txt
HTAR: a   instcat_y05_191109/job_log_01179124.txt
HTAR: a   instcat_y05_191109/job_log_01179125.txt
HTAR: a   instcat_y05_191109/job_log_01179129.txt
HTAR: a   instcat_y05_191109/job_log_01179130.txt
HTAR: a   instcat_y05_191109/job_log_01179213.txt
HTAR: a   instcat_y05_191109/job_log_01179994.txt
HTAR: a   instcat_y05_191109/job_log_01179995.txt
HTAR: a   instcat_y05_191109/job_log_01180040.txt
HTAR: a   instcat_y05_191109/job_log_01180041.txt
HTAR: a   instcat_y05_191109/job_log_01180079.txt
HTAR: a   instcat_y05_191109/job_log_01180080.txt
HTAR: a   instcat_y05_191109/job_log_01180104.txt
HTAR: a   instcat_y05_191109/job_log_01180455.txt
HTAR: a   instcat_y05_191109/job_log_01180456.txt
HTAR: a   instcat_y05_191109/job_log_01180527.txt
HTAR: a   instcat_y05_191109/job_log_01180528.txt
HTAR: a   instcat_y05_191109/job_log_01180529.txt
HTAR: a   instcat_y05_191109/job_log_01180530.txt
HTAR: a   instcat_y05_191109/job_log_01180531.txt
HTAR: a   instcat_y05_191109/job_log_01180579.txt
HTAR: a   instcat_y05_191109/job_log_01180580.txt
HTAR: a   instcat_y05_191109/job_log_01180581.txt
HTAR: a   instcat_y05_191109/job_log_01180582.txt
HTAR: a   instcat_y05_191109/job_log_01180583.txt
HTAR: a   instcat_y05_191109/job_log_01180892.txt
HTAR: a   instcat_y05_191109/job_log_01180893.txt
HTAR: a   instcat_y05_191109/job_log_01180894.txt
HTAR: a   instcat_y05_191109/job_log_01180895.txt
HTAR: a   instcat_y05_191109/job_log_01180919.txt
HTAR: a   instcat_y05_191109/job_log_01180920.txt
HTAR: a   instcat_y05_191109/job_log_01180921.txt
HTAR: a   instcat_y05_191109/job_log_01180922.txt
HTAR: a   instcat_y05_191109/job_log_01180923.txt
HTAR: a   instcat_y05_191109/job_log_01180933.txt
HTAR: a   instcat_y05_191109/job_log_01180934.txt
HTAR: a   instcat_y05_191109/job_log_01181556.txt
HTAR: a   instcat_y05_191109/job_log_01181557.txt
HTAR: a   instcat_y05_191109/job_log_01181558.txt
HTAR: a   instcat_y05_191109/job_log_01181559.txt
HTAR: a   instcat_y05_191109/job_log_01181560.txt
HTAR: a   instcat_y05_191109/job_log_01181561.txt
HTAR: a   instcat_y05_191109/job_log_01181562.txt
HTAR: a   instcat_y05_191109/job_log_01181563.txt
HTAR: a   instcat_y05_191109/job_log_01181564.txt
HTAR: a   instcat_y05_191109/job_log_01181565.txt
HTAR: a   instcat_y05_191109/job_log_01181566.txt
HTAR: a   instcat_y05_191109/job_log_01181567.txt
HTAR: a   instcat_y05_191109/job_log_01181568.txt
HTAR: a   /tmp/HTAR_CF_CHK_43944_1580752023
HTAR Create complete for /home/projects/desc/DC2_ImSim/Run2.2i/instCat/y05_191109/01177033to01181568.tar. 532,908,010,496 bytes written for 240 member files, max threads: 42 Transfer time: 3923.688 seconds (135.818 MB/s) wallclock/user/sys: 3924.192 4610.882 1522.029 seconds
HTAR: HTAR SUCCESSFUL
HTAR: a   instcat_y05_191109/01181569.tar.gz
HTAR: a   instcat_y05_191109/01181570.tar.gz
HTAR: a   instcat_y05_191109/01181571.tar.gz
HTAR: a   instcat_y05_191109/01181572.tar.gz
HTAR: a   instcat_y05_191109/01181573.tar.gz
HTAR: a   instcat_y05_191109/01181574.tar.gz
HTAR: a   instcat_y05_191109/01181575.tar.gz
HTAR: a   instcat_y05_191109/01181576.tar.gz
HTAR: a   instcat_y05_191109/01181577.tar.gz
HTAR: a   instcat_y05_191109/01181578.tar.gz
HTAR: a   instcat_y05_191109/01181579.tar.gz
HTAR: a   instcat_y05_191109/01181580.tar.gz
HTAR: a   instcat_y05_191109/01181581.tar.gz
HTAR: a   instcat_y05_191109/01181582.tar.gz
HTAR: a   instcat_y05_191109/01181583.tar.gz
HTAR: a   instcat_y05_191109/01181584.tar.gz
HTAR: a   instcat_y05_191109/01181585.tar.gz
HTAR: a   instcat_y05_191109/01181586.tar.gz
HTAR: a   instcat_y05_191109/01181587.tar.gz
HTAR: a   instcat_y05_191109/01181588.tar.gz
HTAR: a   instcat_y05_191109/01181589.tar.gz
HTAR: a   instcat_y05_191109/01181590.tar.gz
HTAR: a   instcat_y05_191109/01181591.tar.gz
HTAR: a   instcat_y05_191109/01181592.tar.gz
HTAR: a   instcat_y05_191109/01181593.tar.gz
HTAR: a   instcat_y05_191109/01181594.tar.gz
HTAR: a   instcat_y05_191109/01181595.tar.gz
HTAR: a   instcat_y05_191109/01181596.tar.gz
HTAR: a   instcat_y05_191109/01181597.tar.gz
HTAR: a   instcat_y05_191109/01181598.tar.gz
HTAR: a   instcat_y05_191109/01181599.tar.gz
HTAR: a   instcat_y05_191109/01181600.tar.gz
HTAR: a   instcat_y05_191109/01181601.tar.gz
HTAR: a   instcat_y05_191109/01181602.tar.gz
HTAR: a   instcat_y05_191109/01181603.tar.gz
HTAR: a   instcat_y05_191109/01181604.tar.gz
HTAR: a   instcat_y05_191109/01181605.tar.gz
HTAR: a   instcat_y05_191109/01181606.tar.gz
HTAR: a   instcat_y05_191109/01181607.tar.gz
HTAR: a   instcat_y05_191109/01181608.tar.gz
HTAR: a   instcat_y05_191109/01181609.tar.gz
HTAR: a   instcat_y05_191109/01181610.tar.gz
HTAR: a   instcat_y05_191109/01181611.tar.gz
HTAR: a   instcat_y05_191109/01181612.tar.gz
HTAR: a   instcat_y05_191109/01181613.tar.gz
HTAR: a   instcat_y05_191109/01181614.tar.gz
HTAR: a   instcat_y05_191109/01181615.tar.gz
HTAR: a   instcat_y05_191109/01181616.tar.gz
HTAR: a   instcat_y05_191109/01181617.tar.gz
HTAR: a   instcat_y05_191109/01181618.tar.gz
HTAR: a   instcat_y05_191109/01181619.tar.gz
HTAR: a   instcat_y05_191109/01181620.tar.gz
HTAR: a   instcat_y05_191109/01181621.tar.gz
HTAR: a   instcat_y05_191109/01181622.tar.gz
HTAR: a   instcat_y05_191109/01181623.tar.gz
HTAR: a   instcat_y05_191109/01181624.tar.gz
HTAR: a   instcat_y05_191109/01181625.tar.gz
HTAR: a   instcat_y05_191109/01181626.tar.gz
HTAR: a   instcat_y05_191109/01181627.tar.gz
HTAR: a   instcat_y05_191109/01181628.tar.gz
HTAR: a   instcat_y05_191109/01181629.tar.gz
HTAR: a   instcat_y05_191109/01181630.tar.gz
HTAR: a   instcat_y05_191109/01181631.tar.gz
HTAR: a   instcat_y05_191109/01181632.tar.gz
HTAR: a   instcat_y05_191109/01181633.tar.gz
HTAR: a   instcat_y05_191109/01181634.tar.gz
HTAR: a   instcat_y05_191109/01181635.tar.gz
HTAR: a   instcat_y05_191109/01181636.tar.gz
HTAR: a   instcat_y05_191109/01181637.tar.gz
HTAR: a   instcat_y05_191109/01181638.tar.gz
HTAR: a   instcat_y05_191109/01181639.tar.gz
HTAR: a   instcat_y05_191109/01181640.tar.gz
HTAR: a   instcat_y05_191109/01181641.tar.gz
HTAR: a   instcat_y05_191109/01181642.tar.gz
HTAR: a   instcat_y05_191109/01181643.tar.gz
HTAR: a   instcat_y05_191109/01181644.tar.gz
HTAR: a   instcat_y05_191109/01181645.tar.gz
HTAR: a   instcat_y05_191109/01181646.tar.gz
HTAR: a   instcat_y05_191109/01181647.tar.gz
HTAR: a   instcat_y05_191109/01181648.tar.gz
HTAR: a   instcat_y05_191109/01181649.tar.gz
HTAR: a   instcat_y05_191109/01181650.tar.gz
HTAR: a   instcat_y05_191109/01181651.tar.gz
HTAR: a   instcat_y05_191109/01181652.tar.gz
HTAR: a   instcat_y05_191109/01181653.tar.gz
HTAR: a   instcat_y05_191109/01181654.tar.gz
HTAR: a   instcat_y05_191109/01181655.tar.gz
HTAR: a   instcat_y05_191109/01181708.tar.gz
HTAR: a   instcat_y05_191109/01181709.tar.gz
HTAR: a   instcat_y05_191109/01181710.tar.gz
HTAR: a   instcat_y05_191109/01181711.tar.gz
HTAR: a   instcat_y05_191109/01181742.tar.gz
HTAR: a   instcat_y05_191109/01182358.tar.gz
HTAR: a   instcat_y05_191109/01182359.tar.gz
HTAR: a   instcat_y05_191109/01182360.tar.gz
HTAR: a   instcat_y05_191109/01182361.tar.gz
HTAR: a   instcat_y05_191109/01182408.tar.gz
HTAR: a   instcat_y05_191109/01182409.tar.gz
HTAR: a   instcat_y05_191109/01182410.tar.gz
HTAR: a   instcat_y05_191109/01182423.tar.gz
HTAR: a   instcat_y05_191109/01182424.tar.gz
HTAR: a   instcat_y05_191109/01182425.tar.gz
HTAR: a   instcat_y05_191109/01182458.tar.gz
HTAR: a   instcat_y05_191109/01182461.tar.gz
HTAR: a   instcat_y05_191109/01182462.tar.gz
HTAR: a   instcat_y05_191109/01182463.tar.gz
HTAR: a   instcat_y05_191109/01182464.tar.gz
HTAR: a   instcat_y05_191109/01182465.tar.gz
HTAR: a   instcat_y05_191109/01182466.tar.gz
HTAR: a   instcat_y05_191109/01182467.tar.gz
HTAR: a   instcat_y05_191109/01182468.tar.gz
HTAR: a   instcat_y05_191109/01182469.tar.gz
HTAR: a   instcat_y05_191109/01182470.tar.gz
HTAR: a   instcat_y05_191109/01182471.tar.gz
HTAR: a   instcat_y05_191109/01182472.tar.gz
HTAR: a   instcat_y05_191109/01182478.tar.gz
HTAR: a   instcat_y05_191109/01182518.tar.gz
HTAR: a   instcat_y05_191109/01182519.tar.gz
HTAR: a   instcat_y05_191109/01182521.tar.gz
HTAR: a   instcat_y05_191109/01182523.tar.gz
HTAR: a   instcat_y05_191109/job_log_01181569.txt
HTAR: a   instcat_y05_191109/job_log_01181570.txt
HTAR: a   instcat_y05_191109/job_log_01181571.txt
HTAR: a   instcat_y05_191109/job_log_01181572.txt
HTAR: a   instcat_y05_191109/job_log_01181573.txt
HTAR: a   instcat_y05_191109/job_log_01181574.txt
HTAR: a   instcat_y05_191109/job_log_01181575.txt
HTAR: a   instcat_y05_191109/job_log_01181576.txt
HTAR: a   instcat_y05_191109/job_log_01181577.txt
HTAR: a   instcat_y05_191109/job_log_01181578.txt
HTAR: a   instcat_y05_191109/job_log_01181579.txt
HTAR: a   instcat_y05_191109/job_log_01181580.txt
HTAR: a   instcat_y05_191109/job_log_01181581.txt
HTAR: a   instcat_y05_191109/job_log_01181582.txt
HTAR: a   instcat_y05_191109/job_log_01181583.txt
HTAR: a   instcat_y05_191109/job_log_01181584.txt
HTAR: a   instcat_y05_191109/job_log_01181585.txt
HTAR: a   instcat_y05_191109/job_log_01181586.txt
HTAR: a   instcat_y05_191109/job_log_01181587.txt
HTAR: a   instcat_y05_191109/job_log_01181588.txt
HTAR: a   instcat_y05_191109/job_log_01181589.txt
HTAR: a   instcat_y05_191109/job_log_01181590.txt
HTAR: a   instcat_y05_191109/job_log_01181591.txt
HTAR: a   instcat_y05_191109/job_log_01181592.txt
HTAR: a   instcat_y05_191109/job_log_01181593.txt
HTAR: a   instcat_y05_191109/job_log_01181594.txt
HTAR: a   instcat_y05_191109/job_log_01181595.txt
HTAR: a   instcat_y05_191109/job_log_01181596.txt
HTAR: a   instcat_y05_191109/job_log_01181597.txt
HTAR: a   instcat_y05_191109/job_log_01181598.txt
HTAR: a   instcat_y05_191109/job_log_01181599.txt
HTAR: a   instcat_y05_191109/job_log_01181600.txt
HTAR: a   instcat_y05_191109/job_log_01181601.txt
HTAR: a   instcat_y05_191109/job_log_01181602.txt
HTAR: a   instcat_y05_191109/job_log_01181603.txt
HTAR: a   instcat_y05_191109/job_log_01181604.txt
HTAR: a   instcat_y05_191109/job_log_01181605.txt
HTAR: a   instcat_y05_191109/job_log_01181606.txt
HTAR: a   instcat_y05_191109/job_log_01181607.txt
HTAR: a   instcat_y05_191109/job_log_01181608.txt
HTAR: a   instcat_y05_191109/job_log_01181609.txt
HTAR: a   instcat_y05_191109/job_log_01181610.txt
HTAR: a   instcat_y05_191109/job_log_01181611.txt
HTAR: a   instcat_y05_191109/job_log_01181612.txt
HTAR: a   instcat_y05_191109/job_log_01181613.txt
HTAR: a   instcat_y05_191109/job_log_01181614.txt
HTAR: a   instcat_y05_191109/job_log_01181615.txt
HTAR: a   instcat_y05_191109/job_log_01181616.txt
HTAR: a   instcat_y05_191109/job_log_01181617.txt
HTAR: a   instcat_y05_191109/job_log_01181618.txt
HTAR: a   instcat_y05_191109/job_log_01181619.txt
HTAR: a   instcat_y05_191109/job_log_01181620.txt
HTAR: a   instcat_y05_191109/job_log_01181621.txt
HTAR: a   instcat_y05_191109/job_log_01181622.txt
HTAR: a   instcat_y05_191109/job_log_01181623.txt
HTAR: a   instcat_y05_191109/job_log_01181624.txt
HTAR: a   instcat_y05_191109/job_log_01181625.txt
HTAR: a   instcat_y05_191109/job_log_01181626.txt
HTAR: a   instcat_y05_191109/job_log_01181627.txt
HTAR: a   instcat_y05_191109/job_log_01181628.txt
HTAR: a   instcat_y05_191109/job_log_01181629.txt
HTAR: a   instcat_y05_191109/job_log_01181630.txt
HTAR: a   instcat_y05_191109/job_log_01181631.txt
HTAR: a   instcat_y05_191109/job_log_01181632.txt
HTAR: a   instcat_y05_191109/job_log_01181633.txt
HTAR: a   instcat_y05_191109/job_log_01181634.txt
HTAR: a   instcat_y05_191109/job_log_01181635.txt
HTAR: a   instcat_y05_191109/job_log_01181636.txt
HTAR: a   instcat_y05_191109/job_log_01181637.txt
HTAR: a   instcat_y05_191109/job_log_01181638.txt
HTAR: a   instcat_y05_191109/job_log_01181639.txt
HTAR: a   instcat_y05_191109/job_log_01181640.txt
HTAR: a   instcat_y05_191109/job_log_01181641.txt
HTAR: a   instcat_y05_191109/job_log_01181642.txt
HTAR: a   instcat_y05_191109/job_log_01181643.txt
HTAR: a   instcat_y05_191109/job_log_01181644.txt
HTAR: a   instcat_y05_191109/job_log_01181645.txt
HTAR: a   instcat_y05_191109/job_log_01181646.txt
HTAR: a   instcat_y05_191109/job_log_01181647.txt
HTAR: a   instcat_y05_191109/job_log_01181648.txt
HTAR: a   instcat_y05_191109/job_log_01181649.txt
HTAR: a   instcat_y05_191109/job_log_01181650.txt
HTAR: a   instcat_y05_191109/job_log_01181651.txt
HTAR: a   instcat_y05_191109/job_log_01181652.txt
HTAR: a   instcat_y05_191109/job_log_01181653.txt
HTAR: a   instcat_y05_191109/job_log_01181654.txt
HTAR: a   instcat_y05_191109/job_log_01181655.txt
HTAR: a   instcat_y05_191109/job_log_01181708.txt
HTAR: a   instcat_y05_191109/job_log_01181709.txt
HTAR: a   instcat_y05_191109/job_log_01181710.txt
HTAR: a   instcat_y05_191109/job_log_01181711.txt
HTAR: a   instcat_y05_191109/job_log_01181742.txt
HTAR: a   instcat_y05_191109/job_log_01182358.txt
HTAR: a   instcat_y05_191109/job_log_01182359.txt
HTAR: a   instcat_y05_191109/job_log_01182360.txt
HTAR: a   instcat_y05_191109/job_log_01182361.txt
HTAR: a   instcat_y05_191109/job_log_01182408.txt
HTAR: a   instcat_y05_191109/job_log_01182409.txt
HTAR: a   instcat_y05_191109/job_log_01182410.txt
HTAR: a   instcat_y05_191109/job_log_01182423.txt
HTAR: a   instcat_y05_191109/job_log_01182424.txt
HTAR: a   instcat_y05_191109/job_log_01182425.txt
HTAR: a   instcat_y05_191109/job_log_01182458.txt
HTAR: a   instcat_y05_191109/job_log_01182461.txt
HTAR: a   instcat_y05_191109/job_log_01182462.txt
HTAR: a   instcat_y05_191109/job_log_01182463.txt
HTAR: a   instcat_y05_191109/job_log_01182464.txt
HTAR: a   instcat_y05_191109/job_log_01182465.txt
HTAR: a   instcat_y05_191109/job_log_01182466.txt
HTAR: a   instcat_y05_191109/job_log_01182467.txt
HTAR: a   instcat_y05_191109/job_log_01182468.txt
HTAR: a   instcat_y05_191109/job_log_01182469.txt
HTAR: a   instcat_y05_191109/job_log_01182470.txt
HTAR: a   instcat_y05_191109/job_log_01182471.txt
HTAR: a   instcat_y05_191109/job_log_01182472.txt
HTAR: a   instcat_y05_191109/job_log_01182478.txt
HTAR: a   instcat_y05_191109/job_log_01182518.txt
HTAR: a   instcat_y05_191109/job_log_01182519.txt
HTAR: a   instcat_y05_191109/job_log_01182521.txt
HTAR: a   instcat_y05_191109/job_log_01182523.txt
HTAR: a   /tmp/HTAR_CF_CHK_1033_1580755952
HTAR Create complete for /home/projects/desc/DC2_ImSim/Run2.2i/instCat/y05_191109/01181569to01182523.tar. 558,141,148,672 bytes written for 240 member files, max threads: 50 Transfer time: 4118.096 seconds (135.534 MB/s) wallclock/user/sys: 4119.783 4725.934 1487.373 seconds
HTAR: HTAR SUCCESSFUL
HTAR: a   instcat_y05_191109/01182525.tar.gz
HTAR: a   instcat_y05_191109/01182526.tar.gz
HTAR: a   instcat_y05_191109/01182527.tar.gz
HTAR: a   instcat_y05_191109/01182587.tar.gz
HTAR: a   instcat_y05_191109/01182628.tar.gz
HTAR: a   instcat_y05_191109/01182629.tar.gz
HTAR: a   instcat_y05_191109/01182630.tar.gz
HTAR: a   instcat_y05_191109/01182631.tar.gz
HTAR: a   instcat_y05_191109/01182632.tar.gz
HTAR: a   instcat_y05_191109/01182633.tar.gz
HTAR: a   instcat_y05_191109/01182634.tar.gz
HTAR: a   instcat_y05_191109/01182644.tar.gz
HTAR: a   instcat_y05_191109/01182645.tar.gz
HTAR: a   instcat_y05_191109/01182646.tar.gz
HTAR: a   instcat_y05_191109/01182647.tar.gz
HTAR: a   instcat_y05_191109/01182648.tar.gz
HTAR: a   instcat_y05_191109/01182649.tar.gz
HTAR: a   instcat_y05_191109/01182650.tar.gz
HTAR: a   instcat_y05_191109/01182653.tar.gz
HTAR: a   instcat_y05_191109/01182654.tar.gz
HTAR: a   instcat_y05_191109/01182656.tar.gz
HTAR: a   instcat_y05_191109/01182657.tar.gz
HTAR: a   instcat_y05_191109/01182658.tar.gz
HTAR: a   instcat_y05_191109/01182659.tar.gz
HTAR: a   instcat_y05_191109/01182660.tar.gz
HTAR: a   instcat_y05_191109/01182661.tar.gz
HTAR: a   instcat_y05_191109/01182662.tar.gz
HTAR: a   instcat_y05_191109/01182663.tar.gz
HTAR: a   instcat_y05_191109/01182664.tar.gz
HTAR: a   instcat_y05_191109/01182665.tar.gz
HTAR: a   instcat_y05_191109/01182666.tar.gz
HTAR: a   instcat_y05_191109/01183254.tar.gz
HTAR: a   instcat_y05_191109/01183255.tar.gz
HTAR: a   instcat_y05_191109/01183281.tar.gz
HTAR: a   instcat_y05_191109/01183929.tar.gz
HTAR: a   instcat_y05_191109/01183930.tar.gz
HTAR: a   instcat_y05_191109/01183931.tar.gz
HTAR: a   instcat_y05_191109/01183932.tar.gz
HTAR: a   instcat_y05_191109/01183933.tar.gz
HTAR: a   instcat_y05_191109/01183934.tar.gz
HTAR: a   instcat_y05_191109/01183935.tar.gz
HTAR: a   instcat_y05_191109/01183936.tar.gz
HTAR: a   instcat_y05_191109/01183937.tar.gz
HTAR: a   instcat_y05_191109/01183938.tar.gz
HTAR: a   instcat_y05_191109/01183939.tar.gz
HTAR: a   instcat_y05_191109/01183940.tar.gz
HTAR: a   instcat_y05_191109/01183941.tar.gz
HTAR: a   instcat_y05_191109/01183942.tar.gz
HTAR: a   instcat_y05_191109/01183943.tar.gz
HTAR: a   instcat_y05_191109/01183944.tar.gz
HTAR: a   instcat_y05_191109/01183945.tar.gz
HTAR: a   instcat_y05_191109/01183946.tar.gz
HTAR: a   instcat_y05_191109/01183947.tar.gz
HTAR: a   instcat_y05_191109/01183948.tar.gz
HTAR: a   instcat_y05_191109/01183949.tar.gz
HTAR: a   instcat_y05_191109/01183950.tar.gz
HTAR: a   instcat_y05_191109/01183951.tar.gz
HTAR: a   instcat_y05_191109/01183952.tar.gz
HTAR: a   instcat_y05_191109/01183953.tar.gz
HTAR: a   instcat_y05_191109/01183954.tar.gz
HTAR: a   instcat_y05_191109/01183955.tar.gz
HTAR: a   instcat_y05_191109/01183956.tar.gz
HTAR: a   instcat_y05_191109/01183957.tar.gz
HTAR: a   instcat_y05_191109/01183958.tar.gz
HTAR: a   instcat_y05_191109/01183959.tar.gz
HTAR: a   instcat_y05_191109/01183960.tar.gz
HTAR: a   instcat_y05_191109/01183961.tar.gz
HTAR: a   instcat_y05_191109/01183962.tar.gz
HTAR: a   instcat_y05_191109/01183963.tar.gz
HTAR: a   instcat_y05_191109/01183964.tar.gz
HTAR: a   instcat_y05_191109/01183965.tar.gz
HTAR: a   instcat_y05_191109/01183966.tar.gz
HTAR: a   instcat_y05_191109/01183967.tar.gz
HTAR: a   instcat_y05_191109/01183968.tar.gz
HTAR: a   instcat_y05_191109/01183969.tar.gz
HTAR: a   instcat_y05_191109/01183970.tar.gz
HTAR: a   instcat_y05_191109/01183971.tar.gz
HTAR: a   instcat_y05_191109/01183972.tar.gz
HTAR: a   instcat_y05_191109/01183973.tar.gz
HTAR: a   instcat_y05_191109/01183974.tar.gz
HTAR: a   instcat_y05_191109/01183975.tar.gz
HTAR: a   instcat_y05_191109/01183976.tar.gz
HTAR: a   instcat_y05_191109/01183977.tar.gz
HTAR: a   instcat_y05_191109/01183978.tar.gz
HTAR: a   instcat_y05_191109/01183979.tar.gz
HTAR: a   instcat_y05_191109/01183980.tar.gz
HTAR: a   instcat_y05_191109/01183981.tar.gz
HTAR: a   instcat_y05_191109/01183982.tar.gz
HTAR: a   instcat_y05_191109/01183983.tar.gz
HTAR: a   instcat_y05_191109/01183984.tar.gz
HTAR: a   instcat_y05_191109/01183985.tar.gz
HTAR: a   instcat_y05_191109/01183986.tar.gz
HTAR: a   instcat_y05_191109/01183987.tar.gz
HTAR: a   instcat_y05_191109/01183988.tar.gz
HTAR: a   instcat_y05_191109/01183989.tar.gz
HTAR: a   instcat_y05_191109/01183990.tar.gz
HTAR: a   instcat_y05_191109/01183991.tar.gz
HTAR: a   instcat_y05_191109/01183992.tar.gz
HTAR: a   instcat_y05_191109/01183993.tar.gz
HTAR: a   instcat_y05_191109/01183994.tar.gz
HTAR: a   instcat_y05_191109/01183995.tar.gz
HTAR: a   instcat_y05_191109/01183996.tar.gz
HTAR: a   instcat_y05_191109/01183997.tar.gz
HTAR: a   instcat_y05_191109/01183998.tar.gz
HTAR: a   instcat_y05_191109/01183999.tar.gz
HTAR: a   instcat_y05_191109/01184000.tar.gz
HTAR: a   instcat_y05_191109/01184001.tar.gz
HTAR: a   instcat_y05_191109/01184002.tar.gz
HTAR: a   instcat_y05_191109/01184003.tar.gz
HTAR: a   instcat_y05_191109/01184004.tar.gz
HTAR: a   instcat_y05_191109/01184005.tar.gz
HTAR: a   instcat_y05_191109/01184006.tar.gz
HTAR: a   instcat_y05_191109/01184007.tar.gz
HTAR: a   instcat_y05_191109/01184008.tar.gz
HTAR: a   instcat_y05_191109/01184009.tar.gz
HTAR: a   instcat_y05_191109/01184010.tar.gz
HTAR: a   instcat_y05_191109/01184011.tar.gz
HTAR: a   instcat_y05_191109/01184012.tar.gz
HTAR: a   instcat_y05_191109/01184013.tar.gz
HTAR: a   instcat_y05_191109/01184014.tar.gz
HTAR: a   instcat_y05_191109/job_log_01182525.txt
HTAR: a   instcat_y05_191109/job_log_01182526.txt
HTAR: a   instcat_y05_191109/job_log_01182527.txt
HTAR: a   instcat_y05_191109/job_log_01182587.txt
HTAR: a   instcat_y05_191109/job_log_01182628.txt
HTAR: a   instcat_y05_191109/job_log_01182629.txt
HTAR: a   instcat_y05_191109/job_log_01182630.txt
HTAR: a   instcat_y05_191109/job_log_01182631.txt
HTAR: a   instcat_y05_191109/job_log_01182632.txt
HTAR: a   instcat_y05_191109/job_log_01182633.txt
HTAR: a   instcat_y05_191109/job_log_01182634.txt
HTAR: a   instcat_y05_191109/job_log_01182644.txt
HTAR: a   instcat_y05_191109/job_log_01182645.txt
HTAR: a   instcat_y05_191109/job_log_01182646.txt
HTAR: a   instcat_y05_191109/job_log_01182647.txt
HTAR: a   instcat_y05_191109/job_log_01182648.txt
HTAR: a   instcat_y05_191109/job_log_01182649.txt
HTAR: a   instcat_y05_191109/job_log_01182650.txt
HTAR: a   instcat_y05_191109/job_log_01182653.txt
HTAR: a   instcat_y05_191109/job_log_01182654.txt
HTAR: a   instcat_y05_191109/job_log_01182656.txt
HTAR: a   instcat_y05_191109/job_log_01182657.txt
HTAR: a   instcat_y05_191109/job_log_01182658.txt
HTAR: a   instcat_y05_191109/job_log_01182659.txt
HTAR: a   instcat_y05_191109/job_log_01182660.txt
HTAR: a   instcat_y05_191109/job_log_01182661.txt
HTAR: a   instcat_y05_191109/job_log_01182662.txt
HTAR: a   instcat_y05_191109/job_log_01182663.txt
HTAR: a   instcat_y05_191109/job_log_01182664.txt
HTAR: a   instcat_y05_191109/job_log_01182665.txt
HTAR: a   instcat_y05_191109/job_log_01182666.txt
HTAR: a   instcat_y05_191109/job_log_01183254.txt
HTAR: a   instcat_y05_191109/job_log_01183255.txt
HTAR: a   instcat_y05_191109/job_log_01183281.txt
HTAR: a   instcat_y05_191109/job_log_01183929.txt
HTAR: a   instcat_y05_191109/job_log_01183930.txt
HTAR: a   instcat_y05_191109/job_log_01183931.txt
HTAR: a   instcat_y05_191109/job_log_01183932.txt
HTAR: a   instcat_y05_191109/job_log_01183933.txt
HTAR: a   instcat_y05_191109/job_log_01183934.txt
HTAR: a   instcat_y05_191109/job_log_01183935.txt
HTAR: a   instcat_y05_191109/job_log_01183936.txt
HTAR: a   instcat_y05_191109/job_log_01183937.txt
HTAR: a   instcat_y05_191109/job_log_01183938.txt
HTAR: a   instcat_y05_191109/job_log_01183939.txt
HTAR: a   instcat_y05_191109/job_log_01183940.txt
HTAR: a   instcat_y05_191109/job_log_01183941.txt
HTAR: a   instcat_y05_191109/job_log_01183942.txt
HTAR: a   instcat_y05_191109/job_log_01183943.txt
HTAR: a   instcat_y05_191109/job_log_01183944.txt
HTAR: a   instcat_y05_191109/job_log_01183945.txt
HTAR: a   instcat_y05_191109/job_log_01183946.txt
HTAR: a   instcat_y05_191109/job_log_01183947.txt
HTAR: a   instcat_y05_191109/job_log_01183948.txt
HTAR: a   instcat_y05_191109/job_log_01183949.txt
HTAR: a   instcat_y05_191109/job_log_01183950.txt
HTAR: a   instcat_y05_191109/job_log_01183951.txt
HTAR: a   instcat_y05_191109/job_log_01183952.txt
HTAR: a   instcat_y05_191109/job_log_01183953.txt
HTAR: a   instcat_y05_191109/job_log_01183954.txt
HTAR: a   instcat_y05_191109/job_log_01183955.txt
HTAR: a   instcat_y05_191109/job_log_01183956.txt
HTAR: a   instcat_y05_191109/job_log_01183957.txt
HTAR: a   instcat_y05_191109/job_log_01183958.txt
HTAR: a   instcat_y05_191109/job_log_01183959.txt
HTAR: a   instcat_y05_191109/job_log_01183960.txt
HTAR: a   instcat_y05_191109/job_log_01183961.txt
HTAR: a   instcat_y05_191109/job_log_01183962.txt
HTAR: a   instcat_y05_191109/job_log_01183963.txt
HTAR: a   instcat_y05_191109/job_log_01183964.txt
HTAR: a   instcat_y05_191109/job_log_01183965.txt
HTAR: a   instcat_y05_191109/job_log_01183966.txt
HTAR: a   instcat_y05_191109/job_log_01183967.txt
HTAR: a   instcat_y05_191109/job_log_01183968.txt
HTAR: a   instcat_y05_191109/job_log_01183969.txt
HTAR: a   instcat_y05_191109/job_log_01183970.txt
HTAR: a   instcat_y05_191109/job_log_01183971.txt
HTAR: a   instcat_y05_191109/job_log_01183972.txt
HTAR: a   instcat_y05_191109/job_log_01183973.txt
HTAR: a   instcat_y05_191109/job_log_01183974.txt
HTAR: a   instcat_y05_191109/job_log_01183975.txt
HTAR: a   instcat_y05_191109/job_log_01183976.txt
HTAR: a   instcat_y05_191109/job_log_01183977.txt
HTAR: a   instcat_y05_191109/job_log_01183978.txt
HTAR: a   instcat_y05_191109/job_log_01183979.txt
HTAR: a   instcat_y05_191109/job_log_01183980.txt
HTAR: a   instcat_y05_191109/job_log_01183981.txt
HTAR: a   instcat_y05_191109/job_log_01183982.txt
HTAR: a   instcat_y05_191109/job_log_01183983.txt
HTAR: a   instcat_y05_191109/job_log_01183984.txt
HTAR: a   instcat_y05_191109/job_log_01183985.txt
HTAR: a   instcat_y05_191109/job_log_01183986.txt
HTAR: a   instcat_y05_191109/job_log_01183987.txt
HTAR: a   instcat_y05_191109/job_log_01183988.txt
HTAR: a   instcat_y05_191109/job_log_01183989.txt
HTAR: a   instcat_y05_191109/job_log_01183990.txt
HTAR: a   instcat_y05_191109/job_log_01183991.txt
HTAR: a   instcat_y05_191109/job_log_01183992.txt
HTAR: a   instcat_y05_191109/job_log_01183993.txt
HTAR: a   instcat_y05_191109/job_log_01183994.txt
HTAR: a   instcat_y05_191109/job_log_01183995.txt
HTAR: a   instcat_y05_191109/job_log_01183996.txt
HTAR: a   instcat_y05_191109/job_log_01183997.txt
HTAR: a   instcat_y05_191109/job_log_01183998.txt
HTAR: a   instcat_y05_191109/job_log_01183999.txt
HTAR: a   instcat_y05_191109/job_log_01184000.txt
HTAR: a   instcat_y05_191109/job_log_01184001.txt
HTAR: a   instcat_y05_191109/job_log_01184002.txt
HTAR: a   instcat_y05_191109/job_log_01184003.txt
HTAR: a   instcat_y05_191109/job_log_01184004.txt
HTAR: a   instcat_y05_191109/job_log_01184005.txt
HTAR: a   instcat_y05_191109/job_log_01184006.txt
HTAR: a   instcat_y05_191109/job_log_01184007.txt
HTAR: a   instcat_y05_191109/job_log_01184008.txt
HTAR: a   instcat_y05_191109/job_log_01184009.txt
HTAR: a   instcat_y05_191109/job_log_01184010.txt
HTAR: a   instcat_y05_191109/job_log_01184011.txt
HTAR: a   instcat_y05_191109/job_log_01184012.txt
HTAR: a   instcat_y05_191109/job_log_01184013.txt
HTAR: a   instcat_y05_191109/job_log_01184014.txt
HTAR: a   /tmp/HTAR_CF_CHK_16284_1580760075
HTAR Create complete for /home/projects/desc/DC2_ImSim/Run2.2i/instCat/y05_191109/01182525to01184014.tar. 558,092,698,624 bytes written for 240 member files, max threads: 50 Transfer time: 4031.852 seconds (138.421 MB/s) wallclock/user/sys: 4032.885 4854.873 1473.633 seconds
HTAR: HTAR SUCCESSFUL
HTAR: a   instcat_y05_191109/01184015.tar.gz
HTAR: a   instcat_y05_191109/01184016.tar.gz
HTAR: a   instcat_y05_191109/01184017.tar.gz
HTAR: a   instcat_y05_191109/01184018.tar.gz
HTAR: a   instcat_y05_191109/01184019.tar.gz
HTAR: a   instcat_y05_191109/01184020.tar.gz
HTAR: a   instcat_y05_191109/01184021.tar.gz
HTAR: a   instcat_y05_191109/01184022.tar.gz
HTAR: a   instcat_y05_191109/01184023.tar.gz
HTAR: a   instcat_y05_191109/01184024.tar.gz
HTAR: a   instcat_y05_191109/01184362.tar.gz
HTAR: a   instcat_y05_191109/01184830.tar.gz
HTAR: a   instcat_y05_191109/01184831.tar.gz
HTAR: a   instcat_y05_191109/01184832.tar.gz
HTAR: a   instcat_y05_191109/01184833.tar.gz
HTAR: a   instcat_y05_191109/01184834.tar.gz
HTAR: a   instcat_y05_191109/01184864.tar.gz
HTAR: a   instcat_y05_191109/01184865.tar.gz
HTAR: a   instcat_y05_191109/01184866.tar.gz
HTAR: a   instcat_y05_191109/01184867.tar.gz
HTAR: a   instcat_y05_191109/01184868.tar.gz
HTAR: a   instcat_y05_191109/01184910.tar.gz
HTAR: a   instcat_y05_191109/01184917.tar.gz
HTAR: a   instcat_y05_191109/01184926.tar.gz
HTAR: a   instcat_y05_191109/01184927.tar.gz
HTAR: a   instcat_y05_191109/01184952.tar.gz
HTAR: a   instcat_y05_191109/01184953.tar.gz
HTAR: a   instcat_y05_191109/01184957.tar.gz
HTAR: a   instcat_y05_191109/01184965.tar.gz
HTAR: a   instcat_y05_191109/01184968.tar.gz
HTAR: a   instcat_y05_191109/01184969.tar.gz
HTAR: a   instcat_y05_191109/01184970.tar.gz
HTAR: a   instcat_y05_191109/01184971.tar.gz
HTAR: a   instcat_y05_191109/01184972.tar.gz
HTAR: a   instcat_y05_191109/01184973.tar.gz
HTAR: a   instcat_y05_191109/01184974.tar.gz
HTAR: a   instcat_y05_191109/01184978.tar.gz
HTAR: a   instcat_y05_191109/01184979.tar.gz
HTAR: a   instcat_y05_191109/01184980.tar.gz
HTAR: a   instcat_y05_191109/01184981.tar.gz
HTAR: a   instcat_y05_191109/01184982.tar.gz
HTAR: a   instcat_y05_191109/01184983.tar.gz
HTAR: a   instcat_y05_191109/01184984.tar.gz
HTAR: a   instcat_y05_191109/01185006.tar.gz
HTAR: a   instcat_y05_191109/01185007.tar.gz
HTAR: a   instcat_y05_191109/01185008.tar.gz
HTAR: a   instcat_y05_191109/01185009.tar.gz
HTAR: a   instcat_y05_191109/01185010.tar.gz
HTAR: a   instcat_y05_191109/01185011.tar.gz
HTAR: a   instcat_y05_191109/01185013.tar.gz
HTAR: a   instcat_y05_191109/01185019.tar.gz
HTAR: a   instcat_y05_191109/01185020.tar.gz
HTAR: a   instcat_y05_191109/01185021.tar.gz
HTAR: a   instcat_y05_191109/01185022.tar.gz
HTAR: a   instcat_y05_191109/01185023.tar.gz
HTAR: a   instcat_y05_191109/01185024.tar.gz
HTAR: a   instcat_y05_191109/01185057.tar.gz
HTAR: a   instcat_y05_191109/01185058.tar.gz
HTAR: a   instcat_y05_191109/01185060.tar.gz
HTAR: a   instcat_y05_191109/01185068.tar.gz
HTAR: a   instcat_y05_191109/01185069.tar.gz
HTAR: a   instcat_y05_191109/01185070.tar.gz
HTAR: a   instcat_y05_191109/01185071.tar.gz
HTAR: a   instcat_y05_191109/01185072.tar.gz
HTAR: a   instcat_y05_191109/01185073.tar.gz
HTAR: a   instcat_y05_191109/01185088.tar.gz
HTAR: a   instcat_y05_191109/01185089.tar.gz
HTAR: a   instcat_y05_191109/01185095.tar.gz
HTAR: a   instcat_y05_191109/01185096.tar.gz
HTAR: a   instcat_y05_191109/01185097.tar.gz
HTAR: a   instcat_y05_191109/01185099.tar.gz
HTAR: a   instcat_y05_191109/01185107.tar.gz
HTAR: a   instcat_y05_191109/01185108.tar.gz
HTAR: a   instcat_y05_191109/01185109.tar.gz
HTAR: a   instcat_y05_191109/01185110.tar.gz
HTAR: a   instcat_y05_191109/01185111.tar.gz
HTAR: a   instcat_y05_191109/01185122.tar.gz
HTAR: a   instcat_y05_191109/01185123.tar.gz
HTAR: a   instcat_y05_191109/01185124.tar.gz
HTAR: a   instcat_y05_191109/01185125.tar.gz
HTAR: a   instcat_y05_191109/01185145.tar.gz
HTAR: a   instcat_y05_191109/01185146.tar.gz
HTAR: a   instcat_y05_191109/01185147.tar.gz
HTAR: a   instcat_y05_191109/01185148.tar.gz
HTAR: a   instcat_y05_191109/01185149.tar.gz
HTAR: a   instcat_y05_191109/01185150.tar.gz
HTAR: a   instcat_y05_191109/01185151.tar.gz
HTAR: a   instcat_y05_191109/01185158.tar.gz
HTAR: a   instcat_y05_191109/01185159.tar.gz
HTAR: a   instcat_y05_191109/01185160.tar.gz
HTAR: a   instcat_y05_191109/01185161.tar.gz
HTAR: a   instcat_y05_191109/01185183.tar.gz
HTAR: a   instcat_y05_191109/01185184.tar.gz
HTAR: a   instcat_y05_191109/01185185.tar.gz
HTAR: a   instcat_y05_191109/01185186.tar.gz
HTAR: a   instcat_y05_191109/01185187.tar.gz
HTAR: a   instcat_y05_191109/01185193.tar.gz
HTAR: a   instcat_y05_191109/01185194.tar.gz
HTAR: a   instcat_y05_191109/01185195.tar.gz
HTAR: a   instcat_y05_191109/01185196.tar.gz
HTAR: a   instcat_y05_191109/01185197.tar.gz
HTAR: a   instcat_y05_191109/01185198.tar.gz
HTAR: a   instcat_y05_191109/01185200.tar.gz
HTAR: a   instcat_y05_191109/01185201.tar.gz
HTAR: a   instcat_y05_191109/01185202.tar.gz
HTAR: a   instcat_y05_191109/01185203.tar.gz
HTAR: a   instcat_y05_191109/01185204.tar.gz
HTAR: a   instcat_y05_191109/01185205.tar.gz
HTAR: a   instcat_y05_191109/01185206.tar.gz
HTAR: a   instcat_y05_191109/01185207.tar.gz
HTAR: a   instcat_y05_191109/01185208.tar.gz
HTAR: a   instcat_y05_191109/01185615.tar.gz
HTAR: a   instcat_y05_191109/01185616.tar.gz
HTAR: a   instcat_y05_191109/01185617.tar.gz
HTAR: a   instcat_y05_191109/01185618.tar.gz
HTAR: a   instcat_y05_191109/01185620.tar.gz
HTAR: a   instcat_y05_191109/01185657.tar.gz
HTAR: a   instcat_y05_191109/01185658.tar.gz
HTAR: a   instcat_y05_191109/01185659.tar.gz
HTAR: a   instcat_y05_191109/01185660.tar.gz
HTAR: a   instcat_y05_191109/job_log_01184015.txt
HTAR: a   instcat_y05_191109/job_log_01184016.txt
HTAR: a   instcat_y05_191109/job_log_01184017.txt
HTAR: a   instcat_y05_191109/job_log_01184018.txt
HTAR: a   instcat_y05_191109/job_log_01184019.txt
HTAR: a   instcat_y05_191109/job_log_01184020.txt
HTAR: a   instcat_y05_191109/job_log_01184021.txt
HTAR: a   instcat_y05_191109/job_log_01184022.txt
HTAR: a   instcat_y05_191109/job_log_01184023.txt
HTAR: a   instcat_y05_191109/job_log_01184024.txt
HTAR: a   instcat_y05_191109/job_log_01184362.txt
HTAR: a   instcat_y05_191109/job_log_01184830.txt
HTAR: a   instcat_y05_191109/job_log_01184831.txt
HTAR: a   instcat_y05_191109/job_log_01184832.txt
HTAR: a   instcat_y05_191109/job_log_01184833.txt
HTAR: a   instcat_y05_191109/job_log_01184834.txt
HTAR: a   instcat_y05_191109/job_log_01184864.txt
HTAR: a   instcat_y05_191109/job_log_01184865.txt
HTAR: a   instcat_y05_191109/job_log_01184866.txt
HTAR: a   instcat_y05_191109/job_log_01184867.txt
HTAR: a   instcat_y05_191109/job_log_01184868.txt
HTAR: a   instcat_y05_191109/job_log_01184910.txt
HTAR: a   instcat_y05_191109/job_log_01184917.txt
HTAR: a   instcat_y05_191109/job_log_01184926.txt
HTAR: a   instcat_y05_191109/job_log_01184927.txt
HTAR: a   instcat_y05_191109/job_log_01184952.txt
HTAR: a   instcat_y05_191109/job_log_01184953.txt
HTAR: a   instcat_y05_191109/job_log_01184957.txt
HTAR: a   instcat_y05_191109/job_log_01184965.txt
HTAR: a   instcat_y05_191109/job_log_01184968.txt
HTAR: a   instcat_y05_191109/job_log_01184969.txt
HTAR: a   instcat_y05_191109/job_log_01184970.txt
HTAR: a   instcat_y05_191109/job_log_01184971.txt
HTAR: a   instcat_y05_191109/job_log_01184972.txt
HTAR: a   instcat_y05_191109/job_log_01184973.txt
HTAR: a   instcat_y05_191109/job_log_01184974.txt
HTAR: a   instcat_y05_191109/job_log_01184978.txt
HTAR: a   instcat_y05_191109/job_log_01184979.txt
HTAR: a   instcat_y05_191109/job_log_01184980.txt
HTAR: a   instcat_y05_191109/job_log_01184981.txt
HTAR: a   instcat_y05_191109/job_log_01184982.txt
HTAR: a   instcat_y05_191109/job_log_01184983.txt
HTAR: a   instcat_y05_191109/job_log_01184984.txt
HTAR: a   instcat_y05_191109/job_log_01185006.txt
HTAR: a   instcat_y05_191109/job_log_01185007.txt
HTAR: a   instcat_y05_191109/job_log_01185008.txt
HTAR: a   instcat_y05_191109/job_log_01185009.txt
HTAR: a   instcat_y05_191109/job_log_01185010.txt
HTAR: a   instcat_y05_191109/job_log_01185011.txt
HTAR: a   instcat_y05_191109/job_log_01185013.txt
HTAR: a   instcat_y05_191109/job_log_01185019.txt
HTAR: a   instcat_y05_191109/job_log_01185020.txt
HTAR: a   instcat_y05_191109/job_log_01185021.txt
HTAR: a   instcat_y05_191109/job_log_01185022.txt
HTAR: a   instcat_y05_191109/job_log_01185023.txt
HTAR: a   instcat_y05_191109/job_log_01185024.txt
HTAR: a   instcat_y05_191109/job_log_01185057.txt
HTAR: a   instcat_y05_191109/job_log_01185058.txt
HTAR: a   instcat_y05_191109/job_log_01185060.txt
HTAR: a   instcat_y05_191109/job_log_01185068.txt
HTAR: a   instcat_y05_191109/job_log_01185069.txt
HTAR: a   instcat_y05_191109/job_log_01185070.txt
HTAR: a   instcat_y05_191109/job_log_01185071.txt
HTAR: a   instcat_y05_191109/job_log_01185072.txt
HTAR: a   instcat_y05_191109/job_log_01185073.txt
HTAR: a   instcat_y05_191109/job_log_01185088.txt
HTAR: a   instcat_y05_191109/job_log_01185089.txt
HTAR: a   instcat_y05_191109/job_log_01185095.txt
HTAR: a   instcat_y05_191109/job_log_01185096.txt
HTAR: a   instcat_y05_191109/job_log_01185097.txt
HTAR: a   instcat_y05_191109/job_log_01185099.txt
HTAR: a   instcat_y05_191109/job_log_01185107.txt
HTAR: a   instcat_y05_191109/job_log_01185108.txt
HTAR: a   instcat_y05_191109/job_log_01185109.txt
HTAR: a   instcat_y05_191109/job_log_01185110.txt
HTAR: a   instcat_y05_191109/job_log_01185111.txt
HTAR: a   instcat_y05_191109/job_log_01185122.txt
HTAR: a   instcat_y05_191109/job_log_01185123.txt
HTAR: a   instcat_y05_191109/job_log_01185124.txt
HTAR: a   instcat_y05_191109/job_log_01185125.txt
HTAR: a   instcat_y05_191109/job_log_01185145.txt
HTAR: a   instcat_y05_191109/job_log_01185146.txt
HTAR: a   instcat_y05_191109/job_log_01185147.txt
HTAR: a   instcat_y05_191109/job_log_01185148.txt
HTAR: a   instcat_y05_191109/job_log_01185149.txt
HTAR: a   instcat_y05_191109/job_log_01185150.txt
HTAR: a   instcat_y05_191109/job_log_01185151.txt
HTAR: a   instcat_y05_191109/job_log_01185158.txt
HTAR: a   instcat_y05_191109/job_log_01185159.txt
HTAR: a   instcat_y05_191109/job_log_01185160.txt
HTAR: a   instcat_y05_191109/job_log_01185161.txt
HTAR: a   instcat_y05_191109/job_log_01185183.txt
HTAR: a   instcat_y05_191109/job_log_01185184.txt
HTAR: a   instcat_y05_191109/job_log_01185185.txt
HTAR: a   instcat_y05_191109/job_log_01185186.txt
HTAR: a   instcat_y05_191109/job_log_01185187.txt
HTAR: a   instcat_y05_191109/job_log_01185193.txt
HTAR: a   instcat_y05_191109/job_log_01185194.txt
HTAR: a   instcat_y05_191109/job_log_01185195.txt
HTAR: a   instcat_y05_191109/job_log_01185196.txt
HTAR: a   instcat_y05_191109/job_log_01185197.txt
HTAR: a   instcat_y05_191109/job_log_01185198.txt
HTAR: a   instcat_y05_191109/job_log_01185200.txt
HTAR: a   instcat_y05_191109/job_log_01185201.txt
HTAR: a   instcat_y05_191109/job_log_01185202.txt
HTAR: a   instcat_y05_191109/job_log_01185203.txt
HTAR: a   instcat_y05_191109/job_log_01185204.txt
HTAR: a   instcat_y05_191109/job_log_01185205.txt
HTAR: a   instcat_y05_191109/job_log_01185206.txt
HTAR: a   instcat_y05_191109/job_log_01185207.txt
HTAR: a   instcat_y05_191109/job_log_01185208.txt
HTAR: a   instcat_y05_191109/job_log_01185615.txt
HTAR: a   instcat_y05_191109/job_log_01185616.txt
HTAR: a   instcat_y05_191109/job_log_01185617.txt
HTAR: a   instcat_y05_191109/job_log_01185618.txt
HTAR: a   instcat_y05_191109/job_log_01185620.txt
HTAR: a   instcat_y05_191109/job_log_01185657.txt
HTAR: a   instcat_y05_191109/job_log_01185658.txt
HTAR: a   instcat_y05_191109/job_log_01185659.txt
HTAR: a   instcat_y05_191109/job_log_01185660.txt
HTAR: a   /tmp/HTAR_CF_CHK_60900_1580764112
HTAR Create complete for /home/projects/desc/DC2_ImSim/Run2.2i/instCat/y05_191109/01184015to01185660.tar. 540,239,833,600 bytes written for 240 member files, max threads: 50 Transfer time: 4284.786 seconds (126.083 MB/s) wallclock/user/sys: 4286.965 4790.297 1623.368 seconds
HTAR: HTAR SUCCESSFUL
HTAR: a   instcat_y05_191109/01185662.tar.gz
HTAR: a   instcat_y05_191109/01185706.tar.gz
HTAR: a   instcat_y05_191109/01185738.tar.gz
HTAR: a   instcat_y05_191109/01185847.tar.gz
HTAR: a   instcat_y05_191109/01185848.tar.gz
HTAR: a   instcat_y05_191109/01185849.tar.gz
HTAR: a   instcat_y05_191109/01185850.tar.gz
HTAR: a   instcat_y05_191109/01185851.tar.gz
HTAR: a   instcat_y05_191109/01185852.tar.gz
HTAR: a   instcat_y05_191109/01185853.tar.gz
HTAR: a   instcat_y05_191109/01185854.tar.gz
HTAR: a   instcat_y05_191109/01185855.tar.gz
HTAR: a   instcat_y05_191109/01185856.tar.gz
HTAR: a   instcat_y05_191109/01185885.tar.gz
HTAR: a   instcat_y05_191109/01185886.tar.gz
HTAR: a   instcat_y05_191109/01185887.tar.gz
HTAR: a   instcat_y05_191109/01185888.tar.gz
HTAR: a   instcat_y05_191109/01185889.tar.gz
HTAR: a   instcat_y05_191109/01185890.tar.gz
HTAR: a   instcat_y05_191109/01185891.tar.gz
HTAR: a   instcat_y05_191109/01185892.tar.gz
HTAR: a   instcat_y05_191109/01185893.tar.gz
HTAR: a   instcat_y05_191109/01185894.tar.gz
HTAR: a   instcat_y05_191109/01185997.tar.gz
HTAR: a   instcat_y05_191109/01186031.tar.gz
HTAR: a   instcat_y05_191109/01186053.tar.gz
HTAR: a   instcat_y05_191109/01186054.tar.gz
HTAR: a   instcat_y05_191109/01186055.tar.gz
HTAR: a   instcat_y05_191109/01186056.tar.gz
HTAR: a   instcat_y05_191109/01186057.tar.gz
HTAR: a   instcat_y05_191109/01186058.tar.gz
HTAR: a   instcat_y05_191109/01186059.tar.gz
HTAR: a   instcat_y05_191109/01186060.tar.gz
HTAR: a   instcat_y05_191109/01186061.tar.gz
HTAR: a   instcat_y05_191109/01186062.tar.gz
HTAR: a   instcat_y05_191109/01186063.tar.gz
HTAR: a   instcat_y05_191109/01186064.tar.gz
HTAR: a   instcat_y05_191109/01186065.tar.gz
HTAR: a   instcat_y05_191109/01186066.tar.gz
HTAR: a   instcat_y05_191109/01186067.tar.gz
HTAR: a   instcat_y05_191109/01186068.tar.gz
HTAR: a   instcat_y05_191109/01186069.tar.gz
HTAR: a   instcat_y05_191109/01186070.tar.gz
HTAR: a   instcat_y05_191109/01186087.tar.gz
HTAR: a   instcat_y05_191109/01186097.tar.gz
HTAR: a   instcat_y05_191109/01186098.tar.gz
HTAR: a   instcat_y05_191109/01186102.tar.gz
HTAR: a   instcat_y05_191109/01186110.tar.gz
HTAR: a   instcat_y05_191109/01186493.tar.gz
HTAR: a   instcat_y05_191109/01186494.tar.gz
HTAR: a   instcat_y05_191109/01186495.tar.gz
HTAR: a   instcat_y05_191109/01186496.tar.gz
HTAR: a   instcat_y05_191109/01186497.tar.gz
HTAR: a   instcat_y05_191109/01186498.tar.gz
HTAR: a   instcat_y05_191109/01186499.tar.gz
HTAR: a   instcat_y05_191109/01186500.tar.gz
HTAR: a   instcat_y05_191109/01186501.tar.gz
HTAR: a   instcat_y05_191109/01186502.tar.gz
HTAR: a   instcat_y05_191109/01186503.tar.gz
HTAR: a   instcat_y05_191109/01186504.tar.gz
HTAR: a   instcat_y05_191109/01186505.tar.gz
HTAR: a   instcat_y05_191109/01186506.tar.gz
HTAR: a   instcat_y05_191109/01186507.tar.gz
HTAR: a   instcat_y05_191109/01186508.tar.gz
HTAR: a   instcat_y05_191109/01186509.tar.gz
HTAR: a   instcat_y05_191109/01186510.tar.gz
HTAR: a   instcat_y05_191109/01186511.tar.gz
HTAR: a   instcat_y05_191109/01186512.tar.gz
HTAR: a   instcat_y05_191109/01186513.tar.gz
HTAR: a   instcat_y05_191109/01186571.tar.gz
HTAR: a   instcat_y05_191109/01186577.tar.gz
HTAR: a   instcat_y05_191109/01186578.tar.gz
HTAR: a   instcat_y05_191109/01186579.tar.gz
HTAR: a   instcat_y05_191109/01186580.tar.gz
HTAR: a   instcat_y05_191109/01186586.tar.gz
HTAR: a   instcat_y05_191109/01186587.tar.gz
HTAR: a   instcat_y05_191109/01186588.tar.gz
HTAR: a   instcat_y05_191109/01186589.tar.gz
HTAR: a   instcat_y05_191109/01186590.tar.gz
HTAR: a   instcat_y05_191109/01186591.tar.gz
HTAR: a   instcat_y05_191109/01186592.tar.gz
HTAR: a   instcat_y05_191109/01186593.tar.gz
HTAR: a   instcat_y05_191109/01186594.tar.gz
HTAR: a   instcat_y05_191109/01186595.tar.gz
HTAR: a   instcat_y05_191109/01186596.tar.gz
HTAR: a   instcat_y05_191109/01186597.tar.gz
HTAR: a   instcat_y05_191109/01186598.tar.gz
HTAR: a   instcat_y05_191109/01186599.tar.gz
HTAR: a   instcat_y05_191109/01186600.tar.gz
HTAR: a   instcat_y05_191109/01186601.tar.gz
HTAR: a   instcat_y05_191109/01186602.tar.gz
HTAR: a   instcat_y05_191109/01186603.tar.gz
HTAR: a   instcat_y05_191109/01186604.tar.gz
HTAR: a   instcat_y05_191109/01186605.tar.gz
HTAR: a   instcat_y05_191109/01186606.tar.gz
HTAR: a   instcat_y05_191109/01186607.tar.gz
HTAR: a   instcat_y05_191109/01186613.tar.gz
HTAR: a   instcat_y05_191109/01186614.tar.gz
HTAR: a   instcat_y05_191109/01186615.tar.gz
HTAR: a   instcat_y05_191109/01186616.tar.gz
HTAR: a   instcat_y05_191109/01186834.tar.gz
HTAR: a   instcat_y05_191109/01186870.tar.gz
HTAR: a   instcat_y05_191109/01186912.tar.gz
HTAR: a   instcat_y05_191109/01186913.tar.gz
HTAR: a   instcat_y05_191109/01186919.tar.gz
HTAR: a   instcat_y05_191109/01186950.tar.gz
HTAR: a   instcat_y05_191109/01186951.tar.gz
HTAR: a   instcat_y05_191109/01187311.tar.gz
HTAR: a   instcat_y05_191109/01187370.tar.gz
HTAR: a   instcat_y05_191109/01187371.tar.gz
HTAR: a   instcat_y05_191109/01187372.tar.gz
HTAR: a   instcat_y05_191109/01187373.tar.gz
HTAR: a   instcat_y05_191109/01187374.tar.gz
HTAR: a   instcat_y05_191109/01187375.tar.gz
HTAR: a   instcat_y05_191109/01187376.tar.gz
HTAR: a   instcat_y05_191109/01187377.tar.gz
HTAR: a   instcat_y05_191109/01187378.tar.gz
HTAR: a   instcat_y05_191109/01187379.tar.gz
HTAR: a   instcat_y05_191109/01187380.tar.gz
HTAR: a   instcat_y05_191109/01187381.tar.gz
HTAR: a   instcat_y05_191109/job_log_01185662.txt
HTAR: a   instcat_y05_191109/job_log_01185706.txt
HTAR: a   instcat_y05_191109/job_log_01185738.txt
HTAR: a   instcat_y05_191109/job_log_01185847.txt
HTAR: a   instcat_y05_191109/job_log_01185848.txt
HTAR: a   instcat_y05_191109/job_log_01185849.txt
HTAR: a   instcat_y05_191109/job_log_01185850.txt
HTAR: a   instcat_y05_191109/job_log_01185851.txt
HTAR: a   instcat_y05_191109/job_log_01185852.txt
HTAR: a   instcat_y05_191109/job_log_01185853.txt
HTAR: a   instcat_y05_191109/job_log_01185854.txt
HTAR: a   instcat_y05_191109/job_log_01185855.txt
HTAR: a   instcat_y05_191109/job_log_01185856.txt
HTAR: a   instcat_y05_191109/job_log_01185885.txt
HTAR: a   instcat_y05_191109/job_log_01185886.txt
HTAR: a   instcat_y05_191109/job_log_01185887.txt
HTAR: a   instcat_y05_191109/job_log_01185888.txt
HTAR: a   instcat_y05_191109/job_log_01185889.txt
HTAR: a   instcat_y05_191109/job_log_01185890.txt
HTAR: a   instcat_y05_191109/job_log_01185891.txt
HTAR: a   instcat_y05_191109/job_log_01185892.txt
HTAR: a   instcat_y05_191109/job_log_01185893.txt
HTAR: a   instcat_y05_191109/job_log_01185894.txt
HTAR: a   instcat_y05_191109/job_log_01185997.txt
HTAR: a   instcat_y05_191109/job_log_01186031.txt
HTAR: a   instcat_y05_191109/job_log_01186053.txt
HTAR: a   instcat_y05_191109/job_log_01186054.txt
HTAR: a   instcat_y05_191109/job_log_01186055.txt
HTAR: a   instcat_y05_191109/job_log_01186056.txt
HTAR: a   instcat_y05_191109/job_log_01186057.txt
HTAR: a   instcat_y05_191109/job_log_01186058.txt
HTAR: a   instcat_y05_191109/job_log_01186059.txt
HTAR: a   instcat_y05_191109/job_log_01186060.txt
HTAR: a   instcat_y05_191109/job_log_01186061.txt
HTAR: a   instcat_y05_191109/job_log_01186062.txt
HTAR: a   instcat_y05_191109/job_log_01186063.txt
HTAR: a   instcat_y05_191109/job_log_01186064.txt
HTAR: a   instcat_y05_191109/job_log_01186065.txt
HTAR: a   instcat_y05_191109/job_log_01186066.txt
HTAR: a   instcat_y05_191109/job_log_01186067.txt
HTAR: a   instcat_y05_191109/job_log_01186068.txt
HTAR: a   instcat_y05_191109/job_log_01186069.txt
HTAR: a   instcat_y05_191109/job_log_01186070.txt
HTAR: a   instcat_y05_191109/job_log_01186087.txt
HTAR: a   instcat_y05_191109/job_log_01186097.txt
HTAR: a   instcat_y05_191109/job_log_01186098.txt
HTAR: a   instcat_y05_191109/job_log_01186102.txt
HTAR: a   instcat_y05_191109/job_log_01186110.txt
HTAR: a   instcat_y05_191109/job_log_01186493.txt
HTAR: a   instcat_y05_191109/job_log_01186494.txt
HTAR: a   instcat_y05_191109/job_log_01186495.txt
HTAR: a   instcat_y05_191109/job_log_01186496.txt
HTAR: a   instcat_y05_191109/job_log_01186497.txt
HTAR: a   instcat_y05_191109/job_log_01186498.txt
HTAR: a   instcat_y05_191109/job_log_01186499.txt
HTAR: a   instcat_y05_191109/job_log_01186500.txt
HTAR: a   instcat_y05_191109/job_log_01186501.txt
HTAR: a   instcat_y05_191109/job_log_01186502.txt
HTAR: a   instcat_y05_191109/job_log_01186503.txt
HTAR: a   instcat_y05_191109/job_log_01186504.txt
HTAR: a   instcat_y05_191109/job_log_01186505.txt
HTAR: a   instcat_y05_191109/job_log_01186506.txt
HTAR: a   instcat_y05_191109/job_log_01186507.txt
HTAR: a   instcat_y05_191109/job_log_01186508.txt
HTAR: a   instcat_y05_191109/job_log_01186509.txt
HTAR: a   instcat_y05_191109/job_log_01186510.txt
HTAR: a   instcat_y05_191109/job_log_01186511.txt
HTAR: a   instcat_y05_191109/job_log_01186512.txt
HTAR: a   instcat_y05_191109/job_log_01186513.txt
HTAR: a   instcat_y05_191109/job_log_01186571.txt
HTAR: a   instcat_y05_191109/job_log_01186577.txt
HTAR: a   instcat_y05_191109/job_log_01186578.txt
HTAR: a   instcat_y05_191109/job_log_01186579.txt
HTAR: a   instcat_y05_191109/job_log_01186580.txt
HTAR: a   instcat_y05_191109/job_log_01186586.txt
HTAR: a   instcat_y05_191109/job_log_01186587.txt
HTAR: a   instcat_y05_191109/job_log_01186588.txt
HTAR: a   instcat_y05_191109/job_log_01186589.txt
HTAR: a   instcat_y05_191109/job_log_01186590.txt
HTAR: a   instcat_y05_191109/job_log_01186591.txt
HTAR: a   instcat_y05_191109/job_log_01186592.txt
HTAR: a   instcat_y05_191109/job_log_01186593.txt
HTAR: a   instcat_y05_191109/job_log_01186594.txt
HTAR: a   instcat_y05_191109/job_log_01186595.txt
HTAR: a   instcat_y05_191109/job_log_01186596.txt
HTAR: a   instcat_y05_191109/job_log_01186597.txt
HTAR: a   instcat_y05_191109/job_log_01186598.txt
HTAR: a   instcat_y05_191109/job_log_01186599.txt
HTAR: a   instcat_y05_191109/job_log_01186600.txt
HTAR: a   instcat_y05_191109/job_log_01186601.txt
HTAR: a   instcat_y05_191109/job_log_01186602.txt
HTAR: a   instcat_y05_191109/job_log_01186603.txt
HTAR: a   instcat_y05_191109/job_log_01186604.txt
HTAR: a   instcat_y05_191109/job_log_01186605.txt
HTAR: a   instcat_y05_191109/job_log_01186606.txt
HTAR: a   instcat_y05_191109/job_log_01186607.txt
HTAR: a   instcat_y05_191109/job_log_01186613.txt
HTAR: a   instcat_y05_191109/job_log_01186614.txt
HTAR: a   instcat_y05_191109/job_log_01186615.txt
HTAR: a   instcat_y05_191109/job_log_01186616.txt
HTAR: a   instcat_y05_191109/job_log_01186834.txt
HTAR: a   instcat_y05_191109/job_log_01186870.txt
HTAR: a   instcat_y05_191109/job_log_01186912.txt
HTAR: a   instcat_y05_191109/job_log_01186913.txt
HTAR: a   instcat_y05_191109/job_log_01186919.txt
HTAR: a   instcat_y05_191109/job_log_01186950.txt
HTAR: a   instcat_y05_191109/job_log_01186951.txt
HTAR: a   instcat_y05_191109/job_log_01187311.txt
HTAR: a   instcat_y05_191109/job_log_01187370.txt
HTAR: a   instcat_y05_191109/job_log_01187371.txt
HTAR: a   instcat_y05_191109/job_log_01187372.txt
HTAR: a   instcat_y05_191109/job_log_01187373.txt
HTAR: a   instcat_y05_191109/job_log_01187374.txt
HTAR: a   instcat_y05_191109/job_log_01187375.txt
HTAR: a   instcat_y05_191109/job_log_01187376.txt
HTAR: a   instcat_y05_191109/job_log_01187377.txt
HTAR: a   instcat_y05_191109/job_log_01187378.txt
HTAR: a   instcat_y05_191109/job_log_01187379.txt
HTAR: a   instcat_y05_191109/job_log_01187380.txt
HTAR: a   instcat_y05_191109/job_log_01187381.txt
HTAR: a   /tmp/HTAR_CF_CHK_51688_1580768400
HTAR Create complete for /home/projects/desc/DC2_ImSim/Run2.2i/instCat/y05_191109/01185662to01187381.tar. 553,636,648,960 bytes written for 240 member files, max threads: 50 Transfer time: 3974.415 seconds (139.300 MB/s) wallclock/user/sys: 3975.552 4747.313 1563.607 seconds
HTAR: HTAR SUCCESSFUL
HTAR: a   instcat_y05_191109/01187382.tar.gz
HTAR: a   instcat_y05_191109/01187383.tar.gz
HTAR: a   instcat_y05_191109/01187384.tar.gz
HTAR: a   instcat_y05_191109/01187385.tar.gz
HTAR: a   instcat_y05_191109/01187386.tar.gz
HTAR: a   instcat_y05_191109/01187387.tar.gz
HTAR: a   instcat_y05_191109/01187388.tar.gz
HTAR: a   instcat_y05_191109/01187389.tar.gz
HTAR: a   instcat_y05_191109/01187390.tar.gz
HTAR: a   instcat_y05_191109/01187391.tar.gz
HTAR: a   instcat_y05_191109/01187392.tar.gz
HTAR: a   instcat_y05_191109/01187393.tar.gz
HTAR: a   instcat_y05_191109/01187394.tar.gz
HTAR: a   instcat_y05_191109/01187395.tar.gz
HTAR: a   instcat_y05_191109/01187396.tar.gz
HTAR: a   instcat_y05_191109/01187397.tar.gz
HTAR: a   instcat_y05_191109/01187398.tar.gz
HTAR: a   instcat_y05_191109/01187399.tar.gz
HTAR: a   instcat_y05_191109/01187401.tar.gz
HTAR: a   instcat_y05_191109/01187402.tar.gz
HTAR: a   instcat_y05_191109/01187403.tar.gz
HTAR: a   instcat_y05_191109/01187404.tar.gz
HTAR: a   instcat_y05_191109/01187405.tar.gz
HTAR: a   instcat_y05_191109/01187406.tar.gz
HTAR: a   instcat_y05_191109/01187407.tar.gz
HTAR: a   instcat_y05_191109/01187408.tar.gz
HTAR: a   instcat_y05_191109/01187409.tar.gz
HTAR: a   instcat_y05_191109/01187410.tar.gz
HTAR: a   instcat_y05_191109/01187436.tar.gz
HTAR: a   instcat_y05_191109/01187438.tar.gz
HTAR: a   instcat_y05_191109/01187439.tar.gz
HTAR: a   instcat_y05_191109/01187440.tar.gz
HTAR: a   instcat_y05_191109/01187441.tar.gz
HTAR: a   instcat_y05_191109/01187442.tar.gz
HTAR: a   instcat_y05_191109/01187443.tar.gz
HTAR: a   instcat_y05_191109/01187444.tar.gz
HTAR: a   instcat_y05_191109/01187445.tar.gz
HTAR: a   instcat_y05_191109/01187449.tar.gz
HTAR: a   instcat_y05_191109/01187451.tar.gz
HTAR: a   instcat_y05_191109/01187453.tar.gz
HTAR: a   instcat_y05_191109/01187454.tar.gz
HTAR: a   instcat_y05_191109/01187455.tar.gz
HTAR: a   instcat_y05_191109/01187456.tar.gz
HTAR: a   instcat_y05_191109/01187457.tar.gz
HTAR: a   instcat_y05_191109/01187458.tar.gz
HTAR: a   instcat_y05_191109/01187459.tar.gz
HTAR: a   instcat_y05_191109/01187460.tar.gz
HTAR: a   instcat_y05_191109/01187461.tar.gz
HTAR: a   instcat_y05_191109/01187462.tar.gz
HTAR: a   instcat_y05_191109/01187463.tar.gz
HTAR: a   instcat_y05_191109/01187464.tar.gz
HTAR: a   instcat_y05_191109/01187465.tar.gz
HTAR: a   instcat_y05_191109/01187467.tar.gz
HTAR: a   instcat_y05_191109/01187468.tar.gz
HTAR: a   instcat_y05_191109/01187469.tar.gz
HTAR: a   instcat_y05_191109/01187510.tar.gz
HTAR: a   instcat_y05_191109/01187516.tar.gz
HTAR: a   instcat_y05_191109/01187517.tar.gz
HTAR: a   instcat_y05_191109/01187521.tar.gz
HTAR: a   instcat_y05_191109/01187522.tar.gz
HTAR: a   instcat_y05_191109/01187523.tar.gz
HTAR: a   instcat_y05_191109/01187524.tar.gz
HTAR: a   instcat_y05_191109/01187629.tar.gz
HTAR: a   instcat_y05_191109/01188216.tar.gz
HTAR: a   instcat_y05_191109/01188217.tar.gz
HTAR: a   instcat_y05_191109/01188220.tar.gz
HTAR: a   instcat_y05_191109/01188221.tar.gz
HTAR: a   instcat_y05_191109/01188222.tar.gz
HTAR: a   instcat_y05_191109/01188223.tar.gz
HTAR: a   instcat_y05_191109/01188224.tar.gz
HTAR: a   instcat_y05_191109/01188225.tar.gz
HTAR: a   instcat_y05_191109/01188226.tar.gz
HTAR: a   instcat_y05_191109/01188227.tar.gz
HTAR: a   instcat_y05_191109/01188228.tar.gz
HTAR: a   instcat_y05_191109/01188230.tar.gz
HTAR: a   instcat_y05_191109/01188231.tar.gz
HTAR: a   instcat_y05_191109/01188232.tar.gz
HTAR: a   instcat_y05_191109/01188233.tar.gz
HTAR: a   instcat_y05_191109/01188234.tar.gz
HTAR: a   instcat_y05_191109/01188235.tar.gz
HTAR: a   instcat_y05_191109/01188236.tar.gz
HTAR: a   instcat_y05_191109/01188237.tar.gz
HTAR: a   instcat_y05_191109/01188238.tar.gz
HTAR: a   instcat_y05_191109/01188239.tar.gz
HTAR: a   instcat_y05_191109/01188240.tar.gz
HTAR: a   instcat_y05_191109/01188241.tar.gz
HTAR: a   instcat_y05_191109/01188242.tar.gz
HTAR: a   instcat_y05_191109/01188243.tar.gz
HTAR: a   instcat_y05_191109/01188244.tar.gz
HTAR: a   instcat_y05_191109/01188245.tar.gz
HTAR: a   instcat_y05_191109/01188246.tar.gz
HTAR: a   instcat_y05_191109/01188247.tar.gz
HTAR: a   instcat_y05_191109/01188248.tar.gz
HTAR: a   instcat_y05_191109/01188249.tar.gz
HTAR: a   instcat_y05_191109/01188251.tar.gz
HTAR: a   instcat_y05_191109/01188271.tar.gz
HTAR: a   instcat_y05_191109/01188272.tar.gz
HTAR: a   instcat_y05_191109/01188273.tar.gz
HTAR: a   instcat_y05_191109/01188274.tar.gz
HTAR: a   instcat_y05_191109/01188275.tar.gz
HTAR: a   instcat_y05_191109/01188276.tar.gz
HTAR: a   instcat_y05_191109/01188277.tar.gz
HTAR: a   instcat_y05_191109/01188278.tar.gz
HTAR: a   instcat_y05_191109/01188279.tar.gz
HTAR: a   instcat_y05_191109/01188280.tar.gz
HTAR: a   instcat_y05_191109/01188281.tar.gz
HTAR: a   instcat_y05_191109/01188282.tar.gz
HTAR: a   instcat_y05_191109/01188283.tar.gz
HTAR: a   instcat_y05_191109/01188297.tar.gz
HTAR: a   instcat_y05_191109/01188298.tar.gz
HTAR: a   instcat_y05_191109/01188299.tar.gz
HTAR: a   instcat_y05_191109/01188300.tar.gz
HTAR: a   instcat_y05_191109/01188301.tar.gz
HTAR: a   instcat_y05_191109/01188302.tar.gz
HTAR: a   instcat_y05_191109/01188306.tar.gz
HTAR: a   instcat_y05_191109/01188307.tar.gz
HTAR: a   instcat_y05_191109/01188308.tar.gz
HTAR: a   instcat_y05_191109/01188309.tar.gz
HTAR: a   instcat_y05_191109/01188310.tar.gz
HTAR: a   instcat_y05_191109/01188318.tar.gz
HTAR: a   instcat_y05_191109/job_log_01187382.txt
HTAR: a   instcat_y05_191109/job_log_01187383.txt
HTAR: a   instcat_y05_191109/job_log_01187384.txt
HTAR: a   instcat_y05_191109/job_log_01187385.txt
HTAR: a   instcat_y05_191109/job_log_01187386.txt
HTAR: a   instcat_y05_191109/job_log_01187387.txt
HTAR: a   instcat_y05_191109/job_log_01187388.txt
HTAR: a   instcat_y05_191109/job_log_01187389.txt
HTAR: a   instcat_y05_191109/job_log_01187390.txt
HTAR: a   instcat_y05_191109/job_log_01187391.txt
HTAR: a   instcat_y05_191109/job_log_01187392.txt
HTAR: a   instcat_y05_191109/job_log_01187393.txt
HTAR: a   instcat_y05_191109/job_log_01187394.txt
HTAR: a   instcat_y05_191109/job_log_01187395.txt
HTAR: a   instcat_y05_191109/job_log_01187396.txt
HTAR: a   instcat_y05_191109/job_log_01187397.txt
HTAR: a   instcat_y05_191109/job_log_01187398.txt
HTAR: a   instcat_y05_191109/job_log_01187399.txt
HTAR: a   instcat_y05_191109/job_log_01187401.txt
HTAR: a   instcat_y05_191109/job_log_01187402.txt
HTAR: a   instcat_y05_191109/job_log_01187403.txt
HTAR: a   instcat_y05_191109/job_log_01187404.txt
HTAR: a   instcat_y05_191109/job_log_01187405.txt
HTAR: a   instcat_y05_191109/job_log_01187406.txt
HTAR: a   instcat_y05_191109/job_log_01187407.txt
HTAR: a   instcat_y05_191109/job_log_01187408.txt
HTAR: a   instcat_y05_191109/job_log_01187409.txt
HTAR: a   instcat_y05_191109/job_log_01187410.txt
HTAR: a   instcat_y05_191109/job_log_01187436.txt
HTAR: a   instcat_y05_191109/job_log_01187438.txt
HTAR: a   instcat_y05_191109/job_log_01187439.txt
HTAR: a   instcat_y05_191109/job_log_01187440.txt
HTAR: a   instcat_y05_191109/job_log_01187441.txt
HTAR: a   instcat_y05_191109/job_log_01187442.txt
HTAR: a   instcat_y05_191109/job_log_01187443.txt
HTAR: a   instcat_y05_191109/job_log_01187444.txt
HTAR: a   instcat_y05_191109/job_log_01187445.txt
HTAR: a   instcat_y05_191109/job_log_01187449.txt
HTAR: a   instcat_y05_191109/job_log_01187451.txt
HTAR: a   instcat_y05_191109/job_log_01187453.txt
HTAR: a   instcat_y05_191109/job_log_01187454.txt
HTAR: a   instcat_y05_191109/job_log_01187455.txt
HTAR: a   instcat_y05_191109/job_log_01187456.txt
HTAR: a   instcat_y05_191109/job_log_01187457.txt
HTAR: a   instcat_y05_191109/job_log_01187458.txt
HTAR: a   instcat_y05_191109/job_log_01187459.txt
HTAR: a   instcat_y05_191109/job_log_01187460.txt
HTAR: a   instcat_y05_191109/job_log_01187461.txt
HTAR: a   instcat_y05_191109/job_log_01187462.txt
HTAR: a   instcat_y05_191109/job_log_01187463.txt
HTAR: a   instcat_y05_191109/job_log_01187464.txt
HTAR: a   instcat_y05_191109/job_log_01187465.txt
HTAR: a   instcat_y05_191109/job_log_01187467.txt
HTAR: a   instcat_y05_191109/job_log_01187468.txt
HTAR: a   instcat_y05_191109/job_log_01187469.txt
HTAR: a   instcat_y05_191109/job_log_01187510.txt
HTAR: a   instcat_y05_191109/job_log_01187516.txt
HTAR: a   instcat_y05_191109/job_log_01187517.txt
HTAR: a   instcat_y05_191109/job_log_01187521.txt
HTAR: a   instcat_y05_191109/job_log_01187522.txt
HTAR: a   instcat_y05_191109/job_log_01187523.txt
HTAR: a   instcat_y05_191109/job_log_01187524.txt
HTAR: a   instcat_y05_191109/job_log_01187629.txt
HTAR: a   instcat_y05_191109/job_log_01188216.txt
HTAR: a   instcat_y05_191109/job_log_01188217.txt
HTAR: a   instcat_y05_191109/job_log_01188220.txt
HTAR: a   instcat_y05_191109/job_log_01188221.txt
HTAR: a   instcat_y05_191109/job_log_01188222.txt
HTAR: a   instcat_y05_191109/job_log_01188223.txt
HTAR: a   instcat_y05_191109/job_log_01188224.txt
HTAR: a   instcat_y05_191109/job_log_01188225.txt
HTAR: a   instcat_y05_191109/job_log_01188226.txt
HTAR: a   instcat_y05_191109/job_log_01188227.txt
HTAR: a   instcat_y05_191109/job_log_01188228.txt
HTAR: a   instcat_y05_191109/job_log_01188230.txt
HTAR: a   instcat_y05_191109/job_log_01188231.txt
HTAR: a   instcat_y05_191109/job_log_01188232.txt
HTAR: a   instcat_y05_191109/job_log_01188233.txt
HTAR: a   instcat_y05_191109/job_log_01188234.txt
HTAR: a   instcat_y05_191109/job_log_01188235.txt
HTAR: a   instcat_y05_191109/job_log_01188236.txt
HTAR: a   instcat_y05_191109/job_log_01188237.txt
HTAR: a   instcat_y05_191109/job_log_01188238.txt
HTAR: a   instcat_y05_191109/job_log_01188239.txt
HTAR: a   instcat_y05_191109/job_log_01188240.txt
HTAR: a   instcat_y05_191109/job_log_01188241.txt
HTAR: a   instcat_y05_191109/job_log_01188242.txt
HTAR: a   instcat_y05_191109/job_log_01188243.txt
HTAR: a   instcat_y05_191109/job_log_01188244.txt
HTAR: a   instcat_y05_191109/job_log_01188245.txt
HTAR: a   instcat_y05_191109/job_log_01188246.txt
HTAR: a   instcat_y05_191109/job_log_01188247.txt
HTAR: a   instcat_y05_191109/job_log_01188248.txt
HTAR: a   instcat_y05_191109/job_log_01188249.txt
HTAR: a   instcat_y05_191109/job_log_01188251.txt
HTAR: a   instcat_y05_191109/job_log_01188271.txt
HTAR: a   instcat_y05_191109/job_log_01188272.txt
HTAR: a   instcat_y05_191109/job_log_01188273.txt
HTAR: a   instcat_y05_191109/job_log_01188274.txt
HTAR: a   instcat_y05_191109/job_log_01188275.txt
HTAR: a   instcat_y05_191109/job_log_01188276.txt
HTAR: a   instcat_y05_191109/job_log_01188277.txt
HTAR: a   instcat_y05_191109/job_log_01188278.txt
HTAR: a   instcat_y05_191109/job_log_01188279.txt
HTAR: a   instcat_y05_191109/job_log_01188280.txt
HTAR: a   instcat_y05_191109/job_log_01188281.txt
HTAR: a   instcat_y05_191109/job_log_01188282.txt
HTAR: a   instcat_y05_191109/job_log_01188283.txt
HTAR: a   instcat_y05_191109/job_log_01188297.txt
HTAR: a   instcat_y05_191109/job_log_01188298.txt
HTAR: a   instcat_y05_191109/job_log_01188299.txt
HTAR: a   instcat_y05_191109/job_log_01188300.txt
HTAR: a   instcat_y05_191109/job_log_01188301.txt
HTAR: a   instcat_y05_191109/job_log_01188302.txt
HTAR: a   instcat_y05_191109/job_log_01188306.txt
HTAR: a   instcat_y05_191109/job_log_01188307.txt
HTAR: a   instcat_y05_191109/job_log_01188308.txt
HTAR: a   instcat_y05_191109/job_log_01188309.txt
HTAR: a   instcat_y05_191109/job_log_01188310.txt
HTAR: a   instcat_y05_191109/job_log_01188318.txt
HTAR: a   /tmp/HTAR_CF_CHK_45134_1580772379
HTAR Create complete for /home/projects/desc/DC2_ImSim/Run2.2i/instCat/y05_191109/01187382to01188318.tar. 535,626,986,496 bytes written for 240 member files, max threads: 50 Transfer time: 5431.867 seconds (98.608 MB/s) wallclock/user/sys: 5433.121 5569.889 2013.957 seconds
HTAR: HTAR SUCCESSFUL
