HTAR: a   instcat_y05_191109/01148232.tar.gz
HTAR: a   instcat_y05_191109/01148276.tar.gz
HTAR: a   instcat_y05_191109/01150143.tar.gz
HTAR: a   instcat_y05_191109/01150144.tar.gz
HTAR: a   instcat_y05_191109/01150145.tar.gz
HTAR: a   instcat_y05_191109/01150176.tar.gz
HTAR: a   instcat_y05_191109/01150177.tar.gz
HTAR: a   instcat_y05_191109/01150178.tar.gz
HTAR: a   instcat_y05_191109/01151122.tar.gz
HTAR: a   instcat_y05_191109/01151135.tar.gz
HTAR: a   instcat_y05_191109/01151136.tar.gz
HTAR: a   instcat_y05_191109/01151332.tar.gz
HTAR: a   instcat_y05_191109/01151333.tar.gz
HTAR: a   instcat_y05_191109/01151360.tar.gz
HTAR: a   instcat_y05_191109/01151374.tar.gz
HTAR: a   instcat_y05_191109/01151375.tar.gz
HTAR: a   instcat_y05_191109/01151376.tar.gz
HTAR: a   instcat_y05_191109/01151377.tar.gz
HTAR: a   instcat_y05_191109/01151378.tar.gz
HTAR: a   instcat_y05_191109/01151379.tar.gz
HTAR: a   instcat_y05_191109/01151380.tar.gz
HTAR: a   instcat_y05_191109/01151382.tar.gz
HTAR: a   instcat_y05_191109/01151383.tar.gz
HTAR: a   instcat_y05_191109/01151387.tar.gz
HTAR: a   instcat_y05_191109/01151388.tar.gz
HTAR: a   instcat_y05_191109/01151389.tar.gz
HTAR: a   instcat_y05_191109/01151390.tar.gz
HTAR: a   instcat_y05_191109/01151391.tar.gz
HTAR: a   instcat_y05_191109/01151392.tar.gz
HTAR: a   instcat_y05_191109/01151393.tar.gz
HTAR: a   instcat_y05_191109/01151395.tar.gz
HTAR: a   instcat_y05_191109/01153284.tar.gz
HTAR: a   instcat_y05_191109/01153314.tar.gz
HTAR: a   instcat_y05_191109/01153315.tar.gz
HTAR: a   instcat_y05_191109/01154191.tar.gz
HTAR: a   instcat_y05_191109/01154192.tar.gz
HTAR: a   instcat_y05_191109/01154193.tar.gz
HTAR: a   instcat_y05_191109/01154194.tar.gz
HTAR: a   instcat_y05_191109/01154195.tar.gz
HTAR: a   instcat_y05_191109/01154196.tar.gz
HTAR: a   instcat_y05_191109/01154197.tar.gz
HTAR: a   instcat_y05_191109/01154198.tar.gz
HTAR: a   instcat_y05_191109/01154199.tar.gz
HTAR: a   instcat_y05_191109/01154200.tar.gz
HTAR: a   instcat_y05_191109/01154204.tar.gz
HTAR: a   instcat_y05_191109/01154205.tar.gz
HTAR: a   instcat_y05_191109/01154222.tar.gz
HTAR: a   instcat_y05_191109/01154223.tar.gz
HTAR: a   instcat_y05_191109/01154224.tar.gz
HTAR: a   instcat_y05_191109/01154225.tar.gz
HTAR: a   instcat_y05_191109/01154226.tar.gz
HTAR: a   instcat_y05_191109/01154227.tar.gz
HTAR: a   instcat_y05_191109/01154228.tar.gz
HTAR: a   instcat_y05_191109/01154236.tar.gz
HTAR: a   instcat_y05_191109/01154237.tar.gz
HTAR: a   instcat_y05_191109/01154238.tar.gz
HTAR: a   instcat_y05_191109/01154239.tar.gz
HTAR: a   instcat_y05_191109/01154240.tar.gz
HTAR: a   instcat_y05_191109/01154279.tar.gz
HTAR: a   instcat_y05_191109/01154280.tar.gz
HTAR: a   instcat_y05_191109/01154308.tar.gz
HTAR: a   instcat_y05_191109/01154309.tar.gz
HTAR: a   instcat_y05_191109/01154310.tar.gz
HTAR: a   instcat_y05_191109/01154331.tar.gz
HTAR: a   instcat_y05_191109/01154332.tar.gz
HTAR: a   instcat_y05_191109/01154334.tar.gz
HTAR: a   instcat_y05_191109/01154335.tar.gz
HTAR: a   instcat_y05_191109/01154354.tar.gz
HTAR: a   instcat_y05_191109/01154356.tar.gz
HTAR: a   instcat_y05_191109/01154357.tar.gz
HTAR: a   instcat_y05_191109/01155488.tar.gz
HTAR: a   instcat_y05_191109/01155489.tar.gz
HTAR: a   instcat_y05_191109/01155490.tar.gz
HTAR: a   instcat_y05_191109/01155519.tar.gz
HTAR: a   instcat_y05_191109/01155520.tar.gz
HTAR: a   instcat_y05_191109/01155521.tar.gz
HTAR: a   instcat_y05_191109/01155522.tar.gz
HTAR: a   instcat_y05_191109/01155523.tar.gz
HTAR: a   instcat_y05_191109/01155524.tar.gz
HTAR: a   instcat_y05_191109/01155525.tar.gz
HTAR: a   instcat_y05_191109/01155526.tar.gz
HTAR: a   instcat_y05_191109/01155527.tar.gz
HTAR: a   instcat_y05_191109/01155528.tar.gz
HTAR: a   instcat_y05_191109/01155531.tar.gz
HTAR: a   instcat_y05_191109/01155532.tar.gz
HTAR: a   instcat_y05_191109/01155533.tar.gz
HTAR: a   instcat_y05_191109/01155534.tar.gz
HTAR: a   instcat_y05_191109/01155535.tar.gz
HTAR: a   instcat_y05_191109/01155536.tar.gz
HTAR: a   instcat_y05_191109/01155537.tar.gz
HTAR: a   instcat_y05_191109/01155538.tar.gz
HTAR: a   instcat_y05_191109/01155561.tar.gz
HTAR: a   instcat_y05_191109/01155562.tar.gz
HTAR: a   instcat_y05_191109/01155563.tar.gz
HTAR: a   instcat_y05_191109/01155564.tar.gz
HTAR: a   instcat_y05_191109/01155565.tar.gz
HTAR: a   instcat_y05_191109/01155566.tar.gz
HTAR: a   instcat_y05_191109/01155567.tar.gz
HTAR: a   instcat_y05_191109/01155568.tar.gz
HTAR: a   instcat_y05_191109/01155569.tar.gz
HTAR: a   instcat_y05_191109/01155572.tar.gz
HTAR: a   instcat_y05_191109/01155573.tar.gz
HTAR: a   instcat_y05_191109/01155574.tar.gz
HTAR: a   instcat_y05_191109/01155575.tar.gz
HTAR: a   instcat_y05_191109/01155576.tar.gz
HTAR: a   instcat_y05_191109/01155577.tar.gz
HTAR: a   instcat_y05_191109/01155578.tar.gz
HTAR: a   instcat_y05_191109/01155579.tar.gz
HTAR: a   instcat_y05_191109/01155580.tar.gz
HTAR: a   instcat_y05_191109/01155581.tar.gz
HTAR: a   instcat_y05_191109/01155582.tar.gz
HTAR: a   instcat_y05_191109/01155583.tar.gz
HTAR: a   instcat_y05_191109/01155584.tar.gz
HTAR: a   instcat_y05_191109/01155619.tar.gz
HTAR: a   instcat_y05_191109/01155620.tar.gz
HTAR: a   instcat_y05_191109/01155621.tar.gz
HTAR: a   instcat_y05_191109/01155622.tar.gz
HTAR: a   instcat_y05_191109/01155623.tar.gz
HTAR: a   instcat_y05_191109/01155624.tar.gz
HTAR: a   instcat_y05_191109/01155625.tar.gz
HTAR: a   instcat_y05_191109/job_log_01148232.txt
HTAR: a   instcat_y05_191109/job_log_01148276.txt
HTAR: a   instcat_y05_191109/job_log_01150143.txt
HTAR: a   instcat_y05_191109/job_log_01150144.txt
HTAR: a   instcat_y05_191109/job_log_01150145.txt
HTAR: a   instcat_y05_191109/job_log_01150176.txt
HTAR: a   instcat_y05_191109/job_log_01150177.txt
HTAR: a   instcat_y05_191109/job_log_01150178.txt
HTAR: a   instcat_y05_191109/job_log_01151122.txt
HTAR: a   instcat_y05_191109/job_log_01151135.txt
HTAR: a   instcat_y05_191109/job_log_01151136.txt
HTAR: a   instcat_y05_191109/job_log_01151332.txt
HTAR: a   instcat_y05_191109/job_log_01151333.txt
HTAR: a   instcat_y05_191109/job_log_01151360.txt
HTAR: a   instcat_y05_191109/job_log_01151374.txt
HTAR: a   instcat_y05_191109/job_log_01151375.txt
HTAR: a   instcat_y05_191109/job_log_01151376.txt
HTAR: a   instcat_y05_191109/job_log_01151377.txt
HTAR: a   instcat_y05_191109/job_log_01151378.txt
HTAR: a   instcat_y05_191109/job_log_01151379.txt
HTAR: a   instcat_y05_191109/job_log_01151380.txt
HTAR: a   instcat_y05_191109/job_log_01151382.txt
HTAR: a   instcat_y05_191109/job_log_01151383.txt
HTAR: a   instcat_y05_191109/job_log_01151387.txt
HTAR: a   instcat_y05_191109/job_log_01151388.txt
HTAR: a   instcat_y05_191109/job_log_01151389.txt
HTAR: a   instcat_y05_191109/job_log_01151390.txt
HTAR: a   instcat_y05_191109/job_log_01151391.txt
HTAR: a   instcat_y05_191109/job_log_01151392.txt
HTAR: a   instcat_y05_191109/job_log_01151393.txt
HTAR: a   instcat_y05_191109/job_log_01151395.txt
HTAR: a   instcat_y05_191109/job_log_01153284.txt
HTAR: a   instcat_y05_191109/job_log_01153314.txt
HTAR: a   instcat_y05_191109/job_log_01153315.txt
HTAR: a   instcat_y05_191109/job_log_01154191.txt
HTAR: a   instcat_y05_191109/job_log_01154192.txt
HTAR: a   instcat_y05_191109/job_log_01154193.txt
HTAR: a   instcat_y05_191109/job_log_01154194.txt
HTAR: a   instcat_y05_191109/job_log_01154195.txt
HTAR: a   instcat_y05_191109/job_log_01154196.txt
HTAR: a   instcat_y05_191109/job_log_01154197.txt
HTAR: a   instcat_y05_191109/job_log_01154198.txt
HTAR: a   instcat_y05_191109/job_log_01154199.txt
HTAR: a   instcat_y05_191109/job_log_01154200.txt
HTAR: a   instcat_y05_191109/job_log_01154204.txt
HTAR: a   instcat_y05_191109/job_log_01154205.txt
HTAR: a   instcat_y05_191109/job_log_01154222.txt
HTAR: a   instcat_y05_191109/job_log_01154223.txt
HTAR: a   instcat_y05_191109/job_log_01154224.txt
HTAR: a   instcat_y05_191109/job_log_01154225.txt
HTAR: a   instcat_y05_191109/job_log_01154226.txt
HTAR: a   instcat_y05_191109/job_log_01154227.txt
HTAR: a   instcat_y05_191109/job_log_01154228.txt
HTAR: a   instcat_y05_191109/job_log_01154236.txt
HTAR: a   instcat_y05_191109/job_log_01154237.txt
HTAR: a   instcat_y05_191109/job_log_01154238.txt
HTAR: a   instcat_y05_191109/job_log_01154239.txt
HTAR: a   instcat_y05_191109/job_log_01154240.txt
HTAR: a   instcat_y05_191109/job_log_01154279.txt
HTAR: a   instcat_y05_191109/job_log_01154280.txt
HTAR: a   instcat_y05_191109/job_log_01154308.txt
HTAR: a   instcat_y05_191109/job_log_01154309.txt
HTAR: a   instcat_y05_191109/job_log_01154310.txt
HTAR: a   instcat_y05_191109/job_log_01154331.txt
HTAR: a   instcat_y05_191109/job_log_01154332.txt
HTAR: a   instcat_y05_191109/job_log_01154334.txt
HTAR: a   instcat_y05_191109/job_log_01154335.txt
HTAR: a   instcat_y05_191109/job_log_01154354.txt
HTAR: a   instcat_y05_191109/job_log_01154356.txt
HTAR: a   instcat_y05_191109/job_log_01154357.txt
HTAR: a   instcat_y05_191109/job_log_01155488.txt
HTAR: a   instcat_y05_191109/job_log_01155489.txt
HTAR: a   instcat_y05_191109/job_log_01155490.txt
HTAR: a   instcat_y05_191109/job_log_01155519.txt
HTAR: a   instcat_y05_191109/job_log_01155520.txt
HTAR: a   instcat_y05_191109/job_log_01155521.txt
HTAR: a   instcat_y05_191109/job_log_01155522.txt
HTAR: a   instcat_y05_191109/job_log_01155523.txt
HTAR: a   instcat_y05_191109/job_log_01155524.txt
HTAR: a   instcat_y05_191109/job_log_01155525.txt
HTAR: a   instcat_y05_191109/job_log_01155526.txt
HTAR: a   instcat_y05_191109/job_log_01155527.txt
HTAR: a   instcat_y05_191109/job_log_01155528.txt
HTAR: a   instcat_y05_191109/job_log_01155531.txt
HTAR: a   instcat_y05_191109/job_log_01155532.txt
HTAR: a   instcat_y05_191109/job_log_01155533.txt
HTAR: a   instcat_y05_191109/job_log_01155534.txt
HTAR: a   instcat_y05_191109/job_log_01155535.txt
HTAR: a   instcat_y05_191109/job_log_01155536.txt
HTAR: a   instcat_y05_191109/job_log_01155537.txt
HTAR: a   instcat_y05_191109/job_log_01155538.txt
HTAR: a   instcat_y05_191109/job_log_01155561.txt
HTAR: a   instcat_y05_191109/job_log_01155562.txt
HTAR: a   instcat_y05_191109/job_log_01155563.txt
HTAR: a   instcat_y05_191109/job_log_01155564.txt
HTAR: a   instcat_y05_191109/job_log_01155565.txt
HTAR: a   instcat_y05_191109/job_log_01155566.txt
HTAR: a   instcat_y05_191109/job_log_01155567.txt
HTAR: a   instcat_y05_191109/job_log_01155568.txt
HTAR: a   instcat_y05_191109/job_log_01155569.txt
HTAR: a   instcat_y05_191109/job_log_01155572.txt
HTAR: a   instcat_y05_191109/job_log_01155573.txt
HTAR: a   instcat_y05_191109/job_log_01155574.txt
HTAR: a   instcat_y05_191109/job_log_01155575.txt
HTAR: a   instcat_y05_191109/job_log_01155576.txt
HTAR: a   instcat_y05_191109/job_log_01155577.txt
HTAR: a   instcat_y05_191109/job_log_01155578.txt
HTAR: a   instcat_y05_191109/job_log_01155579.txt
HTAR: a   instcat_y05_191109/job_log_01155580.txt
HTAR: a   instcat_y05_191109/job_log_01155581.txt
HTAR: a   instcat_y05_191109/job_log_01155582.txt
HTAR: a   instcat_y05_191109/job_log_01155583.txt
HTAR: a   instcat_y05_191109/job_log_01155584.txt
HTAR: a   instcat_y05_191109/job_log_01155619.txt
HTAR: a   instcat_y05_191109/job_log_01155620.txt
HTAR: a   instcat_y05_191109/job_log_01155621.txt
HTAR: a   instcat_y05_191109/job_log_01155622.txt
HTAR: a   instcat_y05_191109/job_log_01155623.txt
HTAR: a   instcat_y05_191109/job_log_01155624.txt
HTAR: a   instcat_y05_191109/job_log_01155625.txt
HTAR: a   /tmp/HTAR_CF_CHK_8782_1580741468
HTAR Create complete for /home/projects/desc/DC2_ImSim/Run2.2i/instCat/y05_191109/01148232to01155625.tar. 530,534,140,416 bytes written for 240 member files, max threads: 50 Transfer time: 3797.648 seconds (139.701 MB/s) wallclock/user/sys: 3799.539 4375.028 1296.263 seconds
HTAR: HTAR SUCCESSFUL
HTAR: a   instcat_y05_191109/01155650.tar.gz
HTAR: a   instcat_y05_191109/01156591.tar.gz
HTAR: a   instcat_y05_191109/01156600.tar.gz
HTAR: a   instcat_y05_191109/01156743.tar.gz
HTAR: a   instcat_y05_191109/01156744.tar.gz
HTAR: a   instcat_y05_191109/01157551.tar.gz
HTAR: a   instcat_y05_191109/01157595.tar.gz
HTAR: a   instcat_y05_191109/01157610.tar.gz
HTAR: a   instcat_y05_191109/01157611.tar.gz
HTAR: a   instcat_y05_191109/01157612.tar.gz
HTAR: a   instcat_y05_191109/01157613.tar.gz
HTAR: a   instcat_y05_191109/01157614.tar.gz
HTAR: a   instcat_y05_191109/01157620.tar.gz
HTAR: a   instcat_y05_191109/01157621.tar.gz
HTAR: a   instcat_y05_191109/01157650.tar.gz
HTAR: a   instcat_y05_191109/01157651.tar.gz
HTAR: a   instcat_y05_191109/01157652.tar.gz
HTAR: a   instcat_y05_191109/01157653.tar.gz
HTAR: a   instcat_y05_191109/01157655.tar.gz
HTAR: a   instcat_y05_191109/01157656.tar.gz
HTAR: a   instcat_y05_191109/01157657.tar.gz
HTAR: a   instcat_y05_191109/01157689.tar.gz
HTAR: a   instcat_y05_191109/01157690.tar.gz
HTAR: a   instcat_y05_191109/01157691.tar.gz
HTAR: a   instcat_y05_191109/01157692.tar.gz
HTAR: a   instcat_y05_191109/01157693.tar.gz
HTAR: a   instcat_y05_191109/01157694.tar.gz
HTAR: a   instcat_y05_191109/01157695.tar.gz
HTAR: a   instcat_y05_191109/01157696.tar.gz
HTAR: a   instcat_y05_191109/01157697.tar.gz
HTAR: a   instcat_y05_191109/01157699.tar.gz
HTAR: a   instcat_y05_191109/01157700.tar.gz
HTAR: a   instcat_y05_191109/01157701.tar.gz
HTAR: a   instcat_y05_191109/01157702.tar.gz
HTAR: a   instcat_y05_191109/01158507.tar.gz
HTAR: a   instcat_y05_191109/01158519.tar.gz
HTAR: a   instcat_y05_191109/01158520.tar.gz
HTAR: a   instcat_y05_191109/01158521.tar.gz
HTAR: a   instcat_y05_191109/01158533.tar.gz
HTAR: a   instcat_y05_191109/01158534.tar.gz
HTAR: a   instcat_y05_191109/01158554.tar.gz
HTAR: a   instcat_y05_191109/01158555.tar.gz
HTAR: a   instcat_y05_191109/01158556.tar.gz
HTAR: a   instcat_y05_191109/01158557.tar.gz
HTAR: a   instcat_y05_191109/01159702.tar.gz
HTAR: a   instcat_y05_191109/01160436.tar.gz
HTAR: a   instcat_y05_191109/01160437.tar.gz
HTAR: a   instcat_y05_191109/01160438.tar.gz
HTAR: a   instcat_y05_191109/01160443.tar.gz
HTAR: a   instcat_y05_191109/01160444.tar.gz
HTAR: a   instcat_y05_191109/01160445.tar.gz
HTAR: a   instcat_y05_191109/01160446.tar.gz
HTAR: a   instcat_y05_191109/01160454.tar.gz
HTAR: a   instcat_y05_191109/01160455.tar.gz
HTAR: a   instcat_y05_191109/01160456.tar.gz
HTAR: a   instcat_y05_191109/01160457.tar.gz
HTAR: a   instcat_y05_191109/01160486.tar.gz
HTAR: a   instcat_y05_191109/01160487.tar.gz
HTAR: a   instcat_y05_191109/01160525.tar.gz
HTAR: a   instcat_y05_191109/01160536.tar.gz
HTAR: a   instcat_y05_191109/01160537.tar.gz
HTAR: a   instcat_y05_191109/01160538.tar.gz
HTAR: a   instcat_y05_191109/01160539.tar.gz
HTAR: a   instcat_y05_191109/01160540.tar.gz
HTAR: a   instcat_y05_191109/01160541.tar.gz
HTAR: a   instcat_y05_191109/01160542.tar.gz
HTAR: a   instcat_y05_191109/01160543.tar.gz
HTAR: a   instcat_y05_191109/01160549.tar.gz
HTAR: a   instcat_y05_191109/01160550.tar.gz
HTAR: a   instcat_y05_191109/01160551.tar.gz
HTAR: a   instcat_y05_191109/01160578.tar.gz
HTAR: a   instcat_y05_191109/01160579.tar.gz
HTAR: a   instcat_y05_191109/01160580.tar.gz
HTAR: a   instcat_y05_191109/01160581.tar.gz
HTAR: a   instcat_y05_191109/01160582.tar.gz
HTAR: a   instcat_y05_191109/01160583.tar.gz
HTAR: a   instcat_y05_191109/01160584.tar.gz
HTAR: a   instcat_y05_191109/01160585.tar.gz
HTAR: a   instcat_y05_191109/01160587.tar.gz
HTAR: a   instcat_y05_191109/01160588.tar.gz
HTAR: a   instcat_y05_191109/01161449.tar.gz
HTAR: a   instcat_y05_191109/01161450.tar.gz
HTAR: a   instcat_y05_191109/01161451.tar.gz
HTAR: a   instcat_y05_191109/01161452.tar.gz
HTAR: a   instcat_y05_191109/01161453.tar.gz
HTAR: a   instcat_y05_191109/01161454.tar.gz
HTAR: a   instcat_y05_191109/01161455.tar.gz
HTAR: a   instcat_y05_191109/01161456.tar.gz
HTAR: a   instcat_y05_191109/01161472.tar.gz
HTAR: a   instcat_y05_191109/01161473.tar.gz
HTAR: a   instcat_y05_191109/01161474.tar.gz
HTAR: a   instcat_y05_191109/01161475.tar.gz
HTAR: a   instcat_y05_191109/01161476.tar.gz
HTAR: a   instcat_y05_191109/01161477.tar.gz
HTAR: a   instcat_y05_191109/01161478.tar.gz
HTAR: a   instcat_y05_191109/01161479.tar.gz
HTAR: a   instcat_y05_191109/01161485.tar.gz
HTAR: a   instcat_y05_191109/01161487.tar.gz
HTAR: a   instcat_y05_191109/01161488.tar.gz
HTAR: a   instcat_y05_191109/01161489.tar.gz
HTAR: a   instcat_y05_191109/01161490.tar.gz
HTAR: a   instcat_y05_191109/01161491.tar.gz
HTAR: a   instcat_y05_191109/01161492.tar.gz
HTAR: a   instcat_y05_191109/01161493.tar.gz
HTAR: a   instcat_y05_191109/01161562.tar.gz
HTAR: a   instcat_y05_191109/01162302.tar.gz
HTAR: a   instcat_y05_191109/01162429.tar.gz
HTAR: a   instcat_y05_191109/01162430.tar.gz
HTAR: a   instcat_y05_191109/01162432.tar.gz
HTAR: a   instcat_y05_191109/01162433.tar.gz
HTAR: a   instcat_y05_191109/01162434.tar.gz
HTAR: a   instcat_y05_191109/01162435.tar.gz
HTAR: a   instcat_y05_191109/01162436.tar.gz
HTAR: a   instcat_y05_191109/01162437.tar.gz
HTAR: a   instcat_y05_191109/01162438.tar.gz
HTAR: a   instcat_y05_191109/01162439.tar.gz
HTAR: a   instcat_y05_191109/01162440.tar.gz
HTAR: a   instcat_y05_191109/01162441.tar.gz
HTAR: a   instcat_y05_191109/01162442.tar.gz
HTAR: a   instcat_y05_191109/01162450.tar.gz
HTAR: a   instcat_y05_191109/job_log_01155650.txt
HTAR: a   instcat_y05_191109/job_log_01156591.txt
HTAR: a   instcat_y05_191109/job_log_01156600.txt
HTAR: a   instcat_y05_191109/job_log_01156743.txt
HTAR: a   instcat_y05_191109/job_log_01156744.txt
HTAR: a   instcat_y05_191109/job_log_01157551.txt
HTAR: a   instcat_y05_191109/job_log_01157595.txt
HTAR: a   instcat_y05_191109/job_log_01157610.txt
HTAR: a   instcat_y05_191109/job_log_01157611.txt
HTAR: a   instcat_y05_191109/job_log_01157612.txt
HTAR: a   instcat_y05_191109/job_log_01157613.txt
HTAR: a   instcat_y05_191109/job_log_01157614.txt
HTAR: a   instcat_y05_191109/job_log_01157620.txt
HTAR: a   instcat_y05_191109/job_log_01157621.txt
HTAR: a   instcat_y05_191109/job_log_01157650.txt
HTAR: a   instcat_y05_191109/job_log_01157651.txt
HTAR: a   instcat_y05_191109/job_log_01157652.txt
HTAR: a   instcat_y05_191109/job_log_01157653.txt
HTAR: a   instcat_y05_191109/job_log_01157655.txt
HTAR: a   instcat_y05_191109/job_log_01157656.txt
HTAR: a   instcat_y05_191109/job_log_01157657.txt
HTAR: a   instcat_y05_191109/job_log_01157689.txt
HTAR: a   instcat_y05_191109/job_log_01157690.txt
HTAR: a   instcat_y05_191109/job_log_01157691.txt
HTAR: a   instcat_y05_191109/job_log_01157692.txt
HTAR: a   instcat_y05_191109/job_log_01157693.txt
HTAR: a   instcat_y05_191109/job_log_01157694.txt
HTAR: a   instcat_y05_191109/job_log_01157695.txt
HTAR: a   instcat_y05_191109/job_log_01157696.txt
HTAR: a   instcat_y05_191109/job_log_01157697.txt
HTAR: a   instcat_y05_191109/job_log_01157699.txt
HTAR: a   instcat_y05_191109/job_log_01157700.txt
HTAR: a   instcat_y05_191109/job_log_01157701.txt
HTAR: a   instcat_y05_191109/job_log_01157702.txt
HTAR: a   instcat_y05_191109/job_log_01158507.txt
HTAR: a   instcat_y05_191109/job_log_01158519.txt
HTAR: a   instcat_y05_191109/job_log_01158520.txt
HTAR: a   instcat_y05_191109/job_log_01158521.txt
HTAR: a   instcat_y05_191109/job_log_01158533.txt
HTAR: a   instcat_y05_191109/job_log_01158534.txt
HTAR: a   instcat_y05_191109/job_log_01158554.txt
HTAR: a   instcat_y05_191109/job_log_01158555.txt
HTAR: a   instcat_y05_191109/job_log_01158556.txt
HTAR: a   instcat_y05_191109/job_log_01158557.txt
HTAR: a   instcat_y05_191109/job_log_01159702.txt
HTAR: a   instcat_y05_191109/job_log_01160436.txt
HTAR: a   instcat_y05_191109/job_log_01160437.txt
HTAR: a   instcat_y05_191109/job_log_01160438.txt
HTAR: a   instcat_y05_191109/job_log_01160443.txt
HTAR: a   instcat_y05_191109/job_log_01160444.txt
HTAR: a   instcat_y05_191109/job_log_01160445.txt
HTAR: a   instcat_y05_191109/job_log_01160446.txt
HTAR: a   instcat_y05_191109/job_log_01160454.txt
HTAR: a   instcat_y05_191109/job_log_01160455.txt
HTAR: a   instcat_y05_191109/job_log_01160456.txt
HTAR: a   instcat_y05_191109/job_log_01160457.txt
HTAR: a   instcat_y05_191109/job_log_01160486.txt
HTAR: a   instcat_y05_191109/job_log_01160487.txt
HTAR: a   instcat_y05_191109/job_log_01160525.txt
HTAR: a   instcat_y05_191109/job_log_01160536.txt
HTAR: a   instcat_y05_191109/job_log_01160537.txt
HTAR: a   instcat_y05_191109/job_log_01160538.txt
HTAR: a   instcat_y05_191109/job_log_01160539.txt
HTAR: a   instcat_y05_191109/job_log_01160540.txt
HTAR: a   instcat_y05_191109/job_log_01160541.txt
HTAR: a   instcat_y05_191109/job_log_01160542.txt
HTAR: a   instcat_y05_191109/job_log_01160543.txt
HTAR: a   instcat_y05_191109/job_log_01160549.txt
HTAR: a   instcat_y05_191109/job_log_01160550.txt
HTAR: a   instcat_y05_191109/job_log_01160551.txt
HTAR: a   instcat_y05_191109/job_log_01160578.txt
HTAR: a   instcat_y05_191109/job_log_01160579.txt
HTAR: a   instcat_y05_191109/job_log_01160580.txt
HTAR: a   instcat_y05_191109/job_log_01160581.txt
HTAR: a   instcat_y05_191109/job_log_01160582.txt
HTAR: a   instcat_y05_191109/job_log_01160583.txt
HTAR: a   instcat_y05_191109/job_log_01160584.txt
HTAR: a   instcat_y05_191109/job_log_01160585.txt
HTAR: a   instcat_y05_191109/job_log_01160587.txt
HTAR: a   instcat_y05_191109/job_log_01160588.txt
HTAR: a   instcat_y05_191109/job_log_01161449.txt
HTAR: a   instcat_y05_191109/job_log_01161450.txt
HTAR: a   instcat_y05_191109/job_log_01161451.txt
HTAR: a   instcat_y05_191109/job_log_01161452.txt
HTAR: a   instcat_y05_191109/job_log_01161453.txt
HTAR: a   instcat_y05_191109/job_log_01161454.txt
HTAR: a   instcat_y05_191109/job_log_01161455.txt
HTAR: a   instcat_y05_191109/job_log_01161456.txt
HTAR: a   instcat_y05_191109/job_log_01161472.txt
HTAR: a   instcat_y05_191109/job_log_01161473.txt
HTAR: a   instcat_y05_191109/job_log_01161474.txt
HTAR: a   instcat_y05_191109/job_log_01161475.txt
HTAR: a   instcat_y05_191109/job_log_01161476.txt
HTAR: a   instcat_y05_191109/job_log_01161477.txt
HTAR: a   instcat_y05_191109/job_log_01161478.txt
HTAR: a   instcat_y05_191109/job_log_01161479.txt
HTAR: a   instcat_y05_191109/job_log_01161485.txt
HTAR: a   instcat_y05_191109/job_log_01161487.txt
HTAR: a   instcat_y05_191109/job_log_01161488.txt
HTAR: a   instcat_y05_191109/job_log_01161489.txt
HTAR: a   instcat_y05_191109/job_log_01161490.txt
HTAR: a   instcat_y05_191109/job_log_01161491.txt
HTAR: a   instcat_y05_191109/job_log_01161492.txt
HTAR: a   instcat_y05_191109/job_log_01161493.txt
HTAR: a   instcat_y05_191109/job_log_01161562.txt
HTAR: a   instcat_y05_191109/job_log_01162302.txt
HTAR: a   instcat_y05_191109/job_log_01162429.txt
HTAR: a   instcat_y05_191109/job_log_01162430.txt
HTAR: a   instcat_y05_191109/job_log_01162432.txt
HTAR: a   instcat_y05_191109/job_log_01162433.txt
HTAR: a   instcat_y05_191109/job_log_01162434.txt
HTAR: a   instcat_y05_191109/job_log_01162435.txt
HTAR: a   instcat_y05_191109/job_log_01162436.txt
HTAR: a   instcat_y05_191109/job_log_01162437.txt
HTAR: a   instcat_y05_191109/job_log_01162438.txt
HTAR: a   instcat_y05_191109/job_log_01162439.txt
HTAR: a   instcat_y05_191109/job_log_01162440.txt
HTAR: a   instcat_y05_191109/job_log_01162441.txt
HTAR: a   instcat_y05_191109/job_log_01162442.txt
HTAR: a   instcat_y05_191109/job_log_01162450.txt
HTAR: a   /tmp/HTAR_CF_CHK_32580_1580745270
HTAR Create complete for /home/projects/desc/DC2_ImSim/Run2.2i/instCat/y05_191109/01155650to01162450.tar. 527,986,756,096 bytes written for 240 member files, max threads: 50 Transfer time: 3565.095 seconds (148.099 MB/s) wallclock/user/sys: 3567.104 4247.938 1261.903 seconds
HTAR: HTAR SUCCESSFUL
HTAR: a   instcat_y05_191109/01162451.tar.gz
HTAR: a   instcat_y05_191109/01162452.tar.gz
HTAR: a   instcat_y05_191109/01162453.tar.gz
HTAR: a   instcat_y05_191109/01162454.tar.gz
HTAR: a   instcat_y05_191109/01162455.tar.gz
HTAR: a   instcat_y05_191109/01162456.tar.gz
HTAR: a   instcat_y05_191109/01162457.tar.gz
HTAR: a   instcat_y05_191109/01162459.tar.gz
HTAR: a   instcat_y05_191109/01162491.tar.gz
HTAR: a   instcat_y05_191109/01162492.tar.gz
HTAR: a   instcat_y05_191109/01162493.tar.gz
HTAR: a   instcat_y05_191109/01162494.tar.gz
HTAR: a   instcat_y05_191109/01162495.tar.gz
HTAR: a   instcat_y05_191109/01162496.tar.gz
HTAR: a   instcat_y05_191109/01162497.tar.gz
HTAR: a   instcat_y05_191109/01162503.tar.gz
HTAR: a   instcat_y05_191109/01162504.tar.gz
HTAR: a   instcat_y05_191109/01162505.tar.gz
HTAR: a   instcat_y05_191109/01162506.tar.gz
HTAR: a   instcat_y05_191109/01162507.tar.gz
HTAR: a   instcat_y05_191109/01162508.tar.gz
HTAR: a   instcat_y05_191109/01162509.tar.gz
HTAR: a   instcat_y05_191109/01162510.tar.gz
HTAR: a   instcat_y05_191109/01162511.tar.gz
HTAR: a   instcat_y05_191109/01162512.tar.gz
HTAR: a   instcat_y05_191109/01162513.tar.gz
HTAR: a   instcat_y05_191109/01162514.tar.gz
HTAR: a   instcat_y05_191109/01162515.tar.gz
HTAR: a   instcat_y05_191109/01162535.tar.gz
HTAR: a   instcat_y05_191109/01162536.tar.gz
HTAR: a   instcat_y05_191109/01162563.tar.gz
HTAR: a   instcat_y05_191109/01162564.tar.gz
HTAR: a   instcat_y05_191109/01162565.tar.gz
HTAR: a   instcat_y05_191109/01162566.tar.gz
HTAR: a   instcat_y05_191109/01162567.tar.gz
HTAR: a   instcat_y05_191109/01162568.tar.gz
HTAR: a   instcat_y05_191109/01162569.tar.gz
HTAR: a   instcat_y05_191109/01162585.tar.gz
HTAR: a   instcat_y05_191109/01162586.tar.gz
HTAR: a   instcat_y05_191109/01162587.tar.gz
HTAR: a   instcat_y05_191109/01162588.tar.gz
HTAR: a   instcat_y05_191109/01162589.tar.gz
HTAR: a   instcat_y05_191109/01162590.tar.gz
HTAR: a   instcat_y05_191109/01162591.tar.gz
HTAR: a   instcat_y05_191109/01162592.tar.gz
HTAR: a   instcat_y05_191109/01162594.tar.gz
HTAR: a   instcat_y05_191109/01162595.tar.gz
HTAR: a   instcat_y05_191109/01162596.tar.gz
HTAR: a   instcat_y05_191109/01162598.tar.gz
HTAR: a   instcat_y05_191109/01162599.tar.gz
HTAR: a   instcat_y05_191109/01162601.tar.gz
HTAR: a   instcat_y05_191109/01162602.tar.gz
HTAR: a   instcat_y05_191109/01162611.tar.gz
HTAR: a   instcat_y05_191109/01162612.tar.gz
HTAR: a   instcat_y05_191109/01162634.tar.gz
HTAR: a   instcat_y05_191109/01164074.tar.gz
HTAR: a   instcat_y05_191109/01164075.tar.gz
HTAR: a   instcat_y05_191109/01164111.tar.gz
HTAR: a   instcat_y05_191109/01164115.tar.gz
HTAR: a   instcat_y05_191109/01164116.tar.gz
HTAR: a   instcat_y05_191109/01164130.tar.gz
HTAR: a   instcat_y05_191109/01164134.tar.gz
HTAR: a   instcat_y05_191109/01165688.tar.gz
HTAR: a   instcat_y05_191109/01165689.tar.gz
HTAR: a   instcat_y05_191109/01165690.tar.gz
HTAR: a   instcat_y05_191109/01165691.tar.gz
HTAR: a   instcat_y05_191109/01165692.tar.gz
HTAR: a   instcat_y05_191109/01165693.tar.gz
HTAR: a   instcat_y05_191109/01165694.tar.gz
HTAR: a   instcat_y05_191109/01165695.tar.gz
HTAR: a   instcat_y05_191109/01165696.tar.gz
HTAR: a   instcat_y05_191109/01165702.tar.gz
HTAR: a   instcat_y05_191109/01165703.tar.gz
HTAR: a   instcat_y05_191109/01165704.tar.gz
HTAR: a   instcat_y05_191109/01165705.tar.gz
HTAR: a   instcat_y05_191109/01165706.tar.gz
HTAR: a   instcat_y05_191109/01165707.tar.gz
HTAR: a   instcat_y05_191109/01165708.tar.gz
HTAR: a   instcat_y05_191109/01165709.tar.gz
HTAR: a   instcat_y05_191109/01165710.tar.gz
HTAR: a   instcat_y05_191109/01165711.tar.gz
HTAR: a   instcat_y05_191109/01165712.tar.gz
HTAR: a   instcat_y05_191109/01165713.tar.gz
HTAR: a   instcat_y05_191109/01165727.tar.gz
HTAR: a   instcat_y05_191109/01165728.tar.gz
HTAR: a   instcat_y05_191109/01165729.tar.gz
HTAR: a   instcat_y05_191109/01165730.tar.gz
HTAR: a   instcat_y05_191109/01165731.tar.gz
HTAR: a   instcat_y05_191109/01165732.tar.gz
HTAR: a   instcat_y05_191109/01165733.tar.gz
HTAR: a   instcat_y05_191109/01165734.tar.gz
HTAR: a   instcat_y05_191109/01165735.tar.gz
HTAR: a   instcat_y05_191109/01165736.tar.gz
HTAR: a   instcat_y05_191109/01165737.tar.gz
HTAR: a   instcat_y05_191109/01165738.tar.gz
HTAR: a   instcat_y05_191109/01165739.tar.gz
HTAR: a   instcat_y05_191109/01165740.tar.gz
HTAR: a   instcat_y05_191109/01165741.tar.gz
HTAR: a   instcat_y05_191109/01165742.tar.gz
HTAR: a   instcat_y05_191109/01165762.tar.gz
HTAR: a   instcat_y05_191109/01165763.tar.gz
HTAR: a   instcat_y05_191109/01165764.tar.gz
HTAR: a   instcat_y05_191109/01165765.tar.gz
HTAR: a   instcat_y05_191109/01165766.tar.gz
HTAR: a   instcat_y05_191109/01165767.tar.gz
HTAR: a   instcat_y05_191109/01165768.tar.gz
HTAR: a   instcat_y05_191109/01165769.tar.gz
HTAR: a   instcat_y05_191109/01165770.tar.gz
HTAR: a   instcat_y05_191109/01165771.tar.gz
HTAR: a   instcat_y05_191109/01165772.tar.gz
HTAR: a   instcat_y05_191109/01165773.tar.gz
HTAR: a   instcat_y05_191109/01165776.tar.gz
HTAR: a   instcat_y05_191109/01165784.tar.gz
HTAR: a   instcat_y05_191109/01165785.tar.gz
HTAR: a   instcat_y05_191109/01165786.tar.gz
HTAR: a   instcat_y05_191109/01165787.tar.gz
HTAR: a   instcat_y05_191109/01165788.tar.gz
HTAR: a   instcat_y05_191109/01165800.tar.gz
HTAR: a   instcat_y05_191109/01165801.tar.gz
HTAR: a   instcat_y05_191109/01165802.tar.gz
HTAR: a   instcat_y05_191109/job_log_01162451.txt
HTAR: a   instcat_y05_191109/job_log_01162452.txt
HTAR: a   instcat_y05_191109/job_log_01162453.txt
HTAR: a   instcat_y05_191109/job_log_01162454.txt
HTAR: a   instcat_y05_191109/job_log_01162455.txt
HTAR: a   instcat_y05_191109/job_log_01162456.txt
HTAR: a   instcat_y05_191109/job_log_01162457.txt
HTAR: a   instcat_y05_191109/job_log_01162459.txt
HTAR: a   instcat_y05_191109/job_log_01162491.txt
HTAR: a   instcat_y05_191109/job_log_01162492.txt
HTAR: a   instcat_y05_191109/job_log_01162493.txt
HTAR: a   instcat_y05_191109/job_log_01162494.txt
HTAR: a   instcat_y05_191109/job_log_01162495.txt
HTAR: a   instcat_y05_191109/job_log_01162496.txt
HTAR: a   instcat_y05_191109/job_log_01162497.txt
HTAR: a   instcat_y05_191109/job_log_01162503.txt
HTAR: a   instcat_y05_191109/job_log_01162504.txt
HTAR: a   instcat_y05_191109/job_log_01162505.txt
HTAR: a   instcat_y05_191109/job_log_01162506.txt
HTAR: a   instcat_y05_191109/job_log_01162507.txt
HTAR: a   instcat_y05_191109/job_log_01162508.txt
HTAR: a   instcat_y05_191109/job_log_01162509.txt
HTAR: a   instcat_y05_191109/job_log_01162510.txt
HTAR: a   instcat_y05_191109/job_log_01162511.txt
HTAR: a   instcat_y05_191109/job_log_01162512.txt
HTAR: a   instcat_y05_191109/job_log_01162513.txt
HTAR: a   instcat_y05_191109/job_log_01162514.txt
HTAR: a   instcat_y05_191109/job_log_01162515.txt
HTAR: a   instcat_y05_191109/job_log_01162535.txt
HTAR: a   instcat_y05_191109/job_log_01162536.txt
HTAR: a   instcat_y05_191109/job_log_01162563.txt
HTAR: a   instcat_y05_191109/job_log_01162564.txt
HTAR: a   instcat_y05_191109/job_log_01162565.txt
HTAR: a   instcat_y05_191109/job_log_01162566.txt
HTAR: a   instcat_y05_191109/job_log_01162567.txt
HTAR: a   instcat_y05_191109/job_log_01162568.txt
HTAR: a   instcat_y05_191109/job_log_01162569.txt
HTAR: a   instcat_y05_191109/job_log_01162585.txt
HTAR: a   instcat_y05_191109/job_log_01162586.txt
HTAR: a   instcat_y05_191109/job_log_01162587.txt
HTAR: a   instcat_y05_191109/job_log_01162588.txt
HTAR: a   instcat_y05_191109/job_log_01162589.txt
HTAR: a   instcat_y05_191109/job_log_01162590.txt
HTAR: a   instcat_y05_191109/job_log_01162591.txt
HTAR: a   instcat_y05_191109/job_log_01162592.txt
HTAR: a   instcat_y05_191109/job_log_01162594.txt
HTAR: a   instcat_y05_191109/job_log_01162595.txt
HTAR: a   instcat_y05_191109/job_log_01162596.txt
HTAR: a   instcat_y05_191109/job_log_01162598.txt
HTAR: a   instcat_y05_191109/job_log_01162599.txt
HTAR: a   instcat_y05_191109/job_log_01162601.txt
HTAR: a   instcat_y05_191109/job_log_01162602.txt
HTAR: a   instcat_y05_191109/job_log_01162611.txt
HTAR: a   instcat_y05_191109/job_log_01162612.txt
HTAR: a   instcat_y05_191109/job_log_01162634.txt
HTAR: a   instcat_y05_191109/job_log_01164074.txt
HTAR: a   instcat_y05_191109/job_log_01164075.txt
HTAR: a   instcat_y05_191109/job_log_01164111.txt
HTAR: a   instcat_y05_191109/job_log_01164115.txt
HTAR: a   instcat_y05_191109/job_log_01164116.txt
HTAR: a   instcat_y05_191109/job_log_01164130.txt
HTAR: a   instcat_y05_191109/job_log_01164134.txt
HTAR: a   instcat_y05_191109/job_log_01165688.txt
HTAR: a   instcat_y05_191109/job_log_01165689.txt
HTAR: a   instcat_y05_191109/job_log_01165690.txt
HTAR: a   instcat_y05_191109/job_log_01165691.txt
HTAR: a   instcat_y05_191109/job_log_01165692.txt
HTAR: a   instcat_y05_191109/job_log_01165693.txt
HTAR: a   instcat_y05_191109/job_log_01165694.txt
HTAR: a   instcat_y05_191109/job_log_01165695.txt
HTAR: a   instcat_y05_191109/job_log_01165696.txt
HTAR: a   instcat_y05_191109/job_log_01165702.txt
HTAR: a   instcat_y05_191109/job_log_01165703.txt
HTAR: a   instcat_y05_191109/job_log_01165704.txt
HTAR: a   instcat_y05_191109/job_log_01165705.txt
HTAR: a   instcat_y05_191109/job_log_01165706.txt
HTAR: a   instcat_y05_191109/job_log_01165707.txt
HTAR: a   instcat_y05_191109/job_log_01165708.txt
HTAR: a   instcat_y05_191109/job_log_01165709.txt
HTAR: a   instcat_y05_191109/job_log_01165710.txt
HTAR: a   instcat_y05_191109/job_log_01165711.txt
HTAR: a   instcat_y05_191109/job_log_01165712.txt
HTAR: a   instcat_y05_191109/job_log_01165713.txt
HTAR: a   instcat_y05_191109/job_log_01165727.txt
HTAR: a   instcat_y05_191109/job_log_01165728.txt
HTAR: a   instcat_y05_191109/job_log_01165729.txt
HTAR: a   instcat_y05_191109/job_log_01165730.txt
HTAR: a   instcat_y05_191109/job_log_01165731.txt
HTAR: a   instcat_y05_191109/job_log_01165732.txt
HTAR: a   instcat_y05_191109/job_log_01165733.txt
HTAR: a   instcat_y05_191109/job_log_01165734.txt
HTAR: a   instcat_y05_191109/job_log_01165735.txt
HTAR: a   instcat_y05_191109/job_log_01165736.txt
HTAR: a   instcat_y05_191109/job_log_01165737.txt
HTAR: a   instcat_y05_191109/job_log_01165738.txt
HTAR: a   instcat_y05_191109/job_log_01165739.txt
HTAR: a   instcat_y05_191109/job_log_01165740.txt
HTAR: a   instcat_y05_191109/job_log_01165741.txt
HTAR: a   instcat_y05_191109/job_log_01165742.txt
HTAR: a   instcat_y05_191109/job_log_01165762.txt
HTAR: a   instcat_y05_191109/job_log_01165763.txt
HTAR: a   instcat_y05_191109/job_log_01165764.txt
HTAR: a   instcat_y05_191109/job_log_01165765.txt
HTAR: a   instcat_y05_191109/job_log_01165766.txt
HTAR: a   instcat_y05_191109/job_log_01165767.txt
HTAR: a   instcat_y05_191109/job_log_01165768.txt
HTAR: a   instcat_y05_191109/job_log_01165769.txt
HTAR: a   instcat_y05_191109/job_log_01165770.txt
HTAR: a   instcat_y05_191109/job_log_01165771.txt
HTAR: a   instcat_y05_191109/job_log_01165772.txt
HTAR: a   instcat_y05_191109/job_log_01165773.txt
HTAR: a   instcat_y05_191109/job_log_01165776.txt
HTAR: a   instcat_y05_191109/job_log_01165784.txt
HTAR: a   instcat_y05_191109/job_log_01165785.txt
HTAR: a   instcat_y05_191109/job_log_01165786.txt
HTAR: a   instcat_y05_191109/job_log_01165787.txt
HTAR: a   instcat_y05_191109/job_log_01165788.txt
HTAR: a   instcat_y05_191109/job_log_01165800.txt
HTAR: a   instcat_y05_191109/job_log_01165801.txt
HTAR: a   instcat_y05_191109/job_log_01165802.txt
HTAR: a   /tmp/HTAR_CF_CHK_45653_1580748848
HTAR Create complete for /home/projects/desc/DC2_ImSim/Run2.2i/instCat/y05_191109/01162451to01165802.tar. 538,877,027,328 bytes written for 240 member files, max threads: 50 Transfer time: 3283.849 seconds (164.099 MB/s) wallclock/user/sys: 3293.898 4144.974 1259.943 seconds
HTAR: HTAR SUCCESSFUL
HTAR: a   instcat_y05_191109/01165803.tar.gz
HTAR: a   instcat_y05_191109/01165804.tar.gz
HTAR: a   instcat_y05_191109/01165805.tar.gz
HTAR: a   instcat_y05_191109/01165806.tar.gz
HTAR: a   instcat_y05_191109/01165807.tar.gz
HTAR: a   instcat_y05_191109/01165808.tar.gz
HTAR: a   instcat_y05_191109/01165809.tar.gz
HTAR: a   instcat_y05_191109/01165810.tar.gz
HTAR: a   instcat_y05_191109/01165818.tar.gz
HTAR: a   instcat_y05_191109/01165819.tar.gz
HTAR: a   instcat_y05_191109/01165820.tar.gz
HTAR: a   instcat_y05_191109/01165821.tar.gz
HTAR: a   instcat_y05_191109/01165822.tar.gz
HTAR: a   instcat_y05_191109/01165823.tar.gz
HTAR: a   instcat_y05_191109/01165824.tar.gz
HTAR: a   instcat_y05_191109/01165834.tar.gz
HTAR: a   instcat_y05_191109/01165835.tar.gz
HTAR: a   instcat_y05_191109/01165836.tar.gz
HTAR: a   instcat_y05_191109/01165837.tar.gz
HTAR: a   instcat_y05_191109/01165838.tar.gz
HTAR: a   instcat_y05_191109/01165839.tar.gz
HTAR: a   instcat_y05_191109/01165843.tar.gz
HTAR: a   instcat_y05_191109/01165844.tar.gz
HTAR: a   instcat_y05_191109/01165845.tar.gz
HTAR: a   instcat_y05_191109/01165846.tar.gz
HTAR: a   instcat_y05_191109/01165847.tar.gz
HTAR: a   instcat_y05_191109/01165848.tar.gz
HTAR: a   instcat_y05_191109/01165850.tar.gz
HTAR: a   instcat_y05_191109/01165855.tar.gz
HTAR: a   instcat_y05_191109/01165856.tar.gz
HTAR: a   instcat_y05_191109/01165858.tar.gz
HTAR: a   instcat_y05_191109/01165859.tar.gz
HTAR: a   instcat_y05_191109/01165868.tar.gz
HTAR: a   instcat_y05_191109/01165869.tar.gz
HTAR: a   instcat_y05_191109/01165870.tar.gz
HTAR: a   instcat_y05_191109/01165871.tar.gz
HTAR: a   instcat_y05_191109/01165872.tar.gz
HTAR: a   instcat_y05_191109/01165873.tar.gz
HTAR: a   instcat_y05_191109/01165877.tar.gz
HTAR: a   instcat_y05_191109/01165879.tar.gz
HTAR: a   instcat_y05_191109/01165880.tar.gz
HTAR: a   instcat_y05_191109/01165881.tar.gz
HTAR: a   instcat_y05_191109/01165883.tar.gz
HTAR: a   instcat_y05_191109/01165894.tar.gz
HTAR: a   instcat_y05_191109/01165897.tar.gz
HTAR: a   instcat_y05_191109/01165898.tar.gz
HTAR: a   instcat_y05_191109/01165899.tar.gz
HTAR: a   instcat_y05_191109/01165900.tar.gz
HTAR: a   instcat_y05_191109/01165907.tar.gz
HTAR: a   instcat_y05_191109/01165914.tar.gz
HTAR: a   instcat_y05_191109/01165915.tar.gz
HTAR: a   instcat_y05_191109/01165916.tar.gz
HTAR: a   instcat_y05_191109/01165917.tar.gz
HTAR: a   instcat_y05_191109/01165918.tar.gz
HTAR: a   instcat_y05_191109/01165955.tar.gz
HTAR: a   instcat_y05_191109/01165956.tar.gz
HTAR: a   instcat_y05_191109/01165957.tar.gz
HTAR: a   instcat_y05_191109/01165958.tar.gz
HTAR: a   instcat_y05_191109/01165969.tar.gz
HTAR: a   instcat_y05_191109/01165975.tar.gz
HTAR: a   instcat_y05_191109/01165976.tar.gz
HTAR: a   instcat_y05_191109/01165977.tar.gz
HTAR: a   instcat_y05_191109/01165978.tar.gz
HTAR: a   instcat_y05_191109/01165979.tar.gz
HTAR: a   instcat_y05_191109/01165980.tar.gz
HTAR: a   instcat_y05_191109/01166722.tar.gz
HTAR: a   instcat_y05_191109/01166723.tar.gz
HTAR: a   instcat_y05_191109/01166757.tar.gz
HTAR: a   instcat_y05_191109/01166758.tar.gz
HTAR: a   instcat_y05_191109/01166840.tar.gz
HTAR: a   instcat_y05_191109/01166916.tar.gz
HTAR: a   instcat_y05_191109/01166917.tar.gz
HTAR: a   instcat_y05_191109/01168165.tar.gz
HTAR: a   instcat_y05_191109/01168166.tar.gz
HTAR: a   instcat_y05_191109/01168167.tar.gz
HTAR: a   instcat_y05_191109/01168168.tar.gz
HTAR: a   instcat_y05_191109/01168169.tar.gz
HTAR: a   instcat_y05_191109/01168170.tar.gz
HTAR: a   instcat_y05_191109/01168171.tar.gz
HTAR: a   instcat_y05_191109/01168172.tar.gz
HTAR: a   instcat_y05_191109/01168173.tar.gz
HTAR: a   instcat_y05_191109/01168174.tar.gz
HTAR: a   instcat_y05_191109/01168175.tar.gz
HTAR: a   instcat_y05_191109/01168176.tar.gz
HTAR: a   instcat_y05_191109/01168177.tar.gz
HTAR: a   instcat_y05_191109/01168178.tar.gz
HTAR: a   instcat_y05_191109/01168179.tar.gz
HTAR: a   instcat_y05_191109/01168180.tar.gz
HTAR: a   instcat_y05_191109/01168181.tar.gz
HTAR: a   instcat_y05_191109/01168182.tar.gz
HTAR: a   instcat_y05_191109/01168183.tar.gz
HTAR: a   instcat_y05_191109/01168184.tar.gz
HTAR: a   instcat_y05_191109/01168185.tar.gz
HTAR: a   instcat_y05_191109/01168186.tar.gz
HTAR: a   instcat_y05_191109/01168187.tar.gz
HTAR: a   instcat_y05_191109/01168188.tar.gz
HTAR: a   instcat_y05_191109/01168189.tar.gz
HTAR: a   instcat_y05_191109/01168190.tar.gz
HTAR: a   instcat_y05_191109/01168197.tar.gz
HTAR: a   instcat_y05_191109/01168198.tar.gz
HTAR: a   instcat_y05_191109/01168199.tar.gz
HTAR: a   instcat_y05_191109/01168200.tar.gz
HTAR: a   instcat_y05_191109/01168203.tar.gz
HTAR: a   instcat_y05_191109/01168204.tar.gz
HTAR: a   instcat_y05_191109/01168205.tar.gz
HTAR: a   instcat_y05_191109/01168206.tar.gz
HTAR: a   instcat_y05_191109/01168207.tar.gz
HTAR: a   instcat_y05_191109/01168208.tar.gz
HTAR: a   instcat_y05_191109/01168209.tar.gz
HTAR: a   instcat_y05_191109/01168210.tar.gz
HTAR: a   instcat_y05_191109/01168211.tar.gz
HTAR: a   instcat_y05_191109/01168212.tar.gz
HTAR: a   instcat_y05_191109/01168213.tar.gz
HTAR: a   instcat_y05_191109/01168214.tar.gz
HTAR: a   instcat_y05_191109/01168215.tar.gz
HTAR: a   instcat_y05_191109/01168216.tar.gz
HTAR: a   instcat_y05_191109/01168217.tar.gz
HTAR: a   instcat_y05_191109/01168218.tar.gz
HTAR: a   instcat_y05_191109/01168219.tar.gz
HTAR: a   instcat_y05_191109/01168223.tar.gz
HTAR: a   instcat_y05_191109/job_log_01165803.txt
HTAR: a   instcat_y05_191109/job_log_01165804.txt
HTAR: a   instcat_y05_191109/job_log_01165805.txt
HTAR: a   instcat_y05_191109/job_log_01165806.txt
HTAR: a   instcat_y05_191109/job_log_01165807.txt
HTAR: a   instcat_y05_191109/job_log_01165808.txt
HTAR: a   instcat_y05_191109/job_log_01165809.txt
HTAR: a   instcat_y05_191109/job_log_01165810.txt
HTAR: a   instcat_y05_191109/job_log_01165818.txt
HTAR: a   instcat_y05_191109/job_log_01165819.txt
HTAR: a   instcat_y05_191109/job_log_01165820.txt
HTAR: a   instcat_y05_191109/job_log_01165821.txt
HTAR: a   instcat_y05_191109/job_log_01165822.txt
HTAR: a   instcat_y05_191109/job_log_01165823.txt
HTAR: a   instcat_y05_191109/job_log_01165824.txt
HTAR: a   instcat_y05_191109/job_log_01165834.txt
HTAR: a   instcat_y05_191109/job_log_01165835.txt
HTAR: a   instcat_y05_191109/job_log_01165836.txt
HTAR: a   instcat_y05_191109/job_log_01165837.txt
HTAR: a   instcat_y05_191109/job_log_01165838.txt
HTAR: a   instcat_y05_191109/job_log_01165839.txt
HTAR: a   instcat_y05_191109/job_log_01165843.txt
HTAR: a   instcat_y05_191109/job_log_01165844.txt
HTAR: a   instcat_y05_191109/job_log_01165845.txt
HTAR: a   instcat_y05_191109/job_log_01165846.txt
HTAR: a   instcat_y05_191109/job_log_01165847.txt
HTAR: a   instcat_y05_191109/job_log_01165848.txt
HTAR: a   instcat_y05_191109/job_log_01165850.txt
HTAR: a   instcat_y05_191109/job_log_01165855.txt
HTAR: a   instcat_y05_191109/job_log_01165856.txt
HTAR: a   instcat_y05_191109/job_log_01165858.txt
HTAR: a   instcat_y05_191109/job_log_01165859.txt
HTAR: a   instcat_y05_191109/job_log_01165868.txt
HTAR: a   instcat_y05_191109/job_log_01165869.txt
HTAR: a   instcat_y05_191109/job_log_01165870.txt
HTAR: a   instcat_y05_191109/job_log_01165871.txt
HTAR: a   instcat_y05_191109/job_log_01165872.txt
HTAR: a   instcat_y05_191109/job_log_01165873.txt
HTAR: a   instcat_y05_191109/job_log_01165877.txt
HTAR: a   instcat_y05_191109/job_log_01165879.txt
HTAR: a   instcat_y05_191109/job_log_01165880.txt
HTAR: a   instcat_y05_191109/job_log_01165881.txt
HTAR: a   instcat_y05_191109/job_log_01165883.txt
HTAR: a   instcat_y05_191109/job_log_01165894.txt
HTAR: a   instcat_y05_191109/job_log_01165897.txt
HTAR: a   instcat_y05_191109/job_log_01165898.txt
HTAR: a   instcat_y05_191109/job_log_01165899.txt
HTAR: a   instcat_y05_191109/job_log_01165900.txt
HTAR: a   instcat_y05_191109/job_log_01165907.txt
HTAR: a   instcat_y05_191109/job_log_01165914.txt
HTAR: a   instcat_y05_191109/job_log_01165915.txt
HTAR: a   instcat_y05_191109/job_log_01165916.txt
HTAR: a   instcat_y05_191109/job_log_01165917.txt
HTAR: a   instcat_y05_191109/job_log_01165918.txt
HTAR: a   instcat_y05_191109/job_log_01165955.txt
HTAR: a   instcat_y05_191109/job_log_01165956.txt
HTAR: a   instcat_y05_191109/job_log_01165957.txt
HTAR: a   instcat_y05_191109/job_log_01165958.txt
HTAR: a   instcat_y05_191109/job_log_01165969.txt
HTAR: a   instcat_y05_191109/job_log_01165975.txt
HTAR: a   instcat_y05_191109/job_log_01165976.txt
HTAR: a   instcat_y05_191109/job_log_01165977.txt
HTAR: a   instcat_y05_191109/job_log_01165978.txt
HTAR: a   instcat_y05_191109/job_log_01165979.txt
HTAR: a   instcat_y05_191109/job_log_01165980.txt
HTAR: a   instcat_y05_191109/job_log_01166722.txt
HTAR: a   instcat_y05_191109/job_log_01166723.txt
HTAR: a   instcat_y05_191109/job_log_01166757.txt
HTAR: a   instcat_y05_191109/job_log_01166758.txt
HTAR: a   instcat_y05_191109/job_log_01166840.txt
HTAR: a   instcat_y05_191109/job_log_01166916.txt
HTAR: a   instcat_y05_191109/job_log_01166917.txt
HTAR: a   instcat_y05_191109/job_log_01168165.txt
HTAR: a   instcat_y05_191109/job_log_01168166.txt
HTAR: a   instcat_y05_191109/job_log_01168167.txt
HTAR: a   instcat_y05_191109/job_log_01168168.txt
HTAR: a   instcat_y05_191109/job_log_01168169.txt
HTAR: a   instcat_y05_191109/job_log_01168170.txt
HTAR: a   instcat_y05_191109/job_log_01168171.txt
HTAR: a   instcat_y05_191109/job_log_01168172.txt
HTAR: a   instcat_y05_191109/job_log_01168173.txt
HTAR: a   instcat_y05_191109/job_log_01168174.txt
HTAR: a   instcat_y05_191109/job_log_01168175.txt
HTAR: a   instcat_y05_191109/job_log_01168176.txt
HTAR: a   instcat_y05_191109/job_log_01168177.txt
HTAR: a   instcat_y05_191109/job_log_01168178.txt
HTAR: a   instcat_y05_191109/job_log_01168179.txt
HTAR: a   instcat_y05_191109/job_log_01168180.txt
HTAR: a   instcat_y05_191109/job_log_01168181.txt
HTAR: a   instcat_y05_191109/job_log_01168182.txt
HTAR: a   instcat_y05_191109/job_log_01168183.txt
HTAR: a   instcat_y05_191109/job_log_01168184.txt
HTAR: a   instcat_y05_191109/job_log_01168185.txt
HTAR: a   instcat_y05_191109/job_log_01168186.txt
HTAR: a   instcat_y05_191109/job_log_01168187.txt
HTAR: a   instcat_y05_191109/job_log_01168188.txt
HTAR: a   instcat_y05_191109/job_log_01168189.txt
HTAR: a   instcat_y05_191109/job_log_01168190.txt
HTAR: a   instcat_y05_191109/job_log_01168197.txt
HTAR: a   instcat_y05_191109/job_log_01168198.txt
HTAR: a   instcat_y05_191109/job_log_01168199.txt
HTAR: a   instcat_y05_191109/job_log_01168200.txt
HTAR: a   instcat_y05_191109/job_log_01168203.txt
HTAR: a   instcat_y05_191109/job_log_01168204.txt
HTAR: a   instcat_y05_191109/job_log_01168205.txt
HTAR: a   instcat_y05_191109/job_log_01168206.txt
HTAR: a   instcat_y05_191109/job_log_01168207.txt
HTAR: a   instcat_y05_191109/job_log_01168208.txt
HTAR: a   instcat_y05_191109/job_log_01168209.txt
HTAR: a   instcat_y05_191109/job_log_01168210.txt
HTAR: a   instcat_y05_191109/job_log_01168211.txt
HTAR: a   instcat_y05_191109/job_log_01168212.txt
HTAR: a   instcat_y05_191109/job_log_01168213.txt
HTAR: a   instcat_y05_191109/job_log_01168214.txt
HTAR: a   instcat_y05_191109/job_log_01168215.txt
HTAR: a   instcat_y05_191109/job_log_01168216.txt
HTAR: a   instcat_y05_191109/job_log_01168217.txt
HTAR: a   instcat_y05_191109/job_log_01168218.txt
HTAR: a   instcat_y05_191109/job_log_01168219.txt
HTAR: a   instcat_y05_191109/job_log_01168223.txt
HTAR: a   /tmp/HTAR_CF_CHK_31978_1580752135
HTAR Create complete for /home/projects/desc/DC2_ImSim/Run2.2i/instCat/y05_191109/01165803to01168223.tar. 536,606,059,008 bytes written for 240 member files, max threads: 50 Transfer time: 3308.961 seconds (162.168 MB/s) wallclock/user/sys: 3309.397 4165.780 1292.732 seconds
HTAR: HTAR SUCCESSFUL
HTAR: a   instcat_y05_191109/01168260.tar.gz
HTAR: a   instcat_y05_191109/01168261.tar.gz
HTAR: a   instcat_y05_191109/01168262.tar.gz
HTAR: a   instcat_y05_191109/01168263.tar.gz
HTAR: a   instcat_y05_191109/01168264.tar.gz
HTAR: a   instcat_y05_191109/01168265.tar.gz
HTAR: a   instcat_y05_191109/01168266.tar.gz
HTAR: a   instcat_y05_191109/01168268.tar.gz
HTAR: a   instcat_y05_191109/01168269.tar.gz
HTAR: a   instcat_y05_191109/01168270.tar.gz
HTAR: a   instcat_y05_191109/01168271.tar.gz
HTAR: a   instcat_y05_191109/01168272.tar.gz
HTAR: a   instcat_y05_191109/01168273.tar.gz
HTAR: a   instcat_y05_191109/01168274.tar.gz
HTAR: a   instcat_y05_191109/01168275.tar.gz
HTAR: a   instcat_y05_191109/01168276.tar.gz
HTAR: a   instcat_y05_191109/01168277.tar.gz
HTAR: a   instcat_y05_191109/01168278.tar.gz
HTAR: a   instcat_y05_191109/01168279.tar.gz
HTAR: a   instcat_y05_191109/01168280.tar.gz
HTAR: a   instcat_y05_191109/01168281.tar.gz
HTAR: a   instcat_y05_191109/01168282.tar.gz
HTAR: a   instcat_y05_191109/01168283.tar.gz
HTAR: a   instcat_y05_191109/01168284.tar.gz
HTAR: a   instcat_y05_191109/01168285.tar.gz
HTAR: a   instcat_y05_191109/01168286.tar.gz
HTAR: a   instcat_y05_191109/01168287.tar.gz
HTAR: a   instcat_y05_191109/01168288.tar.gz
HTAR: a   instcat_y05_191109/01168289.tar.gz
HTAR: a   instcat_y05_191109/01168292.tar.gz
HTAR: a   instcat_y05_191109/01168293.tar.gz
HTAR: a   instcat_y05_191109/01168294.tar.gz
HTAR: a   instcat_y05_191109/01168295.tar.gz
HTAR: a   instcat_y05_191109/01168296.tar.gz
HTAR: a   instcat_y05_191109/01168297.tar.gz
HTAR: a   instcat_y05_191109/01168298.tar.gz
HTAR: a   instcat_y05_191109/01168299.tar.gz
HTAR: a   instcat_y05_191109/01168300.tar.gz
HTAR: a   instcat_y05_191109/01168301.tar.gz
HTAR: a   instcat_y05_191109/01168302.tar.gz
HTAR: a   instcat_y05_191109/01168309.tar.gz
HTAR: a   instcat_y05_191109/01168310.tar.gz
HTAR: a   instcat_y05_191109/01168311.tar.gz
HTAR: a   instcat_y05_191109/01168312.tar.gz
HTAR: a   instcat_y05_191109/01168313.tar.gz
HTAR: a   instcat_y05_191109/01168314.tar.gz
HTAR: a   instcat_y05_191109/01168315.tar.gz
HTAR: a   instcat_y05_191109/01168316.tar.gz
HTAR: a   instcat_y05_191109/01168344.tar.gz
HTAR: a   instcat_y05_191109/01168346.tar.gz
HTAR: a   instcat_y05_191109/01168362.tar.gz
HTAR: a   instcat_y05_191109/01168363.tar.gz
HTAR: a   instcat_y05_191109/01168364.tar.gz
HTAR: a   instcat_y05_191109/01168365.tar.gz
HTAR: a   instcat_y05_191109/01168366.tar.gz
HTAR: a   instcat_y05_191109/01168367.tar.gz
HTAR: a   instcat_y05_191109/01168387.tar.gz
HTAR: a   instcat_y05_191109/01168392.tar.gz
HTAR: a   instcat_y05_191109/01168393.tar.gz
HTAR: a   instcat_y05_191109/01168396.tar.gz
HTAR: a   instcat_y05_191109/01168401.tar.gz
HTAR: a   instcat_y05_191109/01169096.tar.gz
HTAR: a   instcat_y05_191109/01169097.tar.gz
HTAR: a   instcat_y05_191109/01169098.tar.gz
HTAR: a   instcat_y05_191109/01169099.tar.gz
HTAR: a   instcat_y05_191109/01169100.tar.gz
HTAR: a   instcat_y05_191109/01169101.tar.gz
HTAR: a   instcat_y05_191109/01169102.tar.gz
HTAR: a   instcat_y05_191109/01169103.tar.gz
HTAR: a   instcat_y05_191109/01169104.tar.gz
HTAR: a   instcat_y05_191109/01169105.tar.gz
HTAR: a   instcat_y05_191109/01169106.tar.gz
HTAR: a   instcat_y05_191109/01169107.tar.gz
HTAR: a   instcat_y05_191109/01169108.tar.gz
HTAR: a   instcat_y05_191109/01169109.tar.gz
HTAR: a   instcat_y05_191109/01169110.tar.gz
HTAR: a   instcat_y05_191109/01169111.tar.gz
HTAR: a   instcat_y05_191109/01169112.tar.gz
HTAR: a   instcat_y05_191109/01169113.tar.gz
HTAR: a   instcat_y05_191109/01169114.tar.gz
HTAR: a   instcat_y05_191109/01169115.tar.gz
HTAR: a   instcat_y05_191109/01169213.tar.gz
HTAR: a   instcat_y05_191109/01169214.tar.gz
HTAR: a   instcat_y05_191109/01169215.tar.gz
HTAR: a   instcat_y05_191109/01169216.tar.gz
HTAR: a   instcat_y05_191109/01169217.tar.gz
HTAR: a   instcat_y05_191109/01169218.tar.gz
HTAR: a   instcat_y05_191109/01169219.tar.gz
HTAR: a   instcat_y05_191109/01169220.tar.gz
HTAR: a   instcat_y05_191109/01169221.tar.gz
HTAR: a   instcat_y05_191109/01169222.tar.gz
HTAR: a   instcat_y05_191109/01169223.tar.gz
HTAR: a   instcat_y05_191109/01169224.tar.gz
HTAR: a   instcat_y05_191109/01169225.tar.gz
HTAR: a   instcat_y05_191109/01169226.tar.gz
HTAR: a   instcat_y05_191109/01169227.tar.gz
HTAR: a   instcat_y05_191109/01169228.tar.gz
HTAR: a   instcat_y05_191109/01169229.tar.gz
HTAR: a   instcat_y05_191109/01169230.tar.gz
HTAR: a   instcat_y05_191109/01169231.tar.gz
HTAR: a   instcat_y05_191109/01169232.tar.gz
HTAR: a   instcat_y05_191109/01169253.tar.gz
HTAR: a   instcat_y05_191109/01169254.tar.gz
HTAR: a   instcat_y05_191109/01169261.tar.gz
HTAR: a   instcat_y05_191109/01169262.tar.gz
HTAR: a   instcat_y05_191109/01169263.tar.gz
HTAR: a   instcat_y05_191109/01169264.tar.gz
HTAR: a   instcat_y05_191109/01169265.tar.gz
HTAR: a   instcat_y05_191109/01169266.tar.gz
HTAR: a   instcat_y05_191109/01169267.tar.gz
HTAR: a   instcat_y05_191109/01169268.tar.gz
HTAR: a   instcat_y05_191109/01169269.tar.gz
HTAR: a   instcat_y05_191109/01169270.tar.gz
HTAR: a   instcat_y05_191109/01169271.tar.gz
HTAR: a   instcat_y05_191109/01169272.tar.gz
HTAR: a   instcat_y05_191109/01169273.tar.gz
HTAR: a   instcat_y05_191109/01169274.tar.gz
HTAR: a   instcat_y05_191109/01169275.tar.gz
HTAR: a   instcat_y05_191109/01169276.tar.gz
HTAR: a   instcat_y05_191109/01169277.tar.gz
HTAR: a   instcat_y05_191109/job_log_01168260.txt
HTAR: a   instcat_y05_191109/job_log_01168261.txt
HTAR: a   instcat_y05_191109/job_log_01168262.txt
HTAR: a   instcat_y05_191109/job_log_01168263.txt
HTAR: a   instcat_y05_191109/job_log_01168264.txt
HTAR: a   instcat_y05_191109/job_log_01168265.txt
HTAR: a   instcat_y05_191109/job_log_01168266.txt
HTAR: a   instcat_y05_191109/job_log_01168268.txt
HTAR: a   instcat_y05_191109/job_log_01168269.txt
HTAR: a   instcat_y05_191109/job_log_01168270.txt
HTAR: a   instcat_y05_191109/job_log_01168271.txt
HTAR: a   instcat_y05_191109/job_log_01168272.txt
HTAR: a   instcat_y05_191109/job_log_01168273.txt
HTAR: a   instcat_y05_191109/job_log_01168274.txt
HTAR: a   instcat_y05_191109/job_log_01168275.txt
HTAR: a   instcat_y05_191109/job_log_01168276.txt
HTAR: a   instcat_y05_191109/job_log_01168277.txt
HTAR: a   instcat_y05_191109/job_log_01168278.txt
HTAR: a   instcat_y05_191109/job_log_01168279.txt
HTAR: a   instcat_y05_191109/job_log_01168280.txt
HTAR: a   instcat_y05_191109/job_log_01168281.txt
HTAR: a   instcat_y05_191109/job_log_01168282.txt
HTAR: a   instcat_y05_191109/job_log_01168283.txt
HTAR: a   instcat_y05_191109/job_log_01168284.txt
HTAR: a   instcat_y05_191109/job_log_01168285.txt
HTAR: a   instcat_y05_191109/job_log_01168286.txt
HTAR: a   instcat_y05_191109/job_log_01168287.txt
HTAR: a   instcat_y05_191109/job_log_01168288.txt
HTAR: a   instcat_y05_191109/job_log_01168289.txt
HTAR: a   instcat_y05_191109/job_log_01168292.txt
HTAR: a   instcat_y05_191109/job_log_01168293.txt
HTAR: a   instcat_y05_191109/job_log_01168294.txt
HTAR: a   instcat_y05_191109/job_log_01168295.txt
HTAR: a   instcat_y05_191109/job_log_01168296.txt
HTAR: a   instcat_y05_191109/job_log_01168297.txt
HTAR: a   instcat_y05_191109/job_log_01168298.txt
HTAR: a   instcat_y05_191109/job_log_01168299.txt
HTAR: a   instcat_y05_191109/job_log_01168300.txt
HTAR: a   instcat_y05_191109/job_log_01168301.txt
HTAR: a   instcat_y05_191109/job_log_01168302.txt
HTAR: a   instcat_y05_191109/job_log_01168309.txt
HTAR: a   instcat_y05_191109/job_log_01168310.txt
HTAR: a   instcat_y05_191109/job_log_01168311.txt
HTAR: a   instcat_y05_191109/job_log_01168312.txt
HTAR: a   instcat_y05_191109/job_log_01168313.txt
HTAR: a   instcat_y05_191109/job_log_01168314.txt
HTAR: a   instcat_y05_191109/job_log_01168315.txt
HTAR: a   instcat_y05_191109/job_log_01168316.txt
HTAR: a   instcat_y05_191109/job_log_01168344.txt
HTAR: a   instcat_y05_191109/job_log_01168346.txt
HTAR: a   instcat_y05_191109/job_log_01168362.txt
HTAR: a   instcat_y05_191109/job_log_01168363.txt
HTAR: a   instcat_y05_191109/job_log_01168364.txt
HTAR: a   instcat_y05_191109/job_log_01168365.txt
HTAR: a   instcat_y05_191109/job_log_01168366.txt
HTAR: a   instcat_y05_191109/job_log_01168367.txt
HTAR: a   instcat_y05_191109/job_log_01168387.txt
HTAR: a   instcat_y05_191109/job_log_01168392.txt
HTAR: a   instcat_y05_191109/job_log_01168393.txt
HTAR: a   instcat_y05_191109/job_log_01168396.txt
HTAR: a   instcat_y05_191109/job_log_01168401.txt
HTAR: a   instcat_y05_191109/job_log_01169096.txt
HTAR: a   instcat_y05_191109/job_log_01169097.txt
HTAR: a   instcat_y05_191109/job_log_01169098.txt
HTAR: a   instcat_y05_191109/job_log_01169099.txt
HTAR: a   instcat_y05_191109/job_log_01169100.txt
HTAR: a   instcat_y05_191109/job_log_01169101.txt
HTAR: a   instcat_y05_191109/job_log_01169102.txt
HTAR: a   instcat_y05_191109/job_log_01169103.txt
HTAR: a   instcat_y05_191109/job_log_01169104.txt
HTAR: a   instcat_y05_191109/job_log_01169105.txt
HTAR: a   instcat_y05_191109/job_log_01169106.txt
HTAR: a   instcat_y05_191109/job_log_01169107.txt
HTAR: a   instcat_y05_191109/job_log_01169108.txt
HTAR: a   instcat_y05_191109/job_log_01169109.txt
HTAR: a   instcat_y05_191109/job_log_01169110.txt
HTAR: a   instcat_y05_191109/job_log_01169111.txt
HTAR: a   instcat_y05_191109/job_log_01169112.txt
HTAR: a   instcat_y05_191109/job_log_01169113.txt
HTAR: a   instcat_y05_191109/job_log_01169114.txt
HTAR: a   instcat_y05_191109/job_log_01169115.txt
HTAR: a   instcat_y05_191109/job_log_01169213.txt
HTAR: a   instcat_y05_191109/job_log_01169214.txt
HTAR: a   instcat_y05_191109/job_log_01169215.txt
HTAR: a   instcat_y05_191109/job_log_01169216.txt
HTAR: a   instcat_y05_191109/job_log_01169217.txt
HTAR: a   instcat_y05_191109/job_log_01169218.txt
HTAR: a   instcat_y05_191109/job_log_01169219.txt
HTAR: a   instcat_y05_191109/job_log_01169220.txt
HTAR: a   instcat_y05_191109/job_log_01169221.txt
HTAR: a   instcat_y05_191109/job_log_01169222.txt
HTAR: a   instcat_y05_191109/job_log_01169223.txt
HTAR: a   instcat_y05_191109/job_log_01169224.txt
HTAR: a   instcat_y05_191109/job_log_01169225.txt
HTAR: a   instcat_y05_191109/job_log_01169226.txt
HTAR: a   instcat_y05_191109/job_log_01169227.txt
HTAR: a   instcat_y05_191109/job_log_01169228.txt
HTAR: a   instcat_y05_191109/job_log_01169229.txt
HTAR: a   instcat_y05_191109/job_log_01169230.txt
HTAR: a   instcat_y05_191109/job_log_01169231.txt
HTAR: a   instcat_y05_191109/job_log_01169232.txt
HTAR: a   instcat_y05_191109/job_log_01169253.txt
HTAR: a   instcat_y05_191109/job_log_01169254.txt
HTAR: a   instcat_y05_191109/job_log_01169261.txt
HTAR: a   instcat_y05_191109/job_log_01169262.txt
HTAR: a   instcat_y05_191109/job_log_01169263.txt
HTAR: a   instcat_y05_191109/job_log_01169264.txt
HTAR: a   instcat_y05_191109/job_log_01169265.txt
HTAR: a   instcat_y05_191109/job_log_01169266.txt
HTAR: a   instcat_y05_191109/job_log_01169267.txt
HTAR: a   instcat_y05_191109/job_log_01169268.txt
HTAR: a   instcat_y05_191109/job_log_01169269.txt
HTAR: a   instcat_y05_191109/job_log_01169270.txt
HTAR: a   instcat_y05_191109/job_log_01169271.txt
HTAR: a   instcat_y05_191109/job_log_01169272.txt
HTAR: a   instcat_y05_191109/job_log_01169273.txt
HTAR: a   instcat_y05_191109/job_log_01169274.txt
HTAR: a   instcat_y05_191109/job_log_01169275.txt
HTAR: a   instcat_y05_191109/job_log_01169276.txt
HTAR: a   instcat_y05_191109/job_log_01169277.txt
HTAR: a   /tmp/HTAR_CF_CHK_48667_1580755448
HTAR Create complete for /home/projects/desc/DC2_ImSim/Run2.2i/instCat/y05_191109/01168260to01169277.tar. 550,062,615,552 bytes written for 240 member files, max threads: 50 Transfer time: 6005.878 seconds (91.587 MB/s) wallclock/user/sys: 6007.625 4937.919 1776.910 seconds
HTAR: HTAR SUCCESSFUL
HTAR: a   instcat_y05_191109/01169295.tar.gz
HTAR: a   instcat_y05_191109/01169320.tar.gz
HTAR: a   instcat_y05_191109/01169328.tar.gz
HTAR: a   instcat_y05_191109/01169361.tar.gz
HTAR: a   instcat_y05_191109/01169946.tar.gz
HTAR: a   instcat_y05_191109/01169954.tar.gz
HTAR: a   instcat_y05_191109/01169955.tar.gz
HTAR: a   instcat_y05_191109/01169956.tar.gz
HTAR: a   instcat_y05_191109/01169958.tar.gz
HTAR: a   instcat_y05_191109/01169959.tar.gz
HTAR: a   instcat_y05_191109/01169960.tar.gz
HTAR: a   instcat_y05_191109/01169961.tar.gz
HTAR: a   instcat_y05_191109/01169962.tar.gz
HTAR: a   instcat_y05_191109/01169963.tar.gz
HTAR: a   instcat_y05_191109/01169966.tar.gz
HTAR: a   instcat_y05_191109/01169967.tar.gz
HTAR: a   instcat_y05_191109/01169990.tar.gz
HTAR: a   instcat_y05_191109/01169991.tar.gz
HTAR: a   instcat_y05_191109/01169992.tar.gz
HTAR: a   instcat_y05_191109/01169993.tar.gz
HTAR: a   instcat_y05_191109/01169994.tar.gz
HTAR: a   instcat_y05_191109/01169995.tar.gz
HTAR: a   instcat_y05_191109/01169996.tar.gz
HTAR: a   instcat_y05_191109/01169997.tar.gz
HTAR: a   instcat_y05_191109/01169998.tar.gz
HTAR: a   instcat_y05_191109/01169999.tar.gz
HTAR: a   instcat_y05_191109/01170000.tar.gz
HTAR: a   instcat_y05_191109/01170001.tar.gz
HTAR: a   instcat_y05_191109/01170002.tar.gz
HTAR: a   instcat_y05_191109/01170003.tar.gz
HTAR: a   instcat_y05_191109/01170004.tar.gz
HTAR: a   instcat_y05_191109/01170005.tar.gz
HTAR: a   instcat_y05_191109/01170006.tar.gz
HTAR: a   instcat_y05_191109/01170007.tar.gz
HTAR: a   instcat_y05_191109/01170008.tar.gz
HTAR: a   instcat_y05_191109/01170009.tar.gz
HTAR: a   instcat_y05_191109/01170010.tar.gz
HTAR: a   instcat_y05_191109/01170013.tar.gz
HTAR: a   instcat_y05_191109/01170015.tar.gz
HTAR: a   instcat_y05_191109/01170019.tar.gz
HTAR: a   instcat_y05_191109/01170020.tar.gz
HTAR: a   instcat_y05_191109/01170021.tar.gz
HTAR: a   instcat_y05_191109/01170022.tar.gz
HTAR: a   instcat_y05_191109/01170027.tar.gz
HTAR: a   instcat_y05_191109/01170049.tar.gz
HTAR: a   instcat_y05_191109/01170050.tar.gz
HTAR: a   instcat_y05_191109/01170051.tar.gz
HTAR: a   instcat_y05_191109/01170052.tar.gz
HTAR: a   instcat_y05_191109/01170053.tar.gz
HTAR: a   instcat_y05_191109/01170088.tar.gz
HTAR: a   instcat_y05_191109/01170092.tar.gz
HTAR: a   instcat_y05_191109/01170093.tar.gz
HTAR: a   instcat_y05_191109/01170094.tar.gz
HTAR: a   instcat_y05_191109/01170095.tar.gz
HTAR: a   instcat_y05_191109/01170111.tar.gz
HTAR: a   instcat_y05_191109/01170830.tar.gz
HTAR: a   instcat_y05_191109/01170831.tar.gz
HTAR: a   instcat_y05_191109/01170832.tar.gz
HTAR: a   instcat_y05_191109/01170833.tar.gz
HTAR: a   instcat_y05_191109/01170834.tar.gz
HTAR: a   instcat_y05_191109/01170835.tar.gz
HTAR: a   instcat_y05_191109/01170836.tar.gz
HTAR: a   instcat_y05_191109/01170837.tar.gz
HTAR: a   instcat_y05_191109/01170838.tar.gz
HTAR: a   instcat_y05_191109/01170839.tar.gz
HTAR: a   instcat_y05_191109/01170840.tar.gz
HTAR: a   instcat_y05_191109/01170841.tar.gz
HTAR: a   instcat_y05_191109/01170842.tar.gz
HTAR: a   instcat_y05_191109/01170843.tar.gz
HTAR: a   instcat_y05_191109/01170844.tar.gz
HTAR: a   instcat_y05_191109/01170845.tar.gz
HTAR: a   instcat_y05_191109/01170846.tar.gz
HTAR: a   instcat_y05_191109/01170847.tar.gz
HTAR: a   instcat_y05_191109/01170848.tar.gz
HTAR: a   instcat_y05_191109/01170849.tar.gz
HTAR: a   instcat_y05_191109/01170850.tar.gz
HTAR: a   instcat_y05_191109/01170851.tar.gz
HTAR: a   instcat_y05_191109/01170852.tar.gz
HTAR: a   instcat_y05_191109/01170853.tar.gz
HTAR: a   instcat_y05_191109/01170854.tar.gz
HTAR: a   instcat_y05_191109/01170855.tar.gz
HTAR: a   instcat_y05_191109/01170856.tar.gz
HTAR: a   instcat_y05_191109/01170857.tar.gz
HTAR: a   instcat_y05_191109/01170858.tar.gz
HTAR: a   instcat_y05_191109/01170859.tar.gz
HTAR: a   instcat_y05_191109/01170860.tar.gz
HTAR: a   instcat_y05_191109/01170861.tar.gz
HTAR: a   instcat_y05_191109/01170862.tar.gz
HTAR: a   instcat_y05_191109/01170863.tar.gz
HTAR: a   instcat_y05_191109/01170864.tar.gz
HTAR: a   instcat_y05_191109/01170865.tar.gz
HTAR: a   instcat_y05_191109/01170866.tar.gz
HTAR: a   instcat_y05_191109/01170867.tar.gz
HTAR: a   instcat_y05_191109/01170868.tar.gz
HTAR: a   instcat_y05_191109/01170869.tar.gz
HTAR: a   instcat_y05_191109/01170870.tar.gz
HTAR: a   instcat_y05_191109/01170871.tar.gz
HTAR: a   instcat_y05_191109/01170872.tar.gz
HTAR: a   instcat_y05_191109/01170873.tar.gz
HTAR: a   instcat_y05_191109/01170874.tar.gz
HTAR: a   instcat_y05_191109/01170875.tar.gz
HTAR: a   instcat_y05_191109/01170876.tar.gz
HTAR: a   instcat_y05_191109/01170877.tar.gz
HTAR: a   instcat_y05_191109/01170878.tar.gz
HTAR: a   instcat_y05_191109/01170879.tar.gz
HTAR: a   instcat_y05_191109/01170880.tar.gz
HTAR: a   instcat_y05_191109/01170881.tar.gz
HTAR: a   instcat_y05_191109/01170882.tar.gz
HTAR: a   instcat_y05_191109/01170883.tar.gz
HTAR: a   instcat_y05_191109/01170884.tar.gz
HTAR: a   instcat_y05_191109/01170885.tar.gz
HTAR: a   instcat_y05_191109/01170886.tar.gz
HTAR: a   instcat_y05_191109/01170887.tar.gz
HTAR: a   instcat_y05_191109/01170888.tar.gz
HTAR: a   instcat_y05_191109/01170889.tar.gz
HTAR: a   instcat_y05_191109/01170890.tar.gz
HTAR: a   instcat_y05_191109/01170891.tar.gz
HTAR: a   instcat_y05_191109/01170892.tar.gz
HTAR: a   instcat_y05_191109/01170893.tar.gz
HTAR: a   instcat_y05_191109/01170894.tar.gz
HTAR: a   instcat_y05_191109/job_log_01169295.txt
HTAR: a   instcat_y05_191109/job_log_01169320.txt
HTAR: a   instcat_y05_191109/job_log_01169328.txt
HTAR: a   instcat_y05_191109/job_log_01169361.txt
HTAR: a   instcat_y05_191109/job_log_01169946.txt
HTAR: a   instcat_y05_191109/job_log_01169954.txt
HTAR: a   instcat_y05_191109/job_log_01169955.txt
HTAR: a   instcat_y05_191109/job_log_01169956.txt
HTAR: a   instcat_y05_191109/job_log_01169958.txt
HTAR: a   instcat_y05_191109/job_log_01169959.txt
HTAR: a   instcat_y05_191109/job_log_01169960.txt
HTAR: a   instcat_y05_191109/job_log_01169961.txt
HTAR: a   instcat_y05_191109/job_log_01169962.txt
HTAR: a   instcat_y05_191109/job_log_01169963.txt
HTAR: a   instcat_y05_191109/job_log_01169966.txt
HTAR: a   instcat_y05_191109/job_log_01169967.txt
HTAR: a   instcat_y05_191109/job_log_01169990.txt
HTAR: a   instcat_y05_191109/job_log_01169991.txt
HTAR: a   instcat_y05_191109/job_log_01169992.txt
HTAR: a   instcat_y05_191109/job_log_01169993.txt
HTAR: a   instcat_y05_191109/job_log_01169994.txt
HTAR: a   instcat_y05_191109/job_log_01169995.txt
HTAR: a   instcat_y05_191109/job_log_01169996.txt
HTAR: a   instcat_y05_191109/job_log_01169997.txt
HTAR: a   instcat_y05_191109/job_log_01169998.txt
HTAR: a   instcat_y05_191109/job_log_01169999.txt
HTAR: a   instcat_y05_191109/job_log_01170000.txt
HTAR: a   instcat_y05_191109/job_log_01170001.txt
HTAR: a   instcat_y05_191109/job_log_01170002.txt
HTAR: a   instcat_y05_191109/job_log_01170003.txt
HTAR: a   instcat_y05_191109/job_log_01170004.txt
HTAR: a   instcat_y05_191109/job_log_01170005.txt
HTAR: a   instcat_y05_191109/job_log_01170006.txt
HTAR: a   instcat_y05_191109/job_log_01170007.txt
HTAR: a   instcat_y05_191109/job_log_01170008.txt
HTAR: a   instcat_y05_191109/job_log_01170009.txt
HTAR: a   instcat_y05_191109/job_log_01170010.txt
HTAR: a   instcat_y05_191109/job_log_01170013.txt
HTAR: a   instcat_y05_191109/job_log_01170015.txt
HTAR: a   instcat_y05_191109/job_log_01170019.txt
HTAR: a   instcat_y05_191109/job_log_01170020.txt
HTAR: a   instcat_y05_191109/job_log_01170021.txt
HTAR: a   instcat_y05_191109/job_log_01170022.txt
HTAR: a   instcat_y05_191109/job_log_01170027.txt
HTAR: a   instcat_y05_191109/job_log_01170049.txt
HTAR: a   instcat_y05_191109/job_log_01170050.txt
HTAR: a   instcat_y05_191109/job_log_01170051.txt
HTAR: a   instcat_y05_191109/job_log_01170052.txt
HTAR: a   instcat_y05_191109/job_log_01170053.txt
HTAR: a   instcat_y05_191109/job_log_01170088.txt
HTAR: a   instcat_y05_191109/job_log_01170092.txt
HTAR: a   instcat_y05_191109/job_log_01170093.txt
HTAR: a   instcat_y05_191109/job_log_01170094.txt
HTAR: a   instcat_y05_191109/job_log_01170095.txt
HTAR: a   instcat_y05_191109/job_log_01170111.txt
HTAR: a   instcat_y05_191109/job_log_01170830.txt
HTAR: a   instcat_y05_191109/job_log_01170831.txt
HTAR: a   instcat_y05_191109/job_log_01170832.txt
HTAR: a   instcat_y05_191109/job_log_01170833.txt
HTAR: a   instcat_y05_191109/job_log_01170834.txt
HTAR: a   instcat_y05_191109/job_log_01170835.txt
HTAR: a   instcat_y05_191109/job_log_01170836.txt
HTAR: a   instcat_y05_191109/job_log_01170837.txt
HTAR: a   instcat_y05_191109/job_log_01170838.txt
HTAR: a   instcat_y05_191109/job_log_01170839.txt
HTAR: a   instcat_y05_191109/job_log_01170840.txt
HTAR: a   instcat_y05_191109/job_log_01170841.txt
HTAR: a   instcat_y05_191109/job_log_01170842.txt
HTAR: a   instcat_y05_191109/job_log_01170843.txt
HTAR: a   instcat_y05_191109/job_log_01170844.txt
HTAR: a   instcat_y05_191109/job_log_01170845.txt
HTAR: a   instcat_y05_191109/job_log_01170846.txt
HTAR: a   instcat_y05_191109/job_log_01170847.txt
HTAR: a   instcat_y05_191109/job_log_01170848.txt
HTAR: a   instcat_y05_191109/job_log_01170849.txt
HTAR: a   instcat_y05_191109/job_log_01170850.txt
HTAR: a   instcat_y05_191109/job_log_01170851.txt
HTAR: a   instcat_y05_191109/job_log_01170852.txt
HTAR: a   instcat_y05_191109/job_log_01170853.txt
HTAR: a   instcat_y05_191109/job_log_01170854.txt
HTAR: a   instcat_y05_191109/job_log_01170855.txt
HTAR: a   instcat_y05_191109/job_log_01170856.txt
HTAR: a   instcat_y05_191109/job_log_01170857.txt
HTAR: a   instcat_y05_191109/job_log_01170858.txt
HTAR: a   instcat_y05_191109/job_log_01170859.txt
HTAR: a   instcat_y05_191109/job_log_01170860.txt
HTAR: a   instcat_y05_191109/job_log_01170861.txt
HTAR: a   instcat_y05_191109/job_log_01170862.txt
HTAR: a   instcat_y05_191109/job_log_01170863.txt
HTAR: a   instcat_y05_191109/job_log_01170864.txt
HTAR: a   instcat_y05_191109/job_log_01170865.txt
HTAR: a   instcat_y05_191109/job_log_01170866.txt
HTAR: a   instcat_y05_191109/job_log_01170867.txt
HTAR: a   instcat_y05_191109/job_log_01170868.txt
HTAR: a   instcat_y05_191109/job_log_01170869.txt
HTAR: a   instcat_y05_191109/job_log_01170870.txt
HTAR: a   instcat_y05_191109/job_log_01170871.txt
HTAR: a   instcat_y05_191109/job_log_01170872.txt
HTAR: a   instcat_y05_191109/job_log_01170873.txt
HTAR: a   instcat_y05_191109/job_log_01170874.txt
HTAR: a   instcat_y05_191109/job_log_01170875.txt
HTAR: a   instcat_y05_191109/job_log_01170876.txt
HTAR: a   instcat_y05_191109/job_log_01170877.txt
HTAR: a   instcat_y05_191109/job_log_01170878.txt
HTAR: a   instcat_y05_191109/job_log_01170879.txt
HTAR: a   instcat_y05_191109/job_log_01170880.txt
HTAR: a   instcat_y05_191109/job_log_01170881.txt
HTAR: a   instcat_y05_191109/job_log_01170882.txt
HTAR: a   instcat_y05_191109/job_log_01170883.txt
HTAR: a   instcat_y05_191109/job_log_01170884.txt
HTAR: a   instcat_y05_191109/job_log_01170885.txt
HTAR: a   instcat_y05_191109/job_log_01170886.txt
HTAR: a   instcat_y05_191109/job_log_01170887.txt
HTAR: a   instcat_y05_191109/job_log_01170888.txt
HTAR: a   instcat_y05_191109/job_log_01170889.txt
HTAR: a   instcat_y05_191109/job_log_01170890.txt
HTAR: a   instcat_y05_191109/job_log_01170891.txt
HTAR: a   instcat_y05_191109/job_log_01170892.txt
HTAR: a   instcat_y05_191109/job_log_01170893.txt
HTAR: a   instcat_y05_191109/job_log_01170894.txt
HTAR: a   /tmp/HTAR_CF_CHK_47138_1580761462
HTAR Create complete for /home/projects/desc/DC2_ImSim/Run2.2i/instCat/y05_191109/01169295to01170894.tar. 539,982,250,496 bytes written for 240 member files, max threads: 50 Transfer time: 11174.334 seconds (48.323 MB/s) wallclock/user/sys: 11177.988 6311.754 2999.897 seconds
HTAR: HTAR SUCCESSFUL
HTAR: a   instcat_y05_191109/01170895.tar.gz
HTAR: a   instcat_y05_191109/01170896.tar.gz
HTAR: a   instcat_y05_191109/01170897.tar.gz
HTAR: a   instcat_y05_191109/01170898.tar.gz
HTAR: a   instcat_y05_191109/01170899.tar.gz
HTAR: a   instcat_y05_191109/01170900.tar.gz
HTAR: a   instcat_y05_191109/01170901.tar.gz
HTAR: a   instcat_y05_191109/01170902.tar.gz
HTAR: a   instcat_y05_191109/01170903.tar.gz
HTAR: a   instcat_y05_191109/01170904.tar.gz
HTAR: a   instcat_y05_191109/01170905.tar.gz
HTAR: a   instcat_y05_191109/01170906.tar.gz
HTAR: a   instcat_y05_191109/01170907.tar.gz
HTAR: a   instcat_y05_191109/01170908.tar.gz
HTAR: a   instcat_y05_191109/01170909.tar.gz
HTAR: a   instcat_y05_191109/01170910.tar.gz
HTAR: a   instcat_y05_191109/01170911.tar.gz
HTAR: a   instcat_y05_191109/01170912.tar.gz
HTAR: a   instcat_y05_191109/01170913.tar.gz
HTAR: a   instcat_y05_191109/01170914.tar.gz
HTAR: a   instcat_y05_191109/01170915.tar.gz
HTAR: a   instcat_y05_191109/01170916.tar.gz
HTAR: a   instcat_y05_191109/01170917.tar.gz
HTAR: a   instcat_y05_191109/01170918.tar.gz
HTAR: a   instcat_y05_191109/01170919.tar.gz
HTAR: a   instcat_y05_191109/01170920.tar.gz
HTAR: a   instcat_y05_191109/01170921.tar.gz
HTAR: a   instcat_y05_191109/01170922.tar.gz
HTAR: a   instcat_y05_191109/01170923.tar.gz
HTAR: a   instcat_y05_191109/01170924.tar.gz
HTAR: a   instcat_y05_191109/01170925.tar.gz
HTAR: a   instcat_y05_191109/01171790.tar.gz
HTAR: a   instcat_y05_191109/01171791.tar.gz
HTAR: a   instcat_y05_191109/01171792.tar.gz
HTAR: a   instcat_y05_191109/01171793.tar.gz
HTAR: a   instcat_y05_191109/01171794.tar.gz
HTAR: a   instcat_y05_191109/01171795.tar.gz
HTAR: a   instcat_y05_191109/01171796.tar.gz
HTAR: a   instcat_y05_191109/01171800.tar.gz
HTAR: a   instcat_y05_191109/01171801.tar.gz
HTAR: a   instcat_y05_191109/01171802.tar.gz
HTAR: a   instcat_y05_191109/01171803.tar.gz
HTAR: a   instcat_y05_191109/01171832.tar.gz
HTAR: a   instcat_y05_191109/01171833.tar.gz
HTAR: a   instcat_y05_191109/01171834.tar.gz
HTAR: a   instcat_y05_191109/01171835.tar.gz
HTAR: a   instcat_y05_191109/01171836.tar.gz
HTAR: a   instcat_y05_191109/01171840.tar.gz
HTAR: a   instcat_y05_191109/01171841.tar.gz
HTAR: a   instcat_y05_191109/01171842.tar.gz
HTAR: a   instcat_y05_191109/01171843.tar.gz
HTAR: a   instcat_y05_191109/01171844.tar.gz
HTAR: a   instcat_y05_191109/01171853.tar.gz
HTAR: a   instcat_y05_191109/01171854.tar.gz
HTAR: a   instcat_y05_191109/01171855.tar.gz
HTAR: a   instcat_y05_191109/01171888.tar.gz
HTAR: a   instcat_y05_191109/01171889.tar.gz
HTAR: a   instcat_y05_191109/01171890.tar.gz
HTAR: a   instcat_y05_191109/01172733.tar.gz
HTAR: a   instcat_y05_191109/01172734.tar.gz
HTAR: a   instcat_y05_191109/01172735.tar.gz
HTAR: a   instcat_y05_191109/01172736.tar.gz
HTAR: a   instcat_y05_191109/01172774.tar.gz
HTAR: a   instcat_y05_191109/01172775.tar.gz
HTAR: a   instcat_y05_191109/01172776.tar.gz
HTAR: a   instcat_y05_191109/01172777.tar.gz
HTAR: a   instcat_y05_191109/01172876.tar.gz
HTAR: a   instcat_y05_191109/01172962.tar.gz
HTAR: a   instcat_y05_191109/01172963.tar.gz
HTAR: a   instcat_y05_191109/01172967.tar.gz
HTAR: a   instcat_y05_191109/01172983.tar.gz
HTAR: a   instcat_y05_191109/01172992.tar.gz
HTAR: a   instcat_y05_191109/01172993.tar.gz
HTAR: a   instcat_y05_191109/01172996.tar.gz
HTAR: a   instcat_y05_191109/01172997.tar.gz
HTAR: a   instcat_y05_191109/01173504.tar.gz
HTAR: a   instcat_y05_191109/01173505.tar.gz
HTAR: a   instcat_y05_191109/01173506.tar.gz
HTAR: a   instcat_y05_191109/01173507.tar.gz
HTAR: a   instcat_y05_191109/01173508.tar.gz
HTAR: a   instcat_y05_191109/01173509.tar.gz
HTAR: a   instcat_y05_191109/01173510.tar.gz
HTAR: a   instcat_y05_191109/01173511.tar.gz
HTAR: a   instcat_y05_191109/01173512.tar.gz
HTAR: a   instcat_y05_191109/01173513.tar.gz
HTAR: a   instcat_y05_191109/01173514.tar.gz
HTAR: a   instcat_y05_191109/01173515.tar.gz
HTAR: a   instcat_y05_191109/01173516.tar.gz
HTAR: a   instcat_y05_191109/01173517.tar.gz
HTAR: a   instcat_y05_191109/01173518.tar.gz
HTAR: a   instcat_y05_191109/01173519.tar.gz
HTAR: a   instcat_y05_191109/01173520.tar.gz
HTAR: a   instcat_y05_191109/01173521.tar.gz
HTAR: a   instcat_y05_191109/01173522.tar.gz
HTAR: a   instcat_y05_191109/01173523.tar.gz
HTAR: a   instcat_y05_191109/01173524.tar.gz
HTAR: a   instcat_y05_191109/01173525.tar.gz
HTAR: a   instcat_y05_191109/01173526.tar.gz
HTAR: a   instcat_y05_191109/01173527.tar.gz
HTAR: a   instcat_y05_191109/01173528.tar.gz
HTAR: a   instcat_y05_191109/01173529.tar.gz
HTAR: a   instcat_y05_191109/01173530.tar.gz
HTAR: a   instcat_y05_191109/01173531.tar.gz
HTAR: a   instcat_y05_191109/01173532.tar.gz
HTAR: a   instcat_y05_191109/01173533.tar.gz
HTAR: a   instcat_y05_191109/01173534.tar.gz
HTAR: a   instcat_y05_191109/01173535.tar.gz
HTAR: a   instcat_y05_191109/01173536.tar.gz
HTAR: a   instcat_y05_191109/01173537.tar.gz
HTAR: a   instcat_y05_191109/01173538.tar.gz
HTAR: a   instcat_y05_191109/01173539.tar.gz
HTAR: a   instcat_y05_191109/01173540.tar.gz
HTAR: a   instcat_y05_191109/01173541.tar.gz
HTAR: a   instcat_y05_191109/01173542.tar.gz
HTAR: a   instcat_y05_191109/01173543.tar.gz
HTAR: a   instcat_y05_191109/01173544.tar.gz
HTAR: a   instcat_y05_191109/01173545.tar.gz
HTAR: a   instcat_y05_191109/01173546.tar.gz
HTAR: a   instcat_y05_191109/01173547.tar.gz
HTAR: a   instcat_y05_191109/01173548.tar.gz
HTAR: a   instcat_y05_191109/job_log_01170895.txt
HTAR: a   instcat_y05_191109/job_log_01170896.txt
HTAR: a   instcat_y05_191109/job_log_01170897.txt
HTAR: a   instcat_y05_191109/job_log_01170898.txt
HTAR: a   instcat_y05_191109/job_log_01170899.txt
HTAR: a   instcat_y05_191109/job_log_01170900.txt
HTAR: a   instcat_y05_191109/job_log_01170901.txt
HTAR: a   instcat_y05_191109/job_log_01170902.txt
HTAR: a   instcat_y05_191109/job_log_01170903.txt
HTAR: a   instcat_y05_191109/job_log_01170904.txt
HTAR: a   instcat_y05_191109/job_log_01170905.txt
HTAR: a   instcat_y05_191109/job_log_01170906.txt
HTAR: a   instcat_y05_191109/job_log_01170907.txt
HTAR: a   instcat_y05_191109/job_log_01170908.txt
HTAR: a   instcat_y05_191109/job_log_01170909.txt
HTAR: a   instcat_y05_191109/job_log_01170910.txt
HTAR: a   instcat_y05_191109/job_log_01170911.txt
HTAR: a   instcat_y05_191109/job_log_01170912.txt
HTAR: a   instcat_y05_191109/job_log_01170913.txt
HTAR: a   instcat_y05_191109/job_log_01170914.txt
HTAR: a   instcat_y05_191109/job_log_01170915.txt
HTAR: a   instcat_y05_191109/job_log_01170916.txt
HTAR: a   instcat_y05_191109/job_log_01170917.txt
HTAR: a   instcat_y05_191109/job_log_01170918.txt
HTAR: a   instcat_y05_191109/job_log_01170919.txt
HTAR: a   instcat_y05_191109/job_log_01170920.txt
HTAR: a   instcat_y05_191109/job_log_01170921.txt
HTAR: a   instcat_y05_191109/job_log_01170922.txt
HTAR: a   instcat_y05_191109/job_log_01170923.txt
HTAR: a   instcat_y05_191109/job_log_01170924.txt
HTAR: a   instcat_y05_191109/job_log_01170925.txt
HTAR: a   instcat_y05_191109/job_log_01171790.txt
HTAR: a   instcat_y05_191109/job_log_01171791.txt
HTAR: a   instcat_y05_191109/job_log_01171792.txt
HTAR: a   instcat_y05_191109/job_log_01171793.txt
HTAR: a   instcat_y05_191109/job_log_01171794.txt
HTAR: a   instcat_y05_191109/job_log_01171795.txt
HTAR: a   instcat_y05_191109/job_log_01171796.txt
HTAR: a   instcat_y05_191109/job_log_01171800.txt
HTAR: a   instcat_y05_191109/job_log_01171801.txt
HTAR: a   instcat_y05_191109/job_log_01171802.txt
HTAR: a   instcat_y05_191109/job_log_01171803.txt
HTAR: a   instcat_y05_191109/job_log_01171832.txt
HTAR: a   instcat_y05_191109/job_log_01171833.txt
HTAR: a   instcat_y05_191109/job_log_01171834.txt
HTAR: a   instcat_y05_191109/job_log_01171835.txt
HTAR: a   instcat_y05_191109/job_log_01171836.txt
HTAR: a   instcat_y05_191109/job_log_01171840.txt
HTAR: a   instcat_y05_191109/job_log_01171841.txt
HTAR: a   instcat_y05_191109/job_log_01171842.txt
HTAR: a   instcat_y05_191109/job_log_01171843.txt
HTAR: a   instcat_y05_191109/job_log_01171844.txt
HTAR: a   instcat_y05_191109/job_log_01171853.txt
HTAR: a   instcat_y05_191109/job_log_01171854.txt
HTAR: a   instcat_y05_191109/job_log_01171855.txt
HTAR: a   instcat_y05_191109/job_log_01171888.txt
HTAR: a   instcat_y05_191109/job_log_01171889.txt
HTAR: a   instcat_y05_191109/job_log_01171890.txt
HTAR: a   instcat_y05_191109/job_log_01172733.txt
HTAR: a   instcat_y05_191109/job_log_01172734.txt
HTAR: a   instcat_y05_191109/job_log_01172735.txt
HTAR: a   instcat_y05_191109/job_log_01172736.txt
HTAR: a   instcat_y05_191109/job_log_01172774.txt
HTAR: a   instcat_y05_191109/job_log_01172775.txt
HTAR: a   instcat_y05_191109/job_log_01172776.txt
HTAR: a   instcat_y05_191109/job_log_01172777.txt
HTAR: a   instcat_y05_191109/job_log_01172876.txt
HTAR: a   instcat_y05_191109/job_log_01172962.txt
HTAR: a   instcat_y05_191109/job_log_01172963.txt
HTAR: a   instcat_y05_191109/job_log_01172967.txt
HTAR: a   instcat_y05_191109/job_log_01172983.txt
HTAR: a   instcat_y05_191109/job_log_01172992.txt
HTAR: a   instcat_y05_191109/job_log_01172993.txt
HTAR: a   instcat_y05_191109/job_log_01172996.txt
HTAR: a   instcat_y05_191109/job_log_01172997.txt
HTAR: a   instcat_y05_191109/job_log_01173504.txt
HTAR: a   instcat_y05_191109/job_log_01173505.txt
HTAR: a   instcat_y05_191109/job_log_01173506.txt
HTAR: a   instcat_y05_191109/job_log_01173507.txt
HTAR: a   instcat_y05_191109/job_log_01173508.txt
HTAR: a   instcat_y05_191109/job_log_01173509.txt
HTAR: a   instcat_y05_191109/job_log_01173510.txt
HTAR: a   instcat_y05_191109/job_log_01173511.txt
HTAR: a   instcat_y05_191109/job_log_01173512.txt
HTAR: a   instcat_y05_191109/job_log_01173513.txt
HTAR: a   instcat_y05_191109/job_log_01173514.txt
HTAR: a   instcat_y05_191109/job_log_01173515.txt
HTAR: a   instcat_y05_191109/job_log_01173516.txt
HTAR: a   instcat_y05_191109/job_log_01173517.txt
HTAR: a   instcat_y05_191109/job_log_01173518.txt
HTAR: a   instcat_y05_191109/job_log_01173519.txt
HTAR: a   instcat_y05_191109/job_log_01173520.txt
HTAR: a   instcat_y05_191109/job_log_01173521.txt
HTAR: a   instcat_y05_191109/job_log_01173522.txt
HTAR: a   instcat_y05_191109/job_log_01173523.txt
HTAR: a   instcat_y05_191109/job_log_01173524.txt
HTAR: a   instcat_y05_191109/job_log_01173525.txt
HTAR: a   instcat_y05_191109/job_log_01173526.txt
HTAR: a   instcat_y05_191109/job_log_01173527.txt
HTAR: a   instcat_y05_191109/job_log_01173528.txt
HTAR: a   instcat_y05_191109/job_log_01173529.txt
HTAR: a   instcat_y05_191109/job_log_01173530.txt
HTAR: a   instcat_y05_191109/job_log_01173531.txt
HTAR: a   instcat_y05_191109/job_log_01173532.txt
HTAR: a   instcat_y05_191109/job_log_01173533.txt
HTAR: a   instcat_y05_191109/job_log_01173534.txt
HTAR: a   instcat_y05_191109/job_log_01173535.txt
HTAR: a   instcat_y05_191109/job_log_01173536.txt
HTAR: a   instcat_y05_191109/job_log_01173537.txt
HTAR: a   instcat_y05_191109/job_log_01173538.txt
HTAR: a   instcat_y05_191109/job_log_01173539.txt
HTAR: a   instcat_y05_191109/job_log_01173540.txt
HTAR: a   instcat_y05_191109/job_log_01173541.txt
HTAR: a   instcat_y05_191109/job_log_01173542.txt
HTAR: a   instcat_y05_191109/job_log_01173543.txt
HTAR: a   instcat_y05_191109/job_log_01173544.txt
HTAR: a   instcat_y05_191109/job_log_01173545.txt
HTAR: a   instcat_y05_191109/job_log_01173546.txt
HTAR: a   instcat_y05_191109/job_log_01173547.txt
HTAR: a   instcat_y05_191109/job_log_01173548.txt
HTAR: a   /tmp/HTAR_CF_CHK_31356_1580772647
HTAR Create complete for /home/projects/desc/DC2_ImSim/Run2.2i/instCat/y05_191109/01170895to01173548.tar. 557,442,653,696 bytes written for 240 member files, max threads: 50 Transfer time: 7312.218 seconds (76.234 MB/s) wallclock/user/sys: 7316.076 5830.099 2589.272 seconds
HTAR: HTAR SUCCESSFUL
HTAR: a   instcat_y05_191109/01173549.tar.gz
HTAR: a   instcat_y05_191109/01173550.tar.gz
HTAR: a   instcat_y05_191109/01173551.tar.gz
HTAR: a   instcat_y05_191109/01173552.tar.gz
HTAR: a   instcat_y05_191109/01173553.tar.gz
HTAR: a   instcat_y05_191109/01173554.tar.gz
HTAR: a   instcat_y05_191109/01173555.tar.gz
HTAR: a   instcat_y05_191109/01173556.tar.gz
HTAR: a   instcat_y05_191109/01173557.tar.gz
HTAR: a   instcat_y05_191109/01173558.tar.gz
HTAR: a   instcat_y05_191109/01173559.tar.gz
HTAR: a   instcat_y05_191109/01173560.tar.gz
HTAR: a   instcat_y05_191109/01173561.tar.gz
HTAR: a   instcat_y05_191109/01173562.tar.gz
HTAR: a   instcat_y05_191109/01173563.tar.gz
HTAR: a   instcat_y05_191109/01173564.tar.gz
HTAR: a   instcat_y05_191109/01173565.tar.gz
HTAR: a   instcat_y05_191109/01173566.tar.gz
HTAR: a   instcat_y05_191109/01173567.tar.gz
HTAR: a   instcat_y05_191109/01173568.tar.gz
HTAR: a   instcat_y05_191109/01173569.tar.gz
HTAR: a   instcat_y05_191109/01173570.tar.gz
HTAR: a   instcat_y05_191109/01173571.tar.gz
HTAR: a   instcat_y05_191109/01173572.tar.gz
HTAR: a   instcat_y05_191109/01173573.tar.gz
HTAR: a   instcat_y05_191109/01173574.tar.gz
HTAR: a   instcat_y05_191109/01173575.tar.gz
HTAR: a   instcat_y05_191109/01173576.tar.gz
HTAR: a   instcat_y05_191109/01173577.tar.gz
HTAR: a   instcat_y05_191109/01173578.tar.gz
HTAR: a   instcat_y05_191109/01173579.tar.gz
HTAR: a   instcat_y05_191109/01173580.tar.gz
HTAR: a   instcat_y05_191109/01173581.tar.gz
HTAR: a   instcat_y05_191109/01173582.tar.gz
HTAR: a   instcat_y05_191109/01173583.tar.gz
HTAR: a   instcat_y05_191109/01173584.tar.gz
HTAR: a   instcat_y05_191109/01173585.tar.gz
HTAR: a   instcat_y05_191109/01173586.tar.gz
HTAR: a   instcat_y05_191109/01173587.tar.gz
HTAR: a   instcat_y05_191109/01173588.tar.gz
HTAR: a   instcat_y05_191109/01173589.tar.gz
HTAR: a   instcat_y05_191109/01173590.tar.gz
HTAR: a   instcat_y05_191109/01173591.tar.gz
HTAR: a   instcat_y05_191109/01173592.tar.gz
HTAR: a   instcat_y05_191109/01173593.tar.gz
HTAR: a   instcat_y05_191109/01173594.tar.gz
HTAR: a   instcat_y05_191109/01173595.tar.gz
HTAR: a   instcat_y05_191109/01173596.tar.gz
HTAR: a   instcat_y05_191109/01173597.tar.gz
HTAR: a   instcat_y05_191109/01173598.tar.gz
HTAR: a   instcat_y05_191109/01173599.tar.gz
HTAR: a   instcat_y05_191109/01173634.tar.gz
HTAR: a   instcat_y05_191109/01173674.tar.gz
HTAR: a   instcat_y05_191109/01173675.tar.gz
HTAR: a   instcat_y05_191109/01173715.tar.gz
HTAR: a   instcat_y05_191109/01173717.tar.gz
HTAR: a   instcat_y05_191109/01173719.tar.gz
HTAR: a   instcat_y05_191109/01173720.tar.gz
HTAR: a   instcat_y05_191109/01173723.tar.gz
HTAR: a   instcat_y05_191109/01173724.tar.gz
HTAR: a   instcat_y05_191109/01173725.tar.gz
HTAR: a   instcat_y05_191109/01173726.tar.gz
HTAR: a   instcat_y05_191109/01173727.tar.gz
HTAR: a   instcat_y05_191109/01173728.tar.gz
HTAR: a   instcat_y05_191109/01173729.tar.gz
HTAR: a   instcat_y05_191109/01173762.tar.gz
HTAR: a   instcat_y05_191109/01173763.tar.gz
HTAR: a   instcat_y05_191109/01173764.tar.gz
HTAR: a   instcat_y05_191109/01173768.tar.gz
HTAR: a   instcat_y05_191109/01173772.tar.gz
HTAR: a   instcat_y05_191109/01173773.tar.gz
HTAR: a   instcat_y05_191109/01173774.tar.gz
HTAR: a   instcat_y05_191109/01173775.tar.gz
HTAR: a   instcat_y05_191109/01173776.tar.gz
HTAR: a   instcat_y05_191109/01173777.tar.gz
HTAR: a   instcat_y05_191109/01173783.tar.gz
HTAR: a   instcat_y05_191109/01173799.tar.gz
HTAR: a   instcat_y05_191109/01173809.tar.gz
HTAR: a   instcat_y05_191109/01173810.tar.gz
HTAR: a   instcat_y05_191109/01174344.tar.gz
HTAR: a   instcat_y05_191109/01174345.tar.gz
HTAR: a   instcat_y05_191109/01174346.tar.gz
HTAR: a   instcat_y05_191109/01174347.tar.gz
HTAR: a   instcat_y05_191109/01174348.tar.gz
HTAR: a   instcat_y05_191109/01174349.tar.gz
HTAR: a   instcat_y05_191109/01174350.tar.gz
HTAR: a   instcat_y05_191109/01174351.tar.gz
HTAR: a   instcat_y05_191109/01174352.tar.gz
HTAR: a   instcat_y05_191109/01174353.tar.gz
HTAR: a   instcat_y05_191109/01174354.tar.gz
HTAR: a   instcat_y05_191109/01174372.tar.gz
HTAR: a   instcat_y05_191109/01174373.tar.gz
HTAR: a   instcat_y05_191109/01174374.tar.gz
HTAR: a   instcat_y05_191109/01174375.tar.gz
HTAR: a   instcat_y05_191109/01174376.tar.gz
HTAR: a   instcat_y05_191109/01174377.tar.gz
HTAR: a   instcat_y05_191109/01174378.tar.gz
HTAR: a   instcat_y05_191109/01174379.tar.gz
HTAR: a   instcat_y05_191109/01174380.tar.gz
HTAR: a   instcat_y05_191109/01174381.tar.gz
HTAR: a   instcat_y05_191109/01174384.tar.gz
HTAR: a   instcat_y05_191109/01174385.tar.gz
HTAR: a   instcat_y05_191109/01174386.tar.gz
HTAR: a   instcat_y05_191109/01174387.tar.gz
HTAR: a   instcat_y05_191109/01174388.tar.gz
HTAR: a   instcat_y05_191109/01174389.tar.gz
HTAR: a   instcat_y05_191109/01174390.tar.gz
HTAR: a   instcat_y05_191109/01174391.tar.gz
HTAR: a   instcat_y05_191109/01174392.tar.gz
HTAR: a   instcat_y05_191109/01174393.tar.gz
HTAR: a   instcat_y05_191109/01174394.tar.gz
HTAR: a   instcat_y05_191109/01174395.tar.gz
HTAR: a   instcat_y05_191109/01174396.tar.gz
HTAR: a   instcat_y05_191109/01174397.tar.gz
HTAR: a   instcat_y05_191109/01174406.tar.gz
HTAR: a   instcat_y05_191109/01174407.tar.gz
HTAR: a   instcat_y05_191109/01174408.tar.gz
HTAR: a   instcat_y05_191109/01174411.tar.gz
HTAR: a   instcat_y05_191109/01174412.tar.gz
HTAR: a   instcat_y05_191109/01174417.tar.gz
HTAR: a   instcat_y05_191109/job_log_01173549.txt
HTAR: a   instcat_y05_191109/job_log_01173550.txt
HTAR: a   instcat_y05_191109/job_log_01173551.txt
HTAR: a   instcat_y05_191109/job_log_01173552.txt
HTAR: a   instcat_y05_191109/job_log_01173553.txt
HTAR: a   instcat_y05_191109/job_log_01173554.txt
HTAR: a   instcat_y05_191109/job_log_01173555.txt
HTAR: a   instcat_y05_191109/job_log_01173556.txt
HTAR: a   instcat_y05_191109/job_log_01173557.txt
HTAR: a   instcat_y05_191109/job_log_01173558.txt
HTAR: a   instcat_y05_191109/job_log_01173559.txt
HTAR: a   instcat_y05_191109/job_log_01173560.txt
HTAR: a   instcat_y05_191109/job_log_01173561.txt
HTAR: a   instcat_y05_191109/job_log_01173562.txt
HTAR: a   instcat_y05_191109/job_log_01173563.txt
HTAR: a   instcat_y05_191109/job_log_01173564.txt
HTAR: a   instcat_y05_191109/job_log_01173565.txt
HTAR: a   instcat_y05_191109/job_log_01173566.txt
HTAR: a   instcat_y05_191109/job_log_01173567.txt
HTAR: a   instcat_y05_191109/job_log_01173568.txt
HTAR: a   instcat_y05_191109/job_log_01173569.txt
HTAR: a   instcat_y05_191109/job_log_01173570.txt
HTAR: a   instcat_y05_191109/job_log_01173571.txt
HTAR: a   instcat_y05_191109/job_log_01173572.txt
HTAR: a   instcat_y05_191109/job_log_01173573.txt
HTAR: a   instcat_y05_191109/job_log_01173574.txt
HTAR: a   instcat_y05_191109/job_log_01173575.txt
HTAR: a   instcat_y05_191109/job_log_01173576.txt
HTAR: a   instcat_y05_191109/job_log_01173577.txt
HTAR: a   instcat_y05_191109/job_log_01173578.txt
HTAR: a   instcat_y05_191109/job_log_01173579.txt
HTAR: a   instcat_y05_191109/job_log_01173580.txt
HTAR: a   instcat_y05_191109/job_log_01173581.txt
HTAR: a   instcat_y05_191109/job_log_01173582.txt
HTAR: a   instcat_y05_191109/job_log_01173583.txt
HTAR: a   instcat_y05_191109/job_log_01173584.txt
HTAR: a   instcat_y05_191109/job_log_01173585.txt
HTAR: a   instcat_y05_191109/job_log_01173586.txt
HTAR: a   instcat_y05_191109/job_log_01173587.txt
HTAR: a   instcat_y05_191109/job_log_01173588.txt
HTAR: a   instcat_y05_191109/job_log_01173589.txt
HTAR: a   instcat_y05_191109/job_log_01173590.txt
HTAR: a   instcat_y05_191109/job_log_01173591.txt
HTAR: a   instcat_y05_191109/job_log_01173592.txt
HTAR: a   instcat_y05_191109/job_log_01173593.txt
HTAR: a   instcat_y05_191109/job_log_01173594.txt
HTAR: a   instcat_y05_191109/job_log_01173595.txt
HTAR: a   instcat_y05_191109/job_log_01173596.txt
HTAR: a   instcat_y05_191109/job_log_01173597.txt
HTAR: a   instcat_y05_191109/job_log_01173598.txt
HTAR: a   instcat_y05_191109/job_log_01173599.txt
HTAR: a   instcat_y05_191109/job_log_01173634.txt
HTAR: a   instcat_y05_191109/job_log_01173674.txt
HTAR: a   instcat_y05_191109/job_log_01173675.txt
HTAR: a   instcat_y05_191109/job_log_01173715.txt
HTAR: a   instcat_y05_191109/job_log_01173717.txt
HTAR: a   instcat_y05_191109/job_log_01173719.txt
HTAR: a   instcat_y05_191109/job_log_01173720.txt
HTAR: a   instcat_y05_191109/job_log_01173723.txt
HTAR: a   instcat_y05_191109/job_log_01173724.txt
HTAR: a   instcat_y05_191109/job_log_01173725.txt
HTAR: a   instcat_y05_191109/job_log_01173726.txt
HTAR: a   instcat_y05_191109/job_log_01173727.txt
HTAR: a   instcat_y05_191109/job_log_01173728.txt
HTAR: a   instcat_y05_191109/job_log_01173729.txt
HTAR: a   instcat_y05_191109/job_log_01173762.txt
HTAR: a   instcat_y05_191109/job_log_01173763.txt
HTAR: a   instcat_y05_191109/job_log_01173764.txt
HTAR: a   instcat_y05_191109/job_log_01173768.txt
HTAR: a   instcat_y05_191109/job_log_01173772.txt
HTAR: a   instcat_y05_191109/job_log_01173773.txt
HTAR: a   instcat_y05_191109/job_log_01173774.txt
HTAR: a   instcat_y05_191109/job_log_01173775.txt
HTAR: a   instcat_y05_191109/job_log_01173776.txt
HTAR: a   instcat_y05_191109/job_log_01173777.txt
HTAR: a   instcat_y05_191109/job_log_01173783.txt
HTAR: a   instcat_y05_191109/job_log_01173799.txt
HTAR: a   instcat_y05_191109/job_log_01173809.txt
HTAR: a   instcat_y05_191109/job_log_01173810.txt
HTAR: a   instcat_y05_191109/job_log_01174344.txt
HTAR: a   instcat_y05_191109/job_log_01174345.txt
HTAR: a   instcat_y05_191109/job_log_01174346.txt
HTAR: a   instcat_y05_191109/job_log_01174347.txt
HTAR: a   instcat_y05_191109/job_log_01174348.txt
HTAR: a   instcat_y05_191109/job_log_01174349.txt
HTAR: a   instcat_y05_191109/job_log_01174350.txt
HTAR: a   instcat_y05_191109/job_log_01174351.txt
HTAR: a   instcat_y05_191109/job_log_01174352.txt
HTAR: a   instcat_y05_191109/job_log_01174353.txt
HTAR: a   instcat_y05_191109/job_log_01174354.txt
HTAR: a   instcat_y05_191109/job_log_01174372.txt
HTAR: a   instcat_y05_191109/job_log_01174373.txt
HTAR: a   instcat_y05_191109/job_log_01174374.txt
HTAR: a   instcat_y05_191109/job_log_01174375.txt
HTAR: a   instcat_y05_191109/job_log_01174376.txt
HTAR: a   instcat_y05_191109/job_log_01174377.txt
HTAR: a   instcat_y05_191109/job_log_01174378.txt
HTAR: a   instcat_y05_191109/job_log_01174379.txt
HTAR: a   instcat_y05_191109/job_log_01174380.txt
HTAR: a   instcat_y05_191109/job_log_01174381.txt
HTAR: a   instcat_y05_191109/job_log_01174384.txt
HTAR: a   instcat_y05_191109/job_log_01174385.txt
HTAR: a   instcat_y05_191109/job_log_01174386.txt
HTAR: a   instcat_y05_191109/job_log_01174387.txt
HTAR: a   instcat_y05_191109/job_log_01174388.txt
HTAR: a   instcat_y05_191109/job_log_01174389.txt
HTAR: a   instcat_y05_191109/job_log_01174390.txt
HTAR: a   instcat_y05_191109/job_log_01174391.txt
HTAR: a   instcat_y05_191109/job_log_01174392.txt
HTAR: a   instcat_y05_191109/job_log_01174393.txt
HTAR: a   instcat_y05_191109/job_log_01174394.txt
HTAR: a   instcat_y05_191109/job_log_01174395.txt
HTAR: a   instcat_y05_191109/job_log_01174396.txt
HTAR: a   instcat_y05_191109/job_log_01174397.txt
HTAR: a   instcat_y05_191109/job_log_01174406.txt
HTAR: a   instcat_y05_191109/job_log_01174407.txt
HTAR: a   instcat_y05_191109/job_log_01174408.txt
HTAR: a   instcat_y05_191109/job_log_01174411.txt
HTAR: a   instcat_y05_191109/job_log_01174412.txt
HTAR: a   instcat_y05_191109/job_log_01174417.txt
HTAR: a   /tmp/HTAR_CF_CHK_30435_1580779964
HTAR Create complete for /home/projects/desc/DC2_ImSim/Run2.2i/instCat/y05_191109/01173549to01174417.tar. 563,314,525,184 bytes written for 240 member files, max threads: 50 Transfer time: 4194.863 seconds (134.287 MB/s) wallclock/user/sys: 4196.030 5042.024 2012.981 seconds
HTAR: HTAR SUCCESSFUL
