HTAR: a   instcat_y05_191109/01013735.tar.gz
HTAR: a   instcat_y05_191109/01013737.tar.gz
HTAR: a   instcat_y05_191109/01013738.tar.gz
HTAR: a   instcat_y05_191109/01013739.tar.gz
HTAR: a   instcat_y05_191109/01013740.tar.gz
HTAR: a   instcat_y05_191109/01013741.tar.gz
HTAR: a   instcat_y05_191109/01013742.tar.gz
HTAR: a   instcat_y05_191109/01013760.tar.gz
HTAR: a   instcat_y05_191109/01013761.tar.gz
HTAR: a   instcat_y05_191109/01013763.tar.gz
HTAR: a   instcat_y05_191109/01013764.tar.gz
HTAR: a   instcat_y05_191109/01013765.tar.gz
HTAR: a   instcat_y05_191109/01013766.tar.gz
HTAR: a   instcat_y05_191109/01013767.tar.gz
HTAR: a   instcat_y05_191109/01013768.tar.gz
HTAR: a   instcat_y05_191109/01013769.tar.gz
HTAR: a   instcat_y05_191109/01013778.tar.gz
HTAR: a   instcat_y05_191109/01013780.tar.gz
HTAR: a   instcat_y05_191109/01013781.tar.gz
HTAR: a   instcat_y05_191109/01013799.tar.gz
HTAR: a   instcat_y05_191109/01013801.tar.gz
HTAR: a   instcat_y05_191109/01013802.tar.gz
HTAR: a   instcat_y05_191109/01013803.tar.gz
HTAR: a   instcat_y05_191109/01014261.tar.gz
HTAR: a   instcat_y05_191109/01014292.tar.gz
HTAR: a   instcat_y05_191109/01014394.tar.gz
HTAR: a   instcat_y05_191109/01014395.tar.gz
HTAR: a   instcat_y05_191109/01014396.tar.gz
HTAR: a   instcat_y05_191109/01014397.tar.gz
HTAR: a   instcat_y05_191109/01014398.tar.gz
HTAR: a   instcat_y05_191109/01014418.tar.gz
HTAR: a   instcat_y05_191109/01014419.tar.gz
HTAR: a   instcat_y05_191109/01014420.tar.gz
HTAR: a   instcat_y05_191109/01014421.tar.gz
HTAR: a   instcat_y05_191109/01014422.tar.gz
HTAR: a   instcat_y05_191109/01016622.tar.gz
HTAR: a   instcat_y05_191109/01016647.tar.gz
HTAR: a   instcat_y05_191109/01016648.tar.gz
HTAR: a   instcat_y05_191109/01016663.tar.gz
HTAR: a   instcat_y05_191109/01016776.tar.gz
HTAR: a   instcat_y05_191109/01016777.tar.gz
HTAR: a   instcat_y05_191109/01016778.tar.gz
HTAR: a   instcat_y05_191109/01016779.tar.gz
HTAR: a   instcat_y05_191109/01016780.tar.gz
HTAR: a   instcat_y05_191109/01016781.tar.gz
HTAR: a   instcat_y05_191109/01016784.tar.gz
HTAR: a   instcat_y05_191109/01016788.tar.gz
HTAR: a   instcat_y05_191109/01016789.tar.gz
HTAR: a   instcat_y05_191109/01016792.tar.gz
HTAR: a   instcat_y05_191109/01016795.tar.gz
HTAR: a   instcat_y05_191109/01016797.tar.gz
HTAR: a   instcat_y05_191109/01016798.tar.gz
HTAR: a   instcat_y05_191109/01016799.tar.gz
HTAR: a   instcat_y05_191109/01016802.tar.gz
HTAR: a   instcat_y05_191109/01016810.tar.gz
HTAR: a   instcat_y05_191109/01016811.tar.gz
HTAR: a   instcat_y05_191109/01016812.tar.gz
HTAR: a   instcat_y05_191109/01016813.tar.gz
HTAR: a   instcat_y05_191109/01016814.tar.gz
HTAR: a   instcat_y05_191109/01016815.tar.gz
HTAR: a   instcat_y05_191109/01016821.tar.gz
HTAR: a   instcat_y05_191109/01016822.tar.gz
HTAR: a   instcat_y05_191109/01016823.tar.gz
HTAR: a   instcat_y05_191109/01016825.tar.gz
HTAR: a   instcat_y05_191109/01016828.tar.gz
HTAR: a   instcat_y05_191109/01016830.tar.gz
HTAR: a   instcat_y05_191109/01016831.tar.gz
HTAR: a   instcat_y05_191109/01016832.tar.gz
HTAR: a   instcat_y05_191109/01016838.tar.gz
HTAR: a   instcat_y05_191109/01017413.tar.gz
HTAR: a   instcat_y05_191109/01017417.tar.gz
HTAR: a   instcat_y05_191109/01018216.tar.gz
HTAR: a   instcat_y05_191109/01018217.tar.gz
HTAR: a   instcat_y05_191109/01018243.tar.gz
HTAR: a   instcat_y05_191109/01018250.tar.gz
HTAR: a   instcat_y05_191109/01018263.tar.gz
HTAR: a   instcat_y05_191109/01018264.tar.gz
HTAR: a   instcat_y05_191109/01019891.tar.gz
HTAR: a   instcat_y05_191109/01019892.tar.gz
HTAR: a   instcat_y05_191109/01019893.tar.gz
HTAR: a   instcat_y05_191109/01019894.tar.gz
HTAR: a   instcat_y05_191109/01019925.tar.gz
HTAR: a   instcat_y05_191109/01019926.tar.gz
HTAR: a   instcat_y05_191109/01019927.tar.gz
HTAR: a   instcat_y05_191109/01019928.tar.gz
HTAR: a   instcat_y05_191109/01019929.tar.gz
HTAR: a   instcat_y05_191109/01019930.tar.gz
HTAR: a   instcat_y05_191109/01019931.tar.gz
HTAR: a   instcat_y05_191109/01019932.tar.gz
HTAR: a   instcat_y05_191109/01019971.tar.gz
HTAR: a   instcat_y05_191109/01019972.tar.gz
HTAR: a   instcat_y05_191109/01019973.tar.gz
HTAR: a   instcat_y05_191109/01019974.tar.gz
HTAR: a   instcat_y05_191109/01019975.tar.gz
HTAR: a   instcat_y05_191109/01019976.tar.gz
HTAR: a   instcat_y05_191109/01019977.tar.gz
HTAR: a   instcat_y05_191109/01019978.tar.gz
HTAR: a   instcat_y05_191109/01019979.tar.gz
HTAR: a   instcat_y05_191109/01019980.tar.gz
HTAR: a   instcat_y05_191109/01019981.tar.gz
HTAR: a   instcat_y05_191109/01019982.tar.gz
HTAR: a   instcat_y05_191109/01020001.tar.gz
HTAR: a   instcat_y05_191109/01020002.tar.gz
HTAR: a   instcat_y05_191109/01020003.tar.gz
HTAR: a   instcat_y05_191109/01020005.tar.gz
HTAR: a   instcat_y05_191109/01020006.tar.gz
HTAR: a   instcat_y05_191109/01020043.tar.gz
HTAR: a   instcat_y05_191109/01020044.tar.gz
HTAR: a   instcat_y05_191109/01020049.tar.gz
HTAR: a   instcat_y05_191109/01020566.tar.gz
HTAR: a   instcat_y05_191109/01020567.tar.gz
HTAR: a   instcat_y05_191109/01020588.tar.gz
HTAR: a   instcat_y05_191109/01020589.tar.gz
HTAR: a   instcat_y05_191109/01020590.tar.gz
HTAR: a   instcat_y05_191109/01024634.tar.gz
HTAR: a   instcat_y05_191109/01024635.tar.gz
HTAR: a   instcat_y05_191109/01024636.tar.gz
HTAR: a   instcat_y05_191109/01026248.tar.gz
HTAR: a   instcat_y05_191109/01027032.tar.gz
HTAR: a   instcat_y05_191109/01027033.tar.gz
HTAR: a   instcat_y05_191109/job_log_01013735.txt
HTAR: a   instcat_y05_191109/job_log_01013737.txt
HTAR: a   instcat_y05_191109/job_log_01013738.txt
HTAR: a   instcat_y05_191109/job_log_01013739.txt
HTAR: a   instcat_y05_191109/job_log_01013740.txt
HTAR: a   instcat_y05_191109/job_log_01013741.txt
HTAR: a   instcat_y05_191109/job_log_01013742.txt
HTAR: a   instcat_y05_191109/job_log_01013760.txt
HTAR: a   instcat_y05_191109/job_log_01013761.txt
HTAR: a   instcat_y05_191109/job_log_01013763.txt
HTAR: a   instcat_y05_191109/job_log_01013764.txt
HTAR: a   instcat_y05_191109/job_log_01013765.txt
HTAR: a   instcat_y05_191109/job_log_01013766.txt
HTAR: a   instcat_y05_191109/job_log_01013767.txt
HTAR: a   instcat_y05_191109/job_log_01013768.txt
HTAR: a   instcat_y05_191109/job_log_01013769.txt
HTAR: a   instcat_y05_191109/job_log_01013778.txt
HTAR: a   instcat_y05_191109/job_log_01013780.txt
HTAR: a   instcat_y05_191109/job_log_01013781.txt
HTAR: a   instcat_y05_191109/job_log_01013799.txt
HTAR: a   instcat_y05_191109/job_log_01013801.txt
HTAR: a   instcat_y05_191109/job_log_01013802.txt
HTAR: a   instcat_y05_191109/job_log_01013803.txt
HTAR: a   instcat_y05_191109/job_log_01014261.txt
HTAR: a   instcat_y05_191109/job_log_01014292.txt
HTAR: a   instcat_y05_191109/job_log_01014394.txt
HTAR: a   instcat_y05_191109/job_log_01014395.txt
HTAR: a   instcat_y05_191109/job_log_01014396.txt
HTAR: a   instcat_y05_191109/job_log_01014397.txt
HTAR: a   instcat_y05_191109/job_log_01014398.txt
HTAR: a   instcat_y05_191109/job_log_01014418.txt
HTAR: a   instcat_y05_191109/job_log_01014419.txt
HTAR: a   instcat_y05_191109/job_log_01014420.txt
HTAR: a   instcat_y05_191109/job_log_01014421.txt
HTAR: a   instcat_y05_191109/job_log_01014422.txt
HTAR: a   instcat_y05_191109/job_log_01016622.txt
HTAR: a   instcat_y05_191109/job_log_01016647.txt
HTAR: a   instcat_y05_191109/job_log_01016648.txt
HTAR: a   instcat_y05_191109/job_log_01016663.txt
HTAR: a   instcat_y05_191109/job_log_01016776.txt
HTAR: a   instcat_y05_191109/job_log_01016777.txt
HTAR: a   instcat_y05_191109/job_log_01016778.txt
HTAR: a   instcat_y05_191109/job_log_01016779.txt
HTAR: a   instcat_y05_191109/job_log_01016780.txt
HTAR: a   instcat_y05_191109/job_log_01016781.txt
HTAR: a   instcat_y05_191109/job_log_01016784.txt
HTAR: a   instcat_y05_191109/job_log_01016788.txt
HTAR: a   instcat_y05_191109/job_log_01016789.txt
HTAR: a   instcat_y05_191109/job_log_01016792.txt
HTAR: a   instcat_y05_191109/job_log_01016795.txt
HTAR: a   instcat_y05_191109/job_log_01016797.txt
HTAR: a   instcat_y05_191109/job_log_01016798.txt
HTAR: a   instcat_y05_191109/job_log_01016799.txt
HTAR: a   instcat_y05_191109/job_log_01016802.txt
HTAR: a   instcat_y05_191109/job_log_01016810.txt
HTAR: a   instcat_y05_191109/job_log_01016811.txt
HTAR: a   instcat_y05_191109/job_log_01016812.txt
HTAR: a   instcat_y05_191109/job_log_01016813.txt
HTAR: a   instcat_y05_191109/job_log_01016814.txt
HTAR: a   instcat_y05_191109/job_log_01016815.txt
HTAR: a   instcat_y05_191109/job_log_01016821.txt
HTAR: a   instcat_y05_191109/job_log_01016822.txt
HTAR: a   instcat_y05_191109/job_log_01016823.txt
HTAR: a   instcat_y05_191109/job_log_01016825.txt
HTAR: a   instcat_y05_191109/job_log_01016828.txt
HTAR: a   instcat_y05_191109/job_log_01016830.txt
HTAR: a   instcat_y05_191109/job_log_01016831.txt
HTAR: a   instcat_y05_191109/job_log_01016832.txt
HTAR: a   instcat_y05_191109/job_log_01016838.txt
HTAR: a   instcat_y05_191109/job_log_01017413.txt
HTAR: a   instcat_y05_191109/job_log_01017417.txt
HTAR: a   instcat_y05_191109/job_log_01018216.txt
HTAR: a   instcat_y05_191109/job_log_01018217.txt
HTAR: a   instcat_y05_191109/job_log_01018243.txt
HTAR: a   instcat_y05_191109/job_log_01018250.txt
HTAR: a   instcat_y05_191109/job_log_01018263.txt
HTAR: a   instcat_y05_191109/job_log_01018264.txt
HTAR: a   instcat_y05_191109/job_log_01019891.txt
HTAR: a   instcat_y05_191109/job_log_01019892.txt
HTAR: a   instcat_y05_191109/job_log_01019893.txt
HTAR: a   instcat_y05_191109/job_log_01019894.txt
HTAR: a   instcat_y05_191109/job_log_01019925.txt
HTAR: a   instcat_y05_191109/job_log_01019926.txt
HTAR: a   instcat_y05_191109/job_log_01019927.txt
HTAR: a   instcat_y05_191109/job_log_01019928.txt
HTAR: a   instcat_y05_191109/job_log_01019929.txt
HTAR: a   instcat_y05_191109/job_log_01019930.txt
HTAR: a   instcat_y05_191109/job_log_01019931.txt
HTAR: a   instcat_y05_191109/job_log_01019932.txt
HTAR: a   instcat_y05_191109/job_log_01019971.txt
HTAR: a   instcat_y05_191109/job_log_01019972.txt
HTAR: a   instcat_y05_191109/job_log_01019973.txt
HTAR: a   instcat_y05_191109/job_log_01019974.txt
HTAR: a   instcat_y05_191109/job_log_01019975.txt
HTAR: a   instcat_y05_191109/job_log_01019976.txt
HTAR: a   instcat_y05_191109/job_log_01019977.txt
HTAR: a   instcat_y05_191109/job_log_01019978.txt
HTAR: a   instcat_y05_191109/job_log_01019979.txt
HTAR: a   instcat_y05_191109/job_log_01019980.txt
HTAR: a   instcat_y05_191109/job_log_01019981.txt
HTAR: a   instcat_y05_191109/job_log_01019982.txt
HTAR: a   instcat_y05_191109/job_log_01020001.txt
HTAR: a   instcat_y05_191109/job_log_01020002.txt
HTAR: a   instcat_y05_191109/job_log_01020003.txt
HTAR: a   instcat_y05_191109/job_log_01020005.txt
HTAR: a   instcat_y05_191109/job_log_01020006.txt
HTAR: a   instcat_y05_191109/job_log_01020043.txt
HTAR: a   instcat_y05_191109/job_log_01020044.txt
HTAR: a   instcat_y05_191109/job_log_01020049.txt
HTAR: a   instcat_y05_191109/job_log_01020566.txt
HTAR: a   instcat_y05_191109/job_log_01020567.txt
HTAR: a   instcat_y05_191109/job_log_01020588.txt
HTAR: a   instcat_y05_191109/job_log_01020589.txt
HTAR: a   instcat_y05_191109/job_log_01020590.txt
HTAR: a   instcat_y05_191109/job_log_01024634.txt
HTAR: a   instcat_y05_191109/job_log_01024635.txt
HTAR: a   instcat_y05_191109/job_log_01024636.txt
HTAR: a   instcat_y05_191109/job_log_01026248.txt
HTAR: a   instcat_y05_191109/job_log_01027032.txt
HTAR: a   instcat_y05_191109/job_log_01027033.txt
HTAR: a   /tmp/HTAR_CF_CHK_49762_1580741463
HTAR Create complete for /home/projects/desc/DC2_ImSim/Run2.2i/instCat/y05_191109/01013735to01027033.tar. 512,649,432,576 bytes written for 240 member files, max threads: 50 Transfer time: 3972.359 seconds (129.054 MB/s) wallclock/user/sys: 3973.398 4290.637 1636.676 seconds
HTAR: HTAR SUCCESSFUL
HTAR: a   instcat_y05_191109/01027037.tar.gz
HTAR: a   instcat_y05_191109/01027039.tar.gz
HTAR: a   instcat_y05_191109/01027040.tar.gz
HTAR: a   instcat_y05_191109/01027041.tar.gz
HTAR: a   instcat_y05_191109/01027042.tar.gz
HTAR: a   instcat_y05_191109/01027043.tar.gz
HTAR: a   instcat_y05_191109/01027044.tar.gz
HTAR: a   instcat_y05_191109/01027045.tar.gz
HTAR: a   instcat_y05_191109/01027048.tar.gz
HTAR: a   instcat_y05_191109/01027049.tar.gz
HTAR: a   instcat_y05_191109/01027050.tar.gz
HTAR: a   instcat_y05_191109/01027051.tar.gz
HTAR: a   instcat_y05_191109/01027052.tar.gz
HTAR: a   instcat_y05_191109/01027060.tar.gz
HTAR: a   instcat_y05_191109/01027061.tar.gz
HTAR: a   instcat_y05_191109/01027062.tar.gz
HTAR: a   instcat_y05_191109/01027063.tar.gz
HTAR: a   instcat_y05_191109/01027064.tar.gz
HTAR: a   instcat_y05_191109/01027065.tar.gz
HTAR: a   instcat_y05_191109/01027066.tar.gz
HTAR: a   instcat_y05_191109/01027068.tar.gz
HTAR: a   instcat_y05_191109/01027069.tar.gz
HTAR: a   instcat_y05_191109/01027070.tar.gz
HTAR: a   instcat_y05_191109/01027071.tar.gz
HTAR: a   instcat_y05_191109/01027072.tar.gz
HTAR: a   instcat_y05_191109/01027074.tar.gz
HTAR: a   instcat_y05_191109/01027075.tar.gz
HTAR: a   instcat_y05_191109/01027076.tar.gz
HTAR: a   instcat_y05_191109/01027077.tar.gz
HTAR: a   instcat_y05_191109/01027078.tar.gz
HTAR: a   instcat_y05_191109/01027092.tar.gz
HTAR: a   instcat_y05_191109/01027093.tar.gz
HTAR: a   instcat_y05_191109/01027094.tar.gz
HTAR: a   instcat_y05_191109/01027095.tar.gz
HTAR: a   instcat_y05_191109/01027096.tar.gz
HTAR: a   instcat_y05_191109/01027097.tar.gz
HTAR: a   instcat_y05_191109/01027098.tar.gz
HTAR: a   instcat_y05_191109/01027100.tar.gz
HTAR: a   instcat_y05_191109/01028576.tar.gz
HTAR: a   instcat_y05_191109/01028603.tar.gz
HTAR: a   instcat_y05_191109/01028604.tar.gz
HTAR: a   instcat_y05_191109/01028619.tar.gz
HTAR: a   instcat_y05_191109/01028620.tar.gz
HTAR: a   instcat_y05_191109/01028621.tar.gz
HTAR: a   instcat_y05_191109/01028622.tar.gz
HTAR: a   instcat_y05_191109/01028623.tar.gz
HTAR: a   instcat_y05_191109/01028642.tar.gz
HTAR: a   instcat_y05_191109/01028643.tar.gz
HTAR: a   instcat_y05_191109/01028661.tar.gz
HTAR: a   instcat_y05_191109/01028665.tar.gz
HTAR: a   instcat_y05_191109/01028667.tar.gz
HTAR: a   instcat_y05_191109/01028670.tar.gz
HTAR: a   instcat_y05_191109/01028671.tar.gz
HTAR: a   instcat_y05_191109/01028672.tar.gz
HTAR: a   instcat_y05_191109/01028673.tar.gz
HTAR: a   instcat_y05_191109/01028674.tar.gz
HTAR: a   instcat_y05_191109/01028682.tar.gz
HTAR: a   instcat_y05_191109/01028683.tar.gz
HTAR: a   instcat_y05_191109/01028685.tar.gz
HTAR: a   instcat_y05_191109/01028707.tar.gz
HTAR: a   instcat_y05_191109/01028708.tar.gz
HTAR: a   instcat_y05_191109/01028710.tar.gz
HTAR: a   instcat_y05_191109/01028711.tar.gz
HTAR: a   instcat_y05_191109/01028712.tar.gz
HTAR: a   instcat_y05_191109/01028715.tar.gz
HTAR: a   instcat_y05_191109/01028716.tar.gz
HTAR: a   instcat_y05_191109/01029766.tar.gz
HTAR: a   instcat_y05_191109/01029769.tar.gz
HTAR: a   instcat_y05_191109/01029770.tar.gz
HTAR: a   instcat_y05_191109/01029771.tar.gz
HTAR: a   instcat_y05_191109/01029772.tar.gz
HTAR: a   instcat_y05_191109/01029773.tar.gz
HTAR: a   instcat_y05_191109/01029775.tar.gz
HTAR: a   instcat_y05_191109/01029776.tar.gz
HTAR: a   instcat_y05_191109/01029777.tar.gz
HTAR: a   instcat_y05_191109/01029778.tar.gz
HTAR: a   instcat_y05_191109/01029796.tar.gz
HTAR: a   instcat_y05_191109/01029797.tar.gz
HTAR: a   instcat_y05_191109/01029798.tar.gz
HTAR: a   instcat_y05_191109/01029799.tar.gz
HTAR: a   instcat_y05_191109/01029800.tar.gz
HTAR: a   instcat_y05_191109/01029801.tar.gz
HTAR: a   instcat_y05_191109/01029802.tar.gz
HTAR: a   instcat_y05_191109/01029803.tar.gz
HTAR: a   instcat_y05_191109/01029804.tar.gz
HTAR: a   instcat_y05_191109/01029805.tar.gz
HTAR: a   instcat_y05_191109/01029806.tar.gz
HTAR: a   instcat_y05_191109/01029808.tar.gz
HTAR: a   instcat_y05_191109/01029810.tar.gz
HTAR: a   instcat_y05_191109/01029822.tar.gz
HTAR: a   instcat_y05_191109/01029869.tar.gz
HTAR: a   instcat_y05_191109/01029927.tar.gz
HTAR: a   instcat_y05_191109/01030521.tar.gz
HTAR: a   instcat_y05_191109/01030530.tar.gz
HTAR: a   instcat_y05_191109/01030541.tar.gz
HTAR: a   instcat_y05_191109/01030559.tar.gz
HTAR: a   instcat_y05_191109/01030595.tar.gz
HTAR: a   instcat_y05_191109/01030598.tar.gz
HTAR: a   instcat_y05_191109/01030622.tar.gz
HTAR: a   instcat_y05_191109/01030630.tar.gz
HTAR: a   instcat_y05_191109/01030631.tar.gz
HTAR: a   instcat_y05_191109/01030632.tar.gz
HTAR: a   instcat_y05_191109/01030633.tar.gz
HTAR: a   instcat_y05_191109/01030655.tar.gz
HTAR: a   instcat_y05_191109/01030656.tar.gz
HTAR: a   instcat_y05_191109/01030664.tar.gz
HTAR: a   instcat_y05_191109/01030665.tar.gz
HTAR: a   instcat_y05_191109/01030666.tar.gz
HTAR: a   instcat_y05_191109/01030667.tar.gz
HTAR: a   instcat_y05_191109/01030668.tar.gz
HTAR: a   instcat_y05_191109/01030669.tar.gz
HTAR: a   instcat_y05_191109/01030670.tar.gz
HTAR: a   instcat_y05_191109/01030674.tar.gz
HTAR: a   instcat_y05_191109/01030675.tar.gz
HTAR: a   instcat_y05_191109/01030676.tar.gz
HTAR: a   instcat_y05_191109/01030677.tar.gz
HTAR: a   instcat_y05_191109/01030678.tar.gz
HTAR: a   instcat_y05_191109/01030682.tar.gz
HTAR: a   instcat_y05_191109/01030683.tar.gz
HTAR: a   instcat_y05_191109/01030697.tar.gz
HTAR: a   instcat_y05_191109/job_log_01027037.txt
HTAR: a   instcat_y05_191109/job_log_01027039.txt
HTAR: a   instcat_y05_191109/job_log_01027040.txt
HTAR: a   instcat_y05_191109/job_log_01027041.txt
HTAR: a   instcat_y05_191109/job_log_01027042.txt
HTAR: a   instcat_y05_191109/job_log_01027043.txt
HTAR: a   instcat_y05_191109/job_log_01027044.txt
HTAR: a   instcat_y05_191109/job_log_01027045.txt
HTAR: a   instcat_y05_191109/job_log_01027048.txt
HTAR: a   instcat_y05_191109/job_log_01027049.txt
HTAR: a   instcat_y05_191109/job_log_01027050.txt
HTAR: a   instcat_y05_191109/job_log_01027051.txt
HTAR: a   instcat_y05_191109/job_log_01027052.txt
HTAR: a   instcat_y05_191109/job_log_01027060.txt
HTAR: a   instcat_y05_191109/job_log_01027061.txt
HTAR: a   instcat_y05_191109/job_log_01027062.txt
HTAR: a   instcat_y05_191109/job_log_01027063.txt
HTAR: a   instcat_y05_191109/job_log_01027064.txt
HTAR: a   instcat_y05_191109/job_log_01027065.txt
HTAR: a   instcat_y05_191109/job_log_01027066.txt
HTAR: a   instcat_y05_191109/job_log_01027068.txt
HTAR: a   instcat_y05_191109/job_log_01027069.txt
HTAR: a   instcat_y05_191109/job_log_01027070.txt
HTAR: a   instcat_y05_191109/job_log_01027071.txt
HTAR: a   instcat_y05_191109/job_log_01027072.txt
HTAR: a   instcat_y05_191109/job_log_01027074.txt
HTAR: a   instcat_y05_191109/job_log_01027075.txt
HTAR: a   instcat_y05_191109/job_log_01027076.txt
HTAR: a   instcat_y05_191109/job_log_01027077.txt
HTAR: a   instcat_y05_191109/job_log_01027078.txt
HTAR: a   instcat_y05_191109/job_log_01027092.txt
HTAR: a   instcat_y05_191109/job_log_01027093.txt
HTAR: a   instcat_y05_191109/job_log_01027094.txt
HTAR: a   instcat_y05_191109/job_log_01027095.txt
HTAR: a   instcat_y05_191109/job_log_01027096.txt
HTAR: a   instcat_y05_191109/job_log_01027097.txt
HTAR: a   instcat_y05_191109/job_log_01027098.txt
HTAR: a   instcat_y05_191109/job_log_01027100.txt
HTAR: a   instcat_y05_191109/job_log_01028576.txt
HTAR: a   instcat_y05_191109/job_log_01028603.txt
HTAR: a   instcat_y05_191109/job_log_01028604.txt
HTAR: a   instcat_y05_191109/job_log_01028619.txt
HTAR: a   instcat_y05_191109/job_log_01028620.txt
HTAR: a   instcat_y05_191109/job_log_01028621.txt
HTAR: a   instcat_y05_191109/job_log_01028622.txt
HTAR: a   instcat_y05_191109/job_log_01028623.txt
HTAR: a   instcat_y05_191109/job_log_01028642.txt
HTAR: a   instcat_y05_191109/job_log_01028643.txt
HTAR: a   instcat_y05_191109/job_log_01028661.txt
HTAR: a   instcat_y05_191109/job_log_01028665.txt
HTAR: a   instcat_y05_191109/job_log_01028667.txt
HTAR: a   instcat_y05_191109/job_log_01028670.txt
HTAR: a   instcat_y05_191109/job_log_01028671.txt
HTAR: a   instcat_y05_191109/job_log_01028672.txt
HTAR: a   instcat_y05_191109/job_log_01028673.txt
HTAR: a   instcat_y05_191109/job_log_01028674.txt
HTAR: a   instcat_y05_191109/job_log_01028682.txt
HTAR: a   instcat_y05_191109/job_log_01028683.txt
HTAR: a   instcat_y05_191109/job_log_01028685.txt
HTAR: a   instcat_y05_191109/job_log_01028707.txt
HTAR: a   instcat_y05_191109/job_log_01028708.txt
HTAR: a   instcat_y05_191109/job_log_01028710.txt
HTAR: a   instcat_y05_191109/job_log_01028711.txt
HTAR: a   instcat_y05_191109/job_log_01028712.txt
HTAR: a   instcat_y05_191109/job_log_01028715.txt
HTAR: a   instcat_y05_191109/job_log_01028716.txt
HTAR: a   instcat_y05_191109/job_log_01029766.txt
HTAR: a   instcat_y05_191109/job_log_01029769.txt
HTAR: a   instcat_y05_191109/job_log_01029770.txt
HTAR: a   instcat_y05_191109/job_log_01029771.txt
HTAR: a   instcat_y05_191109/job_log_01029772.txt
HTAR: a   instcat_y05_191109/job_log_01029773.txt
HTAR: a   instcat_y05_191109/job_log_01029775.txt
HTAR: a   instcat_y05_191109/job_log_01029776.txt
HTAR: a   instcat_y05_191109/job_log_01029777.txt
HTAR: a   instcat_y05_191109/job_log_01029778.txt
HTAR: a   instcat_y05_191109/job_log_01029796.txt
HTAR: a   instcat_y05_191109/job_log_01029797.txt
HTAR: a   instcat_y05_191109/job_log_01029798.txt
HTAR: a   instcat_y05_191109/job_log_01029799.txt
HTAR: a   instcat_y05_191109/job_log_01029800.txt
HTAR: a   instcat_y05_191109/job_log_01029801.txt
HTAR: a   instcat_y05_191109/job_log_01029802.txt
HTAR: a   instcat_y05_191109/job_log_01029803.txt
HTAR: a   instcat_y05_191109/job_log_01029804.txt
HTAR: a   instcat_y05_191109/job_log_01029805.txt
HTAR: a   instcat_y05_191109/job_log_01029806.txt
HTAR: a   instcat_y05_191109/job_log_01029808.txt
HTAR: a   instcat_y05_191109/job_log_01029810.txt
HTAR: a   instcat_y05_191109/job_log_01029822.txt
HTAR: a   instcat_y05_191109/job_log_01029869.txt
HTAR: a   instcat_y05_191109/job_log_01029927.txt
HTAR: a   instcat_y05_191109/job_log_01030521.txt
HTAR: a   instcat_y05_191109/job_log_01030530.txt
HTAR: a   instcat_y05_191109/job_log_01030541.txt
HTAR: a   instcat_y05_191109/job_log_01030559.txt
HTAR: a   instcat_y05_191109/job_log_01030595.txt
HTAR: a   instcat_y05_191109/job_log_01030598.txt
HTAR: a   instcat_y05_191109/job_log_01030622.txt
HTAR: a   instcat_y05_191109/job_log_01030630.txt
HTAR: a   instcat_y05_191109/job_log_01030631.txt
HTAR: a   instcat_y05_191109/job_log_01030632.txt
HTAR: a   instcat_y05_191109/job_log_01030633.txt
HTAR: a   instcat_y05_191109/job_log_01030655.txt
HTAR: a   instcat_y05_191109/job_log_01030656.txt
HTAR: a   instcat_y05_191109/job_log_01030664.txt
HTAR: a   instcat_y05_191109/job_log_01030665.txt
HTAR: a   instcat_y05_191109/job_log_01030666.txt
HTAR: a   instcat_y05_191109/job_log_01030667.txt
HTAR: a   instcat_y05_191109/job_log_01030668.txt
HTAR: a   instcat_y05_191109/job_log_01030669.txt
HTAR: a   instcat_y05_191109/job_log_01030670.txt
HTAR: a   instcat_y05_191109/job_log_01030674.txt
HTAR: a   instcat_y05_191109/job_log_01030675.txt
HTAR: a   instcat_y05_191109/job_log_01030676.txt
HTAR: a   instcat_y05_191109/job_log_01030677.txt
HTAR: a   instcat_y05_191109/job_log_01030678.txt
HTAR: a   instcat_y05_191109/job_log_01030682.txt
HTAR: a   instcat_y05_191109/job_log_01030683.txt
HTAR: a   instcat_y05_191109/job_log_01030697.txt
HTAR: a   /tmp/HTAR_CF_CHK_6322_1580745441
HTAR Create complete for /home/projects/desc/DC2_ImSim/Run2.2i/instCat/y05_191109/01027037to01030697.tar. 516,978,422,784 bytes written for 240 member files, max threads: 50 Transfer time: 3677.014 seconds (140.597 MB/s) wallclock/user/sys: 3679.973 4044.497 1584.208 seconds
HTAR: HTAR SUCCESSFUL
HTAR: a   instcat_y05_191109/01030698.tar.gz
HTAR: a   instcat_y05_191109/01030699.tar.gz
HTAR: a   instcat_y05_191109/01030700.tar.gz
HTAR: a   instcat_y05_191109/01030701.tar.gz
HTAR: a   instcat_y05_191109/01030702.tar.gz
HTAR: a   instcat_y05_191109/01030703.tar.gz
HTAR: a   instcat_y05_191109/01030704.tar.gz
HTAR: a   instcat_y05_191109/01030707.tar.gz
HTAR: a   instcat_y05_191109/01030708.tar.gz
HTAR: a   instcat_y05_191109/01030709.tar.gz
HTAR: a   instcat_y05_191109/01030710.tar.gz
HTAR: a   instcat_y05_191109/01030711.tar.gz
HTAR: a   instcat_y05_191109/01030712.tar.gz
HTAR: a   instcat_y05_191109/01030713.tar.gz
HTAR: a   instcat_y05_191109/01032142.tar.gz
HTAR: a   instcat_y05_191109/01032143.tar.gz
HTAR: a   instcat_y05_191109/01032144.tar.gz
HTAR: a   instcat_y05_191109/01032145.tar.gz
HTAR: a   instcat_y05_191109/01032211.tar.gz
HTAR: a   instcat_y05_191109/01032212.tar.gz
HTAR: a   instcat_y05_191109/01032216.tar.gz
HTAR: a   instcat_y05_191109/01032217.tar.gz
HTAR: a   instcat_y05_191109/01032218.tar.gz
HTAR: a   instcat_y05_191109/01032219.tar.gz
HTAR: a   instcat_y05_191109/01032220.tar.gz
HTAR: a   instcat_y05_191109/01032239.tar.gz
HTAR: a   instcat_y05_191109/01032240.tar.gz
HTAR: a   instcat_y05_191109/01032241.tar.gz
HTAR: a   instcat_y05_191109/01032242.tar.gz
HTAR: a   instcat_y05_191109/01032243.tar.gz
HTAR: a   instcat_y05_191109/01032244.tar.gz
HTAR: a   instcat_y05_191109/01032245.tar.gz
HTAR: a   instcat_y05_191109/01032262.tar.gz
HTAR: a   instcat_y05_191109/01032263.tar.gz
HTAR: a   instcat_y05_191109/01032264.tar.gz
HTAR: a   instcat_y05_191109/01032265.tar.gz
HTAR: a   instcat_y05_191109/01032266.tar.gz
HTAR: a   instcat_y05_191109/01032267.tar.gz
HTAR: a   instcat_y05_191109/01033044.tar.gz
HTAR: a   instcat_y05_191109/01033045.tar.gz
HTAR: a   instcat_y05_191109/01033076.tar.gz
HTAR: a   instcat_y05_191109/01033077.tar.gz
HTAR: a   instcat_y05_191109/01033078.tar.gz
HTAR: a   instcat_y05_191109/01033079.tar.gz
HTAR: a   instcat_y05_191109/01033094.tar.gz
HTAR: a   instcat_y05_191109/01033095.tar.gz
HTAR: a   instcat_y05_191109/01033096.tar.gz
HTAR: a   instcat_y05_191109/01033097.tar.gz
HTAR: a   instcat_y05_191109/01033098.tar.gz
HTAR: a   instcat_y05_191109/01033099.tar.gz
HTAR: a   instcat_y05_191109/01033100.tar.gz
HTAR: a   instcat_y05_191109/01033101.tar.gz
HTAR: a   instcat_y05_191109/01033102.tar.gz
HTAR: a   instcat_y05_191109/01033103.tar.gz
HTAR: a   instcat_y05_191109/01033104.tar.gz
HTAR: a   instcat_y05_191109/01033105.tar.gz
HTAR: a   instcat_y05_191109/01033106.tar.gz
HTAR: a   instcat_y05_191109/01033107.tar.gz
HTAR: a   instcat_y05_191109/01033108.tar.gz
HTAR: a   instcat_y05_191109/01033109.tar.gz
HTAR: a   instcat_y05_191109/01033110.tar.gz
HTAR: a   instcat_y05_191109/01033112.tar.gz
HTAR: a   instcat_y05_191109/01033120.tar.gz
HTAR: a   instcat_y05_191109/01033121.tar.gz
HTAR: a   instcat_y05_191109/01033122.tar.gz
HTAR: a   instcat_y05_191109/01033127.tar.gz
HTAR: a   instcat_y05_191109/01033128.tar.gz
HTAR: a   instcat_y05_191109/01033129.tar.gz
HTAR: a   instcat_y05_191109/01033130.tar.gz
HTAR: a   instcat_y05_191109/01033131.tar.gz
HTAR: a   instcat_y05_191109/01033132.tar.gz
HTAR: a   instcat_y05_191109/01033133.tar.gz
HTAR: a   instcat_y05_191109/01033134.tar.gz
HTAR: a   instcat_y05_191109/01033135.tar.gz
HTAR: a   instcat_y05_191109/01033136.tar.gz
HTAR: a   instcat_y05_191109/01033137.tar.gz
HTAR: a   instcat_y05_191109/01033937.tar.gz
HTAR: a   instcat_y05_191109/01033938.tar.gz
HTAR: a   instcat_y05_191109/01033939.tar.gz
HTAR: a   instcat_y05_191109/01033940.tar.gz
HTAR: a   instcat_y05_191109/01033941.tar.gz
HTAR: a   instcat_y05_191109/01033942.tar.gz
HTAR: a   instcat_y05_191109/01033953.tar.gz
HTAR: a   instcat_y05_191109/01033954.tar.gz
HTAR: a   instcat_y05_191109/01033955.tar.gz
HTAR: a   instcat_y05_191109/01033956.tar.gz
HTAR: a   instcat_y05_191109/01033957.tar.gz
HTAR: a   instcat_y05_191109/01033958.tar.gz
HTAR: a   instcat_y05_191109/01033959.tar.gz
HTAR: a   instcat_y05_191109/01033986.tar.gz
HTAR: a   instcat_y05_191109/01033987.tar.gz
HTAR: a   instcat_y05_191109/01033988.tar.gz
HTAR: a   instcat_y05_191109/01033989.tar.gz
HTAR: a   instcat_y05_191109/01033996.tar.gz
HTAR: a   instcat_y05_191109/01033997.tar.gz
HTAR: a   instcat_y05_191109/01033998.tar.gz
HTAR: a   instcat_y05_191109/01033999.tar.gz
HTAR: a   instcat_y05_191109/01034000.tar.gz
HTAR: a   instcat_y05_191109/01034001.tar.gz
HTAR: a   instcat_y05_191109/01034002.tar.gz
HTAR: a   instcat_y05_191109/01034026.tar.gz
HTAR: a   instcat_y05_191109/01034036.tar.gz
HTAR: a   instcat_y05_191109/01034037.tar.gz
HTAR: a   instcat_y05_191109/01034038.tar.gz
HTAR: a   instcat_y05_191109/01034040.tar.gz
HTAR: a   instcat_y05_191109/01034041.tar.gz
HTAR: a   instcat_y05_191109/01034042.tar.gz
HTAR: a   instcat_y05_191109/01034735.tar.gz
HTAR: a   instcat_y05_191109/01034762.tar.gz
HTAR: a   instcat_y05_191109/01034765.tar.gz
HTAR: a   instcat_y05_191109/01034766.tar.gz
HTAR: a   instcat_y05_191109/01034767.tar.gz
HTAR: a   instcat_y05_191109/01034769.tar.gz
HTAR: a   instcat_y05_191109/01034770.tar.gz
HTAR: a   instcat_y05_191109/01034771.tar.gz
HTAR: a   instcat_y05_191109/01034779.tar.gz
HTAR: a   instcat_y05_191109/01034781.tar.gz
HTAR: a   instcat_y05_191109/01034782.tar.gz
HTAR: a   instcat_y05_191109/01034783.tar.gz
HTAR: a   instcat_y05_191109/01034784.tar.gz
HTAR: a   instcat_y05_191109/job_log_01030698.txt
HTAR: a   instcat_y05_191109/job_log_01030699.txt
HTAR: a   instcat_y05_191109/job_log_01030700.txt
HTAR: a   instcat_y05_191109/job_log_01030701.txt
HTAR: a   instcat_y05_191109/job_log_01030702.txt
HTAR: a   instcat_y05_191109/job_log_01030703.txt
HTAR: a   instcat_y05_191109/job_log_01030704.txt
HTAR: a   instcat_y05_191109/job_log_01030707.txt
HTAR: a   instcat_y05_191109/job_log_01030708.txt
HTAR: a   instcat_y05_191109/job_log_01030709.txt
HTAR: a   instcat_y05_191109/job_log_01030710.txt
HTAR: a   instcat_y05_191109/job_log_01030711.txt
HTAR: a   instcat_y05_191109/job_log_01030712.txt
HTAR: a   instcat_y05_191109/job_log_01030713.txt
HTAR: a   instcat_y05_191109/job_log_01032142.txt
HTAR: a   instcat_y05_191109/job_log_01032143.txt
HTAR: a   instcat_y05_191109/job_log_01032144.txt
HTAR: a   instcat_y05_191109/job_log_01032145.txt
HTAR: a   instcat_y05_191109/job_log_01032211.txt
HTAR: a   instcat_y05_191109/job_log_01032212.txt
HTAR: a   instcat_y05_191109/job_log_01032216.txt
HTAR: a   instcat_y05_191109/job_log_01032217.txt
HTAR: a   instcat_y05_191109/job_log_01032218.txt
HTAR: a   instcat_y05_191109/job_log_01032219.txt
HTAR: a   instcat_y05_191109/job_log_01032220.txt
HTAR: a   instcat_y05_191109/job_log_01032239.txt
HTAR: a   instcat_y05_191109/job_log_01032240.txt
HTAR: a   instcat_y05_191109/job_log_01032241.txt
HTAR: a   instcat_y05_191109/job_log_01032242.txt
HTAR: a   instcat_y05_191109/job_log_01032243.txt
HTAR: a   instcat_y05_191109/job_log_01032244.txt
HTAR: a   instcat_y05_191109/job_log_01032245.txt
HTAR: a   instcat_y05_191109/job_log_01032262.txt
HTAR: a   instcat_y05_191109/job_log_01032263.txt
HTAR: a   instcat_y05_191109/job_log_01032264.txt
HTAR: a   instcat_y05_191109/job_log_01032265.txt
HTAR: a   instcat_y05_191109/job_log_01032266.txt
HTAR: a   instcat_y05_191109/job_log_01032267.txt
HTAR: a   instcat_y05_191109/job_log_01033044.txt
HTAR: a   instcat_y05_191109/job_log_01033045.txt
HTAR: a   instcat_y05_191109/job_log_01033076.txt
HTAR: a   instcat_y05_191109/job_log_01033077.txt
HTAR: a   instcat_y05_191109/job_log_01033078.txt
HTAR: a   instcat_y05_191109/job_log_01033079.txt
HTAR: a   instcat_y05_191109/job_log_01033094.txt
HTAR: a   instcat_y05_191109/job_log_01033095.txt
HTAR: a   instcat_y05_191109/job_log_01033096.txt
HTAR: a   instcat_y05_191109/job_log_01033097.txt
HTAR: a   instcat_y05_191109/job_log_01033098.txt
HTAR: a   instcat_y05_191109/job_log_01033099.txt
HTAR: a   instcat_y05_191109/job_log_01033100.txt
HTAR: a   instcat_y05_191109/job_log_01033101.txt
HTAR: a   instcat_y05_191109/job_log_01033102.txt
HTAR: a   instcat_y05_191109/job_log_01033103.txt
HTAR: a   instcat_y05_191109/job_log_01033104.txt
HTAR: a   instcat_y05_191109/job_log_01033105.txt
HTAR: a   instcat_y05_191109/job_log_01033106.txt
HTAR: a   instcat_y05_191109/job_log_01033107.txt
HTAR: a   instcat_y05_191109/job_log_01033108.txt
HTAR: a   instcat_y05_191109/job_log_01033109.txt
HTAR: a   instcat_y05_191109/job_log_01033110.txt
HTAR: a   instcat_y05_191109/job_log_01033112.txt
HTAR: a   instcat_y05_191109/job_log_01033120.txt
HTAR: a   instcat_y05_191109/job_log_01033121.txt
HTAR: a   instcat_y05_191109/job_log_01033122.txt
HTAR: a   instcat_y05_191109/job_log_01033127.txt
HTAR: a   instcat_y05_191109/job_log_01033128.txt
HTAR: a   instcat_y05_191109/job_log_01033129.txt
HTAR: a   instcat_y05_191109/job_log_01033130.txt
HTAR: a   instcat_y05_191109/job_log_01033131.txt
HTAR: a   instcat_y05_191109/job_log_01033132.txt
HTAR: a   instcat_y05_191109/job_log_01033133.txt
HTAR: a   instcat_y05_191109/job_log_01033134.txt
HTAR: a   instcat_y05_191109/job_log_01033135.txt
HTAR: a   instcat_y05_191109/job_log_01033136.txt
HTAR: a   instcat_y05_191109/job_log_01033137.txt
HTAR: a   instcat_y05_191109/job_log_01033937.txt
HTAR: a   instcat_y05_191109/job_log_01033938.txt
HTAR: a   instcat_y05_191109/job_log_01033939.txt
HTAR: a   instcat_y05_191109/job_log_01033940.txt
HTAR: a   instcat_y05_191109/job_log_01033941.txt
HTAR: a   instcat_y05_191109/job_log_01033942.txt
HTAR: a   instcat_y05_191109/job_log_01033953.txt
HTAR: a   instcat_y05_191109/job_log_01033954.txt
HTAR: a   instcat_y05_191109/job_log_01033955.txt
HTAR: a   instcat_y05_191109/job_log_01033956.txt
HTAR: a   instcat_y05_191109/job_log_01033957.txt
HTAR: a   instcat_y05_191109/job_log_01033958.txt
HTAR: a   instcat_y05_191109/job_log_01033959.txt
HTAR: a   instcat_y05_191109/job_log_01033986.txt
HTAR: a   instcat_y05_191109/job_log_01033987.txt
HTAR: a   instcat_y05_191109/job_log_01033988.txt
HTAR: a   instcat_y05_191109/job_log_01033989.txt
HTAR: a   instcat_y05_191109/job_log_01033996.txt
HTAR: a   instcat_y05_191109/job_log_01033997.txt
HTAR: a   instcat_y05_191109/job_log_01033998.txt
HTAR: a   instcat_y05_191109/job_log_01033999.txt
HTAR: a   instcat_y05_191109/job_log_01034000.txt
HTAR: a   instcat_y05_191109/job_log_01034001.txt
HTAR: a   instcat_y05_191109/job_log_01034002.txt
HTAR: a   instcat_y05_191109/job_log_01034026.txt
HTAR: a   instcat_y05_191109/job_log_01034036.txt
HTAR: a   instcat_y05_191109/job_log_01034037.txt
HTAR: a   instcat_y05_191109/job_log_01034038.txt
HTAR: a   instcat_y05_191109/job_log_01034040.txt
HTAR: a   instcat_y05_191109/job_log_01034041.txt
HTAR: a   instcat_y05_191109/job_log_01034042.txt
HTAR: a   instcat_y05_191109/job_log_01034735.txt
HTAR: a   instcat_y05_191109/job_log_01034762.txt
HTAR: a   instcat_y05_191109/job_log_01034765.txt
HTAR: a   instcat_y05_191109/job_log_01034766.txt
HTAR: a   instcat_y05_191109/job_log_01034767.txt
HTAR: a   instcat_y05_191109/job_log_01034769.txt
HTAR: a   instcat_y05_191109/job_log_01034770.txt
HTAR: a   instcat_y05_191109/job_log_01034771.txt
HTAR: a   instcat_y05_191109/job_log_01034779.txt
HTAR: a   instcat_y05_191109/job_log_01034781.txt
HTAR: a   instcat_y05_191109/job_log_01034782.txt
HTAR: a   instcat_y05_191109/job_log_01034783.txt
HTAR: a   instcat_y05_191109/job_log_01034784.txt
HTAR: a   /tmp/HTAR_CF_CHK_30319_1580749127
HTAR Create complete for /home/projects/desc/DC2_ImSim/Run2.2i/instCat/y05_191109/01030698to01034784.tar. 531,007,554,560 bytes written for 240 member files, max threads: 50 Transfer time: 3680.017 seconds (144.295 MB/s) wallclock/user/sys: 3686.400 4402.175 1679.146 seconds
HTAR: HTAR SUCCESSFUL
HTAR: a   instcat_y05_191109/01034785.tar.gz
HTAR: a   instcat_y05_191109/01034786.tar.gz
HTAR: a   instcat_y05_191109/01034787.tar.gz
HTAR: a   instcat_y05_191109/01034788.tar.gz
HTAR: a   instcat_y05_191109/01034789.tar.gz
HTAR: a   instcat_y05_191109/01034791.tar.gz
HTAR: a   instcat_y05_191109/01034820.tar.gz
HTAR: a   instcat_y05_191109/01034821.tar.gz
HTAR: a   instcat_y05_191109/01034834.tar.gz
HTAR: a   instcat_y05_191109/01034846.tar.gz
HTAR: a   instcat_y05_191109/01034847.tar.gz
HTAR: a   instcat_y05_191109/01035556.tar.gz
HTAR: a   instcat_y05_191109/01036413.tar.gz
HTAR: a   instcat_y05_191109/01036433.tar.gz
HTAR: a   instcat_y05_191109/01036443.tar.gz
HTAR: a   instcat_y05_191109/01036444.tar.gz
HTAR: a   instcat_y05_191109/01036445.tar.gz
HTAR: a   instcat_y05_191109/01036469.tar.gz
HTAR: a   instcat_y05_191109/01036474.tar.gz
HTAR: a   instcat_y05_191109/01036475.tar.gz
HTAR: a   instcat_y05_191109/01036504.tar.gz
HTAR: a   instcat_y05_191109/01036508.tar.gz
HTAR: a   instcat_y05_191109/01036509.tar.gz
HTAR: a   instcat_y05_191109/01036510.tar.gz
HTAR: a   instcat_y05_191109/01036511.tar.gz
HTAR: a   instcat_y05_191109/01036540.tar.gz
HTAR: a   instcat_y05_191109/01036541.tar.gz
HTAR: a   instcat_y05_191109/01037330.tar.gz
HTAR: a   instcat_y05_191109/01037341.tar.gz
HTAR: a   instcat_y05_191109/01037342.tar.gz
HTAR: a   instcat_y05_191109/01037343.tar.gz
HTAR: a   instcat_y05_191109/01038170.tar.gz
HTAR: a   instcat_y05_191109/01038205.tar.gz
HTAR: a   instcat_y05_191109/01038206.tar.gz
HTAR: a   instcat_y05_191109/01038210.tar.gz
HTAR: a   instcat_y05_191109/01038211.tar.gz
HTAR: a   instcat_y05_191109/01038212.tar.gz
HTAR: a   instcat_y05_191109/01038213.tar.gz
HTAR: a   instcat_y05_191109/01038214.tar.gz
HTAR: a   instcat_y05_191109/01038215.tar.gz
HTAR: a   instcat_y05_191109/01038216.tar.gz
HTAR: a   instcat_y05_191109/01038217.tar.gz
HTAR: a   instcat_y05_191109/01038218.tar.gz
HTAR: a   instcat_y05_191109/01038219.tar.gz
HTAR: a   instcat_y05_191109/01038221.tar.gz
HTAR: a   instcat_y05_191109/01038222.tar.gz
HTAR: a   instcat_y05_191109/01038223.tar.gz
HTAR: a   instcat_y05_191109/01038230.tar.gz
HTAR: a   instcat_y05_191109/01038231.tar.gz
HTAR: a   instcat_y05_191109/01038237.tar.gz
HTAR: a   instcat_y05_191109/01038997.tar.gz
HTAR: a   instcat_y05_191109/01038999.tar.gz
HTAR: a   instcat_y05_191109/01039001.tar.gz
HTAR: a   instcat_y05_191109/01039003.tar.gz
HTAR: a   instcat_y05_191109/01039006.tar.gz
HTAR: a   instcat_y05_191109/01039015.tar.gz
HTAR: a   instcat_y05_191109/01039022.tar.gz
HTAR: a   instcat_y05_191109/01039023.tar.gz
HTAR: a   instcat_y05_191109/01039028.tar.gz
HTAR: a   instcat_y05_191109/01039029.tar.gz
HTAR: a   instcat_y05_191109/01039915.tar.gz
HTAR: a   instcat_y05_191109/01039916.tar.gz
HTAR: a   instcat_y05_191109/01039917.tar.gz
HTAR: a   instcat_y05_191109/01039918.tar.gz
HTAR: a   instcat_y05_191109/01039920.tar.gz
HTAR: a   instcat_y05_191109/01039921.tar.gz
HTAR: a   instcat_y05_191109/01039922.tar.gz
HTAR: a   instcat_y05_191109/01039923.tar.gz
HTAR: a   instcat_y05_191109/01039924.tar.gz
HTAR: a   instcat_y05_191109/01039925.tar.gz
HTAR: a   instcat_y05_191109/01039926.tar.gz
HTAR: a   instcat_y05_191109/01039927.tar.gz
HTAR: a   instcat_y05_191109/01039928.tar.gz
HTAR: a   instcat_y05_191109/01039929.tar.gz
HTAR: a   instcat_y05_191109/01039930.tar.gz
HTAR: a   instcat_y05_191109/01039931.tar.gz
HTAR: a   instcat_y05_191109/01039932.tar.gz
HTAR: a   instcat_y05_191109/01039933.tar.gz
HTAR: a   instcat_y05_191109/01039934.tar.gz
HTAR: a   instcat_y05_191109/01039937.tar.gz
HTAR: a   instcat_y05_191109/01039948.tar.gz
HTAR: a   instcat_y05_191109/01039949.tar.gz
HTAR: a   instcat_y05_191109/01039954.tar.gz
HTAR: a   instcat_y05_191109/01039955.tar.gz
HTAR: a   instcat_y05_191109/01039956.tar.gz
HTAR: a   instcat_y05_191109/01039957.tar.gz
HTAR: a   instcat_y05_191109/01039958.tar.gz
HTAR: a   instcat_y05_191109/01039959.tar.gz
HTAR: a   instcat_y05_191109/01039960.tar.gz
HTAR: a   instcat_y05_191109/01039961.tar.gz
HTAR: a   instcat_y05_191109/01039962.tar.gz
HTAR: a   instcat_y05_191109/01039963.tar.gz
HTAR: a   instcat_y05_191109/01039965.tar.gz
HTAR: a   instcat_y05_191109/01040008.tar.gz
HTAR: a   instcat_y05_191109/01040729.tar.gz
HTAR: a   instcat_y05_191109/01040730.tar.gz
HTAR: a   instcat_y05_191109/01040733.tar.gz
HTAR: a   instcat_y05_191109/01040734.tar.gz
HTAR: a   instcat_y05_191109/01040736.tar.gz
HTAR: a   instcat_y05_191109/01040757.tar.gz
HTAR: a   instcat_y05_191109/01040758.tar.gz
HTAR: a   instcat_y05_191109/01040759.tar.gz
HTAR: a   instcat_y05_191109/01040761.tar.gz
HTAR: a   instcat_y05_191109/01040764.tar.gz
HTAR: a   instcat_y05_191109/01041598.tar.gz
HTAR: a   instcat_y05_191109/01041599.tar.gz
HTAR: a   instcat_y05_191109/01041602.tar.gz
HTAR: a   instcat_y05_191109/01041603.tar.gz
HTAR: a   instcat_y05_191109/01041604.tar.gz
HTAR: a   instcat_y05_191109/01041606.tar.gz
HTAR: a   instcat_y05_191109/01041699.tar.gz
HTAR: a   instcat_y05_191109/01041700.tar.gz
HTAR: a   instcat_y05_191109/01041701.tar.gz
HTAR: a   instcat_y05_191109/01041707.tar.gz
HTAR: a   instcat_y05_191109/01041742.tar.gz
HTAR: a   instcat_y05_191109/01041743.tar.gz
HTAR: a   instcat_y05_191109/01041744.tar.gz
HTAR: a   instcat_y05_191109/01042416.tar.gz
HTAR: a   instcat_y05_191109/01042421.tar.gz
HTAR: a   instcat_y05_191109/01042451.tar.gz
HTAR: a   instcat_y05_191109/job_log_01034785.txt
HTAR: a   instcat_y05_191109/job_log_01034786.txt
HTAR: a   instcat_y05_191109/job_log_01034787.txt
HTAR: a   instcat_y05_191109/job_log_01034788.txt
HTAR: a   instcat_y05_191109/job_log_01034789.txt
HTAR: a   instcat_y05_191109/job_log_01034791.txt
HTAR: a   instcat_y05_191109/job_log_01034820.txt
HTAR: a   instcat_y05_191109/job_log_01034821.txt
HTAR: a   instcat_y05_191109/job_log_01034834.txt
HTAR: a   instcat_y05_191109/job_log_01034846.txt
HTAR: a   instcat_y05_191109/job_log_01034847.txt
HTAR: a   instcat_y05_191109/job_log_01035556.txt
HTAR: a   instcat_y05_191109/job_log_01036413.txt
HTAR: a   instcat_y05_191109/job_log_01036433.txt
HTAR: a   instcat_y05_191109/job_log_01036443.txt
HTAR: a   instcat_y05_191109/job_log_01036444.txt
HTAR: a   instcat_y05_191109/job_log_01036445.txt
HTAR: a   instcat_y05_191109/job_log_01036469.txt
HTAR: a   instcat_y05_191109/job_log_01036474.txt
HTAR: a   instcat_y05_191109/job_log_01036475.txt
HTAR: a   instcat_y05_191109/job_log_01036504.txt
HTAR: a   instcat_y05_191109/job_log_01036508.txt
HTAR: a   instcat_y05_191109/job_log_01036509.txt
HTAR: a   instcat_y05_191109/job_log_01036510.txt
HTAR: a   instcat_y05_191109/job_log_01036511.txt
HTAR: a   instcat_y05_191109/job_log_01036540.txt
HTAR: a   instcat_y05_191109/job_log_01036541.txt
HTAR: a   instcat_y05_191109/job_log_01037330.txt
HTAR: a   instcat_y05_191109/job_log_01037341.txt
HTAR: a   instcat_y05_191109/job_log_01037342.txt
HTAR: a   instcat_y05_191109/job_log_01037343.txt
HTAR: a   instcat_y05_191109/job_log_01038170.txt
HTAR: a   instcat_y05_191109/job_log_01038205.txt
HTAR: a   instcat_y05_191109/job_log_01038206.txt
HTAR: a   instcat_y05_191109/job_log_01038210.txt
HTAR: a   instcat_y05_191109/job_log_01038211.txt
HTAR: a   instcat_y05_191109/job_log_01038212.txt
HTAR: a   instcat_y05_191109/job_log_01038213.txt
HTAR: a   instcat_y05_191109/job_log_01038214.txt
HTAR: a   instcat_y05_191109/job_log_01038215.txt
HTAR: a   instcat_y05_191109/job_log_01038216.txt
HTAR: a   instcat_y05_191109/job_log_01038217.txt
HTAR: a   instcat_y05_191109/job_log_01038218.txt
HTAR: a   instcat_y05_191109/job_log_01038219.txt
HTAR: a   instcat_y05_191109/job_log_01038221.txt
HTAR: a   instcat_y05_191109/job_log_01038222.txt
HTAR: a   instcat_y05_191109/job_log_01038223.txt
HTAR: a   instcat_y05_191109/job_log_01038230.txt
HTAR: a   instcat_y05_191109/job_log_01038231.txt
HTAR: a   instcat_y05_191109/job_log_01038237.txt
HTAR: a   instcat_y05_191109/job_log_01038997.txt
HTAR: a   instcat_y05_191109/job_log_01038999.txt
HTAR: a   instcat_y05_191109/job_log_01039001.txt
HTAR: a   instcat_y05_191109/job_log_01039003.txt
HTAR: a   instcat_y05_191109/job_log_01039006.txt
HTAR: a   instcat_y05_191109/job_log_01039015.txt
HTAR: a   instcat_y05_191109/job_log_01039022.txt
HTAR: a   instcat_y05_191109/job_log_01039023.txt
HTAR: a   instcat_y05_191109/job_log_01039028.txt
HTAR: a   instcat_y05_191109/job_log_01039029.txt
HTAR: a   instcat_y05_191109/job_log_01039915.txt
HTAR: a   instcat_y05_191109/job_log_01039916.txt
HTAR: a   instcat_y05_191109/job_log_01039917.txt
HTAR: a   instcat_y05_191109/job_log_01039918.txt
HTAR: a   instcat_y05_191109/job_log_01039920.txt
HTAR: a   instcat_y05_191109/job_log_01039921.txt
HTAR: a   instcat_y05_191109/job_log_01039922.txt
HTAR: a   instcat_y05_191109/job_log_01039923.txt
HTAR: a   instcat_y05_191109/job_log_01039924.txt
HTAR: a   instcat_y05_191109/job_log_01039925.txt
HTAR: a   instcat_y05_191109/job_log_01039926.txt
HTAR: a   instcat_y05_191109/job_log_01039927.txt
HTAR: a   instcat_y05_191109/job_log_01039928.txt
HTAR: a   instcat_y05_191109/job_log_01039929.txt
HTAR: a   instcat_y05_191109/job_log_01039930.txt
HTAR: a   instcat_y05_191109/job_log_01039931.txt
HTAR: a   instcat_y05_191109/job_log_01039932.txt
HTAR: a   instcat_y05_191109/job_log_01039933.txt
HTAR: a   instcat_y05_191109/job_log_01039934.txt
HTAR: a   instcat_y05_191109/job_log_01039937.txt
HTAR: a   instcat_y05_191109/job_log_01039948.txt
HTAR: a   instcat_y05_191109/job_log_01039949.txt
HTAR: a   instcat_y05_191109/job_log_01039954.txt
HTAR: a   instcat_y05_191109/job_log_01039955.txt
HTAR: a   instcat_y05_191109/job_log_01039956.txt
HTAR: a   instcat_y05_191109/job_log_01039957.txt
HTAR: a   instcat_y05_191109/job_log_01039958.txt
HTAR: a   instcat_y05_191109/job_log_01039959.txt
HTAR: a   instcat_y05_191109/job_log_01039960.txt
HTAR: a   instcat_y05_191109/job_log_01039961.txt
HTAR: a   instcat_y05_191109/job_log_01039962.txt
HTAR: a   instcat_y05_191109/job_log_01039963.txt
HTAR: a   instcat_y05_191109/job_log_01039965.txt
HTAR: a   instcat_y05_191109/job_log_01040008.txt
HTAR: a   instcat_y05_191109/job_log_01040729.txt
HTAR: a   instcat_y05_191109/job_log_01040730.txt
HTAR: a   instcat_y05_191109/job_log_01040733.txt
HTAR: a   instcat_y05_191109/job_log_01040734.txt
HTAR: a   instcat_y05_191109/job_log_01040736.txt
HTAR: a   instcat_y05_191109/job_log_01040757.txt
HTAR: a   instcat_y05_191109/job_log_01040758.txt
HTAR: a   instcat_y05_191109/job_log_01040759.txt
HTAR: a   instcat_y05_191109/job_log_01040761.txt
HTAR: a   instcat_y05_191109/job_log_01040764.txt
HTAR: a   instcat_y05_191109/job_log_01041598.txt
HTAR: a   instcat_y05_191109/job_log_01041599.txt
HTAR: a   instcat_y05_191109/job_log_01041602.txt
HTAR: a   instcat_y05_191109/job_log_01041603.txt
HTAR: a   instcat_y05_191109/job_log_01041604.txt
HTAR: a   instcat_y05_191109/job_log_01041606.txt
HTAR: a   instcat_y05_191109/job_log_01041699.txt
HTAR: a   instcat_y05_191109/job_log_01041700.txt
HTAR: a   instcat_y05_191109/job_log_01041701.txt
HTAR: a   instcat_y05_191109/job_log_01041707.txt
HTAR: a   instcat_y05_191109/job_log_01041742.txt
HTAR: a   instcat_y05_191109/job_log_01041743.txt
HTAR: a   instcat_y05_191109/job_log_01041744.txt
HTAR: a   instcat_y05_191109/job_log_01042416.txt
HTAR: a   instcat_y05_191109/job_log_01042421.txt
HTAR: a   instcat_y05_191109/job_log_01042451.txt
HTAR: a   /tmp/HTAR_CF_CHK_53205_1580752811
HTAR Create complete for /home/projects/desc/DC2_ImSim/Run2.2i/instCat/y05_191109/01034785to01042451.tar. 503,829,814,272 bytes written for 240 member files, max threads: 50 Transfer time: 3537.166 seconds (142.439 MB/s) wallclock/user/sys: 3538.422 4194.875 1619.114 seconds
HTAR: HTAR SUCCESSFUL
HTAR: a   instcat_y05_191109/01042546.tar.gz
HTAR: a   instcat_y05_191109/01042547.tar.gz
HTAR: a   instcat_y05_191109/01042548.tar.gz
HTAR: a   instcat_y05_191109/01042549.tar.gz
HTAR: a   instcat_y05_191109/01042550.tar.gz
HTAR: a   instcat_y05_191109/01042551.tar.gz
HTAR: a   instcat_y05_191109/01042552.tar.gz
HTAR: a   instcat_y05_191109/01042553.tar.gz
HTAR: a   instcat_y05_191109/01042556.tar.gz
HTAR: a   instcat_y05_191109/01042590.tar.gz
HTAR: a   instcat_y05_191109/01043259.tar.gz
HTAR: a   instcat_y05_191109/01043263.tar.gz
HTAR: a   instcat_y05_191109/01043264.tar.gz
HTAR: a   instcat_y05_191109/01043268.tar.gz
HTAR: a   instcat_y05_191109/01043269.tar.gz
HTAR: a   instcat_y05_191109/01043299.tar.gz
HTAR: a   instcat_y05_191109/01043300.tar.gz
HTAR: a   instcat_y05_191109/01043301.tar.gz
HTAR: a   instcat_y05_191109/01043302.tar.gz
HTAR: a   instcat_y05_191109/01043303.tar.gz
HTAR: a   instcat_y05_191109/01043304.tar.gz
HTAR: a   instcat_y05_191109/01044102.tar.gz
HTAR: a   instcat_y05_191109/01044112.tar.gz
HTAR: a   instcat_y05_191109/01044130.tar.gz
HTAR: a   instcat_y05_191109/01044141.tar.gz
HTAR: a   instcat_y05_191109/01044142.tar.gz
HTAR: a   instcat_y05_191109/01044143.tar.gz
HTAR: a   instcat_y05_191109/01044144.tar.gz
HTAR: a   instcat_y05_191109/01044145.tar.gz
HTAR: a   instcat_y05_191109/01045023.tar.gz
HTAR: a   instcat_y05_191109/01045122.tar.gz
HTAR: a   instcat_y05_191109/01045123.tar.gz
HTAR: a   instcat_y05_191109/01045804.tar.gz
HTAR: a   instcat_y05_191109/01045810.tar.gz
HTAR: a   instcat_y05_191109/01045811.tar.gz
HTAR: a   instcat_y05_191109/01045814.tar.gz
HTAR: a   instcat_y05_191109/01045815.tar.gz
HTAR: a   instcat_y05_191109/01045821.tar.gz
HTAR: a   instcat_y05_191109/01045822.tar.gz
HTAR: a   instcat_y05_191109/01045848.tar.gz
HTAR: a   instcat_y05_191109/01045849.tar.gz
HTAR: a   instcat_y05_191109/01045850.tar.gz
HTAR: a   instcat_y05_191109/01045851.tar.gz
HTAR: a   instcat_y05_191109/01045861.tar.gz
HTAR: a   instcat_y05_191109/01045910.tar.gz
HTAR: a   instcat_y05_191109/01045911.tar.gz
HTAR: a   instcat_y05_191109/01045912.tar.gz
HTAR: a   instcat_y05_191109/01045913.tar.gz
HTAR: a   instcat_y05_191109/01045914.tar.gz
HTAR: a   instcat_y05_191109/01045915.tar.gz
HTAR: a   instcat_y05_191109/01045924.tar.gz
HTAR: a   instcat_y05_191109/01045943.tar.gz
HTAR: a   instcat_y05_191109/01045944.tar.gz
HTAR: a   instcat_y05_191109/01046586.tar.gz
HTAR: a   instcat_y05_191109/01046589.tar.gz
HTAR: a   instcat_y05_191109/01046616.tar.gz
HTAR: a   instcat_y05_191109/01047454.tar.gz
HTAR: a   instcat_y05_191109/01047459.tar.gz
HTAR: a   instcat_y05_191109/01047470.tar.gz
HTAR: a   instcat_y05_191109/01047471.tar.gz
HTAR: a   instcat_y05_191109/01047472.tar.gz
HTAR: a   instcat_y05_191109/01047473.tar.gz
HTAR: a   instcat_y05_191109/01047474.tar.gz
HTAR: a   instcat_y05_191109/01047475.tar.gz
HTAR: a   instcat_y05_191109/01047482.tar.gz
HTAR: a   instcat_y05_191109/01047483.tar.gz
HTAR: a   instcat_y05_191109/01047484.tar.gz
HTAR: a   instcat_y05_191109/01048386.tar.gz
HTAR: a   instcat_y05_191109/01048387.tar.gz
HTAR: a   instcat_y05_191109/01048388.tar.gz
HTAR: a   instcat_y05_191109/01048389.tar.gz
HTAR: a   instcat_y05_191109/01048390.tar.gz
HTAR: a   instcat_y05_191109/01048391.tar.gz
HTAR: a   instcat_y05_191109/01049266.tar.gz
HTAR: a   instcat_y05_191109/01049267.tar.gz
HTAR: a   instcat_y05_191109/01049301.tar.gz
HTAR: a   instcat_y05_191109/01049303.tar.gz
HTAR: a   instcat_y05_191109/01049304.tar.gz
HTAR: a   instcat_y05_191109/01049305.tar.gz
HTAR: a   instcat_y05_191109/01049306.tar.gz
HTAR: a   instcat_y05_191109/01049322.tar.gz
HTAR: a   instcat_y05_191109/01049323.tar.gz
HTAR: a   instcat_y05_191109/01049324.tar.gz
HTAR: a   instcat_y05_191109/01049325.tar.gz
HTAR: a   instcat_y05_191109/01049326.tar.gz
HTAR: a   instcat_y05_191109/01049327.tar.gz
HTAR: a   instcat_y05_191109/01049328.tar.gz
HTAR: a   instcat_y05_191109/01049329.tar.gz
HTAR: a   instcat_y05_191109/01049330.tar.gz
HTAR: a   instcat_y05_191109/01049331.tar.gz
HTAR: a   instcat_y05_191109/01049332.tar.gz
HTAR: a   instcat_y05_191109/01049333.tar.gz
HTAR: a   instcat_y05_191109/01049334.tar.gz
HTAR: a   instcat_y05_191109/01049335.tar.gz
HTAR: a   instcat_y05_191109/01049336.tar.gz
HTAR: a   instcat_y05_191109/01049353.tar.gz
HTAR: a   instcat_y05_191109/01049354.tar.gz
HTAR: a   instcat_y05_191109/01049355.tar.gz
HTAR: a   instcat_y05_191109/01049356.tar.gz
HTAR: a   instcat_y05_191109/01049357.tar.gz
HTAR: a   instcat_y05_191109/01049358.tar.gz
HTAR: a   instcat_y05_191109/01049359.tar.gz
HTAR: a   instcat_y05_191109/01049361.tar.gz
HTAR: a   instcat_y05_191109/01049362.tar.gz
HTAR: a   instcat_y05_191109/01049363.tar.gz
HTAR: a   instcat_y05_191109/01049364.tar.gz
HTAR: a   instcat_y05_191109/01049365.tar.gz
HTAR: a   instcat_y05_191109/01049366.tar.gz
HTAR: a   instcat_y05_191109/01049367.tar.gz
HTAR: a   instcat_y05_191109/01049368.tar.gz
HTAR: a   instcat_y05_191109/01049369.tar.gz
HTAR: a   instcat_y05_191109/01049370.tar.gz
HTAR: a   instcat_y05_191109/01049371.tar.gz
HTAR: a   instcat_y05_191109/01049376.tar.gz
HTAR: a   instcat_y05_191109/01049378.tar.gz
HTAR: a   instcat_y05_191109/01049379.tar.gz
HTAR: a   instcat_y05_191109/01049380.tar.gz
HTAR: a   instcat_y05_191109/01049381.tar.gz
HTAR: a   instcat_y05_191109/01049397.tar.gz
HTAR: a   instcat_y05_191109/01049398.tar.gz
HTAR: a   instcat_y05_191109/job_log_01042546.txt
HTAR: a   instcat_y05_191109/job_log_01042547.txt
HTAR: a   instcat_y05_191109/job_log_01042548.txt
HTAR: a   instcat_y05_191109/job_log_01042549.txt
HTAR: a   instcat_y05_191109/job_log_01042550.txt
HTAR: a   instcat_y05_191109/job_log_01042551.txt
HTAR: a   instcat_y05_191109/job_log_01042552.txt
HTAR: a   instcat_y05_191109/job_log_01042553.txt
HTAR: a   instcat_y05_191109/job_log_01042556.txt
HTAR: a   instcat_y05_191109/job_log_01042590.txt
HTAR: a   instcat_y05_191109/job_log_01043259.txt
HTAR: a   instcat_y05_191109/job_log_01043263.txt
HTAR: a   instcat_y05_191109/job_log_01043264.txt
HTAR: a   instcat_y05_191109/job_log_01043268.txt
HTAR: a   instcat_y05_191109/job_log_01043269.txt
HTAR: a   instcat_y05_191109/job_log_01043299.txt
HTAR: a   instcat_y05_191109/job_log_01043300.txt
HTAR: a   instcat_y05_191109/job_log_01043301.txt
HTAR: a   instcat_y05_191109/job_log_01043302.txt
HTAR: a   instcat_y05_191109/job_log_01043303.txt
HTAR: a   instcat_y05_191109/job_log_01043304.txt
HTAR: a   instcat_y05_191109/job_log_01044102.txt
HTAR: a   instcat_y05_191109/job_log_01044112.txt
HTAR: a   instcat_y05_191109/job_log_01044130.txt
HTAR: a   instcat_y05_191109/job_log_01044141.txt
HTAR: a   instcat_y05_191109/job_log_01044142.txt
HTAR: a   instcat_y05_191109/job_log_01044143.txt
HTAR: a   instcat_y05_191109/job_log_01044144.txt
HTAR: a   instcat_y05_191109/job_log_01044145.txt
HTAR: a   instcat_y05_191109/job_log_01045023.txt
HTAR: a   instcat_y05_191109/job_log_01045122.txt
HTAR: a   instcat_y05_191109/job_log_01045123.txt
HTAR: a   instcat_y05_191109/job_log_01045804.txt
HTAR: a   instcat_y05_191109/job_log_01045810.txt
HTAR: a   instcat_y05_191109/job_log_01045811.txt
HTAR: a   instcat_y05_191109/job_log_01045814.txt
HTAR: a   instcat_y05_191109/job_log_01045815.txt
HTAR: a   instcat_y05_191109/job_log_01045821.txt
HTAR: a   instcat_y05_191109/job_log_01045822.txt
HTAR: a   instcat_y05_191109/job_log_01045848.txt
HTAR: a   instcat_y05_191109/job_log_01045849.txt
HTAR: a   instcat_y05_191109/job_log_01045850.txt
HTAR: a   instcat_y05_191109/job_log_01045851.txt
HTAR: a   instcat_y05_191109/job_log_01045861.txt
HTAR: a   instcat_y05_191109/job_log_01045910.txt
HTAR: a   instcat_y05_191109/job_log_01045911.txt
HTAR: a   instcat_y05_191109/job_log_01045912.txt
HTAR: a   instcat_y05_191109/job_log_01045913.txt
HTAR: a   instcat_y05_191109/job_log_01045914.txt
HTAR: a   instcat_y05_191109/job_log_01045915.txt
HTAR: a   instcat_y05_191109/job_log_01045924.txt
HTAR: a   instcat_y05_191109/job_log_01045943.txt
HTAR: a   instcat_y05_191109/job_log_01045944.txt
HTAR: a   instcat_y05_191109/job_log_01046586.txt
HTAR: a   instcat_y05_191109/job_log_01046589.txt
HTAR: a   instcat_y05_191109/job_log_01046616.txt
HTAR: a   instcat_y05_191109/job_log_01047454.txt
HTAR: a   instcat_y05_191109/job_log_01047459.txt
HTAR: a   instcat_y05_191109/job_log_01047470.txt
HTAR: a   instcat_y05_191109/job_log_01047471.txt
HTAR: a   instcat_y05_191109/job_log_01047472.txt
HTAR: a   instcat_y05_191109/job_log_01047473.txt
HTAR: a   instcat_y05_191109/job_log_01047474.txt
HTAR: a   instcat_y05_191109/job_log_01047475.txt
HTAR: a   instcat_y05_191109/job_log_01047482.txt
HTAR: a   instcat_y05_191109/job_log_01047483.txt
HTAR: a   instcat_y05_191109/job_log_01047484.txt
HTAR: a   instcat_y05_191109/job_log_01048386.txt
HTAR: a   instcat_y05_191109/job_log_01048387.txt
HTAR: a   instcat_y05_191109/job_log_01048388.txt
HTAR: a   instcat_y05_191109/job_log_01048389.txt
HTAR: a   instcat_y05_191109/job_log_01048390.txt
HTAR: a   instcat_y05_191109/job_log_01048391.txt
HTAR: a   instcat_y05_191109/job_log_01049266.txt
HTAR: a   instcat_y05_191109/job_log_01049267.txt
HTAR: a   instcat_y05_191109/job_log_01049301.txt
HTAR: a   instcat_y05_191109/job_log_01049303.txt
HTAR: a   instcat_y05_191109/job_log_01049304.txt
HTAR: a   instcat_y05_191109/job_log_01049305.txt
HTAR: a   instcat_y05_191109/job_log_01049306.txt
HTAR: a   instcat_y05_191109/job_log_01049322.txt
HTAR: a   instcat_y05_191109/job_log_01049323.txt
HTAR: a   instcat_y05_191109/job_log_01049324.txt
HTAR: a   instcat_y05_191109/job_log_01049325.txt
HTAR: a   instcat_y05_191109/job_log_01049326.txt
HTAR: a   instcat_y05_191109/job_log_01049327.txt
HTAR: a   instcat_y05_191109/job_log_01049328.txt
HTAR: a   instcat_y05_191109/job_log_01049329.txt
HTAR: a   instcat_y05_191109/job_log_01049330.txt
HTAR: a   instcat_y05_191109/job_log_01049331.txt
HTAR: a   instcat_y05_191109/job_log_01049332.txt
HTAR: a   instcat_y05_191109/job_log_01049333.txt
HTAR: a   instcat_y05_191109/job_log_01049334.txt
HTAR: a   instcat_y05_191109/job_log_01049335.txt
HTAR: a   instcat_y05_191109/job_log_01049336.txt
HTAR: a   instcat_y05_191109/job_log_01049353.txt
HTAR: a   instcat_y05_191109/job_log_01049354.txt
HTAR: a   instcat_y05_191109/job_log_01049355.txt
HTAR: a   instcat_y05_191109/job_log_01049356.txt
HTAR: a   instcat_y05_191109/job_log_01049357.txt
HTAR: a   instcat_y05_191109/job_log_01049358.txt
HTAR: a   instcat_y05_191109/job_log_01049359.txt
HTAR: a   instcat_y05_191109/job_log_01049361.txt
HTAR: a   instcat_y05_191109/job_log_01049362.txt
HTAR: a   instcat_y05_191109/job_log_01049363.txt
HTAR: a   instcat_y05_191109/job_log_01049364.txt
HTAR: a   instcat_y05_191109/job_log_01049365.txt
HTAR: a   instcat_y05_191109/job_log_01049366.txt
HTAR: a   instcat_y05_191109/job_log_01049367.txt
HTAR: a   instcat_y05_191109/job_log_01049368.txt
HTAR: a   instcat_y05_191109/job_log_01049369.txt
HTAR: a   instcat_y05_191109/job_log_01049370.txt
HTAR: a   instcat_y05_191109/job_log_01049371.txt
HTAR: a   instcat_y05_191109/job_log_01049376.txt
HTAR: a   instcat_y05_191109/job_log_01049378.txt
HTAR: a   instcat_y05_191109/job_log_01049379.txt
HTAR: a   instcat_y05_191109/job_log_01049380.txt
HTAR: a   instcat_y05_191109/job_log_01049381.txt
HTAR: a   instcat_y05_191109/job_log_01049397.txt
HTAR: a   instcat_y05_191109/job_log_01049398.txt
HTAR: a   /tmp/HTAR_CF_CHK_60634_1580756353
HTAR Create complete for /home/projects/desc/DC2_ImSim/Run2.2i/instCat/y05_191109/01042546to01049398.tar. 521,956,564,992 bytes written for 240 member files, max threads: 50 Transfer time: 3722.009 seconds (140.235 MB/s) wallclock/user/sys: 3723.468 4348.173 1716.933 seconds
HTAR: HTAR SUCCESSFUL
HTAR: a   instcat_y05_191109/01049399.tar.gz
HTAR: a   instcat_y05_191109/01049423.tar.gz
HTAR: a   instcat_y05_191109/01049424.tar.gz
HTAR: a   instcat_y05_191109/01051935.tar.gz
HTAR: a   instcat_y05_191109/01051936.tar.gz
HTAR: a   instcat_y05_191109/01051947.tar.gz
HTAR: a   instcat_y05_191109/01052843.tar.gz
HTAR: a   instcat_y05_191109/01052852.tar.gz
HTAR: a   instcat_y05_191109/01052861.tar.gz
HTAR: a   instcat_y05_191109/01052882.tar.gz
HTAR: a   instcat_y05_191109/01052883.tar.gz
HTAR: a   instcat_y05_191109/01052884.tar.gz
HTAR: a   instcat_y05_191109/01052885.tar.gz
HTAR: a   instcat_y05_191109/01052886.tar.gz
HTAR: a   instcat_y05_191109/01052887.tar.gz
HTAR: a   instcat_y05_191109/01052888.tar.gz
HTAR: a   instcat_y05_191109/01052889.tar.gz
HTAR: a   instcat_y05_191109/01052890.tar.gz
HTAR: a   instcat_y05_191109/01052891.tar.gz
HTAR: a   instcat_y05_191109/01052893.tar.gz
HTAR: a   instcat_y05_191109/01052894.tar.gz
HTAR: a   instcat_y05_191109/01052895.tar.gz
HTAR: a   instcat_y05_191109/01052901.tar.gz
HTAR: a   instcat_y05_191109/01052902.tar.gz
HTAR: a   instcat_y05_191109/01052920.tar.gz
HTAR: a   instcat_y05_191109/01052921.tar.gz
HTAR: a   instcat_y05_191109/01052922.tar.gz
HTAR: a   instcat_y05_191109/01052923.tar.gz
HTAR: a   instcat_y05_191109/01052924.tar.gz
HTAR: a   instcat_y05_191109/01052925.tar.gz
HTAR: a   instcat_y05_191109/01052935.tar.gz
HTAR: a   instcat_y05_191109/01052937.tar.gz
HTAR: a   instcat_y05_191109/01052938.tar.gz
HTAR: a   instcat_y05_191109/01052939.tar.gz
HTAR: a   instcat_y05_191109/01052940.tar.gz
HTAR: a   instcat_y05_191109/01052941.tar.gz
HTAR: a   instcat_y05_191109/01052942.tar.gz
HTAR: a   instcat_y05_191109/01053724.tar.gz
HTAR: a   instcat_y05_191109/01053725.tar.gz
HTAR: a   instcat_y05_191109/01053726.tar.gz
HTAR: a   instcat_y05_191109/01053727.tar.gz
HTAR: a   instcat_y05_191109/01053760.tar.gz
HTAR: a   instcat_y05_191109/01053761.tar.gz
HTAR: a   instcat_y05_191109/01053762.tar.gz
HTAR: a   instcat_y05_191109/01053794.tar.gz
HTAR: a   instcat_y05_191109/01053795.tar.gz
HTAR: a   instcat_y05_191109/01053796.tar.gz
HTAR: a   instcat_y05_191109/01053797.tar.gz
HTAR: a   instcat_y05_191109/01053798.tar.gz
HTAR: a   instcat_y05_191109/01053799.tar.gz
HTAR: a   instcat_y05_191109/01053800.tar.gz
HTAR: a   instcat_y05_191109/01053801.tar.gz
HTAR: a   instcat_y05_191109/01053823.tar.gz
HTAR: a   instcat_y05_191109/01053825.tar.gz
HTAR: a   instcat_y05_191109/01053826.tar.gz
HTAR: a   instcat_y05_191109/01055539.tar.gz
HTAR: a   instcat_y05_191109/01055547.tar.gz
HTAR: a   instcat_y05_191109/01055548.tar.gz
HTAR: a   instcat_y05_191109/01056404.tar.gz
HTAR: a   instcat_y05_191109/01056405.tar.gz
HTAR: a   instcat_y05_191109/01056406.tar.gz
HTAR: a   instcat_y05_191109/01056407.tar.gz
HTAR: a   instcat_y05_191109/01056408.tar.gz
HTAR: a   instcat_y05_191109/01056409.tar.gz
HTAR: a   instcat_y05_191109/01056410.tar.gz
HTAR: a   instcat_y05_191109/01056411.tar.gz
HTAR: a   instcat_y05_191109/01056412.tar.gz
HTAR: a   instcat_y05_191109/01056413.tar.gz
HTAR: a   instcat_y05_191109/01056414.tar.gz
HTAR: a   instcat_y05_191109/01056415.tar.gz
HTAR: a   instcat_y05_191109/01056428.tar.gz
HTAR: a   instcat_y05_191109/01057358.tar.gz
HTAR: a   instcat_y05_191109/01057359.tar.gz
HTAR: a   instcat_y05_191109/01057360.tar.gz
HTAR: a   instcat_y05_191109/01057361.tar.gz
HTAR: a   instcat_y05_191109/01057401.tar.gz
HTAR: a   instcat_y05_191109/01059130.tar.gz
HTAR: a   instcat_y05_191109/01061029.tar.gz
HTAR: a   instcat_y05_191109/01061043.tar.gz
HTAR: a   instcat_y05_191109/01061070.tar.gz
HTAR: a   instcat_y05_191109/01061071.tar.gz
HTAR: a   instcat_y05_191109/01061072.tar.gz
HTAR: a   instcat_y05_191109/01061073.tar.gz
HTAR: a   instcat_y05_191109/01061074.tar.gz
HTAR: a   instcat_y05_191109/01061075.tar.gz
HTAR: a   instcat_y05_191109/01061078.tar.gz
HTAR: a   instcat_y05_191109/01061079.tar.gz
HTAR: a   instcat_y05_191109/01061087.tar.gz
HTAR: a   instcat_y05_191109/01061088.tar.gz
HTAR: a   instcat_y05_191109/01061104.tar.gz
HTAR: a   instcat_y05_191109/01061105.tar.gz
HTAR: a   instcat_y05_191109/01061106.tar.gz
HTAR: a   instcat_y05_191109/01061153.tar.gz
HTAR: a   instcat_y05_191109/01061994.tar.gz
HTAR: a   instcat_y05_191109/01061995.tar.gz
HTAR: a   instcat_y05_191109/01062033.tar.gz
HTAR: a   instcat_y05_191109/01062034.tar.gz
HTAR: a   instcat_y05_191109/01062035.tar.gz
HTAR: a   instcat_y05_191109/01062036.tar.gz
HTAR: a   instcat_y05_191109/01062037.tar.gz
HTAR: a   instcat_y05_191109/01062041.tar.gz
HTAR: a   instcat_y05_191109/01062042.tar.gz
HTAR: a   instcat_y05_191109/01062043.tar.gz
HTAR: a   instcat_y05_191109/01062044.tar.gz
HTAR: a   instcat_y05_191109/01062045.tar.gz
HTAR: a   instcat_y05_191109/01062920.tar.gz
HTAR: a   instcat_y05_191109/01062926.tar.gz
HTAR: a   instcat_y05_191109/01062927.tar.gz
HTAR: a   instcat_y05_191109/01062929.tar.gz
HTAR: a   instcat_y05_191109/01062944.tar.gz
HTAR: a   instcat_y05_191109/01062958.tar.gz
HTAR: a   instcat_y05_191109/01062959.tar.gz
HTAR: a   instcat_y05_191109/01062960.tar.gz
HTAR: a   instcat_y05_191109/01065742.tar.gz
HTAR: a   instcat_y05_191109/01066687.tar.gz
HTAR: a   instcat_y05_191109/01066719.tar.gz
HTAR: a   instcat_y05_191109/01066732.tar.gz
HTAR: a   instcat_y05_191109/01071042.tar.gz
HTAR: a   instcat_y05_191109/01071044.tar.gz
HTAR: a   instcat_y05_191109/01071060.tar.gz
HTAR: a   instcat_y05_191109/job_log_01049399.txt
HTAR: a   instcat_y05_191109/job_log_01049423.txt
HTAR: a   instcat_y05_191109/job_log_01049424.txt
HTAR: a   instcat_y05_191109/job_log_01051935.txt
HTAR: a   instcat_y05_191109/job_log_01051936.txt
HTAR: a   instcat_y05_191109/job_log_01051947.txt
HTAR: a   instcat_y05_191109/job_log_01052843.txt
HTAR: a   instcat_y05_191109/job_log_01052852.txt
HTAR: a   instcat_y05_191109/job_log_01052861.txt
HTAR: a   instcat_y05_191109/job_log_01052882.txt
HTAR: a   instcat_y05_191109/job_log_01052883.txt
HTAR: a   instcat_y05_191109/job_log_01052884.txt
HTAR: a   instcat_y05_191109/job_log_01052885.txt
HTAR: a   instcat_y05_191109/job_log_01052886.txt
HTAR: a   instcat_y05_191109/job_log_01052887.txt
HTAR: a   instcat_y05_191109/job_log_01052888.txt
HTAR: a   instcat_y05_191109/job_log_01052889.txt
HTAR: a   instcat_y05_191109/job_log_01052890.txt
HTAR: a   instcat_y05_191109/job_log_01052891.txt
HTAR: a   instcat_y05_191109/job_log_01052893.txt
HTAR: a   instcat_y05_191109/job_log_01052894.txt
HTAR: a   instcat_y05_191109/job_log_01052895.txt
HTAR: a   instcat_y05_191109/job_log_01052901.txt
HTAR: a   instcat_y05_191109/job_log_01052902.txt
HTAR: a   instcat_y05_191109/job_log_01052920.txt
HTAR: a   instcat_y05_191109/job_log_01052921.txt
HTAR: a   instcat_y05_191109/job_log_01052922.txt
HTAR: a   instcat_y05_191109/job_log_01052923.txt
HTAR: a   instcat_y05_191109/job_log_01052924.txt
HTAR: a   instcat_y05_191109/job_log_01052925.txt
HTAR: a   instcat_y05_191109/job_log_01052935.txt
HTAR: a   instcat_y05_191109/job_log_01052937.txt
HTAR: a   instcat_y05_191109/job_log_01052938.txt
HTAR: a   instcat_y05_191109/job_log_01052939.txt
HTAR: a   instcat_y05_191109/job_log_01052940.txt
HTAR: a   instcat_y05_191109/job_log_01052941.txt
HTAR: a   instcat_y05_191109/job_log_01052942.txt
HTAR: a   instcat_y05_191109/job_log_01053724.txt
HTAR: a   instcat_y05_191109/job_log_01053725.txt
HTAR: a   instcat_y05_191109/job_log_01053726.txt
HTAR: a   instcat_y05_191109/job_log_01053727.txt
HTAR: a   instcat_y05_191109/job_log_01053760.txt
HTAR: a   instcat_y05_191109/job_log_01053761.txt
HTAR: a   instcat_y05_191109/job_log_01053762.txt
HTAR: a   instcat_y05_191109/job_log_01053794.txt
HTAR: a   instcat_y05_191109/job_log_01053795.txt
HTAR: a   instcat_y05_191109/job_log_01053796.txt
HTAR: a   instcat_y05_191109/job_log_01053797.txt
HTAR: a   instcat_y05_191109/job_log_01053798.txt
HTAR: a   instcat_y05_191109/job_log_01053799.txt
HTAR: a   instcat_y05_191109/job_log_01053800.txt
HTAR: a   instcat_y05_191109/job_log_01053801.txt
HTAR: a   instcat_y05_191109/job_log_01053823.txt
HTAR: a   instcat_y05_191109/job_log_01053825.txt
HTAR: a   instcat_y05_191109/job_log_01053826.txt
HTAR: a   instcat_y05_191109/job_log_01055539.txt
HTAR: a   instcat_y05_191109/job_log_01055547.txt
HTAR: a   instcat_y05_191109/job_log_01055548.txt
HTAR: a   instcat_y05_191109/job_log_01056404.txt
HTAR: a   instcat_y05_191109/job_log_01056405.txt
HTAR: a   instcat_y05_191109/job_log_01056406.txt
HTAR: a   instcat_y05_191109/job_log_01056407.txt
HTAR: a   instcat_y05_191109/job_log_01056408.txt
HTAR: a   instcat_y05_191109/job_log_01056409.txt
HTAR: a   instcat_y05_191109/job_log_01056410.txt
HTAR: a   instcat_y05_191109/job_log_01056411.txt
HTAR: a   instcat_y05_191109/job_log_01056412.txt
HTAR: a   instcat_y05_191109/job_log_01056413.txt
HTAR: a   instcat_y05_191109/job_log_01056414.txt
HTAR: a   instcat_y05_191109/job_log_01056415.txt
HTAR: a   instcat_y05_191109/job_log_01056428.txt
HTAR: a   instcat_y05_191109/job_log_01057358.txt
HTAR: a   instcat_y05_191109/job_log_01057359.txt
HTAR: a   instcat_y05_191109/job_log_01057360.txt
HTAR: a   instcat_y05_191109/job_log_01057361.txt
HTAR: a   instcat_y05_191109/job_log_01057401.txt
HTAR: a   instcat_y05_191109/job_log_01059130.txt
HTAR: a   instcat_y05_191109/job_log_01061029.txt
HTAR: a   instcat_y05_191109/job_log_01061043.txt
HTAR: a   instcat_y05_191109/job_log_01061070.txt
HTAR: a   instcat_y05_191109/job_log_01061071.txt
HTAR: a   instcat_y05_191109/job_log_01061072.txt
HTAR: a   instcat_y05_191109/job_log_01061073.txt
HTAR: a   instcat_y05_191109/job_log_01061074.txt
HTAR: a   instcat_y05_191109/job_log_01061075.txt
HTAR: a   instcat_y05_191109/job_log_01061078.txt
HTAR: a   instcat_y05_191109/job_log_01061079.txt
HTAR: a   instcat_y05_191109/job_log_01061087.txt
HTAR: a   instcat_y05_191109/job_log_01061088.txt
HTAR: a   instcat_y05_191109/job_log_01061104.txt
HTAR: a   instcat_y05_191109/job_log_01061105.txt
HTAR: a   instcat_y05_191109/job_log_01061106.txt
HTAR: a   instcat_y05_191109/job_log_01061153.txt
HTAR: a   instcat_y05_191109/job_log_01061994.txt
HTAR: a   instcat_y05_191109/job_log_01061995.txt
HTAR: a   instcat_y05_191109/job_log_01062033.txt
HTAR: a   instcat_y05_191109/job_log_01062034.txt
HTAR: a   instcat_y05_191109/job_log_01062035.txt
HTAR: a   instcat_y05_191109/job_log_01062036.txt
HTAR: a   instcat_y05_191109/job_log_01062037.txt
HTAR: a   instcat_y05_191109/job_log_01062041.txt
HTAR: a   instcat_y05_191109/job_log_01062042.txt
HTAR: a   instcat_y05_191109/job_log_01062043.txt
HTAR: a   instcat_y05_191109/job_log_01062044.txt
HTAR: a   instcat_y05_191109/job_log_01062045.txt
HTAR: a   instcat_y05_191109/job_log_01062920.txt
HTAR: a   instcat_y05_191109/job_log_01062926.txt
HTAR: a   instcat_y05_191109/job_log_01062927.txt
HTAR: a   instcat_y05_191109/job_log_01062929.txt
HTAR: a   instcat_y05_191109/job_log_01062944.txt
HTAR: a   instcat_y05_191109/job_log_01062958.txt
HTAR: a   instcat_y05_191109/job_log_01062959.txt
HTAR: a   instcat_y05_191109/job_log_01062960.txt
HTAR: a   instcat_y05_191109/job_log_01065742.txt
HTAR: a   instcat_y05_191109/job_log_01066687.txt
HTAR: a   instcat_y05_191109/job_log_01066719.txt
HTAR: a   instcat_y05_191109/job_log_01066732.txt
HTAR: a   instcat_y05_191109/job_log_01071042.txt
HTAR: a   instcat_y05_191109/job_log_01071044.txt
HTAR: a   instcat_y05_191109/job_log_01071060.txt
HTAR: a   /tmp/HTAR_CF_CHK_46976_1580760079
HTAR Create complete for /home/projects/desc/DC2_ImSim/Run2.2i/instCat/y05_191109/01049399to01071060.tar. 504,525,029,376 bytes written for 240 member files, max threads: 50 Transfer time: 3596.873 seconds (140.268 MB/s) wallclock/user/sys: 3599.078 4271.159 1590.386 seconds
HTAR: HTAR SUCCESSFUL
HTAR: a   instcat_y05_191109/01071061.tar.gz
HTAR: a   instcat_y05_191109/01117618.tar.gz
HTAR: a   instcat_y05_191109/01125991.tar.gz
HTAR: a   instcat_y05_191109/01127037.tar.gz
HTAR: a   instcat_y05_191109/01127087.tar.gz
HTAR: a   instcat_y05_191109/01128099.tar.gz
HTAR: a   instcat_y05_191109/01128100.tar.gz
HTAR: a   instcat_y05_191109/01131080.tar.gz
HTAR: a   instcat_y05_191109/01131081.tar.gz
HTAR: a   instcat_y05_191109/01131082.tar.gz
HTAR: a   instcat_y05_191109/01131083.tar.gz
HTAR: a   instcat_y05_191109/01131084.tar.gz
HTAR: a   instcat_y05_191109/01131091.tar.gz
HTAR: a   instcat_y05_191109/01131092.tar.gz
HTAR: a   instcat_y05_191109/01131094.tar.gz
HTAR: a   instcat_y05_191109/01131115.tar.gz
HTAR: a   instcat_y05_191109/01131116.tar.gz
HTAR: a   instcat_y05_191109/01131117.tar.gz
HTAR: a   instcat_y05_191109/01131118.tar.gz
HTAR: a   instcat_y05_191109/01131119.tar.gz
HTAR: a   instcat_y05_191109/01131120.tar.gz
HTAR: a   instcat_y05_191109/01131127.tar.gz
HTAR: a   instcat_y05_191109/01131129.tar.gz
HTAR: a   instcat_y05_191109/01131236.tar.gz
HTAR: a   instcat_y05_191109/01131237.tar.gz
HTAR: a   instcat_y05_191109/01131238.tar.gz
HTAR: a   instcat_y05_191109/01131239.tar.gz
HTAR: a   instcat_y05_191109/01131243.tar.gz
HTAR: a   instcat_y05_191109/01134272.tar.gz
HTAR: a   instcat_y05_191109/01134280.tar.gz
HTAR: a   instcat_y05_191109/01134283.tar.gz
HTAR: a   instcat_y05_191109/01134289.tar.gz
HTAR: a   instcat_y05_191109/01134290.tar.gz
HTAR: a   instcat_y05_191109/01134299.tar.gz
HTAR: a   instcat_y05_191109/01134300.tar.gz
HTAR: a   instcat_y05_191109/01134302.tar.gz
HTAR: a   instcat_y05_191109/01134303.tar.gz
HTAR: a   instcat_y05_191109/01134304.tar.gz
HTAR: a   instcat_y05_191109/01134308.tar.gz
HTAR: a   instcat_y05_191109/01134309.tar.gz
HTAR: a   instcat_y05_191109/01134310.tar.gz
HTAR: a   instcat_y05_191109/01134311.tar.gz
HTAR: a   instcat_y05_191109/01134319.tar.gz
HTAR: a   instcat_y05_191109/01134320.tar.gz
HTAR: a   instcat_y05_191109/01134338.tar.gz
HTAR: a   instcat_y05_191109/01134349.tar.gz
HTAR: a   instcat_y05_191109/01136033.tar.gz
HTAR: a   instcat_y05_191109/01136044.tar.gz
HTAR: a   instcat_y05_191109/01136052.tar.gz
HTAR: a   instcat_y05_191109/01136053.tar.gz
HTAR: a   instcat_y05_191109/01136054.tar.gz
HTAR: a   instcat_y05_191109/01136055.tar.gz
HTAR: a   instcat_y05_191109/01136080.tar.gz
HTAR: a   instcat_y05_191109/01136082.tar.gz
HTAR: a   instcat_y05_191109/01136083.tar.gz
HTAR: a   instcat_y05_191109/01136085.tar.gz
HTAR: a   instcat_y05_191109/01136091.tar.gz
HTAR: a   instcat_y05_191109/01136093.tar.gz
HTAR: a   instcat_y05_191109/01136104.tar.gz
HTAR: a   instcat_y05_191109/01136112.tar.gz
HTAR: a   instcat_y05_191109/01136113.tar.gz
HTAR: a   instcat_y05_191109/01136114.tar.gz
HTAR: a   instcat_y05_191109/01136115.tar.gz
HTAR: a   instcat_y05_191109/01136116.tar.gz
HTAR: a   instcat_y05_191109/01136119.tar.gz
HTAR: a   instcat_y05_191109/01136120.tar.gz
HTAR: a   instcat_y05_191109/01136121.tar.gz
HTAR: a   instcat_y05_191109/01136128.tar.gz
HTAR: a   instcat_y05_191109/01138074.tar.gz
HTAR: a   instcat_y05_191109/01138076.tar.gz
HTAR: a   instcat_y05_191109/01138103.tar.gz
HTAR: a   instcat_y05_191109/01138104.tar.gz
HTAR: a   instcat_y05_191109/01138111.tar.gz
HTAR: a   instcat_y05_191109/01138112.tar.gz
HTAR: a   instcat_y05_191109/01138129.tar.gz
HTAR: a   instcat_y05_191109/01138133.tar.gz
HTAR: a   instcat_y05_191109/01138134.tar.gz
HTAR: a   instcat_y05_191109/01138135.tar.gz
HTAR: a   instcat_y05_191109/01138136.tar.gz
HTAR: a   instcat_y05_191109/01138137.tar.gz
HTAR: a   instcat_y05_191109/01138138.tar.gz
HTAR: a   instcat_y05_191109/01138139.tar.gz
HTAR: a   instcat_y05_191109/01138140.tar.gz
HTAR: a   instcat_y05_191109/01138141.tar.gz
HTAR: a   instcat_y05_191109/01138143.tar.gz
HTAR: a   instcat_y05_191109/01138144.tar.gz
HTAR: a   instcat_y05_191109/01138145.tar.gz
HTAR: a   instcat_y05_191109/01138154.tar.gz
HTAR: a   instcat_y05_191109/01138155.tar.gz
HTAR: a   instcat_y05_191109/01138156.tar.gz
HTAR: a   instcat_y05_191109/01138157.tar.gz
HTAR: a   instcat_y05_191109/01138158.tar.gz
HTAR: a   instcat_y05_191109/01138159.tar.gz
HTAR: a   instcat_y05_191109/01138165.tar.gz
HTAR: a   instcat_y05_191109/01138166.tar.gz
HTAR: a   instcat_y05_191109/01138167.tar.gz
HTAR: a   instcat_y05_191109/01138168.tar.gz
HTAR: a   instcat_y05_191109/01138169.tar.gz
HTAR: a   instcat_y05_191109/01138170.tar.gz
HTAR: a   instcat_y05_191109/01138175.tar.gz
HTAR: a   instcat_y05_191109/01138176.tar.gz
HTAR: a   instcat_y05_191109/01138177.tar.gz
HTAR: a   instcat_y05_191109/01138178.tar.gz
HTAR: a   instcat_y05_191109/01138203.tar.gz
HTAR: a   instcat_y05_191109/01139327.tar.gz
HTAR: a   instcat_y05_191109/01139328.tar.gz
HTAR: a   instcat_y05_191109/01140237.tar.gz
HTAR: a   instcat_y05_191109/01140240.tar.gz
HTAR: a   instcat_y05_191109/01140272.tar.gz
HTAR: a   instcat_y05_191109/01140273.tar.gz
HTAR: a   instcat_y05_191109/01140274.tar.gz
HTAR: a   instcat_y05_191109/01140305.tar.gz
HTAR: a   instcat_y05_191109/01140306.tar.gz
HTAR: a   instcat_y05_191109/01140307.tar.gz
HTAR: a   instcat_y05_191109/01140308.tar.gz
HTAR: a   instcat_y05_191109/01141193.tar.gz
HTAR: a   instcat_y05_191109/01141194.tar.gz
HTAR: a   instcat_y05_191109/01141195.tar.gz
HTAR: a   instcat_y05_191109/01141196.tar.gz
HTAR: a   instcat_y05_191109/01141197.tar.gz
HTAR: a   instcat_y05_191109/job_log_01071061.txt
HTAR: a   instcat_y05_191109/job_log_01117618.txt
HTAR: a   instcat_y05_191109/job_log_01125991.txt
HTAR: a   instcat_y05_191109/job_log_01127037.txt
HTAR: a   instcat_y05_191109/job_log_01127087.txt
HTAR: a   instcat_y05_191109/job_log_01128099.txt
HTAR: a   instcat_y05_191109/job_log_01128100.txt
HTAR: a   instcat_y05_191109/job_log_01131080.txt
HTAR: a   instcat_y05_191109/job_log_01131081.txt
HTAR: a   instcat_y05_191109/job_log_01131082.txt
HTAR: a   instcat_y05_191109/job_log_01131083.txt
HTAR: a   instcat_y05_191109/job_log_01131084.txt
HTAR: a   instcat_y05_191109/job_log_01131091.txt
HTAR: a   instcat_y05_191109/job_log_01131092.txt
HTAR: a   instcat_y05_191109/job_log_01131094.txt
HTAR: a   instcat_y05_191109/job_log_01131115.txt
HTAR: a   instcat_y05_191109/job_log_01131116.txt
HTAR: a   instcat_y05_191109/job_log_01131117.txt
HTAR: a   instcat_y05_191109/job_log_01131118.txt
HTAR: a   instcat_y05_191109/job_log_01131119.txt
HTAR: a   instcat_y05_191109/job_log_01131120.txt
HTAR: a   instcat_y05_191109/job_log_01131127.txt
HTAR: a   instcat_y05_191109/job_log_01131129.txt
HTAR: a   instcat_y05_191109/job_log_01131236.txt
HTAR: a   instcat_y05_191109/job_log_01131237.txt
HTAR: a   instcat_y05_191109/job_log_01131238.txt
HTAR: a   instcat_y05_191109/job_log_01131239.txt
HTAR: a   instcat_y05_191109/job_log_01131243.txt
HTAR: a   instcat_y05_191109/job_log_01134272.txt
HTAR: a   instcat_y05_191109/job_log_01134280.txt
HTAR: a   instcat_y05_191109/job_log_01134283.txt
HTAR: a   instcat_y05_191109/job_log_01134289.txt
HTAR: a   instcat_y05_191109/job_log_01134290.txt
HTAR: a   instcat_y05_191109/job_log_01134299.txt
HTAR: a   instcat_y05_191109/job_log_01134300.txt
HTAR: a   instcat_y05_191109/job_log_01134302.txt
HTAR: a   instcat_y05_191109/job_log_01134303.txt
HTAR: a   instcat_y05_191109/job_log_01134304.txt
HTAR: a   instcat_y05_191109/job_log_01134308.txt
HTAR: a   instcat_y05_191109/job_log_01134309.txt
HTAR: a   instcat_y05_191109/job_log_01134310.txt
HTAR: a   instcat_y05_191109/job_log_01134311.txt
HTAR: a   instcat_y05_191109/job_log_01134319.txt
HTAR: a   instcat_y05_191109/job_log_01134320.txt
HTAR: a   instcat_y05_191109/job_log_01134338.txt
HTAR: a   instcat_y05_191109/job_log_01134349.txt
HTAR: a   instcat_y05_191109/job_log_01136033.txt
HTAR: a   instcat_y05_191109/job_log_01136044.txt
HTAR: a   instcat_y05_191109/job_log_01136052.txt
HTAR: a   instcat_y05_191109/job_log_01136053.txt
HTAR: a   instcat_y05_191109/job_log_01136054.txt
HTAR: a   instcat_y05_191109/job_log_01136055.txt
HTAR: a   instcat_y05_191109/job_log_01136080.txt
HTAR: a   instcat_y05_191109/job_log_01136082.txt
HTAR: a   instcat_y05_191109/job_log_01136083.txt
HTAR: a   instcat_y05_191109/job_log_01136085.txt
HTAR: a   instcat_y05_191109/job_log_01136091.txt
HTAR: a   instcat_y05_191109/job_log_01136093.txt
HTAR: a   instcat_y05_191109/job_log_01136104.txt
HTAR: a   instcat_y05_191109/job_log_01136112.txt
HTAR: a   instcat_y05_191109/job_log_01136113.txt
HTAR: a   instcat_y05_191109/job_log_01136114.txt
HTAR: a   instcat_y05_191109/job_log_01136115.txt
HTAR: a   instcat_y05_191109/job_log_01136116.txt
HTAR: a   instcat_y05_191109/job_log_01136119.txt
HTAR: a   instcat_y05_191109/job_log_01136120.txt
HTAR: a   instcat_y05_191109/job_log_01136121.txt
HTAR: a   instcat_y05_191109/job_log_01136128.txt
HTAR: a   instcat_y05_191109/job_log_01138074.txt
HTAR: a   instcat_y05_191109/job_log_01138076.txt
HTAR: a   instcat_y05_191109/job_log_01138103.txt
HTAR: a   instcat_y05_191109/job_log_01138104.txt
HTAR: a   instcat_y05_191109/job_log_01138111.txt
HTAR: a   instcat_y05_191109/job_log_01138112.txt
HTAR: a   instcat_y05_191109/job_log_01138129.txt
HTAR: a   instcat_y05_191109/job_log_01138133.txt
HTAR: a   instcat_y05_191109/job_log_01138134.txt
HTAR: a   instcat_y05_191109/job_log_01138135.txt
HTAR: a   instcat_y05_191109/job_log_01138136.txt
HTAR: a   instcat_y05_191109/job_log_01138137.txt
HTAR: a   instcat_y05_191109/job_log_01138138.txt
HTAR: a   instcat_y05_191109/job_log_01138139.txt
HTAR: a   instcat_y05_191109/job_log_01138140.txt
HTAR: a   instcat_y05_191109/job_log_01138141.txt
HTAR: a   instcat_y05_191109/job_log_01138143.txt
HTAR: a   instcat_y05_191109/job_log_01138144.txt
HTAR: a   instcat_y05_191109/job_log_01138145.txt
HTAR: a   instcat_y05_191109/job_log_01138154.txt
HTAR: a   instcat_y05_191109/job_log_01138155.txt
HTAR: a   instcat_y05_191109/job_log_01138156.txt
HTAR: a   instcat_y05_191109/job_log_01138157.txt
HTAR: a   instcat_y05_191109/job_log_01138158.txt
HTAR: a   instcat_y05_191109/job_log_01138159.txt
HTAR: a   instcat_y05_191109/job_log_01138165.txt
HTAR: a   instcat_y05_191109/job_log_01138166.txt
HTAR: a   instcat_y05_191109/job_log_01138167.txt
HTAR: a   instcat_y05_191109/job_log_01138168.txt
HTAR: a   instcat_y05_191109/job_log_01138169.txt
HTAR: a   instcat_y05_191109/job_log_01138170.txt
HTAR: a   instcat_y05_191109/job_log_01138175.txt
HTAR: a   instcat_y05_191109/job_log_01138176.txt
HTAR: a   instcat_y05_191109/job_log_01138177.txt
HTAR: a   instcat_y05_191109/job_log_01138178.txt
HTAR: a   instcat_y05_191109/job_log_01138203.txt
HTAR: a   instcat_y05_191109/job_log_01139327.txt
HTAR: a   instcat_y05_191109/job_log_01139328.txt
HTAR: a   instcat_y05_191109/job_log_01140237.txt
HTAR: a   instcat_y05_191109/job_log_01140240.txt
HTAR: a   instcat_y05_191109/job_log_01140272.txt
HTAR: a   instcat_y05_191109/job_log_01140273.txt
HTAR: a   instcat_y05_191109/job_log_01140274.txt
HTAR: a   instcat_y05_191109/job_log_01140305.txt
HTAR: a   instcat_y05_191109/job_log_01140306.txt
HTAR: a   instcat_y05_191109/job_log_01140307.txt
HTAR: a   instcat_y05_191109/job_log_01140308.txt
HTAR: a   instcat_y05_191109/job_log_01141193.txt
HTAR: a   instcat_y05_191109/job_log_01141194.txt
HTAR: a   instcat_y05_191109/job_log_01141195.txt
HTAR: a   instcat_y05_191109/job_log_01141196.txt
HTAR: a   instcat_y05_191109/job_log_01141197.txt
HTAR: a   /tmp/HTAR_CF_CHK_36911_1580763680
HTAR Create complete for /home/projects/desc/DC2_ImSim/Run2.2i/instCat/y05_191109/01071061to01141197.tar. 508,365,639,680 bytes written for 240 member files, max threads: 50 Transfer time: 3445.791 seconds (147.532 MB/s) wallclock/user/sys: 3447.289 4174.113 1512.763 seconds
HTAR: HTAR SUCCESSFUL
HTAR: a   instcat_y05_191109/01141198.tar.gz
HTAR: a   instcat_y05_191109/01141199.tar.gz
HTAR: a   instcat_y05_191109/01141216.tar.gz
HTAR: a   instcat_y05_191109/01141231.tar.gz
HTAR: a   instcat_y05_191109/01141232.tar.gz
HTAR: a   instcat_y05_191109/01141233.tar.gz
HTAR: a   instcat_y05_191109/01141234.tar.gz
HTAR: a   instcat_y05_191109/01141235.tar.gz
HTAR: a   instcat_y05_191109/01141236.tar.gz
HTAR: a   instcat_y05_191109/01141237.tar.gz
HTAR: a   instcat_y05_191109/01141238.tar.gz
HTAR: a   instcat_y05_191109/01141239.tar.gz
HTAR: a   instcat_y05_191109/01141245.tar.gz
HTAR: a   instcat_y05_191109/01141246.tar.gz
HTAR: a   instcat_y05_191109/01141247.tar.gz
HTAR: a   instcat_y05_191109/01141248.tar.gz
HTAR: a   instcat_y05_191109/01141249.tar.gz
HTAR: a   instcat_y05_191109/01141250.tar.gz
HTAR: a   instcat_y05_191109/01141251.tar.gz
HTAR: a   instcat_y05_191109/01141252.tar.gz
HTAR: a   instcat_y05_191109/01141253.tar.gz
HTAR: a   instcat_y05_191109/01141254.tar.gz
HTAR: a   instcat_y05_191109/01141255.tar.gz
HTAR: a   instcat_y05_191109/01141256.tar.gz
HTAR: a   instcat_y05_191109/01141257.tar.gz
HTAR: a   instcat_y05_191109/01141260.tar.gz
HTAR: a   instcat_y05_191109/01141261.tar.gz
HTAR: a   instcat_y05_191109/01141262.tar.gz
HTAR: a   instcat_y05_191109/01141263.tar.gz
HTAR: a   instcat_y05_191109/01141264.tar.gz
HTAR: a   instcat_y05_191109/01141265.tar.gz
HTAR: a   instcat_y05_191109/01141266.tar.gz
HTAR: a   instcat_y05_191109/01141267.tar.gz
HTAR: a   instcat_y05_191109/01141268.tar.gz
HTAR: a   instcat_y05_191109/01141270.tar.gz
HTAR: a   instcat_y05_191109/01141271.tar.gz
HTAR: a   instcat_y05_191109/01141272.tar.gz
HTAR: a   instcat_y05_191109/01141273.tar.gz
HTAR: a   instcat_y05_191109/01141274.tar.gz
HTAR: a   instcat_y05_191109/01141275.tar.gz
HTAR: a   instcat_y05_191109/01141276.tar.gz
HTAR: a   instcat_y05_191109/01141277.tar.gz
HTAR: a   instcat_y05_191109/01141278.tar.gz
HTAR: a   instcat_y05_191109/01141279.tar.gz
HTAR: a   instcat_y05_191109/01141280.tar.gz
HTAR: a   instcat_y05_191109/01141281.tar.gz
HTAR: a   instcat_y05_191109/01141282.tar.gz
HTAR: a   instcat_y05_191109/01141283.tar.gz
HTAR: a   instcat_y05_191109/01141284.tar.gz
HTAR: a   instcat_y05_191109/01141285.tar.gz
HTAR: a   instcat_y05_191109/01141288.tar.gz
HTAR: a   instcat_y05_191109/01141289.tar.gz
HTAR: a   instcat_y05_191109/01141290.tar.gz
HTAR: a   instcat_y05_191109/01141299.tar.gz
HTAR: a   instcat_y05_191109/01144297.tar.gz
HTAR: a   instcat_y05_191109/01144307.tar.gz
HTAR: a   instcat_y05_191109/01144308.tar.gz
HTAR: a   instcat_y05_191109/01145151.tar.gz
HTAR: a   instcat_y05_191109/01145163.tar.gz
HTAR: a   instcat_y05_191109/01145164.tar.gz
HTAR: a   instcat_y05_191109/01145165.tar.gz
HTAR: a   instcat_y05_191109/01145166.tar.gz
HTAR: a   instcat_y05_191109/01145167.tar.gz
HTAR: a   instcat_y05_191109/01145168.tar.gz
HTAR: a   instcat_y05_191109/01145186.tar.gz
HTAR: a   instcat_y05_191109/01145198.tar.gz
HTAR: a   instcat_y05_191109/01145199.tar.gz
HTAR: a   instcat_y05_191109/01145200.tar.gz
HTAR: a   instcat_y05_191109/01145201.tar.gz
HTAR: a   instcat_y05_191109/01145202.tar.gz
HTAR: a   instcat_y05_191109/01145203.tar.gz
HTAR: a   instcat_y05_191109/01145204.tar.gz
HTAR: a   instcat_y05_191109/01145210.tar.gz
HTAR: a   instcat_y05_191109/01145211.tar.gz
HTAR: a   instcat_y05_191109/01145212.tar.gz
HTAR: a   instcat_y05_191109/01145213.tar.gz
HTAR: a   instcat_y05_191109/01145214.tar.gz
HTAR: a   instcat_y05_191109/01145215.tar.gz
HTAR: a   instcat_y05_191109/01145216.tar.gz
HTAR: a   instcat_y05_191109/01145217.tar.gz
HTAR: a   instcat_y05_191109/01145218.tar.gz
HTAR: a   instcat_y05_191109/01145239.tar.gz
HTAR: a   instcat_y05_191109/01145245.tar.gz
HTAR: a   instcat_y05_191109/01145246.tar.gz
HTAR: a   instcat_y05_191109/01145247.tar.gz
HTAR: a   instcat_y05_191109/01145248.tar.gz
HTAR: a   instcat_y05_191109/01145249.tar.gz
HTAR: a   instcat_y05_191109/01145250.tar.gz
HTAR: a   instcat_y05_191109/01145251.tar.gz
HTAR: a   instcat_y05_191109/01145252.tar.gz
HTAR: a   instcat_y05_191109/01145253.tar.gz
HTAR: a   instcat_y05_191109/01145254.tar.gz
HTAR: a   instcat_y05_191109/01145255.tar.gz
HTAR: a   instcat_y05_191109/01145266.tar.gz
HTAR: a   instcat_y05_191109/01145267.tar.gz
HTAR: a   instcat_y05_191109/01145268.tar.gz
HTAR: a   instcat_y05_191109/01145294.tar.gz
HTAR: a   instcat_y05_191109/01145295.tar.gz
HTAR: a   instcat_y05_191109/01145296.tar.gz
HTAR: a   instcat_y05_191109/01145306.tar.gz
HTAR: a   instcat_y05_191109/01145307.tar.gz
HTAR: a   instcat_y05_191109/01145308.tar.gz
HTAR: a   instcat_y05_191109/01145348.tar.gz
HTAR: a   instcat_y05_191109/01148138.tar.gz
HTAR: a   instcat_y05_191109/01148139.tar.gz
HTAR: a   instcat_y05_191109/01148140.tar.gz
HTAR: a   instcat_y05_191109/01148141.tar.gz
HTAR: a   instcat_y05_191109/01148142.tar.gz
HTAR: a   instcat_y05_191109/01148146.tar.gz
HTAR: a   instcat_y05_191109/01148147.tar.gz
HTAR: a   instcat_y05_191109/01148149.tar.gz
HTAR: a   instcat_y05_191109/01148182.tar.gz
HTAR: a   instcat_y05_191109/01148183.tar.gz
HTAR: a   instcat_y05_191109/01148184.tar.gz
HTAR: a   instcat_y05_191109/01148185.tar.gz
HTAR: a   instcat_y05_191109/01148186.tar.gz
HTAR: a   instcat_y05_191109/01148192.tar.gz
HTAR: a   instcat_y05_191109/01148193.tar.gz
HTAR: a   instcat_y05_191109/01148194.tar.gz
HTAR: a   instcat_y05_191109/01148195.tar.gz
HTAR: a   instcat_y05_191109/job_log_01141198.txt
HTAR: a   instcat_y05_191109/job_log_01141199.txt
HTAR: a   instcat_y05_191109/job_log_01141216.txt
HTAR: a   instcat_y05_191109/job_log_01141231.txt
HTAR: a   instcat_y05_191109/job_log_01141232.txt
HTAR: a   instcat_y05_191109/job_log_01141233.txt
HTAR: a   instcat_y05_191109/job_log_01141234.txt
HTAR: a   instcat_y05_191109/job_log_01141235.txt
HTAR: a   instcat_y05_191109/job_log_01141236.txt
HTAR: a   instcat_y05_191109/job_log_01141237.txt
HTAR: a   instcat_y05_191109/job_log_01141238.txt
HTAR: a   instcat_y05_191109/job_log_01141239.txt
HTAR: a   instcat_y05_191109/job_log_01141245.txt
HTAR: a   instcat_y05_191109/job_log_01141246.txt
HTAR: a   instcat_y05_191109/job_log_01141247.txt
HTAR: a   instcat_y05_191109/job_log_01141248.txt
HTAR: a   instcat_y05_191109/job_log_01141249.txt
HTAR: a   instcat_y05_191109/job_log_01141250.txt
HTAR: a   instcat_y05_191109/job_log_01141251.txt
HTAR: a   instcat_y05_191109/job_log_01141252.txt
HTAR: a   instcat_y05_191109/job_log_01141253.txt
HTAR: a   instcat_y05_191109/job_log_01141254.txt
HTAR: a   instcat_y05_191109/job_log_01141255.txt
HTAR: a   instcat_y05_191109/job_log_01141256.txt
HTAR: a   instcat_y05_191109/job_log_01141257.txt
HTAR: a   instcat_y05_191109/job_log_01141260.txt
HTAR: a   instcat_y05_191109/job_log_01141261.txt
HTAR: a   instcat_y05_191109/job_log_01141262.txt
HTAR: a   instcat_y05_191109/job_log_01141263.txt
HTAR: a   instcat_y05_191109/job_log_01141264.txt
HTAR: a   instcat_y05_191109/job_log_01141265.txt
HTAR: a   instcat_y05_191109/job_log_01141266.txt
HTAR: a   instcat_y05_191109/job_log_01141267.txt
HTAR: a   instcat_y05_191109/job_log_01141268.txt
HTAR: a   instcat_y05_191109/job_log_01141270.txt
HTAR: a   instcat_y05_191109/job_log_01141271.txt
HTAR: a   instcat_y05_191109/job_log_01141272.txt
HTAR: a   instcat_y05_191109/job_log_01141273.txt
HTAR: a   instcat_y05_191109/job_log_01141274.txt
HTAR: a   instcat_y05_191109/job_log_01141275.txt
HTAR: a   instcat_y05_191109/job_log_01141276.txt
HTAR: a   instcat_y05_191109/job_log_01141277.txt
HTAR: a   instcat_y05_191109/job_log_01141278.txt
HTAR: a   instcat_y05_191109/job_log_01141279.txt
HTAR: a   instcat_y05_191109/job_log_01141280.txt
HTAR: a   instcat_y05_191109/job_log_01141281.txt
HTAR: a   instcat_y05_191109/job_log_01141282.txt
HTAR: a   instcat_y05_191109/job_log_01141283.txt
HTAR: a   instcat_y05_191109/job_log_01141284.txt
HTAR: a   instcat_y05_191109/job_log_01141285.txt
HTAR: a   instcat_y05_191109/job_log_01141288.txt
HTAR: a   instcat_y05_191109/job_log_01141289.txt
HTAR: a   instcat_y05_191109/job_log_01141290.txt
HTAR: a   instcat_y05_191109/job_log_01141299.txt
HTAR: a   instcat_y05_191109/job_log_01144297.txt
HTAR: a   instcat_y05_191109/job_log_01144307.txt
HTAR: a   instcat_y05_191109/job_log_01144308.txt
HTAR: a   instcat_y05_191109/job_log_01145151.txt
HTAR: a   instcat_y05_191109/job_log_01145163.txt
HTAR: a   instcat_y05_191109/job_log_01145164.txt
HTAR: a   instcat_y05_191109/job_log_01145165.txt
HTAR: a   instcat_y05_191109/job_log_01145166.txt
HTAR: a   instcat_y05_191109/job_log_01145167.txt
HTAR: a   instcat_y05_191109/job_log_01145168.txt
HTAR: a   instcat_y05_191109/job_log_01145186.txt
HTAR: a   instcat_y05_191109/job_log_01145198.txt
HTAR: a   instcat_y05_191109/job_log_01145199.txt
HTAR: a   instcat_y05_191109/job_log_01145200.txt
HTAR: a   instcat_y05_191109/job_log_01145201.txt
HTAR: a   instcat_y05_191109/job_log_01145202.txt
HTAR: a   instcat_y05_191109/job_log_01145203.txt
HTAR: a   instcat_y05_191109/job_log_01145204.txt
HTAR: a   instcat_y05_191109/job_log_01145210.txt
HTAR: a   instcat_y05_191109/job_log_01145211.txt
HTAR: a   instcat_y05_191109/job_log_01145212.txt
HTAR: a   instcat_y05_191109/job_log_01145213.txt
HTAR: a   instcat_y05_191109/job_log_01145214.txt
HTAR: a   instcat_y05_191109/job_log_01145215.txt
HTAR: a   instcat_y05_191109/job_log_01145216.txt
HTAR: a   instcat_y05_191109/job_log_01145217.txt
HTAR: a   instcat_y05_191109/job_log_01145218.txt
HTAR: a   instcat_y05_191109/job_log_01145239.txt
HTAR: a   instcat_y05_191109/job_log_01145245.txt
HTAR: a   instcat_y05_191109/job_log_01145246.txt
HTAR: a   instcat_y05_191109/job_log_01145247.txt
HTAR: a   instcat_y05_191109/job_log_01145248.txt
HTAR: a   instcat_y05_191109/job_log_01145249.txt
HTAR: a   instcat_y05_191109/job_log_01145250.txt
HTAR: a   instcat_y05_191109/job_log_01145251.txt
HTAR: a   instcat_y05_191109/job_log_01145252.txt
HTAR: a   instcat_y05_191109/job_log_01145253.txt
HTAR: a   instcat_y05_191109/job_log_01145254.txt
HTAR: a   instcat_y05_191109/job_log_01145255.txt
HTAR: a   instcat_y05_191109/job_log_01145266.txt
HTAR: a   instcat_y05_191109/job_log_01145267.txt
HTAR: a   instcat_y05_191109/job_log_01145268.txt
HTAR: a   instcat_y05_191109/job_log_01145294.txt
HTAR: a   instcat_y05_191109/job_log_01145295.txt
HTAR: a   instcat_y05_191109/job_log_01145296.txt
HTAR: a   instcat_y05_191109/job_log_01145306.txt
HTAR: a   instcat_y05_191109/job_log_01145307.txt
HTAR: a   instcat_y05_191109/job_log_01145308.txt
HTAR: a   instcat_y05_191109/job_log_01145348.txt
HTAR: a   instcat_y05_191109/job_log_01148138.txt
HTAR: a   instcat_y05_191109/job_log_01148139.txt
HTAR: a   instcat_y05_191109/job_log_01148140.txt
HTAR: a   instcat_y05_191109/job_log_01148141.txt
HTAR: a   instcat_y05_191109/job_log_01148142.txt
HTAR: a   instcat_y05_191109/job_log_01148146.txt
HTAR: a   instcat_y05_191109/job_log_01148147.txt
HTAR: a   instcat_y05_191109/job_log_01148149.txt
HTAR: a   instcat_y05_191109/job_log_01148182.txt
HTAR: a   instcat_y05_191109/job_log_01148183.txt
HTAR: a   instcat_y05_191109/job_log_01148184.txt
HTAR: a   instcat_y05_191109/job_log_01148185.txt
HTAR: a   instcat_y05_191109/job_log_01148186.txt
HTAR: a   instcat_y05_191109/job_log_01148192.txt
HTAR: a   instcat_y05_191109/job_log_01148193.txt
HTAR: a   instcat_y05_191109/job_log_01148194.txt
HTAR: a   instcat_y05_191109/job_log_01148195.txt
HTAR: a   /tmp/HTAR_CF_CHK_58089_1580767132
HTAR Create complete for /home/projects/desc/DC2_ImSim/Run2.2i/instCat/y05_191109/01141198to01148195.tar. 528,326,874,112 bytes written for 240 member files, max threads: 50 Transfer time: 3664.978 seconds (144.156 MB/s) wallclock/user/sys: 3668.441 4382.919 1679.938 seconds
HTAR: HTAR SUCCESSFUL
