HTAR: a   instcat_y05_191109/01210396.tar.gz
HTAR: a   instcat_y05_191109/01210397.tar.gz
HTAR: a   instcat_y05_191109/01210398.tar.gz
HTAR: a   instcat_y05_191109/01210399.tar.gz
HTAR: a   instcat_y05_191109/01210400.tar.gz
HTAR: a   instcat_y05_191109/01210401.tar.gz
HTAR: a   instcat_y05_191109/01210402.tar.gz
HTAR: a   instcat_y05_191109/01210403.tar.gz
HTAR: a   instcat_y05_191109/01210404.tar.gz
HTAR: a   instcat_y05_191109/01210405.tar.gz
HTAR: a   instcat_y05_191109/01210406.tar.gz
HTAR: a   instcat_y05_191109/01210602.tar.gz
HTAR: a   instcat_y05_191109/01210603.tar.gz
HTAR: a   instcat_y05_191109/01210633.tar.gz
HTAR: a   instcat_y05_191109/01210634.tar.gz
HTAR: a   instcat_y05_191109/01210666.tar.gz
HTAR: a   instcat_y05_191109/01210667.tar.gz
HTAR: a   instcat_y05_191109/01210669.tar.gz
HTAR: a   instcat_y05_191109/01210703.tar.gz
HTAR: a   instcat_y05_191109/01210707.tar.gz
HTAR: a   instcat_y05_191109/01210850.tar.gz
HTAR: a   instcat_y05_191109/01210851.tar.gz
HTAR: a   instcat_y05_191109/01210881.tar.gz
HTAR: a   instcat_y05_191109/01210958.tar.gz
HTAR: a   instcat_y05_191109/01210959.tar.gz
HTAR: a   instcat_y05_191109/01210960.tar.gz
HTAR: a   instcat_y05_191109/01211013.tar.gz
HTAR: a   instcat_y05_191109/01211014.tar.gz
HTAR: a   instcat_y05_191109/01211212.tar.gz
HTAR: a   instcat_y05_191109/01211245.tar.gz
HTAR: a   instcat_y05_191109/01211247.tar.gz
HTAR: a   instcat_y05_191109/01211299.tar.gz
HTAR: a   instcat_y05_191109/01211323.tar.gz
HTAR: a   instcat_y05_191109/01211374.tar.gz
HTAR: a   instcat_y05_191109/01211375.tar.gz
HTAR: a   instcat_y05_191109/01211674.tar.gz
HTAR: a   instcat_y05_191109/01211705.tar.gz
HTAR: a   instcat_y05_191109/01211728.tar.gz
HTAR: a   instcat_y05_191109/01211742.tar.gz
HTAR: a   instcat_y05_191109/01211743.tar.gz
HTAR: a   instcat_y05_191109/01211744.tar.gz
HTAR: a   instcat_y05_191109/01211745.tar.gz
HTAR: a   instcat_y05_191109/01211770.tar.gz
HTAR: a   instcat_y05_191109/01211772.tar.gz
HTAR: a   instcat_y05_191109/01211773.tar.gz
HTAR: a   instcat_y05_191109/01211774.tar.gz
HTAR: a   instcat_y05_191109/01211788.tar.gz
HTAR: a   instcat_y05_191109/01211797.tar.gz
HTAR: a   instcat_y05_191109/01211798.tar.gz
HTAR: a   instcat_y05_191109/01211799.tar.gz
HTAR: a   instcat_y05_191109/01211816.tar.gz
HTAR: a   instcat_y05_191109/01211818.tar.gz
HTAR: a   instcat_y05_191109/01211827.tar.gz
HTAR: a   instcat_y05_191109/01211828.tar.gz
HTAR: a   instcat_y05_191109/01211829.tar.gz
HTAR: a   instcat_y05_191109/01211850.tar.gz
HTAR: a   instcat_y05_191109/01211851.tar.gz
HTAR: a   instcat_y05_191109/01211852.tar.gz
HTAR: a   instcat_y05_191109/01211853.tar.gz
HTAR: a   instcat_y05_191109/01211854.tar.gz
HTAR: a   instcat_y05_191109/01211855.tar.gz
HTAR: a   instcat_y05_191109/01211856.tar.gz
HTAR: a   instcat_y05_191109/01211858.tar.gz
HTAR: a   instcat_y05_191109/01211859.tar.gz
HTAR: a   instcat_y05_191109/01211860.tar.gz
HTAR: a   instcat_y05_191109/01211861.tar.gz
HTAR: a   instcat_y05_191109/01211862.tar.gz
HTAR: a   instcat_y05_191109/01211863.tar.gz
HTAR: a   instcat_y05_191109/01211874.tar.gz
HTAR: a   instcat_y05_191109/01211875.tar.gz
HTAR: a   instcat_y05_191109/01211876.tar.gz
HTAR: a   instcat_y05_191109/01211877.tar.gz
HTAR: a   instcat_y05_191109/01211878.tar.gz
HTAR: a   instcat_y05_191109/01211879.tar.gz
HTAR: a   instcat_y05_191109/01211880.tar.gz
HTAR: a   instcat_y05_191109/01211889.tar.gz
HTAR: a   instcat_y05_191109/01211890.tar.gz
HTAR: a   instcat_y05_191109/01211891.tar.gz
HTAR: a   instcat_y05_191109/01211892.tar.gz
HTAR: a   instcat_y05_191109/01211893.tar.gz
HTAR: a   instcat_y05_191109/01211894.tar.gz
HTAR: a   instcat_y05_191109/01211895.tar.gz
HTAR: a   instcat_y05_191109/01211896.tar.gz
HTAR: a   instcat_y05_191109/01211905.tar.gz
HTAR: a   instcat_y05_191109/01211906.tar.gz
HTAR: a   instcat_y05_191109/01211914.tar.gz
HTAR: a   instcat_y05_191109/01211915.tar.gz
HTAR: a   instcat_y05_191109/01211916.tar.gz
HTAR: a   instcat_y05_191109/01211939.tar.gz
HTAR: a   instcat_y05_191109/01211955.tar.gz
HTAR: a   instcat_y05_191109/01211956.tar.gz
HTAR: a   instcat_y05_191109/01211957.tar.gz
HTAR: a   instcat_y05_191109/01211958.tar.gz
HTAR: a   instcat_y05_191109/01211959.tar.gz
HTAR: a   instcat_y05_191109/01211960.tar.gz
HTAR: a   instcat_y05_191109/01211961.tar.gz
HTAR: a   instcat_y05_191109/01211962.tar.gz
HTAR: a   instcat_y05_191109/01212001.tar.gz
HTAR: a   instcat_y05_191109/01212002.tar.gz
HTAR: a   instcat_y05_191109/01212003.tar.gz
HTAR: a   instcat_y05_191109/01212004.tar.gz
HTAR: a   instcat_y05_191109/01212005.tar.gz
HTAR: a   instcat_y05_191109/01212006.tar.gz
HTAR: a   instcat_y05_191109/01212007.tar.gz
HTAR: a   instcat_y05_191109/01212008.tar.gz
HTAR: a   instcat_y05_191109/01212009.tar.gz
HTAR: a   instcat_y05_191109/01212010.tar.gz
HTAR: a   instcat_y05_191109/01212011.tar.gz
HTAR: a   instcat_y05_191109/01212012.tar.gz
HTAR: a   instcat_y05_191109/01212056.tar.gz
HTAR: a   instcat_y05_191109/01212058.tar.gz
HTAR: a   instcat_y05_191109/01212059.tar.gz
HTAR: a   instcat_y05_191109/01212060.tar.gz
HTAR: a   instcat_y05_191109/01212108.tar.gz
HTAR: a   instcat_y05_191109/01212153.tar.gz
HTAR: a   instcat_y05_191109/01212342.tar.gz
HTAR: a   instcat_y05_191109/01212488.tar.gz
HTAR: a   instcat_y05_191109/01212489.tar.gz
HTAR: a   instcat_y05_191109/01212490.tar.gz
HTAR: a   instcat_y05_191109/01212491.tar.gz
HTAR: a   instcat_y05_191109/job_log_01210396.txt
HTAR: a   instcat_y05_191109/job_log_01210397.txt
HTAR: a   instcat_y05_191109/job_log_01210398.txt
HTAR: a   instcat_y05_191109/job_log_01210399.txt
HTAR: a   instcat_y05_191109/job_log_01210400.txt
HTAR: a   instcat_y05_191109/job_log_01210401.txt
HTAR: a   instcat_y05_191109/job_log_01210402.txt
HTAR: a   instcat_y05_191109/job_log_01210403.txt
HTAR: a   instcat_y05_191109/job_log_01210404.txt
HTAR: a   instcat_y05_191109/job_log_01210405.txt
HTAR: a   instcat_y05_191109/job_log_01210406.txt
HTAR: a   instcat_y05_191109/job_log_01210602.txt
HTAR: a   instcat_y05_191109/job_log_01210603.txt
HTAR: a   instcat_y05_191109/job_log_01210633.txt
HTAR: a   instcat_y05_191109/job_log_01210634.txt
HTAR: a   instcat_y05_191109/job_log_01210666.txt
HTAR: a   instcat_y05_191109/job_log_01210667.txt
HTAR: a   instcat_y05_191109/job_log_01210669.txt
HTAR: a   instcat_y05_191109/job_log_01210703.txt
HTAR: a   instcat_y05_191109/job_log_01210707.txt
HTAR: a   instcat_y05_191109/job_log_01210850.txt
HTAR: a   instcat_y05_191109/job_log_01210851.txt
HTAR: a   instcat_y05_191109/job_log_01210881.txt
HTAR: a   instcat_y05_191109/job_log_01210958.txt
HTAR: a   instcat_y05_191109/job_log_01210959.txt
HTAR: a   instcat_y05_191109/job_log_01210960.txt
HTAR: a   instcat_y05_191109/job_log_01211013.txt
HTAR: a   instcat_y05_191109/job_log_01211014.txt
HTAR: a   instcat_y05_191109/job_log_01211212.txt
HTAR: a   instcat_y05_191109/job_log_01211245.txt
HTAR: a   instcat_y05_191109/job_log_01211247.txt
HTAR: a   instcat_y05_191109/job_log_01211299.txt
HTAR: a   instcat_y05_191109/job_log_01211323.txt
HTAR: a   instcat_y05_191109/job_log_01211374.txt
HTAR: a   instcat_y05_191109/job_log_01211375.txt
HTAR: a   instcat_y05_191109/job_log_01211674.txt
HTAR: a   instcat_y05_191109/job_log_01211705.txt
HTAR: a   instcat_y05_191109/job_log_01211728.txt
HTAR: a   instcat_y05_191109/job_log_01211742.txt
HTAR: a   instcat_y05_191109/job_log_01211743.txt
HTAR: a   instcat_y05_191109/job_log_01211744.txt
HTAR: a   instcat_y05_191109/job_log_01211745.txt
HTAR: a   instcat_y05_191109/job_log_01211770.txt
HTAR: a   instcat_y05_191109/job_log_01211772.txt
HTAR: a   instcat_y05_191109/job_log_01211773.txt
HTAR: a   instcat_y05_191109/job_log_01211774.txt
HTAR: a   instcat_y05_191109/job_log_01211788.txt
HTAR: a   instcat_y05_191109/job_log_01211797.txt
HTAR: a   instcat_y05_191109/job_log_01211798.txt
HTAR: a   instcat_y05_191109/job_log_01211799.txt
HTAR: a   instcat_y05_191109/job_log_01211816.txt
HTAR: a   instcat_y05_191109/job_log_01211818.txt
HTAR: a   instcat_y05_191109/job_log_01211827.txt
HTAR: a   instcat_y05_191109/job_log_01211828.txt
HTAR: a   instcat_y05_191109/job_log_01211829.txt
HTAR: a   instcat_y05_191109/job_log_01211850.txt
HTAR: a   instcat_y05_191109/job_log_01211851.txt
HTAR: a   instcat_y05_191109/job_log_01211852.txt
HTAR: a   instcat_y05_191109/job_log_01211853.txt
HTAR: a   instcat_y05_191109/job_log_01211854.txt
HTAR: a   instcat_y05_191109/job_log_01211855.txt
HTAR: a   instcat_y05_191109/job_log_01211856.txt
HTAR: a   instcat_y05_191109/job_log_01211858.txt
HTAR: a   instcat_y05_191109/job_log_01211859.txt
HTAR: a   instcat_y05_191109/job_log_01211860.txt
HTAR: a   instcat_y05_191109/job_log_01211861.txt
HTAR: a   instcat_y05_191109/job_log_01211862.txt
HTAR: a   instcat_y05_191109/job_log_01211863.txt
HTAR: a   instcat_y05_191109/job_log_01211874.txt
HTAR: a   instcat_y05_191109/job_log_01211875.txt
HTAR: a   instcat_y05_191109/job_log_01211876.txt
HTAR: a   instcat_y05_191109/job_log_01211877.txt
HTAR: a   instcat_y05_191109/job_log_01211878.txt
HTAR: a   instcat_y05_191109/job_log_01211879.txt
HTAR: a   instcat_y05_191109/job_log_01211880.txt
HTAR: a   instcat_y05_191109/job_log_01211889.txt
HTAR: a   instcat_y05_191109/job_log_01211890.txt
HTAR: a   instcat_y05_191109/job_log_01211891.txt
HTAR: a   instcat_y05_191109/job_log_01211892.txt
HTAR: a   instcat_y05_191109/job_log_01211893.txt
HTAR: a   instcat_y05_191109/job_log_01211894.txt
HTAR: a   instcat_y05_191109/job_log_01211895.txt
HTAR: a   instcat_y05_191109/job_log_01211896.txt
HTAR: a   instcat_y05_191109/job_log_01211905.txt
HTAR: a   instcat_y05_191109/job_log_01211906.txt
HTAR: a   instcat_y05_191109/job_log_01211914.txt
HTAR: a   instcat_y05_191109/job_log_01211915.txt
HTAR: a   instcat_y05_191109/job_log_01211916.txt
HTAR: a   instcat_y05_191109/job_log_01211939.txt
HTAR: a   instcat_y05_191109/job_log_01211955.txt
HTAR: a   instcat_y05_191109/job_log_01211956.txt
HTAR: a   instcat_y05_191109/job_log_01211957.txt
HTAR: a   instcat_y05_191109/job_log_01211958.txt
HTAR: a   instcat_y05_191109/job_log_01211959.txt
HTAR: a   instcat_y05_191109/job_log_01211960.txt
HTAR: a   instcat_y05_191109/job_log_01211961.txt
HTAR: a   instcat_y05_191109/job_log_01211962.txt
HTAR: a   instcat_y05_191109/job_log_01212001.txt
HTAR: a   instcat_y05_191109/job_log_01212002.txt
HTAR: a   instcat_y05_191109/job_log_01212003.txt
HTAR: a   instcat_y05_191109/job_log_01212004.txt
HTAR: a   instcat_y05_191109/job_log_01212005.txt
HTAR: a   instcat_y05_191109/job_log_01212006.txt
HTAR: a   instcat_y05_191109/job_log_01212007.txt
HTAR: a   instcat_y05_191109/job_log_01212008.txt
HTAR: a   instcat_y05_191109/job_log_01212009.txt
HTAR: a   instcat_y05_191109/job_log_01212010.txt
HTAR: a   instcat_y05_191109/job_log_01212011.txt
HTAR: a   instcat_y05_191109/job_log_01212012.txt
HTAR: a   instcat_y05_191109/job_log_01212056.txt
HTAR: a   instcat_y05_191109/job_log_01212058.txt
HTAR: a   instcat_y05_191109/job_log_01212059.txt
HTAR: a   instcat_y05_191109/job_log_01212060.txt
HTAR: a   instcat_y05_191109/job_log_01212108.txt
HTAR: a   instcat_y05_191109/job_log_01212153.txt
HTAR: a   instcat_y05_191109/job_log_01212342.txt
HTAR: a   instcat_y05_191109/job_log_01212488.txt
HTAR: a   instcat_y05_191109/job_log_01212489.txt
HTAR: a   instcat_y05_191109/job_log_01212490.txt
HTAR: a   instcat_y05_191109/job_log_01212491.txt
HTAR: a   /tmp/HTAR_CF_CHK_6870_1580741477
HTAR Create complete for /home/projects/desc/DC2_ImSim/Run2.2i/instCat/y05_191109/01210396to01212491.tar. 537,415,671,296 bytes written for 240 member files, max threads: 50 Transfer time: 4000.993 seconds (134.321 MB/s) wallclock/user/sys: 4001.445 4413.561 1616.791 seconds
HTAR: HTAR SUCCESSFUL
HTAR: a   instcat_y05_191109/01212492.tar.gz
HTAR: a   instcat_y05_191109/01212493.tar.gz
HTAR: a   instcat_y05_191109/01212494.tar.gz
HTAR: a   instcat_y05_191109/01212495.tar.gz
HTAR: a   instcat_y05_191109/01212496.tar.gz
HTAR: a   instcat_y05_191109/01212497.tar.gz
HTAR: a   instcat_y05_191109/01212498.tar.gz
HTAR: a   instcat_y05_191109/01212499.tar.gz
HTAR: a   instcat_y05_191109/01212500.tar.gz
HTAR: a   instcat_y05_191109/01212501.tar.gz
HTAR: a   instcat_y05_191109/01212502.tar.gz
HTAR: a   instcat_y05_191109/01212503.tar.gz
HTAR: a   instcat_y05_191109/01212504.tar.gz
HTAR: a   instcat_y05_191109/01212505.tar.gz
HTAR: a   instcat_y05_191109/01212506.tar.gz
HTAR: a   instcat_y05_191109/01212507.tar.gz
HTAR: a   instcat_y05_191109/01212508.tar.gz
HTAR: a   instcat_y05_191109/01212509.tar.gz
HTAR: a   instcat_y05_191109/01212510.tar.gz
HTAR: a   instcat_y05_191109/01212511.tar.gz
HTAR: a   instcat_y05_191109/01212512.tar.gz
HTAR: a   instcat_y05_191109/01212513.tar.gz
HTAR: a   instcat_y05_191109/01212514.tar.gz
HTAR: a   instcat_y05_191109/01212515.tar.gz
HTAR: a   instcat_y05_191109/01212516.tar.gz
HTAR: a   instcat_y05_191109/01212517.tar.gz
HTAR: a   instcat_y05_191109/01212518.tar.gz
HTAR: a   instcat_y05_191109/01212519.tar.gz
HTAR: a   instcat_y05_191109/01212520.tar.gz
HTAR: a   instcat_y05_191109/01212521.tar.gz
HTAR: a   instcat_y05_191109/01212522.tar.gz
HTAR: a   instcat_y05_191109/01212523.tar.gz
HTAR: a   instcat_y05_191109/01212524.tar.gz
HTAR: a   instcat_y05_191109/01212525.tar.gz
HTAR: a   instcat_y05_191109/01212526.tar.gz
HTAR: a   instcat_y05_191109/01212527.tar.gz
HTAR: a   instcat_y05_191109/01212528.tar.gz
HTAR: a   instcat_y05_191109/01212529.tar.gz
HTAR: a   instcat_y05_191109/01212530.tar.gz
HTAR: a   instcat_y05_191109/01212531.tar.gz
HTAR: a   instcat_y05_191109/01212532.tar.gz
HTAR: a   instcat_y05_191109/01212533.tar.gz
HTAR: a   instcat_y05_191109/01212534.tar.gz
HTAR: a   instcat_y05_191109/01212535.tar.gz
HTAR: a   instcat_y05_191109/01212536.tar.gz
HTAR: a   instcat_y05_191109/01212537.tar.gz
HTAR: a   instcat_y05_191109/01212538.tar.gz
HTAR: a   instcat_y05_191109/01212539.tar.gz
HTAR: a   instcat_y05_191109/01212540.tar.gz
HTAR: a   instcat_y05_191109/01212541.tar.gz
HTAR: a   instcat_y05_191109/01212542.tar.gz
HTAR: a   instcat_y05_191109/01212543.tar.gz
HTAR: a   instcat_y05_191109/01212544.tar.gz
HTAR: a   instcat_y05_191109/01212545.tar.gz
HTAR: a   instcat_y05_191109/01212546.tar.gz
HTAR: a   instcat_y05_191109/01212547.tar.gz
HTAR: a   instcat_y05_191109/01212548.tar.gz
HTAR: a   instcat_y05_191109/01212549.tar.gz
HTAR: a   instcat_y05_191109/01212550.tar.gz
HTAR: a   instcat_y05_191109/01212551.tar.gz
HTAR: a   instcat_y05_191109/01212552.tar.gz
HTAR: a   instcat_y05_191109/01212553.tar.gz
HTAR: a   instcat_y05_191109/01212554.tar.gz
HTAR: a   instcat_y05_191109/01212555.tar.gz
HTAR: a   instcat_y05_191109/01212556.tar.gz
HTAR: a   instcat_y05_191109/01212557.tar.gz
HTAR: a   instcat_y05_191109/01212558.tar.gz
HTAR: a   instcat_y05_191109/01212559.tar.gz
HTAR: a   instcat_y05_191109/01212560.tar.gz
HTAR: a   instcat_y05_191109/01212561.tar.gz
HTAR: a   instcat_y05_191109/01212562.tar.gz
HTAR: a   instcat_y05_191109/01212563.tar.gz
HTAR: a   instcat_y05_191109/01212564.tar.gz
HTAR: a   instcat_y05_191109/01212565.tar.gz
HTAR: a   instcat_y05_191109/01212566.tar.gz
HTAR: a   instcat_y05_191109/01212567.tar.gz
HTAR: a   instcat_y05_191109/01212568.tar.gz
HTAR: a   instcat_y05_191109/01212569.tar.gz
HTAR: a   instcat_y05_191109/01212570.tar.gz
HTAR: a   instcat_y05_191109/01212571.tar.gz
HTAR: a   instcat_y05_191109/01212572.tar.gz
HTAR: a   instcat_y05_191109/01212573.tar.gz
HTAR: a   instcat_y05_191109/01212574.tar.gz
HTAR: a   instcat_y05_191109/01212575.tar.gz
HTAR: a   instcat_y05_191109/01212576.tar.gz
HTAR: a   instcat_y05_191109/01212577.tar.gz
HTAR: a   instcat_y05_191109/01212578.tar.gz
HTAR: a   instcat_y05_191109/01212579.tar.gz
HTAR: a   instcat_y05_191109/01212580.tar.gz
HTAR: a   instcat_y05_191109/01212581.tar.gz
HTAR: a   instcat_y05_191109/01212582.tar.gz
HTAR: a   instcat_y05_191109/01212583.tar.gz
HTAR: a   instcat_y05_191109/01212610.tar.gz
HTAR: a   instcat_y05_191109/01212611.tar.gz
HTAR: a   instcat_y05_191109/01212612.tar.gz
HTAR: a   instcat_y05_191109/01212614.tar.gz
HTAR: a   instcat_y05_191109/01212615.tar.gz
HTAR: a   instcat_y05_191109/01212616.tar.gz
HTAR: a   instcat_y05_191109/01212617.tar.gz
HTAR: a   instcat_y05_191109/01212618.tar.gz
HTAR: a   instcat_y05_191109/01212643.tar.gz
HTAR: a   instcat_y05_191109/01212645.tar.gz
HTAR: a   instcat_y05_191109/01212647.tar.gz
HTAR: a   instcat_y05_191109/01212648.tar.gz
HTAR: a   instcat_y05_191109/01212649.tar.gz
HTAR: a   instcat_y05_191109/01212650.tar.gz
HTAR: a   instcat_y05_191109/01212679.tar.gz
HTAR: a   instcat_y05_191109/01212680.tar.gz
HTAR: a   instcat_y05_191109/01212684.tar.gz
HTAR: a   instcat_y05_191109/01212729.tar.gz
HTAR: a   instcat_y05_191109/01212738.tar.gz
HTAR: a   instcat_y05_191109/01212746.tar.gz
HTAR: a   instcat_y05_191109/01212791.tar.gz
HTAR: a   instcat_y05_191109/01212792.tar.gz
HTAR: a   instcat_y05_191109/01212793.tar.gz
HTAR: a   instcat_y05_191109/01212825.tar.gz
HTAR: a   instcat_y05_191109/01212826.tar.gz
HTAR: a   instcat_y05_191109/01212827.tar.gz
HTAR: a   instcat_y05_191109/01212833.tar.gz
HTAR: a   instcat_y05_191109/01212834.tar.gz
HTAR: a   instcat_y05_191109/job_log_01212492.txt
HTAR: a   instcat_y05_191109/job_log_01212493.txt
HTAR: a   instcat_y05_191109/job_log_01212494.txt
HTAR: a   instcat_y05_191109/job_log_01212495.txt
HTAR: a   instcat_y05_191109/job_log_01212496.txt
HTAR: a   instcat_y05_191109/job_log_01212497.txt
HTAR: a   instcat_y05_191109/job_log_01212498.txt
HTAR: a   instcat_y05_191109/job_log_01212499.txt
HTAR: a   instcat_y05_191109/job_log_01212500.txt
HTAR: a   instcat_y05_191109/job_log_01212501.txt
HTAR: a   instcat_y05_191109/job_log_01212502.txt
HTAR: a   instcat_y05_191109/job_log_01212503.txt
HTAR: a   instcat_y05_191109/job_log_01212504.txt
HTAR: a   instcat_y05_191109/job_log_01212505.txt
HTAR: a   instcat_y05_191109/job_log_01212506.txt
HTAR: a   instcat_y05_191109/job_log_01212507.txt
HTAR: a   instcat_y05_191109/job_log_01212508.txt
HTAR: a   instcat_y05_191109/job_log_01212509.txt
HTAR: a   instcat_y05_191109/job_log_01212510.txt
HTAR: a   instcat_y05_191109/job_log_01212511.txt
HTAR: a   instcat_y05_191109/job_log_01212512.txt
HTAR: a   instcat_y05_191109/job_log_01212513.txt
HTAR: a   instcat_y05_191109/job_log_01212514.txt
HTAR: a   instcat_y05_191109/job_log_01212515.txt
HTAR: a   instcat_y05_191109/job_log_01212516.txt
HTAR: a   instcat_y05_191109/job_log_01212517.txt
HTAR: a   instcat_y05_191109/job_log_01212518.txt
HTAR: a   instcat_y05_191109/job_log_01212519.txt
HTAR: a   instcat_y05_191109/job_log_01212520.txt
HTAR: a   instcat_y05_191109/job_log_01212521.txt
HTAR: a   instcat_y05_191109/job_log_01212522.txt
HTAR: a   instcat_y05_191109/job_log_01212523.txt
HTAR: a   instcat_y05_191109/job_log_01212524.txt
HTAR: a   instcat_y05_191109/job_log_01212525.txt
HTAR: a   instcat_y05_191109/job_log_01212526.txt
HTAR: a   instcat_y05_191109/job_log_01212527.txt
HTAR: a   instcat_y05_191109/job_log_01212528.txt
HTAR: a   instcat_y05_191109/job_log_01212529.txt
HTAR: a   instcat_y05_191109/job_log_01212530.txt
HTAR: a   instcat_y05_191109/job_log_01212531.txt
HTAR: a   instcat_y05_191109/job_log_01212532.txt
HTAR: a   instcat_y05_191109/job_log_01212533.txt
HTAR: a   instcat_y05_191109/job_log_01212534.txt
HTAR: a   instcat_y05_191109/job_log_01212535.txt
HTAR: a   instcat_y05_191109/job_log_01212536.txt
HTAR: a   instcat_y05_191109/job_log_01212537.txt
HTAR: a   instcat_y05_191109/job_log_01212538.txt
HTAR: a   instcat_y05_191109/job_log_01212539.txt
HTAR: a   instcat_y05_191109/job_log_01212540.txt
HTAR: a   instcat_y05_191109/job_log_01212541.txt
HTAR: a   instcat_y05_191109/job_log_01212542.txt
HTAR: a   instcat_y05_191109/job_log_01212543.txt
HTAR: a   instcat_y05_191109/job_log_01212544.txt
HTAR: a   instcat_y05_191109/job_log_01212545.txt
HTAR: a   instcat_y05_191109/job_log_01212546.txt
HTAR: a   instcat_y05_191109/job_log_01212547.txt
HTAR: a   instcat_y05_191109/job_log_01212548.txt
HTAR: a   instcat_y05_191109/job_log_01212549.txt
HTAR: a   instcat_y05_191109/job_log_01212550.txt
HTAR: a   instcat_y05_191109/job_log_01212551.txt
HTAR: a   instcat_y05_191109/job_log_01212552.txt
HTAR: a   instcat_y05_191109/job_log_01212553.txt
HTAR: a   instcat_y05_191109/job_log_01212554.txt
HTAR: a   instcat_y05_191109/job_log_01212555.txt
HTAR: a   instcat_y05_191109/job_log_01212556.txt
HTAR: a   instcat_y05_191109/job_log_01212557.txt
HTAR: a   instcat_y05_191109/job_log_01212558.txt
HTAR: a   instcat_y05_191109/job_log_01212559.txt
HTAR: a   instcat_y05_191109/job_log_01212560.txt
HTAR: a   instcat_y05_191109/job_log_01212561.txt
HTAR: a   instcat_y05_191109/job_log_01212562.txt
HTAR: a   instcat_y05_191109/job_log_01212563.txt
HTAR: a   instcat_y05_191109/job_log_01212564.txt
HTAR: a   instcat_y05_191109/job_log_01212565.txt
HTAR: a   instcat_y05_191109/job_log_01212566.txt
HTAR: a   instcat_y05_191109/job_log_01212567.txt
HTAR: a   instcat_y05_191109/job_log_01212568.txt
HTAR: a   instcat_y05_191109/job_log_01212569.txt
HTAR: a   instcat_y05_191109/job_log_01212570.txt
HTAR: a   instcat_y05_191109/job_log_01212571.txt
HTAR: a   instcat_y05_191109/job_log_01212572.txt
HTAR: a   instcat_y05_191109/job_log_01212573.txt
HTAR: a   instcat_y05_191109/job_log_01212574.txt
HTAR: a   instcat_y05_191109/job_log_01212575.txt
HTAR: a   instcat_y05_191109/job_log_01212576.txt
HTAR: a   instcat_y05_191109/job_log_01212577.txt
HTAR: a   instcat_y05_191109/job_log_01212578.txt
HTAR: a   instcat_y05_191109/job_log_01212579.txt
HTAR: a   instcat_y05_191109/job_log_01212580.txt
HTAR: a   instcat_y05_191109/job_log_01212581.txt
HTAR: a   instcat_y05_191109/job_log_01212582.txt
HTAR: a   instcat_y05_191109/job_log_01212583.txt
HTAR: a   instcat_y05_191109/job_log_01212610.txt
HTAR: a   instcat_y05_191109/job_log_01212611.txt
HTAR: a   instcat_y05_191109/job_log_01212612.txt
HTAR: a   instcat_y05_191109/job_log_01212614.txt
HTAR: a   instcat_y05_191109/job_log_01212615.txt
HTAR: a   instcat_y05_191109/job_log_01212616.txt
HTAR: a   instcat_y05_191109/job_log_01212617.txt
HTAR: a   instcat_y05_191109/job_log_01212618.txt
HTAR: a   instcat_y05_191109/job_log_01212643.txt
HTAR: a   instcat_y05_191109/job_log_01212645.txt
HTAR: a   instcat_y05_191109/job_log_01212647.txt
HTAR: a   instcat_y05_191109/job_log_01212648.txt
HTAR: a   instcat_y05_191109/job_log_01212649.txt
HTAR: a   instcat_y05_191109/job_log_01212650.txt
HTAR: a   instcat_y05_191109/job_log_01212679.txt
HTAR: a   instcat_y05_191109/job_log_01212680.txt
HTAR: a   instcat_y05_191109/job_log_01212684.txt
HTAR: a   instcat_y05_191109/job_log_01212729.txt
HTAR: a   instcat_y05_191109/job_log_01212738.txt
HTAR: a   instcat_y05_191109/job_log_01212746.txt
HTAR: a   instcat_y05_191109/job_log_01212791.txt
HTAR: a   instcat_y05_191109/job_log_01212792.txt
HTAR: a   instcat_y05_191109/job_log_01212793.txt
HTAR: a   instcat_y05_191109/job_log_01212825.txt
HTAR: a   instcat_y05_191109/job_log_01212826.txt
HTAR: a   instcat_y05_191109/job_log_01212827.txt
HTAR: a   instcat_y05_191109/job_log_01212833.txt
HTAR: a   instcat_y05_191109/job_log_01212834.txt
HTAR: a   /tmp/HTAR_CF_CHK_47973_1580745483
HTAR Create complete for /home/projects/desc/DC2_ImSim/Run2.2i/instCat/y05_191109/01212492to01212834.tar. 562,712,487,936 bytes written for 240 member files, max threads: 50 Transfer time: 3979.772 seconds (141.393 MB/s) wallclock/user/sys: 3982.438 4625.515 1501.297 seconds
HTAR: HTAR SUCCESSFUL
HTAR: a   instcat_y05_191109/01212835.tar.gz
HTAR: a   instcat_y05_191109/01212859.tar.gz
HTAR: a   instcat_y05_191109/01212860.tar.gz
HTAR: a   instcat_y05_191109/01212874.tar.gz
HTAR: a   instcat_y05_191109/01212875.tar.gz
HTAR: a   instcat_y05_191109/01213024.tar.gz
HTAR: a   instcat_y05_191109/01213025.tar.gz
HTAR: a   instcat_y05_191109/01213028.tar.gz
HTAR: a   instcat_y05_191109/01213064.tar.gz
HTAR: a   instcat_y05_191109/01213065.tar.gz
HTAR: a   instcat_y05_191109/01213066.tar.gz
HTAR: a   instcat_y05_191109/01213067.tar.gz
HTAR: a   instcat_y05_191109/01213068.tar.gz
HTAR: a   instcat_y05_191109/01213069.tar.gz
HTAR: a   instcat_y05_191109/01213070.tar.gz
HTAR: a   instcat_y05_191109/01213071.tar.gz
HTAR: a   instcat_y05_191109/01213072.tar.gz
HTAR: a   instcat_y05_191109/01213073.tar.gz
HTAR: a   instcat_y05_191109/01213169.tar.gz
HTAR: a   instcat_y05_191109/01213170.tar.gz
HTAR: a   instcat_y05_191109/01213171.tar.gz
HTAR: a   instcat_y05_191109/01213172.tar.gz
HTAR: a   instcat_y05_191109/01213183.tar.gz
HTAR: a   instcat_y05_191109/01213184.tar.gz
HTAR: a   instcat_y05_191109/01213205.tar.gz
HTAR: a   instcat_y05_191109/01213206.tar.gz
HTAR: a   instcat_y05_191109/01213207.tar.gz
HTAR: a   instcat_y05_191109/01213208.tar.gz
HTAR: a   instcat_y05_191109/01213226.tar.gz
HTAR: a   instcat_y05_191109/01213227.tar.gz
HTAR: a   instcat_y05_191109/01213228.tar.gz
HTAR: a   instcat_y05_191109/01213229.tar.gz
HTAR: a   instcat_y05_191109/01213230.tar.gz
HTAR: a   instcat_y05_191109/01213245.tar.gz
HTAR: a   instcat_y05_191109/01213246.tar.gz
HTAR: a   instcat_y05_191109/01213247.tar.gz
HTAR: a   instcat_y05_191109/01213248.tar.gz
HTAR: a   instcat_y05_191109/01213249.tar.gz
HTAR: a   instcat_y05_191109/01213250.tar.gz
HTAR: a   instcat_y05_191109/01213251.tar.gz
HTAR: a   instcat_y05_191109/01213252.tar.gz
HTAR: a   instcat_y05_191109/01213253.tar.gz
HTAR: a   instcat_y05_191109/01213254.tar.gz
HTAR: a   instcat_y05_191109/01213255.tar.gz
HTAR: a   instcat_y05_191109/01213256.tar.gz
HTAR: a   instcat_y05_191109/01213257.tar.gz
HTAR: a   instcat_y05_191109/01213258.tar.gz
HTAR: a   instcat_y05_191109/01213259.tar.gz
HTAR: a   instcat_y05_191109/01213276.tar.gz
HTAR: a   instcat_y05_191109/01213277.tar.gz
HTAR: a   instcat_y05_191109/01213278.tar.gz
HTAR: a   instcat_y05_191109/01213279.tar.gz
HTAR: a   instcat_y05_191109/01213280.tar.gz
HTAR: a   instcat_y05_191109/01213281.tar.gz
HTAR: a   instcat_y05_191109/01213295.tar.gz
HTAR: a   instcat_y05_191109/01213296.tar.gz
HTAR: a   instcat_y05_191109/01213297.tar.gz
HTAR: a   instcat_y05_191109/01213298.tar.gz
HTAR: a   instcat_y05_191109/01213299.tar.gz
HTAR: a   instcat_y05_191109/01213306.tar.gz
HTAR: a   instcat_y05_191109/01213307.tar.gz
HTAR: a   instcat_y05_191109/01213308.tar.gz
HTAR: a   instcat_y05_191109/01213342.tar.gz
HTAR: a   instcat_y05_191109/01213343.tar.gz
HTAR: a   instcat_y05_191109/01213344.tar.gz
HTAR: a   instcat_y05_191109/01213730.tar.gz
HTAR: a   instcat_y05_191109/01213732.tar.gz
HTAR: a   instcat_y05_191109/01213957.tar.gz
HTAR: a   instcat_y05_191109/01213960.tar.gz
HTAR: a   instcat_y05_191109/01213993.tar.gz
HTAR: a   instcat_y05_191109/01213995.tar.gz
HTAR: a   instcat_y05_191109/01213996.tar.gz
HTAR: a   instcat_y05_191109/01213997.tar.gz
HTAR: a   instcat_y05_191109/01213998.tar.gz
HTAR: a   instcat_y05_191109/01214054.tar.gz
HTAR: a   instcat_y05_191109/01214641.tar.gz
HTAR: a   instcat_y05_191109/01214642.tar.gz
HTAR: a   instcat_y05_191109/01214643.tar.gz
HTAR: a   instcat_y05_191109/01214644.tar.gz
HTAR: a   instcat_y05_191109/01214645.tar.gz
HTAR: a   instcat_y05_191109/01214648.tar.gz
HTAR: a   instcat_y05_191109/01214649.tar.gz
HTAR: a   instcat_y05_191109/01214650.tar.gz
HTAR: a   instcat_y05_191109/01214651.tar.gz
HTAR: a   instcat_y05_191109/01214652.tar.gz
HTAR: a   instcat_y05_191109/01214653.tar.gz
HTAR: a   instcat_y05_191109/01214654.tar.gz
HTAR: a   instcat_y05_191109/01214655.tar.gz
HTAR: a   instcat_y05_191109/01214656.tar.gz
HTAR: a   instcat_y05_191109/01214657.tar.gz
HTAR: a   instcat_y05_191109/01214658.tar.gz
HTAR: a   instcat_y05_191109/01214659.tar.gz
HTAR: a   instcat_y05_191109/01214660.tar.gz
HTAR: a   instcat_y05_191109/01214705.tar.gz
HTAR: a   instcat_y05_191109/01214706.tar.gz
HTAR: a   instcat_y05_191109/01214707.tar.gz
HTAR: a   instcat_y05_191109/01214708.tar.gz
HTAR: a   instcat_y05_191109/01214709.tar.gz
HTAR: a   instcat_y05_191109/01214710.tar.gz
HTAR: a   instcat_y05_191109/01214711.tar.gz
HTAR: a   instcat_y05_191109/01214712.tar.gz
HTAR: a   instcat_y05_191109/01214713.tar.gz
HTAR: a   instcat_y05_191109/01214714.tar.gz
HTAR: a   instcat_y05_191109/01214715.tar.gz
HTAR: a   instcat_y05_191109/01214716.tar.gz
HTAR: a   instcat_y05_191109/01214717.tar.gz
HTAR: a   instcat_y05_191109/01214718.tar.gz
HTAR: a   instcat_y05_191109/01214719.tar.gz
HTAR: a   instcat_y05_191109/01214720.tar.gz
HTAR: a   instcat_y05_191109/01214721.tar.gz
HTAR: a   instcat_y05_191109/01214722.tar.gz
HTAR: a   instcat_y05_191109/01214723.tar.gz
HTAR: a   instcat_y05_191109/01214724.tar.gz
HTAR: a   instcat_y05_191109/01215368.tar.gz
HTAR: a   instcat_y05_191109/01215415.tar.gz
HTAR: a   instcat_y05_191109/01215416.tar.gz
HTAR: a   instcat_y05_191109/01215417.tar.gz
HTAR: a   instcat_y05_191109/01215418.tar.gz
HTAR: a   instcat_y05_191109/01215459.tar.gz
HTAR: a   instcat_y05_191109/01215460.tar.gz
HTAR: a   instcat_y05_191109/job_log_01212835.txt
HTAR: a   instcat_y05_191109/job_log_01212859.txt
HTAR: a   instcat_y05_191109/job_log_01212860.txt
HTAR: a   instcat_y05_191109/job_log_01212874.txt
HTAR: a   instcat_y05_191109/job_log_01212875.txt
HTAR: a   instcat_y05_191109/job_log_01213024.txt
HTAR: a   instcat_y05_191109/job_log_01213025.txt
HTAR: a   instcat_y05_191109/job_log_01213028.txt
HTAR: a   instcat_y05_191109/job_log_01213064.txt
HTAR: a   instcat_y05_191109/job_log_01213065.txt
HTAR: a   instcat_y05_191109/job_log_01213066.txt
HTAR: a   instcat_y05_191109/job_log_01213067.txt
HTAR: a   instcat_y05_191109/job_log_01213068.txt
HTAR: a   instcat_y05_191109/job_log_01213069.txt
HTAR: a   instcat_y05_191109/job_log_01213070.txt
HTAR: a   instcat_y05_191109/job_log_01213071.txt
HTAR: a   instcat_y05_191109/job_log_01213072.txt
HTAR: a   instcat_y05_191109/job_log_01213073.txt
HTAR: a   instcat_y05_191109/job_log_01213169.txt
HTAR: a   instcat_y05_191109/job_log_01213170.txt
HTAR: a   instcat_y05_191109/job_log_01213171.txt
HTAR: a   instcat_y05_191109/job_log_01213172.txt
HTAR: a   instcat_y05_191109/job_log_01213183.txt
HTAR: a   instcat_y05_191109/job_log_01213184.txt
HTAR: a   instcat_y05_191109/job_log_01213205.txt
HTAR: a   instcat_y05_191109/job_log_01213206.txt
HTAR: a   instcat_y05_191109/job_log_01213207.txt
HTAR: a   instcat_y05_191109/job_log_01213208.txt
HTAR: a   instcat_y05_191109/job_log_01213226.txt
HTAR: a   instcat_y05_191109/job_log_01213227.txt
HTAR: a   instcat_y05_191109/job_log_01213228.txt
HTAR: a   instcat_y05_191109/job_log_01213229.txt
HTAR: a   instcat_y05_191109/job_log_01213230.txt
HTAR: a   instcat_y05_191109/job_log_01213245.txt
HTAR: a   instcat_y05_191109/job_log_01213246.txt
HTAR: a   instcat_y05_191109/job_log_01213247.txt
HTAR: a   instcat_y05_191109/job_log_01213248.txt
HTAR: a   instcat_y05_191109/job_log_01213249.txt
HTAR: a   instcat_y05_191109/job_log_01213250.txt
HTAR: a   instcat_y05_191109/job_log_01213251.txt
HTAR: a   instcat_y05_191109/job_log_01213252.txt
HTAR: a   instcat_y05_191109/job_log_01213253.txt
HTAR: a   instcat_y05_191109/job_log_01213254.txt
HTAR: a   instcat_y05_191109/job_log_01213255.txt
HTAR: a   instcat_y05_191109/job_log_01213256.txt
HTAR: a   instcat_y05_191109/job_log_01213257.txt
HTAR: a   instcat_y05_191109/job_log_01213258.txt
HTAR: a   instcat_y05_191109/job_log_01213259.txt
HTAR: a   instcat_y05_191109/job_log_01213276.txt
HTAR: a   instcat_y05_191109/job_log_01213277.txt
HTAR: a   instcat_y05_191109/job_log_01213278.txt
HTAR: a   instcat_y05_191109/job_log_01213279.txt
HTAR: a   instcat_y05_191109/job_log_01213280.txt
HTAR: a   instcat_y05_191109/job_log_01213281.txt
HTAR: a   instcat_y05_191109/job_log_01213295.txt
HTAR: a   instcat_y05_191109/job_log_01213296.txt
HTAR: a   instcat_y05_191109/job_log_01213297.txt
HTAR: a   instcat_y05_191109/job_log_01213298.txt
HTAR: a   instcat_y05_191109/job_log_01213299.txt
HTAR: a   instcat_y05_191109/job_log_01213306.txt
HTAR: a   instcat_y05_191109/job_log_01213307.txt
HTAR: a   instcat_y05_191109/job_log_01213308.txt
HTAR: a   instcat_y05_191109/job_log_01213342.txt
HTAR: a   instcat_y05_191109/job_log_01213343.txt
HTAR: a   instcat_y05_191109/job_log_01213344.txt
HTAR: a   instcat_y05_191109/job_log_01213730.txt
HTAR: a   instcat_y05_191109/job_log_01213732.txt
HTAR: a   instcat_y05_191109/job_log_01213957.txt
HTAR: a   instcat_y05_191109/job_log_01213960.txt
HTAR: a   instcat_y05_191109/job_log_01213993.txt
HTAR: a   instcat_y05_191109/job_log_01213995.txt
HTAR: a   instcat_y05_191109/job_log_01213996.txt
HTAR: a   instcat_y05_191109/job_log_01213997.txt
HTAR: a   instcat_y05_191109/job_log_01213998.txt
HTAR: a   instcat_y05_191109/job_log_01214054.txt
HTAR: a   instcat_y05_191109/job_log_01214641.txt
HTAR: a   instcat_y05_191109/job_log_01214642.txt
HTAR: a   instcat_y05_191109/job_log_01214643.txt
HTAR: a   instcat_y05_191109/job_log_01214644.txt
HTAR: a   instcat_y05_191109/job_log_01214645.txt
HTAR: a   instcat_y05_191109/job_log_01214648.txt
HTAR: a   instcat_y05_191109/job_log_01214649.txt
HTAR: a   instcat_y05_191109/job_log_01214650.txt
HTAR: a   instcat_y05_191109/job_log_01214651.txt
HTAR: a   instcat_y05_191109/job_log_01214652.txt
HTAR: a   instcat_y05_191109/job_log_01214653.txt
HTAR: a   instcat_y05_191109/job_log_01214654.txt
HTAR: a   instcat_y05_191109/job_log_01214655.txt
HTAR: a   instcat_y05_191109/job_log_01214656.txt
HTAR: a   instcat_y05_191109/job_log_01214657.txt
HTAR: a   instcat_y05_191109/job_log_01214658.txt
HTAR: a   instcat_y05_191109/job_log_01214659.txt
HTAR: a   instcat_y05_191109/job_log_01214660.txt
HTAR: a   instcat_y05_191109/job_log_01214705.txt
HTAR: a   instcat_y05_191109/job_log_01214706.txt
HTAR: a   instcat_y05_191109/job_log_01214707.txt
HTAR: a   instcat_y05_191109/job_log_01214708.txt
HTAR: a   instcat_y05_191109/job_log_01214709.txt
HTAR: a   instcat_y05_191109/job_log_01214710.txt
HTAR: a   instcat_y05_191109/job_log_01214711.txt
HTAR: a   instcat_y05_191109/job_log_01214712.txt
HTAR: a   instcat_y05_191109/job_log_01214713.txt
HTAR: a   instcat_y05_191109/job_log_01214714.txt
HTAR: a   instcat_y05_191109/job_log_01214715.txt
HTAR: a   instcat_y05_191109/job_log_01214716.txt
HTAR: a   instcat_y05_191109/job_log_01214717.txt
HTAR: a   instcat_y05_191109/job_log_01214718.txt
HTAR: a   instcat_y05_191109/job_log_01214719.txt
HTAR: a   instcat_y05_191109/job_log_01214720.txt
HTAR: a   instcat_y05_191109/job_log_01214721.txt
HTAR: a   instcat_y05_191109/job_log_01214722.txt
HTAR: a   instcat_y05_191109/job_log_01214723.txt
HTAR: a   instcat_y05_191109/job_log_01214724.txt
HTAR: a   instcat_y05_191109/job_log_01215368.txt
HTAR: a   instcat_y05_191109/job_log_01215415.txt
HTAR: a   instcat_y05_191109/job_log_01215416.txt
HTAR: a   instcat_y05_191109/job_log_01215417.txt
HTAR: a   instcat_y05_191109/job_log_01215418.txt
HTAR: a   instcat_y05_191109/job_log_01215459.txt
HTAR: a   instcat_y05_191109/job_log_01215460.txt
HTAR: a   /tmp/HTAR_CF_CHK_36750_1580749474
HTAR Create complete for /home/projects/desc/DC2_ImSim/Run2.2i/instCat/y05_191109/01212835to01215460.tar. 517,243,342,848 bytes written for 240 member files, max threads: 50 Transfer time: 3332.395 seconds (155.217 MB/s) wallclock/user/sys: 3340.247 4216.290 1202.380 seconds
HTAR: HTAR SUCCESSFUL
HTAR: a   instcat_y05_191109/01215461.tar.gz
HTAR: a   instcat_y05_191109/01215462.tar.gz
HTAR: a   instcat_y05_191109/01215467.tar.gz
HTAR: a   instcat_y05_191109/01215468.tar.gz
HTAR: a   instcat_y05_191109/01215469.tar.gz
HTAR: a   instcat_y05_191109/01215470.tar.gz
HTAR: a   instcat_y05_191109/01215471.tar.gz
HTAR: a   instcat_y05_191109/01215472.tar.gz
HTAR: a   instcat_y05_191109/01215512.tar.gz
HTAR: a   instcat_y05_191109/01215515.tar.gz
HTAR: a   instcat_y05_191109/01215516.tar.gz
HTAR: a   instcat_y05_191109/01215517.tar.gz
HTAR: a   instcat_y05_191109/01215518.tar.gz
HTAR: a   instcat_y05_191109/01215519.tar.gz
HTAR: a   instcat_y05_191109/01215520.tar.gz
HTAR: a   instcat_y05_191109/01215546.tar.gz
HTAR: a   instcat_y05_191109/01215547.tar.gz
HTAR: a   instcat_y05_191109/01215548.tar.gz
HTAR: a   instcat_y05_191109/01215549.tar.gz
HTAR: a   instcat_y05_191109/01215589.tar.gz
HTAR: a   instcat_y05_191109/01215590.tar.gz
HTAR: a   instcat_y05_191109/01215591.tar.gz
HTAR: a   instcat_y05_191109/01215634.tar.gz
HTAR: a   instcat_y05_191109/01215636.tar.gz
HTAR: a   instcat_y05_191109/01215637.tar.gz
HTAR: a   instcat_y05_191109/01215638.tar.gz
HTAR: a   instcat_y05_191109/01215639.tar.gz
HTAR: a   instcat_y05_191109/01215640.tar.gz
HTAR: a   instcat_y05_191109/01215641.tar.gz
HTAR: a   instcat_y05_191109/01215642.tar.gz
HTAR: a   instcat_y05_191109/01215643.tar.gz
HTAR: a   instcat_y05_191109/01215644.tar.gz
HTAR: a   instcat_y05_191109/01215672.tar.gz
HTAR: a   instcat_y05_191109/01215674.tar.gz
HTAR: a   instcat_y05_191109/01215675.tar.gz
HTAR: a   instcat_y05_191109/01215676.tar.gz
HTAR: a   instcat_y05_191109/01215677.tar.gz
HTAR: a   instcat_y05_191109/01215678.tar.gz
HTAR: a   instcat_y05_191109/01215679.tar.gz
HTAR: a   instcat_y05_191109/01215680.tar.gz
HTAR: a   instcat_y05_191109/01215681.tar.gz
HTAR: a   instcat_y05_191109/01215682.tar.gz
HTAR: a   instcat_y05_191109/01215940.tar.gz
HTAR: a   instcat_y05_191109/01215941.tar.gz
HTAR: a   instcat_y05_191109/01215942.tar.gz
HTAR: a   instcat_y05_191109/01215943.tar.gz
HTAR: a   instcat_y05_191109/01215944.tar.gz
HTAR: a   instcat_y05_191109/01215945.tar.gz
HTAR: a   instcat_y05_191109/01215946.tar.gz
HTAR: a   instcat_y05_191109/01215947.tar.gz
HTAR: a   instcat_y05_191109/01215948.tar.gz
HTAR: a   instcat_y05_191109/01215949.tar.gz
HTAR: a   instcat_y05_191109/01215950.tar.gz
HTAR: a   instcat_y05_191109/01215951.tar.gz
HTAR: a   instcat_y05_191109/01215952.tar.gz
HTAR: a   instcat_y05_191109/01215953.tar.gz
HTAR: a   instcat_y05_191109/01215954.tar.gz
HTAR: a   instcat_y05_191109/01215955.tar.gz
HTAR: a   instcat_y05_191109/01215956.tar.gz
HTAR: a   instcat_y05_191109/01215957.tar.gz
HTAR: a   instcat_y05_191109/01215958.tar.gz
HTAR: a   instcat_y05_191109/01215959.tar.gz
HTAR: a   instcat_y05_191109/01215960.tar.gz
HTAR: a   instcat_y05_191109/01215961.tar.gz
HTAR: a   instcat_y05_191109/01215962.tar.gz
HTAR: a   instcat_y05_191109/01215963.tar.gz
HTAR: a   instcat_y05_191109/01215964.tar.gz
HTAR: a   instcat_y05_191109/01215965.tar.gz
HTAR: a   instcat_y05_191109/01215966.tar.gz
HTAR: a   instcat_y05_191109/01215967.tar.gz
HTAR: a   instcat_y05_191109/01215968.tar.gz
HTAR: a   instcat_y05_191109/01215969.tar.gz
HTAR: a   instcat_y05_191109/01215970.tar.gz
HTAR: a   instcat_y05_191109/01215971.tar.gz
HTAR: a   instcat_y05_191109/01215972.tar.gz
HTAR: a   instcat_y05_191109/01215973.tar.gz
HTAR: a   instcat_y05_191109/01215974.tar.gz
HTAR: a   instcat_y05_191109/01215975.tar.gz
HTAR: a   instcat_y05_191109/01215976.tar.gz
HTAR: a   instcat_y05_191109/01215977.tar.gz
HTAR: a   instcat_y05_191109/01215978.tar.gz
HTAR: a   instcat_y05_191109/01215979.tar.gz
HTAR: a   instcat_y05_191109/01215980.tar.gz
HTAR: a   instcat_y05_191109/01215981.tar.gz
HTAR: a   instcat_y05_191109/01215982.tar.gz
HTAR: a   instcat_y05_191109/01215983.tar.gz
HTAR: a   instcat_y05_191109/01215984.tar.gz
HTAR: a   instcat_y05_191109/01215985.tar.gz
HTAR: a   instcat_y05_191109/01215986.tar.gz
HTAR: a   instcat_y05_191109/01215987.tar.gz
HTAR: a   instcat_y05_191109/01215988.tar.gz
HTAR: a   instcat_y05_191109/01215989.tar.gz
HTAR: a   instcat_y05_191109/01215990.tar.gz
HTAR: a   instcat_y05_191109/01215991.tar.gz
HTAR: a   instcat_y05_191109/01215992.tar.gz
HTAR: a   instcat_y05_191109/01215993.tar.gz
HTAR: a   instcat_y05_191109/01215994.tar.gz
HTAR: a   instcat_y05_191109/01215995.tar.gz
HTAR: a   instcat_y05_191109/01215996.tar.gz
HTAR: a   instcat_y05_191109/01215997.tar.gz
HTAR: a   instcat_y05_191109/01215998.tar.gz
HTAR: a   instcat_y05_191109/01215999.tar.gz
HTAR: a   instcat_y05_191109/01216000.tar.gz
HTAR: a   instcat_y05_191109/01216001.tar.gz
HTAR: a   instcat_y05_191109/01216002.tar.gz
HTAR: a   instcat_y05_191109/01216003.tar.gz
HTAR: a   instcat_y05_191109/01216004.tar.gz
HTAR: a   instcat_y05_191109/01216005.tar.gz
HTAR: a   instcat_y05_191109/01216006.tar.gz
HTAR: a   instcat_y05_191109/01216007.tar.gz
HTAR: a   instcat_y05_191109/01216008.tar.gz
HTAR: a   instcat_y05_191109/01216009.tar.gz
HTAR: a   instcat_y05_191109/01216010.tar.gz
HTAR: a   instcat_y05_191109/01216011.tar.gz
HTAR: a   instcat_y05_191109/01216012.tar.gz
HTAR: a   instcat_y05_191109/01216013.tar.gz
HTAR: a   instcat_y05_191109/01216014.tar.gz
HTAR: a   instcat_y05_191109/01216015.tar.gz
HTAR: a   instcat_y05_191109/01216016.tar.gz
HTAR: a   instcat_y05_191109/01216017.tar.gz
HTAR: a   instcat_y05_191109/job_log_01215461.txt
HTAR: a   instcat_y05_191109/job_log_01215462.txt
HTAR: a   instcat_y05_191109/job_log_01215467.txt
HTAR: a   instcat_y05_191109/job_log_01215468.txt
HTAR: a   instcat_y05_191109/job_log_01215469.txt
HTAR: a   instcat_y05_191109/job_log_01215470.txt
HTAR: a   instcat_y05_191109/job_log_01215471.txt
HTAR: a   instcat_y05_191109/job_log_01215472.txt
HTAR: a   instcat_y05_191109/job_log_01215512.txt
HTAR: a   instcat_y05_191109/job_log_01215515.txt
HTAR: a   instcat_y05_191109/job_log_01215516.txt
HTAR: a   instcat_y05_191109/job_log_01215517.txt
HTAR: a   instcat_y05_191109/job_log_01215518.txt
HTAR: a   instcat_y05_191109/job_log_01215519.txt
HTAR: a   instcat_y05_191109/job_log_01215520.txt
HTAR: a   instcat_y05_191109/job_log_01215546.txt
HTAR: a   instcat_y05_191109/job_log_01215547.txt
HTAR: a   instcat_y05_191109/job_log_01215548.txt
HTAR: a   instcat_y05_191109/job_log_01215549.txt
HTAR: a   instcat_y05_191109/job_log_01215589.txt
HTAR: a   instcat_y05_191109/job_log_01215590.txt
HTAR: a   instcat_y05_191109/job_log_01215591.txt
HTAR: a   instcat_y05_191109/job_log_01215634.txt
HTAR: a   instcat_y05_191109/job_log_01215636.txt
HTAR: a   instcat_y05_191109/job_log_01215637.txt
HTAR: a   instcat_y05_191109/job_log_01215638.txt
HTAR: a   instcat_y05_191109/job_log_01215639.txt
HTAR: a   instcat_y05_191109/job_log_01215640.txt
HTAR: a   instcat_y05_191109/job_log_01215641.txt
HTAR: a   instcat_y05_191109/job_log_01215642.txt
HTAR: a   instcat_y05_191109/job_log_01215643.txt
HTAR: a   instcat_y05_191109/job_log_01215644.txt
HTAR: a   instcat_y05_191109/job_log_01215672.txt
HTAR: a   instcat_y05_191109/job_log_01215674.txt
HTAR: a   instcat_y05_191109/job_log_01215675.txt
HTAR: a   instcat_y05_191109/job_log_01215676.txt
HTAR: a   instcat_y05_191109/job_log_01215677.txt
HTAR: a   instcat_y05_191109/job_log_01215678.txt
HTAR: a   instcat_y05_191109/job_log_01215679.txt
HTAR: a   instcat_y05_191109/job_log_01215680.txt
HTAR: a   instcat_y05_191109/job_log_01215681.txt
HTAR: a   instcat_y05_191109/job_log_01215682.txt
HTAR: a   instcat_y05_191109/job_log_01215940.txt
HTAR: a   instcat_y05_191109/job_log_01215941.txt
HTAR: a   instcat_y05_191109/job_log_01215942.txt
HTAR: a   instcat_y05_191109/job_log_01215943.txt
HTAR: a   instcat_y05_191109/job_log_01215944.txt
HTAR: a   instcat_y05_191109/job_log_01215945.txt
HTAR: a   instcat_y05_191109/job_log_01215946.txt
HTAR: a   instcat_y05_191109/job_log_01215947.txt
HTAR: a   instcat_y05_191109/job_log_01215948.txt
HTAR: a   instcat_y05_191109/job_log_01215949.txt
HTAR: a   instcat_y05_191109/job_log_01215950.txt
HTAR: a   instcat_y05_191109/job_log_01215951.txt
HTAR: a   instcat_y05_191109/job_log_01215952.txt
HTAR: a   instcat_y05_191109/job_log_01215953.txt
HTAR: a   instcat_y05_191109/job_log_01215954.txt
HTAR: a   instcat_y05_191109/job_log_01215955.txt
HTAR: a   instcat_y05_191109/job_log_01215956.txt
HTAR: a   instcat_y05_191109/job_log_01215957.txt
HTAR: a   instcat_y05_191109/job_log_01215958.txt
HTAR: a   instcat_y05_191109/job_log_01215959.txt
HTAR: a   instcat_y05_191109/job_log_01215960.txt
HTAR: a   instcat_y05_191109/job_log_01215961.txt
HTAR: a   instcat_y05_191109/job_log_01215962.txt
HTAR: a   instcat_y05_191109/job_log_01215963.txt
HTAR: a   instcat_y05_191109/job_log_01215964.txt
HTAR: a   instcat_y05_191109/job_log_01215965.txt
HTAR: a   instcat_y05_191109/job_log_01215966.txt
HTAR: a   instcat_y05_191109/job_log_01215967.txt
HTAR: a   instcat_y05_191109/job_log_01215968.txt
HTAR: a   instcat_y05_191109/job_log_01215969.txt
HTAR: a   instcat_y05_191109/job_log_01215970.txt
HTAR: a   instcat_y05_191109/job_log_01215971.txt
HTAR: a   instcat_y05_191109/job_log_01215972.txt
HTAR: a   instcat_y05_191109/job_log_01215973.txt
HTAR: a   instcat_y05_191109/job_log_01215974.txt
HTAR: a   instcat_y05_191109/job_log_01215975.txt
HTAR: a   instcat_y05_191109/job_log_01215976.txt
HTAR: a   instcat_y05_191109/job_log_01215977.txt
HTAR: a   instcat_y05_191109/job_log_01215978.txt
HTAR: a   instcat_y05_191109/job_log_01215979.txt
HTAR: a   instcat_y05_191109/job_log_01215980.txt
HTAR: a   instcat_y05_191109/job_log_01215981.txt
HTAR: a   instcat_y05_191109/job_log_01215982.txt
HTAR: a   instcat_y05_191109/job_log_01215983.txt
HTAR: a   instcat_y05_191109/job_log_01215984.txt
HTAR: a   instcat_y05_191109/job_log_01215985.txt
HTAR: a   instcat_y05_191109/job_log_01215986.txt
HTAR: a   instcat_y05_191109/job_log_01215987.txt
HTAR: a   instcat_y05_191109/job_log_01215988.txt
HTAR: a   instcat_y05_191109/job_log_01215989.txt
HTAR: a   instcat_y05_191109/job_log_01215990.txt
HTAR: a   instcat_y05_191109/job_log_01215991.txt
HTAR: a   instcat_y05_191109/job_log_01215992.txt
HTAR: a   instcat_y05_191109/job_log_01215993.txt
HTAR: a   instcat_y05_191109/job_log_01215994.txt
HTAR: a   instcat_y05_191109/job_log_01215995.txt
HTAR: a   instcat_y05_191109/job_log_01215996.txt
HTAR: a   instcat_y05_191109/job_log_01215997.txt
HTAR: a   instcat_y05_191109/job_log_01215998.txt
HTAR: a   instcat_y05_191109/job_log_01215999.txt
HTAR: a   instcat_y05_191109/job_log_01216000.txt
HTAR: a   instcat_y05_191109/job_log_01216001.txt
HTAR: a   instcat_y05_191109/job_log_01216002.txt
HTAR: a   instcat_y05_191109/job_log_01216003.txt
HTAR: a   instcat_y05_191109/job_log_01216004.txt
HTAR: a   instcat_y05_191109/job_log_01216005.txt
HTAR: a   instcat_y05_191109/job_log_01216006.txt
HTAR: a   instcat_y05_191109/job_log_01216007.txt
HTAR: a   instcat_y05_191109/job_log_01216008.txt
HTAR: a   instcat_y05_191109/job_log_01216009.txt
HTAR: a   instcat_y05_191109/job_log_01216010.txt
HTAR: a   instcat_y05_191109/job_log_01216011.txt
HTAR: a   instcat_y05_191109/job_log_01216012.txt
HTAR: a   instcat_y05_191109/job_log_01216013.txt
HTAR: a   instcat_y05_191109/job_log_01216014.txt
HTAR: a   instcat_y05_191109/job_log_01216015.txt
HTAR: a   instcat_y05_191109/job_log_01216016.txt
HTAR: a   instcat_y05_191109/job_log_01216017.txt
HTAR: a   /tmp/HTAR_CF_CHK_17412_1580752811
HTAR Create complete for /home/projects/desc/DC2_ImSim/Run2.2i/instCat/y05_191109/01215461to01216017.tar. 566,187,868,160 bytes written for 240 member files, max threads: 50 Transfer time: 3545.104 seconds (159.710 MB/s) wallclock/user/sys: 3546.163 4327.251 1498.062 seconds
HTAR: HTAR SUCCESSFUL
HTAR: a   instcat_y05_191109/01216018.tar.gz
HTAR: a   instcat_y05_191109/01216019.tar.gz
HTAR: a   instcat_y05_191109/01216020.tar.gz
HTAR: a   instcat_y05_191109/01216021.tar.gz
HTAR: a   instcat_y05_191109/01216022.tar.gz
HTAR: a   instcat_y05_191109/01216023.tar.gz
HTAR: a   instcat_y05_191109/01216024.tar.gz
HTAR: a   instcat_y05_191109/01216025.tar.gz
HTAR: a   instcat_y05_191109/01216026.tar.gz
HTAR: a   instcat_y05_191109/01216027.tar.gz
HTAR: a   instcat_y05_191109/01216028.tar.gz
HTAR: a   instcat_y05_191109/01216029.tar.gz
HTAR: a   instcat_y05_191109/01216030.tar.gz
HTAR: a   instcat_y05_191109/01216031.tar.gz
HTAR: a   instcat_y05_191109/01216032.tar.gz
HTAR: a   instcat_y05_191109/01216033.tar.gz
HTAR: a   instcat_y05_191109/01216034.tar.gz
HTAR: a   instcat_y05_191109/01216035.tar.gz
HTAR: a   instcat_y05_191109/01216141.tar.gz
HTAR: a   instcat_y05_191109/01216142.tar.gz
HTAR: a   instcat_y05_191109/01216143.tar.gz
HTAR: a   instcat_y05_191109/01216144.tar.gz
HTAR: a   instcat_y05_191109/01217057.tar.gz
HTAR: a   instcat_y05_191109/01217089.tar.gz
HTAR: a   instcat_y05_191109/01217102.tar.gz
HTAR: a   instcat_y05_191109/01217104.tar.gz
HTAR: a   instcat_y05_191109/01217105.tar.gz
HTAR: a   instcat_y05_191109/01217106.tar.gz
HTAR: a   instcat_y05_191109/01217107.tar.gz
HTAR: a   instcat_y05_191109/01217108.tar.gz
HTAR: a   instcat_y05_191109/01217124.tar.gz
HTAR: a   instcat_y05_191109/01217125.tar.gz
HTAR: a   instcat_y05_191109/01217131.tar.gz
HTAR: a   instcat_y05_191109/01217132.tar.gz
HTAR: a   instcat_y05_191109/01217133.tar.gz
HTAR: a   instcat_y05_191109/01217134.tar.gz
HTAR: a   instcat_y05_191109/01217140.tar.gz
HTAR: a   instcat_y05_191109/01217141.tar.gz
HTAR: a   instcat_y05_191109/01217142.tar.gz
HTAR: a   instcat_y05_191109/01217143.tar.gz
HTAR: a   instcat_y05_191109/01217144.tar.gz
HTAR: a   instcat_y05_191109/01217145.tar.gz
HTAR: a   instcat_y05_191109/01217146.tar.gz
HTAR: a   instcat_y05_191109/01217147.tar.gz
HTAR: a   instcat_y05_191109/01217148.tar.gz
HTAR: a   instcat_y05_191109/01217149.tar.gz
HTAR: a   instcat_y05_191109/01217150.tar.gz
HTAR: a   instcat_y05_191109/01217151.tar.gz
HTAR: a   instcat_y05_191109/01217152.tar.gz
HTAR: a   instcat_y05_191109/01217153.tar.gz
HTAR: a   instcat_y05_191109/01217176.tar.gz
HTAR: a   instcat_y05_191109/01217177.tar.gz
HTAR: a   instcat_y05_191109/01217178.tar.gz
HTAR: a   instcat_y05_191109/01217179.tar.gz
HTAR: a   instcat_y05_191109/01217180.tar.gz
HTAR: a   instcat_y05_191109/01217181.tar.gz
HTAR: a   instcat_y05_191109/01217182.tar.gz
HTAR: a   instcat_y05_191109/01217183.tar.gz
HTAR: a   instcat_y05_191109/01217184.tar.gz
HTAR: a   instcat_y05_191109/01217185.tar.gz
HTAR: a   instcat_y05_191109/01217186.tar.gz
HTAR: a   instcat_y05_191109/01217187.tar.gz
HTAR: a   instcat_y05_191109/01217188.tar.gz
HTAR: a   instcat_y05_191109/01217193.tar.gz
HTAR: a   instcat_y05_191109/01217194.tar.gz
HTAR: a   instcat_y05_191109/01217195.tar.gz
HTAR: a   instcat_y05_191109/01217196.tar.gz
HTAR: a   instcat_y05_191109/01217197.tar.gz
HTAR: a   instcat_y05_191109/01217198.tar.gz
HTAR: a   instcat_y05_191109/01217199.tar.gz
HTAR: a   instcat_y05_191109/01217203.tar.gz
HTAR: a   instcat_y05_191109/01217204.tar.gz
HTAR: a   instcat_y05_191109/01217205.tar.gz
HTAR: a   instcat_y05_191109/01217216.tar.gz
HTAR: a   instcat_y05_191109/01217217.tar.gz
HTAR: a   instcat_y05_191109/01217218.tar.gz
HTAR: a   instcat_y05_191109/01217224.tar.gz
HTAR: a   instcat_y05_191109/01217225.tar.gz
HTAR: a   instcat_y05_191109/01217226.tar.gz
HTAR: a   instcat_y05_191109/01217227.tar.gz
HTAR: a   instcat_y05_191109/01217228.tar.gz
HTAR: a   instcat_y05_191109/01217229.tar.gz
HTAR: a   instcat_y05_191109/01217230.tar.gz
HTAR: a   instcat_y05_191109/01217231.tar.gz
HTAR: a   instcat_y05_191109/01217232.tar.gz
HTAR: a   instcat_y05_191109/01217234.tar.gz
HTAR: a   instcat_y05_191109/01217235.tar.gz
HTAR: a   instcat_y05_191109/01217304.tar.gz
HTAR: a   instcat_y05_191109/01217311.tar.gz
HTAR: a   instcat_y05_191109/01217313.tar.gz
HTAR: a   instcat_y05_191109/01217966.tar.gz
HTAR: a   instcat_y05_191109/01217967.tar.gz
HTAR: a   instcat_y05_191109/01218007.tar.gz
HTAR: a   instcat_y05_191109/01218016.tar.gz
HTAR: a   instcat_y05_191109/01218058.tar.gz
HTAR: a   instcat_y05_191109/01218063.tar.gz
HTAR: a   instcat_y05_191109/01218092.tar.gz
HTAR: a   instcat_y05_191109/01218093.tar.gz
HTAR: a   instcat_y05_191109/01218094.tar.gz
HTAR: a   instcat_y05_191109/01218115.tar.gz
HTAR: a   instcat_y05_191109/01218116.tar.gz
HTAR: a   instcat_y05_191109/01218117.tar.gz
HTAR: a   instcat_y05_191109/01218118.tar.gz
HTAR: a   instcat_y05_191109/01218119.tar.gz
HTAR: a   instcat_y05_191109/01218120.tar.gz
HTAR: a   instcat_y05_191109/01218121.tar.gz
HTAR: a   instcat_y05_191109/01218122.tar.gz
HTAR: a   instcat_y05_191109/01218123.tar.gz
HTAR: a   instcat_y05_191109/01218124.tar.gz
HTAR: a   instcat_y05_191109/01218125.tar.gz
HTAR: a   instcat_y05_191109/01218126.tar.gz
HTAR: a   instcat_y05_191109/01218127.tar.gz
HTAR: a   instcat_y05_191109/01218128.tar.gz
HTAR: a   instcat_y05_191109/01218129.tar.gz
HTAR: a   instcat_y05_191109/01218130.tar.gz
HTAR: a   instcat_y05_191109/01218131.tar.gz
HTAR: a   instcat_y05_191109/01218132.tar.gz
HTAR: a   instcat_y05_191109/01218133.tar.gz
HTAR: a   instcat_y05_191109/01218134.tar.gz
HTAR: a   instcat_y05_191109/01218135.tar.gz
HTAR: a   instcat_y05_191109/job_log_01216018.txt
HTAR: a   instcat_y05_191109/job_log_01216019.txt
HTAR: a   instcat_y05_191109/job_log_01216020.txt
HTAR: a   instcat_y05_191109/job_log_01216021.txt
HTAR: a   instcat_y05_191109/job_log_01216022.txt
HTAR: a   instcat_y05_191109/job_log_01216023.txt
HTAR: a   instcat_y05_191109/job_log_01216024.txt
HTAR: a   instcat_y05_191109/job_log_01216025.txt
HTAR: a   instcat_y05_191109/job_log_01216026.txt
HTAR: a   instcat_y05_191109/job_log_01216027.txt
HTAR: a   instcat_y05_191109/job_log_01216028.txt
HTAR: a   instcat_y05_191109/job_log_01216029.txt
HTAR: a   instcat_y05_191109/job_log_01216030.txt
HTAR: a   instcat_y05_191109/job_log_01216031.txt
HTAR: a   instcat_y05_191109/job_log_01216032.txt
HTAR: a   instcat_y05_191109/job_log_01216033.txt
HTAR: a   instcat_y05_191109/job_log_01216034.txt
HTAR: a   instcat_y05_191109/job_log_01216035.txt
HTAR: a   instcat_y05_191109/job_log_01216141.txt
HTAR: a   instcat_y05_191109/job_log_01216142.txt
HTAR: a   instcat_y05_191109/job_log_01216143.txt
HTAR: a   instcat_y05_191109/job_log_01216144.txt
HTAR: a   instcat_y05_191109/job_log_01217057.txt
HTAR: a   instcat_y05_191109/job_log_01217089.txt
HTAR: a   instcat_y05_191109/job_log_01217102.txt
HTAR: a   instcat_y05_191109/job_log_01217104.txt
HTAR: a   instcat_y05_191109/job_log_01217105.txt
HTAR: a   instcat_y05_191109/job_log_01217106.txt
HTAR: a   instcat_y05_191109/job_log_01217107.txt
HTAR: a   instcat_y05_191109/job_log_01217108.txt
HTAR: a   instcat_y05_191109/job_log_01217124.txt
HTAR: a   instcat_y05_191109/job_log_01217125.txt
HTAR: a   instcat_y05_191109/job_log_01217131.txt
HTAR: a   instcat_y05_191109/job_log_01217132.txt
HTAR: a   instcat_y05_191109/job_log_01217133.txt
HTAR: a   instcat_y05_191109/job_log_01217134.txt
HTAR: a   instcat_y05_191109/job_log_01217140.txt
HTAR: a   instcat_y05_191109/job_log_01217141.txt
HTAR: a   instcat_y05_191109/job_log_01217142.txt
HTAR: a   instcat_y05_191109/job_log_01217143.txt
HTAR: a   instcat_y05_191109/job_log_01217144.txt
HTAR: a   instcat_y05_191109/job_log_01217145.txt
HTAR: a   instcat_y05_191109/job_log_01217146.txt
HTAR: a   instcat_y05_191109/job_log_01217147.txt
HTAR: a   instcat_y05_191109/job_log_01217148.txt
HTAR: a   instcat_y05_191109/job_log_01217149.txt
HTAR: a   instcat_y05_191109/job_log_01217150.txt
HTAR: a   instcat_y05_191109/job_log_01217151.txt
HTAR: a   instcat_y05_191109/job_log_01217152.txt
HTAR: a   instcat_y05_191109/job_log_01217153.txt
HTAR: a   instcat_y05_191109/job_log_01217176.txt
HTAR: a   instcat_y05_191109/job_log_01217177.txt
HTAR: a   instcat_y05_191109/job_log_01217178.txt
HTAR: a   instcat_y05_191109/job_log_01217179.txt
HTAR: a   instcat_y05_191109/job_log_01217180.txt
HTAR: a   instcat_y05_191109/job_log_01217181.txt
HTAR: a   instcat_y05_191109/job_log_01217182.txt
HTAR: a   instcat_y05_191109/job_log_01217183.txt
HTAR: a   instcat_y05_191109/job_log_01217184.txt
HTAR: a   instcat_y05_191109/job_log_01217185.txt
HTAR: a   instcat_y05_191109/job_log_01217186.txt
HTAR: a   instcat_y05_191109/job_log_01217187.txt
HTAR: a   instcat_y05_191109/job_log_01217188.txt
HTAR: a   instcat_y05_191109/job_log_01217193.txt
HTAR: a   instcat_y05_191109/job_log_01217194.txt
HTAR: a   instcat_y05_191109/job_log_01217195.txt
HTAR: a   instcat_y05_191109/job_log_01217196.txt
HTAR: a   instcat_y05_191109/job_log_01217197.txt
HTAR: a   instcat_y05_191109/job_log_01217198.txt
HTAR: a   instcat_y05_191109/job_log_01217199.txt
HTAR: a   instcat_y05_191109/job_log_01217203.txt
HTAR: a   instcat_y05_191109/job_log_01217204.txt
HTAR: a   instcat_y05_191109/job_log_01217205.txt
HTAR: a   instcat_y05_191109/job_log_01217216.txt
HTAR: a   instcat_y05_191109/job_log_01217217.txt
HTAR: a   instcat_y05_191109/job_log_01217218.txt
HTAR: a   instcat_y05_191109/job_log_01217224.txt
HTAR: a   instcat_y05_191109/job_log_01217225.txt
HTAR: a   instcat_y05_191109/job_log_01217226.txt
HTAR: a   instcat_y05_191109/job_log_01217227.txt
HTAR: a   instcat_y05_191109/job_log_01217228.txt
HTAR: a   instcat_y05_191109/job_log_01217229.txt
HTAR: a   instcat_y05_191109/job_log_01217230.txt
HTAR: a   instcat_y05_191109/job_log_01217231.txt
HTAR: a   instcat_y05_191109/job_log_01217232.txt
HTAR: a   instcat_y05_191109/job_log_01217234.txt
HTAR: a   instcat_y05_191109/job_log_01217235.txt
HTAR: a   instcat_y05_191109/job_log_01217304.txt
HTAR: a   instcat_y05_191109/job_log_01217311.txt
HTAR: a   instcat_y05_191109/job_log_01217313.txt
HTAR: a   instcat_y05_191109/job_log_01217966.txt
HTAR: a   instcat_y05_191109/job_log_01217967.txt
HTAR: a   instcat_y05_191109/job_log_01218007.txt
HTAR: a   instcat_y05_191109/job_log_01218016.txt
HTAR: a   instcat_y05_191109/job_log_01218058.txt
HTAR: a   instcat_y05_191109/job_log_01218063.txt
HTAR: a   instcat_y05_191109/job_log_01218092.txt
HTAR: a   instcat_y05_191109/job_log_01218093.txt
HTAR: a   instcat_y05_191109/job_log_01218094.txt
HTAR: a   instcat_y05_191109/job_log_01218115.txt
HTAR: a   instcat_y05_191109/job_log_01218116.txt
HTAR: a   instcat_y05_191109/job_log_01218117.txt
HTAR: a   instcat_y05_191109/job_log_01218118.txt
HTAR: a   instcat_y05_191109/job_log_01218119.txt
HTAR: a   instcat_y05_191109/job_log_01218120.txt
HTAR: a   instcat_y05_191109/job_log_01218121.txt
HTAR: a   instcat_y05_191109/job_log_01218122.txt
HTAR: a   instcat_y05_191109/job_log_01218123.txt
HTAR: a   instcat_y05_191109/job_log_01218124.txt
HTAR: a   instcat_y05_191109/job_log_01218125.txt
HTAR: a   instcat_y05_191109/job_log_01218126.txt
HTAR: a   instcat_y05_191109/job_log_01218127.txt
HTAR: a   instcat_y05_191109/job_log_01218128.txt
HTAR: a   instcat_y05_191109/job_log_01218129.txt
HTAR: a   instcat_y05_191109/job_log_01218130.txt
HTAR: a   instcat_y05_191109/job_log_01218131.txt
HTAR: a   instcat_y05_191109/job_log_01218132.txt
HTAR: a   instcat_y05_191109/job_log_01218133.txt
HTAR: a   instcat_y05_191109/job_log_01218134.txt
HTAR: a   instcat_y05_191109/job_log_01218135.txt
HTAR: a   /tmp/HTAR_CF_CHK_2405_1580756359
HTAR Create complete for /home/projects/desc/DC2_ImSim/Run2.2i/instCat/y05_191109/01216018to01218135.tar. 533,244,187,648 bytes written for 240 member files, max threads: 50 Transfer time: 3533.391 seconds (150.916 MB/s) wallclock/user/sys: 3534.384 4038.663 1254.011 seconds
HTAR: HTAR SUCCESSFUL
HTAR: a   instcat_y05_191109/01218136.tar.gz
HTAR: a   instcat_y05_191109/01218137.tar.gz
HTAR: a   instcat_y05_191109/01218138.tar.gz
HTAR: a   instcat_y05_191109/01218139.tar.gz
HTAR: a   instcat_y05_191109/01218140.tar.gz
HTAR: a   instcat_y05_191109/01218141.tar.gz
HTAR: a   instcat_y05_191109/01218142.tar.gz
HTAR: a   instcat_y05_191109/01218143.tar.gz
HTAR: a   instcat_y05_191109/01218144.tar.gz
HTAR: a   instcat_y05_191109/01218145.tar.gz
HTAR: a   instcat_y05_191109/01218146.tar.gz
HTAR: a   instcat_y05_191109/01218147.tar.gz
HTAR: a   instcat_y05_191109/01218148.tar.gz
HTAR: a   instcat_y05_191109/01218149.tar.gz
HTAR: a   instcat_y05_191109/01218150.tar.gz
HTAR: a   instcat_y05_191109/01218151.tar.gz
HTAR: a   instcat_y05_191109/01218152.tar.gz
HTAR: a   instcat_y05_191109/01218153.tar.gz
HTAR: a   instcat_y05_191109/01218154.tar.gz
HTAR: a   instcat_y05_191109/01218155.tar.gz
HTAR: a   instcat_y05_191109/01218156.tar.gz
HTAR: a   instcat_y05_191109/01218157.tar.gz
HTAR: a   instcat_y05_191109/01218158.tar.gz
HTAR: a   instcat_y05_191109/01218159.tar.gz
HTAR: a   instcat_y05_191109/01218160.tar.gz
HTAR: a   instcat_y05_191109/01218161.tar.gz
HTAR: a   instcat_y05_191109/01218162.tar.gz
HTAR: a   instcat_y05_191109/01218163.tar.gz
HTAR: a   instcat_y05_191109/01218164.tar.gz
HTAR: a   instcat_y05_191109/01218165.tar.gz
HTAR: a   instcat_y05_191109/01218166.tar.gz
HTAR: a   instcat_y05_191109/01218167.tar.gz
HTAR: a   instcat_y05_191109/01218168.tar.gz
HTAR: a   instcat_y05_191109/01218169.tar.gz
HTAR: a   instcat_y05_191109/01218170.tar.gz
HTAR: a   instcat_y05_191109/01218171.tar.gz
HTAR: a   instcat_y05_191109/01218172.tar.gz
HTAR: a   instcat_y05_191109/01218173.tar.gz
HTAR: a   instcat_y05_191109/01218174.tar.gz
HTAR: a   instcat_y05_191109/01218175.tar.gz
HTAR: a   instcat_y05_191109/01218176.tar.gz
HTAR: a   instcat_y05_191109/01218177.tar.gz
HTAR: a   instcat_y05_191109/01218178.tar.gz
HTAR: a   instcat_y05_191109/01218179.tar.gz
HTAR: a   instcat_y05_191109/01218180.tar.gz
HTAR: a   instcat_y05_191109/01218181.tar.gz
HTAR: a   instcat_y05_191109/01218182.tar.gz
HTAR: a   instcat_y05_191109/01218183.tar.gz
HTAR: a   instcat_y05_191109/01218184.tar.gz
HTAR: a   instcat_y05_191109/01218185.tar.gz
HTAR: a   instcat_y05_191109/01218186.tar.gz
HTAR: a   instcat_y05_191109/01218187.tar.gz
HTAR: a   instcat_y05_191109/01218188.tar.gz
HTAR: a   instcat_y05_191109/01218189.tar.gz
HTAR: a   instcat_y05_191109/01218190.tar.gz
HTAR: a   instcat_y05_191109/01218191.tar.gz
HTAR: a   instcat_y05_191109/01218192.tar.gz
HTAR: a   instcat_y05_191109/01218193.tar.gz
HTAR: a   instcat_y05_191109/01218194.tar.gz
HTAR: a   instcat_y05_191109/01218195.tar.gz
HTAR: a   instcat_y05_191109/01218196.tar.gz
HTAR: a   instcat_y05_191109/01218197.tar.gz
HTAR: a   instcat_y05_191109/01218198.tar.gz
HTAR: a   instcat_y05_191109/01218199.tar.gz
HTAR: a   instcat_y05_191109/01218200.tar.gz
HTAR: a   instcat_y05_191109/01218201.tar.gz
HTAR: a   instcat_y05_191109/01218202.tar.gz
HTAR: a   instcat_y05_191109/01218203.tar.gz
HTAR: a   instcat_y05_191109/01218204.tar.gz
HTAR: a   instcat_y05_191109/01218205.tar.gz
HTAR: a   instcat_y05_191109/01218206.tar.gz
HTAR: a   instcat_y05_191109/01218207.tar.gz
HTAR: a   instcat_y05_191109/01218208.tar.gz
HTAR: a   instcat_y05_191109/01218209.tar.gz
HTAR: a   instcat_y05_191109/01218210.tar.gz
HTAR: a   instcat_y05_191109/01218330.tar.gz
HTAR: a   instcat_y05_191109/01218331.tar.gz
HTAR: a   instcat_y05_191109/01218332.tar.gz
HTAR: a   instcat_y05_191109/01218333.tar.gz
HTAR: a   instcat_y05_191109/01218334.tar.gz
HTAR: a   instcat_y05_191109/01218335.tar.gz
HTAR: a   instcat_y05_191109/01218361.tar.gz
HTAR: a   instcat_y05_191109/01218363.tar.gz
HTAR: a   instcat_y05_191109/01218364.tar.gz
HTAR: a   instcat_y05_191109/01218365.tar.gz
HTAR: a   instcat_y05_191109/01218392.tar.gz
HTAR: a   instcat_y05_191109/01218395.tar.gz
HTAR: a   instcat_y05_191109/01218407.tar.gz
HTAR: a   instcat_y05_191109/01218408.tar.gz
HTAR: a   instcat_y05_191109/01218434.tar.gz
HTAR: a   instcat_y05_191109/01218437.tar.gz
HTAR: a   instcat_y05_191109/01218455.tar.gz
HTAR: a   instcat_y05_191109/01218473.tar.gz
HTAR: a   instcat_y05_191109/01218474.tar.gz
HTAR: a   instcat_y05_191109/01218475.tar.gz
HTAR: a   instcat_y05_191109/01218476.tar.gz
HTAR: a   instcat_y05_191109/01218477.tar.gz
HTAR: a   instcat_y05_191109/01218482.tar.gz
HTAR: a   instcat_y05_191109/01218483.tar.gz
HTAR: a   instcat_y05_191109/01218484.tar.gz
HTAR: a   instcat_y05_191109/01218485.tar.gz
HTAR: a   instcat_y05_191109/01218486.tar.gz
HTAR: a   instcat_y05_191109/01218487.tar.gz
HTAR: a   instcat_y05_191109/01218488.tar.gz
HTAR: a   instcat_y05_191109/01218489.tar.gz
HTAR: a   instcat_y05_191109/01218490.tar.gz
HTAR: a   instcat_y05_191109/01218491.tar.gz
HTAR: a   instcat_y05_191109/01218492.tar.gz
HTAR: a   instcat_y05_191109/01218493.tar.gz
HTAR: a   instcat_y05_191109/01218500.tar.gz
HTAR: a   instcat_y05_191109/01218501.tar.gz
HTAR: a   instcat_y05_191109/01218502.tar.gz
HTAR: a   instcat_y05_191109/01218503.tar.gz
HTAR: a   instcat_y05_191109/01218512.tar.gz
HTAR: a   instcat_y05_191109/01218513.tar.gz
HTAR: a   instcat_y05_191109/01218514.tar.gz
HTAR: a   instcat_y05_191109/01218515.tar.gz
HTAR: a   instcat_y05_191109/01218516.tar.gz
HTAR: a   instcat_y05_191109/01218517.tar.gz
HTAR: a   instcat_y05_191109/01218518.tar.gz
HTAR: a   instcat_y05_191109/job_log_01218136.txt
HTAR: a   instcat_y05_191109/job_log_01218137.txt
HTAR: a   instcat_y05_191109/job_log_01218138.txt
HTAR: a   instcat_y05_191109/job_log_01218139.txt
HTAR: a   instcat_y05_191109/job_log_01218140.txt
HTAR: a   instcat_y05_191109/job_log_01218141.txt
HTAR: a   instcat_y05_191109/job_log_01218142.txt
HTAR: a   instcat_y05_191109/job_log_01218143.txt
HTAR: a   instcat_y05_191109/job_log_01218144.txt
HTAR: a   instcat_y05_191109/job_log_01218145.txt
HTAR: a   instcat_y05_191109/job_log_01218146.txt
HTAR: a   instcat_y05_191109/job_log_01218147.txt
HTAR: a   instcat_y05_191109/job_log_01218148.txt
HTAR: a   instcat_y05_191109/job_log_01218149.txt
HTAR: a   instcat_y05_191109/job_log_01218150.txt
HTAR: a   instcat_y05_191109/job_log_01218151.txt
HTAR: a   instcat_y05_191109/job_log_01218152.txt
HTAR: a   instcat_y05_191109/job_log_01218153.txt
HTAR: a   instcat_y05_191109/job_log_01218154.txt
HTAR: a   instcat_y05_191109/job_log_01218155.txt
HTAR: a   instcat_y05_191109/job_log_01218156.txt
HTAR: a   instcat_y05_191109/job_log_01218157.txt
HTAR: a   instcat_y05_191109/job_log_01218158.txt
HTAR: a   instcat_y05_191109/job_log_01218159.txt
HTAR: a   instcat_y05_191109/job_log_01218160.txt
HTAR: a   instcat_y05_191109/job_log_01218161.txt
HTAR: a   instcat_y05_191109/job_log_01218162.txt
HTAR: a   instcat_y05_191109/job_log_01218163.txt
HTAR: a   instcat_y05_191109/job_log_01218164.txt
HTAR: a   instcat_y05_191109/job_log_01218165.txt
HTAR: a   instcat_y05_191109/job_log_01218166.txt
HTAR: a   instcat_y05_191109/job_log_01218167.txt
HTAR: a   instcat_y05_191109/job_log_01218168.txt
HTAR: a   instcat_y05_191109/job_log_01218169.txt
HTAR: a   instcat_y05_191109/job_log_01218170.txt
HTAR: a   instcat_y05_191109/job_log_01218171.txt
HTAR: a   instcat_y05_191109/job_log_01218172.txt
HTAR: a   instcat_y05_191109/job_log_01218173.txt
HTAR: a   instcat_y05_191109/job_log_01218174.txt
HTAR: a   instcat_y05_191109/job_log_01218175.txt
HTAR: a   instcat_y05_191109/job_log_01218176.txt
HTAR: a   instcat_y05_191109/job_log_01218177.txt
HTAR: a   instcat_y05_191109/job_log_01218178.txt
HTAR: a   instcat_y05_191109/job_log_01218179.txt
HTAR: a   instcat_y05_191109/job_log_01218180.txt
HTAR: a   instcat_y05_191109/job_log_01218181.txt
HTAR: a   instcat_y05_191109/job_log_01218182.txt
HTAR: a   instcat_y05_191109/job_log_01218183.txt
HTAR: a   instcat_y05_191109/job_log_01218184.txt
HTAR: a   instcat_y05_191109/job_log_01218185.txt
HTAR: a   instcat_y05_191109/job_log_01218186.txt
HTAR: a   instcat_y05_191109/job_log_01218187.txt
HTAR: a   instcat_y05_191109/job_log_01218188.txt
HTAR: a   instcat_y05_191109/job_log_01218189.txt
HTAR: a   instcat_y05_191109/job_log_01218190.txt
HTAR: a   instcat_y05_191109/job_log_01218191.txt
HTAR: a   instcat_y05_191109/job_log_01218192.txt
HTAR: a   instcat_y05_191109/job_log_01218193.txt
HTAR: a   instcat_y05_191109/job_log_01218194.txt
HTAR: a   instcat_y05_191109/job_log_01218195.txt
HTAR: a   instcat_y05_191109/job_log_01218196.txt
HTAR: a   instcat_y05_191109/job_log_01218197.txt
HTAR: a   instcat_y05_191109/job_log_01218198.txt
HTAR: a   instcat_y05_191109/job_log_01218199.txt
HTAR: a   instcat_y05_191109/job_log_01218200.txt
HTAR: a   instcat_y05_191109/job_log_01218201.txt
HTAR: a   instcat_y05_191109/job_log_01218202.txt
HTAR: a   instcat_y05_191109/job_log_01218203.txt
HTAR: a   instcat_y05_191109/job_log_01218204.txt
HTAR: a   instcat_y05_191109/job_log_01218205.txt
HTAR: a   instcat_y05_191109/job_log_01218206.txt
HTAR: a   instcat_y05_191109/job_log_01218207.txt
HTAR: a   instcat_y05_191109/job_log_01218208.txt
HTAR: a   instcat_y05_191109/job_log_01218209.txt
HTAR: a   instcat_y05_191109/job_log_01218210.txt
HTAR: a   instcat_y05_191109/job_log_01218330.txt
HTAR: a   instcat_y05_191109/job_log_01218331.txt
HTAR: a   instcat_y05_191109/job_log_01218332.txt
HTAR: a   instcat_y05_191109/job_log_01218333.txt
HTAR: a   instcat_y05_191109/job_log_01218334.txt
HTAR: a   instcat_y05_191109/job_log_01218335.txt
HTAR: a   instcat_y05_191109/job_log_01218361.txt
HTAR: a   instcat_y05_191109/job_log_01218363.txt
HTAR: a   instcat_y05_191109/job_log_01218364.txt
HTAR: a   instcat_y05_191109/job_log_01218365.txt
HTAR: a   instcat_y05_191109/job_log_01218392.txt
HTAR: a   instcat_y05_191109/job_log_01218395.txt
HTAR: a   instcat_y05_191109/job_log_01218407.txt
HTAR: a   instcat_y05_191109/job_log_01218408.txt
HTAR: a   instcat_y05_191109/job_log_01218434.txt
HTAR: a   instcat_y05_191109/job_log_01218437.txt
HTAR: a   instcat_y05_191109/job_log_01218455.txt
HTAR: a   instcat_y05_191109/job_log_01218473.txt
HTAR: a   instcat_y05_191109/job_log_01218474.txt
HTAR: a   instcat_y05_191109/job_log_01218475.txt
HTAR: a   instcat_y05_191109/job_log_01218476.txt
HTAR: a   instcat_y05_191109/job_log_01218477.txt
HTAR: a   instcat_y05_191109/job_log_01218482.txt
HTAR: a   instcat_y05_191109/job_log_01218483.txt
HTAR: a   instcat_y05_191109/job_log_01218484.txt
HTAR: a   instcat_y05_191109/job_log_01218485.txt
HTAR: a   instcat_y05_191109/job_log_01218486.txt
HTAR: a   instcat_y05_191109/job_log_01218487.txt
HTAR: a   instcat_y05_191109/job_log_01218488.txt
HTAR: a   instcat_y05_191109/job_log_01218489.txt
HTAR: a   instcat_y05_191109/job_log_01218490.txt
HTAR: a   instcat_y05_191109/job_log_01218491.txt
HTAR: a   instcat_y05_191109/job_log_01218492.txt
HTAR: a   instcat_y05_191109/job_log_01218493.txt
HTAR: a   instcat_y05_191109/job_log_01218500.txt
HTAR: a   instcat_y05_191109/job_log_01218501.txt
HTAR: a   instcat_y05_191109/job_log_01218502.txt
HTAR: a   instcat_y05_191109/job_log_01218503.txt
HTAR: a   instcat_y05_191109/job_log_01218512.txt
HTAR: a   instcat_y05_191109/job_log_01218513.txt
HTAR: a   instcat_y05_191109/job_log_01218514.txt
HTAR: a   instcat_y05_191109/job_log_01218515.txt
HTAR: a   instcat_y05_191109/job_log_01218516.txt
HTAR: a   instcat_y05_191109/job_log_01218517.txt
HTAR: a   instcat_y05_191109/job_log_01218518.txt
HTAR: a   /tmp/HTAR_CF_CHK_34978_1580759897
HTAR Create complete for /home/projects/desc/DC2_ImSim/Run2.2i/instCat/y05_191109/01218136to01218518.tar. 555,535,285,760 bytes written for 240 member files, max threads: 50 Transfer time: 4641.556 seconds (119.687 MB/s) wallclock/user/sys: 4642.939 4985.077 1585.863 seconds
HTAR: HTAR SUCCESSFUL
HTAR: a   instcat_y05_191109/01218519.tar.gz
HTAR: a   instcat_y05_191109/01218520.tar.gz
HTAR: a   instcat_y05_191109/01218521.tar.gz
HTAR: a   instcat_y05_191109/01218522.tar.gz
HTAR: a   instcat_y05_191109/01218523.tar.gz
HTAR: a   instcat_y05_191109/01218532.tar.gz
HTAR: a   instcat_y05_191109/01218533.tar.gz
HTAR: a   instcat_y05_191109/01218534.tar.gz
HTAR: a   instcat_y05_191109/01218535.tar.gz
HTAR: a   instcat_y05_191109/01218536.tar.gz
HTAR: a   instcat_y05_191109/01218537.tar.gz
HTAR: a   instcat_y05_191109/01218538.tar.gz
HTAR: a   instcat_y05_191109/01218543.tar.gz
HTAR: a   instcat_y05_191109/01218544.tar.gz
HTAR: a   instcat_y05_191109/01218545.tar.gz
HTAR: a   instcat_y05_191109/01218546.tar.gz
HTAR: a   instcat_y05_191109/01218547.tar.gz
HTAR: a   instcat_y05_191109/01218548.tar.gz
HTAR: a   instcat_y05_191109/01218551.tar.gz
HTAR: a   instcat_y05_191109/01218552.tar.gz
HTAR: a   instcat_y05_191109/01218553.tar.gz
HTAR: a   instcat_y05_191109/01218554.tar.gz
HTAR: a   instcat_y05_191109/01218555.tar.gz
HTAR: a   instcat_y05_191109/01218557.tar.gz
HTAR: a   instcat_y05_191109/01218558.tar.gz
HTAR: a   instcat_y05_191109/01218559.tar.gz
HTAR: a   instcat_y05_191109/01218560.tar.gz
HTAR: a   instcat_y05_191109/01218561.tar.gz
HTAR: a   instcat_y05_191109/01218567.tar.gz
HTAR: a   instcat_y05_191109/01218568.tar.gz
HTAR: a   instcat_y05_191109/01218569.tar.gz
HTAR: a   instcat_y05_191109/01218570.tar.gz
HTAR: a   instcat_y05_191109/01218580.tar.gz
HTAR: a   instcat_y05_191109/01218581.tar.gz
HTAR: a   instcat_y05_191109/01218582.tar.gz
HTAR: a   instcat_y05_191109/01218583.tar.gz
HTAR: a   instcat_y05_191109/01218585.tar.gz
HTAR: a   instcat_y05_191109/01218586.tar.gz
HTAR: a   instcat_y05_191109/01218587.tar.gz
HTAR: a   instcat_y05_191109/01218588.tar.gz
HTAR: a   instcat_y05_191109/01218589.tar.gz
HTAR: a   instcat_y05_191109/01218590.tar.gz
HTAR: a   instcat_y05_191109/01218591.tar.gz
HTAR: a   instcat_y05_191109/01218595.tar.gz
HTAR: a   instcat_y05_191109/01218596.tar.gz
HTAR: a   instcat_y05_191109/01218606.tar.gz
HTAR: a   instcat_y05_191109/01218607.tar.gz
HTAR: a   instcat_y05_191109/01218609.tar.gz
HTAR: a   instcat_y05_191109/01218613.tar.gz
HTAR: a   instcat_y05_191109/01219347.tar.gz
HTAR: a   instcat_y05_191109/01219380.tar.gz
HTAR: a   instcat_y05_191109/01219500.tar.gz
HTAR: a   instcat_y05_191109/01219530.tar.gz
HTAR: a   instcat_y05_191109/01219531.tar.gz
HTAR: a   instcat_y05_191109/01219532.tar.gz
HTAR: a   instcat_y05_191109/01219850.tar.gz
HTAR: a   instcat_y05_191109/01219886.tar.gz
HTAR: a   instcat_y05_191109/01220258.tar.gz
HTAR: a   instcat_y05_191109/01220259.tar.gz
HTAR: a   instcat_y05_191109/01220260.tar.gz
HTAR: a   instcat_y05_191109/01220261.tar.gz
HTAR: a   instcat_y05_191109/01220262.tar.gz
HTAR: a   instcat_y05_191109/01220263.tar.gz
HTAR: a   instcat_y05_191109/01220264.tar.gz
HTAR: a   instcat_y05_191109/01220265.tar.gz
HTAR: a   instcat_y05_191109/01220266.tar.gz
HTAR: a   instcat_y05_191109/01220267.tar.gz
HTAR: a   instcat_y05_191109/01220268.tar.gz
HTAR: a   instcat_y05_191109/01220269.tar.gz
HTAR: a   instcat_y05_191109/01220270.tar.gz
HTAR: a   instcat_y05_191109/01220271.tar.gz
HTAR: a   instcat_y05_191109/01220272.tar.gz
HTAR: a   instcat_y05_191109/01220273.tar.gz
HTAR: a   instcat_y05_191109/01220274.tar.gz
HTAR: a   instcat_y05_191109/01220275.tar.gz
HTAR: a   instcat_y05_191109/01220276.tar.gz
HTAR: a   instcat_y05_191109/01220277.tar.gz
HTAR: a   instcat_y05_191109/01220278.tar.gz
HTAR: a   instcat_y05_191109/01220279.tar.gz
HTAR: a   instcat_y05_191109/01220280.tar.gz
HTAR: a   instcat_y05_191109/01220281.tar.gz
HTAR: a   instcat_y05_191109/01220282.tar.gz
HTAR: a   instcat_y05_191109/01220283.tar.gz
HTAR: a   instcat_y05_191109/01220284.tar.gz
HTAR: a   instcat_y05_191109/01220285.tar.gz
HTAR: a   instcat_y05_191109/01220286.tar.gz
HTAR: a   instcat_y05_191109/01220287.tar.gz
HTAR: a   instcat_y05_191109/01220288.tar.gz
HTAR: a   instcat_y05_191109/01220289.tar.gz
HTAR: a   instcat_y05_191109/01220290.tar.gz
HTAR: a   instcat_y05_191109/01220291.tar.gz
HTAR: a   instcat_y05_191109/01220292.tar.gz
HTAR: a   instcat_y05_191109/01220293.tar.gz
HTAR: a   instcat_y05_191109/01220294.tar.gz
HTAR: a   instcat_y05_191109/01220295.tar.gz
HTAR: a   instcat_y05_191109/01220296.tar.gz
HTAR: a   instcat_y05_191109/01220297.tar.gz
HTAR: a   instcat_y05_191109/01220298.tar.gz
HTAR: a   instcat_y05_191109/01220299.tar.gz
HTAR: a   instcat_y05_191109/01220300.tar.gz
HTAR: a   instcat_y05_191109/01220301.tar.gz
HTAR: a   instcat_y05_191109/01220302.tar.gz
HTAR: a   instcat_y05_191109/01220303.tar.gz
HTAR: a   instcat_y05_191109/01220304.tar.gz
HTAR: a   instcat_y05_191109/01220305.tar.gz
HTAR: a   instcat_y05_191109/01220306.tar.gz
HTAR: a   instcat_y05_191109/01220307.tar.gz
HTAR: a   instcat_y05_191109/01220308.tar.gz
HTAR: a   instcat_y05_191109/01220309.tar.gz
HTAR: a   instcat_y05_191109/01220310.tar.gz
HTAR: a   instcat_y05_191109/01220311.tar.gz
HTAR: a   instcat_y05_191109/01220312.tar.gz
HTAR: a   instcat_y05_191109/01220313.tar.gz
HTAR: a   instcat_y05_191109/01220314.tar.gz
HTAR: a   instcat_y05_191109/01220315.tar.gz
HTAR: a   instcat_y05_191109/01220316.tar.gz
HTAR: a   instcat_y05_191109/01220317.tar.gz
HTAR: a   instcat_y05_191109/01220318.tar.gz
HTAR: a   instcat_y05_191109/01220319.tar.gz
HTAR: a   instcat_y05_191109/01220320.tar.gz
HTAR: a   instcat_y05_191109/job_log_01218519.txt
HTAR: a   instcat_y05_191109/job_log_01218520.txt
HTAR: a   instcat_y05_191109/job_log_01218521.txt
HTAR: a   instcat_y05_191109/job_log_01218522.txt
HTAR: a   instcat_y05_191109/job_log_01218523.txt
HTAR: a   instcat_y05_191109/job_log_01218532.txt
HTAR: a   instcat_y05_191109/job_log_01218533.txt
HTAR: a   instcat_y05_191109/job_log_01218534.txt
HTAR: a   instcat_y05_191109/job_log_01218535.txt
HTAR: a   instcat_y05_191109/job_log_01218536.txt
HTAR: a   instcat_y05_191109/job_log_01218537.txt
HTAR: a   instcat_y05_191109/job_log_01218538.txt
HTAR: a   instcat_y05_191109/job_log_01218543.txt
HTAR: a   instcat_y05_191109/job_log_01218544.txt
HTAR: a   instcat_y05_191109/job_log_01218545.txt
HTAR: a   instcat_y05_191109/job_log_01218546.txt
HTAR: a   instcat_y05_191109/job_log_01218547.txt
HTAR: a   instcat_y05_191109/job_log_01218548.txt
HTAR: a   instcat_y05_191109/job_log_01218551.txt
HTAR: a   instcat_y05_191109/job_log_01218552.txt
HTAR: a   instcat_y05_191109/job_log_01218553.txt
HTAR: a   instcat_y05_191109/job_log_01218554.txt
HTAR: a   instcat_y05_191109/job_log_01218555.txt
HTAR: a   instcat_y05_191109/job_log_01218557.txt
HTAR: a   instcat_y05_191109/job_log_01218558.txt
HTAR: a   instcat_y05_191109/job_log_01218559.txt
HTAR: a   instcat_y05_191109/job_log_01218560.txt
HTAR: a   instcat_y05_191109/job_log_01218561.txt
HTAR: a   instcat_y05_191109/job_log_01218567.txt
HTAR: a   instcat_y05_191109/job_log_01218568.txt
HTAR: a   instcat_y05_191109/job_log_01218569.txt
HTAR: a   instcat_y05_191109/job_log_01218570.txt
HTAR: a   instcat_y05_191109/job_log_01218580.txt
HTAR: a   instcat_y05_191109/job_log_01218581.txt
HTAR: a   instcat_y05_191109/job_log_01218582.txt
HTAR: a   instcat_y05_191109/job_log_01218583.txt
HTAR: a   instcat_y05_191109/job_log_01218585.txt
HTAR: a   instcat_y05_191109/job_log_01218586.txt
HTAR: a   instcat_y05_191109/job_log_01218587.txt
HTAR: a   instcat_y05_191109/job_log_01218588.txt
HTAR: a   instcat_y05_191109/job_log_01218589.txt
HTAR: a   instcat_y05_191109/job_log_01218590.txt
HTAR: a   instcat_y05_191109/job_log_01218591.txt
HTAR: a   instcat_y05_191109/job_log_01218595.txt
HTAR: a   instcat_y05_191109/job_log_01218596.txt
HTAR: a   instcat_y05_191109/job_log_01218606.txt
HTAR: a   instcat_y05_191109/job_log_01218607.txt
HTAR: a   instcat_y05_191109/job_log_01218609.txt
HTAR: a   instcat_y05_191109/job_log_01218613.txt
HTAR: a   instcat_y05_191109/job_log_01219347.txt
HTAR: a   instcat_y05_191109/job_log_01219380.txt
HTAR: a   instcat_y05_191109/job_log_01219500.txt
HTAR: a   instcat_y05_191109/job_log_01219530.txt
HTAR: a   instcat_y05_191109/job_log_01219531.txt
HTAR: a   instcat_y05_191109/job_log_01219532.txt
HTAR: a   instcat_y05_191109/job_log_01219850.txt
HTAR: a   instcat_y05_191109/job_log_01219886.txt
HTAR: a   instcat_y05_191109/job_log_01220258.txt
HTAR: a   instcat_y05_191109/job_log_01220259.txt
HTAR: a   instcat_y05_191109/job_log_01220260.txt
HTAR: a   instcat_y05_191109/job_log_01220261.txt
HTAR: a   instcat_y05_191109/job_log_01220262.txt
HTAR: a   instcat_y05_191109/job_log_01220263.txt
HTAR: a   instcat_y05_191109/job_log_01220264.txt
HTAR: a   instcat_y05_191109/job_log_01220265.txt
HTAR: a   instcat_y05_191109/job_log_01220266.txt
HTAR: a   instcat_y05_191109/job_log_01220267.txt
HTAR: a   instcat_y05_191109/job_log_01220268.txt
HTAR: a   instcat_y05_191109/job_log_01220269.txt
HTAR: a   instcat_y05_191109/job_log_01220270.txt
HTAR: a   instcat_y05_191109/job_log_01220271.txt
HTAR: a   instcat_y05_191109/job_log_01220272.txt
HTAR: a   instcat_y05_191109/job_log_01220273.txt
HTAR: a   instcat_y05_191109/job_log_01220274.txt
HTAR: a   instcat_y05_191109/job_log_01220275.txt
HTAR: a   instcat_y05_191109/job_log_01220276.txt
HTAR: a   instcat_y05_191109/job_log_01220277.txt
HTAR: a   instcat_y05_191109/job_log_01220278.txt
HTAR: a   instcat_y05_191109/job_log_01220279.txt
HTAR: a   instcat_y05_191109/job_log_01220280.txt
HTAR: a   instcat_y05_191109/job_log_01220281.txt
HTAR: a   instcat_y05_191109/job_log_01220282.txt
HTAR: a   instcat_y05_191109/job_log_01220283.txt
HTAR: a   instcat_y05_191109/job_log_01220284.txt
HTAR: a   instcat_y05_191109/job_log_01220285.txt
HTAR: a   instcat_y05_191109/job_log_01220286.txt
HTAR: a   instcat_y05_191109/job_log_01220287.txt
HTAR: a   instcat_y05_191109/job_log_01220288.txt
HTAR: a   instcat_y05_191109/job_log_01220289.txt
HTAR: a   instcat_y05_191109/job_log_01220290.txt
HTAR: a   instcat_y05_191109/job_log_01220291.txt
HTAR: a   instcat_y05_191109/job_log_01220292.txt
HTAR: a   instcat_y05_191109/job_log_01220293.txt
HTAR: a   instcat_y05_191109/job_log_01220294.txt
HTAR: a   instcat_y05_191109/job_log_01220295.txt
HTAR: a   instcat_y05_191109/job_log_01220296.txt
HTAR: a   instcat_y05_191109/job_log_01220297.txt
HTAR: a   instcat_y05_191109/job_log_01220298.txt
HTAR: a   instcat_y05_191109/job_log_01220299.txt
HTAR: a   instcat_y05_191109/job_log_01220300.txt
HTAR: a   instcat_y05_191109/job_log_01220301.txt
HTAR: a   instcat_y05_191109/job_log_01220302.txt
HTAR: a   instcat_y05_191109/job_log_01220303.txt
HTAR: a   instcat_y05_191109/job_log_01220304.txt
HTAR: a   instcat_y05_191109/job_log_01220305.txt
HTAR: a   instcat_y05_191109/job_log_01220306.txt
HTAR: a   instcat_y05_191109/job_log_01220307.txt
HTAR: a   instcat_y05_191109/job_log_01220308.txt
HTAR: a   instcat_y05_191109/job_log_01220309.txt
HTAR: a   instcat_y05_191109/job_log_01220310.txt
HTAR: a   instcat_y05_191109/job_log_01220311.txt
HTAR: a   instcat_y05_191109/job_log_01220312.txt
HTAR: a   instcat_y05_191109/job_log_01220313.txt
HTAR: a   instcat_y05_191109/job_log_01220314.txt
HTAR: a   instcat_y05_191109/job_log_01220315.txt
HTAR: a   instcat_y05_191109/job_log_01220316.txt
HTAR: a   instcat_y05_191109/job_log_01220317.txt
HTAR: a   instcat_y05_191109/job_log_01220318.txt
HTAR: a   instcat_y05_191109/job_log_01220319.txt
HTAR: a   instcat_y05_191109/job_log_01220320.txt
HTAR: a   /tmp/HTAR_CF_CHK_9138_1580764543
HTAR Create complete for /home/projects/desc/DC2_ImSim/Run2.2i/instCat/y05_191109/01218519to01220320.tar. 547,343,243,264 bytes written for 240 member files, max threads: 50 Transfer time: 4216.983 seconds (129.795 MB/s) wallclock/user/sys: 4218.190 4722.565 1423.719 seconds
HTAR: HTAR SUCCESSFUL
HTAR: a   instcat_y05_191109/01220321.tar.gz
HTAR: a   instcat_y05_191109/01220322.tar.gz
HTAR: a   instcat_y05_191109/01220323.tar.gz
HTAR: a   instcat_y05_191109/01220324.tar.gz
HTAR: a   instcat_y05_191109/01220325.tar.gz
HTAR: a   instcat_y05_191109/01220326.tar.gz
HTAR: a   instcat_y05_191109/01220327.tar.gz
HTAR: a   instcat_y05_191109/01220328.tar.gz
HTAR: a   instcat_y05_191109/01220329.tar.gz
HTAR: a   instcat_y05_191109/01220330.tar.gz
HTAR: a   instcat_y05_191109/01220331.tar.gz
HTAR: a   instcat_y05_191109/01220332.tar.gz
HTAR: a   instcat_y05_191109/01220333.tar.gz
HTAR: a   instcat_y05_191109/01220334.tar.gz
HTAR: a   instcat_y05_191109/01220335.tar.gz
HTAR: a   instcat_y05_191109/01220336.tar.gz
HTAR: a   instcat_y05_191109/01220337.tar.gz
HTAR: a   instcat_y05_191109/01220338.tar.gz
HTAR: a   instcat_y05_191109/01220339.tar.gz
HTAR: a   instcat_y05_191109/01220340.tar.gz
HTAR: a   instcat_y05_191109/01220341.tar.gz
HTAR: a   instcat_y05_191109/01220342.tar.gz
HTAR: a   instcat_y05_191109/01220343.tar.gz
HTAR: a   instcat_y05_191109/01220344.tar.gz
HTAR: a   instcat_y05_191109/01220345.tar.gz
HTAR: a   instcat_y05_191109/01220346.tar.gz
HTAR: a   instcat_y05_191109/01220347.tar.gz
HTAR: a   instcat_y05_191109/01220348.tar.gz
HTAR: a   instcat_y05_191109/01220349.tar.gz
HTAR: a   instcat_y05_191109/01220350.tar.gz
HTAR: a   instcat_y05_191109/01220351.tar.gz
HTAR: a   instcat_y05_191109/01220352.tar.gz
HTAR: a   instcat_y05_191109/01220353.tar.gz
HTAR: a   instcat_y05_191109/01220933.tar.gz
HTAR: a   instcat_y05_191109/01220940.tar.gz
HTAR: a   instcat_y05_191109/01220945.tar.gz
HTAR: a   instcat_y05_191109/01220964.tar.gz
HTAR: a   instcat_y05_191109/01220965.tar.gz
HTAR: a   instcat_y05_191109/01220966.tar.gz
HTAR: a   instcat_y05_191109/01220967.tar.gz
HTAR: a   instcat_y05_191109/01220968.tar.gz
HTAR: a   instcat_y05_191109/01221223.tar.gz
HTAR: a   instcat_y05_191109/01221264.tar.gz
HTAR: a   instcat_y05_191109/01221269.tar.gz
HTAR: a   instcat_y05_191109/01221618.tar.gz
HTAR: a   instcat_y05_191109/01221624.tar.gz
HTAR: a   instcat_y05_191109/01221625.tar.gz
HTAR: a   instcat_y05_191109/01221660.tar.gz
HTAR: a   instcat_y05_191109/01221664.tar.gz
HTAR: a   instcat_y05_191109/01221665.tar.gz
HTAR: a   instcat_y05_191109/01221666.tar.gz
HTAR: a   instcat_y05_191109/01221667.tar.gz
HTAR: a   instcat_y05_191109/01221668.tar.gz
HTAR: a   instcat_y05_191109/01221669.tar.gz
HTAR: a   instcat_y05_191109/01221889.tar.gz
HTAR: a   instcat_y05_191109/01222528.tar.gz
HTAR: a   instcat_y05_191109/01222529.tar.gz
HTAR: a   instcat_y05_191109/01222530.tar.gz
HTAR: a   instcat_y05_191109/01222531.tar.gz
HTAR: a   instcat_y05_191109/01222532.tar.gz
HTAR: a   instcat_y05_191109/01222548.tar.gz
HTAR: a   instcat_y05_191109/01222549.tar.gz
HTAR: a   instcat_y05_191109/01222550.tar.gz
HTAR: a   instcat_y05_191109/01222551.tar.gz
HTAR: a   instcat_y05_191109/01222552.tar.gz
HTAR: a   instcat_y05_191109/01222553.tar.gz
HTAR: a   instcat_y05_191109/01222554.tar.gz
HTAR: a   instcat_y05_191109/01222555.tar.gz
HTAR: a   instcat_y05_191109/01222556.tar.gz
HTAR: a   instcat_y05_191109/01222586.tar.gz
HTAR: a   instcat_y05_191109/01222587.tar.gz
HTAR: a   instcat_y05_191109/01222588.tar.gz
HTAR: a   instcat_y05_191109/01222589.tar.gz
HTAR: a   instcat_y05_191109/01222590.tar.gz
HTAR: a   instcat_y05_191109/01222591.tar.gz
HTAR: a   instcat_y05_191109/01222592.tar.gz
HTAR: a   instcat_y05_191109/01222593.tar.gz
HTAR: a   instcat_y05_191109/01222594.tar.gz
HTAR: a   instcat_y05_191109/01222595.tar.gz
HTAR: a   instcat_y05_191109/01223080.tar.gz
HTAR: a   instcat_y05_191109/01223100.tar.gz
HTAR: a   instcat_y05_191109/01223122.tar.gz
HTAR: a   instcat_y05_191109/01223124.tar.gz
HTAR: a   instcat_y05_191109/01223125.tar.gz
HTAR: a   instcat_y05_191109/01223126.tar.gz
HTAR: a   instcat_y05_191109/01223168.tar.gz
HTAR: a   instcat_y05_191109/01223169.tar.gz
HTAR: a   instcat_y05_191109/01223170.tar.gz
HTAR: a   instcat_y05_191109/01223171.tar.gz
HTAR: a   instcat_y05_191109/01223172.tar.gz
HTAR: a   instcat_y05_191109/01223173.tar.gz
HTAR: a   instcat_y05_191109/01223174.tar.gz
HTAR: a   instcat_y05_191109/01223175.tar.gz
HTAR: a   instcat_y05_191109/01223176.tar.gz
HTAR: a   instcat_y05_191109/01223177.tar.gz
HTAR: a   instcat_y05_191109/01223178.tar.gz
HTAR: a   instcat_y05_191109/01223179.tar.gz
HTAR: a   instcat_y05_191109/01223180.tar.gz
HTAR: a   instcat_y05_191109/01223181.tar.gz
HTAR: a   instcat_y05_191109/01223182.tar.gz
HTAR: a   instcat_y05_191109/01223183.tar.gz
HTAR: a   instcat_y05_191109/01223184.tar.gz
HTAR: a   instcat_y05_191109/01223185.tar.gz
HTAR: a   instcat_y05_191109/01223186.tar.gz
HTAR: a   instcat_y05_191109/01223187.tar.gz
HTAR: a   instcat_y05_191109/01223188.tar.gz
HTAR: a   instcat_y05_191109/01223189.tar.gz
HTAR: a   instcat_y05_191109/01223190.tar.gz
HTAR: a   instcat_y05_191109/01223191.tar.gz
HTAR: a   instcat_y05_191109/01223192.tar.gz
HTAR: a   instcat_y05_191109/01223193.tar.gz
HTAR: a   instcat_y05_191109/01223194.tar.gz
HTAR: a   instcat_y05_191109/01223195.tar.gz
HTAR: a   instcat_y05_191109/01223203.tar.gz
HTAR: a   instcat_y05_191109/01223229.tar.gz
HTAR: a   instcat_y05_191109/01223230.tar.gz
HTAR: a   instcat_y05_191109/01223231.tar.gz
HTAR: a   instcat_y05_191109/01223850.tar.gz
HTAR: a   instcat_y05_191109/01223851.tar.gz
HTAR: a   instcat_y05_191109/01223852.tar.gz
HTAR: a   instcat_y05_191109/job_log_01220321.txt
HTAR: a   instcat_y05_191109/job_log_01220322.txt
HTAR: a   instcat_y05_191109/job_log_01220323.txt
HTAR: a   instcat_y05_191109/job_log_01220324.txt
HTAR: a   instcat_y05_191109/job_log_01220325.txt
HTAR: a   instcat_y05_191109/job_log_01220326.txt
HTAR: a   instcat_y05_191109/job_log_01220327.txt
HTAR: a   instcat_y05_191109/job_log_01220328.txt
HTAR: a   instcat_y05_191109/job_log_01220329.txt
HTAR: a   instcat_y05_191109/job_log_01220330.txt
HTAR: a   instcat_y05_191109/job_log_01220331.txt
HTAR: a   instcat_y05_191109/job_log_01220332.txt
HTAR: a   instcat_y05_191109/job_log_01220333.txt
HTAR: a   instcat_y05_191109/job_log_01220334.txt
HTAR: a   instcat_y05_191109/job_log_01220335.txt
HTAR: a   instcat_y05_191109/job_log_01220336.txt
HTAR: a   instcat_y05_191109/job_log_01220337.txt
HTAR: a   instcat_y05_191109/job_log_01220338.txt
HTAR: a   instcat_y05_191109/job_log_01220339.txt
HTAR: a   instcat_y05_191109/job_log_01220340.txt
HTAR: a   instcat_y05_191109/job_log_01220341.txt
HTAR: a   instcat_y05_191109/job_log_01220342.txt
HTAR: a   instcat_y05_191109/job_log_01220343.txt
HTAR: a   instcat_y05_191109/job_log_01220344.txt
HTAR: a   instcat_y05_191109/job_log_01220345.txt
HTAR: a   instcat_y05_191109/job_log_01220346.txt
HTAR: a   instcat_y05_191109/job_log_01220347.txt
HTAR: a   instcat_y05_191109/job_log_01220348.txt
HTAR: a   instcat_y05_191109/job_log_01220349.txt
HTAR: a   instcat_y05_191109/job_log_01220350.txt
HTAR: a   instcat_y05_191109/job_log_01220351.txt
HTAR: a   instcat_y05_191109/job_log_01220352.txt
HTAR: a   instcat_y05_191109/job_log_01220353.txt
HTAR: a   instcat_y05_191109/job_log_01220933.txt
HTAR: a   instcat_y05_191109/job_log_01220940.txt
HTAR: a   instcat_y05_191109/job_log_01220945.txt
HTAR: a   instcat_y05_191109/job_log_01220964.txt
HTAR: a   instcat_y05_191109/job_log_01220965.txt
HTAR: a   instcat_y05_191109/job_log_01220966.txt
HTAR: a   instcat_y05_191109/job_log_01220967.txt
HTAR: a   instcat_y05_191109/job_log_01220968.txt
HTAR: a   instcat_y05_191109/job_log_01221223.txt
HTAR: a   instcat_y05_191109/job_log_01221264.txt
HTAR: a   instcat_y05_191109/job_log_01221269.txt
HTAR: a   instcat_y05_191109/job_log_01221618.txt
HTAR: a   instcat_y05_191109/job_log_01221624.txt
HTAR: a   instcat_y05_191109/job_log_01221625.txt
HTAR: a   instcat_y05_191109/job_log_01221660.txt
HTAR: a   instcat_y05_191109/job_log_01221664.txt
HTAR: a   instcat_y05_191109/job_log_01221665.txt
HTAR: a   instcat_y05_191109/job_log_01221666.txt
HTAR: a   instcat_y05_191109/job_log_01221667.txt
HTAR: a   instcat_y05_191109/job_log_01221668.txt
HTAR: a   instcat_y05_191109/job_log_01221669.txt
HTAR: a   instcat_y05_191109/job_log_01221889.txt
HTAR: a   instcat_y05_191109/job_log_01222528.txt
HTAR: a   instcat_y05_191109/job_log_01222529.txt
HTAR: a   instcat_y05_191109/job_log_01222530.txt
HTAR: a   instcat_y05_191109/job_log_01222531.txt
HTAR: a   instcat_y05_191109/job_log_01222532.txt
HTAR: a   instcat_y05_191109/job_log_01222548.txt
HTAR: a   instcat_y05_191109/job_log_01222549.txt
HTAR: a   instcat_y05_191109/job_log_01222550.txt
HTAR: a   instcat_y05_191109/job_log_01222551.txt
HTAR: a   instcat_y05_191109/job_log_01222552.txt
HTAR: a   instcat_y05_191109/job_log_01222553.txt
HTAR: a   instcat_y05_191109/job_log_01222554.txt
HTAR: a   instcat_y05_191109/job_log_01222555.txt
HTAR: a   instcat_y05_191109/job_log_01222556.txt
HTAR: a   instcat_y05_191109/job_log_01222586.txt
HTAR: a   instcat_y05_191109/job_log_01222587.txt
HTAR: a   instcat_y05_191109/job_log_01222588.txt
HTAR: a   instcat_y05_191109/job_log_01222589.txt
HTAR: a   instcat_y05_191109/job_log_01222590.txt
HTAR: a   instcat_y05_191109/job_log_01222591.txt
HTAR: a   instcat_y05_191109/job_log_01222592.txt
HTAR: a   instcat_y05_191109/job_log_01222593.txt
HTAR: a   instcat_y05_191109/job_log_01222594.txt
HTAR: a   instcat_y05_191109/job_log_01222595.txt
HTAR: a   instcat_y05_191109/job_log_01223080.txt
HTAR: a   instcat_y05_191109/job_log_01223100.txt
HTAR: a   instcat_y05_191109/job_log_01223122.txt
HTAR: a   instcat_y05_191109/job_log_01223124.txt
HTAR: a   instcat_y05_191109/job_log_01223125.txt
HTAR: a   instcat_y05_191109/job_log_01223126.txt
HTAR: a   instcat_y05_191109/job_log_01223168.txt
HTAR: a   instcat_y05_191109/job_log_01223169.txt
HTAR: a   instcat_y05_191109/job_log_01223170.txt
HTAR: a   instcat_y05_191109/job_log_01223171.txt
HTAR: a   instcat_y05_191109/job_log_01223172.txt
HTAR: a   instcat_y05_191109/job_log_01223173.txt
HTAR: a   instcat_y05_191109/job_log_01223174.txt
HTAR: a   instcat_y05_191109/job_log_01223175.txt
HTAR: a   instcat_y05_191109/job_log_01223176.txt
HTAR: a   instcat_y05_191109/job_log_01223177.txt
HTAR: a   instcat_y05_191109/job_log_01223178.txt
HTAR: a   instcat_y05_191109/job_log_01223179.txt
HTAR: a   instcat_y05_191109/job_log_01223180.txt
HTAR: a   instcat_y05_191109/job_log_01223181.txt
HTAR: a   instcat_y05_191109/job_log_01223182.txt
HTAR: a   instcat_y05_191109/job_log_01223183.txt
HTAR: a   instcat_y05_191109/job_log_01223184.txt
HTAR: a   instcat_y05_191109/job_log_01223185.txt
HTAR: a   instcat_y05_191109/job_log_01223186.txt
HTAR: a   instcat_y05_191109/job_log_01223187.txt
HTAR: a   instcat_y05_191109/job_log_01223188.txt
HTAR: a   instcat_y05_191109/job_log_01223189.txt
HTAR: a   instcat_y05_191109/job_log_01223190.txt
HTAR: a   instcat_y05_191109/job_log_01223191.txt
HTAR: a   instcat_y05_191109/job_log_01223192.txt
HTAR: a   instcat_y05_191109/job_log_01223193.txt
HTAR: a   instcat_y05_191109/job_log_01223194.txt
HTAR: a   instcat_y05_191109/job_log_01223195.txt
HTAR: a   instcat_y05_191109/job_log_01223203.txt
HTAR: a   instcat_y05_191109/job_log_01223229.txt
HTAR: a   instcat_y05_191109/job_log_01223230.txt
HTAR: a   instcat_y05_191109/job_log_01223231.txt
HTAR: a   instcat_y05_191109/job_log_01223850.txt
HTAR: a   instcat_y05_191109/job_log_01223851.txt
HTAR: a   instcat_y05_191109/job_log_01223852.txt
HTAR: a   /tmp/HTAR_CF_CHK_44257_1580768765
HTAR Create complete for /home/projects/desc/DC2_ImSim/Run2.2i/instCat/y05_191109/01220321to01223852.tar. 543,150,427,136 bytes written for 240 member files, max threads: 50 Transfer time: 4260.556 seconds (127.483 MB/s) wallclock/user/sys: 4263.126 4718.993 1642.716 seconds
HTAR: HTAR SUCCESSFUL
