HTAR: a   instcat_y05_191109/01198548.tar.gz
HTAR: a   instcat_y05_191109/01198549.tar.gz
HTAR: a   instcat_y05_191109/01198550.tar.gz
HTAR: a   instcat_y05_191109/01198551.tar.gz
HTAR: a   instcat_y05_191109/01198552.tar.gz
HTAR: a   instcat_y05_191109/01198553.tar.gz
HTAR: a   instcat_y05_191109/01198554.tar.gz
HTAR: a   instcat_y05_191109/01198555.tar.gz
HTAR: a   instcat_y05_191109/01198556.tar.gz
HTAR: a   instcat_y05_191109/01198557.tar.gz
HTAR: a   instcat_y05_191109/01198558.tar.gz
HTAR: a   instcat_y05_191109/01198559.tar.gz
HTAR: a   instcat_y05_191109/01198560.tar.gz
HTAR: a   instcat_y05_191109/01198561.tar.gz
HTAR: a   instcat_y05_191109/01198562.tar.gz
HTAR: a   instcat_y05_191109/01198563.tar.gz
HTAR: a   instcat_y05_191109/01198564.tar.gz
HTAR: a   instcat_y05_191109/01198565.tar.gz
HTAR: a   instcat_y05_191109/01198566.tar.gz
HTAR: a   instcat_y05_191109/01198567.tar.gz
HTAR: a   instcat_y05_191109/01198568.tar.gz
HTAR: a   instcat_y05_191109/01198569.tar.gz
HTAR: a   instcat_y05_191109/01198570.tar.gz
HTAR: a   instcat_y05_191109/01198571.tar.gz
HTAR: a   instcat_y05_191109/01198572.tar.gz
HTAR: a   instcat_y05_191109/01198573.tar.gz
HTAR: a   instcat_y05_191109/01198574.tar.gz
HTAR: a   instcat_y05_191109/01198575.tar.gz
HTAR: a   instcat_y05_191109/01198576.tar.gz
HTAR: a   instcat_y05_191109/01198577.tar.gz
HTAR: a   instcat_y05_191109/01198578.tar.gz
HTAR: a   instcat_y05_191109/01198579.tar.gz
HTAR: a   instcat_y05_191109/01198580.tar.gz
HTAR: a   instcat_y05_191109/01198581.tar.gz
HTAR: a   instcat_y05_191109/01198582.tar.gz
HTAR: a   instcat_y05_191109/01198583.tar.gz
HTAR: a   instcat_y05_191109/01198584.tar.gz
HTAR: a   instcat_y05_191109/01198585.tar.gz
HTAR: a   instcat_y05_191109/01198586.tar.gz
HTAR: a   instcat_y05_191109/01198587.tar.gz
HTAR: a   instcat_y05_191109/01198588.tar.gz
HTAR: a   instcat_y05_191109/01198589.tar.gz
HTAR: a   instcat_y05_191109/01198590.tar.gz
HTAR: a   instcat_y05_191109/01198591.tar.gz
HTAR: a   instcat_y05_191109/01198592.tar.gz
HTAR: a   instcat_y05_191109/01198593.tar.gz
HTAR: a   instcat_y05_191109/01198594.tar.gz
HTAR: a   instcat_y05_191109/01198595.tar.gz
HTAR: a   instcat_y05_191109/01198596.tar.gz
HTAR: a   instcat_y05_191109/01198597.tar.gz
HTAR: a   instcat_y05_191109/01198598.tar.gz
HTAR: a   instcat_y05_191109/01198599.tar.gz
HTAR: a   instcat_y05_191109/01198600.tar.gz
HTAR: a   instcat_y05_191109/01198601.tar.gz
HTAR: a   instcat_y05_191109/01198602.tar.gz
HTAR: a   instcat_y05_191109/01198603.tar.gz
HTAR: a   instcat_y05_191109/01198604.tar.gz
HTAR: a   instcat_y05_191109/01198605.tar.gz
HTAR: a   instcat_y05_191109/01198606.tar.gz
HTAR: a   instcat_y05_191109/01198607.tar.gz
HTAR: a   instcat_y05_191109/01198608.tar.gz
HTAR: a   instcat_y05_191109/01198609.tar.gz
HTAR: a   instcat_y05_191109/01198610.tar.gz
HTAR: a   instcat_y05_191109/01198611.tar.gz
HTAR: a   instcat_y05_191109/01198612.tar.gz
HTAR: a   instcat_y05_191109/01198613.tar.gz
HTAR: a   instcat_y05_191109/01198614.tar.gz
HTAR: a   instcat_y05_191109/01198615.tar.gz
HTAR: a   instcat_y05_191109/01198616.tar.gz
HTAR: a   instcat_y05_191109/01198617.tar.gz
HTAR: a   instcat_y05_191109/01198618.tar.gz
HTAR: a   instcat_y05_191109/01198619.tar.gz
HTAR: a   instcat_y05_191109/01198620.tar.gz
HTAR: a   instcat_y05_191109/01198621.tar.gz
HTAR: a   instcat_y05_191109/01198622.tar.gz
HTAR: a   instcat_y05_191109/01198623.tar.gz
HTAR: a   instcat_y05_191109/01198624.tar.gz
HTAR: a   instcat_y05_191109/01198625.tar.gz
HTAR: a   instcat_y05_191109/01198626.tar.gz
HTAR: a   instcat_y05_191109/01198627.tar.gz
HTAR: a   instcat_y05_191109/01198628.tar.gz
HTAR: a   instcat_y05_191109/01198629.tar.gz
HTAR: a   instcat_y05_191109/01198630.tar.gz
HTAR: a   instcat_y05_191109/01198631.tar.gz
HTAR: a   instcat_y05_191109/01198632.tar.gz
HTAR: a   instcat_y05_191109/01198633.tar.gz
HTAR: a   instcat_y05_191109/01198634.tar.gz
HTAR: a   instcat_y05_191109/01198635.tar.gz
HTAR: a   instcat_y05_191109/01198636.tar.gz
HTAR: a   instcat_y05_191109/01198715.tar.gz
HTAR: a   instcat_y05_191109/01198733.tar.gz
HTAR: a   instcat_y05_191109/01198734.tar.gz
HTAR: a   instcat_y05_191109/01198774.tar.gz
HTAR: a   instcat_y05_191109/01198803.tar.gz
HTAR: a   instcat_y05_191109/01198804.tar.gz
HTAR: a   instcat_y05_191109/01198805.tar.gz
HTAR: a   instcat_y05_191109/01198806.tar.gz
HTAR: a   instcat_y05_191109/01198809.tar.gz
HTAR: a   instcat_y05_191109/01198810.tar.gz
HTAR: a   instcat_y05_191109/01198811.tar.gz
HTAR: a   instcat_y05_191109/01198812.tar.gz
HTAR: a   instcat_y05_191109/01198813.tar.gz
HTAR: a   instcat_y05_191109/01198814.tar.gz
HTAR: a   instcat_y05_191109/01198816.tar.gz
HTAR: a   instcat_y05_191109/01198817.tar.gz
HTAR: a   instcat_y05_191109/01198818.tar.gz
HTAR: a   instcat_y05_191109/01198819.tar.gz
HTAR: a   instcat_y05_191109/01198821.tar.gz
HTAR: a   instcat_y05_191109/01198822.tar.gz
HTAR: a   instcat_y05_191109/01198823.tar.gz
HTAR: a   instcat_y05_191109/01198824.tar.gz
HTAR: a   instcat_y05_191109/01198825.tar.gz
HTAR: a   instcat_y05_191109/01198826.tar.gz
HTAR: a   instcat_y05_191109/01198827.tar.gz
HTAR: a   instcat_y05_191109/01198828.tar.gz
HTAR: a   instcat_y05_191109/01198829.tar.gz
HTAR: a   instcat_y05_191109/01198830.tar.gz
HTAR: a   instcat_y05_191109/01198831.tar.gz
HTAR: a   instcat_y05_191109/01198832.tar.gz
HTAR: a   instcat_y05_191109/01198840.tar.gz
HTAR: a   instcat_y05_191109/job_log_01198548.txt
HTAR: a   instcat_y05_191109/job_log_01198549.txt
HTAR: a   instcat_y05_191109/job_log_01198550.txt
HTAR: a   instcat_y05_191109/job_log_01198551.txt
HTAR: a   instcat_y05_191109/job_log_01198552.txt
HTAR: a   instcat_y05_191109/job_log_01198553.txt
HTAR: a   instcat_y05_191109/job_log_01198554.txt
HTAR: a   instcat_y05_191109/job_log_01198555.txt
HTAR: a   instcat_y05_191109/job_log_01198556.txt
HTAR: a   instcat_y05_191109/job_log_01198557.txt
HTAR: a   instcat_y05_191109/job_log_01198558.txt
HTAR: a   instcat_y05_191109/job_log_01198559.txt
HTAR: a   instcat_y05_191109/job_log_01198560.txt
HTAR: a   instcat_y05_191109/job_log_01198561.txt
HTAR: a   instcat_y05_191109/job_log_01198562.txt
HTAR: a   instcat_y05_191109/job_log_01198563.txt
HTAR: a   instcat_y05_191109/job_log_01198564.txt
HTAR: a   instcat_y05_191109/job_log_01198565.txt
HTAR: a   instcat_y05_191109/job_log_01198566.txt
HTAR: a   instcat_y05_191109/job_log_01198567.txt
HTAR: a   instcat_y05_191109/job_log_01198568.txt
HTAR: a   instcat_y05_191109/job_log_01198569.txt
HTAR: a   instcat_y05_191109/job_log_01198570.txt
HTAR: a   instcat_y05_191109/job_log_01198571.txt
HTAR: a   instcat_y05_191109/job_log_01198572.txt
HTAR: a   instcat_y05_191109/job_log_01198573.txt
HTAR: a   instcat_y05_191109/job_log_01198574.txt
HTAR: a   instcat_y05_191109/job_log_01198575.txt
HTAR: a   instcat_y05_191109/job_log_01198576.txt
HTAR: a   instcat_y05_191109/job_log_01198577.txt
HTAR: a   instcat_y05_191109/job_log_01198578.txt
HTAR: a   instcat_y05_191109/job_log_01198579.txt
HTAR: a   instcat_y05_191109/job_log_01198580.txt
HTAR: a   instcat_y05_191109/job_log_01198581.txt
HTAR: a   instcat_y05_191109/job_log_01198582.txt
HTAR: a   instcat_y05_191109/job_log_01198583.txt
HTAR: a   instcat_y05_191109/job_log_01198584.txt
HTAR: a   instcat_y05_191109/job_log_01198585.txt
HTAR: a   instcat_y05_191109/job_log_01198586.txt
HTAR: a   instcat_y05_191109/job_log_01198587.txt
HTAR: a   instcat_y05_191109/job_log_01198588.txt
HTAR: a   instcat_y05_191109/job_log_01198589.txt
HTAR: a   instcat_y05_191109/job_log_01198590.txt
HTAR: a   instcat_y05_191109/job_log_01198591.txt
HTAR: a   instcat_y05_191109/job_log_01198592.txt
HTAR: a   instcat_y05_191109/job_log_01198593.txt
HTAR: a   instcat_y05_191109/job_log_01198594.txt
HTAR: a   instcat_y05_191109/job_log_01198595.txt
HTAR: a   instcat_y05_191109/job_log_01198596.txt
HTAR: a   instcat_y05_191109/job_log_01198597.txt
HTAR: a   instcat_y05_191109/job_log_01198598.txt
HTAR: a   instcat_y05_191109/job_log_01198599.txt
HTAR: a   instcat_y05_191109/job_log_01198600.txt
HTAR: a   instcat_y05_191109/job_log_01198601.txt
HTAR: a   instcat_y05_191109/job_log_01198602.txt
HTAR: a   instcat_y05_191109/job_log_01198603.txt
HTAR: a   instcat_y05_191109/job_log_01198604.txt
HTAR: a   instcat_y05_191109/job_log_01198605.txt
HTAR: a   instcat_y05_191109/job_log_01198606.txt
HTAR: a   instcat_y05_191109/job_log_01198607.txt
HTAR: a   instcat_y05_191109/job_log_01198608.txt
HTAR: a   instcat_y05_191109/job_log_01198609.txt
HTAR: a   instcat_y05_191109/job_log_01198610.txt
HTAR: a   instcat_y05_191109/job_log_01198611.txt
HTAR: a   instcat_y05_191109/job_log_01198612.txt
HTAR: a   instcat_y05_191109/job_log_01198613.txt
HTAR: a   instcat_y05_191109/job_log_01198614.txt
HTAR: a   instcat_y05_191109/job_log_01198615.txt
HTAR: a   instcat_y05_191109/job_log_01198616.txt
HTAR: a   instcat_y05_191109/job_log_01198617.txt
HTAR: a   instcat_y05_191109/job_log_01198618.txt
HTAR: a   instcat_y05_191109/job_log_01198619.txt
HTAR: a   instcat_y05_191109/job_log_01198620.txt
HTAR: a   instcat_y05_191109/job_log_01198621.txt
HTAR: a   instcat_y05_191109/job_log_01198622.txt
HTAR: a   instcat_y05_191109/job_log_01198623.txt
HTAR: a   instcat_y05_191109/job_log_01198624.txt
HTAR: a   instcat_y05_191109/job_log_01198625.txt
HTAR: a   instcat_y05_191109/job_log_01198626.txt
HTAR: a   instcat_y05_191109/job_log_01198627.txt
HTAR: a   instcat_y05_191109/job_log_01198628.txt
HTAR: a   instcat_y05_191109/job_log_01198629.txt
HTAR: a   instcat_y05_191109/job_log_01198630.txt
HTAR: a   instcat_y05_191109/job_log_01198631.txt
HTAR: a   instcat_y05_191109/job_log_01198632.txt
HTAR: a   instcat_y05_191109/job_log_01198633.txt
HTAR: a   instcat_y05_191109/job_log_01198634.txt
HTAR: a   instcat_y05_191109/job_log_01198635.txt
HTAR: a   instcat_y05_191109/job_log_01198636.txt
HTAR: a   instcat_y05_191109/job_log_01198715.txt
HTAR: a   instcat_y05_191109/job_log_01198733.txt
HTAR: a   instcat_y05_191109/job_log_01198734.txt
HTAR: a   instcat_y05_191109/job_log_01198774.txt
HTAR: a   instcat_y05_191109/job_log_01198803.txt
HTAR: a   instcat_y05_191109/job_log_01198804.txt
HTAR: a   instcat_y05_191109/job_log_01198805.txt
HTAR: a   instcat_y05_191109/job_log_01198806.txt
HTAR: a   instcat_y05_191109/job_log_01198809.txt
HTAR: a   instcat_y05_191109/job_log_01198810.txt
HTAR: a   instcat_y05_191109/job_log_01198811.txt
HTAR: a   instcat_y05_191109/job_log_01198812.txt
HTAR: a   instcat_y05_191109/job_log_01198813.txt
HTAR: a   instcat_y05_191109/job_log_01198814.txt
HTAR: a   instcat_y05_191109/job_log_01198816.txt
HTAR: a   instcat_y05_191109/job_log_01198817.txt
HTAR: a   instcat_y05_191109/job_log_01198818.txt
HTAR: a   instcat_y05_191109/job_log_01198819.txt
HTAR: a   instcat_y05_191109/job_log_01198821.txt
HTAR: a   instcat_y05_191109/job_log_01198822.txt
HTAR: a   instcat_y05_191109/job_log_01198823.txt
HTAR: a   instcat_y05_191109/job_log_01198824.txt
HTAR: a   instcat_y05_191109/job_log_01198825.txt
HTAR: a   instcat_y05_191109/job_log_01198826.txt
HTAR: a   instcat_y05_191109/job_log_01198827.txt
HTAR: a   instcat_y05_191109/job_log_01198828.txt
HTAR: a   instcat_y05_191109/job_log_01198829.txt
HTAR: a   instcat_y05_191109/job_log_01198830.txt
HTAR: a   instcat_y05_191109/job_log_01198831.txt
HTAR: a   instcat_y05_191109/job_log_01198832.txt
HTAR: a   instcat_y05_191109/job_log_01198840.txt
HTAR: a   /tmp/HTAR_CF_CHK_24626_1580741474
HTAR Create complete for /home/projects/desc/DC2_ImSim/Run2.2i/instCat/y05_191109/01198548to01198840.tar. 568,888,075,264 bytes written for 240 member files, max threads: 50 Transfer time: 4065.906 seconds (139.917 MB/s) wallclock/user/sys: 4066.416 4478.605 1477.548 seconds
HTAR: HTAR SUCCESSFUL
HTAR: a   instcat_y05_191109/01198841.tar.gz
HTAR: a   instcat_y05_191109/01198842.tar.gz
HTAR: a   instcat_y05_191109/01198843.tar.gz
HTAR: a   instcat_y05_191109/01198844.tar.gz
HTAR: a   instcat_y05_191109/01198845.tar.gz
HTAR: a   instcat_y05_191109/01198846.tar.gz
HTAR: a   instcat_y05_191109/01198847.tar.gz
HTAR: a   instcat_y05_191109/01198848.tar.gz
HTAR: a   instcat_y05_191109/01198849.tar.gz
HTAR: a   instcat_y05_191109/01198850.tar.gz
HTAR: a   instcat_y05_191109/01198851.tar.gz
HTAR: a   instcat_y05_191109/01198853.tar.gz
HTAR: a   instcat_y05_191109/01198854.tar.gz
HTAR: a   instcat_y05_191109/01198855.tar.gz
HTAR: a   instcat_y05_191109/01198856.tar.gz
HTAR: a   instcat_y05_191109/01198857.tar.gz
HTAR: a   instcat_y05_191109/01198858.tar.gz
HTAR: a   instcat_y05_191109/01198859.tar.gz
HTAR: a   instcat_y05_191109/01198860.tar.gz
HTAR: a   instcat_y05_191109/01199153.tar.gz
HTAR: a   instcat_y05_191109/01199154.tar.gz
HTAR: a   instcat_y05_191109/01199155.tar.gz
HTAR: a   instcat_y05_191109/01199156.tar.gz
HTAR: a   instcat_y05_191109/01199173.tar.gz
HTAR: a   instcat_y05_191109/01199187.tar.gz
HTAR: a   instcat_y05_191109/01199188.tar.gz
HTAR: a   instcat_y05_191109/01199189.tar.gz
HTAR: a   instcat_y05_191109/01199190.tar.gz
HTAR: a   instcat_y05_191109/01199191.tar.gz
HTAR: a   instcat_y05_191109/01199193.tar.gz
HTAR: a   instcat_y05_191109/01199194.tar.gz
HTAR: a   instcat_y05_191109/01199195.tar.gz
HTAR: a   instcat_y05_191109/01199208.tar.gz
HTAR: a   instcat_y05_191109/01199209.tar.gz
HTAR: a   instcat_y05_191109/01199210.tar.gz
HTAR: a   instcat_y05_191109/01199211.tar.gz
HTAR: a   instcat_y05_191109/01199212.tar.gz
HTAR: a   instcat_y05_191109/01199213.tar.gz
HTAR: a   instcat_y05_191109/01199225.tar.gz
HTAR: a   instcat_y05_191109/01199226.tar.gz
HTAR: a   instcat_y05_191109/01199227.tar.gz
HTAR: a   instcat_y05_191109/01199228.tar.gz
HTAR: a   instcat_y05_191109/01199229.tar.gz
HTAR: a   instcat_y05_191109/01199230.tar.gz
HTAR: a   instcat_y05_191109/01199231.tar.gz
HTAR: a   instcat_y05_191109/01199232.tar.gz
HTAR: a   instcat_y05_191109/01199233.tar.gz
HTAR: a   instcat_y05_191109/01199234.tar.gz
HTAR: a   instcat_y05_191109/01199235.tar.gz
HTAR: a   instcat_y05_191109/01199236.tar.gz
HTAR: a   instcat_y05_191109/01199237.tar.gz
HTAR: a   instcat_y05_191109/01199238.tar.gz
HTAR: a   instcat_y05_191109/01199239.tar.gz
HTAR: a   instcat_y05_191109/01199240.tar.gz
HTAR: a   instcat_y05_191109/01199241.tar.gz
HTAR: a   instcat_y05_191109/01199245.tar.gz
HTAR: a   instcat_y05_191109/01199246.tar.gz
HTAR: a   instcat_y05_191109/01199247.tar.gz
HTAR: a   instcat_y05_191109/01199248.tar.gz
HTAR: a   instcat_y05_191109/01199249.tar.gz
HTAR: a   instcat_y05_191109/01199259.tar.gz
HTAR: a   instcat_y05_191109/01199260.tar.gz
HTAR: a   instcat_y05_191109/01199262.tar.gz
HTAR: a   instcat_y05_191109/01199263.tar.gz
HTAR: a   instcat_y05_191109/01199264.tar.gz
HTAR: a   instcat_y05_191109/01199265.tar.gz
HTAR: a   instcat_y05_191109/01199266.tar.gz
HTAR: a   instcat_y05_191109/01199267.tar.gz
HTAR: a   instcat_y05_191109/01199270.tar.gz
HTAR: a   instcat_y05_191109/01199271.tar.gz
HTAR: a   instcat_y05_191109/01199272.tar.gz
HTAR: a   instcat_y05_191109/01199275.tar.gz
HTAR: a   instcat_y05_191109/01199276.tar.gz
HTAR: a   instcat_y05_191109/01199277.tar.gz
HTAR: a   instcat_y05_191109/01199278.tar.gz
HTAR: a   instcat_y05_191109/01199279.tar.gz
HTAR: a   instcat_y05_191109/01199280.tar.gz
HTAR: a   instcat_y05_191109/01199284.tar.gz
HTAR: a   instcat_y05_191109/01199285.tar.gz
HTAR: a   instcat_y05_191109/01199286.tar.gz
HTAR: a   instcat_y05_191109/01199287.tar.gz
HTAR: a   instcat_y05_191109/01199288.tar.gz
HTAR: a   instcat_y05_191109/01199289.tar.gz
HTAR: a   instcat_y05_191109/01199290.tar.gz
HTAR: a   instcat_y05_191109/01199291.tar.gz
HTAR: a   instcat_y05_191109/01199295.tar.gz
HTAR: a   instcat_y05_191109/01199297.tar.gz
HTAR: a   instcat_y05_191109/01199298.tar.gz
HTAR: a   instcat_y05_191109/01199299.tar.gz
HTAR: a   instcat_y05_191109/01199300.tar.gz
HTAR: a   instcat_y05_191109/01199301.tar.gz
HTAR: a   instcat_y05_191109/01199302.tar.gz
HTAR: a   instcat_y05_191109/01199303.tar.gz
HTAR: a   instcat_y05_191109/01199304.tar.gz
HTAR: a   instcat_y05_191109/01199305.tar.gz
HTAR: a   instcat_y05_191109/01199306.tar.gz
HTAR: a   instcat_y05_191109/01199311.tar.gz
HTAR: a   instcat_y05_191109/01199318.tar.gz
HTAR: a   instcat_y05_191109/01199319.tar.gz
HTAR: a   instcat_y05_191109/01199320.tar.gz
HTAR: a   instcat_y05_191109/01199349.tar.gz
HTAR: a   instcat_y05_191109/01199350.tar.gz
HTAR: a   instcat_y05_191109/01199351.tar.gz
HTAR: a   instcat_y05_191109/01199353.tar.gz
HTAR: a   instcat_y05_191109/01199354.tar.gz
HTAR: a   instcat_y05_191109/01199355.tar.gz
HTAR: a   instcat_y05_191109/01200013.tar.gz
HTAR: a   instcat_y05_191109/01200014.tar.gz
HTAR: a   instcat_y05_191109/01200015.tar.gz
HTAR: a   instcat_y05_191109/01200016.tar.gz
HTAR: a   instcat_y05_191109/01200050.tar.gz
HTAR: a   instcat_y05_191109/01200051.tar.gz
HTAR: a   instcat_y05_191109/01200052.tar.gz
HTAR: a   instcat_y05_191109/01200053.tar.gz
HTAR: a   instcat_y05_191109/01200093.tar.gz
HTAR: a   instcat_y05_191109/01200094.tar.gz
HTAR: a   instcat_y05_191109/01200095.tar.gz
HTAR: a   instcat_y05_191109/01200120.tar.gz
HTAR: a   instcat_y05_191109/01200121.tar.gz
HTAR: a   instcat_y05_191109/01200125.tar.gz
HTAR: a   instcat_y05_191109/job_log_01198841.txt
HTAR: a   instcat_y05_191109/job_log_01198842.txt
HTAR: a   instcat_y05_191109/job_log_01198843.txt
HTAR: a   instcat_y05_191109/job_log_01198844.txt
HTAR: a   instcat_y05_191109/job_log_01198845.txt
HTAR: a   instcat_y05_191109/job_log_01198846.txt
HTAR: a   instcat_y05_191109/job_log_01198847.txt
HTAR: a   instcat_y05_191109/job_log_01198848.txt
HTAR: a   instcat_y05_191109/job_log_01198849.txt
HTAR: a   instcat_y05_191109/job_log_01198850.txt
HTAR: a   instcat_y05_191109/job_log_01198851.txt
HTAR: a   instcat_y05_191109/job_log_01198853.txt
HTAR: a   instcat_y05_191109/job_log_01198854.txt
HTAR: a   instcat_y05_191109/job_log_01198855.txt
HTAR: a   instcat_y05_191109/job_log_01198856.txt
HTAR: a   instcat_y05_191109/job_log_01198857.txt
HTAR: a   instcat_y05_191109/job_log_01198858.txt
HTAR: a   instcat_y05_191109/job_log_01198859.txt
HTAR: a   instcat_y05_191109/job_log_01198860.txt
HTAR: a   instcat_y05_191109/job_log_01199153.txt
HTAR: a   instcat_y05_191109/job_log_01199154.txt
HTAR: a   instcat_y05_191109/job_log_01199155.txt
HTAR: a   instcat_y05_191109/job_log_01199156.txt
HTAR: a   instcat_y05_191109/job_log_01199173.txt
HTAR: a   instcat_y05_191109/job_log_01199187.txt
HTAR: a   instcat_y05_191109/job_log_01199188.txt
HTAR: a   instcat_y05_191109/job_log_01199189.txt
HTAR: a   instcat_y05_191109/job_log_01199190.txt
HTAR: a   instcat_y05_191109/job_log_01199191.txt
HTAR: a   instcat_y05_191109/job_log_01199193.txt
HTAR: a   instcat_y05_191109/job_log_01199194.txt
HTAR: a   instcat_y05_191109/job_log_01199195.txt
HTAR: a   instcat_y05_191109/job_log_01199208.txt
HTAR: a   instcat_y05_191109/job_log_01199209.txt
HTAR: a   instcat_y05_191109/job_log_01199210.txt
HTAR: a   instcat_y05_191109/job_log_01199211.txt
HTAR: a   instcat_y05_191109/job_log_01199212.txt
HTAR: a   instcat_y05_191109/job_log_01199213.txt
HTAR: a   instcat_y05_191109/job_log_01199225.txt
HTAR: a   instcat_y05_191109/job_log_01199226.txt
HTAR: a   instcat_y05_191109/job_log_01199227.txt
HTAR: a   instcat_y05_191109/job_log_01199228.txt
HTAR: a   instcat_y05_191109/job_log_01199229.txt
HTAR: a   instcat_y05_191109/job_log_01199230.txt
HTAR: a   instcat_y05_191109/job_log_01199231.txt
HTAR: a   instcat_y05_191109/job_log_01199232.txt
HTAR: a   instcat_y05_191109/job_log_01199233.txt
HTAR: a   instcat_y05_191109/job_log_01199234.txt
HTAR: a   instcat_y05_191109/job_log_01199235.txt
HTAR: a   instcat_y05_191109/job_log_01199236.txt
HTAR: a   instcat_y05_191109/job_log_01199237.txt
HTAR: a   instcat_y05_191109/job_log_01199238.txt
HTAR: a   instcat_y05_191109/job_log_01199239.txt
HTAR: a   instcat_y05_191109/job_log_01199240.txt
HTAR: a   instcat_y05_191109/job_log_01199241.txt
HTAR: a   instcat_y05_191109/job_log_01199245.txt
HTAR: a   instcat_y05_191109/job_log_01199246.txt
HTAR: a   instcat_y05_191109/job_log_01199247.txt
HTAR: a   instcat_y05_191109/job_log_01199248.txt
HTAR: a   instcat_y05_191109/job_log_01199249.txt
HTAR: a   instcat_y05_191109/job_log_01199259.txt
HTAR: a   instcat_y05_191109/job_log_01199260.txt
HTAR: a   instcat_y05_191109/job_log_01199262.txt
HTAR: a   instcat_y05_191109/job_log_01199263.txt
HTAR: a   instcat_y05_191109/job_log_01199264.txt
HTAR: a   instcat_y05_191109/job_log_01199265.txt
HTAR: a   instcat_y05_191109/job_log_01199266.txt
HTAR: a   instcat_y05_191109/job_log_01199267.txt
HTAR: a   instcat_y05_191109/job_log_01199270.txt
HTAR: a   instcat_y05_191109/job_log_01199271.txt
HTAR: a   instcat_y05_191109/job_log_01199272.txt
HTAR: a   instcat_y05_191109/job_log_01199275.txt
HTAR: a   instcat_y05_191109/job_log_01199276.txt
HTAR: a   instcat_y05_191109/job_log_01199277.txt
HTAR: a   instcat_y05_191109/job_log_01199278.txt
HTAR: a   instcat_y05_191109/job_log_01199279.txt
HTAR: a   instcat_y05_191109/job_log_01199280.txt
HTAR: a   instcat_y05_191109/job_log_01199284.txt
HTAR: a   instcat_y05_191109/job_log_01199285.txt
HTAR: a   instcat_y05_191109/job_log_01199286.txt
HTAR: a   instcat_y05_191109/job_log_01199287.txt
HTAR: a   instcat_y05_191109/job_log_01199288.txt
HTAR: a   instcat_y05_191109/job_log_01199289.txt
HTAR: a   instcat_y05_191109/job_log_01199290.txt
HTAR: a   instcat_y05_191109/job_log_01199291.txt
HTAR: a   instcat_y05_191109/job_log_01199295.txt
HTAR: a   instcat_y05_191109/job_log_01199297.txt
HTAR: a   instcat_y05_191109/job_log_01199298.txt
HTAR: a   instcat_y05_191109/job_log_01199299.txt
HTAR: a   instcat_y05_191109/job_log_01199300.txt
HTAR: a   instcat_y05_191109/job_log_01199301.txt
HTAR: a   instcat_y05_191109/job_log_01199302.txt
HTAR: a   instcat_y05_191109/job_log_01199303.txt
HTAR: a   instcat_y05_191109/job_log_01199304.txt
HTAR: a   instcat_y05_191109/job_log_01199305.txt
HTAR: a   instcat_y05_191109/job_log_01199306.txt
HTAR: a   instcat_y05_191109/job_log_01199311.txt
HTAR: a   instcat_y05_191109/job_log_01199318.txt
HTAR: a   instcat_y05_191109/job_log_01199319.txt
HTAR: a   instcat_y05_191109/job_log_01199320.txt
HTAR: a   instcat_y05_191109/job_log_01199349.txt
HTAR: a   instcat_y05_191109/job_log_01199350.txt
HTAR: a   instcat_y05_191109/job_log_01199351.txt
HTAR: a   instcat_y05_191109/job_log_01199353.txt
HTAR: a   instcat_y05_191109/job_log_01199354.txt
HTAR: a   instcat_y05_191109/job_log_01199355.txt
HTAR: a   instcat_y05_191109/job_log_01200013.txt
HTAR: a   instcat_y05_191109/job_log_01200014.txt
HTAR: a   instcat_y05_191109/job_log_01200015.txt
HTAR: a   instcat_y05_191109/job_log_01200016.txt
HTAR: a   instcat_y05_191109/job_log_01200050.txt
HTAR: a   instcat_y05_191109/job_log_01200051.txt
HTAR: a   instcat_y05_191109/job_log_01200052.txt
HTAR: a   instcat_y05_191109/job_log_01200053.txt
HTAR: a   instcat_y05_191109/job_log_01200093.txt
HTAR: a   instcat_y05_191109/job_log_01200094.txt
HTAR: a   instcat_y05_191109/job_log_01200095.txt
HTAR: a   instcat_y05_191109/job_log_01200120.txt
HTAR: a   instcat_y05_191109/job_log_01200121.txt
HTAR: a   instcat_y05_191109/job_log_01200125.txt
HTAR: a   /tmp/HTAR_CF_CHK_31154_1580745544
HTAR Create complete for /home/projects/desc/DC2_ImSim/Run2.2i/instCat/y05_191109/01198841to01200125.tar. 537,103,332,864 bytes written for 240 member files, max threads: 50 Transfer time: 3804.175 seconds (141.188 MB/s) wallclock/user/sys: 3805.561 4434.481 1546.578 seconds
HTAR: HTAR SUCCESSFUL
HTAR: a   instcat_y05_191109/01200126.tar.gz
HTAR: a   instcat_y05_191109/01200150.tar.gz
HTAR: a   instcat_y05_191109/01200151.tar.gz
HTAR: a   instcat_y05_191109/01200152.tar.gz
HTAR: a   instcat_y05_191109/01200153.tar.gz
HTAR: a   instcat_y05_191109/01200154.tar.gz
HTAR: a   instcat_y05_191109/01200184.tar.gz
HTAR: a   instcat_y05_191109/01200185.tar.gz
HTAR: a   instcat_y05_191109/01200186.tar.gz
HTAR: a   instcat_y05_191109/01200264.tar.gz
HTAR: a   instcat_y05_191109/01200300.tar.gz
HTAR: a   instcat_y05_191109/01200312.tar.gz
HTAR: a   instcat_y05_191109/01200315.tar.gz
HTAR: a   instcat_y05_191109/01200316.tar.gz
HTAR: a   instcat_y05_191109/01200344.tar.gz
HTAR: a   instcat_y05_191109/01200345.tar.gz
HTAR: a   instcat_y05_191109/01200346.tar.gz
HTAR: a   instcat_y05_191109/01200359.tar.gz
HTAR: a   instcat_y05_191109/01200361.tar.gz
HTAR: a   instcat_y05_191109/01200362.tar.gz
HTAR: a   instcat_y05_191109/01200405.tar.gz
HTAR: a   instcat_y05_191109/01200406.tar.gz
HTAR: a   instcat_y05_191109/01200407.tar.gz
HTAR: a   instcat_y05_191109/01200783.tar.gz
HTAR: a   instcat_y05_191109/01200836.tar.gz
HTAR: a   instcat_y05_191109/01200837.tar.gz
HTAR: a   instcat_y05_191109/01200838.tar.gz
HTAR: a   instcat_y05_191109/01200839.tar.gz
HTAR: a   instcat_y05_191109/01200841.tar.gz
HTAR: a   instcat_y05_191109/01200842.tar.gz
HTAR: a   instcat_y05_191109/01200843.tar.gz
HTAR: a   instcat_y05_191109/01200844.tar.gz
HTAR: a   instcat_y05_191109/01200845.tar.gz
HTAR: a   instcat_y05_191109/01200846.tar.gz
HTAR: a   instcat_y05_191109/01200847.tar.gz
HTAR: a   instcat_y05_191109/01200848.tar.gz
HTAR: a   instcat_y05_191109/01200849.tar.gz
HTAR: a   instcat_y05_191109/01200850.tar.gz
HTAR: a   instcat_y05_191109/01200858.tar.gz
HTAR: a   instcat_y05_191109/01200859.tar.gz
HTAR: a   instcat_y05_191109/01200860.tar.gz
HTAR: a   instcat_y05_191109/01200861.tar.gz
HTAR: a   instcat_y05_191109/01200862.tar.gz
HTAR: a   instcat_y05_191109/01200879.tar.gz
HTAR: a   instcat_y05_191109/01200880.tar.gz
HTAR: a   instcat_y05_191109/01200881.tar.gz
HTAR: a   instcat_y05_191109/01200883.tar.gz
HTAR: a   instcat_y05_191109/01200884.tar.gz
HTAR: a   instcat_y05_191109/01200885.tar.gz
HTAR: a   instcat_y05_191109/01200886.tar.gz
HTAR: a   instcat_y05_191109/01200887.tar.gz
HTAR: a   instcat_y05_191109/01200898.tar.gz
HTAR: a   instcat_y05_191109/01200899.tar.gz
HTAR: a   instcat_y05_191109/01201778.tar.gz
HTAR: a   instcat_y05_191109/01202853.tar.gz
HTAR: a   instcat_y05_191109/01202888.tar.gz
HTAR: a   instcat_y05_191109/01202889.tar.gz
HTAR: a   instcat_y05_191109/01202924.tar.gz
HTAR: a   instcat_y05_191109/01202925.tar.gz
HTAR: a   instcat_y05_191109/01202926.tar.gz
HTAR: a   instcat_y05_191109/01202927.tar.gz
HTAR: a   instcat_y05_191109/01202928.tar.gz
HTAR: a   instcat_y05_191109/01202929.tar.gz
HTAR: a   instcat_y05_191109/01202930.tar.gz
HTAR: a   instcat_y05_191109/01202931.tar.gz
HTAR: a   instcat_y05_191109/01203190.tar.gz
HTAR: a   instcat_y05_191109/01203191.tar.gz
HTAR: a   instcat_y05_191109/01203192.tar.gz
HTAR: a   instcat_y05_191109/01203193.tar.gz
HTAR: a   instcat_y05_191109/01203194.tar.gz
HTAR: a   instcat_y05_191109/01203195.tar.gz
HTAR: a   instcat_y05_191109/01203196.tar.gz
HTAR: a   instcat_y05_191109/01203197.tar.gz
HTAR: a   instcat_y05_191109/01203198.tar.gz
HTAR: a   instcat_y05_191109/01203199.tar.gz
HTAR: a   instcat_y05_191109/01203200.tar.gz
HTAR: a   instcat_y05_191109/01203201.tar.gz
HTAR: a   instcat_y05_191109/01203202.tar.gz
HTAR: a   instcat_y05_191109/01203203.tar.gz
HTAR: a   instcat_y05_191109/01203204.tar.gz
HTAR: a   instcat_y05_191109/01203205.tar.gz
HTAR: a   instcat_y05_191109/01203206.tar.gz
HTAR: a   instcat_y05_191109/01203207.tar.gz
HTAR: a   instcat_y05_191109/01203208.tar.gz
HTAR: a   instcat_y05_191109/01203209.tar.gz
HTAR: a   instcat_y05_191109/01203210.tar.gz
HTAR: a   instcat_y05_191109/01203211.tar.gz
HTAR: a   instcat_y05_191109/01203212.tar.gz
HTAR: a   instcat_y05_191109/01203213.tar.gz
HTAR: a   instcat_y05_191109/01203214.tar.gz
HTAR: a   instcat_y05_191109/01203215.tar.gz
HTAR: a   instcat_y05_191109/01203216.tar.gz
HTAR: a   instcat_y05_191109/01203217.tar.gz
HTAR: a   instcat_y05_191109/01203218.tar.gz
HTAR: a   instcat_y05_191109/01203219.tar.gz
HTAR: a   instcat_y05_191109/01203220.tar.gz
HTAR: a   instcat_y05_191109/01203221.tar.gz
HTAR: a   instcat_y05_191109/01203222.tar.gz
HTAR: a   instcat_y05_191109/01203223.tar.gz
HTAR: a   instcat_y05_191109/01203224.tar.gz
HTAR: a   instcat_y05_191109/01203225.tar.gz
HTAR: a   instcat_y05_191109/01203226.tar.gz
HTAR: a   instcat_y05_191109/01203227.tar.gz
HTAR: a   instcat_y05_191109/01203228.tar.gz
HTAR: a   instcat_y05_191109/01203229.tar.gz
HTAR: a   instcat_y05_191109/01203230.tar.gz
HTAR: a   instcat_y05_191109/01203231.tar.gz
HTAR: a   instcat_y05_191109/01203232.tar.gz
HTAR: a   instcat_y05_191109/01203233.tar.gz
HTAR: a   instcat_y05_191109/01203234.tar.gz
HTAR: a   instcat_y05_191109/01203235.tar.gz
HTAR: a   instcat_y05_191109/01203236.tar.gz
HTAR: a   instcat_y05_191109/01203237.tar.gz
HTAR: a   instcat_y05_191109/01203238.tar.gz
HTAR: a   instcat_y05_191109/01203239.tar.gz
HTAR: a   instcat_y05_191109/01203240.tar.gz
HTAR: a   instcat_y05_191109/01203241.tar.gz
HTAR: a   instcat_y05_191109/01203242.tar.gz
HTAR: a   instcat_y05_191109/01203243.tar.gz
HTAR: a   instcat_y05_191109/01203244.tar.gz
HTAR: a   instcat_y05_191109/job_log_01200126.txt
HTAR: a   instcat_y05_191109/job_log_01200150.txt
HTAR: a   instcat_y05_191109/job_log_01200151.txt
HTAR: a   instcat_y05_191109/job_log_01200152.txt
HTAR: a   instcat_y05_191109/job_log_01200153.txt
HTAR: a   instcat_y05_191109/job_log_01200154.txt
HTAR: a   instcat_y05_191109/job_log_01200184.txt
HTAR: a   instcat_y05_191109/job_log_01200185.txt
HTAR: a   instcat_y05_191109/job_log_01200186.txt
HTAR: a   instcat_y05_191109/job_log_01200264.txt
HTAR: a   instcat_y05_191109/job_log_01200300.txt
HTAR: a   instcat_y05_191109/job_log_01200312.txt
HTAR: a   instcat_y05_191109/job_log_01200315.txt
HTAR: a   instcat_y05_191109/job_log_01200316.txt
HTAR: a   instcat_y05_191109/job_log_01200344.txt
HTAR: a   instcat_y05_191109/job_log_01200345.txt
HTAR: a   instcat_y05_191109/job_log_01200346.txt
HTAR: a   instcat_y05_191109/job_log_01200359.txt
HTAR: a   instcat_y05_191109/job_log_01200361.txt
HTAR: a   instcat_y05_191109/job_log_01200362.txt
HTAR: a   instcat_y05_191109/job_log_01200405.txt
HTAR: a   instcat_y05_191109/job_log_01200406.txt
HTAR: a   instcat_y05_191109/job_log_01200407.txt
HTAR: a   instcat_y05_191109/job_log_01200783.txt
HTAR: a   instcat_y05_191109/job_log_01200836.txt
HTAR: a   instcat_y05_191109/job_log_01200837.txt
HTAR: a   instcat_y05_191109/job_log_01200838.txt
HTAR: a   instcat_y05_191109/job_log_01200839.txt
HTAR: a   instcat_y05_191109/job_log_01200841.txt
HTAR: a   instcat_y05_191109/job_log_01200842.txt
HTAR: a   instcat_y05_191109/job_log_01200843.txt
HTAR: a   instcat_y05_191109/job_log_01200844.txt
HTAR: a   instcat_y05_191109/job_log_01200845.txt
HTAR: a   instcat_y05_191109/job_log_01200846.txt
HTAR: a   instcat_y05_191109/job_log_01200847.txt
HTAR: a   instcat_y05_191109/job_log_01200848.txt
HTAR: a   instcat_y05_191109/job_log_01200849.txt
HTAR: a   instcat_y05_191109/job_log_01200850.txt
HTAR: a   instcat_y05_191109/job_log_01200858.txt
HTAR: a   instcat_y05_191109/job_log_01200859.txt
HTAR: a   instcat_y05_191109/job_log_01200860.txt
HTAR: a   instcat_y05_191109/job_log_01200861.txt
HTAR: a   instcat_y05_191109/job_log_01200862.txt
HTAR: a   instcat_y05_191109/job_log_01200879.txt
HTAR: a   instcat_y05_191109/job_log_01200880.txt
HTAR: a   instcat_y05_191109/job_log_01200881.txt
HTAR: a   instcat_y05_191109/job_log_01200883.txt
HTAR: a   instcat_y05_191109/job_log_01200884.txt
HTAR: a   instcat_y05_191109/job_log_01200885.txt
HTAR: a   instcat_y05_191109/job_log_01200886.txt
HTAR: a   instcat_y05_191109/job_log_01200887.txt
HTAR: a   instcat_y05_191109/job_log_01200898.txt
HTAR: a   instcat_y05_191109/job_log_01200899.txt
HTAR: a   instcat_y05_191109/job_log_01201778.txt
HTAR: a   instcat_y05_191109/job_log_01202853.txt
HTAR: a   instcat_y05_191109/job_log_01202888.txt
HTAR: a   instcat_y05_191109/job_log_01202889.txt
HTAR: a   instcat_y05_191109/job_log_01202924.txt
HTAR: a   instcat_y05_191109/job_log_01202925.txt
HTAR: a   instcat_y05_191109/job_log_01202926.txt
HTAR: a   instcat_y05_191109/job_log_01202927.txt
HTAR: a   instcat_y05_191109/job_log_01202928.txt
HTAR: a   instcat_y05_191109/job_log_01202929.txt
HTAR: a   instcat_y05_191109/job_log_01202930.txt
HTAR: a   instcat_y05_191109/job_log_01202931.txt
HTAR: a   instcat_y05_191109/job_log_01203190.txt
HTAR: a   instcat_y05_191109/job_log_01203191.txt
HTAR: a   instcat_y05_191109/job_log_01203192.txt
HTAR: a   instcat_y05_191109/job_log_01203193.txt
HTAR: a   instcat_y05_191109/job_log_01203194.txt
HTAR: a   instcat_y05_191109/job_log_01203195.txt
HTAR: a   instcat_y05_191109/job_log_01203196.txt
HTAR: a   instcat_y05_191109/job_log_01203197.txt
HTAR: a   instcat_y05_191109/job_log_01203198.txt
HTAR: a   instcat_y05_191109/job_log_01203199.txt
HTAR: a   instcat_y05_191109/job_log_01203200.txt
HTAR: a   instcat_y05_191109/job_log_01203201.txt
HTAR: a   instcat_y05_191109/job_log_01203202.txt
HTAR: a   instcat_y05_191109/job_log_01203203.txt
HTAR: a   instcat_y05_191109/job_log_01203204.txt
HTAR: a   instcat_y05_191109/job_log_01203205.txt
HTAR: a   instcat_y05_191109/job_log_01203206.txt
HTAR: a   instcat_y05_191109/job_log_01203207.txt
HTAR: a   instcat_y05_191109/job_log_01203208.txt
HTAR: a   instcat_y05_191109/job_log_01203209.txt
HTAR: a   instcat_y05_191109/job_log_01203210.txt
HTAR: a   instcat_y05_191109/job_log_01203211.txt
HTAR: a   instcat_y05_191109/job_log_01203212.txt
HTAR: a   instcat_y05_191109/job_log_01203213.txt
HTAR: a   instcat_y05_191109/job_log_01203214.txt
HTAR: a   instcat_y05_191109/job_log_01203215.txt
HTAR: a   instcat_y05_191109/job_log_01203216.txt
HTAR: a   instcat_y05_191109/job_log_01203217.txt
HTAR: a   instcat_y05_191109/job_log_01203218.txt
HTAR: a   instcat_y05_191109/job_log_01203219.txt
HTAR: a   instcat_y05_191109/job_log_01203220.txt
HTAR: a   instcat_y05_191109/job_log_01203221.txt
HTAR: a   instcat_y05_191109/job_log_01203222.txt
HTAR: a   instcat_y05_191109/job_log_01203223.txt
HTAR: a   instcat_y05_191109/job_log_01203224.txt
HTAR: a   instcat_y05_191109/job_log_01203225.txt
HTAR: a   instcat_y05_191109/job_log_01203226.txt
HTAR: a   instcat_y05_191109/job_log_01203227.txt
HTAR: a   instcat_y05_191109/job_log_01203228.txt
HTAR: a   instcat_y05_191109/job_log_01203229.txt
HTAR: a   instcat_y05_191109/job_log_01203230.txt
HTAR: a   instcat_y05_191109/job_log_01203231.txt
HTAR: a   instcat_y05_191109/job_log_01203232.txt
HTAR: a   instcat_y05_191109/job_log_01203233.txt
HTAR: a   instcat_y05_191109/job_log_01203234.txt
HTAR: a   instcat_y05_191109/job_log_01203235.txt
HTAR: a   instcat_y05_191109/job_log_01203236.txt
HTAR: a   instcat_y05_191109/job_log_01203237.txt
HTAR: a   instcat_y05_191109/job_log_01203238.txt
HTAR: a   instcat_y05_191109/job_log_01203239.txt
HTAR: a   instcat_y05_191109/job_log_01203240.txt
HTAR: a   instcat_y05_191109/job_log_01203241.txt
HTAR: a   instcat_y05_191109/job_log_01203242.txt
HTAR: a   instcat_y05_191109/job_log_01203243.txt
HTAR: a   instcat_y05_191109/job_log_01203244.txt
HTAR: a   /tmp/HTAR_CF_CHK_10761_1580749359
HTAR Create complete for /home/projects/desc/DC2_ImSim/Run2.2i/instCat/y05_191109/01200126to01203244.tar. 544,180,612,608 bytes written for 240 member files, max threads: 50 Transfer time: 4064.977 seconds (133.871 MB/s) wallclock/user/sys: 4072.565 4681.669 1579.173 seconds
HTAR: HTAR SUCCESSFUL
HTAR: a   instcat_y05_191109/01203245.tar.gz
HTAR: a   instcat_y05_191109/01203246.tar.gz
HTAR: a   instcat_y05_191109/01203247.tar.gz
HTAR: a   instcat_y05_191109/01203248.tar.gz
HTAR: a   instcat_y05_191109/01203249.tar.gz
HTAR: a   instcat_y05_191109/01203250.tar.gz
HTAR: a   instcat_y05_191109/01203251.tar.gz
HTAR: a   instcat_y05_191109/01203252.tar.gz
HTAR: a   instcat_y05_191109/01203253.tar.gz
HTAR: a   instcat_y05_191109/01203254.tar.gz
HTAR: a   instcat_y05_191109/01203255.tar.gz
HTAR: a   instcat_y05_191109/01203256.tar.gz
HTAR: a   instcat_y05_191109/01203257.tar.gz
HTAR: a   instcat_y05_191109/01203258.tar.gz
HTAR: a   instcat_y05_191109/01203259.tar.gz
HTAR: a   instcat_y05_191109/01203260.tar.gz
HTAR: a   instcat_y05_191109/01203261.tar.gz
HTAR: a   instcat_y05_191109/01203262.tar.gz
HTAR: a   instcat_y05_191109/01203263.tar.gz
HTAR: a   instcat_y05_191109/01203264.tar.gz
HTAR: a   instcat_y05_191109/01203265.tar.gz
HTAR: a   instcat_y05_191109/01203266.tar.gz
HTAR: a   instcat_y05_191109/01203267.tar.gz
HTAR: a   instcat_y05_191109/01203268.tar.gz
HTAR: a   instcat_y05_191109/01203269.tar.gz
HTAR: a   instcat_y05_191109/01203270.tar.gz
HTAR: a   instcat_y05_191109/01203271.tar.gz
HTAR: a   instcat_y05_191109/01203272.tar.gz
HTAR: a   instcat_y05_191109/01203273.tar.gz
HTAR: a   instcat_y05_191109/01203274.tar.gz
HTAR: a   instcat_y05_191109/01203275.tar.gz
HTAR: a   instcat_y05_191109/01203276.tar.gz
HTAR: a   instcat_y05_191109/01203277.tar.gz
HTAR: a   instcat_y05_191109/01203278.tar.gz
HTAR: a   instcat_y05_191109/01203279.tar.gz
HTAR: a   instcat_y05_191109/01203280.tar.gz
HTAR: a   instcat_y05_191109/01203281.tar.gz
HTAR: a   instcat_y05_191109/01203282.tar.gz
HTAR: a   instcat_y05_191109/01203283.tar.gz
HTAR: a   instcat_y05_191109/01203284.tar.gz
HTAR: a   instcat_y05_191109/01203285.tar.gz
HTAR: a   instcat_y05_191109/01203387.tar.gz
HTAR: a   instcat_y05_191109/01203388.tar.gz
HTAR: a   instcat_y05_191109/01203389.tar.gz
HTAR: a   instcat_y05_191109/01203390.tar.gz
HTAR: a   instcat_y05_191109/01203391.tar.gz
HTAR: a   instcat_y05_191109/01203392.tar.gz
HTAR: a   instcat_y05_191109/01203393.tar.gz
HTAR: a   instcat_y05_191109/01203416.tar.gz
HTAR: a   instcat_y05_191109/01203418.tar.gz
HTAR: a   instcat_y05_191109/01203419.tar.gz
HTAR: a   instcat_y05_191109/01203420.tar.gz
HTAR: a   instcat_y05_191109/01203421.tar.gz
HTAR: a   instcat_y05_191109/01203422.tar.gz
HTAR: a   instcat_y05_191109/01203423.tar.gz
HTAR: a   instcat_y05_191109/01204004.tar.gz
HTAR: a   instcat_y05_191109/01204005.tar.gz
HTAR: a   instcat_y05_191109/01204006.tar.gz
HTAR: a   instcat_y05_191109/01204007.tar.gz
HTAR: a   instcat_y05_191109/01204008.tar.gz
HTAR: a   instcat_y05_191109/01204009.tar.gz
HTAR: a   instcat_y05_191109/01204010.tar.gz
HTAR: a   instcat_y05_191109/01204011.tar.gz
HTAR: a   instcat_y05_191109/01204012.tar.gz
HTAR: a   instcat_y05_191109/01204013.tar.gz
HTAR: a   instcat_y05_191109/01204014.tar.gz
HTAR: a   instcat_y05_191109/01204015.tar.gz
HTAR: a   instcat_y05_191109/01204016.tar.gz
HTAR: a   instcat_y05_191109/01204017.tar.gz
HTAR: a   instcat_y05_191109/01204018.tar.gz
HTAR: a   instcat_y05_191109/01204019.tar.gz
HTAR: a   instcat_y05_191109/01204020.tar.gz
HTAR: a   instcat_y05_191109/01204021.tar.gz
HTAR: a   instcat_y05_191109/01204022.tar.gz
HTAR: a   instcat_y05_191109/01204023.tar.gz
HTAR: a   instcat_y05_191109/01204024.tar.gz
HTAR: a   instcat_y05_191109/01204025.tar.gz
HTAR: a   instcat_y05_191109/01204026.tar.gz
HTAR: a   instcat_y05_191109/01204027.tar.gz
HTAR: a   instcat_y05_191109/01204028.tar.gz
HTAR: a   instcat_y05_191109/01204029.tar.gz
HTAR: a   instcat_y05_191109/01204030.tar.gz
HTAR: a   instcat_y05_191109/01204031.tar.gz
HTAR: a   instcat_y05_191109/01204032.tar.gz
HTAR: a   instcat_y05_191109/01204033.tar.gz
HTAR: a   instcat_y05_191109/01204034.tar.gz
HTAR: a   instcat_y05_191109/01204035.tar.gz
HTAR: a   instcat_y05_191109/01204036.tar.gz
HTAR: a   instcat_y05_191109/01204037.tar.gz
HTAR: a   instcat_y05_191109/01204038.tar.gz
HTAR: a   instcat_y05_191109/01204039.tar.gz
HTAR: a   instcat_y05_191109/01204040.tar.gz
HTAR: a   instcat_y05_191109/01204041.tar.gz
HTAR: a   instcat_y05_191109/01204042.tar.gz
HTAR: a   instcat_y05_191109/01204043.tar.gz
HTAR: a   instcat_y05_191109/01204044.tar.gz
HTAR: a   instcat_y05_191109/01204045.tar.gz
HTAR: a   instcat_y05_191109/01204046.tar.gz
HTAR: a   instcat_y05_191109/01204047.tar.gz
HTAR: a   instcat_y05_191109/01204048.tar.gz
HTAR: a   instcat_y05_191109/01204049.tar.gz
HTAR: a   instcat_y05_191109/01204050.tar.gz
HTAR: a   instcat_y05_191109/01204051.tar.gz
HTAR: a   instcat_y05_191109/01204052.tar.gz
HTAR: a   instcat_y05_191109/01204053.tar.gz
HTAR: a   instcat_y05_191109/01204054.tar.gz
HTAR: a   instcat_y05_191109/01204055.tar.gz
HTAR: a   instcat_y05_191109/01204056.tar.gz
HTAR: a   instcat_y05_191109/01204057.tar.gz
HTAR: a   instcat_y05_191109/01204058.tar.gz
HTAR: a   instcat_y05_191109/01204059.tar.gz
HTAR: a   instcat_y05_191109/01204060.tar.gz
HTAR: a   instcat_y05_191109/01204061.tar.gz
HTAR: a   instcat_y05_191109/01204062.tar.gz
HTAR: a   instcat_y05_191109/01204063.tar.gz
HTAR: a   instcat_y05_191109/01204064.tar.gz
HTAR: a   instcat_y05_191109/01204065.tar.gz
HTAR: a   instcat_y05_191109/01204066.tar.gz
HTAR: a   instcat_y05_191109/01204067.tar.gz
HTAR: a   instcat_y05_191109/01204068.tar.gz
HTAR: a   instcat_y05_191109/job_log_01203245.txt
HTAR: a   instcat_y05_191109/job_log_01203246.txt
HTAR: a   instcat_y05_191109/job_log_01203247.txt
HTAR: a   instcat_y05_191109/job_log_01203248.txt
HTAR: a   instcat_y05_191109/job_log_01203249.txt
HTAR: a   instcat_y05_191109/job_log_01203250.txt
HTAR: a   instcat_y05_191109/job_log_01203251.txt
HTAR: a   instcat_y05_191109/job_log_01203252.txt
HTAR: a   instcat_y05_191109/job_log_01203253.txt
HTAR: a   instcat_y05_191109/job_log_01203254.txt
HTAR: a   instcat_y05_191109/job_log_01203255.txt
HTAR: a   instcat_y05_191109/job_log_01203256.txt
HTAR: a   instcat_y05_191109/job_log_01203257.txt
HTAR: a   instcat_y05_191109/job_log_01203258.txt
HTAR: a   instcat_y05_191109/job_log_01203259.txt
HTAR: a   instcat_y05_191109/job_log_01203260.txt
HTAR: a   instcat_y05_191109/job_log_01203261.txt
HTAR: a   instcat_y05_191109/job_log_01203262.txt
HTAR: a   instcat_y05_191109/job_log_01203263.txt
HTAR: a   instcat_y05_191109/job_log_01203264.txt
HTAR: a   instcat_y05_191109/job_log_01203265.txt
HTAR: a   instcat_y05_191109/job_log_01203266.txt
HTAR: a   instcat_y05_191109/job_log_01203267.txt
HTAR: a   instcat_y05_191109/job_log_01203268.txt
HTAR: a   instcat_y05_191109/job_log_01203269.txt
HTAR: a   instcat_y05_191109/job_log_01203270.txt
HTAR: a   instcat_y05_191109/job_log_01203271.txt
HTAR: a   instcat_y05_191109/job_log_01203272.txt
HTAR: a   instcat_y05_191109/job_log_01203273.txt
HTAR: a   instcat_y05_191109/job_log_01203274.txt
HTAR: a   instcat_y05_191109/job_log_01203275.txt
HTAR: a   instcat_y05_191109/job_log_01203276.txt
HTAR: a   instcat_y05_191109/job_log_01203277.txt
HTAR: a   instcat_y05_191109/job_log_01203278.txt
HTAR: a   instcat_y05_191109/job_log_01203279.txt
HTAR: a   instcat_y05_191109/job_log_01203280.txt
HTAR: a   instcat_y05_191109/job_log_01203281.txt
HTAR: a   instcat_y05_191109/job_log_01203282.txt
HTAR: a   instcat_y05_191109/job_log_01203283.txt
HTAR: a   instcat_y05_191109/job_log_01203284.txt
HTAR: a   instcat_y05_191109/job_log_01203285.txt
HTAR: a   instcat_y05_191109/job_log_01203387.txt
HTAR: a   instcat_y05_191109/job_log_01203388.txt
HTAR: a   instcat_y05_191109/job_log_01203389.txt
HTAR: a   instcat_y05_191109/job_log_01203390.txt
HTAR: a   instcat_y05_191109/job_log_01203391.txt
HTAR: a   instcat_y05_191109/job_log_01203392.txt
HTAR: a   instcat_y05_191109/job_log_01203393.txt
HTAR: a   instcat_y05_191109/job_log_01203416.txt
HTAR: a   instcat_y05_191109/job_log_01203418.txt
HTAR: a   instcat_y05_191109/job_log_01203419.txt
HTAR: a   instcat_y05_191109/job_log_01203420.txt
HTAR: a   instcat_y05_191109/job_log_01203421.txt
HTAR: a   instcat_y05_191109/job_log_01203422.txt
HTAR: a   instcat_y05_191109/job_log_01203423.txt
HTAR: a   instcat_y05_191109/job_log_01204004.txt
HTAR: a   instcat_y05_191109/job_log_01204005.txt
HTAR: a   instcat_y05_191109/job_log_01204006.txt
HTAR: a   instcat_y05_191109/job_log_01204007.txt
HTAR: a   instcat_y05_191109/job_log_01204008.txt
HTAR: a   instcat_y05_191109/job_log_01204009.txt
HTAR: a   instcat_y05_191109/job_log_01204010.txt
HTAR: a   instcat_y05_191109/job_log_01204011.txt
HTAR: a   instcat_y05_191109/job_log_01204012.txt
HTAR: a   instcat_y05_191109/job_log_01204013.txt
HTAR: a   instcat_y05_191109/job_log_01204014.txt
HTAR: a   instcat_y05_191109/job_log_01204015.txt
HTAR: a   instcat_y05_191109/job_log_01204016.txt
HTAR: a   instcat_y05_191109/job_log_01204017.txt
HTAR: a   instcat_y05_191109/job_log_01204018.txt
HTAR: a   instcat_y05_191109/job_log_01204019.txt
HTAR: a   instcat_y05_191109/job_log_01204020.txt
HTAR: a   instcat_y05_191109/job_log_01204021.txt
HTAR: a   instcat_y05_191109/job_log_01204022.txt
HTAR: a   instcat_y05_191109/job_log_01204023.txt
HTAR: a   instcat_y05_191109/job_log_01204024.txt
HTAR: a   instcat_y05_191109/job_log_01204025.txt
HTAR: a   instcat_y05_191109/job_log_01204026.txt
HTAR: a   instcat_y05_191109/job_log_01204027.txt
HTAR: a   instcat_y05_191109/job_log_01204028.txt
HTAR: a   instcat_y05_191109/job_log_01204029.txt
HTAR: a   instcat_y05_191109/job_log_01204030.txt
HTAR: a   instcat_y05_191109/job_log_01204031.txt
HTAR: a   instcat_y05_191109/job_log_01204032.txt
HTAR: a   instcat_y05_191109/job_log_01204033.txt
HTAR: a   instcat_y05_191109/job_log_01204034.txt
HTAR: a   instcat_y05_191109/job_log_01204035.txt
HTAR: a   instcat_y05_191109/job_log_01204036.txt
HTAR: a   instcat_y05_191109/job_log_01204037.txt
HTAR: a   instcat_y05_191109/job_log_01204038.txt
HTAR: a   instcat_y05_191109/job_log_01204039.txt
HTAR: a   instcat_y05_191109/job_log_01204040.txt
HTAR: a   instcat_y05_191109/job_log_01204041.txt
HTAR: a   instcat_y05_191109/job_log_01204042.txt
HTAR: a   instcat_y05_191109/job_log_01204043.txt
HTAR: a   instcat_y05_191109/job_log_01204044.txt
HTAR: a   instcat_y05_191109/job_log_01204045.txt
HTAR: a   instcat_y05_191109/job_log_01204046.txt
HTAR: a   instcat_y05_191109/job_log_01204047.txt
HTAR: a   instcat_y05_191109/job_log_01204048.txt
HTAR: a   instcat_y05_191109/job_log_01204049.txt
HTAR: a   instcat_y05_191109/job_log_01204050.txt
HTAR: a   instcat_y05_191109/job_log_01204051.txt
HTAR: a   instcat_y05_191109/job_log_01204052.txt
HTAR: a   instcat_y05_191109/job_log_01204053.txt
HTAR: a   instcat_y05_191109/job_log_01204054.txt
HTAR: a   instcat_y05_191109/job_log_01204055.txt
HTAR: a   instcat_y05_191109/job_log_01204056.txt
HTAR: a   instcat_y05_191109/job_log_01204057.txt
HTAR: a   instcat_y05_191109/job_log_01204058.txt
HTAR: a   instcat_y05_191109/job_log_01204059.txt
HTAR: a   instcat_y05_191109/job_log_01204060.txt
HTAR: a   instcat_y05_191109/job_log_01204061.txt
HTAR: a   instcat_y05_191109/job_log_01204062.txt
HTAR: a   instcat_y05_191109/job_log_01204063.txt
HTAR: a   instcat_y05_191109/job_log_01204064.txt
HTAR: a   instcat_y05_191109/job_log_01204065.txt
HTAR: a   instcat_y05_191109/job_log_01204066.txt
HTAR: a   instcat_y05_191109/job_log_01204067.txt
HTAR: a   instcat_y05_191109/job_log_01204068.txt
HTAR: a   /tmp/HTAR_CF_CHK_5660_1580753428
HTAR Create complete for /home/projects/desc/DC2_ImSim/Run2.2i/instCat/y05_191109/01203245to01204068.tar. 563,729,743,872 bytes written for 240 member files, max threads: 41 Transfer time: 5254.432 seconds (107.287 MB/s) wallclock/user/sys: 5255.078 5328.809 1795.491 seconds
HTAR: HTAR SUCCESSFUL
HTAR: a   instcat_y05_191109/01204069.tar.gz
HTAR: a   instcat_y05_191109/01204070.tar.gz
HTAR: a   instcat_y05_191109/01204071.tar.gz
HTAR: a   instcat_y05_191109/01204072.tar.gz
HTAR: a   instcat_y05_191109/01204073.tar.gz
HTAR: a   instcat_y05_191109/01204074.tar.gz
HTAR: a   instcat_y05_191109/01204075.tar.gz
HTAR: a   instcat_y05_191109/01204076.tar.gz
HTAR: a   instcat_y05_191109/01204077.tar.gz
HTAR: a   instcat_y05_191109/01204078.tar.gz
HTAR: a   instcat_y05_191109/01204079.tar.gz
HTAR: a   instcat_y05_191109/01204080.tar.gz
HTAR: a   instcat_y05_191109/01204081.tar.gz
HTAR: a   instcat_y05_191109/01204082.tar.gz
HTAR: a   instcat_y05_191109/01204083.tar.gz
HTAR: a   instcat_y05_191109/01204084.tar.gz
HTAR: a   instcat_y05_191109/01204085.tar.gz
HTAR: a   instcat_y05_191109/01204086.tar.gz
HTAR: a   instcat_y05_191109/01204087.tar.gz
HTAR: a   instcat_y05_191109/01204088.tar.gz
HTAR: a   instcat_y05_191109/01204089.tar.gz
HTAR: a   instcat_y05_191109/01204090.tar.gz
HTAR: a   instcat_y05_191109/01204091.tar.gz
HTAR: a   instcat_y05_191109/01204092.tar.gz
HTAR: a   instcat_y05_191109/01204093.tar.gz
HTAR: a   instcat_y05_191109/01204094.tar.gz
HTAR: a   instcat_y05_191109/01204095.tar.gz
HTAR: a   instcat_y05_191109/01204096.tar.gz
HTAR: a   instcat_y05_191109/01204097.tar.gz
HTAR: a   instcat_y05_191109/01204098.tar.gz
HTAR: a   instcat_y05_191109/01204099.tar.gz
HTAR: a   instcat_y05_191109/01204534.tar.gz
HTAR: a   instcat_y05_191109/01204572.tar.gz
HTAR: a   instcat_y05_191109/01204574.tar.gz
HTAR: a   instcat_y05_191109/01204924.tar.gz
HTAR: a   instcat_y05_191109/01204925.tar.gz
HTAR: a   instcat_y05_191109/01204926.tar.gz
HTAR: a   instcat_y05_191109/01204927.tar.gz
HTAR: a   instcat_y05_191109/01204928.tar.gz
HTAR: a   instcat_y05_191109/01204929.tar.gz
HTAR: a   instcat_y05_191109/01204930.tar.gz
HTAR: a   instcat_y05_191109/01204931.tar.gz
HTAR: a   instcat_y05_191109/01204932.tar.gz
HTAR: a   instcat_y05_191109/01204933.tar.gz
HTAR: a   instcat_y05_191109/01204934.tar.gz
HTAR: a   instcat_y05_191109/01204935.tar.gz
HTAR: a   instcat_y05_191109/01204936.tar.gz
HTAR: a   instcat_y05_191109/01204937.tar.gz
HTAR: a   instcat_y05_191109/01204938.tar.gz
HTAR: a   instcat_y05_191109/01204939.tar.gz
HTAR: a   instcat_y05_191109/01204940.tar.gz
HTAR: a   instcat_y05_191109/01204941.tar.gz
HTAR: a   instcat_y05_191109/01204942.tar.gz
HTAR: a   instcat_y05_191109/01204943.tar.gz
HTAR: a   instcat_y05_191109/01204950.tar.gz
HTAR: a   instcat_y05_191109/01204957.tar.gz
HTAR: a   instcat_y05_191109/01204958.tar.gz
HTAR: a   instcat_y05_191109/01204984.tar.gz
HTAR: a   instcat_y05_191109/01204985.tar.gz
HTAR: a   instcat_y05_191109/01204986.tar.gz
HTAR: a   instcat_y05_191109/01204987.tar.gz
HTAR: a   instcat_y05_191109/01204988.tar.gz
HTAR: a   instcat_y05_191109/01204989.tar.gz
HTAR: a   instcat_y05_191109/01205011.tar.gz
HTAR: a   instcat_y05_191109/01205012.tar.gz
HTAR: a   instcat_y05_191109/01205013.tar.gz
HTAR: a   instcat_y05_191109/01205014.tar.gz
HTAR: a   instcat_y05_191109/01205015.tar.gz
HTAR: a   instcat_y05_191109/01205016.tar.gz
HTAR: a   instcat_y05_191109/01205018.tar.gz
HTAR: a   instcat_y05_191109/01205032.tar.gz
HTAR: a   instcat_y05_191109/01205374.tar.gz
HTAR: a   instcat_y05_191109/01205378.tar.gz
HTAR: a   instcat_y05_191109/01205422.tar.gz
HTAR: a   instcat_y05_191109/01205426.tar.gz
HTAR: a   instcat_y05_191109/01205926.tar.gz
HTAR: a   instcat_y05_191109/01205928.tar.gz
HTAR: a   instcat_y05_191109/01205965.tar.gz
HTAR: a   instcat_y05_191109/01205971.tar.gz
HTAR: a   instcat_y05_191109/01205978.tar.gz
HTAR: a   instcat_y05_191109/01205980.tar.gz
HTAR: a   instcat_y05_191109/01205981.tar.gz
HTAR: a   instcat_y05_191109/01206029.tar.gz
HTAR: a   instcat_y05_191109/01206031.tar.gz
HTAR: a   instcat_y05_191109/01206032.tar.gz
HTAR: a   instcat_y05_191109/01206077.tar.gz
HTAR: a   instcat_y05_191109/01206079.tar.gz
HTAR: a   instcat_y05_191109/01206080.tar.gz
HTAR: a   instcat_y05_191109/01206081.tar.gz
HTAR: a   instcat_y05_191109/01206082.tar.gz
HTAR: a   instcat_y05_191109/01206083.tar.gz
HTAR: a   instcat_y05_191109/01206084.tar.gz
HTAR: a   instcat_y05_191109/01206085.tar.gz
HTAR: a   instcat_y05_191109/01206086.tar.gz
HTAR: a   instcat_y05_191109/01206087.tar.gz
HTAR: a   instcat_y05_191109/01206088.tar.gz
HTAR: a   instcat_y05_191109/01206125.tar.gz
HTAR: a   instcat_y05_191109/01206126.tar.gz
HTAR: a   instcat_y05_191109/01206127.tar.gz
HTAR: a   instcat_y05_191109/01206128.tar.gz
HTAR: a   instcat_y05_191109/01206129.tar.gz
HTAR: a   instcat_y05_191109/01206130.tar.gz
HTAR: a   instcat_y05_191109/01206131.tar.gz
HTAR: a   instcat_y05_191109/01206132.tar.gz
HTAR: a   instcat_y05_191109/01206133.tar.gz
HTAR: a   instcat_y05_191109/01206134.tar.gz
HTAR: a   instcat_y05_191109/01206135.tar.gz
HTAR: a   instcat_y05_191109/01206136.tar.gz
HTAR: a   instcat_y05_191109/01206139.tar.gz
HTAR: a   instcat_y05_191109/01206140.tar.gz
HTAR: a   instcat_y05_191109/01206173.tar.gz
HTAR: a   instcat_y05_191109/01206174.tar.gz
HTAR: a   instcat_y05_191109/01206428.tar.gz
HTAR: a   instcat_y05_191109/01206429.tar.gz
HTAR: a   instcat_y05_191109/01206430.tar.gz
HTAR: a   instcat_y05_191109/01206431.tar.gz
HTAR: a   instcat_y05_191109/01206432.tar.gz
HTAR: a   instcat_y05_191109/01206433.tar.gz
HTAR: a   instcat_y05_191109/01206434.tar.gz
HTAR: a   instcat_y05_191109/01206435.tar.gz
HTAR: a   instcat_y05_191109/job_log_01204069.txt
HTAR: a   instcat_y05_191109/job_log_01204070.txt
HTAR: a   instcat_y05_191109/job_log_01204071.txt
HTAR: a   instcat_y05_191109/job_log_01204072.txt
HTAR: a   instcat_y05_191109/job_log_01204073.txt
HTAR: a   instcat_y05_191109/job_log_01204074.txt
HTAR: a   instcat_y05_191109/job_log_01204075.txt
HTAR: a   instcat_y05_191109/job_log_01204076.txt
HTAR: a   instcat_y05_191109/job_log_01204077.txt
HTAR: a   instcat_y05_191109/job_log_01204078.txt
HTAR: a   instcat_y05_191109/job_log_01204079.txt
HTAR: a   instcat_y05_191109/job_log_01204080.txt
HTAR: a   instcat_y05_191109/job_log_01204081.txt
HTAR: a   instcat_y05_191109/job_log_01204082.txt
HTAR: a   instcat_y05_191109/job_log_01204083.txt
HTAR: a   instcat_y05_191109/job_log_01204084.txt
HTAR: a   instcat_y05_191109/job_log_01204085.txt
HTAR: a   instcat_y05_191109/job_log_01204086.txt
HTAR: a   instcat_y05_191109/job_log_01204087.txt
HTAR: a   instcat_y05_191109/job_log_01204088.txt
HTAR: a   instcat_y05_191109/job_log_01204089.txt
HTAR: a   instcat_y05_191109/job_log_01204090.txt
HTAR: a   instcat_y05_191109/job_log_01204091.txt
HTAR: a   instcat_y05_191109/job_log_01204092.txt
HTAR: a   instcat_y05_191109/job_log_01204093.txt
HTAR: a   instcat_y05_191109/job_log_01204094.txt
HTAR: a   instcat_y05_191109/job_log_01204095.txt
HTAR: a   instcat_y05_191109/job_log_01204096.txt
HTAR: a   instcat_y05_191109/job_log_01204097.txt
HTAR: a   instcat_y05_191109/job_log_01204098.txt
HTAR: a   instcat_y05_191109/job_log_01204099.txt
HTAR: a   instcat_y05_191109/job_log_01204534.txt
HTAR: a   instcat_y05_191109/job_log_01204572.txt
HTAR: a   instcat_y05_191109/job_log_01204574.txt
HTAR: a   instcat_y05_191109/job_log_01204924.txt
HTAR: a   instcat_y05_191109/job_log_01204925.txt
HTAR: a   instcat_y05_191109/job_log_01204926.txt
HTAR: a   instcat_y05_191109/job_log_01204927.txt
HTAR: a   instcat_y05_191109/job_log_01204928.txt
HTAR: a   instcat_y05_191109/job_log_01204929.txt
HTAR: a   instcat_y05_191109/job_log_01204930.txt
HTAR: a   instcat_y05_191109/job_log_01204931.txt
HTAR: a   instcat_y05_191109/job_log_01204932.txt
HTAR: a   instcat_y05_191109/job_log_01204933.txt
HTAR: a   instcat_y05_191109/job_log_01204934.txt
HTAR: a   instcat_y05_191109/job_log_01204935.txt
HTAR: a   instcat_y05_191109/job_log_01204936.txt
HTAR: a   instcat_y05_191109/job_log_01204937.txt
HTAR: a   instcat_y05_191109/job_log_01204938.txt
HTAR: a   instcat_y05_191109/job_log_01204939.txt
HTAR: a   instcat_y05_191109/job_log_01204940.txt
HTAR: a   instcat_y05_191109/job_log_01204941.txt
HTAR: a   instcat_y05_191109/job_log_01204942.txt
HTAR: a   instcat_y05_191109/job_log_01204943.txt
HTAR: a   instcat_y05_191109/job_log_01204950.txt
HTAR: a   instcat_y05_191109/job_log_01204957.txt
HTAR: a   instcat_y05_191109/job_log_01204958.txt
HTAR: a   instcat_y05_191109/job_log_01204984.txt
HTAR: a   instcat_y05_191109/job_log_01204985.txt
HTAR: a   instcat_y05_191109/job_log_01204986.txt
HTAR: a   instcat_y05_191109/job_log_01204987.txt
HTAR: a   instcat_y05_191109/job_log_01204988.txt
HTAR: a   instcat_y05_191109/job_log_01204989.txt
HTAR: a   instcat_y05_191109/job_log_01205011.txt
HTAR: a   instcat_y05_191109/job_log_01205012.txt
HTAR: a   instcat_y05_191109/job_log_01205013.txt
HTAR: a   instcat_y05_191109/job_log_01205014.txt
HTAR: a   instcat_y05_191109/job_log_01205015.txt
HTAR: a   instcat_y05_191109/job_log_01205016.txt
HTAR: a   instcat_y05_191109/job_log_01205018.txt
HTAR: a   instcat_y05_191109/job_log_01205032.txt
HTAR: a   instcat_y05_191109/job_log_01205374.txt
HTAR: a   instcat_y05_191109/job_log_01205378.txt
HTAR: a   instcat_y05_191109/job_log_01205422.txt
HTAR: a   instcat_y05_191109/job_log_01205426.txt
HTAR: a   instcat_y05_191109/job_log_01205926.txt
HTAR: a   instcat_y05_191109/job_log_01205928.txt
HTAR: a   instcat_y05_191109/job_log_01205965.txt
HTAR: a   instcat_y05_191109/job_log_01205971.txt
HTAR: a   instcat_y05_191109/job_log_01205978.txt
HTAR: a   instcat_y05_191109/job_log_01205980.txt
HTAR: a   instcat_y05_191109/job_log_01205981.txt
HTAR: a   instcat_y05_191109/job_log_01206029.txt
HTAR: a   instcat_y05_191109/job_log_01206031.txt
HTAR: a   instcat_y05_191109/job_log_01206032.txt
HTAR: a   instcat_y05_191109/job_log_01206077.txt
HTAR: a   instcat_y05_191109/job_log_01206079.txt
HTAR: a   instcat_y05_191109/job_log_01206080.txt
HTAR: a   instcat_y05_191109/job_log_01206081.txt
HTAR: a   instcat_y05_191109/job_log_01206082.txt
HTAR: a   instcat_y05_191109/job_log_01206083.txt
HTAR: a   instcat_y05_191109/job_log_01206084.txt
HTAR: a   instcat_y05_191109/job_log_01206085.txt
HTAR: a   instcat_y05_191109/job_log_01206086.txt
HTAR: a   instcat_y05_191109/job_log_01206087.txt
HTAR: a   instcat_y05_191109/job_log_01206088.txt
HTAR: a   instcat_y05_191109/job_log_01206125.txt
HTAR: a   instcat_y05_191109/job_log_01206126.txt
HTAR: a   instcat_y05_191109/job_log_01206127.txt
HTAR: a   instcat_y05_191109/job_log_01206128.txt
HTAR: a   instcat_y05_191109/job_log_01206129.txt
HTAR: a   instcat_y05_191109/job_log_01206130.txt
HTAR: a   instcat_y05_191109/job_log_01206131.txt
HTAR: a   instcat_y05_191109/job_log_01206132.txt
HTAR: a   instcat_y05_191109/job_log_01206133.txt
HTAR: a   instcat_y05_191109/job_log_01206134.txt
HTAR: a   instcat_y05_191109/job_log_01206135.txt
HTAR: a   instcat_y05_191109/job_log_01206136.txt
HTAR: a   instcat_y05_191109/job_log_01206139.txt
HTAR: a   instcat_y05_191109/job_log_01206140.txt
HTAR: a   instcat_y05_191109/job_log_01206173.txt
HTAR: a   instcat_y05_191109/job_log_01206174.txt
HTAR: a   instcat_y05_191109/job_log_01206428.txt
HTAR: a   instcat_y05_191109/job_log_01206429.txt
HTAR: a   instcat_y05_191109/job_log_01206430.txt
HTAR: a   instcat_y05_191109/job_log_01206431.txt
HTAR: a   instcat_y05_191109/job_log_01206432.txt
HTAR: a   instcat_y05_191109/job_log_01206433.txt
HTAR: a   instcat_y05_191109/job_log_01206434.txt
HTAR: a   instcat_y05_191109/job_log_01206435.txt
HTAR: a   /tmp/HTAR_CF_CHK_17516_1580758688
HTAR Create complete for /home/projects/desc/DC2_ImSim/Run2.2i/instCat/y05_191109/01204069to01206435.tar. 559,852,711,424 bytes written for 240 member files, max threads: 50 Transfer time: 4855.796 seconds (115.296 MB/s) wallclock/user/sys: 4858.074 5021.055 1797.097 seconds
HTAR: HTAR SUCCESSFUL
HTAR: a   instcat_y05_191109/01206436.tar.gz
HTAR: a   instcat_y05_191109/01206437.tar.gz
HTAR: a   instcat_y05_191109/01206459.tar.gz
HTAR: a   instcat_y05_191109/01206467.tar.gz
HTAR: a   instcat_y05_191109/01206468.tar.gz
HTAR: a   instcat_y05_191109/01206469.tar.gz
HTAR: a   instcat_y05_191109/01206470.tar.gz
HTAR: a   instcat_y05_191109/01206471.tar.gz
HTAR: a   instcat_y05_191109/01206472.tar.gz
HTAR: a   instcat_y05_191109/01206474.tar.gz
HTAR: a   instcat_y05_191109/01206478.tar.gz
HTAR: a   instcat_y05_191109/01206479.tar.gz
HTAR: a   instcat_y05_191109/01206480.tar.gz
HTAR: a   instcat_y05_191109/01206481.tar.gz
HTAR: a   instcat_y05_191109/01206482.tar.gz
HTAR: a   instcat_y05_191109/01206483.tar.gz
HTAR: a   instcat_y05_191109/01206484.tar.gz
HTAR: a   instcat_y05_191109/01206507.tar.gz
HTAR: a   instcat_y05_191109/01206508.tar.gz
HTAR: a   instcat_y05_191109/01206509.tar.gz
HTAR: a   instcat_y05_191109/01206510.tar.gz
HTAR: a   instcat_y05_191109/01206511.tar.gz
HTAR: a   instcat_y05_191109/01206512.tar.gz
HTAR: a   instcat_y05_191109/01206513.tar.gz
HTAR: a   instcat_y05_191109/01206515.tar.gz
HTAR: a   instcat_y05_191109/01206516.tar.gz
HTAR: a   instcat_y05_191109/01206517.tar.gz
HTAR: a   instcat_y05_191109/01206545.tar.gz
HTAR: a   instcat_y05_191109/01206546.tar.gz
HTAR: a   instcat_y05_191109/01206547.tar.gz
HTAR: a   instcat_y05_191109/01206548.tar.gz
HTAR: a   instcat_y05_191109/01206549.tar.gz
HTAR: a   instcat_y05_191109/01206550.tar.gz
HTAR: a   instcat_y05_191109/01206551.tar.gz
HTAR: a   instcat_y05_191109/01206552.tar.gz
HTAR: a   instcat_y05_191109/01206553.tar.gz
HTAR: a   instcat_y05_191109/01206554.tar.gz
HTAR: a   instcat_y05_191109/01206590.tar.gz
HTAR: a   instcat_y05_191109/01206591.tar.gz
HTAR: a   instcat_y05_191109/01206597.tar.gz
HTAR: a   instcat_y05_191109/01206598.tar.gz
HTAR: a   instcat_y05_191109/01206600.tar.gz
HTAR: a   instcat_y05_191109/01206927.tar.gz
HTAR: a   instcat_y05_191109/01206964.tar.gz
HTAR: a   instcat_y05_191109/01206965.tar.gz
HTAR: a   instcat_y05_191109/01207302.tar.gz
HTAR: a   instcat_y05_191109/01207303.tar.gz
HTAR: a   instcat_y05_191109/01207311.tar.gz
HTAR: a   instcat_y05_191109/01207415.tar.gz
HTAR: a   instcat_y05_191109/01207416.tar.gz
HTAR: a   instcat_y05_191109/01207476.tar.gz
HTAR: a   instcat_y05_191109/01207477.tar.gz
HTAR: a   instcat_y05_191109/01207478.tar.gz
HTAR: a   instcat_y05_191109/01207479.tar.gz
HTAR: a   instcat_y05_191109/01207480.tar.gz
HTAR: a   instcat_y05_191109/01207481.tar.gz
HTAR: a   instcat_y05_191109/01207482.tar.gz
HTAR: a   instcat_y05_191109/01207483.tar.gz
HTAR: a   instcat_y05_191109/01207484.tar.gz
HTAR: a   instcat_y05_191109/01207485.tar.gz
HTAR: a   instcat_y05_191109/01207489.tar.gz
HTAR: a   instcat_y05_191109/01207505.tar.gz
HTAR: a   instcat_y05_191109/01207507.tar.gz
HTAR: a   instcat_y05_191109/01207509.tar.gz
HTAR: a   instcat_y05_191109/01207510.tar.gz
HTAR: a   instcat_y05_191109/01207511.tar.gz
HTAR: a   instcat_y05_191109/01207512.tar.gz
HTAR: a   instcat_y05_191109/01207513.tar.gz
HTAR: a   instcat_y05_191109/01207514.tar.gz
HTAR: a   instcat_y05_191109/01207515.tar.gz
HTAR: a   instcat_y05_191109/01207516.tar.gz
HTAR: a   instcat_y05_191109/01207517.tar.gz
HTAR: a   instcat_y05_191109/01207526.tar.gz
HTAR: a   instcat_y05_191109/01207527.tar.gz
HTAR: a   instcat_y05_191109/01207530.tar.gz
HTAR: a   instcat_y05_191109/01207531.tar.gz
HTAR: a   instcat_y05_191109/01207548.tar.gz
HTAR: a   instcat_y05_191109/01207955.tar.gz
HTAR: a   instcat_y05_191109/01207956.tar.gz
HTAR: a   instcat_y05_191109/01207957.tar.gz
HTAR: a   instcat_y05_191109/01207958.tar.gz
HTAR: a   instcat_y05_191109/01207959.tar.gz
HTAR: a   instcat_y05_191109/01207960.tar.gz
HTAR: a   instcat_y05_191109/01207961.tar.gz
HTAR: a   instcat_y05_191109/01207962.tar.gz
HTAR: a   instcat_y05_191109/01207963.tar.gz
HTAR: a   instcat_y05_191109/01207964.tar.gz
HTAR: a   instcat_y05_191109/01207965.tar.gz
HTAR: a   instcat_y05_191109/01207966.tar.gz
HTAR: a   instcat_y05_191109/01207967.tar.gz
HTAR: a   instcat_y05_191109/01207968.tar.gz
HTAR: a   instcat_y05_191109/01207969.tar.gz
HTAR: a   instcat_y05_191109/01207970.tar.gz
HTAR: a   instcat_y05_191109/01207971.tar.gz
HTAR: a   instcat_y05_191109/01207972.tar.gz
HTAR: a   instcat_y05_191109/01207973.tar.gz
HTAR: a   instcat_y05_191109/01207974.tar.gz
HTAR: a   instcat_y05_191109/01208179.tar.gz
HTAR: a   instcat_y05_191109/01208180.tar.gz
HTAR: a   instcat_y05_191109/01208181.tar.gz
HTAR: a   instcat_y05_191109/01208182.tar.gz
HTAR: a   instcat_y05_191109/01208183.tar.gz
HTAR: a   instcat_y05_191109/01208184.tar.gz
HTAR: a   instcat_y05_191109/01208185.tar.gz
HTAR: a   instcat_y05_191109/01208186.tar.gz
HTAR: a   instcat_y05_191109/01208187.tar.gz
HTAR: a   instcat_y05_191109/01208188.tar.gz
HTAR: a   instcat_y05_191109/01208189.tar.gz
HTAR: a   instcat_y05_191109/01208190.tar.gz
HTAR: a   instcat_y05_191109/01208191.tar.gz
HTAR: a   instcat_y05_191109/01208192.tar.gz
HTAR: a   instcat_y05_191109/01208193.tar.gz
HTAR: a   instcat_y05_191109/01208194.tar.gz
HTAR: a   instcat_y05_191109/01208195.tar.gz
HTAR: a   instcat_y05_191109/01208196.tar.gz
HTAR: a   instcat_y05_191109/01208197.tar.gz
HTAR: a   instcat_y05_191109/01208198.tar.gz
HTAR: a   instcat_y05_191109/01208199.tar.gz
HTAR: a   instcat_y05_191109/01208200.tar.gz
HTAR: a   instcat_y05_191109/01208201.tar.gz
HTAR: a   instcat_y05_191109/job_log_01206436.txt
HTAR: a   instcat_y05_191109/job_log_01206437.txt
HTAR: a   instcat_y05_191109/job_log_01206459.txt
HTAR: a   instcat_y05_191109/job_log_01206467.txt
HTAR: a   instcat_y05_191109/job_log_01206468.txt
HTAR: a   instcat_y05_191109/job_log_01206469.txt
HTAR: a   instcat_y05_191109/job_log_01206470.txt
HTAR: a   instcat_y05_191109/job_log_01206471.txt
HTAR: a   instcat_y05_191109/job_log_01206472.txt
HTAR: a   instcat_y05_191109/job_log_01206474.txt
HTAR: a   instcat_y05_191109/job_log_01206478.txt
HTAR: a   instcat_y05_191109/job_log_01206479.txt
HTAR: a   instcat_y05_191109/job_log_01206480.txt
HTAR: a   instcat_y05_191109/job_log_01206481.txt
HTAR: a   instcat_y05_191109/job_log_01206482.txt
HTAR: a   instcat_y05_191109/job_log_01206483.txt
HTAR: a   instcat_y05_191109/job_log_01206484.txt
HTAR: a   instcat_y05_191109/job_log_01206507.txt
HTAR: a   instcat_y05_191109/job_log_01206508.txt
HTAR: a   instcat_y05_191109/job_log_01206509.txt
HTAR: a   instcat_y05_191109/job_log_01206510.txt
HTAR: a   instcat_y05_191109/job_log_01206511.txt
HTAR: a   instcat_y05_191109/job_log_01206512.txt
HTAR: a   instcat_y05_191109/job_log_01206513.txt
HTAR: a   instcat_y05_191109/job_log_01206515.txt
HTAR: a   instcat_y05_191109/job_log_01206516.txt
HTAR: a   instcat_y05_191109/job_log_01206517.txt
HTAR: a   instcat_y05_191109/job_log_01206545.txt
HTAR: a   instcat_y05_191109/job_log_01206546.txt
HTAR: a   instcat_y05_191109/job_log_01206547.txt
HTAR: a   instcat_y05_191109/job_log_01206548.txt
HTAR: a   instcat_y05_191109/job_log_01206549.txt
HTAR: a   instcat_y05_191109/job_log_01206550.txt
HTAR: a   instcat_y05_191109/job_log_01206551.txt
HTAR: a   instcat_y05_191109/job_log_01206552.txt
HTAR: a   instcat_y05_191109/job_log_01206553.txt
HTAR: a   instcat_y05_191109/job_log_01206554.txt
HTAR: a   instcat_y05_191109/job_log_01206590.txt
HTAR: a   instcat_y05_191109/job_log_01206591.txt
HTAR: a   instcat_y05_191109/job_log_01206597.txt
HTAR: a   instcat_y05_191109/job_log_01206598.txt
HTAR: a   instcat_y05_191109/job_log_01206600.txt
HTAR: a   instcat_y05_191109/job_log_01206927.txt
HTAR: a   instcat_y05_191109/job_log_01206964.txt
HTAR: a   instcat_y05_191109/job_log_01206965.txt
HTAR: a   instcat_y05_191109/job_log_01207302.txt
HTAR: a   instcat_y05_191109/job_log_01207303.txt
HTAR: a   instcat_y05_191109/job_log_01207311.txt
HTAR: a   instcat_y05_191109/job_log_01207415.txt
HTAR: a   instcat_y05_191109/job_log_01207416.txt
HTAR: a   instcat_y05_191109/job_log_01207476.txt
HTAR: a   instcat_y05_191109/job_log_01207477.txt
HTAR: a   instcat_y05_191109/job_log_01207478.txt
HTAR: a   instcat_y05_191109/job_log_01207479.txt
HTAR: a   instcat_y05_191109/job_log_01207480.txt
HTAR: a   instcat_y05_191109/job_log_01207481.txt
HTAR: a   instcat_y05_191109/job_log_01207482.txt
HTAR: a   instcat_y05_191109/job_log_01207483.txt
HTAR: a   instcat_y05_191109/job_log_01207484.txt
HTAR: a   instcat_y05_191109/job_log_01207485.txt
HTAR: a   instcat_y05_191109/job_log_01207489.txt
HTAR: a   instcat_y05_191109/job_log_01207505.txt
HTAR: a   instcat_y05_191109/job_log_01207507.txt
HTAR: a   instcat_y05_191109/job_log_01207509.txt
HTAR: a   instcat_y05_191109/job_log_01207510.txt
HTAR: a   instcat_y05_191109/job_log_01207511.txt
HTAR: a   instcat_y05_191109/job_log_01207512.txt
HTAR: a   instcat_y05_191109/job_log_01207513.txt
HTAR: a   instcat_y05_191109/job_log_01207514.txt
HTAR: a   instcat_y05_191109/job_log_01207515.txt
HTAR: a   instcat_y05_191109/job_log_01207516.txt
HTAR: a   instcat_y05_191109/job_log_01207517.txt
HTAR: a   instcat_y05_191109/job_log_01207526.txt
HTAR: a   instcat_y05_191109/job_log_01207527.txt
HTAR: a   instcat_y05_191109/job_log_01207530.txt
HTAR: a   instcat_y05_191109/job_log_01207531.txt
HTAR: a   instcat_y05_191109/job_log_01207548.txt
HTAR: a   instcat_y05_191109/job_log_01207955.txt
HTAR: a   instcat_y05_191109/job_log_01207956.txt
HTAR: a   instcat_y05_191109/job_log_01207957.txt
HTAR: a   instcat_y05_191109/job_log_01207958.txt
HTAR: a   instcat_y05_191109/job_log_01207959.txt
HTAR: a   instcat_y05_191109/job_log_01207960.txt
HTAR: a   instcat_y05_191109/job_log_01207961.txt
HTAR: a   instcat_y05_191109/job_log_01207962.txt
HTAR: a   instcat_y05_191109/job_log_01207963.txt
HTAR: a   instcat_y05_191109/job_log_01207964.txt
HTAR: a   instcat_y05_191109/job_log_01207965.txt
HTAR: a   instcat_y05_191109/job_log_01207966.txt
HTAR: a   instcat_y05_191109/job_log_01207967.txt
HTAR: a   instcat_y05_191109/job_log_01207968.txt
HTAR: a   instcat_y05_191109/job_log_01207969.txt
HTAR: a   instcat_y05_191109/job_log_01207970.txt
HTAR: a   instcat_y05_191109/job_log_01207971.txt
HTAR: a   instcat_y05_191109/job_log_01207972.txt
HTAR: a   instcat_y05_191109/job_log_01207973.txt
HTAR: a   instcat_y05_191109/job_log_01207974.txt
HTAR: a   instcat_y05_191109/job_log_01208179.txt
HTAR: a   instcat_y05_191109/job_log_01208180.txt
HTAR: a   instcat_y05_191109/job_log_01208181.txt
HTAR: a   instcat_y05_191109/job_log_01208182.txt
HTAR: a   instcat_y05_191109/job_log_01208183.txt
HTAR: a   instcat_y05_191109/job_log_01208184.txt
HTAR: a   instcat_y05_191109/job_log_01208185.txt
HTAR: a   instcat_y05_191109/job_log_01208186.txt
HTAR: a   instcat_y05_191109/job_log_01208187.txt
HTAR: a   instcat_y05_191109/job_log_01208188.txt
HTAR: a   instcat_y05_191109/job_log_01208189.txt
HTAR: a   instcat_y05_191109/job_log_01208190.txt
HTAR: a   instcat_y05_191109/job_log_01208191.txt
HTAR: a   instcat_y05_191109/job_log_01208192.txt
HTAR: a   instcat_y05_191109/job_log_01208193.txt
HTAR: a   instcat_y05_191109/job_log_01208194.txt
HTAR: a   instcat_y05_191109/job_log_01208195.txt
HTAR: a   instcat_y05_191109/job_log_01208196.txt
HTAR: a   instcat_y05_191109/job_log_01208197.txt
HTAR: a   instcat_y05_191109/job_log_01208198.txt
HTAR: a   instcat_y05_191109/job_log_01208199.txt
HTAR: a   instcat_y05_191109/job_log_01208200.txt
HTAR: a   instcat_y05_191109/job_log_01208201.txt
HTAR: a   /tmp/HTAR_CF_CHK_58946_1580763548
HTAR Create complete for /home/projects/desc/DC2_ImSim/Run2.2i/instCat/y05_191109/01206436to01208201.tar. 526,128,367,616 bytes written for 240 member files, max threads: 50 Transfer time: 4975.590 seconds (105.742 MB/s) wallclock/user/sys: 4976.801 4846.502 1755.435 seconds
HTAR: HTAR SUCCESSFUL
HTAR: a   instcat_y05_191109/01208202.tar.gz
HTAR: a   instcat_y05_191109/01208203.tar.gz
HTAR: a   instcat_y05_191109/01208204.tar.gz
HTAR: a   instcat_y05_191109/01208205.tar.gz
HTAR: a   instcat_y05_191109/01208206.tar.gz
HTAR: a   instcat_y05_191109/01208207.tar.gz
HTAR: a   instcat_y05_191109/01208208.tar.gz
HTAR: a   instcat_y05_191109/01208209.tar.gz
HTAR: a   instcat_y05_191109/01208210.tar.gz
HTAR: a   instcat_y05_191109/01208211.tar.gz
HTAR: a   instcat_y05_191109/01208212.tar.gz
HTAR: a   instcat_y05_191109/01208213.tar.gz
HTAR: a   instcat_y05_191109/01208214.tar.gz
HTAR: a   instcat_y05_191109/01208215.tar.gz
HTAR: a   instcat_y05_191109/01208216.tar.gz
HTAR: a   instcat_y05_191109/01208217.tar.gz
HTAR: a   instcat_y05_191109/01208218.tar.gz
HTAR: a   instcat_y05_191109/01208219.tar.gz
HTAR: a   instcat_y05_191109/01208220.tar.gz
HTAR: a   instcat_y05_191109/01208221.tar.gz
HTAR: a   instcat_y05_191109/01208222.tar.gz
HTAR: a   instcat_y05_191109/01208223.tar.gz
HTAR: a   instcat_y05_191109/01208224.tar.gz
HTAR: a   instcat_y05_191109/01208225.tar.gz
HTAR: a   instcat_y05_191109/01208226.tar.gz
HTAR: a   instcat_y05_191109/01208227.tar.gz
HTAR: a   instcat_y05_191109/01208228.tar.gz
HTAR: a   instcat_y05_191109/01208229.tar.gz
HTAR: a   instcat_y05_191109/01208230.tar.gz
HTAR: a   instcat_y05_191109/01208231.tar.gz
HTAR: a   instcat_y05_191109/01208232.tar.gz
HTAR: a   instcat_y05_191109/01208233.tar.gz
HTAR: a   instcat_y05_191109/01208234.tar.gz
HTAR: a   instcat_y05_191109/01208235.tar.gz
HTAR: a   instcat_y05_191109/01208236.tar.gz
HTAR: a   instcat_y05_191109/01208237.tar.gz
HTAR: a   instcat_y05_191109/01208238.tar.gz
HTAR: a   instcat_y05_191109/01208239.tar.gz
HTAR: a   instcat_y05_191109/01208240.tar.gz
HTAR: a   instcat_y05_191109/01208241.tar.gz
HTAR: a   instcat_y05_191109/01208242.tar.gz
HTAR: a   instcat_y05_191109/01208243.tar.gz
HTAR: a   instcat_y05_191109/01208244.tar.gz
HTAR: a   instcat_y05_191109/01208245.tar.gz
HTAR: a   instcat_y05_191109/01208246.tar.gz
HTAR: a   instcat_y05_191109/01208247.tar.gz
HTAR: a   instcat_y05_191109/01208248.tar.gz
HTAR: a   instcat_y05_191109/01208249.tar.gz
HTAR: a   instcat_y05_191109/01208250.tar.gz
HTAR: a   instcat_y05_191109/01208251.tar.gz
HTAR: a   instcat_y05_191109/01208252.tar.gz
HTAR: a   instcat_y05_191109/01208253.tar.gz
HTAR: a   instcat_y05_191109/01208254.tar.gz
HTAR: a   instcat_y05_191109/01208255.tar.gz
HTAR: a   instcat_y05_191109/01208256.tar.gz
HTAR: a   instcat_y05_191109/01208257.tar.gz
HTAR: a   instcat_y05_191109/01208258.tar.gz
HTAR: a   instcat_y05_191109/01208259.tar.gz
HTAR: a   instcat_y05_191109/01208260.tar.gz
HTAR: a   instcat_y05_191109/01208261.tar.gz
HTAR: a   instcat_y05_191109/01208262.tar.gz
HTAR: a   instcat_y05_191109/01208263.tar.gz
HTAR: a   instcat_y05_191109/01208264.tar.gz
HTAR: a   instcat_y05_191109/01208265.tar.gz
HTAR: a   instcat_y05_191109/01208266.tar.gz
HTAR: a   instcat_y05_191109/01208267.tar.gz
HTAR: a   instcat_y05_191109/01208268.tar.gz
HTAR: a   instcat_y05_191109/01208269.tar.gz
HTAR: a   instcat_y05_191109/01208270.tar.gz
HTAR: a   instcat_y05_191109/01208271.tar.gz
HTAR: a   instcat_y05_191109/01208272.tar.gz
HTAR: a   instcat_y05_191109/01208273.tar.gz
HTAR: a   instcat_y05_191109/01208274.tar.gz
HTAR: a   instcat_y05_191109/01208460.tar.gz
HTAR: a   instcat_y05_191109/01209037.tar.gz
HTAR: a   instcat_y05_191109/01209040.tar.gz
HTAR: a   instcat_y05_191109/01209043.tar.gz
HTAR: a   instcat_y05_191109/01209044.tar.gz
HTAR: a   instcat_y05_191109/01209045.tar.gz
HTAR: a   instcat_y05_191109/01209046.tar.gz
HTAR: a   instcat_y05_191109/01209047.tar.gz
HTAR: a   instcat_y05_191109/01209048.tar.gz
HTAR: a   instcat_y05_191109/01209082.tar.gz
HTAR: a   instcat_y05_191109/01209083.tar.gz
HTAR: a   instcat_y05_191109/01209084.tar.gz
HTAR: a   instcat_y05_191109/01209085.tar.gz
HTAR: a   instcat_y05_191109/01209086.tar.gz
HTAR: a   instcat_y05_191109/01209087.tar.gz
HTAR: a   instcat_y05_191109/01209088.tar.gz
HTAR: a   instcat_y05_191109/01209094.tar.gz
HTAR: a   instcat_y05_191109/01209095.tar.gz
HTAR: a   instcat_y05_191109/01209121.tar.gz
HTAR: a   instcat_y05_191109/01209123.tar.gz
HTAR: a   instcat_y05_191109/01209125.tar.gz
HTAR: a   instcat_y05_191109/01209126.tar.gz
HTAR: a   instcat_y05_191109/01209128.tar.gz
HTAR: a   instcat_y05_191109/01209129.tar.gz
HTAR: a   instcat_y05_191109/01209133.tar.gz
HTAR: a   instcat_y05_191109/01209134.tar.gz
HTAR: a   instcat_y05_191109/01209135.tar.gz
HTAR: a   instcat_y05_191109/01209136.tar.gz
HTAR: a   instcat_y05_191109/01209137.tar.gz
HTAR: a   instcat_y05_191109/01209138.tar.gz
HTAR: a   instcat_y05_191109/01209139.tar.gz
HTAR: a   instcat_y05_191109/01209140.tar.gz
HTAR: a   instcat_y05_191109/01209141.tar.gz
HTAR: a   instcat_y05_191109/01209142.tar.gz
HTAR: a   instcat_y05_191109/01209168.tar.gz
HTAR: a   instcat_y05_191109/01209175.tar.gz
HTAR: a   instcat_y05_191109/01209176.tar.gz
HTAR: a   instcat_y05_191109/01209178.tar.gz
HTAR: a   instcat_y05_191109/01209181.tar.gz
HTAR: a   instcat_y05_191109/01209182.tar.gz
HTAR: a   instcat_y05_191109/01209184.tar.gz
HTAR: a   instcat_y05_191109/01209185.tar.gz
HTAR: a   instcat_y05_191109/01209186.tar.gz
HTAR: a   instcat_y05_191109/01209191.tar.gz
HTAR: a   instcat_y05_191109/01209192.tar.gz
HTAR: a   instcat_y05_191109/01209200.tar.gz
HTAR: a   instcat_y05_191109/01209215.tar.gz
HTAR: a   instcat_y05_191109/job_log_01208202.txt
HTAR: a   instcat_y05_191109/job_log_01208203.txt
HTAR: a   instcat_y05_191109/job_log_01208204.txt
HTAR: a   instcat_y05_191109/job_log_01208205.txt
HTAR: a   instcat_y05_191109/job_log_01208206.txt
HTAR: a   instcat_y05_191109/job_log_01208207.txt
HTAR: a   instcat_y05_191109/job_log_01208208.txt
HTAR: a   instcat_y05_191109/job_log_01208209.txt
HTAR: a   instcat_y05_191109/job_log_01208210.txt
HTAR: a   instcat_y05_191109/job_log_01208211.txt
HTAR: a   instcat_y05_191109/job_log_01208212.txt
HTAR: a   instcat_y05_191109/job_log_01208213.txt
HTAR: a   instcat_y05_191109/job_log_01208214.txt
HTAR: a   instcat_y05_191109/job_log_01208215.txt
HTAR: a   instcat_y05_191109/job_log_01208216.txt
HTAR: a   instcat_y05_191109/job_log_01208217.txt
HTAR: a   instcat_y05_191109/job_log_01208218.txt
HTAR: a   instcat_y05_191109/job_log_01208219.txt
HTAR: a   instcat_y05_191109/job_log_01208220.txt
HTAR: a   instcat_y05_191109/job_log_01208221.txt
HTAR: a   instcat_y05_191109/job_log_01208222.txt
HTAR: a   instcat_y05_191109/job_log_01208223.txt
HTAR: a   instcat_y05_191109/job_log_01208224.txt
HTAR: a   instcat_y05_191109/job_log_01208225.txt
HTAR: a   instcat_y05_191109/job_log_01208226.txt
HTAR: a   instcat_y05_191109/job_log_01208227.txt
HTAR: a   instcat_y05_191109/job_log_01208228.txt
HTAR: a   instcat_y05_191109/job_log_01208229.txt
HTAR: a   instcat_y05_191109/job_log_01208230.txt
HTAR: a   instcat_y05_191109/job_log_01208231.txt
HTAR: a   instcat_y05_191109/job_log_01208232.txt
HTAR: a   instcat_y05_191109/job_log_01208233.txt
HTAR: a   instcat_y05_191109/job_log_01208234.txt
HTAR: a   instcat_y05_191109/job_log_01208235.txt
HTAR: a   instcat_y05_191109/job_log_01208236.txt
HTAR: a   instcat_y05_191109/job_log_01208237.txt
HTAR: a   instcat_y05_191109/job_log_01208238.txt
HTAR: a   instcat_y05_191109/job_log_01208239.txt
HTAR: a   instcat_y05_191109/job_log_01208240.txt
HTAR: a   instcat_y05_191109/job_log_01208241.txt
HTAR: a   instcat_y05_191109/job_log_01208242.txt
HTAR: a   instcat_y05_191109/job_log_01208243.txt
HTAR: a   instcat_y05_191109/job_log_01208244.txt
HTAR: a   instcat_y05_191109/job_log_01208245.txt
HTAR: a   instcat_y05_191109/job_log_01208246.txt
HTAR: a   instcat_y05_191109/job_log_01208247.txt
HTAR: a   instcat_y05_191109/job_log_01208248.txt
HTAR: a   instcat_y05_191109/job_log_01208249.txt
HTAR: a   instcat_y05_191109/job_log_01208250.txt
HTAR: a   instcat_y05_191109/job_log_01208251.txt
HTAR: a   instcat_y05_191109/job_log_01208252.txt
HTAR: a   instcat_y05_191109/job_log_01208253.txt
HTAR: a   instcat_y05_191109/job_log_01208254.txt
HTAR: a   instcat_y05_191109/job_log_01208255.txt
HTAR: a   instcat_y05_191109/job_log_01208256.txt
HTAR: a   instcat_y05_191109/job_log_01208257.txt
HTAR: a   instcat_y05_191109/job_log_01208258.txt
HTAR: a   instcat_y05_191109/job_log_01208259.txt
HTAR: a   instcat_y05_191109/job_log_01208260.txt
HTAR: a   instcat_y05_191109/job_log_01208261.txt
HTAR: a   instcat_y05_191109/job_log_01208262.txt
HTAR: a   instcat_y05_191109/job_log_01208263.txt
HTAR: a   instcat_y05_191109/job_log_01208264.txt
HTAR: a   instcat_y05_191109/job_log_01208265.txt
HTAR: a   instcat_y05_191109/job_log_01208266.txt
HTAR: a   instcat_y05_191109/job_log_01208267.txt
HTAR: a   instcat_y05_191109/job_log_01208268.txt
HTAR: a   instcat_y05_191109/job_log_01208269.txt
HTAR: a   instcat_y05_191109/job_log_01208270.txt
HTAR: a   instcat_y05_191109/job_log_01208271.txt
HTAR: a   instcat_y05_191109/job_log_01208272.txt
HTAR: a   instcat_y05_191109/job_log_01208273.txt
HTAR: a   instcat_y05_191109/job_log_01208274.txt
HTAR: a   instcat_y05_191109/job_log_01208460.txt
HTAR: a   instcat_y05_191109/job_log_01209037.txt
HTAR: a   instcat_y05_191109/job_log_01209040.txt
HTAR: a   instcat_y05_191109/job_log_01209043.txt
HTAR: a   instcat_y05_191109/job_log_01209044.txt
HTAR: a   instcat_y05_191109/job_log_01209045.txt
HTAR: a   instcat_y05_191109/job_log_01209046.txt
HTAR: a   instcat_y05_191109/job_log_01209047.txt
HTAR: a   instcat_y05_191109/job_log_01209048.txt
HTAR: a   instcat_y05_191109/job_log_01209082.txt
HTAR: a   instcat_y05_191109/job_log_01209083.txt
HTAR: a   instcat_y05_191109/job_log_01209084.txt
HTAR: a   instcat_y05_191109/job_log_01209085.txt
HTAR: a   instcat_y05_191109/job_log_01209086.txt
HTAR: a   instcat_y05_191109/job_log_01209087.txt
HTAR: a   instcat_y05_191109/job_log_01209088.txt
HTAR: a   instcat_y05_191109/job_log_01209094.txt
HTAR: a   instcat_y05_191109/job_log_01209095.txt
HTAR: a   instcat_y05_191109/job_log_01209121.txt
HTAR: a   instcat_y05_191109/job_log_01209123.txt
HTAR: a   instcat_y05_191109/job_log_01209125.txt
HTAR: a   instcat_y05_191109/job_log_01209126.txt
HTAR: a   instcat_y05_191109/job_log_01209128.txt
HTAR: a   instcat_y05_191109/job_log_01209129.txt
HTAR: a   instcat_y05_191109/job_log_01209133.txt
HTAR: a   instcat_y05_191109/job_log_01209134.txt
HTAR: a   instcat_y05_191109/job_log_01209135.txt
HTAR: a   instcat_y05_191109/job_log_01209136.txt
HTAR: a   instcat_y05_191109/job_log_01209137.txt
HTAR: a   instcat_y05_191109/job_log_01209138.txt
HTAR: a   instcat_y05_191109/job_log_01209139.txt
HTAR: a   instcat_y05_191109/job_log_01209140.txt
HTAR: a   instcat_y05_191109/job_log_01209141.txt
HTAR: a   instcat_y05_191109/job_log_01209142.txt
HTAR: a   instcat_y05_191109/job_log_01209168.txt
HTAR: a   instcat_y05_191109/job_log_01209175.txt
HTAR: a   instcat_y05_191109/job_log_01209176.txt
HTAR: a   instcat_y05_191109/job_log_01209178.txt
HTAR: a   instcat_y05_191109/job_log_01209181.txt
HTAR: a   instcat_y05_191109/job_log_01209182.txt
HTAR: a   instcat_y05_191109/job_log_01209184.txt
HTAR: a   instcat_y05_191109/job_log_01209185.txt
HTAR: a   instcat_y05_191109/job_log_01209186.txt
HTAR: a   instcat_y05_191109/job_log_01209191.txt
HTAR: a   instcat_y05_191109/job_log_01209192.txt
HTAR: a   instcat_y05_191109/job_log_01209200.txt
HTAR: a   instcat_y05_191109/job_log_01209215.txt
HTAR: a   /tmp/HTAR_CF_CHK_51597_1580768529
HTAR Create complete for /home/projects/desc/DC2_ImSim/Run2.2i/instCat/y05_191109/01208202to01209215.tar. 546,977,805,312 bytes written for 240 member files, max threads: 50 Transfer time: 4808.632 seconds (113.749 MB/s) wallclock/user/sys: 4810.551 4934.483 1901.750 seconds
HTAR: HTAR SUCCESSFUL
HTAR: a   instcat_y05_191109/01209216.tar.gz
HTAR: a   instcat_y05_191109/01209217.tar.gz
HTAR: a   instcat_y05_191109/01209218.tar.gz
HTAR: a   instcat_y05_191109/01209262.tar.gz
HTAR: a   instcat_y05_191109/01209263.tar.gz
HTAR: a   instcat_y05_191109/01209264.tar.gz
HTAR: a   instcat_y05_191109/01209360.tar.gz
HTAR: a   instcat_y05_191109/01209361.tar.gz
HTAR: a   instcat_y05_191109/01209406.tar.gz
HTAR: a   instcat_y05_191109/01209408.tar.gz
HTAR: a   instcat_y05_191109/01209609.tar.gz
HTAR: a   instcat_y05_191109/01209610.tar.gz
HTAR: a   instcat_y05_191109/01209663.tar.gz
HTAR: a   instcat_y05_191109/01209664.tar.gz
HTAR: a   instcat_y05_191109/01209667.tar.gz
HTAR: a   instcat_y05_191109/01209673.tar.gz
HTAR: a   instcat_y05_191109/01209674.tar.gz
HTAR: a   instcat_y05_191109/01209677.tar.gz
HTAR: a   instcat_y05_191109/01209678.tar.gz
HTAR: a   instcat_y05_191109/01209679.tar.gz
HTAR: a   instcat_y05_191109/01209680.tar.gz
HTAR: a   instcat_y05_191109/01209684.tar.gz
HTAR: a   instcat_y05_191109/01209685.tar.gz
HTAR: a   instcat_y05_191109/01209686.tar.gz
HTAR: a   instcat_y05_191109/01209687.tar.gz
HTAR: a   instcat_y05_191109/01209696.tar.gz
HTAR: a   instcat_y05_191109/01209697.tar.gz
HTAR: a   instcat_y05_191109/01209709.tar.gz
HTAR: a   instcat_y05_191109/01209710.tar.gz
HTAR: a   instcat_y05_191109/01209711.tar.gz
HTAR: a   instcat_y05_191109/01209712.tar.gz
HTAR: a   instcat_y05_191109/01209722.tar.gz
HTAR: a   instcat_y05_191109/01209723.tar.gz
HTAR: a   instcat_y05_191109/01209724.tar.gz
HTAR: a   instcat_y05_191109/01210179.tar.gz
HTAR: a   instcat_y05_191109/01210311.tar.gz
HTAR: a   instcat_y05_191109/01210312.tar.gz
HTAR: a   instcat_y05_191109/01210313.tar.gz
HTAR: a   instcat_y05_191109/01210314.tar.gz
HTAR: a   instcat_y05_191109/01210315.tar.gz
HTAR: a   instcat_y05_191109/01210316.tar.gz
HTAR: a   instcat_y05_191109/01210317.tar.gz
HTAR: a   instcat_y05_191109/01210318.tar.gz
HTAR: a   instcat_y05_191109/01210319.tar.gz
HTAR: a   instcat_y05_191109/01210320.tar.gz
HTAR: a   instcat_y05_191109/01210321.tar.gz
HTAR: a   instcat_y05_191109/01210322.tar.gz
HTAR: a   instcat_y05_191109/01210323.tar.gz
HTAR: a   instcat_y05_191109/01210324.tar.gz
HTAR: a   instcat_y05_191109/01210325.tar.gz
HTAR: a   instcat_y05_191109/01210326.tar.gz
HTAR: a   instcat_y05_191109/01210327.tar.gz
HTAR: a   instcat_y05_191109/01210328.tar.gz
HTAR: a   instcat_y05_191109/01210329.tar.gz
HTAR: a   instcat_y05_191109/01210330.tar.gz
HTAR: a   instcat_y05_191109/01210331.tar.gz
HTAR: a   instcat_y05_191109/01210332.tar.gz
HTAR: a   instcat_y05_191109/01210333.tar.gz
HTAR: a   instcat_y05_191109/01210334.tar.gz
HTAR: a   instcat_y05_191109/01210335.tar.gz
HTAR: a   instcat_y05_191109/01210336.tar.gz
HTAR: a   instcat_y05_191109/01210337.tar.gz
HTAR: a   instcat_y05_191109/01210338.tar.gz
HTAR: a   instcat_y05_191109/01210339.tar.gz
HTAR: a   instcat_y05_191109/01210340.tar.gz
HTAR: a   instcat_y05_191109/01210341.tar.gz
HTAR: a   instcat_y05_191109/01210342.tar.gz
HTAR: a   instcat_y05_191109/01210343.tar.gz
HTAR: a   instcat_y05_191109/01210344.tar.gz
HTAR: a   instcat_y05_191109/01210345.tar.gz
HTAR: a   instcat_y05_191109/01210346.tar.gz
HTAR: a   instcat_y05_191109/01210347.tar.gz
HTAR: a   instcat_y05_191109/01210348.tar.gz
HTAR: a   instcat_y05_191109/01210349.tar.gz
HTAR: a   instcat_y05_191109/01210350.tar.gz
HTAR: a   instcat_y05_191109/01210351.tar.gz
HTAR: a   instcat_y05_191109/01210352.tar.gz
HTAR: a   instcat_y05_191109/01210353.tar.gz
HTAR: a   instcat_y05_191109/01210354.tar.gz
HTAR: a   instcat_y05_191109/01210355.tar.gz
HTAR: a   instcat_y05_191109/01210356.tar.gz
HTAR: a   instcat_y05_191109/01210357.tar.gz
HTAR: a   instcat_y05_191109/01210358.tar.gz
HTAR: a   instcat_y05_191109/01210359.tar.gz
HTAR: a   instcat_y05_191109/01210360.tar.gz
HTAR: a   instcat_y05_191109/01210361.tar.gz
HTAR: a   instcat_y05_191109/01210362.tar.gz
HTAR: a   instcat_y05_191109/01210363.tar.gz
HTAR: a   instcat_y05_191109/01210364.tar.gz
HTAR: a   instcat_y05_191109/01210365.tar.gz
HTAR: a   instcat_y05_191109/01210366.tar.gz
HTAR: a   instcat_y05_191109/01210367.tar.gz
HTAR: a   instcat_y05_191109/01210368.tar.gz
HTAR: a   instcat_y05_191109/01210369.tar.gz
HTAR: a   instcat_y05_191109/01210370.tar.gz
HTAR: a   instcat_y05_191109/01210371.tar.gz
HTAR: a   instcat_y05_191109/01210372.tar.gz
HTAR: a   instcat_y05_191109/01210373.tar.gz
HTAR: a   instcat_y05_191109/01210374.tar.gz
HTAR: a   instcat_y05_191109/01210375.tar.gz
HTAR: a   instcat_y05_191109/01210376.tar.gz
HTAR: a   instcat_y05_191109/01210377.tar.gz
HTAR: a   instcat_y05_191109/01210378.tar.gz
HTAR: a   instcat_y05_191109/01210379.tar.gz
HTAR: a   instcat_y05_191109/01210380.tar.gz
HTAR: a   instcat_y05_191109/01210381.tar.gz
HTAR: a   instcat_y05_191109/01210382.tar.gz
HTAR: a   instcat_y05_191109/01210383.tar.gz
HTAR: a   instcat_y05_191109/01210384.tar.gz
HTAR: a   instcat_y05_191109/01210385.tar.gz
HTAR: a   instcat_y05_191109/01210386.tar.gz
HTAR: a   instcat_y05_191109/01210387.tar.gz
HTAR: a   instcat_y05_191109/01210388.tar.gz
HTAR: a   instcat_y05_191109/01210389.tar.gz
HTAR: a   instcat_y05_191109/01210390.tar.gz
HTAR: a   instcat_y05_191109/01210391.tar.gz
HTAR: a   instcat_y05_191109/01210392.tar.gz
HTAR: a   instcat_y05_191109/01210393.tar.gz
HTAR: a   instcat_y05_191109/01210394.tar.gz
HTAR: a   instcat_y05_191109/01210395.tar.gz
HTAR: a   instcat_y05_191109/job_log_01209216.txt
HTAR: a   instcat_y05_191109/job_log_01209217.txt
HTAR: a   instcat_y05_191109/job_log_01209218.txt
HTAR: a   instcat_y05_191109/job_log_01209262.txt
HTAR: a   instcat_y05_191109/job_log_01209263.txt
HTAR: a   instcat_y05_191109/job_log_01209264.txt
HTAR: a   instcat_y05_191109/job_log_01209360.txt
HTAR: a   instcat_y05_191109/job_log_01209361.txt
HTAR: a   instcat_y05_191109/job_log_01209406.txt
HTAR: a   instcat_y05_191109/job_log_01209408.txt
HTAR: a   instcat_y05_191109/job_log_01209609.txt
HTAR: a   instcat_y05_191109/job_log_01209610.txt
HTAR: a   instcat_y05_191109/job_log_01209663.txt
HTAR: a   instcat_y05_191109/job_log_01209664.txt
HTAR: a   instcat_y05_191109/job_log_01209667.txt
HTAR: a   instcat_y05_191109/job_log_01209673.txt
HTAR: a   instcat_y05_191109/job_log_01209674.txt
HTAR: a   instcat_y05_191109/job_log_01209677.txt
HTAR: a   instcat_y05_191109/job_log_01209678.txt
HTAR: a   instcat_y05_191109/job_log_01209679.txt
HTAR: a   instcat_y05_191109/job_log_01209680.txt
HTAR: a   instcat_y05_191109/job_log_01209684.txt
HTAR: a   instcat_y05_191109/job_log_01209685.txt
HTAR: a   instcat_y05_191109/job_log_01209686.txt
HTAR: a   instcat_y05_191109/job_log_01209687.txt
HTAR: a   instcat_y05_191109/job_log_01209696.txt
HTAR: a   instcat_y05_191109/job_log_01209697.txt
HTAR: a   instcat_y05_191109/job_log_01209709.txt
HTAR: a   instcat_y05_191109/job_log_01209710.txt
HTAR: a   instcat_y05_191109/job_log_01209711.txt
HTAR: a   instcat_y05_191109/job_log_01209712.txt
HTAR: a   instcat_y05_191109/job_log_01209722.txt
HTAR: a   instcat_y05_191109/job_log_01209723.txt
HTAR: a   instcat_y05_191109/job_log_01209724.txt
HTAR: a   instcat_y05_191109/job_log_01210179.txt
HTAR: a   instcat_y05_191109/job_log_01210311.txt
HTAR: a   instcat_y05_191109/job_log_01210312.txt
HTAR: a   instcat_y05_191109/job_log_01210313.txt
HTAR: a   instcat_y05_191109/job_log_01210314.txt
HTAR: a   instcat_y05_191109/job_log_01210315.txt
HTAR: a   instcat_y05_191109/job_log_01210316.txt
HTAR: a   instcat_y05_191109/job_log_01210317.txt
HTAR: a   instcat_y05_191109/job_log_01210318.txt
HTAR: a   instcat_y05_191109/job_log_01210319.txt
HTAR: a   instcat_y05_191109/job_log_01210320.txt
HTAR: a   instcat_y05_191109/job_log_01210321.txt
HTAR: a   instcat_y05_191109/job_log_01210322.txt
HTAR: a   instcat_y05_191109/job_log_01210323.txt
HTAR: a   instcat_y05_191109/job_log_01210324.txt
HTAR: a   instcat_y05_191109/job_log_01210325.txt
HTAR: a   instcat_y05_191109/job_log_01210326.txt
HTAR: a   instcat_y05_191109/job_log_01210327.txt
HTAR: a   instcat_y05_191109/job_log_01210328.txt
HTAR: a   instcat_y05_191109/job_log_01210329.txt
HTAR: a   instcat_y05_191109/job_log_01210330.txt
HTAR: a   instcat_y05_191109/job_log_01210331.txt
HTAR: a   instcat_y05_191109/job_log_01210332.txt
HTAR: a   instcat_y05_191109/job_log_01210333.txt
HTAR: a   instcat_y05_191109/job_log_01210334.txt
HTAR: a   instcat_y05_191109/job_log_01210335.txt
HTAR: a   instcat_y05_191109/job_log_01210336.txt
HTAR: a   instcat_y05_191109/job_log_01210337.txt
HTAR: a   instcat_y05_191109/job_log_01210338.txt
HTAR: a   instcat_y05_191109/job_log_01210339.txt
HTAR: a   instcat_y05_191109/job_log_01210340.txt
HTAR: a   instcat_y05_191109/job_log_01210341.txt
HTAR: a   instcat_y05_191109/job_log_01210342.txt
HTAR: a   instcat_y05_191109/job_log_01210343.txt
HTAR: a   instcat_y05_191109/job_log_01210344.txt
HTAR: a   instcat_y05_191109/job_log_01210345.txt
HTAR: a   instcat_y05_191109/job_log_01210346.txt
HTAR: a   instcat_y05_191109/job_log_01210347.txt
HTAR: a   instcat_y05_191109/job_log_01210348.txt
HTAR: a   instcat_y05_191109/job_log_01210349.txt
HTAR: a   instcat_y05_191109/job_log_01210350.txt
HTAR: a   instcat_y05_191109/job_log_01210351.txt
HTAR: a   instcat_y05_191109/job_log_01210352.txt
HTAR: a   instcat_y05_191109/job_log_01210353.txt
HTAR: a   instcat_y05_191109/job_log_01210354.txt
HTAR: a   instcat_y05_191109/job_log_01210355.txt
HTAR: a   instcat_y05_191109/job_log_01210356.txt
HTAR: a   instcat_y05_191109/job_log_01210357.txt
HTAR: a   instcat_y05_191109/job_log_01210358.txt
HTAR: a   instcat_y05_191109/job_log_01210359.txt
HTAR: a   instcat_y05_191109/job_log_01210360.txt
HTAR: a   instcat_y05_191109/job_log_01210361.txt
HTAR: a   instcat_y05_191109/job_log_01210362.txt
HTAR: a   instcat_y05_191109/job_log_01210363.txt
HTAR: a   instcat_y05_191109/job_log_01210364.txt
HTAR: a   instcat_y05_191109/job_log_01210365.txt
HTAR: a   instcat_y05_191109/job_log_01210366.txt
HTAR: a   instcat_y05_191109/job_log_01210367.txt
HTAR: a   instcat_y05_191109/job_log_01210368.txt
HTAR: a   instcat_y05_191109/job_log_01210369.txt
HTAR: a   instcat_y05_191109/job_log_01210370.txt
HTAR: a   instcat_y05_191109/job_log_01210371.txt
HTAR: a   instcat_y05_191109/job_log_01210372.txt
HTAR: a   instcat_y05_191109/job_log_01210373.txt
HTAR: a   instcat_y05_191109/job_log_01210374.txt
HTAR: a   instcat_y05_191109/job_log_01210375.txt
HTAR: a   instcat_y05_191109/job_log_01210376.txt
HTAR: a   instcat_y05_191109/job_log_01210377.txt
HTAR: a   instcat_y05_191109/job_log_01210378.txt
HTAR: a   instcat_y05_191109/job_log_01210379.txt
HTAR: a   instcat_y05_191109/job_log_01210380.txt
HTAR: a   instcat_y05_191109/job_log_01210381.txt
HTAR: a   instcat_y05_191109/job_log_01210382.txt
HTAR: a   instcat_y05_191109/job_log_01210383.txt
HTAR: a   instcat_y05_191109/job_log_01210384.txt
HTAR: a   instcat_y05_191109/job_log_01210385.txt
HTAR: a   instcat_y05_191109/job_log_01210386.txt
HTAR: a   instcat_y05_191109/job_log_01210387.txt
HTAR: a   instcat_y05_191109/job_log_01210388.txt
HTAR: a   instcat_y05_191109/job_log_01210389.txt
HTAR: a   instcat_y05_191109/job_log_01210390.txt
HTAR: a   instcat_y05_191109/job_log_01210391.txt
HTAR: a   instcat_y05_191109/job_log_01210392.txt
HTAR: a   instcat_y05_191109/job_log_01210393.txt
HTAR: a   instcat_y05_191109/job_log_01210394.txt
HTAR: a   instcat_y05_191109/job_log_01210395.txt
HTAR: a   /tmp/HTAR_CF_CHK_21555_1580773343
HTAR Create complete for /home/projects/desc/DC2_ImSim/Run2.2i/instCat/y05_191109/01209216to01210395.tar. 552,441,376,256 bytes written for 240 member files, max threads: 50 Transfer time: 4678.449 seconds (118.082 MB/s) wallclock/user/sys: 4680.678 5031.234 2182.881 seconds
HTAR: HTAR SUCCESSFUL
