HTAR: a   instcat_y05_191109/01223853.tar.gz
HTAR: a   instcat_y05_191109/01223854.tar.gz
HTAR: a   instcat_y05_191109/01223855.tar.gz
HTAR: a   instcat_y05_191109/01223856.tar.gz
HTAR: a   instcat_y05_191109/01223857.tar.gz
HTAR: a   instcat_y05_191109/01223858.tar.gz
HTAR: a   instcat_y05_191109/01223859.tar.gz
HTAR: a   instcat_y05_191109/01223860.tar.gz
HTAR: a   instcat_y05_191109/01223861.tar.gz
HTAR: a   instcat_y05_191109/01223862.tar.gz
HTAR: a   instcat_y05_191109/01223863.tar.gz
HTAR: a   instcat_y05_191109/01223864.tar.gz
HTAR: a   instcat_y05_191109/01223865.tar.gz
HTAR: a   instcat_y05_191109/01223866.tar.gz
HTAR: a   instcat_y05_191109/01223867.tar.gz
HTAR: a   instcat_y05_191109/01223868.tar.gz
HTAR: a   instcat_y05_191109/01223869.tar.gz
HTAR: a   instcat_y05_191109/01224552.tar.gz
HTAR: a   instcat_y05_191109/01224553.tar.gz
HTAR: a   instcat_y05_191109/01224554.tar.gz
HTAR: a   instcat_y05_191109/01224555.tar.gz
HTAR: a   instcat_y05_191109/01224556.tar.gz
HTAR: a   instcat_y05_191109/01224557.tar.gz
HTAR: a   instcat_y05_191109/01224558.tar.gz
HTAR: a   instcat_y05_191109/01224559.tar.gz
HTAR: a   instcat_y05_191109/01224560.tar.gz
HTAR: a   instcat_y05_191109/01224561.tar.gz
HTAR: a   instcat_y05_191109/01224562.tar.gz
HTAR: a   instcat_y05_191109/01224563.tar.gz
HTAR: a   instcat_y05_191109/01224564.tar.gz
HTAR: a   instcat_y05_191109/01224565.tar.gz
HTAR: a   instcat_y05_191109/01224566.tar.gz
HTAR: a   instcat_y05_191109/01224567.tar.gz
HTAR: a   instcat_y05_191109/01224568.tar.gz
HTAR: a   instcat_y05_191109/01224569.tar.gz
HTAR: a   instcat_y05_191109/01224570.tar.gz
HTAR: a   instcat_y05_191109/01224571.tar.gz
HTAR: a   instcat_y05_191109/01224718.tar.gz
HTAR: a   instcat_y05_191109/01224748.tar.gz
HTAR: a   instcat_y05_191109/01224754.tar.gz
HTAR: a   instcat_y05_191109/01224755.tar.gz
HTAR: a   instcat_y05_191109/01224756.tar.gz
HTAR: a   instcat_y05_191109/01224757.tar.gz
HTAR: a   instcat_y05_191109/01224813.tar.gz
HTAR: a   instcat_y05_191109/01224814.tar.gz
HTAR: a   instcat_y05_191109/01224815.tar.gz
HTAR: a   instcat_y05_191109/01224816.tar.gz
HTAR: a   instcat_y05_191109/01224817.tar.gz
HTAR: a   instcat_y05_191109/01225208.tar.gz
HTAR: a   instcat_y05_191109/01225216.tar.gz
HTAR: a   instcat_y05_191109/01225257.tar.gz
HTAR: a   instcat_y05_191109/01225258.tar.gz
HTAR: a   instcat_y05_191109/01225259.tar.gz
HTAR: a   instcat_y05_191109/01225260.tar.gz
HTAR: a   instcat_y05_191109/01225261.tar.gz
HTAR: a   instcat_y05_191109/01225262.tar.gz
HTAR: a   instcat_y05_191109/01225263.tar.gz
HTAR: a   instcat_y05_191109/01225264.tar.gz
HTAR: a   instcat_y05_191109/01225265.tar.gz
HTAR: a   instcat_y05_191109/01225266.tar.gz
HTAR: a   instcat_y05_191109/01225267.tar.gz
HTAR: a   instcat_y05_191109/01225268.tar.gz
HTAR: a   instcat_y05_191109/01225269.tar.gz
HTAR: a   instcat_y05_191109/01225270.tar.gz
HTAR: a   instcat_y05_191109/01225271.tar.gz
HTAR: a   instcat_y05_191109/01225272.tar.gz
HTAR: a   instcat_y05_191109/01225273.tar.gz
HTAR: a   instcat_y05_191109/01225274.tar.gz
HTAR: a   instcat_y05_191109/01225275.tar.gz
HTAR: a   instcat_y05_191109/01225276.tar.gz
HTAR: a   instcat_y05_191109/01225277.tar.gz
HTAR: a   instcat_y05_191109/01225278.tar.gz
HTAR: a   instcat_y05_191109/01225279.tar.gz
HTAR: a   instcat_y05_191109/01225280.tar.gz
HTAR: a   instcat_y05_191109/01225322.tar.gz
HTAR: a   instcat_y05_191109/01225324.tar.gz
HTAR: a   instcat_y05_191109/01225325.tar.gz
HTAR: a   instcat_y05_191109/01225326.tar.gz
HTAR: a   instcat_y05_191109/01225327.tar.gz
HTAR: a   instcat_y05_191109/01225328.tar.gz
HTAR: a   instcat_y05_191109/01225386.tar.gz
HTAR: a   instcat_y05_191109/01225387.tar.gz
HTAR: a   instcat_y05_191109/01225393.tar.gz
HTAR: a   instcat_y05_191109/01225398.tar.gz
HTAR: a   instcat_y05_191109/01225399.tar.gz
HTAR: a   instcat_y05_191109/01225400.tar.gz
HTAR: a   instcat_y05_191109/01225401.tar.gz
HTAR: a   instcat_y05_191109/01225402.tar.gz
HTAR: a   instcat_y05_191109/01225403.tar.gz
HTAR: a   instcat_y05_191109/01225404.tar.gz
HTAR: a   instcat_y05_191109/01225405.tar.gz
HTAR: a   instcat_y05_191109/01225406.tar.gz
HTAR: a   instcat_y05_191109/01225445.tar.gz
HTAR: a   instcat_y05_191109/01225446.tar.gz
HTAR: a   instcat_y05_191109/01225447.tar.gz
HTAR: a   instcat_y05_191109/01225448.tar.gz
HTAR: a   instcat_y05_191109/01225449.tar.gz
HTAR: a   instcat_y05_191109/01225450.tar.gz
HTAR: a   instcat_y05_191109/01225451.tar.gz
HTAR: a   instcat_y05_191109/01225452.tar.gz
HTAR: a   instcat_y05_191109/01225453.tar.gz
HTAR: a   instcat_y05_191109/01225454.tar.gz
HTAR: a   instcat_y05_191109/01225455.tar.gz
HTAR: a   instcat_y05_191109/01225456.tar.gz
HTAR: a   instcat_y05_191109/01225462.tar.gz
HTAR: a   instcat_y05_191109/01225463.tar.gz
HTAR: a   instcat_y05_191109/01225464.tar.gz
HTAR: a   instcat_y05_191109/01225465.tar.gz
HTAR: a   instcat_y05_191109/01225466.tar.gz
HTAR: a   instcat_y05_191109/01225482.tar.gz
HTAR: a   instcat_y05_191109/01225483.tar.gz
HTAR: a   instcat_y05_191109/01225484.tar.gz
HTAR: a   instcat_y05_191109/01225485.tar.gz
HTAR: a   instcat_y05_191109/01225488.tar.gz
HTAR: a   instcat_y05_191109/01225494.tar.gz
HTAR: a   instcat_y05_191109/01225495.tar.gz
HTAR: a   instcat_y05_191109/01225496.tar.gz
HTAR: a   instcat_y05_191109/01225497.tar.gz
HTAR: a   instcat_y05_191109/01225511.tar.gz
HTAR: a   instcat_y05_191109/01225512.tar.gz
HTAR: a   instcat_y05_191109/job_log_01223853.txt
HTAR: a   instcat_y05_191109/job_log_01223854.txt
HTAR: a   instcat_y05_191109/job_log_01223855.txt
HTAR: a   instcat_y05_191109/job_log_01223856.txt
HTAR: a   instcat_y05_191109/job_log_01223857.txt
HTAR: a   instcat_y05_191109/job_log_01223858.txt
HTAR: a   instcat_y05_191109/job_log_01223859.txt
HTAR: a   instcat_y05_191109/job_log_01223860.txt
HTAR: a   instcat_y05_191109/job_log_01223861.txt
HTAR: a   instcat_y05_191109/job_log_01223862.txt
HTAR: a   instcat_y05_191109/job_log_01223863.txt
HTAR: a   instcat_y05_191109/job_log_01223864.txt
HTAR: a   instcat_y05_191109/job_log_01223865.txt
HTAR: a   instcat_y05_191109/job_log_01223866.txt
HTAR: a   instcat_y05_191109/job_log_01223867.txt
HTAR: a   instcat_y05_191109/job_log_01223868.txt
HTAR: a   instcat_y05_191109/job_log_01223869.txt
HTAR: a   instcat_y05_191109/job_log_01224552.txt
HTAR: a   instcat_y05_191109/job_log_01224553.txt
HTAR: a   instcat_y05_191109/job_log_01224554.txt
HTAR: a   instcat_y05_191109/job_log_01224555.txt
HTAR: a   instcat_y05_191109/job_log_01224556.txt
HTAR: a   instcat_y05_191109/job_log_01224557.txt
HTAR: a   instcat_y05_191109/job_log_01224558.txt
HTAR: a   instcat_y05_191109/job_log_01224559.txt
HTAR: a   instcat_y05_191109/job_log_01224560.txt
HTAR: a   instcat_y05_191109/job_log_01224561.txt
HTAR: a   instcat_y05_191109/job_log_01224562.txt
HTAR: a   instcat_y05_191109/job_log_01224563.txt
HTAR: a   instcat_y05_191109/job_log_01224564.txt
HTAR: a   instcat_y05_191109/job_log_01224565.txt
HTAR: a   instcat_y05_191109/job_log_01224566.txt
HTAR: a   instcat_y05_191109/job_log_01224567.txt
HTAR: a   instcat_y05_191109/job_log_01224568.txt
HTAR: a   instcat_y05_191109/job_log_01224569.txt
HTAR: a   instcat_y05_191109/job_log_01224570.txt
HTAR: a   instcat_y05_191109/job_log_01224571.txt
HTAR: a   instcat_y05_191109/job_log_01224718.txt
HTAR: a   instcat_y05_191109/job_log_01224748.txt
HTAR: a   instcat_y05_191109/job_log_01224754.txt
HTAR: a   instcat_y05_191109/job_log_01224755.txt
HTAR: a   instcat_y05_191109/job_log_01224756.txt
HTAR: a   instcat_y05_191109/job_log_01224757.txt
HTAR: a   instcat_y05_191109/job_log_01224813.txt
HTAR: a   instcat_y05_191109/job_log_01224814.txt
HTAR: a   instcat_y05_191109/job_log_01224815.txt
HTAR: a   instcat_y05_191109/job_log_01224816.txt
HTAR: a   instcat_y05_191109/job_log_01224817.txt
HTAR: a   instcat_y05_191109/job_log_01225208.txt
HTAR: a   instcat_y05_191109/job_log_01225216.txt
HTAR: a   instcat_y05_191109/job_log_01225257.txt
HTAR: a   instcat_y05_191109/job_log_01225258.txt
HTAR: a   instcat_y05_191109/job_log_01225259.txt
HTAR: a   instcat_y05_191109/job_log_01225260.txt
HTAR: a   instcat_y05_191109/job_log_01225261.txt
HTAR: a   instcat_y05_191109/job_log_01225262.txt
HTAR: a   instcat_y05_191109/job_log_01225263.txt
HTAR: a   instcat_y05_191109/job_log_01225264.txt
HTAR: a   instcat_y05_191109/job_log_01225265.txt
HTAR: a   instcat_y05_191109/job_log_01225266.txt
HTAR: a   instcat_y05_191109/job_log_01225267.txt
HTAR: a   instcat_y05_191109/job_log_01225268.txt
HTAR: a   instcat_y05_191109/job_log_01225269.txt
HTAR: a   instcat_y05_191109/job_log_01225270.txt
HTAR: a   instcat_y05_191109/job_log_01225271.txt
HTAR: a   instcat_y05_191109/job_log_01225272.txt
HTAR: a   instcat_y05_191109/job_log_01225273.txt
HTAR: a   instcat_y05_191109/job_log_01225274.txt
HTAR: a   instcat_y05_191109/job_log_01225275.txt
HTAR: a   instcat_y05_191109/job_log_01225276.txt
HTAR: a   instcat_y05_191109/job_log_01225277.txt
HTAR: a   instcat_y05_191109/job_log_01225278.txt
HTAR: a   instcat_y05_191109/job_log_01225279.txt
HTAR: a   instcat_y05_191109/job_log_01225280.txt
HTAR: a   instcat_y05_191109/job_log_01225322.txt
HTAR: a   instcat_y05_191109/job_log_01225324.txt
HTAR: a   instcat_y05_191109/job_log_01225325.txt
HTAR: a   instcat_y05_191109/job_log_01225326.txt
HTAR: a   instcat_y05_191109/job_log_01225327.txt
HTAR: a   instcat_y05_191109/job_log_01225328.txt
HTAR: a   instcat_y05_191109/job_log_01225386.txt
HTAR: a   instcat_y05_191109/job_log_01225387.txt
HTAR: a   instcat_y05_191109/job_log_01225393.txt
HTAR: a   instcat_y05_191109/job_log_01225398.txt
HTAR: a   instcat_y05_191109/job_log_01225399.txt
HTAR: a   instcat_y05_191109/job_log_01225400.txt
HTAR: a   instcat_y05_191109/job_log_01225401.txt
HTAR: a   instcat_y05_191109/job_log_01225402.txt
HTAR: a   instcat_y05_191109/job_log_01225403.txt
HTAR: a   instcat_y05_191109/job_log_01225404.txt
HTAR: a   instcat_y05_191109/job_log_01225405.txt
HTAR: a   instcat_y05_191109/job_log_01225406.txt
HTAR: a   instcat_y05_191109/job_log_01225445.txt
HTAR: a   instcat_y05_191109/job_log_01225446.txt
HTAR: a   instcat_y05_191109/job_log_01225447.txt
HTAR: a   instcat_y05_191109/job_log_01225448.txt
HTAR: a   instcat_y05_191109/job_log_01225449.txt
HTAR: a   instcat_y05_191109/job_log_01225450.txt
HTAR: a   instcat_y05_191109/job_log_01225451.txt
HTAR: a   instcat_y05_191109/job_log_01225452.txt
HTAR: a   instcat_y05_191109/job_log_01225453.txt
HTAR: a   instcat_y05_191109/job_log_01225454.txt
HTAR: a   instcat_y05_191109/job_log_01225455.txt
HTAR: a   instcat_y05_191109/job_log_01225456.txt
HTAR: a   instcat_y05_191109/job_log_01225462.txt
HTAR: a   instcat_y05_191109/job_log_01225463.txt
HTAR: a   instcat_y05_191109/job_log_01225464.txt
HTAR: a   instcat_y05_191109/job_log_01225465.txt
HTAR: a   instcat_y05_191109/job_log_01225466.txt
HTAR: a   instcat_y05_191109/job_log_01225482.txt
HTAR: a   instcat_y05_191109/job_log_01225483.txt
HTAR: a   instcat_y05_191109/job_log_01225484.txt
HTAR: a   instcat_y05_191109/job_log_01225485.txt
HTAR: a   instcat_y05_191109/job_log_01225488.txt
HTAR: a   instcat_y05_191109/job_log_01225494.txt
HTAR: a   instcat_y05_191109/job_log_01225495.txt
HTAR: a   instcat_y05_191109/job_log_01225496.txt
HTAR: a   instcat_y05_191109/job_log_01225497.txt
HTAR: a   instcat_y05_191109/job_log_01225511.txt
HTAR: a   instcat_y05_191109/job_log_01225512.txt
HTAR: a   /tmp/HTAR_CF_CHK_47490_1580741479
HTAR Create complete for /home/projects/desc/DC2_ImSim/Run2.2i/instCat/y05_191109/01223853to01225512.tar. 553,167,813,120 bytes written for 240 member files, max threads: 50 Transfer time: 4010.740 seconds (137.922 MB/s) wallclock/user/sys: 4011.292 4174.586 1803.016 seconds
HTAR: HTAR SUCCESSFUL
HTAR: a   instcat_y05_191109/01225513.tar.gz
HTAR: a   instcat_y05_191109/01225514.tar.gz
HTAR: a   instcat_y05_191109/01225515.tar.gz
HTAR: a   instcat_y05_191109/01225516.tar.gz
HTAR: a   instcat_y05_191109/01225563.tar.gz
HTAR: a   instcat_y05_191109/01225600.tar.gz
HTAR: a   instcat_y05_191109/01225635.tar.gz
HTAR: a   instcat_y05_191109/01225869.tar.gz
HTAR: a   instcat_y05_191109/01225870.tar.gz
HTAR: a   instcat_y05_191109/01225873.tar.gz
HTAR: a   instcat_y05_191109/01225936.tar.gz
HTAR: a   instcat_y05_191109/01225937.tar.gz
HTAR: a   instcat_y05_191109/01225938.tar.gz
HTAR: a   instcat_y05_191109/01225939.tar.gz
HTAR: a   instcat_y05_191109/01225940.tar.gz
HTAR: a   instcat_y05_191109/01225941.tar.gz
HTAR: a   instcat_y05_191109/01225942.tar.gz
HTAR: a   instcat_y05_191109/01225943.tar.gz
HTAR: a   instcat_y05_191109/01225944.tar.gz
HTAR: a   instcat_y05_191109/01225945.tar.gz
HTAR: a   instcat_y05_191109/01225946.tar.gz
HTAR: a   instcat_y05_191109/01225947.tar.gz
HTAR: a   instcat_y05_191109/01225948.tar.gz
HTAR: a   instcat_y05_191109/01225949.tar.gz
HTAR: a   instcat_y05_191109/01225950.tar.gz
HTAR: a   instcat_y05_191109/01225951.tar.gz
HTAR: a   instcat_y05_191109/01225952.tar.gz
HTAR: a   instcat_y05_191109/01225953.tar.gz
HTAR: a   instcat_y05_191109/01225954.tar.gz
HTAR: a   instcat_y05_191109/01225955.tar.gz
HTAR: a   instcat_y05_191109/01226118.tar.gz
HTAR: a   instcat_y05_191109/01226162.tar.gz
HTAR: a   instcat_y05_191109/01226523.tar.gz
HTAR: a   instcat_y05_191109/01226529.tar.gz
HTAR: a   instcat_y05_191109/01226560.tar.gz
HTAR: a   instcat_y05_191109/01226561.tar.gz
HTAR: a   instcat_y05_191109/01226563.tar.gz
HTAR: a   instcat_y05_191109/01226564.tar.gz
HTAR: a   instcat_y05_191109/01226565.tar.gz
HTAR: a   instcat_y05_191109/01226566.tar.gz
HTAR: a   instcat_y05_191109/01226567.tar.gz
HTAR: a   instcat_y05_191109/01226568.tar.gz
HTAR: a   instcat_y05_191109/01226569.tar.gz
HTAR: a   instcat_y05_191109/01226570.tar.gz
HTAR: a   instcat_y05_191109/01226571.tar.gz
HTAR: a   instcat_y05_191109/01226572.tar.gz
HTAR: a   instcat_y05_191109/01226573.tar.gz
HTAR: a   instcat_y05_191109/01226574.tar.gz
HTAR: a   instcat_y05_191109/01226575.tar.gz
HTAR: a   instcat_y05_191109/01226576.tar.gz
HTAR: a   instcat_y05_191109/01226577.tar.gz
HTAR: a   instcat_y05_191109/01226578.tar.gz
HTAR: a   instcat_y05_191109/01226579.tar.gz
HTAR: a   instcat_y05_191109/01226580.tar.gz
HTAR: a   instcat_y05_191109/01226581.tar.gz
HTAR: a   instcat_y05_191109/01226582.tar.gz
HTAR: a   instcat_y05_191109/01226606.tar.gz
HTAR: a   instcat_y05_191109/01226607.tar.gz
HTAR: a   instcat_y05_191109/01226608.tar.gz
HTAR: a   instcat_y05_191109/01226627.tar.gz
HTAR: a   instcat_y05_191109/01226640.tar.gz
HTAR: a   instcat_y05_191109/01226641.tar.gz
HTAR: a   instcat_y05_191109/01226642.tar.gz
HTAR: a   instcat_y05_191109/01227187.tar.gz
HTAR: a   instcat_y05_191109/01227222.tar.gz
HTAR: a   instcat_y05_191109/01227241.tar.gz
HTAR: a   instcat_y05_191109/01227242.tar.gz
HTAR: a   instcat_y05_191109/01227243.tar.gz
HTAR: a   instcat_y05_191109/01227244.tar.gz
HTAR: a   instcat_y05_191109/01227245.tar.gz
HTAR: a   instcat_y05_191109/01227246.tar.gz
HTAR: a   instcat_y05_191109/01227247.tar.gz
HTAR: a   instcat_y05_191109/01227248.tar.gz
HTAR: a   instcat_y05_191109/01227249.tar.gz
HTAR: a   instcat_y05_191109/01227250.tar.gz
HTAR: a   instcat_y05_191109/01227251.tar.gz
HTAR: a   instcat_y05_191109/01227252.tar.gz
HTAR: a   instcat_y05_191109/01227253.tar.gz
HTAR: a   instcat_y05_191109/01227254.tar.gz
HTAR: a   instcat_y05_191109/01227255.tar.gz
HTAR: a   instcat_y05_191109/01227256.tar.gz
HTAR: a   instcat_y05_191109/01227257.tar.gz
HTAR: a   instcat_y05_191109/01227258.tar.gz
HTAR: a   instcat_y05_191109/01227259.tar.gz
HTAR: a   instcat_y05_191109/01227260.tar.gz
HTAR: a   instcat_y05_191109/01227261.tar.gz
HTAR: a   instcat_y05_191109/01227262.tar.gz
HTAR: a   instcat_y05_191109/01227263.tar.gz
HTAR: a   instcat_y05_191109/01227264.tar.gz
HTAR: a   instcat_y05_191109/01227273.tar.gz
HTAR: a   instcat_y05_191109/01227274.tar.gz
HTAR: a   instcat_y05_191109/01227318.tar.gz
HTAR: a   instcat_y05_191109/01227881.tar.gz
HTAR: a   instcat_y05_191109/01227896.tar.gz
HTAR: a   instcat_y05_191109/01227906.tar.gz
HTAR: a   instcat_y05_191109/01227907.tar.gz
HTAR: a   instcat_y05_191109/01227908.tar.gz
HTAR: a   instcat_y05_191109/01227913.tar.gz
HTAR: a   instcat_y05_191109/01227927.tar.gz
HTAR: a   instcat_y05_191109/01227937.tar.gz
HTAR: a   instcat_y05_191109/01228619.tar.gz
HTAR: a   instcat_y05_191109/01228620.tar.gz
HTAR: a   instcat_y05_191109/01228621.tar.gz
HTAR: a   instcat_y05_191109/01228622.tar.gz
HTAR: a   instcat_y05_191109/01228623.tar.gz
HTAR: a   instcat_y05_191109/01228624.tar.gz
HTAR: a   instcat_y05_191109/01228625.tar.gz
HTAR: a   instcat_y05_191109/01228626.tar.gz
HTAR: a   instcat_y05_191109/01228627.tar.gz
HTAR: a   instcat_y05_191109/01228628.tar.gz
HTAR: a   instcat_y05_191109/01228629.tar.gz
HTAR: a   instcat_y05_191109/01228630.tar.gz
HTAR: a   instcat_y05_191109/01228631.tar.gz
HTAR: a   instcat_y05_191109/01228632.tar.gz
HTAR: a   instcat_y05_191109/01228633.tar.gz
HTAR: a   instcat_y05_191109/01228634.tar.gz
HTAR: a   instcat_y05_191109/01228635.tar.gz
HTAR: a   instcat_y05_191109/01228636.tar.gz
HTAR: a   instcat_y05_191109/01228637.tar.gz
HTAR: a   instcat_y05_191109/01228638.tar.gz
HTAR: a   instcat_y05_191109/job_log_01225513.txt
HTAR: a   instcat_y05_191109/job_log_01225514.txt
HTAR: a   instcat_y05_191109/job_log_01225515.txt
HTAR: a   instcat_y05_191109/job_log_01225516.txt
HTAR: a   instcat_y05_191109/job_log_01225563.txt
HTAR: a   instcat_y05_191109/job_log_01225600.txt
HTAR: a   instcat_y05_191109/job_log_01225635.txt
HTAR: a   instcat_y05_191109/job_log_01225869.txt
HTAR: a   instcat_y05_191109/job_log_01225870.txt
HTAR: a   instcat_y05_191109/job_log_01225873.txt
HTAR: a   instcat_y05_191109/job_log_01225936.txt
HTAR: a   instcat_y05_191109/job_log_01225937.txt
HTAR: a   instcat_y05_191109/job_log_01225938.txt
HTAR: a   instcat_y05_191109/job_log_01225939.txt
HTAR: a   instcat_y05_191109/job_log_01225940.txt
HTAR: a   instcat_y05_191109/job_log_01225941.txt
HTAR: a   instcat_y05_191109/job_log_01225942.txt
HTAR: a   instcat_y05_191109/job_log_01225943.txt
HTAR: a   instcat_y05_191109/job_log_01225944.txt
HTAR: a   instcat_y05_191109/job_log_01225945.txt
HTAR: a   instcat_y05_191109/job_log_01225946.txt
HTAR: a   instcat_y05_191109/job_log_01225947.txt
HTAR: a   instcat_y05_191109/job_log_01225948.txt
HTAR: a   instcat_y05_191109/job_log_01225949.txt
HTAR: a   instcat_y05_191109/job_log_01225950.txt
HTAR: a   instcat_y05_191109/job_log_01225951.txt
HTAR: a   instcat_y05_191109/job_log_01225952.txt
HTAR: a   instcat_y05_191109/job_log_01225953.txt
HTAR: a   instcat_y05_191109/job_log_01225954.txt
HTAR: a   instcat_y05_191109/job_log_01225955.txt
HTAR: a   instcat_y05_191109/job_log_01226118.txt
HTAR: a   instcat_y05_191109/job_log_01226162.txt
HTAR: a   instcat_y05_191109/job_log_01226523.txt
HTAR: a   instcat_y05_191109/job_log_01226529.txt
HTAR: a   instcat_y05_191109/job_log_01226560.txt
HTAR: a   instcat_y05_191109/job_log_01226561.txt
HTAR: a   instcat_y05_191109/job_log_01226563.txt
HTAR: a   instcat_y05_191109/job_log_01226564.txt
HTAR: a   instcat_y05_191109/job_log_01226565.txt
HTAR: a   instcat_y05_191109/job_log_01226566.txt
HTAR: a   instcat_y05_191109/job_log_01226567.txt
HTAR: a   instcat_y05_191109/job_log_01226568.txt
HTAR: a   instcat_y05_191109/job_log_01226569.txt
HTAR: a   instcat_y05_191109/job_log_01226570.txt
HTAR: a   instcat_y05_191109/job_log_01226571.txt
HTAR: a   instcat_y05_191109/job_log_01226572.txt
HTAR: a   instcat_y05_191109/job_log_01226573.txt
HTAR: a   instcat_y05_191109/job_log_01226574.txt
HTAR: a   instcat_y05_191109/job_log_01226575.txt
HTAR: a   instcat_y05_191109/job_log_01226576.txt
HTAR: a   instcat_y05_191109/job_log_01226577.txt
HTAR: a   instcat_y05_191109/job_log_01226578.txt
HTAR: a   instcat_y05_191109/job_log_01226579.txt
HTAR: a   instcat_y05_191109/job_log_01226580.txt
HTAR: a   instcat_y05_191109/job_log_01226581.txt
HTAR: a   instcat_y05_191109/job_log_01226582.txt
HTAR: a   instcat_y05_191109/job_log_01226606.txt
HTAR: a   instcat_y05_191109/job_log_01226607.txt
HTAR: a   instcat_y05_191109/job_log_01226608.txt
HTAR: a   instcat_y05_191109/job_log_01226627.txt
HTAR: a   instcat_y05_191109/job_log_01226640.txt
HTAR: a   instcat_y05_191109/job_log_01226641.txt
HTAR: a   instcat_y05_191109/job_log_01226642.txt
HTAR: a   instcat_y05_191109/job_log_01227187.txt
HTAR: a   instcat_y05_191109/job_log_01227222.txt
HTAR: a   instcat_y05_191109/job_log_01227241.txt
HTAR: a   instcat_y05_191109/job_log_01227242.txt
HTAR: a   instcat_y05_191109/job_log_01227243.txt
HTAR: a   instcat_y05_191109/job_log_01227244.txt
HTAR: a   instcat_y05_191109/job_log_01227245.txt
HTAR: a   instcat_y05_191109/job_log_01227246.txt
HTAR: a   instcat_y05_191109/job_log_01227247.txt
HTAR: a   instcat_y05_191109/job_log_01227248.txt
HTAR: a   instcat_y05_191109/job_log_01227249.txt
HTAR: a   instcat_y05_191109/job_log_01227250.txt
HTAR: a   instcat_y05_191109/job_log_01227251.txt
HTAR: a   instcat_y05_191109/job_log_01227252.txt
HTAR: a   instcat_y05_191109/job_log_01227253.txt
HTAR: a   instcat_y05_191109/job_log_01227254.txt
HTAR: a   instcat_y05_191109/job_log_01227255.txt
HTAR: a   instcat_y05_191109/job_log_01227256.txt
HTAR: a   instcat_y05_191109/job_log_01227257.txt
HTAR: a   instcat_y05_191109/job_log_01227258.txt
HTAR: a   instcat_y05_191109/job_log_01227259.txt
HTAR: a   instcat_y05_191109/job_log_01227260.txt
HTAR: a   instcat_y05_191109/job_log_01227261.txt
HTAR: a   instcat_y05_191109/job_log_01227262.txt
HTAR: a   instcat_y05_191109/job_log_01227263.txt
HTAR: a   instcat_y05_191109/job_log_01227264.txt
HTAR: a   instcat_y05_191109/job_log_01227273.txt
HTAR: a   instcat_y05_191109/job_log_01227274.txt
HTAR: a   instcat_y05_191109/job_log_01227318.txt
HTAR: a   instcat_y05_191109/job_log_01227881.txt
HTAR: a   instcat_y05_191109/job_log_01227896.txt
HTAR: a   instcat_y05_191109/job_log_01227906.txt
HTAR: a   instcat_y05_191109/job_log_01227907.txt
HTAR: a   instcat_y05_191109/job_log_01227908.txt
HTAR: a   instcat_y05_191109/job_log_01227913.txt
HTAR: a   instcat_y05_191109/job_log_01227927.txt
HTAR: a   instcat_y05_191109/job_log_01227937.txt
HTAR: a   instcat_y05_191109/job_log_01228619.txt
HTAR: a   instcat_y05_191109/job_log_01228620.txt
HTAR: a   instcat_y05_191109/job_log_01228621.txt
HTAR: a   instcat_y05_191109/job_log_01228622.txt
HTAR: a   instcat_y05_191109/job_log_01228623.txt
HTAR: a   instcat_y05_191109/job_log_01228624.txt
HTAR: a   instcat_y05_191109/job_log_01228625.txt
HTAR: a   instcat_y05_191109/job_log_01228626.txt
HTAR: a   instcat_y05_191109/job_log_01228627.txt
HTAR: a   instcat_y05_191109/job_log_01228628.txt
HTAR: a   instcat_y05_191109/job_log_01228629.txt
HTAR: a   instcat_y05_191109/job_log_01228630.txt
HTAR: a   instcat_y05_191109/job_log_01228631.txt
HTAR: a   instcat_y05_191109/job_log_01228632.txt
HTAR: a   instcat_y05_191109/job_log_01228633.txt
HTAR: a   instcat_y05_191109/job_log_01228634.txt
HTAR: a   instcat_y05_191109/job_log_01228635.txt
HTAR: a   instcat_y05_191109/job_log_01228636.txt
HTAR: a   instcat_y05_191109/job_log_01228637.txt
HTAR: a   instcat_y05_191109/job_log_01228638.txt
HTAR: a   /tmp/HTAR_CF_CHK_16322_1580745505
HTAR Create complete for /home/projects/desc/DC2_ImSim/Run2.2i/instCat/y05_191109/01225513to01228638.tar. 524,363,898,368 bytes written for 240 member files, max threads: 50 Transfer time: 3562.445 seconds (147.192 MB/s) wallclock/user/sys: 3573.936 4040.407 1387.778 seconds
HTAR: HTAR SUCCESSFUL
HTAR: a   instcat_y05_191109/01228639.tar.gz
HTAR: a   instcat_y05_191109/01228640.tar.gz
HTAR: a   instcat_y05_191109/01228641.tar.gz
HTAR: a   instcat_y05_191109/01228642.tar.gz
HTAR: a   instcat_y05_191109/01228643.tar.gz
HTAR: a   instcat_y05_191109/01228644.tar.gz
HTAR: a   instcat_y05_191109/01228645.tar.gz
HTAR: a   instcat_y05_191109/01228646.tar.gz
HTAR: a   instcat_y05_191109/01228647.tar.gz
HTAR: a   instcat_y05_191109/01228648.tar.gz
HTAR: a   instcat_y05_191109/01228649.tar.gz
HTAR: a   instcat_y05_191109/01228650.tar.gz
HTAR: a   instcat_y05_191109/01228651.tar.gz
HTAR: a   instcat_y05_191109/01228652.tar.gz
HTAR: a   instcat_y05_191109/01228653.tar.gz
HTAR: a   instcat_y05_191109/01228654.tar.gz
HTAR: a   instcat_y05_191109/01228655.tar.gz
HTAR: a   instcat_y05_191109/01228656.tar.gz
HTAR: a   instcat_y05_191109/01228657.tar.gz
HTAR: a   instcat_y05_191109/01228658.tar.gz
HTAR: a   instcat_y05_191109/01228659.tar.gz
HTAR: a   instcat_y05_191109/01228660.tar.gz
HTAR: a   instcat_y05_191109/01228661.tar.gz
HTAR: a   instcat_y05_191109/01228662.tar.gz
HTAR: a   instcat_y05_191109/01228663.tar.gz
HTAR: a   instcat_y05_191109/01228664.tar.gz
HTAR: a   instcat_y05_191109/01228665.tar.gz
HTAR: a   instcat_y05_191109/01228666.tar.gz
HTAR: a   instcat_y05_191109/01228667.tar.gz
HTAR: a   instcat_y05_191109/01228668.tar.gz
HTAR: a   instcat_y05_191109/01228669.tar.gz
HTAR: a   instcat_y05_191109/01228670.tar.gz
HTAR: a   instcat_y05_191109/01228671.tar.gz
HTAR: a   instcat_y05_191109/01228672.tar.gz
HTAR: a   instcat_y05_191109/01228673.tar.gz
HTAR: a   instcat_y05_191109/01228674.tar.gz
HTAR: a   instcat_y05_191109/01228675.tar.gz
HTAR: a   instcat_y05_191109/01228676.tar.gz
HTAR: a   instcat_y05_191109/01228677.tar.gz
HTAR: a   instcat_y05_191109/01228678.tar.gz
HTAR: a   instcat_y05_191109/01228679.tar.gz
HTAR: a   instcat_y05_191109/01228680.tar.gz
HTAR: a   instcat_y05_191109/01228681.tar.gz
HTAR: a   instcat_y05_191109/01228682.tar.gz
HTAR: a   instcat_y05_191109/01228683.tar.gz
HTAR: a   instcat_y05_191109/01228684.tar.gz
HTAR: a   instcat_y05_191109/01228685.tar.gz
HTAR: a   instcat_y05_191109/01228686.tar.gz
HTAR: a   instcat_y05_191109/01228687.tar.gz
HTAR: a   instcat_y05_191109/01228688.tar.gz
HTAR: a   instcat_y05_191109/01228689.tar.gz
HTAR: a   instcat_y05_191109/01228690.tar.gz
HTAR: a   instcat_y05_191109/01228691.tar.gz
HTAR: a   instcat_y05_191109/01228692.tar.gz
HTAR: a   instcat_y05_191109/01228693.tar.gz
HTAR: a   instcat_y05_191109/01228694.tar.gz
HTAR: a   instcat_y05_191109/01228695.tar.gz
HTAR: a   instcat_y05_191109/01228696.tar.gz
HTAR: a   instcat_y05_191109/01228697.tar.gz
HTAR: a   instcat_y05_191109/01228698.tar.gz
HTAR: a   instcat_y05_191109/01228699.tar.gz
HTAR: a   instcat_y05_191109/01228700.tar.gz
HTAR: a   instcat_y05_191109/01228701.tar.gz
HTAR: a   instcat_y05_191109/01228702.tar.gz
HTAR: a   instcat_y05_191109/01228703.tar.gz
HTAR: a   instcat_y05_191109/01228704.tar.gz
HTAR: a   instcat_y05_191109/01228705.tar.gz
HTAR: a   instcat_y05_191109/01228706.tar.gz
HTAR: a   instcat_y05_191109/01228707.tar.gz
HTAR: a   instcat_y05_191109/01228708.tar.gz
HTAR: a   instcat_y05_191109/01228709.tar.gz
HTAR: a   instcat_y05_191109/01228710.tar.gz
HTAR: a   instcat_y05_191109/01228711.tar.gz
HTAR: a   instcat_y05_191109/01228712.tar.gz
HTAR: a   instcat_y05_191109/01228713.tar.gz
HTAR: a   instcat_y05_191109/01228714.tar.gz
HTAR: a   instcat_y05_191109/01228715.tar.gz
HTAR: a   instcat_y05_191109/01228716.tar.gz
HTAR: a   instcat_y05_191109/01228717.tar.gz
HTAR: a   instcat_y05_191109/01228718.tar.gz
HTAR: a   instcat_y05_191109/01228719.tar.gz
HTAR: a   instcat_y05_191109/01228726.tar.gz
HTAR: a   instcat_y05_191109/01228727.tar.gz
HTAR: a   instcat_y05_191109/01228728.tar.gz
HTAR: a   instcat_y05_191109/01228730.tar.gz
HTAR: a   instcat_y05_191109/01228750.tar.gz
HTAR: a   instcat_y05_191109/01228751.tar.gz
HTAR: a   instcat_y05_191109/01228752.tar.gz
HTAR: a   instcat_y05_191109/01228753.tar.gz
HTAR: a   instcat_y05_191109/01228754.tar.gz
HTAR: a   instcat_y05_191109/01228758.tar.gz
HTAR: a   instcat_y05_191109/01228759.tar.gz
HTAR: a   instcat_y05_191109/01228761.tar.gz
HTAR: a   instcat_y05_191109/01228766.tar.gz
HTAR: a   instcat_y05_191109/01228784.tar.gz
HTAR: a   instcat_y05_191109/01228799.tar.gz
HTAR: a   instcat_y05_191109/01228800.tar.gz
HTAR: a   instcat_y05_191109/01228848.tar.gz
HTAR: a   instcat_y05_191109/01228934.tar.gz
HTAR: a   instcat_y05_191109/01228935.tar.gz
HTAR: a   instcat_y05_191109/01228976.tar.gz
HTAR: a   instcat_y05_191109/01229638.tar.gz
HTAR: a   instcat_y05_191109/01229639.tar.gz
HTAR: a   instcat_y05_191109/01229640.tar.gz
HTAR: a   instcat_y05_191109/01229641.tar.gz
HTAR: a   instcat_y05_191109/01229642.tar.gz
HTAR: a   instcat_y05_191109/01229643.tar.gz
HTAR: a   instcat_y05_191109/01229644.tar.gz
HTAR: a   instcat_y05_191109/01229645.tar.gz
HTAR: a   instcat_y05_191109/01229646.tar.gz
HTAR: a   instcat_y05_191109/01229647.tar.gz
HTAR: a   instcat_y05_191109/01229648.tar.gz
HTAR: a   instcat_y05_191109/01229650.tar.gz
HTAR: a   instcat_y05_191109/01229651.tar.gz
HTAR: a   instcat_y05_191109/01229682.tar.gz
HTAR: a   instcat_y05_191109/01229683.tar.gz
HTAR: a   instcat_y05_191109/01229684.tar.gz
HTAR: a   instcat_y05_191109/01229685.tar.gz
HTAR: a   instcat_y05_191109/01229686.tar.gz
HTAR: a   instcat_y05_191109/01229687.tar.gz
HTAR: a   instcat_y05_191109/job_log_01228639.txt
HTAR: a   instcat_y05_191109/job_log_01228640.txt
HTAR: a   instcat_y05_191109/job_log_01228641.txt
HTAR: a   instcat_y05_191109/job_log_01228642.txt
HTAR: a   instcat_y05_191109/job_log_01228643.txt
HTAR: a   instcat_y05_191109/job_log_01228644.txt
HTAR: a   instcat_y05_191109/job_log_01228645.txt
HTAR: a   instcat_y05_191109/job_log_01228646.txt
HTAR: a   instcat_y05_191109/job_log_01228647.txt
HTAR: a   instcat_y05_191109/job_log_01228648.txt
HTAR: a   instcat_y05_191109/job_log_01228649.txt
HTAR: a   instcat_y05_191109/job_log_01228650.txt
HTAR: a   instcat_y05_191109/job_log_01228651.txt
HTAR: a   instcat_y05_191109/job_log_01228652.txt
HTAR: a   instcat_y05_191109/job_log_01228653.txt
HTAR: a   instcat_y05_191109/job_log_01228654.txt
HTAR: a   instcat_y05_191109/job_log_01228655.txt
HTAR: a   instcat_y05_191109/job_log_01228656.txt
HTAR: a   instcat_y05_191109/job_log_01228657.txt
HTAR: a   instcat_y05_191109/job_log_01228658.txt
HTAR: a   instcat_y05_191109/job_log_01228659.txt
HTAR: a   instcat_y05_191109/job_log_01228660.txt
HTAR: a   instcat_y05_191109/job_log_01228661.txt
HTAR: a   instcat_y05_191109/job_log_01228662.txt
HTAR: a   instcat_y05_191109/job_log_01228663.txt
HTAR: a   instcat_y05_191109/job_log_01228664.txt
HTAR: a   instcat_y05_191109/job_log_01228665.txt
HTAR: a   instcat_y05_191109/job_log_01228666.txt
HTAR: a   instcat_y05_191109/job_log_01228667.txt
HTAR: a   instcat_y05_191109/job_log_01228668.txt
HTAR: a   instcat_y05_191109/job_log_01228669.txt
HTAR: a   instcat_y05_191109/job_log_01228670.txt
HTAR: a   instcat_y05_191109/job_log_01228671.txt
HTAR: a   instcat_y05_191109/job_log_01228672.txt
HTAR: a   instcat_y05_191109/job_log_01228673.txt
HTAR: a   instcat_y05_191109/job_log_01228674.txt
HTAR: a   instcat_y05_191109/job_log_01228675.txt
HTAR: a   instcat_y05_191109/job_log_01228676.txt
HTAR: a   instcat_y05_191109/job_log_01228677.txt
HTAR: a   instcat_y05_191109/job_log_01228678.txt
HTAR: a   instcat_y05_191109/job_log_01228679.txt
HTAR: a   instcat_y05_191109/job_log_01228680.txt
HTAR: a   instcat_y05_191109/job_log_01228681.txt
HTAR: a   instcat_y05_191109/job_log_01228682.txt
HTAR: a   instcat_y05_191109/job_log_01228683.txt
HTAR: a   instcat_y05_191109/job_log_01228684.txt
HTAR: a   instcat_y05_191109/job_log_01228685.txt
HTAR: a   instcat_y05_191109/job_log_01228686.txt
HTAR: a   instcat_y05_191109/job_log_01228687.txt
HTAR: a   instcat_y05_191109/job_log_01228688.txt
HTAR: a   instcat_y05_191109/job_log_01228689.txt
HTAR: a   instcat_y05_191109/job_log_01228690.txt
HTAR: a   instcat_y05_191109/job_log_01228691.txt
HTAR: a   instcat_y05_191109/job_log_01228692.txt
HTAR: a   instcat_y05_191109/job_log_01228693.txt
HTAR: a   instcat_y05_191109/job_log_01228694.txt
HTAR: a   instcat_y05_191109/job_log_01228695.txt
HTAR: a   instcat_y05_191109/job_log_01228696.txt
HTAR: a   instcat_y05_191109/job_log_01228697.txt
HTAR: a   instcat_y05_191109/job_log_01228698.txt
HTAR: a   instcat_y05_191109/job_log_01228699.txt
HTAR: a   instcat_y05_191109/job_log_01228700.txt
HTAR: a   instcat_y05_191109/job_log_01228701.txt
HTAR: a   instcat_y05_191109/job_log_01228702.txt
HTAR: a   instcat_y05_191109/job_log_01228703.txt
HTAR: a   instcat_y05_191109/job_log_01228704.txt
HTAR: a   instcat_y05_191109/job_log_01228705.txt
HTAR: a   instcat_y05_191109/job_log_01228706.txt
HTAR: a   instcat_y05_191109/job_log_01228707.txt
HTAR: a   instcat_y05_191109/job_log_01228708.txt
HTAR: a   instcat_y05_191109/job_log_01228709.txt
HTAR: a   instcat_y05_191109/job_log_01228710.txt
HTAR: a   instcat_y05_191109/job_log_01228711.txt
HTAR: a   instcat_y05_191109/job_log_01228712.txt
HTAR: a   instcat_y05_191109/job_log_01228713.txt
HTAR: a   instcat_y05_191109/job_log_01228714.txt
HTAR: a   instcat_y05_191109/job_log_01228715.txt
HTAR: a   instcat_y05_191109/job_log_01228716.txt
HTAR: a   instcat_y05_191109/job_log_01228717.txt
HTAR: a   instcat_y05_191109/job_log_01228718.txt
HTAR: a   instcat_y05_191109/job_log_01228719.txt
HTAR: a   instcat_y05_191109/job_log_01228726.txt
HTAR: a   instcat_y05_191109/job_log_01228727.txt
HTAR: a   instcat_y05_191109/job_log_01228728.txt
HTAR: a   instcat_y05_191109/job_log_01228730.txt
HTAR: a   instcat_y05_191109/job_log_01228750.txt
HTAR: a   instcat_y05_191109/job_log_01228751.txt
HTAR: a   instcat_y05_191109/job_log_01228752.txt
HTAR: a   instcat_y05_191109/job_log_01228753.txt
HTAR: a   instcat_y05_191109/job_log_01228754.txt
HTAR: a   instcat_y05_191109/job_log_01228758.txt
HTAR: a   instcat_y05_191109/job_log_01228759.txt
HTAR: a   instcat_y05_191109/job_log_01228761.txt
HTAR: a   instcat_y05_191109/job_log_01228766.txt
HTAR: a   instcat_y05_191109/job_log_01228784.txt
HTAR: a   instcat_y05_191109/job_log_01228799.txt
HTAR: a   instcat_y05_191109/job_log_01228800.txt
HTAR: a   instcat_y05_191109/job_log_01228848.txt
HTAR: a   instcat_y05_191109/job_log_01228934.txt
HTAR: a   instcat_y05_191109/job_log_01228935.txt
HTAR: a   instcat_y05_191109/job_log_01228976.txt
HTAR: a   instcat_y05_191109/job_log_01229638.txt
HTAR: a   instcat_y05_191109/job_log_01229639.txt
HTAR: a   instcat_y05_191109/job_log_01229640.txt
HTAR: a   instcat_y05_191109/job_log_01229641.txt
HTAR: a   instcat_y05_191109/job_log_01229642.txt
HTAR: a   instcat_y05_191109/job_log_01229643.txt
HTAR: a   instcat_y05_191109/job_log_01229644.txt
HTAR: a   instcat_y05_191109/job_log_01229645.txt
HTAR: a   instcat_y05_191109/job_log_01229646.txt
HTAR: a   instcat_y05_191109/job_log_01229647.txt
HTAR: a   instcat_y05_191109/job_log_01229648.txt
HTAR: a   instcat_y05_191109/job_log_01229650.txt
HTAR: a   instcat_y05_191109/job_log_01229651.txt
HTAR: a   instcat_y05_191109/job_log_01229682.txt
HTAR: a   instcat_y05_191109/job_log_01229683.txt
HTAR: a   instcat_y05_191109/job_log_01229684.txt
HTAR: a   instcat_y05_191109/job_log_01229685.txt
HTAR: a   instcat_y05_191109/job_log_01229686.txt
HTAR: a   instcat_y05_191109/job_log_01229687.txt
HTAR: a   /tmp/HTAR_CF_CHK_50579_1580749072
HTAR Create complete for /home/projects/desc/DC2_ImSim/Run2.2i/instCat/y05_191109/01228639to01229687.tar. 563,211,046,912 bytes written for 240 member files, max threads: 50 Transfer time: 3871.313 seconds (145.483 MB/s) wallclock/user/sys: 3872.858 4629.977 1656.099 seconds
HTAR: HTAR SUCCESSFUL
HTAR: a   instcat_y05_191109/01229688.tar.gz
HTAR: a   instcat_y05_191109/01229689.tar.gz
HTAR: a   instcat_y05_191109/01229690.tar.gz
HTAR: a   instcat_y05_191109/01229691.tar.gz
HTAR: a   instcat_y05_191109/01229692.tar.gz
HTAR: a   instcat_y05_191109/01229693.tar.gz
HTAR: a   instcat_y05_191109/01229694.tar.gz
HTAR: a   instcat_y05_191109/01229695.tar.gz
HTAR: a   instcat_y05_191109/01230339.tar.gz
HTAR: a   instcat_y05_191109/01230340.tar.gz
HTAR: a   instcat_y05_191109/01230341.tar.gz
HTAR: a   instcat_y05_191109/01230342.tar.gz
HTAR: a   instcat_y05_191109/01230343.tar.gz
HTAR: a   instcat_y05_191109/01230344.tar.gz
HTAR: a   instcat_y05_191109/01230345.tar.gz
HTAR: a   instcat_y05_191109/01230346.tar.gz
HTAR: a   instcat_y05_191109/01230347.tar.gz
HTAR: a   instcat_y05_191109/01230348.tar.gz
HTAR: a   instcat_y05_191109/01230349.tar.gz
HTAR: a   instcat_y05_191109/01230350.tar.gz
HTAR: a   instcat_y05_191109/01230351.tar.gz
HTAR: a   instcat_y05_191109/01230352.tar.gz
HTAR: a   instcat_y05_191109/01230353.tar.gz
HTAR: a   instcat_y05_191109/01230354.tar.gz
HTAR: a   instcat_y05_191109/01230355.tar.gz
HTAR: a   instcat_y05_191109/01230356.tar.gz
HTAR: a   instcat_y05_191109/01230357.tar.gz
HTAR: a   instcat_y05_191109/01230358.tar.gz
HTAR: a   instcat_y05_191109/01230359.tar.gz
HTAR: a   instcat_y05_191109/01230360.tar.gz
HTAR: a   instcat_y05_191109/01230361.tar.gz
HTAR: a   instcat_y05_191109/01230362.tar.gz
HTAR: a   instcat_y05_191109/01230363.tar.gz
HTAR: a   instcat_y05_191109/01230364.tar.gz
HTAR: a   instcat_y05_191109/01230365.tar.gz
HTAR: a   instcat_y05_191109/01230366.tar.gz
HTAR: a   instcat_y05_191109/01230367.tar.gz
HTAR: a   instcat_y05_191109/01230368.tar.gz
HTAR: a   instcat_y05_191109/01230369.tar.gz
HTAR: a   instcat_y05_191109/01230370.tar.gz
HTAR: a   instcat_y05_191109/01230371.tar.gz
HTAR: a   instcat_y05_191109/01230372.tar.gz
HTAR: a   instcat_y05_191109/01230373.tar.gz
HTAR: a   instcat_y05_191109/01230374.tar.gz
HTAR: a   instcat_y05_191109/01230375.tar.gz
HTAR: a   instcat_y05_191109/01230376.tar.gz
HTAR: a   instcat_y05_191109/01230377.tar.gz
HTAR: a   instcat_y05_191109/01230378.tar.gz
HTAR: a   instcat_y05_191109/01230379.tar.gz
HTAR: a   instcat_y05_191109/01230380.tar.gz
HTAR: a   instcat_y05_191109/01230381.tar.gz
HTAR: a   instcat_y05_191109/01230382.tar.gz
HTAR: a   instcat_y05_191109/01230383.tar.gz
HTAR: a   instcat_y05_191109/01230384.tar.gz
HTAR: a   instcat_y05_191109/01230385.tar.gz
HTAR: a   instcat_y05_191109/01230386.tar.gz
HTAR: a   instcat_y05_191109/01230387.tar.gz
HTAR: a   instcat_y05_191109/01230388.tar.gz
HTAR: a   instcat_y05_191109/01230389.tar.gz
HTAR: a   instcat_y05_191109/01230390.tar.gz
HTAR: a   instcat_y05_191109/01230391.tar.gz
HTAR: a   instcat_y05_191109/01230392.tar.gz
HTAR: a   instcat_y05_191109/01230393.tar.gz
HTAR: a   instcat_y05_191109/01230394.tar.gz
HTAR: a   instcat_y05_191109/01230395.tar.gz
HTAR: a   instcat_y05_191109/01230396.tar.gz
HTAR: a   instcat_y05_191109/01230397.tar.gz
HTAR: a   instcat_y05_191109/01230398.tar.gz
HTAR: a   instcat_y05_191109/01230399.tar.gz
HTAR: a   instcat_y05_191109/01230400.tar.gz
HTAR: a   instcat_y05_191109/01230401.tar.gz
HTAR: a   instcat_y05_191109/01230402.tar.gz
HTAR: a   instcat_y05_191109/01230403.tar.gz
HTAR: a   instcat_y05_191109/01230404.tar.gz
HTAR: a   instcat_y05_191109/01230405.tar.gz
HTAR: a   instcat_y05_191109/01230406.tar.gz
HTAR: a   instcat_y05_191109/01230407.tar.gz
HTAR: a   instcat_y05_191109/01230408.tar.gz
HTAR: a   instcat_y05_191109/01230409.tar.gz
HTAR: a   instcat_y05_191109/01230410.tar.gz
HTAR: a   instcat_y05_191109/01230411.tar.gz
HTAR: a   instcat_y05_191109/01230412.tar.gz
HTAR: a   instcat_y05_191109/01230413.tar.gz
HTAR: a   instcat_y05_191109/01230414.tar.gz
HTAR: a   instcat_y05_191109/01230415.tar.gz
HTAR: a   instcat_y05_191109/01230416.tar.gz
HTAR: a   instcat_y05_191109/01230417.tar.gz
HTAR: a   instcat_y05_191109/01230418.tar.gz
HTAR: a   instcat_y05_191109/01230419.tar.gz
HTAR: a   instcat_y05_191109/01230420.tar.gz
HTAR: a   instcat_y05_191109/01230421.tar.gz
HTAR: a   instcat_y05_191109/01230422.tar.gz
HTAR: a   instcat_y05_191109/01230423.tar.gz
HTAR: a   instcat_y05_191109/01230424.tar.gz
HTAR: a   instcat_y05_191109/01230425.tar.gz
HTAR: a   instcat_y05_191109/01230426.tar.gz
HTAR: a   instcat_y05_191109/01230427.tar.gz
HTAR: a   instcat_y05_191109/01230428.tar.gz
HTAR: a   instcat_y05_191109/01230429.tar.gz
HTAR: a   instcat_y05_191109/01230430.tar.gz
HTAR: a   instcat_y05_191109/01230431.tar.gz
HTAR: a   instcat_y05_191109/01230432.tar.gz
HTAR: a   instcat_y05_191109/01230433.tar.gz
HTAR: a   instcat_y05_191109/01230434.tar.gz
HTAR: a   instcat_y05_191109/01230544.tar.gz
HTAR: a   instcat_y05_191109/01230545.tar.gz
HTAR: a   instcat_y05_191109/01230546.tar.gz
HTAR: a   instcat_y05_191109/01230547.tar.gz
HTAR: a   instcat_y05_191109/01230548.tar.gz
HTAR: a   instcat_y05_191109/01230549.tar.gz
HTAR: a   instcat_y05_191109/01230557.tar.gz
HTAR: a   instcat_y05_191109/01230559.tar.gz
HTAR: a   instcat_y05_191109/01230576.tar.gz
HTAR: a   instcat_y05_191109/01230577.tar.gz
HTAR: a   instcat_y05_191109/01230578.tar.gz
HTAR: a   instcat_y05_191109/01230579.tar.gz
HTAR: a   instcat_y05_191109/01230588.tar.gz
HTAR: a   instcat_y05_191109/01230589.tar.gz
HTAR: a   instcat_y05_191109/01230591.tar.gz
HTAR: a   instcat_y05_191109/01230592.tar.gz
HTAR: a   instcat_y05_191109/job_log_01229688.txt
HTAR: a   instcat_y05_191109/job_log_01229689.txt
HTAR: a   instcat_y05_191109/job_log_01229690.txt
HTAR: a   instcat_y05_191109/job_log_01229691.txt
HTAR: a   instcat_y05_191109/job_log_01229692.txt
HTAR: a   instcat_y05_191109/job_log_01229693.txt
HTAR: a   instcat_y05_191109/job_log_01229694.txt
HTAR: a   instcat_y05_191109/job_log_01229695.txt
HTAR: a   instcat_y05_191109/job_log_01230339.txt
HTAR: a   instcat_y05_191109/job_log_01230340.txt
HTAR: a   instcat_y05_191109/job_log_01230341.txt
HTAR: a   instcat_y05_191109/job_log_01230342.txt
HTAR: a   instcat_y05_191109/job_log_01230343.txt
HTAR: a   instcat_y05_191109/job_log_01230344.txt
HTAR: a   instcat_y05_191109/job_log_01230345.txt
HTAR: a   instcat_y05_191109/job_log_01230346.txt
HTAR: a   instcat_y05_191109/job_log_01230347.txt
HTAR: a   instcat_y05_191109/job_log_01230348.txt
HTAR: a   instcat_y05_191109/job_log_01230349.txt
HTAR: a   instcat_y05_191109/job_log_01230350.txt
HTAR: a   instcat_y05_191109/job_log_01230351.txt
HTAR: a   instcat_y05_191109/job_log_01230352.txt
HTAR: a   instcat_y05_191109/job_log_01230353.txt
HTAR: a   instcat_y05_191109/job_log_01230354.txt
HTAR: a   instcat_y05_191109/job_log_01230355.txt
HTAR: a   instcat_y05_191109/job_log_01230356.txt
HTAR: a   instcat_y05_191109/job_log_01230357.txt
HTAR: a   instcat_y05_191109/job_log_01230358.txt
HTAR: a   instcat_y05_191109/job_log_01230359.txt
HTAR: a   instcat_y05_191109/job_log_01230360.txt
HTAR: a   instcat_y05_191109/job_log_01230361.txt
HTAR: a   instcat_y05_191109/job_log_01230362.txt
HTAR: a   instcat_y05_191109/job_log_01230363.txt
HTAR: a   instcat_y05_191109/job_log_01230364.txt
HTAR: a   instcat_y05_191109/job_log_01230365.txt
HTAR: a   instcat_y05_191109/job_log_01230366.txt
HTAR: a   instcat_y05_191109/job_log_01230367.txt
HTAR: a   instcat_y05_191109/job_log_01230368.txt
HTAR: a   instcat_y05_191109/job_log_01230369.txt
HTAR: a   instcat_y05_191109/job_log_01230370.txt
HTAR: a   instcat_y05_191109/job_log_01230371.txt
HTAR: a   instcat_y05_191109/job_log_01230372.txt
HTAR: a   instcat_y05_191109/job_log_01230373.txt
HTAR: a   instcat_y05_191109/job_log_01230374.txt
HTAR: a   instcat_y05_191109/job_log_01230375.txt
HTAR: a   instcat_y05_191109/job_log_01230376.txt
HTAR: a   instcat_y05_191109/job_log_01230377.txt
HTAR: a   instcat_y05_191109/job_log_01230378.txt
HTAR: a   instcat_y05_191109/job_log_01230379.txt
HTAR: a   instcat_y05_191109/job_log_01230380.txt
HTAR: a   instcat_y05_191109/job_log_01230381.txt
HTAR: a   instcat_y05_191109/job_log_01230382.txt
HTAR: a   instcat_y05_191109/job_log_01230383.txt
HTAR: a   instcat_y05_191109/job_log_01230384.txt
HTAR: a   instcat_y05_191109/job_log_01230385.txt
HTAR: a   instcat_y05_191109/job_log_01230386.txt
HTAR: a   instcat_y05_191109/job_log_01230387.txt
HTAR: a   instcat_y05_191109/job_log_01230388.txt
HTAR: a   instcat_y05_191109/job_log_01230389.txt
HTAR: a   instcat_y05_191109/job_log_01230390.txt
HTAR: a   instcat_y05_191109/job_log_01230391.txt
HTAR: a   instcat_y05_191109/job_log_01230392.txt
HTAR: a   instcat_y05_191109/job_log_01230393.txt
HTAR: a   instcat_y05_191109/job_log_01230394.txt
HTAR: a   instcat_y05_191109/job_log_01230395.txt
HTAR: a   instcat_y05_191109/job_log_01230396.txt
HTAR: a   instcat_y05_191109/job_log_01230397.txt
HTAR: a   instcat_y05_191109/job_log_01230398.txt
HTAR: a   instcat_y05_191109/job_log_01230399.txt
HTAR: a   instcat_y05_191109/job_log_01230400.txt
HTAR: a   instcat_y05_191109/job_log_01230401.txt
HTAR: a   instcat_y05_191109/job_log_01230402.txt
HTAR: a   instcat_y05_191109/job_log_01230403.txt
HTAR: a   instcat_y05_191109/job_log_01230404.txt
HTAR: a   instcat_y05_191109/job_log_01230405.txt
HTAR: a   instcat_y05_191109/job_log_01230406.txt
HTAR: a   instcat_y05_191109/job_log_01230407.txt
HTAR: a   instcat_y05_191109/job_log_01230408.txt
HTAR: a   instcat_y05_191109/job_log_01230409.txt
HTAR: a   instcat_y05_191109/job_log_01230410.txt
HTAR: a   instcat_y05_191109/job_log_01230411.txt
HTAR: a   instcat_y05_191109/job_log_01230412.txt
HTAR: a   instcat_y05_191109/job_log_01230413.txt
HTAR: a   instcat_y05_191109/job_log_01230414.txt
HTAR: a   instcat_y05_191109/job_log_01230415.txt
HTAR: a   instcat_y05_191109/job_log_01230416.txt
HTAR: a   instcat_y05_191109/job_log_01230417.txt
HTAR: a   instcat_y05_191109/job_log_01230418.txt
HTAR: a   instcat_y05_191109/job_log_01230419.txt
HTAR: a   instcat_y05_191109/job_log_01230420.txt
HTAR: a   instcat_y05_191109/job_log_01230421.txt
HTAR: a   instcat_y05_191109/job_log_01230422.txt
HTAR: a   instcat_y05_191109/job_log_01230423.txt
HTAR: a   instcat_y05_191109/job_log_01230424.txt
HTAR: a   instcat_y05_191109/job_log_01230425.txt
HTAR: a   instcat_y05_191109/job_log_01230426.txt
HTAR: a   instcat_y05_191109/job_log_01230427.txt
HTAR: a   instcat_y05_191109/job_log_01230428.txt
HTAR: a   instcat_y05_191109/job_log_01230429.txt
HTAR: a   instcat_y05_191109/job_log_01230430.txt
HTAR: a   instcat_y05_191109/job_log_01230431.txt
HTAR: a   instcat_y05_191109/job_log_01230432.txt
HTAR: a   instcat_y05_191109/job_log_01230433.txt
HTAR: a   instcat_y05_191109/job_log_01230434.txt
HTAR: a   instcat_y05_191109/job_log_01230544.txt
HTAR: a   instcat_y05_191109/job_log_01230545.txt
HTAR: a   instcat_y05_191109/job_log_01230546.txt
HTAR: a   instcat_y05_191109/job_log_01230547.txt
HTAR: a   instcat_y05_191109/job_log_01230548.txt
HTAR: a   instcat_y05_191109/job_log_01230549.txt
HTAR: a   instcat_y05_191109/job_log_01230557.txt
HTAR: a   instcat_y05_191109/job_log_01230559.txt
HTAR: a   instcat_y05_191109/job_log_01230576.txt
HTAR: a   instcat_y05_191109/job_log_01230577.txt
HTAR: a   instcat_y05_191109/job_log_01230578.txt
HTAR: a   instcat_y05_191109/job_log_01230579.txt
HTAR: a   instcat_y05_191109/job_log_01230588.txt
HTAR: a   instcat_y05_191109/job_log_01230589.txt
HTAR: a   instcat_y05_191109/job_log_01230591.txt
HTAR: a   instcat_y05_191109/job_log_01230592.txt
HTAR: a   /tmp/HTAR_CF_CHK_9452_1580752947
HTAR Create complete for /home/projects/desc/DC2_ImSim/Run2.2i/instCat/y05_191109/01229688to01230592.tar. 567,402,092,544 bytes written for 240 member files, max threads: 50 Transfer time: 3944.769 seconds (143.837 MB/s) wallclock/user/sys: 3945.131 4780.143 1647.811 seconds
HTAR: HTAR SUCCESSFUL
HTAR: a   instcat_y05_191109/01230593.tar.gz
HTAR: a   instcat_y05_191109/01230594.tar.gz
HTAR: a   instcat_y05_191109/01230595.tar.gz
HTAR: a   instcat_y05_191109/01230596.tar.gz
HTAR: a   instcat_y05_191109/01230597.tar.gz
HTAR: a   instcat_y05_191109/01230600.tar.gz
HTAR: a   instcat_y05_191109/01230601.tar.gz
HTAR: a   instcat_y05_191109/01230602.tar.gz
HTAR: a   instcat_y05_191109/01230603.tar.gz
HTAR: a   instcat_y05_191109/01230605.tar.gz
HTAR: a   instcat_y05_191109/01230606.tar.gz
HTAR: a   instcat_y05_191109/01230625.tar.gz
HTAR: a   instcat_y05_191109/01230626.tar.gz
HTAR: a   instcat_y05_191109/01230627.tar.gz
HTAR: a   instcat_y05_191109/01230628.tar.gz
HTAR: a   instcat_y05_191109/01230629.tar.gz
HTAR: a   instcat_y05_191109/01230630.tar.gz
HTAR: a   instcat_y05_191109/01230631.tar.gz
HTAR: a   instcat_y05_191109/01230632.tar.gz
HTAR: a   instcat_y05_191109/01230633.tar.gz
HTAR: a   instcat_y05_191109/01230634.tar.gz
HTAR: a   instcat_y05_191109/01230635.tar.gz
HTAR: a   instcat_y05_191109/01230637.tar.gz
HTAR: a   instcat_y05_191109/01230638.tar.gz
HTAR: a   instcat_y05_191109/01231193.tar.gz
HTAR: a   instcat_y05_191109/01231197.tar.gz
HTAR: a   instcat_y05_191109/01231198.tar.gz
HTAR: a   instcat_y05_191109/01231201.tar.gz
HTAR: a   instcat_y05_191109/01231223.tar.gz
HTAR: a   instcat_y05_191109/01231240.tar.gz
HTAR: a   instcat_y05_191109/01231241.tar.gz
HTAR: a   instcat_y05_191109/01231242.tar.gz
HTAR: a   instcat_y05_191109/01231245.tar.gz
HTAR: a   instcat_y05_191109/01231262.tar.gz
HTAR: a   instcat_y05_191109/01231296.tar.gz
HTAR: a   instcat_y05_191109/01231297.tar.gz
HTAR: a   instcat_y05_191109/01231329.tar.gz
HTAR: a   instcat_y05_191109/01231330.tar.gz
HTAR: a   instcat_y05_191109/01231899.tar.gz
HTAR: a   instcat_y05_191109/01231900.tar.gz
HTAR: a   instcat_y05_191109/01231901.tar.gz
HTAR: a   instcat_y05_191109/01231902.tar.gz
HTAR: a   instcat_y05_191109/01231903.tar.gz
HTAR: a   instcat_y05_191109/01231904.tar.gz
HTAR: a   instcat_y05_191109/01231905.tar.gz
HTAR: a   instcat_y05_191109/01231906.tar.gz
HTAR: a   instcat_y05_191109/01231913.tar.gz
HTAR: a   instcat_y05_191109/01231914.tar.gz
HTAR: a   instcat_y05_191109/01231915.tar.gz
HTAR: a   instcat_y05_191109/01231916.tar.gz
HTAR: a   instcat_y05_191109/01231917.tar.gz
HTAR: a   instcat_y05_191109/01231918.tar.gz
HTAR: a   instcat_y05_191109/01231936.tar.gz
HTAR: a   instcat_y05_191109/01231937.tar.gz
HTAR: a   instcat_y05_191109/01231938.tar.gz
HTAR: a   instcat_y05_191109/01231939.tar.gz
HTAR: a   instcat_y05_191109/01231940.tar.gz
HTAR: a   instcat_y05_191109/01231941.tar.gz
HTAR: a   instcat_y05_191109/01231943.tar.gz
HTAR: a   instcat_y05_191109/01231944.tar.gz
HTAR: a   instcat_y05_191109/01231945.tar.gz
HTAR: a   instcat_y05_191109/01231946.tar.gz
HTAR: a   instcat_y05_191109/01231955.tar.gz
HTAR: a   instcat_y05_191109/01231956.tar.gz
HTAR: a   instcat_y05_191109/01231957.tar.gz
HTAR: a   instcat_y05_191109/01231958.tar.gz
HTAR: a   instcat_y05_191109/01231962.tar.gz
HTAR: a   instcat_y05_191109/01231963.tar.gz
HTAR: a   instcat_y05_191109/01231964.tar.gz
HTAR: a   instcat_y05_191109/01231965.tar.gz
HTAR: a   instcat_y05_191109/01231966.tar.gz
HTAR: a   instcat_y05_191109/01231985.tar.gz
HTAR: a   instcat_y05_191109/01231986.tar.gz
HTAR: a   instcat_y05_191109/01231987.tar.gz
HTAR: a   instcat_y05_191109/01231988.tar.gz
HTAR: a   instcat_y05_191109/01231989.tar.gz
HTAR: a   instcat_y05_191109/01231990.tar.gz
HTAR: a   instcat_y05_191109/01231993.tar.gz
HTAR: a   instcat_y05_191109/01231994.tar.gz
HTAR: a   instcat_y05_191109/01231995.tar.gz
HTAR: a   instcat_y05_191109/01231996.tar.gz
HTAR: a   instcat_y05_191109/01231997.tar.gz
HTAR: a   instcat_y05_191109/01232008.tar.gz
HTAR: a   instcat_y05_191109/01232009.tar.gz
HTAR: a   instcat_y05_191109/01232010.tar.gz
HTAR: a   instcat_y05_191109/01232011.tar.gz
HTAR: a   instcat_y05_191109/01232013.tar.gz
HTAR: a   instcat_y05_191109/01232016.tar.gz
HTAR: a   instcat_y05_191109/01232017.tar.gz
HTAR: a   instcat_y05_191109/01232018.tar.gz
HTAR: a   instcat_y05_191109/01232019.tar.gz
HTAR: a   instcat_y05_191109/01232038.tar.gz
HTAR: a   instcat_y05_191109/01232039.tar.gz
HTAR: a   instcat_y05_191109/01232040.tar.gz
HTAR: a   instcat_y05_191109/01232041.tar.gz
HTAR: a   instcat_y05_191109/01232042.tar.gz
HTAR: a   instcat_y05_191109/01233013.tar.gz
HTAR: a   instcat_y05_191109/01233015.tar.gz
HTAR: a   instcat_y05_191109/01233051.tar.gz
HTAR: a   instcat_y05_191109/01233052.tar.gz
HTAR: a   instcat_y05_191109/01233053.tar.gz
HTAR: a   instcat_y05_191109/01233146.tar.gz
HTAR: a   instcat_y05_191109/01233915.tar.gz
HTAR: a   instcat_y05_191109/01233916.tar.gz
HTAR: a   instcat_y05_191109/01233917.tar.gz
HTAR: a   instcat_y05_191109/01233918.tar.gz
HTAR: a   instcat_y05_191109/01233919.tar.gz
HTAR: a   instcat_y05_191109/01233920.tar.gz
HTAR: a   instcat_y05_191109/01233921.tar.gz
HTAR: a   instcat_y05_191109/01233922.tar.gz
HTAR: a   instcat_y05_191109/01233923.tar.gz
HTAR: a   instcat_y05_191109/01233924.tar.gz
HTAR: a   instcat_y05_191109/01233925.tar.gz
HTAR: a   instcat_y05_191109/01233926.tar.gz
HTAR: a   instcat_y05_191109/01233950.tar.gz
HTAR: a   instcat_y05_191109/01233951.tar.gz
HTAR: a   instcat_y05_191109/01233952.tar.gz
HTAR: a   instcat_y05_191109/01233953.tar.gz
HTAR: a   instcat_y05_191109/01233954.tar.gz
HTAR: a   instcat_y05_191109/01233955.tar.gz
HTAR: a   instcat_y05_191109/job_log_01230593.txt
HTAR: a   instcat_y05_191109/job_log_01230594.txt
HTAR: a   instcat_y05_191109/job_log_01230595.txt
HTAR: a   instcat_y05_191109/job_log_01230596.txt
HTAR: a   instcat_y05_191109/job_log_01230597.txt
HTAR: a   instcat_y05_191109/job_log_01230600.txt
HTAR: a   instcat_y05_191109/job_log_01230601.txt
HTAR: a   instcat_y05_191109/job_log_01230602.txt
HTAR: a   instcat_y05_191109/job_log_01230603.txt
HTAR: a   instcat_y05_191109/job_log_01230605.txt
HTAR: a   instcat_y05_191109/job_log_01230606.txt
HTAR: a   instcat_y05_191109/job_log_01230625.txt
HTAR: a   instcat_y05_191109/job_log_01230626.txt
HTAR: a   instcat_y05_191109/job_log_01230627.txt
HTAR: a   instcat_y05_191109/job_log_01230628.txt
HTAR: a   instcat_y05_191109/job_log_01230629.txt
HTAR: a   instcat_y05_191109/job_log_01230630.txt
HTAR: a   instcat_y05_191109/job_log_01230631.txt
HTAR: a   instcat_y05_191109/job_log_01230632.txt
HTAR: a   instcat_y05_191109/job_log_01230633.txt
HTAR: a   instcat_y05_191109/job_log_01230634.txt
HTAR: a   instcat_y05_191109/job_log_01230635.txt
HTAR: a   instcat_y05_191109/job_log_01230637.txt
HTAR: a   instcat_y05_191109/job_log_01230638.txt
HTAR: a   instcat_y05_191109/job_log_01231193.txt
HTAR: a   instcat_y05_191109/job_log_01231197.txt
HTAR: a   instcat_y05_191109/job_log_01231198.txt
HTAR: a   instcat_y05_191109/job_log_01231201.txt
HTAR: a   instcat_y05_191109/job_log_01231223.txt
HTAR: a   instcat_y05_191109/job_log_01231240.txt
HTAR: a   instcat_y05_191109/job_log_01231241.txt
HTAR: a   instcat_y05_191109/job_log_01231242.txt
HTAR: a   instcat_y05_191109/job_log_01231245.txt
HTAR: a   instcat_y05_191109/job_log_01231262.txt
HTAR: a   instcat_y05_191109/job_log_01231296.txt
HTAR: a   instcat_y05_191109/job_log_01231297.txt
HTAR: a   instcat_y05_191109/job_log_01231329.txt
HTAR: a   instcat_y05_191109/job_log_01231330.txt
HTAR: a   instcat_y05_191109/job_log_01231899.txt
HTAR: a   instcat_y05_191109/job_log_01231900.txt
HTAR: a   instcat_y05_191109/job_log_01231901.txt
HTAR: a   instcat_y05_191109/job_log_01231902.txt
HTAR: a   instcat_y05_191109/job_log_01231903.txt
HTAR: a   instcat_y05_191109/job_log_01231904.txt
HTAR: a   instcat_y05_191109/job_log_01231905.txt
HTAR: a   instcat_y05_191109/job_log_01231906.txt
HTAR: a   instcat_y05_191109/job_log_01231913.txt
HTAR: a   instcat_y05_191109/job_log_01231914.txt
HTAR: a   instcat_y05_191109/job_log_01231915.txt
HTAR: a   instcat_y05_191109/job_log_01231916.txt
HTAR: a   instcat_y05_191109/job_log_01231917.txt
HTAR: a   instcat_y05_191109/job_log_01231918.txt
HTAR: a   instcat_y05_191109/job_log_01231936.txt
HTAR: a   instcat_y05_191109/job_log_01231937.txt
HTAR: a   instcat_y05_191109/job_log_01231938.txt
HTAR: a   instcat_y05_191109/job_log_01231939.txt
HTAR: a   instcat_y05_191109/job_log_01231940.txt
HTAR: a   instcat_y05_191109/job_log_01231941.txt
HTAR: a   instcat_y05_191109/job_log_01231943.txt
HTAR: a   instcat_y05_191109/job_log_01231944.txt
HTAR: a   instcat_y05_191109/job_log_01231945.txt
HTAR: a   instcat_y05_191109/job_log_01231946.txt
HTAR: a   instcat_y05_191109/job_log_01231955.txt
HTAR: a   instcat_y05_191109/job_log_01231956.txt
HTAR: a   instcat_y05_191109/job_log_01231957.txt
HTAR: a   instcat_y05_191109/job_log_01231958.txt
HTAR: a   instcat_y05_191109/job_log_01231962.txt
HTAR: a   instcat_y05_191109/job_log_01231963.txt
HTAR: a   instcat_y05_191109/job_log_01231964.txt
HTAR: a   instcat_y05_191109/job_log_01231965.txt
HTAR: a   instcat_y05_191109/job_log_01231966.txt
HTAR: a   instcat_y05_191109/job_log_01231985.txt
HTAR: a   instcat_y05_191109/job_log_01231986.txt
HTAR: a   instcat_y05_191109/job_log_01231987.txt
HTAR: a   instcat_y05_191109/job_log_01231988.txt
HTAR: a   instcat_y05_191109/job_log_01231989.txt
HTAR: a   instcat_y05_191109/job_log_01231990.txt
HTAR: a   instcat_y05_191109/job_log_01231993.txt
HTAR: a   instcat_y05_191109/job_log_01231994.txt
HTAR: a   instcat_y05_191109/job_log_01231995.txt
HTAR: a   instcat_y05_191109/job_log_01231996.txt
HTAR: a   instcat_y05_191109/job_log_01231997.txt
HTAR: a   instcat_y05_191109/job_log_01232008.txt
HTAR: a   instcat_y05_191109/job_log_01232009.txt
HTAR: a   instcat_y05_191109/job_log_01232010.txt
HTAR: a   instcat_y05_191109/job_log_01232011.txt
HTAR: a   instcat_y05_191109/job_log_01232013.txt
HTAR: a   instcat_y05_191109/job_log_01232016.txt
HTAR: a   instcat_y05_191109/job_log_01232017.txt
HTAR: a   instcat_y05_191109/job_log_01232018.txt
HTAR: a   instcat_y05_191109/job_log_01232019.txt
HTAR: a   instcat_y05_191109/job_log_01232038.txt
HTAR: a   instcat_y05_191109/job_log_01232039.txt
HTAR: a   instcat_y05_191109/job_log_01232040.txt
HTAR: a   instcat_y05_191109/job_log_01232041.txt
HTAR: a   instcat_y05_191109/job_log_01232042.txt
HTAR: a   instcat_y05_191109/job_log_01233013.txt
HTAR: a   instcat_y05_191109/job_log_01233015.txt
HTAR: a   instcat_y05_191109/job_log_01233051.txt
HTAR: a   instcat_y05_191109/job_log_01233052.txt
HTAR: a   instcat_y05_191109/job_log_01233053.txt
HTAR: a   instcat_y05_191109/job_log_01233146.txt
HTAR: a   instcat_y05_191109/job_log_01233915.txt
HTAR: a   instcat_y05_191109/job_log_01233916.txt
HTAR: a   instcat_y05_191109/job_log_01233917.txt
HTAR: a   instcat_y05_191109/job_log_01233918.txt
HTAR: a   instcat_y05_191109/job_log_01233919.txt
HTAR: a   instcat_y05_191109/job_log_01233920.txt
HTAR: a   instcat_y05_191109/job_log_01233921.txt
HTAR: a   instcat_y05_191109/job_log_01233922.txt
HTAR: a   instcat_y05_191109/job_log_01233923.txt
HTAR: a   instcat_y05_191109/job_log_01233924.txt
HTAR: a   instcat_y05_191109/job_log_01233925.txt
HTAR: a   instcat_y05_191109/job_log_01233926.txt
HTAR: a   instcat_y05_191109/job_log_01233950.txt
HTAR: a   instcat_y05_191109/job_log_01233951.txt
HTAR: a   instcat_y05_191109/job_log_01233952.txt
HTAR: a   instcat_y05_191109/job_log_01233953.txt
HTAR: a   instcat_y05_191109/job_log_01233954.txt
HTAR: a   instcat_y05_191109/job_log_01233955.txt
HTAR: a   /tmp/HTAR_CF_CHK_22938_1580756896
HTAR Create complete for /home/projects/desc/DC2_ImSim/Run2.2i/instCat/y05_191109/01230593to01233955.tar. 539,111,319,040 bytes written for 240 member files, max threads: 50 Transfer time: 3730.734 seconds (144.505 MB/s) wallclock/user/sys: 3731.965 4452.663 1494.049 seconds
HTAR: HTAR SUCCESSFUL
HTAR: a   instcat_y05_191109/01233956.tar.gz
HTAR: a   instcat_y05_191109/01233957.tar.gz
HTAR: a   instcat_y05_191109/01233958.tar.gz
HTAR: a   instcat_y05_191109/01233959.tar.gz
HTAR: a   instcat_y05_191109/01233960.tar.gz
HTAR: a   instcat_y05_191109/01233961.tar.gz
HTAR: a   instcat_y05_191109/01233967.tar.gz
HTAR: a   instcat_y05_191109/01233968.tar.gz
HTAR: a   instcat_y05_191109/01233969.tar.gz
HTAR: a   instcat_y05_191109/01234001.tar.gz
HTAR: a   instcat_y05_191109/01234002.tar.gz
HTAR: a   instcat_y05_191109/01234003.tar.gz
HTAR: a   instcat_y05_191109/01234008.tar.gz
HTAR: a   instcat_y05_191109/01234022.tar.gz
HTAR: a   instcat_y05_191109/01234052.tar.gz
HTAR: a   instcat_y05_191109/01234499.tar.gz
HTAR: a   instcat_y05_191109/01234500.tar.gz
HTAR: a   instcat_y05_191109/01234539.tar.gz
HTAR: a   instcat_y05_191109/01234540.tar.gz
HTAR: a   instcat_y05_191109/01234541.tar.gz
HTAR: a   instcat_y05_191109/01235067.tar.gz
HTAR: a   instcat_y05_191109/01235072.tar.gz
HTAR: a   instcat_y05_191109/01235075.tar.gz
HTAR: a   instcat_y05_191109/01235077.tar.gz
HTAR: a   instcat_y05_191109/01235276.tar.gz
HTAR: a   instcat_y05_191109/01235277.tar.gz
HTAR: a   instcat_y05_191109/01235278.tar.gz
HTAR: a   instcat_y05_191109/01235279.tar.gz
HTAR: a   instcat_y05_191109/01235280.tar.gz
HTAR: a   instcat_y05_191109/01235281.tar.gz
HTAR: a   instcat_y05_191109/01235282.tar.gz
HTAR: a   instcat_y05_191109/01235283.tar.gz
HTAR: a   instcat_y05_191109/01235284.tar.gz
HTAR: a   instcat_y05_191109/01235285.tar.gz
HTAR: a   instcat_y05_191109/01235286.tar.gz
HTAR: a   instcat_y05_191109/01235287.tar.gz
HTAR: a   instcat_y05_191109/01235288.tar.gz
HTAR: a   instcat_y05_191109/01235289.tar.gz
HTAR: a   instcat_y05_191109/01235290.tar.gz
HTAR: a   instcat_y05_191109/01235291.tar.gz
HTAR: a   instcat_y05_191109/01235292.tar.gz
HTAR: a   instcat_y05_191109/01235293.tar.gz
HTAR: a   instcat_y05_191109/01235294.tar.gz
HTAR: a   instcat_y05_191109/01235295.tar.gz
HTAR: a   instcat_y05_191109/01235296.tar.gz
HTAR: a   instcat_y05_191109/01235297.tar.gz
HTAR: a   instcat_y05_191109/01235298.tar.gz
HTAR: a   instcat_y05_191109/01235299.tar.gz
HTAR: a   instcat_y05_191109/01235300.tar.gz
HTAR: a   instcat_y05_191109/01235301.tar.gz
HTAR: a   instcat_y05_191109/01235302.tar.gz
HTAR: a   instcat_y05_191109/01235303.tar.gz
HTAR: a   instcat_y05_191109/01235304.tar.gz
HTAR: a   instcat_y05_191109/01235305.tar.gz
HTAR: a   instcat_y05_191109/01235306.tar.gz
HTAR: a   instcat_y05_191109/01235307.tar.gz
HTAR: a   instcat_y05_191109/01235308.tar.gz
HTAR: a   instcat_y05_191109/01235309.tar.gz
HTAR: a   instcat_y05_191109/01235310.tar.gz
HTAR: a   instcat_y05_191109/01235311.tar.gz
HTAR: a   instcat_y05_191109/01235312.tar.gz
HTAR: a   instcat_y05_191109/01235313.tar.gz
HTAR: a   instcat_y05_191109/01235314.tar.gz
HTAR: a   instcat_y05_191109/01235315.tar.gz
HTAR: a   instcat_y05_191109/01235316.tar.gz
HTAR: a   instcat_y05_191109/01235317.tar.gz
HTAR: a   instcat_y05_191109/01235318.tar.gz
HTAR: a   instcat_y05_191109/01235319.tar.gz
HTAR: a   instcat_y05_191109/01235320.tar.gz
HTAR: a   instcat_y05_191109/01235321.tar.gz
HTAR: a   instcat_y05_191109/01235322.tar.gz
HTAR: a   instcat_y05_191109/01235323.tar.gz
HTAR: a   instcat_y05_191109/01235324.tar.gz
HTAR: a   instcat_y05_191109/01235325.tar.gz
HTAR: a   instcat_y05_191109/01235326.tar.gz
HTAR: a   instcat_y05_191109/01235327.tar.gz
HTAR: a   instcat_y05_191109/01235328.tar.gz
HTAR: a   instcat_y05_191109/01235329.tar.gz
HTAR: a   instcat_y05_191109/01235330.tar.gz
HTAR: a   instcat_y05_191109/01235331.tar.gz
HTAR: a   instcat_y05_191109/01235332.tar.gz
HTAR: a   instcat_y05_191109/01235333.tar.gz
HTAR: a   instcat_y05_191109/01235334.tar.gz
HTAR: a   instcat_y05_191109/01235335.tar.gz
HTAR: a   instcat_y05_191109/01235336.tar.gz
HTAR: a   instcat_y05_191109/01235337.tar.gz
HTAR: a   instcat_y05_191109/01235338.tar.gz
HTAR: a   instcat_y05_191109/01235339.tar.gz
HTAR: a   instcat_y05_191109/01235340.tar.gz
HTAR: a   instcat_y05_191109/01235341.tar.gz
HTAR: a   instcat_y05_191109/01235342.tar.gz
HTAR: a   instcat_y05_191109/01235343.tar.gz
HTAR: a   instcat_y05_191109/01235344.tar.gz
HTAR: a   instcat_y05_191109/01235345.tar.gz
HTAR: a   instcat_y05_191109/01235346.tar.gz
HTAR: a   instcat_y05_191109/01235347.tar.gz
HTAR: a   instcat_y05_191109/01235348.tar.gz
HTAR: a   instcat_y05_191109/01235349.tar.gz
HTAR: a   instcat_y05_191109/01235350.tar.gz
HTAR: a   instcat_y05_191109/01235351.tar.gz
HTAR: a   instcat_y05_191109/01235352.tar.gz
HTAR: a   instcat_y05_191109/01235353.tar.gz
HTAR: a   instcat_y05_191109/01235354.tar.gz
HTAR: a   instcat_y05_191109/01235355.tar.gz
HTAR: a   instcat_y05_191109/01235356.tar.gz
HTAR: a   instcat_y05_191109/01235357.tar.gz
HTAR: a   instcat_y05_191109/01235358.tar.gz
HTAR: a   instcat_y05_191109/01235359.tar.gz
HTAR: a   instcat_y05_191109/01235360.tar.gz
HTAR: a   instcat_y05_191109/01235361.tar.gz
HTAR: a   instcat_y05_191109/01235362.tar.gz
HTAR: a   instcat_y05_191109/01235363.tar.gz
HTAR: a   instcat_y05_191109/01235364.tar.gz
HTAR: a   instcat_y05_191109/01235365.tar.gz
HTAR: a   instcat_y05_191109/01235366.tar.gz
HTAR: a   instcat_y05_191109/01235367.tar.gz
HTAR: a   instcat_y05_191109/01235368.tar.gz
HTAR: a   instcat_y05_191109/01235369.tar.gz
HTAR: a   instcat_y05_191109/01235370.tar.gz
HTAR: a   instcat_y05_191109/01235371.tar.gz
HTAR: a   instcat_y05_191109/job_log_01233956.txt
HTAR: a   instcat_y05_191109/job_log_01233957.txt
HTAR: a   instcat_y05_191109/job_log_01233958.txt
HTAR: a   instcat_y05_191109/job_log_01233959.txt
HTAR: a   instcat_y05_191109/job_log_01233960.txt
HTAR: a   instcat_y05_191109/job_log_01233961.txt
HTAR: a   instcat_y05_191109/job_log_01233967.txt
HTAR: a   instcat_y05_191109/job_log_01233968.txt
HTAR: a   instcat_y05_191109/job_log_01233969.txt
HTAR: a   instcat_y05_191109/job_log_01234001.txt
HTAR: a   instcat_y05_191109/job_log_01234002.txt
HTAR: a   instcat_y05_191109/job_log_01234003.txt
HTAR: a   instcat_y05_191109/job_log_01234008.txt
HTAR: a   instcat_y05_191109/job_log_01234022.txt
HTAR: a   instcat_y05_191109/job_log_01234052.txt
HTAR: a   instcat_y05_191109/job_log_01234499.txt
HTAR: a   instcat_y05_191109/job_log_01234500.txt
HTAR: a   instcat_y05_191109/job_log_01234539.txt
HTAR: a   instcat_y05_191109/job_log_01234540.txt
HTAR: a   instcat_y05_191109/job_log_01234541.txt
HTAR: a   instcat_y05_191109/job_log_01235067.txt
HTAR: a   instcat_y05_191109/job_log_01235072.txt
HTAR: a   instcat_y05_191109/job_log_01235075.txt
HTAR: a   instcat_y05_191109/job_log_01235077.txt
HTAR: a   instcat_y05_191109/job_log_01235276.txt
HTAR: a   instcat_y05_191109/job_log_01235277.txt
HTAR: a   instcat_y05_191109/job_log_01235278.txt
HTAR: a   instcat_y05_191109/job_log_01235279.txt
HTAR: a   instcat_y05_191109/job_log_01235280.txt
HTAR: a   instcat_y05_191109/job_log_01235281.txt
HTAR: a   instcat_y05_191109/job_log_01235282.txt
HTAR: a   instcat_y05_191109/job_log_01235283.txt
HTAR: a   instcat_y05_191109/job_log_01235284.txt
HTAR: a   instcat_y05_191109/job_log_01235285.txt
HTAR: a   instcat_y05_191109/job_log_01235286.txt
HTAR: a   instcat_y05_191109/job_log_01235287.txt
HTAR: a   instcat_y05_191109/job_log_01235288.txt
HTAR: a   instcat_y05_191109/job_log_01235289.txt
HTAR: a   instcat_y05_191109/job_log_01235290.txt
HTAR: a   instcat_y05_191109/job_log_01235291.txt
HTAR: a   instcat_y05_191109/job_log_01235292.txt
HTAR: a   instcat_y05_191109/job_log_01235293.txt
HTAR: a   instcat_y05_191109/job_log_01235294.txt
HTAR: a   instcat_y05_191109/job_log_01235295.txt
HTAR: a   instcat_y05_191109/job_log_01235296.txt
HTAR: a   instcat_y05_191109/job_log_01235297.txt
HTAR: a   instcat_y05_191109/job_log_01235298.txt
HTAR: a   instcat_y05_191109/job_log_01235299.txt
HTAR: a   instcat_y05_191109/job_log_01235300.txt
HTAR: a   instcat_y05_191109/job_log_01235301.txt
HTAR: a   instcat_y05_191109/job_log_01235302.txt
HTAR: a   instcat_y05_191109/job_log_01235303.txt
HTAR: a   instcat_y05_191109/job_log_01235304.txt
HTAR: a   instcat_y05_191109/job_log_01235305.txt
HTAR: a   instcat_y05_191109/job_log_01235306.txt
HTAR: a   instcat_y05_191109/job_log_01235307.txt
HTAR: a   instcat_y05_191109/job_log_01235308.txt
HTAR: a   instcat_y05_191109/job_log_01235309.txt
HTAR: a   instcat_y05_191109/job_log_01235310.txt
HTAR: a   instcat_y05_191109/job_log_01235311.txt
HTAR: a   instcat_y05_191109/job_log_01235312.txt
HTAR: a   instcat_y05_191109/job_log_01235313.txt
HTAR: a   instcat_y05_191109/job_log_01235314.txt
HTAR: a   instcat_y05_191109/job_log_01235315.txt
HTAR: a   instcat_y05_191109/job_log_01235316.txt
HTAR: a   instcat_y05_191109/job_log_01235317.txt
HTAR: a   instcat_y05_191109/job_log_01235318.txt
HTAR: a   instcat_y05_191109/job_log_01235319.txt
HTAR: a   instcat_y05_191109/job_log_01235320.txt
HTAR: a   instcat_y05_191109/job_log_01235321.txt
HTAR: a   instcat_y05_191109/job_log_01235322.txt
HTAR: a   instcat_y05_191109/job_log_01235323.txt
HTAR: a   instcat_y05_191109/job_log_01235324.txt
HTAR: a   instcat_y05_191109/job_log_01235325.txt
HTAR: a   instcat_y05_191109/job_log_01235326.txt
HTAR: a   instcat_y05_191109/job_log_01235327.txt
HTAR: a   instcat_y05_191109/job_log_01235328.txt
HTAR: a   instcat_y05_191109/job_log_01235329.txt
HTAR: a   instcat_y05_191109/job_log_01235330.txt
HTAR: a   instcat_y05_191109/job_log_01235331.txt
HTAR: a   instcat_y05_191109/job_log_01235332.txt
HTAR: a   instcat_y05_191109/job_log_01235333.txt
HTAR: a   instcat_y05_191109/job_log_01235334.txt
HTAR: a   instcat_y05_191109/job_log_01235335.txt
HTAR: a   instcat_y05_191109/job_log_01235336.txt
HTAR: a   instcat_y05_191109/job_log_01235337.txt
HTAR: a   instcat_y05_191109/job_log_01235338.txt
HTAR: a   instcat_y05_191109/job_log_01235339.txt
HTAR: a   instcat_y05_191109/job_log_01235340.txt
HTAR: a   instcat_y05_191109/job_log_01235341.txt
HTAR: a   instcat_y05_191109/job_log_01235342.txt
HTAR: a   instcat_y05_191109/job_log_01235343.txt
HTAR: a   instcat_y05_191109/job_log_01235344.txt
HTAR: a   instcat_y05_191109/job_log_01235345.txt
HTAR: a   instcat_y05_191109/job_log_01235346.txt
HTAR: a   instcat_y05_191109/job_log_01235347.txt
HTAR: a   instcat_y05_191109/job_log_01235348.txt
HTAR: a   instcat_y05_191109/job_log_01235349.txt
HTAR: a   instcat_y05_191109/job_log_01235350.txt
HTAR: a   instcat_y05_191109/job_log_01235351.txt
HTAR: a   instcat_y05_191109/job_log_01235352.txt
HTAR: a   instcat_y05_191109/job_log_01235353.txt
HTAR: a   instcat_y05_191109/job_log_01235354.txt
HTAR: a   instcat_y05_191109/job_log_01235355.txt
HTAR: a   instcat_y05_191109/job_log_01235356.txt
HTAR: a   instcat_y05_191109/job_log_01235357.txt
HTAR: a   instcat_y05_191109/job_log_01235358.txt
HTAR: a   instcat_y05_191109/job_log_01235359.txt
HTAR: a   instcat_y05_191109/job_log_01235360.txt
HTAR: a   instcat_y05_191109/job_log_01235361.txt
HTAR: a   instcat_y05_191109/job_log_01235362.txt
HTAR: a   instcat_y05_191109/job_log_01235363.txt
HTAR: a   instcat_y05_191109/job_log_01235364.txt
HTAR: a   instcat_y05_191109/job_log_01235365.txt
HTAR: a   instcat_y05_191109/job_log_01235366.txt
HTAR: a   instcat_y05_191109/job_log_01235367.txt
HTAR: a   instcat_y05_191109/job_log_01235368.txt
HTAR: a   instcat_y05_191109/job_log_01235369.txt
HTAR: a   instcat_y05_191109/job_log_01235370.txt
HTAR: a   instcat_y05_191109/job_log_01235371.txt
HTAR: a   /tmp/HTAR_CF_CHK_8485_1580760630
HTAR Create complete for /home/projects/desc/DC2_ImSim/Run2.2i/instCat/y05_191109/01233956to01235371.tar. 555,670,061,568 bytes written for 240 member files, max threads: 50 Transfer time: 3800.635 seconds (146.205 MB/s) wallclock/user/sys: 3801.467 4504.920 1738.068 seconds
HTAR: HTAR SUCCESSFUL
