HTAR: a   instcat_y05_191109/01188319.tar.gz
HTAR: a   instcat_y05_191109/01188320.tar.gz
HTAR: a   instcat_y05_191109/01188321.tar.gz
HTAR: a   instcat_y05_191109/01188322.tar.gz
HTAR: a   instcat_y05_191109/01188327.tar.gz
HTAR: a   instcat_y05_191109/01188335.tar.gz
HTAR: a   instcat_y05_191109/01188336.tar.gz
HTAR: a   instcat_y05_191109/01188337.tar.gz
HTAR: a   instcat_y05_191109/01188343.tar.gz
HTAR: a   instcat_y05_191109/01188345.tar.gz
HTAR: a   instcat_y05_191109/01188347.tar.gz
HTAR: a   instcat_y05_191109/01188349.tar.gz
HTAR: a   instcat_y05_191109/01188351.tar.gz
HTAR: a   instcat_y05_191109/01188357.tar.gz
HTAR: a   instcat_y05_191109/01188358.tar.gz
HTAR: a   instcat_y05_191109/01188359.tar.gz
HTAR: a   instcat_y05_191109/01188360.tar.gz
HTAR: a   instcat_y05_191109/01188361.tar.gz
HTAR: a   instcat_y05_191109/01188365.tar.gz
HTAR: a   instcat_y05_191109/01188366.tar.gz
HTAR: a   instcat_y05_191109/01188367.tar.gz
HTAR: a   instcat_y05_191109/01188368.tar.gz
HTAR: a   instcat_y05_191109/01188369.tar.gz
HTAR: a   instcat_y05_191109/01188372.tar.gz
HTAR: a   instcat_y05_191109/01188373.tar.gz
HTAR: a   instcat_y05_191109/01188374.tar.gz
HTAR: a   instcat_y05_191109/01188375.tar.gz
HTAR: a   instcat_y05_191109/01188376.tar.gz
HTAR: a   instcat_y05_191109/01188377.tar.gz
HTAR: a   instcat_y05_191109/01188378.tar.gz
HTAR: a   instcat_y05_191109/01188379.tar.gz
HTAR: a   instcat_y05_191109/01188380.tar.gz
HTAR: a   instcat_y05_191109/01188381.tar.gz
HTAR: a   instcat_y05_191109/01188382.tar.gz
HTAR: a   instcat_y05_191109/01188390.tar.gz
HTAR: a   instcat_y05_191109/01188394.tar.gz
HTAR: a   instcat_y05_191109/01188395.tar.gz
HTAR: a   instcat_y05_191109/01188396.tar.gz
HTAR: a   instcat_y05_191109/01188397.tar.gz
HTAR: a   instcat_y05_191109/01188398.tar.gz
HTAR: a   instcat_y05_191109/01188400.tar.gz
HTAR: a   instcat_y05_191109/01188401.tar.gz
HTAR: a   instcat_y05_191109/01188402.tar.gz
HTAR: a   instcat_y05_191109/01188403.tar.gz
HTAR: a   instcat_y05_191109/01188404.tar.gz
HTAR: a   instcat_y05_191109/01188405.tar.gz
HTAR: a   instcat_y05_191109/01188406.tar.gz
HTAR: a   instcat_y05_191109/01188407.tar.gz
HTAR: a   instcat_y05_191109/01188410.tar.gz
HTAR: a   instcat_y05_191109/01188421.tar.gz
HTAR: a   instcat_y05_191109/01188422.tar.gz
HTAR: a   instcat_y05_191109/01188423.tar.gz
HTAR: a   instcat_y05_191109/01188424.tar.gz
HTAR: a   instcat_y05_191109/01188453.tar.gz
HTAR: a   instcat_y05_191109/01188511.tar.gz
HTAR: a   instcat_y05_191109/01188512.tar.gz
HTAR: a   instcat_y05_191109/01188513.tar.gz
HTAR: a   instcat_y05_191109/01188539.tar.gz
HTAR: a   instcat_y05_191109/01188566.tar.gz
HTAR: a   instcat_y05_191109/01188567.tar.gz
HTAR: a   instcat_y05_191109/01188569.tar.gz
HTAR: a   instcat_y05_191109/01188570.tar.gz
HTAR: a   instcat_y05_191109/01188640.tar.gz
HTAR: a   instcat_y05_191109/01188641.tar.gz
HTAR: a   instcat_y05_191109/01188644.tar.gz
HTAR: a   instcat_y05_191109/01188646.tar.gz
HTAR: a   instcat_y05_191109/01188672.tar.gz
HTAR: a   instcat_y05_191109/01189028.tar.gz
HTAR: a   instcat_y05_191109/01189029.tar.gz
HTAR: a   instcat_y05_191109/01189030.tar.gz
HTAR: a   instcat_y05_191109/01189031.tar.gz
HTAR: a   instcat_y05_191109/01189032.tar.gz
HTAR: a   instcat_y05_191109/01189033.tar.gz
HTAR: a   instcat_y05_191109/01189034.tar.gz
HTAR: a   instcat_y05_191109/01189035.tar.gz
HTAR: a   instcat_y05_191109/01189036.tar.gz
HTAR: a   instcat_y05_191109/01189037.tar.gz
HTAR: a   instcat_y05_191109/01189038.tar.gz
HTAR: a   instcat_y05_191109/01189039.tar.gz
HTAR: a   instcat_y05_191109/01189040.tar.gz
HTAR: a   instcat_y05_191109/01189041.tar.gz
HTAR: a   instcat_y05_191109/01189042.tar.gz
HTAR: a   instcat_y05_191109/01189043.tar.gz
HTAR: a   instcat_y05_191109/01189044.tar.gz
HTAR: a   instcat_y05_191109/01189045.tar.gz
HTAR: a   instcat_y05_191109/01189046.tar.gz
HTAR: a   instcat_y05_191109/01189047.tar.gz
HTAR: a   instcat_y05_191109/01189050.tar.gz
HTAR: a   instcat_y05_191109/01189070.tar.gz
HTAR: a   instcat_y05_191109/01189071.tar.gz
HTAR: a   instcat_y05_191109/01189072.tar.gz
HTAR: a   instcat_y05_191109/01189073.tar.gz
HTAR: a   instcat_y05_191109/01189074.tar.gz
HTAR: a   instcat_y05_191109/01189075.tar.gz
HTAR: a   instcat_y05_191109/01189084.tar.gz
HTAR: a   instcat_y05_191109/01189101.tar.gz
HTAR: a   instcat_y05_191109/01189102.tar.gz
HTAR: a   instcat_y05_191109/01189103.tar.gz
HTAR: a   instcat_y05_191109/01189104.tar.gz
HTAR: a   instcat_y05_191109/01189105.tar.gz
HTAR: a   instcat_y05_191109/01189106.tar.gz
HTAR: a   instcat_y05_191109/01189107.tar.gz
HTAR: a   instcat_y05_191109/01189108.tar.gz
HTAR: a   instcat_y05_191109/01189109.tar.gz
HTAR: a   instcat_y05_191109/01189110.tar.gz
HTAR: a   instcat_y05_191109/01189112.tar.gz
HTAR: a   instcat_y05_191109/01189113.tar.gz
HTAR: a   instcat_y05_191109/01189114.tar.gz
HTAR: a   instcat_y05_191109/01189138.tar.gz
HTAR: a   instcat_y05_191109/01189139.tar.gz
HTAR: a   instcat_y05_191109/01189140.tar.gz
HTAR: a   instcat_y05_191109/01189141.tar.gz
HTAR: a   instcat_y05_191109/01189143.tar.gz
HTAR: a   instcat_y05_191109/01189144.tar.gz
HTAR: a   instcat_y05_191109/01189145.tar.gz
HTAR: a   instcat_y05_191109/01189146.tar.gz
HTAR: a   instcat_y05_191109/01189147.tar.gz
HTAR: a   instcat_y05_191109/01189148.tar.gz
HTAR: a   instcat_y05_191109/01189149.tar.gz
HTAR: a   instcat_y05_191109/01189171.tar.gz
HTAR: a   instcat_y05_191109/job_log_01188319.txt
HTAR: a   instcat_y05_191109/job_log_01188320.txt
HTAR: a   instcat_y05_191109/job_log_01188321.txt
HTAR: a   instcat_y05_191109/job_log_01188322.txt
HTAR: a   instcat_y05_191109/job_log_01188327.txt
HTAR: a   instcat_y05_191109/job_log_01188335.txt
HTAR: a   instcat_y05_191109/job_log_01188336.txt
HTAR: a   instcat_y05_191109/job_log_01188337.txt
HTAR: a   instcat_y05_191109/job_log_01188343.txt
HTAR: a   instcat_y05_191109/job_log_01188345.txt
HTAR: a   instcat_y05_191109/job_log_01188347.txt
HTAR: a   instcat_y05_191109/job_log_01188349.txt
HTAR: a   instcat_y05_191109/job_log_01188351.txt
HTAR: a   instcat_y05_191109/job_log_01188357.txt
HTAR: a   instcat_y05_191109/job_log_01188358.txt
HTAR: a   instcat_y05_191109/job_log_01188359.txt
HTAR: a   instcat_y05_191109/job_log_01188360.txt
HTAR: a   instcat_y05_191109/job_log_01188361.txt
HTAR: a   instcat_y05_191109/job_log_01188365.txt
HTAR: a   instcat_y05_191109/job_log_01188366.txt
HTAR: a   instcat_y05_191109/job_log_01188367.txt
HTAR: a   instcat_y05_191109/job_log_01188368.txt
HTAR: a   instcat_y05_191109/job_log_01188369.txt
HTAR: a   instcat_y05_191109/job_log_01188372.txt
HTAR: a   instcat_y05_191109/job_log_01188373.txt
HTAR: a   instcat_y05_191109/job_log_01188374.txt
HTAR: a   instcat_y05_191109/job_log_01188375.txt
HTAR: a   instcat_y05_191109/job_log_01188376.txt
HTAR: a   instcat_y05_191109/job_log_01188377.txt
HTAR: a   instcat_y05_191109/job_log_01188378.txt
HTAR: a   instcat_y05_191109/job_log_01188379.txt
HTAR: a   instcat_y05_191109/job_log_01188380.txt
HTAR: a   instcat_y05_191109/job_log_01188381.txt
HTAR: a   instcat_y05_191109/job_log_01188382.txt
HTAR: a   instcat_y05_191109/job_log_01188390.txt
HTAR: a   instcat_y05_191109/job_log_01188394.txt
HTAR: a   instcat_y05_191109/job_log_01188395.txt
HTAR: a   instcat_y05_191109/job_log_01188396.txt
HTAR: a   instcat_y05_191109/job_log_01188397.txt
HTAR: a   instcat_y05_191109/job_log_01188398.txt
HTAR: a   instcat_y05_191109/job_log_01188400.txt
HTAR: a   instcat_y05_191109/job_log_01188401.txt
HTAR: a   instcat_y05_191109/job_log_01188402.txt
HTAR: a   instcat_y05_191109/job_log_01188403.txt
HTAR: a   instcat_y05_191109/job_log_01188404.txt
HTAR: a   instcat_y05_191109/job_log_01188405.txt
HTAR: a   instcat_y05_191109/job_log_01188406.txt
HTAR: a   instcat_y05_191109/job_log_01188407.txt
HTAR: a   instcat_y05_191109/job_log_01188410.txt
HTAR: a   instcat_y05_191109/job_log_01188421.txt
HTAR: a   instcat_y05_191109/job_log_01188422.txt
HTAR: a   instcat_y05_191109/job_log_01188423.txt
HTAR: a   instcat_y05_191109/job_log_01188424.txt
HTAR: a   instcat_y05_191109/job_log_01188453.txt
HTAR: a   instcat_y05_191109/job_log_01188511.txt
HTAR: a   instcat_y05_191109/job_log_01188512.txt
HTAR: a   instcat_y05_191109/job_log_01188513.txt
HTAR: a   instcat_y05_191109/job_log_01188539.txt
HTAR: a   instcat_y05_191109/job_log_01188566.txt
HTAR: a   instcat_y05_191109/job_log_01188567.txt
HTAR: a   instcat_y05_191109/job_log_01188569.txt
HTAR: a   instcat_y05_191109/job_log_01188570.txt
HTAR: a   instcat_y05_191109/job_log_01188640.txt
HTAR: a   instcat_y05_191109/job_log_01188641.txt
HTAR: a   instcat_y05_191109/job_log_01188644.txt
HTAR: a   instcat_y05_191109/job_log_01188646.txt
HTAR: a   instcat_y05_191109/job_log_01188672.txt
HTAR: a   instcat_y05_191109/job_log_01189028.txt
HTAR: a   instcat_y05_191109/job_log_01189029.txt
HTAR: a   instcat_y05_191109/job_log_01189030.txt
HTAR: a   instcat_y05_191109/job_log_01189031.txt
HTAR: a   instcat_y05_191109/job_log_01189032.txt
HTAR: a   instcat_y05_191109/job_log_01189033.txt
HTAR: a   instcat_y05_191109/job_log_01189034.txt
HTAR: a   instcat_y05_191109/job_log_01189035.txt
HTAR: a   instcat_y05_191109/job_log_01189036.txt
HTAR: a   instcat_y05_191109/job_log_01189037.txt
HTAR: a   instcat_y05_191109/job_log_01189038.txt
HTAR: a   instcat_y05_191109/job_log_01189039.txt
HTAR: a   instcat_y05_191109/job_log_01189040.txt
HTAR: a   instcat_y05_191109/job_log_01189041.txt
HTAR: a   instcat_y05_191109/job_log_01189042.txt
HTAR: a   instcat_y05_191109/job_log_01189043.txt
HTAR: a   instcat_y05_191109/job_log_01189044.txt
HTAR: a   instcat_y05_191109/job_log_01189045.txt
HTAR: a   instcat_y05_191109/job_log_01189046.txt
HTAR: a   instcat_y05_191109/job_log_01189047.txt
HTAR: a   instcat_y05_191109/job_log_01189050.txt
HTAR: a   instcat_y05_191109/job_log_01189070.txt
HTAR: a   instcat_y05_191109/job_log_01189071.txt
HTAR: a   instcat_y05_191109/job_log_01189072.txt
HTAR: a   instcat_y05_191109/job_log_01189073.txt
HTAR: a   instcat_y05_191109/job_log_01189074.txt
HTAR: a   instcat_y05_191109/job_log_01189075.txt
HTAR: a   instcat_y05_191109/job_log_01189084.txt
HTAR: a   instcat_y05_191109/job_log_01189101.txt
HTAR: a   instcat_y05_191109/job_log_01189102.txt
HTAR: a   instcat_y05_191109/job_log_01189103.txt
HTAR: a   instcat_y05_191109/job_log_01189104.txt
HTAR: a   instcat_y05_191109/job_log_01189105.txt
HTAR: a   instcat_y05_191109/job_log_01189106.txt
HTAR: a   instcat_y05_191109/job_log_01189107.txt
HTAR: a   instcat_y05_191109/job_log_01189108.txt
HTAR: a   instcat_y05_191109/job_log_01189109.txt
HTAR: a   instcat_y05_191109/job_log_01189110.txt
HTAR: a   instcat_y05_191109/job_log_01189112.txt
HTAR: a   instcat_y05_191109/job_log_01189113.txt
HTAR: a   instcat_y05_191109/job_log_01189114.txt
HTAR: a   instcat_y05_191109/job_log_01189138.txt
HTAR: a   instcat_y05_191109/job_log_01189139.txt
HTAR: a   instcat_y05_191109/job_log_01189140.txt
HTAR: a   instcat_y05_191109/job_log_01189141.txt
HTAR: a   instcat_y05_191109/job_log_01189143.txt
HTAR: a   instcat_y05_191109/job_log_01189144.txt
HTAR: a   instcat_y05_191109/job_log_01189145.txt
HTAR: a   instcat_y05_191109/job_log_01189146.txt
HTAR: a   instcat_y05_191109/job_log_01189147.txt
HTAR: a   instcat_y05_191109/job_log_01189148.txt
HTAR: a   instcat_y05_191109/job_log_01189149.txt
HTAR: a   instcat_y05_191109/job_log_01189171.txt
HTAR: a   /tmp/HTAR_CF_CHK_16216_1580741473
HTAR Create complete for /home/projects/desc/DC2_ImSim/Run2.2i/instCat/y05_191109/01188319to01189171.tar. 536,162,426,368 bytes written for 240 member files, max threads: 50 Transfer time: 3993.548 seconds (134.257 MB/s) wallclock/user/sys: 3995.086 4048.176 1788.370 seconds
HTAR: HTAR SUCCESSFUL
HTAR: a   instcat_y05_191109/01189172.tar.gz
HTAR: a   instcat_y05_191109/01189182.tar.gz
HTAR: a   instcat_y05_191109/01189183.tar.gz
HTAR: a   instcat_y05_191109/01189184.tar.gz
HTAR: a   instcat_y05_191109/01189211.tar.gz
HTAR: a   instcat_y05_191109/01189212.tar.gz
HTAR: a   instcat_y05_191109/01189351.tar.gz
HTAR: a   instcat_y05_191109/01189352.tar.gz
HTAR: a   instcat_y05_191109/01189353.tar.gz
HTAR: a   instcat_y05_191109/01189354.tar.gz
HTAR: a   instcat_y05_191109/01189355.tar.gz
HTAR: a   instcat_y05_191109/01189356.tar.gz
HTAR: a   instcat_y05_191109/01189357.tar.gz
HTAR: a   instcat_y05_191109/01189381.tar.gz
HTAR: a   instcat_y05_191109/01189383.tar.gz
HTAR: a   instcat_y05_191109/01189384.tar.gz
HTAR: a   instcat_y05_191109/01189385.tar.gz
HTAR: a   instcat_y05_191109/01189386.tar.gz
HTAR: a   instcat_y05_191109/01189387.tar.gz
HTAR: a   instcat_y05_191109/01189388.tar.gz
HTAR: a   instcat_y05_191109/01189409.tar.gz
HTAR: a   instcat_y05_191109/01189426.tar.gz
HTAR: a   instcat_y05_191109/01189427.tar.gz
HTAR: a   instcat_y05_191109/01189462.tar.gz
HTAR: a   instcat_y05_191109/01189463.tar.gz
HTAR: a   instcat_y05_191109/01189464.tar.gz
HTAR: a   instcat_y05_191109/01189465.tar.gz
HTAR: a   instcat_y05_191109/01189829.tar.gz
HTAR: a   instcat_y05_191109/01189830.tar.gz
HTAR: a   instcat_y05_191109/01189831.tar.gz
HTAR: a   instcat_y05_191109/01189832.tar.gz
HTAR: a   instcat_y05_191109/01189833.tar.gz
HTAR: a   instcat_y05_191109/01189834.tar.gz
HTAR: a   instcat_y05_191109/01189835.tar.gz
HTAR: a   instcat_y05_191109/01189836.tar.gz
HTAR: a   instcat_y05_191109/01189837.tar.gz
HTAR: a   instcat_y05_191109/01189838.tar.gz
HTAR: a   instcat_y05_191109/01189839.tar.gz
HTAR: a   instcat_y05_191109/01189840.tar.gz
HTAR: a   instcat_y05_191109/01189841.tar.gz
HTAR: a   instcat_y05_191109/01189842.tar.gz
HTAR: a   instcat_y05_191109/01189843.tar.gz
HTAR: a   instcat_y05_191109/01189844.tar.gz
HTAR: a   instcat_y05_191109/01189845.tar.gz
HTAR: a   instcat_y05_191109/01189846.tar.gz
HTAR: a   instcat_y05_191109/01189847.tar.gz
HTAR: a   instcat_y05_191109/01189848.tar.gz
HTAR: a   instcat_y05_191109/01189943.tar.gz
HTAR: a   instcat_y05_191109/01189944.tar.gz
HTAR: a   instcat_y05_191109/01189945.tar.gz
HTAR: a   instcat_y05_191109/01189946.tar.gz
HTAR: a   instcat_y05_191109/01189948.tar.gz
HTAR: a   instcat_y05_191109/01189949.tar.gz
HTAR: a   instcat_y05_191109/01189950.tar.gz
HTAR: a   instcat_y05_191109/01189951.tar.gz
HTAR: a   instcat_y05_191109/01189952.tar.gz
HTAR: a   instcat_y05_191109/01189953.tar.gz
HTAR: a   instcat_y05_191109/01189954.tar.gz
HTAR: a   instcat_y05_191109/01189973.tar.gz
HTAR: a   instcat_y05_191109/01189974.tar.gz
HTAR: a   instcat_y05_191109/01189975.tar.gz
HTAR: a   instcat_y05_191109/01189976.tar.gz
HTAR: a   instcat_y05_191109/01189978.tar.gz
HTAR: a   instcat_y05_191109/01189979.tar.gz
HTAR: a   instcat_y05_191109/01189980.tar.gz
HTAR: a   instcat_y05_191109/01189981.tar.gz
HTAR: a   instcat_y05_191109/01189982.tar.gz
HTAR: a   instcat_y05_191109/01189983.tar.gz
HTAR: a   instcat_y05_191109/01189984.tar.gz
HTAR: a   instcat_y05_191109/01189985.tar.gz
HTAR: a   instcat_y05_191109/01190300.tar.gz
HTAR: a   instcat_y05_191109/01190305.tar.gz
HTAR: a   instcat_y05_191109/01190306.tar.gz
HTAR: a   instcat_y05_191109/01190307.tar.gz
HTAR: a   instcat_y05_191109/01190657.tar.gz
HTAR: a   instcat_y05_191109/01190658.tar.gz
HTAR: a   instcat_y05_191109/01190659.tar.gz
HTAR: a   instcat_y05_191109/01190660.tar.gz
HTAR: a   instcat_y05_191109/01190661.tar.gz
HTAR: a   instcat_y05_191109/01190662.tar.gz
HTAR: a   instcat_y05_191109/01190663.tar.gz
HTAR: a   instcat_y05_191109/01190664.tar.gz
HTAR: a   instcat_y05_191109/01190665.tar.gz
HTAR: a   instcat_y05_191109/01190666.tar.gz
HTAR: a   instcat_y05_191109/01190667.tar.gz
HTAR: a   instcat_y05_191109/01190668.tar.gz
HTAR: a   instcat_y05_191109/01190669.tar.gz
HTAR: a   instcat_y05_191109/01190670.tar.gz
HTAR: a   instcat_y05_191109/01190671.tar.gz
HTAR: a   instcat_y05_191109/01190672.tar.gz
HTAR: a   instcat_y05_191109/01190673.tar.gz
HTAR: a   instcat_y05_191109/01190674.tar.gz
HTAR: a   instcat_y05_191109/01190675.tar.gz
HTAR: a   instcat_y05_191109/01190676.tar.gz
HTAR: a   instcat_y05_191109/01190715.tar.gz
HTAR: a   instcat_y05_191109/01190716.tar.gz
HTAR: a   instcat_y05_191109/01190717.tar.gz
HTAR: a   instcat_y05_191109/01190718.tar.gz
HTAR: a   instcat_y05_191109/01190719.tar.gz
HTAR: a   instcat_y05_191109/01190720.tar.gz
HTAR: a   instcat_y05_191109/01190721.tar.gz
HTAR: a   instcat_y05_191109/01190722.tar.gz
HTAR: a   instcat_y05_191109/01190723.tar.gz
HTAR: a   instcat_y05_191109/01190724.tar.gz
HTAR: a   instcat_y05_191109/01190725.tar.gz
HTAR: a   instcat_y05_191109/01190726.tar.gz
HTAR: a   instcat_y05_191109/01190755.tar.gz
HTAR: a   instcat_y05_191109/01190756.tar.gz
HTAR: a   instcat_y05_191109/01190757.tar.gz
HTAR: a   instcat_y05_191109/01190758.tar.gz
HTAR: a   instcat_y05_191109/01190759.tar.gz
HTAR: a   instcat_y05_191109/01190760.tar.gz
HTAR: a   instcat_y05_191109/01190761.tar.gz
HTAR: a   instcat_y05_191109/01190762.tar.gz
HTAR: a   instcat_y05_191109/01190763.tar.gz
HTAR: a   instcat_y05_191109/01190764.tar.gz
HTAR: a   instcat_y05_191109/01190765.tar.gz
HTAR: a   instcat_y05_191109/01190766.tar.gz
HTAR: a   instcat_y05_191109/01190767.tar.gz
HTAR: a   instcat_y05_191109/01190768.tar.gz
HTAR: a   instcat_y05_191109/job_log_01189172.txt
HTAR: a   instcat_y05_191109/job_log_01189182.txt
HTAR: a   instcat_y05_191109/job_log_01189183.txt
HTAR: a   instcat_y05_191109/job_log_01189184.txt
HTAR: a   instcat_y05_191109/job_log_01189211.txt
HTAR: a   instcat_y05_191109/job_log_01189212.txt
HTAR: a   instcat_y05_191109/job_log_01189351.txt
HTAR: a   instcat_y05_191109/job_log_01189352.txt
HTAR: a   instcat_y05_191109/job_log_01189353.txt
HTAR: a   instcat_y05_191109/job_log_01189354.txt
HTAR: a   instcat_y05_191109/job_log_01189355.txt
HTAR: a   instcat_y05_191109/job_log_01189356.txt
HTAR: a   instcat_y05_191109/job_log_01189357.txt
HTAR: a   instcat_y05_191109/job_log_01189381.txt
HTAR: a   instcat_y05_191109/job_log_01189383.txt
HTAR: a   instcat_y05_191109/job_log_01189384.txt
HTAR: a   instcat_y05_191109/job_log_01189385.txt
HTAR: a   instcat_y05_191109/job_log_01189386.txt
HTAR: a   instcat_y05_191109/job_log_01189387.txt
HTAR: a   instcat_y05_191109/job_log_01189388.txt
HTAR: a   instcat_y05_191109/job_log_01189409.txt
HTAR: a   instcat_y05_191109/job_log_01189426.txt
HTAR: a   instcat_y05_191109/job_log_01189427.txt
HTAR: a   instcat_y05_191109/job_log_01189462.txt
HTAR: a   instcat_y05_191109/job_log_01189463.txt
HTAR: a   instcat_y05_191109/job_log_01189464.txt
HTAR: a   instcat_y05_191109/job_log_01189465.txt
HTAR: a   instcat_y05_191109/job_log_01189829.txt
HTAR: a   instcat_y05_191109/job_log_01189830.txt
HTAR: a   instcat_y05_191109/job_log_01189831.txt
HTAR: a   instcat_y05_191109/job_log_01189832.txt
HTAR: a   instcat_y05_191109/job_log_01189833.txt
HTAR: a   instcat_y05_191109/job_log_01189834.txt
HTAR: a   instcat_y05_191109/job_log_01189835.txt
HTAR: a   instcat_y05_191109/job_log_01189836.txt
HTAR: a   instcat_y05_191109/job_log_01189837.txt
HTAR: a   instcat_y05_191109/job_log_01189838.txt
HTAR: a   instcat_y05_191109/job_log_01189839.txt
HTAR: a   instcat_y05_191109/job_log_01189840.txt
HTAR: a   instcat_y05_191109/job_log_01189841.txt
HTAR: a   instcat_y05_191109/job_log_01189842.txt
HTAR: a   instcat_y05_191109/job_log_01189843.txt
HTAR: a   instcat_y05_191109/job_log_01189844.txt
HTAR: a   instcat_y05_191109/job_log_01189845.txt
HTAR: a   instcat_y05_191109/job_log_01189846.txt
HTAR: a   instcat_y05_191109/job_log_01189847.txt
HTAR: a   instcat_y05_191109/job_log_01189848.txt
HTAR: a   instcat_y05_191109/job_log_01189943.txt
HTAR: a   instcat_y05_191109/job_log_01189944.txt
HTAR: a   instcat_y05_191109/job_log_01189945.txt
HTAR: a   instcat_y05_191109/job_log_01189946.txt
HTAR: a   instcat_y05_191109/job_log_01189948.txt
HTAR: a   instcat_y05_191109/job_log_01189949.txt
HTAR: a   instcat_y05_191109/job_log_01189950.txt
HTAR: a   instcat_y05_191109/job_log_01189951.txt
HTAR: a   instcat_y05_191109/job_log_01189952.txt
HTAR: a   instcat_y05_191109/job_log_01189953.txt
HTAR: a   instcat_y05_191109/job_log_01189954.txt
HTAR: a   instcat_y05_191109/job_log_01189973.txt
HTAR: a   instcat_y05_191109/job_log_01189974.txt
HTAR: a   instcat_y05_191109/job_log_01189975.txt
HTAR: a   instcat_y05_191109/job_log_01189976.txt
HTAR: a   instcat_y05_191109/job_log_01189978.txt
HTAR: a   instcat_y05_191109/job_log_01189979.txt
HTAR: a   instcat_y05_191109/job_log_01189980.txt
HTAR: a   instcat_y05_191109/job_log_01189981.txt
HTAR: a   instcat_y05_191109/job_log_01189982.txt
HTAR: a   instcat_y05_191109/job_log_01189983.txt
HTAR: a   instcat_y05_191109/job_log_01189984.txt
HTAR: a   instcat_y05_191109/job_log_01189985.txt
HTAR: a   instcat_y05_191109/job_log_01190300.txt
HTAR: a   instcat_y05_191109/job_log_01190305.txt
HTAR: a   instcat_y05_191109/job_log_01190306.txt
HTAR: a   instcat_y05_191109/job_log_01190307.txt
HTAR: a   instcat_y05_191109/job_log_01190657.txt
HTAR: a   instcat_y05_191109/job_log_01190658.txt
HTAR: a   instcat_y05_191109/job_log_01190659.txt
HTAR: a   instcat_y05_191109/job_log_01190660.txt
HTAR: a   instcat_y05_191109/job_log_01190661.txt
HTAR: a   instcat_y05_191109/job_log_01190662.txt
HTAR: a   instcat_y05_191109/job_log_01190663.txt
HTAR: a   instcat_y05_191109/job_log_01190664.txt
HTAR: a   instcat_y05_191109/job_log_01190665.txt
HTAR: a   instcat_y05_191109/job_log_01190666.txt
HTAR: a   instcat_y05_191109/job_log_01190667.txt
HTAR: a   instcat_y05_191109/job_log_01190668.txt
HTAR: a   instcat_y05_191109/job_log_01190669.txt
HTAR: a   instcat_y05_191109/job_log_01190670.txt
HTAR: a   instcat_y05_191109/job_log_01190671.txt
HTAR: a   instcat_y05_191109/job_log_01190672.txt
HTAR: a   instcat_y05_191109/job_log_01190673.txt
HTAR: a   instcat_y05_191109/job_log_01190674.txt
HTAR: a   instcat_y05_191109/job_log_01190675.txt
HTAR: a   instcat_y05_191109/job_log_01190676.txt
HTAR: a   instcat_y05_191109/job_log_01190715.txt
HTAR: a   instcat_y05_191109/job_log_01190716.txt
HTAR: a   instcat_y05_191109/job_log_01190717.txt
HTAR: a   instcat_y05_191109/job_log_01190718.txt
HTAR: a   instcat_y05_191109/job_log_01190719.txt
HTAR: a   instcat_y05_191109/job_log_01190720.txt
HTAR: a   instcat_y05_191109/job_log_01190721.txt
HTAR: a   instcat_y05_191109/job_log_01190722.txt
HTAR: a   instcat_y05_191109/job_log_01190723.txt
HTAR: a   instcat_y05_191109/job_log_01190724.txt
HTAR: a   instcat_y05_191109/job_log_01190725.txt
HTAR: a   instcat_y05_191109/job_log_01190726.txt
HTAR: a   instcat_y05_191109/job_log_01190755.txt
HTAR: a   instcat_y05_191109/job_log_01190756.txt
HTAR: a   instcat_y05_191109/job_log_01190757.txt
HTAR: a   instcat_y05_191109/job_log_01190758.txt
HTAR: a   instcat_y05_191109/job_log_01190759.txt
HTAR: a   instcat_y05_191109/job_log_01190760.txt
HTAR: a   instcat_y05_191109/job_log_01190761.txt
HTAR: a   instcat_y05_191109/job_log_01190762.txt
HTAR: a   instcat_y05_191109/job_log_01190763.txt
HTAR: a   instcat_y05_191109/job_log_01190764.txt
HTAR: a   instcat_y05_191109/job_log_01190765.txt
HTAR: a   instcat_y05_191109/job_log_01190766.txt
HTAR: a   instcat_y05_191109/job_log_01190767.txt
HTAR: a   instcat_y05_191109/job_log_01190768.txt
HTAR: a   /tmp/HTAR_CF_CHK_51532_1580745472
HTAR Create complete for /home/projects/desc/DC2_ImSim/Run2.2i/instCat/y05_191109/01189172to01190768.tar. 555,548,508,160 bytes written for 240 member files, max threads: 50 Transfer time: 4148.099 seconds (133.928 MB/s) wallclock/user/sys: 4150.248 4548.332 1766.842 seconds
HTAR: HTAR SUCCESSFUL
HTAR: a   instcat_y05_191109/01190777.tar.gz
HTAR: a   instcat_y05_191109/01190778.tar.gz
HTAR: a   instcat_y05_191109/01190780.tar.gz
HTAR: a   instcat_y05_191109/01190781.tar.gz
HTAR: a   instcat_y05_191109/01190782.tar.gz
HTAR: a   instcat_y05_191109/01190783.tar.gz
HTAR: a   instcat_y05_191109/01190810.tar.gz
HTAR: a   instcat_y05_191109/01190811.tar.gz
HTAR: a   instcat_y05_191109/01190812.tar.gz
HTAR: a   instcat_y05_191109/01190813.tar.gz
HTAR: a   instcat_y05_191109/01190814.tar.gz
HTAR: a   instcat_y05_191109/01190815.tar.gz
HTAR: a   instcat_y05_191109/01190816.tar.gz
HTAR: a   instcat_y05_191109/01190817.tar.gz
HTAR: a   instcat_y05_191109/01191226.tar.gz
HTAR: a   instcat_y05_191109/01191227.tar.gz
HTAR: a   instcat_y05_191109/01191228.tar.gz
HTAR: a   instcat_y05_191109/01191229.tar.gz
HTAR: a   instcat_y05_191109/01191230.tar.gz
HTAR: a   instcat_y05_191109/01191231.tar.gz
HTAR: a   instcat_y05_191109/01191232.tar.gz
HTAR: a   instcat_y05_191109/01191233.tar.gz
HTAR: a   instcat_y05_191109/01191234.tar.gz
HTAR: a   instcat_y05_191109/01191235.tar.gz
HTAR: a   instcat_y05_191109/01191236.tar.gz
HTAR: a   instcat_y05_191109/01191237.tar.gz
HTAR: a   instcat_y05_191109/01191238.tar.gz
HTAR: a   instcat_y05_191109/01191239.tar.gz
HTAR: a   instcat_y05_191109/01191240.tar.gz
HTAR: a   instcat_y05_191109/01191241.tar.gz
HTAR: a   instcat_y05_191109/01191242.tar.gz
HTAR: a   instcat_y05_191109/01191243.tar.gz
HTAR: a   instcat_y05_191109/01191244.tar.gz
HTAR: a   instcat_y05_191109/01191245.tar.gz
HTAR: a   instcat_y05_191109/01192098.tar.gz
HTAR: a   instcat_y05_191109/01192099.tar.gz
HTAR: a   instcat_y05_191109/01192101.tar.gz
HTAR: a   instcat_y05_191109/01192102.tar.gz
HTAR: a   instcat_y05_191109/01192103.tar.gz
HTAR: a   instcat_y05_191109/01192104.tar.gz
HTAR: a   instcat_y05_191109/01192125.tar.gz
HTAR: a   instcat_y05_191109/01192126.tar.gz
HTAR: a   instcat_y05_191109/01192127.tar.gz
HTAR: a   instcat_y05_191109/01192128.tar.gz
HTAR: a   instcat_y05_191109/01192132.tar.gz
HTAR: a   instcat_y05_191109/01192133.tar.gz
HTAR: a   instcat_y05_191109/01192137.tar.gz
HTAR: a   instcat_y05_191109/01192138.tar.gz
HTAR: a   instcat_y05_191109/01192139.tar.gz
HTAR: a   instcat_y05_191109/01192140.tar.gz
HTAR: a   instcat_y05_191109/01192141.tar.gz
HTAR: a   instcat_y05_191109/01192142.tar.gz
HTAR: a   instcat_y05_191109/01192143.tar.gz
HTAR: a   instcat_y05_191109/01192150.tar.gz
HTAR: a   instcat_y05_191109/01192151.tar.gz
HTAR: a   instcat_y05_191109/01192152.tar.gz
HTAR: a   instcat_y05_191109/01192153.tar.gz
HTAR: a   instcat_y05_191109/01192154.tar.gz
HTAR: a   instcat_y05_191109/01192173.tar.gz
HTAR: a   instcat_y05_191109/01192174.tar.gz
HTAR: a   instcat_y05_191109/01192175.tar.gz
HTAR: a   instcat_y05_191109/01192176.tar.gz
HTAR: a   instcat_y05_191109/01192179.tar.gz
HTAR: a   instcat_y05_191109/01192180.tar.gz
HTAR: a   instcat_y05_191109/01192181.tar.gz
HTAR: a   instcat_y05_191109/01192185.tar.gz
HTAR: a   instcat_y05_191109/01192186.tar.gz
HTAR: a   instcat_y05_191109/01192187.tar.gz
HTAR: a   instcat_y05_191109/01192188.tar.gz
HTAR: a   instcat_y05_191109/01192189.tar.gz
HTAR: a   instcat_y05_191109/01192190.tar.gz
HTAR: a   instcat_y05_191109/01192194.tar.gz
HTAR: a   instcat_y05_191109/01192195.tar.gz
HTAR: a   instcat_y05_191109/01192197.tar.gz
HTAR: a   instcat_y05_191109/01192204.tar.gz
HTAR: a   instcat_y05_191109/01192205.tar.gz
HTAR: a   instcat_y05_191109/01192238.tar.gz
HTAR: a   instcat_y05_191109/01192247.tar.gz
HTAR: a   instcat_y05_191109/01192248.tar.gz
HTAR: a   instcat_y05_191109/01192249.tar.gz
HTAR: a   instcat_y05_191109/01192250.tar.gz
HTAR: a   instcat_y05_191109/01192251.tar.gz
HTAR: a   instcat_y05_191109/01192252.tar.gz
HTAR: a   instcat_y05_191109/01192287.tar.gz
HTAR: a   instcat_y05_191109/01192288.tar.gz
HTAR: a   instcat_y05_191109/01192289.tar.gz
HTAR: a   instcat_y05_191109/01192290.tar.gz
HTAR: a   instcat_y05_191109/01192320.tar.gz
HTAR: a   instcat_y05_191109/01192321.tar.gz
HTAR: a   instcat_y05_191109/01192506.tar.gz
HTAR: a   instcat_y05_191109/01192507.tar.gz
HTAR: a   instcat_y05_191109/01192510.tar.gz
HTAR: a   instcat_y05_191109/01192511.tar.gz
HTAR: a   instcat_y05_191109/01192852.tar.gz
HTAR: a   instcat_y05_191109/01192889.tar.gz
HTAR: a   instcat_y05_191109/01192892.tar.gz
HTAR: a   instcat_y05_191109/01192893.tar.gz
HTAR: a   instcat_y05_191109/01192924.tar.gz
HTAR: a   instcat_y05_191109/01192925.tar.gz
HTAR: a   instcat_y05_191109/01192937.tar.gz
HTAR: a   instcat_y05_191109/01192938.tar.gz
HTAR: a   instcat_y05_191109/01192939.tar.gz
HTAR: a   instcat_y05_191109/01192940.tar.gz
HTAR: a   instcat_y05_191109/01192941.tar.gz
HTAR: a   instcat_y05_191109/01192942.tar.gz
HTAR: a   instcat_y05_191109/01192943.tar.gz
HTAR: a   instcat_y05_191109/01192944.tar.gz
HTAR: a   instcat_y05_191109/01192945.tar.gz
HTAR: a   instcat_y05_191109/01192946.tar.gz
HTAR: a   instcat_y05_191109/01192947.tar.gz
HTAR: a   instcat_y05_191109/01192948.tar.gz
HTAR: a   instcat_y05_191109/01192949.tar.gz
HTAR: a   instcat_y05_191109/01192950.tar.gz
HTAR: a   instcat_y05_191109/01192951.tar.gz
HTAR: a   instcat_y05_191109/01192963.tar.gz
HTAR: a   instcat_y05_191109/01192964.tar.gz
HTAR: a   instcat_y05_191109/01192965.tar.gz
HTAR: a   instcat_y05_191109/01192966.tar.gz
HTAR: a   instcat_y05_191109/01192967.tar.gz
HTAR: a   instcat_y05_191109/01192968.tar.gz
HTAR: a   instcat_y05_191109/job_log_01190777.txt
HTAR: a   instcat_y05_191109/job_log_01190778.txt
HTAR: a   instcat_y05_191109/job_log_01190780.txt
HTAR: a   instcat_y05_191109/job_log_01190781.txt
HTAR: a   instcat_y05_191109/job_log_01190782.txt
HTAR: a   instcat_y05_191109/job_log_01190783.txt
HTAR: a   instcat_y05_191109/job_log_01190810.txt
HTAR: a   instcat_y05_191109/job_log_01190811.txt
HTAR: a   instcat_y05_191109/job_log_01190812.txt
HTAR: a   instcat_y05_191109/job_log_01190813.txt
HTAR: a   instcat_y05_191109/job_log_01190814.txt
HTAR: a   instcat_y05_191109/job_log_01190815.txt
HTAR: a   instcat_y05_191109/job_log_01190816.txt
HTAR: a   instcat_y05_191109/job_log_01190817.txt
HTAR: a   instcat_y05_191109/job_log_01191226.txt
HTAR: a   instcat_y05_191109/job_log_01191227.txt
HTAR: a   instcat_y05_191109/job_log_01191228.txt
HTAR: a   instcat_y05_191109/job_log_01191229.txt
HTAR: a   instcat_y05_191109/job_log_01191230.txt
HTAR: a   instcat_y05_191109/job_log_01191231.txt
HTAR: a   instcat_y05_191109/job_log_01191232.txt
HTAR: a   instcat_y05_191109/job_log_01191233.txt
HTAR: a   instcat_y05_191109/job_log_01191234.txt
HTAR: a   instcat_y05_191109/job_log_01191235.txt
HTAR: a   instcat_y05_191109/job_log_01191236.txt
HTAR: a   instcat_y05_191109/job_log_01191237.txt
HTAR: a   instcat_y05_191109/job_log_01191238.txt
HTAR: a   instcat_y05_191109/job_log_01191239.txt
HTAR: a   instcat_y05_191109/job_log_01191240.txt
HTAR: a   instcat_y05_191109/job_log_01191241.txt
HTAR: a   instcat_y05_191109/job_log_01191242.txt
HTAR: a   instcat_y05_191109/job_log_01191243.txt
HTAR: a   instcat_y05_191109/job_log_01191244.txt
HTAR: a   instcat_y05_191109/job_log_01191245.txt
HTAR: a   instcat_y05_191109/job_log_01192098.txt
HTAR: a   instcat_y05_191109/job_log_01192099.txt
HTAR: a   instcat_y05_191109/job_log_01192101.txt
HTAR: a   instcat_y05_191109/job_log_01192102.txt
HTAR: a   instcat_y05_191109/job_log_01192103.txt
HTAR: a   instcat_y05_191109/job_log_01192104.txt
HTAR: a   instcat_y05_191109/job_log_01192125.txt
HTAR: a   instcat_y05_191109/job_log_01192126.txt
HTAR: a   instcat_y05_191109/job_log_01192127.txt
HTAR: a   instcat_y05_191109/job_log_01192128.txt
HTAR: a   instcat_y05_191109/job_log_01192132.txt
HTAR: a   instcat_y05_191109/job_log_01192133.txt
HTAR: a   instcat_y05_191109/job_log_01192137.txt
HTAR: a   instcat_y05_191109/job_log_01192138.txt
HTAR: a   instcat_y05_191109/job_log_01192139.txt
HTAR: a   instcat_y05_191109/job_log_01192140.txt
HTAR: a   instcat_y05_191109/job_log_01192141.txt
HTAR: a   instcat_y05_191109/job_log_01192142.txt
HTAR: a   instcat_y05_191109/job_log_01192143.txt
HTAR: a   instcat_y05_191109/job_log_01192150.txt
HTAR: a   instcat_y05_191109/job_log_01192151.txt
HTAR: a   instcat_y05_191109/job_log_01192152.txt
HTAR: a   instcat_y05_191109/job_log_01192153.txt
HTAR: a   instcat_y05_191109/job_log_01192154.txt
HTAR: a   instcat_y05_191109/job_log_01192173.txt
HTAR: a   instcat_y05_191109/job_log_01192174.txt
HTAR: a   instcat_y05_191109/job_log_01192175.txt
HTAR: a   instcat_y05_191109/job_log_01192176.txt
HTAR: a   instcat_y05_191109/job_log_01192179.txt
HTAR: a   instcat_y05_191109/job_log_01192180.txt
HTAR: a   instcat_y05_191109/job_log_01192181.txt
HTAR: a   instcat_y05_191109/job_log_01192185.txt
HTAR: a   instcat_y05_191109/job_log_01192186.txt
HTAR: a   instcat_y05_191109/job_log_01192187.txt
HTAR: a   instcat_y05_191109/job_log_01192188.txt
HTAR: a   instcat_y05_191109/job_log_01192189.txt
HTAR: a   instcat_y05_191109/job_log_01192190.txt
HTAR: a   instcat_y05_191109/job_log_01192194.txt
HTAR: a   instcat_y05_191109/job_log_01192195.txt
HTAR: a   instcat_y05_191109/job_log_01192197.txt
HTAR: a   instcat_y05_191109/job_log_01192204.txt
HTAR: a   instcat_y05_191109/job_log_01192205.txt
HTAR: a   instcat_y05_191109/job_log_01192238.txt
HTAR: a   instcat_y05_191109/job_log_01192247.txt
HTAR: a   instcat_y05_191109/job_log_01192248.txt
HTAR: a   instcat_y05_191109/job_log_01192249.txt
HTAR: a   instcat_y05_191109/job_log_01192250.txt
HTAR: a   instcat_y05_191109/job_log_01192251.txt
HTAR: a   instcat_y05_191109/job_log_01192252.txt
HTAR: a   instcat_y05_191109/job_log_01192287.txt
HTAR: a   instcat_y05_191109/job_log_01192288.txt
HTAR: a   instcat_y05_191109/job_log_01192289.txt
HTAR: a   instcat_y05_191109/job_log_01192290.txt
HTAR: a   instcat_y05_191109/job_log_01192320.txt
HTAR: a   instcat_y05_191109/job_log_01192321.txt
HTAR: a   instcat_y05_191109/job_log_01192506.txt
HTAR: a   instcat_y05_191109/job_log_01192507.txt
HTAR: a   instcat_y05_191109/job_log_01192510.txt
HTAR: a   instcat_y05_191109/job_log_01192511.txt
HTAR: a   instcat_y05_191109/job_log_01192852.txt
HTAR: a   instcat_y05_191109/job_log_01192889.txt
HTAR: a   instcat_y05_191109/job_log_01192892.txt
HTAR: a   instcat_y05_191109/job_log_01192893.txt
HTAR: a   instcat_y05_191109/job_log_01192924.txt
HTAR: a   instcat_y05_191109/job_log_01192925.txt
HTAR: a   instcat_y05_191109/job_log_01192937.txt
HTAR: a   instcat_y05_191109/job_log_01192938.txt
HTAR: a   instcat_y05_191109/job_log_01192939.txt
HTAR: a   instcat_y05_191109/job_log_01192940.txt
HTAR: a   instcat_y05_191109/job_log_01192941.txt
HTAR: a   instcat_y05_191109/job_log_01192942.txt
HTAR: a   instcat_y05_191109/job_log_01192943.txt
HTAR: a   instcat_y05_191109/job_log_01192944.txt
HTAR: a   instcat_y05_191109/job_log_01192945.txt
HTAR: a   instcat_y05_191109/job_log_01192946.txt
HTAR: a   instcat_y05_191109/job_log_01192947.txt
HTAR: a   instcat_y05_191109/job_log_01192948.txt
HTAR: a   instcat_y05_191109/job_log_01192949.txt
HTAR: a   instcat_y05_191109/job_log_01192950.txt
HTAR: a   instcat_y05_191109/job_log_01192951.txt
HTAR: a   instcat_y05_191109/job_log_01192963.txt
HTAR: a   instcat_y05_191109/job_log_01192964.txt
HTAR: a   instcat_y05_191109/job_log_01192965.txt
HTAR: a   instcat_y05_191109/job_log_01192966.txt
HTAR: a   instcat_y05_191109/job_log_01192967.txt
HTAR: a   instcat_y05_191109/job_log_01192968.txt
HTAR: a   /tmp/HTAR_CF_CHK_5834_1580749629
HTAR Create complete for /home/projects/desc/DC2_ImSim/Run2.2i/instCat/y05_191109/01190777to01192968.tar. 524,879,560,704 bytes written for 240 member files, max threads: 50 Transfer time: 3778.387 seconds (138.916 MB/s) wallclock/user/sys: 3784.592 4471.923 1732.922 seconds
HTAR: HTAR SUCCESSFUL
HTAR: a   instcat_y05_191109/01192974.tar.gz
HTAR: a   instcat_y05_191109/01192975.tar.gz
HTAR: a   instcat_y05_191109/01192976.tar.gz
HTAR: a   instcat_y05_191109/01192977.tar.gz
HTAR: a   instcat_y05_191109/01192978.tar.gz
HTAR: a   instcat_y05_191109/01192979.tar.gz
HTAR: a   instcat_y05_191109/01192980.tar.gz
HTAR: a   instcat_y05_191109/01192981.tar.gz
HTAR: a   instcat_y05_191109/01192982.tar.gz
HTAR: a   instcat_y05_191109/01192983.tar.gz
HTAR: a   instcat_y05_191109/01192987.tar.gz
HTAR: a   instcat_y05_191109/01192988.tar.gz
HTAR: a   instcat_y05_191109/01192989.tar.gz
HTAR: a   instcat_y05_191109/01192990.tar.gz
HTAR: a   instcat_y05_191109/01192991.tar.gz
HTAR: a   instcat_y05_191109/01192992.tar.gz
HTAR: a   instcat_y05_191109/01192994.tar.gz
HTAR: a   instcat_y05_191109/01193011.tar.gz
HTAR: a   instcat_y05_191109/01193022.tar.gz
HTAR: a   instcat_y05_191109/01193023.tar.gz
HTAR: a   instcat_y05_191109/01193024.tar.gz
HTAR: a   instcat_y05_191109/01193025.tar.gz
HTAR: a   instcat_y05_191109/01193026.tar.gz
HTAR: a   instcat_y05_191109/01193027.tar.gz
HTAR: a   instcat_y05_191109/01193029.tar.gz
HTAR: a   instcat_y05_191109/01193046.tar.gz
HTAR: a   instcat_y05_191109/01193073.tar.gz
HTAR: a   instcat_y05_191109/01193075.tar.gz
HTAR: a   instcat_y05_191109/01193102.tar.gz
HTAR: a   instcat_y05_191109/01193113.tar.gz
HTAR: a   instcat_y05_191109/01193114.tar.gz
HTAR: a   instcat_y05_191109/01193115.tar.gz
HTAR: a   instcat_y05_191109/01193116.tar.gz
HTAR: a   instcat_y05_191109/01193632.tar.gz
HTAR: a   instcat_y05_191109/01193633.tar.gz
HTAR: a   instcat_y05_191109/01193634.tar.gz
HTAR: a   instcat_y05_191109/01193662.tar.gz
HTAR: a   instcat_y05_191109/01193664.tar.gz
HTAR: a   instcat_y05_191109/01193665.tar.gz
HTAR: a   instcat_y05_191109/01193688.tar.gz
HTAR: a   instcat_y05_191109/01193690.tar.gz
HTAR: a   instcat_y05_191109/01193691.tar.gz
HTAR: a   instcat_y05_191109/01193692.tar.gz
HTAR: a   instcat_y05_191109/01193693.tar.gz
HTAR: a   instcat_y05_191109/01193694.tar.gz
HTAR: a   instcat_y05_191109/01193695.tar.gz
HTAR: a   instcat_y05_191109/01193696.tar.gz
HTAR: a   instcat_y05_191109/01193697.tar.gz
HTAR: a   instcat_y05_191109/01193698.tar.gz
HTAR: a   instcat_y05_191109/01193699.tar.gz
HTAR: a   instcat_y05_191109/01193700.tar.gz
HTAR: a   instcat_y05_191109/01193701.tar.gz
HTAR: a   instcat_y05_191109/01193702.tar.gz
HTAR: a   instcat_y05_191109/01193703.tar.gz
HTAR: a   instcat_y05_191109/01193704.tar.gz
HTAR: a   instcat_y05_191109/01193725.tar.gz
HTAR: a   instcat_y05_191109/01193726.tar.gz
HTAR: a   instcat_y05_191109/01193727.tar.gz
HTAR: a   instcat_y05_191109/01193728.tar.gz
HTAR: a   instcat_y05_191109/01193729.tar.gz
HTAR: a   instcat_y05_191109/01193730.tar.gz
HTAR: a   instcat_y05_191109/01193731.tar.gz
HTAR: a   instcat_y05_191109/01193732.tar.gz
HTAR: a   instcat_y05_191109/01193733.tar.gz
HTAR: a   instcat_y05_191109/01193734.tar.gz
HTAR: a   instcat_y05_191109/01193735.tar.gz
HTAR: a   instcat_y05_191109/01193736.tar.gz
HTAR: a   instcat_y05_191109/01193737.tar.gz
HTAR: a   instcat_y05_191109/01193738.tar.gz
HTAR: a   instcat_y05_191109/01193739.tar.gz
HTAR: a   instcat_y05_191109/01193751.tar.gz
HTAR: a   instcat_y05_191109/01193752.tar.gz
HTAR: a   instcat_y05_191109/01193753.tar.gz
HTAR: a   instcat_y05_191109/01193754.tar.gz
HTAR: a   instcat_y05_191109/01193760.tar.gz
HTAR: a   instcat_y05_191109/01193776.tar.gz
HTAR: a   instcat_y05_191109/01193777.tar.gz
HTAR: a   instcat_y05_191109/01193779.tar.gz
HTAR: a   instcat_y05_191109/01193780.tar.gz
HTAR: a   instcat_y05_191109/01193787.tar.gz
HTAR: a   instcat_y05_191109/01193788.tar.gz
HTAR: a   instcat_y05_191109/01193835.tar.gz
HTAR: a   instcat_y05_191109/01193846.tar.gz
HTAR: a   instcat_y05_191109/01193847.tar.gz
HTAR: a   instcat_y05_191109/01193888.tar.gz
HTAR: a   instcat_y05_191109/01193889.tar.gz
HTAR: a   instcat_y05_191109/01193898.tar.gz
HTAR: a   instcat_y05_191109/01193899.tar.gz
HTAR: a   instcat_y05_191109/01193908.tar.gz
HTAR: a   instcat_y05_191109/01193909.tar.gz
HTAR: a   instcat_y05_191109/01193910.tar.gz
HTAR: a   instcat_y05_191109/01193911.tar.gz
HTAR: a   instcat_y05_191109/01193912.tar.gz
HTAR: a   instcat_y05_191109/01193913.tar.gz
HTAR: a   instcat_y05_191109/01193914.tar.gz
HTAR: a   instcat_y05_191109/01193915.tar.gz
HTAR: a   instcat_y05_191109/01193916.tar.gz
HTAR: a   instcat_y05_191109/01193917.tar.gz
HTAR: a   instcat_y05_191109/01193918.tar.gz
HTAR: a   instcat_y05_191109/01193919.tar.gz
HTAR: a   instcat_y05_191109/01193920.tar.gz
HTAR: a   instcat_y05_191109/01193921.tar.gz
HTAR: a   instcat_y05_191109/01193922.tar.gz
HTAR: a   instcat_y05_191109/01193923.tar.gz
HTAR: a   instcat_y05_191109/01193949.tar.gz
HTAR: a   instcat_y05_191109/01193954.tar.gz
HTAR: a   instcat_y05_191109/01193956.tar.gz
HTAR: a   instcat_y05_191109/01193957.tar.gz
HTAR: a   instcat_y05_191109/01193958.tar.gz
HTAR: a   instcat_y05_191109/01193959.tar.gz
HTAR: a   instcat_y05_191109/01193960.tar.gz
HTAR: a   instcat_y05_191109/01193961.tar.gz
HTAR: a   instcat_y05_191109/01193962.tar.gz
HTAR: a   instcat_y05_191109/01193963.tar.gz
HTAR: a   instcat_y05_191109/01193964.tar.gz
HTAR: a   instcat_y05_191109/01193965.tar.gz
HTAR: a   instcat_y05_191109/01193966.tar.gz
HTAR: a   instcat_y05_191109/01193967.tar.gz
HTAR: a   instcat_y05_191109/01193968.tar.gz
HTAR: a   instcat_y05_191109/01193969.tar.gz
HTAR: a   instcat_y05_191109/job_log_01192974.txt
HTAR: a   instcat_y05_191109/job_log_01192975.txt
HTAR: a   instcat_y05_191109/job_log_01192976.txt
HTAR: a   instcat_y05_191109/job_log_01192977.txt
HTAR: a   instcat_y05_191109/job_log_01192978.txt
HTAR: a   instcat_y05_191109/job_log_01192979.txt
HTAR: a   instcat_y05_191109/job_log_01192980.txt
HTAR: a   instcat_y05_191109/job_log_01192981.txt
HTAR: a   instcat_y05_191109/job_log_01192982.txt
HTAR: a   instcat_y05_191109/job_log_01192983.txt
HTAR: a   instcat_y05_191109/job_log_01192987.txt
HTAR: a   instcat_y05_191109/job_log_01192988.txt
HTAR: a   instcat_y05_191109/job_log_01192989.txt
HTAR: a   instcat_y05_191109/job_log_01192990.txt
HTAR: a   instcat_y05_191109/job_log_01192991.txt
HTAR: a   instcat_y05_191109/job_log_01192992.txt
HTAR: a   instcat_y05_191109/job_log_01192994.txt
HTAR: a   instcat_y05_191109/job_log_01193011.txt
HTAR: a   instcat_y05_191109/job_log_01193022.txt
HTAR: a   instcat_y05_191109/job_log_01193023.txt
HTAR: a   instcat_y05_191109/job_log_01193024.txt
HTAR: a   instcat_y05_191109/job_log_01193025.txt
HTAR: a   instcat_y05_191109/job_log_01193026.txt
HTAR: a   instcat_y05_191109/job_log_01193027.txt
HTAR: a   instcat_y05_191109/job_log_01193029.txt
HTAR: a   instcat_y05_191109/job_log_01193046.txt
HTAR: a   instcat_y05_191109/job_log_01193073.txt
HTAR: a   instcat_y05_191109/job_log_01193075.txt
HTAR: a   instcat_y05_191109/job_log_01193102.txt
HTAR: a   instcat_y05_191109/job_log_01193113.txt
HTAR: a   instcat_y05_191109/job_log_01193114.txt
HTAR: a   instcat_y05_191109/job_log_01193115.txt
HTAR: a   instcat_y05_191109/job_log_01193116.txt
HTAR: a   instcat_y05_191109/job_log_01193632.txt
HTAR: a   instcat_y05_191109/job_log_01193633.txt
HTAR: a   instcat_y05_191109/job_log_01193634.txt
HTAR: a   instcat_y05_191109/job_log_01193662.txt
HTAR: a   instcat_y05_191109/job_log_01193664.txt
HTAR: a   instcat_y05_191109/job_log_01193665.txt
HTAR: a   instcat_y05_191109/job_log_01193688.txt
HTAR: a   instcat_y05_191109/job_log_01193690.txt
HTAR: a   instcat_y05_191109/job_log_01193691.txt
HTAR: a   instcat_y05_191109/job_log_01193692.txt
HTAR: a   instcat_y05_191109/job_log_01193693.txt
HTAR: a   instcat_y05_191109/job_log_01193694.txt
HTAR: a   instcat_y05_191109/job_log_01193695.txt
HTAR: a   instcat_y05_191109/job_log_01193696.txt
HTAR: a   instcat_y05_191109/job_log_01193697.txt
HTAR: a   instcat_y05_191109/job_log_01193698.txt
HTAR: a   instcat_y05_191109/job_log_01193699.txt
HTAR: a   instcat_y05_191109/job_log_01193700.txt
HTAR: a   instcat_y05_191109/job_log_01193701.txt
HTAR: a   instcat_y05_191109/job_log_01193702.txt
HTAR: a   instcat_y05_191109/job_log_01193703.txt
HTAR: a   instcat_y05_191109/job_log_01193704.txt
HTAR: a   instcat_y05_191109/job_log_01193725.txt
HTAR: a   instcat_y05_191109/job_log_01193726.txt
HTAR: a   instcat_y05_191109/job_log_01193727.txt
HTAR: a   instcat_y05_191109/job_log_01193728.txt
HTAR: a   instcat_y05_191109/job_log_01193729.txt
HTAR: a   instcat_y05_191109/job_log_01193730.txt
HTAR: a   instcat_y05_191109/job_log_01193731.txt
HTAR: a   instcat_y05_191109/job_log_01193732.txt
HTAR: a   instcat_y05_191109/job_log_01193733.txt
HTAR: a   instcat_y05_191109/job_log_01193734.txt
HTAR: a   instcat_y05_191109/job_log_01193735.txt
HTAR: a   instcat_y05_191109/job_log_01193736.txt
HTAR: a   instcat_y05_191109/job_log_01193737.txt
HTAR: a   instcat_y05_191109/job_log_01193738.txt
HTAR: a   instcat_y05_191109/job_log_01193739.txt
HTAR: a   instcat_y05_191109/job_log_01193751.txt
HTAR: a   instcat_y05_191109/job_log_01193752.txt
HTAR: a   instcat_y05_191109/job_log_01193753.txt
HTAR: a   instcat_y05_191109/job_log_01193754.txt
HTAR: a   instcat_y05_191109/job_log_01193760.txt
HTAR: a   instcat_y05_191109/job_log_01193776.txt
HTAR: a   instcat_y05_191109/job_log_01193777.txt
HTAR: a   instcat_y05_191109/job_log_01193779.txt
HTAR: a   instcat_y05_191109/job_log_01193780.txt
HTAR: a   instcat_y05_191109/job_log_01193787.txt
HTAR: a   instcat_y05_191109/job_log_01193788.txt
HTAR: a   instcat_y05_191109/job_log_01193835.txt
HTAR: a   instcat_y05_191109/job_log_01193846.txt
HTAR: a   instcat_y05_191109/job_log_01193847.txt
HTAR: a   instcat_y05_191109/job_log_01193888.txt
HTAR: a   instcat_y05_191109/job_log_01193889.txt
HTAR: a   instcat_y05_191109/job_log_01193898.txt
HTAR: a   instcat_y05_191109/job_log_01193899.txt
HTAR: a   instcat_y05_191109/job_log_01193908.txt
HTAR: a   instcat_y05_191109/job_log_01193909.txt
HTAR: a   instcat_y05_191109/job_log_01193910.txt
HTAR: a   instcat_y05_191109/job_log_01193911.txt
HTAR: a   instcat_y05_191109/job_log_01193912.txt
HTAR: a   instcat_y05_191109/job_log_01193913.txt
HTAR: a   instcat_y05_191109/job_log_01193914.txt
HTAR: a   instcat_y05_191109/job_log_01193915.txt
HTAR: a   instcat_y05_191109/job_log_01193916.txt
HTAR: a   instcat_y05_191109/job_log_01193917.txt
HTAR: a   instcat_y05_191109/job_log_01193918.txt
HTAR: a   instcat_y05_191109/job_log_01193919.txt
HTAR: a   instcat_y05_191109/job_log_01193920.txt
HTAR: a   instcat_y05_191109/job_log_01193921.txt
HTAR: a   instcat_y05_191109/job_log_01193922.txt
HTAR: a   instcat_y05_191109/job_log_01193923.txt
HTAR: a   instcat_y05_191109/job_log_01193949.txt
HTAR: a   instcat_y05_191109/job_log_01193954.txt
HTAR: a   instcat_y05_191109/job_log_01193956.txt
HTAR: a   instcat_y05_191109/job_log_01193957.txt
HTAR: a   instcat_y05_191109/job_log_01193958.txt
HTAR: a   instcat_y05_191109/job_log_01193959.txt
HTAR: a   instcat_y05_191109/job_log_01193960.txt
HTAR: a   instcat_y05_191109/job_log_01193961.txt
HTAR: a   instcat_y05_191109/job_log_01193962.txt
HTAR: a   instcat_y05_191109/job_log_01193963.txt
HTAR: a   instcat_y05_191109/job_log_01193964.txt
HTAR: a   instcat_y05_191109/job_log_01193965.txt
HTAR: a   instcat_y05_191109/job_log_01193966.txt
HTAR: a   instcat_y05_191109/job_log_01193967.txt
HTAR: a   instcat_y05_191109/job_log_01193968.txt
HTAR: a   instcat_y05_191109/job_log_01193969.txt
HTAR: a   /tmp/HTAR_CF_CHK_60004_1580753411
HTAR Create complete for /home/projects/desc/DC2_ImSim/Run2.2i/instCat/y05_191109/01192974to01193969.tar. 536,297,344,512 bytes written for 240 member files, max threads: 50 Transfer time: 3854.546 seconds (139.134 MB/s) wallclock/user/sys: 3854.892 4566.483 1768.021 seconds
HTAR: HTAR SUCCESSFUL
HTAR: a   instcat_y05_191109/01193970.tar.gz
HTAR: a   instcat_y05_191109/01194139.tar.gz
HTAR: a   instcat_y05_191109/01194149.tar.gz
HTAR: a   instcat_y05_191109/01194152.tar.gz
HTAR: a   instcat_y05_191109/01194160.tar.gz
HTAR: a   instcat_y05_191109/01194511.tar.gz
HTAR: a   instcat_y05_191109/01194512.tar.gz
HTAR: a   instcat_y05_191109/01194513.tar.gz
HTAR: a   instcat_y05_191109/01194514.tar.gz
HTAR: a   instcat_y05_191109/01194515.tar.gz
HTAR: a   instcat_y05_191109/01194516.tar.gz
HTAR: a   instcat_y05_191109/01194517.tar.gz
HTAR: a   instcat_y05_191109/01194518.tar.gz
HTAR: a   instcat_y05_191109/01194519.tar.gz
HTAR: a   instcat_y05_191109/01194520.tar.gz
HTAR: a   instcat_y05_191109/01194521.tar.gz
HTAR: a   instcat_y05_191109/01194522.tar.gz
HTAR: a   instcat_y05_191109/01194523.tar.gz
HTAR: a   instcat_y05_191109/01194524.tar.gz
HTAR: a   instcat_y05_191109/01194525.tar.gz
HTAR: a   instcat_y05_191109/01194526.tar.gz
HTAR: a   instcat_y05_191109/01194527.tar.gz
HTAR: a   instcat_y05_191109/01194528.tar.gz
HTAR: a   instcat_y05_191109/01194529.tar.gz
HTAR: a   instcat_y05_191109/01194530.tar.gz
HTAR: a   instcat_y05_191109/01194531.tar.gz
HTAR: a   instcat_y05_191109/01194532.tar.gz
HTAR: a   instcat_y05_191109/01194533.tar.gz
HTAR: a   instcat_y05_191109/01194534.tar.gz
HTAR: a   instcat_y05_191109/01194535.tar.gz
HTAR: a   instcat_y05_191109/01194536.tar.gz
HTAR: a   instcat_y05_191109/01194537.tar.gz
HTAR: a   instcat_y05_191109/01194538.tar.gz
HTAR: a   instcat_y05_191109/01194539.tar.gz
HTAR: a   instcat_y05_191109/01194540.tar.gz
HTAR: a   instcat_y05_191109/01194541.tar.gz
HTAR: a   instcat_y05_191109/01194542.tar.gz
HTAR: a   instcat_y05_191109/01194543.tar.gz
HTAR: a   instcat_y05_191109/01194544.tar.gz
HTAR: a   instcat_y05_191109/01194545.tar.gz
HTAR: a   instcat_y05_191109/01194546.tar.gz
HTAR: a   instcat_y05_191109/01194547.tar.gz
HTAR: a   instcat_y05_191109/01194548.tar.gz
HTAR: a   instcat_y05_191109/01194549.tar.gz
HTAR: a   instcat_y05_191109/01194550.tar.gz
HTAR: a   instcat_y05_191109/01194551.tar.gz
HTAR: a   instcat_y05_191109/01194552.tar.gz
HTAR: a   instcat_y05_191109/01194553.tar.gz
HTAR: a   instcat_y05_191109/01194554.tar.gz
HTAR: a   instcat_y05_191109/01194555.tar.gz
HTAR: a   instcat_y05_191109/01194556.tar.gz
HTAR: a   instcat_y05_191109/01194557.tar.gz
HTAR: a   instcat_y05_191109/01194558.tar.gz
HTAR: a   instcat_y05_191109/01194559.tar.gz
HTAR: a   instcat_y05_191109/01194560.tar.gz
HTAR: a   instcat_y05_191109/01194561.tar.gz
HTAR: a   instcat_y05_191109/01194562.tar.gz
HTAR: a   instcat_y05_191109/01194563.tar.gz
HTAR: a   instcat_y05_191109/01194564.tar.gz
HTAR: a   instcat_y05_191109/01194565.tar.gz
HTAR: a   instcat_y05_191109/01194566.tar.gz
HTAR: a   instcat_y05_191109/01194567.tar.gz
HTAR: a   instcat_y05_191109/01194568.tar.gz
HTAR: a   instcat_y05_191109/01194569.tar.gz
HTAR: a   instcat_y05_191109/01194570.tar.gz
HTAR: a   instcat_y05_191109/01194571.tar.gz
HTAR: a   instcat_y05_191109/01194572.tar.gz
HTAR: a   instcat_y05_191109/01194573.tar.gz
HTAR: a   instcat_y05_191109/01194574.tar.gz
HTAR: a   instcat_y05_191109/01194575.tar.gz
HTAR: a   instcat_y05_191109/01194576.tar.gz
HTAR: a   instcat_y05_191109/01194577.tar.gz
HTAR: a   instcat_y05_191109/01194578.tar.gz
HTAR: a   instcat_y05_191109/01194579.tar.gz
HTAR: a   instcat_y05_191109/01194580.tar.gz
HTAR: a   instcat_y05_191109/01194581.tar.gz
HTAR: a   instcat_y05_191109/01194582.tar.gz
HTAR: a   instcat_y05_191109/01194583.tar.gz
HTAR: a   instcat_y05_191109/01194584.tar.gz
HTAR: a   instcat_y05_191109/01194585.tar.gz
HTAR: a   instcat_y05_191109/01194586.tar.gz
HTAR: a   instcat_y05_191109/01194587.tar.gz
HTAR: a   instcat_y05_191109/01194588.tar.gz
HTAR: a   instcat_y05_191109/01194589.tar.gz
HTAR: a   instcat_y05_191109/01194590.tar.gz
HTAR: a   instcat_y05_191109/01194591.tar.gz
HTAR: a   instcat_y05_191109/01194592.tar.gz
HTAR: a   instcat_y05_191109/01194593.tar.gz
HTAR: a   instcat_y05_191109/01194594.tar.gz
HTAR: a   instcat_y05_191109/01194595.tar.gz
HTAR: a   instcat_y05_191109/01194596.tar.gz
HTAR: a   instcat_y05_191109/01194597.tar.gz
HTAR: a   instcat_y05_191109/01194598.tar.gz
HTAR: a   instcat_y05_191109/01194599.tar.gz
HTAR: a   instcat_y05_191109/01194600.tar.gz
HTAR: a   instcat_y05_191109/01194601.tar.gz
HTAR: a   instcat_y05_191109/01194602.tar.gz
HTAR: a   instcat_y05_191109/01194603.tar.gz
HTAR: a   instcat_y05_191109/01194604.tar.gz
HTAR: a   instcat_y05_191109/01194605.tar.gz
HTAR: a   instcat_y05_191109/01194606.tar.gz
HTAR: a   instcat_y05_191109/01194622.tar.gz
HTAR: a   instcat_y05_191109/01194623.tar.gz
HTAR: a   instcat_y05_191109/01194624.tar.gz
HTAR: a   instcat_y05_191109/01194630.tar.gz
HTAR: a   instcat_y05_191109/01194631.tar.gz
HTAR: a   instcat_y05_191109/01194632.tar.gz
HTAR: a   instcat_y05_191109/01194633.tar.gz
HTAR: a   instcat_y05_191109/01194634.tar.gz
HTAR: a   instcat_y05_191109/01194635.tar.gz
HTAR: a   instcat_y05_191109/01194636.tar.gz
HTAR: a   instcat_y05_191109/01194651.tar.gz
HTAR: a   instcat_y05_191109/01194652.tar.gz
HTAR: a   instcat_y05_191109/01194653.tar.gz
HTAR: a   instcat_y05_191109/01194654.tar.gz
HTAR: a   instcat_y05_191109/01194657.tar.gz
HTAR: a   instcat_y05_191109/01194658.tar.gz
HTAR: a   instcat_y05_191109/01194659.tar.gz
HTAR: a   instcat_y05_191109/01194660.tar.gz
HTAR: a   instcat_y05_191109/01194661.tar.gz
HTAR: a   instcat_y05_191109/job_log_01193970.txt
HTAR: a   instcat_y05_191109/job_log_01194139.txt
HTAR: a   instcat_y05_191109/job_log_01194149.txt
HTAR: a   instcat_y05_191109/job_log_01194152.txt
HTAR: a   instcat_y05_191109/job_log_01194160.txt
HTAR: a   instcat_y05_191109/job_log_01194511.txt
HTAR: a   instcat_y05_191109/job_log_01194512.txt
HTAR: a   instcat_y05_191109/job_log_01194513.txt
HTAR: a   instcat_y05_191109/job_log_01194514.txt
HTAR: a   instcat_y05_191109/job_log_01194515.txt
HTAR: a   instcat_y05_191109/job_log_01194516.txt
HTAR: a   instcat_y05_191109/job_log_01194517.txt
HTAR: a   instcat_y05_191109/job_log_01194518.txt
HTAR: a   instcat_y05_191109/job_log_01194519.txt
HTAR: a   instcat_y05_191109/job_log_01194520.txt
HTAR: a   instcat_y05_191109/job_log_01194521.txt
HTAR: a   instcat_y05_191109/job_log_01194522.txt
HTAR: a   instcat_y05_191109/job_log_01194523.txt
HTAR: a   instcat_y05_191109/job_log_01194524.txt
HTAR: a   instcat_y05_191109/job_log_01194525.txt
HTAR: a   instcat_y05_191109/job_log_01194526.txt
HTAR: a   instcat_y05_191109/job_log_01194527.txt
HTAR: a   instcat_y05_191109/job_log_01194528.txt
HTAR: a   instcat_y05_191109/job_log_01194529.txt
HTAR: a   instcat_y05_191109/job_log_01194530.txt
HTAR: a   instcat_y05_191109/job_log_01194531.txt
HTAR: a   instcat_y05_191109/job_log_01194532.txt
HTAR: a   instcat_y05_191109/job_log_01194533.txt
HTAR: a   instcat_y05_191109/job_log_01194534.txt
HTAR: a   instcat_y05_191109/job_log_01194535.txt
HTAR: a   instcat_y05_191109/job_log_01194536.txt
HTAR: a   instcat_y05_191109/job_log_01194537.txt
HTAR: a   instcat_y05_191109/job_log_01194538.txt
HTAR: a   instcat_y05_191109/job_log_01194539.txt
HTAR: a   instcat_y05_191109/job_log_01194540.txt
HTAR: a   instcat_y05_191109/job_log_01194541.txt
HTAR: a   instcat_y05_191109/job_log_01194542.txt
HTAR: a   instcat_y05_191109/job_log_01194543.txt
HTAR: a   instcat_y05_191109/job_log_01194544.txt
HTAR: a   instcat_y05_191109/job_log_01194545.txt
HTAR: a   instcat_y05_191109/job_log_01194546.txt
HTAR: a   instcat_y05_191109/job_log_01194547.txt
HTAR: a   instcat_y05_191109/job_log_01194548.txt
HTAR: a   instcat_y05_191109/job_log_01194549.txt
HTAR: a   instcat_y05_191109/job_log_01194550.txt
HTAR: a   instcat_y05_191109/job_log_01194551.txt
HTAR: a   instcat_y05_191109/job_log_01194552.txt
HTAR: a   instcat_y05_191109/job_log_01194553.txt
HTAR: a   instcat_y05_191109/job_log_01194554.txt
HTAR: a   instcat_y05_191109/job_log_01194555.txt
HTAR: a   instcat_y05_191109/job_log_01194556.txt
HTAR: a   instcat_y05_191109/job_log_01194557.txt
HTAR: a   instcat_y05_191109/job_log_01194558.txt
HTAR: a   instcat_y05_191109/job_log_01194559.txt
HTAR: a   instcat_y05_191109/job_log_01194560.txt
HTAR: a   instcat_y05_191109/job_log_01194561.txt
HTAR: a   instcat_y05_191109/job_log_01194562.txt
HTAR: a   instcat_y05_191109/job_log_01194563.txt
HTAR: a   instcat_y05_191109/job_log_01194564.txt
HTAR: a   instcat_y05_191109/job_log_01194565.txt
HTAR: a   instcat_y05_191109/job_log_01194566.txt
HTAR: a   instcat_y05_191109/job_log_01194567.txt
HTAR: a   instcat_y05_191109/job_log_01194568.txt
HTAR: a   instcat_y05_191109/job_log_01194569.txt
HTAR: a   instcat_y05_191109/job_log_01194570.txt
HTAR: a   instcat_y05_191109/job_log_01194571.txt
HTAR: a   instcat_y05_191109/job_log_01194572.txt
HTAR: a   instcat_y05_191109/job_log_01194573.txt
HTAR: a   instcat_y05_191109/job_log_01194574.txt
HTAR: a   instcat_y05_191109/job_log_01194575.txt
HTAR: a   instcat_y05_191109/job_log_01194576.txt
HTAR: a   instcat_y05_191109/job_log_01194577.txt
HTAR: a   instcat_y05_191109/job_log_01194578.txt
HTAR: a   instcat_y05_191109/job_log_01194579.txt
HTAR: a   instcat_y05_191109/job_log_01194580.txt
HTAR: a   instcat_y05_191109/job_log_01194581.txt
HTAR: a   instcat_y05_191109/job_log_01194582.txt
HTAR: a   instcat_y05_191109/job_log_01194583.txt
HTAR: a   instcat_y05_191109/job_log_01194584.txt
HTAR: a   instcat_y05_191109/job_log_01194585.txt
HTAR: a   instcat_y05_191109/job_log_01194586.txt
HTAR: a   instcat_y05_191109/job_log_01194587.txt
HTAR: a   instcat_y05_191109/job_log_01194588.txt
HTAR: a   instcat_y05_191109/job_log_01194589.txt
HTAR: a   instcat_y05_191109/job_log_01194590.txt
HTAR: a   instcat_y05_191109/job_log_01194591.txt
HTAR: a   instcat_y05_191109/job_log_01194592.txt
HTAR: a   instcat_y05_191109/job_log_01194593.txt
HTAR: a   instcat_y05_191109/job_log_01194594.txt
HTAR: a   instcat_y05_191109/job_log_01194595.txt
HTAR: a   instcat_y05_191109/job_log_01194596.txt
HTAR: a   instcat_y05_191109/job_log_01194597.txt
HTAR: a   instcat_y05_191109/job_log_01194598.txt
HTAR: a   instcat_y05_191109/job_log_01194599.txt
HTAR: a   instcat_y05_191109/job_log_01194600.txt
HTAR: a   instcat_y05_191109/job_log_01194601.txt
HTAR: a   instcat_y05_191109/job_log_01194602.txt
HTAR: a   instcat_y05_191109/job_log_01194603.txt
HTAR: a   instcat_y05_191109/job_log_01194604.txt
HTAR: a   instcat_y05_191109/job_log_01194605.txt
HTAR: a   instcat_y05_191109/job_log_01194606.txt
HTAR: a   instcat_y05_191109/job_log_01194622.txt
HTAR: a   instcat_y05_191109/job_log_01194623.txt
HTAR: a   instcat_y05_191109/job_log_01194624.txt
HTAR: a   instcat_y05_191109/job_log_01194630.txt
HTAR: a   instcat_y05_191109/job_log_01194631.txt
HTAR: a   instcat_y05_191109/job_log_01194632.txt
HTAR: a   instcat_y05_191109/job_log_01194633.txt
HTAR: a   instcat_y05_191109/job_log_01194634.txt
HTAR: a   instcat_y05_191109/job_log_01194635.txt
HTAR: a   instcat_y05_191109/job_log_01194636.txt
HTAR: a   instcat_y05_191109/job_log_01194651.txt
HTAR: a   instcat_y05_191109/job_log_01194652.txt
HTAR: a   instcat_y05_191109/job_log_01194653.txt
HTAR: a   instcat_y05_191109/job_log_01194654.txt
HTAR: a   instcat_y05_191109/job_log_01194657.txt
HTAR: a   instcat_y05_191109/job_log_01194658.txt
HTAR: a   instcat_y05_191109/job_log_01194659.txt
HTAR: a   instcat_y05_191109/job_log_01194660.txt
HTAR: a   instcat_y05_191109/job_log_01194661.txt
HTAR: a   /tmp/HTAR_CF_CHK_33246_1580757269
HTAR Create complete for /home/projects/desc/DC2_ImSim/Run2.2i/instCat/y05_191109/01193970to01194661.tar. 561,565,803,520 bytes written for 240 member files, max threads: 50 Transfer time: 3867.027 seconds (145.219 MB/s) wallclock/user/sys: 3868.192 4542.597 1760.531 seconds
HTAR: HTAR SUCCESSFUL
HTAR: a   instcat_y05_191109/01194667.tar.gz
HTAR: a   instcat_y05_191109/01194668.tar.gz
HTAR: a   instcat_y05_191109/01194915.tar.gz
HTAR: a   instcat_y05_191109/01194916.tar.gz
HTAR: a   instcat_y05_191109/01195285.tar.gz
HTAR: a   instcat_y05_191109/01195286.tar.gz
HTAR: a   instcat_y05_191109/01195297.tar.gz
HTAR: a   instcat_y05_191109/01195298.tar.gz
HTAR: a   instcat_y05_191109/01195299.tar.gz
HTAR: a   instcat_y05_191109/01195300.tar.gz
HTAR: a   instcat_y05_191109/01195302.tar.gz
HTAR: a   instcat_y05_191109/01195308.tar.gz
HTAR: a   instcat_y05_191109/01195309.tar.gz
HTAR: a   instcat_y05_191109/01195310.tar.gz
HTAR: a   instcat_y05_191109/01195311.tar.gz
HTAR: a   instcat_y05_191109/01195312.tar.gz
HTAR: a   instcat_y05_191109/01195313.tar.gz
HTAR: a   instcat_y05_191109/01195314.tar.gz
HTAR: a   instcat_y05_191109/01195315.tar.gz
HTAR: a   instcat_y05_191109/01195316.tar.gz
HTAR: a   instcat_y05_191109/01195317.tar.gz
HTAR: a   instcat_y05_191109/01195318.tar.gz
HTAR: a   instcat_y05_191109/01195319.tar.gz
HTAR: a   instcat_y05_191109/01195320.tar.gz
HTAR: a   instcat_y05_191109/01195331.tar.gz
HTAR: a   instcat_y05_191109/01195332.tar.gz
HTAR: a   instcat_y05_191109/01195333.tar.gz
HTAR: a   instcat_y05_191109/01195334.tar.gz
HTAR: a   instcat_y05_191109/01195342.tar.gz
HTAR: a   instcat_y05_191109/01195343.tar.gz
HTAR: a   instcat_y05_191109/01195347.tar.gz
HTAR: a   instcat_y05_191109/01195348.tar.gz
HTAR: a   instcat_y05_191109/01195349.tar.gz
HTAR: a   instcat_y05_191109/01195350.tar.gz
HTAR: a   instcat_y05_191109/01195351.tar.gz
HTAR: a   instcat_y05_191109/01195352.tar.gz
HTAR: a   instcat_y05_191109/01195353.tar.gz
HTAR: a   instcat_y05_191109/01195354.tar.gz
HTAR: a   instcat_y05_191109/01195355.tar.gz
HTAR: a   instcat_y05_191109/01195377.tar.gz
HTAR: a   instcat_y05_191109/01195416.tar.gz
HTAR: a   instcat_y05_191109/01196154.tar.gz
HTAR: a   instcat_y05_191109/01196209.tar.gz
HTAR: a   instcat_y05_191109/01196249.tar.gz
HTAR: a   instcat_y05_191109/01196252.tar.gz
HTAR: a   instcat_y05_191109/01196264.tar.gz
HTAR: a   instcat_y05_191109/01196313.tar.gz
HTAR: a   instcat_y05_191109/01196314.tar.gz
HTAR: a   instcat_y05_191109/01196315.tar.gz
HTAR: a   instcat_y05_191109/01196316.tar.gz
HTAR: a   instcat_y05_191109/01196317.tar.gz
HTAR: a   instcat_y05_191109/01196359.tar.gz
HTAR: a   instcat_y05_191109/01196360.tar.gz
HTAR: a   instcat_y05_191109/01196361.tar.gz
HTAR: a   instcat_y05_191109/01196362.tar.gz
HTAR: a   instcat_y05_191109/01196401.tar.gz
HTAR: a   instcat_y05_191109/01196402.tar.gz
HTAR: a   instcat_y05_191109/01196403.tar.gz
HTAR: a   instcat_y05_191109/01196404.tar.gz
HTAR: a   instcat_y05_191109/01196405.tar.gz
HTAR: a   instcat_y05_191109/01196406.tar.gz
HTAR: a   instcat_y05_191109/01196407.tar.gz
HTAR: a   instcat_y05_191109/01196408.tar.gz
HTAR: a   instcat_y05_191109/01196449.tar.gz
HTAR: a   instcat_y05_191109/01196450.tar.gz
HTAR: a   instcat_y05_191109/01196451.tar.gz
HTAR: a   instcat_y05_191109/01196452.tar.gz
HTAR: a   instcat_y05_191109/01196453.tar.gz
HTAR: a   instcat_y05_191109/01196454.tar.gz
HTAR: a   instcat_y05_191109/01196455.tar.gz
HTAR: a   instcat_y05_191109/01196456.tar.gz
HTAR: a   instcat_y05_191109/01196457.tar.gz
HTAR: a   instcat_y05_191109/01196458.tar.gz
HTAR: a   instcat_y05_191109/01196459.tar.gz
HTAR: a   instcat_y05_191109/01196460.tar.gz
HTAR: a   instcat_y05_191109/01196461.tar.gz
HTAR: a   instcat_y05_191109/01196462.tar.gz
HTAR: a   instcat_y05_191109/01196463.tar.gz
HTAR: a   instcat_y05_191109/01196464.tar.gz
HTAR: a   instcat_y05_191109/01196465.tar.gz
HTAR: a   instcat_y05_191109/01196466.tar.gz
HTAR: a   instcat_y05_191109/01196467.tar.gz
HTAR: a   instcat_y05_191109/01196468.tar.gz
HTAR: a   instcat_y05_191109/01196499.tar.gz
HTAR: a   instcat_y05_191109/01196500.tar.gz
HTAR: a   instcat_y05_191109/01196501.tar.gz
HTAR: a   instcat_y05_191109/01196506.tar.gz
HTAR: a   instcat_y05_191109/01196523.tar.gz
HTAR: a   instcat_y05_191109/01196528.tar.gz
HTAR: a   instcat_y05_191109/01196530.tar.gz
HTAR: a   instcat_y05_191109/01196882.tar.gz
HTAR: a   instcat_y05_191109/01196883.tar.gz
HTAR: a   instcat_y05_191109/01196884.tar.gz
HTAR: a   instcat_y05_191109/01196885.tar.gz
HTAR: a   instcat_y05_191109/01196886.tar.gz
HTAR: a   instcat_y05_191109/01196887.tar.gz
HTAR: a   instcat_y05_191109/01196888.tar.gz
HTAR: a   instcat_y05_191109/01196889.tar.gz
HTAR: a   instcat_y05_191109/01196890.tar.gz
HTAR: a   instcat_y05_191109/01196891.tar.gz
HTAR: a   instcat_y05_191109/01196892.tar.gz
HTAR: a   instcat_y05_191109/01196893.tar.gz
HTAR: a   instcat_y05_191109/01196894.tar.gz
HTAR: a   instcat_y05_191109/01196895.tar.gz
HTAR: a   instcat_y05_191109/01196896.tar.gz
HTAR: a   instcat_y05_191109/01196897.tar.gz
HTAR: a   instcat_y05_191109/01196898.tar.gz
HTAR: a   instcat_y05_191109/01196899.tar.gz
HTAR: a   instcat_y05_191109/01196900.tar.gz
HTAR: a   instcat_y05_191109/01196901.tar.gz
HTAR: a   instcat_y05_191109/01196902.tar.gz
HTAR: a   instcat_y05_191109/01196903.tar.gz
HTAR: a   instcat_y05_191109/01196904.tar.gz
HTAR: a   instcat_y05_191109/01196905.tar.gz
HTAR: a   instcat_y05_191109/01196906.tar.gz
HTAR: a   instcat_y05_191109/01196907.tar.gz
HTAR: a   instcat_y05_191109/01196908.tar.gz
HTAR: a   instcat_y05_191109/01196909.tar.gz
HTAR: a   instcat_y05_191109/01196910.tar.gz
HTAR: a   instcat_y05_191109/01196911.tar.gz
HTAR: a   instcat_y05_191109/job_log_01194667.txt
HTAR: a   instcat_y05_191109/job_log_01194668.txt
HTAR: a   instcat_y05_191109/job_log_01194915.txt
HTAR: a   instcat_y05_191109/job_log_01194916.txt
HTAR: a   instcat_y05_191109/job_log_01195285.txt
HTAR: a   instcat_y05_191109/job_log_01195286.txt
HTAR: a   instcat_y05_191109/job_log_01195297.txt
HTAR: a   instcat_y05_191109/job_log_01195298.txt
HTAR: a   instcat_y05_191109/job_log_01195299.txt
HTAR: a   instcat_y05_191109/job_log_01195300.txt
HTAR: a   instcat_y05_191109/job_log_01195302.txt
HTAR: a   instcat_y05_191109/job_log_01195308.txt
HTAR: a   instcat_y05_191109/job_log_01195309.txt
HTAR: a   instcat_y05_191109/job_log_01195310.txt
HTAR: a   instcat_y05_191109/job_log_01195311.txt
HTAR: a   instcat_y05_191109/job_log_01195312.txt
HTAR: a   instcat_y05_191109/job_log_01195313.txt
HTAR: a   instcat_y05_191109/job_log_01195314.txt
HTAR: a   instcat_y05_191109/job_log_01195315.txt
HTAR: a   instcat_y05_191109/job_log_01195316.txt
HTAR: a   instcat_y05_191109/job_log_01195317.txt
HTAR: a   instcat_y05_191109/job_log_01195318.txt
HTAR: a   instcat_y05_191109/job_log_01195319.txt
HTAR: a   instcat_y05_191109/job_log_01195320.txt
HTAR: a   instcat_y05_191109/job_log_01195331.txt
HTAR: a   instcat_y05_191109/job_log_01195332.txt
HTAR: a   instcat_y05_191109/job_log_01195333.txt
HTAR: a   instcat_y05_191109/job_log_01195334.txt
HTAR: a   instcat_y05_191109/job_log_01195342.txt
HTAR: a   instcat_y05_191109/job_log_01195343.txt
HTAR: a   instcat_y05_191109/job_log_01195347.txt
HTAR: a   instcat_y05_191109/job_log_01195348.txt
HTAR: a   instcat_y05_191109/job_log_01195349.txt
HTAR: a   instcat_y05_191109/job_log_01195350.txt
HTAR: a   instcat_y05_191109/job_log_01195351.txt
HTAR: a   instcat_y05_191109/job_log_01195352.txt
HTAR: a   instcat_y05_191109/job_log_01195353.txt
HTAR: a   instcat_y05_191109/job_log_01195354.txt
HTAR: a   instcat_y05_191109/job_log_01195355.txt
HTAR: a   instcat_y05_191109/job_log_01195377.txt
HTAR: a   instcat_y05_191109/job_log_01195416.txt
HTAR: a   instcat_y05_191109/job_log_01196154.txt
HTAR: a   instcat_y05_191109/job_log_01196209.txt
HTAR: a   instcat_y05_191109/job_log_01196249.txt
HTAR: a   instcat_y05_191109/job_log_01196252.txt
HTAR: a   instcat_y05_191109/job_log_01196264.txt
HTAR: a   instcat_y05_191109/job_log_01196313.txt
HTAR: a   instcat_y05_191109/job_log_01196314.txt
HTAR: a   instcat_y05_191109/job_log_01196315.txt
HTAR: a   instcat_y05_191109/job_log_01196316.txt
HTAR: a   instcat_y05_191109/job_log_01196317.txt
HTAR: a   instcat_y05_191109/job_log_01196359.txt
HTAR: a   instcat_y05_191109/job_log_01196360.txt
HTAR: a   instcat_y05_191109/job_log_01196361.txt
HTAR: a   instcat_y05_191109/job_log_01196362.txt
HTAR: a   instcat_y05_191109/job_log_01196401.txt
HTAR: a   instcat_y05_191109/job_log_01196402.txt
HTAR: a   instcat_y05_191109/job_log_01196403.txt
HTAR: a   instcat_y05_191109/job_log_01196404.txt
HTAR: a   instcat_y05_191109/job_log_01196405.txt
HTAR: a   instcat_y05_191109/job_log_01196406.txt
HTAR: a   instcat_y05_191109/job_log_01196407.txt
HTAR: a   instcat_y05_191109/job_log_01196408.txt
HTAR: a   instcat_y05_191109/job_log_01196449.txt
HTAR: a   instcat_y05_191109/job_log_01196450.txt
HTAR: a   instcat_y05_191109/job_log_01196451.txt
HTAR: a   instcat_y05_191109/job_log_01196452.txt
HTAR: a   instcat_y05_191109/job_log_01196453.txt
HTAR: a   instcat_y05_191109/job_log_01196454.txt
HTAR: a   instcat_y05_191109/job_log_01196455.txt
HTAR: a   instcat_y05_191109/job_log_01196456.txt
HTAR: a   instcat_y05_191109/job_log_01196457.txt
HTAR: a   instcat_y05_191109/job_log_01196458.txt
HTAR: a   instcat_y05_191109/job_log_01196459.txt
HTAR: a   instcat_y05_191109/job_log_01196460.txt
HTAR: a   instcat_y05_191109/job_log_01196461.txt
HTAR: a   instcat_y05_191109/job_log_01196462.txt
HTAR: a   instcat_y05_191109/job_log_01196463.txt
HTAR: a   instcat_y05_191109/job_log_01196464.txt
HTAR: a   instcat_y05_191109/job_log_01196465.txt
HTAR: a   instcat_y05_191109/job_log_01196466.txt
HTAR: a   instcat_y05_191109/job_log_01196467.txt
HTAR: a   instcat_y05_191109/job_log_01196468.txt
HTAR: a   instcat_y05_191109/job_log_01196499.txt
HTAR: a   instcat_y05_191109/job_log_01196500.txt
HTAR: a   instcat_y05_191109/job_log_01196501.txt
HTAR: a   instcat_y05_191109/job_log_01196506.txt
HTAR: a   instcat_y05_191109/job_log_01196523.txt
HTAR: a   instcat_y05_191109/job_log_01196528.txt
HTAR: a   instcat_y05_191109/job_log_01196530.txt
HTAR: a   instcat_y05_191109/job_log_01196882.txt
HTAR: a   instcat_y05_191109/job_log_01196883.txt
HTAR: a   instcat_y05_191109/job_log_01196884.txt
HTAR: a   instcat_y05_191109/job_log_01196885.txt
HTAR: a   instcat_y05_191109/job_log_01196886.txt
HTAR: a   instcat_y05_191109/job_log_01196887.txt
HTAR: a   instcat_y05_191109/job_log_01196888.txt
HTAR: a   instcat_y05_191109/job_log_01196889.txt
HTAR: a   instcat_y05_191109/job_log_01196890.txt
HTAR: a   instcat_y05_191109/job_log_01196891.txt
HTAR: a   instcat_y05_191109/job_log_01196892.txt
HTAR: a   instcat_y05_191109/job_log_01196893.txt
HTAR: a   instcat_y05_191109/job_log_01196894.txt
HTAR: a   instcat_y05_191109/job_log_01196895.txt
HTAR: a   instcat_y05_191109/job_log_01196896.txt
HTAR: a   instcat_y05_191109/job_log_01196897.txt
HTAR: a   instcat_y05_191109/job_log_01196898.txt
HTAR: a   instcat_y05_191109/job_log_01196899.txt
HTAR: a   instcat_y05_191109/job_log_01196900.txt
HTAR: a   instcat_y05_191109/job_log_01196901.txt
HTAR: a   instcat_y05_191109/job_log_01196902.txt
HTAR: a   instcat_y05_191109/job_log_01196903.txt
HTAR: a   instcat_y05_191109/job_log_01196904.txt
HTAR: a   instcat_y05_191109/job_log_01196905.txt
HTAR: a   instcat_y05_191109/job_log_01196906.txt
HTAR: a   instcat_y05_191109/job_log_01196907.txt
HTAR: a   instcat_y05_191109/job_log_01196908.txt
HTAR: a   instcat_y05_191109/job_log_01196909.txt
HTAR: a   instcat_y05_191109/job_log_01196910.txt
HTAR: a   instcat_y05_191109/job_log_01196911.txt
HTAR: a   /tmp/HTAR_CF_CHK_31981_1580761140
HTAR Create complete for /home/projects/desc/DC2_ImSim/Run2.2i/instCat/y05_191109/01194667to01196911.tar. 553,506,184,704 bytes written for 240 member files, max threads: 47 Transfer time: 4078.928 seconds (135.699 MB/s) wallclock/user/sys: 4080.079 4662.681 1737.007 seconds
HTAR: HTAR SUCCESSFUL
HTAR: a   instcat_y05_191109/01196912.tar.gz
HTAR: a   instcat_y05_191109/01196913.tar.gz
HTAR: a   instcat_y05_191109/01196914.tar.gz
HTAR: a   instcat_y05_191109/01196915.tar.gz
HTAR: a   instcat_y05_191109/01196916.tar.gz
HTAR: a   instcat_y05_191109/01196917.tar.gz
HTAR: a   instcat_y05_191109/01196918.tar.gz
HTAR: a   instcat_y05_191109/01196919.tar.gz
HTAR: a   instcat_y05_191109/01196920.tar.gz
HTAR: a   instcat_y05_191109/01196921.tar.gz
HTAR: a   instcat_y05_191109/01196922.tar.gz
HTAR: a   instcat_y05_191109/01196923.tar.gz
HTAR: a   instcat_y05_191109/01196924.tar.gz
HTAR: a   instcat_y05_191109/01196925.tar.gz
HTAR: a   instcat_y05_191109/01196926.tar.gz
HTAR: a   instcat_y05_191109/01196927.tar.gz
HTAR: a   instcat_y05_191109/01196928.tar.gz
HTAR: a   instcat_y05_191109/01196929.tar.gz
HTAR: a   instcat_y05_191109/01196930.tar.gz
HTAR: a   instcat_y05_191109/01196931.tar.gz
HTAR: a   instcat_y05_191109/01196932.tar.gz
HTAR: a   instcat_y05_191109/01196933.tar.gz
HTAR: a   instcat_y05_191109/01196934.tar.gz
HTAR: a   instcat_y05_191109/01196935.tar.gz
HTAR: a   instcat_y05_191109/01196936.tar.gz
HTAR: a   instcat_y05_191109/01196937.tar.gz
HTAR: a   instcat_y05_191109/01196938.tar.gz
HTAR: a   instcat_y05_191109/01196939.tar.gz
HTAR: a   instcat_y05_191109/01196940.tar.gz
HTAR: a   instcat_y05_191109/01196941.tar.gz
HTAR: a   instcat_y05_191109/01196942.tar.gz
HTAR: a   instcat_y05_191109/01196943.tar.gz
HTAR: a   instcat_y05_191109/01196944.tar.gz
HTAR: a   instcat_y05_191109/01196945.tar.gz
HTAR: a   instcat_y05_191109/01196946.tar.gz
HTAR: a   instcat_y05_191109/01196947.tar.gz
HTAR: a   instcat_y05_191109/01196948.tar.gz
HTAR: a   instcat_y05_191109/01196949.tar.gz
HTAR: a   instcat_y05_191109/01196950.tar.gz
HTAR: a   instcat_y05_191109/01196951.tar.gz
HTAR: a   instcat_y05_191109/01196952.tar.gz
HTAR: a   instcat_y05_191109/01196953.tar.gz
HTAR: a   instcat_y05_191109/01196954.tar.gz
HTAR: a   instcat_y05_191109/01196955.tar.gz
HTAR: a   instcat_y05_191109/01196956.tar.gz
HTAR: a   instcat_y05_191109/01196957.tar.gz
HTAR: a   instcat_y05_191109/01196958.tar.gz
HTAR: a   instcat_y05_191109/01196959.tar.gz
HTAR: a   instcat_y05_191109/01196960.tar.gz
HTAR: a   instcat_y05_191109/01196961.tar.gz
HTAR: a   instcat_y05_191109/01196962.tar.gz
HTAR: a   instcat_y05_191109/01196963.tar.gz
HTAR: a   instcat_y05_191109/01196964.tar.gz
HTAR: a   instcat_y05_191109/01196965.tar.gz
HTAR: a   instcat_y05_191109/01196966.tar.gz
HTAR: a   instcat_y05_191109/01196967.tar.gz
HTAR: a   instcat_y05_191109/01196968.tar.gz
HTAR: a   instcat_y05_191109/01196969.tar.gz
HTAR: a   instcat_y05_191109/01196970.tar.gz
HTAR: a   instcat_y05_191109/01196971.tar.gz
HTAR: a   instcat_y05_191109/01196972.tar.gz
HTAR: a   instcat_y05_191109/01196973.tar.gz
HTAR: a   instcat_y05_191109/01196974.tar.gz
HTAR: a   instcat_y05_191109/01196975.tar.gz
HTAR: a   instcat_y05_191109/01196976.tar.gz
HTAR: a   instcat_y05_191109/01196977.tar.gz
HTAR: a   instcat_y05_191109/01197596.tar.gz
HTAR: a   instcat_y05_191109/01197597.tar.gz
HTAR: a   instcat_y05_191109/01197598.tar.gz
HTAR: a   instcat_y05_191109/01197607.tar.gz
HTAR: a   instcat_y05_191109/01197608.tar.gz
HTAR: a   instcat_y05_191109/01197609.tar.gz
HTAR: a   instcat_y05_191109/01197610.tar.gz
HTAR: a   instcat_y05_191109/01197611.tar.gz
HTAR: a   instcat_y05_191109/01197612.tar.gz
HTAR: a   instcat_y05_191109/01197613.tar.gz
HTAR: a   instcat_y05_191109/01197616.tar.gz
HTAR: a   instcat_y05_191109/01197617.tar.gz
HTAR: a   instcat_y05_191109/01197619.tar.gz
HTAR: a   instcat_y05_191109/01197620.tar.gz
HTAR: a   instcat_y05_191109/01197621.tar.gz
HTAR: a   instcat_y05_191109/01197622.tar.gz
HTAR: a   instcat_y05_191109/01197634.tar.gz
HTAR: a   instcat_y05_191109/01197635.tar.gz
HTAR: a   instcat_y05_191109/01197636.tar.gz
HTAR: a   instcat_y05_191109/01197648.tar.gz
HTAR: a   instcat_y05_191109/01197650.tar.gz
HTAR: a   instcat_y05_191109/01197651.tar.gz
HTAR: a   instcat_y05_191109/01197652.tar.gz
HTAR: a   instcat_y05_191109/01197653.tar.gz
HTAR: a   instcat_y05_191109/01197654.tar.gz
HTAR: a   instcat_y05_191109/01197655.tar.gz
HTAR: a   instcat_y05_191109/01197665.tar.gz
HTAR: a   instcat_y05_191109/01197666.tar.gz
HTAR: a   instcat_y05_191109/01197667.tar.gz
HTAR: a   instcat_y05_191109/01197668.tar.gz
HTAR: a   instcat_y05_191109/01197669.tar.gz
HTAR: a   instcat_y05_191109/01197670.tar.gz
HTAR: a   instcat_y05_191109/01197692.tar.gz
HTAR: a   instcat_y05_191109/01197719.tar.gz
HTAR: a   instcat_y05_191109/01197720.tar.gz
HTAR: a   instcat_y05_191109/01197728.tar.gz
HTAR: a   instcat_y05_191109/01197729.tar.gz
HTAR: a   instcat_y05_191109/01197730.tar.gz
HTAR: a   instcat_y05_191109/01197731.tar.gz
HTAR: a   instcat_y05_191109/01197732.tar.gz
HTAR: a   instcat_y05_191109/01197758.tar.gz
HTAR: a   instcat_y05_191109/01197759.tar.gz
HTAR: a   instcat_y05_191109/01197760.tar.gz
HTAR: a   instcat_y05_191109/01197761.tar.gz
HTAR: a   instcat_y05_191109/01197762.tar.gz
HTAR: a   instcat_y05_191109/01197763.tar.gz
HTAR: a   instcat_y05_191109/01197787.tar.gz
HTAR: a   instcat_y05_191109/01197811.tar.gz
HTAR: a   instcat_y05_191109/01197812.tar.gz
HTAR: a   instcat_y05_191109/01197813.tar.gz
HTAR: a   instcat_y05_191109/01197814.tar.gz
HTAR: a   instcat_y05_191109/01197815.tar.gz
HTAR: a   instcat_y05_191109/01197816.tar.gz
HTAR: a   instcat_y05_191109/01197817.tar.gz
HTAR: a   instcat_y05_191109/job_log_01196912.txt
HTAR: a   instcat_y05_191109/job_log_01196913.txt
HTAR: a   instcat_y05_191109/job_log_01196914.txt
HTAR: a   instcat_y05_191109/job_log_01196915.txt
HTAR: a   instcat_y05_191109/job_log_01196916.txt
HTAR: a   instcat_y05_191109/job_log_01196917.txt
HTAR: a   instcat_y05_191109/job_log_01196918.txt
HTAR: a   instcat_y05_191109/job_log_01196919.txt
HTAR: a   instcat_y05_191109/job_log_01196920.txt
HTAR: a   instcat_y05_191109/job_log_01196921.txt
HTAR: a   instcat_y05_191109/job_log_01196922.txt
HTAR: a   instcat_y05_191109/job_log_01196923.txt
HTAR: a   instcat_y05_191109/job_log_01196924.txt
HTAR: a   instcat_y05_191109/job_log_01196925.txt
HTAR: a   instcat_y05_191109/job_log_01196926.txt
HTAR: a   instcat_y05_191109/job_log_01196927.txt
HTAR: a   instcat_y05_191109/job_log_01196928.txt
HTAR: a   instcat_y05_191109/job_log_01196929.txt
HTAR: a   instcat_y05_191109/job_log_01196930.txt
HTAR: a   instcat_y05_191109/job_log_01196931.txt
HTAR: a   instcat_y05_191109/job_log_01196932.txt
HTAR: a   instcat_y05_191109/job_log_01196933.txt
HTAR: a   instcat_y05_191109/job_log_01196934.txt
HTAR: a   instcat_y05_191109/job_log_01196935.txt
HTAR: a   instcat_y05_191109/job_log_01196936.txt
HTAR: a   instcat_y05_191109/job_log_01196937.txt
HTAR: a   instcat_y05_191109/job_log_01196938.txt
HTAR: a   instcat_y05_191109/job_log_01196939.txt
HTAR: a   instcat_y05_191109/job_log_01196940.txt
HTAR: a   instcat_y05_191109/job_log_01196941.txt
HTAR: a   instcat_y05_191109/job_log_01196942.txt
HTAR: a   instcat_y05_191109/job_log_01196943.txt
HTAR: a   instcat_y05_191109/job_log_01196944.txt
HTAR: a   instcat_y05_191109/job_log_01196945.txt
HTAR: a   instcat_y05_191109/job_log_01196946.txt
HTAR: a   instcat_y05_191109/job_log_01196947.txt
HTAR: a   instcat_y05_191109/job_log_01196948.txt
HTAR: a   instcat_y05_191109/job_log_01196949.txt
HTAR: a   instcat_y05_191109/job_log_01196950.txt
HTAR: a   instcat_y05_191109/job_log_01196951.txt
HTAR: a   instcat_y05_191109/job_log_01196952.txt
HTAR: a   instcat_y05_191109/job_log_01196953.txt
HTAR: a   instcat_y05_191109/job_log_01196954.txt
HTAR: a   instcat_y05_191109/job_log_01196955.txt
HTAR: a   instcat_y05_191109/job_log_01196956.txt
HTAR: a   instcat_y05_191109/job_log_01196957.txt
HTAR: a   instcat_y05_191109/job_log_01196958.txt
HTAR: a   instcat_y05_191109/job_log_01196959.txt
HTAR: a   instcat_y05_191109/job_log_01196960.txt
HTAR: a   instcat_y05_191109/job_log_01196961.txt
HTAR: a   instcat_y05_191109/job_log_01196962.txt
HTAR: a   instcat_y05_191109/job_log_01196963.txt
HTAR: a   instcat_y05_191109/job_log_01196964.txt
HTAR: a   instcat_y05_191109/job_log_01196965.txt
HTAR: a   instcat_y05_191109/job_log_01196966.txt
HTAR: a   instcat_y05_191109/job_log_01196967.txt
HTAR: a   instcat_y05_191109/job_log_01196968.txt
HTAR: a   instcat_y05_191109/job_log_01196969.txt
HTAR: a   instcat_y05_191109/job_log_01196970.txt
HTAR: a   instcat_y05_191109/job_log_01196971.txt
HTAR: a   instcat_y05_191109/job_log_01196972.txt
HTAR: a   instcat_y05_191109/job_log_01196973.txt
HTAR: a   instcat_y05_191109/job_log_01196974.txt
HTAR: a   instcat_y05_191109/job_log_01196975.txt
HTAR: a   instcat_y05_191109/job_log_01196976.txt
HTAR: a   instcat_y05_191109/job_log_01196977.txt
HTAR: a   instcat_y05_191109/job_log_01197596.txt
HTAR: a   instcat_y05_191109/job_log_01197597.txt
HTAR: a   instcat_y05_191109/job_log_01197598.txt
HTAR: a   instcat_y05_191109/job_log_01197607.txt
HTAR: a   instcat_y05_191109/job_log_01197608.txt
HTAR: a   instcat_y05_191109/job_log_01197609.txt
HTAR: a   instcat_y05_191109/job_log_01197610.txt
HTAR: a   instcat_y05_191109/job_log_01197611.txt
HTAR: a   instcat_y05_191109/job_log_01197612.txt
HTAR: a   instcat_y05_191109/job_log_01197613.txt
HTAR: a   instcat_y05_191109/job_log_01197616.txt
HTAR: a   instcat_y05_191109/job_log_01197617.txt
HTAR: a   instcat_y05_191109/job_log_01197619.txt
HTAR: a   instcat_y05_191109/job_log_01197620.txt
HTAR: a   instcat_y05_191109/job_log_01197621.txt
HTAR: a   instcat_y05_191109/job_log_01197622.txt
HTAR: a   instcat_y05_191109/job_log_01197634.txt
HTAR: a   instcat_y05_191109/job_log_01197635.txt
HTAR: a   instcat_y05_191109/job_log_01197636.txt
HTAR: a   instcat_y05_191109/job_log_01197648.txt
HTAR: a   instcat_y05_191109/job_log_01197650.txt
HTAR: a   instcat_y05_191109/job_log_01197651.txt
HTAR: a   instcat_y05_191109/job_log_01197652.txt
HTAR: a   instcat_y05_191109/job_log_01197653.txt
HTAR: a   instcat_y05_191109/job_log_01197654.txt
HTAR: a   instcat_y05_191109/job_log_01197655.txt
HTAR: a   instcat_y05_191109/job_log_01197665.txt
HTAR: a   instcat_y05_191109/job_log_01197666.txt
HTAR: a   instcat_y05_191109/job_log_01197667.txt
HTAR: a   instcat_y05_191109/job_log_01197668.txt
HTAR: a   instcat_y05_191109/job_log_01197669.txt
HTAR: a   instcat_y05_191109/job_log_01197670.txt
HTAR: a   instcat_y05_191109/job_log_01197692.txt
HTAR: a   instcat_y05_191109/job_log_01197719.txt
HTAR: a   instcat_y05_191109/job_log_01197720.txt
HTAR: a   instcat_y05_191109/job_log_01197728.txt
HTAR: a   instcat_y05_191109/job_log_01197729.txt
HTAR: a   instcat_y05_191109/job_log_01197730.txt
HTAR: a   instcat_y05_191109/job_log_01197731.txt
HTAR: a   instcat_y05_191109/job_log_01197732.txt
HTAR: a   instcat_y05_191109/job_log_01197758.txt
HTAR: a   instcat_y05_191109/job_log_01197759.txt
HTAR: a   instcat_y05_191109/job_log_01197760.txt
HTAR: a   instcat_y05_191109/job_log_01197761.txt
HTAR: a   instcat_y05_191109/job_log_01197762.txt
HTAR: a   instcat_y05_191109/job_log_01197763.txt
HTAR: a   instcat_y05_191109/job_log_01197787.txt
HTAR: a   instcat_y05_191109/job_log_01197811.txt
HTAR: a   instcat_y05_191109/job_log_01197812.txt
HTAR: a   instcat_y05_191109/job_log_01197813.txt
HTAR: a   instcat_y05_191109/job_log_01197814.txt
HTAR: a   instcat_y05_191109/job_log_01197815.txt
HTAR: a   instcat_y05_191109/job_log_01197816.txt
HTAR: a   instcat_y05_191109/job_log_01197817.txt
HTAR: a   /tmp/HTAR_CF_CHK_5907_1580765228
HTAR Create complete for /home/projects/desc/DC2_ImSim/Run2.2i/instCat/y05_191109/01196912to01197817.tar. 543,846,521,344 bytes written for 240 member files, max threads: 50 Transfer time: 3920.349 seconds (138.724 MB/s) wallclock/user/sys: 3926.014 4606.867 1695.891 seconds
HTAR: HTAR SUCCESSFUL
HTAR: a   instcat_y05_191109/01197818.tar.gz
HTAR: a   instcat_y05_191109/01197821.tar.gz
HTAR: a   instcat_y05_191109/01197822.tar.gz
HTAR: a   instcat_y05_191109/01197823.tar.gz
HTAR: a   instcat_y05_191109/01197824.tar.gz
HTAR: a   instcat_y05_191109/01197825.tar.gz
HTAR: a   instcat_y05_191109/01197826.tar.gz
HTAR: a   instcat_y05_191109/01197827.tar.gz
HTAR: a   instcat_y05_191109/01197845.tar.gz
HTAR: a   instcat_y05_191109/01197848.tar.gz
HTAR: a   instcat_y05_191109/01197849.tar.gz
HTAR: a   instcat_y05_191109/01197850.tar.gz
HTAR: a   instcat_y05_191109/01197851.tar.gz
HTAR: a   instcat_y05_191109/01197852.tar.gz
HTAR: a   instcat_y05_191109/01197853.tar.gz
HTAR: a   instcat_y05_191109/01197854.tar.gz
HTAR: a   instcat_y05_191109/01197855.tar.gz
HTAR: a   instcat_y05_191109/01197856.tar.gz
HTAR: a   instcat_y05_191109/01197857.tar.gz
HTAR: a   instcat_y05_191109/01197858.tar.gz
HTAR: a   instcat_y05_191109/01197859.tar.gz
HTAR: a   instcat_y05_191109/01197860.tar.gz
HTAR: a   instcat_y05_191109/01197862.tar.gz
HTAR: a   instcat_y05_191109/01197863.tar.gz
HTAR: a   instcat_y05_191109/01197864.tar.gz
HTAR: a   instcat_y05_191109/01197874.tar.gz
HTAR: a   instcat_y05_191109/01197878.tar.gz
HTAR: a   instcat_y05_191109/01197879.tar.gz
HTAR: a   instcat_y05_191109/01197880.tar.gz
HTAR: a   instcat_y05_191109/01197881.tar.gz
HTAR: a   instcat_y05_191109/01197882.tar.gz
HTAR: a   instcat_y05_191109/01197883.tar.gz
HTAR: a   instcat_y05_191109/01197903.tar.gz
HTAR: a   instcat_y05_191109/01197906.tar.gz
HTAR: a   instcat_y05_191109/01197907.tar.gz
HTAR: a   instcat_y05_191109/01197911.tar.gz
HTAR: a   instcat_y05_191109/01197912.tar.gz
HTAR: a   instcat_y05_191109/01197942.tar.gz
HTAR: a   instcat_y05_191109/01197943.tar.gz
HTAR: a   instcat_y05_191109/01197944.tar.gz
HTAR: a   instcat_y05_191109/01197945.tar.gz
HTAR: a   instcat_y05_191109/01197947.tar.gz
HTAR: a   instcat_y05_191109/01197948.tar.gz
HTAR: a   instcat_y05_191109/01197986.tar.gz
HTAR: a   instcat_y05_191109/01197987.tar.gz
HTAR: a   instcat_y05_191109/01197990.tar.gz
HTAR: a   instcat_y05_191109/01197992.tar.gz
HTAR: a   instcat_y05_191109/01197993.tar.gz
HTAR: a   instcat_y05_191109/01198392.tar.gz
HTAR: a   instcat_y05_191109/01198393.tar.gz
HTAR: a   instcat_y05_191109/01198394.tar.gz
HTAR: a   instcat_y05_191109/01198406.tar.gz
HTAR: a   instcat_y05_191109/01198407.tar.gz
HTAR: a   instcat_y05_191109/01198408.tar.gz
HTAR: a   instcat_y05_191109/01198409.tar.gz
HTAR: a   instcat_y05_191109/01198410.tar.gz
HTAR: a   instcat_y05_191109/01198411.tar.gz
HTAR: a   instcat_y05_191109/01198412.tar.gz
HTAR: a   instcat_y05_191109/01198413.tar.gz
HTAR: a   instcat_y05_191109/01198414.tar.gz
HTAR: a   instcat_y05_191109/01198415.tar.gz
HTAR: a   instcat_y05_191109/01198416.tar.gz
HTAR: a   instcat_y05_191109/01198431.tar.gz
HTAR: a   instcat_y05_191109/01198432.tar.gz
HTAR: a   instcat_y05_191109/01198433.tar.gz
HTAR: a   instcat_y05_191109/01198435.tar.gz
HTAR: a   instcat_y05_191109/01198436.tar.gz
HTAR: a   instcat_y05_191109/01198437.tar.gz
HTAR: a   instcat_y05_191109/01198438.tar.gz
HTAR: a   instcat_y05_191109/01198439.tar.gz
HTAR: a   instcat_y05_191109/01198440.tar.gz
HTAR: a   instcat_y05_191109/01198451.tar.gz
HTAR: a   instcat_y05_191109/01198452.tar.gz
HTAR: a   instcat_y05_191109/01198453.tar.gz
HTAR: a   instcat_y05_191109/01198454.tar.gz
HTAR: a   instcat_y05_191109/01198455.tar.gz
HTAR: a   instcat_y05_191109/01198456.tar.gz
HTAR: a   instcat_y05_191109/01198457.tar.gz
HTAR: a   instcat_y05_191109/01198465.tar.gz
HTAR: a   instcat_y05_191109/01198466.tar.gz
HTAR: a   instcat_y05_191109/01198467.tar.gz
HTAR: a   instcat_y05_191109/01198468.tar.gz
HTAR: a   instcat_y05_191109/01198469.tar.gz
HTAR: a   instcat_y05_191109/01198470.tar.gz
HTAR: a   instcat_y05_191109/01198471.tar.gz
HTAR: a   instcat_y05_191109/01198472.tar.gz
HTAR: a   instcat_y05_191109/01198475.tar.gz
HTAR: a   instcat_y05_191109/01198476.tar.gz
HTAR: a   instcat_y05_191109/01198477.tar.gz
HTAR: a   instcat_y05_191109/01198478.tar.gz
HTAR: a   instcat_y05_191109/01198479.tar.gz
HTAR: a   instcat_y05_191109/01198480.tar.gz
HTAR: a   instcat_y05_191109/01198492.tar.gz
HTAR: a   instcat_y05_191109/01198497.tar.gz
HTAR: a   instcat_y05_191109/01198498.tar.gz
HTAR: a   instcat_y05_191109/01198499.tar.gz
HTAR: a   instcat_y05_191109/01198500.tar.gz
HTAR: a   instcat_y05_191109/01198501.tar.gz
HTAR: a   instcat_y05_191109/01198502.tar.gz
HTAR: a   instcat_y05_191109/01198503.tar.gz
HTAR: a   instcat_y05_191109/01198504.tar.gz
HTAR: a   instcat_y05_191109/01198505.tar.gz
HTAR: a   instcat_y05_191109/01198507.tar.gz
HTAR: a   instcat_y05_191109/01198508.tar.gz
HTAR: a   instcat_y05_191109/01198509.tar.gz
HTAR: a   instcat_y05_191109/01198510.tar.gz
HTAR: a   instcat_y05_191109/01198511.tar.gz
HTAR: a   instcat_y05_191109/01198512.tar.gz
HTAR: a   instcat_y05_191109/01198513.tar.gz
HTAR: a   instcat_y05_191109/01198516.tar.gz
HTAR: a   instcat_y05_191109/01198517.tar.gz
HTAR: a   instcat_y05_191109/01198518.tar.gz
HTAR: a   instcat_y05_191109/01198526.tar.gz
HTAR: a   instcat_y05_191109/01198541.tar.gz
HTAR: a   instcat_y05_191109/01198542.tar.gz
HTAR: a   instcat_y05_191109/01198543.tar.gz
HTAR: a   instcat_y05_191109/01198544.tar.gz
HTAR: a   instcat_y05_191109/01198545.tar.gz
HTAR: a   instcat_y05_191109/01198546.tar.gz
HTAR: a   instcat_y05_191109/01198547.tar.gz
HTAR: a   instcat_y05_191109/job_log_01197818.txt
HTAR: a   instcat_y05_191109/job_log_01197821.txt
HTAR: a   instcat_y05_191109/job_log_01197822.txt
HTAR: a   instcat_y05_191109/job_log_01197823.txt
HTAR: a   instcat_y05_191109/job_log_01197824.txt
HTAR: a   instcat_y05_191109/job_log_01197825.txt
HTAR: a   instcat_y05_191109/job_log_01197826.txt
HTAR: a   instcat_y05_191109/job_log_01197827.txt
HTAR: a   instcat_y05_191109/job_log_01197845.txt
HTAR: a   instcat_y05_191109/job_log_01197848.txt
HTAR: a   instcat_y05_191109/job_log_01197849.txt
HTAR: a   instcat_y05_191109/job_log_01197850.txt
HTAR: a   instcat_y05_191109/job_log_01197851.txt
HTAR: a   instcat_y05_191109/job_log_01197852.txt
HTAR: a   instcat_y05_191109/job_log_01197853.txt
HTAR: a   instcat_y05_191109/job_log_01197854.txt
HTAR: a   instcat_y05_191109/job_log_01197855.txt
HTAR: a   instcat_y05_191109/job_log_01197856.txt
HTAR: a   instcat_y05_191109/job_log_01197857.txt
HTAR: a   instcat_y05_191109/job_log_01197858.txt
HTAR: a   instcat_y05_191109/job_log_01197859.txt
HTAR: a   instcat_y05_191109/job_log_01197860.txt
HTAR: a   instcat_y05_191109/job_log_01197862.txt
HTAR: a   instcat_y05_191109/job_log_01197863.txt
HTAR: a   instcat_y05_191109/job_log_01197864.txt
HTAR: a   instcat_y05_191109/job_log_01197874.txt
HTAR: a   instcat_y05_191109/job_log_01197878.txt
HTAR: a   instcat_y05_191109/job_log_01197879.txt
HTAR: a   instcat_y05_191109/job_log_01197880.txt
HTAR: a   instcat_y05_191109/job_log_01197881.txt
HTAR: a   instcat_y05_191109/job_log_01197882.txt
HTAR: a   instcat_y05_191109/job_log_01197883.txt
HTAR: a   instcat_y05_191109/job_log_01197903.txt
HTAR: a   instcat_y05_191109/job_log_01197906.txt
HTAR: a   instcat_y05_191109/job_log_01197907.txt
HTAR: a   instcat_y05_191109/job_log_01197911.txt
HTAR: a   instcat_y05_191109/job_log_01197912.txt
HTAR: a   instcat_y05_191109/job_log_01197942.txt
HTAR: a   instcat_y05_191109/job_log_01197943.txt
HTAR: a   instcat_y05_191109/job_log_01197944.txt
HTAR: a   instcat_y05_191109/job_log_01197945.txt
HTAR: a   instcat_y05_191109/job_log_01197947.txt
HTAR: a   instcat_y05_191109/job_log_01197948.txt
HTAR: a   instcat_y05_191109/job_log_01197986.txt
HTAR: a   instcat_y05_191109/job_log_01197987.txt
HTAR: a   instcat_y05_191109/job_log_01197990.txt
HTAR: a   instcat_y05_191109/job_log_01197992.txt
HTAR: a   instcat_y05_191109/job_log_01197993.txt
HTAR: a   instcat_y05_191109/job_log_01198392.txt
HTAR: a   instcat_y05_191109/job_log_01198393.txt
HTAR: a   instcat_y05_191109/job_log_01198394.txt
HTAR: a   instcat_y05_191109/job_log_01198406.txt
HTAR: a   instcat_y05_191109/job_log_01198407.txt
HTAR: a   instcat_y05_191109/job_log_01198408.txt
HTAR: a   instcat_y05_191109/job_log_01198409.txt
HTAR: a   instcat_y05_191109/job_log_01198410.txt
HTAR: a   instcat_y05_191109/job_log_01198411.txt
HTAR: a   instcat_y05_191109/job_log_01198412.txt
HTAR: a   instcat_y05_191109/job_log_01198413.txt
HTAR: a   instcat_y05_191109/job_log_01198414.txt
HTAR: a   instcat_y05_191109/job_log_01198415.txt
HTAR: a   instcat_y05_191109/job_log_01198416.txt
HTAR: a   instcat_y05_191109/job_log_01198431.txt
HTAR: a   instcat_y05_191109/job_log_01198432.txt
HTAR: a   instcat_y05_191109/job_log_01198433.txt
HTAR: a   instcat_y05_191109/job_log_01198435.txt
HTAR: a   instcat_y05_191109/job_log_01198436.txt
HTAR: a   instcat_y05_191109/job_log_01198437.txt
HTAR: a   instcat_y05_191109/job_log_01198438.txt
HTAR: a   instcat_y05_191109/job_log_01198439.txt
HTAR: a   instcat_y05_191109/job_log_01198440.txt
HTAR: a   instcat_y05_191109/job_log_01198451.txt
HTAR: a   instcat_y05_191109/job_log_01198452.txt
HTAR: a   instcat_y05_191109/job_log_01198453.txt
HTAR: a   instcat_y05_191109/job_log_01198454.txt
HTAR: a   instcat_y05_191109/job_log_01198455.txt
HTAR: a   instcat_y05_191109/job_log_01198456.txt
HTAR: a   instcat_y05_191109/job_log_01198457.txt
HTAR: a   instcat_y05_191109/job_log_01198465.txt
HTAR: a   instcat_y05_191109/job_log_01198466.txt
HTAR: a   instcat_y05_191109/job_log_01198467.txt
HTAR: a   instcat_y05_191109/job_log_01198468.txt
HTAR: a   instcat_y05_191109/job_log_01198469.txt
HTAR: a   instcat_y05_191109/job_log_01198470.txt
HTAR: a   instcat_y05_191109/job_log_01198471.txt
HTAR: a   instcat_y05_191109/job_log_01198472.txt
HTAR: a   instcat_y05_191109/job_log_01198475.txt
HTAR: a   instcat_y05_191109/job_log_01198476.txt
HTAR: a   instcat_y05_191109/job_log_01198477.txt
HTAR: a   instcat_y05_191109/job_log_01198478.txt
HTAR: a   instcat_y05_191109/job_log_01198479.txt
HTAR: a   instcat_y05_191109/job_log_01198480.txt
HTAR: a   instcat_y05_191109/job_log_01198492.txt
HTAR: a   instcat_y05_191109/job_log_01198497.txt
HTAR: a   instcat_y05_191109/job_log_01198498.txt
HTAR: a   instcat_y05_191109/job_log_01198499.txt
HTAR: a   instcat_y05_191109/job_log_01198500.txt
HTAR: a   instcat_y05_191109/job_log_01198501.txt
HTAR: a   instcat_y05_191109/job_log_01198502.txt
HTAR: a   instcat_y05_191109/job_log_01198503.txt
HTAR: a   instcat_y05_191109/job_log_01198504.txt
HTAR: a   instcat_y05_191109/job_log_01198505.txt
HTAR: a   instcat_y05_191109/job_log_01198507.txt
HTAR: a   instcat_y05_191109/job_log_01198508.txt
HTAR: a   instcat_y05_191109/job_log_01198509.txt
HTAR: a   instcat_y05_191109/job_log_01198510.txt
HTAR: a   instcat_y05_191109/job_log_01198511.txt
HTAR: a   instcat_y05_191109/job_log_01198512.txt
HTAR: a   instcat_y05_191109/job_log_01198513.txt
HTAR: a   instcat_y05_191109/job_log_01198516.txt
HTAR: a   instcat_y05_191109/job_log_01198517.txt
HTAR: a   instcat_y05_191109/job_log_01198518.txt
HTAR: a   instcat_y05_191109/job_log_01198526.txt
HTAR: a   instcat_y05_191109/job_log_01198541.txt
HTAR: a   instcat_y05_191109/job_log_01198542.txt
HTAR: a   instcat_y05_191109/job_log_01198543.txt
HTAR: a   instcat_y05_191109/job_log_01198544.txt
HTAR: a   instcat_y05_191109/job_log_01198545.txt
HTAR: a   instcat_y05_191109/job_log_01198546.txt
HTAR: a   instcat_y05_191109/job_log_01198547.txt
HTAR: a   /tmp/HTAR_CF_CHK_14541_1580769154
HTAR Create complete for /home/projects/desc/DC2_ImSim/Run2.2i/instCat/y05_191109/01197818to01198547.tar. 543,197,456,896 bytes written for 240 member files, max threads: 50 Transfer time: 4048.147 seconds (134.184 MB/s) wallclock/user/sys: 4050.238 4825.289 1822.531 seconds
HTAR: HTAR SUCCESSFUL
