HTAR: a   DC2_ImSim/Run2.1i/instCat/01235518to01302321/01236514.tar.gz
HTAR: a   DC2_ImSim/Run2.1i/instCat/01235518to01302321/01236515.tar.gz
HTAR: a   DC2_ImSim/Run2.1i/instCat/01235518to01302321/01236590.tar.gz
HTAR: a   DC2_ImSim/Run2.1i/instCat/01235518to01302321/01236591.tar.gz
HTAR: a   DC2_ImSim/Run2.1i/instCat/01235518to01302321/01236615.tar.gz
HTAR: a   DC2_ImSim/Run2.1i/instCat/01235518to01302321/01236616.tar.gz
HTAR: a   DC2_ImSim/Run2.1i/instCat/01235518to01302321/01236620.tar.gz
HTAR: a   DC2_ImSim/Run2.1i/instCat/01235518to01302321/01236673.tar.gz
HTAR: a   DC2_ImSim/Run2.1i/instCat/01235518to01302321/01236770.tar.gz
HTAR: a   DC2_ImSim/Run2.1i/instCat/01235518to01302321/01236814.tar.gz
HTAR: a   DC2_ImSim/Run2.1i/instCat/01235518to01302321/01236816.tar.gz
HTAR: a   DC2_ImSim/Run2.1i/instCat/01235518to01302321/01237280.tar.gz
HTAR: a   DC2_ImSim/Run2.1i/instCat/01235518to01302321/01237281.tar.gz
HTAR: a   DC2_ImSim/Run2.1i/instCat/01235518to01302321/01237283.tar.gz
HTAR: a   DC2_ImSim/Run2.1i/instCat/01235518to01302321/01237284.tar.gz
HTAR: a   DC2_ImSim/Run2.1i/instCat/01235518to01302321/01237285.tar.gz
HTAR: a   DC2_ImSim/Run2.1i/instCat/01235518to01302321/01237300.tar.gz
HTAR: a   DC2_ImSim/Run2.1i/instCat/01235518to01302321/01237301.tar.gz
HTAR: a   DC2_ImSim/Run2.1i/instCat/01235518to01302321/01237302.tar.gz
HTAR: a   DC2_ImSim/Run2.1i/instCat/01235518to01302321/01237303.tar.gz
HTAR: a   DC2_ImSim/Run2.1i/instCat/01235518to01302321/01237304.tar.gz
HTAR: a   DC2_ImSim/Run2.1i/instCat/01235518to01302321/01237305.tar.gz
HTAR: a   DC2_ImSim/Run2.1i/instCat/01235518to01302321/01237306.tar.gz
HTAR: a   DC2_ImSim/Run2.1i/instCat/01235518to01302321/01237307.tar.gz
HTAR: a   DC2_ImSim/Run2.1i/instCat/01235518to01302321/01237308.tar.gz
HTAR: a   DC2_ImSim/Run2.1i/instCat/01235518to01302321/01237309.tar.gz
HTAR: a   DC2_ImSim/Run2.1i/instCat/01235518to01302321/01237325.tar.gz
HTAR: a   DC2_ImSim/Run2.1i/instCat/01235518to01302321/01237335.tar.gz
HTAR: a   DC2_ImSim/Run2.1i/instCat/01235518to01302321/01237336.tar.gz
HTAR: a   DC2_ImSim/Run2.1i/instCat/01235518to01302321/01237337.tar.gz
HTAR: a   DC2_ImSim/Run2.1i/instCat/01235518to01302321/01237338.tar.gz
HTAR: a   DC2_ImSim/Run2.1i/instCat/01235518to01302321/01237339.tar.gz
HTAR: a   DC2_ImSim/Run2.1i/instCat/01235518to01302321/01237347.tar.gz
HTAR: a   DC2_ImSim/Run2.1i/instCat/01235518to01302321/01237348.tar.gz
HTAR: a   DC2_ImSim/Run2.1i/instCat/01235518to01302321/01237349.tar.gz
HTAR: a   DC2_ImSim/Run2.1i/instCat/01235518to01302321/01237350.tar.gz
HTAR: a   DC2_ImSim/Run2.1i/instCat/01235518to01302321/01237351.tar.gz
HTAR: a   DC2_ImSim/Run2.1i/instCat/01235518to01302321/01237352.tar.gz
HTAR: a   DC2_ImSim/Run2.1i/instCat/01235518to01302321/01237353.tar.gz
HTAR: a   DC2_ImSim/Run2.1i/instCat/01235518to01302321/01237354.tar.gz
HTAR: a   DC2_ImSim/Run2.1i/instCat/01235518to01302321/01237355.tar.gz
HTAR: a   DC2_ImSim/Run2.1i/instCat/01235518to01302321/01237889.tar.gz
HTAR: a   DC2_ImSim/Run2.1i/instCat/01235518to01302321/01237892.tar.gz
HTAR: a   DC2_ImSim/Run2.1i/instCat/01235518to01302321/01237895.tar.gz
HTAR: a   DC2_ImSim/Run2.1i/instCat/01235518to01302321/01238014.tar.gz
HTAR: a   DC2_ImSim/Run2.1i/instCat/01235518to01302321/01238015.tar.gz
HTAR: a   DC2_ImSim/Run2.1i/instCat/01235518to01302321/01238016.tar.gz
HTAR: a   DC2_ImSim/Run2.1i/instCat/01235518to01302321/01238017.tar.gz
HTAR: a   DC2_ImSim/Run2.1i/instCat/01235518to01302321/01238019.tar.gz
HTAR: a   DC2_ImSim/Run2.1i/instCat/01235518to01302321/01238078.tar.gz
HTAR: a   DC2_ImSim/Run2.1i/instCat/01235518to01302321/01238079.tar.gz
HTAR: a   DC2_ImSim/Run2.1i/instCat/01235518to01302321/01238080.tar.gz
HTAR: a   DC2_ImSim/Run2.1i/instCat/01235518to01302321/01238081.tar.gz
HTAR: a   DC2_ImSim/Run2.1i/instCat/01235518to01302321/01238082.tar.gz
HTAR: a   DC2_ImSim/Run2.1i/instCat/01235518to01302321/01238084.tar.gz
HTAR: a   DC2_ImSim/Run2.1i/instCat/01235518to01302321/01238085.tar.gz
HTAR: a   DC2_ImSim/Run2.1i/instCat/01235518to01302321/01238086.tar.gz
HTAR: a   DC2_ImSim/Run2.1i/instCat/01235518to01302321/01238087.tar.gz
HTAR: a   DC2_ImSim/Run2.1i/instCat/01235518to01302321/01238088.tar.gz
HTAR: a   DC2_ImSim/Run2.1i/instCat/01235518to01302321/01238089.tar.gz
HTAR: a   DC2_ImSim/Run2.1i/instCat/01235518to01302321/01238090.tar.gz
HTAR: a   DC2_ImSim/Run2.1i/instCat/01235518to01302321/01238128.tar.gz
HTAR: a   DC2_ImSim/Run2.1i/instCat/01235518to01302321/01239602.tar.gz
HTAR: a   DC2_ImSim/Run2.1i/instCat/01235518to01302321/01239603.tar.gz
HTAR: a   DC2_ImSim/Run2.1i/instCat/01235518to01302321/01239604.tar.gz
HTAR: a   DC2_ImSim/Run2.1i/instCat/01235518to01302321/01239605.tar.gz
HTAR: a   DC2_ImSim/Run2.1i/instCat/01235518to01302321/01239606.tar.gz
HTAR: a   DC2_ImSim/Run2.1i/instCat/01235518to01302321/01239607.tar.gz
HTAR: a   DC2_ImSim/Run2.1i/instCat/01235518to01302321/01239641.tar.gz
HTAR: a   DC2_ImSim/Run2.1i/instCat/01235518to01302321/01239643.tar.gz
HTAR: a   DC2_ImSim/Run2.1i/instCat/01235518to01302321/01239644.tar.gz
HTAR: a   DC2_ImSim/Run2.1i/instCat/01235518to01302321/01239645.tar.gz
HTAR: a   DC2_ImSim/Run2.1i/instCat/01235518to01302321/01239646.tar.gz
HTAR: a   DC2_ImSim/Run2.1i/instCat/01235518to01302321/01239647.tar.gz
HTAR: a   DC2_ImSim/Run2.1i/instCat/01235518to01302321/01239648.tar.gz
HTAR: a   DC2_ImSim/Run2.1i/instCat/01235518to01302321/01239649.tar.gz
HTAR: a   DC2_ImSim/Run2.1i/instCat/01235518to01302321/01239650.tar.gz
HTAR: a   DC2_ImSim/Run2.1i/instCat/01235518to01302321/01240020.tar.gz
HTAR: a   DC2_ImSim/Run2.1i/instCat/01235518to01302321/01240026.tar.gz
HTAR: a   DC2_ImSim/Run2.1i/instCat/01235518to01302321/01240028.tar.gz
HTAR: a   DC2_ImSim/Run2.1i/instCat/01235518to01302321/01240030.tar.gz
HTAR: a   DC2_ImSim/Run2.1i/instCat/01235518to01302321/01240035.tar.gz
HTAR: a   DC2_ImSim/Run2.1i/instCat/01235518to01302321/01240093.tar.gz
HTAR: a   DC2_ImSim/Run2.1i/instCat/01235518to01302321/01240094.tar.gz
HTAR: a   DC2_ImSim/Run2.1i/instCat/01235518to01302321/01240096.tar.gz
HTAR: a   DC2_ImSim/Run2.1i/instCat/01235518to01302321/01240097.tar.gz
HTAR: a   DC2_ImSim/Run2.1i/instCat/01235518to01302321/01240098.tar.gz
HTAR: a   DC2_ImSim/Run2.1i/instCat/01235518to01302321/01240099.tar.gz
HTAR: a   DC2_ImSim/Run2.1i/instCat/01235518to01302321/01240124.tar.gz
HTAR: a   DC2_ImSim/Run2.1i/instCat/01235518to01302321/01240125.tar.gz
HTAR: a   DC2_ImSim/Run2.1i/instCat/01235518to01302321/01240127.tar.gz
HTAR: a   DC2_ImSim/Run2.1i/instCat/01235518to01302321/01240128.tar.gz
HTAR: a   DC2_ImSim/Run2.1i/instCat/01235518to01302321/01240129.tar.gz
HTAR: a   DC2_ImSim/Run2.1i/instCat/01235518to01302321/01240130.tar.gz
HTAR: a   DC2_ImSim/Run2.1i/instCat/01235518to01302321/01240147.tar.gz
HTAR: a   DC2_ImSim/Run2.1i/instCat/01235518to01302321/01240148.tar.gz
HTAR: a   DC2_ImSim/Run2.1i/instCat/01235518to01302321/01240149.tar.gz
HTAR: a   DC2_ImSim/Run2.1i/instCat/01235518to01302321/01240150.tar.gz
HTAR: a   DC2_ImSim/Run2.1i/instCat/01235518to01302321/01240151.tar.gz
HTAR: a   DC2_ImSim/Run2.1i/instCat/01235518to01302321/01240178.tar.gz
HTAR: a   DC2_ImSim/Run2.1i/instCat/01235518to01302321/01240179.tar.gz
HTAR: a   DC2_ImSim/Run2.1i/instCat/01235518to01302321/01240180.tar.gz
HTAR: a   DC2_ImSim/Run2.1i/instCat/01235518to01302321/01240181.tar.gz
HTAR: a   DC2_ImSim/Run2.1i/instCat/01235518to01302321/01240212.tar.gz
HTAR: a   DC2_ImSim/Run2.1i/instCat/01235518to01302321/01240213.tar.gz
HTAR: a   DC2_ImSim/Run2.1i/instCat/01235518to01302321/01240214.tar.gz
HTAR: a   DC2_ImSim/Run2.1i/instCat/01235518to01302321/01240215.tar.gz
HTAR: a   DC2_ImSim/Run2.1i/instCat/01235518to01302321/01240216.tar.gz
HTAR: a   DC2_ImSim/Run2.1i/instCat/01235518to01302321/01240217.tar.gz
HTAR: a   DC2_ImSim/Run2.1i/instCat/01235518to01302321/01240227.tar.gz
HTAR: a   DC2_ImSim/Run2.1i/instCat/01235518to01302321/01240243.tar.gz
HTAR: a   DC2_ImSim/Run2.1i/instCat/01235518to01302321/01240244.tar.gz
HTAR: a   DC2_ImSim/Run2.1i/instCat/01235518to01302321/01240245.tar.gz
HTAR: a   DC2_ImSim/Run2.1i/instCat/01235518to01302321/01240246.tar.gz
HTAR: a   DC2_ImSim/Run2.1i/instCat/01235518to01302321/01240247.tar.gz
HTAR: a   DC2_ImSim/Run2.1i/instCat/01235518to01302321/01240248.tar.gz
HTAR: a   DC2_ImSim/Run2.1i/instCat/01235518to01302321/01240258.tar.gz
HTAR: a   DC2_ImSim/Run2.1i/instCat/01235518to01302321/01240264.tar.gz
HTAR: a   DC2_ImSim/Run2.1i/instCat/01235518to01302321/01240268.tar.gz
HTAR: a   DC2_ImSim/Run2.1i/instCat/01235518to01302321/01240299.tar.gz
HTAR: a   /tmp/HTAR_CF_CHK_27827_1561579316
HTAR Create complete for /home/projects/desc/DC2_ImSim/Run2.1i/instCat/01235518to01302321/01236514to01240299.tar. 542,319,439,360 bytes written for 120 member files, max threads: 2 Transfer time: 2890.185 seconds (187.642 MB/s) wallclock/user/sys: 2890.592 3417.298 1513.668 seconds
HTAR: HTAR SUCCESSFUL
HTAR: a   DC2_ImSim/Run2.1i/instCat/01235518to01302321/01240302.tar.gz
HTAR: a   DC2_ImSim/Run2.1i/instCat/01235518to01302321/01240303.tar.gz
HTAR: a   DC2_ImSim/Run2.1i/instCat/01235518to01302321/01240348.tar.gz
HTAR: a   DC2_ImSim/Run2.1i/instCat/01235518to01302321/01240764.tar.gz
HTAR: a   DC2_ImSim/Run2.1i/instCat/01235518to01302321/01240765.tar.gz
HTAR: a   DC2_ImSim/Run2.1i/instCat/01235518to01302321/01240766.tar.gz
HTAR: a   DC2_ImSim/Run2.1i/instCat/01235518to01302321/01240769.tar.gz
HTAR: a   DC2_ImSim/Run2.1i/instCat/01235518to01302321/01240798.tar.gz
HTAR: a   DC2_ImSim/Run2.1i/instCat/01235518to01302321/01240799.tar.gz
HTAR: a   DC2_ImSim/Run2.1i/instCat/01235518to01302321/01240800.tar.gz
HTAR: a   DC2_ImSim/Run2.1i/instCat/01235518to01302321/01240801.tar.gz
HTAR: a   DC2_ImSim/Run2.1i/instCat/01235518to01302321/01240913.tar.gz
HTAR: a   DC2_ImSim/Run2.1i/instCat/01235518to01302321/01240915.tar.gz
HTAR: a   DC2_ImSim/Run2.1i/instCat/01235518to01302321/01240916.tar.gz
HTAR: a   DC2_ImSim/Run2.1i/instCat/01235518to01302321/01240917.tar.gz
HTAR: a   DC2_ImSim/Run2.1i/instCat/01235518to01302321/01240933.tar.gz
HTAR: a   DC2_ImSim/Run2.1i/instCat/01235518to01302321/01240943.tar.gz
HTAR: a   DC2_ImSim/Run2.1i/instCat/01235518to01302321/01240953.tar.gz
HTAR: a   DC2_ImSim/Run2.1i/instCat/01235518to01302321/01240954.tar.gz
HTAR: a   DC2_ImSim/Run2.1i/instCat/01235518to01302321/01240956.tar.gz
HTAR: a   DC2_ImSim/Run2.1i/instCat/01235518to01302321/01240957.tar.gz
HTAR: a   DC2_ImSim/Run2.1i/instCat/01235518to01302321/01240958.tar.gz
HTAR: a   DC2_ImSim/Run2.1i/instCat/01235518to01302321/01240959.tar.gz
HTAR: a   DC2_ImSim/Run2.1i/instCat/01235518to01302321/01240960.tar.gz
HTAR: a   DC2_ImSim/Run2.1i/instCat/01235518to01302321/01240961.tar.gz
HTAR: a   DC2_ImSim/Run2.1i/instCat/01235518to01302321/01240962.tar.gz
HTAR: a   DC2_ImSim/Run2.1i/instCat/01235518to01302321/01240970.tar.gz
HTAR: a   DC2_ImSim/Run2.1i/instCat/01235518to01302321/01240971.tar.gz
HTAR: a   DC2_ImSim/Run2.1i/instCat/01235518to01302321/01240972.tar.gz
HTAR: a   DC2_ImSim/Run2.1i/instCat/01235518to01302321/01240973.tar.gz
HTAR: a   DC2_ImSim/Run2.1i/instCat/01235518to01302321/01240974.tar.gz
HTAR: a   DC2_ImSim/Run2.1i/instCat/01235518to01302321/01240975.tar.gz
HTAR: a   DC2_ImSim/Run2.1i/instCat/01235518to01302321/01240977.tar.gz
HTAR: a   DC2_ImSim/Run2.1i/instCat/01235518to01302321/01240978.tar.gz
HTAR: a   DC2_ImSim/Run2.1i/instCat/01235518to01302321/01240979.tar.gz
HTAR: a   DC2_ImSim/Run2.1i/instCat/01235518to01302321/01240980.tar.gz
HTAR: a   DC2_ImSim/Run2.1i/instCat/01235518to01302321/01240981.tar.gz
HTAR: a   DC2_ImSim/Run2.1i/instCat/01235518to01302321/01240984.tar.gz
HTAR: a   DC2_ImSim/Run2.1i/instCat/01235518to01302321/01240985.tar.gz
HTAR: a   DC2_ImSim/Run2.1i/instCat/01235518to01302321/01240986.tar.gz
HTAR: a   DC2_ImSim/Run2.1i/instCat/01235518to01302321/01240987.tar.gz
HTAR: a   DC2_ImSim/Run2.1i/instCat/01235518to01302321/01240997.tar.gz
HTAR: a   DC2_ImSim/Run2.1i/instCat/01235518to01302321/01240998.tar.gz
HTAR: a   DC2_ImSim/Run2.1i/instCat/01235518to01302321/01240999.tar.gz
HTAR: a   DC2_ImSim/Run2.1i/instCat/01235518to01302321/01241000.tar.gz
HTAR: a   DC2_ImSim/Run2.1i/instCat/01235518to01302321/01241012.tar.gz
HTAR: a   DC2_ImSim/Run2.1i/instCat/01235518to01302321/01241013.tar.gz
HTAR: a   DC2_ImSim/Run2.1i/instCat/01235518to01302321/01241014.tar.gz
HTAR: a   DC2_ImSim/Run2.1i/instCat/01235518to01302321/01241015.tar.gz
HTAR: a   DC2_ImSim/Run2.1i/instCat/01235518to01302321/01241016.tar.gz
HTAR: a   DC2_ImSim/Run2.1i/instCat/01235518to01302321/01241017.tar.gz
HTAR: a   DC2_ImSim/Run2.1i/instCat/01235518to01302321/01241018.tar.gz
HTAR: a   DC2_ImSim/Run2.1i/instCat/01235518to01302321/01241553.tar.gz
HTAR: a   DC2_ImSim/Run2.1i/instCat/01235518to01302321/01241591.tar.gz
HTAR: a   DC2_ImSim/Run2.1i/instCat/01235518to01302321/01242082.tar.gz
HTAR: a   DC2_ImSim/Run2.1i/instCat/01235518to01302321/01242892.tar.gz
HTAR: a   DC2_ImSim/Run2.1i/instCat/01235518to01302321/01242895.tar.gz
HTAR: a   DC2_ImSim/Run2.1i/instCat/01235518to01302321/01242933.tar.gz
HTAR: a   DC2_ImSim/Run2.1i/instCat/01235518to01302321/01242934.tar.gz
HTAR: a   DC2_ImSim/Run2.1i/instCat/01235518to01302321/01242936.tar.gz
HTAR: a   DC2_ImSim/Run2.1i/instCat/01235518to01302321/01243701.tar.gz
HTAR: a   DC2_ImSim/Run2.1i/instCat/01235518to01302321/01243705.tar.gz
HTAR: a   DC2_ImSim/Run2.1i/instCat/01235518to01302321/01243708.tar.gz
HTAR: a   DC2_ImSim/Run2.1i/instCat/01235518to01302321/01243709.tar.gz
HTAR: a   DC2_ImSim/Run2.1i/instCat/01235518to01302321/01243713.tar.gz
HTAR: a   DC2_ImSim/Run2.1i/instCat/01235518to01302321/01243714.tar.gz
HTAR: a   DC2_ImSim/Run2.1i/instCat/01235518to01302321/01243715.tar.gz
HTAR: a   DC2_ImSim/Run2.1i/instCat/01235518to01302321/01243716.tar.gz
HTAR: a   DC2_ImSim/Run2.1i/instCat/01235518to01302321/01243742.tar.gz
HTAR: a   DC2_ImSim/Run2.1i/instCat/01235518to01302321/01243747.tar.gz
HTAR: a   DC2_ImSim/Run2.1i/instCat/01235518to01302321/01243748.tar.gz
HTAR: a   DC2_ImSim/Run2.1i/instCat/01235518to01302321/01243749.tar.gz
HTAR: a   DC2_ImSim/Run2.1i/instCat/01235518to01302321/01243751.tar.gz
HTAR: a   DC2_ImSim/Run2.1i/instCat/01235518to01302321/01243753.tar.gz
HTAR: a   DC2_ImSim/Run2.1i/instCat/01235518to01302321/01243754.tar.gz
HTAR: a   DC2_ImSim/Run2.1i/instCat/01235518to01302321/01243756.tar.gz
HTAR: a   DC2_ImSim/Run2.1i/instCat/01235518to01302321/01243757.tar.gz
HTAR: a   DC2_ImSim/Run2.1i/instCat/01235518to01302321/01243815.tar.gz
HTAR: a   DC2_ImSim/Run2.1i/instCat/01235518to01302321/01244386.tar.gz
HTAR: a   DC2_ImSim/Run2.1i/instCat/01235518to01302321/01244421.tar.gz
HTAR: a   DC2_ImSim/Run2.1i/instCat/01235518to01302321/01244976.tar.gz
HTAR: a   DC2_ImSim/Run2.1i/instCat/01235518to01302321/01244977.tar.gz
HTAR: a   DC2_ImSim/Run2.1i/instCat/01235518to01302321/01244978.tar.gz
HTAR: a   DC2_ImSim/Run2.1i/instCat/01235518to01302321/01245136.tar.gz
HTAR: a   DC2_ImSim/Run2.1i/instCat/01235518to01302321/01245137.tar.gz
HTAR: a   DC2_ImSim/Run2.1i/instCat/01235518to01302321/01245138.tar.gz
HTAR: a   DC2_ImSim/Run2.1i/instCat/01235518to01302321/01245139.tar.gz
HTAR: a   DC2_ImSim/Run2.1i/instCat/01235518to01302321/01245140.tar.gz
HTAR: a   DC2_ImSim/Run2.1i/instCat/01235518to01302321/01245141.tar.gz
HTAR: a   DC2_ImSim/Run2.1i/instCat/01235518to01302321/01245142.tar.gz
HTAR: a   DC2_ImSim/Run2.1i/instCat/01235518to01302321/01245151.tar.gz
HTAR: a   DC2_ImSim/Run2.1i/instCat/01235518to01302321/01245152.tar.gz
HTAR: a   DC2_ImSim/Run2.1i/instCat/01235518to01302321/01245153.tar.gz
HTAR: a   DC2_ImSim/Run2.1i/instCat/01235518to01302321/01245161.tar.gz
HTAR: a   DC2_ImSim/Run2.1i/instCat/01235518to01302321/01245162.tar.gz
HTAR: a   DC2_ImSim/Run2.1i/instCat/01235518to01302321/01245163.tar.gz
HTAR: a   DC2_ImSim/Run2.1i/instCat/01235518to01302321/01245164.tar.gz
HTAR: a   DC2_ImSim/Run2.1i/instCat/01235518to01302321/01245165.tar.gz
HTAR: a   DC2_ImSim/Run2.1i/instCat/01235518to01302321/01245166.tar.gz
HTAR: a   DC2_ImSim/Run2.1i/instCat/01235518to01302321/01245167.tar.gz
HTAR: a   DC2_ImSim/Run2.1i/instCat/01235518to01302321/01245183.tar.gz
HTAR: a   DC2_ImSim/Run2.1i/instCat/01235518to01302321/01245184.tar.gz
HTAR: a   DC2_ImSim/Run2.1i/instCat/01235518to01302321/01245192.tar.gz
HTAR: a   DC2_ImSim/Run2.1i/instCat/01235518to01302321/01245193.tar.gz
HTAR: a   DC2_ImSim/Run2.1i/instCat/01235518to01302321/01245194.tar.gz
HTAR: a   DC2_ImSim/Run2.1i/instCat/01235518to01302321/01245199.tar.gz
HTAR: a   DC2_ImSim/Run2.1i/instCat/01235518to01302321/01245200.tar.gz
HTAR: a   DC2_ImSim/Run2.1i/instCat/01235518to01302321/01245202.tar.gz
HTAR: a   DC2_ImSim/Run2.1i/instCat/01235518to01302321/01245203.tar.gz
HTAR: a   DC2_ImSim/Run2.1i/instCat/01235518to01302321/01245204.tar.gz
HTAR: a   DC2_ImSim/Run2.1i/instCat/01235518to01302321/01245205.tar.gz
HTAR: a   DC2_ImSim/Run2.1i/instCat/01235518to01302321/01245206.tar.gz
HTAR: a   DC2_ImSim/Run2.1i/instCat/01235518to01302321/01245207.tar.gz
HTAR: a   DC2_ImSim/Run2.1i/instCat/01235518to01302321/01245211.tar.gz
HTAR: a   DC2_ImSim/Run2.1i/instCat/01235518to01302321/01245243.tar.gz
HTAR: a   DC2_ImSim/Run2.1i/instCat/01235518to01302321/01245244.tar.gz
HTAR: a   DC2_ImSim/Run2.1i/instCat/01235518to01302321/01245245.tar.gz
HTAR: a   DC2_ImSim/Run2.1i/instCat/01235518to01302321/01245246.tar.gz
HTAR: a   DC2_ImSim/Run2.1i/instCat/01235518to01302321/01245247.tar.gz
HTAR: a   DC2_ImSim/Run2.1i/instCat/01235518to01302321/01245248.tar.gz
HTAR: a   /tmp/HTAR_CF_CHK_29943_1561582211
HTAR Create complete for /home/projects/desc/DC2_ImSim/Run2.1i/instCat/01235518to01302321/01240302to01245248.tar. 527,077,536,256 bytes written for 120 member files, max threads: 3 Transfer time: 2854.267 seconds (184.663 MB/s) wallclock/user/sys: 2855.377 3373.939 1499.708 seconds
HTAR: HTAR SUCCESSFUL
HTAR: a   DC2_ImSim/Run2.1i/instCat/01235518to01302321/01245251.tar.gz
HTAR: a   DC2_ImSim/Run2.1i/instCat/01235518to01302321/01245262.tar.gz
HTAR: a   DC2_ImSim/Run2.1i/instCat/01235518to01302321/01245264.tar.gz
HTAR: a   DC2_ImSim/Run2.1i/instCat/01235518to01302321/01245771.tar.gz
HTAR: a   DC2_ImSim/Run2.1i/instCat/01235518to01302321/01245803.tar.gz
HTAR: a   DC2_ImSim/Run2.1i/instCat/01235518to01302321/01245811.tar.gz
HTAR: a   DC2_ImSim/Run2.1i/instCat/01235518to01302321/01245812.tar.gz
HTAR: a   DC2_ImSim/Run2.1i/instCat/01235518to01302321/01245813.tar.gz
HTAR: a   DC2_ImSim/Run2.1i/instCat/01235518to01302321/01245815.tar.gz
HTAR: a   DC2_ImSim/Run2.1i/instCat/01235518to01302321/01245841.tar.gz
HTAR: a   DC2_ImSim/Run2.1i/instCat/01235518to01302321/01245843.tar.gz
HTAR: a   DC2_ImSim/Run2.1i/instCat/01235518to01302321/01245844.tar.gz
HTAR: a   DC2_ImSim/Run2.1i/instCat/01235518to01302321/01245855.tar.gz
HTAR: a   DC2_ImSim/Run2.1i/instCat/01235518to01302321/01245856.tar.gz
HTAR: a   DC2_ImSim/Run2.1i/instCat/01235518to01302321/01245858.tar.gz
HTAR: a   DC2_ImSim/Run2.1i/instCat/01235518to01302321/01245876.tar.gz
HTAR: a   DC2_ImSim/Run2.1i/instCat/01235518to01302321/01245991.tar.gz
HTAR: a   DC2_ImSim/Run2.1i/instCat/01235518to01302321/01245992.tar.gz
HTAR: a   DC2_ImSim/Run2.1i/instCat/01235518to01302321/01246046.tar.gz
HTAR: a   DC2_ImSim/Run2.1i/instCat/01235518to01302321/01246492.tar.gz
HTAR: a   DC2_ImSim/Run2.1i/instCat/01235518to01302321/01246493.tar.gz
HTAR: a   DC2_ImSim/Run2.1i/instCat/01235518to01302321/01246494.tar.gz
HTAR: a   DC2_ImSim/Run2.1i/instCat/01235518to01302321/01246495.tar.gz
HTAR: a   DC2_ImSim/Run2.1i/instCat/01235518to01302321/01246496.tar.gz
HTAR: a   DC2_ImSim/Run2.1i/instCat/01235518to01302321/01246497.tar.gz
HTAR: a   DC2_ImSim/Run2.1i/instCat/01235518to01302321/01246498.tar.gz
HTAR: a   DC2_ImSim/Run2.1i/instCat/01235518to01302321/01246499.tar.gz
HTAR: a   DC2_ImSim/Run2.1i/instCat/01235518to01302321/01246500.tar.gz
HTAR: a   DC2_ImSim/Run2.1i/instCat/01235518to01302321/01246501.tar.gz
HTAR: a   DC2_ImSim/Run2.1i/instCat/01235518to01302321/01246502.tar.gz
HTAR: a   DC2_ImSim/Run2.1i/instCat/01235518to01302321/01246503.tar.gz
HTAR: a   DC2_ImSim/Run2.1i/instCat/01235518to01302321/01246504.tar.gz
HTAR: a   DC2_ImSim/Run2.1i/instCat/01235518to01302321/01246505.tar.gz
HTAR: a   DC2_ImSim/Run2.1i/instCat/01235518to01302321/01246530.tar.gz
HTAR: a   DC2_ImSim/Run2.1i/instCat/01235518to01302321/01246531.tar.gz
HTAR: a   DC2_ImSim/Run2.1i/instCat/01235518to01302321/01246532.tar.gz
HTAR: a   DC2_ImSim/Run2.1i/instCat/01235518to01302321/01246533.tar.gz
HTAR: a   DC2_ImSim/Run2.1i/instCat/01235518to01302321/01246534.tar.gz
HTAR: a   DC2_ImSim/Run2.1i/instCat/01235518to01302321/01246535.tar.gz
HTAR: a   DC2_ImSim/Run2.1i/instCat/01235518to01302321/01246536.tar.gz
HTAR: a   DC2_ImSim/Run2.1i/instCat/01235518to01302321/01246537.tar.gz
HTAR: a   DC2_ImSim/Run2.1i/instCat/01235518to01302321/01246538.tar.gz
HTAR: a   DC2_ImSim/Run2.1i/instCat/01235518to01302321/01246539.tar.gz
HTAR: a   DC2_ImSim/Run2.1i/instCat/01235518to01302321/01246540.tar.gz
HTAR: a   DC2_ImSim/Run2.1i/instCat/01235518to01302321/01246541.tar.gz
HTAR: a   DC2_ImSim/Run2.1i/instCat/01235518to01302321/01246542.tar.gz
HTAR: a   DC2_ImSim/Run2.1i/instCat/01235518to01302321/01246543.tar.gz
HTAR: a   DC2_ImSim/Run2.1i/instCat/01235518to01302321/01246548.tar.gz
HTAR: a   DC2_ImSim/Run2.1i/instCat/01235518to01302321/01246549.tar.gz
HTAR: a   DC2_ImSim/Run2.1i/instCat/01235518to01302321/01246550.tar.gz
HTAR: a   DC2_ImSim/Run2.1i/instCat/01235518to01302321/01246551.tar.gz
HTAR: a   DC2_ImSim/Run2.1i/instCat/01235518to01302321/01246557.tar.gz
HTAR: a   DC2_ImSim/Run2.1i/instCat/01235518to01302321/01246558.tar.gz
HTAR: a   DC2_ImSim/Run2.1i/instCat/01235518to01302321/01246559.tar.gz
HTAR: a   DC2_ImSim/Run2.1i/instCat/01235518to01302321/01246570.tar.gz
HTAR: a   DC2_ImSim/Run2.1i/instCat/01235518to01302321/01246571.tar.gz
HTAR: a   DC2_ImSim/Run2.1i/instCat/01235518to01302321/01246572.tar.gz
HTAR: a   DC2_ImSim/Run2.1i/instCat/01235518to01302321/01246573.tar.gz
HTAR: a   DC2_ImSim/Run2.1i/instCat/01235518to01302321/01246574.tar.gz
HTAR: a   DC2_ImSim/Run2.1i/instCat/01235518to01302321/01246575.tar.gz
HTAR: a   DC2_ImSim/Run2.1i/instCat/01235518to01302321/01246584.tar.gz
HTAR: a   DC2_ImSim/Run2.1i/instCat/01235518to01302321/01246585.tar.gz
HTAR: a   DC2_ImSim/Run2.1i/instCat/01235518to01302321/01246588.tar.gz
HTAR: a   DC2_ImSim/Run2.1i/instCat/01235518to01302321/01246589.tar.gz
HTAR: a   DC2_ImSim/Run2.1i/instCat/01235518to01302321/01246590.tar.gz
HTAR: a   DC2_ImSim/Run2.1i/instCat/01235518to01302321/01246612.tar.gz
HTAR: a   DC2_ImSim/Run2.1i/instCat/01235518to01302321/01246613.tar.gz
HTAR: a   DC2_ImSim/Run2.1i/instCat/01235518to01302321/01246614.tar.gz
HTAR: a   DC2_ImSim/Run2.1i/instCat/01235518to01302321/01246616.tar.gz
HTAR: a   DC2_ImSim/Run2.1i/instCat/01235518to01302321/01246617.tar.gz
HTAR: a   DC2_ImSim/Run2.1i/instCat/01235518to01302321/01246618.tar.gz
HTAR: a   DC2_ImSim/Run2.1i/instCat/01235518to01302321/01246619.tar.gz
HTAR: a   DC2_ImSim/Run2.1i/instCat/01235518to01302321/01246620.tar.gz
HTAR: a   DC2_ImSim/Run2.1i/instCat/01235518to01302321/01246621.tar.gz
HTAR: a   DC2_ImSim/Run2.1i/instCat/01235518to01302321/01246622.tar.gz
HTAR: a   DC2_ImSim/Run2.1i/instCat/01235518to01302321/01246623.tar.gz
HTAR: a   DC2_ImSim/Run2.1i/instCat/01235518to01302321/01246624.tar.gz
HTAR: a   DC2_ImSim/Run2.1i/instCat/01235518to01302321/01246654.tar.gz
HTAR: a   DC2_ImSim/Run2.1i/instCat/01235518to01302321/01246655.tar.gz
HTAR: a   DC2_ImSim/Run2.1i/instCat/01235518to01302321/01246656.tar.gz
HTAR: a   DC2_ImSim/Run2.1i/instCat/01235518to01302321/01246657.tar.gz
HTAR: a   DC2_ImSim/Run2.1i/instCat/01235518to01302321/01246658.tar.gz
HTAR: a   DC2_ImSim/Run2.1i/instCat/01235518to01302321/01247191.tar.gz
HTAR: a   DC2_ImSim/Run2.1i/instCat/01235518to01302321/01247192.tar.gz
HTAR: a   DC2_ImSim/Run2.1i/instCat/01235518to01302321/01247193.tar.gz
HTAR: a   DC2_ImSim/Run2.1i/instCat/01235518to01302321/01247194.tar.gz
HTAR: a   DC2_ImSim/Run2.1i/instCat/01235518to01302321/01247195.tar.gz
HTAR: a   DC2_ImSim/Run2.1i/instCat/01235518to01302321/01247196.tar.gz
HTAR: a   DC2_ImSim/Run2.1i/instCat/01235518to01302321/01247197.tar.gz
HTAR: a   DC2_ImSim/Run2.1i/instCat/01235518to01302321/01247198.tar.gz
HTAR: a   DC2_ImSim/Run2.1i/instCat/01235518to01302321/01247199.tar.gz
HTAR: a   DC2_ImSim/Run2.1i/instCat/01235518to01302321/01247200.tar.gz
HTAR: a   DC2_ImSim/Run2.1i/instCat/01235518to01302321/01247201.tar.gz
HTAR: a   DC2_ImSim/Run2.1i/instCat/01235518to01302321/01247202.tar.gz
HTAR: a   DC2_ImSim/Run2.1i/instCat/01235518to01302321/01247221.tar.gz
HTAR: a   DC2_ImSim/Run2.1i/instCat/01235518to01302321/01247222.tar.gz
HTAR: a   DC2_ImSim/Run2.1i/instCat/01235518to01302321/01247223.tar.gz
HTAR: a   DC2_ImSim/Run2.1i/instCat/01235518to01302321/01247224.tar.gz
HTAR: a   DC2_ImSim/Run2.1i/instCat/01235518to01302321/01247225.tar.gz
HTAR: a   DC2_ImSim/Run2.1i/instCat/01235518to01302321/01247226.tar.gz
HTAR: a   DC2_ImSim/Run2.1i/instCat/01235518to01302321/01247227.tar.gz
HTAR: a   DC2_ImSim/Run2.1i/instCat/01235518to01302321/01247228.tar.gz
HTAR: a   DC2_ImSim/Run2.1i/instCat/01235518to01302321/01247229.tar.gz
HTAR: a   DC2_ImSim/Run2.1i/instCat/01235518to01302321/01247230.tar.gz
HTAR: a   DC2_ImSim/Run2.1i/instCat/01235518to01302321/01247231.tar.gz
HTAR: a   DC2_ImSim/Run2.1i/instCat/01235518to01302321/01247232.tar.gz
HTAR: a   DC2_ImSim/Run2.1i/instCat/01235518to01302321/01247238.tar.gz
HTAR: a   DC2_ImSim/Run2.1i/instCat/01235518to01302321/01247239.tar.gz
HTAR: a   DC2_ImSim/Run2.1i/instCat/01235518to01302321/01247258.tar.gz
HTAR: a   DC2_ImSim/Run2.1i/instCat/01235518to01302321/01247282.tar.gz
HTAR: a   DC2_ImSim/Run2.1i/instCat/01235518to01302321/01247340.tar.gz
HTAR: a   DC2_ImSim/Run2.1i/instCat/01235518to01302321/01247341.tar.gz
HTAR: a   DC2_ImSim/Run2.1i/instCat/01235518to01302321/01247347.tar.gz
HTAR: a   DC2_ImSim/Run2.1i/instCat/01235518to01302321/01247348.tar.gz
HTAR: a   DC2_ImSim/Run2.1i/instCat/01235518to01302321/01247352.tar.gz
HTAR: a   DC2_ImSim/Run2.1i/instCat/01235518to01302321/01247375.tar.gz
HTAR: a   DC2_ImSim/Run2.1i/instCat/01235518to01302321/01247376.tar.gz
HTAR: a   DC2_ImSim/Run2.1i/instCat/01235518to01302321/01247383.tar.gz
HTAR: a   DC2_ImSim/Run2.1i/instCat/01235518to01302321/01247391.tar.gz
HTAR: a   DC2_ImSim/Run2.1i/instCat/01235518to01302321/01247392.tar.gz
HTAR: a   /tmp/HTAR_CF_CHK_8390_1561585069
HTAR Create complete for /home/projects/desc/DC2_ImSim/Run2.1i/instCat/01235518to01302321/01245251to01247392.tar. 534,994,298,880 bytes written for 120 member files, max threads: 3 Transfer time: 2867.779 seconds (186.554 MB/s) wallclock/user/sys: 2868.458 3392.190 1502.582 seconds
HTAR: HTAR SUCCESSFUL
HTAR: a   DC2_ImSim/Run2.1i/instCat/01235518to01302321/01247888.tar.gz
HTAR: a   DC2_ImSim/Run2.1i/instCat/01235518to01302321/01247889.tar.gz
HTAR: a   DC2_ImSim/Run2.1i/instCat/01235518to01302321/01247942.tar.gz
HTAR: a   DC2_ImSim/Run2.1i/instCat/01235518to01302321/01247943.tar.gz
HTAR: a   DC2_ImSim/Run2.1i/instCat/01235518to01302321/01249313.tar.gz
HTAR: a   DC2_ImSim/Run2.1i/instCat/01235518to01302321/01249314.tar.gz
HTAR: a   DC2_ImSim/Run2.1i/instCat/01235518to01302321/01249315.tar.gz
HTAR: a   DC2_ImSim/Run2.1i/instCat/01235518to01302321/01249358.tar.gz
HTAR: a   DC2_ImSim/Run2.1i/instCat/01235518to01302321/01249359.tar.gz
HTAR: a   DC2_ImSim/Run2.1i/instCat/01235518to01302321/01249411.tar.gz
HTAR: a   DC2_ImSim/Run2.1i/instCat/01235518to01302321/01249412.tar.gz
HTAR: a   DC2_ImSim/Run2.1i/instCat/01235518to01302321/01249413.tar.gz
HTAR: a   DC2_ImSim/Run2.1i/instCat/01235518to01302321/01249458.tar.gz
HTAR: a   DC2_ImSim/Run2.1i/instCat/01235518to01302321/01249459.tar.gz
HTAR: a   DC2_ImSim/Run2.1i/instCat/01235518to01302321/01249460.tar.gz
HTAR: a   DC2_ImSim/Run2.1i/instCat/01235518to01302321/01250232.tar.gz
HTAR: a   DC2_ImSim/Run2.1i/instCat/01235518to01302321/01250278.tar.gz
HTAR: a   DC2_ImSim/Run2.1i/instCat/01235518to01302321/01251613.tar.gz
HTAR: a   DC2_ImSim/Run2.1i/instCat/01235518to01302321/01251614.tar.gz
HTAR: a   DC2_ImSim/Run2.1i/instCat/01235518to01302321/01251615.tar.gz
HTAR: a   DC2_ImSim/Run2.1i/instCat/01235518to01302321/01251616.tar.gz
HTAR: a   DC2_ImSim/Run2.1i/instCat/01235518to01302321/01251617.tar.gz
HTAR: a   DC2_ImSim/Run2.1i/instCat/01235518to01302321/01251653.tar.gz
HTAR: a   DC2_ImSim/Run2.1i/instCat/01235518to01302321/01251654.tar.gz
HTAR: a   DC2_ImSim/Run2.1i/instCat/01235518to01302321/01251655.tar.gz
HTAR: a   DC2_ImSim/Run2.1i/instCat/01235518to01302321/01251656.tar.gz
HTAR: a   DC2_ImSim/Run2.1i/instCat/01235518to01302321/01251657.tar.gz
HTAR: a   DC2_ImSim/Run2.1i/instCat/01235518to01302321/01251659.tar.gz
HTAR: a   DC2_ImSim/Run2.1i/instCat/01235518to01302321/01251664.tar.gz
HTAR: a   DC2_ImSim/Run2.1i/instCat/01235518to01302321/01251665.tar.gz
HTAR: a   DC2_ImSim/Run2.1i/instCat/01235518to01302321/01251666.tar.gz
HTAR: a   DC2_ImSim/Run2.1i/instCat/01235518to01302321/01251667.tar.gz
HTAR: a   DC2_ImSim/Run2.1i/instCat/01235518to01302321/01251668.tar.gz
HTAR: a   DC2_ImSim/Run2.1i/instCat/01235518to01302321/01251669.tar.gz
HTAR: a   DC2_ImSim/Run2.1i/instCat/01235518to01302321/01251670.tar.gz
HTAR: a   DC2_ImSim/Run2.1i/instCat/01235518to01302321/01251671.tar.gz
HTAR: a   DC2_ImSim/Run2.1i/instCat/01235518to01302321/01251672.tar.gz
HTAR: a   DC2_ImSim/Run2.1i/instCat/01235518to01302321/01251673.tar.gz
HTAR: a   DC2_ImSim/Run2.1i/instCat/01235518to01302321/01251674.tar.gz
HTAR: a   DC2_ImSim/Run2.1i/instCat/01235518to01302321/01251675.tar.gz
HTAR: a   DC2_ImSim/Run2.1i/instCat/01235518to01302321/01251676.tar.gz
HTAR: a   DC2_ImSim/Run2.1i/instCat/01235518to01302321/01251677.tar.gz
HTAR: a   DC2_ImSim/Run2.1i/instCat/01235518to01302321/01251678.tar.gz
HTAR: a   DC2_ImSim/Run2.1i/instCat/01235518to01302321/01251679.tar.gz
HTAR: a   DC2_ImSim/Run2.1i/instCat/01235518to01302321/01251680.tar.gz
HTAR: a   DC2_ImSim/Run2.1i/instCat/01235518to01302321/01251693.tar.gz
HTAR: a   DC2_ImSim/Run2.1i/instCat/01235518to01302321/01251694.tar.gz
HTAR: a   DC2_ImSim/Run2.1i/instCat/01235518to01302321/01251695.tar.gz
HTAR: a   DC2_ImSim/Run2.1i/instCat/01235518to01302321/01251696.tar.gz
HTAR: a   DC2_ImSim/Run2.1i/instCat/01235518to01302321/01251697.tar.gz
HTAR: a   DC2_ImSim/Run2.1i/instCat/01235518to01302321/01251698.tar.gz
HTAR: a   DC2_ImSim/Run2.1i/instCat/01235518to01302321/01251699.tar.gz
HTAR: a   DC2_ImSim/Run2.1i/instCat/01235518to01302321/01251700.tar.gz
HTAR: a   DC2_ImSim/Run2.1i/instCat/01235518to01302321/01251701.tar.gz
HTAR: a   DC2_ImSim/Run2.1i/instCat/01235518to01302321/01251702.tar.gz
HTAR: a   DC2_ImSim/Run2.1i/instCat/01235518to01302321/01251705.tar.gz
HTAR: a   DC2_ImSim/Run2.1i/instCat/01235518to01302321/01251706.tar.gz
HTAR: a   DC2_ImSim/Run2.1i/instCat/01235518to01302321/01251707.tar.gz
HTAR: a   DC2_ImSim/Run2.1i/instCat/01235518to01302321/01251708.tar.gz
HTAR: a   DC2_ImSim/Run2.1i/instCat/01235518to01302321/01251709.tar.gz
HTAR: a   DC2_ImSim/Run2.1i/instCat/01235518to01302321/01251710.tar.gz
HTAR: a   DC2_ImSim/Run2.1i/instCat/01235518to01302321/01251711.tar.gz
HTAR: a   DC2_ImSim/Run2.1i/instCat/01235518to01302321/01251723.tar.gz
HTAR: a   DC2_ImSim/Run2.1i/instCat/01235518to01302321/01251724.tar.gz
HTAR: a   DC2_ImSim/Run2.1i/instCat/01235518to01302321/01251725.tar.gz
HTAR: a   DC2_ImSim/Run2.1i/instCat/01235518to01302321/01251727.tar.gz
HTAR: a   DC2_ImSim/Run2.1i/instCat/01235518to01302321/01251732.tar.gz
HTAR: a   DC2_ImSim/Run2.1i/instCat/01235518to01302321/01251733.tar.gz
HTAR: a   DC2_ImSim/Run2.1i/instCat/01235518to01302321/01251734.tar.gz
HTAR: a   DC2_ImSim/Run2.1i/instCat/01235518to01302321/01251735.tar.gz
HTAR: a   DC2_ImSim/Run2.1i/instCat/01235518to01302321/01251736.tar.gz
HTAR: a   DC2_ImSim/Run2.1i/instCat/01235518to01302321/01251767.tar.gz
HTAR: a   DC2_ImSim/Run2.1i/instCat/01235518to01302321/01252274.tar.gz
HTAR: a   DC2_ImSim/Run2.1i/instCat/01235518to01302321/01252275.tar.gz
HTAR: a   DC2_ImSim/Run2.1i/instCat/01235518to01302321/01252277.tar.gz
HTAR: a   DC2_ImSim/Run2.1i/instCat/01235518to01302321/01252278.tar.gz
HTAR: a   DC2_ImSim/Run2.1i/instCat/01235518to01302321/01252279.tar.gz
HTAR: a   DC2_ImSim/Run2.1i/instCat/01235518to01302321/01252280.tar.gz
HTAR: a   DC2_ImSim/Run2.1i/instCat/01235518to01302321/01252281.tar.gz
HTAR: a   DC2_ImSim/Run2.1i/instCat/01235518to01302321/01252299.tar.gz
HTAR: a   DC2_ImSim/Run2.1i/instCat/01235518to01302321/01252309.tar.gz
HTAR: a   DC2_ImSim/Run2.1i/instCat/01235518to01302321/01252310.tar.gz
HTAR: a   DC2_ImSim/Run2.1i/instCat/01235518to01302321/01252311.tar.gz
HTAR: a   DC2_ImSim/Run2.1i/instCat/01235518to01302321/01252312.tar.gz
HTAR: a   DC2_ImSim/Run2.1i/instCat/01235518to01302321/01252313.tar.gz
HTAR: a   DC2_ImSim/Run2.1i/instCat/01235518to01302321/01252314.tar.gz
HTAR: a   DC2_ImSim/Run2.1i/instCat/01235518to01302321/01252315.tar.gz
HTAR: a   DC2_ImSim/Run2.1i/instCat/01235518to01302321/01252316.tar.gz
HTAR: a   DC2_ImSim/Run2.1i/instCat/01235518to01302321/01252317.tar.gz
HTAR: a   DC2_ImSim/Run2.1i/instCat/01235518to01302321/01252319.tar.gz
HTAR: a   DC2_ImSim/Run2.1i/instCat/01235518to01302321/01252320.tar.gz
HTAR: a   DC2_ImSim/Run2.1i/instCat/01235518to01302321/01252325.tar.gz
HTAR: a   DC2_ImSim/Run2.1i/instCat/01235518to01302321/01253215.tar.gz
HTAR: a   DC2_ImSim/Run2.1i/instCat/01235518to01302321/01253697.tar.gz
HTAR: a   DC2_ImSim/Run2.1i/instCat/01235518to01302321/01254424.tar.gz
HTAR: a   DC2_ImSim/Run2.1i/instCat/01235518to01302321/01254425.tar.gz
HTAR: a   DC2_ImSim/Run2.1i/instCat/01235518to01302321/01254433.tar.gz
HTAR: a   DC2_ImSim/Run2.1i/instCat/01235518to01302321/01254434.tar.gz
HTAR: a   DC2_ImSim/Run2.1i/instCat/01235518to01302321/01254534.tar.gz
HTAR: a   DC2_ImSim/Run2.1i/instCat/01235518to01302321/01254535.tar.gz
HTAR: a   DC2_ImSim/Run2.1i/instCat/01235518to01302321/01254536.tar.gz
HTAR: a   DC2_ImSim/Run2.1i/instCat/01235518to01302321/01254537.tar.gz
HTAR: a   DC2_ImSim/Run2.1i/instCat/01235518to01302321/01254538.tar.gz
HTAR: a   DC2_ImSim/Run2.1i/instCat/01235518to01302321/01254539.tar.gz
HTAR: a   DC2_ImSim/Run2.1i/instCat/01235518to01302321/01254540.tar.gz
HTAR: a   DC2_ImSim/Run2.1i/instCat/01235518to01302321/01254541.tar.gz
HTAR: a   DC2_ImSim/Run2.1i/instCat/01235518to01302321/01254543.tar.gz
HTAR: a   DC2_ImSim/Run2.1i/instCat/01235518to01302321/01254568.tar.gz
HTAR: a   DC2_ImSim/Run2.1i/instCat/01235518to01302321/01254569.tar.gz
HTAR: a   DC2_ImSim/Run2.1i/instCat/01235518to01302321/01254570.tar.gz
HTAR: a   DC2_ImSim/Run2.1i/instCat/01235518to01302321/01254571.tar.gz
HTAR: a   DC2_ImSim/Run2.1i/instCat/01235518to01302321/01254572.tar.gz
HTAR: a   DC2_ImSim/Run2.1i/instCat/01235518to01302321/01254573.tar.gz
HTAR: a   DC2_ImSim/Run2.1i/instCat/01235518to01302321/01254574.tar.gz
HTAR: a   DC2_ImSim/Run2.1i/instCat/01235518to01302321/01254575.tar.gz
HTAR: a   DC2_ImSim/Run2.1i/instCat/01235518to01302321/01254577.tar.gz
HTAR: a   DC2_ImSim/Run2.1i/instCat/01235518to01302321/01254578.tar.gz
HTAR: a   DC2_ImSim/Run2.1i/instCat/01235518to01302321/01254579.tar.gz
HTAR: a   DC2_ImSim/Run2.1i/instCat/01235518to01302321/01254580.tar.gz
HTAR: a   DC2_ImSim/Run2.1i/instCat/01235518to01302321/01254581.tar.gz
HTAR: a   /tmp/HTAR_CF_CHK_6440_1561587940
HTAR Create complete for /home/projects/desc/DC2_ImSim/Run2.1i/instCat/01235518to01302321/01247888to01254581.tar. 537,758,171,648 bytes written for 120 member files, max threads: 3 Transfer time: 2870.377 seconds (187.348 MB/s) wallclock/user/sys: 2871.389 3397.429 1498.059 seconds
HTAR: HTAR SUCCESSFUL
HTAR: a   DC2_ImSim/Run2.1i/instCat/01235518to01302321/01254582.tar.gz
HTAR: a   DC2_ImSim/Run2.1i/instCat/01235518to01302321/01254583.tar.gz
HTAR: a   DC2_ImSim/Run2.1i/instCat/01235518to01302321/01254584.tar.gz
HTAR: a   DC2_ImSim/Run2.1i/instCat/01235518to01302321/01254585.tar.gz
HTAR: a   DC2_ImSim/Run2.1i/instCat/01235518to01302321/01254593.tar.gz
HTAR: a   DC2_ImSim/Run2.1i/instCat/01235518to01302321/01254607.tar.gz
HTAR: a   DC2_ImSim/Run2.1i/instCat/01235518to01302321/01254608.tar.gz
HTAR: a   DC2_ImSim/Run2.1i/instCat/01235518to01302321/01254609.tar.gz
HTAR: a   DC2_ImSim/Run2.1i/instCat/01235518to01302321/01254610.tar.gz
HTAR: a   DC2_ImSim/Run2.1i/instCat/01235518to01302321/01254611.tar.gz
HTAR: a   DC2_ImSim/Run2.1i/instCat/01235518to01302321/01254612.tar.gz
HTAR: a   DC2_ImSim/Run2.1i/instCat/01235518to01302321/01254620.tar.gz
HTAR: a   DC2_ImSim/Run2.1i/instCat/01235518to01302321/01254621.tar.gz
HTAR: a   DC2_ImSim/Run2.1i/instCat/01235518to01302321/01254622.tar.gz
HTAR: a   DC2_ImSim/Run2.1i/instCat/01235518to01302321/01254624.tar.gz
HTAR: a   DC2_ImSim/Run2.1i/instCat/01235518to01302321/01254625.tar.gz
HTAR: a   DC2_ImSim/Run2.1i/instCat/01235518to01302321/01254626.tar.gz
HTAR: a   DC2_ImSim/Run2.1i/instCat/01235518to01302321/01254627.tar.gz
HTAR: a   DC2_ImSim/Run2.1i/instCat/01235518to01302321/01254628.tar.gz
HTAR: a   DC2_ImSim/Run2.1i/instCat/01235518to01302321/01254644.tar.gz
HTAR: a   DC2_ImSim/Run2.1i/instCat/01235518to01302321/01254657.tar.gz
HTAR: a   DC2_ImSim/Run2.1i/instCat/01235518to01302321/01254658.tar.gz
HTAR: a   DC2_ImSim/Run2.1i/instCat/01235518to01302321/01254659.tar.gz
HTAR: a   DC2_ImSim/Run2.1i/instCat/01235518to01302321/01254660.tar.gz
HTAR: a   DC2_ImSim/Run2.1i/instCat/01235518to01302321/01254661.tar.gz
HTAR: a   DC2_ImSim/Run2.1i/instCat/01235518to01302321/01254664.tar.gz
HTAR: a   DC2_ImSim/Run2.1i/instCat/01235518to01302321/01254665.tar.gz
HTAR: a   DC2_ImSim/Run2.1i/instCat/01235518to01302321/01254666.tar.gz
HTAR: a   DC2_ImSim/Run2.1i/instCat/01235518to01302321/01254667.tar.gz
HTAR: a   DC2_ImSim/Run2.1i/instCat/01235518to01302321/01254676.tar.gz
HTAR: a   DC2_ImSim/Run2.1i/instCat/01235518to01302321/01254696.tar.gz
HTAR: a   DC2_ImSim/Run2.1i/instCat/01235518to01302321/01254697.tar.gz
HTAR: a   DC2_ImSim/Run2.1i/instCat/01235518to01302321/01254698.tar.gz
HTAR: a   DC2_ImSim/Run2.1i/instCat/01235518to01302321/01254699.tar.gz
HTAR: a   DC2_ImSim/Run2.1i/instCat/01235518to01302321/01254700.tar.gz
HTAR: a   DC2_ImSim/Run2.1i/instCat/01235518to01302321/01254701.tar.gz
HTAR: a   DC2_ImSim/Run2.1i/instCat/01235518to01302321/01255151.tar.gz
HTAR: a   DC2_ImSim/Run2.1i/instCat/01235518to01302321/01255220.tar.gz
HTAR: a   DC2_ImSim/Run2.1i/instCat/01235518to01302321/01255228.tar.gz
HTAR: a   DC2_ImSim/Run2.1i/instCat/01235518to01302321/01255229.tar.gz
HTAR: a   DC2_ImSim/Run2.1i/instCat/01235518to01302321/01255248.tar.gz
HTAR: a   DC2_ImSim/Run2.1i/instCat/01235518to01302321/01255263.tar.gz
HTAR: a   DC2_ImSim/Run2.1i/instCat/01235518to01302321/01255294.tar.gz
HTAR: a   DC2_ImSim/Run2.1i/instCat/01235518to01302321/01255335.tar.gz
HTAR: a   DC2_ImSim/Run2.1i/instCat/01235518to01302321/01256055.tar.gz
HTAR: a   DC2_ImSim/Run2.1i/instCat/01235518to01302321/01256094.tar.gz
HTAR: a   DC2_ImSim/Run2.1i/instCat/01235518to01302321/01256152.tar.gz
HTAR: a   DC2_ImSim/Run2.1i/instCat/01235518to01302321/01256154.tar.gz
HTAR: a   DC2_ImSim/Run2.1i/instCat/01235518to01302321/01256155.tar.gz
HTAR: a   DC2_ImSim/Run2.1i/instCat/01235518to01302321/01256736.tar.gz
HTAR: a   DC2_ImSim/Run2.1i/instCat/01235518to01302321/01257444.tar.gz
HTAR: a   DC2_ImSim/Run2.1i/instCat/01235518to01302321/01257445.tar.gz
HTAR: a   DC2_ImSim/Run2.1i/instCat/01235518to01302321/01257446.tar.gz
HTAR: a   DC2_ImSim/Run2.1i/instCat/01235518to01302321/01257447.tar.gz
HTAR: a   DC2_ImSim/Run2.1i/instCat/01235518to01302321/01257448.tar.gz
HTAR: a   DC2_ImSim/Run2.1i/instCat/01235518to01302321/01257449.tar.gz
HTAR: a   DC2_ImSim/Run2.1i/instCat/01235518to01302321/01257451.tar.gz
HTAR: a   DC2_ImSim/Run2.1i/instCat/01235518to01302321/01257452.tar.gz
HTAR: a   DC2_ImSim/Run2.1i/instCat/01235518to01302321/01257453.tar.gz
HTAR: a   DC2_ImSim/Run2.1i/instCat/01235518to01302321/01257454.tar.gz
HTAR: a   DC2_ImSim/Run2.1i/instCat/01235518to01302321/01257455.tar.gz
HTAR: a   DC2_ImSim/Run2.1i/instCat/01235518to01302321/01257456.tar.gz
HTAR: a   DC2_ImSim/Run2.1i/instCat/01235518to01302321/01257459.tar.gz
HTAR: a   DC2_ImSim/Run2.1i/instCat/01235518to01302321/01257460.tar.gz
HTAR: a   DC2_ImSim/Run2.1i/instCat/01235518to01302321/01257461.tar.gz
HTAR: a   DC2_ImSim/Run2.1i/instCat/01235518to01302321/01257476.tar.gz
HTAR: a   DC2_ImSim/Run2.1i/instCat/01235518to01302321/01257477.tar.gz
HTAR: a   DC2_ImSim/Run2.1i/instCat/01235518to01302321/01257478.tar.gz
HTAR: a   DC2_ImSim/Run2.1i/instCat/01235518to01302321/01257479.tar.gz
HTAR: a   DC2_ImSim/Run2.1i/instCat/01235518to01302321/01257480.tar.gz
HTAR: a   DC2_ImSim/Run2.1i/instCat/01235518to01302321/01257481.tar.gz
HTAR: a   DC2_ImSim/Run2.1i/instCat/01235518to01302321/01257483.tar.gz
HTAR: a   DC2_ImSim/Run2.1i/instCat/01235518to01302321/01257484.tar.gz
HTAR: a   DC2_ImSim/Run2.1i/instCat/01235518to01302321/01257485.tar.gz
HTAR: a   DC2_ImSim/Run2.1i/instCat/01235518to01302321/01257486.tar.gz
HTAR: a   DC2_ImSim/Run2.1i/instCat/01235518to01302321/01257487.tar.gz
HTAR: a   DC2_ImSim/Run2.1i/instCat/01235518to01302321/01257488.tar.gz
HTAR: a   DC2_ImSim/Run2.1i/instCat/01235518to01302321/01257491.tar.gz
HTAR: a   DC2_ImSim/Run2.1i/instCat/01235518to01302321/01257492.tar.gz
HTAR: a   DC2_ImSim/Run2.1i/instCat/01235518to01302321/01257493.tar.gz
HTAR: a   DC2_ImSim/Run2.1i/instCat/01235518to01302321/01257494.tar.gz
HTAR: a   DC2_ImSim/Run2.1i/instCat/01235518to01302321/01257495.tar.gz
HTAR: a   DC2_ImSim/Run2.1i/instCat/01235518to01302321/01257498.tar.gz
HTAR: a   DC2_ImSim/Run2.1i/instCat/01235518to01302321/01257529.tar.gz
HTAR: a   DC2_ImSim/Run2.1i/instCat/01235518to01302321/01257536.tar.gz
HTAR: a   DC2_ImSim/Run2.1i/instCat/01235518to01302321/01257537.tar.gz
HTAR: a   DC2_ImSim/Run2.1i/instCat/01235518to01302321/01257567.tar.gz
HTAR: a   DC2_ImSim/Run2.1i/instCat/01235518to01302321/01257568.tar.gz
HTAR: a   DC2_ImSim/Run2.1i/instCat/01235518to01302321/01257573.tar.gz
HTAR: a   DC2_ImSim/Run2.1i/instCat/01235518to01302321/01257574.tar.gz
HTAR: a   DC2_ImSim/Run2.1i/instCat/01235518to01302321/01257575.tar.gz
HTAR: a   DC2_ImSim/Run2.1i/instCat/01235518to01302321/01257576.tar.gz
HTAR: a   DC2_ImSim/Run2.1i/instCat/01235518to01302321/01257577.tar.gz
HTAR: a   DC2_ImSim/Run2.1i/instCat/01235518to01302321/01257578.tar.gz
HTAR: a   DC2_ImSim/Run2.1i/instCat/01235518to01302321/01257580.tar.gz
HTAR: a   DC2_ImSim/Run2.1i/instCat/01235518to01302321/01257581.tar.gz
HTAR: a   DC2_ImSim/Run2.1i/instCat/01235518to01302321/01257582.tar.gz
HTAR: a   DC2_ImSim/Run2.1i/instCat/01235518to01302321/01257584.tar.gz
HTAR: a   DC2_ImSim/Run2.1i/instCat/01235518to01302321/01257588.tar.gz
HTAR: a   DC2_ImSim/Run2.1i/instCat/01235518to01302321/01257589.tar.gz
HTAR: a   DC2_ImSim/Run2.1i/instCat/01235518to01302321/01257593.tar.gz
HTAR: a   DC2_ImSim/Run2.1i/instCat/01235518to01302321/01257606.tar.gz
HTAR: a   DC2_ImSim/Run2.1i/instCat/01235518to01302321/01257607.tar.gz
HTAR: a   DC2_ImSim/Run2.1i/instCat/01235518to01302321/01257608.tar.gz
HTAR: a   DC2_ImSim/Run2.1i/instCat/01235518to01302321/01257609.tar.gz
HTAR: a   DC2_ImSim/Run2.1i/instCat/01235518to01302321/01257610.tar.gz
HTAR: a   DC2_ImSim/Run2.1i/instCat/01235518to01302321/01257611.tar.gz
HTAR: a   DC2_ImSim/Run2.1i/instCat/01235518to01302321/01257612.tar.gz
HTAR: a   DC2_ImSim/Run2.1i/instCat/01235518to01302321/01257613.tar.gz
HTAR: a   DC2_ImSim/Run2.1i/instCat/01235518to01302321/01257614.tar.gz
HTAR: a   DC2_ImSim/Run2.1i/instCat/01235518to01302321/01257615.tar.gz
HTAR: a   DC2_ImSim/Run2.1i/instCat/01235518to01302321/01257636.tar.gz
HTAR: a   DC2_ImSim/Run2.1i/instCat/01235518to01302321/01258264.tar.gz
HTAR: a   DC2_ImSim/Run2.1i/instCat/01235518to01302321/01258266.tar.gz
HTAR: a   DC2_ImSim/Run2.1i/instCat/01235518to01302321/01258884.tar.gz
HTAR: a   DC2_ImSim/Run2.1i/instCat/01235518to01302321/01258885.tar.gz
HTAR: a   DC2_ImSim/Run2.1i/instCat/01235518to01302321/01258886.tar.gz
HTAR: a   DC2_ImSim/Run2.1i/instCat/01235518to01302321/01258887.tar.gz
HTAR: a   DC2_ImSim/Run2.1i/instCat/01235518to01302321/01258888.tar.gz
HTAR: a   DC2_ImSim/Run2.1i/instCat/01235518to01302321/01258889.tar.gz
HTAR: a   /tmp/HTAR_CF_CHK_43794_1561590814
HTAR Create complete for /home/projects/desc/DC2_ImSim/Run2.1i/instCat/01235518to01302321/01254582to01258889.tar. 540,248,268,288 bytes written for 120 member files, max threads: 2 Transfer time: 2905.572 seconds (185.935 MB/s) wallclock/user/sys: 2906.364 3438.671 1520.234 seconds
HTAR: HTAR SUCCESSFUL
HTAR: a   DC2_ImSim/Run2.1i/instCat/01235518to01302321/01258890.tar.gz
HTAR: a   DC2_ImSim/Run2.1i/instCat/01235518to01302321/01258891.tar.gz
HTAR: a   DC2_ImSim/Run2.1i/instCat/01235518to01302321/01258892.tar.gz
HTAR: a   DC2_ImSim/Run2.1i/instCat/01235518to01302321/01258893.tar.gz
HTAR: a   DC2_ImSim/Run2.1i/instCat/01235518to01302321/01258894.tar.gz
HTAR: a   DC2_ImSim/Run2.1i/instCat/01235518to01302321/01258895.tar.gz
HTAR: a   DC2_ImSim/Run2.1i/instCat/01235518to01302321/01258896.tar.gz
HTAR: a   DC2_ImSim/Run2.1i/instCat/01235518to01302321/01258897.tar.gz
HTAR: a   DC2_ImSim/Run2.1i/instCat/01235518to01302321/01258898.tar.gz
HTAR: a   DC2_ImSim/Run2.1i/instCat/01235518to01302321/01258899.tar.gz
HTAR: a   DC2_ImSim/Run2.1i/instCat/01235518to01302321/01258931.tar.gz
HTAR: a   DC2_ImSim/Run2.1i/instCat/01235518to01302321/01258934.tar.gz
HTAR: a   DC2_ImSim/Run2.1i/instCat/01235518to01302321/01258935.tar.gz
HTAR: a   DC2_ImSim/Run2.1i/instCat/01235518to01302321/01258969.tar.gz
HTAR: a   DC2_ImSim/Run2.1i/instCat/01235518to01302321/01258970.tar.gz
HTAR: a   DC2_ImSim/Run2.1i/instCat/01235518to01302321/01258982.tar.gz
HTAR: a   DC2_ImSim/Run2.1i/instCat/01235518to01302321/01258984.tar.gz
HTAR: a   DC2_ImSim/Run2.1i/instCat/01235518to01302321/01259730.tar.gz
HTAR: a   DC2_ImSim/Run2.1i/instCat/01235518to01302321/01260427.tar.gz
HTAR: a   DC2_ImSim/Run2.1i/instCat/01235518to01302321/01260459.tar.gz
HTAR: a   DC2_ImSim/Run2.1i/instCat/01235518to01302321/01260492.tar.gz
HTAR: a   DC2_ImSim/Run2.1i/instCat/01235518to01302321/01261888.tar.gz
HTAR: a   DC2_ImSim/Run2.1i/instCat/01235518to01302321/01261889.tar.gz
HTAR: a   DC2_ImSim/Run2.1i/instCat/01235518to01302321/01261890.tar.gz
HTAR: a   DC2_ImSim/Run2.1i/instCat/01235518to01302321/01261906.tar.gz
HTAR: a   DC2_ImSim/Run2.1i/instCat/01235518to01302321/01261907.tar.gz
HTAR: a   DC2_ImSim/Run2.1i/instCat/01235518to01302321/01261908.tar.gz
HTAR: a   DC2_ImSim/Run2.1i/instCat/01235518to01302321/01261909.tar.gz
HTAR: a   DC2_ImSim/Run2.1i/instCat/01235518to01302321/01261910.tar.gz
HTAR: a   DC2_ImSim/Run2.1i/instCat/01235518to01302321/01261911.tar.gz
HTAR: a   DC2_ImSim/Run2.1i/instCat/01235518to01302321/01261912.tar.gz
HTAR: a   DC2_ImSim/Run2.1i/instCat/01235518to01302321/01261913.tar.gz
HTAR: a   DC2_ImSim/Run2.1i/instCat/01235518to01302321/01261914.tar.gz
HTAR: a   DC2_ImSim/Run2.1i/instCat/01235518to01302321/01261915.tar.gz
HTAR: a   DC2_ImSim/Run2.1i/instCat/01235518to01302321/01261916.tar.gz
HTAR: a   DC2_ImSim/Run2.1i/instCat/01235518to01302321/01261917.tar.gz
HTAR: a   DC2_ImSim/Run2.1i/instCat/01235518to01302321/01261918.tar.gz
HTAR: a   DC2_ImSim/Run2.1i/instCat/01235518to01302321/01261921.tar.gz
HTAR: a   DC2_ImSim/Run2.1i/instCat/01235518to01302321/01261939.tar.gz
HTAR: a   DC2_ImSim/Run2.1i/instCat/01235518to01302321/01261940.tar.gz
HTAR: a   DC2_ImSim/Run2.1i/instCat/01235518to01302321/01261943.tar.gz
HTAR: a   DC2_ImSim/Run2.1i/instCat/01235518to01302321/01261944.tar.gz
HTAR: a   DC2_ImSim/Run2.1i/instCat/01235518to01302321/01261945.tar.gz
HTAR: a   DC2_ImSim/Run2.1i/instCat/01235518to01302321/01261946.tar.gz
HTAR: a   DC2_ImSim/Run2.1i/instCat/01235518to01302321/01261947.tar.gz
HTAR: a   DC2_ImSim/Run2.1i/instCat/01235518to01302321/01261948.tar.gz
HTAR: a   DC2_ImSim/Run2.1i/instCat/01235518to01302321/01261950.tar.gz
HTAR: a   DC2_ImSim/Run2.1i/instCat/01235518to01302321/01261951.tar.gz
HTAR: a   DC2_ImSim/Run2.1i/instCat/01235518to01302321/01261963.tar.gz
HTAR: a   DC2_ImSim/Run2.1i/instCat/01235518to01302321/01261964.tar.gz
HTAR: a   DC2_ImSim/Run2.1i/instCat/01235518to01302321/01261965.tar.gz
HTAR: a   DC2_ImSim/Run2.1i/instCat/01235518to01302321/01261966.tar.gz
HTAR: a   DC2_ImSim/Run2.1i/instCat/01235518to01302321/01261978.tar.gz
HTAR: a   DC2_ImSim/Run2.1i/instCat/01235518to01302321/01262659.tar.gz
HTAR: a   DC2_ImSim/Run2.1i/instCat/01235518to01302321/01262661.tar.gz
HTAR: a   DC2_ImSim/Run2.1i/instCat/01235518to01302321/01262662.tar.gz
HTAR: a   DC2_ImSim/Run2.1i/instCat/01235518to01302321/01262663.tar.gz
HTAR: a   DC2_ImSim/Run2.1i/instCat/01235518to01302321/01262918.tar.gz
HTAR: a   DC2_ImSim/Run2.1i/instCat/01235518to01302321/01262920.tar.gz
HTAR: a   DC2_ImSim/Run2.1i/instCat/01235518to01302321/01262951.tar.gz
HTAR: a   DC2_ImSim/Run2.1i/instCat/01235518to01302321/01263471.tar.gz
HTAR: a   DC2_ImSim/Run2.1i/instCat/01235518to01302321/01263472.tar.gz
HTAR: a   DC2_ImSim/Run2.1i/instCat/01235518to01302321/01263473.tar.gz
HTAR: a   DC2_ImSim/Run2.1i/instCat/01235518to01302321/01263474.tar.gz
HTAR: a   DC2_ImSim/Run2.1i/instCat/01235518to01302321/01263475.tar.gz
HTAR: a   DC2_ImSim/Run2.1i/instCat/01235518to01302321/01263476.tar.gz
HTAR: a   DC2_ImSim/Run2.1i/instCat/01235518to01302321/01263477.tar.gz
HTAR: a   DC2_ImSim/Run2.1i/instCat/01235518to01302321/01263478.tar.gz
HTAR: a   DC2_ImSim/Run2.1i/instCat/01235518to01302321/01263479.tar.gz
HTAR: a   DC2_ImSim/Run2.1i/instCat/01235518to01302321/01263480.tar.gz
HTAR: a   DC2_ImSim/Run2.1i/instCat/01235518to01302321/01263481.tar.gz
HTAR: a   DC2_ImSim/Run2.1i/instCat/01235518to01302321/01263482.tar.gz
HTAR: a   DC2_ImSim/Run2.1i/instCat/01235518to01302321/01263497.tar.gz
HTAR: a   DC2_ImSim/Run2.1i/instCat/01235518to01302321/01263501.tar.gz
HTAR: a   DC2_ImSim/Run2.1i/instCat/01235518to01302321/01263502.tar.gz
HTAR: a   DC2_ImSim/Run2.1i/instCat/01235518to01302321/01263503.tar.gz
HTAR: a   DC2_ImSim/Run2.1i/instCat/01235518to01302321/01263504.tar.gz
HTAR: a   DC2_ImSim/Run2.1i/instCat/01235518to01302321/01263506.tar.gz
HTAR: a   DC2_ImSim/Run2.1i/instCat/01235518to01302321/01263507.tar.gz
HTAR: a   DC2_ImSim/Run2.1i/instCat/01235518to01302321/01263508.tar.gz
HTAR: a   DC2_ImSim/Run2.1i/instCat/01235518to01302321/01263509.tar.gz
HTAR: a   DC2_ImSim/Run2.1i/instCat/01235518to01302321/01263510.tar.gz
HTAR: a   DC2_ImSim/Run2.1i/instCat/01235518to01302321/01263511.tar.gz
HTAR: a   DC2_ImSim/Run2.1i/instCat/01235518to01302321/01263516.tar.gz
HTAR: a   DC2_ImSim/Run2.1i/instCat/01235518to01302321/01263517.tar.gz
HTAR: a   DC2_ImSim/Run2.1i/instCat/01235518to01302321/01263518.tar.gz
HTAR: a   DC2_ImSim/Run2.1i/instCat/01235518to01302321/01263519.tar.gz
HTAR: a   DC2_ImSim/Run2.1i/instCat/01235518to01302321/01263522.tar.gz
HTAR: a   DC2_ImSim/Run2.1i/instCat/01235518to01302321/01263524.tar.gz
HTAR: a   DC2_ImSim/Run2.1i/instCat/01235518to01302321/01263527.tar.gz
HTAR: a   DC2_ImSim/Run2.1i/instCat/01235518to01302321/01263537.tar.gz
HTAR: a   DC2_ImSim/Run2.1i/instCat/01235518to01302321/01263562.tar.gz
HTAR: a   DC2_ImSim/Run2.1i/instCat/01235518to01302321/01263564.tar.gz
HTAR: a   DC2_ImSim/Run2.1i/instCat/01235518to01302321/01263565.tar.gz
HTAR: a   DC2_ImSim/Run2.1i/instCat/01235518to01302321/01263566.tar.gz
HTAR: a   DC2_ImSim/Run2.1i/instCat/01235518to01302321/01263567.tar.gz
HTAR: a   DC2_ImSim/Run2.1i/instCat/01235518to01302321/01263568.tar.gz
HTAR: a   DC2_ImSim/Run2.1i/instCat/01235518to01302321/01263569.tar.gz
HTAR: a   DC2_ImSim/Run2.1i/instCat/01235518to01302321/01263570.tar.gz
HTAR: a   DC2_ImSim/Run2.1i/instCat/01235518to01302321/01263585.tar.gz
HTAR: a   DC2_ImSim/Run2.1i/instCat/01235518to01302321/01264300.tar.gz
HTAR: a   DC2_ImSim/Run2.1i/instCat/01235518to01302321/01264301.tar.gz
HTAR: a   DC2_ImSim/Run2.1i/instCat/01235518to01302321/01264302.tar.gz
HTAR: a   DC2_ImSim/Run2.1i/instCat/01235518to01302321/01264303.tar.gz
HTAR: a   DC2_ImSim/Run2.1i/instCat/01235518to01302321/01264304.tar.gz
HTAR: a   DC2_ImSim/Run2.1i/instCat/01235518to01302321/01264329.tar.gz
HTAR: a   DC2_ImSim/Run2.1i/instCat/01235518to01302321/01264330.tar.gz
HTAR: a   DC2_ImSim/Run2.1i/instCat/01235518to01302321/01264331.tar.gz
HTAR: a   DC2_ImSim/Run2.1i/instCat/01235518to01302321/01264332.tar.gz
HTAR: a   DC2_ImSim/Run2.1i/instCat/01235518to01302321/01264333.tar.gz
HTAR: a   DC2_ImSim/Run2.1i/instCat/01235518to01302321/01264337.tar.gz
HTAR: a   DC2_ImSim/Run2.1i/instCat/01235518to01302321/01264338.tar.gz
HTAR: a   DC2_ImSim/Run2.1i/instCat/01235518to01302321/01264368.tar.gz
HTAR: a   DC2_ImSim/Run2.1i/instCat/01235518to01302321/01265021.tar.gz
HTAR: a   DC2_ImSim/Run2.1i/instCat/01235518to01302321/01265022.tar.gz
HTAR: a   DC2_ImSim/Run2.1i/instCat/01235518to01302321/01265023.tar.gz
HTAR: a   DC2_ImSim/Run2.1i/instCat/01235518to01302321/01265024.tar.gz
HTAR: a   DC2_ImSim/Run2.1i/instCat/01235518to01302321/01265025.tar.gz
HTAR: a   DC2_ImSim/Run2.1i/instCat/01235518to01302321/01265036.tar.gz
HTAR: a   DC2_ImSim/Run2.1i/instCat/01235518to01302321/01265071.tar.gz
HTAR: a   /tmp/HTAR_CF_CHK_6276_1561593724
HTAR Create complete for /home/projects/desc/DC2_ImSim/Run2.1i/instCat/01235518to01302321/01258890to01265071.tar. 531,798,204,416 bytes written for 120 member files, max threads: 2 Transfer time: 3027.506 seconds (175.656 MB/s) wallclock/user/sys: 3028.385 3574.539 1600.729 seconds
HTAR: HTAR SUCCESSFUL
