HTAR: a   DC2_ImSim/Run2.1i/instCat/01235518to01302321/01265072.tar.gz
HTAR: a   DC2_ImSim/Run2.1i/instCat/01235518to01302321/01265073.tar.gz
HTAR: a   DC2_ImSim/Run2.1i/instCat/01235518to01302321/01265074.tar.gz
HTAR: a   DC2_ImSim/Run2.1i/instCat/01235518to01302321/01265075.tar.gz
HTAR: a   DC2_ImSim/Run2.1i/instCat/01235518to01302321/01265077.tar.gz
HTAR: a   DC2_ImSim/Run2.1i/instCat/01235518to01302321/01265078.tar.gz
HTAR: a   DC2_ImSim/Run2.1i/instCat/01235518to01302321/01265079.tar.gz
HTAR: a   DC2_ImSim/Run2.1i/instCat/01235518to01302321/01265084.tar.gz
HTAR: a   DC2_ImSim/Run2.1i/instCat/01235518to01302321/01265134.tar.gz
HTAR: a   DC2_ImSim/Run2.1i/instCat/01235518to01302321/01265135.tar.gz
HTAR: a   DC2_ImSim/Run2.1i/instCat/01235518to01302321/01265798.tar.gz
HTAR: a   DC2_ImSim/Run2.1i/instCat/01235518to01302321/01265799.tar.gz
HTAR: a   DC2_ImSim/Run2.1i/instCat/01235518to01302321/01265800.tar.gz
HTAR: a   DC2_ImSim/Run2.1i/instCat/01235518to01302321/01265801.tar.gz
HTAR: a   DC2_ImSim/Run2.1i/instCat/01235518to01302321/01265826.tar.gz
HTAR: a   DC2_ImSim/Run2.1i/instCat/01235518to01302321/01265827.tar.gz
HTAR: a   DC2_ImSim/Run2.1i/instCat/01235518to01302321/01265828.tar.gz
HTAR: a   DC2_ImSim/Run2.1i/instCat/01235518to01302321/01265829.tar.gz
HTAR: a   DC2_ImSim/Run2.1i/instCat/01235518to01302321/01265830.tar.gz
HTAR: a   DC2_ImSim/Run2.1i/instCat/01235518to01302321/01265832.tar.gz
HTAR: a   DC2_ImSim/Run2.1i/instCat/01235518to01302321/01265833.tar.gz
HTAR: a   DC2_ImSim/Run2.1i/instCat/01235518to01302321/01265834.tar.gz
HTAR: a   DC2_ImSim/Run2.1i/instCat/01235518to01302321/01265835.tar.gz
HTAR: a   DC2_ImSim/Run2.1i/instCat/01235518to01302321/01265857.tar.gz
HTAR: a   DC2_ImSim/Run2.1i/instCat/01235518to01302321/01265858.tar.gz
HTAR: a   DC2_ImSim/Run2.1i/instCat/01235518to01302321/01265859.tar.gz
HTAR: a   DC2_ImSim/Run2.1i/instCat/01235518to01302321/01265860.tar.gz
HTAR: a   DC2_ImSim/Run2.1i/instCat/01235518to01302321/01265861.tar.gz
HTAR: a   DC2_ImSim/Run2.1i/instCat/01235518to01302321/01265862.tar.gz
HTAR: a   DC2_ImSim/Run2.1i/instCat/01235518to01302321/01265863.tar.gz
HTAR: a   DC2_ImSim/Run2.1i/instCat/01235518to01302321/01265864.tar.gz
HTAR: a   DC2_ImSim/Run2.1i/instCat/01235518to01302321/01265865.tar.gz
HTAR: a   DC2_ImSim/Run2.1i/instCat/01235518to01302321/01265866.tar.gz
HTAR: a   DC2_ImSim/Run2.1i/instCat/01235518to01302321/01265867.tar.gz
HTAR: a   DC2_ImSim/Run2.1i/instCat/01235518to01302321/01265868.tar.gz
HTAR: a   DC2_ImSim/Run2.1i/instCat/01235518to01302321/01265869.tar.gz
HTAR: a   DC2_ImSim/Run2.1i/instCat/01235518to01302321/01265871.tar.gz
HTAR: a   DC2_ImSim/Run2.1i/instCat/01235518to01302321/01265878.tar.gz
HTAR: a   DC2_ImSim/Run2.1i/instCat/01235518to01302321/01265891.tar.gz
HTAR: a   DC2_ImSim/Run2.1i/instCat/01235518to01302321/01265892.tar.gz
HTAR: a   DC2_ImSim/Run2.1i/instCat/01235518to01302321/01265893.tar.gz
HTAR: a   DC2_ImSim/Run2.1i/instCat/01235518to01302321/01265894.tar.gz
HTAR: a   DC2_ImSim/Run2.1i/instCat/01235518to01302321/01265895.tar.gz
HTAR: a   DC2_ImSim/Run2.1i/instCat/01235518to01302321/01265898.tar.gz
HTAR: a   DC2_ImSim/Run2.1i/instCat/01235518to01302321/01265899.tar.gz
HTAR: a   DC2_ImSim/Run2.1i/instCat/01235518to01302321/01265900.tar.gz
HTAR: a   DC2_ImSim/Run2.1i/instCat/01235518to01302321/01265901.tar.gz
HTAR: a   DC2_ImSim/Run2.1i/instCat/01235518to01302321/01265907.tar.gz
HTAR: a   DC2_ImSim/Run2.1i/instCat/01235518to01302321/01265934.tar.gz
HTAR: a   DC2_ImSim/Run2.1i/instCat/01235518to01302321/01265937.tar.gz
HTAR: a   DC2_ImSim/Run2.1i/instCat/01235518to01302321/01266576.tar.gz
HTAR: a   DC2_ImSim/Run2.1i/instCat/01235518to01302321/01266591.tar.gz
HTAR: a   DC2_ImSim/Run2.1i/instCat/01235518to01302321/01266593.tar.gz
HTAR: a   DC2_ImSim/Run2.1i/instCat/01235518to01302321/01266595.tar.gz
HTAR: a   DC2_ImSim/Run2.1i/instCat/01235518to01302321/01266615.tar.gz
HTAR: a   DC2_ImSim/Run2.1i/instCat/01235518to01302321/01266616.tar.gz
HTAR: a   DC2_ImSim/Run2.1i/instCat/01235518to01302321/01266628.tar.gz
HTAR: a   DC2_ImSim/Run2.1i/instCat/01235518to01302321/01266629.tar.gz
HTAR: a   DC2_ImSim/Run2.1i/instCat/01235518to01302321/01266630.tar.gz
HTAR: a   DC2_ImSim/Run2.1i/instCat/01235518to01302321/01266631.tar.gz
HTAR: a   DC2_ImSim/Run2.1i/instCat/01235518to01302321/01266632.tar.gz
HTAR: a   DC2_ImSim/Run2.1i/instCat/01235518to01302321/01266633.tar.gz
HTAR: a   DC2_ImSim/Run2.1i/instCat/01235518to01302321/01266634.tar.gz
HTAR: a   DC2_ImSim/Run2.1i/instCat/01235518to01302321/01266635.tar.gz
HTAR: a   DC2_ImSim/Run2.1i/instCat/01235518to01302321/01266636.tar.gz
HTAR: a   DC2_ImSim/Run2.1i/instCat/01235518to01302321/01266637.tar.gz
HTAR: a   DC2_ImSim/Run2.1i/instCat/01235518to01302321/01266638.tar.gz
HTAR: a   DC2_ImSim/Run2.1i/instCat/01235518to01302321/01266649.tar.gz
HTAR: a   DC2_ImSim/Run2.1i/instCat/01235518to01302321/01266656.tar.gz
HTAR: a   DC2_ImSim/Run2.1i/instCat/01235518to01302321/01266658.tar.gz
HTAR: a   DC2_ImSim/Run2.1i/instCat/01235518to01302321/01266659.tar.gz
HTAR: a   DC2_ImSim/Run2.1i/instCat/01235518to01302321/01266660.tar.gz
HTAR: a   DC2_ImSim/Run2.1i/instCat/01235518to01302321/01266661.tar.gz
HTAR: a   DC2_ImSim/Run2.1i/instCat/01235518to01302321/01266662.tar.gz
HTAR: a   DC2_ImSim/Run2.1i/instCat/01235518to01302321/01266663.tar.gz
HTAR: a   DC2_ImSim/Run2.1i/instCat/01235518to01302321/01266664.tar.gz
HTAR: a   DC2_ImSim/Run2.1i/instCat/01235518to01302321/01266669.tar.gz
HTAR: a   DC2_ImSim/Run2.1i/instCat/01235518to01302321/01266670.tar.gz
HTAR: a   DC2_ImSim/Run2.1i/instCat/01235518to01302321/01266671.tar.gz
HTAR: a   DC2_ImSim/Run2.1i/instCat/01235518to01302321/01266672.tar.gz
HTAR: a   DC2_ImSim/Run2.1i/instCat/01235518to01302321/01266686.tar.gz
HTAR: a   DC2_ImSim/Run2.1i/instCat/01235518to01302321/01266691.tar.gz
HTAR: a   DC2_ImSim/Run2.1i/instCat/01235518to01302321/01266692.tar.gz
HTAR: a   DC2_ImSim/Run2.1i/instCat/01235518to01302321/01266697.tar.gz
HTAR: a   DC2_ImSim/Run2.1i/instCat/01235518to01302321/01266698.tar.gz
HTAR: a   DC2_ImSim/Run2.1i/instCat/01235518to01302321/01266699.tar.gz
HTAR: a   DC2_ImSim/Run2.1i/instCat/01235518to01302321/01266700.tar.gz
HTAR: a   DC2_ImSim/Run2.1i/instCat/01235518to01302321/01266739.tar.gz
HTAR: a   DC2_ImSim/Run2.1i/instCat/01235518to01302321/01266740.tar.gz
HTAR: a   DC2_ImSim/Run2.1i/instCat/01235518to01302321/01267403.tar.gz
HTAR: a   DC2_ImSim/Run2.1i/instCat/01235518to01302321/01267405.tar.gz
HTAR: a   DC2_ImSim/Run2.1i/instCat/01235518to01302321/01267407.tar.gz
HTAR: a   DC2_ImSim/Run2.1i/instCat/01235518to01302321/01267408.tar.gz
HTAR: a   DC2_ImSim/Run2.1i/instCat/01235518to01302321/01267409.tar.gz
HTAR: a   DC2_ImSim/Run2.1i/instCat/01235518to01302321/01267410.tar.gz
HTAR: a   DC2_ImSim/Run2.1i/instCat/01235518to01302321/01267411.tar.gz
HTAR: a   DC2_ImSim/Run2.1i/instCat/01235518to01302321/01267412.tar.gz
HTAR: a   DC2_ImSim/Run2.1i/instCat/01235518to01302321/01267413.tar.gz
HTAR: a   DC2_ImSim/Run2.1i/instCat/01235518to01302321/01267414.tar.gz
HTAR: a   DC2_ImSim/Run2.1i/instCat/01235518to01302321/01267416.tar.gz
HTAR: a   DC2_ImSim/Run2.1i/instCat/01235518to01302321/01267417.tar.gz
HTAR: a   DC2_ImSim/Run2.1i/instCat/01235518to01302321/01267418.tar.gz
HTAR: a   DC2_ImSim/Run2.1i/instCat/01235518to01302321/01267419.tar.gz
HTAR: a   DC2_ImSim/Run2.1i/instCat/01235518to01302321/01267429.tar.gz
HTAR: a   DC2_ImSim/Run2.1i/instCat/01235518to01302321/01267430.tar.gz
HTAR: a   DC2_ImSim/Run2.1i/instCat/01235518to01302321/01267431.tar.gz
HTAR: a   DC2_ImSim/Run2.1i/instCat/01235518to01302321/01267432.tar.gz
HTAR: a   DC2_ImSim/Run2.1i/instCat/01235518to01302321/01267433.tar.gz
HTAR: a   DC2_ImSim/Run2.1i/instCat/01235518to01302321/01267438.tar.gz
HTAR: a   DC2_ImSim/Run2.1i/instCat/01235518to01302321/01267439.tar.gz
HTAR: a   DC2_ImSim/Run2.1i/instCat/01235518to01302321/01267440.tar.gz
HTAR: a   DC2_ImSim/Run2.1i/instCat/01235518to01302321/01267441.tar.gz
HTAR: a   DC2_ImSim/Run2.1i/instCat/01235518to01302321/01267442.tar.gz
HTAR: a   DC2_ImSim/Run2.1i/instCat/01235518to01302321/01267443.tar.gz
HTAR: a   DC2_ImSim/Run2.1i/instCat/01235518to01302321/01267446.tar.gz
HTAR: a   DC2_ImSim/Run2.1i/instCat/01235518to01302321/01267447.tar.gz
HTAR: a   DC2_ImSim/Run2.1i/instCat/01235518to01302321/01267448.tar.gz
HTAR: a   DC2_ImSim/Run2.1i/instCat/01235518to01302321/01267449.tar.gz
HTAR: a   DC2_ImSim/Run2.1i/instCat/01235518to01302321/01267450.tar.gz
HTAR: a   DC2_ImSim/Run2.1i/instCat/01235518to01302321/01267453.tar.gz
HTAR: a   /tmp/HTAR_CF_CHK_22208_1561579323
HTAR Create complete for /home/projects/desc/DC2_ImSim/Run2.1i/instCat/01235518to01302321/01265072to01267453.tar. 538,280,748,544 bytes written for 120 member files, max threads: 2 Transfer time: 4617.018 seconds (116.586 MB/s) wallclock/user/sys: 4618.973 4812.251 1559.651 seconds
HTAR: HTAR SUCCESSFUL
HTAR: a   DC2_ImSim/Run2.1i/instCat/01235518to01302321/01267458.tar.gz
HTAR: a   DC2_ImSim/Run2.1i/instCat/01235518to01302321/01267460.tar.gz
HTAR: a   DC2_ImSim/Run2.1i/instCat/01235518to01302321/01267466.tar.gz
HTAR: a   DC2_ImSim/Run2.1i/instCat/01235518to01302321/01267470.tar.gz
HTAR: a   DC2_ImSim/Run2.1i/instCat/01235518to01302321/01267471.tar.gz
HTAR: a   DC2_ImSim/Run2.1i/instCat/01235518to01302321/01267472.tar.gz
HTAR: a   DC2_ImSim/Run2.1i/instCat/01235518to01302321/01267473.tar.gz
HTAR: a   DC2_ImSim/Run2.1i/instCat/01235518to01302321/01267474.tar.gz
HTAR: a   DC2_ImSim/Run2.1i/instCat/01235518to01302321/01267482.tar.gz
HTAR: a   DC2_ImSim/Run2.1i/instCat/01235518to01302321/01267484.tar.gz
HTAR: a   DC2_ImSim/Run2.1i/instCat/01235518to01302321/01267489.tar.gz
HTAR: a   DC2_ImSim/Run2.1i/instCat/01235518to01302321/01267491.tar.gz
HTAR: a   DC2_ImSim/Run2.1i/instCat/01235518to01302321/01267493.tar.gz
HTAR: a   DC2_ImSim/Run2.1i/instCat/01235518to01302321/01267499.tar.gz
HTAR: a   DC2_ImSim/Run2.1i/instCat/01235518to01302321/01267503.tar.gz
HTAR: a   DC2_ImSim/Run2.1i/instCat/01235518to01302321/01267504.tar.gz
HTAR: a   DC2_ImSim/Run2.1i/instCat/01235518to01302321/01267505.tar.gz
HTAR: a   DC2_ImSim/Run2.1i/instCat/01235518to01302321/01267506.tar.gz
HTAR: a   DC2_ImSim/Run2.1i/instCat/01235518to01302321/01267507.tar.gz
HTAR: a   DC2_ImSim/Run2.1i/instCat/01235518to01302321/01267515.tar.gz
HTAR: a   DC2_ImSim/Run2.1i/instCat/01235518to01302321/01267517.tar.gz
HTAR: a   DC2_ImSim/Run2.1i/instCat/01235518to01302321/01268139.tar.gz
HTAR: a   DC2_ImSim/Run2.1i/instCat/01235518to01302321/01268925.tar.gz
HTAR: a   DC2_ImSim/Run2.1i/instCat/01235518to01302321/01268926.tar.gz
HTAR: a   DC2_ImSim/Run2.1i/instCat/01235518to01302321/01268927.tar.gz
HTAR: a   DC2_ImSim/Run2.1i/instCat/01235518to01302321/01268928.tar.gz
HTAR: a   DC2_ImSim/Run2.1i/instCat/01235518to01302321/01268956.tar.gz
HTAR: a   DC2_ImSim/Run2.1i/instCat/01235518to01302321/01268958.tar.gz
HTAR: a   DC2_ImSim/Run2.1i/instCat/01235518to01302321/01268959.tar.gz
HTAR: a   DC2_ImSim/Run2.1i/instCat/01235518to01302321/01268960.tar.gz
HTAR: a   DC2_ImSim/Run2.1i/instCat/01235518to01302321/01268961.tar.gz
HTAR: a   DC2_ImSim/Run2.1i/instCat/01235518to01302321/01268962.tar.gz
HTAR: a   DC2_ImSim/Run2.1i/instCat/01235518to01302321/01268963.tar.gz
HTAR: a   DC2_ImSim/Run2.1i/instCat/01235518to01302321/01268968.tar.gz
HTAR: a   DC2_ImSim/Run2.1i/instCat/01235518to01302321/01269014.tar.gz
HTAR: a   DC2_ImSim/Run2.1i/instCat/01235518to01302321/01269016.tar.gz
HTAR: a   DC2_ImSim/Run2.1i/instCat/01235518to01302321/01269017.tar.gz
HTAR: a   DC2_ImSim/Run2.1i/instCat/01235518to01302321/01269021.tar.gz
HTAR: a   DC2_ImSim/Run2.1i/instCat/01235518to01302321/01269022.tar.gz
HTAR: a   DC2_ImSim/Run2.1i/instCat/01235518to01302321/01269024.tar.gz
HTAR: a   DC2_ImSim/Run2.1i/instCat/01235518to01302321/01269703.tar.gz
HTAR: a   DC2_ImSim/Run2.1i/instCat/01235518to01302321/01269830.tar.gz
HTAR: a   DC2_ImSim/Run2.1i/instCat/01235518to01302321/01269831.tar.gz
HTAR: a   DC2_ImSim/Run2.1i/instCat/01235518to01302321/01269832.tar.gz
HTAR: a   DC2_ImSim/Run2.1i/instCat/01235518to01302321/01269833.tar.gz
HTAR: a   DC2_ImSim/Run2.1i/instCat/01235518to01302321/01269834.tar.gz
HTAR: a   DC2_ImSim/Run2.1i/instCat/01235518to01302321/01269869.tar.gz
HTAR: a   DC2_ImSim/Run2.1i/instCat/01235518to01302321/01269870.tar.gz
HTAR: a   DC2_ImSim/Run2.1i/instCat/01235518to01302321/01270524.tar.gz
HTAR: a   DC2_ImSim/Run2.1i/instCat/01235518to01302321/01270555.tar.gz
HTAR: a   DC2_ImSim/Run2.1i/instCat/01235518to01302321/01270560.tar.gz
HTAR: a   DC2_ImSim/Run2.1i/instCat/01235518to01302321/01270561.tar.gz
HTAR: a   DC2_ImSim/Run2.1i/instCat/01235518to01302321/01270562.tar.gz
HTAR: a   DC2_ImSim/Run2.1i/instCat/01235518to01302321/01270563.tar.gz
HTAR: a   DC2_ImSim/Run2.1i/instCat/01235518to01302321/01270564.tar.gz
HTAR: a   DC2_ImSim/Run2.1i/instCat/01235518to01302321/01270565.tar.gz
HTAR: a   DC2_ImSim/Run2.1i/instCat/01235518to01302321/01270566.tar.gz
HTAR: a   DC2_ImSim/Run2.1i/instCat/01235518to01302321/01270567.tar.gz
HTAR: a   DC2_ImSim/Run2.1i/instCat/01235518to01302321/01270568.tar.gz
HTAR: a   DC2_ImSim/Run2.1i/instCat/01235518to01302321/01270569.tar.gz
HTAR: a   DC2_ImSim/Run2.1i/instCat/01235518to01302321/01270577.tar.gz
HTAR: a   DC2_ImSim/Run2.1i/instCat/01235518to01302321/01270578.tar.gz
HTAR: a   DC2_ImSim/Run2.1i/instCat/01235518to01302321/01270600.tar.gz
HTAR: a   DC2_ImSim/Run2.1i/instCat/01235518to01302321/01270601.tar.gz
HTAR: a   DC2_ImSim/Run2.1i/instCat/01235518to01302321/01270602.tar.gz
HTAR: a   DC2_ImSim/Run2.1i/instCat/01235518to01302321/01270603.tar.gz
HTAR: a   DC2_ImSim/Run2.1i/instCat/01235518to01302321/01270604.tar.gz
HTAR: a   DC2_ImSim/Run2.1i/instCat/01235518to01302321/01270605.tar.gz
HTAR: a   DC2_ImSim/Run2.1i/instCat/01235518to01302321/01270606.tar.gz
HTAR: a   DC2_ImSim/Run2.1i/instCat/01235518to01302321/01270607.tar.gz
HTAR: a   DC2_ImSim/Run2.1i/instCat/01235518to01302321/01270608.tar.gz
HTAR: a   DC2_ImSim/Run2.1i/instCat/01235518to01302321/01270632.tar.gz
HTAR: a   DC2_ImSim/Run2.1i/instCat/01235518to01302321/01270634.tar.gz
HTAR: a   DC2_ImSim/Run2.1i/instCat/01235518to01302321/01270635.tar.gz
HTAR: a   DC2_ImSim/Run2.1i/instCat/01235518to01302321/01270640.tar.gz
HTAR: a   DC2_ImSim/Run2.1i/instCat/01235518to01302321/01270641.tar.gz
HTAR: a   DC2_ImSim/Run2.1i/instCat/01235518to01302321/01270642.tar.gz
HTAR: a   DC2_ImSim/Run2.1i/instCat/01235518to01302321/01270643.tar.gz
HTAR: a   DC2_ImSim/Run2.1i/instCat/01235518to01302321/01270648.tar.gz
HTAR: a   DC2_ImSim/Run2.1i/instCat/01235518to01302321/01270649.tar.gz
HTAR: a   DC2_ImSim/Run2.1i/instCat/01235518to01302321/01270650.tar.gz
HTAR: a   DC2_ImSim/Run2.1i/instCat/01235518to01302321/01270681.tar.gz
HTAR: a   DC2_ImSim/Run2.1i/instCat/01235518to01302321/01270682.tar.gz
HTAR: a   DC2_ImSim/Run2.1i/instCat/01235518to01302321/01270683.tar.gz
HTAR: a   DC2_ImSim/Run2.1i/instCat/01235518to01302321/01270684.tar.gz
HTAR: a   DC2_ImSim/Run2.1i/instCat/01235518to01302321/01270686.tar.gz
HTAR: a   DC2_ImSim/Run2.1i/instCat/01235518to01302321/01270687.tar.gz
HTAR: a   DC2_ImSim/Run2.1i/instCat/01235518to01302321/01270688.tar.gz
HTAR: a   DC2_ImSim/Run2.1i/instCat/01235518to01302321/01270733.tar.gz
HTAR: a   DC2_ImSim/Run2.1i/instCat/01235518to01302321/01270741.tar.gz
HTAR: a   DC2_ImSim/Run2.1i/instCat/01235518to01302321/01270769.tar.gz
HTAR: a   DC2_ImSim/Run2.1i/instCat/01235518to01302321/01271555.tar.gz
HTAR: a   DC2_ImSim/Run2.1i/instCat/01235518to01302321/01271556.tar.gz
HTAR: a   DC2_ImSim/Run2.1i/instCat/01235518to01302321/01271558.tar.gz
HTAR: a   DC2_ImSim/Run2.1i/instCat/01235518to01302321/01272207.tar.gz
HTAR: a   DC2_ImSim/Run2.1i/instCat/01235518to01302321/01272209.tar.gz
HTAR: a   DC2_ImSim/Run2.1i/instCat/01235518to01302321/01272221.tar.gz
HTAR: a   DC2_ImSim/Run2.1i/instCat/01235518to01302321/01272222.tar.gz
HTAR: a   DC2_ImSim/Run2.1i/instCat/01235518to01302321/01272223.tar.gz
HTAR: a   DC2_ImSim/Run2.1i/instCat/01235518to01302321/01272224.tar.gz
HTAR: a   DC2_ImSim/Run2.1i/instCat/01235518to01302321/01272225.tar.gz
HTAR: a   DC2_ImSim/Run2.1i/instCat/01235518to01302321/01272226.tar.gz
HTAR: a   DC2_ImSim/Run2.1i/instCat/01235518to01302321/01272227.tar.gz
HTAR: a   DC2_ImSim/Run2.1i/instCat/01235518to01302321/01272228.tar.gz
HTAR: a   DC2_ImSim/Run2.1i/instCat/01235518to01302321/01272229.tar.gz
HTAR: a   DC2_ImSim/Run2.1i/instCat/01235518to01302321/01272230.tar.gz
HTAR: a   DC2_ImSim/Run2.1i/instCat/01235518to01302321/01272231.tar.gz
HTAR: a   DC2_ImSim/Run2.1i/instCat/01235518to01302321/01272233.tar.gz
HTAR: a   DC2_ImSim/Run2.1i/instCat/01235518to01302321/01272234.tar.gz
HTAR: a   DC2_ImSim/Run2.1i/instCat/01235518to01302321/01272235.tar.gz
HTAR: a   DC2_ImSim/Run2.1i/instCat/01235518to01302321/01272242.tar.gz
HTAR: a   DC2_ImSim/Run2.1i/instCat/01235518to01302321/01272243.tar.gz
HTAR: a   DC2_ImSim/Run2.1i/instCat/01235518to01302321/01272244.tar.gz
HTAR: a   DC2_ImSim/Run2.1i/instCat/01235518to01302321/01272245.tar.gz
HTAR: a   DC2_ImSim/Run2.1i/instCat/01235518to01302321/01272246.tar.gz
HTAR: a   DC2_ImSim/Run2.1i/instCat/01235518to01302321/01272247.tar.gz
HTAR: a   DC2_ImSim/Run2.1i/instCat/01235518to01302321/01272248.tar.gz
HTAR: a   DC2_ImSim/Run2.1i/instCat/01235518to01302321/01272249.tar.gz
HTAR: a   DC2_ImSim/Run2.1i/instCat/01235518to01302321/01272250.tar.gz
HTAR: a   DC2_ImSim/Run2.1i/instCat/01235518to01302321/01272251.tar.gz
HTAR: a   /tmp/HTAR_CF_CHK_51229_1561583944
HTAR Create complete for /home/projects/desc/DC2_ImSim/Run2.1i/instCat/01235518to01302321/01267458to01272251.tar. 514,021,064,192 bytes written for 120 member files, max threads: 2 Transfer time: 3042.082 seconds (168.970 MB/s) wallclock/user/sys: 3042.736 3595.171 1606.082 seconds
HTAR: HTAR SUCCESSFUL
HTAR: a   DC2_ImSim/Run2.1i/instCat/01235518to01302321/01272253.tar.gz
HTAR: a   DC2_ImSim/Run2.1i/instCat/01235518to01302321/01272254.tar.gz
HTAR: a   DC2_ImSim/Run2.1i/instCat/01235518to01302321/01272280.tar.gz
HTAR: a   DC2_ImSim/Run2.1i/instCat/01235518to01302321/01272281.tar.gz
HTAR: a   DC2_ImSim/Run2.1i/instCat/01235518to01302321/01272282.tar.gz
HTAR: a   DC2_ImSim/Run2.1i/instCat/01235518to01302321/01272283.tar.gz
HTAR: a   DC2_ImSim/Run2.1i/instCat/01235518to01302321/01272284.tar.gz
HTAR: a   DC2_ImSim/Run2.1i/instCat/01235518to01302321/01272285.tar.gz
HTAR: a   DC2_ImSim/Run2.1i/instCat/01235518to01302321/01272286.tar.gz
HTAR: a   DC2_ImSim/Run2.1i/instCat/01235518to01302321/01272287.tar.gz
HTAR: a   DC2_ImSim/Run2.1i/instCat/01235518to01302321/01272288.tar.gz
HTAR: a   DC2_ImSim/Run2.1i/instCat/01235518to01302321/01272290.tar.gz
HTAR: a   DC2_ImSim/Run2.1i/instCat/01235518to01302321/01272291.tar.gz
HTAR: a   DC2_ImSim/Run2.1i/instCat/01235518to01302321/01272295.tar.gz
HTAR: a   DC2_ImSim/Run2.1i/instCat/01235518to01302321/01272310.tar.gz
HTAR: a   DC2_ImSim/Run2.1i/instCat/01235518to01302321/01272311.tar.gz
HTAR: a   DC2_ImSim/Run2.1i/instCat/01235518to01302321/01272312.tar.gz
HTAR: a   DC2_ImSim/Run2.1i/instCat/01235518to01302321/01272313.tar.gz
HTAR: a   DC2_ImSim/Run2.1i/instCat/01235518to01302321/01272314.tar.gz
HTAR: a   DC2_ImSim/Run2.1i/instCat/01235518to01302321/01272419.tar.gz
HTAR: a   DC2_ImSim/Run2.1i/instCat/01235518to01302321/01272420.tar.gz
HTAR: a   DC2_ImSim/Run2.1i/instCat/01235518to01302321/01273007.tar.gz
HTAR: a   DC2_ImSim/Run2.1i/instCat/01235518to01302321/01273008.tar.gz
HTAR: a   DC2_ImSim/Run2.1i/instCat/01235518to01302321/01273051.tar.gz
HTAR: a   DC2_ImSim/Run2.1i/instCat/01235518to01302321/01273052.tar.gz
HTAR: a   DC2_ImSim/Run2.1i/instCat/01235518to01302321/01274643.tar.gz
HTAR: a   DC2_ImSim/Run2.1i/instCat/01235518to01302321/01274645.tar.gz
HTAR: a   DC2_ImSim/Run2.1i/instCat/01235518to01302321/01274670.tar.gz
HTAR: a   DC2_ImSim/Run2.1i/instCat/01235518to01302321/01274671.tar.gz
HTAR: a   DC2_ImSim/Run2.1i/instCat/01235518to01302321/01274672.tar.gz
HTAR: a   DC2_ImSim/Run2.1i/instCat/01235518to01302321/01274673.tar.gz
HTAR: a   DC2_ImSim/Run2.1i/instCat/01235518to01302321/01274674.tar.gz
HTAR: a   DC2_ImSim/Run2.1i/instCat/01235518to01302321/01274675.tar.gz
HTAR: a   DC2_ImSim/Run2.1i/instCat/01235518to01302321/01274695.tar.gz
HTAR: a   DC2_ImSim/Run2.1i/instCat/01235518to01302321/01274752.tar.gz
HTAR: a   DC2_ImSim/Run2.1i/instCat/01235518to01302321/01274753.tar.gz
HTAR: a   DC2_ImSim/Run2.1i/instCat/01235518to01302321/01274754.tar.gz
HTAR: a   DC2_ImSim/Run2.1i/instCat/01235518to01302321/01274755.tar.gz
HTAR: a   DC2_ImSim/Run2.1i/instCat/01235518to01302321/01274756.tar.gz
HTAR: a   DC2_ImSim/Run2.1i/instCat/01235518to01302321/01274760.tar.gz
HTAR: a   DC2_ImSim/Run2.1i/instCat/01235518to01302321/01274761.tar.gz
HTAR: a   DC2_ImSim/Run2.1i/instCat/01235518to01302321/01274762.tar.gz
HTAR: a   DC2_ImSim/Run2.1i/instCat/01235518to01302321/01274764.tar.gz
HTAR: a   DC2_ImSim/Run2.1i/instCat/01235518to01302321/01274765.tar.gz
HTAR: a   DC2_ImSim/Run2.1i/instCat/01235518to01302321/01274766.tar.gz
HTAR: a   DC2_ImSim/Run2.1i/instCat/01235518to01302321/01275505.tar.gz
HTAR: a   DC2_ImSim/Run2.1i/instCat/01235518to01302321/01275544.tar.gz
HTAR: a   DC2_ImSim/Run2.1i/instCat/01235518to01302321/01275545.tar.gz
HTAR: a   DC2_ImSim/Run2.1i/instCat/01235518to01302321/01275546.tar.gz
HTAR: a   DC2_ImSim/Run2.1i/instCat/01235518to01302321/01275547.tar.gz
HTAR: a   DC2_ImSim/Run2.1i/instCat/01235518to01302321/01275548.tar.gz
HTAR: a   DC2_ImSim/Run2.1i/instCat/01235518to01302321/01275549.tar.gz
HTAR: a   DC2_ImSim/Run2.1i/instCat/01235518to01302321/01275550.tar.gz
HTAR: a   DC2_ImSim/Run2.1i/instCat/01235518to01302321/01275566.tar.gz
HTAR: a   DC2_ImSim/Run2.1i/instCat/01235518to01302321/01275568.tar.gz
HTAR: a   DC2_ImSim/Run2.1i/instCat/01235518to01302321/01275569.tar.gz
HTAR: a   DC2_ImSim/Run2.1i/instCat/01235518to01302321/01275570.tar.gz
HTAR: a   DC2_ImSim/Run2.1i/instCat/01235518to01302321/01275571.tar.gz
HTAR: a   DC2_ImSim/Run2.1i/instCat/01235518to01302321/01275572.tar.gz
HTAR: a   DC2_ImSim/Run2.1i/instCat/01235518to01302321/01275573.tar.gz
HTAR: a   DC2_ImSim/Run2.1i/instCat/01235518to01302321/01275574.tar.gz
HTAR: a   DC2_ImSim/Run2.1i/instCat/01235518to01302321/01275575.tar.gz
HTAR: a   DC2_ImSim/Run2.1i/instCat/01235518to01302321/01275576.tar.gz
HTAR: a   DC2_ImSim/Run2.1i/instCat/01235518to01302321/01275577.tar.gz
HTAR: a   DC2_ImSim/Run2.1i/instCat/01235518to01302321/01275579.tar.gz
HTAR: a   DC2_ImSim/Run2.1i/instCat/01235518to01302321/01276343.tar.gz
HTAR: a   DC2_ImSim/Run2.1i/instCat/01235518to01302321/01276351.tar.gz
HTAR: a   DC2_ImSim/Run2.1i/instCat/01235518to01302321/01276352.tar.gz
HTAR: a   DC2_ImSim/Run2.1i/instCat/01235518to01302321/01276372.tar.gz
HTAR: a   DC2_ImSim/Run2.1i/instCat/01235518to01302321/01276373.tar.gz
HTAR: a   DC2_ImSim/Run2.1i/instCat/01235518to01302321/01276383.tar.gz
HTAR: a   DC2_ImSim/Run2.1i/instCat/01235518to01302321/01276384.tar.gz
HTAR: a   DC2_ImSim/Run2.1i/instCat/01235518to01302321/01276385.tar.gz
HTAR: a   DC2_ImSim/Run2.1i/instCat/01235518to01302321/01276386.tar.gz
HTAR: a   DC2_ImSim/Run2.1i/instCat/01235518to01302321/01276387.tar.gz
HTAR: a   DC2_ImSim/Run2.1i/instCat/01235518to01302321/01276388.tar.gz
HTAR: a   DC2_ImSim/Run2.1i/instCat/01235518to01302321/01276415.tar.gz
HTAR: a   DC2_ImSim/Run2.1i/instCat/01235518to01302321/01276416.tar.gz
HTAR: a   DC2_ImSim/Run2.1i/instCat/01235518to01302321/01276417.tar.gz
HTAR: a   DC2_ImSim/Run2.1i/instCat/01235518to01302321/01277164.tar.gz
HTAR: a   DC2_ImSim/Run2.1i/instCat/01235518to01302321/01277184.tar.gz
HTAR: a   DC2_ImSim/Run2.1i/instCat/01235518to01302321/01277185.tar.gz
HTAR: a   DC2_ImSim/Run2.1i/instCat/01235518to01302321/01277186.tar.gz
HTAR: a   DC2_ImSim/Run2.1i/instCat/01235518to01302321/01277187.tar.gz
HTAR: a   DC2_ImSim/Run2.1i/instCat/01235518to01302321/01277188.tar.gz
HTAR: a   DC2_ImSim/Run2.1i/instCat/01235518to01302321/01277189.tar.gz
HTAR: a   DC2_ImSim/Run2.1i/instCat/01235518to01302321/01277190.tar.gz
HTAR: a   DC2_ImSim/Run2.1i/instCat/01235518to01302321/01277231.tar.gz
HTAR: a   DC2_ImSim/Run2.1i/instCat/01235518to01302321/01277232.tar.gz
HTAR: a   DC2_ImSim/Run2.1i/instCat/01235518to01302321/01277233.tar.gz
HTAR: a   DC2_ImSim/Run2.1i/instCat/01235518to01302321/01277234.tar.gz
HTAR: a   DC2_ImSim/Run2.1i/instCat/01235518to01302321/01277235.tar.gz
HTAR: a   DC2_ImSim/Run2.1i/instCat/01235518to01302321/01277240.tar.gz
HTAR: a   DC2_ImSim/Run2.1i/instCat/01235518to01302321/01277272.tar.gz
HTAR: a   DC2_ImSim/Run2.1i/instCat/01235518to01302321/01277273.tar.gz
HTAR: a   DC2_ImSim/Run2.1i/instCat/01235518to01302321/01277274.tar.gz
HTAR: a   DC2_ImSim/Run2.1i/instCat/01235518to01302321/01277275.tar.gz
HTAR: a   DC2_ImSim/Run2.1i/instCat/01235518to01302321/01277293.tar.gz
HTAR: a   DC2_ImSim/Run2.1i/instCat/01235518to01302321/01277294.tar.gz
HTAR: a   DC2_ImSim/Run2.1i/instCat/01235518to01302321/01277295.tar.gz
HTAR: a   DC2_ImSim/Run2.1i/instCat/01235518to01302321/01277296.tar.gz
HTAR: a   DC2_ImSim/Run2.1i/instCat/01235518to01302321/01277297.tar.gz
HTAR: a   DC2_ImSim/Run2.1i/instCat/01235518to01302321/01277298.tar.gz
HTAR: a   DC2_ImSim/Run2.1i/instCat/01235518to01302321/01277299.tar.gz
HTAR: a   DC2_ImSim/Run2.1i/instCat/01235518to01302321/01277300.tar.gz
HTAR: a   DC2_ImSim/Run2.1i/instCat/01235518to01302321/01277303.tar.gz
HTAR: a   DC2_ImSim/Run2.1i/instCat/01235518to01302321/01277304.tar.gz
HTAR: a   DC2_ImSim/Run2.1i/instCat/01235518to01302321/01277317.tar.gz
HTAR: a   DC2_ImSim/Run2.1i/instCat/01235518to01302321/01277332.tar.gz
HTAR: a   DC2_ImSim/Run2.1i/instCat/01235518to01302321/01277333.tar.gz
HTAR: a   DC2_ImSim/Run2.1i/instCat/01235518to01302321/01277334.tar.gz
HTAR: a   DC2_ImSim/Run2.1i/instCat/01235518to01302321/01277997.tar.gz
HTAR: a   DC2_ImSim/Run2.1i/instCat/01235518to01302321/01277998.tar.gz
HTAR: a   DC2_ImSim/Run2.1i/instCat/01235518to01302321/01277999.tar.gz
HTAR: a   DC2_ImSim/Run2.1i/instCat/01235518to01302321/01278000.tar.gz
HTAR: a   DC2_ImSim/Run2.1i/instCat/01235518to01302321/01278001.tar.gz
HTAR: a   DC2_ImSim/Run2.1i/instCat/01235518to01302321/01278002.tar.gz
HTAR: a   DC2_ImSim/Run2.1i/instCat/01235518to01302321/01278008.tar.gz
HTAR: a   DC2_ImSim/Run2.1i/instCat/01235518to01302321/01278012.tar.gz
HTAR: a   DC2_ImSim/Run2.1i/instCat/01235518to01302321/01278013.tar.gz
HTAR: a   /tmp/HTAR_CF_CHK_32842_1561586989
HTAR Create complete for /home/projects/desc/DC2_ImSim/Run2.1i/instCat/01235518to01302321/01272253to01278013.tar. 528,346,158,592 bytes written for 120 member files, max threads: 3 Transfer time: 3487.555 seconds (151.495 MB/s) wallclock/user/sys: 3488.462 4106.416 1871.097 seconds
HTAR: HTAR SUCCESSFUL
HTAR: a   DC2_ImSim/Run2.1i/instCat/01235518to01302321/01278034.tar.gz
HTAR: a   DC2_ImSim/Run2.1i/instCat/01235518to01302321/01278035.tar.gz
HTAR: a   DC2_ImSim/Run2.1i/instCat/01235518to01302321/01278036.tar.gz
HTAR: a   DC2_ImSim/Run2.1i/instCat/01235518to01302321/01278037.tar.gz
HTAR: a   DC2_ImSim/Run2.1i/instCat/01235518to01302321/01278038.tar.gz
HTAR: a   DC2_ImSim/Run2.1i/instCat/01235518to01302321/01278041.tar.gz
HTAR: a   DC2_ImSim/Run2.1i/instCat/01235518to01302321/01278042.tar.gz
HTAR: a   DC2_ImSim/Run2.1i/instCat/01235518to01302321/01279679.tar.gz
HTAR: a   DC2_ImSim/Run2.1i/instCat/01235518to01302321/01279680.tar.gz
HTAR: a   DC2_ImSim/Run2.1i/instCat/01235518to01302321/01279681.tar.gz
HTAR: a   DC2_ImSim/Run2.1i/instCat/01235518to01302321/01279682.tar.gz
HTAR: a   DC2_ImSim/Run2.1i/instCat/01235518to01302321/01279707.tar.gz
HTAR: a   DC2_ImSim/Run2.1i/instCat/01235518to01302321/01280364.tar.gz
HTAR: a   DC2_ImSim/Run2.1i/instCat/01235518to01302321/01280365.tar.gz
HTAR: a   DC2_ImSim/Run2.1i/instCat/01235518to01302321/01280368.tar.gz
HTAR: a   DC2_ImSim/Run2.1i/instCat/01235518to01302321/01280370.tar.gz
HTAR: a   DC2_ImSim/Run2.1i/instCat/01235518to01302321/01280423.tar.gz
HTAR: a   DC2_ImSim/Run2.1i/instCat/01235518to01302321/01280439.tar.gz
HTAR: a   DC2_ImSim/Run2.1i/instCat/01235518to01302321/01280440.tar.gz
HTAR: a   DC2_ImSim/Run2.1i/instCat/01235518to01302321/01280441.tar.gz
HTAR: a   DC2_ImSim/Run2.1i/instCat/01235518to01302321/01280442.tar.gz
HTAR: a   DC2_ImSim/Run2.1i/instCat/01235518to01302321/01280443.tar.gz
HTAR: a   DC2_ImSim/Run2.1i/instCat/01235518to01302321/01280444.tar.gz
HTAR: a   DC2_ImSim/Run2.1i/instCat/01235518to01302321/01280468.tar.gz
HTAR: a   DC2_ImSim/Run2.1i/instCat/01235518to01302321/01280469.tar.gz
HTAR: a   DC2_ImSim/Run2.1i/instCat/01235518to01302321/01281269.tar.gz
HTAR: a   DC2_ImSim/Run2.1i/instCat/01235518to01302321/01281270.tar.gz
HTAR: a   DC2_ImSim/Run2.1i/instCat/01235518to01302321/01281271.tar.gz
HTAR: a   DC2_ImSim/Run2.1i/instCat/01235518to01302321/01281272.tar.gz
HTAR: a   DC2_ImSim/Run2.1i/instCat/01235518to01302321/01281273.tar.gz
HTAR: a   DC2_ImSim/Run2.1i/instCat/01235518to01302321/01281292.tar.gz
HTAR: a   DC2_ImSim/Run2.1i/instCat/01235518to01302321/01281293.tar.gz
HTAR: a   DC2_ImSim/Run2.1i/instCat/01235518to01302321/01281294.tar.gz
HTAR: a   DC2_ImSim/Run2.1i/instCat/01235518to01302321/01281299.tar.gz
HTAR: a   DC2_ImSim/Run2.1i/instCat/01235518to01302321/01281300.tar.gz
HTAR: a   DC2_ImSim/Run2.1i/instCat/01235518to01302321/01281313.tar.gz
HTAR: a   DC2_ImSim/Run2.1i/instCat/01235518to01302321/01281314.tar.gz
HTAR: a   DC2_ImSim/Run2.1i/instCat/01235518to01302321/01281332.tar.gz
HTAR: a   DC2_ImSim/Run2.1i/instCat/01235518to01302321/01282878.tar.gz
HTAR: a   DC2_ImSim/Run2.1i/instCat/01235518to01302321/01282879.tar.gz
HTAR: a   DC2_ImSim/Run2.1i/instCat/01235518to01302321/01282880.tar.gz
HTAR: a   DC2_ImSim/Run2.1i/instCat/01235518to01302321/01282881.tar.gz
HTAR: a   DC2_ImSim/Run2.1i/instCat/01235518to01302321/01282884.tar.gz
HTAR: a   DC2_ImSim/Run2.1i/instCat/01235518to01302321/01282885.tar.gz
HTAR: a   DC2_ImSim/Run2.1i/instCat/01235518to01302321/01283734.tar.gz
HTAR: a   DC2_ImSim/Run2.1i/instCat/01235518to01302321/01283749.tar.gz
HTAR: a   DC2_ImSim/Run2.1i/instCat/01235518to01302321/01283750.tar.gz
HTAR: a   DC2_ImSim/Run2.1i/instCat/01235518to01302321/01283751.tar.gz
HTAR: a   DC2_ImSim/Run2.1i/instCat/01235518to01302321/01283767.tar.gz
HTAR: a   DC2_ImSim/Run2.1i/instCat/01235518to01302321/01283768.tar.gz
HTAR: a   DC2_ImSim/Run2.1i/instCat/01235518to01302321/01283769.tar.gz
HTAR: a   DC2_ImSim/Run2.1i/instCat/01235518to01302321/01283770.tar.gz
HTAR: a   DC2_ImSim/Run2.1i/instCat/01235518to01302321/01283771.tar.gz
HTAR: a   DC2_ImSim/Run2.1i/instCat/01235518to01302321/01283772.tar.gz
HTAR: a   DC2_ImSim/Run2.1i/instCat/01235518to01302321/01283773.tar.gz
HTAR: a   DC2_ImSim/Run2.1i/instCat/01235518to01302321/01283774.tar.gz
HTAR: a   DC2_ImSim/Run2.1i/instCat/01235518to01302321/01283775.tar.gz
HTAR: a   DC2_ImSim/Run2.1i/instCat/01235518to01302321/01283776.tar.gz
HTAR: a   DC2_ImSim/Run2.1i/instCat/01235518to01302321/01283778.tar.gz
HTAR: a   DC2_ImSim/Run2.1i/instCat/01235518to01302321/01283779.tar.gz
HTAR: a   DC2_ImSim/Run2.1i/instCat/01235518to01302321/01283780.tar.gz
HTAR: a   DC2_ImSim/Run2.1i/instCat/01235518to01302321/01283781.tar.gz
HTAR: a   DC2_ImSim/Run2.1i/instCat/01235518to01302321/01283782.tar.gz
HTAR: a   DC2_ImSim/Run2.1i/instCat/01235518to01302321/01283783.tar.gz
HTAR: a   DC2_ImSim/Run2.1i/instCat/01235518to01302321/01283787.tar.gz
HTAR: a   DC2_ImSim/Run2.1i/instCat/01235518to01302321/01284630.tar.gz
HTAR: a   DC2_ImSim/Run2.1i/instCat/01235518to01302321/01284631.tar.gz
HTAR: a   DC2_ImSim/Run2.1i/instCat/01235518to01302321/01284632.tar.gz
HTAR: a   DC2_ImSim/Run2.1i/instCat/01235518to01302321/01284633.tar.gz
HTAR: a   DC2_ImSim/Run2.1i/instCat/01235518to01302321/01284635.tar.gz
HTAR: a   DC2_ImSim/Run2.1i/instCat/01235518to01302321/01284636.tar.gz
HTAR: a   DC2_ImSim/Run2.1i/instCat/01235518to01302321/01284637.tar.gz
HTAR: a   DC2_ImSim/Run2.1i/instCat/01235518to01302321/01284638.tar.gz
HTAR: a   DC2_ImSim/Run2.1i/instCat/01235518to01302321/01284639.tar.gz
HTAR: a   DC2_ImSim/Run2.1i/instCat/01235518to01302321/01284640.tar.gz
HTAR: a   DC2_ImSim/Run2.1i/instCat/01235518to01302321/01284641.tar.gz
HTAR: a   DC2_ImSim/Run2.1i/instCat/01235518to01302321/01284642.tar.gz
HTAR: a   DC2_ImSim/Run2.1i/instCat/01235518to01302321/01284644.tar.gz
HTAR: a   DC2_ImSim/Run2.1i/instCat/01235518to01302321/01284645.tar.gz
HTAR: a   DC2_ImSim/Run2.1i/instCat/01235518to01302321/01284709.tar.gz
HTAR: a   DC2_ImSim/Run2.1i/instCat/01235518to01302321/01284710.tar.gz
HTAR: a   DC2_ImSim/Run2.1i/instCat/01235518to01302321/01284711.tar.gz
HTAR: a   DC2_ImSim/Run2.1i/instCat/01235518to01302321/01284712.tar.gz
HTAR: a   DC2_ImSim/Run2.1i/instCat/01235518to01302321/01284713.tar.gz
HTAR: a   DC2_ImSim/Run2.1i/instCat/01235518to01302321/01284714.tar.gz
HTAR: a   DC2_ImSim/Run2.1i/instCat/01235518to01302321/01284715.tar.gz
HTAR: a   DC2_ImSim/Run2.1i/instCat/01235518to01302321/01284740.tar.gz
HTAR: a   DC2_ImSim/Run2.1i/instCat/01235518to01302321/01284741.tar.gz
HTAR: a   DC2_ImSim/Run2.1i/instCat/01235518to01302321/01284742.tar.gz
HTAR: a   DC2_ImSim/Run2.1i/instCat/01235518to01302321/01284743.tar.gz
HTAR: a   DC2_ImSim/Run2.1i/instCat/01235518to01302321/01284785.tar.gz
HTAR: a   DC2_ImSim/Run2.1i/instCat/01235518to01302321/01285429.tar.gz
HTAR: a   DC2_ImSim/Run2.1i/instCat/01235518to01302321/01285430.tar.gz
HTAR: a   DC2_ImSim/Run2.1i/instCat/01235518to01302321/01285431.tar.gz
HTAR: a   DC2_ImSim/Run2.1i/instCat/01235518to01302321/01285444.tar.gz
HTAR: a   DC2_ImSim/Run2.1i/instCat/01235518to01302321/01285445.tar.gz
HTAR: a   DC2_ImSim/Run2.1i/instCat/01235518to01302321/01285448.tar.gz
HTAR: a   DC2_ImSim/Run2.1i/instCat/01235518to01302321/01285453.tar.gz
HTAR: a   DC2_ImSim/Run2.1i/instCat/01235518to01302321/01285454.tar.gz
HTAR: a   DC2_ImSim/Run2.1i/instCat/01235518to01302321/01286285.tar.gz
HTAR: a   DC2_ImSim/Run2.1i/instCat/01235518to01302321/01286288.tar.gz
HTAR: a   DC2_ImSim/Run2.1i/instCat/01235518to01302321/01286317.tar.gz
HTAR: a   DC2_ImSim/Run2.1i/instCat/01235518to01302321/01286318.tar.gz
HTAR: a   DC2_ImSim/Run2.1i/instCat/01235518to01302321/01286333.tar.gz
HTAR: a   DC2_ImSim/Run2.1i/instCat/01235518to01302321/01286334.tar.gz
HTAR: a   DC2_ImSim/Run2.1i/instCat/01235518to01302321/01286420.tar.gz
HTAR: a   DC2_ImSim/Run2.1i/instCat/01235518to01302321/01286421.tar.gz
HTAR: a   DC2_ImSim/Run2.1i/instCat/01235518to01302321/01286422.tar.gz
HTAR: a   DC2_ImSim/Run2.1i/instCat/01235518to01302321/01286423.tar.gz
HTAR: a   DC2_ImSim/Run2.1i/instCat/01235518to01302321/01286424.tar.gz
HTAR: a   DC2_ImSim/Run2.1i/instCat/01235518to01302321/01286425.tar.gz
HTAR: a   DC2_ImSim/Run2.1i/instCat/01235518to01302321/01286428.tar.gz
HTAR: a   DC2_ImSim/Run2.1i/instCat/01235518to01302321/01286434.tar.gz
HTAR: a   DC2_ImSim/Run2.1i/instCat/01235518to01302321/01286435.tar.gz
HTAR: a   DC2_ImSim/Run2.1i/instCat/01235518to01302321/01287141.tar.gz
HTAR: a   DC2_ImSim/Run2.1i/instCat/01235518to01302321/01287180.tar.gz
HTAR: a   DC2_ImSim/Run2.1i/instCat/01235518to01302321/01287227.tar.gz
HTAR: a   DC2_ImSim/Run2.1i/instCat/01235518to01302321/01287228.tar.gz
HTAR: a   DC2_ImSim/Run2.1i/instCat/01235518to01302321/01287234.tar.gz
HTAR: a   DC2_ImSim/Run2.1i/instCat/01235518to01302321/01287235.tar.gz
HTAR: a   /tmp/HTAR_CF_CHK_32320_1561590480
HTAR Create complete for /home/projects/desc/DC2_ImSim/Run2.1i/instCat/01235518to01302321/01278034to01287235.tar. 515,733,328,384 bytes written for 120 member files, max threads: 3 Transfer time: 3424.597 seconds (150.597 MB/s) wallclock/user/sys: 3425.518 4026.535 1835.980 seconds
HTAR: HTAR SUCCESSFUL
HTAR: a   DC2_ImSim/Run2.1i/instCat/01235518to01302321/01287236.tar.gz
HTAR: a   DC2_ImSim/Run2.1i/instCat/01235518to01302321/01287237.tar.gz
HTAR: a   DC2_ImSim/Run2.1i/instCat/01235518to01302321/01287238.tar.gz
HTAR: a   DC2_ImSim/Run2.1i/instCat/01235518to01302321/01287239.tar.gz
HTAR: a   DC2_ImSim/Run2.1i/instCat/01235518to01302321/01287240.tar.gz
HTAR: a   DC2_ImSim/Run2.1i/instCat/01235518to01302321/01287241.tar.gz
HTAR: a   DC2_ImSim/Run2.1i/instCat/01235518to01302321/01287242.tar.gz
HTAR: a   DC2_ImSim/Run2.1i/instCat/01235518to01302321/01287243.tar.gz
HTAR: a   DC2_ImSim/Run2.1i/instCat/01235518to01302321/01287244.tar.gz
HTAR: a   DC2_ImSim/Run2.1i/instCat/01235518to01302321/01287245.tar.gz
HTAR: a   DC2_ImSim/Run2.1i/instCat/01235518to01302321/01287246.tar.gz
HTAR: a   DC2_ImSim/Run2.1i/instCat/01235518to01302321/01287247.tar.gz
HTAR: a   DC2_ImSim/Run2.1i/instCat/01235518to01302321/01287259.tar.gz
HTAR: a   DC2_ImSim/Run2.1i/instCat/01235518to01302321/01287260.tar.gz
HTAR: a   DC2_ImSim/Run2.1i/instCat/01235518to01302321/01287263.tar.gz
HTAR: a   DC2_ImSim/Run2.1i/instCat/01235518to01302321/01287266.tar.gz
HTAR: a   DC2_ImSim/Run2.1i/instCat/01235518to01302321/01287267.tar.gz
HTAR: a   DC2_ImSim/Run2.1i/instCat/01235518to01302321/01287268.tar.gz
HTAR: a   DC2_ImSim/Run2.1i/instCat/01235518to01302321/01287269.tar.gz
HTAR: a   DC2_ImSim/Run2.1i/instCat/01235518to01302321/01287270.tar.gz
HTAR: a   DC2_ImSim/Run2.1i/instCat/01235518to01302321/01287271.tar.gz
HTAR: a   DC2_ImSim/Run2.1i/instCat/01235518to01302321/01288003.tar.gz
HTAR: a   DC2_ImSim/Run2.1i/instCat/01235518to01302321/01288004.tar.gz
HTAR: a   DC2_ImSim/Run2.1i/instCat/01235518to01302321/01288888.tar.gz
HTAR: a   DC2_ImSim/Run2.1i/instCat/01235518to01302321/01288889.tar.gz
HTAR: a   DC2_ImSim/Run2.1i/instCat/01235518to01302321/01288890.tar.gz
HTAR: a   DC2_ImSim/Run2.1i/instCat/01235518to01302321/01288891.tar.gz
HTAR: a   DC2_ImSim/Run2.1i/instCat/01235518to01302321/01288892.tar.gz
HTAR: a   DC2_ImSim/Run2.1i/instCat/01235518to01302321/01288893.tar.gz
HTAR: a   DC2_ImSim/Run2.1i/instCat/01235518to01302321/01288894.tar.gz
HTAR: a   DC2_ImSim/Run2.1i/instCat/01235518to01302321/01288895.tar.gz
HTAR: a   DC2_ImSim/Run2.1i/instCat/01235518to01302321/01288896.tar.gz
HTAR: a   DC2_ImSim/Run2.1i/instCat/01235518to01302321/01288897.tar.gz
HTAR: a   DC2_ImSim/Run2.1i/instCat/01235518to01302321/01288898.tar.gz
HTAR: a   DC2_ImSim/Run2.1i/instCat/01235518to01302321/01288899.tar.gz
HTAR: a   DC2_ImSim/Run2.1i/instCat/01235518to01302321/01288900.tar.gz
HTAR: a   DC2_ImSim/Run2.1i/instCat/01235518to01302321/01288901.tar.gz
HTAR: a   DC2_ImSim/Run2.1i/instCat/01235518to01302321/01288902.tar.gz
HTAR: a   DC2_ImSim/Run2.1i/instCat/01235518to01302321/01288903.tar.gz
HTAR: a   DC2_ImSim/Run2.1i/instCat/01235518to01302321/01288904.tar.gz
HTAR: a   DC2_ImSim/Run2.1i/instCat/01235518to01302321/01288905.tar.gz
HTAR: a   DC2_ImSim/Run2.1i/instCat/01235518to01302321/01288906.tar.gz
HTAR: a   DC2_ImSim/Run2.1i/instCat/01235518to01302321/01288907.tar.gz
HTAR: a   DC2_ImSim/Run2.1i/instCat/01235518to01302321/01288908.tar.gz
HTAR: a   DC2_ImSim/Run2.1i/instCat/01235518to01302321/01288909.tar.gz
HTAR: a   DC2_ImSim/Run2.1i/instCat/01235518to01302321/01288910.tar.gz
HTAR: a   DC2_ImSim/Run2.1i/instCat/01235518to01302321/01288913.tar.gz
HTAR: a   DC2_ImSim/Run2.1i/instCat/01235518to01302321/01288914.tar.gz
HTAR: a   DC2_ImSim/Run2.1i/instCat/01235518to01302321/01288915.tar.gz
HTAR: a   DC2_ImSim/Run2.1i/instCat/01235518to01302321/01288916.tar.gz
HTAR: a   DC2_ImSim/Run2.1i/instCat/01235518to01302321/01288917.tar.gz
HTAR: a   DC2_ImSim/Run2.1i/instCat/01235518to01302321/01288918.tar.gz
HTAR: a   DC2_ImSim/Run2.1i/instCat/01235518to01302321/01288919.tar.gz
HTAR: a   DC2_ImSim/Run2.1i/instCat/01235518to01302321/01288923.tar.gz
HTAR: a   DC2_ImSim/Run2.1i/instCat/01235518to01302321/01288924.tar.gz
HTAR: a   DC2_ImSim/Run2.1i/instCat/01235518to01302321/01288925.tar.gz
HTAR: a   DC2_ImSim/Run2.1i/instCat/01235518to01302321/01288926.tar.gz
HTAR: a   DC2_ImSim/Run2.1i/instCat/01235518to01302321/01288927.tar.gz
HTAR: a   DC2_ImSim/Run2.1i/instCat/01235518to01302321/01288928.tar.gz
HTAR: a   DC2_ImSim/Run2.1i/instCat/01235518to01302321/01288932.tar.gz
HTAR: a   DC2_ImSim/Run2.1i/instCat/01235518to01302321/01288933.tar.gz
HTAR: a   DC2_ImSim/Run2.1i/instCat/01235518to01302321/01288934.tar.gz
HTAR: a   DC2_ImSim/Run2.1i/instCat/01235518to01302321/01288935.tar.gz
HTAR: a   DC2_ImSim/Run2.1i/instCat/01235518to01302321/01288936.tar.gz
HTAR: a   DC2_ImSim/Run2.1i/instCat/01235518to01302321/01288937.tar.gz
HTAR: a   DC2_ImSim/Run2.1i/instCat/01235518to01302321/01288938.tar.gz
HTAR: a   DC2_ImSim/Run2.1i/instCat/01235518to01302321/01288939.tar.gz
HTAR: a   DC2_ImSim/Run2.1i/instCat/01235518to01302321/01288945.tar.gz
HTAR: a   DC2_ImSim/Run2.1i/instCat/01235518to01302321/01288946.tar.gz
HTAR: a   DC2_ImSim/Run2.1i/instCat/01235518to01302321/01288947.tar.gz
HTAR: a   DC2_ImSim/Run2.1i/instCat/01235518to01302321/01288948.tar.gz
HTAR: a   DC2_ImSim/Run2.1i/instCat/01235518to01302321/01288949.tar.gz
HTAR: a   DC2_ImSim/Run2.1i/instCat/01235518to01302321/01288950.tar.gz
HTAR: a   DC2_ImSim/Run2.1i/instCat/01235518to01302321/01288951.tar.gz
HTAR: a   DC2_ImSim/Run2.1i/instCat/01235518to01302321/01288962.tar.gz
HTAR: a   DC2_ImSim/Run2.1i/instCat/01235518to01302321/01288963.tar.gz
HTAR: a   DC2_ImSim/Run2.1i/instCat/01235518to01302321/01288965.tar.gz
HTAR: a   DC2_ImSim/Run2.1i/instCat/01235518to01302321/01288966.tar.gz
HTAR: a   DC2_ImSim/Run2.1i/instCat/01235518to01302321/01288967.tar.gz
HTAR: a   DC2_ImSim/Run2.1i/instCat/01235518to01302321/01288974.tar.gz
HTAR: a   DC2_ImSim/Run2.1i/instCat/01235518to01302321/01288975.tar.gz
HTAR: a   DC2_ImSim/Run2.1i/instCat/01235518to01302321/01288976.tar.gz
HTAR: a   DC2_ImSim/Run2.1i/instCat/01235518to01302321/01288987.tar.gz
HTAR: a   DC2_ImSim/Run2.1i/instCat/01235518to01302321/01288988.tar.gz
HTAR: a   DC2_ImSim/Run2.1i/instCat/01235518to01302321/01288989.tar.gz
HTAR: a   DC2_ImSim/Run2.1i/instCat/01235518to01302321/01289006.tar.gz
HTAR: a   DC2_ImSim/Run2.1i/instCat/01235518to01302321/01289846.tar.gz
HTAR: a   DC2_ImSim/Run2.1i/instCat/01235518to01302321/01289847.tar.gz
HTAR: a   DC2_ImSim/Run2.1i/instCat/01235518to01302321/01289848.tar.gz
HTAR: a   DC2_ImSim/Run2.1i/instCat/01235518to01302321/01290590.tar.gz
HTAR: a   DC2_ImSim/Run2.1i/instCat/01235518to01302321/01290591.tar.gz
HTAR: a   DC2_ImSim/Run2.1i/instCat/01235518to01302321/01290592.tar.gz
HTAR: a   DC2_ImSim/Run2.1i/instCat/01235518to01302321/01290593.tar.gz
HTAR: a   DC2_ImSim/Run2.1i/instCat/01235518to01302321/01290594.tar.gz
HTAR: a   DC2_ImSim/Run2.1i/instCat/01235518to01302321/01290595.tar.gz
HTAR: a   DC2_ImSim/Run2.1i/instCat/01235518to01302321/01290596.tar.gz
HTAR: a   DC2_ImSim/Run2.1i/instCat/01235518to01302321/01290597.tar.gz
HTAR: a   DC2_ImSim/Run2.1i/instCat/01235518to01302321/01290598.tar.gz
HTAR: a   DC2_ImSim/Run2.1i/instCat/01235518to01302321/01290599.tar.gz
HTAR: a   DC2_ImSim/Run2.1i/instCat/01235518to01302321/01290600.tar.gz
HTAR: a   DC2_ImSim/Run2.1i/instCat/01235518to01302321/01290601.tar.gz
HTAR: a   DC2_ImSim/Run2.1i/instCat/01235518to01302321/01290602.tar.gz
HTAR: a   DC2_ImSim/Run2.1i/instCat/01235518to01302321/01290603.tar.gz
HTAR: a   DC2_ImSim/Run2.1i/instCat/01235518to01302321/01290604.tar.gz
HTAR: a   DC2_ImSim/Run2.1i/instCat/01235518to01302321/01290605.tar.gz
HTAR: a   DC2_ImSim/Run2.1i/instCat/01235518to01302321/01290606.tar.gz
HTAR: a   DC2_ImSim/Run2.1i/instCat/01235518to01302321/01290607.tar.gz
HTAR: a   DC2_ImSim/Run2.1i/instCat/01235518to01302321/01290608.tar.gz
HTAR: a   DC2_ImSim/Run2.1i/instCat/01235518to01302321/01290609.tar.gz
HTAR: a   DC2_ImSim/Run2.1i/instCat/01235518to01302321/01290610.tar.gz
HTAR: a   DC2_ImSim/Run2.1i/instCat/01235518to01302321/01290611.tar.gz
HTAR: a   DC2_ImSim/Run2.1i/instCat/01235518to01302321/01290612.tar.gz
HTAR: a   DC2_ImSim/Run2.1i/instCat/01235518to01302321/01290613.tar.gz
HTAR: a   DC2_ImSim/Run2.1i/instCat/01235518to01302321/01290614.tar.gz
HTAR: a   DC2_ImSim/Run2.1i/instCat/01235518to01302321/01290618.tar.gz
HTAR: a   DC2_ImSim/Run2.1i/instCat/01235518to01302321/01290619.tar.gz
HTAR: a   DC2_ImSim/Run2.1i/instCat/01235518to01302321/01290620.tar.gz
HTAR: a   DC2_ImSim/Run2.1i/instCat/01235518to01302321/01290621.tar.gz
HTAR: a   DC2_ImSim/Run2.1i/instCat/01235518to01302321/01290622.tar.gz
HTAR: a   DC2_ImSim/Run2.1i/instCat/01235518to01302321/01290623.tar.gz
HTAR: a   /tmp/HTAR_CF_CHK_24995_1561593909
HTAR Create complete for /home/projects/desc/DC2_ImSim/Run2.1i/instCat/01235518to01302321/01287236to01290623.tar. 543,263,522,304 bytes written for 120 member files, max threads: 3 Transfer time: 3586.248 seconds (151.485 MB/s) wallclock/user/sys: 3587.156 4218.225 1922.777 seconds
HTAR: HTAR SUCCESSFUL
HTAR: a   DC2_ImSim/Run2.1i/instCat/01235518to01302321/01290627.tar.gz
HTAR: a   DC2_ImSim/Run2.1i/instCat/01235518to01302321/01290628.tar.gz
HTAR: a   DC2_ImSim/Run2.1i/instCat/01235518to01302321/01290629.tar.gz
HTAR: a   DC2_ImSim/Run2.1i/instCat/01235518to01302321/01290630.tar.gz
HTAR: a   DC2_ImSim/Run2.1i/instCat/01235518to01302321/01290631.tar.gz
HTAR: a   DC2_ImSim/Run2.1i/instCat/01235518to01302321/01290632.tar.gz
HTAR: a   DC2_ImSim/Run2.1i/instCat/01235518to01302321/01290633.tar.gz
HTAR: a   DC2_ImSim/Run2.1i/instCat/01235518to01302321/01290643.tar.gz
HTAR: a   DC2_ImSim/Run2.1i/instCat/01235518to01302321/01290644.tar.gz
HTAR: a   DC2_ImSim/Run2.1i/instCat/01235518to01302321/01290645.tar.gz
HTAR: a   DC2_ImSim/Run2.1i/instCat/01235518to01302321/01290646.tar.gz
HTAR: a   DC2_ImSim/Run2.1i/instCat/01235518to01302321/01290647.tar.gz
HTAR: a   DC2_ImSim/Run2.1i/instCat/01235518to01302321/01290648.tar.gz
HTAR: a   DC2_ImSim/Run2.1i/instCat/01235518to01302321/01290649.tar.gz
HTAR: a   DC2_ImSim/Run2.1i/instCat/01235518to01302321/01290650.tar.gz
HTAR: a   DC2_ImSim/Run2.1i/instCat/01235518to01302321/01290653.tar.gz
HTAR: a   DC2_ImSim/Run2.1i/instCat/01235518to01302321/01290654.tar.gz
HTAR: a   DC2_ImSim/Run2.1i/instCat/01235518to01302321/01290655.tar.gz
HTAR: a   DC2_ImSim/Run2.1i/instCat/01235518to01302321/01290656.tar.gz
HTAR: a   DC2_ImSim/Run2.1i/instCat/01235518to01302321/01290657.tar.gz
HTAR: a   DC2_ImSim/Run2.1i/instCat/01235518to01302321/01290658.tar.gz
HTAR: a   DC2_ImSim/Run2.1i/instCat/01235518to01302321/01290659.tar.gz
HTAR: a   DC2_ImSim/Run2.1i/instCat/01235518to01302321/01290660.tar.gz
HTAR: a   DC2_ImSim/Run2.1i/instCat/01235518to01302321/01290661.tar.gz
HTAR: a   DC2_ImSim/Run2.1i/instCat/01235518to01302321/01290662.tar.gz
HTAR: a   DC2_ImSim/Run2.1i/instCat/01235518to01302321/01290663.tar.gz
HTAR: a   DC2_ImSim/Run2.1i/instCat/01235518to01302321/01290669.tar.gz
HTAR: a   DC2_ImSim/Run2.1i/instCat/01235518to01302321/01290670.tar.gz
HTAR: a   DC2_ImSim/Run2.1i/instCat/01235518to01302321/01290671.tar.gz
HTAR: a   DC2_ImSim/Run2.1i/instCat/01235518to01302321/01290672.tar.gz
HTAR: a   DC2_ImSim/Run2.1i/instCat/01235518to01302321/01290690.tar.gz
HTAR: a   DC2_ImSim/Run2.1i/instCat/01235518to01302321/01290691.tar.gz
HTAR: a   DC2_ImSim/Run2.1i/instCat/01235518to01302321/01290695.tar.gz
HTAR: a   DC2_ImSim/Run2.1i/instCat/01235518to01302321/01290697.tar.gz
HTAR: a   DC2_ImSim/Run2.1i/instCat/01235518to01302321/01290698.tar.gz
HTAR: a   DC2_ImSim/Run2.1i/instCat/01235518to01302321/01290699.tar.gz
HTAR: a   DC2_ImSim/Run2.1i/instCat/01235518to01302321/01290702.tar.gz
HTAR: a   DC2_ImSim/Run2.1i/instCat/01235518to01302321/01290704.tar.gz
HTAR: a   DC2_ImSim/Run2.1i/instCat/01235518to01302321/01290705.tar.gz
HTAR: a   DC2_ImSim/Run2.1i/instCat/01235518to01302321/01290724.tar.gz
HTAR: a   DC2_ImSim/Run2.1i/instCat/01235518to01302321/01290731.tar.gz
HTAR: a   DC2_ImSim/Run2.1i/instCat/01235518to01302321/01291428.tar.gz
HTAR: a   DC2_ImSim/Run2.1i/instCat/01235518to01302321/01291549.tar.gz
HTAR: a   DC2_ImSim/Run2.1i/instCat/01235518to01302321/01291550.tar.gz
HTAR: a   DC2_ImSim/Run2.1i/instCat/01235518to01302321/01291551.tar.gz
HTAR: a   DC2_ImSim/Run2.1i/instCat/01235518to01302321/01291552.tar.gz
HTAR: a   DC2_ImSim/Run2.1i/instCat/01235518to01302321/01291577.tar.gz
HTAR: a   DC2_ImSim/Run2.1i/instCat/01235518to01302321/01291578.tar.gz
HTAR: a   DC2_ImSim/Run2.1i/instCat/01235518to01302321/01292282.tar.gz
HTAR: a   DC2_ImSim/Run2.1i/instCat/01235518to01302321/01292283.tar.gz
HTAR: a   DC2_ImSim/Run2.1i/instCat/01235518to01302321/01292300.tar.gz
HTAR: a   DC2_ImSim/Run2.1i/instCat/01235518to01302321/01292334.tar.gz
HTAR: a   DC2_ImSim/Run2.1i/instCat/01235518to01302321/01292335.tar.gz
HTAR: a   DC2_ImSim/Run2.1i/instCat/01235518to01302321/01292336.tar.gz
HTAR: a   DC2_ImSim/Run2.1i/instCat/01235518to01302321/01292337.tar.gz
HTAR: a   DC2_ImSim/Run2.1i/instCat/01235518to01302321/01292338.tar.gz
HTAR: a   DC2_ImSim/Run2.1i/instCat/01235518to01302321/01293794.tar.gz
HTAR: a   DC2_ImSim/Run2.1i/instCat/01235518to01302321/01293848.tar.gz
HTAR: a   DC2_ImSim/Run2.1i/instCat/01235518to01302321/01294683.tar.gz
HTAR: a   DC2_ImSim/Run2.1i/instCat/01235518to01302321/01294684.tar.gz
HTAR: a   DC2_ImSim/Run2.1i/instCat/01235518to01302321/01294685.tar.gz
HTAR: a   DC2_ImSim/Run2.1i/instCat/01235518to01302321/01294686.tar.gz
HTAR: a   DC2_ImSim/Run2.1i/instCat/01235518to01302321/01294688.tar.gz
HTAR: a   DC2_ImSim/Run2.1i/instCat/01235518to01302321/01294689.tar.gz
HTAR: a   DC2_ImSim/Run2.1i/instCat/01235518to01302321/01294690.tar.gz
HTAR: a   DC2_ImSim/Run2.1i/instCat/01235518to01302321/01294691.tar.gz
HTAR: a   DC2_ImSim/Run2.1i/instCat/01235518to01302321/01294692.tar.gz
HTAR: a   DC2_ImSim/Run2.1i/instCat/01235518to01302321/01294705.tar.gz
HTAR: a   DC2_ImSim/Run2.1i/instCat/01235518to01302321/01294724.tar.gz
HTAR: a   DC2_ImSim/Run2.1i/instCat/01235518to01302321/01294725.tar.gz
HTAR: a   DC2_ImSim/Run2.1i/instCat/01235518to01302321/01294726.tar.gz
HTAR: a   DC2_ImSim/Run2.1i/instCat/01235518to01302321/01294727.tar.gz
HTAR: a   DC2_ImSim/Run2.1i/instCat/01235518to01302321/01295505.tar.gz
HTAR: a   DC2_ImSim/Run2.1i/instCat/01235518to01302321/01295543.tar.gz
HTAR: a   DC2_ImSim/Run2.1i/instCat/01235518to01302321/01295548.tar.gz
HTAR: a   DC2_ImSim/Run2.1i/instCat/01235518to01302321/01295549.tar.gz
HTAR: a   DC2_ImSim/Run2.1i/instCat/01235518to01302321/01296418.tar.gz
HTAR: a   DC2_ImSim/Run2.1i/instCat/01235518to01302321/01296423.tar.gz
HTAR: a   DC2_ImSim/Run2.1i/instCat/01235518to01302321/01296424.tar.gz
HTAR: a   DC2_ImSim/Run2.1i/instCat/01235518to01302321/01296462.tar.gz
HTAR: a   DC2_ImSim/Run2.1i/instCat/01235518to01302321/01298222.tar.gz
HTAR: a   DC2_ImSim/Run2.1i/instCat/01235518to01302321/01298225.tar.gz
HTAR: a   DC2_ImSim/Run2.1i/instCat/01235518to01302321/01298229.tar.gz
HTAR: a   DC2_ImSim/Run2.1i/instCat/01235518to01302321/01298239.tar.gz
HTAR: a   DC2_ImSim/Run2.1i/instCat/01235518to01302321/01298242.tar.gz
HTAR: a   DC2_ImSim/Run2.1i/instCat/01235518to01302321/01298276.tar.gz
HTAR: a   DC2_ImSim/Run2.1i/instCat/01235518to01302321/01298283.tar.gz
HTAR: a   DC2_ImSim/Run2.1i/instCat/01235518to01302321/01298284.tar.gz
HTAR: a   DC2_ImSim/Run2.1i/instCat/01235518to01302321/01298285.tar.gz
HTAR: a   DC2_ImSim/Run2.1i/instCat/01235518to01302321/01298286.tar.gz
HTAR: a   DC2_ImSim/Run2.1i/instCat/01235518to01302321/01298287.tar.gz
HTAR: a   DC2_ImSim/Run2.1i/instCat/01235518to01302321/01298291.tar.gz
HTAR: a   DC2_ImSim/Run2.1i/instCat/01235518to01302321/01298292.tar.gz
HTAR: a   DC2_ImSim/Run2.1i/instCat/01235518to01302321/01298296.tar.gz
HTAR: a   DC2_ImSim/Run2.1i/instCat/01235518to01302321/01298297.tar.gz
HTAR: a   DC2_ImSim/Run2.1i/instCat/01235518to01302321/01298298.tar.gz
HTAR: a   DC2_ImSim/Run2.1i/instCat/01235518to01302321/01298303.tar.gz
HTAR: a   DC2_ImSim/Run2.1i/instCat/01235518to01302321/01298335.tar.gz
HTAR: a   DC2_ImSim/Run2.1i/instCat/01235518to01302321/01298336.tar.gz
HTAR: a   DC2_ImSim/Run2.1i/instCat/01235518to01302321/01298339.tar.gz
HTAR: a   DC2_ImSim/Run2.1i/instCat/01235518to01302321/01299177.tar.gz
HTAR: a   DC2_ImSim/Run2.1i/instCat/01235518to01302321/01299181.tar.gz
HTAR: a   DC2_ImSim/Run2.1i/instCat/01235518to01302321/01299182.tar.gz
HTAR: a   DC2_ImSim/Run2.1i/instCat/01235518to01302321/01299183.tar.gz
HTAR: a   DC2_ImSim/Run2.1i/instCat/01235518to01302321/01299184.tar.gz
HTAR: a   DC2_ImSim/Run2.1i/instCat/01235518to01302321/01299185.tar.gz
HTAR: a   DC2_ImSim/Run2.1i/instCat/01235518to01302321/01299186.tar.gz
HTAR: a   DC2_ImSim/Run2.1i/instCat/01235518to01302321/01299187.tar.gz
HTAR: a   DC2_ImSim/Run2.1i/instCat/01235518to01302321/01299190.tar.gz
HTAR: a   DC2_ImSim/Run2.1i/instCat/01235518to01302321/01299286.tar.gz
HTAR: a   DC2_ImSim/Run2.1i/instCat/01235518to01302321/01299864.tar.gz
HTAR: a   DC2_ImSim/Run2.1i/instCat/01235518to01302321/01299878.tar.gz
HTAR: a   DC2_ImSim/Run2.1i/instCat/01235518to01302321/01299880.tar.gz
HTAR: a   /tmp/HTAR_CF_CHK_9457_1561597499
HTAR Create complete for /home/projects/desc/DC2_ImSim/Run2.1i/instCat/01235518to01302321/01290627to01299880.tar. 482,239,923,200 bytes written for 113 member files, max threads: 3 Transfer time: 3214.280 seconds (150.030 MB/s) wallclock/user/sys: 3215.474 3765.775 1716.546 seconds
HTAR: HTAR SUCCESSFUL
