HTAR: a   DC2_ImSim/Run2.1i/instCat/00869159to00934266/00913911.tar.gz
HTAR: a   DC2_ImSim/Run2.1i/instCat/00869159to00934266/00913912.tar.gz
HTAR: a   DC2_ImSim/Run2.1i/instCat/00869159to00934266/00913913.tar.gz
HTAR: a   DC2_ImSim/Run2.1i/instCat/00869159to00934266/00913914.tar.gz
HTAR: a   DC2_ImSim/Run2.1i/instCat/00869159to00934266/00913948.tar.gz
HTAR: a   DC2_ImSim/Run2.1i/instCat/00869159to00934266/00913949.tar.gz
HTAR: a   DC2_ImSim/Run2.1i/instCat/00869159to00934266/00914644.tar.gz
HTAR: a   DC2_ImSim/Run2.1i/instCat/00869159to00934266/00914647.tar.gz
HTAR: a   DC2_ImSim/Run2.1i/instCat/00869159to00934266/00914648.tar.gz
HTAR: a   DC2_ImSim/Run2.1i/instCat/00869159to00934266/00914651.tar.gz
HTAR: a   DC2_ImSim/Run2.1i/instCat/00869159to00934266/00914652.tar.gz
HTAR: a   DC2_ImSim/Run2.1i/instCat/00869159to00934266/00914653.tar.gz
HTAR: a   DC2_ImSim/Run2.1i/instCat/00869159to00934266/00914654.tar.gz
HTAR: a   DC2_ImSim/Run2.1i/instCat/00869159to00934266/00914655.tar.gz
HTAR: a   DC2_ImSim/Run2.1i/instCat/00869159to00934266/00914665.tar.gz
HTAR: a   DC2_ImSim/Run2.1i/instCat/00869159to00934266/00914666.tar.gz
HTAR: a   DC2_ImSim/Run2.1i/instCat/00869159to00934266/00914667.tar.gz
HTAR: a   DC2_ImSim/Run2.1i/instCat/00869159to00934266/00914669.tar.gz
HTAR: a   DC2_ImSim/Run2.1i/instCat/00869159to00934266/00914670.tar.gz
HTAR: a   DC2_ImSim/Run2.1i/instCat/00869159to00934266/00914671.tar.gz
HTAR: a   DC2_ImSim/Run2.1i/instCat/00869159to00934266/00914672.tar.gz
HTAR: a   DC2_ImSim/Run2.1i/instCat/00869159to00934266/00914673.tar.gz
HTAR: a   DC2_ImSim/Run2.1i/instCat/00869159to00934266/00914674.tar.gz
HTAR: a   DC2_ImSim/Run2.1i/instCat/00869159to00934266/00914675.tar.gz
HTAR: a   DC2_ImSim/Run2.1i/instCat/00869159to00934266/00914676.tar.gz
HTAR: a   DC2_ImSim/Run2.1i/instCat/00869159to00934266/00914677.tar.gz
HTAR: a   DC2_ImSim/Run2.1i/instCat/00869159to00934266/00914678.tar.gz
HTAR: a   DC2_ImSim/Run2.1i/instCat/00869159to00934266/00914713.tar.gz
HTAR: a   DC2_ImSim/Run2.1i/instCat/00869159to00934266/00914716.tar.gz
HTAR: a   DC2_ImSim/Run2.1i/instCat/00869159to00934266/00914717.tar.gz
HTAR: a   DC2_ImSim/Run2.1i/instCat/00869159to00934266/00914718.tar.gz
HTAR: a   DC2_ImSim/Run2.1i/instCat/00869159to00934266/00914719.tar.gz
HTAR: a   DC2_ImSim/Run2.1i/instCat/00869159to00934266/00914720.tar.gz
HTAR: a   DC2_ImSim/Run2.1i/instCat/00869159to00934266/00914721.tar.gz
HTAR: a   DC2_ImSim/Run2.1i/instCat/00869159to00934266/00914722.tar.gz
HTAR: a   DC2_ImSim/Run2.1i/instCat/00869159to00934266/00914723.tar.gz
HTAR: a   DC2_ImSim/Run2.1i/instCat/00869159to00934266/00914724.tar.gz
HTAR: a   DC2_ImSim/Run2.1i/instCat/00869159to00934266/00914725.tar.gz
HTAR: a   DC2_ImSim/Run2.1i/instCat/00869159to00934266/00914726.tar.gz
HTAR: a   DC2_ImSim/Run2.1i/instCat/00869159to00934266/00914727.tar.gz
HTAR: a   DC2_ImSim/Run2.1i/instCat/00869159to00934266/00914728.tar.gz
HTAR: a   DC2_ImSim/Run2.1i/instCat/00869159to00934266/00914729.tar.gz
HTAR: a   DC2_ImSim/Run2.1i/instCat/00869159to00934266/00914743.tar.gz
HTAR: a   DC2_ImSim/Run2.1i/instCat/00869159to00934266/00914764.tar.gz
HTAR: a   DC2_ImSim/Run2.1i/instCat/00869159to00934266/00914765.tar.gz
HTAR: a   DC2_ImSim/Run2.1i/instCat/00869159to00934266/00914766.tar.gz
HTAR: a   DC2_ImSim/Run2.1i/instCat/00869159to00934266/00914767.tar.gz
HTAR: a   DC2_ImSim/Run2.1i/instCat/00869159to00934266/00914768.tar.gz
HTAR: a   DC2_ImSim/Run2.1i/instCat/00869159to00934266/00914769.tar.gz
HTAR: a   DC2_ImSim/Run2.1i/instCat/00869159to00934266/00914776.tar.gz
HTAR: a   DC2_ImSim/Run2.1i/instCat/00869159to00934266/00914777.tar.gz
HTAR: a   DC2_ImSim/Run2.1i/instCat/00869159to00934266/00914778.tar.gz
HTAR: a   DC2_ImSim/Run2.1i/instCat/00869159to00934266/00914789.tar.gz
HTAR: a   DC2_ImSim/Run2.1i/instCat/00869159to00934266/00914790.tar.gz
HTAR: a   DC2_ImSim/Run2.1i/instCat/00869159to00934266/00914791.tar.gz
HTAR: a   DC2_ImSim/Run2.1i/instCat/00869159to00934266/00914820.tar.gz
HTAR: a   DC2_ImSim/Run2.1i/instCat/00869159to00934266/00914821.tar.gz
HTAR: a   DC2_ImSim/Run2.1i/instCat/00869159to00934266/00914829.tar.gz
HTAR: a   DC2_ImSim/Run2.1i/instCat/00869159to00934266/00914830.tar.gz
HTAR: a   DC2_ImSim/Run2.1i/instCat/00869159to00934266/00914834.tar.gz
HTAR: a   DC2_ImSim/Run2.1i/instCat/00869159to00934266/00914835.tar.gz
HTAR: a   DC2_ImSim/Run2.1i/instCat/00869159to00934266/00914951.tar.gz
HTAR: a   DC2_ImSim/Run2.1i/instCat/00869159to00934266/00914954.tar.gz
HTAR: a   DC2_ImSim/Run2.1i/instCat/00869159to00934266/00915632.tar.gz
HTAR: a   DC2_ImSim/Run2.1i/instCat/00869159to00934266/00915633.tar.gz
HTAR: a   DC2_ImSim/Run2.1i/instCat/00869159to00934266/00915634.tar.gz
HTAR: a   DC2_ImSim/Run2.1i/instCat/00869159to00934266/00915666.tar.gz
HTAR: a   DC2_ImSim/Run2.1i/instCat/00869159to00934266/00915667.tar.gz
HTAR: a   DC2_ImSim/Run2.1i/instCat/00869159to00934266/00915668.tar.gz
HTAR: a   DC2_ImSim/Run2.1i/instCat/00869159to00934266/00915695.tar.gz
HTAR: a   DC2_ImSim/Run2.1i/instCat/00869159to00934266/00915697.tar.gz
HTAR: a   DC2_ImSim/Run2.1i/instCat/00869159to00934266/00915698.tar.gz
HTAR: a   DC2_ImSim/Run2.1i/instCat/00869159to00934266/00915699.tar.gz
HTAR: a   DC2_ImSim/Run2.1i/instCat/00869159to00934266/00915700.tar.gz
HTAR: a   DC2_ImSim/Run2.1i/instCat/00869159to00934266/00915701.tar.gz
HTAR: a   DC2_ImSim/Run2.1i/instCat/00869159to00934266/00915702.tar.gz
HTAR: a   DC2_ImSim/Run2.1i/instCat/00869159to00934266/00915703.tar.gz
HTAR: a   DC2_ImSim/Run2.1i/instCat/00869159to00934266/00915710.tar.gz
HTAR: a   DC2_ImSim/Run2.1i/instCat/00869159to00934266/00915711.tar.gz
HTAR: a   DC2_ImSim/Run2.1i/instCat/00869159to00934266/00915712.tar.gz
HTAR: a   DC2_ImSim/Run2.1i/instCat/00869159to00934266/00915728.tar.gz
HTAR: a   DC2_ImSim/Run2.1i/instCat/00869159to00934266/00915729.tar.gz
HTAR: a   DC2_ImSim/Run2.1i/instCat/00869159to00934266/00915730.tar.gz
HTAR: a   DC2_ImSim/Run2.1i/instCat/00869159to00934266/00915731.tar.gz
HTAR: a   DC2_ImSim/Run2.1i/instCat/00869159to00934266/00915732.tar.gz
HTAR: a   DC2_ImSim/Run2.1i/instCat/00869159to00934266/00915736.tar.gz
HTAR: a   DC2_ImSim/Run2.1i/instCat/00869159to00934266/00915737.tar.gz
HTAR: a   DC2_ImSim/Run2.1i/instCat/00869159to00934266/00915743.tar.gz
HTAR: a   DC2_ImSim/Run2.1i/instCat/00869159to00934266/00915745.tar.gz
HTAR: a   DC2_ImSim/Run2.1i/instCat/00869159to00934266/00915746.tar.gz
HTAR: a   DC2_ImSim/Run2.1i/instCat/00869159to00934266/00915747.tar.gz
HTAR: a   DC2_ImSim/Run2.1i/instCat/00869159to00934266/00915757.tar.gz
HTAR: a   DC2_ImSim/Run2.1i/instCat/00869159to00934266/00915758.tar.gz
HTAR: a   DC2_ImSim/Run2.1i/instCat/00869159to00934266/00915759.tar.gz
HTAR: a   DC2_ImSim/Run2.1i/instCat/00869159to00934266/00915760.tar.gz
HTAR: a   DC2_ImSim/Run2.1i/instCat/00869159to00934266/00915761.tar.gz
HTAR: a   DC2_ImSim/Run2.1i/instCat/00869159to00934266/00915762.tar.gz
HTAR: a   DC2_ImSim/Run2.1i/instCat/00869159to00934266/00915763.tar.gz
HTAR: a   DC2_ImSim/Run2.1i/instCat/00869159to00934266/00915764.tar.gz
HTAR: a   DC2_ImSim/Run2.1i/instCat/00869159to00934266/00915765.tar.gz
HTAR: a   DC2_ImSim/Run2.1i/instCat/00869159to00934266/00915766.tar.gz
HTAR: a   DC2_ImSim/Run2.1i/instCat/00869159to00934266/00915798.tar.gz
HTAR: a   DC2_ImSim/Run2.1i/instCat/00869159to00934266/00915799.tar.gz
HTAR: a   DC2_ImSim/Run2.1i/instCat/00869159to00934266/00915800.tar.gz
HTAR: a   DC2_ImSim/Run2.1i/instCat/00869159to00934266/00915801.tar.gz
HTAR: a   DC2_ImSim/Run2.1i/instCat/00869159to00934266/00915802.tar.gz
HTAR: a   DC2_ImSim/Run2.1i/instCat/00869159to00934266/00915804.tar.gz
HTAR: a   DC2_ImSim/Run2.1i/instCat/00869159to00934266/00915805.tar.gz
HTAR: a   DC2_ImSim/Run2.1i/instCat/00869159to00934266/00916724.tar.gz
HTAR: a   DC2_ImSim/Run2.1i/instCat/00869159to00934266/00916725.tar.gz
HTAR: a   DC2_ImSim/Run2.1i/instCat/00869159to00934266/00916727.tar.gz
HTAR: a   /tmp/HTAR_CF_CHK_20175_1561153457
HTAR Create complete for /home/projects/desc/DC2_ImSim/Run2.1i/instCat/00869159to00934266/00913911to00916727.tar. 487,693,755,904 bytes written for 111 member files, max threads: 3 Transfer time: 3511.416 seconds (138.888 MB/s) wallclock/user/sys: 3514.309 3840.052 1636.796 seconds
HTAR: HTAR SUCCESSFUL
HTAR: a   DC2_ImSim/Run2.1i/instCat/00869159to00934266/00916728.tar.gz
HTAR: a   DC2_ImSim/Run2.1i/instCat/00869159to00934266/00916729.tar.gz
HTAR: a   DC2_ImSim/Run2.1i/instCat/00869159to00934266/00916730.tar.gz
HTAR: a   DC2_ImSim/Run2.1i/instCat/00869159to00934266/00916735.tar.gz
HTAR: a   DC2_ImSim/Run2.1i/instCat/00869159to00934266/00916745.tar.gz
HTAR: a   DC2_ImSim/Run2.1i/instCat/00869159to00934266/00916769.tar.gz
HTAR: a   DC2_ImSim/Run2.1i/instCat/00869159to00934266/00916772.tar.gz
HTAR: a   DC2_ImSim/Run2.1i/instCat/00869159to00934266/00916773.tar.gz
HTAR: a   DC2_ImSim/Run2.1i/instCat/00869159to00934266/00916774.tar.gz
HTAR: a   DC2_ImSim/Run2.1i/instCat/00869159to00934266/00916775.tar.gz
HTAR: a   DC2_ImSim/Run2.1i/instCat/00869159to00934266/00916776.tar.gz
HTAR: a   DC2_ImSim/Run2.1i/instCat/00869159to00934266/00916777.tar.gz
HTAR: a   DC2_ImSim/Run2.1i/instCat/00869159to00934266/00916778.tar.gz
HTAR: a   DC2_ImSim/Run2.1i/instCat/00869159to00934266/00916779.tar.gz
HTAR: a   DC2_ImSim/Run2.1i/instCat/00869159to00934266/00916799.tar.gz
HTAR: a   DC2_ImSim/Run2.1i/instCat/00869159to00934266/00917368.tar.gz
HTAR: a   DC2_ImSim/Run2.1i/instCat/00869159to00934266/00917369.tar.gz
HTAR: a   DC2_ImSim/Run2.1i/instCat/00869159to00934266/00917370.tar.gz
HTAR: a   DC2_ImSim/Run2.1i/instCat/00869159to00934266/00917371.tar.gz
HTAR: a   DC2_ImSim/Run2.1i/instCat/00869159to00934266/00917372.tar.gz
HTAR: a   DC2_ImSim/Run2.1i/instCat/00869159to00934266/00917380.tar.gz
HTAR: a   DC2_ImSim/Run2.1i/instCat/00869159to00934266/00917381.tar.gz
HTAR: a   DC2_ImSim/Run2.1i/instCat/00869159to00934266/00917382.tar.gz
HTAR: a   DC2_ImSim/Run2.1i/instCat/00869159to00934266/00917383.tar.gz
HTAR: a   DC2_ImSim/Run2.1i/instCat/00869159to00934266/00917384.tar.gz
HTAR: a   DC2_ImSim/Run2.1i/instCat/00869159to00934266/00917385.tar.gz
HTAR: a   DC2_ImSim/Run2.1i/instCat/00869159to00934266/00917386.tar.gz
HTAR: a   DC2_ImSim/Run2.1i/instCat/00869159to00934266/00917387.tar.gz
HTAR: a   DC2_ImSim/Run2.1i/instCat/00869159to00934266/00918767.tar.gz
HTAR: a   DC2_ImSim/Run2.1i/instCat/00869159to00934266/00918804.tar.gz
HTAR: a   DC2_ImSim/Run2.1i/instCat/00869159to00934266/00918806.tar.gz
HTAR: a   DC2_ImSim/Run2.1i/instCat/00869159to00934266/00918808.tar.gz
HTAR: a   DC2_ImSim/Run2.1i/instCat/00869159to00934266/00918809.tar.gz
HTAR: a   DC2_ImSim/Run2.1i/instCat/00869159to00934266/00919461.tar.gz
HTAR: a   DC2_ImSim/Run2.1i/instCat/00869159to00934266/00919515.tar.gz
HTAR: a   DC2_ImSim/Run2.1i/instCat/00869159to00934266/00919516.tar.gz
HTAR: a   DC2_ImSim/Run2.1i/instCat/00869159to00934266/00919517.tar.gz
HTAR: a   DC2_ImSim/Run2.1i/instCat/00869159to00934266/00919518.tar.gz
HTAR: a   DC2_ImSim/Run2.1i/instCat/00869159to00934266/00919519.tar.gz
HTAR: a   DC2_ImSim/Run2.1i/instCat/00869159to00934266/00919554.tar.gz
HTAR: a   DC2_ImSim/Run2.1i/instCat/00869159to00934266/00919555.tar.gz
HTAR: a   DC2_ImSim/Run2.1i/instCat/00869159to00934266/00919556.tar.gz
HTAR: a   DC2_ImSim/Run2.1i/instCat/00869159to00934266/00919557.tar.gz
HTAR: a   DC2_ImSim/Run2.1i/instCat/00869159to00934266/00919558.tar.gz
HTAR: a   DC2_ImSim/Run2.1i/instCat/00869159to00934266/00919561.tar.gz
HTAR: a   DC2_ImSim/Run2.1i/instCat/00869159to00934266/00919562.tar.gz
HTAR: a   DC2_ImSim/Run2.1i/instCat/00869159to00934266/00919563.tar.gz
HTAR: a   DC2_ImSim/Run2.1i/instCat/00869159to00934266/00919564.tar.gz
HTAR: a   DC2_ImSim/Run2.1i/instCat/00869159to00934266/00919565.tar.gz
HTAR: a   DC2_ImSim/Run2.1i/instCat/00869159to00934266/00919600.tar.gz
HTAR: a   DC2_ImSim/Run2.1i/instCat/00869159to00934266/00919601.tar.gz
HTAR: a   DC2_ImSim/Run2.1i/instCat/00869159to00934266/00919602.tar.gz
HTAR: a   DC2_ImSim/Run2.1i/instCat/00869159to00934266/00919603.tar.gz
HTAR: a   DC2_ImSim/Run2.1i/instCat/00869159to00934266/00919604.tar.gz
HTAR: a   DC2_ImSim/Run2.1i/instCat/00869159to00934266/00919605.tar.gz
HTAR: a   DC2_ImSim/Run2.1i/instCat/00869159to00934266/00919752.tar.gz
HTAR: a   DC2_ImSim/Run2.1i/instCat/00869159to00934266/00919788.tar.gz
HTAR: a   DC2_ImSim/Run2.1i/instCat/00869159to00934266/00920312.tar.gz
HTAR: a   DC2_ImSim/Run2.1i/instCat/00869159to00934266/00920313.tar.gz
HTAR: a   DC2_ImSim/Run2.1i/instCat/00869159to00934266/00920314.tar.gz
HTAR: a   DC2_ImSim/Run2.1i/instCat/00869159to00934266/00920315.tar.gz
HTAR: a   DC2_ImSim/Run2.1i/instCat/00869159to00934266/00920316.tar.gz
HTAR: a   DC2_ImSim/Run2.1i/instCat/00869159to00934266/00921197.tar.gz
HTAR: a   DC2_ImSim/Run2.1i/instCat/00869159to00934266/00921223.tar.gz
HTAR: a   DC2_ImSim/Run2.1i/instCat/00869159to00934266/00921224.tar.gz
HTAR: a   DC2_ImSim/Run2.1i/instCat/00869159to00934266/00921225.tar.gz
HTAR: a   DC2_ImSim/Run2.1i/instCat/00869159to00934266/00921226.tar.gz
HTAR: a   DC2_ImSim/Run2.1i/instCat/00869159to00934266/00921227.tar.gz
HTAR: a   DC2_ImSim/Run2.1i/instCat/00869159to00934266/00921228.tar.gz
HTAR: a   DC2_ImSim/Run2.1i/instCat/00869159to00934266/00921270.tar.gz
HTAR: a   DC2_ImSim/Run2.1i/instCat/00869159to00934266/00921271.tar.gz
HTAR: a   DC2_ImSim/Run2.1i/instCat/00869159to00934266/00921272.tar.gz
HTAR: a   DC2_ImSim/Run2.1i/instCat/00869159to00934266/00921273.tar.gz
HTAR: a   DC2_ImSim/Run2.1i/instCat/00869159to00934266/00921274.tar.gz
HTAR: a   DC2_ImSim/Run2.1i/instCat/00869159to00934266/00921275.tar.gz
HTAR: a   DC2_ImSim/Run2.1i/instCat/00869159to00934266/00921276.tar.gz
HTAR: a   DC2_ImSim/Run2.1i/instCat/00869159to00934266/00921283.tar.gz
HTAR: a   DC2_ImSim/Run2.1i/instCat/00869159to00934266/00921285.tar.gz
HTAR: a   DC2_ImSim/Run2.1i/instCat/00869159to00934266/00921301.tar.gz
HTAR: a   DC2_ImSim/Run2.1i/instCat/00869159to00934266/00921302.tar.gz
HTAR: a   DC2_ImSim/Run2.1i/instCat/00869159to00934266/00921303.tar.gz
HTAR: a   DC2_ImSim/Run2.1i/instCat/00869159to00934266/00921304.tar.gz
HTAR: a   DC2_ImSim/Run2.1i/instCat/00869159to00934266/00921305.tar.gz
HTAR: a   DC2_ImSim/Run2.1i/instCat/00869159to00934266/00921306.tar.gz
HTAR: a   DC2_ImSim/Run2.1i/instCat/00869159to00934266/00921307.tar.gz
HTAR: a   DC2_ImSim/Run2.1i/instCat/00869159to00934266/00921308.tar.gz
HTAR: a   DC2_ImSim/Run2.1i/instCat/00869159to00934266/00921311.tar.gz
HTAR: a   DC2_ImSim/Run2.1i/instCat/00869159to00934266/00921338.tar.gz
HTAR: a   DC2_ImSim/Run2.1i/instCat/00869159to00934266/00921349.tar.gz
HTAR: a   DC2_ImSim/Run2.1i/instCat/00869159to00934266/00921350.tar.gz
HTAR: a   DC2_ImSim/Run2.1i/instCat/00869159to00934266/00921351.tar.gz
HTAR: a   DC2_ImSim/Run2.1i/instCat/00869159to00934266/00921352.tar.gz
HTAR: a   DC2_ImSim/Run2.1i/instCat/00869159to00934266/00921353.tar.gz
HTAR: a   DC2_ImSim/Run2.1i/instCat/00869159to00934266/00921354.tar.gz
HTAR: a   DC2_ImSim/Run2.1i/instCat/00869159to00934266/00921355.tar.gz
HTAR: a   DC2_ImSim/Run2.1i/instCat/00869159to00934266/00921356.tar.gz
HTAR: a   DC2_ImSim/Run2.1i/instCat/00869159to00934266/00921401.tar.gz
HTAR: a   DC2_ImSim/Run2.1i/instCat/00869159to00934266/00921493.tar.gz
HTAR: a   DC2_ImSim/Run2.1i/instCat/00869159to00934266/00921494.tar.gz
HTAR: a   DC2_ImSim/Run2.1i/instCat/00869159to00934266/00921543.tar.gz
HTAR: a   DC2_ImSim/Run2.1i/instCat/00869159to00934266/00921558.tar.gz
HTAR: a   DC2_ImSim/Run2.1i/instCat/00869159to00934266/00922091.tar.gz
HTAR: a   DC2_ImSim/Run2.1i/instCat/00869159to00934266/00922092.tar.gz
HTAR: a   DC2_ImSim/Run2.1i/instCat/00869159to00934266/00922093.tar.gz
HTAR: a   DC2_ImSim/Run2.1i/instCat/00869159to00934266/00922094.tar.gz
HTAR: a   DC2_ImSim/Run2.1i/instCat/00869159to00934266/00922095.tar.gz
HTAR: a   DC2_ImSim/Run2.1i/instCat/00869159to00934266/00922096.tar.gz
HTAR: a   DC2_ImSim/Run2.1i/instCat/00869159to00934266/00922137.tar.gz
HTAR: a   DC2_ImSim/Run2.1i/instCat/00869159to00934266/00922138.tar.gz
HTAR: a   DC2_ImSim/Run2.1i/instCat/00869159to00934266/00922139.tar.gz
HTAR: a   DC2_ImSim/Run2.1i/instCat/00869159to00934266/00922140.tar.gz
HTAR: a   /tmp/HTAR_CF_CHK_18138_1561156977
HTAR Create complete for /home/projects/desc/DC2_ImSim/Run2.1i/instCat/00869159to00934266/00916728to00922140.tar. 509,404,418,560 bytes written for 111 member files, max threads: 2 Transfer time: 3650.220 seconds (139.554 MB/s) wallclock/user/sys: 3655.025 3993.645 1731.565 seconds
HTAR: HTAR SUCCESSFUL
HTAR: a   DC2_ImSim/Run2.1i/instCat/00869159to00934266/00922141.tar.gz
HTAR: a   DC2_ImSim/Run2.1i/instCat/00869159to00934266/00922142.tar.gz
HTAR: a   DC2_ImSim/Run2.1i/instCat/00869159to00934266/00922994.tar.gz
HTAR: a   DC2_ImSim/Run2.1i/instCat/00869159to00934266/00923008.tar.gz
HTAR: a   DC2_ImSim/Run2.1i/instCat/00869159to00934266/00923009.tar.gz
HTAR: a   DC2_ImSim/Run2.1i/instCat/00869159to00934266/00923010.tar.gz
HTAR: a   DC2_ImSim/Run2.1i/instCat/00869159to00934266/00923011.tar.gz
HTAR: a   DC2_ImSim/Run2.1i/instCat/00869159to00934266/00923012.tar.gz
HTAR: a   DC2_ImSim/Run2.1i/instCat/00869159to00934266/00923014.tar.gz
HTAR: a   DC2_ImSim/Run2.1i/instCat/00869159to00934266/00923015.tar.gz
HTAR: a   DC2_ImSim/Run2.1i/instCat/00869159to00934266/00923032.tar.gz
HTAR: a   DC2_ImSim/Run2.1i/instCat/00869159to00934266/00923040.tar.gz
HTAR: a   DC2_ImSim/Run2.1i/instCat/00869159to00934266/00923041.tar.gz
HTAR: a   DC2_ImSim/Run2.1i/instCat/00869159to00934266/00923050.tar.gz
HTAR: a   DC2_ImSim/Run2.1i/instCat/00869159to00934266/00923051.tar.gz
HTAR: a   DC2_ImSim/Run2.1i/instCat/00869159to00934266/00923052.tar.gz
HTAR: a   DC2_ImSim/Run2.1i/instCat/00869159to00934266/00923053.tar.gz
HTAR: a   DC2_ImSim/Run2.1i/instCat/00869159to00934266/00923054.tar.gz
HTAR: a   DC2_ImSim/Run2.1i/instCat/00869159to00934266/00923109.tar.gz
HTAR: a   DC2_ImSim/Run2.1i/instCat/00869159to00934266/00923110.tar.gz
HTAR: a   DC2_ImSim/Run2.1i/instCat/00869159to00934266/00923111.tar.gz
HTAR: a   DC2_ImSim/Run2.1i/instCat/00869159to00934266/00923112.tar.gz
HTAR: a   DC2_ImSim/Run2.1i/instCat/00869159to00934266/00923152.tar.gz
HTAR: a   DC2_ImSim/Run2.1i/instCat/00869159to00934266/00923157.tar.gz
HTAR: a   DC2_ImSim/Run2.1i/instCat/00869159to00934266/00923158.tar.gz
HTAR: a   DC2_ImSim/Run2.1i/instCat/00869159to00934266/00923159.tar.gz
HTAR: a   DC2_ImSim/Run2.1i/instCat/00869159to00934266/00923160.tar.gz
HTAR: a   DC2_ImSim/Run2.1i/instCat/00869159to00934266/00923161.tar.gz
HTAR: a   DC2_ImSim/Run2.1i/instCat/00869159to00934266/00923200.tar.gz
HTAR: a   DC2_ImSim/Run2.1i/instCat/00869159to00934266/00923201.tar.gz
HTAR: a   DC2_ImSim/Run2.1i/instCat/00869159to00934266/00923243.tar.gz
HTAR: a   DC2_ImSim/Run2.1i/instCat/00869159to00934266/00923912.tar.gz
HTAR: a   DC2_ImSim/Run2.1i/instCat/00869159to00934266/00923913.tar.gz
HTAR: a   DC2_ImSim/Run2.1i/instCat/00869159to00934266/00923914.tar.gz
HTAR: a   DC2_ImSim/Run2.1i/instCat/00869159to00934266/00923915.tar.gz
HTAR: a   DC2_ImSim/Run2.1i/instCat/00869159to00934266/00923944.tar.gz
HTAR: a   DC2_ImSim/Run2.1i/instCat/00869159to00934266/00923945.tar.gz
HTAR: a   DC2_ImSim/Run2.1i/instCat/00869159to00934266/00923946.tar.gz
HTAR: a   DC2_ImSim/Run2.1i/instCat/00869159to00934266/00923947.tar.gz
HTAR: a   DC2_ImSim/Run2.1i/instCat/00869159to00934266/00923948.tar.gz
HTAR: a   DC2_ImSim/Run2.1i/instCat/00869159to00934266/00923998.tar.gz
HTAR: a   DC2_ImSim/Run2.1i/instCat/00869159to00934266/00924021.tar.gz
HTAR: a   DC2_ImSim/Run2.1i/instCat/00869159to00934266/00924038.tar.gz
HTAR: a   DC2_ImSim/Run2.1i/instCat/00869159to00934266/00924039.tar.gz
HTAR: a   DC2_ImSim/Run2.1i/instCat/00869159to00934266/00924040.tar.gz
HTAR: a   DC2_ImSim/Run2.1i/instCat/00869159to00934266/00924041.tar.gz
HTAR: a   DC2_ImSim/Run2.1i/instCat/00869159to00934266/00924042.tar.gz
HTAR: a   DC2_ImSim/Run2.1i/instCat/00869159to00934266/00924043.tar.gz
HTAR: a   DC2_ImSim/Run2.1i/instCat/00869159to00934266/00924044.tar.gz
HTAR: a   DC2_ImSim/Run2.1i/instCat/00869159to00934266/00924045.tar.gz
HTAR: a   DC2_ImSim/Run2.1i/instCat/00869159to00934266/00924046.tar.gz
HTAR: a   DC2_ImSim/Run2.1i/instCat/00869159to00934266/00924047.tar.gz
HTAR: a   DC2_ImSim/Run2.1i/instCat/00869159to00934266/00924048.tar.gz
HTAR: a   DC2_ImSim/Run2.1i/instCat/00869159to00934266/00924055.tar.gz
HTAR: a   DC2_ImSim/Run2.1i/instCat/00869159to00934266/00924057.tar.gz
HTAR: a   DC2_ImSim/Run2.1i/instCat/00869159to00934266/00924058.tar.gz
HTAR: a   DC2_ImSim/Run2.1i/instCat/00869159to00934266/00924059.tar.gz
HTAR: a   DC2_ImSim/Run2.1i/instCat/00869159to00934266/00924060.tar.gz
HTAR: a   DC2_ImSim/Run2.1i/instCat/00869159to00934266/00924065.tar.gz
HTAR: a   DC2_ImSim/Run2.1i/instCat/00869159to00934266/00924066.tar.gz
HTAR: a   DC2_ImSim/Run2.1i/instCat/00869159to00934266/00924067.tar.gz
HTAR: a   DC2_ImSim/Run2.1i/instCat/00869159to00934266/00924068.tar.gz
HTAR: a   DC2_ImSim/Run2.1i/instCat/00869159to00934266/00924069.tar.gz
HTAR: a   DC2_ImSim/Run2.1i/instCat/00869159to00934266/00924070.tar.gz
HTAR: a   DC2_ImSim/Run2.1i/instCat/00869159to00934266/00924071.tar.gz
HTAR: a   DC2_ImSim/Run2.1i/instCat/00869159to00934266/00924072.tar.gz
HTAR: a   DC2_ImSim/Run2.1i/instCat/00869159to00934266/00924073.tar.gz
HTAR: a   DC2_ImSim/Run2.1i/instCat/00869159to00934266/00924074.tar.gz
HTAR: a   DC2_ImSim/Run2.1i/instCat/00869159to00934266/00924075.tar.gz
HTAR: a   DC2_ImSim/Run2.1i/instCat/00869159to00934266/00924076.tar.gz
HTAR: a   DC2_ImSim/Run2.1i/instCat/00869159to00934266/00924077.tar.gz
HTAR: a   DC2_ImSim/Run2.1i/instCat/00869159to00934266/00924078.tar.gz
HTAR: a   DC2_ImSim/Run2.1i/instCat/00869159to00934266/00924080.tar.gz
HTAR: a   DC2_ImSim/Run2.1i/instCat/00869159to00934266/00924081.tar.gz
HTAR: a   DC2_ImSim/Run2.1i/instCat/00869159to00934266/00924082.tar.gz
HTAR: a   DC2_ImSim/Run2.1i/instCat/00869159to00934266/00924083.tar.gz
HTAR: a   DC2_ImSim/Run2.1i/instCat/00869159to00934266/00924084.tar.gz
HTAR: a   DC2_ImSim/Run2.1i/instCat/00869159to00934266/00924085.tar.gz
HTAR: a   DC2_ImSim/Run2.1i/instCat/00869159to00934266/00924086.tar.gz
HTAR: a   DC2_ImSim/Run2.1i/instCat/00869159to00934266/00924087.tar.gz
HTAR: a   DC2_ImSim/Run2.1i/instCat/00869159to00934266/00924091.tar.gz
HTAR: a   DC2_ImSim/Run2.1i/instCat/00869159to00934266/00924092.tar.gz
HTAR: a   DC2_ImSim/Run2.1i/instCat/00869159to00934266/00924093.tar.gz
HTAR: a   DC2_ImSim/Run2.1i/instCat/00869159to00934266/00924094.tar.gz
HTAR: a   DC2_ImSim/Run2.1i/instCat/00869159to00934266/00924095.tar.gz
HTAR: a   DC2_ImSim/Run2.1i/instCat/00869159to00934266/00924098.tar.gz
HTAR: a   DC2_ImSim/Run2.1i/instCat/00869159to00934266/00924099.tar.gz
HTAR: a   DC2_ImSim/Run2.1i/instCat/00869159to00934266/00924101.tar.gz
HTAR: a   DC2_ImSim/Run2.1i/instCat/00869159to00934266/00924102.tar.gz
HTAR: a   DC2_ImSim/Run2.1i/instCat/00869159to00934266/00924103.tar.gz
HTAR: a   DC2_ImSim/Run2.1i/instCat/00869159to00934266/00924107.tar.gz
HTAR: a   DC2_ImSim/Run2.1i/instCat/00869159to00934266/00924109.tar.gz
HTAR: a   DC2_ImSim/Run2.1i/instCat/00869159to00934266/00924110.tar.gz
HTAR: a   DC2_ImSim/Run2.1i/instCat/00869159to00934266/00924111.tar.gz
HTAR: a   DC2_ImSim/Run2.1i/instCat/00869159to00934266/00924113.tar.gz
HTAR: a   DC2_ImSim/Run2.1i/instCat/00869159to00934266/00924114.tar.gz
HTAR: a   DC2_ImSim/Run2.1i/instCat/00869159to00934266/00924115.tar.gz
HTAR: a   DC2_ImSim/Run2.1i/instCat/00869159to00934266/00924116.tar.gz
HTAR: a   DC2_ImSim/Run2.1i/instCat/00869159to00934266/00924117.tar.gz
HTAR: a   DC2_ImSim/Run2.1i/instCat/00869159to00934266/00924118.tar.gz
HTAR: a   DC2_ImSim/Run2.1i/instCat/00869159to00934266/00924119.tar.gz
HTAR: a   DC2_ImSim/Run2.1i/instCat/00869159to00934266/00924120.tar.gz
HTAR: a   DC2_ImSim/Run2.1i/instCat/00869159to00934266/00924121.tar.gz
HTAR: a   DC2_ImSim/Run2.1i/instCat/00869159to00934266/00924122.tar.gz
HTAR: a   DC2_ImSim/Run2.1i/instCat/00869159to00934266/00924123.tar.gz
HTAR: a   DC2_ImSim/Run2.1i/instCat/00869159to00934266/00924124.tar.gz
HTAR: a   DC2_ImSim/Run2.1i/instCat/00869159to00934266/00924125.tar.gz
HTAR: a   DC2_ImSim/Run2.1i/instCat/00869159to00934266/00924126.tar.gz
HTAR: a   DC2_ImSim/Run2.1i/instCat/00869159to00934266/00924129.tar.gz
HTAR: a   DC2_ImSim/Run2.1i/instCat/00869159to00934266/00924133.tar.gz
HTAR: a   DC2_ImSim/Run2.1i/instCat/00869159to00934266/00924134.tar.gz
HTAR: a   /tmp/HTAR_CF_CHK_54028_1561160635
HTAR Create complete for /home/projects/desc/DC2_ImSim/Run2.1i/instCat/00869159to00934266/00922141to00924134.tar. 496,924,849,664 bytes written for 111 member files, max threads: 2 Transfer time: 3604.112 seconds (137.877 MB/s) wallclock/user/sys: 3608.297 3886.200 1677.699 seconds
HTAR: HTAR SUCCESSFUL
HTAR: a   DC2_ImSim/Run2.1i/instCat/00869159to00934266/00924135.tar.gz
HTAR: a   DC2_ImSim/Run2.1i/instCat/00869159to00934266/00924136.tar.gz
HTAR: a   DC2_ImSim/Run2.1i/instCat/00869159to00934266/00924137.tar.gz
HTAR: a   DC2_ImSim/Run2.1i/instCat/00869159to00934266/00924138.tar.gz
HTAR: a   DC2_ImSim/Run2.1i/instCat/00869159to00934266/00924139.tar.gz
HTAR: a   DC2_ImSim/Run2.1i/instCat/00869159to00934266/00924140.tar.gz
HTAR: a   DC2_ImSim/Run2.1i/instCat/00869159to00934266/00924141.tar.gz
HTAR: a   DC2_ImSim/Run2.1i/instCat/00869159to00934266/00924143.tar.gz
HTAR: a   DC2_ImSim/Run2.1i/instCat/00869159to00934266/00924144.tar.gz
HTAR: a   DC2_ImSim/Run2.1i/instCat/00869159to00934266/00924145.tar.gz
HTAR: a   DC2_ImSim/Run2.1i/instCat/00869159to00934266/00924146.tar.gz
HTAR: a   DC2_ImSim/Run2.1i/instCat/00869159to00934266/00924147.tar.gz
HTAR: a   DC2_ImSim/Run2.1i/instCat/00869159to00934266/00924148.tar.gz
HTAR: a   DC2_ImSim/Run2.1i/instCat/00869159to00934266/00924149.tar.gz
HTAR: a   DC2_ImSim/Run2.1i/instCat/00869159to00934266/00924162.tar.gz
HTAR: a   DC2_ImSim/Run2.1i/instCat/00869159to00934266/00924163.tar.gz
HTAR: a   DC2_ImSim/Run2.1i/instCat/00869159to00934266/00924164.tar.gz
HTAR: a   DC2_ImSim/Run2.1i/instCat/00869159to00934266/00924165.tar.gz
HTAR: a   DC2_ImSim/Run2.1i/instCat/00869159to00934266/00924166.tar.gz
HTAR: a   DC2_ImSim/Run2.1i/instCat/00869159to00934266/00924168.tar.gz
HTAR: a   DC2_ImSim/Run2.1i/instCat/00869159to00934266/00924169.tar.gz
HTAR: a   DC2_ImSim/Run2.1i/instCat/00869159to00934266/00924170.tar.gz
HTAR: a   DC2_ImSim/Run2.1i/instCat/00869159to00934266/00924171.tar.gz
HTAR: a   DC2_ImSim/Run2.1i/instCat/00869159to00934266/00924172.tar.gz
HTAR: a   DC2_ImSim/Run2.1i/instCat/00869159to00934266/00924173.tar.gz
HTAR: a   DC2_ImSim/Run2.1i/instCat/00869159to00934266/00924174.tar.gz
HTAR: a   DC2_ImSim/Run2.1i/instCat/00869159to00934266/00924175.tar.gz
HTAR: a   DC2_ImSim/Run2.1i/instCat/00869159to00934266/00924176.tar.gz
HTAR: a   DC2_ImSim/Run2.1i/instCat/00869159to00934266/00924178.tar.gz
HTAR: a   DC2_ImSim/Run2.1i/instCat/00869159to00934266/00924179.tar.gz
HTAR: a   DC2_ImSim/Run2.1i/instCat/00869159to00934266/00924191.tar.gz
HTAR: a   DC2_ImSim/Run2.1i/instCat/00869159to00934266/00924192.tar.gz
HTAR: a   DC2_ImSim/Run2.1i/instCat/00869159to00934266/00924206.tar.gz
HTAR: a   DC2_ImSim/Run2.1i/instCat/00869159to00934266/00924207.tar.gz
HTAR: a   DC2_ImSim/Run2.1i/instCat/00869159to00934266/00924208.tar.gz
HTAR: a   DC2_ImSim/Run2.1i/instCat/00869159to00934266/00924209.tar.gz
HTAR: a   DC2_ImSim/Run2.1i/instCat/00869159to00934266/00924212.tar.gz
HTAR: a   DC2_ImSim/Run2.1i/instCat/00869159to00934266/00924822.tar.gz
HTAR: a   DC2_ImSim/Run2.1i/instCat/00869159to00934266/00924823.tar.gz
HTAR: a   DC2_ImSim/Run2.1i/instCat/00869159to00934266/00924824.tar.gz
HTAR: a   DC2_ImSim/Run2.1i/instCat/00869159to00934266/00924825.tar.gz
HTAR: a   DC2_ImSim/Run2.1i/instCat/00869159to00934266/00924826.tar.gz
HTAR: a   DC2_ImSim/Run2.1i/instCat/00869159to00934266/00924832.tar.gz
HTAR: a   DC2_ImSim/Run2.1i/instCat/00869159to00934266/00924854.tar.gz
HTAR: a   DC2_ImSim/Run2.1i/instCat/00869159to00934266/00924855.tar.gz
HTAR: a   DC2_ImSim/Run2.1i/instCat/00869159to00934266/00924856.tar.gz
HTAR: a   DC2_ImSim/Run2.1i/instCat/00869159to00934266/00924863.tar.gz
HTAR: a   DC2_ImSim/Run2.1i/instCat/00869159to00934266/00924879.tar.gz
HTAR: a   DC2_ImSim/Run2.1i/instCat/00869159to00934266/00924880.tar.gz
HTAR: a   DC2_ImSim/Run2.1i/instCat/00869159to00934266/00924881.tar.gz
HTAR: a   DC2_ImSim/Run2.1i/instCat/00869159to00934266/00924893.tar.gz
HTAR: a   DC2_ImSim/Run2.1i/instCat/00869159to00934266/00924895.tar.gz
HTAR: a   DC2_ImSim/Run2.1i/instCat/00869159to00934266/00924902.tar.gz
HTAR: a   DC2_ImSim/Run2.1i/instCat/00869159to00934266/00924903.tar.gz
HTAR: a   DC2_ImSim/Run2.1i/instCat/00869159to00934266/00924904.tar.gz
HTAR: a   DC2_ImSim/Run2.1i/instCat/00869159to00934266/00924930.tar.gz
HTAR: a   DC2_ImSim/Run2.1i/instCat/00869159to00934266/00924963.tar.gz
HTAR: a   DC2_ImSim/Run2.1i/instCat/00869159to00934266/00924964.tar.gz
HTAR: a   DC2_ImSim/Run2.1i/instCat/00869159to00934266/00924965.tar.gz
HTAR: a   DC2_ImSim/Run2.1i/instCat/00869159to00934266/00924966.tar.gz
HTAR: a   DC2_ImSim/Run2.1i/instCat/00869159to00934266/00924967.tar.gz
HTAR: a   DC2_ImSim/Run2.1i/instCat/00869159to00934266/00924968.tar.gz
HTAR: a   DC2_ImSim/Run2.1i/instCat/00869159to00934266/00924969.tar.gz
HTAR: a   DC2_ImSim/Run2.1i/instCat/00869159to00934266/00924970.tar.gz
HTAR: a   DC2_ImSim/Run2.1i/instCat/00869159to00934266/00924971.tar.gz
HTAR: a   DC2_ImSim/Run2.1i/instCat/00869159to00934266/00925006.tar.gz
HTAR: a   DC2_ImSim/Run2.1i/instCat/00869159to00934266/00925007.tar.gz
HTAR: a   DC2_ImSim/Run2.1i/instCat/00869159to00934266/00925008.tar.gz
HTAR: a   DC2_ImSim/Run2.1i/instCat/00869159to00934266/00925009.tar.gz
HTAR: a   DC2_ImSim/Run2.1i/instCat/00869159to00934266/00925010.tar.gz
HTAR: a   DC2_ImSim/Run2.1i/instCat/00869159to00934266/00925011.tar.gz
HTAR: a   DC2_ImSim/Run2.1i/instCat/00869159to00934266/00925012.tar.gz
HTAR: a   DC2_ImSim/Run2.1i/instCat/00869159to00934266/00925013.tar.gz
HTAR: a   DC2_ImSim/Run2.1i/instCat/00869159to00934266/00925014.tar.gz
HTAR: a   DC2_ImSim/Run2.1i/instCat/00869159to00934266/00925021.tar.gz
HTAR: a   DC2_ImSim/Run2.1i/instCat/00869159to00934266/00925052.tar.gz
HTAR: a   DC2_ImSim/Run2.1i/instCat/00869159to00934266/00925059.tar.gz
HTAR: a   DC2_ImSim/Run2.1i/instCat/00869159to00934266/00925060.tar.gz
HTAR: a   DC2_ImSim/Run2.1i/instCat/00869159to00934266/00925102.tar.gz
HTAR: a   DC2_ImSim/Run2.1i/instCat/00869159to00934266/00925103.tar.gz
HTAR: a   DC2_ImSim/Run2.1i/instCat/00869159to00934266/00927750.tar.gz
HTAR: a   DC2_ImSim/Run2.1i/instCat/00869159to00934266/00928484.tar.gz
HTAR: a   DC2_ImSim/Run2.1i/instCat/00869159to00934266/00928485.tar.gz
HTAR: a   DC2_ImSim/Run2.1i/instCat/00869159to00934266/00928486.tar.gz
HTAR: a   DC2_ImSim/Run2.1i/instCat/00869159to00934266/00928516.tar.gz
HTAR: a   DC2_ImSim/Run2.1i/instCat/00869159to00934266/00928517.tar.gz
HTAR: a   DC2_ImSim/Run2.1i/instCat/00869159to00934266/00928519.tar.gz
HTAR: a   DC2_ImSim/Run2.1i/instCat/00869159to00934266/00928520.tar.gz
HTAR: a   DC2_ImSim/Run2.1i/instCat/00869159to00934266/00928521.tar.gz
HTAR: a   DC2_ImSim/Run2.1i/instCat/00869159to00934266/00928522.tar.gz
HTAR: a   DC2_ImSim/Run2.1i/instCat/00869159to00934266/00928523.tar.gz
HTAR: a   DC2_ImSim/Run2.1i/instCat/00869159to00934266/00928524.tar.gz
HTAR: a   DC2_ImSim/Run2.1i/instCat/00869159to00934266/00928552.tar.gz
HTAR: a   DC2_ImSim/Run2.1i/instCat/00869159to00934266/00928553.tar.gz
HTAR: a   DC2_ImSim/Run2.1i/instCat/00869159to00934266/00928554.tar.gz
HTAR: a   DC2_ImSim/Run2.1i/instCat/00869159to00934266/00928555.tar.gz
HTAR: a   DC2_ImSim/Run2.1i/instCat/00869159to00934266/00928556.tar.gz
HTAR: a   DC2_ImSim/Run2.1i/instCat/00869159to00934266/00928557.tar.gz
HTAR: a   DC2_ImSim/Run2.1i/instCat/00869159to00934266/00928587.tar.gz
HTAR: a   DC2_ImSim/Run2.1i/instCat/00869159to00934266/00928588.tar.gz
HTAR: a   DC2_ImSim/Run2.1i/instCat/00869159to00934266/00928617.tar.gz
HTAR: a   DC2_ImSim/Run2.1i/instCat/00869159to00934266/00928618.tar.gz
HTAR: a   DC2_ImSim/Run2.1i/instCat/00869159to00934266/00928635.tar.gz
HTAR: a   DC2_ImSim/Run2.1i/instCat/00869159to00934266/00928636.tar.gz
HTAR: a   DC2_ImSim/Run2.1i/instCat/00869159to00934266/00928637.tar.gz
HTAR: a   DC2_ImSim/Run2.1i/instCat/00869159to00934266/00928643.tar.gz
HTAR: a   DC2_ImSim/Run2.1i/instCat/00869159to00934266/00928645.tar.gz
HTAR: a   DC2_ImSim/Run2.1i/instCat/00869159to00934266/00928646.tar.gz
HTAR: a   DC2_ImSim/Run2.1i/instCat/00869159to00934266/00928647.tar.gz
HTAR: a   DC2_ImSim/Run2.1i/instCat/00869159to00934266/00928648.tar.gz
HTAR: a   DC2_ImSim/Run2.1i/instCat/00869159to00934266/00928649.tar.gz
HTAR: a   /tmp/HTAR_CF_CHK_61387_1561164246
HTAR Create complete for /home/projects/desc/DC2_ImSim/Run2.1i/instCat/00869159to00934266/00924135to00928649.tar. 490,288,139,264 bytes written for 111 member files, max threads: 3 Transfer time: 3356.497 seconds (146.071 MB/s) wallclock/user/sys: 3360.195 3877.405 1834.523 seconds
HTAR: HTAR SUCCESSFUL
HTAR: a   DC2_ImSim/Run2.1i/instCat/00869159to00934266/00928650.tar.gz
HTAR: a   DC2_ImSim/Run2.1i/instCat/00869159to00934266/00928651.tar.gz
HTAR: a   DC2_ImSim/Run2.1i/instCat/00869159to00934266/00928652.tar.gz
HTAR: a   DC2_ImSim/Run2.1i/instCat/00869159to00934266/00928668.tar.gz
HTAR: a   DC2_ImSim/Run2.1i/instCat/00869159to00934266/00928669.tar.gz
HTAR: a   DC2_ImSim/Run2.1i/instCat/00869159to00934266/00928677.tar.gz
HTAR: a   DC2_ImSim/Run2.1i/instCat/00869159to00934266/00928678.tar.gz
HTAR: a   DC2_ImSim/Run2.1i/instCat/00869159to00934266/00928679.tar.gz
HTAR: a   DC2_ImSim/Run2.1i/instCat/00869159to00934266/00928684.tar.gz
HTAR: a   DC2_ImSim/Run2.1i/instCat/00869159to00934266/00928685.tar.gz
HTAR: a   DC2_ImSim/Run2.1i/instCat/00869159to00934266/00928686.tar.gz
HTAR: a   DC2_ImSim/Run2.1i/instCat/00869159to00934266/00928687.tar.gz
HTAR: a   DC2_ImSim/Run2.1i/instCat/00869159to00934266/00928744.tar.gz
HTAR: a   DC2_ImSim/Run2.1i/instCat/00869159to00934266/00929366.tar.gz
HTAR: a   DC2_ImSim/Run2.1i/instCat/00869159to00934266/00929408.tar.gz
HTAR: a   DC2_ImSim/Run2.1i/instCat/00869159to00934266/00929433.tar.gz
HTAR: a   DC2_ImSim/Run2.1i/instCat/00869159to00934266/00929434.tar.gz
HTAR: a   DC2_ImSim/Run2.1i/instCat/00869159to00934266/00929435.tar.gz
HTAR: a   DC2_ImSim/Run2.1i/instCat/00869159to00934266/00929436.tar.gz
HTAR: a   DC2_ImSim/Run2.1i/instCat/00869159to00934266/00929437.tar.gz
HTAR: a   DC2_ImSim/Run2.1i/instCat/00869159to00934266/00929438.tar.gz
HTAR: a   DC2_ImSim/Run2.1i/instCat/00869159to00934266/00929439.tar.gz
HTAR: a   DC2_ImSim/Run2.1i/instCat/00869159to00934266/00929440.tar.gz
HTAR: a   DC2_ImSim/Run2.1i/instCat/00869159to00934266/00929441.tar.gz
HTAR: a   DC2_ImSim/Run2.1i/instCat/00869159to00934266/00929444.tar.gz
HTAR: a   DC2_ImSim/Run2.1i/instCat/00869159to00934266/00929445.tar.gz
HTAR: a   DC2_ImSim/Run2.1i/instCat/00869159to00934266/00929446.tar.gz
HTAR: a   DC2_ImSim/Run2.1i/instCat/00869159to00934266/00929447.tar.gz
HTAR: a   DC2_ImSim/Run2.1i/instCat/00869159to00934266/00929448.tar.gz
HTAR: a   DC2_ImSim/Run2.1i/instCat/00869159to00934266/00929449.tar.gz
HTAR: a   DC2_ImSim/Run2.1i/instCat/00869159to00934266/00929450.tar.gz
HTAR: a   DC2_ImSim/Run2.1i/instCat/00869159to00934266/00929470.tar.gz
HTAR: a   DC2_ImSim/Run2.1i/instCat/00869159to00934266/00929471.tar.gz
HTAR: a   DC2_ImSim/Run2.1i/instCat/00869159to00934266/00929472.tar.gz
HTAR: a   DC2_ImSim/Run2.1i/instCat/00869159to00934266/00929473.tar.gz
HTAR: a   DC2_ImSim/Run2.1i/instCat/00869159to00934266/00929474.tar.gz
HTAR: a   DC2_ImSim/Run2.1i/instCat/00869159to00934266/00929475.tar.gz
HTAR: a   DC2_ImSim/Run2.1i/instCat/00869159to00934266/00929476.tar.gz
HTAR: a   DC2_ImSim/Run2.1i/instCat/00869159to00934266/00929477.tar.gz
HTAR: a   DC2_ImSim/Run2.1i/instCat/00869159to00934266/00929478.tar.gz
HTAR: a   DC2_ImSim/Run2.1i/instCat/00869159to00934266/00929479.tar.gz
HTAR: a   DC2_ImSim/Run2.1i/instCat/00869159to00934266/00929482.tar.gz
HTAR: a   DC2_ImSim/Run2.1i/instCat/00869159to00934266/00929483.tar.gz
HTAR: a   DC2_ImSim/Run2.1i/instCat/00869159to00934266/00929484.tar.gz
HTAR: a   DC2_ImSim/Run2.1i/instCat/00869159to00934266/00929485.tar.gz
HTAR: a   DC2_ImSim/Run2.1i/instCat/00869159to00934266/00929486.tar.gz
HTAR: a   DC2_ImSim/Run2.1i/instCat/00869159to00934266/00929487.tar.gz
HTAR: a   DC2_ImSim/Run2.1i/instCat/00869159to00934266/00929488.tar.gz
HTAR: a   DC2_ImSim/Run2.1i/instCat/00869159to00934266/00929489.tar.gz
HTAR: a   DC2_ImSim/Run2.1i/instCat/00869159to00934266/00929490.tar.gz
HTAR: a   DC2_ImSim/Run2.1i/instCat/00869159to00934266/00929496.tar.gz
HTAR: a   DC2_ImSim/Run2.1i/instCat/00869159to00934266/00929497.tar.gz
HTAR: a   DC2_ImSim/Run2.1i/instCat/00869159to00934266/00929527.tar.gz
HTAR: a   DC2_ImSim/Run2.1i/instCat/00869159to00934266/00929528.tar.gz
HTAR: a   DC2_ImSim/Run2.1i/instCat/00869159to00934266/00929534.tar.gz
HTAR: a   DC2_ImSim/Run2.1i/instCat/00869159to00934266/00929535.tar.gz
HTAR: a   DC2_ImSim/Run2.1i/instCat/00869159to00934266/00930320.tar.gz
HTAR: a   DC2_ImSim/Run2.1i/instCat/00869159to00934266/00930321.tar.gz
HTAR: a   DC2_ImSim/Run2.1i/instCat/00869159to00934266/00930322.tar.gz
HTAR: a   DC2_ImSim/Run2.1i/instCat/00869159to00934266/00930323.tar.gz
HTAR: a   DC2_ImSim/Run2.1i/instCat/00869159to00934266/00930324.tar.gz
HTAR: a   DC2_ImSim/Run2.1i/instCat/00869159to00934266/00930325.tar.gz
HTAR: a   DC2_ImSim/Run2.1i/instCat/00869159to00934266/00930326.tar.gz
HTAR: a   DC2_ImSim/Run2.1i/instCat/00869159to00934266/00930350.tar.gz
HTAR: a   DC2_ImSim/Run2.1i/instCat/00869159to00934266/00930351.tar.gz
HTAR: a   DC2_ImSim/Run2.1i/instCat/00869159to00934266/00930352.tar.gz
HTAR: a   DC2_ImSim/Run2.1i/instCat/00869159to00934266/00930353.tar.gz
HTAR: a   DC2_ImSim/Run2.1i/instCat/00869159to00934266/00930354.tar.gz
HTAR: a   DC2_ImSim/Run2.1i/instCat/00869159to00934266/00930372.tar.gz
HTAR: a   DC2_ImSim/Run2.1i/instCat/00869159to00934266/00930373.tar.gz
HTAR: a   DC2_ImSim/Run2.1i/instCat/00869159to00934266/00930374.tar.gz
HTAR: a   DC2_ImSim/Run2.1i/instCat/00869159to00934266/00930375.tar.gz
HTAR: a   DC2_ImSim/Run2.1i/instCat/00869159to00934266/00930376.tar.gz
HTAR: a   DC2_ImSim/Run2.1i/instCat/00869159to00934266/00930377.tar.gz
HTAR: a   DC2_ImSim/Run2.1i/instCat/00869159to00934266/00930378.tar.gz
HTAR: a   DC2_ImSim/Run2.1i/instCat/00869159to00934266/00930380.tar.gz
HTAR: a   DC2_ImSim/Run2.1i/instCat/00869159to00934266/00930381.tar.gz
HTAR: a   DC2_ImSim/Run2.1i/instCat/00869159to00934266/00930405.tar.gz
HTAR: a   DC2_ImSim/Run2.1i/instCat/00869159to00934266/00930406.tar.gz
HTAR: a   DC2_ImSim/Run2.1i/instCat/00869159to00934266/00930407.tar.gz
HTAR: a   DC2_ImSim/Run2.1i/instCat/00869159to00934266/00930408.tar.gz
HTAR: a   DC2_ImSim/Run2.1i/instCat/00869159to00934266/00930409.tar.gz
HTAR: a   DC2_ImSim/Run2.1i/instCat/00869159to00934266/00930410.tar.gz
HTAR: a   DC2_ImSim/Run2.1i/instCat/00869159to00934266/00930423.tar.gz
HTAR: a   DC2_ImSim/Run2.1i/instCat/00869159to00934266/00930424.tar.gz
HTAR: a   DC2_ImSim/Run2.1i/instCat/00869159to00934266/00930425.tar.gz
HTAR: a   DC2_ImSim/Run2.1i/instCat/00869159to00934266/00930426.tar.gz
HTAR: a   DC2_ImSim/Run2.1i/instCat/00869159to00934266/00930455.tar.gz
HTAR: a   DC2_ImSim/Run2.1i/instCat/00869159to00934266/00930456.tar.gz
HTAR: a   DC2_ImSim/Run2.1i/instCat/00869159to00934266/00930465.tar.gz
HTAR: a   DC2_ImSim/Run2.1i/instCat/00869159to00934266/00930466.tar.gz
HTAR: a   DC2_ImSim/Run2.1i/instCat/00869159to00934266/00930467.tar.gz
HTAR: a   DC2_ImSim/Run2.1i/instCat/00869159to00934266/00930468.tar.gz
HTAR: a   DC2_ImSim/Run2.1i/instCat/00869159to00934266/00930490.tar.gz
HTAR: a   DC2_ImSim/Run2.1i/instCat/00869159to00934266/00930491.tar.gz
HTAR: a   DC2_ImSim/Run2.1i/instCat/00869159to00934266/00930511.tar.gz
HTAR: a   DC2_ImSim/Run2.1i/instCat/00869159to00934266/00930512.tar.gz
HTAR: a   DC2_ImSim/Run2.1i/instCat/00869159to00934266/00930533.tar.gz
HTAR: a   DC2_ImSim/Run2.1i/instCat/00869159to00934266/00930534.tar.gz
HTAR: a   DC2_ImSim/Run2.1i/instCat/00869159to00934266/00931169.tar.gz
HTAR: a   DC2_ImSim/Run2.1i/instCat/00869159to00934266/00931170.tar.gz
HTAR: a   DC2_ImSim/Run2.1i/instCat/00869159to00934266/00931172.tar.gz
HTAR: a   DC2_ImSim/Run2.1i/instCat/00869159to00934266/00931173.tar.gz
HTAR: a   DC2_ImSim/Run2.1i/instCat/00869159to00934266/00931174.tar.gz
HTAR: a   DC2_ImSim/Run2.1i/instCat/00869159to00934266/00931175.tar.gz
HTAR: a   DC2_ImSim/Run2.1i/instCat/00869159to00934266/00931176.tar.gz
HTAR: a   DC2_ImSim/Run2.1i/instCat/00869159to00934266/00931180.tar.gz
HTAR: a   DC2_ImSim/Run2.1i/instCat/00869159to00934266/00931182.tar.gz
HTAR: a   DC2_ImSim/Run2.1i/instCat/00869159to00934266/00931183.tar.gz
HTAR: a   DC2_ImSim/Run2.1i/instCat/00869159to00934266/00931209.tar.gz
HTAR: a   DC2_ImSim/Run2.1i/instCat/00869159to00934266/00931210.tar.gz
HTAR: a   /tmp/HTAR_CF_CHK_1032_1561167607
HTAR Create complete for /home/projects/desc/DC2_ImSim/Run2.1i/instCat/00869159to00934266/00928650to00931210.tar. 494,881,067,520 bytes written for 111 member files, max threads: 2 Transfer time: 3300.218 seconds (149.954 MB/s) wallclock/user/sys: 3301.376 3861.437 1827.669 seconds
HTAR: HTAR SUCCESSFUL
HTAR: a   DC2_ImSim/Run2.1i/instCat/00869159to00934266/00931211.tar.gz
HTAR: a   DC2_ImSim/Run2.1i/instCat/00869159to00934266/00931212.tar.gz
HTAR: a   DC2_ImSim/Run2.1i/instCat/00869159to00934266/00931213.tar.gz
HTAR: a   DC2_ImSim/Run2.1i/instCat/00869159to00934266/00931214.tar.gz
HTAR: a   DC2_ImSim/Run2.1i/instCat/00869159to00934266/00931218.tar.gz
HTAR: a   DC2_ImSim/Run2.1i/instCat/00869159to00934266/00931220.tar.gz
HTAR: a   DC2_ImSim/Run2.1i/instCat/00869159to00934266/00931221.tar.gz
HTAR: a   DC2_ImSim/Run2.1i/instCat/00869159to00934266/00931222.tar.gz
HTAR: a   DC2_ImSim/Run2.1i/instCat/00869159to00934266/00932123.tar.gz
HTAR: a   DC2_ImSim/Run2.1i/instCat/00869159to00934266/00932166.tar.gz
HTAR: a   DC2_ImSim/Run2.1i/instCat/00869159to00934266/00932170.tar.gz
HTAR: a   DC2_ImSim/Run2.1i/instCat/00869159to00934266/00932199.tar.gz
HTAR: a   DC2_ImSim/Run2.1i/instCat/00869159to00934266/00932232.tar.gz
HTAR: a   DC2_ImSim/Run2.1i/instCat/00869159to00934266/00932239.tar.gz
HTAR: a   DC2_ImSim/Run2.1i/instCat/00869159to00934266/00932275.tar.gz
HTAR: a   DC2_ImSim/Run2.1i/instCat/00869159to00934266/00932276.tar.gz
HTAR: a   DC2_ImSim/Run2.1i/instCat/00869159to00934266/00932277.tar.gz
HTAR: a   DC2_ImSim/Run2.1i/instCat/00869159to00934266/00932323.tar.gz
HTAR: a   DC2_ImSim/Run2.1i/instCat/00869159to00934266/00932324.tar.gz
HTAR: a   DC2_ImSim/Run2.1i/instCat/00869159to00934266/00932325.tar.gz
HTAR: a   DC2_ImSim/Run2.1i/instCat/00869159to00934266/00932370.tar.gz
HTAR: a   DC2_ImSim/Run2.1i/instCat/00869159to00934266/00932371.tar.gz
HTAR: a   DC2_ImSim/Run2.1i/instCat/00869159to00934266/00932372.tar.gz
HTAR: a   DC2_ImSim/Run2.1i/instCat/00869159to00934266/00932373.tar.gz
HTAR: a   DC2_ImSim/Run2.1i/instCat/00869159to00934266/00932374.tar.gz
HTAR: a   DC2_ImSim/Run2.1i/instCat/00869159to00934266/00932375.tar.gz
HTAR: a   DC2_ImSim/Run2.1i/instCat/00869159to00934266/00932376.tar.gz
HTAR: a   DC2_ImSim/Run2.1i/instCat/00869159to00934266/00932410.tar.gz
HTAR: a   DC2_ImSim/Run2.1i/instCat/00869159to00934266/00932411.tar.gz
HTAR: a   DC2_ImSim/Run2.1i/instCat/00869159to00934266/00932412.tar.gz
HTAR: a   DC2_ImSim/Run2.1i/instCat/00869159to00934266/00932413.tar.gz
HTAR: a   DC2_ImSim/Run2.1i/instCat/00869159to00934266/00932414.tar.gz
HTAR: a   DC2_ImSim/Run2.1i/instCat/00869159to00934266/00932416.tar.gz
HTAR: a   DC2_ImSim/Run2.1i/instCat/00869159to00934266/00933252.tar.gz
HTAR: a   DC2_ImSim/Run2.1i/instCat/00869159to00934266/00933253.tar.gz
HTAR: a   DC2_ImSim/Run2.1i/instCat/00869159to00934266/00933254.tar.gz
HTAR: a   DC2_ImSim/Run2.1i/instCat/00869159to00934266/00933255.tar.gz
HTAR: a   DC2_ImSim/Run2.1i/instCat/00869159to00934266/00933286.tar.gz
HTAR: a   DC2_ImSim/Run2.1i/instCat/00869159to00934266/00933287.tar.gz
HTAR: a   DC2_ImSim/Run2.1i/instCat/00869159to00934266/00933288.tar.gz
HTAR: a   DC2_ImSim/Run2.1i/instCat/00869159to00934266/00933334.tar.gz
HTAR: a   DC2_ImSim/Run2.1i/instCat/00869159to00934266/00933335.tar.gz
HTAR: a   DC2_ImSim/Run2.1i/instCat/00869159to00934266/00933336.tar.gz
HTAR: a   DC2_ImSim/Run2.1i/instCat/00869159to00934266/00933337.tar.gz
HTAR: a   DC2_ImSim/Run2.1i/instCat/00869159to00934266/00933947.tar.gz
HTAR: a   DC2_ImSim/Run2.1i/instCat/00869159to00934266/00933948.tar.gz
HTAR: a   DC2_ImSim/Run2.1i/instCat/00869159to00934266/00933949.tar.gz
HTAR: a   DC2_ImSim/Run2.1i/instCat/00869159to00934266/00933950.tar.gz
HTAR: a   DC2_ImSim/Run2.1i/instCat/00869159to00934266/00933951.tar.gz
HTAR: a   DC2_ImSim/Run2.1i/instCat/00869159to00934266/00933952.tar.gz
HTAR: a   DC2_ImSim/Run2.1i/instCat/00869159to00934266/00933962.tar.gz
HTAR: a   DC2_ImSim/Run2.1i/instCat/00869159to00934266/00933963.tar.gz
HTAR: a   DC2_ImSim/Run2.1i/instCat/00869159to00934266/00933964.tar.gz
HTAR: a   DC2_ImSim/Run2.1i/instCat/00869159to00934266/00933965.tar.gz
HTAR: a   DC2_ImSim/Run2.1i/instCat/00869159to00934266/00933966.tar.gz
HTAR: a   DC2_ImSim/Run2.1i/instCat/00869159to00934266/00933967.tar.gz
HTAR: a   DC2_ImSim/Run2.1i/instCat/00869159to00934266/00933968.tar.gz
HTAR: a   DC2_ImSim/Run2.1i/instCat/00869159to00934266/00933969.tar.gz
HTAR: a   DC2_ImSim/Run2.1i/instCat/00869159to00934266/00933970.tar.gz
HTAR: a   DC2_ImSim/Run2.1i/instCat/00869159to00934266/00933973.tar.gz
HTAR: a   DC2_ImSim/Run2.1i/instCat/00869159to00934266/00933974.tar.gz
HTAR: a   DC2_ImSim/Run2.1i/instCat/00869159to00934266/00933989.tar.gz
HTAR: a   DC2_ImSim/Run2.1i/instCat/00869159to00934266/00933990.tar.gz
HTAR: a   DC2_ImSim/Run2.1i/instCat/00869159to00934266/00933991.tar.gz
HTAR: a   DC2_ImSim/Run2.1i/instCat/00869159to00934266/00933992.tar.gz
HTAR: a   DC2_ImSim/Run2.1i/instCat/00869159to00934266/00933993.tar.gz
HTAR: a   DC2_ImSim/Run2.1i/instCat/00869159to00934266/00934002.tar.gz
HTAR: a   DC2_ImSim/Run2.1i/instCat/00869159to00934266/00934003.tar.gz
HTAR: a   DC2_ImSim/Run2.1i/instCat/00869159to00934266/00934004.tar.gz
HTAR: a   DC2_ImSim/Run2.1i/instCat/00869159to00934266/00934005.tar.gz
HTAR: a   DC2_ImSim/Run2.1i/instCat/00869159to00934266/00934006.tar.gz
HTAR: a   DC2_ImSim/Run2.1i/instCat/00869159to00934266/00934007.tar.gz
HTAR: a   DC2_ImSim/Run2.1i/instCat/00869159to00934266/00934008.tar.gz
HTAR: a   DC2_ImSim/Run2.1i/instCat/00869159to00934266/00934009.tar.gz
HTAR: a   DC2_ImSim/Run2.1i/instCat/00869159to00934266/00934010.tar.gz
HTAR: a   DC2_ImSim/Run2.1i/instCat/00869159to00934266/00934011.tar.gz
HTAR: a   DC2_ImSim/Run2.1i/instCat/00869159to00934266/00934012.tar.gz
HTAR: a   DC2_ImSim/Run2.1i/instCat/00869159to00934266/00934013.tar.gz
HTAR: a   DC2_ImSim/Run2.1i/instCat/00869159to00934266/00934014.tar.gz
HTAR: a   DC2_ImSim/Run2.1i/instCat/00869159to00934266/00934015.tar.gz
HTAR: a   DC2_ImSim/Run2.1i/instCat/00869159to00934266/00934016.tar.gz
HTAR: a   DC2_ImSim/Run2.1i/instCat/00869159to00934266/00934017.tar.gz
HTAR: a   DC2_ImSim/Run2.1i/instCat/00869159to00934266/00934024.tar.gz
HTAR: a   DC2_ImSim/Run2.1i/instCat/00869159to00934266/00934025.tar.gz
HTAR: a   DC2_ImSim/Run2.1i/instCat/00869159to00934266/00934045.tar.gz
HTAR: a   DC2_ImSim/Run2.1i/instCat/00869159to00934266/00934046.tar.gz
HTAR: a   DC2_ImSim/Run2.1i/instCat/00869159to00934266/00934047.tar.gz
HTAR: a   DC2_ImSim/Run2.1i/instCat/00869159to00934266/00934048.tar.gz
HTAR: a   DC2_ImSim/Run2.1i/instCat/00869159to00934266/00934049.tar.gz
HTAR: a   DC2_ImSim/Run2.1i/instCat/00869159to00934266/00934052.tar.gz
HTAR: a   DC2_ImSim/Run2.1i/instCat/00869159to00934266/00934053.tar.gz
HTAR: a   DC2_ImSim/Run2.1i/instCat/00869159to00934266/00934056.tar.gz
HTAR: a   DC2_ImSim/Run2.1i/instCat/00869159to00934266/00934057.tar.gz
HTAR: a   DC2_ImSim/Run2.1i/instCat/00869159to00934266/00934093.tar.gz
HTAR: a   DC2_ImSim/Run2.1i/instCat/00869159to00934266/00934094.tar.gz
HTAR: a   DC2_ImSim/Run2.1i/instCat/00869159to00934266/00934095.tar.gz
HTAR: a   DC2_ImSim/Run2.1i/instCat/00869159to00934266/00934096.tar.gz
HTAR: a   DC2_ImSim/Run2.1i/instCat/00869159to00934266/00934097.tar.gz
HTAR: a   DC2_ImSim/Run2.1i/instCat/00869159to00934266/00934143.tar.gz
HTAR: a   DC2_ImSim/Run2.1i/instCat/00869159to00934266/00934144.tar.gz
HTAR: a   DC2_ImSim/Run2.1i/instCat/00869159to00934266/00934145.tar.gz
HTAR: a   DC2_ImSim/Run2.1i/instCat/00869159to00934266/00934146.tar.gz
HTAR: a   DC2_ImSim/Run2.1i/instCat/00869159to00934266/00934147.tar.gz
HTAR: a   /tmp/HTAR_CF_CHK_12960_1561170911
HTAR Create complete for /home/projects/desc/DC2_ImSim/Run2.1i/instCat/00869159to00934266/00931211to00934147.tar. 451,201,221,120 bytes written for 103 member files, max threads: 3 Transfer time: 2977.325 seconds (151.546 MB/s) wallclock/user/sys: 2978.549 3485.474 1634.126 seconds
HTAR: HTAR SUCCESSFUL
