HTAR: a   DC2_ImSim/Run2.1i/instCat/00991924to01059856/01019973.tar.gz
HTAR: a   DC2_ImSim/Run2.1i/instCat/00991924to01059856/01019974.tar.gz
HTAR: a   DC2_ImSim/Run2.1i/instCat/00991924to01059856/01019975.tar.gz
HTAR: a   DC2_ImSim/Run2.1i/instCat/00991924to01059856/01019976.tar.gz
HTAR: a   DC2_ImSim/Run2.1i/instCat/00991924to01059856/01019977.tar.gz
HTAR: a   DC2_ImSim/Run2.1i/instCat/00991924to01059856/01019978.tar.gz
HTAR: a   DC2_ImSim/Run2.1i/instCat/00991924to01059856/01019979.tar.gz
HTAR: a   DC2_ImSim/Run2.1i/instCat/00991924to01059856/01019980.tar.gz
HTAR: a   DC2_ImSim/Run2.1i/instCat/00991924to01059856/01019981.tar.gz
HTAR: a   DC2_ImSim/Run2.1i/instCat/00991924to01059856/01019982.tar.gz
HTAR: a   DC2_ImSim/Run2.1i/instCat/00991924to01059856/01020001.tar.gz
HTAR: a   DC2_ImSim/Run2.1i/instCat/00991924to01059856/01020002.tar.gz
HTAR: a   DC2_ImSim/Run2.1i/instCat/00991924to01059856/01020003.tar.gz
HTAR: a   DC2_ImSim/Run2.1i/instCat/00991924to01059856/01020005.tar.gz
HTAR: a   DC2_ImSim/Run2.1i/instCat/00991924to01059856/01020006.tar.gz
HTAR: a   DC2_ImSim/Run2.1i/instCat/00991924to01059856/01020043.tar.gz
HTAR: a   DC2_ImSim/Run2.1i/instCat/00991924to01059856/01020044.tar.gz
HTAR: a   DC2_ImSim/Run2.1i/instCat/00991924to01059856/01020049.tar.gz
HTAR: a   DC2_ImSim/Run2.1i/instCat/00991924to01059856/01020588.tar.gz
HTAR: a   DC2_ImSim/Run2.1i/instCat/00991924to01059856/01020589.tar.gz
HTAR: a   DC2_ImSim/Run2.1i/instCat/00991924to01059856/01020590.tar.gz
HTAR: a   DC2_ImSim/Run2.1i/instCat/00991924to01059856/01024634.tar.gz
HTAR: a   DC2_ImSim/Run2.1i/instCat/00991924to01059856/01024635.tar.gz
HTAR: a   DC2_ImSim/Run2.1i/instCat/00991924to01059856/01024636.tar.gz
HTAR: a   DC2_ImSim/Run2.1i/instCat/00991924to01059856/01026248.tar.gz
HTAR: a   DC2_ImSim/Run2.1i/instCat/00991924to01059856/01027033.tar.gz
HTAR: a   DC2_ImSim/Run2.1i/instCat/00991924to01059856/01027037.tar.gz
HTAR: a   DC2_ImSim/Run2.1i/instCat/00991924to01059856/01027039.tar.gz
HTAR: a   DC2_ImSim/Run2.1i/instCat/00991924to01059856/01027040.tar.gz
HTAR: a   DC2_ImSim/Run2.1i/instCat/00991924to01059856/01027041.tar.gz
HTAR: a   DC2_ImSim/Run2.1i/instCat/00991924to01059856/01027042.tar.gz
HTAR: a   DC2_ImSim/Run2.1i/instCat/00991924to01059856/01027043.tar.gz
HTAR: a   DC2_ImSim/Run2.1i/instCat/00991924to01059856/01027044.tar.gz
HTAR: a   DC2_ImSim/Run2.1i/instCat/00991924to01059856/01027048.tar.gz
HTAR: a   DC2_ImSim/Run2.1i/instCat/00991924to01059856/01027049.tar.gz
HTAR: a   DC2_ImSim/Run2.1i/instCat/00991924to01059856/01027050.tar.gz
HTAR: a   DC2_ImSim/Run2.1i/instCat/00991924to01059856/01027051.tar.gz
HTAR: a   DC2_ImSim/Run2.1i/instCat/00991924to01059856/01027052.tar.gz
HTAR: a   DC2_ImSim/Run2.1i/instCat/00991924to01059856/01027060.tar.gz
HTAR: a   DC2_ImSim/Run2.1i/instCat/00991924to01059856/01027061.tar.gz
HTAR: a   DC2_ImSim/Run2.1i/instCat/00991924to01059856/01027062.tar.gz
HTAR: a   DC2_ImSim/Run2.1i/instCat/00991924to01059856/01027063.tar.gz
HTAR: a   DC2_ImSim/Run2.1i/instCat/00991924to01059856/01027064.tar.gz
HTAR: a   DC2_ImSim/Run2.1i/instCat/00991924to01059856/01027065.tar.gz
HTAR: a   DC2_ImSim/Run2.1i/instCat/00991924to01059856/01027066.tar.gz
HTAR: a   DC2_ImSim/Run2.1i/instCat/00991924to01059856/01027068.tar.gz
HTAR: a   DC2_ImSim/Run2.1i/instCat/00991924to01059856/01027069.tar.gz
HTAR: a   DC2_ImSim/Run2.1i/instCat/00991924to01059856/01027070.tar.gz
HTAR: a   DC2_ImSim/Run2.1i/instCat/00991924to01059856/01027071.tar.gz
HTAR: a   DC2_ImSim/Run2.1i/instCat/00991924to01059856/01027072.tar.gz
HTAR: a   DC2_ImSim/Run2.1i/instCat/00991924to01059856/01027074.tar.gz
HTAR: a   DC2_ImSim/Run2.1i/instCat/00991924to01059856/01027075.tar.gz
HTAR: a   DC2_ImSim/Run2.1i/instCat/00991924to01059856/01027076.tar.gz
HTAR: a   DC2_ImSim/Run2.1i/instCat/00991924to01059856/01027077.tar.gz
HTAR: a   DC2_ImSim/Run2.1i/instCat/00991924to01059856/01027078.tar.gz
HTAR: a   DC2_ImSim/Run2.1i/instCat/00991924to01059856/01027092.tar.gz
HTAR: a   DC2_ImSim/Run2.1i/instCat/00991924to01059856/01027093.tar.gz
HTAR: a   DC2_ImSim/Run2.1i/instCat/00991924to01059856/01027094.tar.gz
HTAR: a   DC2_ImSim/Run2.1i/instCat/00991924to01059856/01027095.tar.gz
HTAR: a   DC2_ImSim/Run2.1i/instCat/00991924to01059856/01027096.tar.gz
HTAR: a   DC2_ImSim/Run2.1i/instCat/00991924to01059856/01027097.tar.gz
HTAR: a   DC2_ImSim/Run2.1i/instCat/00991924to01059856/01027098.tar.gz
HTAR: a   DC2_ImSim/Run2.1i/instCat/00991924to01059856/01027100.tar.gz
HTAR: a   DC2_ImSim/Run2.1i/instCat/00991924to01059856/01028576.tar.gz
HTAR: a   DC2_ImSim/Run2.1i/instCat/00991924to01059856/01028603.tar.gz
HTAR: a   DC2_ImSim/Run2.1i/instCat/00991924to01059856/01028604.tar.gz
HTAR: a   DC2_ImSim/Run2.1i/instCat/00991924to01059856/01028619.tar.gz
HTAR: a   DC2_ImSim/Run2.1i/instCat/00991924to01059856/01028620.tar.gz
HTAR: a   DC2_ImSim/Run2.1i/instCat/00991924to01059856/01028621.tar.gz
HTAR: a   DC2_ImSim/Run2.1i/instCat/00991924to01059856/01028622.tar.gz
HTAR: a   DC2_ImSim/Run2.1i/instCat/00991924to01059856/01028623.tar.gz
HTAR: a   DC2_ImSim/Run2.1i/instCat/00991924to01059856/01028642.tar.gz
HTAR: a   DC2_ImSim/Run2.1i/instCat/00991924to01059856/01028643.tar.gz
HTAR: a   DC2_ImSim/Run2.1i/instCat/00991924to01059856/01028661.tar.gz
HTAR: a   DC2_ImSim/Run2.1i/instCat/00991924to01059856/01028665.tar.gz
HTAR: a   DC2_ImSim/Run2.1i/instCat/00991924to01059856/01028667.tar.gz
HTAR: a   DC2_ImSim/Run2.1i/instCat/00991924to01059856/01028672.tar.gz
HTAR: a   DC2_ImSim/Run2.1i/instCat/00991924to01059856/01028673.tar.gz
HTAR: a   DC2_ImSim/Run2.1i/instCat/00991924to01059856/01028674.tar.gz
HTAR: a   DC2_ImSim/Run2.1i/instCat/00991924to01059856/01028682.tar.gz
HTAR: a   DC2_ImSim/Run2.1i/instCat/00991924to01059856/01028683.tar.gz
HTAR: a   DC2_ImSim/Run2.1i/instCat/00991924to01059856/01028685.tar.gz
HTAR: a   DC2_ImSim/Run2.1i/instCat/00991924to01059856/01028707.tar.gz
HTAR: a   DC2_ImSim/Run2.1i/instCat/00991924to01059856/01028710.tar.gz
HTAR: a   DC2_ImSim/Run2.1i/instCat/00991924to01059856/01028711.tar.gz
HTAR: a   DC2_ImSim/Run2.1i/instCat/00991924to01059856/01028712.tar.gz
HTAR: a   DC2_ImSim/Run2.1i/instCat/00991924to01059856/01028715.tar.gz
HTAR: a   DC2_ImSim/Run2.1i/instCat/00991924to01059856/01028716.tar.gz
HTAR: a   DC2_ImSim/Run2.1i/instCat/00991924to01059856/01029766.tar.gz
HTAR: a   DC2_ImSim/Run2.1i/instCat/00991924to01059856/01029769.tar.gz
HTAR: a   DC2_ImSim/Run2.1i/instCat/00991924to01059856/01029770.tar.gz
HTAR: a   DC2_ImSim/Run2.1i/instCat/00991924to01059856/01029771.tar.gz
HTAR: a   DC2_ImSim/Run2.1i/instCat/00991924to01059856/01029772.tar.gz
HTAR: a   DC2_ImSim/Run2.1i/instCat/00991924to01059856/01029773.tar.gz
HTAR: a   DC2_ImSim/Run2.1i/instCat/00991924to01059856/01029775.tar.gz
HTAR: a   DC2_ImSim/Run2.1i/instCat/00991924to01059856/01029776.tar.gz
HTAR: a   DC2_ImSim/Run2.1i/instCat/00991924to01059856/01029777.tar.gz
HTAR: a   DC2_ImSim/Run2.1i/instCat/00991924to01059856/01029778.tar.gz
HTAR: a   DC2_ImSim/Run2.1i/instCat/00991924to01059856/01029796.tar.gz
HTAR: a   DC2_ImSim/Run2.1i/instCat/00991924to01059856/01029797.tar.gz
HTAR: a   DC2_ImSim/Run2.1i/instCat/00991924to01059856/01029798.tar.gz
HTAR: a   DC2_ImSim/Run2.1i/instCat/00991924to01059856/01029799.tar.gz
HTAR: a   DC2_ImSim/Run2.1i/instCat/00991924to01059856/01029800.tar.gz
HTAR: a   DC2_ImSim/Run2.1i/instCat/00991924to01059856/01029801.tar.gz
HTAR: a   DC2_ImSim/Run2.1i/instCat/00991924to01059856/01029803.tar.gz
HTAR: a   DC2_ImSim/Run2.1i/instCat/00991924to01059856/01029804.tar.gz
HTAR: a   DC2_ImSim/Run2.1i/instCat/00991924to01059856/01029805.tar.gz
HTAR: a   DC2_ImSim/Run2.1i/instCat/00991924to01059856/01029806.tar.gz
HTAR: a   DC2_ImSim/Run2.1i/instCat/00991924to01059856/01029808.tar.gz
HTAR: a   DC2_ImSim/Run2.1i/instCat/00991924to01059856/01029810.tar.gz
HTAR: a   DC2_ImSim/Run2.1i/instCat/00991924to01059856/01029822.tar.gz
HTAR: a   /tmp/HTAR_CF_CHK_6192_1561326035
HTAR Create complete for /home/projects/desc/DC2_ImSim/Run2.1i/instCat/00991924to01059856/01019973to01029822.tar. 483,726,704,128 bytes written for 111 member files, max threads: 3 Transfer time: 2543.557 seconds (190.177 MB/s) wallclock/user/sys: 2543.867 3015.796 1313.351 seconds
HTAR: HTAR SUCCESSFUL
HTAR: a   DC2_ImSim/Run2.1i/instCat/00991924to01059856/01029869.tar.gz
HTAR: a   DC2_ImSim/Run2.1i/instCat/00991924to01059856/01029927.tar.gz
HTAR: a   DC2_ImSim/Run2.1i/instCat/00991924to01059856/01030521.tar.gz
HTAR: a   DC2_ImSim/Run2.1i/instCat/00991924to01059856/01030530.tar.gz
HTAR: a   DC2_ImSim/Run2.1i/instCat/00991924to01059856/01030559.tar.gz
HTAR: a   DC2_ImSim/Run2.1i/instCat/00991924to01059856/01030595.tar.gz
HTAR: a   DC2_ImSim/Run2.1i/instCat/00991924to01059856/01030598.tar.gz
HTAR: a   DC2_ImSim/Run2.1i/instCat/00991924to01059856/01030622.tar.gz
HTAR: a   DC2_ImSim/Run2.1i/instCat/00991924to01059856/01030630.tar.gz
HTAR: a   DC2_ImSim/Run2.1i/instCat/00991924to01059856/01030631.tar.gz
HTAR: a   DC2_ImSim/Run2.1i/instCat/00991924to01059856/01030632.tar.gz
HTAR: a   DC2_ImSim/Run2.1i/instCat/00991924to01059856/01030633.tar.gz
HTAR: a   DC2_ImSim/Run2.1i/instCat/00991924to01059856/01030655.tar.gz
HTAR: a   DC2_ImSim/Run2.1i/instCat/00991924to01059856/01030656.tar.gz
HTAR: a   DC2_ImSim/Run2.1i/instCat/00991924to01059856/01030664.tar.gz
HTAR: a   DC2_ImSim/Run2.1i/instCat/00991924to01059856/01030665.tar.gz
HTAR: a   DC2_ImSim/Run2.1i/instCat/00991924to01059856/01030666.tar.gz
HTAR: a   DC2_ImSim/Run2.1i/instCat/00991924to01059856/01030667.tar.gz
HTAR: a   DC2_ImSim/Run2.1i/instCat/00991924to01059856/01030668.tar.gz
HTAR: a   DC2_ImSim/Run2.1i/instCat/00991924to01059856/01030669.tar.gz
HTAR: a   DC2_ImSim/Run2.1i/instCat/00991924to01059856/01030670.tar.gz
HTAR: a   DC2_ImSim/Run2.1i/instCat/00991924to01059856/01030674.tar.gz
HTAR: a   DC2_ImSim/Run2.1i/instCat/00991924to01059856/01030675.tar.gz
HTAR: a   DC2_ImSim/Run2.1i/instCat/00991924to01059856/01030676.tar.gz
HTAR: a   DC2_ImSim/Run2.1i/instCat/00991924to01059856/01030677.tar.gz
HTAR: a   DC2_ImSim/Run2.1i/instCat/00991924to01059856/01030678.tar.gz
HTAR: a   DC2_ImSim/Run2.1i/instCat/00991924to01059856/01030682.tar.gz
HTAR: a   DC2_ImSim/Run2.1i/instCat/00991924to01059856/01030683.tar.gz
HTAR: a   DC2_ImSim/Run2.1i/instCat/00991924to01059856/01030697.tar.gz
HTAR: a   DC2_ImSim/Run2.1i/instCat/00991924to01059856/01030698.tar.gz
HTAR: a   DC2_ImSim/Run2.1i/instCat/00991924to01059856/01030699.tar.gz
HTAR: a   DC2_ImSim/Run2.1i/instCat/00991924to01059856/01030700.tar.gz
HTAR: a   DC2_ImSim/Run2.1i/instCat/00991924to01059856/01030701.tar.gz
HTAR: a   DC2_ImSim/Run2.1i/instCat/00991924to01059856/01030702.tar.gz
HTAR: a   DC2_ImSim/Run2.1i/instCat/00991924to01059856/01030703.tar.gz
HTAR: a   DC2_ImSim/Run2.1i/instCat/00991924to01059856/01030704.tar.gz
HTAR: a   DC2_ImSim/Run2.1i/instCat/00991924to01059856/01030707.tar.gz
HTAR: a   DC2_ImSim/Run2.1i/instCat/00991924to01059856/01030708.tar.gz
HTAR: a   DC2_ImSim/Run2.1i/instCat/00991924to01059856/01030709.tar.gz
HTAR: a   DC2_ImSim/Run2.1i/instCat/00991924to01059856/01030710.tar.gz
HTAR: a   DC2_ImSim/Run2.1i/instCat/00991924to01059856/01030711.tar.gz
HTAR: a   DC2_ImSim/Run2.1i/instCat/00991924to01059856/01030712.tar.gz
HTAR: a   DC2_ImSim/Run2.1i/instCat/00991924to01059856/01030713.tar.gz
HTAR: a   DC2_ImSim/Run2.1i/instCat/00991924to01059856/01032145.tar.gz
HTAR: a   DC2_ImSim/Run2.1i/instCat/00991924to01059856/01032216.tar.gz
HTAR: a   DC2_ImSim/Run2.1i/instCat/00991924to01059856/01032217.tar.gz
HTAR: a   DC2_ImSim/Run2.1i/instCat/00991924to01059856/01032218.tar.gz
HTAR: a   DC2_ImSim/Run2.1i/instCat/00991924to01059856/01032219.tar.gz
HTAR: a   DC2_ImSim/Run2.1i/instCat/00991924to01059856/01032220.tar.gz
HTAR: a   DC2_ImSim/Run2.1i/instCat/00991924to01059856/01032239.tar.gz
HTAR: a   DC2_ImSim/Run2.1i/instCat/00991924to01059856/01032240.tar.gz
HTAR: a   DC2_ImSim/Run2.1i/instCat/00991924to01059856/01032241.tar.gz
HTAR: a   DC2_ImSim/Run2.1i/instCat/00991924to01059856/01032242.tar.gz
HTAR: a   DC2_ImSim/Run2.1i/instCat/00991924to01059856/01032243.tar.gz
HTAR: a   DC2_ImSim/Run2.1i/instCat/00991924to01059856/01032244.tar.gz
HTAR: a   DC2_ImSim/Run2.1i/instCat/00991924to01059856/01032245.tar.gz
HTAR: a   DC2_ImSim/Run2.1i/instCat/00991924to01059856/01032262.tar.gz
HTAR: a   DC2_ImSim/Run2.1i/instCat/00991924to01059856/01032263.tar.gz
HTAR: a   DC2_ImSim/Run2.1i/instCat/00991924to01059856/01032264.tar.gz
HTAR: a   DC2_ImSim/Run2.1i/instCat/00991924to01059856/01032265.tar.gz
HTAR: a   DC2_ImSim/Run2.1i/instCat/00991924to01059856/01032266.tar.gz
HTAR: a   DC2_ImSim/Run2.1i/instCat/00991924to01059856/01032267.tar.gz
HTAR: a   DC2_ImSim/Run2.1i/instCat/00991924to01059856/01033044.tar.gz
HTAR: a   DC2_ImSim/Run2.1i/instCat/00991924to01059856/01033045.tar.gz
HTAR: a   DC2_ImSim/Run2.1i/instCat/00991924to01059856/01033076.tar.gz
HTAR: a   DC2_ImSim/Run2.1i/instCat/00991924to01059856/01033077.tar.gz
HTAR: a   DC2_ImSim/Run2.1i/instCat/00991924to01059856/01033078.tar.gz
HTAR: a   DC2_ImSim/Run2.1i/instCat/00991924to01059856/01033079.tar.gz
HTAR: a   DC2_ImSim/Run2.1i/instCat/00991924to01059856/01033094.tar.gz
HTAR: a   DC2_ImSim/Run2.1i/instCat/00991924to01059856/01033095.tar.gz
HTAR: a   DC2_ImSim/Run2.1i/instCat/00991924to01059856/01033096.tar.gz
HTAR: a   DC2_ImSim/Run2.1i/instCat/00991924to01059856/01033097.tar.gz
HTAR: a   DC2_ImSim/Run2.1i/instCat/00991924to01059856/01033098.tar.gz
HTAR: a   DC2_ImSim/Run2.1i/instCat/00991924to01059856/01033099.tar.gz
HTAR: a   DC2_ImSim/Run2.1i/instCat/00991924to01059856/01033100.tar.gz
HTAR: a   DC2_ImSim/Run2.1i/instCat/00991924to01059856/01033101.tar.gz
HTAR: a   DC2_ImSim/Run2.1i/instCat/00991924to01059856/01033102.tar.gz
HTAR: a   DC2_ImSim/Run2.1i/instCat/00991924to01059856/01033103.tar.gz
HTAR: a   DC2_ImSim/Run2.1i/instCat/00991924to01059856/01033104.tar.gz
HTAR: a   DC2_ImSim/Run2.1i/instCat/00991924to01059856/01033105.tar.gz
HTAR: a   DC2_ImSim/Run2.1i/instCat/00991924to01059856/01033106.tar.gz
HTAR: a   DC2_ImSim/Run2.1i/instCat/00991924to01059856/01033107.tar.gz
HTAR: a   DC2_ImSim/Run2.1i/instCat/00991924to01059856/01033108.tar.gz
HTAR: a   DC2_ImSim/Run2.1i/instCat/00991924to01059856/01033109.tar.gz
HTAR: a   DC2_ImSim/Run2.1i/instCat/00991924to01059856/01033110.tar.gz
HTAR: a   DC2_ImSim/Run2.1i/instCat/00991924to01059856/01033112.tar.gz
HTAR: a   DC2_ImSim/Run2.1i/instCat/00991924to01059856/01033120.tar.gz
HTAR: a   DC2_ImSim/Run2.1i/instCat/00991924to01059856/01033121.tar.gz
HTAR: a   DC2_ImSim/Run2.1i/instCat/00991924to01059856/01033122.tar.gz
HTAR: a   DC2_ImSim/Run2.1i/instCat/00991924to01059856/01033127.tar.gz
HTAR: a   DC2_ImSim/Run2.1i/instCat/00991924to01059856/01033128.tar.gz
HTAR: a   DC2_ImSim/Run2.1i/instCat/00991924to01059856/01033129.tar.gz
HTAR: a   DC2_ImSim/Run2.1i/instCat/00991924to01059856/01033130.tar.gz
HTAR: a   DC2_ImSim/Run2.1i/instCat/00991924to01059856/01033131.tar.gz
HTAR: a   DC2_ImSim/Run2.1i/instCat/00991924to01059856/01033132.tar.gz
HTAR: a   DC2_ImSim/Run2.1i/instCat/00991924to01059856/01033133.tar.gz
HTAR: a   DC2_ImSim/Run2.1i/instCat/00991924to01059856/01033134.tar.gz
HTAR: a   DC2_ImSim/Run2.1i/instCat/00991924to01059856/01033135.tar.gz
HTAR: a   DC2_ImSim/Run2.1i/instCat/00991924to01059856/01033136.tar.gz
HTAR: a   DC2_ImSim/Run2.1i/instCat/00991924to01059856/01033137.tar.gz
HTAR: a   DC2_ImSim/Run2.1i/instCat/00991924to01059856/01033937.tar.gz
HTAR: a   DC2_ImSim/Run2.1i/instCat/00991924to01059856/01033938.tar.gz
HTAR: a   DC2_ImSim/Run2.1i/instCat/00991924to01059856/01033939.tar.gz
HTAR: a   DC2_ImSim/Run2.1i/instCat/00991924to01059856/01033940.tar.gz
HTAR: a   DC2_ImSim/Run2.1i/instCat/00991924to01059856/01033941.tar.gz
HTAR: a   DC2_ImSim/Run2.1i/instCat/00991924to01059856/01033942.tar.gz
HTAR: a   DC2_ImSim/Run2.1i/instCat/00991924to01059856/01033955.tar.gz
HTAR: a   DC2_ImSim/Run2.1i/instCat/00991924to01059856/01033956.tar.gz
HTAR: a   DC2_ImSim/Run2.1i/instCat/00991924to01059856/01033957.tar.gz
HTAR: a   DC2_ImSim/Run2.1i/instCat/00991924to01059856/01033958.tar.gz
HTAR: a   DC2_ImSim/Run2.1i/instCat/00991924to01059856/01033959.tar.gz
HTAR: a   /tmp/HTAR_CF_CHK_63025_1561328581
HTAR Create complete for /home/projects/desc/DC2_ImSim/Run2.1i/instCat/00991924to01059856/01029869to01033959.tar. 488,133,301,760 bytes written for 111 member files, max threads: 3 Transfer time: 2564.391 seconds (190.351 MB/s) wallclock/user/sys: 2564.646 3040.702 1322.222 seconds
HTAR: HTAR SUCCESSFUL
HTAR: a   DC2_ImSim/Run2.1i/instCat/00991924to01059856/01033986.tar.gz
HTAR: a   DC2_ImSim/Run2.1i/instCat/00991924to01059856/01033987.tar.gz
HTAR: a   DC2_ImSim/Run2.1i/instCat/00991924to01059856/01033988.tar.gz
HTAR: a   DC2_ImSim/Run2.1i/instCat/00991924to01059856/01033989.tar.gz
HTAR: a   DC2_ImSim/Run2.1i/instCat/00991924to01059856/01033996.tar.gz
HTAR: a   DC2_ImSim/Run2.1i/instCat/00991924to01059856/01033997.tar.gz
HTAR: a   DC2_ImSim/Run2.1i/instCat/00991924to01059856/01033998.tar.gz
HTAR: a   DC2_ImSim/Run2.1i/instCat/00991924to01059856/01033999.tar.gz
HTAR: a   DC2_ImSim/Run2.1i/instCat/00991924to01059856/01034000.tar.gz
HTAR: a   DC2_ImSim/Run2.1i/instCat/00991924to01059856/01034001.tar.gz
HTAR: a   DC2_ImSim/Run2.1i/instCat/00991924to01059856/01034002.tar.gz
HTAR: a   DC2_ImSim/Run2.1i/instCat/00991924to01059856/01034026.tar.gz
HTAR: a   DC2_ImSim/Run2.1i/instCat/00991924to01059856/01034036.tar.gz
HTAR: a   DC2_ImSim/Run2.1i/instCat/00991924to01059856/01034037.tar.gz
HTAR: a   DC2_ImSim/Run2.1i/instCat/00991924to01059856/01034038.tar.gz
HTAR: a   DC2_ImSim/Run2.1i/instCat/00991924to01059856/01034040.tar.gz
HTAR: a   DC2_ImSim/Run2.1i/instCat/00991924to01059856/01034041.tar.gz
HTAR: a   DC2_ImSim/Run2.1i/instCat/00991924to01059856/01034042.tar.gz
HTAR: a   DC2_ImSim/Run2.1i/instCat/00991924to01059856/01034762.tar.gz
HTAR: a   DC2_ImSim/Run2.1i/instCat/00991924to01059856/01034765.tar.gz
HTAR: a   DC2_ImSim/Run2.1i/instCat/00991924to01059856/01034766.tar.gz
HTAR: a   DC2_ImSim/Run2.1i/instCat/00991924to01059856/01034767.tar.gz
HTAR: a   DC2_ImSim/Run2.1i/instCat/00991924to01059856/01034769.tar.gz
HTAR: a   DC2_ImSim/Run2.1i/instCat/00991924to01059856/01034770.tar.gz
HTAR: a   DC2_ImSim/Run2.1i/instCat/00991924to01059856/01034771.tar.gz
HTAR: a   DC2_ImSim/Run2.1i/instCat/00991924to01059856/01034779.tar.gz
HTAR: a   DC2_ImSim/Run2.1i/instCat/00991924to01059856/01034781.tar.gz
HTAR: a   DC2_ImSim/Run2.1i/instCat/00991924to01059856/01034782.tar.gz
HTAR: a   DC2_ImSim/Run2.1i/instCat/00991924to01059856/01034783.tar.gz
HTAR: a   DC2_ImSim/Run2.1i/instCat/00991924to01059856/01034784.tar.gz
HTAR: a   DC2_ImSim/Run2.1i/instCat/00991924to01059856/01034785.tar.gz
HTAR: a   DC2_ImSim/Run2.1i/instCat/00991924to01059856/01034786.tar.gz
HTAR: a   DC2_ImSim/Run2.1i/instCat/00991924to01059856/01034787.tar.gz
HTAR: a   DC2_ImSim/Run2.1i/instCat/00991924to01059856/01034788.tar.gz
HTAR: a   DC2_ImSim/Run2.1i/instCat/00991924to01059856/01034789.tar.gz
HTAR: a   DC2_ImSim/Run2.1i/instCat/00991924to01059856/01034791.tar.gz
HTAR: a   DC2_ImSim/Run2.1i/instCat/00991924to01059856/01034820.tar.gz
HTAR: a   DC2_ImSim/Run2.1i/instCat/00991924to01059856/01034821.tar.gz
HTAR: a   DC2_ImSim/Run2.1i/instCat/00991924to01059856/01034834.tar.gz
HTAR: a   DC2_ImSim/Run2.1i/instCat/00991924to01059856/01034846.tar.gz
HTAR: a   DC2_ImSim/Run2.1i/instCat/00991924to01059856/01034847.tar.gz
HTAR: a   DC2_ImSim/Run2.1i/instCat/00991924to01059856/01035556.tar.gz
HTAR: a   DC2_ImSim/Run2.1i/instCat/00991924to01059856/01036413.tar.gz
HTAR: a   DC2_ImSim/Run2.1i/instCat/00991924to01059856/01036433.tar.gz
HTAR: a   DC2_ImSim/Run2.1i/instCat/00991924to01059856/01036443.tar.gz
HTAR: a   DC2_ImSim/Run2.1i/instCat/00991924to01059856/01036444.tar.gz
HTAR: a   DC2_ImSim/Run2.1i/instCat/00991924to01059856/01036445.tar.gz
HTAR: a   DC2_ImSim/Run2.1i/instCat/00991924to01059856/01036469.tar.gz
HTAR: a   DC2_ImSim/Run2.1i/instCat/00991924to01059856/01036474.tar.gz
HTAR: a   DC2_ImSim/Run2.1i/instCat/00991924to01059856/01036475.tar.gz
HTAR: a   DC2_ImSim/Run2.1i/instCat/00991924to01059856/01036504.tar.gz
HTAR: a   DC2_ImSim/Run2.1i/instCat/00991924to01059856/01036508.tar.gz
HTAR: a   DC2_ImSim/Run2.1i/instCat/00991924to01059856/01036509.tar.gz
HTAR: a   DC2_ImSim/Run2.1i/instCat/00991924to01059856/01036510.tar.gz
HTAR: a   DC2_ImSim/Run2.1i/instCat/00991924to01059856/01036511.tar.gz
HTAR: a   DC2_ImSim/Run2.1i/instCat/00991924to01059856/01036540.tar.gz
HTAR: a   DC2_ImSim/Run2.1i/instCat/00991924to01059856/01036541.tar.gz
HTAR: a   DC2_ImSim/Run2.1i/instCat/00991924to01059856/01037330.tar.gz
HTAR: a   DC2_ImSim/Run2.1i/instCat/00991924to01059856/01037341.tar.gz
HTAR: a   DC2_ImSim/Run2.1i/instCat/00991924to01059856/01037342.tar.gz
HTAR: a   DC2_ImSim/Run2.1i/instCat/00991924to01059856/01037343.tar.gz
HTAR: a   DC2_ImSim/Run2.1i/instCat/00991924to01059856/01038170.tar.gz
HTAR: a   DC2_ImSim/Run2.1i/instCat/00991924to01059856/01038205.tar.gz
HTAR: a   DC2_ImSim/Run2.1i/instCat/00991924to01059856/01038206.tar.gz
HTAR: a   DC2_ImSim/Run2.1i/instCat/00991924to01059856/01038210.tar.gz
HTAR: a   DC2_ImSim/Run2.1i/instCat/00991924to01059856/01038211.tar.gz
HTAR: a   DC2_ImSim/Run2.1i/instCat/00991924to01059856/01038212.tar.gz
HTAR: a   DC2_ImSim/Run2.1i/instCat/00991924to01059856/01038213.tar.gz
HTAR: a   DC2_ImSim/Run2.1i/instCat/00991924to01059856/01038214.tar.gz
HTAR: a   DC2_ImSim/Run2.1i/instCat/00991924to01059856/01038215.tar.gz
HTAR: a   DC2_ImSim/Run2.1i/instCat/00991924to01059856/01038216.tar.gz
HTAR: a   DC2_ImSim/Run2.1i/instCat/00991924to01059856/01038217.tar.gz
HTAR: a   DC2_ImSim/Run2.1i/instCat/00991924to01059856/01038218.tar.gz
HTAR: a   DC2_ImSim/Run2.1i/instCat/00991924to01059856/01038219.tar.gz
HTAR: a   DC2_ImSim/Run2.1i/instCat/00991924to01059856/01038221.tar.gz
HTAR: a   DC2_ImSim/Run2.1i/instCat/00991924to01059856/01038222.tar.gz
HTAR: a   DC2_ImSim/Run2.1i/instCat/00991924to01059856/01038223.tar.gz
HTAR: a   DC2_ImSim/Run2.1i/instCat/00991924to01059856/01038230.tar.gz
HTAR: a   DC2_ImSim/Run2.1i/instCat/00991924to01059856/01038231.tar.gz
HTAR: a   DC2_ImSim/Run2.1i/instCat/00991924to01059856/01038237.tar.gz
HTAR: a   DC2_ImSim/Run2.1i/instCat/00991924to01059856/01039003.tar.gz
HTAR: a   DC2_ImSim/Run2.1i/instCat/00991924to01059856/01039006.tar.gz
HTAR: a   DC2_ImSim/Run2.1i/instCat/00991924to01059856/01039015.tar.gz
HTAR: a   DC2_ImSim/Run2.1i/instCat/00991924to01059856/01039022.tar.gz
HTAR: a   DC2_ImSim/Run2.1i/instCat/00991924to01059856/01039023.tar.gz
HTAR: a   DC2_ImSim/Run2.1i/instCat/00991924to01059856/01039028.tar.gz
HTAR: a   DC2_ImSim/Run2.1i/instCat/00991924to01059856/01039029.tar.gz
HTAR: a   DC2_ImSim/Run2.1i/instCat/00991924to01059856/01039915.tar.gz
HTAR: a   DC2_ImSim/Run2.1i/instCat/00991924to01059856/01039916.tar.gz
HTAR: a   DC2_ImSim/Run2.1i/instCat/00991924to01059856/01039917.tar.gz
HTAR: a   DC2_ImSim/Run2.1i/instCat/00991924to01059856/01039918.tar.gz
HTAR: a   DC2_ImSim/Run2.1i/instCat/00991924to01059856/01039920.tar.gz
HTAR: a   DC2_ImSim/Run2.1i/instCat/00991924to01059856/01039921.tar.gz
HTAR: a   DC2_ImSim/Run2.1i/instCat/00991924to01059856/01039922.tar.gz
HTAR: a   DC2_ImSim/Run2.1i/instCat/00991924to01059856/01039923.tar.gz
HTAR: a   DC2_ImSim/Run2.1i/instCat/00991924to01059856/01039924.tar.gz
HTAR: a   DC2_ImSim/Run2.1i/instCat/00991924to01059856/01039925.tar.gz
HTAR: a   DC2_ImSim/Run2.1i/instCat/00991924to01059856/01039926.tar.gz
HTAR: a   DC2_ImSim/Run2.1i/instCat/00991924to01059856/01039927.tar.gz
HTAR: a   DC2_ImSim/Run2.1i/instCat/00991924to01059856/01039928.tar.gz
HTAR: a   DC2_ImSim/Run2.1i/instCat/00991924to01059856/01039929.tar.gz
HTAR: a   DC2_ImSim/Run2.1i/instCat/00991924to01059856/01039930.tar.gz
HTAR: a   DC2_ImSim/Run2.1i/instCat/00991924to01059856/01039931.tar.gz
HTAR: a   DC2_ImSim/Run2.1i/instCat/00991924to01059856/01039932.tar.gz
HTAR: a   DC2_ImSim/Run2.1i/instCat/00991924to01059856/01039933.tar.gz
HTAR: a   DC2_ImSim/Run2.1i/instCat/00991924to01059856/01039934.tar.gz
HTAR: a   DC2_ImSim/Run2.1i/instCat/00991924to01059856/01039937.tar.gz
HTAR: a   DC2_ImSim/Run2.1i/instCat/00991924to01059856/01039948.tar.gz
HTAR: a   DC2_ImSim/Run2.1i/instCat/00991924to01059856/01039949.tar.gz
HTAR: a   DC2_ImSim/Run2.1i/instCat/00991924to01059856/01039954.tar.gz
HTAR: a   DC2_ImSim/Run2.1i/instCat/00991924to01059856/01039955.tar.gz
HTAR: a   /tmp/HTAR_CF_CHK_55870_1561331149
HTAR Create complete for /home/projects/desc/DC2_ImSim/Run2.1i/instCat/00991924to01059856/01033986to01039955.tar. 471,055,312,896 bytes written for 111 member files, max threads: 2 Transfer time: 2553.662 seconds (184.463 MB/s) wallclock/user/sys: 2553.787 3022.053 1327.307 seconds
HTAR: HTAR SUCCESSFUL
HTAR: a   DC2_ImSim/Run2.1i/instCat/00991924to01059856/01039956.tar.gz
HTAR: a   DC2_ImSim/Run2.1i/instCat/00991924to01059856/01039957.tar.gz
HTAR: a   DC2_ImSim/Run2.1i/instCat/00991924to01059856/01039958.tar.gz
HTAR: a   DC2_ImSim/Run2.1i/instCat/00991924to01059856/01039959.tar.gz
HTAR: a   DC2_ImSim/Run2.1i/instCat/00991924to01059856/01039960.tar.gz
HTAR: a   DC2_ImSim/Run2.1i/instCat/00991924to01059856/01039961.tar.gz
HTAR: a   DC2_ImSim/Run2.1i/instCat/00991924to01059856/01039962.tar.gz
HTAR: a   DC2_ImSim/Run2.1i/instCat/00991924to01059856/01039963.tar.gz
HTAR: a   DC2_ImSim/Run2.1i/instCat/00991924to01059856/01039965.tar.gz
HTAR: a   DC2_ImSim/Run2.1i/instCat/00991924to01059856/01040008.tar.gz
HTAR: a   DC2_ImSim/Run2.1i/instCat/00991924to01059856/01040729.tar.gz
HTAR: a   DC2_ImSim/Run2.1i/instCat/00991924to01059856/01040730.tar.gz
HTAR: a   DC2_ImSim/Run2.1i/instCat/00991924to01059856/01040733.tar.gz
HTAR: a   DC2_ImSim/Run2.1i/instCat/00991924to01059856/01040734.tar.gz
HTAR: a   DC2_ImSim/Run2.1i/instCat/00991924to01059856/01040736.tar.gz
HTAR: a   DC2_ImSim/Run2.1i/instCat/00991924to01059856/01040757.tar.gz
HTAR: a   DC2_ImSim/Run2.1i/instCat/00991924to01059856/01040758.tar.gz
HTAR: a   DC2_ImSim/Run2.1i/instCat/00991924to01059856/01040759.tar.gz
HTAR: a   DC2_ImSim/Run2.1i/instCat/00991924to01059856/01040761.tar.gz
HTAR: a   DC2_ImSim/Run2.1i/instCat/00991924to01059856/01040764.tar.gz
HTAR: a   DC2_ImSim/Run2.1i/instCat/00991924to01059856/01041602.tar.gz
HTAR: a   DC2_ImSim/Run2.1i/instCat/00991924to01059856/01041699.tar.gz
HTAR: a   DC2_ImSim/Run2.1i/instCat/00991924to01059856/01041700.tar.gz
HTAR: a   DC2_ImSim/Run2.1i/instCat/00991924to01059856/01041701.tar.gz
HTAR: a   DC2_ImSim/Run2.1i/instCat/00991924to01059856/01041707.tar.gz
HTAR: a   DC2_ImSim/Run2.1i/instCat/00991924to01059856/01041742.tar.gz
HTAR: a   DC2_ImSim/Run2.1i/instCat/00991924to01059856/01041743.tar.gz
HTAR: a   DC2_ImSim/Run2.1i/instCat/00991924to01059856/01041744.tar.gz
HTAR: a   DC2_ImSim/Run2.1i/instCat/00991924to01059856/01042416.tar.gz
HTAR: a   DC2_ImSim/Run2.1i/instCat/00991924to01059856/01042421.tar.gz
HTAR: a   DC2_ImSim/Run2.1i/instCat/00991924to01059856/01042451.tar.gz
HTAR: a   DC2_ImSim/Run2.1i/instCat/00991924to01059856/01042546.tar.gz
HTAR: a   DC2_ImSim/Run2.1i/instCat/00991924to01059856/01042547.tar.gz
HTAR: a   DC2_ImSim/Run2.1i/instCat/00991924to01059856/01042548.tar.gz
HTAR: a   DC2_ImSim/Run2.1i/instCat/00991924to01059856/01042549.tar.gz
HTAR: a   DC2_ImSim/Run2.1i/instCat/00991924to01059856/01042550.tar.gz
HTAR: a   DC2_ImSim/Run2.1i/instCat/00991924to01059856/01042551.tar.gz
HTAR: a   DC2_ImSim/Run2.1i/instCat/00991924to01059856/01042552.tar.gz
HTAR: a   DC2_ImSim/Run2.1i/instCat/00991924to01059856/01042553.tar.gz
HTAR: a   DC2_ImSim/Run2.1i/instCat/00991924to01059856/01042556.tar.gz
HTAR: a   DC2_ImSim/Run2.1i/instCat/00991924to01059856/01042590.tar.gz
HTAR: a   DC2_ImSim/Run2.1i/instCat/00991924to01059856/01043259.tar.gz
HTAR: a   DC2_ImSim/Run2.1i/instCat/00991924to01059856/01043263.tar.gz
HTAR: a   DC2_ImSim/Run2.1i/instCat/00991924to01059856/01043264.tar.gz
HTAR: a   DC2_ImSim/Run2.1i/instCat/00991924to01059856/01043268.tar.gz
HTAR: a   DC2_ImSim/Run2.1i/instCat/00991924to01059856/01043269.tar.gz
HTAR: a   DC2_ImSim/Run2.1i/instCat/00991924to01059856/01043299.tar.gz
HTAR: a   DC2_ImSim/Run2.1i/instCat/00991924to01059856/01043300.tar.gz
HTAR: a   DC2_ImSim/Run2.1i/instCat/00991924to01059856/01043301.tar.gz
HTAR: a   DC2_ImSim/Run2.1i/instCat/00991924to01059856/01043302.tar.gz
HTAR: a   DC2_ImSim/Run2.1i/instCat/00991924to01059856/01043303.tar.gz
HTAR: a   DC2_ImSim/Run2.1i/instCat/00991924to01059856/01043304.tar.gz
HTAR: a   DC2_ImSim/Run2.1i/instCat/00991924to01059856/01044102.tar.gz
HTAR: a   DC2_ImSim/Run2.1i/instCat/00991924to01059856/01044130.tar.gz
HTAR: a   DC2_ImSim/Run2.1i/instCat/00991924to01059856/01044141.tar.gz
HTAR: a   DC2_ImSim/Run2.1i/instCat/00991924to01059856/01044142.tar.gz
HTAR: a   DC2_ImSim/Run2.1i/instCat/00991924to01059856/01044143.tar.gz
HTAR: a   DC2_ImSim/Run2.1i/instCat/00991924to01059856/01044144.tar.gz
HTAR: a   DC2_ImSim/Run2.1i/instCat/00991924to01059856/01044145.tar.gz
HTAR: a   DC2_ImSim/Run2.1i/instCat/00991924to01059856/01045023.tar.gz
HTAR: a   DC2_ImSim/Run2.1i/instCat/00991924to01059856/01045122.tar.gz
HTAR: a   DC2_ImSim/Run2.1i/instCat/00991924to01059856/01045123.tar.gz
HTAR: a   DC2_ImSim/Run2.1i/instCat/00991924to01059856/01045804.tar.gz
HTAR: a   DC2_ImSim/Run2.1i/instCat/00991924to01059856/01045810.tar.gz
HTAR: a   DC2_ImSim/Run2.1i/instCat/00991924to01059856/01045811.tar.gz
HTAR: a   DC2_ImSim/Run2.1i/instCat/00991924to01059856/01045814.tar.gz
HTAR: a   DC2_ImSim/Run2.1i/instCat/00991924to01059856/01045815.tar.gz
HTAR: a   DC2_ImSim/Run2.1i/instCat/00991924to01059856/01045821.tar.gz
HTAR: a   DC2_ImSim/Run2.1i/instCat/00991924to01059856/01045822.tar.gz
HTAR: a   DC2_ImSim/Run2.1i/instCat/00991924to01059856/01045848.tar.gz
HTAR: a   DC2_ImSim/Run2.1i/instCat/00991924to01059856/01045849.tar.gz
HTAR: a   DC2_ImSim/Run2.1i/instCat/00991924to01059856/01045850.tar.gz
HTAR: a   DC2_ImSim/Run2.1i/instCat/00991924to01059856/01045851.tar.gz
HTAR: a   DC2_ImSim/Run2.1i/instCat/00991924to01059856/01045861.tar.gz
HTAR: a   DC2_ImSim/Run2.1i/instCat/00991924to01059856/01045910.tar.gz
HTAR: a   DC2_ImSim/Run2.1i/instCat/00991924to01059856/01045911.tar.gz
HTAR: a   DC2_ImSim/Run2.1i/instCat/00991924to01059856/01045912.tar.gz
HTAR: a   DC2_ImSim/Run2.1i/instCat/00991924to01059856/01045913.tar.gz
HTAR: a   DC2_ImSim/Run2.1i/instCat/00991924to01059856/01045914.tar.gz
HTAR: a   DC2_ImSim/Run2.1i/instCat/00991924to01059856/01045915.tar.gz
HTAR: a   DC2_ImSim/Run2.1i/instCat/00991924to01059856/01045924.tar.gz
HTAR: a   DC2_ImSim/Run2.1i/instCat/00991924to01059856/01045943.tar.gz
HTAR: a   DC2_ImSim/Run2.1i/instCat/00991924to01059856/01045944.tar.gz
HTAR: a   DC2_ImSim/Run2.1i/instCat/00991924to01059856/01046586.tar.gz
HTAR: a   DC2_ImSim/Run2.1i/instCat/00991924to01059856/01046589.tar.gz
HTAR: a   DC2_ImSim/Run2.1i/instCat/00991924to01059856/01046616.tar.gz
HTAR: a   DC2_ImSim/Run2.1i/instCat/00991924to01059856/01047454.tar.gz
HTAR: a   DC2_ImSim/Run2.1i/instCat/00991924to01059856/01047459.tar.gz
HTAR: a   DC2_ImSim/Run2.1i/instCat/00991924to01059856/01047471.tar.gz
HTAR: a   DC2_ImSim/Run2.1i/instCat/00991924to01059856/01047472.tar.gz
HTAR: a   DC2_ImSim/Run2.1i/instCat/00991924to01059856/01047473.tar.gz
HTAR: a   DC2_ImSim/Run2.1i/instCat/00991924to01059856/01047474.tar.gz
HTAR: a   DC2_ImSim/Run2.1i/instCat/00991924to01059856/01047475.tar.gz
HTAR: a   DC2_ImSim/Run2.1i/instCat/00991924to01059856/01047482.tar.gz
HTAR: a   DC2_ImSim/Run2.1i/instCat/00991924to01059856/01047483.tar.gz
HTAR: a   DC2_ImSim/Run2.1i/instCat/00991924to01059856/01047484.tar.gz
HTAR: a   DC2_ImSim/Run2.1i/instCat/00991924to01059856/01048386.tar.gz
HTAR: a   DC2_ImSim/Run2.1i/instCat/00991924to01059856/01048387.tar.gz
HTAR: a   DC2_ImSim/Run2.1i/instCat/00991924to01059856/01048388.tar.gz
HTAR: a   DC2_ImSim/Run2.1i/instCat/00991924to01059856/01048389.tar.gz
HTAR: a   DC2_ImSim/Run2.1i/instCat/00991924to01059856/01048390.tar.gz
HTAR: a   DC2_ImSim/Run2.1i/instCat/00991924to01059856/01048391.tar.gz
HTAR: a   DC2_ImSim/Run2.1i/instCat/00991924to01059856/01049301.tar.gz
HTAR: a   DC2_ImSim/Run2.1i/instCat/00991924to01059856/01049303.tar.gz
HTAR: a   DC2_ImSim/Run2.1i/instCat/00991924to01059856/01049304.tar.gz
HTAR: a   DC2_ImSim/Run2.1i/instCat/00991924to01059856/01049305.tar.gz
HTAR: a   DC2_ImSim/Run2.1i/instCat/00991924to01059856/01049306.tar.gz
HTAR: a   DC2_ImSim/Run2.1i/instCat/00991924to01059856/01049322.tar.gz
HTAR: a   DC2_ImSim/Run2.1i/instCat/00991924to01059856/01049323.tar.gz
HTAR: a   DC2_ImSim/Run2.1i/instCat/00991924to01059856/01049324.tar.gz
HTAR: a   DC2_ImSim/Run2.1i/instCat/00991924to01059856/01049325.tar.gz
HTAR: a   /tmp/HTAR_CF_CHK_47283_1561333707
HTAR Create complete for /home/projects/desc/DC2_ImSim/Run2.1i/instCat/00991924to01059856/01039956to01049325.tar. 471,996,396,544 bytes written for 111 member files, max threads: 3 Transfer time: 2621.685 seconds (180.036 MB/s) wallclock/user/sys: 2623.004 3093.547 1363.918 seconds
HTAR: HTAR SUCCESSFUL
HTAR: a   DC2_ImSim/Run2.1i/instCat/00991924to01059856/01049326.tar.gz
HTAR: a   DC2_ImSim/Run2.1i/instCat/00991924to01059856/01049327.tar.gz
HTAR: a   DC2_ImSim/Run2.1i/instCat/00991924to01059856/01049328.tar.gz
HTAR: a   DC2_ImSim/Run2.1i/instCat/00991924to01059856/01049329.tar.gz
HTAR: a   DC2_ImSim/Run2.1i/instCat/00991924to01059856/01049330.tar.gz
HTAR: a   DC2_ImSim/Run2.1i/instCat/00991924to01059856/01049331.tar.gz
HTAR: a   DC2_ImSim/Run2.1i/instCat/00991924to01059856/01049332.tar.gz
HTAR: a   DC2_ImSim/Run2.1i/instCat/00991924to01059856/01049333.tar.gz
HTAR: a   DC2_ImSim/Run2.1i/instCat/00991924to01059856/01049334.tar.gz
HTAR: a   DC2_ImSim/Run2.1i/instCat/00991924to01059856/01049335.tar.gz
HTAR: a   DC2_ImSim/Run2.1i/instCat/00991924to01059856/01049336.tar.gz
HTAR: a   DC2_ImSim/Run2.1i/instCat/00991924to01059856/01049353.tar.gz
HTAR: a   DC2_ImSim/Run2.1i/instCat/00991924to01059856/01049354.tar.gz
HTAR: a   DC2_ImSim/Run2.1i/instCat/00991924to01059856/01049355.tar.gz
HTAR: a   DC2_ImSim/Run2.1i/instCat/00991924to01059856/01049356.tar.gz
HTAR: a   DC2_ImSim/Run2.1i/instCat/00991924to01059856/01049357.tar.gz
HTAR: a   DC2_ImSim/Run2.1i/instCat/00991924to01059856/01049358.tar.gz
HTAR: a   DC2_ImSim/Run2.1i/instCat/00991924to01059856/01049359.tar.gz
HTAR: a   DC2_ImSim/Run2.1i/instCat/00991924to01059856/01049361.tar.gz
HTAR: a   DC2_ImSim/Run2.1i/instCat/00991924to01059856/01049362.tar.gz
HTAR: a   DC2_ImSim/Run2.1i/instCat/00991924to01059856/01049363.tar.gz
HTAR: a   DC2_ImSim/Run2.1i/instCat/00991924to01059856/01049364.tar.gz
HTAR: a   DC2_ImSim/Run2.1i/instCat/00991924to01059856/01049365.tar.gz
HTAR: a   DC2_ImSim/Run2.1i/instCat/00991924to01059856/01049366.tar.gz
HTAR: a   DC2_ImSim/Run2.1i/instCat/00991924to01059856/01049367.tar.gz
HTAR: a   DC2_ImSim/Run2.1i/instCat/00991924to01059856/01049368.tar.gz
HTAR: a   DC2_ImSim/Run2.1i/instCat/00991924to01059856/01049369.tar.gz
HTAR: a   DC2_ImSim/Run2.1i/instCat/00991924to01059856/01049370.tar.gz
HTAR: a   DC2_ImSim/Run2.1i/instCat/00991924to01059856/01049371.tar.gz
HTAR: a   DC2_ImSim/Run2.1i/instCat/00991924to01059856/01049376.tar.gz
HTAR: a   DC2_ImSim/Run2.1i/instCat/00991924to01059856/01049378.tar.gz
HTAR: a   DC2_ImSim/Run2.1i/instCat/00991924to01059856/01049379.tar.gz
HTAR: a   DC2_ImSim/Run2.1i/instCat/00991924to01059856/01049380.tar.gz
HTAR: a   DC2_ImSim/Run2.1i/instCat/00991924to01059856/01049381.tar.gz
HTAR: a   DC2_ImSim/Run2.1i/instCat/00991924to01059856/01049397.tar.gz
HTAR: a   DC2_ImSim/Run2.1i/instCat/00991924to01059856/01049398.tar.gz
HTAR: a   DC2_ImSim/Run2.1i/instCat/00991924to01059856/01049399.tar.gz
HTAR: a   DC2_ImSim/Run2.1i/instCat/00991924to01059856/01049423.tar.gz
HTAR: a   DC2_ImSim/Run2.1i/instCat/00991924to01059856/01049424.tar.gz
HTAR: a   DC2_ImSim/Run2.1i/instCat/00991924to01059856/01051935.tar.gz
HTAR: a   DC2_ImSim/Run2.1i/instCat/00991924to01059856/01052843.tar.gz
HTAR: a   DC2_ImSim/Run2.1i/instCat/00991924to01059856/01052852.tar.gz
HTAR: a   DC2_ImSim/Run2.1i/instCat/00991924to01059856/01052861.tar.gz
HTAR: a   DC2_ImSim/Run2.1i/instCat/00991924to01059856/01052882.tar.gz
HTAR: a   DC2_ImSim/Run2.1i/instCat/00991924to01059856/01052883.tar.gz
HTAR: a   DC2_ImSim/Run2.1i/instCat/00991924to01059856/01052884.tar.gz
HTAR: a   DC2_ImSim/Run2.1i/instCat/00991924to01059856/01052885.tar.gz
HTAR: a   DC2_ImSim/Run2.1i/instCat/00991924to01059856/01052886.tar.gz
HTAR: a   DC2_ImSim/Run2.1i/instCat/00991924to01059856/01052887.tar.gz
HTAR: a   DC2_ImSim/Run2.1i/instCat/00991924to01059856/01052888.tar.gz
HTAR: a   DC2_ImSim/Run2.1i/instCat/00991924to01059856/01052889.tar.gz
HTAR: a   DC2_ImSim/Run2.1i/instCat/00991924to01059856/01052890.tar.gz
HTAR: a   DC2_ImSim/Run2.1i/instCat/00991924to01059856/01052891.tar.gz
HTAR: a   DC2_ImSim/Run2.1i/instCat/00991924to01059856/01052893.tar.gz
HTAR: a   DC2_ImSim/Run2.1i/instCat/00991924to01059856/01052894.tar.gz
HTAR: a   DC2_ImSim/Run2.1i/instCat/00991924to01059856/01052895.tar.gz
HTAR: a   DC2_ImSim/Run2.1i/instCat/00991924to01059856/01052901.tar.gz
HTAR: a   DC2_ImSim/Run2.1i/instCat/00991924to01059856/01052902.tar.gz
HTAR: a   DC2_ImSim/Run2.1i/instCat/00991924to01059856/01052920.tar.gz
HTAR: a   DC2_ImSim/Run2.1i/instCat/00991924to01059856/01052921.tar.gz
HTAR: a   DC2_ImSim/Run2.1i/instCat/00991924to01059856/01052922.tar.gz
HTAR: a   DC2_ImSim/Run2.1i/instCat/00991924to01059856/01052923.tar.gz
HTAR: a   DC2_ImSim/Run2.1i/instCat/00991924to01059856/01052924.tar.gz
HTAR: a   DC2_ImSim/Run2.1i/instCat/00991924to01059856/01052925.tar.gz
HTAR: a   DC2_ImSim/Run2.1i/instCat/00991924to01059856/01052935.tar.gz
HTAR: a   DC2_ImSim/Run2.1i/instCat/00991924to01059856/01052937.tar.gz
HTAR: a   DC2_ImSim/Run2.1i/instCat/00991924to01059856/01052938.tar.gz
HTAR: a   DC2_ImSim/Run2.1i/instCat/00991924to01059856/01052939.tar.gz
HTAR: a   DC2_ImSim/Run2.1i/instCat/00991924to01059856/01052940.tar.gz
HTAR: a   DC2_ImSim/Run2.1i/instCat/00991924to01059856/01052941.tar.gz
HTAR: a   DC2_ImSim/Run2.1i/instCat/00991924to01059856/01052942.tar.gz
HTAR: a   DC2_ImSim/Run2.1i/instCat/00991924to01059856/01053724.tar.gz
HTAR: a   DC2_ImSim/Run2.1i/instCat/00991924to01059856/01053725.tar.gz
HTAR: a   DC2_ImSim/Run2.1i/instCat/00991924to01059856/01053726.tar.gz
HTAR: a   DC2_ImSim/Run2.1i/instCat/00991924to01059856/01053727.tar.gz
HTAR: a   DC2_ImSim/Run2.1i/instCat/00991924to01059856/01053760.tar.gz
HTAR: a   DC2_ImSim/Run2.1i/instCat/00991924to01059856/01053761.tar.gz
HTAR: a   DC2_ImSim/Run2.1i/instCat/00991924to01059856/01053762.tar.gz
HTAR: a   DC2_ImSim/Run2.1i/instCat/00991924to01059856/01053794.tar.gz
HTAR: a   DC2_ImSim/Run2.1i/instCat/00991924to01059856/01053795.tar.gz
HTAR: a   DC2_ImSim/Run2.1i/instCat/00991924to01059856/01053796.tar.gz
HTAR: a   DC2_ImSim/Run2.1i/instCat/00991924to01059856/01053797.tar.gz
HTAR: a   DC2_ImSim/Run2.1i/instCat/00991924to01059856/01053798.tar.gz
HTAR: a   DC2_ImSim/Run2.1i/instCat/00991924to01059856/01053799.tar.gz
HTAR: a   DC2_ImSim/Run2.1i/instCat/00991924to01059856/01053800.tar.gz
HTAR: a   DC2_ImSim/Run2.1i/instCat/00991924to01059856/01053801.tar.gz
HTAR: a   DC2_ImSim/Run2.1i/instCat/00991924to01059856/01053823.tar.gz
HTAR: a   DC2_ImSim/Run2.1i/instCat/00991924to01059856/01053825.tar.gz
HTAR: a   DC2_ImSim/Run2.1i/instCat/00991924to01059856/01053826.tar.gz
HTAR: a   DC2_ImSim/Run2.1i/instCat/00991924to01059856/01055539.tar.gz
HTAR: a   DC2_ImSim/Run2.1i/instCat/00991924to01059856/01055547.tar.gz
HTAR: a   DC2_ImSim/Run2.1i/instCat/00991924to01059856/01055548.tar.gz
HTAR: a   DC2_ImSim/Run2.1i/instCat/00991924to01059856/01056404.tar.gz
HTAR: a   DC2_ImSim/Run2.1i/instCat/00991924to01059856/01056405.tar.gz
HTAR: a   DC2_ImSim/Run2.1i/instCat/00991924to01059856/01056406.tar.gz
HTAR: a   DC2_ImSim/Run2.1i/instCat/00991924to01059856/01056407.tar.gz
HTAR: a   DC2_ImSim/Run2.1i/instCat/00991924to01059856/01056408.tar.gz
HTAR: a   DC2_ImSim/Run2.1i/instCat/00991924to01059856/01056409.tar.gz
HTAR: a   DC2_ImSim/Run2.1i/instCat/00991924to01059856/01056410.tar.gz
HTAR: a   DC2_ImSim/Run2.1i/instCat/00991924to01059856/01056411.tar.gz
HTAR: a   DC2_ImSim/Run2.1i/instCat/00991924to01059856/01056412.tar.gz
HTAR: a   DC2_ImSim/Run2.1i/instCat/00991924to01059856/01056413.tar.gz
HTAR: a   DC2_ImSim/Run2.1i/instCat/00991924to01059856/01056414.tar.gz
HTAR: a   DC2_ImSim/Run2.1i/instCat/00991924to01059856/01056415.tar.gz
HTAR: a   DC2_ImSim/Run2.1i/instCat/00991924to01059856/01056428.tar.gz
HTAR: a   DC2_ImSim/Run2.1i/instCat/00991924to01059856/01057358.tar.gz
HTAR: a   DC2_ImSim/Run2.1i/instCat/00991924to01059856/01057359.tar.gz
HTAR: a   DC2_ImSim/Run2.1i/instCat/00991924to01059856/01057360.tar.gz
HTAR: a   DC2_ImSim/Run2.1i/instCat/00991924to01059856/01057361.tar.gz
HTAR: a   DC2_ImSim/Run2.1i/instCat/00991924to01059856/01057401.tar.gz
HTAR: a   DC2_ImSim/Run2.1i/instCat/00991924to01059856/01059130.tar.gz
HTAR: a   /tmp/HTAR_CF_CHK_33360_1561336332
HTAR Create complete for /home/projects/desc/DC2_ImSim/Run2.1i/instCat/00991924to01059856/01049326to01059130.tar. 478,514,260,480 bytes written for 111 member files, max threads: 2 Transfer time: 2501.676 seconds (191.277 MB/s) wallclock/user/sys: 2502.352 2969.046 1288.869 seconds
HTAR: HTAR SUCCESSFUL
