HTAR: a   DC2_ImSim/Run2.1i/instCat/00991924to01059856/00992106.tar.gz
HTAR: a   DC2_ImSim/Run2.1i/instCat/00991924to01059856/00992107.tar.gz
HTAR: a   DC2_ImSim/Run2.1i/instCat/00991924to01059856/00992108.tar.gz
HTAR: a   DC2_ImSim/Run2.1i/instCat/00991924to01059856/00992109.tar.gz
HTAR: a   DC2_ImSim/Run2.1i/instCat/00991924to01059856/00992148.tar.gz
HTAR: a   DC2_ImSim/Run2.1i/instCat/00991924to01059856/00992149.tar.gz
HTAR: a   DC2_ImSim/Run2.1i/instCat/00991924to01059856/00992151.tar.gz
HTAR: a   DC2_ImSim/Run2.1i/instCat/00991924to01059856/00992152.tar.gz
HTAR: a   DC2_ImSim/Run2.1i/instCat/00991924to01059856/00992256.tar.gz
HTAR: a   DC2_ImSim/Run2.1i/instCat/00991924to01059856/00992257.tar.gz
HTAR: a   DC2_ImSim/Run2.1i/instCat/00991924to01059856/00992259.tar.gz
HTAR: a   DC2_ImSim/Run2.1i/instCat/00991924to01059856/00992265.tar.gz
HTAR: a   DC2_ImSim/Run2.1i/instCat/00991924to01059856/00992266.tar.gz
HTAR: a   DC2_ImSim/Run2.1i/instCat/00991924to01059856/00992267.tar.gz
HTAR: a   DC2_ImSim/Run2.1i/instCat/00991924to01059856/00992268.tar.gz
HTAR: a   DC2_ImSim/Run2.1i/instCat/00991924to01059856/00992269.tar.gz
HTAR: a   DC2_ImSim/Run2.1i/instCat/00991924to01059856/00992270.tar.gz
HTAR: a   DC2_ImSim/Run2.1i/instCat/00991924to01059856/00992272.tar.gz
HTAR: a   DC2_ImSim/Run2.1i/instCat/00991924to01059856/00992273.tar.gz
HTAR: a   DC2_ImSim/Run2.1i/instCat/00991924to01059856/00992274.tar.gz
HTAR: a   DC2_ImSim/Run2.1i/instCat/00991924to01059856/00992287.tar.gz
HTAR: a   DC2_ImSim/Run2.1i/instCat/00991924to01059856/00992288.tar.gz
HTAR: a   DC2_ImSim/Run2.1i/instCat/00991924to01059856/00992295.tar.gz
HTAR: a   DC2_ImSim/Run2.1i/instCat/00991924to01059856/00992296.tar.gz
HTAR: a   DC2_ImSim/Run2.1i/instCat/00991924to01059856/00992297.tar.gz
HTAR: a   DC2_ImSim/Run2.1i/instCat/00991924to01059856/00992299.tar.gz
HTAR: a   DC2_ImSim/Run2.1i/instCat/00991924to01059856/00992301.tar.gz
HTAR: a   DC2_ImSim/Run2.1i/instCat/00991924to01059856/00992302.tar.gz
HTAR: a   DC2_ImSim/Run2.1i/instCat/00991924to01059856/00992303.tar.gz
HTAR: a   DC2_ImSim/Run2.1i/instCat/00991924to01059856/00992304.tar.gz
HTAR: a   DC2_ImSim/Run2.1i/instCat/00991924to01059856/00992688.tar.gz
HTAR: a   DC2_ImSim/Run2.1i/instCat/00991924to01059856/00992689.tar.gz
HTAR: a   DC2_ImSim/Run2.1i/instCat/00991924to01059856/00992690.tar.gz
HTAR: a   DC2_ImSim/Run2.1i/instCat/00991924to01059856/00992691.tar.gz
HTAR: a   DC2_ImSim/Run2.1i/instCat/00991924to01059856/00992692.tar.gz
HTAR: a   DC2_ImSim/Run2.1i/instCat/00991924to01059856/00992693.tar.gz
HTAR: a   DC2_ImSim/Run2.1i/instCat/00991924to01059856/00992694.tar.gz
HTAR: a   DC2_ImSim/Run2.1i/instCat/00991924to01059856/00992867.tar.gz
HTAR: a   DC2_ImSim/Run2.1i/instCat/00991924to01059856/00992868.tar.gz
HTAR: a   DC2_ImSim/Run2.1i/instCat/00991924to01059856/00992870.tar.gz
HTAR: a   DC2_ImSim/Run2.1i/instCat/00991924to01059856/00992871.tar.gz
HTAR: a   DC2_ImSim/Run2.1i/instCat/00991924to01059856/00992874.tar.gz
HTAR: a   DC2_ImSim/Run2.1i/instCat/00991924to01059856/00992875.tar.gz
HTAR: a   DC2_ImSim/Run2.1i/instCat/00991924to01059856/00992876.tar.gz
HTAR: a   DC2_ImSim/Run2.1i/instCat/00991924to01059856/00992877.tar.gz
HTAR: a   DC2_ImSim/Run2.1i/instCat/00991924to01059856/00992923.tar.gz
HTAR: a   DC2_ImSim/Run2.1i/instCat/00991924to01059856/00992934.tar.gz
HTAR: a   DC2_ImSim/Run2.1i/instCat/00991924to01059856/00992935.tar.gz
HTAR: a   DC2_ImSim/Run2.1i/instCat/00991924to01059856/00992936.tar.gz
HTAR: a   DC2_ImSim/Run2.1i/instCat/00991924to01059856/00992984.tar.gz
HTAR: a   DC2_ImSim/Run2.1i/instCat/00991924to01059856/00993419.tar.gz
HTAR: a   DC2_ImSim/Run2.1i/instCat/00991924to01059856/00993420.tar.gz
HTAR: a   DC2_ImSim/Run2.1i/instCat/00991924to01059856/00993421.tar.gz
HTAR: a   DC2_ImSim/Run2.1i/instCat/00991924to01059856/00993422.tar.gz
HTAR: a   DC2_ImSim/Run2.1i/instCat/00991924to01059856/00993423.tar.gz
HTAR: a   DC2_ImSim/Run2.1i/instCat/00991924to01059856/00993440.tar.gz
HTAR: a   DC2_ImSim/Run2.1i/instCat/00991924to01059856/00993443.tar.gz
HTAR: a   DC2_ImSim/Run2.1i/instCat/00991924to01059856/00993445.tar.gz
HTAR: a   DC2_ImSim/Run2.1i/instCat/00991924to01059856/00993451.tar.gz
HTAR: a   DC2_ImSim/Run2.1i/instCat/00991924to01059856/00993452.tar.gz
HTAR: a   DC2_ImSim/Run2.1i/instCat/00991924to01059856/00993453.tar.gz
HTAR: a   DC2_ImSim/Run2.1i/instCat/00991924to01059856/00993454.tar.gz
HTAR: a   DC2_ImSim/Run2.1i/instCat/00991924to01059856/00993455.tar.gz
HTAR: a   DC2_ImSim/Run2.1i/instCat/00991924to01059856/00993456.tar.gz
HTAR: a   DC2_ImSim/Run2.1i/instCat/00991924to01059856/00993457.tar.gz
HTAR: a   DC2_ImSim/Run2.1i/instCat/00991924to01059856/00993458.tar.gz
HTAR: a   DC2_ImSim/Run2.1i/instCat/00991924to01059856/00993459.tar.gz
HTAR: a   DC2_ImSim/Run2.1i/instCat/00991924to01059856/00993460.tar.gz
HTAR: a   DC2_ImSim/Run2.1i/instCat/00991924to01059856/00993461.tar.gz
HTAR: a   DC2_ImSim/Run2.1i/instCat/00991924to01059856/00993510.tar.gz
HTAR: a   DC2_ImSim/Run2.1i/instCat/00991924to01059856/00993512.tar.gz
HTAR: a   DC2_ImSim/Run2.1i/instCat/00991924to01059856/00993513.tar.gz
HTAR: a   DC2_ImSim/Run2.1i/instCat/00991924to01059856/00993514.tar.gz
HTAR: a   DC2_ImSim/Run2.1i/instCat/00991924to01059856/00993515.tar.gz
HTAR: a   DC2_ImSim/Run2.1i/instCat/00991924to01059856/00993519.tar.gz
HTAR: a   DC2_ImSim/Run2.1i/instCat/00991924to01059856/00993520.tar.gz
HTAR: a   DC2_ImSim/Run2.1i/instCat/00991924to01059856/00993521.tar.gz
HTAR: a   DC2_ImSim/Run2.1i/instCat/00991924to01059856/00993522.tar.gz
HTAR: a   DC2_ImSim/Run2.1i/instCat/00991924to01059856/00993523.tar.gz
HTAR: a   DC2_ImSim/Run2.1i/instCat/00991924to01059856/00993524.tar.gz
HTAR: a   DC2_ImSim/Run2.1i/instCat/00991924to01059856/00993525.tar.gz
HTAR: a   DC2_ImSim/Run2.1i/instCat/00991924to01059856/00993526.tar.gz
HTAR: a   DC2_ImSim/Run2.1i/instCat/00991924to01059856/00993731.tar.gz
HTAR: a   DC2_ImSim/Run2.1i/instCat/00991924to01059856/00994243.tar.gz
HTAR: a   DC2_ImSim/Run2.1i/instCat/00991924to01059856/00994245.tar.gz
HTAR: a   DC2_ImSim/Run2.1i/instCat/00991924to01059856/00994246.tar.gz
HTAR: a   DC2_ImSim/Run2.1i/instCat/00991924to01059856/00994247.tar.gz
HTAR: a   DC2_ImSim/Run2.1i/instCat/00991924to01059856/00994289.tar.gz
HTAR: a   DC2_ImSim/Run2.1i/instCat/00991924to01059856/00994294.tar.gz
HTAR: a   DC2_ImSim/Run2.1i/instCat/00991924to01059856/00994295.tar.gz
HTAR: a   DC2_ImSim/Run2.1i/instCat/00991924to01059856/00994297.tar.gz
HTAR: a   DC2_ImSim/Run2.1i/instCat/00991924to01059856/00994943.tar.gz
HTAR: a   DC2_ImSim/Run2.1i/instCat/00991924to01059856/00994944.tar.gz
HTAR: a   DC2_ImSim/Run2.1i/instCat/00991924to01059856/00994945.tar.gz
HTAR: a   DC2_ImSim/Run2.1i/instCat/00991924to01059856/00994946.tar.gz
HTAR: a   DC2_ImSim/Run2.1i/instCat/00991924to01059856/00994947.tar.gz
HTAR: a   DC2_ImSim/Run2.1i/instCat/00991924to01059856/00994948.tar.gz
HTAR: a   DC2_ImSim/Run2.1i/instCat/00991924to01059856/00994949.tar.gz
HTAR: a   DC2_ImSim/Run2.1i/instCat/00991924to01059856/00994950.tar.gz
HTAR: a   DC2_ImSim/Run2.1i/instCat/00991924to01059856/00994951.tar.gz
HTAR: a   DC2_ImSim/Run2.1i/instCat/00991924to01059856/00994963.tar.gz
HTAR: a   DC2_ImSim/Run2.1i/instCat/00991924to01059856/00994964.tar.gz
HTAR: a   DC2_ImSim/Run2.1i/instCat/00991924to01059856/00994965.tar.gz
HTAR: a   DC2_ImSim/Run2.1i/instCat/00991924to01059856/00994966.tar.gz
HTAR: a   DC2_ImSim/Run2.1i/instCat/00991924to01059856/00994967.tar.gz
HTAR: a   DC2_ImSim/Run2.1i/instCat/00991924to01059856/00994968.tar.gz
HTAR: a   DC2_ImSim/Run2.1i/instCat/00991924to01059856/00994970.tar.gz
HTAR: a   DC2_ImSim/Run2.1i/instCat/00991924to01059856/00994982.tar.gz
HTAR: a   DC2_ImSim/Run2.1i/instCat/00991924to01059856/00994983.tar.gz
HTAR: a   DC2_ImSim/Run2.1i/instCat/00991924to01059856/00994984.tar.gz
HTAR: a   DC2_ImSim/Run2.1i/instCat/00991924to01059856/00994985.tar.gz
HTAR: a   /tmp/HTAR_CF_CHK_3381_1561326031
HTAR Create complete for /home/projects/desc/DC2_ImSim/Run2.1i/instCat/00991924to01059856/00992106to00994985.tar. 494,129,989,632 bytes written for 111 member files, max threads: 3 Transfer time: 2712.574 seconds (182.163 MB/s) wallclock/user/sys: 2712.914 3200.451 1425.338 seconds
HTAR: HTAR SUCCESSFUL
HTAR: a   DC2_ImSim/Run2.1i/instCat/00991924to01059856/00994986.tar.gz
HTAR: a   DC2_ImSim/Run2.1i/instCat/00991924to01059856/00994987.tar.gz
HTAR: a   DC2_ImSim/Run2.1i/instCat/00991924to01059856/00994988.tar.gz
HTAR: a   DC2_ImSim/Run2.1i/instCat/00991924to01059856/00994989.tar.gz
HTAR: a   DC2_ImSim/Run2.1i/instCat/00991924to01059856/00994995.tar.gz
HTAR: a   DC2_ImSim/Run2.1i/instCat/00991924to01059856/00994996.tar.gz
HTAR: a   DC2_ImSim/Run2.1i/instCat/00991924to01059856/00994997.tar.gz
HTAR: a   DC2_ImSim/Run2.1i/instCat/00991924to01059856/00994998.tar.gz
HTAR: a   DC2_ImSim/Run2.1i/instCat/00991924to01059856/00994999.tar.gz
HTAR: a   DC2_ImSim/Run2.1i/instCat/00991924to01059856/00995000.tar.gz
HTAR: a   DC2_ImSim/Run2.1i/instCat/00991924to01059856/00995008.tar.gz
HTAR: a   DC2_ImSim/Run2.1i/instCat/00991924to01059856/00995009.tar.gz
HTAR: a   DC2_ImSim/Run2.1i/instCat/00991924to01059856/00995010.tar.gz
HTAR: a   DC2_ImSim/Run2.1i/instCat/00991924to01059856/00995011.tar.gz
HTAR: a   DC2_ImSim/Run2.1i/instCat/00991924to01059856/00995012.tar.gz
HTAR: a   DC2_ImSim/Run2.1i/instCat/00991924to01059856/00995014.tar.gz
HTAR: a   DC2_ImSim/Run2.1i/instCat/00991924to01059856/00995015.tar.gz
HTAR: a   DC2_ImSim/Run2.1i/instCat/00991924to01059856/00995016.tar.gz
HTAR: a   DC2_ImSim/Run2.1i/instCat/00991924to01059856/00995017.tar.gz
HTAR: a   DC2_ImSim/Run2.1i/instCat/00991924to01059856/00995018.tar.gz
HTAR: a   DC2_ImSim/Run2.1i/instCat/00991924to01059856/00995019.tar.gz
HTAR: a   DC2_ImSim/Run2.1i/instCat/00991924to01059856/00995020.tar.gz
HTAR: a   DC2_ImSim/Run2.1i/instCat/00991924to01059856/00995021.tar.gz
HTAR: a   DC2_ImSim/Run2.1i/instCat/00991924to01059856/00995022.tar.gz
HTAR: a   DC2_ImSim/Run2.1i/instCat/00991924to01059856/00995023.tar.gz
HTAR: a   DC2_ImSim/Run2.1i/instCat/00991924to01059856/00995024.tar.gz
HTAR: a   DC2_ImSim/Run2.1i/instCat/00991924to01059856/00995025.tar.gz
HTAR: a   DC2_ImSim/Run2.1i/instCat/00991924to01059856/00995028.tar.gz
HTAR: a   DC2_ImSim/Run2.1i/instCat/00991924to01059856/00995029.tar.gz
HTAR: a   DC2_ImSim/Run2.1i/instCat/00991924to01059856/00995030.tar.gz
HTAR: a   DC2_ImSim/Run2.1i/instCat/00991924to01059856/00995031.tar.gz
HTAR: a   DC2_ImSim/Run2.1i/instCat/00991924to01059856/00995032.tar.gz
HTAR: a   DC2_ImSim/Run2.1i/instCat/00991924to01059856/00995033.tar.gz
HTAR: a   DC2_ImSim/Run2.1i/instCat/00991924to01059856/00995034.tar.gz
HTAR: a   DC2_ImSim/Run2.1i/instCat/00991924to01059856/00995036.tar.gz
HTAR: a   DC2_ImSim/Run2.1i/instCat/00991924to01059856/00995037.tar.gz
HTAR: a   DC2_ImSim/Run2.1i/instCat/00991924to01059856/00995038.tar.gz
HTAR: a   DC2_ImSim/Run2.1i/instCat/00991924to01059856/00995040.tar.gz
HTAR: a   DC2_ImSim/Run2.1i/instCat/00991924to01059856/00995148.tar.gz
HTAR: a   DC2_ImSim/Run2.1i/instCat/00991924to01059856/00995149.tar.gz
HTAR: a   DC2_ImSim/Run2.1i/instCat/00991924to01059856/00995150.tar.gz
HTAR: a   DC2_ImSim/Run2.1i/instCat/00991924to01059856/00995174.tar.gz
HTAR: a   DC2_ImSim/Run2.1i/instCat/00991924to01059856/00995181.tar.gz
HTAR: a   DC2_ImSim/Run2.1i/instCat/00991924to01059856/00995182.tar.gz
HTAR: a   DC2_ImSim/Run2.1i/instCat/00991924to01059856/00995183.tar.gz
HTAR: a   DC2_ImSim/Run2.1i/instCat/00991924to01059856/00995242.tar.gz
HTAR: a   DC2_ImSim/Run2.1i/instCat/00991924to01059856/00995243.tar.gz
HTAR: a   DC2_ImSim/Run2.1i/instCat/00991924to01059856/00995244.tar.gz
HTAR: a   DC2_ImSim/Run2.1i/instCat/00991924to01059856/00995245.tar.gz
HTAR: a   DC2_ImSim/Run2.1i/instCat/00991924to01059856/00996198.tar.gz
HTAR: a   DC2_ImSim/Run2.1i/instCat/00991924to01059856/00996902.tar.gz
HTAR: a   DC2_ImSim/Run2.1i/instCat/00991924to01059856/00996910.tar.gz
HTAR: a   DC2_ImSim/Run2.1i/instCat/00991924to01059856/00997113.tar.gz
HTAR: a   DC2_ImSim/Run2.1i/instCat/00991924to01059856/00997114.tar.gz
HTAR: a   DC2_ImSim/Run2.1i/instCat/00991924to01059856/00997115.tar.gz
HTAR: a   DC2_ImSim/Run2.1i/instCat/00991924to01059856/00997116.tar.gz
HTAR: a   DC2_ImSim/Run2.1i/instCat/00991924to01059856/00997117.tar.gz
HTAR: a   DC2_ImSim/Run2.1i/instCat/00991924to01059856/00997118.tar.gz
HTAR: a   DC2_ImSim/Run2.1i/instCat/00991924to01059856/00997119.tar.gz
HTAR: a   DC2_ImSim/Run2.1i/instCat/00991924to01059856/00997120.tar.gz
HTAR: a   DC2_ImSim/Run2.1i/instCat/00991924to01059856/00999501.tar.gz
HTAR: a   DC2_ImSim/Run2.1i/instCat/00991924to01059856/00999502.tar.gz
HTAR: a   DC2_ImSim/Run2.1i/instCat/00991924to01059856/00999549.tar.gz
HTAR: a   DC2_ImSim/Run2.1i/instCat/00991924to01059856/00999550.tar.gz
HTAR: a   DC2_ImSim/Run2.1i/instCat/00991924to01059856/01000030.tar.gz
HTAR: a   DC2_ImSim/Run2.1i/instCat/00991924to01059856/01000068.tar.gz
HTAR: a   DC2_ImSim/Run2.1i/instCat/00991924to01059856/01000069.tar.gz
HTAR: a   DC2_ImSim/Run2.1i/instCat/00991924to01059856/01000700.tar.gz
HTAR: a   DC2_ImSim/Run2.1i/instCat/00991924to01059856/01000705.tar.gz
HTAR: a   DC2_ImSim/Run2.1i/instCat/00991924to01059856/01000709.tar.gz
HTAR: a   DC2_ImSim/Run2.1i/instCat/00991924to01059856/01000718.tar.gz
HTAR: a   DC2_ImSim/Run2.1i/instCat/00991924to01059856/01000743.tar.gz
HTAR: a   DC2_ImSim/Run2.1i/instCat/00991924to01059856/01000746.tar.gz
HTAR: a   DC2_ImSim/Run2.1i/instCat/00991924to01059856/01000750.tar.gz
HTAR: a   DC2_ImSim/Run2.1i/instCat/00991924to01059856/01000751.tar.gz
HTAR: a   DC2_ImSim/Run2.1i/instCat/00991924to01059856/01000752.tar.gz
HTAR: a   DC2_ImSim/Run2.1i/instCat/00991924to01059856/01000756.tar.gz
HTAR: a   DC2_ImSim/Run2.1i/instCat/00991924to01059856/01000757.tar.gz
HTAR: a   DC2_ImSim/Run2.1i/instCat/00991924to01059856/01000758.tar.gz
HTAR: a   DC2_ImSim/Run2.1i/instCat/00991924to01059856/01000767.tar.gz
HTAR: a   DC2_ImSim/Run2.1i/instCat/00991924to01059856/01000771.tar.gz
HTAR: a   DC2_ImSim/Run2.1i/instCat/00991924to01059856/01000775.tar.gz
HTAR: a   DC2_ImSim/Run2.1i/instCat/00991924to01059856/01000776.tar.gz
HTAR: a   DC2_ImSim/Run2.1i/instCat/00991924to01059856/01000777.tar.gz
HTAR: a   DC2_ImSim/Run2.1i/instCat/00991924to01059856/01000778.tar.gz
HTAR: a   DC2_ImSim/Run2.1i/instCat/00991924to01059856/01000780.tar.gz
HTAR: a   DC2_ImSim/Run2.1i/instCat/00991924to01059856/01000781.tar.gz
HTAR: a   DC2_ImSim/Run2.1i/instCat/00991924to01059856/01000782.tar.gz
HTAR: a   DC2_ImSim/Run2.1i/instCat/00991924to01059856/01000783.tar.gz
HTAR: a   DC2_ImSim/Run2.1i/instCat/00991924to01059856/01000784.tar.gz
HTAR: a   DC2_ImSim/Run2.1i/instCat/00991924to01059856/01000785.tar.gz
HTAR: a   DC2_ImSim/Run2.1i/instCat/00991924to01059856/01000786.tar.gz
HTAR: a   DC2_ImSim/Run2.1i/instCat/00991924to01059856/01000787.tar.gz
HTAR: a   DC2_ImSim/Run2.1i/instCat/00991924to01059856/01000788.tar.gz
HTAR: a   DC2_ImSim/Run2.1i/instCat/00991924to01059856/01000789.tar.gz
HTAR: a   DC2_ImSim/Run2.1i/instCat/00991924to01059856/01000790.tar.gz
HTAR: a   DC2_ImSim/Run2.1i/instCat/00991924to01059856/01000791.tar.gz
HTAR: a   DC2_ImSim/Run2.1i/instCat/00991924to01059856/01000792.tar.gz
HTAR: a   DC2_ImSim/Run2.1i/instCat/00991924to01059856/01000793.tar.gz
HTAR: a   DC2_ImSim/Run2.1i/instCat/00991924to01059856/01000794.tar.gz
HTAR: a   DC2_ImSim/Run2.1i/instCat/00991924to01059856/01000795.tar.gz
HTAR: a   DC2_ImSim/Run2.1i/instCat/00991924to01059856/01000796.tar.gz
HTAR: a   DC2_ImSim/Run2.1i/instCat/00991924to01059856/01000797.tar.gz
HTAR: a   DC2_ImSim/Run2.1i/instCat/00991924to01059856/01000798.tar.gz
HTAR: a   DC2_ImSim/Run2.1i/instCat/00991924to01059856/01000799.tar.gz
HTAR: a   DC2_ImSim/Run2.1i/instCat/00991924to01059856/01000809.tar.gz
HTAR: a   DC2_ImSim/Run2.1i/instCat/00991924to01059856/01000811.tar.gz
HTAR: a   DC2_ImSim/Run2.1i/instCat/00991924to01059856/01000812.tar.gz
HTAR: a   DC2_ImSim/Run2.1i/instCat/00991924to01059856/01000813.tar.gz
HTAR: a   DC2_ImSim/Run2.1i/instCat/00991924to01059856/01000814.tar.gz
HTAR: a   DC2_ImSim/Run2.1i/instCat/00991924to01059856/01000815.tar.gz
HTAR: a   /tmp/HTAR_CF_CHK_47213_1561328747
HTAR Create complete for /home/projects/desc/DC2_ImSim/Run2.1i/instCat/00991924to01059856/00994986to01000815.tar. 487,824,974,336 bytes written for 111 member files, max threads: 3 Transfer time: 2578.863 seconds (189.163 MB/s) wallclock/user/sys: 2579.094 3049.504 1347.229 seconds
HTAR: HTAR SUCCESSFUL
HTAR: a   DC2_ImSim/Run2.1i/instCat/00991924to01059856/01000816.tar.gz
HTAR: a   DC2_ImSim/Run2.1i/instCat/00991924to01059856/01000817.tar.gz
HTAR: a   DC2_ImSim/Run2.1i/instCat/00991924to01059856/01000818.tar.gz
HTAR: a   DC2_ImSim/Run2.1i/instCat/00991924to01059856/01000819.tar.gz
HTAR: a   DC2_ImSim/Run2.1i/instCat/00991924to01059856/01000820.tar.gz
HTAR: a   DC2_ImSim/Run2.1i/instCat/00991924to01059856/01000821.tar.gz
HTAR: a   DC2_ImSim/Run2.1i/instCat/00991924to01059856/01000822.tar.gz
HTAR: a   DC2_ImSim/Run2.1i/instCat/00991924to01059856/01000823.tar.gz
HTAR: a   DC2_ImSim/Run2.1i/instCat/00991924to01059856/01000824.tar.gz
HTAR: a   DC2_ImSim/Run2.1i/instCat/00991924to01059856/01000825.tar.gz
HTAR: a   DC2_ImSim/Run2.1i/instCat/00991924to01059856/01000826.tar.gz
HTAR: a   DC2_ImSim/Run2.1i/instCat/00991924to01059856/01000827.tar.gz
HTAR: a   DC2_ImSim/Run2.1i/instCat/00991924to01059856/01000828.tar.gz
HTAR: a   DC2_ImSim/Run2.1i/instCat/00991924to01059856/01000831.tar.gz
HTAR: a   DC2_ImSim/Run2.1i/instCat/00991924to01059856/01000832.tar.gz
HTAR: a   DC2_ImSim/Run2.1i/instCat/00991924to01059856/01000851.tar.gz
HTAR: a   DC2_ImSim/Run2.1i/instCat/00991924to01059856/01000852.tar.gz
HTAR: a   DC2_ImSim/Run2.1i/instCat/00991924to01059856/01000855.tar.gz
HTAR: a   DC2_ImSim/Run2.1i/instCat/00991924to01059856/01000859.tar.gz
HTAR: a   DC2_ImSim/Run2.1i/instCat/00991924to01059856/01001404.tar.gz
HTAR: a   DC2_ImSim/Run2.1i/instCat/00991924to01059856/01001439.tar.gz
HTAR: a   DC2_ImSim/Run2.1i/instCat/00991924to01059856/01002925.tar.gz
HTAR: a   DC2_ImSim/Run2.1i/instCat/00991924to01059856/01002962.tar.gz
HTAR: a   DC2_ImSim/Run2.1i/instCat/00991924to01059856/01003660.tar.gz
HTAR: a   DC2_ImSim/Run2.1i/instCat/00991924to01059856/01006001.tar.gz
HTAR: a   DC2_ImSim/Run2.1i/instCat/00991924to01059856/01006006.tar.gz
HTAR: a   DC2_ImSim/Run2.1i/instCat/00991924to01059856/01006007.tar.gz
HTAR: a   DC2_ImSim/Run2.1i/instCat/00991924to01059856/01006008.tar.gz
HTAR: a   DC2_ImSim/Run2.1i/instCat/00991924to01059856/01006009.tar.gz
HTAR: a   DC2_ImSim/Run2.1i/instCat/00991924to01059856/01006016.tar.gz
HTAR: a   DC2_ImSim/Run2.1i/instCat/00991924to01059856/01006017.tar.gz
HTAR: a   DC2_ImSim/Run2.1i/instCat/00991924to01059856/01006018.tar.gz
HTAR: a   DC2_ImSim/Run2.1i/instCat/00991924to01059856/01006019.tar.gz
HTAR: a   DC2_ImSim/Run2.1i/instCat/00991924to01059856/01006020.tar.gz
HTAR: a   DC2_ImSim/Run2.1i/instCat/00991924to01059856/01006021.tar.gz
HTAR: a   DC2_ImSim/Run2.1i/instCat/00991924to01059856/01006022.tar.gz
HTAR: a   DC2_ImSim/Run2.1i/instCat/00991924to01059856/01006023.tar.gz
HTAR: a   DC2_ImSim/Run2.1i/instCat/00991924to01059856/01006036.tar.gz
HTAR: a   DC2_ImSim/Run2.1i/instCat/00991924to01059856/01006037.tar.gz
HTAR: a   DC2_ImSim/Run2.1i/instCat/00991924to01059856/01006038.tar.gz
HTAR: a   DC2_ImSim/Run2.1i/instCat/00991924to01059856/01006039.tar.gz
HTAR: a   DC2_ImSim/Run2.1i/instCat/00991924to01059856/01006040.tar.gz
HTAR: a   DC2_ImSim/Run2.1i/instCat/00991924to01059856/01006041.tar.gz
HTAR: a   DC2_ImSim/Run2.1i/instCat/00991924to01059856/01006042.tar.gz
HTAR: a   DC2_ImSim/Run2.1i/instCat/00991924to01059856/01006043.tar.gz
HTAR: a   DC2_ImSim/Run2.1i/instCat/00991924to01059856/01006044.tar.gz
HTAR: a   DC2_ImSim/Run2.1i/instCat/00991924to01059856/01006045.tar.gz
HTAR: a   DC2_ImSim/Run2.1i/instCat/00991924to01059856/01006048.tar.gz
HTAR: a   DC2_ImSim/Run2.1i/instCat/00991924to01059856/01006049.tar.gz
HTAR: a   DC2_ImSim/Run2.1i/instCat/00991924to01059856/01006050.tar.gz
HTAR: a   DC2_ImSim/Run2.1i/instCat/00991924to01059856/01006051.tar.gz
HTAR: a   DC2_ImSim/Run2.1i/instCat/00991924to01059856/01006052.tar.gz
HTAR: a   DC2_ImSim/Run2.1i/instCat/00991924to01059856/01006053.tar.gz
HTAR: a   DC2_ImSim/Run2.1i/instCat/00991924to01059856/01006054.tar.gz
HTAR: a   DC2_ImSim/Run2.1i/instCat/00991924to01059856/01006055.tar.gz
HTAR: a   DC2_ImSim/Run2.1i/instCat/00991924to01059856/01006056.tar.gz
HTAR: a   DC2_ImSim/Run2.1i/instCat/00991924to01059856/01006057.tar.gz
HTAR: a   DC2_ImSim/Run2.1i/instCat/00991924to01059856/01006058.tar.gz
HTAR: a   DC2_ImSim/Run2.1i/instCat/00991924to01059856/01006059.tar.gz
HTAR: a   DC2_ImSim/Run2.1i/instCat/00991924to01059856/01006060.tar.gz
HTAR: a   DC2_ImSim/Run2.1i/instCat/00991924to01059856/01006061.tar.gz
HTAR: a   DC2_ImSim/Run2.1i/instCat/00991924to01059856/01006062.tar.gz
HTAR: a   DC2_ImSim/Run2.1i/instCat/00991924to01059856/01006063.tar.gz
HTAR: a   DC2_ImSim/Run2.1i/instCat/00991924to01059856/01006094.tar.gz
HTAR: a   DC2_ImSim/Run2.1i/instCat/00991924to01059856/01006095.tar.gz
HTAR: a   DC2_ImSim/Run2.1i/instCat/00991924to01059856/01006096.tar.gz
HTAR: a   DC2_ImSim/Run2.1i/instCat/00991924to01059856/01006097.tar.gz
HTAR: a   DC2_ImSim/Run2.1i/instCat/00991924to01059856/01006098.tar.gz
HTAR: a   DC2_ImSim/Run2.1i/instCat/00991924to01059856/01006099.tar.gz
HTAR: a   DC2_ImSim/Run2.1i/instCat/00991924to01059856/01006100.tar.gz
HTAR: a   DC2_ImSim/Run2.1i/instCat/00991924to01059856/01006101.tar.gz
HTAR: a   DC2_ImSim/Run2.1i/instCat/00991924to01059856/01006102.tar.gz
HTAR: a   DC2_ImSim/Run2.1i/instCat/00991924to01059856/01006104.tar.gz
HTAR: a   DC2_ImSim/Run2.1i/instCat/00991924to01059856/01006105.tar.gz
HTAR: a   DC2_ImSim/Run2.1i/instCat/00991924to01059856/01006106.tar.gz
HTAR: a   DC2_ImSim/Run2.1i/instCat/00991924to01059856/01006138.tar.gz
HTAR: a   DC2_ImSim/Run2.1i/instCat/00991924to01059856/01006144.tar.gz
HTAR: a   DC2_ImSim/Run2.1i/instCat/00991924to01059856/01006169.tar.gz
HTAR: a   DC2_ImSim/Run2.1i/instCat/00991924to01059856/01006708.tar.gz
HTAR: a   DC2_ImSim/Run2.1i/instCat/00991924to01059856/01006709.tar.gz
HTAR: a   DC2_ImSim/Run2.1i/instCat/00991924to01059856/01006710.tar.gz
HTAR: a   DC2_ImSim/Run2.1i/instCat/00991924to01059856/01006718.tar.gz
HTAR: a   DC2_ImSim/Run2.1i/instCat/00991924to01059856/01007468.tar.gz
HTAR: a   DC2_ImSim/Run2.1i/instCat/00991924to01059856/01007469.tar.gz
HTAR: a   DC2_ImSim/Run2.1i/instCat/00991924to01059856/01008187.tar.gz
HTAR: a   DC2_ImSim/Run2.1i/instCat/00991924to01059856/01008188.tar.gz
HTAR: a   DC2_ImSim/Run2.1i/instCat/00991924to01059856/01008222.tar.gz
HTAR: a   DC2_ImSim/Run2.1i/instCat/00991924to01059856/01008223.tar.gz
HTAR: a   DC2_ImSim/Run2.1i/instCat/00991924to01059856/01008224.tar.gz
HTAR: a   DC2_ImSim/Run2.1i/instCat/00991924to01059856/01008225.tar.gz
HTAR: a   DC2_ImSim/Run2.1i/instCat/00991924to01059856/01008226.tar.gz
HTAR: a   DC2_ImSim/Run2.1i/instCat/00991924to01059856/01008258.tar.gz
HTAR: a   DC2_ImSim/Run2.1i/instCat/00991924to01059856/01008280.tar.gz
HTAR: a   DC2_ImSim/Run2.1i/instCat/00991924to01059856/01008288.tar.gz
HTAR: a   DC2_ImSim/Run2.1i/instCat/00991924to01059856/01008322.tar.gz
HTAR: a   DC2_ImSim/Run2.1i/instCat/00991924to01059856/01008323.tar.gz
HTAR: a   DC2_ImSim/Run2.1i/instCat/00991924to01059856/01008324.tar.gz
HTAR: a   DC2_ImSim/Run2.1i/instCat/00991924to01059856/01008355.tar.gz
HTAR: a   DC2_ImSim/Run2.1i/instCat/00991924to01059856/01008361.tar.gz
HTAR: a   DC2_ImSim/Run2.1i/instCat/00991924to01059856/01008381.tar.gz
HTAR: a   DC2_ImSim/Run2.1i/instCat/00991924to01059856/01008382.tar.gz
HTAR: a   DC2_ImSim/Run2.1i/instCat/00991924to01059856/01008401.tar.gz
HTAR: a   DC2_ImSim/Run2.1i/instCat/00991924to01059856/01008410.tar.gz
HTAR: a   DC2_ImSim/Run2.1i/instCat/00991924to01059856/01008412.tar.gz
HTAR: a   DC2_ImSim/Run2.1i/instCat/00991924to01059856/01008424.tar.gz
HTAR: a   DC2_ImSim/Run2.1i/instCat/00991924to01059856/01009020.tar.gz
HTAR: a   DC2_ImSim/Run2.1i/instCat/00991924to01059856/01009021.tar.gz
HTAR: a   DC2_ImSim/Run2.1i/instCat/00991924to01059856/01009022.tar.gz
HTAR: a   DC2_ImSim/Run2.1i/instCat/00991924to01059856/01009023.tar.gz
HTAR: a   DC2_ImSim/Run2.1i/instCat/00991924to01059856/01009024.tar.gz
HTAR: a   DC2_ImSim/Run2.1i/instCat/00991924to01059856/01009025.tar.gz
HTAR: a   /tmp/HTAR_CF_CHK_16342_1561331329
HTAR Create complete for /home/projects/desc/DC2_ImSim/Run2.1i/instCat/00991924to01059856/01000816to01009025.tar. 474,853,409,792 bytes written for 111 member files, max threads: 3 Transfer time: 2501.253 seconds (189.846 MB/s) wallclock/user/sys: 2501.527 2961.438 1300.937 seconds
HTAR: HTAR SUCCESSFUL
HTAR: a   DC2_ImSim/Run2.1i/instCat/00991924to01059856/01009026.tar.gz
HTAR: a   DC2_ImSim/Run2.1i/instCat/00991924to01059856/01009027.tar.gz
HTAR: a   DC2_ImSim/Run2.1i/instCat/00991924to01059856/01009028.tar.gz
HTAR: a   DC2_ImSim/Run2.1i/instCat/00991924to01059856/01009029.tar.gz
HTAR: a   DC2_ImSim/Run2.1i/instCat/00991924to01059856/01009030.tar.gz
HTAR: a   DC2_ImSim/Run2.1i/instCat/00991924to01059856/01009046.tar.gz
HTAR: a   DC2_ImSim/Run2.1i/instCat/00991924to01059856/01009047.tar.gz
HTAR: a   DC2_ImSim/Run2.1i/instCat/00991924to01059856/01009048.tar.gz
HTAR: a   DC2_ImSim/Run2.1i/instCat/00991924to01059856/01009049.tar.gz
HTAR: a   DC2_ImSim/Run2.1i/instCat/00991924to01059856/01009050.tar.gz
HTAR: a   DC2_ImSim/Run2.1i/instCat/00991924to01059856/01009051.tar.gz
HTAR: a   DC2_ImSim/Run2.1i/instCat/00991924to01059856/01009052.tar.gz
HTAR: a   DC2_ImSim/Run2.1i/instCat/00991924to01059856/01009717.tar.gz
HTAR: a   DC2_ImSim/Run2.1i/instCat/00991924to01059856/01009718.tar.gz
HTAR: a   DC2_ImSim/Run2.1i/instCat/00991924to01059856/01009719.tar.gz
HTAR: a   DC2_ImSim/Run2.1i/instCat/00991924to01059856/01009720.tar.gz
HTAR: a   DC2_ImSim/Run2.1i/instCat/00991924to01059856/01009721.tar.gz
HTAR: a   DC2_ImSim/Run2.1i/instCat/00991924to01059856/01009723.tar.gz
HTAR: a   DC2_ImSim/Run2.1i/instCat/00991924to01059856/01009801.tar.gz
HTAR: a   DC2_ImSim/Run2.1i/instCat/00991924to01059856/01009802.tar.gz
HTAR: a   DC2_ImSim/Run2.1i/instCat/00991924to01059856/01009803.tar.gz
HTAR: a   DC2_ImSim/Run2.1i/instCat/00991924to01059856/01009804.tar.gz
HTAR: a   DC2_ImSim/Run2.1i/instCat/00991924to01059856/01009805.tar.gz
HTAR: a   DC2_ImSim/Run2.1i/instCat/00991924to01059856/01009806.tar.gz
HTAR: a   DC2_ImSim/Run2.1i/instCat/00991924to01059856/01009807.tar.gz
HTAR: a   DC2_ImSim/Run2.1i/instCat/00991924to01059856/01009817.tar.gz
HTAR: a   DC2_ImSim/Run2.1i/instCat/00991924to01059856/01009818.tar.gz
HTAR: a   DC2_ImSim/Run2.1i/instCat/00991924to01059856/01009832.tar.gz
HTAR: a   DC2_ImSim/Run2.1i/instCat/00991924to01059856/01009833.tar.gz
HTAR: a   DC2_ImSim/Run2.1i/instCat/00991924to01059856/01009834.tar.gz
HTAR: a   DC2_ImSim/Run2.1i/instCat/00991924to01059856/01009835.tar.gz
HTAR: a   DC2_ImSim/Run2.1i/instCat/00991924to01059856/01009836.tar.gz
HTAR: a   DC2_ImSim/Run2.1i/instCat/00991924to01059856/01009837.tar.gz
HTAR: a   DC2_ImSim/Run2.1i/instCat/00991924to01059856/01009838.tar.gz
HTAR: a   DC2_ImSim/Run2.1i/instCat/00991924to01059856/01009839.tar.gz
HTAR: a   DC2_ImSim/Run2.1i/instCat/00991924to01059856/01010457.tar.gz
HTAR: a   DC2_ImSim/Run2.1i/instCat/00991924to01059856/01010458.tar.gz
HTAR: a   DC2_ImSim/Run2.1i/instCat/00991924to01059856/01010492.tar.gz
HTAR: a   DC2_ImSim/Run2.1i/instCat/00991924to01059856/01010494.tar.gz
HTAR: a   DC2_ImSim/Run2.1i/instCat/00991924to01059856/01010495.tar.gz
HTAR: a   DC2_ImSim/Run2.1i/instCat/00991924to01059856/01010496.tar.gz
HTAR: a   DC2_ImSim/Run2.1i/instCat/00991924to01059856/01010497.tar.gz
HTAR: a   DC2_ImSim/Run2.1i/instCat/00991924to01059856/01010498.tar.gz
HTAR: a   DC2_ImSim/Run2.1i/instCat/00991924to01059856/01010500.tar.gz
HTAR: a   DC2_ImSim/Run2.1i/instCat/00991924to01059856/01010501.tar.gz
HTAR: a   DC2_ImSim/Run2.1i/instCat/00991924to01059856/01010519.tar.gz
HTAR: a   DC2_ImSim/Run2.1i/instCat/00991924to01059856/01010520.tar.gz
HTAR: a   DC2_ImSim/Run2.1i/instCat/00991924to01059856/01010521.tar.gz
HTAR: a   DC2_ImSim/Run2.1i/instCat/00991924to01059856/01010522.tar.gz
HTAR: a   DC2_ImSim/Run2.1i/instCat/00991924to01059856/01010523.tar.gz
HTAR: a   DC2_ImSim/Run2.1i/instCat/00991924to01059856/01010524.tar.gz
HTAR: a   DC2_ImSim/Run2.1i/instCat/00991924to01059856/01010525.tar.gz
HTAR: a   DC2_ImSim/Run2.1i/instCat/00991924to01059856/01010526.tar.gz
HTAR: a   DC2_ImSim/Run2.1i/instCat/00991924to01059856/01010768.tar.gz
HTAR: a   DC2_ImSim/Run2.1i/instCat/00991924to01059856/01010769.tar.gz
HTAR: a   DC2_ImSim/Run2.1i/instCat/00991924to01059856/01011320.tar.gz
HTAR: a   DC2_ImSim/Run2.1i/instCat/00991924to01059856/01011323.tar.gz
HTAR: a   DC2_ImSim/Run2.1i/instCat/00991924to01059856/01011324.tar.gz
HTAR: a   DC2_ImSim/Run2.1i/instCat/00991924to01059856/01011325.tar.gz
HTAR: a   DC2_ImSim/Run2.1i/instCat/00991924to01059856/01011326.tar.gz
HTAR: a   DC2_ImSim/Run2.1i/instCat/00991924to01059856/01011327.tar.gz
HTAR: a   DC2_ImSim/Run2.1i/instCat/00991924to01059856/01011328.tar.gz
HTAR: a   DC2_ImSim/Run2.1i/instCat/00991924to01059856/01011329.tar.gz
HTAR: a   DC2_ImSim/Run2.1i/instCat/00991924to01059856/01011330.tar.gz
HTAR: a   DC2_ImSim/Run2.1i/instCat/00991924to01059856/01011331.tar.gz
HTAR: a   DC2_ImSim/Run2.1i/instCat/00991924to01059856/01011332.tar.gz
HTAR: a   DC2_ImSim/Run2.1i/instCat/00991924to01059856/01011333.tar.gz
HTAR: a   DC2_ImSim/Run2.1i/instCat/00991924to01059856/01011335.tar.gz
HTAR: a   DC2_ImSim/Run2.1i/instCat/00991924to01059856/01011337.tar.gz
HTAR: a   DC2_ImSim/Run2.1i/instCat/00991924to01059856/01011338.tar.gz
HTAR: a   DC2_ImSim/Run2.1i/instCat/00991924to01059856/01011339.tar.gz
HTAR: a   DC2_ImSim/Run2.1i/instCat/00991924to01059856/01011341.tar.gz
HTAR: a   DC2_ImSim/Run2.1i/instCat/00991924to01059856/01011342.tar.gz
HTAR: a   DC2_ImSim/Run2.1i/instCat/00991924to01059856/01011347.tar.gz
HTAR: a   DC2_ImSim/Run2.1i/instCat/00991924to01059856/01011349.tar.gz
HTAR: a   DC2_ImSim/Run2.1i/instCat/00991924to01059856/01011359.tar.gz
HTAR: a   DC2_ImSim/Run2.1i/instCat/00991924to01059856/01011430.tar.gz
HTAR: a   DC2_ImSim/Run2.1i/instCat/00991924to01059856/01011431.tar.gz
HTAR: a   DC2_ImSim/Run2.1i/instCat/00991924to01059856/01011432.tar.gz
HTAR: a   DC2_ImSim/Run2.1i/instCat/00991924to01059856/01011433.tar.gz
HTAR: a   DC2_ImSim/Run2.1i/instCat/00991924to01059856/01011434.tar.gz
HTAR: a   DC2_ImSim/Run2.1i/instCat/00991924to01059856/01012080.tar.gz
HTAR: a   DC2_ImSim/Run2.1i/instCat/00991924to01059856/01012081.tar.gz
HTAR: a   DC2_ImSim/Run2.1i/instCat/00991924to01059856/01012082.tar.gz
HTAR: a   DC2_ImSim/Run2.1i/instCat/00991924to01059856/01012086.tar.gz
HTAR: a   DC2_ImSim/Run2.1i/instCat/00991924to01059856/01012178.tar.gz
HTAR: a   DC2_ImSim/Run2.1i/instCat/00991924to01059856/01012179.tar.gz
HTAR: a   DC2_ImSim/Run2.1i/instCat/00991924to01059856/01012180.tar.gz
HTAR: a   DC2_ImSim/Run2.1i/instCat/00991924to01059856/01012181.tar.gz
HTAR: a   DC2_ImSim/Run2.1i/instCat/00991924to01059856/01012182.tar.gz
HTAR: a   DC2_ImSim/Run2.1i/instCat/00991924to01059856/01012194.tar.gz
HTAR: a   DC2_ImSim/Run2.1i/instCat/00991924to01059856/01012195.tar.gz
HTAR: a   DC2_ImSim/Run2.1i/instCat/00991924to01059856/01012234.tar.gz
HTAR: a   DC2_ImSim/Run2.1i/instCat/00991924to01059856/01012235.tar.gz
HTAR: a   DC2_ImSim/Run2.1i/instCat/00991924to01059856/01013516.tar.gz
HTAR: a   DC2_ImSim/Run2.1i/instCat/00991924to01059856/01013517.tar.gz
HTAR: a   DC2_ImSim/Run2.1i/instCat/00991924to01059856/01013518.tar.gz
HTAR: a   DC2_ImSim/Run2.1i/instCat/00991924to01059856/01013519.tar.gz
HTAR: a   DC2_ImSim/Run2.1i/instCat/00991924to01059856/01013520.tar.gz
HTAR: a   DC2_ImSim/Run2.1i/instCat/00991924to01059856/01013521.tar.gz
HTAR: a   DC2_ImSim/Run2.1i/instCat/00991924to01059856/01013522.tar.gz
HTAR: a   DC2_ImSim/Run2.1i/instCat/00991924to01059856/01013665.tar.gz
HTAR: a   DC2_ImSim/Run2.1i/instCat/00991924to01059856/01013666.tar.gz
HTAR: a   DC2_ImSim/Run2.1i/instCat/00991924to01059856/01013667.tar.gz
HTAR: a   DC2_ImSim/Run2.1i/instCat/00991924to01059856/01013671.tar.gz
HTAR: a   DC2_ImSim/Run2.1i/instCat/00991924to01059856/01013673.tar.gz
HTAR: a   DC2_ImSim/Run2.1i/instCat/00991924to01059856/01013674.tar.gz
HTAR: a   DC2_ImSim/Run2.1i/instCat/00991924to01059856/01013675.tar.gz
HTAR: a   DC2_ImSim/Run2.1i/instCat/00991924to01059856/01013676.tar.gz
HTAR: a   DC2_ImSim/Run2.1i/instCat/00991924to01059856/01013677.tar.gz
HTAR: a   DC2_ImSim/Run2.1i/instCat/00991924to01059856/01013678.tar.gz
HTAR: a   /tmp/HTAR_CF_CHK_43418_1561333835
HTAR Create complete for /home/projects/desc/DC2_ImSim/Run2.1i/instCat/00991924to01059856/01009026to01013678.tar. 491,812,948,480 bytes written for 111 member files, max threads: 2 Transfer time: 2596.689 seconds (189.400 MB/s) wallclock/user/sys: 2598.440 3075.469 1349.574 seconds
HTAR: HTAR SUCCESSFUL
HTAR: a   DC2_ImSim/Run2.1i/instCat/00991924to01059856/01013679.tar.gz
HTAR: a   DC2_ImSim/Run2.1i/instCat/00991924to01059856/01013680.tar.gz
HTAR: a   DC2_ImSim/Run2.1i/instCat/00991924to01059856/01013681.tar.gz
HTAR: a   DC2_ImSim/Run2.1i/instCat/00991924to01059856/01013682.tar.gz
HTAR: a   DC2_ImSim/Run2.1i/instCat/00991924to01059856/01013683.tar.gz
HTAR: a   DC2_ImSim/Run2.1i/instCat/00991924to01059856/01013684.tar.gz
HTAR: a   DC2_ImSim/Run2.1i/instCat/00991924to01059856/01013702.tar.gz
HTAR: a   DC2_ImSim/Run2.1i/instCat/00991924to01059856/01013703.tar.gz
HTAR: a   DC2_ImSim/Run2.1i/instCat/00991924to01059856/01013704.tar.gz
HTAR: a   DC2_ImSim/Run2.1i/instCat/00991924to01059856/01013705.tar.gz
HTAR: a   DC2_ImSim/Run2.1i/instCat/00991924to01059856/01013706.tar.gz
HTAR: a   DC2_ImSim/Run2.1i/instCat/00991924to01059856/01013707.tar.gz
HTAR: a   DC2_ImSim/Run2.1i/instCat/00991924to01059856/01013708.tar.gz
HTAR: a   DC2_ImSim/Run2.1i/instCat/00991924to01059856/01013709.tar.gz
HTAR: a   DC2_ImSim/Run2.1i/instCat/00991924to01059856/01013710.tar.gz
HTAR: a   DC2_ImSim/Run2.1i/instCat/00991924to01059856/01013711.tar.gz
HTAR: a   DC2_ImSim/Run2.1i/instCat/00991924to01059856/01013712.tar.gz
HTAR: a   DC2_ImSim/Run2.1i/instCat/00991924to01059856/01013713.tar.gz
HTAR: a   DC2_ImSim/Run2.1i/instCat/00991924to01059856/01013714.tar.gz
HTAR: a   DC2_ImSim/Run2.1i/instCat/00991924to01059856/01013731.tar.gz
HTAR: a   DC2_ImSim/Run2.1i/instCat/00991924to01059856/01013732.tar.gz
HTAR: a   DC2_ImSim/Run2.1i/instCat/00991924to01059856/01013733.tar.gz
HTAR: a   DC2_ImSim/Run2.1i/instCat/00991924to01059856/01013734.tar.gz
HTAR: a   DC2_ImSim/Run2.1i/instCat/00991924to01059856/01013735.tar.gz
HTAR: a   DC2_ImSim/Run2.1i/instCat/00991924to01059856/01013737.tar.gz
HTAR: a   DC2_ImSim/Run2.1i/instCat/00991924to01059856/01013738.tar.gz
HTAR: a   DC2_ImSim/Run2.1i/instCat/00991924to01059856/01013739.tar.gz
HTAR: a   DC2_ImSim/Run2.1i/instCat/00991924to01059856/01013740.tar.gz
HTAR: a   DC2_ImSim/Run2.1i/instCat/00991924to01059856/01013741.tar.gz
HTAR: a   DC2_ImSim/Run2.1i/instCat/00991924to01059856/01013742.tar.gz
HTAR: a   DC2_ImSim/Run2.1i/instCat/00991924to01059856/01013760.tar.gz
HTAR: a   DC2_ImSim/Run2.1i/instCat/00991924to01059856/01013761.tar.gz
HTAR: a   DC2_ImSim/Run2.1i/instCat/00991924to01059856/01013763.tar.gz
HTAR: a   DC2_ImSim/Run2.1i/instCat/00991924to01059856/01013764.tar.gz
HTAR: a   DC2_ImSim/Run2.1i/instCat/00991924to01059856/01013765.tar.gz
HTAR: a   DC2_ImSim/Run2.1i/instCat/00991924to01059856/01013766.tar.gz
HTAR: a   DC2_ImSim/Run2.1i/instCat/00991924to01059856/01013767.tar.gz
HTAR: a   DC2_ImSim/Run2.1i/instCat/00991924to01059856/01013768.tar.gz
HTAR: a   DC2_ImSim/Run2.1i/instCat/00991924to01059856/01013769.tar.gz
HTAR: a   DC2_ImSim/Run2.1i/instCat/00991924to01059856/01013778.tar.gz
HTAR: a   DC2_ImSim/Run2.1i/instCat/00991924to01059856/01013780.tar.gz
HTAR: a   DC2_ImSim/Run2.1i/instCat/00991924to01059856/01013781.tar.gz
HTAR: a   DC2_ImSim/Run2.1i/instCat/00991924to01059856/01013799.tar.gz
HTAR: a   DC2_ImSim/Run2.1i/instCat/00991924to01059856/01013801.tar.gz
HTAR: a   DC2_ImSim/Run2.1i/instCat/00991924to01059856/01013802.tar.gz
HTAR: a   DC2_ImSim/Run2.1i/instCat/00991924to01059856/01013803.tar.gz
HTAR: a   DC2_ImSim/Run2.1i/instCat/00991924to01059856/01014394.tar.gz
HTAR: a   DC2_ImSim/Run2.1i/instCat/00991924to01059856/01014395.tar.gz
HTAR: a   DC2_ImSim/Run2.1i/instCat/00991924to01059856/01014396.tar.gz
HTAR: a   DC2_ImSim/Run2.1i/instCat/00991924to01059856/01014397.tar.gz
HTAR: a   DC2_ImSim/Run2.1i/instCat/00991924to01059856/01014398.tar.gz
HTAR: a   DC2_ImSim/Run2.1i/instCat/00991924to01059856/01014418.tar.gz
HTAR: a   DC2_ImSim/Run2.1i/instCat/00991924to01059856/01014419.tar.gz
HTAR: a   DC2_ImSim/Run2.1i/instCat/00991924to01059856/01014420.tar.gz
HTAR: a   DC2_ImSim/Run2.1i/instCat/00991924to01059856/01014421.tar.gz
HTAR: a   DC2_ImSim/Run2.1i/instCat/00991924to01059856/01014422.tar.gz
HTAR: a   DC2_ImSim/Run2.1i/instCat/00991924to01059856/01016622.tar.gz
HTAR: a   DC2_ImSim/Run2.1i/instCat/00991924to01059856/01016647.tar.gz
HTAR: a   DC2_ImSim/Run2.1i/instCat/00991924to01059856/01016648.tar.gz
HTAR: a   DC2_ImSim/Run2.1i/instCat/00991924to01059856/01016663.tar.gz
HTAR: a   DC2_ImSim/Run2.1i/instCat/00991924to01059856/01016776.tar.gz
HTAR: a   DC2_ImSim/Run2.1i/instCat/00991924to01059856/01016777.tar.gz
HTAR: a   DC2_ImSim/Run2.1i/instCat/00991924to01059856/01016778.tar.gz
HTAR: a   DC2_ImSim/Run2.1i/instCat/00991924to01059856/01016779.tar.gz
HTAR: a   DC2_ImSim/Run2.1i/instCat/00991924to01059856/01016780.tar.gz
HTAR: a   DC2_ImSim/Run2.1i/instCat/00991924to01059856/01016781.tar.gz
HTAR: a   DC2_ImSim/Run2.1i/instCat/00991924to01059856/01016784.tar.gz
HTAR: a   DC2_ImSim/Run2.1i/instCat/00991924to01059856/01016788.tar.gz
HTAR: a   DC2_ImSim/Run2.1i/instCat/00991924to01059856/01016789.tar.gz
HTAR: a   DC2_ImSim/Run2.1i/instCat/00991924to01059856/01016792.tar.gz
HTAR: a   DC2_ImSim/Run2.1i/instCat/00991924to01059856/01016795.tar.gz
HTAR: a   DC2_ImSim/Run2.1i/instCat/00991924to01059856/01016797.tar.gz
HTAR: a   DC2_ImSim/Run2.1i/instCat/00991924to01059856/01016798.tar.gz
HTAR: a   DC2_ImSim/Run2.1i/instCat/00991924to01059856/01016799.tar.gz
HTAR: a   DC2_ImSim/Run2.1i/instCat/00991924to01059856/01016802.tar.gz
HTAR: a   DC2_ImSim/Run2.1i/instCat/00991924to01059856/01016810.tar.gz
HTAR: a   DC2_ImSim/Run2.1i/instCat/00991924to01059856/01016811.tar.gz
HTAR: a   DC2_ImSim/Run2.1i/instCat/00991924to01059856/01016812.tar.gz
HTAR: a   DC2_ImSim/Run2.1i/instCat/00991924to01059856/01016813.tar.gz
HTAR: a   DC2_ImSim/Run2.1i/instCat/00991924to01059856/01016815.tar.gz
HTAR: a   DC2_ImSim/Run2.1i/instCat/00991924to01059856/01016821.tar.gz
HTAR: a   DC2_ImSim/Run2.1i/instCat/00991924to01059856/01016822.tar.gz
HTAR: a   DC2_ImSim/Run2.1i/instCat/00991924to01059856/01016823.tar.gz
HTAR: a   DC2_ImSim/Run2.1i/instCat/00991924to01059856/01016825.tar.gz
HTAR: a   DC2_ImSim/Run2.1i/instCat/00991924to01059856/01016828.tar.gz
HTAR: a   DC2_ImSim/Run2.1i/instCat/00991924to01059856/01016830.tar.gz
HTAR: a   DC2_ImSim/Run2.1i/instCat/00991924to01059856/01016831.tar.gz
HTAR: a   DC2_ImSim/Run2.1i/instCat/00991924to01059856/01016832.tar.gz
HTAR: a   DC2_ImSim/Run2.1i/instCat/00991924to01059856/01016838.tar.gz
HTAR: a   DC2_ImSim/Run2.1i/instCat/00991924to01059856/01017413.tar.gz
HTAR: a   DC2_ImSim/Run2.1i/instCat/00991924to01059856/01017417.tar.gz
HTAR: a   DC2_ImSim/Run2.1i/instCat/00991924to01059856/01018216.tar.gz
HTAR: a   DC2_ImSim/Run2.1i/instCat/00991924to01059856/01018217.tar.gz
HTAR: a   DC2_ImSim/Run2.1i/instCat/00991924to01059856/01018243.tar.gz
HTAR: a   DC2_ImSim/Run2.1i/instCat/00991924to01059856/01018250.tar.gz
HTAR: a   DC2_ImSim/Run2.1i/instCat/00991924to01059856/01018263.tar.gz
HTAR: a   DC2_ImSim/Run2.1i/instCat/00991924to01059856/01018264.tar.gz
HTAR: a   DC2_ImSim/Run2.1i/instCat/00991924to01059856/01019891.tar.gz
HTAR: a   DC2_ImSim/Run2.1i/instCat/00991924to01059856/01019892.tar.gz
HTAR: a   DC2_ImSim/Run2.1i/instCat/00991924to01059856/01019893.tar.gz
HTAR: a   DC2_ImSim/Run2.1i/instCat/00991924to01059856/01019894.tar.gz
HTAR: a   DC2_ImSim/Run2.1i/instCat/00991924to01059856/01019925.tar.gz
HTAR: a   DC2_ImSim/Run2.1i/instCat/00991924to01059856/01019926.tar.gz
HTAR: a   DC2_ImSim/Run2.1i/instCat/00991924to01059856/01019927.tar.gz
HTAR: a   DC2_ImSim/Run2.1i/instCat/00991924to01059856/01019928.tar.gz
HTAR: a   DC2_ImSim/Run2.1i/instCat/00991924to01059856/01019929.tar.gz
HTAR: a   DC2_ImSim/Run2.1i/instCat/00991924to01059856/01019930.tar.gz
HTAR: a   DC2_ImSim/Run2.1i/instCat/00991924to01059856/01019931.tar.gz
HTAR: a   DC2_ImSim/Run2.1i/instCat/00991924to01059856/01019932.tar.gz
HTAR: a   DC2_ImSim/Run2.1i/instCat/00991924to01059856/01019971.tar.gz
HTAR: a   DC2_ImSim/Run2.1i/instCat/00991924to01059856/01019972.tar.gz
HTAR: a   /tmp/HTAR_CF_CHK_12466_1561336435
HTAR Create complete for /home/projects/desc/DC2_ImSim/Run2.1i/instCat/00991924to01059856/01013679to01019972.tar. 490,525,962,240 bytes written for 111 member files, max threads: 2 Transfer time: 2585.754 seconds (189.703 MB/s) wallclock/user/sys: 2586.006 3057.660 1352.167 seconds
HTAR: HTAR SUCCESSFUL
