HTAR: a   instcat_y03_191109/00699446.tar.gz
HTAR: a   instcat_y03_191109/00699447.tar.gz
HTAR: a   instcat_y03_191109/00699448.tar.gz
HTAR: a   instcat_y03_191109/00699453.tar.gz
HTAR: a   instcat_y03_191109/00699454.tar.gz
HTAR: a   instcat_y03_191109/00699455.tar.gz
HTAR: a   instcat_y03_191109/00699456.tar.gz
HTAR: a   instcat_y03_191109/00699457.tar.gz
HTAR: a   instcat_y03_191109/00699549.tar.gz
HTAR: a   instcat_y03_191109/00699550.tar.gz
HTAR: a   instcat_y03_191109/00699551.tar.gz
HTAR: a   instcat_y03_191109/00699552.tar.gz
HTAR: a   instcat_y03_191109/00699602.tar.gz
HTAR: a   instcat_y03_191109/00699603.tar.gz
HTAR: a   instcat_y03_191109/00699612.tar.gz
HTAR: a   instcat_y03_191109/00700187.tar.gz
HTAR: a   instcat_y03_191109/00700188.tar.gz
HTAR: a   instcat_y03_191109/00700189.tar.gz
HTAR: a   instcat_y03_191109/00700190.tar.gz
HTAR: a   instcat_y03_191109/00700191.tar.gz
HTAR: a   instcat_y03_191109/00700192.tar.gz
HTAR: a   instcat_y03_191109/00700193.tar.gz
HTAR: a   instcat_y03_191109/00700194.tar.gz
HTAR: a   instcat_y03_191109/00700195.tar.gz
HTAR: a   instcat_y03_191109/00700196.tar.gz
HTAR: a   instcat_y03_191109/00700197.tar.gz
HTAR: a   instcat_y03_191109/00700198.tar.gz
HTAR: a   instcat_y03_191109/00700199.tar.gz
HTAR: a   instcat_y03_191109/00700200.tar.gz
HTAR: a   instcat_y03_191109/00700201.tar.gz
HTAR: a   instcat_y03_191109/00700202.tar.gz
HTAR: a   instcat_y03_191109/00700203.tar.gz
HTAR: a   instcat_y03_191109/00700204.tar.gz
HTAR: a   instcat_y03_191109/00700205.tar.gz
HTAR: a   instcat_y03_191109/00700206.tar.gz
HTAR: a   instcat_y03_191109/00700207.tar.gz
HTAR: a   instcat_y03_191109/00700208.tar.gz
HTAR: a   instcat_y03_191109/00700209.tar.gz
HTAR: a   instcat_y03_191109/00700210.tar.gz
HTAR: a   instcat_y03_191109/00700212.tar.gz
HTAR: a   instcat_y03_191109/00700213.tar.gz
HTAR: a   instcat_y03_191109/00700214.tar.gz
HTAR: a   instcat_y03_191109/00700215.tar.gz
HTAR: a   instcat_y03_191109/00700216.tar.gz
HTAR: a   instcat_y03_191109/00700222.tar.gz
HTAR: a   instcat_y03_191109/00700223.tar.gz
HTAR: a   instcat_y03_191109/00700224.tar.gz
HTAR: a   instcat_y03_191109/00700225.tar.gz
HTAR: a   instcat_y03_191109/00700226.tar.gz
HTAR: a   instcat_y03_191109/00700227.tar.gz
HTAR: a   instcat_y03_191109/00700265.tar.gz
HTAR: a   instcat_y03_191109/00700266.tar.gz
HTAR: a   instcat_y03_191109/00700267.tar.gz
HTAR: a   instcat_y03_191109/00700268.tar.gz
HTAR: a   instcat_y03_191109/00700269.tar.gz
HTAR: a   instcat_y03_191109/00700270.tar.gz
HTAR: a   instcat_y03_191109/00700271.tar.gz
HTAR: a   instcat_y03_191109/00700272.tar.gz
HTAR: a   instcat_y03_191109/00700273.tar.gz
HTAR: a   instcat_y03_191109/00700274.tar.gz
HTAR: a   instcat_y03_191109/00700275.tar.gz
HTAR: a   instcat_y03_191109/00700276.tar.gz
HTAR: a   instcat_y03_191109/00700277.tar.gz
HTAR: a   instcat_y03_191109/00700278.tar.gz
HTAR: a   instcat_y03_191109/00700279.tar.gz
HTAR: a   instcat_y03_191109/00700280.tar.gz
HTAR: a   instcat_y03_191109/00700289.tar.gz
HTAR: a   instcat_y03_191109/00700290.tar.gz
HTAR: a   instcat_y03_191109/00700291.tar.gz
HTAR: a   instcat_y03_191109/00700292.tar.gz
HTAR: a   instcat_y03_191109/00700293.tar.gz
HTAR: a   instcat_y03_191109/00700294.tar.gz
HTAR: a   instcat_y03_191109/00700295.tar.gz
HTAR: a   instcat_y03_191109/00700296.tar.gz
HTAR: a   instcat_y03_191109/00700297.tar.gz
HTAR: a   instcat_y03_191109/00700298.tar.gz
HTAR: a   instcat_y03_191109/00700317.tar.gz
HTAR: a   instcat_y03_191109/00700318.tar.gz
HTAR: a   instcat_y03_191109/00700319.tar.gz
HTAR: a   instcat_y03_191109/00700320.tar.gz
HTAR: a   instcat_y03_191109/00700325.tar.gz
HTAR: a   instcat_y03_191109/00700968.tar.gz
HTAR: a   instcat_y03_191109/00700969.tar.gz
HTAR: a   instcat_y03_191109/00700970.tar.gz
HTAR: a   instcat_y03_191109/00700971.tar.gz
HTAR: a   instcat_y03_191109/00700972.tar.gz
HTAR: a   instcat_y03_191109/00700973.tar.gz
HTAR: a   instcat_y03_191109/00700974.tar.gz
HTAR: a   instcat_y03_191109/00700975.tar.gz
HTAR: a   instcat_y03_191109/00700976.tar.gz
HTAR: a   instcat_y03_191109/00700977.tar.gz
HTAR: a   instcat_y03_191109/00700978.tar.gz
HTAR: a   instcat_y03_191109/00700979.tar.gz
HTAR: a   instcat_y03_191109/00700980.tar.gz
HTAR: a   instcat_y03_191109/00700981.tar.gz
HTAR: a   instcat_y03_191109/00700982.tar.gz
HTAR: a   instcat_y03_191109/00700983.tar.gz
HTAR: a   instcat_y03_191109/00700984.tar.gz
HTAR: a   instcat_y03_191109/00700985.tar.gz
HTAR: a   instcat_y03_191109/00700986.tar.gz
HTAR: a   instcat_y03_191109/00700987.tar.gz
HTAR: a   instcat_y03_191109/00700988.tar.gz
HTAR: a   instcat_y03_191109/00701056.tar.gz
HTAR: a   instcat_y03_191109/00701057.tar.gz
HTAR: a   instcat_y03_191109/00701085.tar.gz
HTAR: a   instcat_y03_191109/00701086.tar.gz
HTAR: a   instcat_y03_191109/00701087.tar.gz
HTAR: a   instcat_y03_191109/00701129.tar.gz
HTAR: a   instcat_y03_191109/00701754.tar.gz
HTAR: a   instcat_y03_191109/00701755.tar.gz
HTAR: a   instcat_y03_191109/00701756.tar.gz
HTAR: a   instcat_y03_191109/00701757.tar.gz
HTAR: a   instcat_y03_191109/00701758.tar.gz
HTAR: a   instcat_y03_191109/00701759.tar.gz
HTAR: a   instcat_y03_191109/00701760.tar.gz
HTAR: a   instcat_y03_191109/00701761.tar.gz
HTAR: a   instcat_y03_191109/00701762.tar.gz
HTAR: a   instcat_y03_191109/00701763.tar.gz
HTAR: a   instcat_y03_191109/job_log_00699446.txt
HTAR: a   instcat_y03_191109/job_log_00699447.txt
HTAR: a   instcat_y03_191109/job_log_00699448.txt
HTAR: a   instcat_y03_191109/job_log_00699453.txt
HTAR: a   instcat_y03_191109/job_log_00699454.txt
HTAR: a   instcat_y03_191109/job_log_00699455.txt
HTAR: a   instcat_y03_191109/job_log_00699456.txt
HTAR: a   instcat_y03_191109/job_log_00699457.txt
HTAR: a   instcat_y03_191109/job_log_00699549.txt
HTAR: a   instcat_y03_191109/job_log_00699550.txt
HTAR: a   instcat_y03_191109/job_log_00699551.txt
HTAR: a   instcat_y03_191109/job_log_00699552.txt
HTAR: a   instcat_y03_191109/job_log_00699602.txt
HTAR: a   instcat_y03_191109/job_log_00699603.txt
HTAR: a   instcat_y03_191109/job_log_00699612.txt
HTAR: a   instcat_y03_191109/job_log_00700187.txt
HTAR: a   instcat_y03_191109/job_log_00700188.txt
HTAR: a   instcat_y03_191109/job_log_00700189.txt
HTAR: a   instcat_y03_191109/job_log_00700190.txt
HTAR: a   instcat_y03_191109/job_log_00700191.txt
HTAR: a   instcat_y03_191109/job_log_00700192.txt
HTAR: a   instcat_y03_191109/job_log_00700193.txt
HTAR: a   instcat_y03_191109/job_log_00700194.txt
HTAR: a   instcat_y03_191109/job_log_00700195.txt
HTAR: a   instcat_y03_191109/job_log_00700196.txt
HTAR: a   instcat_y03_191109/job_log_00700197.txt
HTAR: a   instcat_y03_191109/job_log_00700198.txt
HTAR: a   instcat_y03_191109/job_log_00700199.txt
HTAR: a   instcat_y03_191109/job_log_00700200.txt
HTAR: a   instcat_y03_191109/job_log_00700201.txt
HTAR: a   instcat_y03_191109/job_log_00700202.txt
HTAR: a   instcat_y03_191109/job_log_00700203.txt
HTAR: a   instcat_y03_191109/job_log_00700204.txt
HTAR: a   instcat_y03_191109/job_log_00700205.txt
HTAR: a   instcat_y03_191109/job_log_00700206.txt
HTAR: a   instcat_y03_191109/job_log_00700207.txt
HTAR: a   instcat_y03_191109/job_log_00700208.txt
HTAR: a   instcat_y03_191109/job_log_00700209.txt
HTAR: a   instcat_y03_191109/job_log_00700210.txt
HTAR: a   instcat_y03_191109/job_log_00700212.txt
HTAR: a   instcat_y03_191109/job_log_00700213.txt
HTAR: a   instcat_y03_191109/job_log_00700214.txt
HTAR: a   instcat_y03_191109/job_log_00700215.txt
HTAR: a   instcat_y03_191109/job_log_00700216.txt
HTAR: a   instcat_y03_191109/job_log_00700222.txt
HTAR: a   instcat_y03_191109/job_log_00700223.txt
HTAR: a   instcat_y03_191109/job_log_00700224.txt
HTAR: a   instcat_y03_191109/job_log_00700225.txt
HTAR: a   instcat_y03_191109/job_log_00700226.txt
HTAR: a   instcat_y03_191109/job_log_00700227.txt
HTAR: a   instcat_y03_191109/job_log_00700265.txt
HTAR: a   instcat_y03_191109/job_log_00700266.txt
HTAR: a   instcat_y03_191109/job_log_00700267.txt
HTAR: a   instcat_y03_191109/job_log_00700268.txt
HTAR: a   instcat_y03_191109/job_log_00700269.txt
HTAR: a   instcat_y03_191109/job_log_00700270.txt
HTAR: a   instcat_y03_191109/job_log_00700271.txt
HTAR: a   instcat_y03_191109/job_log_00700272.txt
HTAR: a   instcat_y03_191109/job_log_00700273.txt
HTAR: a   instcat_y03_191109/job_log_00700274.txt
HTAR: a   instcat_y03_191109/job_log_00700275.txt
HTAR: a   instcat_y03_191109/job_log_00700276.txt
HTAR: a   instcat_y03_191109/job_log_00700277.txt
HTAR: a   instcat_y03_191109/job_log_00700278.txt
HTAR: a   instcat_y03_191109/job_log_00700279.txt
HTAR: a   instcat_y03_191109/job_log_00700280.txt
HTAR: a   instcat_y03_191109/job_log_00700289.txt
HTAR: a   instcat_y03_191109/job_log_00700290.txt
HTAR: a   instcat_y03_191109/job_log_00700291.txt
HTAR: a   instcat_y03_191109/job_log_00700292.txt
HTAR: a   instcat_y03_191109/job_log_00700293.txt
HTAR: a   instcat_y03_191109/job_log_00700294.txt
HTAR: a   instcat_y03_191109/job_log_00700295.txt
HTAR: a   instcat_y03_191109/job_log_00700296.txt
HTAR: a   instcat_y03_191109/job_log_00700297.txt
HTAR: a   instcat_y03_191109/job_log_00700298.txt
HTAR: a   instcat_y03_191109/job_log_00700317.txt
HTAR: a   instcat_y03_191109/job_log_00700318.txt
HTAR: a   instcat_y03_191109/job_log_00700319.txt
HTAR: a   instcat_y03_191109/job_log_00700320.txt
HTAR: a   instcat_y03_191109/job_log_00700325.txt
HTAR: a   instcat_y03_191109/job_log_00700968.txt
HTAR: a   instcat_y03_191109/job_log_00700969.txt
HTAR: a   instcat_y03_191109/job_log_00700970.txt
HTAR: a   instcat_y03_191109/job_log_00700971.txt
HTAR: a   instcat_y03_191109/job_log_00700972.txt
HTAR: a   instcat_y03_191109/job_log_00700973.txt
HTAR: a   instcat_y03_191109/job_log_00700974.txt
HTAR: a   instcat_y03_191109/job_log_00700975.txt
HTAR: a   instcat_y03_191109/job_log_00700976.txt
HTAR: a   instcat_y03_191109/job_log_00700977.txt
HTAR: a   instcat_y03_191109/job_log_00700978.txt
HTAR: a   instcat_y03_191109/job_log_00700979.txt
HTAR: a   instcat_y03_191109/job_log_00700980.txt
HTAR: a   instcat_y03_191109/job_log_00700981.txt
HTAR: a   instcat_y03_191109/job_log_00700982.txt
HTAR: a   instcat_y03_191109/job_log_00700983.txt
HTAR: a   instcat_y03_191109/job_log_00700984.txt
HTAR: a   instcat_y03_191109/job_log_00700985.txt
HTAR: a   instcat_y03_191109/job_log_00700986.txt
HTAR: a   instcat_y03_191109/job_log_00700987.txt
HTAR: a   instcat_y03_191109/job_log_00700988.txt
HTAR: a   instcat_y03_191109/job_log_00701056.txt
HTAR: a   instcat_y03_191109/job_log_00701057.txt
HTAR: a   instcat_y03_191109/job_log_00701085.txt
HTAR: a   instcat_y03_191109/job_log_00701086.txt
HTAR: a   instcat_y03_191109/job_log_00701087.txt
HTAR: a   instcat_y03_191109/job_log_00701129.txt
HTAR: a   instcat_y03_191109/job_log_00701754.txt
HTAR: a   instcat_y03_191109/job_log_00701755.txt
HTAR: a   instcat_y03_191109/job_log_00701756.txt
HTAR: a   instcat_y03_191109/job_log_00701757.txt
HTAR: a   instcat_y03_191109/job_log_00701758.txt
HTAR: a   instcat_y03_191109/job_log_00701759.txt
HTAR: a   instcat_y03_191109/job_log_00701760.txt
HTAR: a   instcat_y03_191109/job_log_00701761.txt
HTAR: a   instcat_y03_191109/job_log_00701762.txt
HTAR: a   instcat_y03_191109/job_log_00701763.txt
HTAR: a   /tmp/HTAR_CF_CHK_5209_1575945461
HTAR Create complete for /home/projects/desc/DC2_ImSim/Run2.2i/instCat/y03_191109/00699446to00701763.tar. 536,335,141,888 bytes written for 236 member files, max threads: 50 Transfer time: 3650.182 seconds (146.934 MB/s) wallclock/user/sys: 3651.908 4484.300 1513.074 seconds
HTAR: HTAR SUCCESSFUL
HTAR: a   instcat_y03_191109/00701764.tar.gz
HTAR: a   instcat_y03_191109/00701765.tar.gz
HTAR: a   instcat_y03_191109/00701766.tar.gz
HTAR: a   instcat_y03_191109/00701767.tar.gz
HTAR: a   instcat_y03_191109/00701768.tar.gz
HTAR: a   instcat_y03_191109/00701769.tar.gz
HTAR: a   instcat_y03_191109/00701770.tar.gz
HTAR: a   instcat_y03_191109/00701771.tar.gz
HTAR: a   instcat_y03_191109/00701772.tar.gz
HTAR: a   instcat_y03_191109/00701773.tar.gz
HTAR: a   instcat_y03_191109/00702544.tar.gz
HTAR: a   instcat_y03_191109/00702553.tar.gz
HTAR: a   instcat_y03_191109/00702554.tar.gz
HTAR: a   instcat_y03_191109/00702555.tar.gz
HTAR: a   instcat_y03_191109/00702556.tar.gz
HTAR: a   instcat_y03_191109/00702557.tar.gz
HTAR: a   instcat_y03_191109/00702558.tar.gz
HTAR: a   instcat_y03_191109/00702559.tar.gz
HTAR: a   instcat_y03_191109/00702560.tar.gz
HTAR: a   instcat_y03_191109/00702561.tar.gz
HTAR: a   instcat_y03_191109/00702562.tar.gz
HTAR: a   instcat_y03_191109/00702563.tar.gz
HTAR: a   instcat_y03_191109/00702564.tar.gz
HTAR: a   instcat_y03_191109/00702565.tar.gz
HTAR: a   instcat_y03_191109/00702566.tar.gz
HTAR: a   instcat_y03_191109/00702567.tar.gz
HTAR: a   instcat_y03_191109/00702568.tar.gz
HTAR: a   instcat_y03_191109/00702569.tar.gz
HTAR: a   instcat_y03_191109/00702570.tar.gz
HTAR: a   instcat_y03_191109/00702571.tar.gz
HTAR: a   instcat_y03_191109/00702572.tar.gz
HTAR: a   instcat_y03_191109/00703320.tar.gz
HTAR: a   instcat_y03_191109/00703321.tar.gz
HTAR: a   instcat_y03_191109/00703322.tar.gz
HTAR: a   instcat_y03_191109/00703323.tar.gz
HTAR: a   instcat_y03_191109/00703324.tar.gz
HTAR: a   instcat_y03_191109/00703325.tar.gz
HTAR: a   instcat_y03_191109/00703326.tar.gz
HTAR: a   instcat_y03_191109/00703327.tar.gz
HTAR: a   instcat_y03_191109/00703328.tar.gz
HTAR: a   instcat_y03_191109/00703329.tar.gz
HTAR: a   instcat_y03_191109/00703330.tar.gz
HTAR: a   instcat_y03_191109/00703331.tar.gz
HTAR: a   instcat_y03_191109/00703332.tar.gz
HTAR: a   instcat_y03_191109/00703333.tar.gz
HTAR: a   instcat_y03_191109/00703334.tar.gz
HTAR: a   instcat_y03_191109/00703335.tar.gz
HTAR: a   instcat_y03_191109/00703336.tar.gz
HTAR: a   instcat_y03_191109/00703337.tar.gz
HTAR: a   instcat_y03_191109/00703338.tar.gz
HTAR: a   instcat_y03_191109/00703339.tar.gz
HTAR: a   instcat_y03_191109/00703340.tar.gz
HTAR: a   instcat_y03_191109/00703690.tar.gz
HTAR: a   instcat_y03_191109/00703691.tar.gz
HTAR: a   instcat_y03_191109/00703692.tar.gz
HTAR: a   instcat_y03_191109/00703693.tar.gz
HTAR: a   instcat_y03_191109/00703694.tar.gz
HTAR: a   instcat_y03_191109/00703696.tar.gz
HTAR: a   instcat_y03_191109/00703697.tar.gz
HTAR: a   instcat_y03_191109/00703698.tar.gz
HTAR: a   instcat_y03_191109/00703699.tar.gz
HTAR: a   instcat_y03_191109/00703700.tar.gz
HTAR: a   instcat_y03_191109/00703723.tar.gz
HTAR: a   instcat_y03_191109/00703729.tar.gz
HTAR: a   instcat_y03_191109/00703730.tar.gz
HTAR: a   instcat_y03_191109/00703731.tar.gz
HTAR: a   instcat_y03_191109/00703733.tar.gz
HTAR: a   instcat_y03_191109/00703740.tar.gz
HTAR: a   instcat_y03_191109/00703741.tar.gz
HTAR: a   instcat_y03_191109/00703742.tar.gz
HTAR: a   instcat_y03_191109/00703743.tar.gz
HTAR: a   instcat_y03_191109/00703744.tar.gz
HTAR: a   instcat_y03_191109/00703745.tar.gz
HTAR: a   instcat_y03_191109/00703752.tar.gz
HTAR: a   instcat_y03_191109/00703768.tar.gz
HTAR: a   instcat_y03_191109/00703769.tar.gz
HTAR: a   instcat_y03_191109/00703771.tar.gz
HTAR: a   instcat_y03_191109/00704240.tar.gz
HTAR: a   instcat_y03_191109/00704241.tar.gz
HTAR: a   instcat_y03_191109/00704242.tar.gz
HTAR: a   instcat_y03_191109/00704243.tar.gz
HTAR: a   instcat_y03_191109/00704244.tar.gz
HTAR: a   instcat_y03_191109/00704245.tar.gz
HTAR: a   instcat_y03_191109/00704246.tar.gz
HTAR: a   instcat_y03_191109/00704247.tar.gz
HTAR: a   instcat_y03_191109/00704248.tar.gz
HTAR: a   instcat_y03_191109/00704249.tar.gz
HTAR: a   instcat_y03_191109/00704250.tar.gz
HTAR: a   instcat_y03_191109/00704251.tar.gz
HTAR: a   instcat_y03_191109/00704252.tar.gz
HTAR: a   instcat_y03_191109/00704253.tar.gz
HTAR: a   instcat_y03_191109/00704254.tar.gz
HTAR: a   instcat_y03_191109/00704255.tar.gz
HTAR: a   instcat_y03_191109/00704256.tar.gz
HTAR: a   instcat_y03_191109/00704257.tar.gz
HTAR: a   instcat_y03_191109/00704258.tar.gz
HTAR: a   instcat_y03_191109/00704259.tar.gz
HTAR: a   instcat_y03_191109/00704260.tar.gz
HTAR: a   instcat_y03_191109/00704281.tar.gz
HTAR: a   instcat_y03_191109/00704282.tar.gz
HTAR: a   instcat_y03_191109/00704309.tar.gz
HTAR: a   instcat_y03_191109/00704310.tar.gz
HTAR: a   instcat_y03_191109/00704341.tar.gz
HTAR: a   instcat_y03_191109/00704342.tar.gz
HTAR: a   instcat_y03_191109/00704437.tar.gz
HTAR: a   instcat_y03_191109/00704438.tar.gz
HTAR: a   instcat_y03_191109/00704439.tar.gz
HTAR: a   instcat_y03_191109/00704473.tar.gz
HTAR: a   instcat_y03_191109/00704474.tar.gz
HTAR: a   instcat_y03_191109/00704745.tar.gz
HTAR: a   instcat_y03_191109/00704746.tar.gz
HTAR: a   instcat_y03_191109/00704747.tar.gz
HTAR: a   instcat_y03_191109/00704748.tar.gz
HTAR: a   instcat_y03_191109/00704749.tar.gz
HTAR: a   instcat_y03_191109/00704750.tar.gz
HTAR: a   instcat_y03_191109/00704751.tar.gz
HTAR: a   instcat_y03_191109/00704752.tar.gz
HTAR: a   instcat_y03_191109/00704753.tar.gz
HTAR: a   instcat_y03_191109/job_log_00701764.txt
HTAR: a   instcat_y03_191109/job_log_00701765.txt
HTAR: a   instcat_y03_191109/job_log_00701766.txt
HTAR: a   instcat_y03_191109/job_log_00701767.txt
HTAR: a   instcat_y03_191109/job_log_00701768.txt
HTAR: a   instcat_y03_191109/job_log_00701769.txt
HTAR: a   instcat_y03_191109/job_log_00701770.txt
HTAR: a   instcat_y03_191109/job_log_00701771.txt
HTAR: a   instcat_y03_191109/job_log_00701772.txt
HTAR: a   instcat_y03_191109/job_log_00701773.txt
HTAR: a   instcat_y03_191109/job_log_00702544.txt
HTAR: a   instcat_y03_191109/job_log_00702553.txt
HTAR: a   instcat_y03_191109/job_log_00702554.txt
HTAR: a   instcat_y03_191109/job_log_00702555.txt
HTAR: a   instcat_y03_191109/job_log_00702556.txt
HTAR: a   instcat_y03_191109/job_log_00702557.txt
HTAR: a   instcat_y03_191109/job_log_00702558.txt
HTAR: a   instcat_y03_191109/job_log_00702559.txt
HTAR: a   instcat_y03_191109/job_log_00702560.txt
HTAR: a   instcat_y03_191109/job_log_00702561.txt
HTAR: a   instcat_y03_191109/job_log_00702562.txt
HTAR: a   instcat_y03_191109/job_log_00702563.txt
HTAR: a   instcat_y03_191109/job_log_00702564.txt
HTAR: a   instcat_y03_191109/job_log_00702565.txt
HTAR: a   instcat_y03_191109/job_log_00702566.txt
HTAR: a   instcat_y03_191109/job_log_00702567.txt
HTAR: a   instcat_y03_191109/job_log_00702568.txt
HTAR: a   instcat_y03_191109/job_log_00702569.txt
HTAR: a   instcat_y03_191109/job_log_00702570.txt
HTAR: a   instcat_y03_191109/job_log_00702571.txt
HTAR: a   instcat_y03_191109/job_log_00702572.txt
HTAR: a   instcat_y03_191109/job_log_00703320.txt
HTAR: a   instcat_y03_191109/job_log_00703321.txt
HTAR: a   instcat_y03_191109/job_log_00703322.txt
HTAR: a   instcat_y03_191109/job_log_00703323.txt
HTAR: a   instcat_y03_191109/job_log_00703324.txt
HTAR: a   instcat_y03_191109/job_log_00703325.txt
HTAR: a   instcat_y03_191109/job_log_00703326.txt
HTAR: a   instcat_y03_191109/job_log_00703327.txt
HTAR: a   instcat_y03_191109/job_log_00703328.txt
HTAR: a   instcat_y03_191109/job_log_00703329.txt
HTAR: a   instcat_y03_191109/job_log_00703330.txt
HTAR: a   instcat_y03_191109/job_log_00703331.txt
HTAR: a   instcat_y03_191109/job_log_00703332.txt
HTAR: a   instcat_y03_191109/job_log_00703333.txt
HTAR: a   instcat_y03_191109/job_log_00703334.txt
HTAR: a   instcat_y03_191109/job_log_00703335.txt
HTAR: a   instcat_y03_191109/job_log_00703336.txt
HTAR: a   instcat_y03_191109/job_log_00703337.txt
HTAR: a   instcat_y03_191109/job_log_00703338.txt
HTAR: a   instcat_y03_191109/job_log_00703339.txt
HTAR: a   instcat_y03_191109/job_log_00703340.txt
HTAR: a   instcat_y03_191109/job_log_00703690.txt
HTAR: a   instcat_y03_191109/job_log_00703691.txt
HTAR: a   instcat_y03_191109/job_log_00703692.txt
HTAR: a   instcat_y03_191109/job_log_00703693.txt
HTAR: a   instcat_y03_191109/job_log_00703694.txt
HTAR: a   instcat_y03_191109/job_log_00703696.txt
HTAR: a   instcat_y03_191109/job_log_00703697.txt
HTAR: a   instcat_y03_191109/job_log_00703698.txt
HTAR: a   instcat_y03_191109/job_log_00703699.txt
HTAR: a   instcat_y03_191109/job_log_00703700.txt
HTAR: a   instcat_y03_191109/job_log_00703723.txt
HTAR: a   instcat_y03_191109/job_log_00703729.txt
HTAR: a   instcat_y03_191109/job_log_00703730.txt
HTAR: a   instcat_y03_191109/job_log_00703731.txt
HTAR: a   instcat_y03_191109/job_log_00703733.txt
HTAR: a   instcat_y03_191109/job_log_00703740.txt
HTAR: a   instcat_y03_191109/job_log_00703741.txt
HTAR: a   instcat_y03_191109/job_log_00703742.txt
HTAR: a   instcat_y03_191109/job_log_00703743.txt
HTAR: a   instcat_y03_191109/job_log_00703744.txt
HTAR: a   instcat_y03_191109/job_log_00703745.txt
HTAR: a   instcat_y03_191109/job_log_00703752.txt
HTAR: a   instcat_y03_191109/job_log_00703768.txt
HTAR: a   instcat_y03_191109/job_log_00703769.txt
HTAR: a   instcat_y03_191109/job_log_00703771.txt
HTAR: a   instcat_y03_191109/job_log_00704240.txt
HTAR: a   instcat_y03_191109/job_log_00704241.txt
HTAR: a   instcat_y03_191109/job_log_00704242.txt
HTAR: a   instcat_y03_191109/job_log_00704243.txt
HTAR: a   instcat_y03_191109/job_log_00704244.txt
HTAR: a   instcat_y03_191109/job_log_00704245.txt
HTAR: a   instcat_y03_191109/job_log_00704246.txt
HTAR: a   instcat_y03_191109/job_log_00704247.txt
HTAR: a   instcat_y03_191109/job_log_00704248.txt
HTAR: a   instcat_y03_191109/job_log_00704249.txt
HTAR: a   instcat_y03_191109/job_log_00704250.txt
HTAR: a   instcat_y03_191109/job_log_00704251.txt
HTAR: a   instcat_y03_191109/job_log_00704252.txt
HTAR: a   instcat_y03_191109/job_log_00704253.txt
HTAR: a   instcat_y03_191109/job_log_00704254.txt
HTAR: a   instcat_y03_191109/job_log_00704255.txt
HTAR: a   instcat_y03_191109/job_log_00704256.txt
HTAR: a   instcat_y03_191109/job_log_00704257.txt
HTAR: a   instcat_y03_191109/job_log_00704258.txt
HTAR: a   instcat_y03_191109/job_log_00704259.txt
HTAR: a   instcat_y03_191109/job_log_00704260.txt
HTAR: a   instcat_y03_191109/job_log_00704281.txt
HTAR: a   instcat_y03_191109/job_log_00704282.txt
HTAR: a   instcat_y03_191109/job_log_00704309.txt
HTAR: a   instcat_y03_191109/job_log_00704310.txt
HTAR: a   instcat_y03_191109/job_log_00704341.txt
HTAR: a   instcat_y03_191109/job_log_00704342.txt
HTAR: a   instcat_y03_191109/job_log_00704437.txt
HTAR: a   instcat_y03_191109/job_log_00704438.txt
HTAR: a   instcat_y03_191109/job_log_00704439.txt
HTAR: a   instcat_y03_191109/job_log_00704473.txt
HTAR: a   instcat_y03_191109/job_log_00704474.txt
HTAR: a   instcat_y03_191109/job_log_00704745.txt
HTAR: a   instcat_y03_191109/job_log_00704746.txt
HTAR: a   instcat_y03_191109/job_log_00704747.txt
HTAR: a   instcat_y03_191109/job_log_00704748.txt
HTAR: a   instcat_y03_191109/job_log_00704749.txt
HTAR: a   instcat_y03_191109/job_log_00704750.txt
HTAR: a   instcat_y03_191109/job_log_00704751.txt
HTAR: a   instcat_y03_191109/job_log_00704752.txt
HTAR: a   instcat_y03_191109/job_log_00704753.txt
HTAR: a   /tmp/HTAR_CF_CHK_61092_1575949117
HTAR Create complete for /home/projects/desc/DC2_ImSim/Run2.2i/instCat/y03_191109/00701764to00704753.tar. 535,684,247,040 bytes written for 236 member files, max threads: 50 Transfer time: 3697.396 seconds (144.881 MB/s) wallclock/user/sys: 3700.063 4482.299 1655.123 seconds
HTAR: HTAR SUCCESSFUL
HTAR: a   instcat_y03_191109/00704754.tar.gz
HTAR: a   instcat_y03_191109/00704755.tar.gz
HTAR: a   instcat_y03_191109/00704756.tar.gz
HTAR: a   instcat_y03_191109/00704757.tar.gz
HTAR: a   instcat_y03_191109/00704758.tar.gz
HTAR: a   instcat_y03_191109/00704759.tar.gz
HTAR: a   instcat_y03_191109/00704760.tar.gz
HTAR: a   instcat_y03_191109/00704761.tar.gz
HTAR: a   instcat_y03_191109/00704762.tar.gz
HTAR: a   instcat_y03_191109/00704763.tar.gz
HTAR: a   instcat_y03_191109/00704764.tar.gz
HTAR: a   instcat_y03_191109/00704765.tar.gz
HTAR: a   instcat_y03_191109/00704766.tar.gz
HTAR: a   instcat_y03_191109/00704767.tar.gz
HTAR: a   instcat_y03_191109/00704768.tar.gz
HTAR: a   instcat_y03_191109/00704769.tar.gz
HTAR: a   instcat_y03_191109/00704770.tar.gz
HTAR: a   instcat_y03_191109/00704771.tar.gz
HTAR: a   instcat_y03_191109/00704772.tar.gz
HTAR: a   instcat_y03_191109/00704773.tar.gz
HTAR: a   instcat_y03_191109/00704774.tar.gz
HTAR: a   instcat_y03_191109/00704775.tar.gz
HTAR: a   instcat_y03_191109/00704776.tar.gz
HTAR: a   instcat_y03_191109/00704777.tar.gz
HTAR: a   instcat_y03_191109/00704778.tar.gz
HTAR: a   instcat_y03_191109/00704779.tar.gz
HTAR: a   instcat_y03_191109/00704780.tar.gz
HTAR: a   instcat_y03_191109/00704781.tar.gz
HTAR: a   instcat_y03_191109/00704782.tar.gz
HTAR: a   instcat_y03_191109/00704783.tar.gz
HTAR: a   instcat_y03_191109/00704784.tar.gz
HTAR: a   instcat_y03_191109/00704785.tar.gz
HTAR: a   instcat_y03_191109/00704786.tar.gz
HTAR: a   instcat_y03_191109/00704787.tar.gz
HTAR: a   instcat_y03_191109/00704788.tar.gz
HTAR: a   instcat_y03_191109/00704789.tar.gz
HTAR: a   instcat_y03_191109/00704790.tar.gz
HTAR: a   instcat_y03_191109/00704791.tar.gz
HTAR: a   instcat_y03_191109/00704792.tar.gz
HTAR: a   instcat_y03_191109/00704793.tar.gz
HTAR: a   instcat_y03_191109/00704794.tar.gz
HTAR: a   instcat_y03_191109/00704795.tar.gz
HTAR: a   instcat_y03_191109/00704796.tar.gz
HTAR: a   instcat_y03_191109/00704797.tar.gz
HTAR: a   instcat_y03_191109/00704798.tar.gz
HTAR: a   instcat_y03_191109/00704799.tar.gz
HTAR: a   instcat_y03_191109/00704800.tar.gz
HTAR: a   instcat_y03_191109/00704801.tar.gz
HTAR: a   instcat_y03_191109/00704802.tar.gz
HTAR: a   instcat_y03_191109/00704803.tar.gz
HTAR: a   instcat_y03_191109/00704804.tar.gz
HTAR: a   instcat_y03_191109/00704805.tar.gz
HTAR: a   instcat_y03_191109/00704806.tar.gz
HTAR: a   instcat_y03_191109/00704807.tar.gz
HTAR: a   instcat_y03_191109/00704808.tar.gz
HTAR: a   instcat_y03_191109/00704809.tar.gz
HTAR: a   instcat_y03_191109/00704810.tar.gz
HTAR: a   instcat_y03_191109/00704811.tar.gz
HTAR: a   instcat_y03_191109/00704812.tar.gz
HTAR: a   instcat_y03_191109/00704813.tar.gz
HTAR: a   instcat_y03_191109/00704814.tar.gz
HTAR: a   instcat_y03_191109/00704815.tar.gz
HTAR: a   instcat_y03_191109/00704816.tar.gz
HTAR: a   instcat_y03_191109/00704817.tar.gz
HTAR: a   instcat_y03_191109/00704818.tar.gz
HTAR: a   instcat_y03_191109/00704819.tar.gz
HTAR: a   instcat_y03_191109/00704820.tar.gz
HTAR: a   instcat_y03_191109/00704821.tar.gz
HTAR: a   instcat_y03_191109/00704822.tar.gz
HTAR: a   instcat_y03_191109/00704823.tar.gz
HTAR: a   instcat_y03_191109/00704824.tar.gz
HTAR: a   instcat_y03_191109/00704825.tar.gz
HTAR: a   instcat_y03_191109/00704826.tar.gz
HTAR: a   instcat_y03_191109/00704827.tar.gz
HTAR: a   instcat_y03_191109/00704828.tar.gz
HTAR: a   instcat_y03_191109/00704829.tar.gz
HTAR: a   instcat_y03_191109/00704830.tar.gz
HTAR: a   instcat_y03_191109/00704831.tar.gz
HTAR: a   instcat_y03_191109/00704832.tar.gz
HTAR: a   instcat_y03_191109/00704833.tar.gz
HTAR: a   instcat_y03_191109/00704834.tar.gz
HTAR: a   instcat_y03_191109/00704835.tar.gz
HTAR: a   instcat_y03_191109/00704836.tar.gz
HTAR: a   instcat_y03_191109/00704837.tar.gz
HTAR: a   instcat_y03_191109/00704838.tar.gz
HTAR: a   instcat_y03_191109/00704839.tar.gz
HTAR: a   instcat_y03_191109/00704840.tar.gz
HTAR: a   instcat_y03_191109/00705359.tar.gz
HTAR: a   instcat_y03_191109/00705363.tar.gz
HTAR: a   instcat_y03_191109/00705395.tar.gz
HTAR: a   instcat_y03_191109/00705396.tar.gz
HTAR: a   instcat_y03_191109/00705397.tar.gz
HTAR: a   instcat_y03_191109/00705439.tar.gz
HTAR: a   instcat_y03_191109/00705440.tar.gz
HTAR: a   instcat_y03_191109/00705441.tar.gz
HTAR: a   instcat_y03_191109/00705500.tar.gz
HTAR: a   instcat_y03_191109/00705501.tar.gz
HTAR: a   instcat_y03_191109/00705547.tar.gz
HTAR: a   instcat_y03_191109/00705548.tar.gz
HTAR: a   instcat_y03_191109/00705666.tar.gz
HTAR: a   instcat_y03_191109/00705667.tar.gz
HTAR: a   instcat_y03_191109/00705668.tar.gz
HTAR: a   instcat_y03_191109/00705670.tar.gz
HTAR: a   instcat_y03_191109/00705707.tar.gz
HTAR: a   instcat_y03_191109/00705708.tar.gz
HTAR: a   instcat_y03_191109/00705722.tar.gz
HTAR: a   instcat_y03_191109/00705723.tar.gz
HTAR: a   instcat_y03_191109/00705803.tar.gz
HTAR: a   instcat_y03_191109/00706922.tar.gz
HTAR: a   instcat_y03_191109/00706923.tar.gz
HTAR: a   instcat_y03_191109/00706924.tar.gz
HTAR: a   instcat_y03_191109/00706925.tar.gz
HTAR: a   instcat_y03_191109/00706926.tar.gz
HTAR: a   instcat_y03_191109/00706927.tar.gz
HTAR: a   instcat_y03_191109/00706928.tar.gz
HTAR: a   instcat_y03_191109/00706929.tar.gz
HTAR: a   instcat_y03_191109/00706930.tar.gz
HTAR: a   instcat_y03_191109/00706931.tar.gz
HTAR: a   instcat_y03_191109/job_log_00704754.txt
HTAR: a   instcat_y03_191109/job_log_00704755.txt
HTAR: a   instcat_y03_191109/job_log_00704756.txt
HTAR: a   instcat_y03_191109/job_log_00704757.txt
HTAR: a   instcat_y03_191109/job_log_00704758.txt
HTAR: a   instcat_y03_191109/job_log_00704759.txt
HTAR: a   instcat_y03_191109/job_log_00704760.txt
HTAR: a   instcat_y03_191109/job_log_00704761.txt
HTAR: a   instcat_y03_191109/job_log_00704762.txt
HTAR: a   instcat_y03_191109/job_log_00704763.txt
HTAR: a   instcat_y03_191109/job_log_00704764.txt
HTAR: a   instcat_y03_191109/job_log_00704765.txt
HTAR: a   instcat_y03_191109/job_log_00704766.txt
HTAR: a   instcat_y03_191109/job_log_00704767.txt
HTAR: a   instcat_y03_191109/job_log_00704768.txt
HTAR: a   instcat_y03_191109/job_log_00704769.txt
HTAR: a   instcat_y03_191109/job_log_00704770.txt
HTAR: a   instcat_y03_191109/job_log_00704771.txt
HTAR: a   instcat_y03_191109/job_log_00704772.txt
HTAR: a   instcat_y03_191109/job_log_00704773.txt
HTAR: a   instcat_y03_191109/job_log_00704774.txt
HTAR: a   instcat_y03_191109/job_log_00704775.txt
HTAR: a   instcat_y03_191109/job_log_00704776.txt
HTAR: a   instcat_y03_191109/job_log_00704777.txt
HTAR: a   instcat_y03_191109/job_log_00704778.txt
HTAR: a   instcat_y03_191109/job_log_00704779.txt
HTAR: a   instcat_y03_191109/job_log_00704780.txt
HTAR: a   instcat_y03_191109/job_log_00704781.txt
HTAR: a   instcat_y03_191109/job_log_00704782.txt
HTAR: a   instcat_y03_191109/job_log_00704783.txt
HTAR: a   instcat_y03_191109/job_log_00704784.txt
HTAR: a   instcat_y03_191109/job_log_00704785.txt
HTAR: a   instcat_y03_191109/job_log_00704786.txt
HTAR: a   instcat_y03_191109/job_log_00704787.txt
HTAR: a   instcat_y03_191109/job_log_00704788.txt
HTAR: a   instcat_y03_191109/job_log_00704789.txt
HTAR: a   instcat_y03_191109/job_log_00704790.txt
HTAR: a   instcat_y03_191109/job_log_00704791.txt
HTAR: a   instcat_y03_191109/job_log_00704792.txt
HTAR: a   instcat_y03_191109/job_log_00704793.txt
HTAR: a   instcat_y03_191109/job_log_00704794.txt
HTAR: a   instcat_y03_191109/job_log_00704795.txt
HTAR: a   instcat_y03_191109/job_log_00704796.txt
HTAR: a   instcat_y03_191109/job_log_00704797.txt
HTAR: a   instcat_y03_191109/job_log_00704798.txt
HTAR: a   instcat_y03_191109/job_log_00704799.txt
HTAR: a   instcat_y03_191109/job_log_00704800.txt
HTAR: a   instcat_y03_191109/job_log_00704801.txt
HTAR: a   instcat_y03_191109/job_log_00704802.txt
HTAR: a   instcat_y03_191109/job_log_00704803.txt
HTAR: a   instcat_y03_191109/job_log_00704804.txt
HTAR: a   instcat_y03_191109/job_log_00704805.txt
HTAR: a   instcat_y03_191109/job_log_00704806.txt
HTAR: a   instcat_y03_191109/job_log_00704807.txt
HTAR: a   instcat_y03_191109/job_log_00704808.txt
HTAR: a   instcat_y03_191109/job_log_00704809.txt
HTAR: a   instcat_y03_191109/job_log_00704810.txt
HTAR: a   instcat_y03_191109/job_log_00704811.txt
HTAR: a   instcat_y03_191109/job_log_00704812.txt
HTAR: a   instcat_y03_191109/job_log_00704813.txt
HTAR: a   instcat_y03_191109/job_log_00704814.txt
HTAR: a   instcat_y03_191109/job_log_00704815.txt
HTAR: a   instcat_y03_191109/job_log_00704816.txt
HTAR: a   instcat_y03_191109/job_log_00704817.txt
HTAR: a   instcat_y03_191109/job_log_00704818.txt
HTAR: a   instcat_y03_191109/job_log_00704819.txt
HTAR: a   instcat_y03_191109/job_log_00704820.txt
HTAR: a   instcat_y03_191109/job_log_00704821.txt
HTAR: a   instcat_y03_191109/job_log_00704822.txt
HTAR: a   instcat_y03_191109/job_log_00704823.txt
HTAR: a   instcat_y03_191109/job_log_00704824.txt
HTAR: a   instcat_y03_191109/job_log_00704825.txt
HTAR: a   instcat_y03_191109/job_log_00704826.txt
HTAR: a   instcat_y03_191109/job_log_00704827.txt
HTAR: a   instcat_y03_191109/job_log_00704828.txt
HTAR: a   instcat_y03_191109/job_log_00704829.txt
HTAR: a   instcat_y03_191109/job_log_00704830.txt
HTAR: a   instcat_y03_191109/job_log_00704831.txt
HTAR: a   instcat_y03_191109/job_log_00704832.txt
HTAR: a   instcat_y03_191109/job_log_00704833.txt
HTAR: a   instcat_y03_191109/job_log_00704834.txt
HTAR: a   instcat_y03_191109/job_log_00704835.txt
HTAR: a   instcat_y03_191109/job_log_00704836.txt
HTAR: a   instcat_y03_191109/job_log_00704837.txt
HTAR: a   instcat_y03_191109/job_log_00704838.txt
HTAR: a   instcat_y03_191109/job_log_00704839.txt
HTAR: a   instcat_y03_191109/job_log_00704840.txt
HTAR: a   instcat_y03_191109/job_log_00705359.txt
HTAR: a   instcat_y03_191109/job_log_00705363.txt
HTAR: a   instcat_y03_191109/job_log_00705395.txt
HTAR: a   instcat_y03_191109/job_log_00705396.txt
HTAR: a   instcat_y03_191109/job_log_00705397.txt
HTAR: a   instcat_y03_191109/job_log_00705439.txt
HTAR: a   instcat_y03_191109/job_log_00705440.txt
HTAR: a   instcat_y03_191109/job_log_00705441.txt
HTAR: a   instcat_y03_191109/job_log_00705500.txt
HTAR: a   instcat_y03_191109/job_log_00705501.txt
HTAR: a   instcat_y03_191109/job_log_00705547.txt
HTAR: a   instcat_y03_191109/job_log_00705548.txt
HTAR: a   instcat_y03_191109/job_log_00705666.txt
HTAR: a   instcat_y03_191109/job_log_00705667.txt
HTAR: a   instcat_y03_191109/job_log_00705668.txt
HTAR: a   instcat_y03_191109/job_log_00705670.txt
HTAR: a   instcat_y03_191109/job_log_00705707.txt
HTAR: a   instcat_y03_191109/job_log_00705708.txt
HTAR: a   instcat_y03_191109/job_log_00705722.txt
HTAR: a   instcat_y03_191109/job_log_00705723.txt
HTAR: a   instcat_y03_191109/job_log_00705803.txt
HTAR: a   instcat_y03_191109/job_log_00706922.txt
HTAR: a   instcat_y03_191109/job_log_00706923.txt
HTAR: a   instcat_y03_191109/job_log_00706924.txt
HTAR: a   instcat_y03_191109/job_log_00706925.txt
HTAR: a   instcat_y03_191109/job_log_00706926.txt
HTAR: a   instcat_y03_191109/job_log_00706927.txt
HTAR: a   instcat_y03_191109/job_log_00706928.txt
HTAR: a   instcat_y03_191109/job_log_00706929.txt
HTAR: a   instcat_y03_191109/job_log_00706930.txt
HTAR: a   instcat_y03_191109/job_log_00706931.txt
HTAR: a   /tmp/HTAR_CF_CHK_31094_1575952819
HTAR Create complete for /home/projects/desc/DC2_ImSim/Run2.2i/instCat/y03_191109/00704754to00706931.tar. 547,243,148,800 bytes written for 236 member files, max threads: 50 Transfer time: 3843.181 seconds (142.393 MB/s) wallclock/user/sys: 3845.409 4608.297 1695.483 seconds
HTAR: HTAR SUCCESSFUL
HTAR: a   instcat_y03_191109/00706932.tar.gz
HTAR: a   instcat_y03_191109/00706933.tar.gz
HTAR: a   instcat_y03_191109/00706934.tar.gz
HTAR: a   instcat_y03_191109/00706935.tar.gz
HTAR: a   instcat_y03_191109/00706936.tar.gz
HTAR: a   instcat_y03_191109/00706937.tar.gz
HTAR: a   instcat_y03_191109/00706938.tar.gz
HTAR: a   instcat_y03_191109/00706939.tar.gz
HTAR: a   instcat_y03_191109/00706940.tar.gz
HTAR: a   instcat_y03_191109/00706941.tar.gz
HTAR: a   instcat_y03_191109/00706942.tar.gz
HTAR: a   instcat_y03_191109/00706943.tar.gz
HTAR: a   instcat_y03_191109/00706944.tar.gz
HTAR: a   instcat_y03_191109/00706945.tar.gz
HTAR: a   instcat_y03_191109/00706946.tar.gz
HTAR: a   instcat_y03_191109/00706947.tar.gz
HTAR: a   instcat_y03_191109/00706948.tar.gz
HTAR: a   instcat_y03_191109/00706949.tar.gz
HTAR: a   instcat_y03_191109/00706950.tar.gz
HTAR: a   instcat_y03_191109/00706951.tar.gz
HTAR: a   instcat_y03_191109/00706952.tar.gz
HTAR: a   instcat_y03_191109/00706953.tar.gz
HTAR: a   instcat_y03_191109/00706954.tar.gz
HTAR: a   instcat_y03_191109/00706955.tar.gz
HTAR: a   instcat_y03_191109/00706956.tar.gz
HTAR: a   instcat_y03_191109/00706957.tar.gz
HTAR: a   instcat_y03_191109/00706958.tar.gz
HTAR: a   instcat_y03_191109/00706959.tar.gz
HTAR: a   instcat_y03_191109/00706960.tar.gz
HTAR: a   instcat_y03_191109/00706961.tar.gz
HTAR: a   instcat_y03_191109/00706962.tar.gz
HTAR: a   instcat_y03_191109/00706963.tar.gz
HTAR: a   instcat_y03_191109/00706964.tar.gz
HTAR: a   instcat_y03_191109/00706965.tar.gz
HTAR: a   instcat_y03_191109/00706966.tar.gz
HTAR: a   instcat_y03_191109/00706967.tar.gz
HTAR: a   instcat_y03_191109/00706968.tar.gz
HTAR: a   instcat_y03_191109/00706969.tar.gz
HTAR: a   instcat_y03_191109/00706970.tar.gz
HTAR: a   instcat_y03_191109/00706971.tar.gz
HTAR: a   instcat_y03_191109/00706972.tar.gz
HTAR: a   instcat_y03_191109/00706973.tar.gz
HTAR: a   instcat_y03_191109/00706974.tar.gz
HTAR: a   instcat_y03_191109/00706975.tar.gz
HTAR: a   instcat_y03_191109/00706976.tar.gz
HTAR: a   instcat_y03_191109/00706977.tar.gz
HTAR: a   instcat_y03_191109/00706978.tar.gz
HTAR: a   instcat_y03_191109/00706979.tar.gz
HTAR: a   instcat_y03_191109/00706980.tar.gz
HTAR: a   instcat_y03_191109/00706981.tar.gz
HTAR: a   instcat_y03_191109/00706982.tar.gz
HTAR: a   instcat_y03_191109/00706983.tar.gz
HTAR: a   instcat_y03_191109/00706984.tar.gz
HTAR: a   instcat_y03_191109/00706985.tar.gz
HTAR: a   instcat_y03_191109/00706986.tar.gz
HTAR: a   instcat_y03_191109/00706987.tar.gz
HTAR: a   instcat_y03_191109/00706988.tar.gz
HTAR: a   instcat_y03_191109/00706989.tar.gz
HTAR: a   instcat_y03_191109/00706990.tar.gz
HTAR: a   instcat_y03_191109/00706991.tar.gz
HTAR: a   instcat_y03_191109/00706992.tar.gz
HTAR: a   instcat_y03_191109/00706993.tar.gz
HTAR: a   instcat_y03_191109/00706994.tar.gz
HTAR: a   instcat_y03_191109/00706995.tar.gz
HTAR: a   instcat_y03_191109/00706996.tar.gz
HTAR: a   instcat_y03_191109/00706997.tar.gz
HTAR: a   instcat_y03_191109/00706998.tar.gz
HTAR: a   instcat_y03_191109/00706999.tar.gz
HTAR: a   instcat_y03_191109/00707000.tar.gz
HTAR: a   instcat_y03_191109/00707001.tar.gz
HTAR: a   instcat_y03_191109/00707002.tar.gz
HTAR: a   instcat_y03_191109/00707003.tar.gz
HTAR: a   instcat_y03_191109/00707004.tar.gz
HTAR: a   instcat_y03_191109/00707005.tar.gz
HTAR: a   instcat_y03_191109/00707006.tar.gz
HTAR: a   instcat_y03_191109/00707007.tar.gz
HTAR: a   instcat_y03_191109/00707008.tar.gz
HTAR: a   instcat_y03_191109/00707009.tar.gz
HTAR: a   instcat_y03_191109/00707010.tar.gz
HTAR: a   instcat_y03_191109/00707011.tar.gz
HTAR: a   instcat_y03_191109/00707012.tar.gz
HTAR: a   instcat_y03_191109/00707013.tar.gz
HTAR: a   instcat_y03_191109/00707014.tar.gz
HTAR: a   instcat_y03_191109/00707015.tar.gz
HTAR: a   instcat_y03_191109/00707016.tar.gz
HTAR: a   instcat_y03_191109/00707017.tar.gz
HTAR: a   instcat_y03_191109/00707613.tar.gz
HTAR: a   instcat_y03_191109/00707614.tar.gz
HTAR: a   instcat_y03_191109/00707630.tar.gz
HTAR: a   instcat_y03_191109/00707631.tar.gz
HTAR: a   instcat_y03_191109/00707632.tar.gz
HTAR: a   instcat_y03_191109/00707633.tar.gz
HTAR: a   instcat_y03_191109/00707634.tar.gz
HTAR: a   instcat_y03_191109/00707635.tar.gz
HTAR: a   instcat_y03_191109/00707636.tar.gz
HTAR: a   instcat_y03_191109/00707639.tar.gz
HTAR: a   instcat_y03_191109/00707641.tar.gz
HTAR: a   instcat_y03_191109/00707642.tar.gz
HTAR: a   instcat_y03_191109/00707658.tar.gz
HTAR: a   instcat_y03_191109/00707660.tar.gz
HTAR: a   instcat_y03_191109/00707661.tar.gz
HTAR: a   instcat_y03_191109/00707662.tar.gz
HTAR: a   instcat_y03_191109/00707663.tar.gz
HTAR: a   instcat_y03_191109/00707664.tar.gz
HTAR: a   instcat_y03_191109/00707666.tar.gz
HTAR: a   instcat_y03_191109/00707667.tar.gz
HTAR: a   instcat_y03_191109/00707669.tar.gz
HTAR: a   instcat_y03_191109/00707670.tar.gz
HTAR: a   instcat_y03_191109/00707672.tar.gz
HTAR: a   instcat_y03_191109/00707673.tar.gz
HTAR: a   instcat_y03_191109/00707674.tar.gz
HTAR: a   instcat_y03_191109/00707675.tar.gz
HTAR: a   instcat_y03_191109/00707676.tar.gz
HTAR: a   instcat_y03_191109/00707677.tar.gz
HTAR: a   instcat_y03_191109/00707678.tar.gz
HTAR: a   instcat_y03_191109/00707679.tar.gz
HTAR: a   instcat_y03_191109/00707680.tar.gz
HTAR: a   instcat_y03_191109/00707681.tar.gz
HTAR: a   instcat_y03_191109/job_log_00706932.txt
HTAR: a   instcat_y03_191109/job_log_00706933.txt
HTAR: a   instcat_y03_191109/job_log_00706934.txt
HTAR: a   instcat_y03_191109/job_log_00706935.txt
HTAR: a   instcat_y03_191109/job_log_00706936.txt
HTAR: a   instcat_y03_191109/job_log_00706937.txt
HTAR: a   instcat_y03_191109/job_log_00706938.txt
HTAR: a   instcat_y03_191109/job_log_00706939.txt
HTAR: a   instcat_y03_191109/job_log_00706940.txt
HTAR: a   instcat_y03_191109/job_log_00706941.txt
HTAR: a   instcat_y03_191109/job_log_00706942.txt
HTAR: a   instcat_y03_191109/job_log_00706943.txt
HTAR: a   instcat_y03_191109/job_log_00706944.txt
HTAR: a   instcat_y03_191109/job_log_00706945.txt
HTAR: a   instcat_y03_191109/job_log_00706946.txt
HTAR: a   instcat_y03_191109/job_log_00706947.txt
HTAR: a   instcat_y03_191109/job_log_00706948.txt
HTAR: a   instcat_y03_191109/job_log_00706949.txt
HTAR: a   instcat_y03_191109/job_log_00706950.txt
HTAR: a   instcat_y03_191109/job_log_00706951.txt
HTAR: a   instcat_y03_191109/job_log_00706952.txt
HTAR: a   instcat_y03_191109/job_log_00706953.txt
HTAR: a   instcat_y03_191109/job_log_00706954.txt
HTAR: a   instcat_y03_191109/job_log_00706955.txt
HTAR: a   instcat_y03_191109/job_log_00706956.txt
HTAR: a   instcat_y03_191109/job_log_00706957.txt
HTAR: a   instcat_y03_191109/job_log_00706958.txt
HTAR: a   instcat_y03_191109/job_log_00706959.txt
HTAR: a   instcat_y03_191109/job_log_00706960.txt
HTAR: a   instcat_y03_191109/job_log_00706961.txt
HTAR: a   instcat_y03_191109/job_log_00706962.txt
HTAR: a   instcat_y03_191109/job_log_00706963.txt
HTAR: a   instcat_y03_191109/job_log_00706964.txt
HTAR: a   instcat_y03_191109/job_log_00706965.txt
HTAR: a   instcat_y03_191109/job_log_00706966.txt
HTAR: a   instcat_y03_191109/job_log_00706967.txt
HTAR: a   instcat_y03_191109/job_log_00706968.txt
HTAR: a   instcat_y03_191109/job_log_00706969.txt
HTAR: a   instcat_y03_191109/job_log_00706970.txt
HTAR: a   instcat_y03_191109/job_log_00706971.txt
HTAR: a   instcat_y03_191109/job_log_00706972.txt
HTAR: a   instcat_y03_191109/job_log_00706973.txt
HTAR: a   instcat_y03_191109/job_log_00706974.txt
HTAR: a   instcat_y03_191109/job_log_00706975.txt
HTAR: a   instcat_y03_191109/job_log_00706976.txt
HTAR: a   instcat_y03_191109/job_log_00706977.txt
HTAR: a   instcat_y03_191109/job_log_00706978.txt
HTAR: a   instcat_y03_191109/job_log_00706979.txt
HTAR: a   instcat_y03_191109/job_log_00706980.txt
HTAR: a   instcat_y03_191109/job_log_00706981.txt
HTAR: a   instcat_y03_191109/job_log_00706982.txt
HTAR: a   instcat_y03_191109/job_log_00706983.txt
HTAR: a   instcat_y03_191109/job_log_00706984.txt
HTAR: a   instcat_y03_191109/job_log_00706985.txt
HTAR: a   instcat_y03_191109/job_log_00706986.txt
HTAR: a   instcat_y03_191109/job_log_00706987.txt
HTAR: a   instcat_y03_191109/job_log_00706988.txt
HTAR: a   instcat_y03_191109/job_log_00706989.txt
HTAR: a   instcat_y03_191109/job_log_00706990.txt
HTAR: a   instcat_y03_191109/job_log_00706991.txt
HTAR: a   instcat_y03_191109/job_log_00706992.txt
HTAR: a   instcat_y03_191109/job_log_00706993.txt
HTAR: a   instcat_y03_191109/job_log_00706994.txt
HTAR: a   instcat_y03_191109/job_log_00706995.txt
HTAR: a   instcat_y03_191109/job_log_00706996.txt
HTAR: a   instcat_y03_191109/job_log_00706997.txt
HTAR: a   instcat_y03_191109/job_log_00706998.txt
HTAR: a   instcat_y03_191109/job_log_00706999.txt
HTAR: a   instcat_y03_191109/job_log_00707000.txt
HTAR: a   instcat_y03_191109/job_log_00707001.txt
HTAR: a   instcat_y03_191109/job_log_00707002.txt
HTAR: a   instcat_y03_191109/job_log_00707003.txt
HTAR: a   instcat_y03_191109/job_log_00707004.txt
HTAR: a   instcat_y03_191109/job_log_00707005.txt
HTAR: a   instcat_y03_191109/job_log_00707006.txt
HTAR: a   instcat_y03_191109/job_log_00707007.txt
HTAR: a   instcat_y03_191109/job_log_00707008.txt
HTAR: a   instcat_y03_191109/job_log_00707009.txt
HTAR: a   instcat_y03_191109/job_log_00707010.txt
HTAR: a   instcat_y03_191109/job_log_00707011.txt
HTAR: a   instcat_y03_191109/job_log_00707012.txt
HTAR: a   instcat_y03_191109/job_log_00707013.txt
HTAR: a   instcat_y03_191109/job_log_00707014.txt
HTAR: a   instcat_y03_191109/job_log_00707015.txt
HTAR: a   instcat_y03_191109/job_log_00707016.txt
HTAR: a   instcat_y03_191109/job_log_00707017.txt
HTAR: a   instcat_y03_191109/job_log_00707613.txt
HTAR: a   instcat_y03_191109/job_log_00707614.txt
HTAR: a   instcat_y03_191109/job_log_00707630.txt
HTAR: a   instcat_y03_191109/job_log_00707631.txt
HTAR: a   instcat_y03_191109/job_log_00707632.txt
HTAR: a   instcat_y03_191109/job_log_00707633.txt
HTAR: a   instcat_y03_191109/job_log_00707634.txt
HTAR: a   instcat_y03_191109/job_log_00707635.txt
HTAR: a   instcat_y03_191109/job_log_00707636.txt
HTAR: a   instcat_y03_191109/job_log_00707639.txt
HTAR: a   instcat_y03_191109/job_log_00707641.txt
HTAR: a   instcat_y03_191109/job_log_00707642.txt
HTAR: a   instcat_y03_191109/job_log_00707658.txt
HTAR: a   instcat_y03_191109/job_log_00707660.txt
HTAR: a   instcat_y03_191109/job_log_00707661.txt
HTAR: a   instcat_y03_191109/job_log_00707662.txt
HTAR: a   instcat_y03_191109/job_log_00707663.txt
HTAR: a   instcat_y03_191109/job_log_00707664.txt
HTAR: a   instcat_y03_191109/job_log_00707666.txt
HTAR: a   instcat_y03_191109/job_log_00707667.txt
HTAR: a   instcat_y03_191109/job_log_00707669.txt
HTAR: a   instcat_y03_191109/job_log_00707670.txt
HTAR: a   instcat_y03_191109/job_log_00707672.txt
HTAR: a   instcat_y03_191109/job_log_00707673.txt
HTAR: a   instcat_y03_191109/job_log_00707674.txt
HTAR: a   instcat_y03_191109/job_log_00707675.txt
HTAR: a   instcat_y03_191109/job_log_00707676.txt
HTAR: a   instcat_y03_191109/job_log_00707677.txt
HTAR: a   instcat_y03_191109/job_log_00707678.txt
HTAR: a   instcat_y03_191109/job_log_00707679.txt
HTAR: a   instcat_y03_191109/job_log_00707680.txt
HTAR: a   instcat_y03_191109/job_log_00707681.txt
HTAR: a   /tmp/HTAR_CF_CHK_10501_1575956671
HTAR Create complete for /home/projects/desc/DC2_ImSim/Run2.2i/instCat/y03_191109/00706932to00707681.tar. 556,570,738,688 bytes written for 236 member files, max threads: 50 Transfer time: 3846.775 seconds (144.685 MB/s) wallclock/user/sys: 3852.585 4630.593 1738.072 seconds
HTAR: HTAR SUCCESSFUL
HTAR: a   instcat_y03_191109/00707708.tar.gz
HTAR: a   instcat_y03_191109/00707709.tar.gz
HTAR: a   instcat_y03_191109/00707710.tar.gz
HTAR: a   instcat_y03_191109/00707711.tar.gz
HTAR: a   instcat_y03_191109/00707712.tar.gz
HTAR: a   instcat_y03_191109/00707713.tar.gz
HTAR: a   instcat_y03_191109/00707714.tar.gz
HTAR: a   instcat_y03_191109/00707715.tar.gz
HTAR: a   instcat_y03_191109/00707717.tar.gz
HTAR: a   instcat_y03_191109/00707718.tar.gz
HTAR: a   instcat_y03_191109/00707719.tar.gz
HTAR: a   instcat_y03_191109/00707720.tar.gz
HTAR: a   instcat_y03_191109/00707721.tar.gz
HTAR: a   instcat_y03_191109/00707722.tar.gz
HTAR: a   instcat_y03_191109/00708369.tar.gz
HTAR: a   instcat_y03_191109/00708370.tar.gz
HTAR: a   instcat_y03_191109/00708371.tar.gz
HTAR: a   instcat_y03_191109/00708373.tar.gz
HTAR: a   instcat_y03_191109/00708374.tar.gz
HTAR: a   instcat_y03_191109/00708473.tar.gz
HTAR: a   instcat_y03_191109/00708474.tar.gz
HTAR: a   instcat_y03_191109/00708475.tar.gz
HTAR: a   instcat_y03_191109/00708476.tar.gz
HTAR: a   instcat_y03_191109/00708477.tar.gz
HTAR: a   instcat_y03_191109/00708478.tar.gz
HTAR: a   instcat_y03_191109/00708479.tar.gz
HTAR: a   instcat_y03_191109/00708480.tar.gz
HTAR: a   instcat_y03_191109/00708481.tar.gz
HTAR: a   instcat_y03_191109/00708482.tar.gz
HTAR: a   instcat_y03_191109/00708483.tar.gz
HTAR: a   instcat_y03_191109/00708484.tar.gz
HTAR: a   instcat_y03_191109/00708485.tar.gz
HTAR: a   instcat_y03_191109/00708486.tar.gz
HTAR: a   instcat_y03_191109/00708487.tar.gz
HTAR: a   instcat_y03_191109/00708488.tar.gz
HTAR: a   instcat_y03_191109/00708489.tar.gz
HTAR: a   instcat_y03_191109/00708490.tar.gz
HTAR: a   instcat_y03_191109/00708491.tar.gz
HTAR: a   instcat_y03_191109/00708492.tar.gz
HTAR: a   instcat_y03_191109/00708493.tar.gz
HTAR: a   instcat_y03_191109/00708494.tar.gz
HTAR: a   instcat_y03_191109/00708495.tar.gz
HTAR: a   instcat_y03_191109/00708496.tar.gz
HTAR: a   instcat_y03_191109/00708497.tar.gz
HTAR: a   instcat_y03_191109/00708506.tar.gz
HTAR: a   instcat_y03_191109/00708507.tar.gz
HTAR: a   instcat_y03_191109/00708508.tar.gz
HTAR: a   instcat_y03_191109/00708509.tar.gz
HTAR: a   instcat_y03_191109/00708510.tar.gz
HTAR: a   instcat_y03_191109/00708511.tar.gz
HTAR: a   instcat_y03_191109/00708512.tar.gz
HTAR: a   instcat_y03_191109/00708513.tar.gz
HTAR: a   instcat_y03_191109/00708514.tar.gz
HTAR: a   instcat_y03_191109/00708515.tar.gz
HTAR: a   instcat_y03_191109/00708516.tar.gz
HTAR: a   instcat_y03_191109/00708517.tar.gz
HTAR: a   instcat_y03_191109/00708518.tar.gz
HTAR: a   instcat_y03_191109/00708519.tar.gz
HTAR: a   instcat_y03_191109/00708520.tar.gz
HTAR: a   instcat_y03_191109/00708521.tar.gz
HTAR: a   instcat_y03_191109/00708522.tar.gz
HTAR: a   instcat_y03_191109/00708788.tar.gz
HTAR: a   instcat_y03_191109/00708819.tar.gz
HTAR: a   instcat_y03_191109/00709261.tar.gz
HTAR: a   instcat_y03_191109/00709293.tar.gz
HTAR: a   instcat_y03_191109/00709294.tar.gz
HTAR: a   instcat_y03_191109/00709303.tar.gz
HTAR: a   instcat_y03_191109/00709304.tar.gz
HTAR: a   instcat_y03_191109/00709305.tar.gz
HTAR: a   instcat_y03_191109/00709306.tar.gz
HTAR: a   instcat_y03_191109/00709307.tar.gz
HTAR: a   instcat_y03_191109/00709308.tar.gz
HTAR: a   instcat_y03_191109/00709309.tar.gz
HTAR: a   instcat_y03_191109/00709310.tar.gz
HTAR: a   instcat_y03_191109/00709357.tar.gz
HTAR: a   instcat_y03_191109/00709358.tar.gz
HTAR: a   instcat_y03_191109/00709359.tar.gz
HTAR: a   instcat_y03_191109/00709360.tar.gz
HTAR: a   instcat_y03_191109/00709361.tar.gz
HTAR: a   instcat_y03_191109/00709362.tar.gz
HTAR: a   instcat_y03_191109/00709373.tar.gz
HTAR: a   instcat_y03_191109/00709377.tar.gz
HTAR: a   instcat_y03_191109/00709378.tar.gz
HTAR: a   instcat_y03_191109/00709379.tar.gz
HTAR: a   instcat_y03_191109/00709380.tar.gz
HTAR: a   instcat_y03_191109/00709381.tar.gz
HTAR: a   instcat_y03_191109/00709383.tar.gz
HTAR: a   instcat_y03_191109/00709384.tar.gz
HTAR: a   instcat_y03_191109/00709385.tar.gz
HTAR: a   instcat_y03_191109/00709386.tar.gz
HTAR: a   instcat_y03_191109/00709387.tar.gz
HTAR: a   instcat_y03_191109/00709403.tar.gz
HTAR: a   instcat_y03_191109/00709647.tar.gz
HTAR: a   instcat_y03_191109/00709648.tar.gz
HTAR: a   instcat_y03_191109/00709649.tar.gz
HTAR: a   instcat_y03_191109/00709650.tar.gz
HTAR: a   instcat_y03_191109/00709651.tar.gz
HTAR: a   instcat_y03_191109/00709652.tar.gz
HTAR: a   instcat_y03_191109/00709653.tar.gz
HTAR: a   instcat_y03_191109/00709654.tar.gz
HTAR: a   instcat_y03_191109/00709655.tar.gz
HTAR: a   instcat_y03_191109/00709656.tar.gz
HTAR: a   instcat_y03_191109/00709657.tar.gz
HTAR: a   instcat_y03_191109/00709658.tar.gz
HTAR: a   instcat_y03_191109/00709659.tar.gz
HTAR: a   instcat_y03_191109/00709660.tar.gz
HTAR: a   instcat_y03_191109/00709661.tar.gz
HTAR: a   instcat_y03_191109/00709662.tar.gz
HTAR: a   instcat_y03_191109/00709663.tar.gz
HTAR: a   instcat_y03_191109/00709664.tar.gz
HTAR: a   instcat_y03_191109/00709665.tar.gz
HTAR: a   instcat_y03_191109/00709666.tar.gz
HTAR: a   instcat_y03_191109/00709667.tar.gz
HTAR: a   instcat_y03_191109/00709668.tar.gz
HTAR: a   instcat_y03_191109/00709669.tar.gz
HTAR: a   instcat_y03_191109/00709670.tar.gz
HTAR: a   instcat_y03_191109/00709671.tar.gz
HTAR: a   instcat_y03_191109/00709672.tar.gz
HTAR: a   instcat_y03_191109/job_log_00707708.txt
HTAR: a   instcat_y03_191109/job_log_00707709.txt
HTAR: a   instcat_y03_191109/job_log_00707710.txt
HTAR: a   instcat_y03_191109/job_log_00707711.txt
HTAR: a   instcat_y03_191109/job_log_00707712.txt
HTAR: a   instcat_y03_191109/job_log_00707713.txt
HTAR: a   instcat_y03_191109/job_log_00707714.txt
HTAR: a   instcat_y03_191109/job_log_00707715.txt
HTAR: a   instcat_y03_191109/job_log_00707717.txt
HTAR: a   instcat_y03_191109/job_log_00707718.txt
HTAR: a   instcat_y03_191109/job_log_00707719.txt
HTAR: a   instcat_y03_191109/job_log_00707720.txt
HTAR: a   instcat_y03_191109/job_log_00707721.txt
HTAR: a   instcat_y03_191109/job_log_00707722.txt
HTAR: a   instcat_y03_191109/job_log_00708369.txt
HTAR: a   instcat_y03_191109/job_log_00708370.txt
HTAR: a   instcat_y03_191109/job_log_00708371.txt
HTAR: a   instcat_y03_191109/job_log_00708373.txt
HTAR: a   instcat_y03_191109/job_log_00708374.txt
HTAR: a   instcat_y03_191109/job_log_00708473.txt
HTAR: a   instcat_y03_191109/job_log_00708474.txt
HTAR: a   instcat_y03_191109/job_log_00708475.txt
HTAR: a   instcat_y03_191109/job_log_00708476.txt
HTAR: a   instcat_y03_191109/job_log_00708477.txt
HTAR: a   instcat_y03_191109/job_log_00708478.txt
HTAR: a   instcat_y03_191109/job_log_00708479.txt
HTAR: a   instcat_y03_191109/job_log_00708480.txt
HTAR: a   instcat_y03_191109/job_log_00708481.txt
HTAR: a   instcat_y03_191109/job_log_00708482.txt
HTAR: a   instcat_y03_191109/job_log_00708483.txt
HTAR: a   instcat_y03_191109/job_log_00708484.txt
HTAR: a   instcat_y03_191109/job_log_00708485.txt
HTAR: a   instcat_y03_191109/job_log_00708486.txt
HTAR: a   instcat_y03_191109/job_log_00708487.txt
HTAR: a   instcat_y03_191109/job_log_00708488.txt
HTAR: a   instcat_y03_191109/job_log_00708489.txt
HTAR: a   instcat_y03_191109/job_log_00708490.txt
HTAR: a   instcat_y03_191109/job_log_00708491.txt
HTAR: a   instcat_y03_191109/job_log_00708492.txt
HTAR: a   instcat_y03_191109/job_log_00708493.txt
HTAR: a   instcat_y03_191109/job_log_00708494.txt
HTAR: a   instcat_y03_191109/job_log_00708495.txt
HTAR: a   instcat_y03_191109/job_log_00708496.txt
HTAR: a   instcat_y03_191109/job_log_00708497.txt
HTAR: a   instcat_y03_191109/job_log_00708506.txt
HTAR: a   instcat_y03_191109/job_log_00708507.txt
HTAR: a   instcat_y03_191109/job_log_00708508.txt
HTAR: a   instcat_y03_191109/job_log_00708509.txt
HTAR: a   instcat_y03_191109/job_log_00708510.txt
HTAR: a   instcat_y03_191109/job_log_00708511.txt
HTAR: a   instcat_y03_191109/job_log_00708512.txt
HTAR: a   instcat_y03_191109/job_log_00708513.txt
HTAR: a   instcat_y03_191109/job_log_00708514.txt
HTAR: a   instcat_y03_191109/job_log_00708515.txt
HTAR: a   instcat_y03_191109/job_log_00708516.txt
HTAR: a   instcat_y03_191109/job_log_00708517.txt
HTAR: a   instcat_y03_191109/job_log_00708518.txt
HTAR: a   instcat_y03_191109/job_log_00708519.txt
HTAR: a   instcat_y03_191109/job_log_00708520.txt
HTAR: a   instcat_y03_191109/job_log_00708521.txt
HTAR: a   instcat_y03_191109/job_log_00708522.txt
HTAR: a   instcat_y03_191109/job_log_00708788.txt
HTAR: a   instcat_y03_191109/job_log_00708819.txt
HTAR: a   instcat_y03_191109/job_log_00709261.txt
HTAR: a   instcat_y03_191109/job_log_00709293.txt
HTAR: a   instcat_y03_191109/job_log_00709294.txt
HTAR: a   instcat_y03_191109/job_log_00709303.txt
HTAR: a   instcat_y03_191109/job_log_00709304.txt
HTAR: a   instcat_y03_191109/job_log_00709305.txt
HTAR: a   instcat_y03_191109/job_log_00709306.txt
HTAR: a   instcat_y03_191109/job_log_00709307.txt
HTAR: a   instcat_y03_191109/job_log_00709308.txt
HTAR: a   instcat_y03_191109/job_log_00709309.txt
HTAR: a   instcat_y03_191109/job_log_00709310.txt
HTAR: a   instcat_y03_191109/job_log_00709357.txt
HTAR: a   instcat_y03_191109/job_log_00709358.txt
HTAR: a   instcat_y03_191109/job_log_00709359.txt
HTAR: a   instcat_y03_191109/job_log_00709360.txt
HTAR: a   instcat_y03_191109/job_log_00709361.txt
HTAR: a   instcat_y03_191109/job_log_00709362.txt
HTAR: a   instcat_y03_191109/job_log_00709373.txt
HTAR: a   instcat_y03_191109/job_log_00709377.txt
HTAR: a   instcat_y03_191109/job_log_00709378.txt
HTAR: a   instcat_y03_191109/job_log_00709379.txt
HTAR: a   instcat_y03_191109/job_log_00709380.txt
HTAR: a   instcat_y03_191109/job_log_00709381.txt
HTAR: a   instcat_y03_191109/job_log_00709383.txt
HTAR: a   instcat_y03_191109/job_log_00709384.txt
HTAR: a   instcat_y03_191109/job_log_00709385.txt
HTAR: a   instcat_y03_191109/job_log_00709386.txt
HTAR: a   instcat_y03_191109/job_log_00709387.txt
HTAR: a   instcat_y03_191109/job_log_00709403.txt
HTAR: a   instcat_y03_191109/job_log_00709647.txt
HTAR: a   instcat_y03_191109/job_log_00709648.txt
HTAR: a   instcat_y03_191109/job_log_00709649.txt
HTAR: a   instcat_y03_191109/job_log_00709650.txt
HTAR: a   instcat_y03_191109/job_log_00709651.txt
HTAR: a   instcat_y03_191109/job_log_00709652.txt
HTAR: a   instcat_y03_191109/job_log_00709653.txt
HTAR: a   instcat_y03_191109/job_log_00709654.txt
HTAR: a   instcat_y03_191109/job_log_00709655.txt
HTAR: a   instcat_y03_191109/job_log_00709656.txt
HTAR: a   instcat_y03_191109/job_log_00709657.txt
HTAR: a   instcat_y03_191109/job_log_00709658.txt
HTAR: a   instcat_y03_191109/job_log_00709659.txt
HTAR: a   instcat_y03_191109/job_log_00709660.txt
HTAR: a   instcat_y03_191109/job_log_00709661.txt
HTAR: a   instcat_y03_191109/job_log_00709662.txt
HTAR: a   instcat_y03_191109/job_log_00709663.txt
HTAR: a   instcat_y03_191109/job_log_00709664.txt
HTAR: a   instcat_y03_191109/job_log_00709665.txt
HTAR: a   instcat_y03_191109/job_log_00709666.txt
HTAR: a   instcat_y03_191109/job_log_00709667.txt
HTAR: a   instcat_y03_191109/job_log_00709668.txt
HTAR: a   instcat_y03_191109/job_log_00709669.txt
HTAR: a   instcat_y03_191109/job_log_00709670.txt
HTAR: a   instcat_y03_191109/job_log_00709671.txt
HTAR: a   instcat_y03_191109/job_log_00709672.txt
HTAR: a   /tmp/HTAR_CF_CHK_54312_1575960523
HTAR Create complete for /home/projects/desc/DC2_ImSim/Run2.2i/instCat/y03_191109/00707708to00709672.tar. 534,517,572,608 bytes written for 236 member files, max threads: 50 Transfer time: 3642.932 seconds (146.727 MB/s) wallclock/user/sys: 3645.151 4403.122 1632.633 seconds
HTAR: HTAR SUCCESSFUL
HTAR: a   instcat_y03_191109/00709673.tar.gz
HTAR: a   instcat_y03_191109/00709674.tar.gz
HTAR: a   instcat_y03_191109/00709675.tar.gz
HTAR: a   instcat_y03_191109/00709676.tar.gz
HTAR: a   instcat_y03_191109/00709677.tar.gz
HTAR: a   instcat_y03_191109/00709678.tar.gz
HTAR: a   instcat_y03_191109/00709679.tar.gz
HTAR: a   instcat_y03_191109/00709680.tar.gz
HTAR: a   instcat_y03_191109/00709681.tar.gz
HTAR: a   instcat_y03_191109/00709682.tar.gz
HTAR: a   instcat_y03_191109/00709683.tar.gz
HTAR: a   instcat_y03_191109/00709684.tar.gz
HTAR: a   instcat_y03_191109/00709685.tar.gz
HTAR: a   instcat_y03_191109/00709686.tar.gz
HTAR: a   instcat_y03_191109/00709687.tar.gz
HTAR: a   instcat_y03_191109/00709688.tar.gz
HTAR: a   instcat_y03_191109/00709689.tar.gz
HTAR: a   instcat_y03_191109/00709690.tar.gz
HTAR: a   instcat_y03_191109/00709691.tar.gz
HTAR: a   instcat_y03_191109/00709692.tar.gz
HTAR: a   instcat_y03_191109/00709693.tar.gz
HTAR: a   instcat_y03_191109/00709694.tar.gz
HTAR: a   instcat_y03_191109/00709695.tar.gz
HTAR: a   instcat_y03_191109/00709696.tar.gz
HTAR: a   instcat_y03_191109/00709697.tar.gz
HTAR: a   instcat_y03_191109/00709698.tar.gz
HTAR: a   instcat_y03_191109/00709699.tar.gz
HTAR: a   instcat_y03_191109/00709700.tar.gz
HTAR: a   instcat_y03_191109/00709701.tar.gz
HTAR: a   instcat_y03_191109/00709702.tar.gz
HTAR: a   instcat_y03_191109/00709703.tar.gz
HTAR: a   instcat_y03_191109/00709704.tar.gz
HTAR: a   instcat_y03_191109/00709705.tar.gz
HTAR: a   instcat_y03_191109/00709706.tar.gz
HTAR: a   instcat_y03_191109/00709707.tar.gz
HTAR: a   instcat_y03_191109/00709708.tar.gz
HTAR: a   instcat_y03_191109/00709709.tar.gz
HTAR: a   instcat_y03_191109/00709710.tar.gz
HTAR: a   instcat_y03_191109/00709711.tar.gz
HTAR: a   instcat_y03_191109/00709712.tar.gz
HTAR: a   instcat_y03_191109/00709713.tar.gz
HTAR: a   instcat_y03_191109/00709714.tar.gz
HTAR: a   instcat_y03_191109/00709715.tar.gz
HTAR: a   instcat_y03_191109/00709716.tar.gz
HTAR: a   instcat_y03_191109/00709717.tar.gz
HTAR: a   instcat_y03_191109/00709718.tar.gz
HTAR: a   instcat_y03_191109/00709719.tar.gz
HTAR: a   instcat_y03_191109/00709720.tar.gz
HTAR: a   instcat_y03_191109/00709721.tar.gz
HTAR: a   instcat_y03_191109/00709722.tar.gz
HTAR: a   instcat_y03_191109/00709723.tar.gz
HTAR: a   instcat_y03_191109/00709724.tar.gz
HTAR: a   instcat_y03_191109/00709725.tar.gz
HTAR: a   instcat_y03_191109/00709726.tar.gz
HTAR: a   instcat_y03_191109/00709727.tar.gz
HTAR: a   instcat_y03_191109/00709728.tar.gz
HTAR: a   instcat_y03_191109/00709729.tar.gz
HTAR: a   instcat_y03_191109/00709730.tar.gz
HTAR: a   instcat_y03_191109/00709731.tar.gz
HTAR: a   instcat_y03_191109/00709732.tar.gz
HTAR: a   instcat_y03_191109/00709733.tar.gz
HTAR: a   instcat_y03_191109/00709734.tar.gz
HTAR: a   instcat_y03_191109/00709735.tar.gz
HTAR: a   instcat_y03_191109/00709736.tar.gz
HTAR: a   instcat_y03_191109/00709737.tar.gz
HTAR: a   instcat_y03_191109/00709738.tar.gz
HTAR: a   instcat_y03_191109/00709739.tar.gz
HTAR: a   instcat_y03_191109/00709740.tar.gz
HTAR: a   instcat_y03_191109/00709741.tar.gz
HTAR: a   instcat_y03_191109/00709742.tar.gz
HTAR: a   instcat_y03_191109/00709942.tar.gz
HTAR: a   instcat_y03_191109/00709943.tar.gz
HTAR: a   instcat_y03_191109/00709944.tar.gz
HTAR: a   instcat_y03_191109/00709948.tar.gz
HTAR: a   instcat_y03_191109/00709949.tar.gz
HTAR: a   instcat_y03_191109/00709950.tar.gz
HTAR: a   instcat_y03_191109/00709951.tar.gz
HTAR: a   instcat_y03_191109/00709952.tar.gz
HTAR: a   instcat_y03_191109/00709953.tar.gz
HTAR: a   instcat_y03_191109/00709954.tar.gz
HTAR: a   instcat_y03_191109/00709955.tar.gz
HTAR: a   instcat_y03_191109/00709956.tar.gz
HTAR: a   instcat_y03_191109/00709957.tar.gz
HTAR: a   instcat_y03_191109/00709958.tar.gz
HTAR: a   instcat_y03_191109/00709959.tar.gz
HTAR: a   instcat_y03_191109/00709960.tar.gz
HTAR: a   instcat_y03_191109/00709961.tar.gz
HTAR: a   instcat_y03_191109/00709962.tar.gz
HTAR: a   instcat_y03_191109/00709963.tar.gz
HTAR: a   instcat_y03_191109/00709964.tar.gz
HTAR: a   instcat_y03_191109/00709965.tar.gz
HTAR: a   instcat_y03_191109/00709966.tar.gz
HTAR: a   instcat_y03_191109/00709967.tar.gz
HTAR: a   instcat_y03_191109/00709968.tar.gz
HTAR: a   instcat_y03_191109/00709969.tar.gz
HTAR: a   instcat_y03_191109/00709970.tar.gz
HTAR: a   instcat_y03_191109/00709971.tar.gz
HTAR: a   instcat_y03_191109/00709972.tar.gz
HTAR: a   instcat_y03_191109/00709973.tar.gz
HTAR: a   instcat_y03_191109/00709991.tar.gz
HTAR: a   instcat_y03_191109/00709999.tar.gz
HTAR: a   instcat_y03_191109/00710000.tar.gz
HTAR: a   instcat_y03_191109/00710024.tar.gz
HTAR: a   instcat_y03_191109/00710025.tar.gz
HTAR: a   instcat_y03_191109/00710026.tar.gz
HTAR: a   instcat_y03_191109/00710027.tar.gz
HTAR: a   instcat_y03_191109/00710031.tar.gz
HTAR: a   instcat_y03_191109/00710032.tar.gz
HTAR: a   instcat_y03_191109/00710033.tar.gz
HTAR: a   instcat_y03_191109/00710034.tar.gz
HTAR: a   instcat_y03_191109/00710035.tar.gz
HTAR: a   instcat_y03_191109/00710046.tar.gz
HTAR: a   instcat_y03_191109/00710048.tar.gz
HTAR: a   instcat_y03_191109/00710049.tar.gz
HTAR: a   instcat_y03_191109/00710050.tar.gz
HTAR: a   instcat_y03_191109/00710055.tar.gz
HTAR: a   instcat_y03_191109/00710056.tar.gz
HTAR: a   instcat_y03_191109/00710057.tar.gz
HTAR: a   instcat_y03_191109/job_log_00709673.txt
HTAR: a   instcat_y03_191109/job_log_00709674.txt
HTAR: a   instcat_y03_191109/job_log_00709675.txt
HTAR: a   instcat_y03_191109/job_log_00709676.txt
HTAR: a   instcat_y03_191109/job_log_00709677.txt
HTAR: a   instcat_y03_191109/job_log_00709678.txt
HTAR: a   instcat_y03_191109/job_log_00709679.txt
HTAR: a   instcat_y03_191109/job_log_00709680.txt
HTAR: a   instcat_y03_191109/job_log_00709681.txt
HTAR: a   instcat_y03_191109/job_log_00709682.txt
HTAR: a   instcat_y03_191109/job_log_00709683.txt
HTAR: a   instcat_y03_191109/job_log_00709684.txt
HTAR: a   instcat_y03_191109/job_log_00709685.txt
HTAR: a   instcat_y03_191109/job_log_00709686.txt
HTAR: a   instcat_y03_191109/job_log_00709687.txt
HTAR: a   instcat_y03_191109/job_log_00709688.txt
HTAR: a   instcat_y03_191109/job_log_00709689.txt
HTAR: a   instcat_y03_191109/job_log_00709690.txt
HTAR: a   instcat_y03_191109/job_log_00709691.txt
HTAR: a   instcat_y03_191109/job_log_00709692.txt
HTAR: a   instcat_y03_191109/job_log_00709693.txt
HTAR: a   instcat_y03_191109/job_log_00709694.txt
HTAR: a   instcat_y03_191109/job_log_00709695.txt
HTAR: a   instcat_y03_191109/job_log_00709696.txt
HTAR: a   instcat_y03_191109/job_log_00709697.txt
HTAR: a   instcat_y03_191109/job_log_00709698.txt
HTAR: a   instcat_y03_191109/job_log_00709699.txt
HTAR: a   instcat_y03_191109/job_log_00709700.txt
HTAR: a   instcat_y03_191109/job_log_00709701.txt
HTAR: a   instcat_y03_191109/job_log_00709702.txt
HTAR: a   instcat_y03_191109/job_log_00709703.txt
HTAR: a   instcat_y03_191109/job_log_00709704.txt
HTAR: a   instcat_y03_191109/job_log_00709705.txt
HTAR: a   instcat_y03_191109/job_log_00709706.txt
HTAR: a   instcat_y03_191109/job_log_00709707.txt
HTAR: a   instcat_y03_191109/job_log_00709708.txt
HTAR: a   instcat_y03_191109/job_log_00709709.txt
HTAR: a   instcat_y03_191109/job_log_00709710.txt
HTAR: a   instcat_y03_191109/job_log_00709711.txt
HTAR: a   instcat_y03_191109/job_log_00709712.txt
HTAR: a   instcat_y03_191109/job_log_00709713.txt
HTAR: a   instcat_y03_191109/job_log_00709714.txt
HTAR: a   instcat_y03_191109/job_log_00709715.txt
HTAR: a   instcat_y03_191109/job_log_00709716.txt
HTAR: a   instcat_y03_191109/job_log_00709717.txt
HTAR: a   instcat_y03_191109/job_log_00709718.txt
HTAR: a   instcat_y03_191109/job_log_00709719.txt
HTAR: a   instcat_y03_191109/job_log_00709720.txt
HTAR: a   instcat_y03_191109/job_log_00709721.txt
HTAR: a   instcat_y03_191109/job_log_00709722.txt
HTAR: a   instcat_y03_191109/job_log_00709723.txt
HTAR: a   instcat_y03_191109/job_log_00709724.txt
HTAR: a   instcat_y03_191109/job_log_00709725.txt
HTAR: a   instcat_y03_191109/job_log_00709726.txt
HTAR: a   instcat_y03_191109/job_log_00709727.txt
HTAR: a   instcat_y03_191109/job_log_00709728.txt
HTAR: a   instcat_y03_191109/job_log_00709729.txt
HTAR: a   instcat_y03_191109/job_log_00709730.txt
HTAR: a   instcat_y03_191109/job_log_00709731.txt
HTAR: a   instcat_y03_191109/job_log_00709732.txt
HTAR: a   instcat_y03_191109/job_log_00709733.txt
HTAR: a   instcat_y03_191109/job_log_00709734.txt
HTAR: a   instcat_y03_191109/job_log_00709735.txt
HTAR: a   instcat_y03_191109/job_log_00709736.txt
HTAR: a   instcat_y03_191109/job_log_00709737.txt
HTAR: a   instcat_y03_191109/job_log_00709738.txt
HTAR: a   instcat_y03_191109/job_log_00709739.txt
HTAR: a   instcat_y03_191109/job_log_00709740.txt
HTAR: a   instcat_y03_191109/job_log_00709741.txt
HTAR: a   instcat_y03_191109/job_log_00709742.txt
HTAR: a   instcat_y03_191109/job_log_00709942.txt
HTAR: a   instcat_y03_191109/job_log_00709943.txt
HTAR: a   instcat_y03_191109/job_log_00709944.txt
HTAR: a   instcat_y03_191109/job_log_00709948.txt
HTAR: a   instcat_y03_191109/job_log_00709949.txt
HTAR: a   instcat_y03_191109/job_log_00709950.txt
HTAR: a   instcat_y03_191109/job_log_00709951.txt
HTAR: a   instcat_y03_191109/job_log_00709952.txt
HTAR: a   instcat_y03_191109/job_log_00709953.txt
HTAR: a   instcat_y03_191109/job_log_00709954.txt
HTAR: a   instcat_y03_191109/job_log_00709955.txt
HTAR: a   instcat_y03_191109/job_log_00709956.txt
HTAR: a   instcat_y03_191109/job_log_00709957.txt
HTAR: a   instcat_y03_191109/job_log_00709958.txt
HTAR: a   instcat_y03_191109/job_log_00709959.txt
HTAR: a   instcat_y03_191109/job_log_00709960.txt
HTAR: a   instcat_y03_191109/job_log_00709961.txt
HTAR: a   instcat_y03_191109/job_log_00709962.txt
HTAR: a   instcat_y03_191109/job_log_00709963.txt
HTAR: a   instcat_y03_191109/job_log_00709964.txt
HTAR: a   instcat_y03_191109/job_log_00709965.txt
HTAR: a   instcat_y03_191109/job_log_00709966.txt
HTAR: a   instcat_y03_191109/job_log_00709967.txt
HTAR: a   instcat_y03_191109/job_log_00709968.txt
HTAR: a   instcat_y03_191109/job_log_00709969.txt
HTAR: a   instcat_y03_191109/job_log_00709970.txt
HTAR: a   instcat_y03_191109/job_log_00709971.txt
HTAR: a   instcat_y03_191109/job_log_00709972.txt
HTAR: a   instcat_y03_191109/job_log_00709973.txt
HTAR: a   instcat_y03_191109/job_log_00709991.txt
HTAR: a   instcat_y03_191109/job_log_00709999.txt
HTAR: a   instcat_y03_191109/job_log_00710000.txt
HTAR: a   instcat_y03_191109/job_log_00710024.txt
HTAR: a   instcat_y03_191109/job_log_00710025.txt
HTAR: a   instcat_y03_191109/job_log_00710026.txt
HTAR: a   instcat_y03_191109/job_log_00710027.txt
HTAR: a   instcat_y03_191109/job_log_00710031.txt
HTAR: a   instcat_y03_191109/job_log_00710032.txt
HTAR: a   instcat_y03_191109/job_log_00710033.txt
HTAR: a   instcat_y03_191109/job_log_00710034.txt
HTAR: a   instcat_y03_191109/job_log_00710035.txt
HTAR: a   instcat_y03_191109/job_log_00710046.txt
HTAR: a   instcat_y03_191109/job_log_00710048.txt
HTAR: a   instcat_y03_191109/job_log_00710049.txt
HTAR: a   instcat_y03_191109/job_log_00710050.txt
HTAR: a   instcat_y03_191109/job_log_00710055.txt
HTAR: a   instcat_y03_191109/job_log_00710056.txt
HTAR: a   instcat_y03_191109/job_log_00710057.txt
HTAR: a   /tmp/HTAR_CF_CHK_14129_1575964172
HTAR Create complete for /home/projects/desc/DC2_ImSim/Run2.2i/instCat/y03_191109/00709673to00710057.tar. 551,272,090,112 bytes written for 236 member files, max threads: 50 Transfer time: 3850.717 seconds (143.161 MB/s) wallclock/user/sys: 3854.688 4684.224 1730.873 seconds
HTAR: HTAR SUCCESSFUL
