HTAR: a   instcat_y03_191109/00679468.tar.gz
HTAR: a   instcat_y03_191109/00679471.tar.gz
HTAR: a   instcat_y03_191109/00679472.tar.gz
HTAR: a   instcat_y03_191109/00679473.tar.gz
HTAR: a   instcat_y03_191109/00679474.tar.gz
HTAR: a   instcat_y03_191109/00679484.tar.gz
HTAR: a   instcat_y03_191109/00679485.tar.gz
HTAR: a   instcat_y03_191109/00679486.tar.gz
HTAR: a   instcat_y03_191109/00679487.tar.gz
HTAR: a   instcat_y03_191109/00679492.tar.gz
HTAR: a   instcat_y03_191109/00679493.tar.gz
HTAR: a   instcat_y03_191109/00679494.tar.gz
HTAR: a   instcat_y03_191109/00679495.tar.gz
HTAR: a   instcat_y03_191109/00679496.tar.gz
HTAR: a   instcat_y03_191109/00679497.tar.gz
HTAR: a   instcat_y03_191109/00679498.tar.gz
HTAR: a   instcat_y03_191109/00679499.tar.gz
HTAR: a   instcat_y03_191109/00679500.tar.gz
HTAR: a   instcat_y03_191109/00679501.tar.gz
HTAR: a   instcat_y03_191109/00679502.tar.gz
HTAR: a   instcat_y03_191109/00679503.tar.gz
HTAR: a   instcat_y03_191109/00679527.tar.gz
HTAR: a   instcat_y03_191109/00679528.tar.gz
HTAR: a   instcat_y03_191109/00679529.tar.gz
HTAR: a   instcat_y03_191109/00679530.tar.gz
HTAR: a   instcat_y03_191109/00679531.tar.gz
HTAR: a   instcat_y03_191109/00679532.tar.gz
HTAR: a   instcat_y03_191109/00679533.tar.gz
HTAR: a   instcat_y03_191109/00679534.tar.gz
HTAR: a   instcat_y03_191109/00679535.tar.gz
HTAR: a   instcat_y03_191109/00680166.tar.gz
HTAR: a   instcat_y03_191109/00680167.tar.gz
HTAR: a   instcat_y03_191109/00680168.tar.gz
HTAR: a   instcat_y03_191109/00680169.tar.gz
HTAR: a   instcat_y03_191109/00680170.tar.gz
HTAR: a   instcat_y03_191109/00680171.tar.gz
HTAR: a   instcat_y03_191109/00680172.tar.gz
HTAR: a   instcat_y03_191109/00680173.tar.gz
HTAR: a   instcat_y03_191109/00680174.tar.gz
HTAR: a   instcat_y03_191109/00680175.tar.gz
HTAR: a   instcat_y03_191109/00680176.tar.gz
HTAR: a   instcat_y03_191109/00680177.tar.gz
HTAR: a   instcat_y03_191109/00680178.tar.gz
HTAR: a   instcat_y03_191109/00680179.tar.gz
HTAR: a   instcat_y03_191109/00680180.tar.gz
HTAR: a   instcat_y03_191109/00680181.tar.gz
HTAR: a   instcat_y03_191109/00680182.tar.gz
HTAR: a   instcat_y03_191109/00680183.tar.gz
HTAR: a   instcat_y03_191109/00680184.tar.gz
HTAR: a   instcat_y03_191109/00680185.tar.gz
HTAR: a   instcat_y03_191109/00680189.tar.gz
HTAR: a   instcat_y03_191109/00680190.tar.gz
HTAR: a   instcat_y03_191109/00680191.tar.gz
HTAR: a   instcat_y03_191109/00680192.tar.gz
HTAR: a   instcat_y03_191109/00680212.tar.gz
HTAR: a   instcat_y03_191109/00680217.tar.gz
HTAR: a   instcat_y03_191109/00680218.tar.gz
HTAR: a   instcat_y03_191109/00680219.tar.gz
HTAR: a   instcat_y03_191109/00680220.tar.gz
HTAR: a   instcat_y03_191109/00680221.tar.gz
HTAR: a   instcat_y03_191109/00680227.tar.gz
HTAR: a   instcat_y03_191109/00680228.tar.gz
HTAR: a   instcat_y03_191109/00680229.tar.gz
HTAR: a   instcat_y03_191109/00680230.tar.gz
HTAR: a   instcat_y03_191109/00680231.tar.gz
HTAR: a   instcat_y03_191109/00680232.tar.gz
HTAR: a   instcat_y03_191109/00680233.tar.gz
HTAR: a   instcat_y03_191109/00680234.tar.gz
HTAR: a   instcat_y03_191109/00680235.tar.gz
HTAR: a   instcat_y03_191109/00680245.tar.gz
HTAR: a   instcat_y03_191109/00680247.tar.gz
HTAR: a   instcat_y03_191109/00680248.tar.gz
HTAR: a   instcat_y03_191109/00680249.tar.gz
HTAR: a   instcat_y03_191109/00680250.tar.gz
HTAR: a   instcat_y03_191109/00680255.tar.gz
HTAR: a   instcat_y03_191109/00680256.tar.gz
HTAR: a   instcat_y03_191109/00680257.tar.gz
HTAR: a   instcat_y03_191109/00680258.tar.gz
HTAR: a   instcat_y03_191109/00680259.tar.gz
HTAR: a   instcat_y03_191109/00680260.tar.gz
HTAR: a   instcat_y03_191109/00680261.tar.gz
HTAR: a   instcat_y03_191109/00680262.tar.gz
HTAR: a   instcat_y03_191109/00680263.tar.gz
HTAR: a   instcat_y03_191109/00680264.tar.gz
HTAR: a   instcat_y03_191109/00680266.tar.gz
HTAR: a   instcat_y03_191109/00680269.tar.gz
HTAR: a   instcat_y03_191109/00680275.tar.gz
HTAR: a   instcat_y03_191109/00680276.tar.gz
HTAR: a   instcat_y03_191109/00680277.tar.gz
HTAR: a   instcat_y03_191109/00680278.tar.gz
HTAR: a   instcat_y03_191109/00680279.tar.gz
HTAR: a   instcat_y03_191109/00680282.tar.gz
HTAR: a   instcat_y03_191109/00680296.tar.gz
HTAR: a   instcat_y03_191109/00680302.tar.gz
HTAR: a   instcat_y03_191109/00680316.tar.gz
HTAR: a   instcat_y03_191109/00680317.tar.gz
HTAR: a   instcat_y03_191109/00680318.tar.gz
HTAR: a   instcat_y03_191109/00680319.tar.gz
HTAR: a   instcat_y03_191109/00680320.tar.gz
HTAR: a   instcat_y03_191109/00681295.tar.gz
HTAR: a   instcat_y03_191109/00681296.tar.gz
HTAR: a   instcat_y03_191109/00681297.tar.gz
HTAR: a   instcat_y03_191109/00681343.tar.gz
HTAR: a   instcat_y03_191109/00681344.tar.gz
HTAR: a   instcat_y03_191109/00681345.tar.gz
HTAR: a   instcat_y03_191109/00681346.tar.gz
HTAR: a   instcat_y03_191109/00682688.tar.gz
HTAR: a   instcat_y03_191109/00682689.tar.gz
HTAR: a   instcat_y03_191109/00682690.tar.gz
HTAR: a   instcat_y03_191109/00682691.tar.gz
HTAR: a   instcat_y03_191109/00682692.tar.gz
HTAR: a   instcat_y03_191109/00682721.tar.gz
HTAR: a   instcat_y03_191109/00682722.tar.gz
HTAR: a   instcat_y03_191109/00682723.tar.gz
HTAR: a   instcat_y03_191109/00682756.tar.gz
HTAR: a   instcat_y03_191109/00682757.tar.gz
HTAR: a   instcat_y03_191109/00682758.tar.gz
HTAR: a   instcat_y03_191109/00682759.tar.gz
HTAR: a   instcat_y03_191109/job_log_00679468.txt
HTAR: a   instcat_y03_191109/job_log_00679471.txt
HTAR: a   instcat_y03_191109/job_log_00679472.txt
HTAR: a   instcat_y03_191109/job_log_00679473.txt
HTAR: a   instcat_y03_191109/job_log_00679474.txt
HTAR: a   instcat_y03_191109/job_log_00679484.txt
HTAR: a   instcat_y03_191109/job_log_00679485.txt
HTAR: a   instcat_y03_191109/job_log_00679486.txt
HTAR: a   instcat_y03_191109/job_log_00679487.txt
HTAR: a   instcat_y03_191109/job_log_00679492.txt
HTAR: a   instcat_y03_191109/job_log_00679493.txt
HTAR: a   instcat_y03_191109/job_log_00679494.txt
HTAR: a   instcat_y03_191109/job_log_00679495.txt
HTAR: a   instcat_y03_191109/job_log_00679496.txt
HTAR: a   instcat_y03_191109/job_log_00679497.txt
HTAR: a   instcat_y03_191109/job_log_00679498.txt
HTAR: a   instcat_y03_191109/job_log_00679499.txt
HTAR: a   instcat_y03_191109/job_log_00679500.txt
HTAR: a   instcat_y03_191109/job_log_00679501.txt
HTAR: a   instcat_y03_191109/job_log_00679502.txt
HTAR: a   instcat_y03_191109/job_log_00679503.txt
HTAR: a   instcat_y03_191109/job_log_00679527.txt
HTAR: a   instcat_y03_191109/job_log_00679528.txt
HTAR: a   instcat_y03_191109/job_log_00679529.txt
HTAR: a   instcat_y03_191109/job_log_00679530.txt
HTAR: a   instcat_y03_191109/job_log_00679531.txt
HTAR: a   instcat_y03_191109/job_log_00679532.txt
HTAR: a   instcat_y03_191109/job_log_00679533.txt
HTAR: a   instcat_y03_191109/job_log_00679534.txt
HTAR: a   instcat_y03_191109/job_log_00679535.txt
HTAR: a   instcat_y03_191109/job_log_00680166.txt
HTAR: a   instcat_y03_191109/job_log_00680167.txt
HTAR: a   instcat_y03_191109/job_log_00680168.txt
HTAR: a   instcat_y03_191109/job_log_00680169.txt
HTAR: a   instcat_y03_191109/job_log_00680170.txt
HTAR: a   instcat_y03_191109/job_log_00680171.txt
HTAR: a   instcat_y03_191109/job_log_00680172.txt
HTAR: a   instcat_y03_191109/job_log_00680173.txt
HTAR: a   instcat_y03_191109/job_log_00680174.txt
HTAR: a   instcat_y03_191109/job_log_00680175.txt
HTAR: a   instcat_y03_191109/job_log_00680176.txt
HTAR: a   instcat_y03_191109/job_log_00680177.txt
HTAR: a   instcat_y03_191109/job_log_00680178.txt
HTAR: a   instcat_y03_191109/job_log_00680179.txt
HTAR: a   instcat_y03_191109/job_log_00680180.txt
HTAR: a   instcat_y03_191109/job_log_00680181.txt
HTAR: a   instcat_y03_191109/job_log_00680182.txt
HTAR: a   instcat_y03_191109/job_log_00680183.txt
HTAR: a   instcat_y03_191109/job_log_00680184.txt
HTAR: a   instcat_y03_191109/job_log_00680185.txt
HTAR: a   instcat_y03_191109/job_log_00680189.txt
HTAR: a   instcat_y03_191109/job_log_00680190.txt
HTAR: a   instcat_y03_191109/job_log_00680191.txt
HTAR: a   instcat_y03_191109/job_log_00680192.txt
HTAR: a   instcat_y03_191109/job_log_00680212.txt
HTAR: a   instcat_y03_191109/job_log_00680217.txt
HTAR: a   instcat_y03_191109/job_log_00680218.txt
HTAR: a   instcat_y03_191109/job_log_00680219.txt
HTAR: a   instcat_y03_191109/job_log_00680220.txt
HTAR: a   instcat_y03_191109/job_log_00680221.txt
HTAR: a   instcat_y03_191109/job_log_00680227.txt
HTAR: a   instcat_y03_191109/job_log_00680228.txt
HTAR: a   instcat_y03_191109/job_log_00680229.txt
HTAR: a   instcat_y03_191109/job_log_00680230.txt
HTAR: a   instcat_y03_191109/job_log_00680231.txt
HTAR: a   instcat_y03_191109/job_log_00680232.txt
HTAR: a   instcat_y03_191109/job_log_00680233.txt
HTAR: a   instcat_y03_191109/job_log_00680234.txt
HTAR: a   instcat_y03_191109/job_log_00680235.txt
HTAR: a   instcat_y03_191109/job_log_00680245.txt
HTAR: a   instcat_y03_191109/job_log_00680247.txt
HTAR: a   instcat_y03_191109/job_log_00680248.txt
HTAR: a   instcat_y03_191109/job_log_00680249.txt
HTAR: a   instcat_y03_191109/job_log_00680250.txt
HTAR: a   instcat_y03_191109/job_log_00680255.txt
HTAR: a   instcat_y03_191109/job_log_00680256.txt
HTAR: a   instcat_y03_191109/job_log_00680257.txt
HTAR: a   instcat_y03_191109/job_log_00680258.txt
HTAR: a   instcat_y03_191109/job_log_00680259.txt
HTAR: a   instcat_y03_191109/job_log_00680260.txt
HTAR: a   instcat_y03_191109/job_log_00680261.txt
HTAR: a   instcat_y03_191109/job_log_00680262.txt
HTAR: a   instcat_y03_191109/job_log_00680263.txt
HTAR: a   instcat_y03_191109/job_log_00680264.txt
HTAR: a   instcat_y03_191109/job_log_00680266.txt
HTAR: a   instcat_y03_191109/job_log_00680269.txt
HTAR: a   instcat_y03_191109/job_log_00680275.txt
HTAR: a   instcat_y03_191109/job_log_00680276.txt
HTAR: a   instcat_y03_191109/job_log_00680277.txt
HTAR: a   instcat_y03_191109/job_log_00680278.txt
HTAR: a   instcat_y03_191109/job_log_00680279.txt
HTAR: a   instcat_y03_191109/job_log_00680282.txt
HTAR: a   instcat_y03_191109/job_log_00680296.txt
HTAR: a   instcat_y03_191109/job_log_00680302.txt
HTAR: a   instcat_y03_191109/job_log_00680316.txt
HTAR: a   instcat_y03_191109/job_log_00680317.txt
HTAR: a   instcat_y03_191109/job_log_00680318.txt
HTAR: a   instcat_y03_191109/job_log_00680319.txt
HTAR: a   instcat_y03_191109/job_log_00680320.txt
HTAR: a   instcat_y03_191109/job_log_00681295.txt
HTAR: a   instcat_y03_191109/job_log_00681296.txt
HTAR: a   instcat_y03_191109/job_log_00681297.txt
HTAR: a   instcat_y03_191109/job_log_00681343.txt
HTAR: a   instcat_y03_191109/job_log_00681344.txt
HTAR: a   instcat_y03_191109/job_log_00681345.txt
HTAR: a   instcat_y03_191109/job_log_00681346.txt
HTAR: a   instcat_y03_191109/job_log_00682688.txt
HTAR: a   instcat_y03_191109/job_log_00682689.txt
HTAR: a   instcat_y03_191109/job_log_00682690.txt
HTAR: a   instcat_y03_191109/job_log_00682691.txt
HTAR: a   instcat_y03_191109/job_log_00682692.txt
HTAR: a   instcat_y03_191109/job_log_00682721.txt
HTAR: a   instcat_y03_191109/job_log_00682722.txt
HTAR: a   instcat_y03_191109/job_log_00682723.txt
HTAR: a   instcat_y03_191109/job_log_00682756.txt
HTAR: a   instcat_y03_191109/job_log_00682757.txt
HTAR: a   instcat_y03_191109/job_log_00682758.txt
HTAR: a   instcat_y03_191109/job_log_00682759.txt
HTAR: a   /tmp/HTAR_CF_CHK_12401_1575945454
HTAR Create complete for /home/projects/desc/DC2_ImSim/Run2.2i/instCat/y03_191109/00679468to00682759.tar. 522,650,468,864 bytes written for 236 member files, max threads: 50 Transfer time: 3767.027 seconds (138.744 MB/s) wallclock/user/sys: 3768.731 4556.582 1716.323 seconds
HTAR: HTAR SUCCESSFUL
HTAR: a   instcat_y03_191109/00682760.tar.gz
HTAR: a   instcat_y03_191109/00682761.tar.gz
HTAR: a   instcat_y03_191109/00682762.tar.gz
HTAR: a   instcat_y03_191109/00682763.tar.gz
HTAR: a   instcat_y03_191109/00682764.tar.gz
HTAR: a   instcat_y03_191109/00682765.tar.gz
HTAR: a   instcat_y03_191109/00682766.tar.gz
HTAR: a   instcat_y03_191109/00682767.tar.gz
HTAR: a   instcat_y03_191109/00682768.tar.gz
HTAR: a   instcat_y03_191109/00682769.tar.gz
HTAR: a   instcat_y03_191109/00682770.tar.gz
HTAR: a   instcat_y03_191109/00682771.tar.gz
HTAR: a   instcat_y03_191109/00682772.tar.gz
HTAR: a   instcat_y03_191109/00682773.tar.gz
HTAR: a   instcat_y03_191109/00682774.tar.gz
HTAR: a   instcat_y03_191109/00682790.tar.gz
HTAR: a   instcat_y03_191109/00682794.tar.gz
HTAR: a   instcat_y03_191109/00682795.tar.gz
HTAR: a   instcat_y03_191109/00682796.tar.gz
HTAR: a   instcat_y03_191109/00682797.tar.gz
HTAR: a   instcat_y03_191109/00682798.tar.gz
HTAR: a   instcat_y03_191109/00682799.tar.gz
HTAR: a   instcat_y03_191109/00682800.tar.gz
HTAR: a   instcat_y03_191109/00682801.tar.gz
HTAR: a   instcat_y03_191109/00682802.tar.gz
HTAR: a   instcat_y03_191109/00682803.tar.gz
HTAR: a   instcat_y03_191109/00682804.tar.gz
HTAR: a   instcat_y03_191109/00682808.tar.gz
HTAR: a   instcat_y03_191109/00682809.tar.gz
HTAR: a   instcat_y03_191109/00682810.tar.gz
HTAR: a   instcat_y03_191109/00682811.tar.gz
HTAR: a   instcat_y03_191109/00682812.tar.gz
HTAR: a   instcat_y03_191109/00682813.tar.gz
HTAR: a   instcat_y03_191109/00682814.tar.gz
HTAR: a   instcat_y03_191109/00682815.tar.gz
HTAR: a   instcat_y03_191109/00682816.tar.gz
HTAR: a   instcat_y03_191109/00682818.tar.gz
HTAR: a   instcat_y03_191109/00682819.tar.gz
HTAR: a   instcat_y03_191109/00682820.tar.gz
HTAR: a   instcat_y03_191109/00682821.tar.gz
HTAR: a   instcat_y03_191109/00682822.tar.gz
HTAR: a   instcat_y03_191109/00682847.tar.gz
HTAR: a   instcat_y03_191109/00682848.tar.gz
HTAR: a   instcat_y03_191109/00682849.tar.gz
HTAR: a   instcat_y03_191109/00682850.tar.gz
HTAR: a   instcat_y03_191109/00682851.tar.gz
HTAR: a   instcat_y03_191109/00682854.tar.gz
HTAR: a   instcat_y03_191109/00682855.tar.gz
HTAR: a   instcat_y03_191109/00683783.tar.gz
HTAR: a   instcat_y03_191109/00683832.tar.gz
HTAR: a   instcat_y03_191109/00684468.tar.gz
HTAR: a   instcat_y03_191109/00684469.tar.gz
HTAR: a   instcat_y03_191109/00684470.tar.gz
HTAR: a   instcat_y03_191109/00684471.tar.gz
HTAR: a   instcat_y03_191109/00684472.tar.gz
HTAR: a   instcat_y03_191109/00684473.tar.gz
HTAR: a   instcat_y03_191109/00684474.tar.gz
HTAR: a   instcat_y03_191109/00684475.tar.gz
HTAR: a   instcat_y03_191109/00684476.tar.gz
HTAR: a   instcat_y03_191109/00684477.tar.gz
HTAR: a   instcat_y03_191109/00684478.tar.gz
HTAR: a   instcat_y03_191109/00684479.tar.gz
HTAR: a   instcat_y03_191109/00684480.tar.gz
HTAR: a   instcat_y03_191109/00684481.tar.gz
HTAR: a   instcat_y03_191109/00684482.tar.gz
HTAR: a   instcat_y03_191109/00684483.tar.gz
HTAR: a   instcat_y03_191109/00684484.tar.gz
HTAR: a   instcat_y03_191109/00684485.tar.gz
HTAR: a   instcat_y03_191109/00684486.tar.gz
HTAR: a   instcat_y03_191109/00684487.tar.gz
HTAR: a   instcat_y03_191109/00684488.tar.gz
HTAR: a   instcat_y03_191109/00684489.tar.gz
HTAR: a   instcat_y03_191109/00684490.tar.gz
HTAR: a   instcat_y03_191109/00684491.tar.gz
HTAR: a   instcat_y03_191109/00684492.tar.gz
HTAR: a   instcat_y03_191109/00684493.tar.gz
HTAR: a   instcat_y03_191109/00684494.tar.gz
HTAR: a   instcat_y03_191109/00684495.tar.gz
HTAR: a   instcat_y03_191109/00684496.tar.gz
HTAR: a   instcat_y03_191109/00684497.tar.gz
HTAR: a   instcat_y03_191109/00684498.tar.gz
HTAR: a   instcat_y03_191109/00684499.tar.gz
HTAR: a   instcat_y03_191109/00684500.tar.gz
HTAR: a   instcat_y03_191109/00684501.tar.gz
HTAR: a   instcat_y03_191109/00684502.tar.gz
HTAR: a   instcat_y03_191109/00684503.tar.gz
HTAR: a   instcat_y03_191109/00684504.tar.gz
HTAR: a   instcat_y03_191109/00684505.tar.gz
HTAR: a   instcat_y03_191109/00684506.tar.gz
HTAR: a   instcat_y03_191109/00684507.tar.gz
HTAR: a   instcat_y03_191109/00684508.tar.gz
HTAR: a   instcat_y03_191109/00684509.tar.gz
HTAR: a   instcat_y03_191109/00684510.tar.gz
HTAR: a   instcat_y03_191109/00684511.tar.gz
HTAR: a   instcat_y03_191109/00684512.tar.gz
HTAR: a   instcat_y03_191109/00684513.tar.gz
HTAR: a   instcat_y03_191109/00684514.tar.gz
HTAR: a   instcat_y03_191109/00684515.tar.gz
HTAR: a   instcat_y03_191109/00684516.tar.gz
HTAR: a   instcat_y03_191109/00684517.tar.gz
HTAR: a   instcat_y03_191109/00684518.tar.gz
HTAR: a   instcat_y03_191109/00684519.tar.gz
HTAR: a   instcat_y03_191109/00684520.tar.gz
HTAR: a   instcat_y03_191109/00684521.tar.gz
HTAR: a   instcat_y03_191109/00684522.tar.gz
HTAR: a   instcat_y03_191109/00684523.tar.gz
HTAR: a   instcat_y03_191109/00684524.tar.gz
HTAR: a   instcat_y03_191109/00684525.tar.gz
HTAR: a   instcat_y03_191109/00684526.tar.gz
HTAR: a   instcat_y03_191109/00684527.tar.gz
HTAR: a   instcat_y03_191109/00684528.tar.gz
HTAR: a   instcat_y03_191109/00684529.tar.gz
HTAR: a   instcat_y03_191109/00684530.tar.gz
HTAR: a   instcat_y03_191109/00684531.tar.gz
HTAR: a   instcat_y03_191109/00684532.tar.gz
HTAR: a   instcat_y03_191109/00684533.tar.gz
HTAR: a   instcat_y03_191109/00684534.tar.gz
HTAR: a   instcat_y03_191109/00684535.tar.gz
HTAR: a   instcat_y03_191109/job_log_00682760.txt
HTAR: a   instcat_y03_191109/job_log_00682761.txt
HTAR: a   instcat_y03_191109/job_log_00682762.txt
HTAR: a   instcat_y03_191109/job_log_00682763.txt
HTAR: a   instcat_y03_191109/job_log_00682764.txt
HTAR: a   instcat_y03_191109/job_log_00682765.txt
HTAR: a   instcat_y03_191109/job_log_00682766.txt
HTAR: a   instcat_y03_191109/job_log_00682767.txt
HTAR: a   instcat_y03_191109/job_log_00682768.txt
HTAR: a   instcat_y03_191109/job_log_00682769.txt
HTAR: a   instcat_y03_191109/job_log_00682770.txt
HTAR: a   instcat_y03_191109/job_log_00682771.txt
HTAR: a   instcat_y03_191109/job_log_00682772.txt
HTAR: a   instcat_y03_191109/job_log_00682773.txt
HTAR: a   instcat_y03_191109/job_log_00682774.txt
HTAR: a   instcat_y03_191109/job_log_00682790.txt
HTAR: a   instcat_y03_191109/job_log_00682794.txt
HTAR: a   instcat_y03_191109/job_log_00682795.txt
HTAR: a   instcat_y03_191109/job_log_00682796.txt
HTAR: a   instcat_y03_191109/job_log_00682797.txt
HTAR: a   instcat_y03_191109/job_log_00682798.txt
HTAR: a   instcat_y03_191109/job_log_00682799.txt
HTAR: a   instcat_y03_191109/job_log_00682800.txt
HTAR: a   instcat_y03_191109/job_log_00682801.txt
HTAR: a   instcat_y03_191109/job_log_00682802.txt
HTAR: a   instcat_y03_191109/job_log_00682803.txt
HTAR: a   instcat_y03_191109/job_log_00682804.txt
HTAR: a   instcat_y03_191109/job_log_00682808.txt
HTAR: a   instcat_y03_191109/job_log_00682809.txt
HTAR: a   instcat_y03_191109/job_log_00682810.txt
HTAR: a   instcat_y03_191109/job_log_00682811.txt
HTAR: a   instcat_y03_191109/job_log_00682812.txt
HTAR: a   instcat_y03_191109/job_log_00682813.txt
HTAR: a   instcat_y03_191109/job_log_00682814.txt
HTAR: a   instcat_y03_191109/job_log_00682815.txt
HTAR: a   instcat_y03_191109/job_log_00682816.txt
HTAR: a   instcat_y03_191109/job_log_00682818.txt
HTAR: a   instcat_y03_191109/job_log_00682819.txt
HTAR: a   instcat_y03_191109/job_log_00682820.txt
HTAR: a   instcat_y03_191109/job_log_00682821.txt
HTAR: a   instcat_y03_191109/job_log_00682822.txt
HTAR: a   instcat_y03_191109/job_log_00682847.txt
HTAR: a   instcat_y03_191109/job_log_00682848.txt
HTAR: a   instcat_y03_191109/job_log_00682849.txt
HTAR: a   instcat_y03_191109/job_log_00682850.txt
HTAR: a   instcat_y03_191109/job_log_00682851.txt
HTAR: a   instcat_y03_191109/job_log_00682854.txt
HTAR: a   instcat_y03_191109/job_log_00682855.txt
HTAR: a   instcat_y03_191109/job_log_00683783.txt
HTAR: a   instcat_y03_191109/job_log_00683832.txt
HTAR: a   instcat_y03_191109/job_log_00684468.txt
HTAR: a   instcat_y03_191109/job_log_00684469.txt
HTAR: a   instcat_y03_191109/job_log_00684470.txt
HTAR: a   instcat_y03_191109/job_log_00684471.txt
HTAR: a   instcat_y03_191109/job_log_00684472.txt
HTAR: a   instcat_y03_191109/job_log_00684473.txt
HTAR: a   instcat_y03_191109/job_log_00684474.txt
HTAR: a   instcat_y03_191109/job_log_00684475.txt
HTAR: a   instcat_y03_191109/job_log_00684476.txt
HTAR: a   instcat_y03_191109/job_log_00684477.txt
HTAR: a   instcat_y03_191109/job_log_00684478.txt
HTAR: a   instcat_y03_191109/job_log_00684479.txt
HTAR: a   instcat_y03_191109/job_log_00684480.txt
HTAR: a   instcat_y03_191109/job_log_00684481.txt
HTAR: a   instcat_y03_191109/job_log_00684482.txt
HTAR: a   instcat_y03_191109/job_log_00684483.txt
HTAR: a   instcat_y03_191109/job_log_00684484.txt
HTAR: a   instcat_y03_191109/job_log_00684485.txt
HTAR: a   instcat_y03_191109/job_log_00684486.txt
HTAR: a   instcat_y03_191109/job_log_00684487.txt
HTAR: a   instcat_y03_191109/job_log_00684488.txt
HTAR: a   instcat_y03_191109/job_log_00684489.txt
HTAR: a   instcat_y03_191109/job_log_00684490.txt
HTAR: a   instcat_y03_191109/job_log_00684491.txt
HTAR: a   instcat_y03_191109/job_log_00684492.txt
HTAR: a   instcat_y03_191109/job_log_00684493.txt
HTAR: a   instcat_y03_191109/job_log_00684494.txt
HTAR: a   instcat_y03_191109/job_log_00684495.txt
HTAR: a   instcat_y03_191109/job_log_00684496.txt
HTAR: a   instcat_y03_191109/job_log_00684497.txt
HTAR: a   instcat_y03_191109/job_log_00684498.txt
HTAR: a   instcat_y03_191109/job_log_00684499.txt
HTAR: a   instcat_y03_191109/job_log_00684500.txt
HTAR: a   instcat_y03_191109/job_log_00684501.txt
HTAR: a   instcat_y03_191109/job_log_00684502.txt
HTAR: a   instcat_y03_191109/job_log_00684503.txt
HTAR: a   instcat_y03_191109/job_log_00684504.txt
HTAR: a   instcat_y03_191109/job_log_00684505.txt
HTAR: a   instcat_y03_191109/job_log_00684506.txt
HTAR: a   instcat_y03_191109/job_log_00684507.txt
HTAR: a   instcat_y03_191109/job_log_00684508.txt
HTAR: a   instcat_y03_191109/job_log_00684509.txt
HTAR: a   instcat_y03_191109/job_log_00684510.txt
HTAR: a   instcat_y03_191109/job_log_00684511.txt
HTAR: a   instcat_y03_191109/job_log_00684512.txt
HTAR: a   instcat_y03_191109/job_log_00684513.txt
HTAR: a   instcat_y03_191109/job_log_00684514.txt
HTAR: a   instcat_y03_191109/job_log_00684515.txt
HTAR: a   instcat_y03_191109/job_log_00684516.txt
HTAR: a   instcat_y03_191109/job_log_00684517.txt
HTAR: a   instcat_y03_191109/job_log_00684518.txt
HTAR: a   instcat_y03_191109/job_log_00684519.txt
HTAR: a   instcat_y03_191109/job_log_00684520.txt
HTAR: a   instcat_y03_191109/job_log_00684521.txt
HTAR: a   instcat_y03_191109/job_log_00684522.txt
HTAR: a   instcat_y03_191109/job_log_00684523.txt
HTAR: a   instcat_y03_191109/job_log_00684524.txt
HTAR: a   instcat_y03_191109/job_log_00684525.txt
HTAR: a   instcat_y03_191109/job_log_00684526.txt
HTAR: a   instcat_y03_191109/job_log_00684527.txt
HTAR: a   instcat_y03_191109/job_log_00684528.txt
HTAR: a   instcat_y03_191109/job_log_00684529.txt
HTAR: a   instcat_y03_191109/job_log_00684530.txt
HTAR: a   instcat_y03_191109/job_log_00684531.txt
HTAR: a   instcat_y03_191109/job_log_00684532.txt
HTAR: a   instcat_y03_191109/job_log_00684533.txt
HTAR: a   instcat_y03_191109/job_log_00684534.txt
HTAR: a   instcat_y03_191109/job_log_00684535.txt
HTAR: a   /tmp/HTAR_CF_CHK_14346_1575949226
HTAR Create complete for /home/projects/desc/DC2_ImSim/Run2.2i/instCat/y03_191109/00682760to00684535.tar. 552,900,215,808 bytes written for 236 member files, max threads: 50 Transfer time: 3925.681 seconds (140.842 MB/s) wallclock/user/sys: 3927.463 4704.212 1816.466 seconds
HTAR: HTAR SUCCESSFUL
HTAR: a   instcat_y03_191109/00684536.tar.gz
HTAR: a   instcat_y03_191109/00684537.tar.gz
HTAR: a   instcat_y03_191109/00684538.tar.gz
HTAR: a   instcat_y03_191109/00684539.tar.gz
HTAR: a   instcat_y03_191109/00684540.tar.gz
HTAR: a   instcat_y03_191109/00684541.tar.gz
HTAR: a   instcat_y03_191109/00684542.tar.gz
HTAR: a   instcat_y03_191109/00684543.tar.gz
HTAR: a   instcat_y03_191109/00684544.tar.gz
HTAR: a   instcat_y03_191109/00684545.tar.gz
HTAR: a   instcat_y03_191109/00684546.tar.gz
HTAR: a   instcat_y03_191109/00684547.tar.gz
HTAR: a   instcat_y03_191109/00684548.tar.gz
HTAR: a   instcat_y03_191109/00684549.tar.gz
HTAR: a   instcat_y03_191109/00684550.tar.gz
HTAR: a   instcat_y03_191109/00684551.tar.gz
HTAR: a   instcat_y03_191109/00684552.tar.gz
HTAR: a   instcat_y03_191109/00684553.tar.gz
HTAR: a   instcat_y03_191109/00684554.tar.gz
HTAR: a   instcat_y03_191109/00684555.tar.gz
HTAR: a   instcat_y03_191109/00684556.tar.gz
HTAR: a   instcat_y03_191109/00684557.tar.gz
HTAR: a   instcat_y03_191109/00684558.tar.gz
HTAR: a   instcat_y03_191109/00684559.tar.gz
HTAR: a   instcat_y03_191109/00684560.tar.gz
HTAR: a   instcat_y03_191109/00684561.tar.gz
HTAR: a   instcat_y03_191109/00684562.tar.gz
HTAR: a   instcat_y03_191109/00684563.tar.gz
HTAR: a   instcat_y03_191109/00684627.tar.gz
HTAR: a   instcat_y03_191109/00684628.tar.gz
HTAR: a   instcat_y03_191109/00684629.tar.gz
HTAR: a   instcat_y03_191109/00684630.tar.gz
HTAR: a   instcat_y03_191109/00684648.tar.gz
HTAR: a   instcat_y03_191109/00684649.tar.gz
HTAR: a   instcat_y03_191109/00684666.tar.gz
HTAR: a   instcat_y03_191109/00684667.tar.gz
HTAR: a   instcat_y03_191109/00684686.tar.gz
HTAR: a   instcat_y03_191109/00684763.tar.gz
HTAR: a   instcat_y03_191109/00684764.tar.gz
HTAR: a   instcat_y03_191109/00684775.tar.gz
HTAR: a   instcat_y03_191109/00684804.tar.gz
HTAR: a   instcat_y03_191109/00684806.tar.gz
HTAR: a   instcat_y03_191109/00684816.tar.gz
HTAR: a   instcat_y03_191109/00684821.tar.gz
HTAR: a   instcat_y03_191109/00684822.tar.gz
HTAR: a   instcat_y03_191109/00684862.tar.gz
HTAR: a   instcat_y03_191109/00685426.tar.gz
HTAR: a   instcat_y03_191109/00685652.tar.gz
HTAR: a   instcat_y03_191109/00685689.tar.gz
HTAR: a   instcat_y03_191109/00685690.tar.gz
HTAR: a   instcat_y03_191109/00685691.tar.gz
HTAR: a   instcat_y03_191109/00685716.tar.gz
HTAR: a   instcat_y03_191109/00685717.tar.gz
HTAR: a   instcat_y03_191109/00685718.tar.gz
HTAR: a   instcat_y03_191109/00685756.tar.gz
HTAR: a   instcat_y03_191109/00685757.tar.gz
HTAR: a   instcat_y03_191109/00685758.tar.gz
HTAR: a   instcat_y03_191109/00685759.tar.gz
HTAR: a   instcat_y03_191109/00685793.tar.gz
HTAR: a   instcat_y03_191109/00685794.tar.gz
HTAR: a   instcat_y03_191109/00685795.tar.gz
HTAR: a   instcat_y03_191109/00685805.tar.gz
HTAR: a   instcat_y03_191109/00685891.tar.gz
HTAR: a   instcat_y03_191109/00685892.tar.gz
HTAR: a   instcat_y03_191109/00685893.tar.gz
HTAR: a   instcat_y03_191109/00685894.tar.gz
HTAR: a   instcat_y03_191109/00685895.tar.gz
HTAR: a   instcat_y03_191109/00685896.tar.gz
HTAR: a   instcat_y03_191109/00685901.tar.gz
HTAR: a   instcat_y03_191109/00685925.tar.gz
HTAR: a   instcat_y03_191109/00685926.tar.gz
HTAR: a   instcat_y03_191109/00685927.tar.gz
HTAR: a   instcat_y03_191109/00685928.tar.gz
HTAR: a   instcat_y03_191109/00685929.tar.gz
HTAR: a   instcat_y03_191109/00685935.tar.gz
HTAR: a   instcat_y03_191109/00685936.tar.gz
HTAR: a   instcat_y03_191109/00685994.tar.gz
HTAR: a   instcat_y03_191109/00686469.tar.gz
HTAR: a   instcat_y03_191109/00686470.tar.gz
HTAR: a   instcat_y03_191109/00686471.tar.gz
HTAR: a   instcat_y03_191109/00686472.tar.gz
HTAR: a   instcat_y03_191109/00686473.tar.gz
HTAR: a   instcat_y03_191109/00686474.tar.gz
HTAR: a   instcat_y03_191109/00686475.tar.gz
HTAR: a   instcat_y03_191109/00686476.tar.gz
HTAR: a   instcat_y03_191109/00686477.tar.gz
HTAR: a   instcat_y03_191109/00686478.tar.gz
HTAR: a   instcat_y03_191109/00686479.tar.gz
HTAR: a   instcat_y03_191109/00686480.tar.gz
HTAR: a   instcat_y03_191109/00686481.tar.gz
HTAR: a   instcat_y03_191109/00686482.tar.gz
HTAR: a   instcat_y03_191109/00686483.tar.gz
HTAR: a   instcat_y03_191109/00686484.tar.gz
HTAR: a   instcat_y03_191109/00686485.tar.gz
HTAR: a   instcat_y03_191109/00686486.tar.gz
HTAR: a   instcat_y03_191109/00686487.tar.gz
HTAR: a   instcat_y03_191109/00686488.tar.gz
HTAR: a   instcat_y03_191109/00686489.tar.gz
HTAR: a   instcat_y03_191109/00686490.tar.gz
HTAR: a   instcat_y03_191109/00686491.tar.gz
HTAR: a   instcat_y03_191109/00686492.tar.gz
HTAR: a   instcat_y03_191109/00686493.tar.gz
HTAR: a   instcat_y03_191109/00686494.tar.gz
HTAR: a   instcat_y03_191109/00686495.tar.gz
HTAR: a   instcat_y03_191109/00686496.tar.gz
HTAR: a   instcat_y03_191109/00686497.tar.gz
HTAR: a   instcat_y03_191109/00686498.tar.gz
HTAR: a   instcat_y03_191109/00686499.tar.gz
HTAR: a   instcat_y03_191109/00686500.tar.gz
HTAR: a   instcat_y03_191109/00686501.tar.gz
HTAR: a   instcat_y03_191109/00686502.tar.gz
HTAR: a   instcat_y03_191109/00686503.tar.gz
HTAR: a   instcat_y03_191109/00686504.tar.gz
HTAR: a   instcat_y03_191109/00686505.tar.gz
HTAR: a   instcat_y03_191109/00686506.tar.gz
HTAR: a   instcat_y03_191109/00686507.tar.gz
HTAR: a   instcat_y03_191109/00686508.tar.gz
HTAR: a   instcat_y03_191109/00686509.tar.gz
HTAR: a   instcat_y03_191109/job_log_00684536.txt
HTAR: a   instcat_y03_191109/job_log_00684537.txt
HTAR: a   instcat_y03_191109/job_log_00684538.txt
HTAR: a   instcat_y03_191109/job_log_00684539.txt
HTAR: a   instcat_y03_191109/job_log_00684540.txt
HTAR: a   instcat_y03_191109/job_log_00684541.txt
HTAR: a   instcat_y03_191109/job_log_00684542.txt
HTAR: a   instcat_y03_191109/job_log_00684543.txt
HTAR: a   instcat_y03_191109/job_log_00684544.txt
HTAR: a   instcat_y03_191109/job_log_00684545.txt
HTAR: a   instcat_y03_191109/job_log_00684546.txt
HTAR: a   instcat_y03_191109/job_log_00684547.txt
HTAR: a   instcat_y03_191109/job_log_00684548.txt
HTAR: a   instcat_y03_191109/job_log_00684549.txt
HTAR: a   instcat_y03_191109/job_log_00684550.txt
HTAR: a   instcat_y03_191109/job_log_00684551.txt
HTAR: a   instcat_y03_191109/job_log_00684552.txt
HTAR: a   instcat_y03_191109/job_log_00684553.txt
HTAR: a   instcat_y03_191109/job_log_00684554.txt
HTAR: a   instcat_y03_191109/job_log_00684555.txt
HTAR: a   instcat_y03_191109/job_log_00684556.txt
HTAR: a   instcat_y03_191109/job_log_00684557.txt
HTAR: a   instcat_y03_191109/job_log_00684558.txt
HTAR: a   instcat_y03_191109/job_log_00684559.txt
HTAR: a   instcat_y03_191109/job_log_00684560.txt
HTAR: a   instcat_y03_191109/job_log_00684561.txt
HTAR: a   instcat_y03_191109/job_log_00684562.txt
HTAR: a   instcat_y03_191109/job_log_00684563.txt
HTAR: a   instcat_y03_191109/job_log_00684627.txt
HTAR: a   instcat_y03_191109/job_log_00684628.txt
HTAR: a   instcat_y03_191109/job_log_00684629.txt
HTAR: a   instcat_y03_191109/job_log_00684630.txt
HTAR: a   instcat_y03_191109/job_log_00684648.txt
HTAR: a   instcat_y03_191109/job_log_00684649.txt
HTAR: a   instcat_y03_191109/job_log_00684666.txt
HTAR: a   instcat_y03_191109/job_log_00684667.txt
HTAR: a   instcat_y03_191109/job_log_00684686.txt
HTAR: a   instcat_y03_191109/job_log_00684763.txt
HTAR: a   instcat_y03_191109/job_log_00684764.txt
HTAR: a   instcat_y03_191109/job_log_00684775.txt
HTAR: a   instcat_y03_191109/job_log_00684804.txt
HTAR: a   instcat_y03_191109/job_log_00684806.txt
HTAR: a   instcat_y03_191109/job_log_00684816.txt
HTAR: a   instcat_y03_191109/job_log_00684821.txt
HTAR: a   instcat_y03_191109/job_log_00684822.txt
HTAR: a   instcat_y03_191109/job_log_00684862.txt
HTAR: a   instcat_y03_191109/job_log_00685426.txt
HTAR: a   instcat_y03_191109/job_log_00685652.txt
HTAR: a   instcat_y03_191109/job_log_00685689.txt
HTAR: a   instcat_y03_191109/job_log_00685690.txt
HTAR: a   instcat_y03_191109/job_log_00685691.txt
HTAR: a   instcat_y03_191109/job_log_00685716.txt
HTAR: a   instcat_y03_191109/job_log_00685717.txt
HTAR: a   instcat_y03_191109/job_log_00685718.txt
HTAR: a   instcat_y03_191109/job_log_00685756.txt
HTAR: a   instcat_y03_191109/job_log_00685757.txt
HTAR: a   instcat_y03_191109/job_log_00685758.txt
HTAR: a   instcat_y03_191109/job_log_00685759.txt
HTAR: a   instcat_y03_191109/job_log_00685793.txt
HTAR: a   instcat_y03_191109/job_log_00685794.txt
HTAR: a   instcat_y03_191109/job_log_00685795.txt
HTAR: a   instcat_y03_191109/job_log_00685805.txt
HTAR: a   instcat_y03_191109/job_log_00685891.txt
HTAR: a   instcat_y03_191109/job_log_00685892.txt
HTAR: a   instcat_y03_191109/job_log_00685893.txt
HTAR: a   instcat_y03_191109/job_log_00685894.txt
HTAR: a   instcat_y03_191109/job_log_00685895.txt
HTAR: a   instcat_y03_191109/job_log_00685896.txt
HTAR: a   instcat_y03_191109/job_log_00685901.txt
HTAR: a   instcat_y03_191109/job_log_00685925.txt
HTAR: a   instcat_y03_191109/job_log_00685926.txt
HTAR: a   instcat_y03_191109/job_log_00685927.txt
HTAR: a   instcat_y03_191109/job_log_00685928.txt
HTAR: a   instcat_y03_191109/job_log_00685929.txt
HTAR: a   instcat_y03_191109/job_log_00685935.txt
HTAR: a   instcat_y03_191109/job_log_00685936.txt
HTAR: a   instcat_y03_191109/job_log_00685994.txt
HTAR: a   instcat_y03_191109/job_log_00686469.txt
HTAR: a   instcat_y03_191109/job_log_00686470.txt
HTAR: a   instcat_y03_191109/job_log_00686471.txt
HTAR: a   instcat_y03_191109/job_log_00686472.txt
HTAR: a   instcat_y03_191109/job_log_00686473.txt
HTAR: a   instcat_y03_191109/job_log_00686474.txt
HTAR: a   instcat_y03_191109/job_log_00686475.txt
HTAR: a   instcat_y03_191109/job_log_00686476.txt
HTAR: a   instcat_y03_191109/job_log_00686477.txt
HTAR: a   instcat_y03_191109/job_log_00686478.txt
HTAR: a   instcat_y03_191109/job_log_00686479.txt
HTAR: a   instcat_y03_191109/job_log_00686480.txt
HTAR: a   instcat_y03_191109/job_log_00686481.txt
HTAR: a   instcat_y03_191109/job_log_00686482.txt
HTAR: a   instcat_y03_191109/job_log_00686483.txt
HTAR: a   instcat_y03_191109/job_log_00686484.txt
HTAR: a   instcat_y03_191109/job_log_00686485.txt
HTAR: a   instcat_y03_191109/job_log_00686486.txt
HTAR: a   instcat_y03_191109/job_log_00686487.txt
HTAR: a   instcat_y03_191109/job_log_00686488.txt
HTAR: a   instcat_y03_191109/job_log_00686489.txt
HTAR: a   instcat_y03_191109/job_log_00686490.txt
HTAR: a   instcat_y03_191109/job_log_00686491.txt
HTAR: a   instcat_y03_191109/job_log_00686492.txt
HTAR: a   instcat_y03_191109/job_log_00686493.txt
HTAR: a   instcat_y03_191109/job_log_00686494.txt
HTAR: a   instcat_y03_191109/job_log_00686495.txt
HTAR: a   instcat_y03_191109/job_log_00686496.txt
HTAR: a   instcat_y03_191109/job_log_00686497.txt
HTAR: a   instcat_y03_191109/job_log_00686498.txt
HTAR: a   instcat_y03_191109/job_log_00686499.txt
HTAR: a   instcat_y03_191109/job_log_00686500.txt
HTAR: a   instcat_y03_191109/job_log_00686501.txt
HTAR: a   instcat_y03_191109/job_log_00686502.txt
HTAR: a   instcat_y03_191109/job_log_00686503.txt
HTAR: a   instcat_y03_191109/job_log_00686504.txt
HTAR: a   instcat_y03_191109/job_log_00686505.txt
HTAR: a   instcat_y03_191109/job_log_00686506.txt
HTAR: a   instcat_y03_191109/job_log_00686507.txt
HTAR: a   instcat_y03_191109/job_log_00686508.txt
HTAR: a   instcat_y03_191109/job_log_00686509.txt
HTAR: a   /tmp/HTAR_CF_CHK_4054_1575953156
HTAR Create complete for /home/projects/desc/DC2_ImSim/Run2.2i/instCat/y03_191109/00684536to00686509.tar. 541,859,929,088 bytes written for 236 member files, max threads: 50 Transfer time: 3948.496 seconds (137.232 MB/s) wallclock/user/sys: 3950.261 4735.857 1844.416 seconds
HTAR: HTAR SUCCESSFUL
HTAR: a   instcat_y03_191109/00686510.tar.gz
HTAR: a   instcat_y03_191109/00686511.tar.gz
HTAR: a   instcat_y03_191109/00686512.tar.gz
HTAR: a   instcat_y03_191109/00686513.tar.gz
HTAR: a   instcat_y03_191109/00686514.tar.gz
HTAR: a   instcat_y03_191109/00686515.tar.gz
HTAR: a   instcat_y03_191109/00686516.tar.gz
HTAR: a   instcat_y03_191109/00686517.tar.gz
HTAR: a   instcat_y03_191109/00686518.tar.gz
HTAR: a   instcat_y03_191109/00686519.tar.gz
HTAR: a   instcat_y03_191109/00686520.tar.gz
HTAR: a   instcat_y03_191109/00686521.tar.gz
HTAR: a   instcat_y03_191109/00686522.tar.gz
HTAR: a   instcat_y03_191109/00686523.tar.gz
HTAR: a   instcat_y03_191109/00686524.tar.gz
HTAR: a   instcat_y03_191109/00686525.tar.gz
HTAR: a   instcat_y03_191109/00686526.tar.gz
HTAR: a   instcat_y03_191109/00686527.tar.gz
HTAR: a   instcat_y03_191109/00686528.tar.gz
HTAR: a   instcat_y03_191109/00686529.tar.gz
HTAR: a   instcat_y03_191109/00686530.tar.gz
HTAR: a   instcat_y03_191109/00686531.tar.gz
HTAR: a   instcat_y03_191109/00686532.tar.gz
HTAR: a   instcat_y03_191109/00686533.tar.gz
HTAR: a   instcat_y03_191109/00686534.tar.gz
HTAR: a   instcat_y03_191109/00686535.tar.gz
HTAR: a   instcat_y03_191109/00686536.tar.gz
HTAR: a   instcat_y03_191109/00686537.tar.gz
HTAR: a   instcat_y03_191109/00686538.tar.gz
HTAR: a   instcat_y03_191109/00686539.tar.gz
HTAR: a   instcat_y03_191109/00686540.tar.gz
HTAR: a   instcat_y03_191109/00686541.tar.gz
HTAR: a   instcat_y03_191109/00686542.tar.gz
HTAR: a   instcat_y03_191109/00686543.tar.gz
HTAR: a   instcat_y03_191109/00686544.tar.gz
HTAR: a   instcat_y03_191109/00686545.tar.gz
HTAR: a   instcat_y03_191109/00686546.tar.gz
HTAR: a   instcat_y03_191109/00686547.tar.gz
HTAR: a   instcat_y03_191109/00686548.tar.gz
HTAR: a   instcat_y03_191109/00686549.tar.gz
HTAR: a   instcat_y03_191109/00686550.tar.gz
HTAR: a   instcat_y03_191109/00686551.tar.gz
HTAR: a   instcat_y03_191109/00686552.tar.gz
HTAR: a   instcat_y03_191109/00686553.tar.gz
HTAR: a   instcat_y03_191109/00686554.tar.gz
HTAR: a   instcat_y03_191109/00686555.tar.gz
HTAR: a   instcat_y03_191109/00686556.tar.gz
HTAR: a   instcat_y03_191109/00686557.tar.gz
HTAR: a   instcat_y03_191109/00686558.tar.gz
HTAR: a   instcat_y03_191109/00686559.tar.gz
HTAR: a   instcat_y03_191109/00686560.tar.gz
HTAR: a   instcat_y03_191109/00686561.tar.gz
HTAR: a   instcat_y03_191109/00686562.tar.gz
HTAR: a   instcat_y03_191109/00686563.tar.gz
HTAR: a   instcat_y03_191109/00686564.tar.gz
HTAR: a   instcat_y03_191109/00686589.tar.gz
HTAR: a   instcat_y03_191109/00686590.tar.gz
HTAR: a   instcat_y03_191109/00686591.tar.gz
HTAR: a   instcat_y03_191109/00686592.tar.gz
HTAR: a   instcat_y03_191109/00686593.tar.gz
HTAR: a   instcat_y03_191109/00686594.tar.gz
HTAR: a   instcat_y03_191109/00686595.tar.gz
HTAR: a   instcat_y03_191109/00686596.tar.gz
HTAR: a   instcat_y03_191109/00686598.tar.gz
HTAR: a   instcat_y03_191109/00686599.tar.gz
HTAR: a   instcat_y03_191109/00686600.tar.gz
HTAR: a   instcat_y03_191109/00686601.tar.gz
HTAR: a   instcat_y03_191109/00686602.tar.gz
HTAR: a   instcat_y03_191109/00686603.tar.gz
HTAR: a   instcat_y03_191109/00686626.tar.gz
HTAR: a   instcat_y03_191109/00686627.tar.gz
HTAR: a   instcat_y03_191109/00686628.tar.gz
HTAR: a   instcat_y03_191109/00686629.tar.gz
HTAR: a   instcat_y03_191109/00686630.tar.gz
HTAR: a   instcat_y03_191109/00686631.tar.gz
HTAR: a   instcat_y03_191109/00686632.tar.gz
HTAR: a   instcat_y03_191109/00686633.tar.gz
HTAR: a   instcat_y03_191109/00686634.tar.gz
HTAR: a   instcat_y03_191109/00686635.tar.gz
HTAR: a   instcat_y03_191109/00686636.tar.gz
HTAR: a   instcat_y03_191109/00686637.tar.gz
HTAR: a   instcat_y03_191109/00686638.tar.gz
HTAR: a   instcat_y03_191109/00686639.tar.gz
HTAR: a   instcat_y03_191109/00687183.tar.gz
HTAR: a   instcat_y03_191109/00687184.tar.gz
HTAR: a   instcat_y03_191109/00687185.tar.gz
HTAR: a   instcat_y03_191109/00687186.tar.gz
HTAR: a   instcat_y03_191109/00687187.tar.gz
HTAR: a   instcat_y03_191109/00687227.tar.gz
HTAR: a   instcat_y03_191109/00687257.tar.gz
HTAR: a   instcat_y03_191109/00687262.tar.gz
HTAR: a   instcat_y03_191109/00687263.tar.gz
HTAR: a   instcat_y03_191109/00687264.tar.gz
HTAR: a   instcat_y03_191109/00687265.tar.gz
HTAR: a   instcat_y03_191109/00687266.tar.gz
HTAR: a   instcat_y03_191109/00687269.tar.gz
HTAR: a   instcat_y03_191109/00687270.tar.gz
HTAR: a   instcat_y03_191109/00687271.tar.gz
HTAR: a   instcat_y03_191109/00687276.tar.gz
HTAR: a   instcat_y03_191109/00687282.tar.gz
HTAR: a   instcat_y03_191109/00687295.tar.gz
HTAR: a   instcat_y03_191109/00687296.tar.gz
HTAR: a   instcat_y03_191109/00687297.tar.gz
HTAR: a   instcat_y03_191109/00687298.tar.gz
HTAR: a   instcat_y03_191109/00687299.tar.gz
HTAR: a   instcat_y03_191109/00687300.tar.gz
HTAR: a   instcat_y03_191109/00687301.tar.gz
HTAR: a   instcat_y03_191109/00687302.tar.gz
HTAR: a   instcat_y03_191109/00687303.tar.gz
HTAR: a   instcat_y03_191109/00687304.tar.gz
HTAR: a   instcat_y03_191109/00687305.tar.gz
HTAR: a   instcat_y03_191109/00687306.tar.gz
HTAR: a   instcat_y03_191109/00687307.tar.gz
HTAR: a   instcat_y03_191109/00687308.tar.gz
HTAR: a   instcat_y03_191109/00687309.tar.gz
HTAR: a   instcat_y03_191109/00687310.tar.gz
HTAR: a   instcat_y03_191109/00687311.tar.gz
HTAR: a   instcat_y03_191109/00687313.tar.gz
HTAR: a   instcat_y03_191109/job_log_00686510.txt
HTAR: a   instcat_y03_191109/job_log_00686511.txt
HTAR: a   instcat_y03_191109/job_log_00686512.txt
HTAR: a   instcat_y03_191109/job_log_00686513.txt
HTAR: a   instcat_y03_191109/job_log_00686514.txt
HTAR: a   instcat_y03_191109/job_log_00686515.txt
HTAR: a   instcat_y03_191109/job_log_00686516.txt
HTAR: a   instcat_y03_191109/job_log_00686517.txt
HTAR: a   instcat_y03_191109/job_log_00686518.txt
HTAR: a   instcat_y03_191109/job_log_00686519.txt
HTAR: a   instcat_y03_191109/job_log_00686520.txt
HTAR: a   instcat_y03_191109/job_log_00686521.txt
HTAR: a   instcat_y03_191109/job_log_00686522.txt
HTAR: a   instcat_y03_191109/job_log_00686523.txt
HTAR: a   instcat_y03_191109/job_log_00686524.txt
HTAR: a   instcat_y03_191109/job_log_00686525.txt
HTAR: a   instcat_y03_191109/job_log_00686526.txt
HTAR: a   instcat_y03_191109/job_log_00686527.txt
HTAR: a   instcat_y03_191109/job_log_00686528.txt
HTAR: a   instcat_y03_191109/job_log_00686529.txt
HTAR: a   instcat_y03_191109/job_log_00686530.txt
HTAR: a   instcat_y03_191109/job_log_00686531.txt
HTAR: a   instcat_y03_191109/job_log_00686532.txt
HTAR: a   instcat_y03_191109/job_log_00686533.txt
HTAR: a   instcat_y03_191109/job_log_00686534.txt
HTAR: a   instcat_y03_191109/job_log_00686535.txt
HTAR: a   instcat_y03_191109/job_log_00686536.txt
HTAR: a   instcat_y03_191109/job_log_00686537.txt
HTAR: a   instcat_y03_191109/job_log_00686538.txt
HTAR: a   instcat_y03_191109/job_log_00686539.txt
HTAR: a   instcat_y03_191109/job_log_00686540.txt
HTAR: a   instcat_y03_191109/job_log_00686541.txt
HTAR: a   instcat_y03_191109/job_log_00686542.txt
HTAR: a   instcat_y03_191109/job_log_00686543.txt
HTAR: a   instcat_y03_191109/job_log_00686544.txt
HTAR: a   instcat_y03_191109/job_log_00686545.txt
HTAR: a   instcat_y03_191109/job_log_00686546.txt
HTAR: a   instcat_y03_191109/job_log_00686547.txt
HTAR: a   instcat_y03_191109/job_log_00686548.txt
HTAR: a   instcat_y03_191109/job_log_00686549.txt
HTAR: a   instcat_y03_191109/job_log_00686550.txt
HTAR: a   instcat_y03_191109/job_log_00686551.txt
HTAR: a   instcat_y03_191109/job_log_00686552.txt
HTAR: a   instcat_y03_191109/job_log_00686553.txt
HTAR: a   instcat_y03_191109/job_log_00686554.txt
HTAR: a   instcat_y03_191109/job_log_00686555.txt
HTAR: a   instcat_y03_191109/job_log_00686556.txt
HTAR: a   instcat_y03_191109/job_log_00686557.txt
HTAR: a   instcat_y03_191109/job_log_00686558.txt
HTAR: a   instcat_y03_191109/job_log_00686559.txt
HTAR: a   instcat_y03_191109/job_log_00686560.txt
HTAR: a   instcat_y03_191109/job_log_00686561.txt
HTAR: a   instcat_y03_191109/job_log_00686562.txt
HTAR: a   instcat_y03_191109/job_log_00686563.txt
HTAR: a   instcat_y03_191109/job_log_00686564.txt
HTAR: a   instcat_y03_191109/job_log_00686589.txt
HTAR: a   instcat_y03_191109/job_log_00686590.txt
HTAR: a   instcat_y03_191109/job_log_00686591.txt
HTAR: a   instcat_y03_191109/job_log_00686592.txt
HTAR: a   instcat_y03_191109/job_log_00686593.txt
HTAR: a   instcat_y03_191109/job_log_00686594.txt
HTAR: a   instcat_y03_191109/job_log_00686595.txt
HTAR: a   instcat_y03_191109/job_log_00686596.txt
HTAR: a   instcat_y03_191109/job_log_00686598.txt
HTAR: a   instcat_y03_191109/job_log_00686599.txt
HTAR: a   instcat_y03_191109/job_log_00686600.txt
HTAR: a   instcat_y03_191109/job_log_00686601.txt
HTAR: a   instcat_y03_191109/job_log_00686602.txt
HTAR: a   instcat_y03_191109/job_log_00686603.txt
HTAR: a   instcat_y03_191109/job_log_00686626.txt
HTAR: a   instcat_y03_191109/job_log_00686627.txt
HTAR: a   instcat_y03_191109/job_log_00686628.txt
HTAR: a   instcat_y03_191109/job_log_00686629.txt
HTAR: a   instcat_y03_191109/job_log_00686630.txt
HTAR: a   instcat_y03_191109/job_log_00686631.txt
HTAR: a   instcat_y03_191109/job_log_00686632.txt
HTAR: a   instcat_y03_191109/job_log_00686633.txt
HTAR: a   instcat_y03_191109/job_log_00686634.txt
HTAR: a   instcat_y03_191109/job_log_00686635.txt
HTAR: a   instcat_y03_191109/job_log_00686636.txt
HTAR: a   instcat_y03_191109/job_log_00686637.txt
HTAR: a   instcat_y03_191109/job_log_00686638.txt
HTAR: a   instcat_y03_191109/job_log_00686639.txt
HTAR: a   instcat_y03_191109/job_log_00687183.txt
HTAR: a   instcat_y03_191109/job_log_00687184.txt
HTAR: a   instcat_y03_191109/job_log_00687185.txt
HTAR: a   instcat_y03_191109/job_log_00687186.txt
HTAR: a   instcat_y03_191109/job_log_00687187.txt
HTAR: a   instcat_y03_191109/job_log_00687227.txt
HTAR: a   instcat_y03_191109/job_log_00687257.txt
HTAR: a   instcat_y03_191109/job_log_00687262.txt
HTAR: a   instcat_y03_191109/job_log_00687263.txt
HTAR: a   instcat_y03_191109/job_log_00687264.txt
HTAR: a   instcat_y03_191109/job_log_00687265.txt
HTAR: a   instcat_y03_191109/job_log_00687266.txt
HTAR: a   instcat_y03_191109/job_log_00687269.txt
HTAR: a   instcat_y03_191109/job_log_00687270.txt
HTAR: a   instcat_y03_191109/job_log_00687271.txt
HTAR: a   instcat_y03_191109/job_log_00687276.txt
HTAR: a   instcat_y03_191109/job_log_00687282.txt
HTAR: a   instcat_y03_191109/job_log_00687295.txt
HTAR: a   instcat_y03_191109/job_log_00687296.txt
HTAR: a   instcat_y03_191109/job_log_00687297.txt
HTAR: a   instcat_y03_191109/job_log_00687298.txt
HTAR: a   instcat_y03_191109/job_log_00687299.txt
HTAR: a   instcat_y03_191109/job_log_00687300.txt
HTAR: a   instcat_y03_191109/job_log_00687301.txt
HTAR: a   instcat_y03_191109/job_log_00687302.txt
HTAR: a   instcat_y03_191109/job_log_00687303.txt
HTAR: a   instcat_y03_191109/job_log_00687304.txt
HTAR: a   instcat_y03_191109/job_log_00687305.txt
HTAR: a   instcat_y03_191109/job_log_00687306.txt
HTAR: a   instcat_y03_191109/job_log_00687307.txt
HTAR: a   instcat_y03_191109/job_log_00687308.txt
HTAR: a   instcat_y03_191109/job_log_00687309.txt
HTAR: a   instcat_y03_191109/job_log_00687310.txt
HTAR: a   instcat_y03_191109/job_log_00687311.txt
HTAR: a   instcat_y03_191109/job_log_00687313.txt
HTAR: a   /tmp/HTAR_CF_CHK_46348_1575957109
HTAR Create complete for /home/projects/desc/DC2_ImSim/Run2.2i/instCat/y03_191109/00686510to00687313.tar. 555,591,278,592 bytes written for 236 member files, max threads: 50 Transfer time: 3963.675 seconds (140.171 MB/s) wallclock/user/sys: 3966.531 4743.413 1846.585 seconds
HTAR: HTAR SUCCESSFUL
HTAR: a   instcat_y03_191109/00687314.tar.gz
HTAR: a   instcat_y03_191109/00687315.tar.gz
HTAR: a   instcat_y03_191109/00687316.tar.gz
HTAR: a   instcat_y03_191109/00687317.tar.gz
HTAR: a   instcat_y03_191109/00687318.tar.gz
HTAR: a   instcat_y03_191109/00687319.tar.gz
HTAR: a   instcat_y03_191109/00687320.tar.gz
HTAR: a   instcat_y03_191109/00687328.tar.gz
HTAR: a   instcat_y03_191109/00687330.tar.gz
HTAR: a   instcat_y03_191109/00687331.tar.gz
HTAR: a   instcat_y03_191109/00687333.tar.gz
HTAR: a   instcat_y03_191109/00687384.tar.gz
HTAR: a   instcat_y03_191109/00687385.tar.gz
HTAR: a   instcat_y03_191109/00687394.tar.gz
HTAR: a   instcat_y03_191109/00687395.tar.gz
HTAR: a   instcat_y03_191109/00687396.tar.gz
HTAR: a   instcat_y03_191109/00687397.tar.gz
HTAR: a   instcat_y03_191109/00687398.tar.gz
HTAR: a   instcat_y03_191109/00687399.tar.gz
HTAR: a   instcat_y03_191109/00687400.tar.gz
HTAR: a   instcat_y03_191109/00687401.tar.gz
HTAR: a   instcat_y03_191109/00687404.tar.gz
HTAR: a   instcat_y03_191109/00687405.tar.gz
HTAR: a   instcat_y03_191109/00687406.tar.gz
HTAR: a   instcat_y03_191109/00687407.tar.gz
HTAR: a   instcat_y03_191109/00687408.tar.gz
HTAR: a   instcat_y03_191109/00687409.tar.gz
HTAR: a   instcat_y03_191109/00687416.tar.gz
HTAR: a   instcat_y03_191109/00687423.tar.gz
HTAR: a   instcat_y03_191109/00687424.tar.gz
HTAR: a   instcat_y03_191109/00687425.tar.gz
HTAR: a   instcat_y03_191109/00687426.tar.gz
HTAR: a   instcat_y03_191109/00687427.tar.gz
HTAR: a   instcat_y03_191109/00687428.tar.gz
HTAR: a   instcat_y03_191109/00687429.tar.gz
HTAR: a   instcat_y03_191109/00687432.tar.gz
HTAR: a   instcat_y03_191109/00687433.tar.gz
HTAR: a   instcat_y03_191109/00687434.tar.gz
HTAR: a   instcat_y03_191109/00687436.tar.gz
HTAR: a   instcat_y03_191109/00687437.tar.gz
HTAR: a   instcat_y03_191109/00687438.tar.gz
HTAR: a   instcat_y03_191109/00687439.tar.gz
HTAR: a   instcat_y03_191109/00687440.tar.gz
HTAR: a   instcat_y03_191109/00687444.tar.gz
HTAR: a   instcat_y03_191109/00687446.tar.gz
HTAR: a   instcat_y03_191109/00687548.tar.gz
HTAR: a   instcat_y03_191109/00687560.tar.gz
HTAR: a   instcat_y03_191109/00687571.tar.gz
HTAR: a   instcat_y03_191109/00687598.tar.gz
HTAR: a   instcat_y03_191109/00687599.tar.gz
HTAR: a   instcat_y03_191109/00687614.tar.gz
HTAR: a   instcat_y03_191109/00688087.tar.gz
HTAR: a   instcat_y03_191109/00688088.tar.gz
HTAR: a   instcat_y03_191109/00688089.tar.gz
HTAR: a   instcat_y03_191109/00688090.tar.gz
HTAR: a   instcat_y03_191109/00688091.tar.gz
HTAR: a   instcat_y03_191109/00688117.tar.gz
HTAR: a   instcat_y03_191109/00688118.tar.gz
HTAR: a   instcat_y03_191109/00688119.tar.gz
HTAR: a   instcat_y03_191109/00688120.tar.gz
HTAR: a   instcat_y03_191109/00688121.tar.gz
HTAR: a   instcat_y03_191109/00688162.tar.gz
HTAR: a   instcat_y03_191109/00688163.tar.gz
HTAR: a   instcat_y03_191109/00688196.tar.gz
HTAR: a   instcat_y03_191109/00688197.tar.gz
HTAR: a   instcat_y03_191109/00688198.tar.gz
HTAR: a   instcat_y03_191109/00688226.tar.gz
HTAR: a   instcat_y03_191109/00688237.tar.gz
HTAR: a   instcat_y03_191109/00688238.tar.gz
HTAR: a   instcat_y03_191109/00688259.tar.gz
HTAR: a   instcat_y03_191109/00688260.tar.gz
HTAR: a   instcat_y03_191109/00688283.tar.gz
HTAR: a   instcat_y03_191109/00688321.tar.gz
HTAR: a   instcat_y03_191109/00688322.tar.gz
HTAR: a   instcat_y03_191109/00688323.tar.gz
HTAR: a   instcat_y03_191109/00688324.tar.gz
HTAR: a   instcat_y03_191109/00688325.tar.gz
HTAR: a   instcat_y03_191109/00688326.tar.gz
HTAR: a   instcat_y03_191109/00688364.tar.gz
HTAR: a   instcat_y03_191109/00688365.tar.gz
HTAR: a   instcat_y03_191109/00688366.tar.gz
HTAR: a   instcat_y03_191109/00688367.tar.gz
HTAR: a   instcat_y03_191109/00688369.tar.gz
HTAR: a   instcat_y03_191109/00688371.tar.gz
HTAR: a   instcat_y03_191109/00688404.tar.gz
HTAR: a   instcat_y03_191109/00688406.tar.gz
HTAR: a   instcat_y03_191109/00688407.tar.gz
HTAR: a   instcat_y03_191109/00688408.tar.gz
HTAR: a   instcat_y03_191109/00688409.tar.gz
HTAR: a   instcat_y03_191109/00688410.tar.gz
HTAR: a   instcat_y03_191109/00688411.tar.gz
HTAR: a   instcat_y03_191109/00688415.tar.gz
HTAR: a   instcat_y03_191109/00688416.tar.gz
HTAR: a   instcat_y03_191109/00688442.tar.gz
HTAR: a   instcat_y03_191109/00688443.tar.gz
HTAR: a   instcat_y03_191109/00688444.tar.gz
HTAR: a   instcat_y03_191109/00688445.tar.gz
HTAR: a   instcat_y03_191109/00688446.tar.gz
HTAR: a   instcat_y03_191109/00688447.tar.gz
HTAR: a   instcat_y03_191109/00688448.tar.gz
HTAR: a   instcat_y03_191109/00688450.tar.gz
HTAR: a   instcat_y03_191109/00688451.tar.gz
HTAR: a   instcat_y03_191109/00688489.tar.gz
HTAR: a   instcat_y03_191109/00688490.tar.gz
HTAR: a   instcat_y03_191109/00688542.tar.gz
HTAR: a   instcat_y03_191109/00688543.tar.gz
HTAR: a   instcat_y03_191109/00688544.tar.gz
HTAR: a   instcat_y03_191109/00688944.tar.gz
HTAR: a   instcat_y03_191109/00688945.tar.gz
HTAR: a   instcat_y03_191109/00688946.tar.gz
HTAR: a   instcat_y03_191109/00688947.tar.gz
HTAR: a   instcat_y03_191109/00688948.tar.gz
HTAR: a   instcat_y03_191109/00688949.tar.gz
HTAR: a   instcat_y03_191109/00688950.tar.gz
HTAR: a   instcat_y03_191109/00688951.tar.gz
HTAR: a   instcat_y03_191109/00688968.tar.gz
HTAR: a   instcat_y03_191109/00688976.tar.gz
HTAR: a   instcat_y03_191109/00688977.tar.gz
HTAR: a   instcat_y03_191109/job_log_00687314.txt
HTAR: a   instcat_y03_191109/job_log_00687315.txt
HTAR: a   instcat_y03_191109/job_log_00687316.txt
HTAR: a   instcat_y03_191109/job_log_00687317.txt
HTAR: a   instcat_y03_191109/job_log_00687318.txt
HTAR: a   instcat_y03_191109/job_log_00687319.txt
HTAR: a   instcat_y03_191109/job_log_00687320.txt
HTAR: a   instcat_y03_191109/job_log_00687328.txt
HTAR: a   instcat_y03_191109/job_log_00687330.txt
HTAR: a   instcat_y03_191109/job_log_00687331.txt
HTAR: a   instcat_y03_191109/job_log_00687333.txt
HTAR: a   instcat_y03_191109/job_log_00687384.txt
HTAR: a   instcat_y03_191109/job_log_00687385.txt
HTAR: a   instcat_y03_191109/job_log_00687394.txt
HTAR: a   instcat_y03_191109/job_log_00687395.txt
HTAR: a   instcat_y03_191109/job_log_00687396.txt
HTAR: a   instcat_y03_191109/job_log_00687397.txt
HTAR: a   instcat_y03_191109/job_log_00687398.txt
HTAR: a   instcat_y03_191109/job_log_00687399.txt
HTAR: a   instcat_y03_191109/job_log_00687400.txt
HTAR: a   instcat_y03_191109/job_log_00687401.txt
HTAR: a   instcat_y03_191109/job_log_00687404.txt
HTAR: a   instcat_y03_191109/job_log_00687405.txt
HTAR: a   instcat_y03_191109/job_log_00687406.txt
HTAR: a   instcat_y03_191109/job_log_00687407.txt
HTAR: a   instcat_y03_191109/job_log_00687408.txt
HTAR: a   instcat_y03_191109/job_log_00687409.txt
HTAR: a   instcat_y03_191109/job_log_00687416.txt
HTAR: a   instcat_y03_191109/job_log_00687423.txt
HTAR: a   instcat_y03_191109/job_log_00687424.txt
HTAR: a   instcat_y03_191109/job_log_00687425.txt
HTAR: a   instcat_y03_191109/job_log_00687426.txt
HTAR: a   instcat_y03_191109/job_log_00687427.txt
HTAR: a   instcat_y03_191109/job_log_00687428.txt
HTAR: a   instcat_y03_191109/job_log_00687429.txt
HTAR: a   instcat_y03_191109/job_log_00687432.txt
HTAR: a   instcat_y03_191109/job_log_00687433.txt
HTAR: a   instcat_y03_191109/job_log_00687434.txt
HTAR: a   instcat_y03_191109/job_log_00687436.txt
HTAR: a   instcat_y03_191109/job_log_00687437.txt
HTAR: a   instcat_y03_191109/job_log_00687438.txt
HTAR: a   instcat_y03_191109/job_log_00687439.txt
HTAR: a   instcat_y03_191109/job_log_00687440.txt
HTAR: a   instcat_y03_191109/job_log_00687444.txt
HTAR: a   instcat_y03_191109/job_log_00687446.txt
HTAR: a   instcat_y03_191109/job_log_00687548.txt
HTAR: a   instcat_y03_191109/job_log_00687560.txt
HTAR: a   instcat_y03_191109/job_log_00687571.txt
HTAR: a   instcat_y03_191109/job_log_00687598.txt
HTAR: a   instcat_y03_191109/job_log_00687599.txt
HTAR: a   instcat_y03_191109/job_log_00687614.txt
HTAR: a   instcat_y03_191109/job_log_00688087.txt
HTAR: a   instcat_y03_191109/job_log_00688088.txt
HTAR: a   instcat_y03_191109/job_log_00688089.txt
HTAR: a   instcat_y03_191109/job_log_00688090.txt
HTAR: a   instcat_y03_191109/job_log_00688091.txt
HTAR: a   instcat_y03_191109/job_log_00688117.txt
HTAR: a   instcat_y03_191109/job_log_00688118.txt
HTAR: a   instcat_y03_191109/job_log_00688119.txt
HTAR: a   instcat_y03_191109/job_log_00688120.txt
HTAR: a   instcat_y03_191109/job_log_00688121.txt
HTAR: a   instcat_y03_191109/job_log_00688162.txt
HTAR: a   instcat_y03_191109/job_log_00688163.txt
HTAR: a   instcat_y03_191109/job_log_00688196.txt
HTAR: a   instcat_y03_191109/job_log_00688197.txt
HTAR: a   instcat_y03_191109/job_log_00688198.txt
HTAR: a   instcat_y03_191109/job_log_00688226.txt
HTAR: a   instcat_y03_191109/job_log_00688237.txt
HTAR: a   instcat_y03_191109/job_log_00688238.txt
HTAR: a   instcat_y03_191109/job_log_00688259.txt
HTAR: a   instcat_y03_191109/job_log_00688260.txt
HTAR: a   instcat_y03_191109/job_log_00688283.txt
HTAR: a   instcat_y03_191109/job_log_00688321.txt
HTAR: a   instcat_y03_191109/job_log_00688322.txt
HTAR: a   instcat_y03_191109/job_log_00688323.txt
HTAR: a   instcat_y03_191109/job_log_00688324.txt
HTAR: a   instcat_y03_191109/job_log_00688325.txt
HTAR: a   instcat_y03_191109/job_log_00688326.txt
HTAR: a   instcat_y03_191109/job_log_00688364.txt
HTAR: a   instcat_y03_191109/job_log_00688365.txt
HTAR: a   instcat_y03_191109/job_log_00688366.txt
HTAR: a   instcat_y03_191109/job_log_00688367.txt
HTAR: a   instcat_y03_191109/job_log_00688369.txt
HTAR: a   instcat_y03_191109/job_log_00688371.txt
HTAR: a   instcat_y03_191109/job_log_00688404.txt
HTAR: a   instcat_y03_191109/job_log_00688406.txt
HTAR: a   instcat_y03_191109/job_log_00688407.txt
HTAR: a   instcat_y03_191109/job_log_00688408.txt
HTAR: a   instcat_y03_191109/job_log_00688409.txt
HTAR: a   instcat_y03_191109/job_log_00688410.txt
HTAR: a   instcat_y03_191109/job_log_00688411.txt
HTAR: a   instcat_y03_191109/job_log_00688415.txt
HTAR: a   instcat_y03_191109/job_log_00688416.txt
HTAR: a   instcat_y03_191109/job_log_00688442.txt
HTAR: a   instcat_y03_191109/job_log_00688443.txt
HTAR: a   instcat_y03_191109/job_log_00688444.txt
HTAR: a   instcat_y03_191109/job_log_00688445.txt
HTAR: a   instcat_y03_191109/job_log_00688446.txt
HTAR: a   instcat_y03_191109/job_log_00688447.txt
HTAR: a   instcat_y03_191109/job_log_00688448.txt
HTAR: a   instcat_y03_191109/job_log_00688450.txt
HTAR: a   instcat_y03_191109/job_log_00688451.txt
HTAR: a   instcat_y03_191109/job_log_00688489.txt
HTAR: a   instcat_y03_191109/job_log_00688490.txt
HTAR: a   instcat_y03_191109/job_log_00688542.txt
HTAR: a   instcat_y03_191109/job_log_00688543.txt
HTAR: a   instcat_y03_191109/job_log_00688544.txt
HTAR: a   instcat_y03_191109/job_log_00688944.txt
HTAR: a   instcat_y03_191109/job_log_00688945.txt
HTAR: a   instcat_y03_191109/job_log_00688946.txt
HTAR: a   instcat_y03_191109/job_log_00688947.txt
HTAR: a   instcat_y03_191109/job_log_00688948.txt
HTAR: a   instcat_y03_191109/job_log_00688949.txt
HTAR: a   instcat_y03_191109/job_log_00688950.txt
HTAR: a   instcat_y03_191109/job_log_00688951.txt
HTAR: a   instcat_y03_191109/job_log_00688968.txt
HTAR: a   instcat_y03_191109/job_log_00688976.txt
HTAR: a   instcat_y03_191109/job_log_00688977.txt
HTAR: a   /tmp/HTAR_CF_CHK_59589_1575961079
HTAR Create complete for /home/projects/desc/DC2_ImSim/Run2.2i/instCat/y03_191109/00687314to00688977.tar. 524,438,874,624 bytes written for 236 member files, max threads: 50 Transfer time: 3625.186 seconds (144.665 MB/s) wallclock/user/sys: 3627.309 4134.549 1659.866 seconds
HTAR: HTAR SUCCESSFUL
HTAR: a   instcat_y03_191109/00688978.tar.gz
HTAR: a   instcat_y03_191109/00688979.tar.gz
HTAR: a   instcat_y03_191109/00688982.tar.gz
HTAR: a   instcat_y03_191109/00688983.tar.gz
HTAR: a   instcat_y03_191109/00688984.tar.gz
HTAR: a   instcat_y03_191109/00688985.tar.gz
HTAR: a   instcat_y03_191109/00688986.tar.gz
HTAR: a   instcat_y03_191109/00689008.tar.gz
HTAR: a   instcat_y03_191109/00689016.tar.gz
HTAR: a   instcat_y03_191109/00689017.tar.gz
HTAR: a   instcat_y03_191109/00689024.tar.gz
HTAR: a   instcat_y03_191109/00689025.tar.gz
HTAR: a   instcat_y03_191109/00689026.tar.gz
HTAR: a   instcat_y03_191109/00689027.tar.gz
HTAR: a   instcat_y03_191109/00689028.tar.gz
HTAR: a   instcat_y03_191109/00689768.tar.gz
HTAR: a   instcat_y03_191109/00689831.tar.gz
HTAR: a   instcat_y03_191109/00689832.tar.gz
HTAR: a   instcat_y03_191109/00689835.tar.gz
HTAR: a   instcat_y03_191109/00689836.tar.gz
HTAR: a   instcat_y03_191109/00689837.tar.gz
HTAR: a   instcat_y03_191109/00689838.tar.gz
HTAR: a   instcat_y03_191109/00689840.tar.gz
HTAR: a   instcat_y03_191109/00689854.tar.gz
HTAR: a   instcat_y03_191109/00689855.tar.gz
HTAR: a   instcat_y03_191109/00689856.tar.gz
HTAR: a   instcat_y03_191109/00689866.tar.gz
HTAR: a   instcat_y03_191109/00689867.tar.gz
HTAR: a   instcat_y03_191109/00689868.tar.gz
HTAR: a   instcat_y03_191109/00689869.tar.gz
HTAR: a   instcat_y03_191109/00689870.tar.gz
HTAR: a   instcat_y03_191109/00689871.tar.gz
HTAR: a   instcat_y03_191109/00689872.tar.gz
HTAR: a   instcat_y03_191109/00689873.tar.gz
HTAR: a   instcat_y03_191109/00689875.tar.gz
HTAR: a   instcat_y03_191109/00689876.tar.gz
HTAR: a   instcat_y03_191109/00689877.tar.gz
HTAR: a   instcat_y03_191109/00689878.tar.gz
HTAR: a   instcat_y03_191109/00690858.tar.gz
HTAR: a   instcat_y03_191109/00690859.tar.gz
HTAR: a   instcat_y03_191109/00690860.tar.gz
HTAR: a   instcat_y03_191109/00690861.tar.gz
HTAR: a   instcat_y03_191109/00690862.tar.gz
HTAR: a   instcat_y03_191109/00690863.tar.gz
HTAR: a   instcat_y03_191109/00690864.tar.gz
HTAR: a   instcat_y03_191109/00690865.tar.gz
HTAR: a   instcat_y03_191109/00690866.tar.gz
HTAR: a   instcat_y03_191109/00690867.tar.gz
HTAR: a   instcat_y03_191109/00690868.tar.gz
HTAR: a   instcat_y03_191109/00690869.tar.gz
HTAR: a   instcat_y03_191109/00690870.tar.gz
HTAR: a   instcat_y03_191109/00690887.tar.gz
HTAR: a   instcat_y03_191109/00690889.tar.gz
HTAR: a   instcat_y03_191109/00690890.tar.gz
HTAR: a   instcat_y03_191109/00690891.tar.gz
HTAR: a   instcat_y03_191109/00690892.tar.gz
HTAR: a   instcat_y03_191109/00690893.tar.gz
HTAR: a   instcat_y03_191109/00690894.tar.gz
HTAR: a   instcat_y03_191109/00690895.tar.gz
HTAR: a   instcat_y03_191109/00690896.tar.gz
HTAR: a   instcat_y03_191109/00690897.tar.gz
HTAR: a   instcat_y03_191109/00690898.tar.gz
HTAR: a   instcat_y03_191109/00690899.tar.gz
HTAR: a   instcat_y03_191109/00690900.tar.gz
HTAR: a   instcat_y03_191109/00690910.tar.gz
HTAR: a   instcat_y03_191109/00690911.tar.gz
HTAR: a   instcat_y03_191109/00690912.tar.gz
HTAR: a   instcat_y03_191109/00690932.tar.gz
HTAR: a   instcat_y03_191109/00690956.tar.gz
HTAR: a   instcat_y03_191109/00690969.tar.gz
HTAR: a   instcat_y03_191109/00690970.tar.gz
HTAR: a   instcat_y03_191109/00691007.tar.gz
HTAR: a   instcat_y03_191109/00691008.tar.gz
HTAR: a   instcat_y03_191109/00691009.tar.gz
HTAR: a   instcat_y03_191109/00691010.tar.gz
HTAR: a   instcat_y03_191109/00691011.tar.gz
HTAR: a   instcat_y03_191109/00691012.tar.gz
HTAR: a   instcat_y03_191109/00691013.tar.gz
HTAR: a   instcat_y03_191109/00691014.tar.gz
HTAR: a   instcat_y03_191109/00691018.tar.gz
HTAR: a   instcat_y03_191109/00691019.tar.gz
HTAR: a   instcat_y03_191109/00691020.tar.gz
HTAR: a   instcat_y03_191109/00691021.tar.gz
HTAR: a   instcat_y03_191109/00691022.tar.gz
HTAR: a   instcat_y03_191109/00691023.tar.gz
HTAR: a   instcat_y03_191109/00691024.tar.gz
HTAR: a   instcat_y03_191109/00691025.tar.gz
HTAR: a   instcat_y03_191109/00691026.tar.gz
HTAR: a   instcat_y03_191109/00691027.tar.gz
HTAR: a   instcat_y03_191109/00691028.tar.gz
HTAR: a   instcat_y03_191109/00691030.tar.gz
HTAR: a   instcat_y03_191109/00691031.tar.gz
HTAR: a   instcat_y03_191109/00691032.tar.gz
HTAR: a   instcat_y03_191109/00691038.tar.gz
HTAR: a   instcat_y03_191109/00691040.tar.gz
HTAR: a   instcat_y03_191109/00691044.tar.gz
HTAR: a   instcat_y03_191109/00691045.tar.gz
HTAR: a   instcat_y03_191109/00691046.tar.gz
HTAR: a   instcat_y03_191109/00691047.tar.gz
HTAR: a   instcat_y03_191109/00691048.tar.gz
HTAR: a   instcat_y03_191109/00691049.tar.gz
HTAR: a   instcat_y03_191109/00691053.tar.gz
HTAR: a   instcat_y03_191109/00691054.tar.gz
HTAR: a   instcat_y03_191109/00691055.tar.gz
HTAR: a   instcat_y03_191109/00691056.tar.gz
HTAR: a   instcat_y03_191109/00691057.tar.gz
HTAR: a   instcat_y03_191109/00691058.tar.gz
HTAR: a   instcat_y03_191109/00691059.tar.gz
HTAR: a   instcat_y03_191109/00691060.tar.gz
HTAR: a   instcat_y03_191109/00691061.tar.gz
HTAR: a   instcat_y03_191109/00691062.tar.gz
HTAR: a   instcat_y03_191109/00691064.tar.gz
HTAR: a   instcat_y03_191109/00692583.tar.gz
HTAR: a   instcat_y03_191109/00692584.tar.gz
HTAR: a   instcat_y03_191109/00692612.tar.gz
HTAR: a   instcat_y03_191109/00692613.tar.gz
HTAR: a   instcat_y03_191109/00692614.tar.gz
HTAR: a   instcat_y03_191109/00692647.tar.gz
HTAR: a   instcat_y03_191109/job_log_00688978.txt
HTAR: a   instcat_y03_191109/job_log_00688979.txt
HTAR: a   instcat_y03_191109/job_log_00688982.txt
HTAR: a   instcat_y03_191109/job_log_00688983.txt
HTAR: a   instcat_y03_191109/job_log_00688984.txt
HTAR: a   instcat_y03_191109/job_log_00688985.txt
HTAR: a   instcat_y03_191109/job_log_00688986.txt
HTAR: a   instcat_y03_191109/job_log_00689008.txt
HTAR: a   instcat_y03_191109/job_log_00689016.txt
HTAR: a   instcat_y03_191109/job_log_00689017.txt
HTAR: a   instcat_y03_191109/job_log_00689024.txt
HTAR: a   instcat_y03_191109/job_log_00689025.txt
HTAR: a   instcat_y03_191109/job_log_00689026.txt
HTAR: a   instcat_y03_191109/job_log_00689027.txt
HTAR: a   instcat_y03_191109/job_log_00689028.txt
HTAR: a   instcat_y03_191109/job_log_00689768.txt
HTAR: a   instcat_y03_191109/job_log_00689831.txt
HTAR: a   instcat_y03_191109/job_log_00689832.txt
HTAR: a   instcat_y03_191109/job_log_00689835.txt
HTAR: a   instcat_y03_191109/job_log_00689836.txt
HTAR: a   instcat_y03_191109/job_log_00689837.txt
HTAR: a   instcat_y03_191109/job_log_00689838.txt
HTAR: a   instcat_y03_191109/job_log_00689840.txt
HTAR: a   instcat_y03_191109/job_log_00689854.txt
HTAR: a   instcat_y03_191109/job_log_00689855.txt
HTAR: a   instcat_y03_191109/job_log_00689856.txt
HTAR: a   instcat_y03_191109/job_log_00689866.txt
HTAR: a   instcat_y03_191109/job_log_00689867.txt
HTAR: a   instcat_y03_191109/job_log_00689868.txt
HTAR: a   instcat_y03_191109/job_log_00689869.txt
HTAR: a   instcat_y03_191109/job_log_00689870.txt
HTAR: a   instcat_y03_191109/job_log_00689871.txt
HTAR: a   instcat_y03_191109/job_log_00689872.txt
HTAR: a   instcat_y03_191109/job_log_00689873.txt
HTAR: a   instcat_y03_191109/job_log_00689875.txt
HTAR: a   instcat_y03_191109/job_log_00689876.txt
HTAR: a   instcat_y03_191109/job_log_00689877.txt
HTAR: a   instcat_y03_191109/job_log_00689878.txt
HTAR: a   instcat_y03_191109/job_log_00690858.txt
HTAR: a   instcat_y03_191109/job_log_00690859.txt
HTAR: a   instcat_y03_191109/job_log_00690860.txt
HTAR: a   instcat_y03_191109/job_log_00690861.txt
HTAR: a   instcat_y03_191109/job_log_00690862.txt
HTAR: a   instcat_y03_191109/job_log_00690863.txt
HTAR: a   instcat_y03_191109/job_log_00690864.txt
HTAR: a   instcat_y03_191109/job_log_00690865.txt
HTAR: a   instcat_y03_191109/job_log_00690866.txt
HTAR: a   instcat_y03_191109/job_log_00690867.txt
HTAR: a   instcat_y03_191109/job_log_00690868.txt
HTAR: a   instcat_y03_191109/job_log_00690869.txt
HTAR: a   instcat_y03_191109/job_log_00690870.txt
HTAR: a   instcat_y03_191109/job_log_00690887.txt
HTAR: a   instcat_y03_191109/job_log_00690889.txt
HTAR: a   instcat_y03_191109/job_log_00690890.txt
HTAR: a   instcat_y03_191109/job_log_00690891.txt
HTAR: a   instcat_y03_191109/job_log_00690892.txt
HTAR: a   instcat_y03_191109/job_log_00690893.txt
HTAR: a   instcat_y03_191109/job_log_00690894.txt
HTAR: a   instcat_y03_191109/job_log_00690895.txt
HTAR: a   instcat_y03_191109/job_log_00690896.txt
HTAR: a   instcat_y03_191109/job_log_00690897.txt
HTAR: a   instcat_y03_191109/job_log_00690898.txt
HTAR: a   instcat_y03_191109/job_log_00690899.txt
HTAR: a   instcat_y03_191109/job_log_00690900.txt
HTAR: a   instcat_y03_191109/job_log_00690910.txt
HTAR: a   instcat_y03_191109/job_log_00690911.txt
HTAR: a   instcat_y03_191109/job_log_00690912.txt
HTAR: a   instcat_y03_191109/job_log_00690932.txt
HTAR: a   instcat_y03_191109/job_log_00690956.txt
HTAR: a   instcat_y03_191109/job_log_00690969.txt
HTAR: a   instcat_y03_191109/job_log_00690970.txt
HTAR: a   instcat_y03_191109/job_log_00691007.txt
HTAR: a   instcat_y03_191109/job_log_00691008.txt
HTAR: a   instcat_y03_191109/job_log_00691009.txt
HTAR: a   instcat_y03_191109/job_log_00691010.txt
HTAR: a   instcat_y03_191109/job_log_00691011.txt
HTAR: a   instcat_y03_191109/job_log_00691012.txt
HTAR: a   instcat_y03_191109/job_log_00691013.txt
HTAR: a   instcat_y03_191109/job_log_00691014.txt
HTAR: a   instcat_y03_191109/job_log_00691018.txt
HTAR: a   instcat_y03_191109/job_log_00691019.txt
HTAR: a   instcat_y03_191109/job_log_00691020.txt
HTAR: a   instcat_y03_191109/job_log_00691021.txt
HTAR: a   instcat_y03_191109/job_log_00691022.txt
HTAR: a   instcat_y03_191109/job_log_00691023.txt
HTAR: a   instcat_y03_191109/job_log_00691024.txt
HTAR: a   instcat_y03_191109/job_log_00691025.txt
HTAR: a   instcat_y03_191109/job_log_00691026.txt
HTAR: a   instcat_y03_191109/job_log_00691027.txt
HTAR: a   instcat_y03_191109/job_log_00691028.txt
HTAR: a   instcat_y03_191109/job_log_00691030.txt
HTAR: a   instcat_y03_191109/job_log_00691031.txt
HTAR: a   instcat_y03_191109/job_log_00691032.txt
HTAR: a   instcat_y03_191109/job_log_00691038.txt
HTAR: a   instcat_y03_191109/job_log_00691040.txt
HTAR: a   instcat_y03_191109/job_log_00691044.txt
HTAR: a   instcat_y03_191109/job_log_00691045.txt
HTAR: a   instcat_y03_191109/job_log_00691046.txt
HTAR: a   instcat_y03_191109/job_log_00691047.txt
HTAR: a   instcat_y03_191109/job_log_00691048.txt
HTAR: a   instcat_y03_191109/job_log_00691049.txt
HTAR: a   instcat_y03_191109/job_log_00691053.txt
HTAR: a   instcat_y03_191109/job_log_00691054.txt
HTAR: a   instcat_y03_191109/job_log_00691055.txt
HTAR: a   instcat_y03_191109/job_log_00691056.txt
HTAR: a   instcat_y03_191109/job_log_00691057.txt
HTAR: a   instcat_y03_191109/job_log_00691058.txt
HTAR: a   instcat_y03_191109/job_log_00691059.txt
HTAR: a   instcat_y03_191109/job_log_00691060.txt
HTAR: a   instcat_y03_191109/job_log_00691061.txt
HTAR: a   instcat_y03_191109/job_log_00691062.txt
HTAR: a   instcat_y03_191109/job_log_00691064.txt
HTAR: a   instcat_y03_191109/job_log_00692583.txt
HTAR: a   instcat_y03_191109/job_log_00692584.txt
HTAR: a   instcat_y03_191109/job_log_00692612.txt
HTAR: a   instcat_y03_191109/job_log_00692613.txt
HTAR: a   instcat_y03_191109/job_log_00692614.txt
HTAR: a   instcat_y03_191109/job_log_00692647.txt
HTAR: a   /tmp/HTAR_CF_CHK_21529_1575964711
HTAR Create complete for /home/projects/desc/DC2_ImSim/Run2.2i/instCat/y03_191109/00688978to00692647.tar. 524,721,316,864 bytes written for 236 member files, max threads: 50 Transfer time: 3691.406 seconds (142.147 MB/s) wallclock/user/sys: 3695.275 4434.052 1701.413 seconds
HTAR: HTAR SUCCESSFUL
