HTAR: a   instcat_y03_191109/00671716.tar.gz
HTAR: a   instcat_y03_191109/00671717.tar.gz
HTAR: a   instcat_y03_191109/00671718.tar.gz
HTAR: a   instcat_y03_191109/00671719.tar.gz
HTAR: a   instcat_y03_191109/00671720.tar.gz
HTAR: a   instcat_y03_191109/00671721.tar.gz
HTAR: a   instcat_y03_191109/00671722.tar.gz
HTAR: a   instcat_y03_191109/00671723.tar.gz
HTAR: a   instcat_y03_191109/00671724.tar.gz
HTAR: a   instcat_y03_191109/00671725.tar.gz
HTAR: a   instcat_y03_191109/00671726.tar.gz
HTAR: a   instcat_y03_191109/00671727.tar.gz
HTAR: a   instcat_y03_191109/00671728.tar.gz
HTAR: a   instcat_y03_191109/00671729.tar.gz
HTAR: a   instcat_y03_191109/00671730.tar.gz
HTAR: a   instcat_y03_191109/00671731.tar.gz
HTAR: a   instcat_y03_191109/00671732.tar.gz
HTAR: a   instcat_y03_191109/00671733.tar.gz
HTAR: a   instcat_y03_191109/00671734.tar.gz
HTAR: a   instcat_y03_191109/00671735.tar.gz
HTAR: a   instcat_y03_191109/00671736.tar.gz
HTAR: a   instcat_y03_191109/00671737.tar.gz
HTAR: a   instcat_y03_191109/00671738.tar.gz
HTAR: a   instcat_y03_191109/00671739.tar.gz
HTAR: a   instcat_y03_191109/00671740.tar.gz
HTAR: a   instcat_y03_191109/00671741.tar.gz
HTAR: a   instcat_y03_191109/00671742.tar.gz
HTAR: a   instcat_y03_191109/00671743.tar.gz
HTAR: a   instcat_y03_191109/00671744.tar.gz
HTAR: a   instcat_y03_191109/00671745.tar.gz
HTAR: a   instcat_y03_191109/00671746.tar.gz
HTAR: a   instcat_y03_191109/00671747.tar.gz
HTAR: a   instcat_y03_191109/00671748.tar.gz
HTAR: a   instcat_y03_191109/00671749.tar.gz
HTAR: a   instcat_y03_191109/00671750.tar.gz
HTAR: a   instcat_y03_191109/00671751.tar.gz
HTAR: a   instcat_y03_191109/00671752.tar.gz
HTAR: a   instcat_y03_191109/00671753.tar.gz
HTAR: a   instcat_y03_191109/00671754.tar.gz
HTAR: a   instcat_y03_191109/00671755.tar.gz
HTAR: a   instcat_y03_191109/00671756.tar.gz
HTAR: a   instcat_y03_191109/00671757.tar.gz
HTAR: a   instcat_y03_191109/00671758.tar.gz
HTAR: a   instcat_y03_191109/00671759.tar.gz
HTAR: a   instcat_y03_191109/00671794.tar.gz
HTAR: a   instcat_y03_191109/00671795.tar.gz
HTAR: a   instcat_y03_191109/00671796.tar.gz
HTAR: a   instcat_y03_191109/00671822.tar.gz
HTAR: a   instcat_y03_191109/00671823.tar.gz
HTAR: a   instcat_y03_191109/00671824.tar.gz
HTAR: a   instcat_y03_191109/00671825.tar.gz
HTAR: a   instcat_y03_191109/00671836.tar.gz
HTAR: a   instcat_y03_191109/00671837.tar.gz
HTAR: a   instcat_y03_191109/00671839.tar.gz
HTAR: a   instcat_y03_191109/00671840.tar.gz
HTAR: a   instcat_y03_191109/00671841.tar.gz
HTAR: a   instcat_y03_191109/00671842.tar.gz
HTAR: a   instcat_y03_191109/00671843.tar.gz
HTAR: a   instcat_y03_191109/00671844.tar.gz
HTAR: a   instcat_y03_191109/00671845.tar.gz
HTAR: a   instcat_y03_191109/00671849.tar.gz
HTAR: a   instcat_y03_191109/00671874.tar.gz
HTAR: a   instcat_y03_191109/00671875.tar.gz
HTAR: a   instcat_y03_191109/00671876.tar.gz
HTAR: a   instcat_y03_191109/00671877.tar.gz
HTAR: a   instcat_y03_191109/00671878.tar.gz
HTAR: a   instcat_y03_191109/00671879.tar.gz
HTAR: a   instcat_y03_191109/00671880.tar.gz
HTAR: a   instcat_y03_191109/00672654.tar.gz
HTAR: a   instcat_y03_191109/00672686.tar.gz
HTAR: a   instcat_y03_191109/00672687.tar.gz
HTAR: a   instcat_y03_191109/00673404.tar.gz
HTAR: a   instcat_y03_191109/00673405.tar.gz
HTAR: a   instcat_y03_191109/00674104.tar.gz
HTAR: a   instcat_y03_191109/00674105.tar.gz
HTAR: a   instcat_y03_191109/00674106.tar.gz
HTAR: a   instcat_y03_191109/00674107.tar.gz
HTAR: a   instcat_y03_191109/00674108.tar.gz
HTAR: a   instcat_y03_191109/00674109.tar.gz
HTAR: a   instcat_y03_191109/00674110.tar.gz
HTAR: a   instcat_y03_191109/00674111.tar.gz
HTAR: a   instcat_y03_191109/00674112.tar.gz
HTAR: a   instcat_y03_191109/00674113.tar.gz
HTAR: a   instcat_y03_191109/00674114.tar.gz
HTAR: a   instcat_y03_191109/00674115.tar.gz
HTAR: a   instcat_y03_191109/00674116.tar.gz
HTAR: a   instcat_y03_191109/00674117.tar.gz
HTAR: a   instcat_y03_191109/00674118.tar.gz
HTAR: a   instcat_y03_191109/00674119.tar.gz
HTAR: a   instcat_y03_191109/00674120.tar.gz
HTAR: a   instcat_y03_191109/00674121.tar.gz
HTAR: a   instcat_y03_191109/00674122.tar.gz
HTAR: a   instcat_y03_191109/00674123.tar.gz
HTAR: a   instcat_y03_191109/00674124.tar.gz
HTAR: a   instcat_y03_191109/00674125.tar.gz
HTAR: a   instcat_y03_191109/00674126.tar.gz
HTAR: a   instcat_y03_191109/00674127.tar.gz
HTAR: a   instcat_y03_191109/00674128.tar.gz
HTAR: a   instcat_y03_191109/00674129.tar.gz
HTAR: a   instcat_y03_191109/00674130.tar.gz
HTAR: a   instcat_y03_191109/00674131.tar.gz
HTAR: a   instcat_y03_191109/00674132.tar.gz
HTAR: a   instcat_y03_191109/00674133.tar.gz
HTAR: a   instcat_y03_191109/00674134.tar.gz
HTAR: a   instcat_y03_191109/00674135.tar.gz
HTAR: a   instcat_y03_191109/00674136.tar.gz
HTAR: a   instcat_y03_191109/00674137.tar.gz
HTAR: a   instcat_y03_191109/00674138.tar.gz
HTAR: a   instcat_y03_191109/00674139.tar.gz
HTAR: a   instcat_y03_191109/00674140.tar.gz
HTAR: a   instcat_y03_191109/00674141.tar.gz
HTAR: a   instcat_y03_191109/00674142.tar.gz
HTAR: a   instcat_y03_191109/00674143.tar.gz
HTAR: a   instcat_y03_191109/00674144.tar.gz
HTAR: a   instcat_y03_191109/00674145.tar.gz
HTAR: a   instcat_y03_191109/00674146.tar.gz
HTAR: a   instcat_y03_191109/00674147.tar.gz
HTAR: a   instcat_y03_191109/00674148.tar.gz
HTAR: a   instcat_y03_191109/job_log_00671716.txt
HTAR: a   instcat_y03_191109/job_log_00671717.txt
HTAR: a   instcat_y03_191109/job_log_00671718.txt
HTAR: a   instcat_y03_191109/job_log_00671719.txt
HTAR: a   instcat_y03_191109/job_log_00671720.txt
HTAR: a   instcat_y03_191109/job_log_00671721.txt
HTAR: a   instcat_y03_191109/job_log_00671722.txt
HTAR: a   instcat_y03_191109/job_log_00671723.txt
HTAR: a   instcat_y03_191109/job_log_00671724.txt
HTAR: a   instcat_y03_191109/job_log_00671725.txt
HTAR: a   instcat_y03_191109/job_log_00671726.txt
HTAR: a   instcat_y03_191109/job_log_00671727.txt
HTAR: a   instcat_y03_191109/job_log_00671728.txt
HTAR: a   instcat_y03_191109/job_log_00671729.txt
HTAR: a   instcat_y03_191109/job_log_00671730.txt
HTAR: a   instcat_y03_191109/job_log_00671731.txt
HTAR: a   instcat_y03_191109/job_log_00671732.txt
HTAR: a   instcat_y03_191109/job_log_00671733.txt
HTAR: a   instcat_y03_191109/job_log_00671734.txt
HTAR: a   instcat_y03_191109/job_log_00671735.txt
HTAR: a   instcat_y03_191109/job_log_00671736.txt
HTAR: a   instcat_y03_191109/job_log_00671737.txt
HTAR: a   instcat_y03_191109/job_log_00671738.txt
HTAR: a   instcat_y03_191109/job_log_00671739.txt
HTAR: a   instcat_y03_191109/job_log_00671740.txt
HTAR: a   instcat_y03_191109/job_log_00671741.txt
HTAR: a   instcat_y03_191109/job_log_00671742.txt
HTAR: a   instcat_y03_191109/job_log_00671743.txt
HTAR: a   instcat_y03_191109/job_log_00671744.txt
HTAR: a   instcat_y03_191109/job_log_00671745.txt
HTAR: a   instcat_y03_191109/job_log_00671746.txt
HTAR: a   instcat_y03_191109/job_log_00671747.txt
HTAR: a   instcat_y03_191109/job_log_00671748.txt
HTAR: a   instcat_y03_191109/job_log_00671749.txt
HTAR: a   instcat_y03_191109/job_log_00671750.txt
HTAR: a   instcat_y03_191109/job_log_00671751.txt
HTAR: a   instcat_y03_191109/job_log_00671752.txt
HTAR: a   instcat_y03_191109/job_log_00671753.txt
HTAR: a   instcat_y03_191109/job_log_00671754.txt
HTAR: a   instcat_y03_191109/job_log_00671755.txt
HTAR: a   instcat_y03_191109/job_log_00671756.txt
HTAR: a   instcat_y03_191109/job_log_00671757.txt
HTAR: a   instcat_y03_191109/job_log_00671758.txt
HTAR: a   instcat_y03_191109/job_log_00671759.txt
HTAR: a   instcat_y03_191109/job_log_00671794.txt
HTAR: a   instcat_y03_191109/job_log_00671795.txt
HTAR: a   instcat_y03_191109/job_log_00671796.txt
HTAR: a   instcat_y03_191109/job_log_00671822.txt
HTAR: a   instcat_y03_191109/job_log_00671823.txt
HTAR: a   instcat_y03_191109/job_log_00671824.txt
HTAR: a   instcat_y03_191109/job_log_00671825.txt
HTAR: a   instcat_y03_191109/job_log_00671836.txt
HTAR: a   instcat_y03_191109/job_log_00671837.txt
HTAR: a   instcat_y03_191109/job_log_00671839.txt
HTAR: a   instcat_y03_191109/job_log_00671840.txt
HTAR: a   instcat_y03_191109/job_log_00671841.txt
HTAR: a   instcat_y03_191109/job_log_00671842.txt
HTAR: a   instcat_y03_191109/job_log_00671843.txt
HTAR: a   instcat_y03_191109/job_log_00671844.txt
HTAR: a   instcat_y03_191109/job_log_00671845.txt
HTAR: a   instcat_y03_191109/job_log_00671849.txt
HTAR: a   instcat_y03_191109/job_log_00671874.txt
HTAR: a   instcat_y03_191109/job_log_00671875.txt
HTAR: a   instcat_y03_191109/job_log_00671876.txt
HTAR: a   instcat_y03_191109/job_log_00671877.txt
HTAR: a   instcat_y03_191109/job_log_00671878.txt
HTAR: a   instcat_y03_191109/job_log_00671879.txt
HTAR: a   instcat_y03_191109/job_log_00671880.txt
HTAR: a   instcat_y03_191109/job_log_00672654.txt
HTAR: a   instcat_y03_191109/job_log_00672686.txt
HTAR: a   instcat_y03_191109/job_log_00672687.txt
HTAR: a   instcat_y03_191109/job_log_00673404.txt
HTAR: a   instcat_y03_191109/job_log_00673405.txt
HTAR: a   instcat_y03_191109/job_log_00674104.txt
HTAR: a   instcat_y03_191109/job_log_00674105.txt
HTAR: a   instcat_y03_191109/job_log_00674106.txt
HTAR: a   instcat_y03_191109/job_log_00674107.txt
HTAR: a   instcat_y03_191109/job_log_00674108.txt
HTAR: a   instcat_y03_191109/job_log_00674109.txt
HTAR: a   instcat_y03_191109/job_log_00674110.txt
HTAR: a   instcat_y03_191109/job_log_00674111.txt
HTAR: a   instcat_y03_191109/job_log_00674112.txt
HTAR: a   instcat_y03_191109/job_log_00674113.txt
HTAR: a   instcat_y03_191109/job_log_00674114.txt
HTAR: a   instcat_y03_191109/job_log_00674115.txt
HTAR: a   instcat_y03_191109/job_log_00674116.txt
HTAR: a   instcat_y03_191109/job_log_00674117.txt
HTAR: a   instcat_y03_191109/job_log_00674118.txt
HTAR: a   instcat_y03_191109/job_log_00674119.txt
HTAR: a   instcat_y03_191109/job_log_00674120.txt
HTAR: a   instcat_y03_191109/job_log_00674121.txt
HTAR: a   instcat_y03_191109/job_log_00674122.txt
HTAR: a   instcat_y03_191109/job_log_00674123.txt
HTAR: a   instcat_y03_191109/job_log_00674124.txt
HTAR: a   instcat_y03_191109/job_log_00674125.txt
HTAR: a   instcat_y03_191109/job_log_00674126.txt
HTAR: a   instcat_y03_191109/job_log_00674127.txt
HTAR: a   instcat_y03_191109/job_log_00674128.txt
HTAR: a   instcat_y03_191109/job_log_00674129.txt
HTAR: a   instcat_y03_191109/job_log_00674130.txt
HTAR: a   instcat_y03_191109/job_log_00674131.txt
HTAR: a   instcat_y03_191109/job_log_00674132.txt
HTAR: a   instcat_y03_191109/job_log_00674133.txt
HTAR: a   instcat_y03_191109/job_log_00674134.txt
HTAR: a   instcat_y03_191109/job_log_00674135.txt
HTAR: a   instcat_y03_191109/job_log_00674136.txt
HTAR: a   instcat_y03_191109/job_log_00674137.txt
HTAR: a   instcat_y03_191109/job_log_00674138.txt
HTAR: a   instcat_y03_191109/job_log_00674139.txt
HTAR: a   instcat_y03_191109/job_log_00674140.txt
HTAR: a   instcat_y03_191109/job_log_00674141.txt
HTAR: a   instcat_y03_191109/job_log_00674142.txt
HTAR: a   instcat_y03_191109/job_log_00674143.txt
HTAR: a   instcat_y03_191109/job_log_00674144.txt
HTAR: a   instcat_y03_191109/job_log_00674145.txt
HTAR: a   instcat_y03_191109/job_log_00674146.txt
HTAR: a   instcat_y03_191109/job_log_00674147.txt
HTAR: a   instcat_y03_191109/job_log_00674148.txt
HTAR: a   /tmp/HTAR_CF_CHK_7972_1575945450
HTAR Create complete for /home/projects/desc/DC2_ImSim/Run2.2i/instCat/y03_191109/00671716to00674148.tar. 555,904,608,256 bytes written for 236 member files, max threads: 50 Transfer time: 4226.146 seconds (131.539 MB/s) wallclock/user/sys: 4227.872 5303.962 1773.079 seconds
HTAR: HTAR SUCCESSFUL
HTAR: a   instcat_y03_191109/00674149.tar.gz
HTAR: a   instcat_y03_191109/00674150.tar.gz
HTAR: a   instcat_y03_191109/00674151.tar.gz
HTAR: a   instcat_y03_191109/00674152.tar.gz
HTAR: a   instcat_y03_191109/00674153.tar.gz
HTAR: a   instcat_y03_191109/00674154.tar.gz
HTAR: a   instcat_y03_191109/00674155.tar.gz
HTAR: a   instcat_y03_191109/00674156.tar.gz
HTAR: a   instcat_y03_191109/00674157.tar.gz
HTAR: a   instcat_y03_191109/00674158.tar.gz
HTAR: a   instcat_y03_191109/00674159.tar.gz
HTAR: a   instcat_y03_191109/00674160.tar.gz
HTAR: a   instcat_y03_191109/00674161.tar.gz
HTAR: a   instcat_y03_191109/00674162.tar.gz
HTAR: a   instcat_y03_191109/00674163.tar.gz
HTAR: a   instcat_y03_191109/00674164.tar.gz
HTAR: a   instcat_y03_191109/00674165.tar.gz
HTAR: a   instcat_y03_191109/00674166.tar.gz
HTAR: a   instcat_y03_191109/00674167.tar.gz
HTAR: a   instcat_y03_191109/00674168.tar.gz
HTAR: a   instcat_y03_191109/00674169.tar.gz
HTAR: a   instcat_y03_191109/00674170.tar.gz
HTAR: a   instcat_y03_191109/00674171.tar.gz
HTAR: a   instcat_y03_191109/00674172.tar.gz
HTAR: a   instcat_y03_191109/00674173.tar.gz
HTAR: a   instcat_y03_191109/00674174.tar.gz
HTAR: a   instcat_y03_191109/00674175.tar.gz
HTAR: a   instcat_y03_191109/00674176.tar.gz
HTAR: a   instcat_y03_191109/00674177.tar.gz
HTAR: a   instcat_y03_191109/00674178.tar.gz
HTAR: a   instcat_y03_191109/00674179.tar.gz
HTAR: a   instcat_y03_191109/00674180.tar.gz
HTAR: a   instcat_y03_191109/00674181.tar.gz
HTAR: a   instcat_y03_191109/00674182.tar.gz
HTAR: a   instcat_y03_191109/00674183.tar.gz
HTAR: a   instcat_y03_191109/00674184.tar.gz
HTAR: a   instcat_y03_191109/00674185.tar.gz
HTAR: a   instcat_y03_191109/00674186.tar.gz
HTAR: a   instcat_y03_191109/00674187.tar.gz
HTAR: a   instcat_y03_191109/00674188.tar.gz
HTAR: a   instcat_y03_191109/00674189.tar.gz
HTAR: a   instcat_y03_191109/00674190.tar.gz
HTAR: a   instcat_y03_191109/00674191.tar.gz
HTAR: a   instcat_y03_191109/00674192.tar.gz
HTAR: a   instcat_y03_191109/00674193.tar.gz
HTAR: a   instcat_y03_191109/00674194.tar.gz
HTAR: a   instcat_y03_191109/00674195.tar.gz
HTAR: a   instcat_y03_191109/00674196.tar.gz
HTAR: a   instcat_y03_191109/00674197.tar.gz
HTAR: a   instcat_y03_191109/00674198.tar.gz
HTAR: a   instcat_y03_191109/00674199.tar.gz
HTAR: a   instcat_y03_191109/00674957.tar.gz
HTAR: a   instcat_y03_191109/00675069.tar.gz
HTAR: a   instcat_y03_191109/00675070.tar.gz
HTAR: a   instcat_y03_191109/00675071.tar.gz
HTAR: a   instcat_y03_191109/00675072.tar.gz
HTAR: a   instcat_y03_191109/00675073.tar.gz
HTAR: a   instcat_y03_191109/00675074.tar.gz
HTAR: a   instcat_y03_191109/00675075.tar.gz
HTAR: a   instcat_y03_191109/00675076.tar.gz
HTAR: a   instcat_y03_191109/00675077.tar.gz
HTAR: a   instcat_y03_191109/00675078.tar.gz
HTAR: a   instcat_y03_191109/00675079.tar.gz
HTAR: a   instcat_y03_191109/00675080.tar.gz
HTAR: a   instcat_y03_191109/00675081.tar.gz
HTAR: a   instcat_y03_191109/00675082.tar.gz
HTAR: a   instcat_y03_191109/00675083.tar.gz
HTAR: a   instcat_y03_191109/00675084.tar.gz
HTAR: a   instcat_y03_191109/00675085.tar.gz
HTAR: a   instcat_y03_191109/00675086.tar.gz
HTAR: a   instcat_y03_191109/00675087.tar.gz
HTAR: a   instcat_y03_191109/00675088.tar.gz
HTAR: a   instcat_y03_191109/00675089.tar.gz
HTAR: a   instcat_y03_191109/00675090.tar.gz
HTAR: a   instcat_y03_191109/00675091.tar.gz
HTAR: a   instcat_y03_191109/00675092.tar.gz
HTAR: a   instcat_y03_191109/00675093.tar.gz
HTAR: a   instcat_y03_191109/00675096.tar.gz
HTAR: a   instcat_y03_191109/00675097.tar.gz
HTAR: a   instcat_y03_191109/00675098.tar.gz
HTAR: a   instcat_y03_191109/00675099.tar.gz
HTAR: a   instcat_y03_191109/00675100.tar.gz
HTAR: a   instcat_y03_191109/00675101.tar.gz
HTAR: a   instcat_y03_191109/00675102.tar.gz
HTAR: a   instcat_y03_191109/00675103.tar.gz
HTAR: a   instcat_y03_191109/00675104.tar.gz
HTAR: a   instcat_y03_191109/00675105.tar.gz
HTAR: a   instcat_y03_191109/00675106.tar.gz
HTAR: a   instcat_y03_191109/00675107.tar.gz
HTAR: a   instcat_y03_191109/00675108.tar.gz
HTAR: a   instcat_y03_191109/00675109.tar.gz
HTAR: a   instcat_y03_191109/00675110.tar.gz
HTAR: a   instcat_y03_191109/00675145.tar.gz
HTAR: a   instcat_y03_191109/00675147.tar.gz
HTAR: a   instcat_y03_191109/00675148.tar.gz
HTAR: a   instcat_y03_191109/00675152.tar.gz
HTAR: a   instcat_y03_191109/00675154.tar.gz
HTAR: a   instcat_y03_191109/00675156.tar.gz
HTAR: a   instcat_y03_191109/00675160.tar.gz
HTAR: a   instcat_y03_191109/00675161.tar.gz
HTAR: a   instcat_y03_191109/00675162.tar.gz
HTAR: a   instcat_y03_191109/00675163.tar.gz
HTAR: a   instcat_y03_191109/00675164.tar.gz
HTAR: a   instcat_y03_191109/00675165.tar.gz
HTAR: a   instcat_y03_191109/00675166.tar.gz
HTAR: a   instcat_y03_191109/00675167.tar.gz
HTAR: a   instcat_y03_191109/00675168.tar.gz
HTAR: a   instcat_y03_191109/00675169.tar.gz
HTAR: a   instcat_y03_191109/00675171.tar.gz
HTAR: a   instcat_y03_191109/00675212.tar.gz
HTAR: a   instcat_y03_191109/00675213.tar.gz
HTAR: a   instcat_y03_191109/00675230.tar.gz
HTAR: a   instcat_y03_191109/00675910.tar.gz
HTAR: a   instcat_y03_191109/00675911.tar.gz
HTAR: a   instcat_y03_191109/00675912.tar.gz
HTAR: a   instcat_y03_191109/00675913.tar.gz
HTAR: a   instcat_y03_191109/00675914.tar.gz
HTAR: a   instcat_y03_191109/00675915.tar.gz
HTAR: a   instcat_y03_191109/job_log_00674149.txt
HTAR: a   instcat_y03_191109/job_log_00674150.txt
HTAR: a   instcat_y03_191109/job_log_00674151.txt
HTAR: a   instcat_y03_191109/job_log_00674152.txt
HTAR: a   instcat_y03_191109/job_log_00674153.txt
HTAR: a   instcat_y03_191109/job_log_00674154.txt
HTAR: a   instcat_y03_191109/job_log_00674155.txt
HTAR: a   instcat_y03_191109/job_log_00674156.txt
HTAR: a   instcat_y03_191109/job_log_00674157.txt
HTAR: a   instcat_y03_191109/job_log_00674158.txt
HTAR: a   instcat_y03_191109/job_log_00674159.txt
HTAR: a   instcat_y03_191109/job_log_00674160.txt
HTAR: a   instcat_y03_191109/job_log_00674161.txt
HTAR: a   instcat_y03_191109/job_log_00674162.txt
HTAR: a   instcat_y03_191109/job_log_00674163.txt
HTAR: a   instcat_y03_191109/job_log_00674164.txt
HTAR: a   instcat_y03_191109/job_log_00674165.txt
HTAR: a   instcat_y03_191109/job_log_00674166.txt
HTAR: a   instcat_y03_191109/job_log_00674167.txt
HTAR: a   instcat_y03_191109/job_log_00674168.txt
HTAR: a   instcat_y03_191109/job_log_00674169.txt
HTAR: a   instcat_y03_191109/job_log_00674170.txt
HTAR: a   instcat_y03_191109/job_log_00674171.txt
HTAR: a   instcat_y03_191109/job_log_00674172.txt
HTAR: a   instcat_y03_191109/job_log_00674173.txt
HTAR: a   instcat_y03_191109/job_log_00674174.txt
HTAR: a   instcat_y03_191109/job_log_00674175.txt
HTAR: a   instcat_y03_191109/job_log_00674176.txt
HTAR: a   instcat_y03_191109/job_log_00674177.txt
HTAR: a   instcat_y03_191109/job_log_00674178.txt
HTAR: a   instcat_y03_191109/job_log_00674179.txt
HTAR: a   instcat_y03_191109/job_log_00674180.txt
HTAR: a   instcat_y03_191109/job_log_00674181.txt
HTAR: a   instcat_y03_191109/job_log_00674182.txt
HTAR: a   instcat_y03_191109/job_log_00674183.txt
HTAR: a   instcat_y03_191109/job_log_00674184.txt
HTAR: a   instcat_y03_191109/job_log_00674185.txt
HTAR: a   instcat_y03_191109/job_log_00674186.txt
HTAR: a   instcat_y03_191109/job_log_00674187.txt
HTAR: a   instcat_y03_191109/job_log_00674188.txt
HTAR: a   instcat_y03_191109/job_log_00674189.txt
HTAR: a   instcat_y03_191109/job_log_00674190.txt
HTAR: a   instcat_y03_191109/job_log_00674191.txt
HTAR: a   instcat_y03_191109/job_log_00674192.txt
HTAR: a   instcat_y03_191109/job_log_00674193.txt
HTAR: a   instcat_y03_191109/job_log_00674194.txt
HTAR: a   instcat_y03_191109/job_log_00674195.txt
HTAR: a   instcat_y03_191109/job_log_00674196.txt
HTAR: a   instcat_y03_191109/job_log_00674197.txt
HTAR: a   instcat_y03_191109/job_log_00674198.txt
HTAR: a   instcat_y03_191109/job_log_00674199.txt
HTAR: a   instcat_y03_191109/job_log_00674957.txt
HTAR: a   instcat_y03_191109/job_log_00675069.txt
HTAR: a   instcat_y03_191109/job_log_00675070.txt
HTAR: a   instcat_y03_191109/job_log_00675071.txt
HTAR: a   instcat_y03_191109/job_log_00675072.txt
HTAR: a   instcat_y03_191109/job_log_00675073.txt
HTAR: a   instcat_y03_191109/job_log_00675074.txt
HTAR: a   instcat_y03_191109/job_log_00675075.txt
HTAR: a   instcat_y03_191109/job_log_00675076.txt
HTAR: a   instcat_y03_191109/job_log_00675077.txt
HTAR: a   instcat_y03_191109/job_log_00675078.txt
HTAR: a   instcat_y03_191109/job_log_00675079.txt
HTAR: a   instcat_y03_191109/job_log_00675080.txt
HTAR: a   instcat_y03_191109/job_log_00675081.txt
HTAR: a   instcat_y03_191109/job_log_00675082.txt
HTAR: a   instcat_y03_191109/job_log_00675083.txt
HTAR: a   instcat_y03_191109/job_log_00675084.txt
HTAR: a   instcat_y03_191109/job_log_00675085.txt
HTAR: a   instcat_y03_191109/job_log_00675086.txt
HTAR: a   instcat_y03_191109/job_log_00675087.txt
HTAR: a   instcat_y03_191109/job_log_00675088.txt
HTAR: a   instcat_y03_191109/job_log_00675089.txt
HTAR: a   instcat_y03_191109/job_log_00675090.txt
HTAR: a   instcat_y03_191109/job_log_00675091.txt
HTAR: a   instcat_y03_191109/job_log_00675092.txt
HTAR: a   instcat_y03_191109/job_log_00675093.txt
HTAR: a   instcat_y03_191109/job_log_00675096.txt
HTAR: a   instcat_y03_191109/job_log_00675097.txt
HTAR: a   instcat_y03_191109/job_log_00675098.txt
HTAR: a   instcat_y03_191109/job_log_00675099.txt
HTAR: a   instcat_y03_191109/job_log_00675100.txt
HTAR: a   instcat_y03_191109/job_log_00675101.txt
HTAR: a   instcat_y03_191109/job_log_00675102.txt
HTAR: a   instcat_y03_191109/job_log_00675103.txt
HTAR: a   instcat_y03_191109/job_log_00675104.txt
HTAR: a   instcat_y03_191109/job_log_00675105.txt
HTAR: a   instcat_y03_191109/job_log_00675106.txt
HTAR: a   instcat_y03_191109/job_log_00675107.txt
HTAR: a   instcat_y03_191109/job_log_00675108.txt
HTAR: a   instcat_y03_191109/job_log_00675109.txt
HTAR: a   instcat_y03_191109/job_log_00675110.txt
HTAR: a   instcat_y03_191109/job_log_00675145.txt
HTAR: a   instcat_y03_191109/job_log_00675147.txt
HTAR: a   instcat_y03_191109/job_log_00675148.txt
HTAR: a   instcat_y03_191109/job_log_00675152.txt
HTAR: a   instcat_y03_191109/job_log_00675154.txt
HTAR: a   instcat_y03_191109/job_log_00675156.txt
HTAR: a   instcat_y03_191109/job_log_00675160.txt
HTAR: a   instcat_y03_191109/job_log_00675161.txt
HTAR: a   instcat_y03_191109/job_log_00675162.txt
HTAR: a   instcat_y03_191109/job_log_00675163.txt
HTAR: a   instcat_y03_191109/job_log_00675164.txt
HTAR: a   instcat_y03_191109/job_log_00675165.txt
HTAR: a   instcat_y03_191109/job_log_00675166.txt
HTAR: a   instcat_y03_191109/job_log_00675167.txt
HTAR: a   instcat_y03_191109/job_log_00675168.txt
HTAR: a   instcat_y03_191109/job_log_00675169.txt
HTAR: a   instcat_y03_191109/job_log_00675171.txt
HTAR: a   instcat_y03_191109/job_log_00675212.txt
HTAR: a   instcat_y03_191109/job_log_00675213.txt
HTAR: a   instcat_y03_191109/job_log_00675230.txt
HTAR: a   instcat_y03_191109/job_log_00675910.txt
HTAR: a   instcat_y03_191109/job_log_00675911.txt
HTAR: a   instcat_y03_191109/job_log_00675912.txt
HTAR: a   instcat_y03_191109/job_log_00675913.txt
HTAR: a   instcat_y03_191109/job_log_00675914.txt
HTAR: a   instcat_y03_191109/job_log_00675915.txt
HTAR: a   /tmp/HTAR_CF_CHK_19257_1575949681
HTAR Create complete for /home/projects/desc/DC2_ImSim/Run2.2i/instCat/y03_191109/00674149to00675915.tar. 539,079,142,400 bytes written for 236 member files, max threads: 50 Transfer time: 4371.897 seconds (123.306 MB/s) wallclock/user/sys: 4373.557 5300.883 2040.785 seconds
HTAR: HTAR SUCCESSFUL
HTAR: a   instcat_y03_191109/00675916.tar.gz
HTAR: a   instcat_y03_191109/00675917.tar.gz
HTAR: a   instcat_y03_191109/00675918.tar.gz
HTAR: a   instcat_y03_191109/00675919.tar.gz
HTAR: a   instcat_y03_191109/00675920.tar.gz
HTAR: a   instcat_y03_191109/00675921.tar.gz
HTAR: a   instcat_y03_191109/00675922.tar.gz
HTAR: a   instcat_y03_191109/00675923.tar.gz
HTAR: a   instcat_y03_191109/00675924.tar.gz
HTAR: a   instcat_y03_191109/00675925.tar.gz
HTAR: a   instcat_y03_191109/00675926.tar.gz
HTAR: a   instcat_y03_191109/00675927.tar.gz
HTAR: a   instcat_y03_191109/00675928.tar.gz
HTAR: a   instcat_y03_191109/00675929.tar.gz
HTAR: a   instcat_y03_191109/00676037.tar.gz
HTAR: a   instcat_y03_191109/00676045.tar.gz
HTAR: a   instcat_y03_191109/00676074.tar.gz
HTAR: a   instcat_y03_191109/00676075.tar.gz
HTAR: a   instcat_y03_191109/00676076.tar.gz
HTAR: a   instcat_y03_191109/00676077.tar.gz
HTAR: a   instcat_y03_191109/00676078.tar.gz
HTAR: a   instcat_y03_191109/00676088.tar.gz
HTAR: a   instcat_y03_191109/00676089.tar.gz
HTAR: a   instcat_y03_191109/00676113.tar.gz
HTAR: a   instcat_y03_191109/00676114.tar.gz
HTAR: a   instcat_y03_191109/00676115.tar.gz
HTAR: a   instcat_y03_191109/00676116.tar.gz
HTAR: a   instcat_y03_191109/00676118.tar.gz
HTAR: a   instcat_y03_191109/00676119.tar.gz
HTAR: a   instcat_y03_191109/00676133.tar.gz
HTAR: a   instcat_y03_191109/00676134.tar.gz
HTAR: a   instcat_y03_191109/00676135.tar.gz
HTAR: a   instcat_y03_191109/00676136.tar.gz
HTAR: a   instcat_y03_191109/00676137.tar.gz
HTAR: a   instcat_y03_191109/00676138.tar.gz
HTAR: a   instcat_y03_191109/00676155.tar.gz
HTAR: a   instcat_y03_191109/00676156.tar.gz
HTAR: a   instcat_y03_191109/00676157.tar.gz
HTAR: a   instcat_y03_191109/00676158.tar.gz
HTAR: a   instcat_y03_191109/00676159.tar.gz
HTAR: a   instcat_y03_191109/00676160.tar.gz
HTAR: a   instcat_y03_191109/00676161.tar.gz
HTAR: a   instcat_y03_191109/00676162.tar.gz
HTAR: a   instcat_y03_191109/00676163.tar.gz
HTAR: a   instcat_y03_191109/00676164.tar.gz
HTAR: a   instcat_y03_191109/00676165.tar.gz
HTAR: a   instcat_y03_191109/00676166.tar.gz
HTAR: a   instcat_y03_191109/00676167.tar.gz
HTAR: a   instcat_y03_191109/00676168.tar.gz
HTAR: a   instcat_y03_191109/00676181.tar.gz
HTAR: a   instcat_y03_191109/00676182.tar.gz
HTAR: a   instcat_y03_191109/00676183.tar.gz
HTAR: a   instcat_y03_191109/00676184.tar.gz
HTAR: a   instcat_y03_191109/00676185.tar.gz
HTAR: a   instcat_y03_191109/00676186.tar.gz
HTAR: a   instcat_y03_191109/00676187.tar.gz
HTAR: a   instcat_y03_191109/00676208.tar.gz
HTAR: a   instcat_y03_191109/00676209.tar.gz
HTAR: a   instcat_y03_191109/00676210.tar.gz
HTAR: a   instcat_y03_191109/00676215.tar.gz
HTAR: a   instcat_y03_191109/00676216.tar.gz
HTAR: a   instcat_y03_191109/00676221.tar.gz
HTAR: a   instcat_y03_191109/00676698.tar.gz
HTAR: a   instcat_y03_191109/00676739.tar.gz
HTAR: a   instcat_y03_191109/00676740.tar.gz
HTAR: a   instcat_y03_191109/00676741.tar.gz
HTAR: a   instcat_y03_191109/00676742.tar.gz
HTAR: a   instcat_y03_191109/00676743.tar.gz
HTAR: a   instcat_y03_191109/00676744.tar.gz
HTAR: a   instcat_y03_191109/00676745.tar.gz
HTAR: a   instcat_y03_191109/00676746.tar.gz
HTAR: a   instcat_y03_191109/00676747.tar.gz
HTAR: a   instcat_y03_191109/00676748.tar.gz
HTAR: a   instcat_y03_191109/00676749.tar.gz
HTAR: a   instcat_y03_191109/00676750.tar.gz
HTAR: a   instcat_y03_191109/00676751.tar.gz
HTAR: a   instcat_y03_191109/00676752.tar.gz
HTAR: a   instcat_y03_191109/00676753.tar.gz
HTAR: a   instcat_y03_191109/00676754.tar.gz
HTAR: a   instcat_y03_191109/00676755.tar.gz
HTAR: a   instcat_y03_191109/00676756.tar.gz
HTAR: a   instcat_y03_191109/00676757.tar.gz
HTAR: a   instcat_y03_191109/00676758.tar.gz
HTAR: a   instcat_y03_191109/00676780.tar.gz
HTAR: a   instcat_y03_191109/00676781.tar.gz
HTAR: a   instcat_y03_191109/00676782.tar.gz
HTAR: a   instcat_y03_191109/00676783.tar.gz
HTAR: a   instcat_y03_191109/00676784.tar.gz
HTAR: a   instcat_y03_191109/00676785.tar.gz
HTAR: a   instcat_y03_191109/00676786.tar.gz
HTAR: a   instcat_y03_191109/00676787.tar.gz
HTAR: a   instcat_y03_191109/00676788.tar.gz
HTAR: a   instcat_y03_191109/00676789.tar.gz
HTAR: a   instcat_y03_191109/00676790.tar.gz
HTAR: a   instcat_y03_191109/00676791.tar.gz
HTAR: a   instcat_y03_191109/00676792.tar.gz
HTAR: a   instcat_y03_191109/00676794.tar.gz
HTAR: a   instcat_y03_191109/00676795.tar.gz
HTAR: a   instcat_y03_191109/00676796.tar.gz
HTAR: a   instcat_y03_191109/00676797.tar.gz
HTAR: a   instcat_y03_191109/00676798.tar.gz
HTAR: a   instcat_y03_191109/00676804.tar.gz
HTAR: a   instcat_y03_191109/00676805.tar.gz
HTAR: a   instcat_y03_191109/00676806.tar.gz
HTAR: a   instcat_y03_191109/00676807.tar.gz
HTAR: a   instcat_y03_191109/00676808.tar.gz
HTAR: a   instcat_y03_191109/00676820.tar.gz
HTAR: a   instcat_y03_191109/00676821.tar.gz
HTAR: a   instcat_y03_191109/00676822.tar.gz
HTAR: a   instcat_y03_191109/00676823.tar.gz
HTAR: a   instcat_y03_191109/00676824.tar.gz
HTAR: a   instcat_y03_191109/00676825.tar.gz
HTAR: a   instcat_y03_191109/00676826.tar.gz
HTAR: a   instcat_y03_191109/00676827.tar.gz
HTAR: a   instcat_y03_191109/00676828.tar.gz
HTAR: a   instcat_y03_191109/00676829.tar.gz
HTAR: a   instcat_y03_191109/00676830.tar.gz
HTAR: a   instcat_y03_191109/00676831.tar.gz
HTAR: a   instcat_y03_191109/job_log_00675916.txt
HTAR: a   instcat_y03_191109/job_log_00675917.txt
HTAR: a   instcat_y03_191109/job_log_00675918.txt
HTAR: a   instcat_y03_191109/job_log_00675919.txt
HTAR: a   instcat_y03_191109/job_log_00675920.txt
HTAR: a   instcat_y03_191109/job_log_00675921.txt
HTAR: a   instcat_y03_191109/job_log_00675922.txt
HTAR: a   instcat_y03_191109/job_log_00675923.txt
HTAR: a   instcat_y03_191109/job_log_00675924.txt
HTAR: a   instcat_y03_191109/job_log_00675925.txt
HTAR: a   instcat_y03_191109/job_log_00675926.txt
HTAR: a   instcat_y03_191109/job_log_00675927.txt
HTAR: a   instcat_y03_191109/job_log_00675928.txt
HTAR: a   instcat_y03_191109/job_log_00675929.txt
HTAR: a   instcat_y03_191109/job_log_00676037.txt
HTAR: a   instcat_y03_191109/job_log_00676045.txt
HTAR: a   instcat_y03_191109/job_log_00676074.txt
HTAR: a   instcat_y03_191109/job_log_00676075.txt
HTAR: a   instcat_y03_191109/job_log_00676076.txt
HTAR: a   instcat_y03_191109/job_log_00676077.txt
HTAR: a   instcat_y03_191109/job_log_00676078.txt
HTAR: a   instcat_y03_191109/job_log_00676088.txt
HTAR: a   instcat_y03_191109/job_log_00676089.txt
HTAR: a   instcat_y03_191109/job_log_00676113.txt
HTAR: a   instcat_y03_191109/job_log_00676114.txt
HTAR: a   instcat_y03_191109/job_log_00676115.txt
HTAR: a   instcat_y03_191109/job_log_00676116.txt
HTAR: a   instcat_y03_191109/job_log_00676118.txt
HTAR: a   instcat_y03_191109/job_log_00676119.txt
HTAR: a   instcat_y03_191109/job_log_00676133.txt
HTAR: a   instcat_y03_191109/job_log_00676134.txt
HTAR: a   instcat_y03_191109/job_log_00676135.txt
HTAR: a   instcat_y03_191109/job_log_00676136.txt
HTAR: a   instcat_y03_191109/job_log_00676137.txt
HTAR: a   instcat_y03_191109/job_log_00676138.txt
HTAR: a   instcat_y03_191109/job_log_00676155.txt
HTAR: a   instcat_y03_191109/job_log_00676156.txt
HTAR: a   instcat_y03_191109/job_log_00676157.txt
HTAR: a   instcat_y03_191109/job_log_00676158.txt
HTAR: a   instcat_y03_191109/job_log_00676159.txt
HTAR: a   instcat_y03_191109/job_log_00676160.txt
HTAR: a   instcat_y03_191109/job_log_00676161.txt
HTAR: a   instcat_y03_191109/job_log_00676162.txt
HTAR: a   instcat_y03_191109/job_log_00676163.txt
HTAR: a   instcat_y03_191109/job_log_00676164.txt
HTAR: a   instcat_y03_191109/job_log_00676165.txt
HTAR: a   instcat_y03_191109/job_log_00676166.txt
HTAR: a   instcat_y03_191109/job_log_00676167.txt
HTAR: a   instcat_y03_191109/job_log_00676168.txt
HTAR: a   instcat_y03_191109/job_log_00676181.txt
HTAR: a   instcat_y03_191109/job_log_00676182.txt
HTAR: a   instcat_y03_191109/job_log_00676183.txt
HTAR: a   instcat_y03_191109/job_log_00676184.txt
HTAR: a   instcat_y03_191109/job_log_00676185.txt
HTAR: a   instcat_y03_191109/job_log_00676186.txt
HTAR: a   instcat_y03_191109/job_log_00676187.txt
HTAR: a   instcat_y03_191109/job_log_00676208.txt
HTAR: a   instcat_y03_191109/job_log_00676209.txt
HTAR: a   instcat_y03_191109/job_log_00676210.txt
HTAR: a   instcat_y03_191109/job_log_00676215.txt
HTAR: a   instcat_y03_191109/job_log_00676216.txt
HTAR: a   instcat_y03_191109/job_log_00676221.txt
HTAR: a   instcat_y03_191109/job_log_00676698.txt
HTAR: a   instcat_y03_191109/job_log_00676739.txt
HTAR: a   instcat_y03_191109/job_log_00676740.txt
HTAR: a   instcat_y03_191109/job_log_00676741.txt
HTAR: a   instcat_y03_191109/job_log_00676742.txt
HTAR: a   instcat_y03_191109/job_log_00676743.txt
HTAR: a   instcat_y03_191109/job_log_00676744.txt
HTAR: a   instcat_y03_191109/job_log_00676745.txt
HTAR: a   instcat_y03_191109/job_log_00676746.txt
HTAR: a   instcat_y03_191109/job_log_00676747.txt
HTAR: a   instcat_y03_191109/job_log_00676748.txt
HTAR: a   instcat_y03_191109/job_log_00676749.txt
HTAR: a   instcat_y03_191109/job_log_00676750.txt
HTAR: a   instcat_y03_191109/job_log_00676751.txt
HTAR: a   instcat_y03_191109/job_log_00676752.txt
HTAR: a   instcat_y03_191109/job_log_00676753.txt
HTAR: a   instcat_y03_191109/job_log_00676754.txt
HTAR: a   instcat_y03_191109/job_log_00676755.txt
HTAR: a   instcat_y03_191109/job_log_00676756.txt
HTAR: a   instcat_y03_191109/job_log_00676757.txt
HTAR: a   instcat_y03_191109/job_log_00676758.txt
HTAR: a   instcat_y03_191109/job_log_00676780.txt
HTAR: a   instcat_y03_191109/job_log_00676781.txt
HTAR: a   instcat_y03_191109/job_log_00676782.txt
HTAR: a   instcat_y03_191109/job_log_00676783.txt
HTAR: a   instcat_y03_191109/job_log_00676784.txt
HTAR: a   instcat_y03_191109/job_log_00676785.txt
HTAR: a   instcat_y03_191109/job_log_00676786.txt
HTAR: a   instcat_y03_191109/job_log_00676787.txt
HTAR: a   instcat_y03_191109/job_log_00676788.txt
HTAR: a   instcat_y03_191109/job_log_00676789.txt
HTAR: a   instcat_y03_191109/job_log_00676790.txt
HTAR: a   instcat_y03_191109/job_log_00676791.txt
HTAR: a   instcat_y03_191109/job_log_00676792.txt
HTAR: a   instcat_y03_191109/job_log_00676794.txt
HTAR: a   instcat_y03_191109/job_log_00676795.txt
HTAR: a   instcat_y03_191109/job_log_00676796.txt
HTAR: a   instcat_y03_191109/job_log_00676797.txt
HTAR: a   instcat_y03_191109/job_log_00676798.txt
HTAR: a   instcat_y03_191109/job_log_00676804.txt
HTAR: a   instcat_y03_191109/job_log_00676805.txt
HTAR: a   instcat_y03_191109/job_log_00676806.txt
HTAR: a   instcat_y03_191109/job_log_00676807.txt
HTAR: a   instcat_y03_191109/job_log_00676808.txt
HTAR: a   instcat_y03_191109/job_log_00676820.txt
HTAR: a   instcat_y03_191109/job_log_00676821.txt
HTAR: a   instcat_y03_191109/job_log_00676822.txt
HTAR: a   instcat_y03_191109/job_log_00676823.txt
HTAR: a   instcat_y03_191109/job_log_00676824.txt
HTAR: a   instcat_y03_191109/job_log_00676825.txt
HTAR: a   instcat_y03_191109/job_log_00676826.txt
HTAR: a   instcat_y03_191109/job_log_00676827.txt
HTAR: a   instcat_y03_191109/job_log_00676828.txt
HTAR: a   instcat_y03_191109/job_log_00676829.txt
HTAR: a   instcat_y03_191109/job_log_00676830.txt
HTAR: a   instcat_y03_191109/job_log_00676831.txt
HTAR: a   /tmp/HTAR_CF_CHK_54305_1575954058
HTAR Create complete for /home/projects/desc/DC2_ImSim/Run2.2i/instCat/y03_191109/00675916to00676831.tar. 538,124,156,928 bytes written for 236 member files, max threads: 50 Transfer time: 3880.762 seconds (138.665 MB/s) wallclock/user/sys: 3883.009 4879.883 1622.732 seconds
HTAR: HTAR SUCCESSFUL
HTAR: a   instcat_y03_191109/00676832.tar.gz
HTAR: a   instcat_y03_191109/00676833.tar.gz
HTAR: a   instcat_y03_191109/00676834.tar.gz
HTAR: a   instcat_y03_191109/00676835.tar.gz
HTAR: a   instcat_y03_191109/00676837.tar.gz
HTAR: a   instcat_y03_191109/00676838.tar.gz
HTAR: a   instcat_y03_191109/00676839.tar.gz
HTAR: a   instcat_y03_191109/00676841.tar.gz
HTAR: a   instcat_y03_191109/00676842.tar.gz
HTAR: a   instcat_y03_191109/00676848.tar.gz
HTAR: a   instcat_y03_191109/00676849.tar.gz
HTAR: a   instcat_y03_191109/00676850.tar.gz
HTAR: a   instcat_y03_191109/00676851.tar.gz
HTAR: a   instcat_y03_191109/00676852.tar.gz
HTAR: a   instcat_y03_191109/00676892.tar.gz
HTAR: a   instcat_y03_191109/00676893.tar.gz
HTAR: a   instcat_y03_191109/00676894.tar.gz
HTAR: a   instcat_y03_191109/00676908.tar.gz
HTAR: a   instcat_y03_191109/00676932.tar.gz
HTAR: a   instcat_y03_191109/00677595.tar.gz
HTAR: a   instcat_y03_191109/00677596.tar.gz
HTAR: a   instcat_y03_191109/00677597.tar.gz
HTAR: a   instcat_y03_191109/00677598.tar.gz
HTAR: a   instcat_y03_191109/00677599.tar.gz
HTAR: a   instcat_y03_191109/00677600.tar.gz
HTAR: a   instcat_y03_191109/00677601.tar.gz
HTAR: a   instcat_y03_191109/00677602.tar.gz
HTAR: a   instcat_y03_191109/00677603.tar.gz
HTAR: a   instcat_y03_191109/00677604.tar.gz
HTAR: a   instcat_y03_191109/00677605.tar.gz
HTAR: a   instcat_y03_191109/00677606.tar.gz
HTAR: a   instcat_y03_191109/00677607.tar.gz
HTAR: a   instcat_y03_191109/00677608.tar.gz
HTAR: a   instcat_y03_191109/00677609.tar.gz
HTAR: a   instcat_y03_191109/00677610.tar.gz
HTAR: a   instcat_y03_191109/00677611.tar.gz
HTAR: a   instcat_y03_191109/00677612.tar.gz
HTAR: a   instcat_y03_191109/00677613.tar.gz
HTAR: a   instcat_y03_191109/00677614.tar.gz
HTAR: a   instcat_y03_191109/00677615.tar.gz
HTAR: a   instcat_y03_191109/00677628.tar.gz
HTAR: a   instcat_y03_191109/00677630.tar.gz
HTAR: a   instcat_y03_191109/00677632.tar.gz
HTAR: a   instcat_y03_191109/00677633.tar.gz
HTAR: a   instcat_y03_191109/00677634.tar.gz
HTAR: a   instcat_y03_191109/00677635.tar.gz
HTAR: a   instcat_y03_191109/00677636.tar.gz
HTAR: a   instcat_y03_191109/00677637.tar.gz
HTAR: a   instcat_y03_191109/00677645.tar.gz
HTAR: a   instcat_y03_191109/00677646.tar.gz
HTAR: a   instcat_y03_191109/00677647.tar.gz
HTAR: a   instcat_y03_191109/00677648.tar.gz
HTAR: a   instcat_y03_191109/00677649.tar.gz
HTAR: a   instcat_y03_191109/00677650.tar.gz
HTAR: a   instcat_y03_191109/00677651.tar.gz
HTAR: a   instcat_y03_191109/00677652.tar.gz
HTAR: a   instcat_y03_191109/00677653.tar.gz
HTAR: a   instcat_y03_191109/00677654.tar.gz
HTAR: a   instcat_y03_191109/00677655.tar.gz
HTAR: a   instcat_y03_191109/00677656.tar.gz
HTAR: a   instcat_y03_191109/00677657.tar.gz
HTAR: a   instcat_y03_191109/00677658.tar.gz
HTAR: a   instcat_y03_191109/00677659.tar.gz
HTAR: a   instcat_y03_191109/00677660.tar.gz
HTAR: a   instcat_y03_191109/00677661.tar.gz
HTAR: a   instcat_y03_191109/00677662.tar.gz
HTAR: a   instcat_y03_191109/00677682.tar.gz
HTAR: a   instcat_y03_191109/00677697.tar.gz
HTAR: a   instcat_y03_191109/00677698.tar.gz
HTAR: a   instcat_y03_191109/00677699.tar.gz
HTAR: a   instcat_y03_191109/00677700.tar.gz
HTAR: a   instcat_y03_191109/00677701.tar.gz
HTAR: a   instcat_y03_191109/00677702.tar.gz
HTAR: a   instcat_y03_191109/00677703.tar.gz
HTAR: a   instcat_y03_191109/00677704.tar.gz
HTAR: a   instcat_y03_191109/00677705.tar.gz
HTAR: a   instcat_y03_191109/00677706.tar.gz
HTAR: a   instcat_y03_191109/00677707.tar.gz
HTAR: a   instcat_y03_191109/00677708.tar.gz
HTAR: a   instcat_y03_191109/00677750.tar.gz
HTAR: a   instcat_y03_191109/00677763.tar.gz
HTAR: a   instcat_y03_191109/00677764.tar.gz
HTAR: a   instcat_y03_191109/00677765.tar.gz
HTAR: a   instcat_y03_191109/00677766.tar.gz
HTAR: a   instcat_y03_191109/00677767.tar.gz
HTAR: a   instcat_y03_191109/00677768.tar.gz
HTAR: a   instcat_y03_191109/00678413.tar.gz
HTAR: a   instcat_y03_191109/00678467.tar.gz
HTAR: a   instcat_y03_191109/00678468.tar.gz
HTAR: a   instcat_y03_191109/00678469.tar.gz
HTAR: a   instcat_y03_191109/00678470.tar.gz
HTAR: a   instcat_y03_191109/00678471.tar.gz
HTAR: a   instcat_y03_191109/00678472.tar.gz
HTAR: a   instcat_y03_191109/00678473.tar.gz
HTAR: a   instcat_y03_191109/00678474.tar.gz
HTAR: a   instcat_y03_191109/00678475.tar.gz
HTAR: a   instcat_y03_191109/00678476.tar.gz
HTAR: a   instcat_y03_191109/00678477.tar.gz
HTAR: a   instcat_y03_191109/00678478.tar.gz
HTAR: a   instcat_y03_191109/00678479.tar.gz
HTAR: a   instcat_y03_191109/00678480.tar.gz
HTAR: a   instcat_y03_191109/00678481.tar.gz
HTAR: a   instcat_y03_191109/00678482.tar.gz
HTAR: a   instcat_y03_191109/00678483.tar.gz
HTAR: a   instcat_y03_191109/00678484.tar.gz
HTAR: a   instcat_y03_191109/00678485.tar.gz
HTAR: a   instcat_y03_191109/00678486.tar.gz
HTAR: a   instcat_y03_191109/00678491.tar.gz
HTAR: a   instcat_y03_191109/00678492.tar.gz
HTAR: a   instcat_y03_191109/00678493.tar.gz
HTAR: a   instcat_y03_191109/00678494.tar.gz
HTAR: a   instcat_y03_191109/00678495.tar.gz
HTAR: a   instcat_y03_191109/00678496.tar.gz
HTAR: a   instcat_y03_191109/00678497.tar.gz
HTAR: a   instcat_y03_191109/00678498.tar.gz
HTAR: a   instcat_y03_191109/00678499.tar.gz
HTAR: a   instcat_y03_191109/00678505.tar.gz
HTAR: a   instcat_y03_191109/00678506.tar.gz
HTAR: a   instcat_y03_191109/job_log_00676832.txt
HTAR: a   instcat_y03_191109/job_log_00676833.txt
HTAR: a   instcat_y03_191109/job_log_00676834.txt
HTAR: a   instcat_y03_191109/job_log_00676835.txt
HTAR: a   instcat_y03_191109/job_log_00676837.txt
HTAR: a   instcat_y03_191109/job_log_00676838.txt
HTAR: a   instcat_y03_191109/job_log_00676839.txt
HTAR: a   instcat_y03_191109/job_log_00676841.txt
HTAR: a   instcat_y03_191109/job_log_00676842.txt
HTAR: a   instcat_y03_191109/job_log_00676848.txt
HTAR: a   instcat_y03_191109/job_log_00676849.txt
HTAR: a   instcat_y03_191109/job_log_00676850.txt
HTAR: a   instcat_y03_191109/job_log_00676851.txt
HTAR: a   instcat_y03_191109/job_log_00676852.txt
HTAR: a   instcat_y03_191109/job_log_00676892.txt
HTAR: a   instcat_y03_191109/job_log_00676893.txt
HTAR: a   instcat_y03_191109/job_log_00676894.txt
HTAR: a   instcat_y03_191109/job_log_00676908.txt
HTAR: a   instcat_y03_191109/job_log_00676932.txt
HTAR: a   instcat_y03_191109/job_log_00677595.txt
HTAR: a   instcat_y03_191109/job_log_00677596.txt
HTAR: a   instcat_y03_191109/job_log_00677597.txt
HTAR: a   instcat_y03_191109/job_log_00677598.txt
HTAR: a   instcat_y03_191109/job_log_00677599.txt
HTAR: a   instcat_y03_191109/job_log_00677600.txt
HTAR: a   instcat_y03_191109/job_log_00677601.txt
HTAR: a   instcat_y03_191109/job_log_00677602.txt
HTAR: a   instcat_y03_191109/job_log_00677603.txt
HTAR: a   instcat_y03_191109/job_log_00677604.txt
HTAR: a   instcat_y03_191109/job_log_00677605.txt
HTAR: a   instcat_y03_191109/job_log_00677606.txt
HTAR: a   instcat_y03_191109/job_log_00677607.txt
HTAR: a   instcat_y03_191109/job_log_00677608.txt
HTAR: a   instcat_y03_191109/job_log_00677609.txt
HTAR: a   instcat_y03_191109/job_log_00677610.txt
HTAR: a   instcat_y03_191109/job_log_00677611.txt
HTAR: a   instcat_y03_191109/job_log_00677612.txt
HTAR: a   instcat_y03_191109/job_log_00677613.txt
HTAR: a   instcat_y03_191109/job_log_00677614.txt
HTAR: a   instcat_y03_191109/job_log_00677615.txt
HTAR: a   instcat_y03_191109/job_log_00677628.txt
HTAR: a   instcat_y03_191109/job_log_00677630.txt
HTAR: a   instcat_y03_191109/job_log_00677632.txt
HTAR: a   instcat_y03_191109/job_log_00677633.txt
HTAR: a   instcat_y03_191109/job_log_00677634.txt
HTAR: a   instcat_y03_191109/job_log_00677635.txt
HTAR: a   instcat_y03_191109/job_log_00677636.txt
HTAR: a   instcat_y03_191109/job_log_00677637.txt
HTAR: a   instcat_y03_191109/job_log_00677645.txt
HTAR: a   instcat_y03_191109/job_log_00677646.txt
HTAR: a   instcat_y03_191109/job_log_00677647.txt
HTAR: a   instcat_y03_191109/job_log_00677648.txt
HTAR: a   instcat_y03_191109/job_log_00677649.txt
HTAR: a   instcat_y03_191109/job_log_00677650.txt
HTAR: a   instcat_y03_191109/job_log_00677651.txt
HTAR: a   instcat_y03_191109/job_log_00677652.txt
HTAR: a   instcat_y03_191109/job_log_00677653.txt
HTAR: a   instcat_y03_191109/job_log_00677654.txt
HTAR: a   instcat_y03_191109/job_log_00677655.txt
HTAR: a   instcat_y03_191109/job_log_00677656.txt
HTAR: a   instcat_y03_191109/job_log_00677657.txt
HTAR: a   instcat_y03_191109/job_log_00677658.txt
HTAR: a   instcat_y03_191109/job_log_00677659.txt
HTAR: a   instcat_y03_191109/job_log_00677660.txt
HTAR: a   instcat_y03_191109/job_log_00677661.txt
HTAR: a   instcat_y03_191109/job_log_00677662.txt
HTAR: a   instcat_y03_191109/job_log_00677682.txt
HTAR: a   instcat_y03_191109/job_log_00677697.txt
HTAR: a   instcat_y03_191109/job_log_00677698.txt
HTAR: a   instcat_y03_191109/job_log_00677699.txt
HTAR: a   instcat_y03_191109/job_log_00677700.txt
HTAR: a   instcat_y03_191109/job_log_00677701.txt
HTAR: a   instcat_y03_191109/job_log_00677702.txt
HTAR: a   instcat_y03_191109/job_log_00677703.txt
HTAR: a   instcat_y03_191109/job_log_00677704.txt
HTAR: a   instcat_y03_191109/job_log_00677705.txt
HTAR: a   instcat_y03_191109/job_log_00677706.txt
HTAR: a   instcat_y03_191109/job_log_00677707.txt
HTAR: a   instcat_y03_191109/job_log_00677708.txt
HTAR: a   instcat_y03_191109/job_log_00677750.txt
HTAR: a   instcat_y03_191109/job_log_00677763.txt
HTAR: a   instcat_y03_191109/job_log_00677764.txt
HTAR: a   instcat_y03_191109/job_log_00677765.txt
HTAR: a   instcat_y03_191109/job_log_00677766.txt
HTAR: a   instcat_y03_191109/job_log_00677767.txt
HTAR: a   instcat_y03_191109/job_log_00677768.txt
HTAR: a   instcat_y03_191109/job_log_00678413.txt
HTAR: a   instcat_y03_191109/job_log_00678467.txt
HTAR: a   instcat_y03_191109/job_log_00678468.txt
HTAR: a   instcat_y03_191109/job_log_00678469.txt
HTAR: a   instcat_y03_191109/job_log_00678470.txt
HTAR: a   instcat_y03_191109/job_log_00678471.txt
HTAR: a   instcat_y03_191109/job_log_00678472.txt
HTAR: a   instcat_y03_191109/job_log_00678473.txt
HTAR: a   instcat_y03_191109/job_log_00678474.txt
HTAR: a   instcat_y03_191109/job_log_00678475.txt
HTAR: a   instcat_y03_191109/job_log_00678476.txt
HTAR: a   instcat_y03_191109/job_log_00678477.txt
HTAR: a   instcat_y03_191109/job_log_00678478.txt
HTAR: a   instcat_y03_191109/job_log_00678479.txt
HTAR: a   instcat_y03_191109/job_log_00678480.txt
HTAR: a   instcat_y03_191109/job_log_00678481.txt
HTAR: a   instcat_y03_191109/job_log_00678482.txt
HTAR: a   instcat_y03_191109/job_log_00678483.txt
HTAR: a   instcat_y03_191109/job_log_00678484.txt
HTAR: a   instcat_y03_191109/job_log_00678485.txt
HTAR: a   instcat_y03_191109/job_log_00678486.txt
HTAR: a   instcat_y03_191109/job_log_00678491.txt
HTAR: a   instcat_y03_191109/job_log_00678492.txt
HTAR: a   instcat_y03_191109/job_log_00678493.txt
HTAR: a   instcat_y03_191109/job_log_00678494.txt
HTAR: a   instcat_y03_191109/job_log_00678495.txt
HTAR: a   instcat_y03_191109/job_log_00678496.txt
HTAR: a   instcat_y03_191109/job_log_00678497.txt
HTAR: a   instcat_y03_191109/job_log_00678498.txt
HTAR: a   instcat_y03_191109/job_log_00678499.txt
HTAR: a   instcat_y03_191109/job_log_00678505.txt
HTAR: a   instcat_y03_191109/job_log_00678506.txt
HTAR: a   /tmp/HTAR_CF_CHK_7498_1575957944
HTAR Create complete for /home/projects/desc/DC2_ImSim/Run2.2i/instCat/y03_191109/00676832to00678506.tar. 539,740,275,712 bytes written for 236 member files, max threads: 50 Transfer time: 3823.571 seconds (141.161 MB/s) wallclock/user/sys: 3826.089 4792.554 1544.536 seconds
HTAR: HTAR SUCCESSFUL
HTAR: a   instcat_y03_191109/00678507.tar.gz
HTAR: a   instcat_y03_191109/00678508.tar.gz
HTAR: a   instcat_y03_191109/00678509.tar.gz
HTAR: a   instcat_y03_191109/00678513.tar.gz
HTAR: a   instcat_y03_191109/00678514.tar.gz
HTAR: a   instcat_y03_191109/00678515.tar.gz
HTAR: a   instcat_y03_191109/00678516.tar.gz
HTAR: a   instcat_y03_191109/00678517.tar.gz
HTAR: a   instcat_y03_191109/00678518.tar.gz
HTAR: a   instcat_y03_191109/00678519.tar.gz
HTAR: a   instcat_y03_191109/00678520.tar.gz
HTAR: a   instcat_y03_191109/00678521.tar.gz
HTAR: a   instcat_y03_191109/00678522.tar.gz
HTAR: a   instcat_y03_191109/00678523.tar.gz
HTAR: a   instcat_y03_191109/00678524.tar.gz
HTAR: a   instcat_y03_191109/00678525.tar.gz
HTAR: a   instcat_y03_191109/00678526.tar.gz
HTAR: a   instcat_y03_191109/00678527.tar.gz
HTAR: a   instcat_y03_191109/00678528.tar.gz
HTAR: a   instcat_y03_191109/00678530.tar.gz
HTAR: a   instcat_y03_191109/00678531.tar.gz
HTAR: a   instcat_y03_191109/00678532.tar.gz
HTAR: a   instcat_y03_191109/00678538.tar.gz
HTAR: a   instcat_y03_191109/00678539.tar.gz
HTAR: a   instcat_y03_191109/00678544.tar.gz
HTAR: a   instcat_y03_191109/00678545.tar.gz
HTAR: a   instcat_y03_191109/00678546.tar.gz
HTAR: a   instcat_y03_191109/00678547.tar.gz
HTAR: a   instcat_y03_191109/00678548.tar.gz
HTAR: a   instcat_y03_191109/00678549.tar.gz
HTAR: a   instcat_y03_191109/00678550.tar.gz
HTAR: a   instcat_y03_191109/00678571.tar.gz
HTAR: a   instcat_y03_191109/00678572.tar.gz
HTAR: a   instcat_y03_191109/00678573.tar.gz
HTAR: a   instcat_y03_191109/00678574.tar.gz
HTAR: a   instcat_y03_191109/00678575.tar.gz
HTAR: a   instcat_y03_191109/00678582.tar.gz
HTAR: a   instcat_y03_191109/00678584.tar.gz
HTAR: a   instcat_y03_191109/00678604.tar.gz
HTAR: a   instcat_y03_191109/00678605.tar.gz
HTAR: a   instcat_y03_191109/00678606.tar.gz
HTAR: a   instcat_y03_191109/00678607.tar.gz
HTAR: a   instcat_y03_191109/00678609.tar.gz
HTAR: a   instcat_y03_191109/00678614.tar.gz
HTAR: a   instcat_y03_191109/00678615.tar.gz
HTAR: a   instcat_y03_191109/00678616.tar.gz
HTAR: a   instcat_y03_191109/00678630.tar.gz
HTAR: a   instcat_y03_191109/00678631.tar.gz
HTAR: a   instcat_y03_191109/00678632.tar.gz
HTAR: a   instcat_y03_191109/00678633.tar.gz
HTAR: a   instcat_y03_191109/00678663.tar.gz
HTAR: a   instcat_y03_191109/00678665.tar.gz
HTAR: a   instcat_y03_191109/00678666.tar.gz
HTAR: a   instcat_y03_191109/00678667.tar.gz
HTAR: a   instcat_y03_191109/00679317.tar.gz
HTAR: a   instcat_y03_191109/00679318.tar.gz
HTAR: a   instcat_y03_191109/00679319.tar.gz
HTAR: a   instcat_y03_191109/00679320.tar.gz
HTAR: a   instcat_y03_191109/00679321.tar.gz
HTAR: a   instcat_y03_191109/00679322.tar.gz
HTAR: a   instcat_y03_191109/00679323.tar.gz
HTAR: a   instcat_y03_191109/00679324.tar.gz
HTAR: a   instcat_y03_191109/00679325.tar.gz
HTAR: a   instcat_y03_191109/00679326.tar.gz
HTAR: a   instcat_y03_191109/00679327.tar.gz
HTAR: a   instcat_y03_191109/00679328.tar.gz
HTAR: a   instcat_y03_191109/00679329.tar.gz
HTAR: a   instcat_y03_191109/00679330.tar.gz
HTAR: a   instcat_y03_191109/00679331.tar.gz
HTAR: a   instcat_y03_191109/00679332.tar.gz
HTAR: a   instcat_y03_191109/00679333.tar.gz
HTAR: a   instcat_y03_191109/00679334.tar.gz
HTAR: a   instcat_y03_191109/00679335.tar.gz
HTAR: a   instcat_y03_191109/00679336.tar.gz
HTAR: a   instcat_y03_191109/00679384.tar.gz
HTAR: a   instcat_y03_191109/00679385.tar.gz
HTAR: a   instcat_y03_191109/00679386.tar.gz
HTAR: a   instcat_y03_191109/00679387.tar.gz
HTAR: a   instcat_y03_191109/00679388.tar.gz
HTAR: a   instcat_y03_191109/00679389.tar.gz
HTAR: a   instcat_y03_191109/00679390.tar.gz
HTAR: a   instcat_y03_191109/00679391.tar.gz
HTAR: a   instcat_y03_191109/00679392.tar.gz
HTAR: a   instcat_y03_191109/00679393.tar.gz
HTAR: a   instcat_y03_191109/00679394.tar.gz
HTAR: a   instcat_y03_191109/00679395.tar.gz
HTAR: a   instcat_y03_191109/00679396.tar.gz
HTAR: a   instcat_y03_191109/00679422.tar.gz
HTAR: a   instcat_y03_191109/00679423.tar.gz
HTAR: a   instcat_y03_191109/00679424.tar.gz
HTAR: a   instcat_y03_191109/00679425.tar.gz
HTAR: a   instcat_y03_191109/00679426.tar.gz
HTAR: a   instcat_y03_191109/00679427.tar.gz
HTAR: a   instcat_y03_191109/00679428.tar.gz
HTAR: a   instcat_y03_191109/00679429.tar.gz
HTAR: a   instcat_y03_191109/00679430.tar.gz
HTAR: a   instcat_y03_191109/00679431.tar.gz
HTAR: a   instcat_y03_191109/00679432.tar.gz
HTAR: a   instcat_y03_191109/00679433.tar.gz
HTAR: a   instcat_y03_191109/00679434.tar.gz
HTAR: a   instcat_y03_191109/00679435.tar.gz
HTAR: a   instcat_y03_191109/00679436.tar.gz
HTAR: a   instcat_y03_191109/00679439.tar.gz
HTAR: a   instcat_y03_191109/00679440.tar.gz
HTAR: a   instcat_y03_191109/00679441.tar.gz
HTAR: a   instcat_y03_191109/00679442.tar.gz
HTAR: a   instcat_y03_191109/00679443.tar.gz
HTAR: a   instcat_y03_191109/00679453.tar.gz
HTAR: a   instcat_y03_191109/00679454.tar.gz
HTAR: a   instcat_y03_191109/00679455.tar.gz
HTAR: a   instcat_y03_191109/00679456.tar.gz
HTAR: a   instcat_y03_191109/00679457.tar.gz
HTAR: a   instcat_y03_191109/00679458.tar.gz
HTAR: a   instcat_y03_191109/00679462.tar.gz
HTAR: a   instcat_y03_191109/00679463.tar.gz
HTAR: a   instcat_y03_191109/00679464.tar.gz
HTAR: a   instcat_y03_191109/00679465.tar.gz
HTAR: a   instcat_y03_191109/00679467.tar.gz
HTAR: a   instcat_y03_191109/job_log_00678507.txt
HTAR: a   instcat_y03_191109/job_log_00678508.txt
HTAR: a   instcat_y03_191109/job_log_00678509.txt
HTAR: a   instcat_y03_191109/job_log_00678513.txt
HTAR: a   instcat_y03_191109/job_log_00678514.txt
HTAR: a   instcat_y03_191109/job_log_00678515.txt
HTAR: a   instcat_y03_191109/job_log_00678516.txt
HTAR: a   instcat_y03_191109/job_log_00678517.txt
HTAR: a   instcat_y03_191109/job_log_00678518.txt
HTAR: a   instcat_y03_191109/job_log_00678519.txt
HTAR: a   instcat_y03_191109/job_log_00678520.txt
HTAR: a   instcat_y03_191109/job_log_00678521.txt
HTAR: a   instcat_y03_191109/job_log_00678522.txt
HTAR: a   instcat_y03_191109/job_log_00678523.txt
HTAR: a   instcat_y03_191109/job_log_00678524.txt
HTAR: a   instcat_y03_191109/job_log_00678525.txt
HTAR: a   instcat_y03_191109/job_log_00678526.txt
HTAR: a   instcat_y03_191109/job_log_00678527.txt
HTAR: a   instcat_y03_191109/job_log_00678528.txt
HTAR: a   instcat_y03_191109/job_log_00678530.txt
HTAR: a   instcat_y03_191109/job_log_00678531.txt
HTAR: a   instcat_y03_191109/job_log_00678532.txt
HTAR: a   instcat_y03_191109/job_log_00678538.txt
HTAR: a   instcat_y03_191109/job_log_00678539.txt
HTAR: a   instcat_y03_191109/job_log_00678544.txt
HTAR: a   instcat_y03_191109/job_log_00678545.txt
HTAR: a   instcat_y03_191109/job_log_00678546.txt
HTAR: a   instcat_y03_191109/job_log_00678547.txt
HTAR: a   instcat_y03_191109/job_log_00678548.txt
HTAR: a   instcat_y03_191109/job_log_00678549.txt
HTAR: a   instcat_y03_191109/job_log_00678550.txt
HTAR: a   instcat_y03_191109/job_log_00678571.txt
HTAR: a   instcat_y03_191109/job_log_00678572.txt
HTAR: a   instcat_y03_191109/job_log_00678573.txt
HTAR: a   instcat_y03_191109/job_log_00678574.txt
HTAR: a   instcat_y03_191109/job_log_00678575.txt
HTAR: a   instcat_y03_191109/job_log_00678582.txt
HTAR: a   instcat_y03_191109/job_log_00678584.txt
HTAR: a   instcat_y03_191109/job_log_00678604.txt
HTAR: a   instcat_y03_191109/job_log_00678605.txt
HTAR: a   instcat_y03_191109/job_log_00678606.txt
HTAR: a   instcat_y03_191109/job_log_00678607.txt
HTAR: a   instcat_y03_191109/job_log_00678609.txt
HTAR: a   instcat_y03_191109/job_log_00678614.txt
HTAR: a   instcat_y03_191109/job_log_00678615.txt
HTAR: a   instcat_y03_191109/job_log_00678616.txt
HTAR: a   instcat_y03_191109/job_log_00678630.txt
HTAR: a   instcat_y03_191109/job_log_00678631.txt
HTAR: a   instcat_y03_191109/job_log_00678632.txt
HTAR: a   instcat_y03_191109/job_log_00678633.txt
HTAR: a   instcat_y03_191109/job_log_00678663.txt
HTAR: a   instcat_y03_191109/job_log_00678665.txt
HTAR: a   instcat_y03_191109/job_log_00678666.txt
HTAR: a   instcat_y03_191109/job_log_00678667.txt
HTAR: a   instcat_y03_191109/job_log_00679317.txt
HTAR: a   instcat_y03_191109/job_log_00679318.txt
HTAR: a   instcat_y03_191109/job_log_00679319.txt
HTAR: a   instcat_y03_191109/job_log_00679320.txt
HTAR: a   instcat_y03_191109/job_log_00679321.txt
HTAR: a   instcat_y03_191109/job_log_00679322.txt
HTAR: a   instcat_y03_191109/job_log_00679323.txt
HTAR: a   instcat_y03_191109/job_log_00679324.txt
HTAR: a   instcat_y03_191109/job_log_00679325.txt
HTAR: a   instcat_y03_191109/job_log_00679326.txt
HTAR: a   instcat_y03_191109/job_log_00679327.txt
HTAR: a   instcat_y03_191109/job_log_00679328.txt
HTAR: a   instcat_y03_191109/job_log_00679329.txt
HTAR: a   instcat_y03_191109/job_log_00679330.txt
HTAR: a   instcat_y03_191109/job_log_00679331.txt
HTAR: a   instcat_y03_191109/job_log_00679332.txt
HTAR: a   instcat_y03_191109/job_log_00679333.txt
HTAR: a   instcat_y03_191109/job_log_00679334.txt
HTAR: a   instcat_y03_191109/job_log_00679335.txt
HTAR: a   instcat_y03_191109/job_log_00679336.txt
HTAR: a   instcat_y03_191109/job_log_00679384.txt
HTAR: a   instcat_y03_191109/job_log_00679385.txt
HTAR: a   instcat_y03_191109/job_log_00679386.txt
HTAR: a   instcat_y03_191109/job_log_00679387.txt
HTAR: a   instcat_y03_191109/job_log_00679388.txt
HTAR: a   instcat_y03_191109/job_log_00679389.txt
HTAR: a   instcat_y03_191109/job_log_00679390.txt
HTAR: a   instcat_y03_191109/job_log_00679391.txt
HTAR: a   instcat_y03_191109/job_log_00679392.txt
HTAR: a   instcat_y03_191109/job_log_00679393.txt
HTAR: a   instcat_y03_191109/job_log_00679394.txt
HTAR: a   instcat_y03_191109/job_log_00679395.txt
HTAR: a   instcat_y03_191109/job_log_00679396.txt
HTAR: a   instcat_y03_191109/job_log_00679422.txt
HTAR: a   instcat_y03_191109/job_log_00679423.txt
HTAR: a   instcat_y03_191109/job_log_00679424.txt
HTAR: a   instcat_y03_191109/job_log_00679425.txt
HTAR: a   instcat_y03_191109/job_log_00679426.txt
HTAR: a   instcat_y03_191109/job_log_00679427.txt
HTAR: a   instcat_y03_191109/job_log_00679428.txt
HTAR: a   instcat_y03_191109/job_log_00679429.txt
HTAR: a   instcat_y03_191109/job_log_00679430.txt
HTAR: a   instcat_y03_191109/job_log_00679431.txt
HTAR: a   instcat_y03_191109/job_log_00679432.txt
HTAR: a   instcat_y03_191109/job_log_00679433.txt
HTAR: a   instcat_y03_191109/job_log_00679434.txt
HTAR: a   instcat_y03_191109/job_log_00679435.txt
HTAR: a   instcat_y03_191109/job_log_00679436.txt
HTAR: a   instcat_y03_191109/job_log_00679439.txt
HTAR: a   instcat_y03_191109/job_log_00679440.txt
HTAR: a   instcat_y03_191109/job_log_00679441.txt
HTAR: a   instcat_y03_191109/job_log_00679442.txt
HTAR: a   instcat_y03_191109/job_log_00679443.txt
HTAR: a   instcat_y03_191109/job_log_00679453.txt
HTAR: a   instcat_y03_191109/job_log_00679454.txt
HTAR: a   instcat_y03_191109/job_log_00679455.txt
HTAR: a   instcat_y03_191109/job_log_00679456.txt
HTAR: a   instcat_y03_191109/job_log_00679457.txt
HTAR: a   instcat_y03_191109/job_log_00679458.txt
HTAR: a   instcat_y03_191109/job_log_00679462.txt
HTAR: a   instcat_y03_191109/job_log_00679463.txt
HTAR: a   instcat_y03_191109/job_log_00679464.txt
HTAR: a   instcat_y03_191109/job_log_00679465.txt
HTAR: a   instcat_y03_191109/job_log_00679467.txt
HTAR: a   /tmp/HTAR_CF_CHK_19385_1575961773
HTAR Create complete for /home/projects/desc/DC2_ImSim/Run2.2i/instCat/y03_191109/00678507to00679467.tar. 516,257,230,336 bytes written for 236 member files, max threads: 50 Transfer time: 3460.040 seconds (149.206 MB/s) wallclock/user/sys: 3463.393 4432.345 1312.514 seconds
HTAR: HTAR SUCCESSFUL
ERROR: Cannot open file specified by -L option: /global/cscratch1/sd/desc/HPSS/dc2/run2.2i/instCat/y03/.txt
ERROR: [FATAL] error(s) generating filename list 
HTAR: HTAR FAILED
