HTAR: a   instcat_y03_191109/00659234.tar.gz
HTAR: a   instcat_y03_191109/00659235.tar.gz
HTAR: a   instcat_y03_191109/00659236.tar.gz
HTAR: a   instcat_y03_191109/00659237.tar.gz
HTAR: a   instcat_y03_191109/00659238.tar.gz
HTAR: a   instcat_y03_191109/00659239.tar.gz
HTAR: a   instcat_y03_191109/00659240.tar.gz
HTAR: a   instcat_y03_191109/00659241.tar.gz
HTAR: a   instcat_y03_191109/00659242.tar.gz
HTAR: a   instcat_y03_191109/00659243.tar.gz
HTAR: a   instcat_y03_191109/00659244.tar.gz
HTAR: a   instcat_y03_191109/00659245.tar.gz
HTAR: a   instcat_y03_191109/00659246.tar.gz
HTAR: a   instcat_y03_191109/00659247.tar.gz
HTAR: a   instcat_y03_191109/00659248.tar.gz
HTAR: a   instcat_y03_191109/00659249.tar.gz
HTAR: a   instcat_y03_191109/00659250.tar.gz
HTAR: a   instcat_y03_191109/00659251.tar.gz
HTAR: a   instcat_y03_191109/00659252.tar.gz
HTAR: a   instcat_y03_191109/00660201.tar.gz
HTAR: a   instcat_y03_191109/00660202.tar.gz
HTAR: a   instcat_y03_191109/00660203.tar.gz
HTAR: a   instcat_y03_191109/00660204.tar.gz
HTAR: a   instcat_y03_191109/00660205.tar.gz
HTAR: a   instcat_y03_191109/00660206.tar.gz
HTAR: a   instcat_y03_191109/00660207.tar.gz
HTAR: a   instcat_y03_191109/00660208.tar.gz
HTAR: a   instcat_y03_191109/00660209.tar.gz
HTAR: a   instcat_y03_191109/00660210.tar.gz
HTAR: a   instcat_y03_191109/00660211.tar.gz
HTAR: a   instcat_y03_191109/00660212.tar.gz
HTAR: a   instcat_y03_191109/00660213.tar.gz
HTAR: a   instcat_y03_191109/00660214.tar.gz
HTAR: a   instcat_y03_191109/00660215.tar.gz
HTAR: a   instcat_y03_191109/00660216.tar.gz
HTAR: a   instcat_y03_191109/00660217.tar.gz
HTAR: a   instcat_y03_191109/00660218.tar.gz
HTAR: a   instcat_y03_191109/00660219.tar.gz
HTAR: a   instcat_y03_191109/00660220.tar.gz
HTAR: a   instcat_y03_191109/00660222.tar.gz
HTAR: a   instcat_y03_191109/00660224.tar.gz
HTAR: a   instcat_y03_191109/00660225.tar.gz
HTAR: a   instcat_y03_191109/00660226.tar.gz
HTAR: a   instcat_y03_191109/00660227.tar.gz
HTAR: a   instcat_y03_191109/00660228.tar.gz
HTAR: a   instcat_y03_191109/00660229.tar.gz
HTAR: a   instcat_y03_191109/00660230.tar.gz
HTAR: a   instcat_y03_191109/00660231.tar.gz
HTAR: a   instcat_y03_191109/00660232.tar.gz
HTAR: a   instcat_y03_191109/00660233.tar.gz
HTAR: a   instcat_y03_191109/00660234.tar.gz
HTAR: a   instcat_y03_191109/00660235.tar.gz
HTAR: a   instcat_y03_191109/00660236.tar.gz
HTAR: a   instcat_y03_191109/00660238.tar.gz
HTAR: a   instcat_y03_191109/00660239.tar.gz
HTAR: a   instcat_y03_191109/00660240.tar.gz
HTAR: a   instcat_y03_191109/00660241.tar.gz
HTAR: a   instcat_y03_191109/00660242.tar.gz
HTAR: a   instcat_y03_191109/00660243.tar.gz
HTAR: a   instcat_y03_191109/00660244.tar.gz
HTAR: a   instcat_y03_191109/00660245.tar.gz
HTAR: a   instcat_y03_191109/00660246.tar.gz
HTAR: a   instcat_y03_191109/00660247.tar.gz
HTAR: a   instcat_y03_191109/00660248.tar.gz
HTAR: a   instcat_y03_191109/00660249.tar.gz
HTAR: a   instcat_y03_191109/00660250.tar.gz
HTAR: a   instcat_y03_191109/00660251.tar.gz
HTAR: a   instcat_y03_191109/00660252.tar.gz
HTAR: a   instcat_y03_191109/00660253.tar.gz
HTAR: a   instcat_y03_191109/00660254.tar.gz
HTAR: a   instcat_y03_191109/00660255.tar.gz
HTAR: a   instcat_y03_191109/00660256.tar.gz
HTAR: a   instcat_y03_191109/00660257.tar.gz
HTAR: a   instcat_y03_191109/00660269.tar.gz
HTAR: a   instcat_y03_191109/00660270.tar.gz
HTAR: a   instcat_y03_191109/00660271.tar.gz
HTAR: a   instcat_y03_191109/00660272.tar.gz
HTAR: a   instcat_y03_191109/00660273.tar.gz
HTAR: a   instcat_y03_191109/00660274.tar.gz
HTAR: a   instcat_y03_191109/00660275.tar.gz
HTAR: a   instcat_y03_191109/00660276.tar.gz
HTAR: a   instcat_y03_191109/00660277.tar.gz
HTAR: a   instcat_y03_191109/00660278.tar.gz
HTAR: a   instcat_y03_191109/00660279.tar.gz
HTAR: a   instcat_y03_191109/00660280.tar.gz
HTAR: a   instcat_y03_191109/00660281.tar.gz
HTAR: a   instcat_y03_191109/00660282.tar.gz
HTAR: a   instcat_y03_191109/00660283.tar.gz
HTAR: a   instcat_y03_191109/00660284.tar.gz
HTAR: a   instcat_y03_191109/00660285.tar.gz
HTAR: a   instcat_y03_191109/00660286.tar.gz
HTAR: a   instcat_y03_191109/00660287.tar.gz
HTAR: a   instcat_y03_191109/00660288.tar.gz
HTAR: a   instcat_y03_191109/00660350.tar.gz
HTAR: a   instcat_y03_191109/00660351.tar.gz
HTAR: a   instcat_y03_191109/00660352.tar.gz
HTAR: a   instcat_y03_191109/00660353.tar.gz
HTAR: a   instcat_y03_191109/00660355.tar.gz
HTAR: a   instcat_y03_191109/00660356.tar.gz
HTAR: a   instcat_y03_191109/00660359.tar.gz
HTAR: a   instcat_y03_191109/00660360.tar.gz
HTAR: a   instcat_y03_191109/00660361.tar.gz
HTAR: a   instcat_y03_191109/00660373.tar.gz
HTAR: a   instcat_y03_191109/00660374.tar.gz
HTAR: a   instcat_y03_191109/00660375.tar.gz
HTAR: a   instcat_y03_191109/00660376.tar.gz
HTAR: a   instcat_y03_191109/00660377.tar.gz
HTAR: a   instcat_y03_191109/00660378.tar.gz
HTAR: a   instcat_y03_191109/00660379.tar.gz
HTAR: a   instcat_y03_191109/00660397.tar.gz
HTAR: a   instcat_y03_191109/00660398.tar.gz
HTAR: a   instcat_y03_191109/00660399.tar.gz
HTAR: a   instcat_y03_191109/00660400.tar.gz
HTAR: a   instcat_y03_191109/00660417.tar.gz
HTAR: a   instcat_y03_191109/00660423.tar.gz
HTAR: a   instcat_y03_191109/00660424.tar.gz
HTAR: a   instcat_y03_191109/00660556.tar.gz
HTAR: a   instcat_y03_191109/00660882.tar.gz
HTAR: a   instcat_y03_191109/job_log_00659234.txt
HTAR: a   instcat_y03_191109/job_log_00659235.txt
HTAR: a   instcat_y03_191109/job_log_00659236.txt
HTAR: a   instcat_y03_191109/job_log_00659237.txt
HTAR: a   instcat_y03_191109/job_log_00659238.txt
HTAR: a   instcat_y03_191109/job_log_00659239.txt
HTAR: a   instcat_y03_191109/job_log_00659240.txt
HTAR: a   instcat_y03_191109/job_log_00659241.txt
HTAR: a   instcat_y03_191109/job_log_00659242.txt
HTAR: a   instcat_y03_191109/job_log_00659243.txt
HTAR: a   instcat_y03_191109/job_log_00659244.txt
HTAR: a   instcat_y03_191109/job_log_00659245.txt
HTAR: a   instcat_y03_191109/job_log_00659246.txt
HTAR: a   instcat_y03_191109/job_log_00659247.txt
HTAR: a   instcat_y03_191109/job_log_00659248.txt
HTAR: a   instcat_y03_191109/job_log_00659249.txt
HTAR: a   instcat_y03_191109/job_log_00659250.txt
HTAR: a   instcat_y03_191109/job_log_00659251.txt
HTAR: a   instcat_y03_191109/job_log_00659252.txt
HTAR: a   instcat_y03_191109/job_log_00660201.txt
HTAR: a   instcat_y03_191109/job_log_00660202.txt
HTAR: a   instcat_y03_191109/job_log_00660203.txt
HTAR: a   instcat_y03_191109/job_log_00660204.txt
HTAR: a   instcat_y03_191109/job_log_00660205.txt
HTAR: a   instcat_y03_191109/job_log_00660206.txt
HTAR: a   instcat_y03_191109/job_log_00660207.txt
HTAR: a   instcat_y03_191109/job_log_00660208.txt
HTAR: a   instcat_y03_191109/job_log_00660209.txt
HTAR: a   instcat_y03_191109/job_log_00660210.txt
HTAR: a   instcat_y03_191109/job_log_00660211.txt
HTAR: a   instcat_y03_191109/job_log_00660212.txt
HTAR: a   instcat_y03_191109/job_log_00660213.txt
HTAR: a   instcat_y03_191109/job_log_00660214.txt
HTAR: a   instcat_y03_191109/job_log_00660215.txt
HTAR: a   instcat_y03_191109/job_log_00660216.txt
HTAR: a   instcat_y03_191109/job_log_00660217.txt
HTAR: a   instcat_y03_191109/job_log_00660218.txt
HTAR: a   instcat_y03_191109/job_log_00660219.txt
HTAR: a   instcat_y03_191109/job_log_00660220.txt
HTAR: a   instcat_y03_191109/job_log_00660222.txt
HTAR: a   instcat_y03_191109/job_log_00660224.txt
HTAR: a   instcat_y03_191109/job_log_00660225.txt
HTAR: a   instcat_y03_191109/job_log_00660226.txt
HTAR: a   instcat_y03_191109/job_log_00660227.txt
HTAR: a   instcat_y03_191109/job_log_00660228.txt
HTAR: a   instcat_y03_191109/job_log_00660229.txt
HTAR: a   instcat_y03_191109/job_log_00660230.txt
HTAR: a   instcat_y03_191109/job_log_00660231.txt
HTAR: a   instcat_y03_191109/job_log_00660232.txt
HTAR: a   instcat_y03_191109/job_log_00660233.txt
HTAR: a   instcat_y03_191109/job_log_00660234.txt
HTAR: a   instcat_y03_191109/job_log_00660235.txt
HTAR: a   instcat_y03_191109/job_log_00660236.txt
HTAR: a   instcat_y03_191109/job_log_00660238.txt
HTAR: a   instcat_y03_191109/job_log_00660239.txt
HTAR: a   instcat_y03_191109/job_log_00660240.txt
HTAR: a   instcat_y03_191109/job_log_00660241.txt
HTAR: a   instcat_y03_191109/job_log_00660242.txt
HTAR: a   instcat_y03_191109/job_log_00660243.txt
HTAR: a   instcat_y03_191109/job_log_00660244.txt
HTAR: a   instcat_y03_191109/job_log_00660245.txt
HTAR: a   instcat_y03_191109/job_log_00660246.txt
HTAR: a   instcat_y03_191109/job_log_00660247.txt
HTAR: a   instcat_y03_191109/job_log_00660248.txt
HTAR: a   instcat_y03_191109/job_log_00660249.txt
HTAR: a   instcat_y03_191109/job_log_00660250.txt
HTAR: a   instcat_y03_191109/job_log_00660251.txt
HTAR: a   instcat_y03_191109/job_log_00660252.txt
HTAR: a   instcat_y03_191109/job_log_00660253.txt
HTAR: a   instcat_y03_191109/job_log_00660254.txt
HTAR: a   instcat_y03_191109/job_log_00660255.txt
HTAR: a   instcat_y03_191109/job_log_00660256.txt
HTAR: a   instcat_y03_191109/job_log_00660257.txt
HTAR: a   instcat_y03_191109/job_log_00660269.txt
HTAR: a   instcat_y03_191109/job_log_00660270.txt
HTAR: a   instcat_y03_191109/job_log_00660271.txt
HTAR: a   instcat_y03_191109/job_log_00660272.txt
HTAR: a   instcat_y03_191109/job_log_00660273.txt
HTAR: a   instcat_y03_191109/job_log_00660274.txt
HTAR: a   instcat_y03_191109/job_log_00660275.txt
HTAR: a   instcat_y03_191109/job_log_00660276.txt
HTAR: a   instcat_y03_191109/job_log_00660277.txt
HTAR: a   instcat_y03_191109/job_log_00660278.txt
HTAR: a   instcat_y03_191109/job_log_00660279.txt
HTAR: a   instcat_y03_191109/job_log_00660280.txt
HTAR: a   instcat_y03_191109/job_log_00660281.txt
HTAR: a   instcat_y03_191109/job_log_00660282.txt
HTAR: a   instcat_y03_191109/job_log_00660283.txt
HTAR: a   instcat_y03_191109/job_log_00660284.txt
HTAR: a   instcat_y03_191109/job_log_00660285.txt
HTAR: a   instcat_y03_191109/job_log_00660286.txt
HTAR: a   instcat_y03_191109/job_log_00660287.txt
HTAR: a   instcat_y03_191109/job_log_00660288.txt
HTAR: a   instcat_y03_191109/job_log_00660350.txt
HTAR: a   instcat_y03_191109/job_log_00660351.txt
HTAR: a   instcat_y03_191109/job_log_00660352.txt
HTAR: a   instcat_y03_191109/job_log_00660353.txt
HTAR: a   instcat_y03_191109/job_log_00660355.txt
HTAR: a   instcat_y03_191109/job_log_00660356.txt
HTAR: a   instcat_y03_191109/job_log_00660359.txt
HTAR: a   instcat_y03_191109/job_log_00660360.txt
HTAR: a   instcat_y03_191109/job_log_00660361.txt
HTAR: a   instcat_y03_191109/job_log_00660373.txt
HTAR: a   instcat_y03_191109/job_log_00660374.txt
HTAR: a   instcat_y03_191109/job_log_00660375.txt
HTAR: a   instcat_y03_191109/job_log_00660376.txt
HTAR: a   instcat_y03_191109/job_log_00660377.txt
HTAR: a   instcat_y03_191109/job_log_00660378.txt
HTAR: a   instcat_y03_191109/job_log_00660379.txt
HTAR: a   instcat_y03_191109/job_log_00660397.txt
HTAR: a   instcat_y03_191109/job_log_00660398.txt
HTAR: a   instcat_y03_191109/job_log_00660399.txt
HTAR: a   instcat_y03_191109/job_log_00660400.txt
HTAR: a   instcat_y03_191109/job_log_00660417.txt
HTAR: a   instcat_y03_191109/job_log_00660423.txt
HTAR: a   instcat_y03_191109/job_log_00660424.txt
HTAR: a   instcat_y03_191109/job_log_00660556.txt
HTAR: a   instcat_y03_191109/job_log_00660882.txt
HTAR: a   /tmp/HTAR_CF_CHK_55123_1575945448
HTAR Create complete for /home/projects/desc/DC2_ImSim/Run2.2i/instCat/y03_191109/00659234to00660882.tar. 552,951,437,312 bytes written for 236 member files, max threads: 50 Transfer time: 4091.051 seconds (135.161 MB/s) wallclock/user/sys: 4093.005 4930.381 1888.181 seconds
HTAR: HTAR SUCCESSFUL
HTAR: a   instcat_y03_191109/00660883.tar.gz
HTAR: a   instcat_y03_191109/00660884.tar.gz
HTAR: a   instcat_y03_191109/00660885.tar.gz
HTAR: a   instcat_y03_191109/00660886.tar.gz
HTAR: a   instcat_y03_191109/00660887.tar.gz
HTAR: a   instcat_y03_191109/00660888.tar.gz
HTAR: a   instcat_y03_191109/00660889.tar.gz
HTAR: a   instcat_y03_191109/00660890.tar.gz
HTAR: a   instcat_y03_191109/00660891.tar.gz
HTAR: a   instcat_y03_191109/00660892.tar.gz
HTAR: a   instcat_y03_191109/00660893.tar.gz
HTAR: a   instcat_y03_191109/00660894.tar.gz
HTAR: a   instcat_y03_191109/00660895.tar.gz
HTAR: a   instcat_y03_191109/00660896.tar.gz
HTAR: a   instcat_y03_191109/00660897.tar.gz
HTAR: a   instcat_y03_191109/00660898.tar.gz
HTAR: a   instcat_y03_191109/00660899.tar.gz
HTAR: a   instcat_y03_191109/00660900.tar.gz
HTAR: a   instcat_y03_191109/00660901.tar.gz
HTAR: a   instcat_y03_191109/00661025.tar.gz
HTAR: a   instcat_y03_191109/00661026.tar.gz
HTAR: a   instcat_y03_191109/00661027.tar.gz
HTAR: a   instcat_y03_191109/00661028.tar.gz
HTAR: a   instcat_y03_191109/00661029.tar.gz
HTAR: a   instcat_y03_191109/00661030.tar.gz
HTAR: a   instcat_y03_191109/00661061.tar.gz
HTAR: a   instcat_y03_191109/00661062.tar.gz
HTAR: a   instcat_y03_191109/00661063.tar.gz
HTAR: a   instcat_y03_191109/00661064.tar.gz
HTAR: a   instcat_y03_191109/00661065.tar.gz
HTAR: a   instcat_y03_191109/00661066.tar.gz
HTAR: a   instcat_y03_191109/00661527.tar.gz
HTAR: a   instcat_y03_191109/00661528.tar.gz
HTAR: a   instcat_y03_191109/00661529.tar.gz
HTAR: a   instcat_y03_191109/00661530.tar.gz
HTAR: a   instcat_y03_191109/00661531.tar.gz
HTAR: a   instcat_y03_191109/00661532.tar.gz
HTAR: a   instcat_y03_191109/00661533.tar.gz
HTAR: a   instcat_y03_191109/00661534.tar.gz
HTAR: a   instcat_y03_191109/00661535.tar.gz
HTAR: a   instcat_y03_191109/00661536.tar.gz
HTAR: a   instcat_y03_191109/00661537.tar.gz
HTAR: a   instcat_y03_191109/00661538.tar.gz
HTAR: a   instcat_y03_191109/00661539.tar.gz
HTAR: a   instcat_y03_191109/00661540.tar.gz
HTAR: a   instcat_y03_191109/00661541.tar.gz
HTAR: a   instcat_y03_191109/00661542.tar.gz
HTAR: a   instcat_y03_191109/00661543.tar.gz
HTAR: a   instcat_y03_191109/00661544.tar.gz
HTAR: a   instcat_y03_191109/00661545.tar.gz
HTAR: a   instcat_y03_191109/00661546.tar.gz
HTAR: a   instcat_y03_191109/00661558.tar.gz
HTAR: a   instcat_y03_191109/00661597.tar.gz
HTAR: a   instcat_y03_191109/00661598.tar.gz
HTAR: a   instcat_y03_191109/00661599.tar.gz
HTAR: a   instcat_y03_191109/00661600.tar.gz
HTAR: a   instcat_y03_191109/00661601.tar.gz
HTAR: a   instcat_y03_191109/00661602.tar.gz
HTAR: a   instcat_y03_191109/00661603.tar.gz
HTAR: a   instcat_y03_191109/00661604.tar.gz
HTAR: a   instcat_y03_191109/00661623.tar.gz
HTAR: a   instcat_y03_191109/00661636.tar.gz
HTAR: a   instcat_y03_191109/00661637.tar.gz
HTAR: a   instcat_y03_191109/00661638.tar.gz
HTAR: a   instcat_y03_191109/00661639.tar.gz
HTAR: a   instcat_y03_191109/00661640.tar.gz
HTAR: a   instcat_y03_191109/00661641.tar.gz
HTAR: a   instcat_y03_191109/00661642.tar.gz
HTAR: a   instcat_y03_191109/00661643.tar.gz
HTAR: a   instcat_y03_191109/00661650.tar.gz
HTAR: a   instcat_y03_191109/00661651.tar.gz
HTAR: a   instcat_y03_191109/00661652.tar.gz
HTAR: a   instcat_y03_191109/00661653.tar.gz
HTAR: a   instcat_y03_191109/00661654.tar.gz
HTAR: a   instcat_y03_191109/00661655.tar.gz
HTAR: a   instcat_y03_191109/00661676.tar.gz
HTAR: a   instcat_y03_191109/00661679.tar.gz
HTAR: a   instcat_y03_191109/00661680.tar.gz
HTAR: a   instcat_y03_191109/00661681.tar.gz
HTAR: a   instcat_y03_191109/00661682.tar.gz
HTAR: a   instcat_y03_191109/00661683.tar.gz
HTAR: a   instcat_y03_191109/00661684.tar.gz
HTAR: a   instcat_y03_191109/00661688.tar.gz
HTAR: a   instcat_y03_191109/00661689.tar.gz
HTAR: a   instcat_y03_191109/00661690.tar.gz
HTAR: a   instcat_y03_191109/00661691.tar.gz
HTAR: a   instcat_y03_191109/00661692.tar.gz
HTAR: a   instcat_y03_191109/00661693.tar.gz
HTAR: a   instcat_y03_191109/00661713.tar.gz
HTAR: a   instcat_y03_191109/00661717.tar.gz
HTAR: a   instcat_y03_191109/00661718.tar.gz
HTAR: a   instcat_y03_191109/00661719.tar.gz
HTAR: a   instcat_y03_191109/00661720.tar.gz
HTAR: a   instcat_y03_191109/00661721.tar.gz
HTAR: a   instcat_y03_191109/00661722.tar.gz
HTAR: a   instcat_y03_191109/00661723.tar.gz
HTAR: a   instcat_y03_191109/00661727.tar.gz
HTAR: a   instcat_y03_191109/00661737.tar.gz
HTAR: a   instcat_y03_191109/00661759.tar.gz
HTAR: a   instcat_y03_191109/00661777.tar.gz
HTAR: a   instcat_y03_191109/00661876.tar.gz
HTAR: a   instcat_y03_191109/00662433.tar.gz
HTAR: a   instcat_y03_191109/00662434.tar.gz
HTAR: a   instcat_y03_191109/00662435.tar.gz
HTAR: a   instcat_y03_191109/00662436.tar.gz
HTAR: a   instcat_y03_191109/00662437.tar.gz
HTAR: a   instcat_y03_191109/00662438.tar.gz
HTAR: a   instcat_y03_191109/00662439.tar.gz
HTAR: a   instcat_y03_191109/00662440.tar.gz
HTAR: a   instcat_y03_191109/00662441.tar.gz
HTAR: a   instcat_y03_191109/00662442.tar.gz
HTAR: a   instcat_y03_191109/00662443.tar.gz
HTAR: a   instcat_y03_191109/00662444.tar.gz
HTAR: a   instcat_y03_191109/00662445.tar.gz
HTAR: a   instcat_y03_191109/00662446.tar.gz
HTAR: a   instcat_y03_191109/00662447.tar.gz
HTAR: a   instcat_y03_191109/00662448.tar.gz
HTAR: a   instcat_y03_191109/00662449.tar.gz
HTAR: a   instcat_y03_191109/job_log_00660883.txt
HTAR: a   instcat_y03_191109/job_log_00660884.txt
HTAR: a   instcat_y03_191109/job_log_00660885.txt
HTAR: a   instcat_y03_191109/job_log_00660886.txt
HTAR: a   instcat_y03_191109/job_log_00660887.txt
HTAR: a   instcat_y03_191109/job_log_00660888.txt
HTAR: a   instcat_y03_191109/job_log_00660889.txt
HTAR: a   instcat_y03_191109/job_log_00660890.txt
HTAR: a   instcat_y03_191109/job_log_00660891.txt
HTAR: a   instcat_y03_191109/job_log_00660892.txt
HTAR: a   instcat_y03_191109/job_log_00660893.txt
HTAR: a   instcat_y03_191109/job_log_00660894.txt
HTAR: a   instcat_y03_191109/job_log_00660895.txt
HTAR: a   instcat_y03_191109/job_log_00660896.txt
HTAR: a   instcat_y03_191109/job_log_00660897.txt
HTAR: a   instcat_y03_191109/job_log_00660898.txt
HTAR: a   instcat_y03_191109/job_log_00660899.txt
HTAR: a   instcat_y03_191109/job_log_00660900.txt
HTAR: a   instcat_y03_191109/job_log_00660901.txt
HTAR: a   instcat_y03_191109/job_log_00661025.txt
HTAR: a   instcat_y03_191109/job_log_00661026.txt
HTAR: a   instcat_y03_191109/job_log_00661027.txt
HTAR: a   instcat_y03_191109/job_log_00661028.txt
HTAR: a   instcat_y03_191109/job_log_00661029.txt
HTAR: a   instcat_y03_191109/job_log_00661030.txt
HTAR: a   instcat_y03_191109/job_log_00661061.txt
HTAR: a   instcat_y03_191109/job_log_00661062.txt
HTAR: a   instcat_y03_191109/job_log_00661063.txt
HTAR: a   instcat_y03_191109/job_log_00661064.txt
HTAR: a   instcat_y03_191109/job_log_00661065.txt
HTAR: a   instcat_y03_191109/job_log_00661066.txt
HTAR: a   instcat_y03_191109/job_log_00661527.txt
HTAR: a   instcat_y03_191109/job_log_00661528.txt
HTAR: a   instcat_y03_191109/job_log_00661529.txt
HTAR: a   instcat_y03_191109/job_log_00661530.txt
HTAR: a   instcat_y03_191109/job_log_00661531.txt
HTAR: a   instcat_y03_191109/job_log_00661532.txt
HTAR: a   instcat_y03_191109/job_log_00661533.txt
HTAR: a   instcat_y03_191109/job_log_00661534.txt
HTAR: a   instcat_y03_191109/job_log_00661535.txt
HTAR: a   instcat_y03_191109/job_log_00661536.txt
HTAR: a   instcat_y03_191109/job_log_00661537.txt
HTAR: a   instcat_y03_191109/job_log_00661538.txt
HTAR: a   instcat_y03_191109/job_log_00661539.txt
HTAR: a   instcat_y03_191109/job_log_00661540.txt
HTAR: a   instcat_y03_191109/job_log_00661541.txt
HTAR: a   instcat_y03_191109/job_log_00661542.txt
HTAR: a   instcat_y03_191109/job_log_00661543.txt
HTAR: a   instcat_y03_191109/job_log_00661544.txt
HTAR: a   instcat_y03_191109/job_log_00661545.txt
HTAR: a   instcat_y03_191109/job_log_00661546.txt
HTAR: a   instcat_y03_191109/job_log_00661558.txt
HTAR: a   instcat_y03_191109/job_log_00661597.txt
HTAR: a   instcat_y03_191109/job_log_00661598.txt
HTAR: a   instcat_y03_191109/job_log_00661599.txt
HTAR: a   instcat_y03_191109/job_log_00661600.txt
HTAR: a   instcat_y03_191109/job_log_00661601.txt
HTAR: a   instcat_y03_191109/job_log_00661602.txt
HTAR: a   instcat_y03_191109/job_log_00661603.txt
HTAR: a   instcat_y03_191109/job_log_00661604.txt
HTAR: a   instcat_y03_191109/job_log_00661623.txt
HTAR: a   instcat_y03_191109/job_log_00661636.txt
HTAR: a   instcat_y03_191109/job_log_00661637.txt
HTAR: a   instcat_y03_191109/job_log_00661638.txt
HTAR: a   instcat_y03_191109/job_log_00661639.txt
HTAR: a   instcat_y03_191109/job_log_00661640.txt
HTAR: a   instcat_y03_191109/job_log_00661641.txt
HTAR: a   instcat_y03_191109/job_log_00661642.txt
HTAR: a   instcat_y03_191109/job_log_00661643.txt
HTAR: a   instcat_y03_191109/job_log_00661650.txt
HTAR: a   instcat_y03_191109/job_log_00661651.txt
HTAR: a   instcat_y03_191109/job_log_00661652.txt
HTAR: a   instcat_y03_191109/job_log_00661653.txt
HTAR: a   instcat_y03_191109/job_log_00661654.txt
HTAR: a   instcat_y03_191109/job_log_00661655.txt
HTAR: a   instcat_y03_191109/job_log_00661676.txt
HTAR: a   instcat_y03_191109/job_log_00661679.txt
HTAR: a   instcat_y03_191109/job_log_00661680.txt
HTAR: a   instcat_y03_191109/job_log_00661681.txt
HTAR: a   instcat_y03_191109/job_log_00661682.txt
HTAR: a   instcat_y03_191109/job_log_00661683.txt
HTAR: a   instcat_y03_191109/job_log_00661684.txt
HTAR: a   instcat_y03_191109/job_log_00661688.txt
HTAR: a   instcat_y03_191109/job_log_00661689.txt
HTAR: a   instcat_y03_191109/job_log_00661690.txt
HTAR: a   instcat_y03_191109/job_log_00661691.txt
HTAR: a   instcat_y03_191109/job_log_00661692.txt
HTAR: a   instcat_y03_191109/job_log_00661693.txt
HTAR: a   instcat_y03_191109/job_log_00661713.txt
HTAR: a   instcat_y03_191109/job_log_00661717.txt
HTAR: a   instcat_y03_191109/job_log_00661718.txt
HTAR: a   instcat_y03_191109/job_log_00661719.txt
HTAR: a   instcat_y03_191109/job_log_00661720.txt
HTAR: a   instcat_y03_191109/job_log_00661721.txt
HTAR: a   instcat_y03_191109/job_log_00661722.txt
HTAR: a   instcat_y03_191109/job_log_00661723.txt
HTAR: a   instcat_y03_191109/job_log_00661727.txt
HTAR: a   instcat_y03_191109/job_log_00661737.txt
HTAR: a   instcat_y03_191109/job_log_00661759.txt
HTAR: a   instcat_y03_191109/job_log_00661777.txt
HTAR: a   instcat_y03_191109/job_log_00661876.txt
HTAR: a   instcat_y03_191109/job_log_00662433.txt
HTAR: a   instcat_y03_191109/job_log_00662434.txt
HTAR: a   instcat_y03_191109/job_log_00662435.txt
HTAR: a   instcat_y03_191109/job_log_00662436.txt
HTAR: a   instcat_y03_191109/job_log_00662437.txt
HTAR: a   instcat_y03_191109/job_log_00662438.txt
HTAR: a   instcat_y03_191109/job_log_00662439.txt
HTAR: a   instcat_y03_191109/job_log_00662440.txt
HTAR: a   instcat_y03_191109/job_log_00662441.txt
HTAR: a   instcat_y03_191109/job_log_00662442.txt
HTAR: a   instcat_y03_191109/job_log_00662443.txt
HTAR: a   instcat_y03_191109/job_log_00662444.txt
HTAR: a   instcat_y03_191109/job_log_00662445.txt
HTAR: a   instcat_y03_191109/job_log_00662446.txt
HTAR: a   instcat_y03_191109/job_log_00662447.txt
HTAR: a   instcat_y03_191109/job_log_00662448.txt
HTAR: a   instcat_y03_191109/job_log_00662449.txt
HTAR: a   /tmp/HTAR_CF_CHK_18576_1575949543
HTAR Create complete for /home/projects/desc/DC2_ImSim/Run2.2i/instCat/y03_191109/00660883to00662449.tar. 547,185,072,128 bytes written for 236 member files, max threads: 50 Transfer time: 3903.403 seconds (140.182 MB/s) wallclock/user/sys: 3904.993 4685.344 1801.310 seconds
HTAR: HTAR SUCCESSFUL
HTAR: a   instcat_y03_191109/00662450.tar.gz
HTAR: a   instcat_y03_191109/00662451.tar.gz
HTAR: a   instcat_y03_191109/00662452.tar.gz
HTAR: a   instcat_y03_191109/00662483.tar.gz
HTAR: a   instcat_y03_191109/00662487.tar.gz
HTAR: a   instcat_y03_191109/00662488.tar.gz
HTAR: a   instcat_y03_191109/00662489.tar.gz
HTAR: a   instcat_y03_191109/00662490.tar.gz
HTAR: a   instcat_y03_191109/00662491.tar.gz
HTAR: a   instcat_y03_191109/00662492.tar.gz
HTAR: a   instcat_y03_191109/00662493.tar.gz
HTAR: a   instcat_y03_191109/00662494.tar.gz
HTAR: a   instcat_y03_191109/00662495.tar.gz
HTAR: a   instcat_y03_191109/00662496.tar.gz
HTAR: a   instcat_y03_191109/00662497.tar.gz
HTAR: a   instcat_y03_191109/00662498.tar.gz
HTAR: a   instcat_y03_191109/00662499.tar.gz
HTAR: a   instcat_y03_191109/00662501.tar.gz
HTAR: a   instcat_y03_191109/00662502.tar.gz
HTAR: a   instcat_y03_191109/00662518.tar.gz
HTAR: a   instcat_y03_191109/00662519.tar.gz
HTAR: a   instcat_y03_191109/00662520.tar.gz
HTAR: a   instcat_y03_191109/00662521.tar.gz
HTAR: a   instcat_y03_191109/00662522.tar.gz
HTAR: a   instcat_y03_191109/00662523.tar.gz
HTAR: a   instcat_y03_191109/00662524.tar.gz
HTAR: a   instcat_y03_191109/00662525.tar.gz
HTAR: a   instcat_y03_191109/00662526.tar.gz
HTAR: a   instcat_y03_191109/00662527.tar.gz
HTAR: a   instcat_y03_191109/00662528.tar.gz
HTAR: a   instcat_y03_191109/00662529.tar.gz
HTAR: a   instcat_y03_191109/00662530.tar.gz
HTAR: a   instcat_y03_191109/00662532.tar.gz
HTAR: a   instcat_y03_191109/00662533.tar.gz
HTAR: a   instcat_y03_191109/00662534.tar.gz
HTAR: a   instcat_y03_191109/00662539.tar.gz
HTAR: a   instcat_y03_191109/00662542.tar.gz
HTAR: a   instcat_y03_191109/00662543.tar.gz
HTAR: a   instcat_y03_191109/00662544.tar.gz
HTAR: a   instcat_y03_191109/00662545.tar.gz
HTAR: a   instcat_y03_191109/00662546.tar.gz
HTAR: a   instcat_y03_191109/00662583.tar.gz
HTAR: a   instcat_y03_191109/00662585.tar.gz
HTAR: a   instcat_y03_191109/00662586.tar.gz
HTAR: a   instcat_y03_191109/00662591.tar.gz
HTAR: a   instcat_y03_191109/00662592.tar.gz
HTAR: a   instcat_y03_191109/00662593.tar.gz
HTAR: a   instcat_y03_191109/00662594.tar.gz
HTAR: a   instcat_y03_191109/00662595.tar.gz
HTAR: a   instcat_y03_191109/00662598.tar.gz
HTAR: a   instcat_y03_191109/00662600.tar.gz
HTAR: a   instcat_y03_191109/00664534.tar.gz
HTAR: a   instcat_y03_191109/00664535.tar.gz
HTAR: a   instcat_y03_191109/00664536.tar.gz
HTAR: a   instcat_y03_191109/00664537.tar.gz
HTAR: a   instcat_y03_191109/00664538.tar.gz
HTAR: a   instcat_y03_191109/00664539.tar.gz
HTAR: a   instcat_y03_191109/00664541.tar.gz
HTAR: a   instcat_y03_191109/00664542.tar.gz
HTAR: a   instcat_y03_191109/00664557.tar.gz
HTAR: a   instcat_y03_191109/00664558.tar.gz
HTAR: a   instcat_y03_191109/00664559.tar.gz
HTAR: a   instcat_y03_191109/00664560.tar.gz
HTAR: a   instcat_y03_191109/00664561.tar.gz
HTAR: a   instcat_y03_191109/00664562.tar.gz
HTAR: a   instcat_y03_191109/00664563.tar.gz
HTAR: a   instcat_y03_191109/00664564.tar.gz
HTAR: a   instcat_y03_191109/00664565.tar.gz
HTAR: a   instcat_y03_191109/00664566.tar.gz
HTAR: a   instcat_y03_191109/00664567.tar.gz
HTAR: a   instcat_y03_191109/00664568.tar.gz
HTAR: a   instcat_y03_191109/00664569.tar.gz
HTAR: a   instcat_y03_191109/00664570.tar.gz
HTAR: a   instcat_y03_191109/00664571.tar.gz
HTAR: a   instcat_y03_191109/00664572.tar.gz
HTAR: a   instcat_y03_191109/00664573.tar.gz
HTAR: a   instcat_y03_191109/00664574.tar.gz
HTAR: a   instcat_y03_191109/00664575.tar.gz
HTAR: a   instcat_y03_191109/00664576.tar.gz
HTAR: a   instcat_y03_191109/00664577.tar.gz
HTAR: a   instcat_y03_191109/00664578.tar.gz
HTAR: a   instcat_y03_191109/00664579.tar.gz
HTAR: a   instcat_y03_191109/00664580.tar.gz
HTAR: a   instcat_y03_191109/00664581.tar.gz
HTAR: a   instcat_y03_191109/00664582.tar.gz
HTAR: a   instcat_y03_191109/00664583.tar.gz
HTAR: a   instcat_y03_191109/00664584.tar.gz
HTAR: a   instcat_y03_191109/00664585.tar.gz
HTAR: a   instcat_y03_191109/00664586.tar.gz
HTAR: a   instcat_y03_191109/00664587.tar.gz
HTAR: a   instcat_y03_191109/00664588.tar.gz
HTAR: a   instcat_y03_191109/00664589.tar.gz
HTAR: a   instcat_y03_191109/00664590.tar.gz
HTAR: a   instcat_y03_191109/00664591.tar.gz
HTAR: a   instcat_y03_191109/00664592.tar.gz
HTAR: a   instcat_y03_191109/00664593.tar.gz
HTAR: a   instcat_y03_191109/00664594.tar.gz
HTAR: a   instcat_y03_191109/00664595.tar.gz
HTAR: a   instcat_y03_191109/00664596.tar.gz
HTAR: a   instcat_y03_191109/00664597.tar.gz
HTAR: a   instcat_y03_191109/00664598.tar.gz
HTAR: a   instcat_y03_191109/00664599.tar.gz
HTAR: a   instcat_y03_191109/00664600.tar.gz
HTAR: a   instcat_y03_191109/00664601.tar.gz
HTAR: a   instcat_y03_191109/00664602.tar.gz
HTAR: a   instcat_y03_191109/00664603.tar.gz
HTAR: a   instcat_y03_191109/00664604.tar.gz
HTAR: a   instcat_y03_191109/00664605.tar.gz
HTAR: a   instcat_y03_191109/00664606.tar.gz
HTAR: a   instcat_y03_191109/00664607.tar.gz
HTAR: a   instcat_y03_191109/00664608.tar.gz
HTAR: a   instcat_y03_191109/00664609.tar.gz
HTAR: a   instcat_y03_191109/00664610.tar.gz
HTAR: a   instcat_y03_191109/00664611.tar.gz
HTAR: a   instcat_y03_191109/00664612.tar.gz
HTAR: a   instcat_y03_191109/00664613.tar.gz
HTAR: a   instcat_y03_191109/00664614.tar.gz
HTAR: a   instcat_y03_191109/00664615.tar.gz
HTAR: a   instcat_y03_191109/job_log_00662450.txt
HTAR: a   instcat_y03_191109/job_log_00662451.txt
HTAR: a   instcat_y03_191109/job_log_00662452.txt
HTAR: a   instcat_y03_191109/job_log_00662483.txt
HTAR: a   instcat_y03_191109/job_log_00662487.txt
HTAR: a   instcat_y03_191109/job_log_00662488.txt
HTAR: a   instcat_y03_191109/job_log_00662489.txt
HTAR: a   instcat_y03_191109/job_log_00662490.txt
HTAR: a   instcat_y03_191109/job_log_00662491.txt
HTAR: a   instcat_y03_191109/job_log_00662492.txt
HTAR: a   instcat_y03_191109/job_log_00662493.txt
HTAR: a   instcat_y03_191109/job_log_00662494.txt
HTAR: a   instcat_y03_191109/job_log_00662495.txt
HTAR: a   instcat_y03_191109/job_log_00662496.txt
HTAR: a   instcat_y03_191109/job_log_00662497.txt
HTAR: a   instcat_y03_191109/job_log_00662498.txt
HTAR: a   instcat_y03_191109/job_log_00662499.txt
HTAR: a   instcat_y03_191109/job_log_00662501.txt
HTAR: a   instcat_y03_191109/job_log_00662502.txt
HTAR: a   instcat_y03_191109/job_log_00662518.txt
HTAR: a   instcat_y03_191109/job_log_00662519.txt
HTAR: a   instcat_y03_191109/job_log_00662520.txt
HTAR: a   instcat_y03_191109/job_log_00662521.txt
HTAR: a   instcat_y03_191109/job_log_00662522.txt
HTAR: a   instcat_y03_191109/job_log_00662523.txt
HTAR: a   instcat_y03_191109/job_log_00662524.txt
HTAR: a   instcat_y03_191109/job_log_00662525.txt
HTAR: a   instcat_y03_191109/job_log_00662526.txt
HTAR: a   instcat_y03_191109/job_log_00662527.txt
HTAR: a   instcat_y03_191109/job_log_00662528.txt
HTAR: a   instcat_y03_191109/job_log_00662529.txt
HTAR: a   instcat_y03_191109/job_log_00662530.txt
HTAR: a   instcat_y03_191109/job_log_00662532.txt
HTAR: a   instcat_y03_191109/job_log_00662533.txt
HTAR: a   instcat_y03_191109/job_log_00662534.txt
HTAR: a   instcat_y03_191109/job_log_00662539.txt
HTAR: a   instcat_y03_191109/job_log_00662542.txt
HTAR: a   instcat_y03_191109/job_log_00662543.txt
HTAR: a   instcat_y03_191109/job_log_00662544.txt
HTAR: a   instcat_y03_191109/job_log_00662545.txt
HTAR: a   instcat_y03_191109/job_log_00662546.txt
HTAR: a   instcat_y03_191109/job_log_00662583.txt
HTAR: a   instcat_y03_191109/job_log_00662585.txt
HTAR: a   instcat_y03_191109/job_log_00662586.txt
HTAR: a   instcat_y03_191109/job_log_00662591.txt
HTAR: a   instcat_y03_191109/job_log_00662592.txt
HTAR: a   instcat_y03_191109/job_log_00662593.txt
HTAR: a   instcat_y03_191109/job_log_00662594.txt
HTAR: a   instcat_y03_191109/job_log_00662595.txt
HTAR: a   instcat_y03_191109/job_log_00662598.txt
HTAR: a   instcat_y03_191109/job_log_00662600.txt
HTAR: a   instcat_y03_191109/job_log_00664534.txt
HTAR: a   instcat_y03_191109/job_log_00664535.txt
HTAR: a   instcat_y03_191109/job_log_00664536.txt
HTAR: a   instcat_y03_191109/job_log_00664537.txt
HTAR: a   instcat_y03_191109/job_log_00664538.txt
HTAR: a   instcat_y03_191109/job_log_00664539.txt
HTAR: a   instcat_y03_191109/job_log_00664541.txt
HTAR: a   instcat_y03_191109/job_log_00664542.txt
HTAR: a   instcat_y03_191109/job_log_00664557.txt
HTAR: a   instcat_y03_191109/job_log_00664558.txt
HTAR: a   instcat_y03_191109/job_log_00664559.txt
HTAR: a   instcat_y03_191109/job_log_00664560.txt
HTAR: a   instcat_y03_191109/job_log_00664561.txt
HTAR: a   instcat_y03_191109/job_log_00664562.txt
HTAR: a   instcat_y03_191109/job_log_00664563.txt
HTAR: a   instcat_y03_191109/job_log_00664564.txt
HTAR: a   instcat_y03_191109/job_log_00664565.txt
HTAR: a   instcat_y03_191109/job_log_00664566.txt
HTAR: a   instcat_y03_191109/job_log_00664567.txt
HTAR: a   instcat_y03_191109/job_log_00664568.txt
HTAR: a   instcat_y03_191109/job_log_00664569.txt
HTAR: a   instcat_y03_191109/job_log_00664570.txt
HTAR: a   instcat_y03_191109/job_log_00664571.txt
HTAR: a   instcat_y03_191109/job_log_00664572.txt
HTAR: a   instcat_y03_191109/job_log_00664573.txt
HTAR: a   instcat_y03_191109/job_log_00664574.txt
HTAR: a   instcat_y03_191109/job_log_00664575.txt
HTAR: a   instcat_y03_191109/job_log_00664576.txt
HTAR: a   instcat_y03_191109/job_log_00664577.txt
HTAR: a   instcat_y03_191109/job_log_00664578.txt
HTAR: a   instcat_y03_191109/job_log_00664579.txt
HTAR: a   instcat_y03_191109/job_log_00664580.txt
HTAR: a   instcat_y03_191109/job_log_00664581.txt
HTAR: a   instcat_y03_191109/job_log_00664582.txt
HTAR: a   instcat_y03_191109/job_log_00664583.txt
HTAR: a   instcat_y03_191109/job_log_00664584.txt
HTAR: a   instcat_y03_191109/job_log_00664585.txt
HTAR: a   instcat_y03_191109/job_log_00664586.txt
HTAR: a   instcat_y03_191109/job_log_00664587.txt
HTAR: a   instcat_y03_191109/job_log_00664588.txt
HTAR: a   instcat_y03_191109/job_log_00664589.txt
HTAR: a   instcat_y03_191109/job_log_00664590.txt
HTAR: a   instcat_y03_191109/job_log_00664591.txt
HTAR: a   instcat_y03_191109/job_log_00664592.txt
HTAR: a   instcat_y03_191109/job_log_00664593.txt
HTAR: a   instcat_y03_191109/job_log_00664594.txt
HTAR: a   instcat_y03_191109/job_log_00664595.txt
HTAR: a   instcat_y03_191109/job_log_00664596.txt
HTAR: a   instcat_y03_191109/job_log_00664597.txt
HTAR: a   instcat_y03_191109/job_log_00664598.txt
HTAR: a   instcat_y03_191109/job_log_00664599.txt
HTAR: a   instcat_y03_191109/job_log_00664600.txt
HTAR: a   instcat_y03_191109/job_log_00664601.txt
HTAR: a   instcat_y03_191109/job_log_00664602.txt
HTAR: a   instcat_y03_191109/job_log_00664603.txt
HTAR: a   instcat_y03_191109/job_log_00664604.txt
HTAR: a   instcat_y03_191109/job_log_00664605.txt
HTAR: a   instcat_y03_191109/job_log_00664606.txt
HTAR: a   instcat_y03_191109/job_log_00664607.txt
HTAR: a   instcat_y03_191109/job_log_00664608.txt
HTAR: a   instcat_y03_191109/job_log_00664609.txt
HTAR: a   instcat_y03_191109/job_log_00664610.txt
HTAR: a   instcat_y03_191109/job_log_00664611.txt
HTAR: a   instcat_y03_191109/job_log_00664612.txt
HTAR: a   instcat_y03_191109/job_log_00664613.txt
HTAR: a   instcat_y03_191109/job_log_00664614.txt
HTAR: a   instcat_y03_191109/job_log_00664615.txt
HTAR: a   /tmp/HTAR_CF_CHK_8529_1575953452
HTAR Create complete for /home/projects/desc/DC2_ImSim/Run2.2i/instCat/y03_191109/00662450to00664615.tar. 547,523,112,960 bytes written for 236 member files, max threads: 50 Transfer time: 3868.853 seconds (141.521 MB/s) wallclock/user/sys: 3870.834 4644.773 1791.063 seconds
HTAR: HTAR SUCCESSFUL
HTAR: a   instcat_y03_191109/00664616.tar.gz
HTAR: a   instcat_y03_191109/00664617.tar.gz
HTAR: a   instcat_y03_191109/00664618.tar.gz
HTAR: a   instcat_y03_191109/00664619.tar.gz
HTAR: a   instcat_y03_191109/00664620.tar.gz
HTAR: a   instcat_y03_191109/00664621.tar.gz
HTAR: a   instcat_y03_191109/00664622.tar.gz
HTAR: a   instcat_y03_191109/00664623.tar.gz
HTAR: a   instcat_y03_191109/00664624.tar.gz
HTAR: a   instcat_y03_191109/00664625.tar.gz
HTAR: a   instcat_y03_191109/00664626.tar.gz
HTAR: a   instcat_y03_191109/00664627.tar.gz
HTAR: a   instcat_y03_191109/00664628.tar.gz
HTAR: a   instcat_y03_191109/00664629.tar.gz
HTAR: a   instcat_y03_191109/00664630.tar.gz
HTAR: a   instcat_y03_191109/00664631.tar.gz
HTAR: a   instcat_y03_191109/00664632.tar.gz
HTAR: a   instcat_y03_191109/00664633.tar.gz
HTAR: a   instcat_y03_191109/00664634.tar.gz
HTAR: a   instcat_y03_191109/00664635.tar.gz
HTAR: a   instcat_y03_191109/00664636.tar.gz
HTAR: a   instcat_y03_191109/00664637.tar.gz
HTAR: a   instcat_y03_191109/00664638.tar.gz
HTAR: a   instcat_y03_191109/00664639.tar.gz
HTAR: a   instcat_y03_191109/00664640.tar.gz
HTAR: a   instcat_y03_191109/00664641.tar.gz
HTAR: a   instcat_y03_191109/00664642.tar.gz
HTAR: a   instcat_y03_191109/00664643.tar.gz
HTAR: a   instcat_y03_191109/00664644.tar.gz
HTAR: a   instcat_y03_191109/00664645.tar.gz
HTAR: a   instcat_y03_191109/00664646.tar.gz
HTAR: a   instcat_y03_191109/00664647.tar.gz
HTAR: a   instcat_y03_191109/00664648.tar.gz
HTAR: a   instcat_y03_191109/00664649.tar.gz
HTAR: a   instcat_y03_191109/00664650.tar.gz
HTAR: a   instcat_y03_191109/00664651.tar.gz
HTAR: a   instcat_y03_191109/00664652.tar.gz
HTAR: a   instcat_y03_191109/00665546.tar.gz
HTAR: a   instcat_y03_191109/00665547.tar.gz
HTAR: a   instcat_y03_191109/00665548.tar.gz
HTAR: a   instcat_y03_191109/00665549.tar.gz
HTAR: a   instcat_y03_191109/00665550.tar.gz
HTAR: a   instcat_y03_191109/00665551.tar.gz
HTAR: a   instcat_y03_191109/00665552.tar.gz
HTAR: a   instcat_y03_191109/00665553.tar.gz
HTAR: a   instcat_y03_191109/00665554.tar.gz
HTAR: a   instcat_y03_191109/00665555.tar.gz
HTAR: a   instcat_y03_191109/00665561.tar.gz
HTAR: a   instcat_y03_191109/00665563.tar.gz
HTAR: a   instcat_y03_191109/00665597.tar.gz
HTAR: a   instcat_y03_191109/00665637.tar.gz
HTAR: a   instcat_y03_191109/00665645.tar.gz
HTAR: a   instcat_y03_191109/00665646.tar.gz
HTAR: a   instcat_y03_191109/00665647.tar.gz
HTAR: a   instcat_y03_191109/00665651.tar.gz
HTAR: a   instcat_y03_191109/00665652.tar.gz
HTAR: a   instcat_y03_191109/00665653.tar.gz
HTAR: a   instcat_y03_191109/00665654.tar.gz
HTAR: a   instcat_y03_191109/00665655.tar.gz
HTAR: a   instcat_y03_191109/00665656.tar.gz
HTAR: a   instcat_y03_191109/00665657.tar.gz
HTAR: a   instcat_y03_191109/00665661.tar.gz
HTAR: a   instcat_y03_191109/00665663.tar.gz
HTAR: a   instcat_y03_191109/00665664.tar.gz
HTAR: a   instcat_y03_191109/00665665.tar.gz
HTAR: a   instcat_y03_191109/00665666.tar.gz
HTAR: a   instcat_y03_191109/00665667.tar.gz
HTAR: a   instcat_y03_191109/00665686.tar.gz
HTAR: a   instcat_y03_191109/00665687.tar.gz
HTAR: a   instcat_y03_191109/00665690.tar.gz
HTAR: a   instcat_y03_191109/00665691.tar.gz
HTAR: a   instcat_y03_191109/00665692.tar.gz
HTAR: a   instcat_y03_191109/00665693.tar.gz
HTAR: a   instcat_y03_191109/00665694.tar.gz
HTAR: a   instcat_y03_191109/00665695.tar.gz
HTAR: a   instcat_y03_191109/00665696.tar.gz
HTAR: a   instcat_y03_191109/00665701.tar.gz
HTAR: a   instcat_y03_191109/00665702.tar.gz
HTAR: a   instcat_y03_191109/00665703.tar.gz
HTAR: a   instcat_y03_191109/00665704.tar.gz
HTAR: a   instcat_y03_191109/00665705.tar.gz
HTAR: a   instcat_y03_191109/00665706.tar.gz
HTAR: a   instcat_y03_191109/00665707.tar.gz
HTAR: a   instcat_y03_191109/00665753.tar.gz
HTAR: a   instcat_y03_191109/00665754.tar.gz
HTAR: a   instcat_y03_191109/00665803.tar.gz
HTAR: a   instcat_y03_191109/00665804.tar.gz
HTAR: a   instcat_y03_191109/00665805.tar.gz
HTAR: a   instcat_y03_191109/00665806.tar.gz
HTAR: a   instcat_y03_191109/00665807.tar.gz
HTAR: a   instcat_y03_191109/00665808.tar.gz
HTAR: a   instcat_y03_191109/00666217.tar.gz
HTAR: a   instcat_y03_191109/00666218.tar.gz
HTAR: a   instcat_y03_191109/00666219.tar.gz
HTAR: a   instcat_y03_191109/00666231.tar.gz
HTAR: a   instcat_y03_191109/00666238.tar.gz
HTAR: a   instcat_y03_191109/00666252.tar.gz
HTAR: a   instcat_y03_191109/00666253.tar.gz
HTAR: a   instcat_y03_191109/00666254.tar.gz
HTAR: a   instcat_y03_191109/00666258.tar.gz
HTAR: a   instcat_y03_191109/00666259.tar.gz
HTAR: a   instcat_y03_191109/00666260.tar.gz
HTAR: a   instcat_y03_191109/00666270.tar.gz
HTAR: a   instcat_y03_191109/00666271.tar.gz
HTAR: a   instcat_y03_191109/00666277.tar.gz
HTAR: a   instcat_y03_191109/00666278.tar.gz
HTAR: a   instcat_y03_191109/00666279.tar.gz
HTAR: a   instcat_y03_191109/00666280.tar.gz
HTAR: a   instcat_y03_191109/00666281.tar.gz
HTAR: a   instcat_y03_191109/00666282.tar.gz
HTAR: a   instcat_y03_191109/00666283.tar.gz
HTAR: a   instcat_y03_191109/00666284.tar.gz
HTAR: a   instcat_y03_191109/00666291.tar.gz
HTAR: a   instcat_y03_191109/00666312.tar.gz
HTAR: a   instcat_y03_191109/00666313.tar.gz
HTAR: a   instcat_y03_191109/00666314.tar.gz
HTAR: a   instcat_y03_191109/00666315.tar.gz
HTAR: a   instcat_y03_191109/00666316.tar.gz
HTAR: a   instcat_y03_191109/job_log_00664616.txt
HTAR: a   instcat_y03_191109/job_log_00664617.txt
HTAR: a   instcat_y03_191109/job_log_00664618.txt
HTAR: a   instcat_y03_191109/job_log_00664619.txt
HTAR: a   instcat_y03_191109/job_log_00664620.txt
HTAR: a   instcat_y03_191109/job_log_00664621.txt
HTAR: a   instcat_y03_191109/job_log_00664622.txt
HTAR: a   instcat_y03_191109/job_log_00664623.txt
HTAR: a   instcat_y03_191109/job_log_00664624.txt
HTAR: a   instcat_y03_191109/job_log_00664625.txt
HTAR: a   instcat_y03_191109/job_log_00664626.txt
HTAR: a   instcat_y03_191109/job_log_00664627.txt
HTAR: a   instcat_y03_191109/job_log_00664628.txt
HTAR: a   instcat_y03_191109/job_log_00664629.txt
HTAR: a   instcat_y03_191109/job_log_00664630.txt
HTAR: a   instcat_y03_191109/job_log_00664631.txt
HTAR: a   instcat_y03_191109/job_log_00664632.txt
HTAR: a   instcat_y03_191109/job_log_00664633.txt
HTAR: a   instcat_y03_191109/job_log_00664634.txt
HTAR: a   instcat_y03_191109/job_log_00664635.txt
HTAR: a   instcat_y03_191109/job_log_00664636.txt
HTAR: a   instcat_y03_191109/job_log_00664637.txt
HTAR: a   instcat_y03_191109/job_log_00664638.txt
HTAR: a   instcat_y03_191109/job_log_00664639.txt
HTAR: a   instcat_y03_191109/job_log_00664640.txt
HTAR: a   instcat_y03_191109/job_log_00664641.txt
HTAR: a   instcat_y03_191109/job_log_00664642.txt
HTAR: a   instcat_y03_191109/job_log_00664643.txt
HTAR: a   instcat_y03_191109/job_log_00664644.txt
HTAR: a   instcat_y03_191109/job_log_00664645.txt
HTAR: a   instcat_y03_191109/job_log_00664646.txt
HTAR: a   instcat_y03_191109/job_log_00664647.txt
HTAR: a   instcat_y03_191109/job_log_00664648.txt
HTAR: a   instcat_y03_191109/job_log_00664649.txt
HTAR: a   instcat_y03_191109/job_log_00664650.txt
HTAR: a   instcat_y03_191109/job_log_00664651.txt
HTAR: a   instcat_y03_191109/job_log_00664652.txt
HTAR: a   instcat_y03_191109/job_log_00665546.txt
HTAR: a   instcat_y03_191109/job_log_00665547.txt
HTAR: a   instcat_y03_191109/job_log_00665548.txt
HTAR: a   instcat_y03_191109/job_log_00665549.txt
HTAR: a   instcat_y03_191109/job_log_00665550.txt
HTAR: a   instcat_y03_191109/job_log_00665551.txt
HTAR: a   instcat_y03_191109/job_log_00665552.txt
HTAR: a   instcat_y03_191109/job_log_00665553.txt
HTAR: a   instcat_y03_191109/job_log_00665554.txt
HTAR: a   instcat_y03_191109/job_log_00665555.txt
HTAR: a   instcat_y03_191109/job_log_00665561.txt
HTAR: a   instcat_y03_191109/job_log_00665563.txt
HTAR: a   instcat_y03_191109/job_log_00665597.txt
HTAR: a   instcat_y03_191109/job_log_00665637.txt
HTAR: a   instcat_y03_191109/job_log_00665645.txt
HTAR: a   instcat_y03_191109/job_log_00665646.txt
HTAR: a   instcat_y03_191109/job_log_00665647.txt
HTAR: a   instcat_y03_191109/job_log_00665651.txt
HTAR: a   instcat_y03_191109/job_log_00665652.txt
HTAR: a   instcat_y03_191109/job_log_00665653.txt
HTAR: a   instcat_y03_191109/job_log_00665654.txt
HTAR: a   instcat_y03_191109/job_log_00665655.txt
HTAR: a   instcat_y03_191109/job_log_00665656.txt
HTAR: a   instcat_y03_191109/job_log_00665657.txt
HTAR: a   instcat_y03_191109/job_log_00665661.txt
HTAR: a   instcat_y03_191109/job_log_00665663.txt
HTAR: a   instcat_y03_191109/job_log_00665664.txt
HTAR: a   instcat_y03_191109/job_log_00665665.txt
HTAR: a   instcat_y03_191109/job_log_00665666.txt
HTAR: a   instcat_y03_191109/job_log_00665667.txt
HTAR: a   instcat_y03_191109/job_log_00665686.txt
HTAR: a   instcat_y03_191109/job_log_00665687.txt
HTAR: a   instcat_y03_191109/job_log_00665690.txt
HTAR: a   instcat_y03_191109/job_log_00665691.txt
HTAR: a   instcat_y03_191109/job_log_00665692.txt
HTAR: a   instcat_y03_191109/job_log_00665693.txt
HTAR: a   instcat_y03_191109/job_log_00665694.txt
HTAR: a   instcat_y03_191109/job_log_00665695.txt
HTAR: a   instcat_y03_191109/job_log_00665696.txt
HTAR: a   instcat_y03_191109/job_log_00665701.txt
HTAR: a   instcat_y03_191109/job_log_00665702.txt
HTAR: a   instcat_y03_191109/job_log_00665703.txt
HTAR: a   instcat_y03_191109/job_log_00665704.txt
HTAR: a   instcat_y03_191109/job_log_00665705.txt
HTAR: a   instcat_y03_191109/job_log_00665706.txt
HTAR: a   instcat_y03_191109/job_log_00665707.txt
HTAR: a   instcat_y03_191109/job_log_00665753.txt
HTAR: a   instcat_y03_191109/job_log_00665754.txt
HTAR: a   instcat_y03_191109/job_log_00665803.txt
HTAR: a   instcat_y03_191109/job_log_00665804.txt
HTAR: a   instcat_y03_191109/job_log_00665805.txt
HTAR: a   instcat_y03_191109/job_log_00665806.txt
HTAR: a   instcat_y03_191109/job_log_00665807.txt
HTAR: a   instcat_y03_191109/job_log_00665808.txt
HTAR: a   instcat_y03_191109/job_log_00666217.txt
HTAR: a   instcat_y03_191109/job_log_00666218.txt
HTAR: a   instcat_y03_191109/job_log_00666219.txt
HTAR: a   instcat_y03_191109/job_log_00666231.txt
HTAR: a   instcat_y03_191109/job_log_00666238.txt
HTAR: a   instcat_y03_191109/job_log_00666252.txt
HTAR: a   instcat_y03_191109/job_log_00666253.txt
HTAR: a   instcat_y03_191109/job_log_00666254.txt
HTAR: a   instcat_y03_191109/job_log_00666258.txt
HTAR: a   instcat_y03_191109/job_log_00666259.txt
HTAR: a   instcat_y03_191109/job_log_00666260.txt
HTAR: a   instcat_y03_191109/job_log_00666270.txt
HTAR: a   instcat_y03_191109/job_log_00666271.txt
HTAR: a   instcat_y03_191109/job_log_00666277.txt
HTAR: a   instcat_y03_191109/job_log_00666278.txt
HTAR: a   instcat_y03_191109/job_log_00666279.txt
HTAR: a   instcat_y03_191109/job_log_00666280.txt
HTAR: a   instcat_y03_191109/job_log_00666281.txt
HTAR: a   instcat_y03_191109/job_log_00666282.txt
HTAR: a   instcat_y03_191109/job_log_00666283.txt
HTAR: a   instcat_y03_191109/job_log_00666284.txt
HTAR: a   instcat_y03_191109/job_log_00666291.txt
HTAR: a   instcat_y03_191109/job_log_00666312.txt
HTAR: a   instcat_y03_191109/job_log_00666313.txt
HTAR: a   instcat_y03_191109/job_log_00666314.txt
HTAR: a   instcat_y03_191109/job_log_00666315.txt
HTAR: a   instcat_y03_191109/job_log_00666316.txt
HTAR: a   /tmp/HTAR_CF_CHK_7053_1575957326
HTAR Create complete for /home/projects/desc/DC2_ImSim/Run2.2i/instCat/y03_191109/00664616to00666316.tar. 534,270,916,608 bytes written for 236 member files, max threads: 50 Transfer time: 3732.763 seconds (143.130 MB/s) wallclock/user/sys: 3735.539 3923.343 2590.845 seconds
HTAR: HTAR SUCCESSFUL
HTAR: a   instcat_y03_191109/00666317.tar.gz
HTAR: a   instcat_y03_191109/00666318.tar.gz
HTAR: a   instcat_y03_191109/00666319.tar.gz
HTAR: a   instcat_y03_191109/00666320.tar.gz
HTAR: a   instcat_y03_191109/00666326.tar.gz
HTAR: a   instcat_y03_191109/00666349.tar.gz
HTAR: a   instcat_y03_191109/00666350.tar.gz
HTAR: a   instcat_y03_191109/00666351.tar.gz
HTAR: a   instcat_y03_191109/00666352.tar.gz
HTAR: a   instcat_y03_191109/00666353.tar.gz
HTAR: a   instcat_y03_191109/00666354.tar.gz
HTAR: a   instcat_y03_191109/00666355.tar.gz
HTAR: a   instcat_y03_191109/00666356.tar.gz
HTAR: a   instcat_y03_191109/00666357.tar.gz
HTAR: a   instcat_y03_191109/00666358.tar.gz
HTAR: a   instcat_y03_191109/00666359.tar.gz
HTAR: a   instcat_y03_191109/00666366.tar.gz
HTAR: a   instcat_y03_191109/00666367.tar.gz
HTAR: a   instcat_y03_191109/00666368.tar.gz
HTAR: a   instcat_y03_191109/00666369.tar.gz
HTAR: a   instcat_y03_191109/00666370.tar.gz
HTAR: a   instcat_y03_191109/00666375.tar.gz
HTAR: a   instcat_y03_191109/00666376.tar.gz
HTAR: a   instcat_y03_191109/00666390.tar.gz
HTAR: a   instcat_y03_191109/00666391.tar.gz
HTAR: a   instcat_y03_191109/00666392.tar.gz
HTAR: a   instcat_y03_191109/00666393.tar.gz
HTAR: a   instcat_y03_191109/00666394.tar.gz
HTAR: a   instcat_y03_191109/00666403.tar.gz
HTAR: a   instcat_y03_191109/00666404.tar.gz
HTAR: a   instcat_y03_191109/00666405.tar.gz
HTAR: a   instcat_y03_191109/00666420.tar.gz
HTAR: a   instcat_y03_191109/00666421.tar.gz
HTAR: a   instcat_y03_191109/00666423.tar.gz
HTAR: a   instcat_y03_191109/00666424.tar.gz
HTAR: a   instcat_y03_191109/00666425.tar.gz
HTAR: a   instcat_y03_191109/00666427.tar.gz
HTAR: a   instcat_y03_191109/00666441.tar.gz
HTAR: a   instcat_y03_191109/00666443.tar.gz
HTAR: a   instcat_y03_191109/00666444.tar.gz
HTAR: a   instcat_y03_191109/00666470.tar.gz
HTAR: a   instcat_y03_191109/00666471.tar.gz
HTAR: a   instcat_y03_191109/00667122.tar.gz
HTAR: a   instcat_y03_191109/00667132.tar.gz
HTAR: a   instcat_y03_191109/00667133.tar.gz
HTAR: a   instcat_y03_191109/00667134.tar.gz
HTAR: a   instcat_y03_191109/00667140.tar.gz
HTAR: a   instcat_y03_191109/00667141.tar.gz
HTAR: a   instcat_y03_191109/00667142.tar.gz
HTAR: a   instcat_y03_191109/00667143.tar.gz
HTAR: a   instcat_y03_191109/00667144.tar.gz
HTAR: a   instcat_y03_191109/00667145.tar.gz
HTAR: a   instcat_y03_191109/00667146.tar.gz
HTAR: a   instcat_y03_191109/00667147.tar.gz
HTAR: a   instcat_y03_191109/00667149.tar.gz
HTAR: a   instcat_y03_191109/00667150.tar.gz
HTAR: a   instcat_y03_191109/00667158.tar.gz
HTAR: a   instcat_y03_191109/00667159.tar.gz
HTAR: a   instcat_y03_191109/00667356.tar.gz
HTAR: a   instcat_y03_191109/00668123.tar.gz
HTAR: a   instcat_y03_191109/00668124.tar.gz
HTAR: a   instcat_y03_191109/00668125.tar.gz
HTAR: a   instcat_y03_191109/00668126.tar.gz
HTAR: a   instcat_y03_191109/00668127.tar.gz
HTAR: a   instcat_y03_191109/00668128.tar.gz
HTAR: a   instcat_y03_191109/00668129.tar.gz
HTAR: a   instcat_y03_191109/00668133.tar.gz
HTAR: a   instcat_y03_191109/00668134.tar.gz
HTAR: a   instcat_y03_191109/00668141.tar.gz
HTAR: a   instcat_y03_191109/00668147.tar.gz
HTAR: a   instcat_y03_191109/00668148.tar.gz
HTAR: a   instcat_y03_191109/00668149.tar.gz
HTAR: a   instcat_y03_191109/00668150.tar.gz
HTAR: a   instcat_y03_191109/00668151.tar.gz
HTAR: a   instcat_y03_191109/00668152.tar.gz
HTAR: a   instcat_y03_191109/00668153.tar.gz
HTAR: a   instcat_y03_191109/00668157.tar.gz
HTAR: a   instcat_y03_191109/00668158.tar.gz
HTAR: a   instcat_y03_191109/00668159.tar.gz
HTAR: a   instcat_y03_191109/00668160.tar.gz
HTAR: a   instcat_y03_191109/00668161.tar.gz
HTAR: a   instcat_y03_191109/00668162.tar.gz
HTAR: a   instcat_y03_191109/00668163.tar.gz
HTAR: a   instcat_y03_191109/00668164.tar.gz
HTAR: a   instcat_y03_191109/00668259.tar.gz
HTAR: a   instcat_y03_191109/00668260.tar.gz
HTAR: a   instcat_y03_191109/00668261.tar.gz
HTAR: a   instcat_y03_191109/00668262.tar.gz
HTAR: a   instcat_y03_191109/00668263.tar.gz
HTAR: a   instcat_y03_191109/00668276.tar.gz
HTAR: a   instcat_y03_191109/00668286.tar.gz
HTAR: a   instcat_y03_191109/00668287.tar.gz
HTAR: a   instcat_y03_191109/00668288.tar.gz
HTAR: a   instcat_y03_191109/00668289.tar.gz
HTAR: a   instcat_y03_191109/00668905.tar.gz
HTAR: a   instcat_y03_191109/00669173.tar.gz
HTAR: a   instcat_y03_191109/00669174.tar.gz
HTAR: a   instcat_y03_191109/00669222.tar.gz
HTAR: a   instcat_y03_191109/00669788.tar.gz
HTAR: a   instcat_y03_191109/00669789.tar.gz
HTAR: a   instcat_y03_191109/00669790.tar.gz
HTAR: a   instcat_y03_191109/00669792.tar.gz
HTAR: a   instcat_y03_191109/00669793.tar.gz
HTAR: a   instcat_y03_191109/00669794.tar.gz
HTAR: a   instcat_y03_191109/00669795.tar.gz
HTAR: a   instcat_y03_191109/00669796.tar.gz
HTAR: a   instcat_y03_191109/00669797.tar.gz
HTAR: a   instcat_y03_191109/00669798.tar.gz
HTAR: a   instcat_y03_191109/00669799.tar.gz
HTAR: a   instcat_y03_191109/00669800.tar.gz
HTAR: a   instcat_y03_191109/00669801.tar.gz
HTAR: a   instcat_y03_191109/00669803.tar.gz
HTAR: a   instcat_y03_191109/00669804.tar.gz
HTAR: a   instcat_y03_191109/00669805.tar.gz
HTAR: a   instcat_y03_191109/00669806.tar.gz
HTAR: a   instcat_y03_191109/00669807.tar.gz
HTAR: a   instcat_y03_191109/00669808.tar.gz
HTAR: a   instcat_y03_191109/00669809.tar.gz
HTAR: a   instcat_y03_191109/job_log_00666317.txt
HTAR: a   instcat_y03_191109/job_log_00666318.txt
HTAR: a   instcat_y03_191109/job_log_00666319.txt
HTAR: a   instcat_y03_191109/job_log_00666320.txt
HTAR: a   instcat_y03_191109/job_log_00666326.txt
HTAR: a   instcat_y03_191109/job_log_00666349.txt
HTAR: a   instcat_y03_191109/job_log_00666350.txt
HTAR: a   instcat_y03_191109/job_log_00666351.txt
HTAR: a   instcat_y03_191109/job_log_00666352.txt
HTAR: a   instcat_y03_191109/job_log_00666353.txt
HTAR: a   instcat_y03_191109/job_log_00666354.txt
HTAR: a   instcat_y03_191109/job_log_00666355.txt
HTAR: a   instcat_y03_191109/job_log_00666356.txt
HTAR: a   instcat_y03_191109/job_log_00666357.txt
HTAR: a   instcat_y03_191109/job_log_00666358.txt
HTAR: a   instcat_y03_191109/job_log_00666359.txt
HTAR: a   instcat_y03_191109/job_log_00666366.txt
HTAR: a   instcat_y03_191109/job_log_00666367.txt
HTAR: a   instcat_y03_191109/job_log_00666368.txt
HTAR: a   instcat_y03_191109/job_log_00666369.txt
HTAR: a   instcat_y03_191109/job_log_00666370.txt
HTAR: a   instcat_y03_191109/job_log_00666375.txt
HTAR: a   instcat_y03_191109/job_log_00666376.txt
HTAR: a   instcat_y03_191109/job_log_00666390.txt
HTAR: a   instcat_y03_191109/job_log_00666391.txt
HTAR: a   instcat_y03_191109/job_log_00666392.txt
HTAR: a   instcat_y03_191109/job_log_00666393.txt
HTAR: a   instcat_y03_191109/job_log_00666394.txt
HTAR: a   instcat_y03_191109/job_log_00666403.txt
HTAR: a   instcat_y03_191109/job_log_00666404.txt
HTAR: a   instcat_y03_191109/job_log_00666405.txt
HTAR: a   instcat_y03_191109/job_log_00666420.txt
HTAR: a   instcat_y03_191109/job_log_00666421.txt
HTAR: a   instcat_y03_191109/job_log_00666423.txt
HTAR: a   instcat_y03_191109/job_log_00666424.txt
HTAR: a   instcat_y03_191109/job_log_00666425.txt
HTAR: a   instcat_y03_191109/job_log_00666427.txt
HTAR: a   instcat_y03_191109/job_log_00666441.txt
HTAR: a   instcat_y03_191109/job_log_00666443.txt
HTAR: a   instcat_y03_191109/job_log_00666444.txt
HTAR: a   instcat_y03_191109/job_log_00666470.txt
HTAR: a   instcat_y03_191109/job_log_00666471.txt
HTAR: a   instcat_y03_191109/job_log_00667122.txt
HTAR: a   instcat_y03_191109/job_log_00667132.txt
HTAR: a   instcat_y03_191109/job_log_00667133.txt
HTAR: a   instcat_y03_191109/job_log_00667134.txt
HTAR: a   instcat_y03_191109/job_log_00667140.txt
HTAR: a   instcat_y03_191109/job_log_00667141.txt
HTAR: a   instcat_y03_191109/job_log_00667142.txt
HTAR: a   instcat_y03_191109/job_log_00667143.txt
HTAR: a   instcat_y03_191109/job_log_00667144.txt
HTAR: a   instcat_y03_191109/job_log_00667145.txt
HTAR: a   instcat_y03_191109/job_log_00667146.txt
HTAR: a   instcat_y03_191109/job_log_00667147.txt
HTAR: a   instcat_y03_191109/job_log_00667149.txt
HTAR: a   instcat_y03_191109/job_log_00667150.txt
HTAR: a   instcat_y03_191109/job_log_00667158.txt
HTAR: a   instcat_y03_191109/job_log_00667159.txt
HTAR: a   instcat_y03_191109/job_log_00667356.txt
HTAR: a   instcat_y03_191109/job_log_00668123.txt
HTAR: a   instcat_y03_191109/job_log_00668124.txt
HTAR: a   instcat_y03_191109/job_log_00668125.txt
HTAR: a   instcat_y03_191109/job_log_00668126.txt
HTAR: a   instcat_y03_191109/job_log_00668127.txt
HTAR: a   instcat_y03_191109/job_log_00668128.txt
HTAR: a   instcat_y03_191109/job_log_00668129.txt
HTAR: a   instcat_y03_191109/job_log_00668133.txt
HTAR: a   instcat_y03_191109/job_log_00668134.txt
HTAR: a   instcat_y03_191109/job_log_00668141.txt
HTAR: a   instcat_y03_191109/job_log_00668147.txt
HTAR: a   instcat_y03_191109/job_log_00668148.txt
HTAR: a   instcat_y03_191109/job_log_00668149.txt
HTAR: a   instcat_y03_191109/job_log_00668150.txt
HTAR: a   instcat_y03_191109/job_log_00668151.txt
HTAR: a   instcat_y03_191109/job_log_00668152.txt
HTAR: a   instcat_y03_191109/job_log_00668153.txt
HTAR: a   instcat_y03_191109/job_log_00668157.txt
HTAR: a   instcat_y03_191109/job_log_00668158.txt
HTAR: a   instcat_y03_191109/job_log_00668159.txt
HTAR: a   instcat_y03_191109/job_log_00668160.txt
HTAR: a   instcat_y03_191109/job_log_00668161.txt
HTAR: a   instcat_y03_191109/job_log_00668162.txt
HTAR: a   instcat_y03_191109/job_log_00668163.txt
HTAR: a   instcat_y03_191109/job_log_00668164.txt
HTAR: a   instcat_y03_191109/job_log_00668259.txt
HTAR: a   instcat_y03_191109/job_log_00668260.txt
HTAR: a   instcat_y03_191109/job_log_00668261.txt
HTAR: a   instcat_y03_191109/job_log_00668262.txt
HTAR: a   instcat_y03_191109/job_log_00668263.txt
HTAR: a   instcat_y03_191109/job_log_00668276.txt
HTAR: a   instcat_y03_191109/job_log_00668286.txt
HTAR: a   instcat_y03_191109/job_log_00668287.txt
HTAR: a   instcat_y03_191109/job_log_00668288.txt
HTAR: a   instcat_y03_191109/job_log_00668289.txt
HTAR: a   instcat_y03_191109/job_log_00668905.txt
HTAR: a   instcat_y03_191109/job_log_00669173.txt
HTAR: a   instcat_y03_191109/job_log_00669174.txt
HTAR: a   instcat_y03_191109/job_log_00669222.txt
HTAR: a   instcat_y03_191109/job_log_00669788.txt
HTAR: a   instcat_y03_191109/job_log_00669789.txt
HTAR: a   instcat_y03_191109/job_log_00669790.txt
HTAR: a   instcat_y03_191109/job_log_00669792.txt
HTAR: a   instcat_y03_191109/job_log_00669793.txt
HTAR: a   instcat_y03_191109/job_log_00669794.txt
HTAR: a   instcat_y03_191109/job_log_00669795.txt
HTAR: a   instcat_y03_191109/job_log_00669796.txt
HTAR: a   instcat_y03_191109/job_log_00669797.txt
HTAR: a   instcat_y03_191109/job_log_00669798.txt
HTAR: a   instcat_y03_191109/job_log_00669799.txt
HTAR: a   instcat_y03_191109/job_log_00669800.txt
HTAR: a   instcat_y03_191109/job_log_00669801.txt
HTAR: a   instcat_y03_191109/job_log_00669803.txt
HTAR: a   instcat_y03_191109/job_log_00669804.txt
HTAR: a   instcat_y03_191109/job_log_00669805.txt
HTAR: a   instcat_y03_191109/job_log_00669806.txt
HTAR: a   instcat_y03_191109/job_log_00669807.txt
HTAR: a   instcat_y03_191109/job_log_00669808.txt
HTAR: a   instcat_y03_191109/job_log_00669809.txt
HTAR: a   /tmp/HTAR_CF_CHK_65085_1575961064
HTAR Create complete for /home/projects/desc/DC2_ImSim/Run2.2i/instCat/y03_191109/00666317to00669809.tar. 526,732,014,592 bytes written for 236 member files, max threads: 50 Transfer time: 3872.178 seconds (136.030 MB/s) wallclock/user/sys: 3874.463 4641.022 1768.305 seconds
HTAR: HTAR SUCCESSFUL
HTAR: a   instcat_y03_191109/00669810.tar.gz
HTAR: a   instcat_y03_191109/00669811.tar.gz
HTAR: a   instcat_y03_191109/00669812.tar.gz
HTAR: a   instcat_y03_191109/00669813.tar.gz
HTAR: a   instcat_y03_191109/00669814.tar.gz
HTAR: a   instcat_y03_191109/00669816.tar.gz
HTAR: a   instcat_y03_191109/00669817.tar.gz
HTAR: a   instcat_y03_191109/00669818.tar.gz
HTAR: a   instcat_y03_191109/00669819.tar.gz
HTAR: a   instcat_y03_191109/00669820.tar.gz
HTAR: a   instcat_y03_191109/00669821.tar.gz
HTAR: a   instcat_y03_191109/00669822.tar.gz
HTAR: a   instcat_y03_191109/00669828.tar.gz
HTAR: a   instcat_y03_191109/00669829.tar.gz
HTAR: a   instcat_y03_191109/00669830.tar.gz
HTAR: a   instcat_y03_191109/00669831.tar.gz
HTAR: a   instcat_y03_191109/00669833.tar.gz
HTAR: a   instcat_y03_191109/00669834.tar.gz
HTAR: a   instcat_y03_191109/00669854.tar.gz
HTAR: a   instcat_y03_191109/00669855.tar.gz
HTAR: a   instcat_y03_191109/00669865.tar.gz
HTAR: a   instcat_y03_191109/00669866.tar.gz
HTAR: a   instcat_y03_191109/00670722.tar.gz
HTAR: a   instcat_y03_191109/00670723.tar.gz
HTAR: a   instcat_y03_191109/00670759.tar.gz
HTAR: a   instcat_y03_191109/00670765.tar.gz
HTAR: a   instcat_y03_191109/00670766.tar.gz
HTAR: a   instcat_y03_191109/00670771.tar.gz
HTAR: a   instcat_y03_191109/00670819.tar.gz
HTAR: a   instcat_y03_191109/00670967.tar.gz
HTAR: a   instcat_y03_191109/00670968.tar.gz
HTAR: a   instcat_y03_191109/00670969.tar.gz
HTAR: a   instcat_y03_191109/00671002.tar.gz
HTAR: a   instcat_y03_191109/00671003.tar.gz
HTAR: a   instcat_y03_191109/00671023.tar.gz
HTAR: a   instcat_y03_191109/00671591.tar.gz
HTAR: a   instcat_y03_191109/00671592.tar.gz
HTAR: a   instcat_y03_191109/00671593.tar.gz
HTAR: a   instcat_y03_191109/00671594.tar.gz
HTAR: a   instcat_y03_191109/00671595.tar.gz
HTAR: a   instcat_y03_191109/00671596.tar.gz
HTAR: a   instcat_y03_191109/00671597.tar.gz
HTAR: a   instcat_y03_191109/00671598.tar.gz
HTAR: a   instcat_y03_191109/00671599.tar.gz
HTAR: a   instcat_y03_191109/00671618.tar.gz
HTAR: a   instcat_y03_191109/00671619.tar.gz
HTAR: a   instcat_y03_191109/00671620.tar.gz
HTAR: a   instcat_y03_191109/00671621.tar.gz
HTAR: a   instcat_y03_191109/00671622.tar.gz
HTAR: a   instcat_y03_191109/00671623.tar.gz
HTAR: a   instcat_y03_191109/00671624.tar.gz
HTAR: a   instcat_y03_191109/00671625.tar.gz
HTAR: a   instcat_y03_191109/00671626.tar.gz
HTAR: a   instcat_y03_191109/00671627.tar.gz
HTAR: a   instcat_y03_191109/00671628.tar.gz
HTAR: a   instcat_y03_191109/00671629.tar.gz
HTAR: a   instcat_y03_191109/00671630.tar.gz
HTAR: a   instcat_y03_191109/00671653.tar.gz
HTAR: a   instcat_y03_191109/00671654.tar.gz
HTAR: a   instcat_y03_191109/00671657.tar.gz
HTAR: a   instcat_y03_191109/00671658.tar.gz
HTAR: a   instcat_y03_191109/00671659.tar.gz
HTAR: a   instcat_y03_191109/00671660.tar.gz
HTAR: a   instcat_y03_191109/00671661.tar.gz
HTAR: a   instcat_y03_191109/00671662.tar.gz
HTAR: a   instcat_y03_191109/00671663.tar.gz
HTAR: a   instcat_y03_191109/00671664.tar.gz
HTAR: a   instcat_y03_191109/00671665.tar.gz
HTAR: a   instcat_y03_191109/00671666.tar.gz
HTAR: a   instcat_y03_191109/00671667.tar.gz
HTAR: a   instcat_y03_191109/00671668.tar.gz
HTAR: a   instcat_y03_191109/00671669.tar.gz
HTAR: a   instcat_y03_191109/00671670.tar.gz
HTAR: a   instcat_y03_191109/00671671.tar.gz
HTAR: a   instcat_y03_191109/00671672.tar.gz
HTAR: a   instcat_y03_191109/00671673.tar.gz
HTAR: a   instcat_y03_191109/00671674.tar.gz
HTAR: a   instcat_y03_191109/00671675.tar.gz
HTAR: a   instcat_y03_191109/00671676.tar.gz
HTAR: a   instcat_y03_191109/00671677.tar.gz
HTAR: a   instcat_y03_191109/00671678.tar.gz
HTAR: a   instcat_y03_191109/00671679.tar.gz
HTAR: a   instcat_y03_191109/00671680.tar.gz
HTAR: a   instcat_y03_191109/00671681.tar.gz
HTAR: a   instcat_y03_191109/00671682.tar.gz
HTAR: a   instcat_y03_191109/00671683.tar.gz
HTAR: a   instcat_y03_191109/00671684.tar.gz
HTAR: a   instcat_y03_191109/00671685.tar.gz
HTAR: a   instcat_y03_191109/00671686.tar.gz
HTAR: a   instcat_y03_191109/00671687.tar.gz
HTAR: a   instcat_y03_191109/00671688.tar.gz
HTAR: a   instcat_y03_191109/00671689.tar.gz
HTAR: a   instcat_y03_191109/00671690.tar.gz
HTAR: a   instcat_y03_191109/00671691.tar.gz
HTAR: a   instcat_y03_191109/00671692.tar.gz
HTAR: a   instcat_y03_191109/00671693.tar.gz
HTAR: a   instcat_y03_191109/00671694.tar.gz
HTAR: a   instcat_y03_191109/00671695.tar.gz
HTAR: a   instcat_y03_191109/00671696.tar.gz
HTAR: a   instcat_y03_191109/00671697.tar.gz
HTAR: a   instcat_y03_191109/00671698.tar.gz
HTAR: a   instcat_y03_191109/00671699.tar.gz
HTAR: a   instcat_y03_191109/00671700.tar.gz
HTAR: a   instcat_y03_191109/00671701.tar.gz
HTAR: a   instcat_y03_191109/00671702.tar.gz
HTAR: a   instcat_y03_191109/00671703.tar.gz
HTAR: a   instcat_y03_191109/00671704.tar.gz
HTAR: a   instcat_y03_191109/00671705.tar.gz
HTAR: a   instcat_y03_191109/00671706.tar.gz
HTAR: a   instcat_y03_191109/00671707.tar.gz
HTAR: a   instcat_y03_191109/00671708.tar.gz
HTAR: a   instcat_y03_191109/00671709.tar.gz
HTAR: a   instcat_y03_191109/00671710.tar.gz
HTAR: a   instcat_y03_191109/00671711.tar.gz
HTAR: a   instcat_y03_191109/00671712.tar.gz
HTAR: a   instcat_y03_191109/00671713.tar.gz
HTAR: a   instcat_y03_191109/00671714.tar.gz
HTAR: a   instcat_y03_191109/00671715.tar.gz
HTAR: a   instcat_y03_191109/job_log_00669810.txt
HTAR: a   instcat_y03_191109/job_log_00669811.txt
HTAR: a   instcat_y03_191109/job_log_00669812.txt
HTAR: a   instcat_y03_191109/job_log_00669813.txt
HTAR: a   instcat_y03_191109/job_log_00669814.txt
HTAR: a   instcat_y03_191109/job_log_00669816.txt
HTAR: a   instcat_y03_191109/job_log_00669817.txt
HTAR: a   instcat_y03_191109/job_log_00669818.txt
HTAR: a   instcat_y03_191109/job_log_00669819.txt
HTAR: a   instcat_y03_191109/job_log_00669820.txt
HTAR: a   instcat_y03_191109/job_log_00669821.txt
HTAR: a   instcat_y03_191109/job_log_00669822.txt
HTAR: a   instcat_y03_191109/job_log_00669828.txt
HTAR: a   instcat_y03_191109/job_log_00669829.txt
HTAR: a   instcat_y03_191109/job_log_00669830.txt
HTAR: a   instcat_y03_191109/job_log_00669831.txt
HTAR: a   instcat_y03_191109/job_log_00669833.txt
HTAR: a   instcat_y03_191109/job_log_00669834.txt
HTAR: a   instcat_y03_191109/job_log_00669854.txt
HTAR: a   instcat_y03_191109/job_log_00669855.txt
HTAR: a   instcat_y03_191109/job_log_00669865.txt
HTAR: a   instcat_y03_191109/job_log_00669866.txt
HTAR: a   instcat_y03_191109/job_log_00670722.txt
HTAR: a   instcat_y03_191109/job_log_00670723.txt
HTAR: a   instcat_y03_191109/job_log_00670759.txt
HTAR: a   instcat_y03_191109/job_log_00670765.txt
HTAR: a   instcat_y03_191109/job_log_00670766.txt
HTAR: a   instcat_y03_191109/job_log_00670771.txt
HTAR: a   instcat_y03_191109/job_log_00670819.txt
HTAR: a   instcat_y03_191109/job_log_00670967.txt
HTAR: a   instcat_y03_191109/job_log_00670968.txt
HTAR: a   instcat_y03_191109/job_log_00670969.txt
HTAR: a   instcat_y03_191109/job_log_00671002.txt
HTAR: a   instcat_y03_191109/job_log_00671003.txt
HTAR: a   instcat_y03_191109/job_log_00671023.txt
HTAR: a   instcat_y03_191109/job_log_00671591.txt
HTAR: a   instcat_y03_191109/job_log_00671592.txt
HTAR: a   instcat_y03_191109/job_log_00671593.txt
HTAR: a   instcat_y03_191109/job_log_00671594.txt
HTAR: a   instcat_y03_191109/job_log_00671595.txt
HTAR: a   instcat_y03_191109/job_log_00671596.txt
HTAR: a   instcat_y03_191109/job_log_00671597.txt
HTAR: a   instcat_y03_191109/job_log_00671598.txt
HTAR: a   instcat_y03_191109/job_log_00671599.txt
HTAR: a   instcat_y03_191109/job_log_00671618.txt
HTAR: a   instcat_y03_191109/job_log_00671619.txt
HTAR: a   instcat_y03_191109/job_log_00671620.txt
HTAR: a   instcat_y03_191109/job_log_00671621.txt
HTAR: a   instcat_y03_191109/job_log_00671622.txt
HTAR: a   instcat_y03_191109/job_log_00671623.txt
HTAR: a   instcat_y03_191109/job_log_00671624.txt
HTAR: a   instcat_y03_191109/job_log_00671625.txt
HTAR: a   instcat_y03_191109/job_log_00671626.txt
HTAR: a   instcat_y03_191109/job_log_00671627.txt
HTAR: a   instcat_y03_191109/job_log_00671628.txt
HTAR: a   instcat_y03_191109/job_log_00671629.txt
HTAR: a   instcat_y03_191109/job_log_00671630.txt
HTAR: a   instcat_y03_191109/job_log_00671653.txt
HTAR: a   instcat_y03_191109/job_log_00671654.txt
HTAR: a   instcat_y03_191109/job_log_00671657.txt
HTAR: a   instcat_y03_191109/job_log_00671658.txt
HTAR: a   instcat_y03_191109/job_log_00671659.txt
HTAR: a   instcat_y03_191109/job_log_00671660.txt
HTAR: a   instcat_y03_191109/job_log_00671661.txt
HTAR: a   instcat_y03_191109/job_log_00671662.txt
HTAR: a   instcat_y03_191109/job_log_00671663.txt
HTAR: a   instcat_y03_191109/job_log_00671664.txt
HTAR: a   instcat_y03_191109/job_log_00671665.txt
HTAR: a   instcat_y03_191109/job_log_00671666.txt
HTAR: a   instcat_y03_191109/job_log_00671667.txt
HTAR: a   instcat_y03_191109/job_log_00671668.txt
HTAR: a   instcat_y03_191109/job_log_00671669.txt
HTAR: a   instcat_y03_191109/job_log_00671670.txt
HTAR: a   instcat_y03_191109/job_log_00671671.txt
HTAR: a   instcat_y03_191109/job_log_00671672.txt
HTAR: a   instcat_y03_191109/job_log_00671673.txt
HTAR: a   instcat_y03_191109/job_log_00671674.txt
HTAR: a   instcat_y03_191109/job_log_00671675.txt
HTAR: a   instcat_y03_191109/job_log_00671676.txt
HTAR: a   instcat_y03_191109/job_log_00671677.txt
HTAR: a   instcat_y03_191109/job_log_00671678.txt
HTAR: a   instcat_y03_191109/job_log_00671679.txt
HTAR: a   instcat_y03_191109/job_log_00671680.txt
HTAR: a   instcat_y03_191109/job_log_00671681.txt
HTAR: a   instcat_y03_191109/job_log_00671682.txt
HTAR: a   instcat_y03_191109/job_log_00671683.txt
HTAR: a   instcat_y03_191109/job_log_00671684.txt
HTAR: a   instcat_y03_191109/job_log_00671685.txt
HTAR: a   instcat_y03_191109/job_log_00671686.txt
HTAR: a   instcat_y03_191109/job_log_00671687.txt
HTAR: a   instcat_y03_191109/job_log_00671688.txt
HTAR: a   instcat_y03_191109/job_log_00671689.txt
HTAR: a   instcat_y03_191109/job_log_00671690.txt
HTAR: a   instcat_y03_191109/job_log_00671691.txt
HTAR: a   instcat_y03_191109/job_log_00671692.txt
HTAR: a   instcat_y03_191109/job_log_00671693.txt
HTAR: a   instcat_y03_191109/job_log_00671694.txt
HTAR: a   instcat_y03_191109/job_log_00671695.txt
HTAR: a   instcat_y03_191109/job_log_00671696.txt
HTAR: a   instcat_y03_191109/job_log_00671697.txt
HTAR: a   instcat_y03_191109/job_log_00671698.txt
HTAR: a   instcat_y03_191109/job_log_00671699.txt
HTAR: a   instcat_y03_191109/job_log_00671700.txt
HTAR: a   instcat_y03_191109/job_log_00671701.txt
HTAR: a   instcat_y03_191109/job_log_00671702.txt
HTAR: a   instcat_y03_191109/job_log_00671703.txt
HTAR: a   instcat_y03_191109/job_log_00671704.txt
HTAR: a   instcat_y03_191109/job_log_00671705.txt
HTAR: a   instcat_y03_191109/job_log_00671706.txt
HTAR: a   instcat_y03_191109/job_log_00671707.txt
HTAR: a   instcat_y03_191109/job_log_00671708.txt
HTAR: a   instcat_y03_191109/job_log_00671709.txt
HTAR: a   instcat_y03_191109/job_log_00671710.txt
HTAR: a   instcat_y03_191109/job_log_00671711.txt
HTAR: a   instcat_y03_191109/job_log_00671712.txt
HTAR: a   instcat_y03_191109/job_log_00671713.txt
HTAR: a   instcat_y03_191109/job_log_00671714.txt
HTAR: a   instcat_y03_191109/job_log_00671715.txt
HTAR: a   /tmp/HTAR_CF_CHK_49726_1575964942
HTAR Create complete for /home/projects/desc/DC2_ImSim/Run2.2i/instCat/y03_191109/00669810to00671715.tar. 530,638,618,112 bytes written for 236 member files, max threads: 50 Transfer time: 3642.092 seconds (145.696 MB/s) wallclock/user/sys: 3644.554 3954.265 1602.520 seconds
HTAR: HTAR SUCCESSFUL
