HTAR: a   instcat_y03_191109/00638816.tar.gz
HTAR: a   instcat_y03_191109/00638817.tar.gz
HTAR: a   instcat_y03_191109/00638818.tar.gz
HTAR: a   instcat_y03_191109/00638819.tar.gz
HTAR: a   instcat_y03_191109/00638820.tar.gz
HTAR: a   instcat_y03_191109/00638821.tar.gz
HTAR: a   instcat_y03_191109/00638822.tar.gz
HTAR: a   instcat_y03_191109/00638823.tar.gz
HTAR: a   instcat_y03_191109/00638829.tar.gz
HTAR: a   instcat_y03_191109/00638830.tar.gz
HTAR: a   instcat_y03_191109/00638831.tar.gz
HTAR: a   instcat_y03_191109/00638836.tar.gz
HTAR: a   instcat_y03_191109/00638837.tar.gz
HTAR: a   instcat_y03_191109/00638838.tar.gz
HTAR: a   instcat_y03_191109/00638852.tar.gz
HTAR: a   instcat_y03_191109/00638853.tar.gz
HTAR: a   instcat_y03_191109/00638854.tar.gz
HTAR: a   instcat_y03_191109/00638855.tar.gz
HTAR: a   instcat_y03_191109/00638856.tar.gz
HTAR: a   instcat_y03_191109/00638857.tar.gz
HTAR: a   instcat_y03_191109/00638858.tar.gz
HTAR: a   instcat_y03_191109/00638859.tar.gz
HTAR: a   instcat_y03_191109/00638860.tar.gz
HTAR: a   instcat_y03_191109/00638861.tar.gz
HTAR: a   instcat_y03_191109/00638862.tar.gz
HTAR: a   instcat_y03_191109/00638867.tar.gz
HTAR: a   instcat_y03_191109/00638872.tar.gz
HTAR: a   instcat_y03_191109/00638885.tar.gz
HTAR: a   instcat_y03_191109/00638886.tar.gz
HTAR: a   instcat_y03_191109/00638887.tar.gz
HTAR: a   instcat_y03_191109/00638888.tar.gz
HTAR: a   instcat_y03_191109/00638889.tar.gz
HTAR: a   instcat_y03_191109/00638890.tar.gz
HTAR: a   instcat_y03_191109/00638891.tar.gz
HTAR: a   instcat_y03_191109/00638892.tar.gz
HTAR: a   instcat_y03_191109/00638893.tar.gz
HTAR: a   instcat_y03_191109/00638894.tar.gz
HTAR: a   instcat_y03_191109/00638895.tar.gz
HTAR: a   instcat_y03_191109/00638905.tar.gz
HTAR: a   instcat_y03_191109/00638917.tar.gz
HTAR: a   instcat_y03_191109/00638919.tar.gz
HTAR: a   instcat_y03_191109/00638920.tar.gz
HTAR: a   instcat_y03_191109/00638921.tar.gz
HTAR: a   instcat_y03_191109/00638922.tar.gz
HTAR: a   instcat_y03_191109/00638923.tar.gz
HTAR: a   instcat_y03_191109/00638924.tar.gz
HTAR: a   instcat_y03_191109/00638948.tar.gz
HTAR: a   instcat_y03_191109/00638949.tar.gz
HTAR: a   instcat_y03_191109/00638950.tar.gz
HTAR: a   instcat_y03_191109/00638958.tar.gz
HTAR: a   instcat_y03_191109/00638959.tar.gz
HTAR: a   instcat_y03_191109/00638960.tar.gz
HTAR: a   instcat_y03_191109/00638961.tar.gz
HTAR: a   instcat_y03_191109/00638962.tar.gz
HTAR: a   instcat_y03_191109/00638981.tar.gz
HTAR: a   instcat_y03_191109/00638982.tar.gz
HTAR: a   instcat_y03_191109/00638983.tar.gz
HTAR: a   instcat_y03_191109/00638984.tar.gz
HTAR: a   instcat_y03_191109/00638988.tar.gz
HTAR: a   instcat_y03_191109/00638989.tar.gz
HTAR: a   instcat_y03_191109/00638990.tar.gz
HTAR: a   instcat_y03_191109/00638991.tar.gz
HTAR: a   instcat_y03_191109/00638992.tar.gz
HTAR: a   instcat_y03_191109/00638993.tar.gz
HTAR: a   instcat_y03_191109/00639000.tar.gz
HTAR: a   instcat_y03_191109/00639001.tar.gz
HTAR: a   instcat_y03_191109/00639953.tar.gz
HTAR: a   instcat_y03_191109/00639982.tar.gz
HTAR: a   instcat_y03_191109/00641062.tar.gz
HTAR: a   instcat_y03_191109/00641063.tar.gz
HTAR: a   instcat_y03_191109/00641064.tar.gz
HTAR: a   instcat_y03_191109/00641065.tar.gz
HTAR: a   instcat_y03_191109/00641066.tar.gz
HTAR: a   instcat_y03_191109/00641067.tar.gz
HTAR: a   instcat_y03_191109/00641068.tar.gz
HTAR: a   instcat_y03_191109/00641069.tar.gz
HTAR: a   instcat_y03_191109/00641070.tar.gz
HTAR: a   instcat_y03_191109/00641071.tar.gz
HTAR: a   instcat_y03_191109/00641072.tar.gz
HTAR: a   instcat_y03_191109/00641073.tar.gz
HTAR: a   instcat_y03_191109/00641074.tar.gz
HTAR: a   instcat_y03_191109/00641075.tar.gz
HTAR: a   instcat_y03_191109/00641076.tar.gz
HTAR: a   instcat_y03_191109/00641103.tar.gz
HTAR: a   instcat_y03_191109/00641111.tar.gz
HTAR: a   instcat_y03_191109/00641112.tar.gz
HTAR: a   instcat_y03_191109/00641113.tar.gz
HTAR: a   instcat_y03_191109/00641114.tar.gz
HTAR: a   instcat_y03_191109/00641115.tar.gz
HTAR: a   instcat_y03_191109/00641116.tar.gz
HTAR: a   instcat_y03_191109/00641117.tar.gz
HTAR: a   instcat_y03_191109/00641118.tar.gz
HTAR: a   instcat_y03_191109/00641119.tar.gz
HTAR: a   instcat_y03_191109/00641120.tar.gz
HTAR: a   instcat_y03_191109/00641121.tar.gz
HTAR: a   instcat_y03_191109/00641122.tar.gz
HTAR: a   instcat_y03_191109/00641123.tar.gz
HTAR: a   instcat_y03_191109/00641318.tar.gz
HTAR: a   instcat_y03_191109/00642205.tar.gz
HTAR: a   instcat_y03_191109/00642215.tar.gz
HTAR: a   instcat_y03_191109/00642216.tar.gz
HTAR: a   instcat_y03_191109/00642227.tar.gz
HTAR: a   instcat_y03_191109/00642243.tar.gz
HTAR: a   instcat_y03_191109/00642253.tar.gz
HTAR: a   instcat_y03_191109/00643024.tar.gz
HTAR: a   instcat_y03_191109/00643025.tar.gz
HTAR: a   instcat_y03_191109/00643026.tar.gz
HTAR: a   instcat_y03_191109/00643027.tar.gz
HTAR: a   instcat_y03_191109/00643028.tar.gz
HTAR: a   instcat_y03_191109/00643040.tar.gz
HTAR: a   instcat_y03_191109/00643041.tar.gz
HTAR: a   instcat_y03_191109/00643042.tar.gz
HTAR: a   instcat_y03_191109/00645549.tar.gz
HTAR: a   instcat_y03_191109/00645564.tar.gz
HTAR: a   instcat_y03_191109/00645565.tar.gz
HTAR: a   instcat_y03_191109/00645566.tar.gz
HTAR: a   instcat_y03_191109/00645567.tar.gz
HTAR: a   instcat_y03_191109/00645568.tar.gz
HTAR: a   instcat_y03_191109/job_log_00638816.txt
HTAR: a   instcat_y03_191109/job_log_00638817.txt
HTAR: a   instcat_y03_191109/job_log_00638818.txt
HTAR: a   instcat_y03_191109/job_log_00638819.txt
HTAR: a   instcat_y03_191109/job_log_00638820.txt
HTAR: a   instcat_y03_191109/job_log_00638821.txt
HTAR: a   instcat_y03_191109/job_log_00638822.txt
HTAR: a   instcat_y03_191109/job_log_00638823.txt
HTAR: a   instcat_y03_191109/job_log_00638829.txt
HTAR: a   instcat_y03_191109/job_log_00638830.txt
HTAR: a   instcat_y03_191109/job_log_00638831.txt
HTAR: a   instcat_y03_191109/job_log_00638836.txt
HTAR: a   instcat_y03_191109/job_log_00638837.txt
HTAR: a   instcat_y03_191109/job_log_00638838.txt
HTAR: a   instcat_y03_191109/job_log_00638852.txt
HTAR: a   instcat_y03_191109/job_log_00638853.txt
HTAR: a   instcat_y03_191109/job_log_00638854.txt
HTAR: a   instcat_y03_191109/job_log_00638855.txt
HTAR: a   instcat_y03_191109/job_log_00638856.txt
HTAR: a   instcat_y03_191109/job_log_00638857.txt
HTAR: a   instcat_y03_191109/job_log_00638858.txt
HTAR: a   instcat_y03_191109/job_log_00638859.txt
HTAR: a   instcat_y03_191109/job_log_00638860.txt
HTAR: a   instcat_y03_191109/job_log_00638861.txt
HTAR: a   instcat_y03_191109/job_log_00638862.txt
HTAR: a   instcat_y03_191109/job_log_00638867.txt
HTAR: a   instcat_y03_191109/job_log_00638872.txt
HTAR: a   instcat_y03_191109/job_log_00638885.txt
HTAR: a   instcat_y03_191109/job_log_00638886.txt
HTAR: a   instcat_y03_191109/job_log_00638887.txt
HTAR: a   instcat_y03_191109/job_log_00638888.txt
HTAR: a   instcat_y03_191109/job_log_00638889.txt
HTAR: a   instcat_y03_191109/job_log_00638890.txt
HTAR: a   instcat_y03_191109/job_log_00638891.txt
HTAR: a   instcat_y03_191109/job_log_00638892.txt
HTAR: a   instcat_y03_191109/job_log_00638893.txt
HTAR: a   instcat_y03_191109/job_log_00638894.txt
HTAR: a   instcat_y03_191109/job_log_00638895.txt
HTAR: a   instcat_y03_191109/job_log_00638905.txt
HTAR: a   instcat_y03_191109/job_log_00638917.txt
HTAR: a   instcat_y03_191109/job_log_00638919.txt
HTAR: a   instcat_y03_191109/job_log_00638920.txt
HTAR: a   instcat_y03_191109/job_log_00638921.txt
HTAR: a   instcat_y03_191109/job_log_00638922.txt
HTAR: a   instcat_y03_191109/job_log_00638923.txt
HTAR: a   instcat_y03_191109/job_log_00638924.txt
HTAR: a   instcat_y03_191109/job_log_00638948.txt
HTAR: a   instcat_y03_191109/job_log_00638949.txt
HTAR: a   instcat_y03_191109/job_log_00638950.txt
HTAR: a   instcat_y03_191109/job_log_00638958.txt
HTAR: a   instcat_y03_191109/job_log_00638959.txt
HTAR: a   instcat_y03_191109/job_log_00638960.txt
HTAR: a   instcat_y03_191109/job_log_00638961.txt
HTAR: a   instcat_y03_191109/job_log_00638962.txt
HTAR: a   instcat_y03_191109/job_log_00638981.txt
HTAR: a   instcat_y03_191109/job_log_00638982.txt
HTAR: a   instcat_y03_191109/job_log_00638983.txt
HTAR: a   instcat_y03_191109/job_log_00638984.txt
HTAR: a   instcat_y03_191109/job_log_00638988.txt
HTAR: a   instcat_y03_191109/job_log_00638989.txt
HTAR: a   instcat_y03_191109/job_log_00638990.txt
HTAR: a   instcat_y03_191109/job_log_00638991.txt
HTAR: a   instcat_y03_191109/job_log_00638992.txt
HTAR: a   instcat_y03_191109/job_log_00638993.txt
HTAR: a   instcat_y03_191109/job_log_00639000.txt
HTAR: a   instcat_y03_191109/job_log_00639001.txt
HTAR: a   instcat_y03_191109/job_log_00639953.txt
HTAR: a   instcat_y03_191109/job_log_00639982.txt
HTAR: a   instcat_y03_191109/job_log_00641062.txt
HTAR: a   instcat_y03_191109/job_log_00641063.txt
HTAR: a   instcat_y03_191109/job_log_00641064.txt
HTAR: a   instcat_y03_191109/job_log_00641065.txt
HTAR: a   instcat_y03_191109/job_log_00641066.txt
HTAR: a   instcat_y03_191109/job_log_00641067.txt
HTAR: a   instcat_y03_191109/job_log_00641068.txt
HTAR: a   instcat_y03_191109/job_log_00641069.txt
HTAR: a   instcat_y03_191109/job_log_00641070.txt
HTAR: a   instcat_y03_191109/job_log_00641071.txt
HTAR: a   instcat_y03_191109/job_log_00641072.txt
HTAR: a   instcat_y03_191109/job_log_00641073.txt
HTAR: a   instcat_y03_191109/job_log_00641074.txt
HTAR: a   instcat_y03_191109/job_log_00641075.txt
HTAR: a   instcat_y03_191109/job_log_00641076.txt
HTAR: a   instcat_y03_191109/job_log_00641103.txt
HTAR: a   instcat_y03_191109/job_log_00641111.txt
HTAR: a   instcat_y03_191109/job_log_00641112.txt
HTAR: a   instcat_y03_191109/job_log_00641113.txt
HTAR: a   instcat_y03_191109/job_log_00641114.txt
HTAR: a   instcat_y03_191109/job_log_00641115.txt
HTAR: a   instcat_y03_191109/job_log_00641116.txt
HTAR: a   instcat_y03_191109/job_log_00641117.txt
HTAR: a   instcat_y03_191109/job_log_00641118.txt
HTAR: a   instcat_y03_191109/job_log_00641119.txt
HTAR: a   instcat_y03_191109/job_log_00641120.txt
HTAR: a   instcat_y03_191109/job_log_00641121.txt
HTAR: a   instcat_y03_191109/job_log_00641122.txt
HTAR: a   instcat_y03_191109/job_log_00641123.txt
HTAR: a   instcat_y03_191109/job_log_00641318.txt
HTAR: a   instcat_y03_191109/job_log_00642205.txt
HTAR: a   instcat_y03_191109/job_log_00642215.txt
HTAR: a   instcat_y03_191109/job_log_00642216.txt
HTAR: a   instcat_y03_191109/job_log_00642227.txt
HTAR: a   instcat_y03_191109/job_log_00642243.txt
HTAR: a   instcat_y03_191109/job_log_00642253.txt
HTAR: a   instcat_y03_191109/job_log_00643024.txt
HTAR: a   instcat_y03_191109/job_log_00643025.txt
HTAR: a   instcat_y03_191109/job_log_00643026.txt
HTAR: a   instcat_y03_191109/job_log_00643027.txt
HTAR: a   instcat_y03_191109/job_log_00643028.txt
HTAR: a   instcat_y03_191109/job_log_00643040.txt
HTAR: a   instcat_y03_191109/job_log_00643041.txt
HTAR: a   instcat_y03_191109/job_log_00643042.txt
HTAR: a   instcat_y03_191109/job_log_00645549.txt
HTAR: a   instcat_y03_191109/job_log_00645564.txt
HTAR: a   instcat_y03_191109/job_log_00645565.txt
HTAR: a   instcat_y03_191109/job_log_00645566.txt
HTAR: a   instcat_y03_191109/job_log_00645567.txt
HTAR: a   instcat_y03_191109/job_log_00645568.txt
HTAR: a   /tmp/HTAR_CF_CHK_44334_1575945445
HTAR Create complete for /home/projects/desc/DC2_ImSim/Run2.2i/instCat/y03_191109/00638816to00645568.tar. 524,944,026,624 bytes written for 236 member files, max threads: 50 Transfer time: 3602.491 seconds (145.717 MB/s) wallclock/user/sys: 3604.988 3822.011 2455.774 seconds
HTAR: HTAR SUCCESSFUL
HTAR: a   instcat_y03_191109/00645569.tar.gz
HTAR: a   instcat_y03_191109/00645580.tar.gz
HTAR: a   instcat_y03_191109/00645581.tar.gz
HTAR: a   instcat_y03_191109/00645582.tar.gz
HTAR: a   instcat_y03_191109/00645585.tar.gz
HTAR: a   instcat_y03_191109/00645586.tar.gz
HTAR: a   instcat_y03_191109/00645592.tar.gz
HTAR: a   instcat_y03_191109/00645593.tar.gz
HTAR: a   instcat_y03_191109/00645600.tar.gz
HTAR: a   instcat_y03_191109/00645601.tar.gz
HTAR: a   instcat_y03_191109/00645606.tar.gz
HTAR: a   instcat_y03_191109/00645607.tar.gz
HTAR: a   instcat_y03_191109/00645608.tar.gz
HTAR: a   instcat_y03_191109/00645609.tar.gz
HTAR: a   instcat_y03_191109/00645619.tar.gz
HTAR: a   instcat_y03_191109/00645620.tar.gz
HTAR: a   instcat_y03_191109/00645621.tar.gz
HTAR: a   instcat_y03_191109/00645622.tar.gz
HTAR: a   instcat_y03_191109/00645623.tar.gz
HTAR: a   instcat_y03_191109/00645624.tar.gz
HTAR: a   instcat_y03_191109/00645625.tar.gz
HTAR: a   instcat_y03_191109/00645633.tar.gz
HTAR: a   instcat_y03_191109/00645634.tar.gz
HTAR: a   instcat_y03_191109/00645635.tar.gz
HTAR: a   instcat_y03_191109/00645641.tar.gz
HTAR: a   instcat_y03_191109/00645646.tar.gz
HTAR: a   instcat_y03_191109/00645647.tar.gz
HTAR: a   instcat_y03_191109/00645657.tar.gz
HTAR: a   instcat_y03_191109/00645658.tar.gz
HTAR: a   instcat_y03_191109/00645659.tar.gz
HTAR: a   instcat_y03_191109/00645660.tar.gz
HTAR: a   instcat_y03_191109/00645661.tar.gz
HTAR: a   instcat_y03_191109/00645662.tar.gz
HTAR: a   instcat_y03_191109/00645663.tar.gz
HTAR: a   instcat_y03_191109/00645664.tar.gz
HTAR: a   instcat_y03_191109/00645665.tar.gz
HTAR: a   instcat_y03_191109/00645686.tar.gz
HTAR: a   instcat_y03_191109/00645687.tar.gz
HTAR: a   instcat_y03_191109/00645751.tar.gz
HTAR: a   instcat_y03_191109/00646585.tar.gz
HTAR: a   instcat_y03_191109/00646586.tar.gz
HTAR: a   instcat_y03_191109/00646601.tar.gz
HTAR: a   instcat_y03_191109/00646610.tar.gz
HTAR: a   instcat_y03_191109/00646611.tar.gz
HTAR: a   instcat_y03_191109/00646612.tar.gz
HTAR: a   instcat_y03_191109/00646613.tar.gz
HTAR: a   instcat_y03_191109/00646614.tar.gz
HTAR: a   instcat_y03_191109/00646615.tar.gz
HTAR: a   instcat_y03_191109/00646616.tar.gz
HTAR: a   instcat_y03_191109/00646617.tar.gz
HTAR: a   instcat_y03_191109/00646618.tar.gz
HTAR: a   instcat_y03_191109/00646619.tar.gz
HTAR: a   instcat_y03_191109/00646653.tar.gz
HTAR: a   instcat_y03_191109/00646654.tar.gz
HTAR: a   instcat_y03_191109/00646663.tar.gz
HTAR: a   instcat_y03_191109/00646664.tar.gz
HTAR: a   instcat_y03_191109/00646667.tar.gz
HTAR: a   instcat_y03_191109/00646736.tar.gz
HTAR: a   instcat_y03_191109/00646737.tar.gz
HTAR: a   instcat_y03_191109/00646738.tar.gz
HTAR: a   instcat_y03_191109/00646739.tar.gz
HTAR: a   instcat_y03_191109/00646740.tar.gz
HTAR: a   instcat_y03_191109/00646741.tar.gz
HTAR: a   instcat_y03_191109/00646742.tar.gz
HTAR: a   instcat_y03_191109/00646743.tar.gz
HTAR: a   instcat_y03_191109/00646744.tar.gz
HTAR: a   instcat_y03_191109/00646745.tar.gz
HTAR: a   instcat_y03_191109/00646748.tar.gz
HTAR: a   instcat_y03_191109/00646755.tar.gz
HTAR: a   instcat_y03_191109/00646759.tar.gz
HTAR: a   instcat_y03_191109/00646763.tar.gz
HTAR: a   instcat_y03_191109/00646767.tar.gz
HTAR: a   instcat_y03_191109/00646768.tar.gz
HTAR: a   instcat_y03_191109/00646778.tar.gz
HTAR: a   instcat_y03_191109/00646785.tar.gz
HTAR: a   instcat_y03_191109/00646787.tar.gz
HTAR: a   instcat_y03_191109/00647529.tar.gz
HTAR: a   instcat_y03_191109/00647533.tar.gz
HTAR: a   instcat_y03_191109/00647534.tar.gz
HTAR: a   instcat_y03_191109/00647541.tar.gz
HTAR: a   instcat_y03_191109/00647542.tar.gz
HTAR: a   instcat_y03_191109/00647543.tar.gz
HTAR: a   instcat_y03_191109/00647544.tar.gz
HTAR: a   instcat_y03_191109/00647548.tar.gz
HTAR: a   instcat_y03_191109/00647549.tar.gz
HTAR: a   instcat_y03_191109/00647550.tar.gz
HTAR: a   instcat_y03_191109/00647551.tar.gz
HTAR: a   instcat_y03_191109/00647552.tar.gz
HTAR: a   instcat_y03_191109/00647553.tar.gz
HTAR: a   instcat_y03_191109/00647554.tar.gz
HTAR: a   instcat_y03_191109/00647555.tar.gz
HTAR: a   instcat_y03_191109/00647556.tar.gz
HTAR: a   instcat_y03_191109/00647557.tar.gz
HTAR: a   instcat_y03_191109/00647558.tar.gz
HTAR: a   instcat_y03_191109/00647559.tar.gz
HTAR: a   instcat_y03_191109/00647560.tar.gz
HTAR: a   instcat_y03_191109/00647561.tar.gz
HTAR: a   instcat_y03_191109/00647562.tar.gz
HTAR: a   instcat_y03_191109/00647563.tar.gz
HTAR: a   instcat_y03_191109/00647564.tar.gz
HTAR: a   instcat_y03_191109/00647574.tar.gz
HTAR: a   instcat_y03_191109/00647575.tar.gz
HTAR: a   instcat_y03_191109/00647576.tar.gz
HTAR: a   instcat_y03_191109/00647577.tar.gz
HTAR: a   instcat_y03_191109/00647578.tar.gz
HTAR: a   instcat_y03_191109/00647579.tar.gz
HTAR: a   instcat_y03_191109/00647584.tar.gz
HTAR: a   instcat_y03_191109/00647585.tar.gz
HTAR: a   instcat_y03_191109/00647586.tar.gz
HTAR: a   instcat_y03_191109/00647587.tar.gz
HTAR: a   instcat_y03_191109/00647588.tar.gz
HTAR: a   instcat_y03_191109/00647589.tar.gz
HTAR: a   instcat_y03_191109/00647590.tar.gz
HTAR: a   instcat_y03_191109/00647591.tar.gz
HTAR: a   instcat_y03_191109/00647592.tar.gz
HTAR: a   instcat_y03_191109/00647593.tar.gz
HTAR: a   instcat_y03_191109/00647594.tar.gz
HTAR: a   instcat_y03_191109/00647595.tar.gz
HTAR: a   instcat_y03_191109/job_log_00645569.txt
HTAR: a   instcat_y03_191109/job_log_00645580.txt
HTAR: a   instcat_y03_191109/job_log_00645581.txt
HTAR: a   instcat_y03_191109/job_log_00645582.txt
HTAR: a   instcat_y03_191109/job_log_00645585.txt
HTAR: a   instcat_y03_191109/job_log_00645586.txt
HTAR: a   instcat_y03_191109/job_log_00645592.txt
HTAR: a   instcat_y03_191109/job_log_00645593.txt
HTAR: a   instcat_y03_191109/job_log_00645600.txt
HTAR: a   instcat_y03_191109/job_log_00645601.txt
HTAR: a   instcat_y03_191109/job_log_00645606.txt
HTAR: a   instcat_y03_191109/job_log_00645607.txt
HTAR: a   instcat_y03_191109/job_log_00645608.txt
HTAR: a   instcat_y03_191109/job_log_00645609.txt
HTAR: a   instcat_y03_191109/job_log_00645619.txt
HTAR: a   instcat_y03_191109/job_log_00645620.txt
HTAR: a   instcat_y03_191109/job_log_00645621.txt
HTAR: a   instcat_y03_191109/job_log_00645622.txt
HTAR: a   instcat_y03_191109/job_log_00645623.txt
HTAR: a   instcat_y03_191109/job_log_00645624.txt
HTAR: a   instcat_y03_191109/job_log_00645625.txt
HTAR: a   instcat_y03_191109/job_log_00645633.txt
HTAR: a   instcat_y03_191109/job_log_00645634.txt
HTAR: a   instcat_y03_191109/job_log_00645635.txt
HTAR: a   instcat_y03_191109/job_log_00645641.txt
HTAR: a   instcat_y03_191109/job_log_00645646.txt
HTAR: a   instcat_y03_191109/job_log_00645647.txt
HTAR: a   instcat_y03_191109/job_log_00645657.txt
HTAR: a   instcat_y03_191109/job_log_00645658.txt
HTAR: a   instcat_y03_191109/job_log_00645659.txt
HTAR: a   instcat_y03_191109/job_log_00645660.txt
HTAR: a   instcat_y03_191109/job_log_00645661.txt
HTAR: a   instcat_y03_191109/job_log_00645662.txt
HTAR: a   instcat_y03_191109/job_log_00645663.txt
HTAR: a   instcat_y03_191109/job_log_00645664.txt
HTAR: a   instcat_y03_191109/job_log_00645665.txt
HTAR: a   instcat_y03_191109/job_log_00645686.txt
HTAR: a   instcat_y03_191109/job_log_00645687.txt
HTAR: a   instcat_y03_191109/job_log_00645751.txt
HTAR: a   instcat_y03_191109/job_log_00646585.txt
HTAR: a   instcat_y03_191109/job_log_00646586.txt
HTAR: a   instcat_y03_191109/job_log_00646601.txt
HTAR: a   instcat_y03_191109/job_log_00646610.txt
HTAR: a   instcat_y03_191109/job_log_00646611.txt
HTAR: a   instcat_y03_191109/job_log_00646612.txt
HTAR: a   instcat_y03_191109/job_log_00646613.txt
HTAR: a   instcat_y03_191109/job_log_00646614.txt
HTAR: a   instcat_y03_191109/job_log_00646615.txt
HTAR: a   instcat_y03_191109/job_log_00646616.txt
HTAR: a   instcat_y03_191109/job_log_00646617.txt
HTAR: a   instcat_y03_191109/job_log_00646618.txt
HTAR: a   instcat_y03_191109/job_log_00646619.txt
HTAR: a   instcat_y03_191109/job_log_00646653.txt
HTAR: a   instcat_y03_191109/job_log_00646654.txt
HTAR: a   instcat_y03_191109/job_log_00646663.txt
HTAR: a   instcat_y03_191109/job_log_00646664.txt
HTAR: a   instcat_y03_191109/job_log_00646667.txt
HTAR: a   instcat_y03_191109/job_log_00646736.txt
HTAR: a   instcat_y03_191109/job_log_00646737.txt
HTAR: a   instcat_y03_191109/job_log_00646738.txt
HTAR: a   instcat_y03_191109/job_log_00646739.txt
HTAR: a   instcat_y03_191109/job_log_00646740.txt
HTAR: a   instcat_y03_191109/job_log_00646741.txt
HTAR: a   instcat_y03_191109/job_log_00646742.txt
HTAR: a   instcat_y03_191109/job_log_00646743.txt
HTAR: a   instcat_y03_191109/job_log_00646744.txt
HTAR: a   instcat_y03_191109/job_log_00646745.txt
HTAR: a   instcat_y03_191109/job_log_00646748.txt
HTAR: a   instcat_y03_191109/job_log_00646755.txt
HTAR: a   instcat_y03_191109/job_log_00646759.txt
HTAR: a   instcat_y03_191109/job_log_00646763.txt
HTAR: a   instcat_y03_191109/job_log_00646767.txt
HTAR: a   instcat_y03_191109/job_log_00646768.txt
HTAR: a   instcat_y03_191109/job_log_00646778.txt
HTAR: a   instcat_y03_191109/job_log_00646785.txt
HTAR: a   instcat_y03_191109/job_log_00646787.txt
HTAR: a   instcat_y03_191109/job_log_00647529.txt
HTAR: a   instcat_y03_191109/job_log_00647533.txt
HTAR: a   instcat_y03_191109/job_log_00647534.txt
HTAR: a   instcat_y03_191109/job_log_00647541.txt
HTAR: a   instcat_y03_191109/job_log_00647542.txt
HTAR: a   instcat_y03_191109/job_log_00647543.txt
HTAR: a   instcat_y03_191109/job_log_00647544.txt
HTAR: a   instcat_y03_191109/job_log_00647548.txt
HTAR: a   instcat_y03_191109/job_log_00647549.txt
HTAR: a   instcat_y03_191109/job_log_00647550.txt
HTAR: a   instcat_y03_191109/job_log_00647551.txt
HTAR: a   instcat_y03_191109/job_log_00647552.txt
HTAR: a   instcat_y03_191109/job_log_00647553.txt
HTAR: a   instcat_y03_191109/job_log_00647554.txt
HTAR: a   instcat_y03_191109/job_log_00647555.txt
HTAR: a   instcat_y03_191109/job_log_00647556.txt
HTAR: a   instcat_y03_191109/job_log_00647557.txt
HTAR: a   instcat_y03_191109/job_log_00647558.txt
HTAR: a   instcat_y03_191109/job_log_00647559.txt
HTAR: a   instcat_y03_191109/job_log_00647560.txt
HTAR: a   instcat_y03_191109/job_log_00647561.txt
HTAR: a   instcat_y03_191109/job_log_00647562.txt
HTAR: a   instcat_y03_191109/job_log_00647563.txt
HTAR: a   instcat_y03_191109/job_log_00647564.txt
HTAR: a   instcat_y03_191109/job_log_00647574.txt
HTAR: a   instcat_y03_191109/job_log_00647575.txt
HTAR: a   instcat_y03_191109/job_log_00647576.txt
HTAR: a   instcat_y03_191109/job_log_00647577.txt
HTAR: a   instcat_y03_191109/job_log_00647578.txt
HTAR: a   instcat_y03_191109/job_log_00647579.txt
HTAR: a   instcat_y03_191109/job_log_00647584.txt
HTAR: a   instcat_y03_191109/job_log_00647585.txt
HTAR: a   instcat_y03_191109/job_log_00647586.txt
HTAR: a   instcat_y03_191109/job_log_00647587.txt
HTAR: a   instcat_y03_191109/job_log_00647588.txt
HTAR: a   instcat_y03_191109/job_log_00647589.txt
HTAR: a   instcat_y03_191109/job_log_00647590.txt
HTAR: a   instcat_y03_191109/job_log_00647591.txt
HTAR: a   instcat_y03_191109/job_log_00647592.txt
HTAR: a   instcat_y03_191109/job_log_00647593.txt
HTAR: a   instcat_y03_191109/job_log_00647594.txt
HTAR: a   instcat_y03_191109/job_log_00647595.txt
HTAR: a   /tmp/HTAR_CF_CHK_32396_1575949052
HTAR Create complete for /home/projects/desc/DC2_ImSim/Run2.2i/instCat/y03_191109/00645569to00647595.tar. 503,230,932,992 bytes written for 236 member files, max threads: 50 Transfer time: 3599.820 seconds (139.793 MB/s) wallclock/user/sys: 3601.784 4311.743 1669.967 seconds
HTAR: HTAR SUCCESSFUL
HTAR: a   instcat_y03_191109/00647596.tar.gz
HTAR: a   instcat_y03_191109/00647597.tar.gz
HTAR: a   instcat_y03_191109/00647598.tar.gz
HTAR: a   instcat_y03_191109/00647599.tar.gz
HTAR: a   instcat_y03_191109/00647600.tar.gz
HTAR: a   instcat_y03_191109/00647601.tar.gz
HTAR: a   instcat_y03_191109/00647602.tar.gz
HTAR: a   instcat_y03_191109/00647603.tar.gz
HTAR: a   instcat_y03_191109/00647605.tar.gz
HTAR: a   instcat_y03_191109/00647606.tar.gz
HTAR: a   instcat_y03_191109/00647607.tar.gz
HTAR: a   instcat_y03_191109/00647608.tar.gz
HTAR: a   instcat_y03_191109/00647609.tar.gz
HTAR: a   instcat_y03_191109/00647610.tar.gz
HTAR: a   instcat_y03_191109/00647611.tar.gz
HTAR: a   instcat_y03_191109/00647612.tar.gz
HTAR: a   instcat_y03_191109/00647613.tar.gz
HTAR: a   instcat_y03_191109/00647618.tar.gz
HTAR: a   instcat_y03_191109/00647619.tar.gz
HTAR: a   instcat_y03_191109/00647623.tar.gz
HTAR: a   instcat_y03_191109/00647624.tar.gz
HTAR: a   instcat_y03_191109/00647625.tar.gz
HTAR: a   instcat_y03_191109/00647627.tar.gz
HTAR: a   instcat_y03_191109/00647628.tar.gz
HTAR: a   instcat_y03_191109/00647629.tar.gz
HTAR: a   instcat_y03_191109/00647630.tar.gz
HTAR: a   instcat_y03_191109/00647631.tar.gz
HTAR: a   instcat_y03_191109/00647639.tar.gz
HTAR: a   instcat_y03_191109/00647640.tar.gz
HTAR: a   instcat_y03_191109/00647641.tar.gz
HTAR: a   instcat_y03_191109/00647642.tar.gz
HTAR: a   instcat_y03_191109/00647643.tar.gz
HTAR: a   instcat_y03_191109/00647644.tar.gz
HTAR: a   instcat_y03_191109/00647649.tar.gz
HTAR: a   instcat_y03_191109/00647663.tar.gz
HTAR: a   instcat_y03_191109/00647664.tar.gz
HTAR: a   instcat_y03_191109/00647665.tar.gz
HTAR: a   instcat_y03_191109/00647668.tar.gz
HTAR: a   instcat_y03_191109/00647669.tar.gz
HTAR: a   instcat_y03_191109/00647670.tar.gz
HTAR: a   instcat_y03_191109/00647721.tar.gz
HTAR: a   instcat_y03_191109/00647726.tar.gz
HTAR: a   instcat_y03_191109/00647727.tar.gz
HTAR: a   instcat_y03_191109/00647734.tar.gz
HTAR: a   instcat_y03_191109/00647735.tar.gz
HTAR: a   instcat_y03_191109/00647751.tar.gz
HTAR: a   instcat_y03_191109/00648446.tar.gz
HTAR: a   instcat_y03_191109/00648494.tar.gz
HTAR: a   instcat_y03_191109/00648495.tar.gz
HTAR: a   instcat_y03_191109/00648507.tar.gz
HTAR: a   instcat_y03_191109/00648508.tar.gz
HTAR: a   instcat_y03_191109/00648509.tar.gz
HTAR: a   instcat_y03_191109/00648510.tar.gz
HTAR: a   instcat_y03_191109/00648511.tar.gz
HTAR: a   instcat_y03_191109/00648512.tar.gz
HTAR: a   instcat_y03_191109/00648513.tar.gz
HTAR: a   instcat_y03_191109/00648519.tar.gz
HTAR: a   instcat_y03_191109/00648546.tar.gz
HTAR: a   instcat_y03_191109/00648547.tar.gz
HTAR: a   instcat_y03_191109/00648548.tar.gz
HTAR: a   instcat_y03_191109/00648549.tar.gz
HTAR: a   instcat_y03_191109/00648550.tar.gz
HTAR: a   instcat_y03_191109/00648551.tar.gz
HTAR: a   instcat_y03_191109/00648557.tar.gz
HTAR: a   instcat_y03_191109/00648570.tar.gz
HTAR: a   instcat_y03_191109/00648571.tar.gz
HTAR: a   instcat_y03_191109/00648572.tar.gz
HTAR: a   instcat_y03_191109/00648573.tar.gz
HTAR: a   instcat_y03_191109/00648574.tar.gz
HTAR: a   instcat_y03_191109/00648575.tar.gz
HTAR: a   instcat_y03_191109/00648602.tar.gz
HTAR: a   instcat_y03_191109/00648603.tar.gz
HTAR: a   instcat_y03_191109/00648604.tar.gz
HTAR: a   instcat_y03_191109/00648605.tar.gz
HTAR: a   instcat_y03_191109/00648606.tar.gz
HTAR: a   instcat_y03_191109/00648607.tar.gz
HTAR: a   instcat_y03_191109/00648608.tar.gz
HTAR: a   instcat_y03_191109/00648609.tar.gz
HTAR: a   instcat_y03_191109/00648610.tar.gz
HTAR: a   instcat_y03_191109/00648614.tar.gz
HTAR: a   instcat_y03_191109/00648615.tar.gz
HTAR: a   instcat_y03_191109/00648616.tar.gz
HTAR: a   instcat_y03_191109/00648617.tar.gz
HTAR: a   instcat_y03_191109/00648618.tar.gz
HTAR: a   instcat_y03_191109/00648656.tar.gz
HTAR: a   instcat_y03_191109/00648657.tar.gz
HTAR: a   instcat_y03_191109/00648658.tar.gz
HTAR: a   instcat_y03_191109/00648659.tar.gz
HTAR: a   instcat_y03_191109/00648660.tar.gz
HTAR: a   instcat_y03_191109/00648663.tar.gz
HTAR: a   instcat_y03_191109/00648664.tar.gz
HTAR: a   instcat_y03_191109/00648665.tar.gz
HTAR: a   instcat_y03_191109/00648666.tar.gz
HTAR: a   instcat_y03_191109/00649424.tar.gz
HTAR: a   instcat_y03_191109/00649425.tar.gz
HTAR: a   instcat_y03_191109/00649426.tar.gz
HTAR: a   instcat_y03_191109/00649427.tar.gz
HTAR: a   instcat_y03_191109/00649428.tar.gz
HTAR: a   instcat_y03_191109/00649460.tar.gz
HTAR: a   instcat_y03_191109/00649461.tar.gz
HTAR: a   instcat_y03_191109/00649462.tar.gz
HTAR: a   instcat_y03_191109/00649463.tar.gz
HTAR: a   instcat_y03_191109/00649514.tar.gz
HTAR: a   instcat_y03_191109/00649526.tar.gz
HTAR: a   instcat_y03_191109/00649561.tar.gz
HTAR: a   instcat_y03_191109/00650914.tar.gz
HTAR: a   instcat_y03_191109/00650926.tar.gz
HTAR: a   instcat_y03_191109/00650931.tar.gz
HTAR: a   instcat_y03_191109/00650938.tar.gz
HTAR: a   instcat_y03_191109/00651552.tar.gz
HTAR: a   instcat_y03_191109/00651553.tar.gz
HTAR: a   instcat_y03_191109/00651554.tar.gz
HTAR: a   instcat_y03_191109/00651555.tar.gz
HTAR: a   instcat_y03_191109/00651598.tar.gz
HTAR: a   instcat_y03_191109/00651599.tar.gz
HTAR: a   instcat_y03_191109/00651600.tar.gz
HTAR: a   instcat_y03_191109/00651601.tar.gz
HTAR: a   instcat_y03_191109/00651602.tar.gz
HTAR: a   instcat_y03_191109/job_log_00647596.txt
HTAR: a   instcat_y03_191109/job_log_00647597.txt
HTAR: a   instcat_y03_191109/job_log_00647598.txt
HTAR: a   instcat_y03_191109/job_log_00647599.txt
HTAR: a   instcat_y03_191109/job_log_00647600.txt
HTAR: a   instcat_y03_191109/job_log_00647601.txt
HTAR: a   instcat_y03_191109/job_log_00647602.txt
HTAR: a   instcat_y03_191109/job_log_00647603.txt
HTAR: a   instcat_y03_191109/job_log_00647605.txt
HTAR: a   instcat_y03_191109/job_log_00647606.txt
HTAR: a   instcat_y03_191109/job_log_00647607.txt
HTAR: a   instcat_y03_191109/job_log_00647608.txt
HTAR: a   instcat_y03_191109/job_log_00647609.txt
HTAR: a   instcat_y03_191109/job_log_00647610.txt
HTAR: a   instcat_y03_191109/job_log_00647611.txt
HTAR: a   instcat_y03_191109/job_log_00647612.txt
HTAR: a   instcat_y03_191109/job_log_00647613.txt
HTAR: a   instcat_y03_191109/job_log_00647618.txt
HTAR: a   instcat_y03_191109/job_log_00647619.txt
HTAR: a   instcat_y03_191109/job_log_00647623.txt
HTAR: a   instcat_y03_191109/job_log_00647624.txt
HTAR: a   instcat_y03_191109/job_log_00647625.txt
HTAR: a   instcat_y03_191109/job_log_00647627.txt
HTAR: a   instcat_y03_191109/job_log_00647628.txt
HTAR: a   instcat_y03_191109/job_log_00647629.txt
HTAR: a   instcat_y03_191109/job_log_00647630.txt
HTAR: a   instcat_y03_191109/job_log_00647631.txt
HTAR: a   instcat_y03_191109/job_log_00647639.txt
HTAR: a   instcat_y03_191109/job_log_00647640.txt
HTAR: a   instcat_y03_191109/job_log_00647641.txt
HTAR: a   instcat_y03_191109/job_log_00647642.txt
HTAR: a   instcat_y03_191109/job_log_00647643.txt
HTAR: a   instcat_y03_191109/job_log_00647644.txt
HTAR: a   instcat_y03_191109/job_log_00647649.txt
HTAR: a   instcat_y03_191109/job_log_00647663.txt
HTAR: a   instcat_y03_191109/job_log_00647664.txt
HTAR: a   instcat_y03_191109/job_log_00647665.txt
HTAR: a   instcat_y03_191109/job_log_00647668.txt
HTAR: a   instcat_y03_191109/job_log_00647669.txt
HTAR: a   instcat_y03_191109/job_log_00647670.txt
HTAR: a   instcat_y03_191109/job_log_00647721.txt
HTAR: a   instcat_y03_191109/job_log_00647726.txt
HTAR: a   instcat_y03_191109/job_log_00647727.txt
HTAR: a   instcat_y03_191109/job_log_00647734.txt
HTAR: a   instcat_y03_191109/job_log_00647735.txt
HTAR: a   instcat_y03_191109/job_log_00647751.txt
HTAR: a   instcat_y03_191109/job_log_00648446.txt
HTAR: a   instcat_y03_191109/job_log_00648494.txt
HTAR: a   instcat_y03_191109/job_log_00648495.txt
HTAR: a   instcat_y03_191109/job_log_00648507.txt
HTAR: a   instcat_y03_191109/job_log_00648508.txt
HTAR: a   instcat_y03_191109/job_log_00648509.txt
HTAR: a   instcat_y03_191109/job_log_00648510.txt
HTAR: a   instcat_y03_191109/job_log_00648511.txt
HTAR: a   instcat_y03_191109/job_log_00648512.txt
HTAR: a   instcat_y03_191109/job_log_00648513.txt
HTAR: a   instcat_y03_191109/job_log_00648519.txt
HTAR: a   instcat_y03_191109/job_log_00648546.txt
HTAR: a   instcat_y03_191109/job_log_00648547.txt
HTAR: a   instcat_y03_191109/job_log_00648548.txt
HTAR: a   instcat_y03_191109/job_log_00648549.txt
HTAR: a   instcat_y03_191109/job_log_00648550.txt
HTAR: a   instcat_y03_191109/job_log_00648551.txt
HTAR: a   instcat_y03_191109/job_log_00648557.txt
HTAR: a   instcat_y03_191109/job_log_00648570.txt
HTAR: a   instcat_y03_191109/job_log_00648571.txt
HTAR: a   instcat_y03_191109/job_log_00648572.txt
HTAR: a   instcat_y03_191109/job_log_00648573.txt
HTAR: a   instcat_y03_191109/job_log_00648574.txt
HTAR: a   instcat_y03_191109/job_log_00648575.txt
HTAR: a   instcat_y03_191109/job_log_00648602.txt
HTAR: a   instcat_y03_191109/job_log_00648603.txt
HTAR: a   instcat_y03_191109/job_log_00648604.txt
HTAR: a   instcat_y03_191109/job_log_00648605.txt
HTAR: a   instcat_y03_191109/job_log_00648606.txt
HTAR: a   instcat_y03_191109/job_log_00648607.txt
HTAR: a   instcat_y03_191109/job_log_00648608.txt
HTAR: a   instcat_y03_191109/job_log_00648609.txt
HTAR: a   instcat_y03_191109/job_log_00648610.txt
HTAR: a   instcat_y03_191109/job_log_00648614.txt
HTAR: a   instcat_y03_191109/job_log_00648615.txt
HTAR: a   instcat_y03_191109/job_log_00648616.txt
HTAR: a   instcat_y03_191109/job_log_00648617.txt
HTAR: a   instcat_y03_191109/job_log_00648618.txt
HTAR: a   instcat_y03_191109/job_log_00648656.txt
HTAR: a   instcat_y03_191109/job_log_00648657.txt
HTAR: a   instcat_y03_191109/job_log_00648658.txt
HTAR: a   instcat_y03_191109/job_log_00648659.txt
HTAR: a   instcat_y03_191109/job_log_00648660.txt
HTAR: a   instcat_y03_191109/job_log_00648663.txt
HTAR: a   instcat_y03_191109/job_log_00648664.txt
HTAR: a   instcat_y03_191109/job_log_00648665.txt
HTAR: a   instcat_y03_191109/job_log_00648666.txt
HTAR: a   instcat_y03_191109/job_log_00649424.txt
HTAR: a   instcat_y03_191109/job_log_00649425.txt
HTAR: a   instcat_y03_191109/job_log_00649426.txt
HTAR: a   instcat_y03_191109/job_log_00649427.txt
HTAR: a   instcat_y03_191109/job_log_00649428.txt
HTAR: a   instcat_y03_191109/job_log_00649460.txt
HTAR: a   instcat_y03_191109/job_log_00649461.txt
HTAR: a   instcat_y03_191109/job_log_00649462.txt
HTAR: a   instcat_y03_191109/job_log_00649463.txt
HTAR: a   instcat_y03_191109/job_log_00649514.txt
HTAR: a   instcat_y03_191109/job_log_00649526.txt
HTAR: a   instcat_y03_191109/job_log_00649561.txt
HTAR: a   instcat_y03_191109/job_log_00650914.txt
HTAR: a   instcat_y03_191109/job_log_00650926.txt
HTAR: a   instcat_y03_191109/job_log_00650931.txt
HTAR: a   instcat_y03_191109/job_log_00650938.txt
HTAR: a   instcat_y03_191109/job_log_00651552.txt
HTAR: a   instcat_y03_191109/job_log_00651553.txt
HTAR: a   instcat_y03_191109/job_log_00651554.txt
HTAR: a   instcat_y03_191109/job_log_00651555.txt
HTAR: a   instcat_y03_191109/job_log_00651598.txt
HTAR: a   instcat_y03_191109/job_log_00651599.txt
HTAR: a   instcat_y03_191109/job_log_00651600.txt
HTAR: a   instcat_y03_191109/job_log_00651601.txt
HTAR: a   instcat_y03_191109/job_log_00651602.txt
HTAR: a   /tmp/HTAR_CF_CHK_53888_1575952658
HTAR Create complete for /home/projects/desc/DC2_ImSim/Run2.2i/instCat/y03_191109/00647596to00651602.tar. 496,097,888,768 bytes written for 236 member files, max threads: 50 Transfer time: 3488.272 seconds (142.219 MB/s) wallclock/user/sys: 3490.970 4157.819 1624.749 seconds
HTAR: HTAR SUCCESSFUL
HTAR: a   instcat_y03_191109/00651603.tar.gz
HTAR: a   instcat_y03_191109/00651604.tar.gz
HTAR: a   instcat_y03_191109/00651605.tar.gz
HTAR: a   instcat_y03_191109/00651606.tar.gz
HTAR: a   instcat_y03_191109/00651607.tar.gz
HTAR: a   instcat_y03_191109/00651624.tar.gz
HTAR: a   instcat_y03_191109/00651625.tar.gz
HTAR: a   instcat_y03_191109/00651626.tar.gz
HTAR: a   instcat_y03_191109/00651627.tar.gz
HTAR: a   instcat_y03_191109/00651628.tar.gz
HTAR: a   instcat_y03_191109/00651648.tar.gz
HTAR: a   instcat_y03_191109/00651649.tar.gz
HTAR: a   instcat_y03_191109/00651650.tar.gz
HTAR: a   instcat_y03_191109/00651651.tar.gz
HTAR: a   instcat_y03_191109/00651652.tar.gz
HTAR: a   instcat_y03_191109/00651653.tar.gz
HTAR: a   instcat_y03_191109/00651654.tar.gz
HTAR: a   instcat_y03_191109/00651655.tar.gz
HTAR: a   instcat_y03_191109/00651656.tar.gz
HTAR: a   instcat_y03_191109/00651661.tar.gz
HTAR: a   instcat_y03_191109/00651662.tar.gz
HTAR: a   instcat_y03_191109/00651663.tar.gz
HTAR: a   instcat_y03_191109/00651685.tar.gz
HTAR: a   instcat_y03_191109/00651686.tar.gz
HTAR: a   instcat_y03_191109/00651687.tar.gz
HTAR: a   instcat_y03_191109/00651688.tar.gz
HTAR: a   instcat_y03_191109/00651705.tar.gz
HTAR: a   instcat_y03_191109/00651706.tar.gz
HTAR: a   instcat_y03_191109/00652853.tar.gz
HTAR: a   instcat_y03_191109/00652855.tar.gz
HTAR: a   instcat_y03_191109/00652878.tar.gz
HTAR: a   instcat_y03_191109/00653547.tar.gz
HTAR: a   instcat_y03_191109/00654403.tar.gz
HTAR: a   instcat_y03_191109/00654405.tar.gz
HTAR: a   instcat_y03_191109/00654406.tar.gz
HTAR: a   instcat_y03_191109/00654423.tar.gz
HTAR: a   instcat_y03_191109/00654424.tar.gz
HTAR: a   instcat_y03_191109/00654425.tar.gz
HTAR: a   instcat_y03_191109/00654426.tar.gz
HTAR: a   instcat_y03_191109/00654427.tar.gz
HTAR: a   instcat_y03_191109/00654435.tar.gz
HTAR: a   instcat_y03_191109/00654437.tar.gz
HTAR: a   instcat_y03_191109/00654438.tar.gz
HTAR: a   instcat_y03_191109/00654440.tar.gz
HTAR: a   instcat_y03_191109/00654453.tar.gz
HTAR: a   instcat_y03_191109/00654454.tar.gz
HTAR: a   instcat_y03_191109/00654455.tar.gz
HTAR: a   instcat_y03_191109/00654456.tar.gz
HTAR: a   instcat_y03_191109/00654457.tar.gz
HTAR: a   instcat_y03_191109/00654458.tar.gz
HTAR: a   instcat_y03_191109/00654459.tar.gz
HTAR: a   instcat_y03_191109/00654460.tar.gz
HTAR: a   instcat_y03_191109/00654461.tar.gz
HTAR: a   instcat_y03_191109/00654462.tar.gz
HTAR: a   instcat_y03_191109/00654463.tar.gz
HTAR: a   instcat_y03_191109/00654464.tar.gz
HTAR: a   instcat_y03_191109/00654465.tar.gz
HTAR: a   instcat_y03_191109/00654466.tar.gz
HTAR: a   instcat_y03_191109/00654467.tar.gz
HTAR: a   instcat_y03_191109/00654481.tar.gz
HTAR: a   instcat_y03_191109/00654482.tar.gz
HTAR: a   instcat_y03_191109/00654486.tar.gz
HTAR: a   instcat_y03_191109/00654487.tar.gz
HTAR: a   instcat_y03_191109/00654488.tar.gz
HTAR: a   instcat_y03_191109/00654490.tar.gz
HTAR: a   instcat_y03_191109/00654491.tar.gz
HTAR: a   instcat_y03_191109/00654492.tar.gz
HTAR: a   instcat_y03_191109/00654493.tar.gz
HTAR: a   instcat_y03_191109/00654494.tar.gz
HTAR: a   instcat_y03_191109/00654495.tar.gz
HTAR: a   instcat_y03_191109/00654496.tar.gz
HTAR: a   instcat_y03_191109/00654497.tar.gz
HTAR: a   instcat_y03_191109/00654498.tar.gz
HTAR: a   instcat_y03_191109/00654499.tar.gz
HTAR: a   instcat_y03_191109/00654510.tar.gz
HTAR: a   instcat_y03_191109/00654511.tar.gz
HTAR: a   instcat_y03_191109/00654515.tar.gz
HTAR: a   instcat_y03_191109/00654519.tar.gz
HTAR: a   instcat_y03_191109/00654534.tar.gz
HTAR: a   instcat_y03_191109/00654535.tar.gz
HTAR: a   instcat_y03_191109/00654536.tar.gz
HTAR: a   instcat_y03_191109/00654537.tar.gz
HTAR: a   instcat_y03_191109/00654562.tar.gz
HTAR: a   instcat_y03_191109/00654563.tar.gz
HTAR: a   instcat_y03_191109/00654592.tar.gz
HTAR: a   instcat_y03_191109/00654639.tar.gz
HTAR: a   instcat_y03_191109/00654673.tar.gz
HTAR: a   instcat_y03_191109/00654674.tar.gz
HTAR: a   instcat_y03_191109/00654715.tar.gz
HTAR: a   instcat_y03_191109/00654762.tar.gz
HTAR: a   instcat_y03_191109/00654767.tar.gz
HTAR: a   instcat_y03_191109/00654778.tar.gz
HTAR: a   instcat_y03_191109/00654781.tar.gz
HTAR: a   instcat_y03_191109/00655335.tar.gz
HTAR: a   instcat_y03_191109/00655381.tar.gz
HTAR: a   instcat_y03_191109/00655403.tar.gz
HTAR: a   instcat_y03_191109/00655404.tar.gz
HTAR: a   instcat_y03_191109/00655405.tar.gz
HTAR: a   instcat_y03_191109/00655406.tar.gz
HTAR: a   instcat_y03_191109/00655407.tar.gz
HTAR: a   instcat_y03_191109/00655408.tar.gz
HTAR: a   instcat_y03_191109/00655409.tar.gz
HTAR: a   instcat_y03_191109/00655431.tar.gz
HTAR: a   instcat_y03_191109/00655432.tar.gz
HTAR: a   instcat_y03_191109/00655433.tar.gz
HTAR: a   instcat_y03_191109/00655434.tar.gz
HTAR: a   instcat_y03_191109/00655435.tar.gz
HTAR: a   instcat_y03_191109/00655436.tar.gz
HTAR: a   instcat_y03_191109/00655440.tar.gz
HTAR: a   instcat_y03_191109/00655441.tar.gz
HTAR: a   instcat_y03_191109/00655442.tar.gz
HTAR: a   instcat_y03_191109/00655443.tar.gz
HTAR: a   instcat_y03_191109/00655444.tar.gz
HTAR: a   instcat_y03_191109/00655445.tar.gz
HTAR: a   instcat_y03_191109/00655446.tar.gz
HTAR: a   instcat_y03_191109/00655447.tar.gz
HTAR: a   instcat_y03_191109/00655472.tar.gz
HTAR: a   instcat_y03_191109/00655473.tar.gz
HTAR: a   instcat_y03_191109/job_log_00651603.txt
HTAR: a   instcat_y03_191109/job_log_00651604.txt
HTAR: a   instcat_y03_191109/job_log_00651605.txt
HTAR: a   instcat_y03_191109/job_log_00651606.txt
HTAR: a   instcat_y03_191109/job_log_00651607.txt
HTAR: a   instcat_y03_191109/job_log_00651624.txt
HTAR: a   instcat_y03_191109/job_log_00651625.txt
HTAR: a   instcat_y03_191109/job_log_00651626.txt
HTAR: a   instcat_y03_191109/job_log_00651627.txt
HTAR: a   instcat_y03_191109/job_log_00651628.txt
HTAR: a   instcat_y03_191109/job_log_00651648.txt
HTAR: a   instcat_y03_191109/job_log_00651649.txt
HTAR: a   instcat_y03_191109/job_log_00651650.txt
HTAR: a   instcat_y03_191109/job_log_00651651.txt
HTAR: a   instcat_y03_191109/job_log_00651652.txt
HTAR: a   instcat_y03_191109/job_log_00651653.txt
HTAR: a   instcat_y03_191109/job_log_00651654.txt
HTAR: a   instcat_y03_191109/job_log_00651655.txt
HTAR: a   instcat_y03_191109/job_log_00651656.txt
HTAR: a   instcat_y03_191109/job_log_00651661.txt
HTAR: a   instcat_y03_191109/job_log_00651662.txt
HTAR: a   instcat_y03_191109/job_log_00651663.txt
HTAR: a   instcat_y03_191109/job_log_00651685.txt
HTAR: a   instcat_y03_191109/job_log_00651686.txt
HTAR: a   instcat_y03_191109/job_log_00651687.txt
HTAR: a   instcat_y03_191109/job_log_00651688.txt
HTAR: a   instcat_y03_191109/job_log_00651705.txt
HTAR: a   instcat_y03_191109/job_log_00651706.txt
HTAR: a   instcat_y03_191109/job_log_00652853.txt
HTAR: a   instcat_y03_191109/job_log_00652855.txt
HTAR: a   instcat_y03_191109/job_log_00652878.txt
HTAR: a   instcat_y03_191109/job_log_00653547.txt
HTAR: a   instcat_y03_191109/job_log_00654403.txt
HTAR: a   instcat_y03_191109/job_log_00654405.txt
HTAR: a   instcat_y03_191109/job_log_00654406.txt
HTAR: a   instcat_y03_191109/job_log_00654423.txt
HTAR: a   instcat_y03_191109/job_log_00654424.txt
HTAR: a   instcat_y03_191109/job_log_00654425.txt
HTAR: a   instcat_y03_191109/job_log_00654426.txt
HTAR: a   instcat_y03_191109/job_log_00654427.txt
HTAR: a   instcat_y03_191109/job_log_00654435.txt
HTAR: a   instcat_y03_191109/job_log_00654437.txt
HTAR: a   instcat_y03_191109/job_log_00654438.txt
HTAR: a   instcat_y03_191109/job_log_00654440.txt
HTAR: a   instcat_y03_191109/job_log_00654453.txt
HTAR: a   instcat_y03_191109/job_log_00654454.txt
HTAR: a   instcat_y03_191109/job_log_00654455.txt
HTAR: a   instcat_y03_191109/job_log_00654456.txt
HTAR: a   instcat_y03_191109/job_log_00654457.txt
HTAR: a   instcat_y03_191109/job_log_00654458.txt
HTAR: a   instcat_y03_191109/job_log_00654459.txt
HTAR: a   instcat_y03_191109/job_log_00654460.txt
HTAR: a   instcat_y03_191109/job_log_00654461.txt
HTAR: a   instcat_y03_191109/job_log_00654462.txt
HTAR: a   instcat_y03_191109/job_log_00654463.txt
HTAR: a   instcat_y03_191109/job_log_00654464.txt
HTAR: a   instcat_y03_191109/job_log_00654465.txt
HTAR: a   instcat_y03_191109/job_log_00654466.txt
HTAR: a   instcat_y03_191109/job_log_00654467.txt
HTAR: a   instcat_y03_191109/job_log_00654481.txt
HTAR: a   instcat_y03_191109/job_log_00654482.txt
HTAR: a   instcat_y03_191109/job_log_00654486.txt
HTAR: a   instcat_y03_191109/job_log_00654487.txt
HTAR: a   instcat_y03_191109/job_log_00654488.txt
HTAR: a   instcat_y03_191109/job_log_00654490.txt
HTAR: a   instcat_y03_191109/job_log_00654491.txt
HTAR: a   instcat_y03_191109/job_log_00654492.txt
HTAR: a   instcat_y03_191109/job_log_00654493.txt
HTAR: a   instcat_y03_191109/job_log_00654494.txt
HTAR: a   instcat_y03_191109/job_log_00654495.txt
HTAR: a   instcat_y03_191109/job_log_00654496.txt
HTAR: a   instcat_y03_191109/job_log_00654497.txt
HTAR: a   instcat_y03_191109/job_log_00654498.txt
HTAR: a   instcat_y03_191109/job_log_00654499.txt
HTAR: a   instcat_y03_191109/job_log_00654510.txt
HTAR: a   instcat_y03_191109/job_log_00654511.txt
HTAR: a   instcat_y03_191109/job_log_00654515.txt
HTAR: a   instcat_y03_191109/job_log_00654519.txt
HTAR: a   instcat_y03_191109/job_log_00654534.txt
HTAR: a   instcat_y03_191109/job_log_00654535.txt
HTAR: a   instcat_y03_191109/job_log_00654536.txt
HTAR: a   instcat_y03_191109/job_log_00654537.txt
HTAR: a   instcat_y03_191109/job_log_00654562.txt
HTAR: a   instcat_y03_191109/job_log_00654563.txt
HTAR: a   instcat_y03_191109/job_log_00654592.txt
HTAR: a   instcat_y03_191109/job_log_00654639.txt
HTAR: a   instcat_y03_191109/job_log_00654673.txt
HTAR: a   instcat_y03_191109/job_log_00654674.txt
HTAR: a   instcat_y03_191109/job_log_00654715.txt
HTAR: a   instcat_y03_191109/job_log_00654762.txt
HTAR: a   instcat_y03_191109/job_log_00654767.txt
HTAR: a   instcat_y03_191109/job_log_00654778.txt
HTAR: a   instcat_y03_191109/job_log_00654781.txt
HTAR: a   instcat_y03_191109/job_log_00655335.txt
HTAR: a   instcat_y03_191109/job_log_00655381.txt
HTAR: a   instcat_y03_191109/job_log_00655403.txt
HTAR: a   instcat_y03_191109/job_log_00655404.txt
HTAR: a   instcat_y03_191109/job_log_00655405.txt
HTAR: a   instcat_y03_191109/job_log_00655406.txt
HTAR: a   instcat_y03_191109/job_log_00655407.txt
HTAR: a   instcat_y03_191109/job_log_00655408.txt
HTAR: a   instcat_y03_191109/job_log_00655409.txt
HTAR: a   instcat_y03_191109/job_log_00655431.txt
HTAR: a   instcat_y03_191109/job_log_00655432.txt
HTAR: a   instcat_y03_191109/job_log_00655433.txt
HTAR: a   instcat_y03_191109/job_log_00655434.txt
HTAR: a   instcat_y03_191109/job_log_00655435.txt
HTAR: a   instcat_y03_191109/job_log_00655436.txt
HTAR: a   instcat_y03_191109/job_log_00655440.txt
HTAR: a   instcat_y03_191109/job_log_00655441.txt
HTAR: a   instcat_y03_191109/job_log_00655442.txt
HTAR: a   instcat_y03_191109/job_log_00655443.txt
HTAR: a   instcat_y03_191109/job_log_00655444.txt
HTAR: a   instcat_y03_191109/job_log_00655445.txt
HTAR: a   instcat_y03_191109/job_log_00655446.txt
HTAR: a   instcat_y03_191109/job_log_00655447.txt
HTAR: a   instcat_y03_191109/job_log_00655472.txt
HTAR: a   instcat_y03_191109/job_log_00655473.txt
HTAR: a   /tmp/HTAR_CF_CHK_34315_1575956151
HTAR Create complete for /home/projects/desc/DC2_ImSim/Run2.2i/instCat/y03_191109/00651603to00655473.tar. 512,608,295,936 bytes written for 236 member files, max threads: 50 Transfer time: 3584.158 seconds (143.021 MB/s) wallclock/user/sys: 3586.922 4281.671 1665.148 seconds
HTAR: HTAR SUCCESSFUL
HTAR: a   instcat_y03_191109/00655474.tar.gz
HTAR: a   instcat_y03_191109/00655475.tar.gz
HTAR: a   instcat_y03_191109/00655476.tar.gz
HTAR: a   instcat_y03_191109/00655477.tar.gz
HTAR: a   instcat_y03_191109/00655478.tar.gz
HTAR: a   instcat_y03_191109/00655479.tar.gz
HTAR: a   instcat_y03_191109/00655480.tar.gz
HTAR: a   instcat_y03_191109/00655481.tar.gz
HTAR: a   instcat_y03_191109/00655482.tar.gz
HTAR: a   instcat_y03_191109/00655483.tar.gz
HTAR: a   instcat_y03_191109/00655484.tar.gz
HTAR: a   instcat_y03_191109/00655485.tar.gz
HTAR: a   instcat_y03_191109/00655486.tar.gz
HTAR: a   instcat_y03_191109/00655487.tar.gz
HTAR: a   instcat_y03_191109/00655488.tar.gz
HTAR: a   instcat_y03_191109/00655489.tar.gz
HTAR: a   instcat_y03_191109/00655510.tar.gz
HTAR: a   instcat_y03_191109/00655511.tar.gz
HTAR: a   instcat_y03_191109/00655512.tar.gz
HTAR: a   instcat_y03_191109/00655513.tar.gz
HTAR: a   instcat_y03_191109/00655514.tar.gz
HTAR: a   instcat_y03_191109/00655515.tar.gz
HTAR: a   instcat_y03_191109/00655516.tar.gz
HTAR: a   instcat_y03_191109/00655517.tar.gz
HTAR: a   instcat_y03_191109/00655518.tar.gz
HTAR: a   instcat_y03_191109/00655519.tar.gz
HTAR: a   instcat_y03_191109/00655520.tar.gz
HTAR: a   instcat_y03_191109/00655521.tar.gz
HTAR: a   instcat_y03_191109/00655522.tar.gz
HTAR: a   instcat_y03_191109/00655523.tar.gz
HTAR: a   instcat_y03_191109/00655524.tar.gz
HTAR: a   instcat_y03_191109/00655530.tar.gz
HTAR: a   instcat_y03_191109/00655531.tar.gz
HTAR: a   instcat_y03_191109/00655532.tar.gz
HTAR: a   instcat_y03_191109/00655560.tar.gz
HTAR: a   instcat_y03_191109/00655564.tar.gz
HTAR: a   instcat_y03_191109/00655565.tar.gz
HTAR: a   instcat_y03_191109/00655566.tar.gz
HTAR: a   instcat_y03_191109/00655567.tar.gz
HTAR: a   instcat_y03_191109/00655568.tar.gz
HTAR: a   instcat_y03_191109/00655569.tar.gz
HTAR: a   instcat_y03_191109/00655570.tar.gz
HTAR: a   instcat_y03_191109/00655620.tar.gz
HTAR: a   instcat_y03_191109/00655621.tar.gz
HTAR: a   instcat_y03_191109/00655662.tar.gz
HTAR: a   instcat_y03_191109/00655663.tar.gz
HTAR: a   instcat_y03_191109/00656376.tar.gz
HTAR: a   instcat_y03_191109/00656377.tar.gz
HTAR: a   instcat_y03_191109/00656378.tar.gz
HTAR: a   instcat_y03_191109/00656403.tar.gz
HTAR: a   instcat_y03_191109/00656406.tar.gz
HTAR: a   instcat_y03_191109/00656407.tar.gz
HTAR: a   instcat_y03_191109/00656408.tar.gz
HTAR: a   instcat_y03_191109/00656410.tar.gz
HTAR: a   instcat_y03_191109/00656413.tar.gz
HTAR: a   instcat_y03_191109/00656414.tar.gz
HTAR: a   instcat_y03_191109/00656415.tar.gz
HTAR: a   instcat_y03_191109/00656416.tar.gz
HTAR: a   instcat_y03_191109/00656417.tar.gz
HTAR: a   instcat_y03_191109/00656418.tar.gz
HTAR: a   instcat_y03_191109/00656419.tar.gz
HTAR: a   instcat_y03_191109/00656420.tar.gz
HTAR: a   instcat_y03_191109/00656421.tar.gz
HTAR: a   instcat_y03_191109/00656422.tar.gz
HTAR: a   instcat_y03_191109/00656423.tar.gz
HTAR: a   instcat_y03_191109/00656424.tar.gz
HTAR: a   instcat_y03_191109/00656425.tar.gz
HTAR: a   instcat_y03_191109/00656426.tar.gz
HTAR: a   instcat_y03_191109/00656427.tar.gz
HTAR: a   instcat_y03_191109/00656428.tar.gz
HTAR: a   instcat_y03_191109/00656429.tar.gz
HTAR: a   instcat_y03_191109/00656430.tar.gz
HTAR: a   instcat_y03_191109/00656431.tar.gz
HTAR: a   instcat_y03_191109/00656432.tar.gz
HTAR: a   instcat_y03_191109/00656433.tar.gz
HTAR: a   instcat_y03_191109/00656443.tar.gz
HTAR: a   instcat_y03_191109/00656444.tar.gz
HTAR: a   instcat_y03_191109/00656445.tar.gz
HTAR: a   instcat_y03_191109/00656446.tar.gz
HTAR: a   instcat_y03_191109/00656447.tar.gz
HTAR: a   instcat_y03_191109/00656448.tar.gz
HTAR: a   instcat_y03_191109/00656449.tar.gz
HTAR: a   instcat_y03_191109/00656450.tar.gz
HTAR: a   instcat_y03_191109/00656451.tar.gz
HTAR: a   instcat_y03_191109/00656452.tar.gz
HTAR: a   instcat_y03_191109/00656453.tar.gz
HTAR: a   instcat_y03_191109/00656454.tar.gz
HTAR: a   instcat_y03_191109/00656455.tar.gz
HTAR: a   instcat_y03_191109/00656456.tar.gz
HTAR: a   instcat_y03_191109/00656457.tar.gz
HTAR: a   instcat_y03_191109/00656458.tar.gz
HTAR: a   instcat_y03_191109/00656459.tar.gz
HTAR: a   instcat_y03_191109/00656460.tar.gz
HTAR: a   instcat_y03_191109/00656467.tar.gz
HTAR: a   instcat_y03_191109/00656468.tar.gz
HTAR: a   instcat_y03_191109/00656469.tar.gz
HTAR: a   instcat_y03_191109/00656470.tar.gz
HTAR: a   instcat_y03_191109/00656471.tar.gz
HTAR: a   instcat_y03_191109/00656472.tar.gz
HTAR: a   instcat_y03_191109/00656473.tar.gz
HTAR: a   instcat_y03_191109/00656482.tar.gz
HTAR: a   instcat_y03_191109/00656490.tar.gz
HTAR: a   instcat_y03_191109/00656491.tar.gz
HTAR: a   instcat_y03_191109/00656492.tar.gz
HTAR: a   instcat_y03_191109/00656493.tar.gz
HTAR: a   instcat_y03_191109/00656494.tar.gz
HTAR: a   instcat_y03_191109/00656507.tar.gz
HTAR: a   instcat_y03_191109/00656511.tar.gz
HTAR: a   instcat_y03_191109/00656520.tar.gz
HTAR: a   instcat_y03_191109/00656522.tar.gz
HTAR: a   instcat_y03_191109/00656523.tar.gz
HTAR: a   instcat_y03_191109/00656524.tar.gz
HTAR: a   instcat_y03_191109/00656525.tar.gz
HTAR: a   instcat_y03_191109/00656526.tar.gz
HTAR: a   instcat_y03_191109/00656527.tar.gz
HTAR: a   instcat_y03_191109/00656532.tar.gz
HTAR: a   instcat_y03_191109/00657274.tar.gz
HTAR: a   instcat_y03_191109/00657288.tar.gz
HTAR: a   instcat_y03_191109/job_log_00655474.txt
HTAR: a   instcat_y03_191109/job_log_00655475.txt
HTAR: a   instcat_y03_191109/job_log_00655476.txt
HTAR: a   instcat_y03_191109/job_log_00655477.txt
HTAR: a   instcat_y03_191109/job_log_00655478.txt
HTAR: a   instcat_y03_191109/job_log_00655479.txt
HTAR: a   instcat_y03_191109/job_log_00655480.txt
HTAR: a   instcat_y03_191109/job_log_00655481.txt
HTAR: a   instcat_y03_191109/job_log_00655482.txt
HTAR: a   instcat_y03_191109/job_log_00655483.txt
HTAR: a   instcat_y03_191109/job_log_00655484.txt
HTAR: a   instcat_y03_191109/job_log_00655485.txt
HTAR: a   instcat_y03_191109/job_log_00655486.txt
HTAR: a   instcat_y03_191109/job_log_00655487.txt
HTAR: a   instcat_y03_191109/job_log_00655488.txt
HTAR: a   instcat_y03_191109/job_log_00655489.txt
HTAR: a   instcat_y03_191109/job_log_00655510.txt
HTAR: a   instcat_y03_191109/job_log_00655511.txt
HTAR: a   instcat_y03_191109/job_log_00655512.txt
HTAR: a   instcat_y03_191109/job_log_00655513.txt
HTAR: a   instcat_y03_191109/job_log_00655514.txt
HTAR: a   instcat_y03_191109/job_log_00655515.txt
HTAR: a   instcat_y03_191109/job_log_00655516.txt
HTAR: a   instcat_y03_191109/job_log_00655517.txt
HTAR: a   instcat_y03_191109/job_log_00655518.txt
HTAR: a   instcat_y03_191109/job_log_00655519.txt
HTAR: a   instcat_y03_191109/job_log_00655520.txt
HTAR: a   instcat_y03_191109/job_log_00655521.txt
HTAR: a   instcat_y03_191109/job_log_00655522.txt
HTAR: a   instcat_y03_191109/job_log_00655523.txt
HTAR: a   instcat_y03_191109/job_log_00655524.txt
HTAR: a   instcat_y03_191109/job_log_00655530.txt
HTAR: a   instcat_y03_191109/job_log_00655531.txt
HTAR: a   instcat_y03_191109/job_log_00655532.txt
HTAR: a   instcat_y03_191109/job_log_00655560.txt
HTAR: a   instcat_y03_191109/job_log_00655564.txt
HTAR: a   instcat_y03_191109/job_log_00655565.txt
HTAR: a   instcat_y03_191109/job_log_00655566.txt
HTAR: a   instcat_y03_191109/job_log_00655567.txt
HTAR: a   instcat_y03_191109/job_log_00655568.txt
HTAR: a   instcat_y03_191109/job_log_00655569.txt
HTAR: a   instcat_y03_191109/job_log_00655570.txt
HTAR: a   instcat_y03_191109/job_log_00655620.txt
HTAR: a   instcat_y03_191109/job_log_00655621.txt
HTAR: a   instcat_y03_191109/job_log_00655662.txt
HTAR: a   instcat_y03_191109/job_log_00655663.txt
HTAR: a   instcat_y03_191109/job_log_00656376.txt
HTAR: a   instcat_y03_191109/job_log_00656377.txt
HTAR: a   instcat_y03_191109/job_log_00656378.txt
HTAR: a   instcat_y03_191109/job_log_00656403.txt
HTAR: a   instcat_y03_191109/job_log_00656406.txt
HTAR: a   instcat_y03_191109/job_log_00656407.txt
HTAR: a   instcat_y03_191109/job_log_00656408.txt
HTAR: a   instcat_y03_191109/job_log_00656410.txt
HTAR: a   instcat_y03_191109/job_log_00656413.txt
HTAR: a   instcat_y03_191109/job_log_00656414.txt
HTAR: a   instcat_y03_191109/job_log_00656415.txt
HTAR: a   instcat_y03_191109/job_log_00656416.txt
HTAR: a   instcat_y03_191109/job_log_00656417.txt
HTAR: a   instcat_y03_191109/job_log_00656418.txt
HTAR: a   instcat_y03_191109/job_log_00656419.txt
HTAR: a   instcat_y03_191109/job_log_00656420.txt
HTAR: a   instcat_y03_191109/job_log_00656421.txt
HTAR: a   instcat_y03_191109/job_log_00656422.txt
HTAR: a   instcat_y03_191109/job_log_00656423.txt
HTAR: a   instcat_y03_191109/job_log_00656424.txt
HTAR: a   instcat_y03_191109/job_log_00656425.txt
HTAR: a   instcat_y03_191109/job_log_00656426.txt
HTAR: a   instcat_y03_191109/job_log_00656427.txt
HTAR: a   instcat_y03_191109/job_log_00656428.txt
HTAR: a   instcat_y03_191109/job_log_00656429.txt
HTAR: a   instcat_y03_191109/job_log_00656430.txt
HTAR: a   instcat_y03_191109/job_log_00656431.txt
HTAR: a   instcat_y03_191109/job_log_00656432.txt
HTAR: a   instcat_y03_191109/job_log_00656433.txt
HTAR: a   instcat_y03_191109/job_log_00656443.txt
HTAR: a   instcat_y03_191109/job_log_00656444.txt
HTAR: a   instcat_y03_191109/job_log_00656445.txt
HTAR: a   instcat_y03_191109/job_log_00656446.txt
HTAR: a   instcat_y03_191109/job_log_00656447.txt
HTAR: a   instcat_y03_191109/job_log_00656448.txt
HTAR: a   instcat_y03_191109/job_log_00656449.txt
HTAR: a   instcat_y03_191109/job_log_00656450.txt
HTAR: a   instcat_y03_191109/job_log_00656451.txt
HTAR: a   instcat_y03_191109/job_log_00656452.txt
HTAR: a   instcat_y03_191109/job_log_00656453.txt
HTAR: a   instcat_y03_191109/job_log_00656454.txt
HTAR: a   instcat_y03_191109/job_log_00656455.txt
HTAR: a   instcat_y03_191109/job_log_00656456.txt
HTAR: a   instcat_y03_191109/job_log_00656457.txt
HTAR: a   instcat_y03_191109/job_log_00656458.txt
HTAR: a   instcat_y03_191109/job_log_00656459.txt
HTAR: a   instcat_y03_191109/job_log_00656460.txt
HTAR: a   instcat_y03_191109/job_log_00656467.txt
HTAR: a   instcat_y03_191109/job_log_00656468.txt
HTAR: a   instcat_y03_191109/job_log_00656469.txt
HTAR: a   instcat_y03_191109/job_log_00656470.txt
HTAR: a   instcat_y03_191109/job_log_00656471.txt
HTAR: a   instcat_y03_191109/job_log_00656472.txt
HTAR: a   instcat_y03_191109/job_log_00656473.txt
HTAR: a   instcat_y03_191109/job_log_00656482.txt
HTAR: a   instcat_y03_191109/job_log_00656490.txt
HTAR: a   instcat_y03_191109/job_log_00656491.txt
HTAR: a   instcat_y03_191109/job_log_00656492.txt
HTAR: a   instcat_y03_191109/job_log_00656493.txt
HTAR: a   instcat_y03_191109/job_log_00656494.txt
HTAR: a   instcat_y03_191109/job_log_00656507.txt
HTAR: a   instcat_y03_191109/job_log_00656511.txt
HTAR: a   instcat_y03_191109/job_log_00656520.txt
HTAR: a   instcat_y03_191109/job_log_00656522.txt
HTAR: a   instcat_y03_191109/job_log_00656523.txt
HTAR: a   instcat_y03_191109/job_log_00656524.txt
HTAR: a   instcat_y03_191109/job_log_00656525.txt
HTAR: a   instcat_y03_191109/job_log_00656526.txt
HTAR: a   instcat_y03_191109/job_log_00656527.txt
HTAR: a   instcat_y03_191109/job_log_00656532.txt
HTAR: a   instcat_y03_191109/job_log_00657274.txt
HTAR: a   instcat_y03_191109/job_log_00657288.txt
HTAR: a   /tmp/HTAR_CF_CHK_27190_1575959741
HTAR Create complete for /home/projects/desc/DC2_ImSim/Run2.2i/instCat/y03_191109/00655474to00657288.tar. 517,275,732,992 bytes written for 236 member files, max threads: 50 Transfer time: 3887.995 seconds (133.044 MB/s) wallclock/user/sys: 3890.564 4562.595 1838.760 seconds
HTAR: HTAR SUCCESSFUL
HTAR: a   instcat_y03_191109/00657292.tar.gz
HTAR: a   instcat_y03_191109/00657293.tar.gz
HTAR: a   instcat_y03_191109/00657294.tar.gz
HTAR: a   instcat_y03_191109/00657300.tar.gz
HTAR: a   instcat_y03_191109/00657302.tar.gz
HTAR: a   instcat_y03_191109/00657400.tar.gz
HTAR: a   instcat_y03_191109/00657401.tar.gz
HTAR: a   instcat_y03_191109/00657402.tar.gz
HTAR: a   instcat_y03_191109/00657403.tar.gz
HTAR: a   instcat_y03_191109/00657404.tar.gz
HTAR: a   instcat_y03_191109/00657405.tar.gz
HTAR: a   instcat_y03_191109/00657406.tar.gz
HTAR: a   instcat_y03_191109/00657407.tar.gz
HTAR: a   instcat_y03_191109/00657408.tar.gz
HTAR: a   instcat_y03_191109/00657409.tar.gz
HTAR: a   instcat_y03_191109/00657410.tar.gz
HTAR: a   instcat_y03_191109/00657411.tar.gz
HTAR: a   instcat_y03_191109/00657412.tar.gz
HTAR: a   instcat_y03_191109/00657413.tar.gz
HTAR: a   instcat_y03_191109/00657414.tar.gz
HTAR: a   instcat_y03_191109/00657415.tar.gz
HTAR: a   instcat_y03_191109/00657416.tar.gz
HTAR: a   instcat_y03_191109/00657417.tar.gz
HTAR: a   instcat_y03_191109/00657418.tar.gz
HTAR: a   instcat_y03_191109/00657419.tar.gz
HTAR: a   instcat_y03_191109/00657420.tar.gz
HTAR: a   instcat_y03_191109/00657428.tar.gz
HTAR: a   instcat_y03_191109/00657449.tar.gz
HTAR: a   instcat_y03_191109/00657450.tar.gz
HTAR: a   instcat_y03_191109/00657466.tar.gz
HTAR: a   instcat_y03_191109/00657467.tar.gz
HTAR: a   instcat_y03_191109/00657468.tar.gz
HTAR: a   instcat_y03_191109/00657470.tar.gz
HTAR: a   instcat_y03_191109/00657471.tar.gz
HTAR: a   instcat_y03_191109/00657472.tar.gz
HTAR: a   instcat_y03_191109/00657473.tar.gz
HTAR: a   instcat_y03_191109/00657487.tar.gz
HTAR: a   instcat_y03_191109/00657488.tar.gz
HTAR: a   instcat_y03_191109/00657489.tar.gz
HTAR: a   instcat_y03_191109/00657490.tar.gz
HTAR: a   instcat_y03_191109/00657544.tar.gz
HTAR: a   instcat_y03_191109/00657545.tar.gz
HTAR: a   instcat_y03_191109/00657546.tar.gz
HTAR: a   instcat_y03_191109/00657547.tar.gz
HTAR: a   instcat_y03_191109/00657548.tar.gz
HTAR: a   instcat_y03_191109/00657549.tar.gz
HTAR: a   instcat_y03_191109/00657550.tar.gz
HTAR: a   instcat_y03_191109/00657551.tar.gz
HTAR: a   instcat_y03_191109/00657552.tar.gz
HTAR: a   instcat_y03_191109/00657553.tar.gz
HTAR: a   instcat_y03_191109/00657554.tar.gz
HTAR: a   instcat_y03_191109/00657565.tar.gz
HTAR: a   instcat_y03_191109/00657566.tar.gz
HTAR: a   instcat_y03_191109/00657567.tar.gz
HTAR: a   instcat_y03_191109/00657568.tar.gz
HTAR: a   instcat_y03_191109/00657569.tar.gz
HTAR: a   instcat_y03_191109/00657570.tar.gz
HTAR: a   instcat_y03_191109/00657631.tar.gz
HTAR: a   instcat_y03_191109/00658295.tar.gz
HTAR: a   instcat_y03_191109/00658296.tar.gz
HTAR: a   instcat_y03_191109/00658297.tar.gz
HTAR: a   instcat_y03_191109/00658298.tar.gz
HTAR: a   instcat_y03_191109/00658299.tar.gz
HTAR: a   instcat_y03_191109/00658300.tar.gz
HTAR: a   instcat_y03_191109/00658301.tar.gz
HTAR: a   instcat_y03_191109/00658302.tar.gz
HTAR: a   instcat_y03_191109/00658303.tar.gz
HTAR: a   instcat_y03_191109/00658304.tar.gz
HTAR: a   instcat_y03_191109/00658305.tar.gz
HTAR: a   instcat_y03_191109/00658306.tar.gz
HTAR: a   instcat_y03_191109/00658307.tar.gz
HTAR: a   instcat_y03_191109/00658308.tar.gz
HTAR: a   instcat_y03_191109/00658309.tar.gz
HTAR: a   instcat_y03_191109/00658310.tar.gz
HTAR: a   instcat_y03_191109/00658311.tar.gz
HTAR: a   instcat_y03_191109/00658312.tar.gz
HTAR: a   instcat_y03_191109/00658313.tar.gz
HTAR: a   instcat_y03_191109/00658314.tar.gz
HTAR: a   instcat_y03_191109/00658342.tar.gz
HTAR: a   instcat_y03_191109/00658343.tar.gz
HTAR: a   instcat_y03_191109/00658344.tar.gz
HTAR: a   instcat_y03_191109/00658345.tar.gz
HTAR: a   instcat_y03_191109/00658346.tar.gz
HTAR: a   instcat_y03_191109/00658347.tar.gz
HTAR: a   instcat_y03_191109/00658348.tar.gz
HTAR: a   instcat_y03_191109/00658349.tar.gz
HTAR: a   instcat_y03_191109/00658350.tar.gz
HTAR: a   instcat_y03_191109/00658351.tar.gz
HTAR: a   instcat_y03_191109/00658352.tar.gz
HTAR: a   instcat_y03_191109/00658353.tar.gz
HTAR: a   instcat_y03_191109/00658354.tar.gz
HTAR: a   instcat_y03_191109/00658373.tar.gz
HTAR: a   instcat_y03_191109/00658374.tar.gz
HTAR: a   instcat_y03_191109/00658375.tar.gz
HTAR: a   instcat_y03_191109/00658376.tar.gz
HTAR: a   instcat_y03_191109/00658377.tar.gz
HTAR: a   instcat_y03_191109/00658378.tar.gz
HTAR: a   instcat_y03_191109/00658379.tar.gz
HTAR: a   instcat_y03_191109/00658380.tar.gz
HTAR: a   instcat_y03_191109/00658381.tar.gz
HTAR: a   instcat_y03_191109/00658382.tar.gz
HTAR: a   instcat_y03_191109/00658383.tar.gz
HTAR: a   instcat_y03_191109/00658384.tar.gz
HTAR: a   instcat_y03_191109/00658402.tar.gz
HTAR: a   instcat_y03_191109/00658407.tar.gz
HTAR: a   instcat_y03_191109/00658409.tar.gz
HTAR: a   instcat_y03_191109/00658410.tar.gz
HTAR: a   instcat_y03_191109/00658411.tar.gz
HTAR: a   instcat_y03_191109/00658412.tar.gz
HTAR: a   instcat_y03_191109/00658413.tar.gz
HTAR: a   instcat_y03_191109/00658429.tar.gz
HTAR: a   instcat_y03_191109/00658441.tar.gz
HTAR: a   instcat_y03_191109/00658442.tar.gz
HTAR: a   instcat_y03_191109/00658443.tar.gz
HTAR: a   instcat_y03_191109/00658445.tar.gz
HTAR: a   instcat_y03_191109/00658446.tar.gz
HTAR: a   instcat_y03_191109/00658616.tar.gz
HTAR: a   instcat_y03_191109/00659233.tar.gz
HTAR: a   instcat_y03_191109/job_log_00657292.txt
HTAR: a   instcat_y03_191109/job_log_00657293.txt
HTAR: a   instcat_y03_191109/job_log_00657294.txt
HTAR: a   instcat_y03_191109/job_log_00657300.txt
HTAR: a   instcat_y03_191109/job_log_00657302.txt
HTAR: a   instcat_y03_191109/job_log_00657400.txt
HTAR: a   instcat_y03_191109/job_log_00657401.txt
HTAR: a   instcat_y03_191109/job_log_00657402.txt
HTAR: a   instcat_y03_191109/job_log_00657403.txt
HTAR: a   instcat_y03_191109/job_log_00657404.txt
HTAR: a   instcat_y03_191109/job_log_00657405.txt
HTAR: a   instcat_y03_191109/job_log_00657406.txt
HTAR: a   instcat_y03_191109/job_log_00657407.txt
HTAR: a   instcat_y03_191109/job_log_00657408.txt
HTAR: a   instcat_y03_191109/job_log_00657409.txt
HTAR: a   instcat_y03_191109/job_log_00657410.txt
HTAR: a   instcat_y03_191109/job_log_00657411.txt
HTAR: a   instcat_y03_191109/job_log_00657412.txt
HTAR: a   instcat_y03_191109/job_log_00657413.txt
HTAR: a   instcat_y03_191109/job_log_00657414.txt
HTAR: a   instcat_y03_191109/job_log_00657415.txt
HTAR: a   instcat_y03_191109/job_log_00657416.txt
HTAR: a   instcat_y03_191109/job_log_00657417.txt
HTAR: a   instcat_y03_191109/job_log_00657418.txt
HTAR: a   instcat_y03_191109/job_log_00657419.txt
HTAR: a   instcat_y03_191109/job_log_00657420.txt
HTAR: a   instcat_y03_191109/job_log_00657428.txt
HTAR: a   instcat_y03_191109/job_log_00657449.txt
HTAR: a   instcat_y03_191109/job_log_00657450.txt
HTAR: a   instcat_y03_191109/job_log_00657466.txt
HTAR: a   instcat_y03_191109/job_log_00657467.txt
HTAR: a   instcat_y03_191109/job_log_00657468.txt
HTAR: a   instcat_y03_191109/job_log_00657470.txt
HTAR: a   instcat_y03_191109/job_log_00657471.txt
HTAR: a   instcat_y03_191109/job_log_00657472.txt
HTAR: a   instcat_y03_191109/job_log_00657473.txt
HTAR: a   instcat_y03_191109/job_log_00657487.txt
HTAR: a   instcat_y03_191109/job_log_00657488.txt
HTAR: a   instcat_y03_191109/job_log_00657489.txt
HTAR: a   instcat_y03_191109/job_log_00657490.txt
HTAR: a   instcat_y03_191109/job_log_00657544.txt
HTAR: a   instcat_y03_191109/job_log_00657545.txt
HTAR: a   instcat_y03_191109/job_log_00657546.txt
HTAR: a   instcat_y03_191109/job_log_00657547.txt
HTAR: a   instcat_y03_191109/job_log_00657548.txt
HTAR: a   instcat_y03_191109/job_log_00657549.txt
HTAR: a   instcat_y03_191109/job_log_00657550.txt
HTAR: a   instcat_y03_191109/job_log_00657551.txt
HTAR: a   instcat_y03_191109/job_log_00657552.txt
HTAR: a   instcat_y03_191109/job_log_00657553.txt
HTAR: a   instcat_y03_191109/job_log_00657554.txt
HTAR: a   instcat_y03_191109/job_log_00657565.txt
HTAR: a   instcat_y03_191109/job_log_00657566.txt
HTAR: a   instcat_y03_191109/job_log_00657567.txt
HTAR: a   instcat_y03_191109/job_log_00657568.txt
HTAR: a   instcat_y03_191109/job_log_00657569.txt
HTAR: a   instcat_y03_191109/job_log_00657570.txt
HTAR: a   instcat_y03_191109/job_log_00657631.txt
HTAR: a   instcat_y03_191109/job_log_00658295.txt
HTAR: a   instcat_y03_191109/job_log_00658296.txt
HTAR: a   instcat_y03_191109/job_log_00658297.txt
HTAR: a   instcat_y03_191109/job_log_00658298.txt
HTAR: a   instcat_y03_191109/job_log_00658299.txt
HTAR: a   instcat_y03_191109/job_log_00658300.txt
HTAR: a   instcat_y03_191109/job_log_00658301.txt
HTAR: a   instcat_y03_191109/job_log_00658302.txt
HTAR: a   instcat_y03_191109/job_log_00658303.txt
HTAR: a   instcat_y03_191109/job_log_00658304.txt
HTAR: a   instcat_y03_191109/job_log_00658305.txt
HTAR: a   instcat_y03_191109/job_log_00658306.txt
HTAR: a   instcat_y03_191109/job_log_00658307.txt
HTAR: a   instcat_y03_191109/job_log_00658308.txt
HTAR: a   instcat_y03_191109/job_log_00658309.txt
HTAR: a   instcat_y03_191109/job_log_00658310.txt
HTAR: a   instcat_y03_191109/job_log_00658311.txt
HTAR: a   instcat_y03_191109/job_log_00658312.txt
HTAR: a   instcat_y03_191109/job_log_00658313.txt
HTAR: a   instcat_y03_191109/job_log_00658314.txt
HTAR: a   instcat_y03_191109/job_log_00658342.txt
HTAR: a   instcat_y03_191109/job_log_00658343.txt
HTAR: a   instcat_y03_191109/job_log_00658344.txt
HTAR: a   instcat_y03_191109/job_log_00658345.txt
HTAR: a   instcat_y03_191109/job_log_00658346.txt
HTAR: a   instcat_y03_191109/job_log_00658347.txt
HTAR: a   instcat_y03_191109/job_log_00658348.txt
HTAR: a   instcat_y03_191109/job_log_00658349.txt
HTAR: a   instcat_y03_191109/job_log_00658350.txt
HTAR: a   instcat_y03_191109/job_log_00658351.txt
HTAR: a   instcat_y03_191109/job_log_00658352.txt
HTAR: a   instcat_y03_191109/job_log_00658353.txt
HTAR: a   instcat_y03_191109/job_log_00658354.txt
HTAR: a   instcat_y03_191109/job_log_00658373.txt
HTAR: a   instcat_y03_191109/job_log_00658374.txt
HTAR: a   instcat_y03_191109/job_log_00658375.txt
HTAR: a   instcat_y03_191109/job_log_00658376.txt
HTAR: a   instcat_y03_191109/job_log_00658377.txt
HTAR: a   instcat_y03_191109/job_log_00658378.txt
HTAR: a   instcat_y03_191109/job_log_00658379.txt
HTAR: a   instcat_y03_191109/job_log_00658380.txt
HTAR: a   instcat_y03_191109/job_log_00658381.txt
HTAR: a   instcat_y03_191109/job_log_00658382.txt
HTAR: a   instcat_y03_191109/job_log_00658383.txt
HTAR: a   instcat_y03_191109/job_log_00658384.txt
HTAR: a   instcat_y03_191109/job_log_00658402.txt
HTAR: a   instcat_y03_191109/job_log_00658407.txt
HTAR: a   instcat_y03_191109/job_log_00658409.txt
HTAR: a   instcat_y03_191109/job_log_00658410.txt
HTAR: a   instcat_y03_191109/job_log_00658411.txt
HTAR: a   instcat_y03_191109/job_log_00658412.txt
HTAR: a   instcat_y03_191109/job_log_00658413.txt
HTAR: a   instcat_y03_191109/job_log_00658429.txt
HTAR: a   instcat_y03_191109/job_log_00658441.txt
HTAR: a   instcat_y03_191109/job_log_00658442.txt
HTAR: a   instcat_y03_191109/job_log_00658443.txt
HTAR: a   instcat_y03_191109/job_log_00658445.txt
HTAR: a   instcat_y03_191109/job_log_00658446.txt
HTAR: a   instcat_y03_191109/job_log_00658616.txt
HTAR: a   instcat_y03_191109/job_log_00659233.txt
HTAR: a   /tmp/HTAR_CF_CHK_6734_1575963637
HTAR Create complete for /home/projects/desc/DC2_ImSim/Run2.2i/instCat/y03_191109/00657292to00659233.tar. 513,249,949,184 bytes written for 236 member files, max threads: 50 Transfer time: 3750.956 seconds (136.832 MB/s) wallclock/user/sys: 3756.500 4531.216 1718.942 seconds
HTAR: HTAR SUCCESSFUL
