HTAR: a   instcat_y03_191109/00733728.tar.gz
HTAR: a   instcat_y03_191109/00733757.tar.gz
HTAR: a   instcat_y03_191109/00733758.tar.gz
HTAR: a   instcat_y03_191109/00733759.tar.gz
HTAR: a   instcat_y03_191109/00733760.tar.gz
HTAR: a   instcat_y03_191109/00733761.tar.gz
HTAR: a   instcat_y03_191109/00733762.tar.gz
HTAR: a   instcat_y03_191109/00733763.tar.gz
HTAR: a   instcat_y03_191109/00733764.tar.gz
HTAR: a   instcat_y03_191109/00733785.tar.gz
HTAR: a   instcat_y03_191109/00733788.tar.gz
HTAR: a   instcat_y03_191109/00734056.tar.gz
HTAR: a   instcat_y03_191109/00734097.tar.gz
HTAR: a   instcat_y03_191109/00734098.tar.gz
HTAR: a   instcat_y03_191109/00734099.tar.gz
HTAR: a   instcat_y03_191109/00734100.tar.gz
HTAR: a   instcat_y03_191109/00734101.tar.gz
HTAR: a   instcat_y03_191109/00734102.tar.gz
HTAR: a   instcat_y03_191109/00734103.tar.gz
HTAR: a   instcat_y03_191109/00734104.tar.gz
HTAR: a   instcat_y03_191109/00734105.tar.gz
HTAR: a   instcat_y03_191109/00734106.tar.gz
HTAR: a   instcat_y03_191109/00734107.tar.gz
HTAR: a   instcat_y03_191109/00734108.tar.gz
HTAR: a   instcat_y03_191109/00734109.tar.gz
HTAR: a   instcat_y03_191109/00734110.tar.gz
HTAR: a   instcat_y03_191109/00734111.tar.gz
HTAR: a   instcat_y03_191109/00734112.tar.gz
HTAR: a   instcat_y03_191109/00734113.tar.gz
HTAR: a   instcat_y03_191109/00734114.tar.gz
HTAR: a   instcat_y03_191109/00734115.tar.gz
HTAR: a   instcat_y03_191109/00734116.tar.gz
HTAR: a   instcat_y03_191109/00734117.tar.gz
HTAR: a   instcat_y03_191109/00734118.tar.gz
HTAR: a   instcat_y03_191109/00734119.tar.gz
HTAR: a   instcat_y03_191109/00734120.tar.gz
HTAR: a   instcat_y03_191109/00734121.tar.gz
HTAR: a   instcat_y03_191109/00734122.tar.gz
HTAR: a   instcat_y03_191109/00734123.tar.gz
HTAR: a   instcat_y03_191109/00734124.tar.gz
HTAR: a   instcat_y03_191109/00734125.tar.gz
HTAR: a   instcat_y03_191109/00734126.tar.gz
HTAR: a   instcat_y03_191109/00734127.tar.gz
HTAR: a   instcat_y03_191109/00734128.tar.gz
HTAR: a   instcat_y03_191109/00734129.tar.gz
HTAR: a   instcat_y03_191109/00734130.tar.gz
HTAR: a   instcat_y03_191109/00734131.tar.gz
HTAR: a   instcat_y03_191109/00734132.tar.gz
HTAR: a   instcat_y03_191109/00734133.tar.gz
HTAR: a   instcat_y03_191109/00734134.tar.gz
HTAR: a   instcat_y03_191109/00734135.tar.gz
HTAR: a   instcat_y03_191109/00734136.tar.gz
HTAR: a   instcat_y03_191109/00734137.tar.gz
HTAR: a   instcat_y03_191109/00734138.tar.gz
HTAR: a   instcat_y03_191109/00734139.tar.gz
HTAR: a   instcat_y03_191109/00734140.tar.gz
HTAR: a   instcat_y03_191109/00734141.tar.gz
HTAR: a   instcat_y03_191109/00734142.tar.gz
HTAR: a   instcat_y03_191109/00734143.tar.gz
HTAR: a   instcat_y03_191109/00734144.tar.gz
HTAR: a   instcat_y03_191109/00734145.tar.gz
HTAR: a   instcat_y03_191109/00734146.tar.gz
HTAR: a   instcat_y03_191109/00734147.tar.gz
HTAR: a   instcat_y03_191109/00734148.tar.gz
HTAR: a   instcat_y03_191109/00734149.tar.gz
HTAR: a   instcat_y03_191109/00734150.tar.gz
HTAR: a   instcat_y03_191109/00734151.tar.gz
HTAR: a   instcat_y03_191109/00734152.tar.gz
HTAR: a   instcat_y03_191109/00734153.tar.gz
HTAR: a   instcat_y03_191109/00734154.tar.gz
HTAR: a   instcat_y03_191109/00734155.tar.gz
HTAR: a   instcat_y03_191109/00734156.tar.gz
HTAR: a   instcat_y03_191109/00734157.tar.gz
HTAR: a   instcat_y03_191109/00734158.tar.gz
HTAR: a   instcat_y03_191109/00734159.tar.gz
HTAR: a   instcat_y03_191109/00734160.tar.gz
HTAR: a   instcat_y03_191109/00734161.tar.gz
HTAR: a   instcat_y03_191109/00734162.tar.gz
HTAR: a   instcat_y03_191109/00734163.tar.gz
HTAR: a   instcat_y03_191109/00734164.tar.gz
HTAR: a   instcat_y03_191109/00734165.tar.gz
HTAR: a   instcat_y03_191109/00734166.tar.gz
HTAR: a   instcat_y03_191109/00734167.tar.gz
HTAR: a   instcat_y03_191109/00734168.tar.gz
HTAR: a   instcat_y03_191109/00734169.tar.gz
HTAR: a   instcat_y03_191109/00734170.tar.gz
HTAR: a   instcat_y03_191109/00734171.tar.gz
HTAR: a   instcat_y03_191109/00734172.tar.gz
HTAR: a   instcat_y03_191109/00734173.tar.gz
HTAR: a   instcat_y03_191109/00734174.tar.gz
HTAR: a   instcat_y03_191109/00734175.tar.gz
HTAR: a   instcat_y03_191109/00734176.tar.gz
HTAR: a   instcat_y03_191109/00734177.tar.gz
HTAR: a   instcat_y03_191109/00734178.tar.gz
HTAR: a   instcat_y03_191109/00734179.tar.gz
HTAR: a   instcat_y03_191109/00734180.tar.gz
HTAR: a   instcat_y03_191109/00734181.tar.gz
HTAR: a   instcat_y03_191109/00734182.tar.gz
HTAR: a   instcat_y03_191109/00734183.tar.gz
HTAR: a   instcat_y03_191109/00734184.tar.gz
HTAR: a   instcat_y03_191109/00734185.tar.gz
HTAR: a   instcat_y03_191109/00734186.tar.gz
HTAR: a   instcat_y03_191109/00734187.tar.gz
HTAR: a   instcat_y03_191109/00734188.tar.gz
HTAR: a   instcat_y03_191109/00734189.tar.gz
HTAR: a   instcat_y03_191109/00734190.tar.gz
HTAR: a   instcat_y03_191109/00734191.tar.gz
HTAR: a   instcat_y03_191109/00734192.tar.gz
HTAR: a   instcat_y03_191109/00734193.tar.gz
HTAR: a   instcat_y03_191109/00734242.tar.gz
HTAR: a   instcat_y03_191109/00735399.tar.gz
HTAR: a   instcat_y03_191109/00735424.tar.gz
HTAR: a   instcat_y03_191109/00736144.tar.gz
HTAR: a   instcat_y03_191109/00736145.tar.gz
HTAR: a   instcat_y03_191109/00736146.tar.gz
HTAR: a   instcat_y03_191109/00736147.tar.gz
HTAR: a   instcat_y03_191109/00736148.tar.gz
HTAR: a   instcat_y03_191109/00736149.tar.gz
HTAR: a   instcat_y03_191109/job_log_00733728.txt
HTAR: a   instcat_y03_191109/job_log_00733757.txt
HTAR: a   instcat_y03_191109/job_log_00733758.txt
HTAR: a   instcat_y03_191109/job_log_00733759.txt
HTAR: a   instcat_y03_191109/job_log_00733760.txt
HTAR: a   instcat_y03_191109/job_log_00733761.txt
HTAR: a   instcat_y03_191109/job_log_00733762.txt
HTAR: a   instcat_y03_191109/job_log_00733763.txt
HTAR: a   instcat_y03_191109/job_log_00733764.txt
HTAR: a   instcat_y03_191109/job_log_00733785.txt
HTAR: a   instcat_y03_191109/job_log_00733788.txt
HTAR: a   instcat_y03_191109/job_log_00734056.txt
HTAR: a   instcat_y03_191109/job_log_00734097.txt
HTAR: a   instcat_y03_191109/job_log_00734098.txt
HTAR: a   instcat_y03_191109/job_log_00734099.txt
HTAR: a   instcat_y03_191109/job_log_00734100.txt
HTAR: a   instcat_y03_191109/job_log_00734101.txt
HTAR: a   instcat_y03_191109/job_log_00734102.txt
HTAR: a   instcat_y03_191109/job_log_00734103.txt
HTAR: a   instcat_y03_191109/job_log_00734104.txt
HTAR: a   instcat_y03_191109/job_log_00734105.txt
HTAR: a   instcat_y03_191109/job_log_00734106.txt
HTAR: a   instcat_y03_191109/job_log_00734107.txt
HTAR: a   instcat_y03_191109/job_log_00734108.txt
HTAR: a   instcat_y03_191109/job_log_00734109.txt
HTAR: a   instcat_y03_191109/job_log_00734110.txt
HTAR: a   instcat_y03_191109/job_log_00734111.txt
HTAR: a   instcat_y03_191109/job_log_00734112.txt
HTAR: a   instcat_y03_191109/job_log_00734113.txt
HTAR: a   instcat_y03_191109/job_log_00734114.txt
HTAR: a   instcat_y03_191109/job_log_00734115.txt
HTAR: a   instcat_y03_191109/job_log_00734116.txt
HTAR: a   instcat_y03_191109/job_log_00734117.txt
HTAR: a   instcat_y03_191109/job_log_00734118.txt
HTAR: a   instcat_y03_191109/job_log_00734119.txt
HTAR: a   instcat_y03_191109/job_log_00734120.txt
HTAR: a   instcat_y03_191109/job_log_00734121.txt
HTAR: a   instcat_y03_191109/job_log_00734122.txt
HTAR: a   instcat_y03_191109/job_log_00734123.txt
HTAR: a   instcat_y03_191109/job_log_00734124.txt
HTAR: a   instcat_y03_191109/job_log_00734125.txt
HTAR: a   instcat_y03_191109/job_log_00734126.txt
HTAR: a   instcat_y03_191109/job_log_00734127.txt
HTAR: a   instcat_y03_191109/job_log_00734128.txt
HTAR: a   instcat_y03_191109/job_log_00734129.txt
HTAR: a   instcat_y03_191109/job_log_00734130.txt
HTAR: a   instcat_y03_191109/job_log_00734131.txt
HTAR: a   instcat_y03_191109/job_log_00734132.txt
HTAR: a   instcat_y03_191109/job_log_00734133.txt
HTAR: a   instcat_y03_191109/job_log_00734134.txt
HTAR: a   instcat_y03_191109/job_log_00734135.txt
HTAR: a   instcat_y03_191109/job_log_00734136.txt
HTAR: a   instcat_y03_191109/job_log_00734137.txt
HTAR: a   instcat_y03_191109/job_log_00734138.txt
HTAR: a   instcat_y03_191109/job_log_00734139.txt
HTAR: a   instcat_y03_191109/job_log_00734140.txt
HTAR: a   instcat_y03_191109/job_log_00734141.txt
HTAR: a   instcat_y03_191109/job_log_00734142.txt
HTAR: a   instcat_y03_191109/job_log_00734143.txt
HTAR: a   instcat_y03_191109/job_log_00734144.txt
HTAR: a   instcat_y03_191109/job_log_00734145.txt
HTAR: a   instcat_y03_191109/job_log_00734146.txt
HTAR: a   instcat_y03_191109/job_log_00734147.txt
HTAR: a   instcat_y03_191109/job_log_00734148.txt
HTAR: a   instcat_y03_191109/job_log_00734149.txt
HTAR: a   instcat_y03_191109/job_log_00734150.txt
HTAR: a   instcat_y03_191109/job_log_00734151.txt
HTAR: a   instcat_y03_191109/job_log_00734152.txt
HTAR: a   instcat_y03_191109/job_log_00734153.txt
HTAR: a   instcat_y03_191109/job_log_00734154.txt
HTAR: a   instcat_y03_191109/job_log_00734155.txt
HTAR: a   instcat_y03_191109/job_log_00734156.txt
HTAR: a   instcat_y03_191109/job_log_00734157.txt
HTAR: a   instcat_y03_191109/job_log_00734158.txt
HTAR: a   instcat_y03_191109/job_log_00734159.txt
HTAR: a   instcat_y03_191109/job_log_00734160.txt
HTAR: a   instcat_y03_191109/job_log_00734161.txt
HTAR: a   instcat_y03_191109/job_log_00734162.txt
HTAR: a   instcat_y03_191109/job_log_00734163.txt
HTAR: a   instcat_y03_191109/job_log_00734164.txt
HTAR: a   instcat_y03_191109/job_log_00734165.txt
HTAR: a   instcat_y03_191109/job_log_00734166.txt
HTAR: a   instcat_y03_191109/job_log_00734167.txt
HTAR: a   instcat_y03_191109/job_log_00734168.txt
HTAR: a   instcat_y03_191109/job_log_00734169.txt
HTAR: a   instcat_y03_191109/job_log_00734170.txt
HTAR: a   instcat_y03_191109/job_log_00734171.txt
HTAR: a   instcat_y03_191109/job_log_00734172.txt
HTAR: a   instcat_y03_191109/job_log_00734173.txt
HTAR: a   instcat_y03_191109/job_log_00734174.txt
HTAR: a   instcat_y03_191109/job_log_00734175.txt
HTAR: a   instcat_y03_191109/job_log_00734176.txt
HTAR: a   instcat_y03_191109/job_log_00734177.txt
HTAR: a   instcat_y03_191109/job_log_00734178.txt
HTAR: a   instcat_y03_191109/job_log_00734179.txt
HTAR: a   instcat_y03_191109/job_log_00734180.txt
HTAR: a   instcat_y03_191109/job_log_00734181.txt
HTAR: a   instcat_y03_191109/job_log_00734182.txt
HTAR: a   instcat_y03_191109/job_log_00734183.txt
HTAR: a   instcat_y03_191109/job_log_00734184.txt
HTAR: a   instcat_y03_191109/job_log_00734185.txt
HTAR: a   instcat_y03_191109/job_log_00734186.txt
HTAR: a   instcat_y03_191109/job_log_00734187.txt
HTAR: a   instcat_y03_191109/job_log_00734188.txt
HTAR: a   instcat_y03_191109/job_log_00734189.txt
HTAR: a   instcat_y03_191109/job_log_00734190.txt
HTAR: a   instcat_y03_191109/job_log_00734191.txt
HTAR: a   instcat_y03_191109/job_log_00734192.txt
HTAR: a   instcat_y03_191109/job_log_00734193.txt
HTAR: a   instcat_y03_191109/job_log_00734242.txt
HTAR: a   instcat_y03_191109/job_log_00735399.txt
HTAR: a   instcat_y03_191109/job_log_00735424.txt
HTAR: a   instcat_y03_191109/job_log_00736144.txt
HTAR: a   instcat_y03_191109/job_log_00736145.txt
HTAR: a   instcat_y03_191109/job_log_00736146.txt
HTAR: a   instcat_y03_191109/job_log_00736147.txt
HTAR: a   instcat_y03_191109/job_log_00736148.txt
HTAR: a   instcat_y03_191109/job_log_00736149.txt
HTAR: a   /tmp/HTAR_CF_CHK_26323_1575945470
HTAR Create complete for /home/projects/desc/DC2_ImSim/Run2.2i/instCat/y03_191109/00733728to00736149.tar. 554,328,678,400 bytes written for 236 member files, max threads: 50 Transfer time: 4756.487 seconds (116.542 MB/s) wallclock/user/sys: 4761.824 5673.382 2322.657 seconds
HTAR: HTAR SUCCESSFUL
HTAR: a   instcat_y03_191109/00736150.tar.gz
HTAR: a   instcat_y03_191109/00736151.tar.gz
HTAR: a   instcat_y03_191109/00736152.tar.gz
HTAR: a   instcat_y03_191109/00736153.tar.gz
HTAR: a   instcat_y03_191109/00736154.tar.gz
HTAR: a   instcat_y03_191109/00736155.tar.gz
HTAR: a   instcat_y03_191109/00736156.tar.gz
HTAR: a   instcat_y03_191109/00736157.tar.gz
HTAR: a   instcat_y03_191109/00736158.tar.gz
HTAR: a   instcat_y03_191109/00736159.tar.gz
HTAR: a   instcat_y03_191109/00736160.tar.gz
HTAR: a   instcat_y03_191109/00736161.tar.gz
HTAR: a   instcat_y03_191109/00736162.tar.gz
HTAR: a   instcat_y03_191109/00736163.tar.gz
HTAR: a   instcat_y03_191109/00736164.tar.gz
HTAR: a   instcat_y03_191109/00736165.tar.gz
HTAR: a   instcat_y03_191109/00736166.tar.gz
HTAR: a   instcat_y03_191109/00736167.tar.gz
HTAR: a   instcat_y03_191109/00736168.tar.gz
HTAR: a   instcat_y03_191109/00736169.tar.gz
HTAR: a   instcat_y03_191109/00736170.tar.gz
HTAR: a   instcat_y03_191109/00736171.tar.gz
HTAR: a   instcat_y03_191109/00736172.tar.gz
HTAR: a   instcat_y03_191109/00736173.tar.gz
HTAR: a   instcat_y03_191109/00736174.tar.gz
HTAR: a   instcat_y03_191109/00736175.tar.gz
HTAR: a   instcat_y03_191109/00736176.tar.gz
HTAR: a   instcat_y03_191109/00736177.tar.gz
HTAR: a   instcat_y03_191109/00736178.tar.gz
HTAR: a   instcat_y03_191109/00736179.tar.gz
HTAR: a   instcat_y03_191109/00736180.tar.gz
HTAR: a   instcat_y03_191109/00736181.tar.gz
HTAR: a   instcat_y03_191109/00736182.tar.gz
HTAR: a   instcat_y03_191109/00736183.tar.gz
HTAR: a   instcat_y03_191109/00736184.tar.gz
HTAR: a   instcat_y03_191109/00736185.tar.gz
HTAR: a   instcat_y03_191109/00736186.tar.gz
HTAR: a   instcat_y03_191109/00736187.tar.gz
HTAR: a   instcat_y03_191109/00736188.tar.gz
HTAR: a   instcat_y03_191109/00736189.tar.gz
HTAR: a   instcat_y03_191109/00736190.tar.gz
HTAR: a   instcat_y03_191109/00736191.tar.gz
HTAR: a   instcat_y03_191109/00736192.tar.gz
HTAR: a   instcat_y03_191109/00736193.tar.gz
HTAR: a   instcat_y03_191109/00736194.tar.gz
HTAR: a   instcat_y03_191109/00736195.tar.gz
HTAR: a   instcat_y03_191109/00736196.tar.gz
HTAR: a   instcat_y03_191109/00736197.tar.gz
HTAR: a   instcat_y03_191109/00736198.tar.gz
HTAR: a   instcat_y03_191109/00736199.tar.gz
HTAR: a   instcat_y03_191109/00736200.tar.gz
HTAR: a   instcat_y03_191109/00736201.tar.gz
HTAR: a   instcat_y03_191109/00736202.tar.gz
HTAR: a   instcat_y03_191109/00736203.tar.gz
HTAR: a   instcat_y03_191109/00736204.tar.gz
HTAR: a   instcat_y03_191109/00736205.tar.gz
HTAR: a   instcat_y03_191109/00736206.tar.gz
HTAR: a   instcat_y03_191109/00736207.tar.gz
HTAR: a   instcat_y03_191109/00736208.tar.gz
HTAR: a   instcat_y03_191109/00736209.tar.gz
HTAR: a   instcat_y03_191109/00736210.tar.gz
HTAR: a   instcat_y03_191109/00736211.tar.gz
HTAR: a   instcat_y03_191109/00736212.tar.gz
HTAR: a   instcat_y03_191109/00736213.tar.gz
HTAR: a   instcat_y03_191109/00736214.tar.gz
HTAR: a   instcat_y03_191109/00736215.tar.gz
HTAR: a   instcat_y03_191109/00736216.tar.gz
HTAR: a   instcat_y03_191109/00736217.tar.gz
HTAR: a   instcat_y03_191109/00736218.tar.gz
HTAR: a   instcat_y03_191109/00736219.tar.gz
HTAR: a   instcat_y03_191109/00736220.tar.gz
HTAR: a   instcat_y03_191109/00736221.tar.gz
HTAR: a   instcat_y03_191109/00736222.tar.gz
HTAR: a   instcat_y03_191109/00736223.tar.gz
HTAR: a   instcat_y03_191109/00736224.tar.gz
HTAR: a   instcat_y03_191109/00736225.tar.gz
HTAR: a   instcat_y03_191109/00736226.tar.gz
HTAR: a   instcat_y03_191109/00736227.tar.gz
HTAR: a   instcat_y03_191109/00736228.tar.gz
HTAR: a   instcat_y03_191109/00736229.tar.gz
HTAR: a   instcat_y03_191109/00736230.tar.gz
HTAR: a   instcat_y03_191109/00736231.tar.gz
HTAR: a   instcat_y03_191109/00736232.tar.gz
HTAR: a   instcat_y03_191109/00736233.tar.gz
HTAR: a   instcat_y03_191109/00736234.tar.gz
HTAR: a   instcat_y03_191109/00736235.tar.gz
HTAR: a   instcat_y03_191109/00736236.tar.gz
HTAR: a   instcat_y03_191109/00736237.tar.gz
HTAR: a   instcat_y03_191109/00736238.tar.gz
HTAR: a   instcat_y03_191109/00736239.tar.gz
HTAR: a   instcat_y03_191109/00736243.tar.gz
HTAR: a   instcat_y03_191109/00738182.tar.gz
HTAR: a   instcat_y03_191109/00738185.tar.gz
HTAR: a   instcat_y03_191109/00738195.tar.gz
HTAR: a   instcat_y03_191109/00738196.tar.gz
HTAR: a   instcat_y03_191109/00738199.tar.gz
HTAR: a   instcat_y03_191109/00738200.tar.gz
HTAR: a   instcat_y03_191109/00738202.tar.gz
HTAR: a   instcat_y03_191109/00738203.tar.gz
HTAR: a   instcat_y03_191109/00738242.tar.gz
HTAR: a   instcat_y03_191109/00738243.tar.gz
HTAR: a   instcat_y03_191109/00738244.tar.gz
HTAR: a   instcat_y03_191109/00738245.tar.gz
HTAR: a   instcat_y03_191109/00738246.tar.gz
HTAR: a   instcat_y03_191109/00738247.tar.gz
HTAR: a   instcat_y03_191109/00738248.tar.gz
HTAR: a   instcat_y03_191109/00738249.tar.gz
HTAR: a   instcat_y03_191109/00738250.tar.gz
HTAR: a   instcat_y03_191109/00738251.tar.gz
HTAR: a   instcat_y03_191109/00738252.tar.gz
HTAR: a   instcat_y03_191109/00738253.tar.gz
HTAR: a   instcat_y03_191109/00738254.tar.gz
HTAR: a   instcat_y03_191109/00738255.tar.gz
HTAR: a   instcat_y03_191109/00738256.tar.gz
HTAR: a   instcat_y03_191109/00738257.tar.gz
HTAR: a   instcat_y03_191109/00738258.tar.gz
HTAR: a   instcat_y03_191109/00738259.tar.gz
HTAR: a   instcat_y03_191109/00738260.tar.gz
HTAR: a   instcat_y03_191109/job_log_00736150.txt
HTAR: a   instcat_y03_191109/job_log_00736151.txt
HTAR: a   instcat_y03_191109/job_log_00736152.txt
HTAR: a   instcat_y03_191109/job_log_00736153.txt
HTAR: a   instcat_y03_191109/job_log_00736154.txt
HTAR: a   instcat_y03_191109/job_log_00736155.txt
HTAR: a   instcat_y03_191109/job_log_00736156.txt
HTAR: a   instcat_y03_191109/job_log_00736157.txt
HTAR: a   instcat_y03_191109/job_log_00736158.txt
HTAR: a   instcat_y03_191109/job_log_00736159.txt
HTAR: a   instcat_y03_191109/job_log_00736160.txt
HTAR: a   instcat_y03_191109/job_log_00736161.txt
HTAR: a   instcat_y03_191109/job_log_00736162.txt
HTAR: a   instcat_y03_191109/job_log_00736163.txt
HTAR: a   instcat_y03_191109/job_log_00736164.txt
HTAR: a   instcat_y03_191109/job_log_00736165.txt
HTAR: a   instcat_y03_191109/job_log_00736166.txt
HTAR: a   instcat_y03_191109/job_log_00736167.txt
HTAR: a   instcat_y03_191109/job_log_00736168.txt
HTAR: a   instcat_y03_191109/job_log_00736169.txt
HTAR: a   instcat_y03_191109/job_log_00736170.txt
HTAR: a   instcat_y03_191109/job_log_00736171.txt
HTAR: a   instcat_y03_191109/job_log_00736172.txt
HTAR: a   instcat_y03_191109/job_log_00736173.txt
HTAR: a   instcat_y03_191109/job_log_00736174.txt
HTAR: a   instcat_y03_191109/job_log_00736175.txt
HTAR: a   instcat_y03_191109/job_log_00736176.txt
HTAR: a   instcat_y03_191109/job_log_00736177.txt
HTAR: a   instcat_y03_191109/job_log_00736178.txt
HTAR: a   instcat_y03_191109/job_log_00736179.txt
HTAR: a   instcat_y03_191109/job_log_00736180.txt
HTAR: a   instcat_y03_191109/job_log_00736181.txt
HTAR: a   instcat_y03_191109/job_log_00736182.txt
HTAR: a   instcat_y03_191109/job_log_00736183.txt
HTAR: a   instcat_y03_191109/job_log_00736184.txt
HTAR: a   instcat_y03_191109/job_log_00736185.txt
HTAR: a   instcat_y03_191109/job_log_00736186.txt
HTAR: a   instcat_y03_191109/job_log_00736187.txt
HTAR: a   instcat_y03_191109/job_log_00736188.txt
HTAR: a   instcat_y03_191109/job_log_00736189.txt
HTAR: a   instcat_y03_191109/job_log_00736190.txt
HTAR: a   instcat_y03_191109/job_log_00736191.txt
HTAR: a   instcat_y03_191109/job_log_00736192.txt
HTAR: a   instcat_y03_191109/job_log_00736193.txt
HTAR: a   instcat_y03_191109/job_log_00736194.txt
HTAR: a   instcat_y03_191109/job_log_00736195.txt
HTAR: a   instcat_y03_191109/job_log_00736196.txt
HTAR: a   instcat_y03_191109/job_log_00736197.txt
HTAR: a   instcat_y03_191109/job_log_00736198.txt
HTAR: a   instcat_y03_191109/job_log_00736199.txt
HTAR: a   instcat_y03_191109/job_log_00736200.txt
HTAR: a   instcat_y03_191109/job_log_00736201.txt
HTAR: a   instcat_y03_191109/job_log_00736202.txt
HTAR: a   instcat_y03_191109/job_log_00736203.txt
HTAR: a   instcat_y03_191109/job_log_00736204.txt
HTAR: a   instcat_y03_191109/job_log_00736205.txt
HTAR: a   instcat_y03_191109/job_log_00736206.txt
HTAR: a   instcat_y03_191109/job_log_00736207.txt
HTAR: a   instcat_y03_191109/job_log_00736208.txt
HTAR: a   instcat_y03_191109/job_log_00736209.txt
HTAR: a   instcat_y03_191109/job_log_00736210.txt
HTAR: a   instcat_y03_191109/job_log_00736211.txt
HTAR: a   instcat_y03_191109/job_log_00736212.txt
HTAR: a   instcat_y03_191109/job_log_00736213.txt
HTAR: a   instcat_y03_191109/job_log_00736214.txt
HTAR: a   instcat_y03_191109/job_log_00736215.txt
HTAR: a   instcat_y03_191109/job_log_00736216.txt
HTAR: a   instcat_y03_191109/job_log_00736217.txt
HTAR: a   instcat_y03_191109/job_log_00736218.txt
HTAR: a   instcat_y03_191109/job_log_00736219.txt
HTAR: a   instcat_y03_191109/job_log_00736220.txt
HTAR: a   instcat_y03_191109/job_log_00736221.txt
HTAR: a   instcat_y03_191109/job_log_00736222.txt
HTAR: a   instcat_y03_191109/job_log_00736223.txt
HTAR: a   instcat_y03_191109/job_log_00736224.txt
HTAR: a   instcat_y03_191109/job_log_00736225.txt
HTAR: a   instcat_y03_191109/job_log_00736226.txt
HTAR: a   instcat_y03_191109/job_log_00736227.txt
HTAR: a   instcat_y03_191109/job_log_00736228.txt
HTAR: a   instcat_y03_191109/job_log_00736229.txt
HTAR: a   instcat_y03_191109/job_log_00736230.txt
HTAR: a   instcat_y03_191109/job_log_00736231.txt
HTAR: a   instcat_y03_191109/job_log_00736232.txt
HTAR: a   instcat_y03_191109/job_log_00736233.txt
HTAR: a   instcat_y03_191109/job_log_00736234.txt
HTAR: a   instcat_y03_191109/job_log_00736235.txt
HTAR: a   instcat_y03_191109/job_log_00736236.txt
HTAR: a   instcat_y03_191109/job_log_00736237.txt
HTAR: a   instcat_y03_191109/job_log_00736238.txt
HTAR: a   instcat_y03_191109/job_log_00736239.txt
HTAR: a   instcat_y03_191109/job_log_00736243.txt
HTAR: a   instcat_y03_191109/job_log_00738182.txt
HTAR: a   instcat_y03_191109/job_log_00738185.txt
HTAR: a   instcat_y03_191109/job_log_00738195.txt
HTAR: a   instcat_y03_191109/job_log_00738196.txt
HTAR: a   instcat_y03_191109/job_log_00738199.txt
HTAR: a   instcat_y03_191109/job_log_00738200.txt
HTAR: a   instcat_y03_191109/job_log_00738202.txt
HTAR: a   instcat_y03_191109/job_log_00738203.txt
HTAR: a   instcat_y03_191109/job_log_00738242.txt
HTAR: a   instcat_y03_191109/job_log_00738243.txt
HTAR: a   instcat_y03_191109/job_log_00738244.txt
HTAR: a   instcat_y03_191109/job_log_00738245.txt
HTAR: a   instcat_y03_191109/job_log_00738246.txt
HTAR: a   instcat_y03_191109/job_log_00738247.txt
HTAR: a   instcat_y03_191109/job_log_00738248.txt
HTAR: a   instcat_y03_191109/job_log_00738249.txt
HTAR: a   instcat_y03_191109/job_log_00738250.txt
HTAR: a   instcat_y03_191109/job_log_00738251.txt
HTAR: a   instcat_y03_191109/job_log_00738252.txt
HTAR: a   instcat_y03_191109/job_log_00738253.txt
HTAR: a   instcat_y03_191109/job_log_00738254.txt
HTAR: a   instcat_y03_191109/job_log_00738255.txt
HTAR: a   instcat_y03_191109/job_log_00738256.txt
HTAR: a   instcat_y03_191109/job_log_00738257.txt
HTAR: a   instcat_y03_191109/job_log_00738258.txt
HTAR: a   instcat_y03_191109/job_log_00738259.txt
HTAR: a   instcat_y03_191109/job_log_00738260.txt
HTAR: a   /tmp/HTAR_CF_CHK_23092_1575950231
HTAR Create complete for /home/projects/desc/DC2_ImSim/Run2.2i/instCat/y03_191109/00736150to00738260.tar. 554,953,879,040 bytes written for 236 member files, max threads: 50 Transfer time: 4254.765 seconds (130.431 MB/s) wallclock/user/sys: 4256.262 5127.932 1982.407 seconds
HTAR: HTAR SUCCESSFUL
HTAR: a   instcat_y03_191109/00738261.tar.gz
HTAR: a   instcat_y03_191109/00738328.tar.gz
HTAR: a   instcat_y03_191109/00738895.tar.gz
HTAR: a   instcat_y03_191109/00738903.tar.gz
HTAR: a   instcat_y03_191109/00738912.tar.gz
HTAR: a   instcat_y03_191109/00738927.tar.gz
HTAR: a   instcat_y03_191109/00738931.tar.gz
HTAR: a   instcat_y03_191109/00738932.tar.gz
HTAR: a   instcat_y03_191109/00738933.tar.gz
HTAR: a   instcat_y03_191109/00738937.tar.gz
HTAR: a   instcat_y03_191109/00738938.tar.gz
HTAR: a   instcat_y03_191109/00738955.tar.gz
HTAR: a   instcat_y03_191109/00738956.tar.gz
HTAR: a   instcat_y03_191109/00738957.tar.gz
HTAR: a   instcat_y03_191109/00738958.tar.gz
HTAR: a   instcat_y03_191109/00738959.tar.gz
HTAR: a   instcat_y03_191109/00738960.tar.gz
HTAR: a   instcat_y03_191109/00738961.tar.gz
HTAR: a   instcat_y03_191109/00738962.tar.gz
HTAR: a   instcat_y03_191109/00738963.tar.gz
HTAR: a   instcat_y03_191109/00738964.tar.gz
HTAR: a   instcat_y03_191109/00738965.tar.gz
HTAR: a   instcat_y03_191109/00738966.tar.gz
HTAR: a   instcat_y03_191109/00738967.tar.gz
HTAR: a   instcat_y03_191109/00738968.tar.gz
HTAR: a   instcat_y03_191109/00738969.tar.gz
HTAR: a   instcat_y03_191109/00738970.tar.gz
HTAR: a   instcat_y03_191109/00738971.tar.gz
HTAR: a   instcat_y03_191109/00738972.tar.gz
HTAR: a   instcat_y03_191109/00738973.tar.gz
HTAR: a   instcat_y03_191109/00738974.tar.gz
HTAR: a   instcat_y03_191109/00739630.tar.gz
HTAR: a   instcat_y03_191109/00739631.tar.gz
HTAR: a   instcat_y03_191109/00739632.tar.gz
HTAR: a   instcat_y03_191109/00739633.tar.gz
HTAR: a   instcat_y03_191109/00739634.tar.gz
HTAR: a   instcat_y03_191109/00739635.tar.gz
HTAR: a   instcat_y03_191109/00739636.tar.gz
HTAR: a   instcat_y03_191109/00739637.tar.gz
HTAR: a   instcat_y03_191109/00739638.tar.gz
HTAR: a   instcat_y03_191109/00739639.tar.gz
HTAR: a   instcat_y03_191109/00739640.tar.gz
HTAR: a   instcat_y03_191109/00739641.tar.gz
HTAR: a   instcat_y03_191109/00739642.tar.gz
HTAR: a   instcat_y03_191109/00739643.tar.gz
HTAR: a   instcat_y03_191109/00739644.tar.gz
HTAR: a   instcat_y03_191109/00739645.tar.gz
HTAR: a   instcat_y03_191109/00739646.tar.gz
HTAR: a   instcat_y03_191109/00739647.tar.gz
HTAR: a   instcat_y03_191109/00739648.tar.gz
HTAR: a   instcat_y03_191109/00739649.tar.gz
HTAR: a   instcat_y03_191109/00739650.tar.gz
HTAR: a   instcat_y03_191109/00739689.tar.gz
HTAR: a   instcat_y03_191109/00739690.tar.gz
HTAR: a   instcat_y03_191109/00739691.tar.gz
HTAR: a   instcat_y03_191109/00739700.tar.gz
HTAR: a   instcat_y03_191109/00740266.tar.gz
HTAR: a   instcat_y03_191109/00740267.tar.gz
HTAR: a   instcat_y03_191109/00740272.tar.gz
HTAR: a   instcat_y03_191109/00740284.tar.gz
HTAR: a   instcat_y03_191109/00740289.tar.gz
HTAR: a   instcat_y03_191109/00740304.tar.gz
HTAR: a   instcat_y03_191109/00740305.tar.gz
HTAR: a   instcat_y03_191109/00740308.tar.gz
HTAR: a   instcat_y03_191109/00740309.tar.gz
HTAR: a   instcat_y03_191109/00740310.tar.gz
HTAR: a   instcat_y03_191109/00740311.tar.gz
HTAR: a   instcat_y03_191109/00740312.tar.gz
HTAR: a   instcat_y03_191109/00740313.tar.gz
HTAR: a   instcat_y03_191109/00740314.tar.gz
HTAR: a   instcat_y03_191109/00740315.tar.gz
HTAR: a   instcat_y03_191109/00740316.tar.gz
HTAR: a   instcat_y03_191109/00740317.tar.gz
HTAR: a   instcat_y03_191109/00740318.tar.gz
HTAR: a   instcat_y03_191109/00740319.tar.gz
HTAR: a   instcat_y03_191109/00740320.tar.gz
HTAR: a   instcat_y03_191109/00740321.tar.gz
HTAR: a   instcat_y03_191109/00740322.tar.gz
HTAR: a   instcat_y03_191109/00740323.tar.gz
HTAR: a   instcat_y03_191109/00740324.tar.gz
HTAR: a   instcat_y03_191109/00740325.tar.gz
HTAR: a   instcat_y03_191109/00740326.tar.gz
HTAR: a   instcat_y03_191109/00740327.tar.gz
HTAR: a   instcat_y03_191109/00740351.tar.gz
HTAR: a   instcat_y03_191109/00740370.tar.gz
HTAR: a   instcat_y03_191109/00740371.tar.gz
HTAR: a   instcat_y03_191109/00741005.tar.gz
HTAR: a   instcat_y03_191109/00741006.tar.gz
HTAR: a   instcat_y03_191109/00741007.tar.gz
HTAR: a   instcat_y03_191109/00741008.tar.gz
HTAR: a   instcat_y03_191109/00741009.tar.gz
HTAR: a   instcat_y03_191109/00741010.tar.gz
HTAR: a   instcat_y03_191109/00741011.tar.gz
HTAR: a   instcat_y03_191109/00741012.tar.gz
HTAR: a   instcat_y03_191109/00741013.tar.gz
HTAR: a   instcat_y03_191109/00741014.tar.gz
HTAR: a   instcat_y03_191109/00741015.tar.gz
HTAR: a   instcat_y03_191109/00741016.tar.gz
HTAR: a   instcat_y03_191109/00741017.tar.gz
HTAR: a   instcat_y03_191109/00741018.tar.gz
HTAR: a   instcat_y03_191109/00741019.tar.gz
HTAR: a   instcat_y03_191109/00741020.tar.gz
HTAR: a   instcat_y03_191109/00741021.tar.gz
HTAR: a   instcat_y03_191109/00741022.tar.gz
HTAR: a   instcat_y03_191109/00741023.tar.gz
HTAR: a   instcat_y03_191109/00741024.tar.gz
HTAR: a   instcat_y03_191109/job_log_00738261.txt
HTAR: a   instcat_y03_191109/job_log_00738328.txt
HTAR: a   instcat_y03_191109/job_log_00738895.txt
HTAR: a   instcat_y03_191109/job_log_00738903.txt
HTAR: a   instcat_y03_191109/job_log_00738912.txt
HTAR: a   instcat_y03_191109/job_log_00738927.txt
HTAR: a   instcat_y03_191109/job_log_00738931.txt
HTAR: a   instcat_y03_191109/job_log_00738932.txt
HTAR: a   instcat_y03_191109/job_log_00738933.txt
HTAR: a   instcat_y03_191109/job_log_00738937.txt
HTAR: a   instcat_y03_191109/job_log_00738938.txt
HTAR: a   instcat_y03_191109/job_log_00738955.txt
HTAR: a   instcat_y03_191109/job_log_00738956.txt
HTAR: a   instcat_y03_191109/job_log_00738957.txt
HTAR: a   instcat_y03_191109/job_log_00738958.txt
HTAR: a   instcat_y03_191109/job_log_00738959.txt
HTAR: a   instcat_y03_191109/job_log_00738960.txt
HTAR: a   instcat_y03_191109/job_log_00738961.txt
HTAR: a   instcat_y03_191109/job_log_00738962.txt
HTAR: a   instcat_y03_191109/job_log_00738963.txt
HTAR: a   instcat_y03_191109/job_log_00738964.txt
HTAR: a   instcat_y03_191109/job_log_00738965.txt
HTAR: a   instcat_y03_191109/job_log_00738966.txt
HTAR: a   instcat_y03_191109/job_log_00738967.txt
HTAR: a   instcat_y03_191109/job_log_00738968.txt
HTAR: a   instcat_y03_191109/job_log_00738969.txt
HTAR: a   instcat_y03_191109/job_log_00738970.txt
HTAR: a   instcat_y03_191109/job_log_00738971.txt
HTAR: a   instcat_y03_191109/job_log_00738972.txt
HTAR: a   instcat_y03_191109/job_log_00738973.txt
HTAR: a   instcat_y03_191109/job_log_00738974.txt
HTAR: a   instcat_y03_191109/job_log_00739630.txt
HTAR: a   instcat_y03_191109/job_log_00739631.txt
HTAR: a   instcat_y03_191109/job_log_00739632.txt
HTAR: a   instcat_y03_191109/job_log_00739633.txt
HTAR: a   instcat_y03_191109/job_log_00739634.txt
HTAR: a   instcat_y03_191109/job_log_00739635.txt
HTAR: a   instcat_y03_191109/job_log_00739636.txt
HTAR: a   instcat_y03_191109/job_log_00739637.txt
HTAR: a   instcat_y03_191109/job_log_00739638.txt
HTAR: a   instcat_y03_191109/job_log_00739639.txt
HTAR: a   instcat_y03_191109/job_log_00739640.txt
HTAR: a   instcat_y03_191109/job_log_00739641.txt
HTAR: a   instcat_y03_191109/job_log_00739642.txt
HTAR: a   instcat_y03_191109/job_log_00739643.txt
HTAR: a   instcat_y03_191109/job_log_00739644.txt
HTAR: a   instcat_y03_191109/job_log_00739645.txt
HTAR: a   instcat_y03_191109/job_log_00739646.txt
HTAR: a   instcat_y03_191109/job_log_00739647.txt
HTAR: a   instcat_y03_191109/job_log_00739648.txt
HTAR: a   instcat_y03_191109/job_log_00739649.txt
HTAR: a   instcat_y03_191109/job_log_00739650.txt
HTAR: a   instcat_y03_191109/job_log_00739689.txt
HTAR: a   instcat_y03_191109/job_log_00739690.txt
HTAR: a   instcat_y03_191109/job_log_00739691.txt
HTAR: a   instcat_y03_191109/job_log_00739700.txt
HTAR: a   instcat_y03_191109/job_log_00740266.txt
HTAR: a   instcat_y03_191109/job_log_00740267.txt
HTAR: a   instcat_y03_191109/job_log_00740272.txt
HTAR: a   instcat_y03_191109/job_log_00740284.txt
HTAR: a   instcat_y03_191109/job_log_00740289.txt
HTAR: a   instcat_y03_191109/job_log_00740304.txt
HTAR: a   instcat_y03_191109/job_log_00740305.txt
HTAR: a   instcat_y03_191109/job_log_00740308.txt
HTAR: a   instcat_y03_191109/job_log_00740309.txt
HTAR: a   instcat_y03_191109/job_log_00740310.txt
HTAR: a   instcat_y03_191109/job_log_00740311.txt
HTAR: a   instcat_y03_191109/job_log_00740312.txt
HTAR: a   instcat_y03_191109/job_log_00740313.txt
HTAR: a   instcat_y03_191109/job_log_00740314.txt
HTAR: a   instcat_y03_191109/job_log_00740315.txt
HTAR: a   instcat_y03_191109/job_log_00740316.txt
HTAR: a   instcat_y03_191109/job_log_00740317.txt
HTAR: a   instcat_y03_191109/job_log_00740318.txt
HTAR: a   instcat_y03_191109/job_log_00740319.txt
HTAR: a   instcat_y03_191109/job_log_00740320.txt
HTAR: a   instcat_y03_191109/job_log_00740321.txt
HTAR: a   instcat_y03_191109/job_log_00740322.txt
HTAR: a   instcat_y03_191109/job_log_00740323.txt
HTAR: a   instcat_y03_191109/job_log_00740324.txt
HTAR: a   instcat_y03_191109/job_log_00740325.txt
HTAR: a   instcat_y03_191109/job_log_00740326.txt
HTAR: a   instcat_y03_191109/job_log_00740327.txt
HTAR: a   instcat_y03_191109/job_log_00740351.txt
HTAR: a   instcat_y03_191109/job_log_00740370.txt
HTAR: a   instcat_y03_191109/job_log_00740371.txt
HTAR: a   instcat_y03_191109/job_log_00741005.txt
HTAR: a   instcat_y03_191109/job_log_00741006.txt
HTAR: a   instcat_y03_191109/job_log_00741007.txt
HTAR: a   instcat_y03_191109/job_log_00741008.txt
HTAR: a   instcat_y03_191109/job_log_00741009.txt
HTAR: a   instcat_y03_191109/job_log_00741010.txt
HTAR: a   instcat_y03_191109/job_log_00741011.txt
HTAR: a   instcat_y03_191109/job_log_00741012.txt
HTAR: a   instcat_y03_191109/job_log_00741013.txt
HTAR: a   instcat_y03_191109/job_log_00741014.txt
HTAR: a   instcat_y03_191109/job_log_00741015.txt
HTAR: a   instcat_y03_191109/job_log_00741016.txt
HTAR: a   instcat_y03_191109/job_log_00741017.txt
HTAR: a   instcat_y03_191109/job_log_00741018.txt
HTAR: a   instcat_y03_191109/job_log_00741019.txt
HTAR: a   instcat_y03_191109/job_log_00741020.txt
HTAR: a   instcat_y03_191109/job_log_00741021.txt
HTAR: a   instcat_y03_191109/job_log_00741022.txt
HTAR: a   instcat_y03_191109/job_log_00741023.txt
HTAR: a   instcat_y03_191109/job_log_00741024.txt
HTAR: a   /tmp/HTAR_CF_CHK_56233_1575954493
HTAR Create complete for /home/projects/desc/DC2_ImSim/Run2.2i/instCat/y03_191109/00738261to00741024.tar. 477,805,303,808 bytes written for 212 member files, max threads: 50 Transfer time: 3530.383 seconds (135.341 MB/s) wallclock/user/sys: 3535.006 4317.338 1587.800 seconds
HTAR: HTAR SUCCESSFUL
